Simulation Polar syndrome FASTER N=512, K=257, l=128, pz=0.12, #samples=10000
RM construction
SCL #err deg : 74 / 100
SCL #err weighted degeneracy : 69 69 69 71 72 74 
degeneracy helps : 8 8 9 9 10 12 
degeneracy worse : 3 3 4 6 8 12 
SCL #err deg : 140 / 200
SCL #err weighted degeneracy : 136 136 135 136 138 144 
degeneracy helps : 14 14 16 17 18 26 
degeneracy worse : 10 10 11 13 16 30 
SCL #err deg : 212 / 300
SCL #err weighted degeneracy : 211 211 210 209 209 212 
degeneracy helps : 18 18 20 23 28 40 
degeneracy worse : 17 17 18 20 25 40 
SCL #err deg : 277 / 400
SCL #err weighted degeneracy : 278 278 276 278 280 281 
degeneracy helps : 21 21 23 26 33 49 
degeneracy worse : 22 22 22 27 36 53 
SCL #err deg : 347 / 500
SCL #err weighted degeneracy : 350 350 347 350 351 352 
degeneracy helps : 24 24 27 31 42 59 
degeneracy worse : 27 27 27 34 46 64 
SCL #err deg : 416 / 600
SCL #err weighted degeneracy : 415 415 413 417 417 420 
degeneracy helps : 30 30 32 37 49 69 
degeneracy worse : 29 29 29 38 50 73 
SCL #err deg : 472 / 700
SCL #err weighted degeneracy : 471 471 469 475 476 484 
degeneracy helps : 34 34 36 42 57 80 
degeneracy worse : 33 33 33 45 61 92 
SCL #err deg : 551 / 800
SCL #err weighted degeneracy : 551 551 549 556 556 560 
degeneracy helps : 37 37 39 48 65 93 
degeneracy worse : 37 37 37 53 70 102 
SCL #err deg : 625 / 900
SCL #err weighted degeneracy : 627 627 624 629 626 629 
degeneracy helps : 41 41 44 55 77 108 
degeneracy worse : 43 43 43 60 78 112 
SCL #err deg : 698 / 1000
SCL #err weighted degeneracy : 697 697 695 702 696 700 
degeneracy helps : 47 47 50 61 88 121 
degeneracy worse : 46 46 47 66 86 123 
SCL #err deg : 763 / 1100
SCL #err weighted degeneracy : 759 759 757 769 766 769 
degeneracy helps : 52 52 55 68 97 135 
degeneracy worse : 48 48 49 75 100 141 
SCL #err deg : 835 / 1200
SCL #err weighted degeneracy : 832 832 830 843 838 839 
degeneracy helps : 54 54 57 69 104 147 
degeneracy worse : 51 51 52 78 107 151 
SCL #err deg : 915 / 1300
SCL #err weighted degeneracy : 916 916 914 925 918 922 
degeneracy helps : 56 56 59 74 110 154 
degeneracy worse : 57 57 58 85 113 161 
SCL #err deg : 978 / 1400
SCL #err weighted degeneracy : 987 987 985 991 981 983 
degeneracy helps : 61 61 64 82 119 168 
degeneracy worse : 70 70 71 97 122 173 
SCL #err deg : 1048 / 1500
SCL #err weighted degeneracy : 1058 1058 1057 1063 1055 1057 
degeneracy helps : 63 63 66 86 125 178 
degeneracy worse : 73 73 75 103 132 187 
SCL #err deg : 1112 / 1600
SCL #err weighted degeneracy : 1123 1123 1123 1128 1124 1125 
degeneracy helps : 69 69 71 94 133 188 
degeneracy worse : 80 80 82 112 145 201 
SCL #err deg : 1182 / 1700
SCL #err weighted degeneracy : 1196 1196 1197 1203 1194 1193 
degeneracy helps : 74 74 75 98 143 202 
degeneracy worse : 88 88 90 121 155 213 
SCL #err deg : 1255 / 1800
SCL #err weighted degeneracy : 1264 1264 1265 1273 1267 1260 
degeneracy helps : 82 82 83 105 148 214 
degeneracy worse : 91 91 93 125 160 219 
SCL #err deg : 1324 / 1900
SCL #err weighted degeneracy : 1335 1335 1336 1345 1340 1335 
degeneracy helps : 88 88 89 112 157 224 
degeneracy worse : 99 99 101 135 173 235 
SCL #err deg : 1387 / 2000
SCL #err weighted degeneracy : 1396 1396 1397 1406 1407 1406 
degeneracy helps : 95 95 96 120 166 233 
degeneracy worse : 104 104 106 141 186 252 
SCL #err deg : 1453 / 2100
SCL #err weighted degeneracy : 1464 1464 1465 1474 1478 1473 
degeneracy helps : 98 98 99 123 170 241 
degeneracy worse : 109 109 111 146 195 261 
SCL #err deg : 1522 / 2200
SCL #err weighted degeneracy : 1534 1534 1535 1543 1548 1543 
degeneracy helps : 104 104 105 130 180 254 
degeneracy worse : 116 116 118 153 206 275 
SCL #err deg : 1593 / 2300
SCL #err weighted degeneracy : 1606 1606 1608 1614 1614 1611 
degeneracy helps : 110 110 111 138 191 268 
degeneracy worse : 123 123 126 161 212 286 
SCL #err deg : 1658 / 2400
SCL #err weighted degeneracy : 1675 1675 1679 1683 1686 1682 
degeneracy helps : 114 114 115 144 197 279 
degeneracy worse : 131 131 136 171 225 303 
SCL #err deg : 1726 / 2500
SCL #err weighted degeneracy : 1740 1740 1743 1749 1751 1751 
degeneracy helps : 119 119 121 150 206 289 
degeneracy worse : 133 133 138 175 231 314 
SCL #err deg : 1788 / 2600
SCL #err weighted degeneracy : 1805 1805 1808 1811 1821 1825 
degeneracy helps : 125 125 127 160 213 295 
degeneracy worse : 142 142 147 185 246 332 
SCL #err deg : 1844 / 2700
SCL #err weighted degeneracy : 1864 1864 1868 1870 1879 1890 
degeneracy helps : 132 132 134 167 222 303 
degeneracy worse : 152 152 158 195 257 349 
SCL #err deg : 1916 / 2800
SCL #err weighted degeneracy : 1933 1933 1937 1936 1946 1958 
degeneracy helps : 137 137 139 177 235 318 
degeneracy worse : 154 154 160 199 265 360 
SCL #err deg : 1983 / 2900
SCL #err weighted degeneracy : 2000 2000 2005 2004 2011 2023 
degeneracy helps : 140 140 142 181 245 329 
degeneracy worse : 157 157 164 204 273 369 
SCL #err deg : 2057 / 3000
SCL #err weighted degeneracy : 2071 2071 2076 2074 2080 2091 
degeneracy helps : 146 146 148 189 256 342 
degeneracy worse : 160 160 167 208 279 376 
SCL #err deg : 2131 / 3100
SCL #err weighted degeneracy : 2145 2145 2149 2138 2143 2150 
degeneracy helps : 151 151 154 202 273 364 
degeneracy worse : 165 165 172 211 285 383 
SCL #err deg : 2208 / 3200
SCL #err weighted degeneracy : 2221 2221 2226 2216 2219 2228 
degeneracy helps : 154 154 156 205 281 374 
degeneracy worse : 167 167 174 215 292 394 
SCL #err deg : 2284 / 3300
SCL #err weighted degeneracy : 2294 2294 2298 2288 2293 2303 
degeneracy helps : 160 160 163 212 289 384 
degeneracy worse : 170 170 177 218 298 403 
SCL #err deg : 2362 / 3400
SCL #err weighted degeneracy : 2370 2370 2373 2360 2362 2374 
degeneracy helps : 166 166 169 222 305 401 
degeneracy worse : 174 174 180 222 305 413 
SCL #err deg : 2429 / 3500
SCL #err weighted degeneracy : 2430 2430 2433 2421 2420 2432 
degeneracy helps : 176 176 179 232 321 419 
degeneracy worse : 177 177 183 226 312 422 
SCL #err deg : 2494 / 3600
SCL #err weighted degeneracy : 2494 2494 2498 2486 2487 2498 
degeneracy helps : 181 181 183 236 327 430 
degeneracy worse : 181 181 187 230 320 434 
SCL #err deg : 2561 / 3700
SCL #err weighted degeneracy : 2556 2556 2559 2546 2554 2565 
degeneracy helps : 191 191 194 249 337 444 
degeneracy worse : 186 186 192 236 330 448 
SCL #err deg : 2629 / 3800
SCL #err weighted degeneracy : 2623 2623 2626 2615 2630 2643 
degeneracy helps : 195 195 198 252 341 451 
degeneracy worse : 189 189 195 240 342 465 
SCL #err deg : 2695 / 3900
SCL #err weighted degeneracy : 2693 2693 2696 2686 2699 2715 
degeneracy helps : 198 198 201 255 350 462 
degeneracy worse : 196 196 202 248 354 482 
SCL #err deg : 2768 / 4000
SCL #err weighted degeneracy : 2761 2761 2764 2755 2766 2777 
degeneracy helps : 204 204 207 262 363 478 
degeneracy worse : 197 197 203 251 361 487 
SCL #err deg : 2844 / 4100
SCL #err weighted degeneracy : 2831 2831 2834 2823 2834 2843 
degeneracy helps : 213 213 216 276 377 495 
degeneracy worse : 200 200 206 257 367 494 
SCL #err deg : 2910 / 4200
SCL #err weighted degeneracy : 2896 2896 2899 2888 2899 2910 
degeneracy helps : 217 217 220 283 384 507 
degeneracy worse : 203 203 209 263 373 507 
SCL #err deg : 2974 / 4300
SCL #err weighted degeneracy : 2958 2958 2963 2959 2969 2986 
degeneracy helps : 224 224 226 287 389 513 
degeneracy worse : 208 208 215 274 384 525 
SCL #err deg : 3043 / 4400
SCL #err weighted degeneracy : 3028 3028 3034 3029 3039 3055 
degeneracy helps : 227 227 229 292 396 522 
degeneracy worse : 212 212 220 280 392 534 
SCL #err deg : 3107 / 4500
SCL #err weighted degeneracy : 3090 3090 3095 3083 3097 3118 
degeneracy helps : 235 235 238 309 413 538 
degeneracy worse : 218 218 226 287 403 549 
SCL #err deg : 3175 / 4600
SCL #err weighted degeneracy : 3160 3160 3164 3147 3159 3182 
degeneracy helps : 239 239 243 319 427 554 
degeneracy worse : 224 224 232 293 411 561 
SCL #err deg : 3252 / 4700
SCL #err weighted degeneracy : 3238 3238 3241 3225 3233 3253 
degeneracy helps : 245 245 250 326 438 569 
degeneracy worse : 231 231 239 302 419 570 
SCL #err deg : 3318 / 4800
SCL #err weighted degeneracy : 3300 3300 3303 3287 3296 3322 
degeneracy helps : 252 252 257 334 449 579 
degeneracy worse : 234 234 242 306 427 583 
SCL #err deg : 3390 / 4900
SCL #err weighted degeneracy : 3366 3366 3370 3356 3369 3394 
degeneracy helps : 261 261 266 343 458 591 
degeneracy worse : 237 237 246 312 437 595 
SCL #err deg : 3459 / 5000
SCL #err weighted degeneracy : 3437 3437 3441 3426 3443 3467 
degeneracy helps : 264 264 269 348 463 601 
degeneracy worse : 242 242 251 318 447 609 
SCL #err deg : 3537 / 5100
SCL #err weighted degeneracy : 3509 3509 3513 3499 3511 3542 
degeneracy helps : 273 273 278 358 479 617 
degeneracy worse : 245 245 254 323 453 622 
SCL #err deg : 3607 / 5200
SCL #err weighted degeneracy : 3579 3579 3583 3567 3578 3612 
degeneracy helps : 279 279 284 366 492 634 
degeneracy worse : 251 251 260 329 463 639 
SCL #err deg : 3675 / 5300
SCL #err weighted degeneracy : 3643 3643 3646 3630 3644 3682 
degeneracy helps : 287 287 292 375 503 646 
degeneracy worse : 255 255 263 333 472 653 
SCL #err deg : 3754 / 5400
SCL #err weighted degeneracy : 3721 3721 3724 3706 3720 3759 
degeneracy helps : 291 291 296 382 513 659 
degeneracy worse : 258 258 266 337 479 664 
SCL #err deg : 3830 / 5500
SCL #err weighted degeneracy : 3793 3793 3796 3776 3798 3834 
degeneracy helps : 296 296 301 389 520 670 
degeneracy worse : 259 259 267 338 488 674 
SCL #err deg : 3905 / 5600
SCL #err weighted degeneracy : 3865 3865 3868 3851 3872 3907 
degeneracy helps : 301 301 306 391 527 681 
degeneracy worse : 261 261 269 341 494 683 
SCL #err deg : 3977 / 5700
SCL #err weighted degeneracy : 3935 3935 3937 3914 3937 3975 
degeneracy helps : 307 307 313 403 540 697 
degeneracy worse : 265 265 273 344 500 695 
SCL #err deg : 4049 / 5800
SCL #err weighted degeneracy : 4006 4006 4008 3983 4003 4043 
degeneracy helps : 315 315 321 413 553 711 
degeneracy worse : 272 272 280 351 507 705 
SCL #err deg : 4119 / 5900
SCL #err weighted degeneracy : 4075 4075 4077 4052 4072 4113 
degeneracy helps : 320 320 326 421 563 724 
degeneracy worse : 276 276 284 358 516 718 
SCL #err deg : 4192 / 6000
SCL #err weighted degeneracy : 4146 4146 4148 4120 4140 4174 
degeneracy helps : 326 326 332 431 575 744 
degeneracy worse : 280 280 288 363 523 726 
SCL #err deg : 4253 / 6100
SCL #err weighted degeneracy : 4206 4206 4208 4176 4203 4237 
degeneracy helps : 332 332 338 441 585 757 
degeneracy worse : 285 285 293 368 535 741 
SCL #err deg : 4322 / 6200
SCL #err weighted degeneracy : 4275 4275 4277 4250 4280 4313 
degeneracy helps : 338 337 344 445 591 767 
degeneracy worse : 291 291 299 377 549 758 
SCL #err deg : 4388 / 6300
SCL #err weighted degeneracy : 4340 4340 4342 4319 4347 4380 
degeneracy helps : 346 345 352 450 599 778 
degeneracy worse : 298 298 306 385 558 770 
SCL #err deg : 4455 / 6400
SCL #err weighted degeneracy : 4407 4407 4408 4387 4416 4448 
degeneracy helps : 352 351 359 459 610 792 
degeneracy worse : 304 304 312 395 571 785 
SCL #err deg : 4517 / 6500
SCL #err weighted degeneracy : 4470 4470 4471 4448 4477 4512 
degeneracy helps : 356 355 363 465 617 799 
degeneracy worse : 309 309 317 400 577 794 
SCL #err deg : 4581 / 6600
SCL #err weighted degeneracy : 4531 4531 4532 4509 4535 4579 
degeneracy helps : 363 362 370 472 627 806 
degeneracy worse : 313 313 321 404 581 804 
SCL #err deg : 4647 / 6700
SCL #err weighted degeneracy : 4600 4600 4601 4576 4603 4650 
degeneracy helps : 368 367 375 479 635 815 
degeneracy worse : 321 321 329 412 591 818 
SCL #err deg : 4717 / 6800
SCL #err weighted degeneracy : 4674 4674 4674 4651 4673 4723 
degeneracy helps : 373 372 381 485 649 828 
degeneracy worse : 330 330 338 423 605 834 
SCL #err deg : 4779 / 6900
SCL #err weighted degeneracy : 4741 4741 4742 4716 4740 4791 
degeneracy helps : 378 377 385 494 658 839 
degeneracy worse : 340 340 348 435 619 851 
SCL #err deg : 4848 / 7000
SCL #err weighted degeneracy : 4806 4806 4806 4777 4804 4856 
degeneracy helps : 385 384 393 507 673 858 
degeneracy worse : 343 343 351 440 629 866 
SCL #err deg : 4923 / 7100
SCL #err weighted degeneracy : 4874 4874 4875 4841 4871 4922 
degeneracy helps : 395 394 402 520 687 877 
degeneracy worse : 346 346 354 442 635 876 
SCL #err deg : 4992 / 7200
SCL #err weighted degeneracy : 4942 4942 4943 4912 4939 4991 
degeneracy helps : 402 401 409 529 699 891 
degeneracy worse : 352 352 360 453 646 890 
SCL #err deg : 5065 / 7300
SCL #err weighted degeneracy : 5022 5022 5023 4990 5017 5064 
degeneracy helps : 406 405 413 536 708 904 
degeneracy worse : 363 363 371 465 660 903 
SCL #err deg : 5138 / 7400
SCL #err weighted degeneracy : 5088 5088 5089 5059 5079 5134 
degeneracy helps : 415 414 422 544 723 917 
degeneracy worse : 365 365 373 469 664 913 
SCL #err deg : 5208 / 7500
SCL #err weighted degeneracy : 5160 5160 5161 5129 5148 5204 
degeneracy helps : 418 417 425 550 731 929 
degeneracy worse : 370 370 378 475 671 925 
SCL #err deg : 5279 / 7600
SCL #err weighted degeneracy : 5237 5237 5237 5205 5221 5274 
degeneracy helps : 420 419 428 553 738 943 
degeneracy worse : 378 378 386 483 680 938 
SCL #err deg : 5347 / 7700
SCL #err weighted degeneracy : 5304 5304 5304 5274 5290 5343 
degeneracy helps : 424 423 432 560 749 954 
degeneracy worse : 381 381 389 491 692 950 
SCL #err deg : 5419 / 7800
SCL #err weighted degeneracy : 5377 5377 5377 5349 5367 5420 
degeneracy helps : 428 427 436 564 756 963 
degeneracy worse : 386 386 394 498 704 964 
SCL #err deg : 5488 / 7900
SCL #err weighted degeneracy : 5438 5438 5439 5414 5433 5487 
degeneracy helps : 438 437 446 572 765 979 
degeneracy worse : 388 388 397 502 710 978 
SCL #err deg : 5560 / 8000
SCL #err weighted degeneracy : 5514 5514 5514 5490 5511 5568 
degeneracy helps : 440 439 449 577 772 986 
degeneracy worse : 394 394 403 511 723 994 
SCL #err deg : 5624 / 8100
SCL #err weighted degeneracy : 5577 5577 5577 5553 5578 5632 
degeneracy helps : 446 445 455 583 780 1000 
degeneracy worse : 399 399 408 516 734 1008 
SCL #err deg : 5691 / 8200
SCL #err weighted degeneracy : 5644 5644 5645 5617 5641 5694 
degeneracy helps : 452 451 461 594 793 1015 
degeneracy worse : 405 405 415 524 743 1018 
SCL #err deg : 5763 / 8300
SCL #err weighted degeneracy : 5721 5721 5722 5691 5711 5759 
degeneracy helps : 455 454 464 600 803 1031 
degeneracy worse : 413 413 423 532 751 1027 
SCL #err deg : 5835 / 8400
SCL #err weighted degeneracy : 5790 5790 5791 5760 5779 5824 
degeneracy helps : 461 460 470 607 815 1045 
degeneracy worse : 416 416 426 536 759 1034 
SCL #err deg : 5910 / 8500
SCL #err weighted degeneracy : 5867 5867 5868 5835 5853 5899 
degeneracy helps : 462 461 471 612 824 1055 
degeneracy worse : 419 419 429 541 767 1044 
SCL #err deg : 5980 / 8600
SCL #err weighted degeneracy : 5936 5936 5937 5904 5921 5966 
degeneracy helps : 465 464 474 616 831 1064 
degeneracy worse : 421 421 431 544 772 1050 
SCL #err deg : 6052 / 8700
SCL #err weighted degeneracy : 6004 6004 6005 5971 5990 6039 
degeneracy helps : 471 470 480 622 839 1072 
degeneracy worse : 423 423 433 545 777 1059 
SCL #err deg : 6120 / 8800
SCL #err weighted degeneracy : 6071 6071 6072 6038 6056 6110 
degeneracy helps : 482 481 491 633 852 1086 
degeneracy worse : 433 433 443 555 788 1076 
SCL #err deg : 6189 / 8900
SCL #err weighted degeneracy : 6139 6139 6141 6108 6127 6184 
degeneracy helps : 489 488 497 640 861 1095 
degeneracy worse : 439 439 449 563 799 1090 
SCL #err deg : 6257 / 9000
SCL #err weighted degeneracy : 6208 6208 6210 6173 6195 6253 
degeneracy helps : 494 493 502 650 871 1109 
degeneracy worse : 445 445 455 570 809 1105 
SCL #err deg : 6329 / 9100
SCL #err weighted degeneracy : 6279 6279 6282 6246 6272 6330 
degeneracy helps : 503 502 510 659 880 1119 
degeneracy worse : 453 453 463 580 823 1120 
SCL #err deg : 6401 / 9200
SCL #err weighted degeneracy : 6348 6348 6350 6314 6342 6404 
degeneracy helps : 510 509 518 667 891 1133 
degeneracy worse : 457 457 467 584 832 1136 
SCL #err deg : 6473 / 9300
SCL #err weighted degeneracy : 6413 6413 6415 6384 6408 6474 
degeneracy helps : 520 519 528 676 906 1145 
degeneracy worse : 460 460 470 591 841 1146 
SCL #err deg : 6547 / 9400
SCL #err weighted degeneracy : 6489 6489 6491 6456 6479 6547 
degeneracy helps : 525 524 533 686 919 1158 
degeneracy worse : 467 467 477 599 851 1158 
SCL #err deg : 6615 / 9500
SCL #err weighted degeneracy : 6560 6560 6562 6528 6544 6611 
degeneracy helps : 532 531 540 693 931 1173 
degeneracy worse : 477 477 487 610 860 1169 
SCL #err deg : 6692 / 9600
SCL #err weighted degeneracy : 6635 6635 6636 6599 6617 6680 
degeneracy helps : 540 539 548 706 944 1191 
degeneracy worse : 483 483 492 617 869 1179 
SCL #err deg : 6762 / 9700
SCL #err weighted degeneracy : 6702 6702 6703 6666 6682 6741 
degeneracy helps : 546 545 554 713 954 1208 
degeneracy worse : 486 486 495 621 874 1187 
SCL #err deg : 6827 / 9800
SCL #err weighted degeneracy : 6765 6765 6765 6732 6754 6809 
degeneracy helps : 550 549 559 719 959 1217 
degeneracy worse : 488 488 497 628 886 1199 
SCL #err deg : 6898 / 9900
SCL #err weighted degeneracy : 6837 6837 6837 6804 6824 6879 
degeneracy helps : 555 554 564 728 971 1232 
degeneracy worse : 494 494 503 638 897 1213 
SCL #err deg : 6969 / 10000
SCL #err weighted degeneracy : 6907 6907 6906 6874 6894 6944 
degeneracy helps : 563 562 573 740 985 1251 
degeneracy worse : 501 501 510 649 910 1226 
average #flips: 61.4294
SCL #err considering degeneracy: 6969
error due to equal 817
error due to SCL smaller 2811
Finish in 5924 s
