Simulation Polar syndrome FASTER N=512, K=257, l=128, pz=0.07, #samples=10000
RM construction
SCL #err deg : 11 / 100
SCL #err weighted degeneracy : 10 10 10 8 8 8 
degeneracy helps : 1 1 1 3 3 3 
degeneracy worse : 0 0 0 0 0 0 
SCL #err deg : 15 / 200
SCL #err weighted degeneracy : 14 14 14 12 12 13 
degeneracy helps : 1 1 1 3 3 3 
degeneracy worse : 0 0 0 0 0 1 
SCL #err deg : 20 / 300
SCL #err weighted degeneracy : 19 19 19 16 16 18 
degeneracy helps : 1 1 1 4 4 4 
degeneracy worse : 0 0 0 0 0 2 
SCL #err deg : 30 / 400
SCL #err weighted degeneracy : 29 29 29 26 26 29 
degeneracy helps : 1 1 1 4 5 5 
degeneracy worse : 0 0 0 0 1 4 
SCL #err deg : 37 / 500
SCL #err weighted degeneracy : 35 35 35 32 32 35 
degeneracy helps : 2 2 2 5 6 6 
degeneracy worse : 0 0 0 0 1 4 
SCL #err deg : 46 / 600
SCL #err weighted degeneracy : 44 44 44 41 42 47 
degeneracy helps : 3 3 3 6 7 7 
degeneracy worse : 1 1 1 1 3 8 
SCL #err deg : 57 / 700
SCL #err weighted degeneracy : 55 55 55 52 51 58 
degeneracy helps : 4 4 4 7 10 8 
degeneracy worse : 2 2 2 2 4 9 
SCL #err deg : 68 / 800
SCL #err weighted degeneracy : 66 66 66 62 62 69 
degeneracy helps : 4 4 4 8 12 10 
degeneracy worse : 2 2 2 2 6 11 
SCL #err deg : 76 / 900
SCL #err weighted degeneracy : 72 72 72 68 68 76 
degeneracy helps : 5 6 6 10 14 11 
degeneracy worse : 2 2 2 2 6 11 
SCL #err deg : 91 / 1000
SCL #err weighted degeneracy : 84 84 84 80 81 89 
degeneracy helps : 8 9 9 13 17 14 
degeneracy worse : 2 2 2 2 7 12 
SCL #err deg : 100 / 1100
SCL #err weighted degeneracy : 93 93 92 89 91 99 
degeneracy helps : 8 10 10 13 18 15 
degeneracy worse : 3 3 2 2 9 14 
SCL #err deg : 108 / 1200
SCL #err weighted degeneracy : 99 99 98 94 96 104 
degeneracy helps : 10 12 13 16 21 18 
degeneracy worse : 4 4 3 2 9 14 
SCL #err deg : 115 / 1300
SCL #err weighted degeneracy : 106 106 105 101 102 111 
degeneracy helps : 10 12 13 16 22 19 
degeneracy worse : 4 4 3 2 9 15 
SCL #err deg : 118 / 1400
SCL #err weighted degeneracy : 111 111 110 106 107 116 
degeneracy helps : 10 12 13 16 22 19 
degeneracy worse : 6 6 5 4 11 17 
SCL #err deg : 124 / 1500
SCL #err weighted degeneracy : 117 117 116 112 113 123 
degeneracy helps : 10 12 13 16 22 19 
degeneracy worse : 6 6 5 4 11 18 
SCL #err deg : 130 / 1600
SCL #err weighted degeneracy : 122 122 121 117 118 130 
degeneracy helps : 11 13 14 17 23 20 
degeneracy worse : 6 6 5 4 11 20 
SCL #err deg : 144 / 1700
SCL #err weighted degeneracy : 136 136 135 130 131 144 
degeneracy helps : 11 13 14 18 24 22 
degeneracy worse : 6 6 5 4 11 22 
SCL #err deg : 147 / 1800
SCL #err weighted degeneracy : 139 139 138 133 135 148 
degeneracy helps : 11 13 14 18 24 22 
degeneracy worse : 6 6 5 4 12 23 
SCL #err deg : 155 / 1900
SCL #err weighted degeneracy : 147 147 146 140 143 157 
degeneracy helps : 11 13 14 19 25 23 
degeneracy worse : 6 6 5 4 13 25 
SCL #err deg : 161 / 2000
SCL #err weighted degeneracy : 152 152 151 145 147 162 
degeneracy helps : 11 13 15 20 27 25 
degeneracy worse : 6 6 5 4 13 26 
SCL #err deg : 170 / 2100
SCL #err weighted degeneracy : 159 159 158 152 154 171 
degeneracy helps : 13 15 17 22 29 26 
degeneracy worse : 6 6 5 4 13 27 
SCL #err deg : 177 / 2200
SCL #err weighted degeneracy : 164 164 163 156 158 176 
degeneracy helps : 15 17 19 25 32 28 
degeneracy worse : 6 6 5 4 13 27 
SCL #err deg : 183 / 2300
SCL #err weighted degeneracy : 169 169 168 161 162 180 
degeneracy helps : 16 18 20 26 34 30 
degeneracy worse : 6 6 5 4 13 27 
SCL #err deg : 194 / 2400
SCL #err weighted degeneracy : 180 180 179 172 173 190 
degeneracy helps : 16 18 20 26 36 33 
degeneracy worse : 6 6 5 4 15 29 
SCL #err deg : 199 / 2500
SCL #err weighted degeneracy : 187 187 186 179 179 197 
degeneracy helps : 16 18 20 26 36 33 
degeneracy worse : 8 8 7 6 16 31 
SCL #err deg : 205 / 2600
SCL #err weighted degeneracy : 193 193 192 185 185 203 
degeneracy helps : 16 18 20 26 36 33 
degeneracy worse : 8 8 7 6 16 31 
SCL #err deg : 210 / 2700
SCL #err weighted degeneracy : 199 199 198 190 190 209 
degeneracy helps : 16 18 20 27 36 33 
degeneracy worse : 9 9 8 7 16 32 
SCL #err deg : 218 / 2800
SCL #err weighted degeneracy : 206 206 205 197 196 216 
degeneracy helps : 17 19 21 28 38 34 
degeneracy worse : 9 9 8 7 16 32 
SCL #err deg : 224 / 2900
SCL #err weighted degeneracy : 213 213 212 204 203 224 
degeneracy helps : 17 19 21 28 38 34 
degeneracy worse : 10 10 9 8 17 34 
SCL #err deg : 232 / 3000
SCL #err weighted degeneracy : 220 220 219 210 210 232 
degeneracy helps : 18 20 22 30 40 35 
degeneracy worse : 10 10 9 8 18 35 
SCL #err deg : 240 / 3100
SCL #err weighted degeneracy : 227 227 226 217 214 239 
degeneracy helps : 18 21 23 31 44 37 
degeneracy worse : 10 10 9 8 18 36 
SCL #err deg : 244 / 3200
SCL #err weighted degeneracy : 231 231 230 220 217 242 
degeneracy helps : 18 21 23 32 45 38 
degeneracy worse : 10 10 9 8 18 36 
SCL #err deg : 248 / 3300
SCL #err weighted degeneracy : 235 235 234 224 222 248 
degeneracy helps : 18 21 23 32 45 38 
degeneracy worse : 10 10 9 8 19 38 
SCL #err deg : 258 / 3400
SCL #err weighted degeneracy : 246 246 245 235 233 259 
degeneracy helps : 18 21 23 32 45 38 
degeneracy worse : 11 11 10 9 20 39 
SCL #err deg : 265 / 3500
SCL #err weighted degeneracy : 253 253 252 242 240 266 
degeneracy helps : 18 22 24 33 46 39 
degeneracy worse : 12 12 11 10 21 40 
SCL #err deg : 271 / 3600
SCL #err weighted degeneracy : 259 259 258 248 246 273 
degeneracy helps : 18 22 24 33 46 39 
degeneracy worse : 12 12 11 10 21 41 
SCL #err deg : 281 / 3700
SCL #err weighted degeneracy : 268 268 267 257 255 282 
degeneracy helps : 19 23 25 34 49 42 
degeneracy worse : 12 12 11 10 23 43 
SCL #err deg : 287 / 3800
SCL #err weighted degeneracy : 274 274 273 262 258 285 
degeneracy helps : 20 24 26 36 52 45 
degeneracy worse : 13 13 12 11 23 43 
SCL #err deg : 292 / 3900
SCL #err weighted degeneracy : 280 280 280 269 265 293 
degeneracy helps : 20 24 26 36 52 45 
degeneracy worse : 14 14 14 13 25 46 
SCL #err deg : 295 / 4000
SCL #err weighted degeneracy : 283 283 283 272 267 297 
degeneracy helps : 20 24 26 36 53 46 
degeneracy worse : 14 14 14 13 25 48 
SCL #err deg : 300 / 4100
SCL #err weighted degeneracy : 289 289 289 278 272 302 
degeneracy helps : 20 24 26 36 54 47 
degeneracy worse : 15 15 15 14 26 49 
SCL #err deg : 305 / 4200
SCL #err weighted degeneracy : 294 294 294 283 277 308 
degeneracy helps : 20 24 26 36 54 47 
degeneracy worse : 15 15 15 14 26 50 
SCL #err deg : 310 / 4300
SCL #err weighted degeneracy : 299 299 299 287 281 311 
degeneracy helps : 20 24 26 37 55 49 
degeneracy worse : 15 15 15 14 26 50 
SCL #err deg : 317 / 4400
SCL #err weighted degeneracy : 306 306 306 293 287 318 
degeneracy helps : 20 24 26 38 56 50 
degeneracy worse : 15 15 15 14 26 51 
SCL #err deg : 322 / 4500
SCL #err weighted degeneracy : 311 311 311 298 293 326 
degeneracy helps : 21 25 27 39 56 50 
degeneracy worse : 16 16 16 15 27 54 
SCL #err deg : 331 / 4600
SCL #err weighted degeneracy : 322 322 322 309 303 335 
degeneracy helps : 22 26 28 40 58 52 
degeneracy worse : 19 19 19 18 30 56 
SCL #err deg : 338 / 4700
SCL #err weighted degeneracy : 328 328 328 315 309 341 
degeneracy helps : 23 27 29 41 59 53 
degeneracy worse : 19 19 19 18 30 56 
SCL #err deg : 344 / 4800
SCL #err weighted degeneracy : 334 334 333 320 314 346 
degeneracy helps : 23 27 30 42 60 54 
degeneracy worse : 19 19 19 18 30 56 
SCL #err deg : 355 / 4900
SCL #err weighted degeneracy : 344 344 343 329 324 356 
degeneracy helps : 24 28 31 44 62 56 
degeneracy worse : 19 19 19 18 31 57 
SCL #err deg : 365 / 5000
SCL #err weighted degeneracy : 355 355 354 338 333 364 
degeneracy helps : 24 28 31 45 63 58 
degeneracy worse : 20 20 20 18 31 57 
SCL #err deg : 375 / 5100
SCL #err weighted degeneracy : 363 363 361 345 339 370 
degeneracy helps : 26 30 34 48 67 62 
degeneracy worse : 20 20 20 18 31 57 
SCL #err deg : 384 / 5200
SCL #err weighted degeneracy : 372 372 370 353 348 381 
degeneracy helps : 26 30 34 49 68 63 
degeneracy worse : 20 20 20 18 32 60 
SCL #err deg : 389 / 5300
SCL #err weighted degeneracy : 375 375 373 356 353 386 
degeneracy helps : 28 32 36 51 69 64 
degeneracy worse : 20 20 20 18 33 61 
SCL #err deg : 398 / 5400
SCL #err weighted degeneracy : 384 384 382 365 362 396 
degeneracy helps : 28 32 36 51 69 64 
degeneracy worse : 20 20 20 18 33 62 
SCL #err deg : 403 / 5500
SCL #err weighted degeneracy : 390 390 388 371 367 401 
degeneracy helps : 28 32 36 51 70 65 
degeneracy worse : 21 21 21 19 34 63 
SCL #err deg : 408 / 5600
SCL #err weighted degeneracy : 396 396 394 377 373 409 
degeneracy helps : 28 32 36 51 70 65 
degeneracy worse : 22 22 22 20 35 66 
SCL #err deg : 414 / 5700
SCL #err weighted degeneracy : 401 401 399 382 378 414 
degeneracy helps : 29 33 37 52 71 67 
degeneracy worse : 22 22 22 20 35 67 
SCL #err deg : 421 / 5800
SCL #err weighted degeneracy : 405 405 403 386 383 419 
degeneracy helps : 32 36 40 55 73 69 
degeneracy worse : 22 22 22 20 35 67 
SCL #err deg : 426 / 5900
SCL #err weighted degeneracy : 409 409 407 390 387 424 
degeneracy helps : 33 37 41 56 74 69 
degeneracy worse : 22 22 22 20 35 67 
SCL #err deg : 432 / 6000
SCL #err weighted degeneracy : 414 414 412 395 392 429 
degeneracy helps : 34 38 42 57 76 71 
degeneracy worse : 22 22 22 20 36 68 
SCL #err deg : 440 / 6100
SCL #err weighted degeneracy : 419 419 417 400 398 435 
degeneracy helps : 36 40 45 60 78 73 
degeneracy worse : 22 22 22 20 36 68 
SCL #err deg : 450 / 6200
SCL #err weighted degeneracy : 429 429 427 409 406 444 
degeneracy helps : 37 41 46 62 81 76 
degeneracy worse : 23 23 23 21 37 70 
SCL #err deg : 454 / 6300
SCL #err weighted degeneracy : 433 433 431 413 410 448 
degeneracy helps : 37 41 46 62 81 76 
degeneracy worse : 23 23 23 21 37 70 
SCL #err deg : 459 / 6400
SCL #err weighted degeneracy : 437 437 435 417 415 453 
degeneracy helps : 37 41 47 63 82 77 
degeneracy worse : 23 23 23 21 38 71 
SCL #err deg : 466 / 6500
SCL #err weighted degeneracy : 444 444 442 424 423 464 
degeneracy helps : 37 41 47 63 82 77 
degeneracy worse : 23 23 23 21 39 75 
SCL #err deg : 470 / 6600
SCL #err weighted degeneracy : 448 448 446 428 426 468 
degeneracy helps : 37 41 47 63 83 78 
degeneracy worse : 23 23 23 21 39 76 
SCL #err deg : 478 / 6700
SCL #err weighted degeneracy : 456 456 454 436 432 475 
degeneracy helps : 37 41 47 63 85 80 
degeneracy worse : 23 23 23 21 39 77 
SCL #err deg : 485 / 6800
SCL #err weighted degeneracy : 462 462 460 441 437 480 
degeneracy helps : 38 42 48 65 87 82 
degeneracy worse : 23 23 23 21 39 77 
SCL #err deg : 492 / 6900
SCL #err weighted degeneracy : 469 469 467 448 445 488 
degeneracy helps : 38 42 48 65 87 82 
degeneracy worse : 23 23 23 21 40 78 
SCL #err deg : 499 / 7000
SCL #err weighted degeneracy : 476 476 474 454 451 494 
degeneracy helps : 38 42 48 66 88 83 
degeneracy worse : 23 23 23 21 40 78 
SCL #err deg : 505 / 7100
SCL #err weighted degeneracy : 482 482 480 460 457 499 
degeneracy helps : 38 42 48 66 89 85 
degeneracy worse : 23 23 23 21 41 79 
SCL #err deg : 512 / 7200
SCL #err weighted degeneracy : 488 488 486 467 465 507 
degeneracy helps : 39 43 50 67 90 86 
degeneracy worse : 24 24 24 22 43 81 
SCL #err deg : 521 / 7300
SCL #err weighted degeneracy : 496 496 494 475 473 515 
degeneracy helps : 40 44 51 68 91 87 
degeneracy worse : 24 24 24 22 43 81 
SCL #err deg : 527 / 7400
SCL #err weighted degeneracy : 502 502 500 481 478 520 
degeneracy helps : 40 44 51 68 92 88 
degeneracy worse : 24 24 24 22 43 81 
SCL #err deg : 533 / 7500
SCL #err weighted degeneracy : 508 508 506 487 484 527 
degeneracy helps : 40 44 51 68 93 89 
degeneracy worse : 24 24 24 22 44 83 
SCL #err deg : 541 / 7600
SCL #err weighted degeneracy : 516 516 514 495 490 534 
degeneracy helps : 41 45 52 69 96 92 
degeneracy worse : 25 25 25 23 45 85 
SCL #err deg : 549 / 7700
SCL #err weighted degeneracy : 524 524 522 503 497 540 
degeneracy helps : 41 45 53 70 97 94 
degeneracy worse : 26 26 26 24 45 85 
SCL #err deg : 560 / 7800
SCL #err weighted degeneracy : 533 533 531 512 506 549 
degeneracy helps : 43 47 55 72 99 96 
degeneracy worse : 26 26 26 24 45 85 
SCL #err deg : 566 / 7900
SCL #err weighted degeneracy : 539 539 537 519 513 556 
degeneracy helps : 43 47 55 72 99 96 
degeneracy worse : 26 26 26 25 46 86 
SCL #err deg : 574 / 8000
SCL #err weighted degeneracy : 545 545 543 525 519 563 
degeneracy helps : 44 48 57 74 101 97 
degeneracy worse : 26 26 26 25 46 86 
SCL #err deg : 582 / 8100
SCL #err weighted degeneracy : 553 553 551 533 528 573 
degeneracy helps : 44 48 57 74 101 97 
degeneracy worse : 26 26 26 25 47 88 
SCL #err deg : 590 / 8200
SCL #err weighted degeneracy : 560 560 558 540 533 581 
degeneracy helps : 44 48 58 75 104 99 
degeneracy worse : 26 26 26 25 47 90 
SCL #err deg : 596 / 8300
SCL #err weighted degeneracy : 565 565 563 545 538 587 
degeneracy helps : 45 49 59 76 105 100 
degeneracy worse : 26 26 26 25 47 91 
SCL #err deg : 605 / 8400
SCL #err weighted degeneracy : 574 574 572 554 545 595 
degeneracy helps : 45 49 59 76 107 102 
degeneracy worse : 26 26 26 25 47 92 
SCL #err deg : 612 / 8500
SCL #err weighted degeneracy : 581 581 579 561 551 602 
degeneracy helps : 45 49 59 76 108 103 
degeneracy worse : 26 26 26 25 47 93 
SCL #err deg : 621 / 8600
SCL #err weighted degeneracy : 590 590 588 571 561 611 
degeneracy helps : 45 49 59 76 108 104 
degeneracy worse : 26 26 26 26 48 94 
SCL #err deg : 628 / 8700
SCL #err weighted degeneracy : 598 598 596 580 569 618 
degeneracy helps : 45 49 59 76 109 105 
degeneracy worse : 27 27 27 28 50 95 
SCL #err deg : 639 / 8800
SCL #err weighted degeneracy : 609 609 607 592 581 630 
degeneracy helps : 46 50 60 77 110 106 
degeneracy worse : 28 28 28 30 52 97 
SCL #err deg : 646 / 8900
SCL #err weighted degeneracy : 617 617 615 600 588 638 
degeneracy helps : 46 50 60 77 111 107 
degeneracy worse : 29 29 29 31 53 99 
SCL #err deg : 657 / 9000
SCL #err weighted degeneracy : 626 626 624 609 595 643 
degeneracy helps : 48 52 62 79 115 113 
degeneracy worse : 29 29 29 31 53 99 
SCL #err deg : 666 / 9100
SCL #err weighted degeneracy : 633 633 631 618 602 650 
degeneracy helps : 50 54 64 79 117 115 
degeneracy worse : 29 29 29 31 53 99 
SCL #err deg : 673 / 9200
SCL #err weighted degeneracy : 642 642 640 627 609 657 
degeneracy helps : 50 54 64 79 118 117 
degeneracy worse : 31 31 31 33 54 101 
SCL #err deg : 680 / 9300
SCL #err weighted degeneracy : 649 649 647 634 616 664 
degeneracy helps : 50 54 64 79 118 117 
degeneracy worse : 31 31 31 33 54 101 
SCL #err deg : 686 / 9400
SCL #err weighted degeneracy : 655 655 653 639 621 670 
degeneracy helps : 50 54 64 80 119 118 
degeneracy worse : 31 31 31 33 54 102 
SCL #err deg : 696 / 9500
SCL #err weighted degeneracy : 665 665 663 647 629 679 
degeneracy helps : 51 55 65 83 122 121 
degeneracy worse : 32 32 32 34 55 104 
SCL #err deg : 701 / 9600
SCL #err weighted degeneracy : 670 670 668 652 635 687 
degeneracy helps : 51 55 65 83 122 121 
degeneracy worse : 32 32 32 34 56 107 
SCL #err deg : 707 / 9700
SCL #err weighted degeneracy : 676 676 674 658 641 692 
degeneracy helps : 51 55 65 83 122 122 
degeneracy worse : 32 32 32 34 56 107 
SCL #err deg : 711 / 9800
SCL #err weighted degeneracy : 680 680 678 662 645 698 
degeneracy helps : 51 55 65 83 122 122 
degeneracy worse : 32 32 32 34 56 109 
SCL #err deg : 721 / 9900
SCL #err weighted degeneracy : 689 689 687 670 653 706 
degeneracy helps : 52 56 66 85 124 125 
degeneracy worse : 32 32 32 34 56 110 
SCL #err deg : 729 / 10000
SCL #err weighted degeneracy : 697 697 695 678 661 714 
degeneracy helps : 52 56 66 85 124 125 
degeneracy worse : 32 32 32 34 56 110 
average #flips: 35.8794
SCL #err considering degeneracy: 729
error due to equal 3
error due to SCL smaller 1
Finish in 5088 s
