Simulation Polar syndrome FASTER N=256, K=129, l=128, pz=0.102, #samples=10000, seed=87
PW construction
Event generator random seed: 87
SCL #err deg : 26 / 100
SCL #err weighted degeneracy : 31 31 31 32 32 33 
degeneracy helps : 5 5 5 7 8 8 
degeneracy worse : 10 10 10 13 14 15 
SCL #err deg : 58 / 200
SCL #err weighted degeneracy : 56 56 58 59 61 62 
degeneracy helps : 14 14 13 16 18 19 
degeneracy worse : 12 12 13 17 21 23 
SCL #err deg : 88 / 300
SCL #err weighted degeneracy : 86 86 85 88 94 97 
degeneracy helps : 22 22 24 28 30 30 
degeneracy worse : 20 20 21 28 36 39 
SCL #err deg : 112 / 400
SCL #err weighted degeneracy : 111 111 110 116 121 123 
degeneracy helps : 26 26 30 34 36 37 
degeneracy worse : 25 25 28 38 45 48 
SCL #err deg : 144 / 500
SCL #err weighted degeneracy : 140 140 140 150 154 155 
degeneracy helps : 36 36 40 43 47 49 
degeneracy worse : 32 32 36 49 57 60 
SCL #err deg : 179 / 600
SCL #err weighted degeneracy : 172 172 172 183 189 189 
degeneracy helps : 40 40 47 51 55 57 
degeneracy worse : 33 33 40 55 65 67 
SCL #err deg : 201 / 700
SCL #err weighted degeneracy : 187 187 188 199 205 209 
degeneracy helps : 50 50 58 62 67 68 
degeneracy worse : 36 36 45 60 71 76 
SCL #err deg : 222 / 800
SCL #err weighted degeneracy : 207 207 211 225 235 238 
degeneracy helps : 58 58 66 70 73 75 
degeneracy worse : 43 43 55 73 86 91 
SCL #err deg : 247 / 900
SCL #err weighted degeneracy : 224 224 230 244 254 258 
degeneracy helps : 67 67 74 78 83 85 
degeneracy worse : 44 44 57 75 90 96 
SCL #err deg : 275 / 1000
SCL #err weighted degeneracy : 250 250 256 268 279 284 
degeneracy helps : 74 74 81 86 91 92 
degeneracy worse : 49 49 62 79 95 101 
SCL #err deg : 299 / 1100
SCL #err weighted degeneracy : 276 276 282 299 309 316 
degeneracy helps : 82 82 89 94 100 100 
degeneracy worse : 59 59 72 94 110 117 
SCL #err deg : 325 / 1200
SCL #err weighted degeneracy : 296 296 301 322 335 343 
degeneracy helps : 91 91 98 103 108 108 
degeneracy worse : 62 62 74 100 118 126 
SCL #err deg : 346 / 1300
SCL #err weighted degeneracy : 320 320 325 347 361 369 
degeneracy helps : 99 99 106 111 117 118 
degeneracy worse : 73 73 85 112 132 141 
SCL #err deg : 371 / 1400
SCL #err weighted degeneracy : 344 344 349 373 387 396 
degeneracy helps : 103 103 111 117 124 125 
degeneracy worse : 76 76 89 119 140 150 
SCL #err deg : 392 / 1500
SCL #err weighted degeneracy : 364 364 369 393 409 419 
degeneracy helps : 109 109 118 124 130 131 
degeneracy worse : 81 81 95 125 147 158 
SCL #err deg : 410 / 1600
SCL #err weighted degeneracy : 383 383 389 414 429 438 
degeneracy helps : 114 114 124 130 136 138 
degeneracy worse : 87 87 103 134 155 166 
SCL #err deg : 430 / 1700
SCL #err weighted degeneracy : 405 405 411 438 453 464 
degeneracy helps : 118 118 129 134 140 142 
degeneracy worse : 93 93 110 142 163 176 
SCL #err deg : 458 / 1800
SCL #err weighted degeneracy : 425 425 432 461 480 493 
degeneracy helps : 127 127 138 144 148 149 
degeneracy worse : 94 94 112 147 170 184 
SCL #err deg : 489 / 1900
SCL #err weighted degeneracy : 457 457 464 489 510 526 
degeneracy helps : 131 131 144 154 159 160 
degeneracy worse : 99 99 119 154 180 197 
SCL #err deg : 520 / 2000
SCL #err weighted degeneracy : 476 476 486 511 531 548 
degeneracy helps : 148 148 159 170 175 176 
degeneracy worse : 104 104 125 161 186 204 
SCL #err deg : 542 / 2100
SCL #err weighted degeneracy : 494 494 507 532 554 572 
degeneracy helps : 156 156 166 177 182 184 
degeneracy worse : 108 108 131 167 194 214 
SCL #err deg : 566 / 2200
SCL #err weighted degeneracy : 521 521 533 561 582 600 
degeneracy helps : 160 160 170 182 187 189 
degeneracy worse : 115 115 137 177 203 223 
SCL #err deg : 588 / 2300
SCL #err weighted degeneracy : 540 540 553 578 600 617 
degeneracy helps : 167 167 177 191 197 200 
degeneracy worse : 119 119 142 181 209 229 
SCL #err deg : 608 / 2400
SCL #err weighted degeneracy : 558 558 573 598 621 638 
degeneracy helps : 173 173 182 197 203 206 
degeneracy worse : 123 123 147 187 216 236 
SCL #err deg : 627 / 2500
SCL #err weighted degeneracy : 577 577 590 615 638 662 
degeneracy helps : 179 179 189 205 211 211 
degeneracy worse : 129 129 152 193 222 246 
SCL #err deg : 655 / 2600
SCL #err weighted degeneracy : 599 599 612 636 660 684 
degeneracy helps : 190 190 201 218 222 222 
degeneracy worse : 134 134 158 199 227 251 
SCL #err deg : 676 / 2700
SCL #err weighted degeneracy : 618 618 632 656 682 704 
degeneracy helps : 196 196 208 227 231 232 
degeneracy worse : 138 138 164 207 237 260 
SCL #err deg : 696 / 2800
SCL #err weighted degeneracy : 636 636 649 674 700 721 
degeneracy helps : 202 202 215 234 239 242 
degeneracy worse : 142 142 168 212 243 267 
SCL #err deg : 729 / 2900
SCL #err weighted degeneracy : 665 665 675 701 726 747 
degeneracy helps : 212 212 228 247 252 254 
degeneracy worse : 148 148 174 219 249 272 
SCL #err deg : 761 / 3000
SCL #err weighted degeneracy : 687 687 696 723 748 771 
degeneracy helps : 226 226 243 261 267 268 
degeneracy worse : 152 152 178 223 254 278 
SCL #err deg : 780 / 3100
SCL #err weighted degeneracy : 709 709 719 745 771 793 
degeneracy helps : 230 230 246 263 269 272 
degeneracy worse : 159 159 185 228 260 285 
SCL #err deg : 807 / 3200
SCL #err weighted degeneracy : 733 733 741 765 791 814 
degeneracy helps : 238 238 256 274 280 283 
degeneracy worse : 164 164 190 232 264 290 
SCL #err deg : 835 / 3300
SCL #err weighted degeneracy : 754 754 763 788 816 841 
degeneracy helps : 249 249 268 287 294 295 
degeneracy worse : 168 168 196 240 275 301 
SCL #err deg : 861 / 3400
SCL #err weighted degeneracy : 780 780 790 821 850 877 
degeneracy helps : 255 255 274 292 300 301 
degeneracy worse : 174 174 203 252 289 317 
SCL #err deg : 890 / 3500
SCL #err weighted degeneracy : 805 805 813 846 875 902 
degeneracy helps : 264 264 285 303 312 313 
degeneracy worse : 179 179 208 259 297 325 
SCL #err deg : 922 / 3600
SCL #err weighted degeneracy : 833 833 842 875 906 936 
degeneracy helps : 274 274 295 315 322 322 
degeneracy worse : 185 185 215 268 306 336 
SCL #err deg : 948 / 3700
SCL #err weighted degeneracy : 852 852 860 897 927 957 
degeneracy helps : 285 285 307 326 333 335 
degeneracy worse : 189 189 219 275 312 344 
SCL #err deg : 970 / 3800
SCL #err weighted degeneracy : 873 873 882 919 950 980 
degeneracy helps : 293 293 315 336 342 344 
degeneracy worse : 196 196 227 285 322 354 
SCL #err deg : 1002 / 3900
SCL #err weighted degeneracy : 900 900 907 947 980 1010 
degeneracy helps : 303 303 327 348 354 356 
degeneracy worse : 201 201 232 293 332 364 
SCL #err deg : 1029 / 4000
SCL #err weighted degeneracy : 932 932 939 980 1012 1042 
degeneracy helps : 307 307 333 354 359 361 
degeneracy worse : 210 210 243 305 342 374 
SCL #err deg : 1055 / 4100
SCL #err weighted degeneracy : 951 951 957 1000 1038 1067 
degeneracy helps : 316 316 344 366 367 370 
degeneracy worse : 212 212 246 311 350 382 
SCL #err deg : 1076 / 4200
SCL #err weighted degeneracy : 970 970 976 1019 1057 1087 
degeneracy helps : 325 325 353 375 376 379 
degeneracy worse : 219 219 253 318 357 390 
SCL #err deg : 1105 / 4300
SCL #err weighted degeneracy : 1000 1000 1010 1057 1096 1125 
degeneracy helps : 332 332 359 381 382 386 
degeneracy worse : 227 227 264 333 373 406 
SCL #err deg : 1129 / 4400
SCL #err weighted degeneracy : 1020 1020 1030 1078 1116 1145 
degeneracy helps : 340 340 367 389 390 394 
degeneracy worse : 231 231 268 338 377 410 
SCL #err deg : 1155 / 4500
SCL #err weighted degeneracy : 1044 1044 1055 1105 1144 1173 
degeneracy helps : 348 348 374 397 398 401 
degeneracy worse : 237 237 274 347 387 419 
SCL #err deg : 1175 / 4600
SCL #err weighted degeneracy : 1065 1065 1076 1128 1172 1204 
degeneracy helps : 355 355 381 404 405 406 
degeneracy worse : 245 245 282 357 402 435 
SCL #err deg : 1206 / 4700
SCL #err weighted degeneracy : 1095 1095 1106 1158 1203 1235 
degeneracy helps : 360 360 386 409 410 412 
degeneracy worse : 249 249 286 361 407 441 
SCL #err deg : 1237 / 4800
SCL #err weighted degeneracy : 1120 1120 1131 1188 1234 1269 
degeneracy helps : 369 369 395 419 420 421 
degeneracy worse : 252 252 289 370 417 453 
SCL #err deg : 1258 / 4900
SCL #err weighted degeneracy : 1140 1140 1152 1212 1260 1295 
degeneracy helps : 375 375 401 424 424 426 
degeneracy worse : 257 257 295 378 426 463 
SCL #err deg : 1286 / 5000
SCL #err weighted degeneracy : 1166 1166 1176 1237 1286 1322 
degeneracy helps : 381 381 409 433 433 435 
degeneracy worse : 261 261 299 384 433 471 
SCL #err deg : 1314 / 5100
SCL #err weighted degeneracy : 1186 1186 1197 1259 1308 1345 
degeneracy helps : 391 391 418 443 444 446 
degeneracy worse : 263 263 301 388 438 477 
SCL #err deg : 1340 / 5200
SCL #err weighted degeneracy : 1210 1210 1221 1283 1331 1368 
degeneracy helps : 400 400 427 452 455 457 
degeneracy worse : 270 270 308 395 446 485 
SCL #err deg : 1360 / 5300
SCL #err weighted degeneracy : 1231 1231 1240 1301 1350 1385 
degeneracy helps : 404 404 432 457 461 465 
degeneracy worse : 275 275 312 398 451 490 
SCL #err deg : 1384 / 5400
SCL #err weighted degeneracy : 1254 1254 1265 1328 1382 1417 
degeneracy helps : 411 411 438 463 467 472 
degeneracy worse : 281 281 319 407 465 505 
SCL #err deg : 1413 / 5500
SCL #err weighted degeneracy : 1280 1280 1292 1352 1405 1439 
degeneracy helps : 417 417 443 471 476 482 
degeneracy worse : 284 284 322 410 468 508 
SCL #err deg : 1434 / 5600
SCL #err weighted degeneracy : 1292 1292 1306 1368 1424 1460 
degeneracy helps : 427 427 451 479 484 490 
degeneracy worse : 285 285 323 413 474 516 
SCL #err deg : 1463 / 5700
SCL #err weighted degeneracy : 1319 1319 1331 1394 1450 1488 
degeneracy helps : 433 433 458 487 492 498 
degeneracy worse : 289 289 326 418 479 523 
SCL #err deg : 1489 / 5800
SCL #err weighted degeneracy : 1344 1344 1356 1422 1478 1516 
degeneracy helps : 438 438 464 493 498 504 
degeneracy worse : 293 293 331 426 487 531 
SCL #err deg : 1510 / 5900
SCL #err weighted degeneracy : 1367 1367 1380 1444 1501 1539 
degeneracy helps : 442 442 468 498 503 510 
degeneracy worse : 299 299 338 432 494 539 
SCL #err deg : 1528 / 6000
SCL #err weighted degeneracy : 1389 1389 1403 1468 1529 1569 
degeneracy helps : 445 445 471 501 506 512 
degeneracy worse : 306 306 346 441 507 553 
SCL #err deg : 1555 / 6100
SCL #err weighted degeneracy : 1411 1411 1424 1489 1552 1593 
degeneracy helps : 456 456 483 512 517 523 
degeneracy worse : 312 312 352 446 514 561 
SCL #err deg : 1583 / 6200
SCL #err weighted degeneracy : 1438 1438 1451 1518 1579 1621 
degeneracy helps : 465 465 492 520 525 530 
degeneracy worse : 320 320 360 455 521 568 
SCL #err deg : 1603 / 6300
SCL #err weighted degeneracy : 1452 1452 1466 1536 1598 1640 
degeneracy helps : 476 476 503 529 532 536 
degeneracy worse : 325 325 366 462 527 573 
SCL #err deg : 1629 / 6400
SCL #err weighted degeneracy : 1476 1476 1489 1562 1623 1665 
degeneracy helps : 481 481 511 540 544 549 
degeneracy worse : 328 328 371 473 538 585 
SCL #err deg : 1659 / 6500
SCL #err weighted degeneracy : 1501 1501 1516 1589 1655 1699 
degeneracy helps : 490 490 518 547 551 555 
degeneracy worse : 332 332 375 477 547 595 
SCL #err deg : 1684 / 6600
SCL #err weighted degeneracy : 1524 1524 1537 1611 1679 1725 
degeneracy helps : 496 496 525 555 558 561 
degeneracy worse : 336 336 378 482 553 602 
SCL #err deg : 1709 / 6700
SCL #err weighted degeneracy : 1545 1545 1558 1634 1703 1749 
degeneracy helps : 504 504 534 563 566 570 
degeneracy worse : 340 340 383 488 560 610 
SCL #err deg : 1734 / 6800
SCL #err weighted degeneracy : 1566 1566 1578 1656 1728 1776 
degeneracy helps : 511 511 542 572 575 579 
degeneracy worse : 343 343 386 494 569 621 
SCL #err deg : 1757 / 6900
SCL #err weighted degeneracy : 1586 1586 1601 1680 1751 1801 
degeneracy helps : 520 520 551 582 587 591 
degeneracy worse : 349 349 395 505 581 635 
SCL #err deg : 1779 / 7000
SCL #err weighted degeneracy : 1609 1609 1624 1704 1776 1827 
degeneracy helps : 524 524 555 586 590 594 
degeneracy worse : 354 354 400 511 587 642 
SCL #err deg : 1810 / 7100
SCL #err weighted degeneracy : 1636 1636 1650 1730 1804 1857 
degeneracy helps : 533 533 565 596 599 602 
degeneracy worse : 359 359 405 516 593 649 
SCL #err deg : 1835 / 7200
SCL #err weighted degeneracy : 1656 1656 1670 1750 1827 1880 
degeneracy helps : 542 542 574 606 609 613 
degeneracy worse : 363 363 409 521 601 658 
SCL #err deg : 1853 / 7300
SCL #err weighted degeneracy : 1678 1678 1691 1771 1851 1907 
degeneracy helps : 545 545 578 611 614 618 
degeneracy worse : 370 370 416 529 612 672 
SCL #err deg : 1876 / 7400
SCL #err weighted degeneracy : 1691 1691 1705 1785 1866 1922 
degeneracy helps : 555 555 589 624 627 631 
degeneracy worse : 370 370 418 533 617 677 
SCL #err deg : 1897 / 7500
SCL #err weighted degeneracy : 1707 1707 1721 1802 1883 1940 
degeneracy helps : 564 564 597 632 635 638 
degeneracy worse : 374 374 421 537 621 681 
SCL #err deg : 1926 / 7600
SCL #err weighted degeneracy : 1735 1735 1751 1840 1924 1982 
degeneracy helps : 572 572 603 637 639 642 
degeneracy worse : 381 381 428 551 637 698 
SCL #err deg : 1950 / 7700
SCL #err weighted degeneracy : 1752 1752 1767 1858 1942 2004 
degeneracy helps : 580 580 612 647 649 649 
degeneracy worse : 382 382 429 555 641 703 
SCL #err deg : 1977 / 7800
SCL #err weighted degeneracy : 1778 1778 1794 1887 1973 2037 
degeneracy helps : 585 585 616 650 651 652 
degeneracy worse : 386 386 433 560 647 712 
SCL #err deg : 2000 / 7900
SCL #err weighted degeneracy : 1800 1800 1817 1911 1999 2063 
degeneracy helps : 590 590 622 657 657 659 
degeneracy worse : 390 390 439 568 656 722 
SCL #err deg : 2030 / 8000
SCL #err weighted degeneracy : 1826 1826 1841 1935 2023 2087 
degeneracy helps : 600 600 633 668 668 670 
degeneracy worse : 396 396 444 573 661 727 
SCL #err deg : 2055 / 8100
SCL #err weighted degeneracy : 1848 1848 1863 1964 2053 2117 
degeneracy helps : 607 607 641 675 676 677 
degeneracy worse : 400 400 449 584 674 739 
SCL #err deg : 2079 / 8200
SCL #err weighted degeneracy : 1868 1868 1884 1987 2078 2141 
degeneracy helps : 615 615 648 683 683 685 
degeneracy worse : 404 404 453 591 682 747 
SCL #err deg : 2103 / 8300
SCL #err weighted degeneracy : 1889 1889 1907 2012 2104 2167 
degeneracy helps : 623 623 656 691 691 693 
degeneracy worse : 409 409 460 600 692 757 
SCL #err deg : 2128 / 8400
SCL #err weighted degeneracy : 1909 1909 1927 2033 2126 2189 
degeneracy helps : 632 632 664 698 699 701 
degeneracy worse : 413 413 463 603 697 762 
SCL #err deg : 2160 / 8500
SCL #err weighted degeneracy : 1931 1931 1947 2057 2153 2217 
degeneracy helps : 646 646 679 710 711 712 
degeneracy worse : 417 417 466 607 704 769 
SCL #err deg : 2184 / 8600
SCL #err weighted degeneracy : 1952 1952 1967 2077 2173 2235 
degeneracy helps : 652 652 685 716 717 720 
degeneracy worse : 420 420 468 609 706 771 
SCL #err deg : 2203 / 8700
SCL #err weighted degeneracy : 1967 1967 1981 2092 2189 2253 
degeneracy helps : 659 659 693 725 725 728 
degeneracy worse : 423 423 471 614 711 778 
SCL #err deg : 2224 / 8800
SCL #err weighted degeneracy : 1986 1986 2001 2117 2213 2276 
degeneracy helps : 664 664 698 730 732 736 
degeneracy worse : 426 426 475 623 721 788 
SCL #err deg : 2250 / 8900
SCL #err weighted degeneracy : 2000 2000 2017 2133 2230 2296 
degeneracy helps : 678 678 712 745 747 750 
degeneracy worse : 428 428 479 628 727 796 
SCL #err deg : 2273 / 9000
SCL #err weighted degeneracy : 2022 2022 2037 2154 2251 2318 
degeneracy helps : 684 684 719 752 754 757 
degeneracy worse : 433 433 483 633 732 802 
SCL #err deg : 2300 / 9100
SCL #err weighted degeneracy : 2047 2047 2062 2179 2276 2344 
degeneracy helps : 691 691 727 760 763 765 
degeneracy worse : 438 438 489 639 739 809 
SCL #err deg : 2322 / 9200
SCL #err weighted degeneracy : 2061 2061 2077 2193 2292 2364 
degeneracy helps : 701 701 736 771 773 775 
degeneracy worse : 440 440 491 642 743 817 
SCL #err deg : 2345 / 9300
SCL #err weighted degeneracy : 2081 2081 2098 2215 2313 2387 
degeneracy helps : 712 712 747 782 785 786 
degeneracy worse : 448 448 500 652 753 828 
SCL #err deg : 2374 / 9400
SCL #err weighted degeneracy : 2111 2111 2128 2242 2343 2419 
degeneracy helps : 716 716 752 791 793 793 
degeneracy worse : 453 453 506 659 762 838 
SCL #err deg : 2396 / 9500
SCL #err weighted degeneracy : 2130 2130 2148 2263 2365 2443 
degeneracy helps : 722 722 758 797 799 798 
degeneracy worse : 456 456 510 664 768 845 
SCL #err deg : 2418 / 9600
SCL #err weighted degeneracy : 2150 2150 2168 2287 2389 2468 
degeneracy helps : 728 728 763 801 803 801 
degeneracy worse : 460 460 513 670 774 851 
SCL #err deg : 2437 / 9700
SCL #err weighted degeneracy : 2171 2171 2190 2311 2414 2494 
degeneracy helps : 731 731 766 803 805 803 
degeneracy worse : 465 465 519 677 782 860 
SCL #err deg : 2460 / 9800
SCL #err weighted degeneracy : 2196 2196 2215 2336 2438 2521 
degeneracy helps : 736 736 772 809 812 810 
degeneracy worse : 472 472 527 685 790 871 
SCL #err deg : 2494 / 9900
SCL #err weighted degeneracy : 2217 2217 2237 2361 2465 2551 
degeneracy helps : 753 753 788 826 829 826 
degeneracy worse : 476 476 531 693 800 883 
SCL #err deg : 2519 / 10000
SCL #err weighted degeneracy : 2240 2240 2261 2385 2491 2578 
degeneracy helps : 760 760 796 835 838 836 
degeneracy worse : 481 481 538 701 810 895 
average #flips: 26.1194
SCL #err considering degeneracy: 2519
error due to equal 853
error due to SCL smaller 1666
Finish in 2292 s
