Simulation Polar syndrome FASTER N=1024, K=513, l=1, pz=0.2, #samples=10000, seed=0
PW construction
Event generator random seed: 0
SCL #err deg : 77 / 100
SCL #err weighted degeneracy : 77 77 77 77 77 77 
degeneracy helps : 0 0 0 0 0 0 
degeneracy worse : 0 0 0 0 0 0 
SCL #err deg : 151 / 200
SCL #err weighted degeneracy : 151 151 151 151 151 151 
degeneracy helps : 0 0 0 0 0 0 
degeneracy worse : 0 0 0 0 0 0 
SCL #err deg : 228 / 300
SCL #err weighted degeneracy : 228 228 228 228 228 228 
degeneracy helps : 0 0 0 0 0 0 
degeneracy worse : 0 0 0 0 0 0 
SCL #err deg : 301 / 400
SCL #err weighted degeneracy : 301 301 301 301 301 301 
degeneracy helps : 0 0 0 0 0 0 
degeneracy worse : 0 0 0 0 0 0 
SCL #err deg : 382 / 500
SCL #err weighted degeneracy : 382 382 382 382 382 382 
degeneracy helps : 0 0 0 0 0 0 
degeneracy worse : 0 0 0 0 0 0 
SCL #err deg : 456 / 600
SCL #err weighted degeneracy : 456 456 456 456 456 456 
degeneracy helps : 0 0 0 0 0 0 
degeneracy worse : 0 0 0 0 0 0 
SCL #err deg : 526 / 700
SCL #err weighted degeneracy : 526 526 526 526 526 526 
degeneracy helps : 0 0 0 0 0 0 
degeneracy worse : 0 0 0 0 0 0 
SCL #err deg : 601 / 800
SCL #err weighted degeneracy : 601 601 601 601 601 601 
degeneracy helps : 0 0 0 0 0 0 
degeneracy worse : 0 0 0 0 0 0 
SCL #err deg : 678 / 900
SCL #err weighted degeneracy : 678 678 678 678 678 678 
degeneracy helps : 0 0 0 0 0 0 
degeneracy worse : 0 0 0 0 0 0 
SCL #err deg : 753 / 1000
SCL #err weighted degeneracy : 753 753 753 753 753 753 
degeneracy helps : 0 0 0 0 0 0 
degeneracy worse : 0 0 0 0 0 0 
SCL #err deg : 828 / 1100
SCL #err weighted degeneracy : 828 828 828 828 828 828 
degeneracy helps : 0 0 0 0 0 0 
degeneracy worse : 0 0 0 0 0 0 
SCL #err deg : 908 / 1200
SCL #err weighted degeneracy : 908 908 908 908 908 908 
degeneracy helps : 0 0 0 0 0 0 
degeneracy worse : 0 0 0 0 0 0 
SCL #err deg : 988 / 1300
SCL #err weighted degeneracy : 988 988 988 988 988 988 
degeneracy helps : 0 0 0 0 0 0 
degeneracy worse : 0 0 0 0 0 0 
SCL #err deg : 1064 / 1400
SCL #err weighted degeneracy : 1064 1064 1064 1064 1064 1064 
degeneracy helps : 0 0 0 0 0 0 
degeneracy worse : 0 0 0 0 0 0 
SCL #err deg : 1143 / 1500
SCL #err weighted degeneracy : 1143 1143 1143 1143 1143 1143 
degeneracy helps : 0 0 0 0 0 0 
degeneracy worse : 0 0 0 0 0 0 
SCL #err deg : 1213 / 1600
SCL #err weighted degeneracy : 1213 1213 1213 1213 1213 1213 
degeneracy helps : 0 0 0 0 0 0 
degeneracy worse : 0 0 0 0 0 0 
SCL #err deg : 1282 / 1700
SCL #err weighted degeneracy : 1282 1282 1282 1282 1282 1282 
degeneracy helps : 0 0 0 0 0 0 
degeneracy worse : 0 0 0 0 0 0 
SCL #err deg : 1365 / 1800
SCL #err weighted degeneracy : 1365 1365 1365 1365 1365 1365 
degeneracy helps : 0 0 0 0 0 0 
degeneracy worse : 0 0 0 0 0 0 
SCL #err deg : 1440 / 1900
SCL #err weighted degeneracy : 1440 1440 1440 1440 1440 1440 
degeneracy helps : 0 0 0 0 0 0 
degeneracy worse : 0 0 0 0 0 0 
SCL #err deg : 1510 / 2000
SCL #err weighted degeneracy : 1510 1510 1510 1510 1510 1510 
degeneracy helps : 0 0 0 0 0 0 
degeneracy worse : 0 0 0 0 0 0 
SCL #err deg : 1587 / 2100
SCL #err weighted degeneracy : 1587 1587 1587 1587 1587 1587 
degeneracy helps : 0 0 0 0 0 0 
degeneracy worse : 0 0 0 0 0 0 
SCL #err deg : 1661 / 2200
SCL #err weighted degeneracy : 1661 1661 1661 1661 1661 1661 
degeneracy helps : 0 0 0 0 0 0 
degeneracy worse : 0 0 0 0 0 0 
SCL #err deg : 1739 / 2300
SCL #err weighted degeneracy : 1739 1739 1739 1739 1739 1739 
degeneracy helps : 0 0 0 0 0 0 
degeneracy worse : 0 0 0 0 0 0 
SCL #err deg : 1818 / 2400
SCL #err weighted degeneracy : 1818 1818 1818 1818 1818 1818 
degeneracy helps : 0 0 0 0 0 0 
degeneracy worse : 0 0 0 0 0 0 
SCL #err deg : 1888 / 2500
SCL #err weighted degeneracy : 1888 1888 1888 1888 1888 1888 
degeneracy helps : 0 0 0 0 0 0 
degeneracy worse : 0 0 0 0 0 0 
SCL #err deg : 1962 / 2600
SCL #err weighted degeneracy : 1962 1962 1962 1962 1962 1962 
degeneracy helps : 0 0 0 0 0 0 
degeneracy worse : 0 0 0 0 0 0 
SCL #err deg : 2029 / 2700
SCL #err weighted degeneracy : 2029 2029 2029 2029 2029 2029 
degeneracy helps : 0 0 0 0 0 0 
degeneracy worse : 0 0 0 0 0 0 
SCL #err deg : 2106 / 2800
SCL #err weighted degeneracy : 2106 2106 2106 2106 2106 2106 
degeneracy helps : 0 0 0 0 0 0 
degeneracy worse : 0 0 0 0 0 0 
SCL #err deg : 2183 / 2900
SCL #err weighted degeneracy : 2183 2183 2183 2183 2183 2183 
degeneracy helps : 0 0 0 0 0 0 
degeneracy worse : 0 0 0 0 0 0 
SCL #err deg : 2261 / 3000
SCL #err weighted degeneracy : 2261 2261 2261 2261 2261 2261 
degeneracy helps : 0 0 0 0 0 0 
degeneracy worse : 0 0 0 0 0 0 
SCL #err deg : 2333 / 3100
SCL #err weighted degeneracy : 2333 2333 2333 2333 2333 2333 
degeneracy helps : 0 0 0 0 0 0 
degeneracy worse : 0 0 0 0 0 0 
SCL #err deg : 2416 / 3200
SCL #err weighted degeneracy : 2416 2416 2416 2416 2416 2416 
degeneracy helps : 0 0 0 0 0 0 
degeneracy worse : 0 0 0 0 0 0 
SCL #err deg : 2490 / 3300
SCL #err weighted degeneracy : 2490 2490 2490 2490 2490 2490 
degeneracy helps : 0 0 0 0 0 0 
degeneracy worse : 0 0 0 0 0 0 
SCL #err deg : 2567 / 3400
SCL #err weighted degeneracy : 2567 2567 2567 2567 2567 2567 
degeneracy helps : 0 0 0 0 0 0 
degeneracy worse : 0 0 0 0 0 0 
SCL #err deg : 2635 / 3500
SCL #err weighted degeneracy : 2635 2635 2635 2635 2635 2635 
degeneracy helps : 0 0 0 0 0 0 
degeneracy worse : 0 0 0 0 0 0 
SCL #err deg : 2710 / 3600
SCL #err weighted degeneracy : 2710 2710 2710 2710 2710 2710 
degeneracy helps : 0 0 0 0 0 0 
degeneracy worse : 0 0 0 0 0 0 
SCL #err deg : 2777 / 3700
SCL #err weighted degeneracy : 2777 2777 2777 2777 2777 2777 
degeneracy helps : 0 0 0 0 0 0 
degeneracy worse : 0 0 0 0 0 0 
SCL #err deg : 2856 / 3800
SCL #err weighted degeneracy : 2856 2856 2856 2856 2856 2856 
degeneracy helps : 0 0 0 0 0 0 
degeneracy worse : 0 0 0 0 0 0 
SCL #err deg : 2937 / 3900
SCL #err weighted degeneracy : 2937 2937 2937 2937 2937 2937 
degeneracy helps : 0 0 0 0 0 0 
degeneracy worse : 0 0 0 0 0 0 
SCL #err deg : 3016 / 4000
SCL #err weighted degeneracy : 3016 3016 3016 3016 3016 3016 
degeneracy helps : 0 0 0 0 0 0 
degeneracy worse : 0 0 0 0 0 0 
SCL #err deg : 3087 / 4100
SCL #err weighted degeneracy : 3087 3087 3087 3087 3087 3087 
degeneracy helps : 0 0 0 0 0 0 
degeneracy worse : 0 0 0 0 0 0 
SCL #err deg : 3165 / 4200
SCL #err weighted degeneracy : 3165 3165 3165 3165 3165 3165 
degeneracy helps : 0 0 0 0 0 0 
degeneracy worse : 0 0 0 0 0 0 
SCL #err deg : 3241 / 4300
SCL #err weighted degeneracy : 3241 3241 3241 3241 3241 3241 
degeneracy helps : 0 0 0 0 0 0 
degeneracy worse : 0 0 0 0 0 0 
SCL #err deg : 3308 / 4400
SCL #err weighted degeneracy : 3308 3308 3308 3308 3308 3308 
degeneracy helps : 0 0 0 0 0 0 
degeneracy worse : 0 0 0 0 0 0 
SCL #err deg : 3385 / 4500
SCL #err weighted degeneracy : 3385 3385 3385 3385 3385 3385 
degeneracy helps : 0 0 0 0 0 0 
degeneracy worse : 0 0 0 0 0 0 
SCL #err deg : 3459 / 4600
SCL #err weighted degeneracy : 3459 3459 3459 3459 3459 3459 
degeneracy helps : 0 0 0 0 0 0 
degeneracy worse : 0 0 0 0 0 0 
SCL #err deg : 3537 / 4700
SCL #err weighted degeneracy : 3537 3537 3537 3537 3537 3537 
degeneracy helps : 0 0 0 0 0 0 
degeneracy worse : 0 0 0 0 0 0 
SCL #err deg : 3618 / 4800
SCL #err weighted degeneracy : 3618 3618 3618 3618 3618 3618 
degeneracy helps : 0 0 0 0 0 0 
degeneracy worse : 0 0 0 0 0 0 
SCL #err deg : 3687 / 4900
SCL #err weighted degeneracy : 3687 3687 3687 3687 3687 3687 
degeneracy helps : 0 0 0 0 0 0 
degeneracy worse : 0 0 0 0 0 0 
SCL #err deg : 3760 / 5000
SCL #err weighted degeneracy : 3760 3760 3760 3760 3760 3760 
degeneracy helps : 0 0 0 0 0 0 
degeneracy worse : 0 0 0 0 0 0 
SCL #err deg : 3849 / 5100
SCL #err weighted degeneracy : 3849 3849 3849 3849 3849 3849 
degeneracy helps : 0 0 0 0 0 0 
degeneracy worse : 0 0 0 0 0 0 
SCL #err deg : 3916 / 5200
SCL #err weighted degeneracy : 3916 3916 3916 3916 3916 3916 
degeneracy helps : 0 0 0 0 0 0 
degeneracy worse : 0 0 0 0 0 0 
SCL #err deg : 3982 / 5300
SCL #err weighted degeneracy : 3982 3982 3982 3982 3982 3982 
degeneracy helps : 0 0 0 0 0 0 
degeneracy worse : 0 0 0 0 0 0 
SCL #err deg : 4058 / 5400
SCL #err weighted degeneracy : 4058 4058 4058 4058 4058 4058 
degeneracy helps : 0 0 0 0 0 0 
degeneracy worse : 0 0 0 0 0 0 
SCL #err deg : 4134 / 5500
SCL #err weighted degeneracy : 4134 4134 4134 4134 4134 4134 
degeneracy helps : 0 0 0 0 0 0 
degeneracy worse : 0 0 0 0 0 0 
SCL #err deg : 4217 / 5600
SCL #err weighted degeneracy : 4217 4217 4217 4217 4217 4217 
degeneracy helps : 0 0 0 0 0 0 
degeneracy worse : 0 0 0 0 0 0 
SCL #err deg : 4289 / 5700
SCL #err weighted degeneracy : 4289 4289 4289 4289 4289 4289 
degeneracy helps : 0 0 0 0 0 0 
degeneracy worse : 0 0 0 0 0 0 
SCL #err deg : 4365 / 5800
SCL #err weighted degeneracy : 4365 4365 4365 4365 4365 4365 
degeneracy helps : 0 0 0 0 0 0 
degeneracy worse : 0 0 0 0 0 0 
SCL #err deg : 4448 / 5900
SCL #err weighted degeneracy : 4448 4448 4448 4448 4448 4448 
degeneracy helps : 0 0 0 0 0 0 
degeneracy worse : 0 0 0 0 0 0 
SCL #err deg : 4532 / 6000
SCL #err weighted degeneracy : 4532 4532 4532 4532 4532 4532 
degeneracy helps : 0 0 0 0 0 0 
degeneracy worse : 0 0 0 0 0 0 
SCL #err deg : 4604 / 6100
SCL #err weighted degeneracy : 4604 4604 4604 4604 4604 4604 
degeneracy helps : 0 0 0 0 0 0 
degeneracy worse : 0 0 0 0 0 0 
SCL #err deg : 4681 / 6200
SCL #err weighted degeneracy : 4681 4681 4681 4681 4681 4681 
degeneracy helps : 0 0 0 0 0 0 
degeneracy worse : 0 0 0 0 0 0 
SCL #err deg : 4751 / 6300
SCL #err weighted degeneracy : 4751 4751 4751 4751 4751 4751 
degeneracy helps : 0 0 0 0 0 0 
degeneracy worse : 0 0 0 0 0 0 
SCL #err deg : 4833 / 6400
SCL #err weighted degeneracy : 4833 4833 4833 4833 4833 4833 
degeneracy helps : 0 0 0 0 0 0 
degeneracy worse : 0 0 0 0 0 0 
SCL #err deg : 4911 / 6500
SCL #err weighted degeneracy : 4911 4911 4911 4911 4911 4911 
degeneracy helps : 0 0 0 0 0 0 
degeneracy worse : 0 0 0 0 0 0 
SCL #err deg : 4992 / 6600
SCL #err weighted degeneracy : 4992 4992 4992 4992 4992 4992 
degeneracy helps : 0 0 0 0 0 0 
degeneracy worse : 0 0 0 0 0 0 
SCL #err deg : 5063 / 6700
SCL #err weighted degeneracy : 5063 5063 5063 5063 5063 5063 
degeneracy helps : 0 0 0 0 0 0 
degeneracy worse : 0 0 0 0 0 0 
SCL #err deg : 5134 / 6800
SCL #err weighted degeneracy : 5134 5134 5134 5134 5134 5134 
degeneracy helps : 0 0 0 0 0 0 
degeneracy worse : 0 0 0 0 0 0 
SCL #err deg : 5206 / 6900
SCL #err weighted degeneracy : 5206 5206 5206 5206 5206 5206 
degeneracy helps : 0 0 0 0 0 0 
degeneracy worse : 0 0 0 0 0 0 
SCL #err deg : 5285 / 7000
SCL #err weighted degeneracy : 5285 5285 5285 5285 5285 5285 
degeneracy helps : 0 0 0 0 0 0 
degeneracy worse : 0 0 0 0 0 0 
SCL #err deg : 5359 / 7100
SCL #err weighted degeneracy : 5359 5359 5359 5359 5359 5359 
degeneracy helps : 0 0 0 0 0 0 
degeneracy worse : 0 0 0 0 0 0 
SCL #err deg : 5436 / 7200
SCL #err weighted degeneracy : 5436 5436 5436 5436 5436 5436 
degeneracy helps : 0 0 0 0 0 0 
degeneracy worse : 0 0 0 0 0 0 
SCL #err deg : 5508 / 7300
SCL #err weighted degeneracy : 5508 5508 5508 5508 5508 5508 
degeneracy helps : 0 0 0 0 0 0 
degeneracy worse : 0 0 0 0 0 0 
SCL #err deg : 5579 / 7400
SCL #err weighted degeneracy : 5579 5579 5579 5579 5579 5579 
degeneracy helps : 0 0 0 0 0 0 
degeneracy worse : 0 0 0 0 0 0 
SCL #err deg : 5653 / 7500
SCL #err weighted degeneracy : 5653 5653 5653 5653 5653 5653 
degeneracy helps : 0 0 0 0 0 0 
degeneracy worse : 0 0 0 0 0 0 
SCL #err deg : 5734 / 7600
SCL #err weighted degeneracy : 5734 5734 5734 5734 5734 5734 
degeneracy helps : 0 0 0 0 0 0 
degeneracy worse : 0 0 0 0 0 0 
SCL #err deg : 5809 / 7700
SCL #err weighted degeneracy : 5809 5809 5809 5809 5809 5809 
degeneracy helps : 0 0 0 0 0 0 
degeneracy worse : 0 0 0 0 0 0 
SCL #err deg : 5888 / 7800
SCL #err weighted degeneracy : 5888 5888 5888 5888 5888 5888 
degeneracy helps : 0 0 0 0 0 0 
degeneracy worse : 0 0 0 0 0 0 
SCL #err deg : 5962 / 7900
SCL #err weighted degeneracy : 5962 5962 5962 5962 5962 5962 
degeneracy helps : 0 0 0 0 0 0 
degeneracy worse : 0 0 0 0 0 0 
SCL #err deg : 6035 / 8000
SCL #err weighted degeneracy : 6035 6035 6035 6035 6035 6035 
degeneracy helps : 0 0 0 0 0 0 
degeneracy worse : 0 0 0 0 0 0 
SCL #err deg : 6112 / 8100
SCL #err weighted degeneracy : 6112 6112 6112 6112 6112 6112 
degeneracy helps : 0 0 0 0 0 0 
degeneracy worse : 0 0 0 0 0 0 
SCL #err deg : 6192 / 8200
SCL #err weighted degeneracy : 6192 6192 6192 6192 6192 6192 
degeneracy helps : 0 0 0 0 0 0 
degeneracy worse : 0 0 0 0 0 0 
SCL #err deg : 6269 / 8300
SCL #err weighted degeneracy : 6269 6269 6269 6269 6269 6269 
degeneracy helps : 0 0 0 0 0 0 
degeneracy worse : 0 0 0 0 0 0 
SCL #err deg : 6341 / 8400
SCL #err weighted degeneracy : 6341 6341 6341 6341 6341 6341 
degeneracy helps : 0 0 0 0 0 0 
degeneracy worse : 0 0 0 0 0 0 
SCL #err deg : 6411 / 8500
SCL #err weighted degeneracy : 6411 6411 6411 6411 6411 6411 
degeneracy helps : 0 0 0 0 0 0 
degeneracy worse : 0 0 0 0 0 0 
SCL #err deg : 6493 / 8600
SCL #err weighted degeneracy : 6493 6493 6493 6493 6493 6493 
degeneracy helps : 0 0 0 0 0 0 
degeneracy worse : 0 0 0 0 0 0 
SCL #err deg : 6566 / 8700
SCL #err weighted degeneracy : 6566 6566 6566 6566 6566 6566 
degeneracy helps : 0 0 0 0 0 0 
degeneracy worse : 0 0 0 0 0 0 
SCL #err deg : 6639 / 8800
SCL #err weighted degeneracy : 6639 6639 6639 6639 6639 6639 
degeneracy helps : 0 0 0 0 0 0 
degeneracy worse : 0 0 0 0 0 0 
SCL #err deg : 6711 / 8900
SCL #err weighted degeneracy : 6711 6711 6711 6711 6711 6711 
degeneracy helps : 0 0 0 0 0 0 
degeneracy worse : 0 0 0 0 0 0 
SCL #err deg : 6785 / 9000
SCL #err weighted degeneracy : 6785 6785 6785 6785 6785 6785 
degeneracy helps : 0 0 0 0 0 0 
degeneracy worse : 0 0 0 0 0 0 
SCL #err deg : 6858 / 9100
SCL #err weighted degeneracy : 6858 6858 6858 6858 6858 6858 
degeneracy helps : 0 0 0 0 0 0 
degeneracy worse : 0 0 0 0 0 0 
SCL #err deg : 6936 / 9200
SCL #err weighted degeneracy : 6936 6936 6936 6936 6936 6936 
degeneracy helps : 0 0 0 0 0 0 
degeneracy worse : 0 0 0 0 0 0 
SCL #err deg : 7009 / 9300
SCL #err weighted degeneracy : 7009 7009 7009 7009 7009 7009 
degeneracy helps : 0 0 0 0 0 0 
degeneracy worse : 0 0 0 0 0 0 
SCL #err deg : 7077 / 9400
SCL #err weighted degeneracy : 7077 7077 7077 7077 7077 7077 
degeneracy helps : 0 0 0 0 0 0 
degeneracy worse : 0 0 0 0 0 0 
SCL #err deg : 7153 / 9500
SCL #err weighted degeneracy : 7153 7153 7153 7153 7153 7153 
degeneracy helps : 0 0 0 0 0 0 
degeneracy worse : 0 0 0 0 0 0 
SCL #err deg : 7227 / 9600
SCL #err weighted degeneracy : 7227 7227 7227 7227 7227 7227 
degeneracy helps : 0 0 0 0 0 0 
degeneracy worse : 0 0 0 0 0 0 
SCL #err deg : 7301 / 9700
SCL #err weighted degeneracy : 7301 7301 7301 7301 7301 7301 
degeneracy helps : 0 0 0 0 0 0 
degeneracy worse : 0 0 0 0 0 0 
SCL #err deg : 7379 / 9800
SCL #err weighted degeneracy : 7379 7379 7379 7379 7379 7379 
degeneracy helps : 0 0 0 0 0 0 
degeneracy worse : 0 0 0 0 0 0 
SCL #err deg : 7459 / 9900
SCL #err weighted degeneracy : 7459 7459 7459 7459 7459 7459 
degeneracy helps : 0 0 0 0 0 0 
degeneracy worse : 0 0 0 0 0 0 
SCL #err deg : 7532 / 10000
SCL #err weighted degeneracy : 7532 7532 7532 7532 7532 7532 
degeneracy helps : 0 0 0 0 0 0 
degeneracy worse : 0 0 0 0 0 0 
average #flips: 204.67
SCL #err considering degeneracy: 7532
error due to equal 0
error due to SCL smaller 7532
Finish in 54 s
