Simulation Polar syndrome FASTER N=2048, K=1025, l=128, pz=0.102, #samples=10000, seed=87
PW construction
Event generator random seed: 87
SCL #err deg : 27 / 100
SCL #err weighted degeneracy : 26 26 30 31 30 31 
degeneracy helps : 6 6 4 3 4 3 
degeneracy worse : 5 5 7 7 7 7 
SCL #err deg : 46 / 200
SCL #err weighted degeneracy : 37 37 42 45 44 47 
degeneracy helps : 15 15 12 10 11 10 
degeneracy worse : 6 6 8 9 9 11 
SCL #err deg : 68 / 300
SCL #err weighted degeneracy : 59 59 63 66 65 69 
degeneracy helps : 18 18 15 13 14 13 
degeneracy worse : 9 9 10 11 11 14 
SCL #err deg : 88 / 400
SCL #err weighted degeneracy : 83 83 87 91 89 91 
degeneracy helps : 18 18 15 13 14 14 
degeneracy worse : 13 13 14 16 15 17 
SCL #err deg : 116 / 500
SCL #err weighted degeneracy : 111 111 114 118 116 118 
degeneracy helps : 21 21 19 17 18 17 
degeneracy worse : 16 16 17 19 18 19 
SCL #err deg : 150 / 600
SCL #err weighted degeneracy : 138 138 140 145 143 145 
degeneracy helps : 30 30 29 27 28 27 
degeneracy worse : 18 18 19 22 21 22 
SCL #err deg : 171 / 700
SCL #err weighted degeneracy : 161 161 164 170 166 168 
degeneracy helps : 33 33 32 30 33 32 
degeneracy worse : 23 23 25 29 28 29 
SCL #err deg : 194 / 800
SCL #err weighted degeneracy : 179 179 183 191 186 189 
degeneracy helps : 39 39 38 34 37 35 
degeneracy worse : 24 24 27 31 29 30 
SCL #err deg : 221 / 900
SCL #err weighted degeneracy : 200 200 204 211 204 207 
degeneracy helps : 48 48 46 42 47 46 
degeneracy worse : 27 27 29 32 30 32 
SCL #err deg : 239 / 1000
SCL #err weighted degeneracy : 214 214 218 227 220 223 
degeneracy helps : 54 54 51 46 51 50 
degeneracy worse : 29 29 30 34 32 34 
SCL #err deg : 261 / 1100
SCL #err weighted degeneracy : 238 239 241 249 242 244 
degeneracy helps : 57 57 55 50 55 55 
degeneracy worse : 34 35 35 38 36 38 
SCL #err deg : 276 / 1200
SCL #err weighted degeneracy : 254 255 258 266 259 262 
degeneracy helps : 61 61 58 53 58 57 
degeneracy worse : 39 40 40 43 41 43 
SCL #err deg : 301 / 1300
SCL #err weighted degeneracy : 272 273 277 285 277 280 
degeneracy helps : 71 71 67 62 68 67 
degeneracy worse : 42 43 43 46 44 46 
SCL #err deg : 322 / 1400
SCL #err weighted degeneracy : 293 294 297 304 296 300 
degeneracy helps : 73 73 70 66 72 70 
degeneracy worse : 44 45 45 48 46 48 
SCL #err deg : 354 / 1500
SCL #err weighted degeneracy : 323 324 328 336 330 334 
degeneracy helps : 77 77 73 70 76 74 
degeneracy worse : 46 47 47 52 52 54 
SCL #err deg : 379 / 1600
SCL #err weighted degeneracy : 346 347 352 361 355 358 
degeneracy helps : 80 80 76 73 79 77 
degeneracy worse : 47 48 49 55 55 56 
SCL #err deg : 404 / 1700
SCL #err weighted degeneracy : 369 370 374 383 378 381 
degeneracy helps : 84 84 80 77 82 80 
degeneracy worse : 49 50 50 56 56 57 
SCL #err deg : 422 / 1800
SCL #err weighted degeneracy : 389 390 393 403 398 403 
degeneracy helps : 88 88 84 81 86 83 
degeneracy worse : 55 56 55 62 62 64 
SCL #err deg : 446 / 1900
SCL #err weighted degeneracy : 411 412 414 425 421 428 
degeneracy helps : 93 93 89 86 90 86 
degeneracy worse : 58 59 57 65 65 68 
SCL #err deg : 464 / 2000
SCL #err weighted degeneracy : 427 428 431 443 439 448 
degeneracy helps : 97 97 94 91 95 90 
degeneracy worse : 60 61 61 70 70 74 
SCL #err deg : 484 / 2100
SCL #err weighted degeneracy : 445 446 453 464 460 469 
degeneracy helps : 105 105 99 96 100 95 
degeneracy worse : 66 67 68 76 76 80 
SCL #err deg : 503 / 2200
SCL #err weighted degeneracy : 463 464 472 484 480 489 
degeneracy helps : 106 106 100 97 102 97 
degeneracy worse : 66 67 69 78 79 83 
SCL #err deg : 530 / 2300
SCL #err weighted degeneracy : 488 489 497 508 505 513 
degeneracy helps : 111 111 106 105 110 105 
degeneracy worse : 69 70 73 83 85 88 
SCL #err deg : 555 / 2400
SCL #err weighted degeneracy : 514 515 524 535 530 537 
degeneracy helps : 114 114 110 109 115 111 
degeneracy worse : 73 74 79 89 90 93 
SCL #err deg : 573 / 2500
SCL #err weighted degeneracy : 533 534 542 553 547 554 
degeneracy helps : 116 116 112 111 118 113 
degeneracy worse : 76 77 81 91 92 94 
SCL #err deg : 598 / 2600
SCL #err weighted degeneracy : 556 557 567 578 573 580 
degeneracy helps : 120 120 114 114 120 115 
degeneracy worse : 78 79 83 94 95 97 
SCL #err deg : 622 / 2700
SCL #err weighted degeneracy : 577 577 589 600 595 604 
degeneracy helps : 126 127 119 119 125 120 
degeneracy worse : 81 82 86 97 98 102 
SCL #err deg : 647 / 2800
SCL #err weighted degeneracy : 599 599 613 625 620 629 
degeneracy helps : 131 132 123 123 129 124 
degeneracy worse : 83 84 89 101 102 106 
SCL #err deg : 662 / 2900
SCL #err weighted degeneracy : 616 616 628 641 635 643 
degeneracy helps : 135 136 127 127 133 129 
degeneracy worse : 89 90 93 106 106 110 
SCL #err deg : 682 / 3000
SCL #err weighted degeneracy : 636 636 647 662 655 661 
degeneracy helps : 139 140 132 131 138 135 
degeneracy worse : 93 94 97 111 111 114 
SCL #err deg : 706 / 3100
SCL #err weighted degeneracy : 658 657 669 684 677 685 
degeneracy helps : 143 144 137 136 143 140 
degeneracy worse : 95 95 100 114 114 119 
SCL #err deg : 732 / 3200
SCL #err weighted degeneracy : 676 675 688 704 698 706 
degeneracy helps : 151 152 144 143 149 146 
degeneracy worse : 95 95 100 115 115 120 
SCL #err deg : 760 / 3300
SCL #err weighted degeneracy : 704 703 715 733 727 735 
degeneracy helps : 154 155 148 147 154 152 
degeneracy worse : 98 98 103 120 121 127 
SCL #err deg : 783 / 3400
SCL #err weighted degeneracy : 730 729 741 758 751 760 
degeneracy helps : 157 158 150 151 158 155 
degeneracy worse : 104 104 108 126 126 132 
SCL #err deg : 809 / 3500
SCL #err weighted degeneracy : 752 751 764 780 774 783 
degeneracy helps : 163 164 155 156 162 159 
degeneracy worse : 106 106 110 127 127 133 
SCL #err deg : 830 / 3600
SCL #err weighted degeneracy : 775 774 785 801 796 806 
degeneracy helps : 164 165 158 159 164 161 
degeneracy worse : 109 109 113 130 130 137 
SCL #err deg : 858 / 3700
SCL #err weighted degeneracy : 807 804 817 831 826 836 
degeneracy helps : 166 168 160 162 167 164 
degeneracy worse : 115 114 119 135 135 142 
SCL #err deg : 883 / 3800
SCL #err weighted degeneracy : 827 824 836 852 848 858 
degeneracy helps : 174 176 168 168 172 169 
degeneracy worse : 118 117 121 137 137 144 
SCL #err deg : 904 / 3900
SCL #err weighted degeneracy : 849 846 859 875 871 880 
degeneracy helps : 178 180 172 171 175 172 
degeneracy worse : 123 122 127 142 142 148 
SCL #err deg : 932 / 4000
SCL #err weighted degeneracy : 874 871 886 901 896 908 
degeneracy helps : 183 185 176 176 181 178 
degeneracy worse : 125 124 130 145 145 154 
SCL #err deg : 954 / 4100
SCL #err weighted degeneracy : 896 893 907 925 921 932 
degeneracy helps : 186 188 179 178 182 180 
degeneracy worse : 128 127 132 149 149 158 
SCL #err deg : 979 / 4200
SCL #err weighted degeneracy : 919 916 929 947 943 955 
degeneracy helps : 190 192 185 184 188 185 
degeneracy worse : 130 129 135 152 152 161 
SCL #err deg : 998 / 4300
SCL #err weighted degeneracy : 940 937 951 967 962 975 
degeneracy helps : 193 195 187 186 190 186 
degeneracy worse : 135 134 140 155 154 163 
SCL #err deg : 1016 / 4400
SCL #err weighted degeneracy : 959 956 970 988 983 996 
degeneracy helps : 197 199 191 189 193 189 
degeneracy worse : 140 139 145 161 160 169 
SCL #err deg : 1043 / 4500
SCL #err weighted degeneracy : 983 980 994 1014 1008 1020 
degeneracy helps : 203 205 197 193 197 194 
degeneracy worse : 143 142 148 164 162 171 
SCL #err deg : 1068 / 4600
SCL #err weighted degeneracy : 1007 1004 1017 1037 1030 1042 
degeneracy helps : 208 210 203 198 203 200 
degeneracy worse : 147 146 152 167 165 174 
SCL #err deg : 1091 / 4700
SCL #err weighted degeneracy : 1029 1026 1041 1061 1053 1067 
degeneracy helps : 214 216 209 204 209 205 
degeneracy worse : 152 151 159 174 171 181 
SCL #err deg : 1109 / 4800
SCL #err weighted degeneracy : 1050 1047 1061 1080 1072 1086 
degeneracy helps : 216 218 212 207 212 208 
degeneracy worse : 157 156 164 178 175 185 
SCL #err deg : 1124 / 4900
SCL #err weighted degeneracy : 1067 1064 1077 1095 1087 1102 
degeneracy helps : 218 220 214 209 214 209 
degeneracy worse : 161 160 167 180 177 187 
SCL #err deg : 1149 / 5000
SCL #err weighted degeneracy : 1087 1084 1097 1116 1109 1125 
degeneracy helps : 224 226 220 214 218 212 
degeneracy worse : 162 161 168 181 178 188 
SCL #err deg : 1180 / 5100
SCL #err weighted degeneracy : 1115 1112 1124 1144 1138 1153 
degeneracy helps : 229 231 225 218 221 216 
degeneracy worse : 164 163 169 182 179 189 
SCL #err deg : 1200 / 5200
SCL #err weighted degeneracy : 1134 1131 1142 1164 1158 1175 
degeneracy helps : 234 236 230 223 226 219 
degeneracy worse : 168 167 172 187 184 194 
SCL #err deg : 1222 / 5300
SCL #err weighted degeneracy : 1156 1154 1163 1184 1178 1195 
degeneracy helps : 237 239 233 227 229 222 
degeneracy worse : 171 171 174 189 185 195 
SCL #err deg : 1245 / 5400
SCL #err weighted degeneracy : 1176 1174 1185 1205 1198 1215 
degeneracy helps : 242 244 236 231 234 227 
degeneracy worse : 173 173 176 191 187 197 
SCL #err deg : 1261 / 5500
SCL #err weighted degeneracy : 1191 1190 1200 1219 1215 1232 
degeneracy helps : 246 247 240 236 238 232 
degeneracy worse : 176 176 179 194 192 203 
SCL #err deg : 1279 / 5600
SCL #err weighted degeneracy : 1206 1205 1214 1233 1229 1247 
degeneracy helps : 251 252 245 241 243 236 
degeneracy worse : 178 178 180 195 193 204 
SCL #err deg : 1308 / 5700
SCL #err weighted degeneracy : 1230 1229 1236 1256 1253 1271 
degeneracy helps : 258 259 254 250 251 244 
degeneracy worse : 180 180 182 198 196 207 
SCL #err deg : 1330 / 5800
SCL #err weighted degeneracy : 1253 1252 1260 1280 1275 1294 
degeneracy helps : 262 263 257 252 254 247 
degeneracy worse : 185 185 187 202 199 211 
SCL #err deg : 1356 / 5900
SCL #err weighted degeneracy : 1279 1278 1285 1304 1299 1320 
degeneracy helps : 264 265 260 256 258 251 
degeneracy worse : 187 187 189 204 201 215 
SCL #err deg : 1380 / 6000
SCL #err weighted degeneracy : 1301 1300 1306 1324 1318 1339 
degeneracy helps : 269 270 266 262 264 257 
degeneracy worse : 190 190 192 206 202 216 
SCL #err deg : 1404 / 6100
SCL #err weighted degeneracy : 1322 1322 1329 1349 1342 1363 
degeneracy helps : 273 273 269 263 266 259 
degeneracy worse : 191 191 194 208 204 218 
SCL #err deg : 1428 / 6200
SCL #err weighted degeneracy : 1344 1344 1349 1369 1361 1383 
degeneracy helps : 277 277 274 268 272 265 
degeneracy worse : 193 193 195 209 205 220 
SCL #err deg : 1449 / 6300
SCL #err weighted degeneracy : 1363 1363 1369 1389 1382 1404 
degeneracy helps : 280 280 276 270 274 267 
degeneracy worse : 194 194 196 210 207 222 
SCL #err deg : 1474 / 6400
SCL #err weighted degeneracy : 1389 1389 1393 1413 1405 1426 
degeneracy helps : 283 283 281 275 279 273 
degeneracy worse : 198 198 200 214 210 225 
SCL #err deg : 1498 / 6500
SCL #err weighted degeneracy : 1412 1412 1422 1442 1434 1455 
degeneracy helps : 287 287 284 279 283 277 
degeneracy worse : 201 201 208 223 219 234 
SCL #err deg : 1518 / 6600
SCL #err weighted degeneracy : 1434 1434 1445 1465 1456 1477 
degeneracy helps : 291 291 287 282 287 281 
degeneracy worse : 207 207 214 229 225 240 
SCL #err deg : 1544 / 6700
SCL #err weighted degeneracy : 1456 1456 1470 1491 1483 1504 
degeneracy helps : 297 297 291 286 291 285 
degeneracy worse : 209 209 217 233 230 245 
SCL #err deg : 1565 / 6800
SCL #err weighted degeneracy : 1477 1477 1489 1509 1501 1522 
degeneracy helps : 299 299 293 289 294 288 
degeneracy worse : 211 211 217 233 230 245 
SCL #err deg : 1581 / 6900
SCL #err weighted degeneracy : 1493 1493 1506 1527 1517 1538 
degeneracy helps : 303 303 296 290 296 290 
degeneracy worse : 215 215 221 236 232 247 
SCL #err deg : 1599 / 7000
SCL #err weighted degeneracy : 1509 1509 1521 1543 1534 1556 
degeneracy helps : 306 306 300 294 300 293 
degeneracy worse : 216 216 222 238 235 250 
SCL #err deg : 1620 / 7100
SCL #err weighted degeneracy : 1533 1533 1545 1568 1559 1581 
degeneracy helps : 308 308 301 295 301 294 
degeneracy worse : 221 221 226 243 240 255 
SCL #err deg : 1636 / 7200
SCL #err weighted degeneracy : 1545 1545 1557 1581 1574 1596 
degeneracy helps : 313 313 306 298 303 297 
degeneracy worse : 222 222 227 243 241 257 
SCL #err deg : 1652 / 7300
SCL #err weighted degeneracy : 1561 1561 1575 1598 1593 1615 
degeneracy helps : 317 317 309 301 304 298 
degeneracy worse : 226 226 232 247 245 261 
SCL #err deg : 1679 / 7400
SCL #err weighted degeneracy : 1587 1587 1600 1624 1619 1642 
degeneracy helps : 323 323 316 307 311 305 
degeneracy worse : 231 231 237 252 251 268 
SCL #err deg : 1702 / 7500
SCL #err weighted degeneracy : 1612 1612 1625 1649 1643 1665 
degeneracy helps : 325 325 318 309 314 308 
degeneracy worse : 235 235 241 256 255 271 
SCL #err deg : 1729 / 7600
SCL #err weighted degeneracy : 1640 1640 1655 1679 1675 1697 
degeneracy helps : 329 329 321 311 314 308 
degeneracy worse : 240 240 247 261 260 276 
SCL #err deg : 1752 / 7700
SCL #err weighted degeneracy : 1663 1663 1677 1701 1698 1722 
degeneracy helps : 332 332 326 317 319 312 
degeneracy worse : 243 243 251 266 265 282 
SCL #err deg : 1775 / 7800
SCL #err weighted degeneracy : 1678 1678 1694 1719 1716 1741 
degeneracy helps : 341 341 333 323 325 317 
degeneracy worse : 244 244 252 267 266 283 
SCL #err deg : 1802 / 7900
SCL #err weighted degeneracy : 1702 1702 1718 1744 1739 1766 
degeneracy helps : 348 348 340 329 332 322 
degeneracy worse : 248 248 256 271 269 286 
SCL #err deg : 1822 / 8000
SCL #err weighted degeneracy : 1726 1726 1742 1768 1763 1791 
degeneracy helps : 349 349 341 331 334 323 
degeneracy worse : 253 253 261 277 275 292 
SCL #err deg : 1850 / 8100
SCL #err weighted degeneracy : 1749 1749 1768 1795 1790 1817 
degeneracy helps : 357 357 347 335 338 328 
degeneracy worse : 256 256 265 280 278 295 
SCL #err deg : 1878 / 8200
SCL #err weighted degeneracy : 1771 1771 1792 1819 1815 1842 
degeneracy helps : 365 365 354 343 346 336 
degeneracy worse : 258 258 268 284 283 300 
SCL #err deg : 1908 / 8300
SCL #err weighted degeneracy : 1801 1801 1823 1848 1845 1871 
degeneracy helps : 369 369 357 346 349 340 
degeneracy worse : 262 262 272 286 286 303 
SCL #err deg : 1937 / 8400
SCL #err weighted degeneracy : 1823 1823 1849 1875 1872 1896 
degeneracy helps : 378 378 364 353 356 349 
degeneracy worse : 264 264 276 291 291 308 
SCL #err deg : 1970 / 8500
SCL #err weighted degeneracy : 1850 1850 1875 1900 1897 1921 
degeneracy helps : 386 386 373 361 364 357 
degeneracy worse : 266 266 278 291 291 308 
SCL #err deg : 1990 / 8600
SCL #err weighted degeneracy : 1868 1868 1892 1916 1913 1938 
degeneracy helps : 391 391 378 367 370 363 
degeneracy worse : 269 269 280 293 293 311 
SCL #err deg : 2013 / 8700
SCL #err weighted degeneracy : 1890 1890 1913 1936 1933 1958 
degeneracy helps : 397 397 384 373 376 369 
degeneracy worse : 274 274 284 296 296 314 
SCL #err deg : 2037 / 8800
SCL #err weighted degeneracy : 1912 1912 1935 1957 1954 1979 
degeneracy helps : 400 400 387 376 379 372 
degeneracy worse : 275 275 285 296 296 314 
SCL #err deg : 2054 / 8900
SCL #err weighted degeneracy : 1930 1930 1951 1972 1969 1994 
degeneracy helps : 402 402 391 380 383 376 
degeneracy worse : 278 278 288 298 298 316 
SCL #err deg : 2080 / 9000
SCL #err weighted degeneracy : 1960 1960 1983 2004 2001 2026 
degeneracy helps : 404 404 393 382 385 379 
degeneracy worse : 284 284 296 306 306 325 
SCL #err deg : 2101 / 9100
SCL #err weighted degeneracy : 1984 1984 2006 2028 2024 2050 
degeneracy helps : 405 405 395 384 387 381 
degeneracy worse : 288 288 300 311 310 330 
SCL #err deg : 2120 / 9200
SCL #err weighted degeneracy : 2002 2002 2024 2045 2042 2068 
degeneracy helps : 409 409 400 389 392 386 
degeneracy worse : 291 291 304 314 314 334 
SCL #err deg : 2141 / 9300
SCL #err weighted degeneracy : 2021 2021 2045 2066 2064 2090 
degeneracy helps : 413 413 403 392 395 389 
degeneracy worse : 293 293 307 317 318 338 
SCL #err deg : 2160 / 9400
SCL #err weighted degeneracy : 2036 2036 2059 2082 2081 2107 
degeneracy helps : 418 418 409 398 400 394 
degeneracy worse : 294 294 308 320 321 341 
SCL #err deg : 2184 / 9500
SCL #err weighted degeneracy : 2059 2059 2082 2104 2102 2129 
degeneracy helps : 420 420 411 401 403 398 
degeneracy worse : 295 295 309 321 321 343 
SCL #err deg : 2206 / 9600
SCL #err weighted degeneracy : 2083 2083 2106 2129 2124 2149 
degeneracy helps : 425 425 416 406 409 404 
degeneracy worse : 302 302 316 329 327 347 
SCL #err deg : 2229 / 9700
SCL #err weighted degeneracy : 2107 2107 2128 2151 2144 2168 
degeneracy helps : 428 428 420 410 414 409 
degeneracy worse : 306 306 319 332 329 348 
SCL #err deg : 2256 / 9800
SCL #err weighted degeneracy : 2133 2133 2153 2177 2170 2195 
degeneracy helps : 432 432 424 414 419 413 
degeneracy worse : 309 309 321 335 333 352 
SCL #err deg : 2279 / 9900
SCL #err weighted degeneracy : 2158 2158 2175 2197 2190 2217 
degeneracy helps : 434 434 428 419 425 418 
degeneracy worse : 313 313 324 337 336 356 
SCL #err deg : 2301 / 10000
SCL #err weighted degeneracy : 2178 2178 2195 2218 2211 2238 
degeneracy helps : 437 437 432 422 428 421 
degeneracy worse : 314 314 326 339 338 358 
average #flips: 209.064
SCL #err considering degeneracy: 2301
error due to equal 266
error due to SCL smaller 1731
Finish in 117748 s
