Simulation Polar syndrome FASTER N=128, K=65, l=128, pz=0.109, #samples=10000, seed=943
PW construction
Event generator random seed: 943
SCL #err deg : 34 / 100
SCL #err weighted degeneracy : 30 30 31 32 37 41 
degeneracy helps : 11 11 11 12 11 10 
degeneracy worse : 7 7 8 10 14 17 
SCL #err deg : 72 / 200
SCL #err weighted degeneracy : 59 59 59 66 72 76 
degeneracy helps : 25 25 27 27 27 26 
degeneracy worse : 12 12 14 21 27 30 
SCL #err deg : 107 / 300
SCL #err weighted degeneracy : 93 93 94 103 109 112 
degeneracy helps : 33 33 34 33 34 35 
degeneracy worse : 19 19 21 29 36 40 
SCL #err deg : 143 / 400
SCL #err weighted degeneracy : 124 124 126 139 143 149 
degeneracy helps : 45 44 46 45 48 49 
degeneracy worse : 26 26 29 41 48 55 
SCL #err deg : 182 / 500
SCL #err weighted degeneracy : 156 156 161 177 183 190 
degeneracy helps : 58 57 59 58 61 63 
degeneracy worse : 32 32 38 53 62 71 
SCL #err deg : 224 / 600
SCL #err weighted degeneracy : 189 189 195 211 219 228 
degeneracy helps : 72 71 73 74 77 79 
degeneracy worse : 37 37 44 61 72 83 
SCL #err deg : 263 / 700
SCL #err weighted degeneracy : 215 215 222 239 248 259 
degeneracy helps : 88 87 89 89 91 92 
degeneracy worse : 40 40 48 65 76 88 
SCL #err deg : 296 / 800
SCL #err weighted degeneracy : 241 241 249 268 280 290 
degeneracy helps : 99 98 101 100 101 103 
degeneracy worse : 45 45 54 72 85 97 
SCL #err deg : 328 / 900
SCL #err weighted degeneracy : 269 269 279 301 313 323 
degeneracy helps : 110 109 113 112 113 116 
degeneracy worse : 53 53 64 85 98 111 
SCL #err deg : 363 / 1000
SCL #err weighted degeneracy : 309 309 318 340 355 365 
degeneracy helps : 118 117 122 121 121 124 
degeneracy worse : 66 66 77 98 113 126 
SCL #err deg : 402 / 1100
SCL #err weighted degeneracy : 350 350 359 380 396 408 
degeneracy helps : 128 127 133 134 135 138 
degeneracy worse : 78 78 90 112 129 144 
SCL #err deg : 436 / 1200
SCL #err weighted degeneracy : 385 385 392 413 430 443 
degeneracy helps : 133 132 140 142 143 146 
degeneracy worse : 84 84 96 119 137 153 
SCL #err deg : 473 / 1300
SCL #err weighted degeneracy : 419 419 426 451 471 485 
degeneracy helps : 143 142 150 151 154 157 
degeneracy worse : 91 91 103 129 152 169 
SCL #err deg : 513 / 1400
SCL #err weighted degeneracy : 450 450 456 485 507 522 
degeneracy helps : 157 156 165 165 167 171 
degeneracy worse : 96 96 108 137 161 180 
SCL #err deg : 549 / 1500
SCL #err weighted degeneracy : 488 488 495 526 550 567 
degeneracy helps : 164 163 173 173 176 180 
degeneracy worse : 106 106 119 150 177 198 
SCL #err deg : 590 / 1600
SCL #err weighted degeneracy : 524 524 531 563 587 607 
degeneracy helps : 173 172 182 183 187 190 
degeneracy worse : 110 110 123 156 184 207 
SCL #err deg : 629 / 1700
SCL #err weighted degeneracy : 562 562 569 601 624 642 
degeneracy helps : 183 182 192 193 197 201 
degeneracy worse : 119 119 132 165 192 214 
SCL #err deg : 668 / 1800
SCL #err weighted degeneracy : 605 605 611 645 668 685 
degeneracy helps : 189 188 199 201 205 209 
degeneracy worse : 129 129 142 178 205 226 
SCL #err deg : 706 / 1900
SCL #err weighted degeneracy : 640 640 646 680 704 724 
degeneracy helps : 197 196 207 209 216 222 
degeneracy worse : 134 134 147 183 214 240 
SCL #err deg : 742 / 2000
SCL #err weighted degeneracy : 674 674 681 717 741 762 
degeneracy helps : 204 203 214 217 224 229 
degeneracy worse : 139 139 153 192 223 249 
SCL #err deg : 771 / 2100
SCL #err weighted degeneracy : 703 703 710 747 775 797 
degeneracy helps : 214 213 224 228 234 239 
degeneracy worse : 149 149 163 204 238 265 
SCL #err deg : 796 / 2200
SCL #err weighted degeneracy : 727 727 735 779 808 831 
degeneracy helps : 222 221 232 236 244 250 
degeneracy worse : 156 156 171 219 256 285 
SCL #err deg : 826 / 2300
SCL #err weighted degeneracy : 757 757 768 812 841 865 
degeneracy helps : 231 230 240 243 252 258 
degeneracy worse : 165 165 182 229 267 297 
SCL #err deg : 857 / 2400
SCL #err weighted degeneracy : 785 785 797 844 875 901 
degeneracy helps : 243 242 252 255 265 270 
degeneracy worse : 174 174 192 242 283 314 
SCL #err deg : 888 / 2500
SCL #err weighted degeneracy : 820 820 833 881 914 939 
degeneracy helps : 251 250 260 263 273 280 
degeneracy worse : 186 186 205 256 299 331 
SCL #err deg : 925 / 2600
SCL #err weighted degeneracy : 847 847 860 909 942 967 
degeneracy helps : 263 263 273 277 287 295 
degeneracy worse : 189 189 208 261 304 337 
SCL #err deg : 954 / 2700
SCL #err weighted degeneracy : 876 876 889 937 971 998 
degeneracy helps : 270 270 280 285 294 304 
degeneracy worse : 196 196 215 268 311 348 
SCL #err deg : 980 / 2800
SCL #err weighted degeneracy : 906 906 918 965 1001 1029 
degeneracy helps : 279 279 289 295 304 314 
degeneracy worse : 209 209 227 280 325 363 
SCL #err deg : 1006 / 2900
SCL #err weighted degeneracy : 935 935 948 994 1032 1065 
degeneracy helps : 284 284 294 303 312 321 
degeneracy worse : 217 217 236 291 338 380 
SCL #err deg : 1035 / 3000
SCL #err weighted degeneracy : 964 964 979 1030 1069 1103 
degeneracy helps : 290 290 300 310 320 329 
degeneracy worse : 224 224 245 305 354 397 
SCL #err deg : 1073 / 3100
SCL #err weighted degeneracy : 994 994 1011 1062 1102 1135 
degeneracy helps : 302 302 313 323 333 344 
degeneracy worse : 228 228 252 312 362 406 
SCL #err deg : 1100 / 3200
SCL #err weighted degeneracy : 1022 1022 1039 1091 1131 1167 
degeneracy helps : 309 309 320 331 343 353 
degeneracy worse : 236 236 260 322 374 420 
SCL #err deg : 1141 / 3300
SCL #err weighted degeneracy : 1058 1058 1075 1130 1170 1208 
degeneracy helps : 323 323 334 344 357 366 
degeneracy worse : 245 245 269 333 386 433 
SCL #err deg : 1177 / 3400
SCL #err weighted degeneracy : 1095 1095 1111 1169 1208 1249 
degeneracy helps : 331 331 343 354 368 377 
degeneracy worse : 254 254 278 346 399 449 
SCL #err deg : 1216 / 3500
SCL #err weighted degeneracy : 1123 1123 1137 1198 1238 1281 
degeneracy helps : 350 350 363 373 387 394 
degeneracy worse : 262 262 285 355 409 459 
SCL #err deg : 1245 / 3600
SCL #err weighted degeneracy : 1151 1151 1166 1232 1272 1316 
degeneracy helps : 356 356 369 381 395 402 
degeneracy worse : 267 267 291 368 422 473 
SCL #err deg : 1277 / 3700
SCL #err weighted degeneracy : 1182 1182 1199 1264 1306 1348 
degeneracy helps : 366 366 379 393 408 416 
degeneracy worse : 276 276 302 380 437 487 
SCL #err deg : 1308 / 3800
SCL #err weighted degeneracy : 1211 1211 1227 1295 1339 1384 
degeneracy helps : 376 376 390 404 418 426 
degeneracy worse : 284 284 310 391 449 502 
SCL #err deg : 1351 / 3900
SCL #err weighted degeneracy : 1246 1246 1262 1325 1369 1417 
degeneracy helps : 388 388 402 421 436 442 
degeneracy worse : 288 288 314 395 454 508 
SCL #err deg : 1385 / 4000
SCL #err weighted degeneracy : 1281 1281 1296 1363 1407 1455 
degeneracy helps : 396 396 410 430 446 454 
degeneracy worse : 297 297 322 408 468 524 
SCL #err deg : 1424 / 4100
SCL #err weighted degeneracy : 1313 1313 1327 1397 1444 1494 
degeneracy helps : 408 408 423 442 458 466 
degeneracy worse : 302 302 327 415 478 536 
SCL #err deg : 1455 / 4200
SCL #err weighted degeneracy : 1337 1337 1351 1424 1471 1523 
degeneracy helps : 419 419 435 454 470 478 
degeneracy worse : 306 306 332 423 486 546 
SCL #err deg : 1492 / 4300
SCL #err weighted degeneracy : 1372 1372 1386 1459 1504 1557 
degeneracy helps : 430 430 446 465 482 490 
degeneracy worse : 315 315 341 432 494 555 
SCL #err deg : 1528 / 4400
SCL #err weighted degeneracy : 1400 1400 1414 1489 1536 1589 
degeneracy helps : 440 440 457 476 493 501 
degeneracy worse : 317 317 344 437 501 562 
SCL #err deg : 1559 / 4500
SCL #err weighted degeneracy : 1431 1431 1445 1520 1568 1624 
degeneracy helps : 446 447 465 484 501 508 
degeneracy worse : 324 324 352 445 510 573 
SCL #err deg : 1593 / 4600
SCL #err weighted degeneracy : 1461 1461 1474 1549 1600 1658 
degeneracy helps : 455 456 475 495 512 520 
degeneracy worse : 329 329 357 451 519 585 
SCL #err deg : 1635 / 4700
SCL #err weighted degeneracy : 1497 1497 1509 1586 1637 1699 
degeneracy helps : 466 467 487 507 525 532 
degeneracy worse : 334 334 362 458 527 596 
SCL #err deg : 1671 / 4800
SCL #err weighted degeneracy : 1533 1533 1546 1623 1677 1738 
degeneracy helps : 474 475 494 514 531 539 
degeneracy worse : 342 342 370 466 537 606 
SCL #err deg : 1705 / 4900
SCL #err weighted degeneracy : 1571 1571 1582 1659 1717 1782 
degeneracy helps : 478 479 501 524 540 549 
degeneracy worse : 351 351 379 478 552 626 
SCL #err deg : 1736 / 5000
SCL #err weighted degeneracy : 1599 1599 1609 1686 1746 1814 
degeneracy helps : 488 489 511 534 550 559 
degeneracy worse : 358 358 385 484 560 637 
SCL #err deg : 1769 / 5100
SCL #err weighted degeneracy : 1627 1627 1638 1717 1778 1847 
degeneracy helps : 501 502 524 547 563 572 
degeneracy worse : 366 366 394 495 572 650 
SCL #err deg : 1809 / 5200
SCL #err weighted degeneracy : 1658 1658 1669 1748 1810 1882 
degeneracy helps : 513 514 536 561 577 585 
degeneracy worse : 369 369 397 500 578 658 
SCL #err deg : 1842 / 5300
SCL #err weighted degeneracy : 1687 1687 1699 1784 1849 1922 
degeneracy helps : 526 527 548 571 587 594 
degeneracy worse : 378 378 406 513 594 674 
SCL #err deg : 1872 / 5400
SCL #err weighted degeneracy : 1716 1716 1729 1819 1886 1958 
degeneracy helps : 538 539 559 582 598 605 
degeneracy worse : 389 389 417 529 612 691 
SCL #err deg : 1910 / 5500
SCL #err weighted degeneracy : 1749 1749 1762 1855 1922 1997 
degeneracy helps : 553 554 574 595 611 617 
degeneracy worse : 399 399 427 540 623 704 
SCL #err deg : 1941 / 5600
SCL #err weighted degeneracy : 1776 1776 1789 1888 1955 2034 
degeneracy helps : 565 566 586 607 624 630 
degeneracy worse : 407 407 435 554 638 723 
SCL #err deg : 1974 / 5700
SCL #err weighted degeneracy : 1810 1810 1824 1927 1996 2079 
degeneracy helps : 575 576 595 616 633 638 
degeneracy worse : 418 418 446 569 655 743 
SCL #err deg : 2002 / 5800
SCL #err weighted degeneracy : 1832 1832 1847 1952 2027 2114 
degeneracy helps : 585 586 605 626 643 648 
degeneracy worse : 422 422 451 576 668 760 
SCL #err deg : 2038 / 5900
SCL #err weighted degeneracy : 1863 1863 1878 1989 2064 2150 
degeneracy helps : 596 598 618 639 656 663 
degeneracy worse : 429 429 459 590 682 775 
SCL #err deg : 2065 / 6000
SCL #err weighted degeneracy : 1897 1897 1911 2026 2105 2189 
degeneracy helps : 600 602 623 644 661 670 
degeneracy worse : 440 440 470 605 701 794 
SCL #err deg : 2099 / 6100
SCL #err weighted degeneracy : 1914 1914 1928 2045 2124 2207 
degeneracy helps : 621 623 644 665 682 693 
degeneracy worse : 444 444 474 611 707 801 
SCL #err deg : 2135 / 6200
SCL #err weighted degeneracy : 1947 1947 1962 2081 2161 2248 
degeneracy helps : 632 633 655 676 692 703 
degeneracy worse : 452 452 483 622 718 816 
SCL #err deg : 2171 / 6300
SCL #err weighted degeneracy : 1986 1986 2000 2121 2204 2293 
degeneracy helps : 639 640 662 683 698 709 
degeneracy worse : 462 462 492 633 731 831 
SCL #err deg : 2202 / 6400
SCL #err weighted degeneracy : 2014 2014 2028 2147 2231 2319 
degeneracy helps : 649 650 673 696 711 722 
degeneracy worse : 469 469 500 641 740 839 
SCL #err deg : 2236 / 6500
SCL #err weighted degeneracy : 2046 2046 2059 2183 2270 2357 
degeneracy helps : 656 657 682 705 721 734 
degeneracy worse : 475 475 506 652 755 855 
SCL #err deg : 2270 / 6600
SCL #err weighted degeneracy : 2080 2080 2093 2215 2303 2393 
degeneracy helps : 667 668 693 720 736 748 
degeneracy worse : 486 486 517 665 769 871 
SCL #err deg : 2300 / 6700
SCL #err weighted degeneracy : 2098 2098 2112 2235 2324 2417 
degeneracy helps : 684 685 709 736 752 763 
degeneracy worse : 491 491 522 671 776 880 
SCL #err deg : 2335 / 6800
SCL #err weighted degeneracy : 2127 2127 2144 2270 2359 2454 
degeneracy helps : 695 696 719 747 763 775 
degeneracy worse : 496 496 529 682 787 894 
SCL #err deg : 2376 / 6900
SCL #err weighted degeneracy : 2164 2164 2180 2311 2401 2494 
degeneracy helps : 704 705 729 756 771 786 
degeneracy worse : 501 501 534 691 796 904 
SCL #err deg : 2408 / 7000
SCL #err weighted degeneracy : 2188 2188 2205 2342 2435 2528 
degeneracy helps : 718 719 743 769 784 799 
degeneracy worse : 507 507 541 703 811 919 
SCL #err deg : 2443 / 7100
SCL #err weighted degeneracy : 2219 2219 2234 2374 2472 2564 
degeneracy helps : 729 731 757 782 797 814 
degeneracy worse : 515 515 549 713 826 935 
SCL #err deg : 2474 / 7200
SCL #err weighted degeneracy : 2249 2249 2265 2406 2502 2597 
degeneracy helps : 735 737 763 789 808 823 
degeneracy worse : 521 521 556 721 836 946 
SCL #err deg : 2509 / 7300
SCL #err weighted degeneracy : 2281 2281 2296 2440 2538 2634 
degeneracy helps : 746 748 775 801 819 834 
degeneracy worse : 529 529 564 732 848 959 
SCL #err deg : 2546 / 7400
SCL #err weighted degeneracy : 2310 2310 2325 2469 2569 2671 
degeneracy helps : 760 762 789 815 832 846 
degeneracy worse : 535 535 570 738 855 971 
SCL #err deg : 2577 / 7500
SCL #err weighted degeneracy : 2340 2340 2356 2502 2603 2705 
degeneracy helps : 771 773 799 827 844 858 
degeneracy worse : 545 545 580 752 870 986 
SCL #err deg : 2611 / 7600
SCL #err weighted degeneracy : 2370 2370 2385 2534 2636 2743 
degeneracy helps : 782 784 811 839 855 868 
degeneracy worse : 553 553 587 762 880 1000 
SCL #err deg : 2648 / 7700
SCL #err weighted degeneracy : 2406 2406 2422 2576 2678 2782 
degeneracy helps : 787 789 818 847 864 879 
degeneracy worse : 557 557 594 775 894 1013 
SCL #err deg : 2677 / 7800
SCL #err weighted degeneracy : 2431 2431 2448 2605 2708 2813 
degeneracy helps : 797 799 827 856 873 888 
degeneracy worse : 563 563 600 784 904 1024 
SCL #err deg : 2705 / 7900
SCL #err weighted degeneracy : 2458 2458 2476 2634 2739 2848 
degeneracy helps : 803 805 833 861 878 894 
degeneracy worse : 568 568 606 790 912 1037 
SCL #err deg : 2737 / 8000
SCL #err weighted degeneracy : 2487 2487 2505 2662 2767 2877 
degeneracy helps : 813 815 844 874 892 909 
degeneracy worse : 575 575 614 799 922 1049 
SCL #err deg : 2767 / 8100
SCL #err weighted degeneracy : 2519 2519 2539 2697 2804 2914 
degeneracy helps : 819 821 849 880 898 914 
degeneracy worse : 583 583 623 810 935 1061 
SCL #err deg : 2795 / 8200
SCL #err weighted degeneracy : 2541 2541 2561 2722 2832 2943 
degeneracy helps : 830 832 860 891 908 924 
degeneracy worse : 588 588 628 818 945 1072 
SCL #err deg : 2826 / 8300
SCL #err weighted degeneracy : 2568 2568 2588 2752 2863 2978 
degeneracy helps : 841 843 870 900 917 932 
degeneracy worse : 595 595 634 826 954 1084 
SCL #err deg : 2860 / 8400
SCL #err weighted degeneracy : 2594 2594 2615 2783 2897 3013 
degeneracy helps : 852 854 881 911 928 943 
degeneracy worse : 598 598 638 834 965 1096 
SCL #err deg : 2889 / 8500
SCL #err weighted degeneracy : 2627 2627 2648 2816 2929 3044 
degeneracy helps : 860 862 890 920 938 953 
degeneracy worse : 610 610 651 847 978 1108 
SCL #err deg : 2925 / 8600
SCL #err weighted degeneracy : 2664 2664 2684 2856 2970 3087 
degeneracy helps : 875 877 905 934 951 964 
degeneracy worse : 626 626 666 865 996 1126 
SCL #err deg : 2949 / 8700
SCL #err weighted degeneracy : 2692 2692 2710 2883 2997 3116 
degeneracy helps : 881 883 913 942 959 972 
degeneracy worse : 636 636 676 876 1007 1139 
SCL #err deg : 2988 / 8800
SCL #err weighted degeneracy : 2733 2733 2751 2923 3038 3158 
degeneracy helps : 893 895 925 954 971 984 
degeneracy worse : 650 650 690 889 1021 1154 
SCL #err deg : 3019 / 8900
SCL #err weighted degeneracy : 2755 2755 2776 2951 3066 3190 
degeneracy helps : 906 908 937 965 983 996 
degeneracy worse : 654 654 696 897 1030 1167 
SCL #err deg : 3054 / 9000
SCL #err weighted degeneracy : 2788 2788 2809 2984 3099 3222 
degeneracy helps : 915 917 947 976 995 1009 
degeneracy worse : 661 661 704 906 1040 1177 
SCL #err deg : 3089 / 9100
SCL #err weighted degeneracy : 2817 2817 2838 3013 3126 3247 
degeneracy helps : 926 928 958 988 1008 1023 
degeneracy worse : 666 666 709 912 1045 1181 
SCL #err deg : 3120 / 9200
SCL #err weighted degeneracy : 2847 2847 2866 3043 3156 3277 
degeneracy helps : 937 939 971 1002 1022 1036 
degeneracy worse : 676 676 719 925 1058 1193 
SCL #err deg : 3160 / 9300
SCL #err weighted degeneracy : 2882 2882 2902 3086 3199 3320 
degeneracy helps : 949 951 983 1013 1033 1048 
degeneracy worse : 683 683 727 939 1072 1208 
SCL #err deg : 3203 / 9400
SCL #err weighted degeneracy : 2918 2918 2938 3123 3237 3358 
degeneracy helps : 964 966 999 1030 1050 1064 
degeneracy worse : 692 692 736 950 1084 1219 
SCL #err deg : 3237 / 9500
SCL #err weighted degeneracy : 2963 2963 2983 3167 3282 3405 
degeneracy helps : 965 967 1002 1035 1055 1069 
degeneracy worse : 705 705 750 965 1100 1237 
SCL #err deg : 3276 / 9600
SCL #err weighted degeneracy : 2993 2993 3012 3196 3310 3433 
degeneracy helps : 979 981 1017 1051 1073 1086 
degeneracy worse : 710 710 755 971 1107 1243 
SCL #err deg : 3315 / 9700
SCL #err weighted degeneracy : 3025 3025 3043 3227 3343 3465 
degeneracy helps : 990 992 1029 1064 1085 1100 
degeneracy worse : 714 714 759 976 1113 1250 
SCL #err deg : 3351 / 9800
SCL #err weighted degeneracy : 3058 3058 3076 3264 3381 3508 
degeneracy helps : 1004 1006 1044 1077 1100 1113 
degeneracy worse : 726 726 771 990 1130 1270 
SCL #err deg : 3382 / 9900
SCL #err weighted degeneracy : 3083 3083 3101 3291 3410 3538 
degeneracy helps : 1015 1017 1056 1088 1111 1124 
degeneracy worse : 731 731 777 997 1139 1280 
SCL #err deg : 3412 / 10000
SCL #err weighted degeneracy : 3113 3113 3131 3320 3441 3568 
degeneracy helps : 1027 1029 1067 1100 1123 1136 
degeneracy worse : 743 743 788 1008 1152 1292 
average #flips: 13.9817
SCL #err considering degeneracy: 3412
error due to equal 1434
error due to SCL smaller 1978
Finish in 1140 s
