Simulation Polar syndrome FASTER N=128, K=65, l=128, pz=0.105, #samples=10000, seed=943
PW construction
Event generator random seed: 943
SCL #err deg : 31 / 100
SCL #err weighted degeneracy : 27 27 27 26 28 30 
degeneracy helps : 11 11 11 12 12 12 
degeneracy worse : 7 7 7 7 9 11 
SCL #err deg : 64 / 200
SCL #err weighted degeneracy : 46 46 48 50 55 58 
degeneracy helps : 26 27 27 30 28 28 
degeneracy worse : 9 9 11 16 19 22 
SCL #err deg : 85 / 300
SCL #err weighted degeneracy : 72 72 75 79 83 88 
degeneracy helps : 30 31 31 34 33 32 
degeneracy worse : 18 18 21 28 31 35 
SCL #err deg : 115 / 400
SCL #err weighted degeneracy : 98 98 101 112 118 122 
degeneracy helps : 42 43 43 45 44 44 
degeneracy worse : 26 26 29 42 47 51 
SCL #err deg : 148 / 500
SCL #err weighted degeneracy : 131 131 136 150 160 162 
degeneracy helps : 52 53 54 56 55 57 
degeneracy worse : 36 36 42 58 67 71 
SCL #err deg : 181 / 600
SCL #err weighted degeneracy : 155 155 161 179 190 192 
degeneracy helps : 64 65 66 69 67 70 
degeneracy worse : 39 39 46 67 76 81 
SCL #err deg : 213 / 700
SCL #err weighted degeneracy : 180 180 188 206 222 228 
degeneracy helps : 75 76 78 82 79 80 
degeneracy worse : 44 44 53 75 88 95 
SCL #err deg : 242 / 800
SCL #err weighted degeneracy : 202 202 211 234 254 262 
degeneracy helps : 85 86 88 93 89 91 
degeneracy worse : 47 47 57 85 101 111 
SCL #err deg : 265 / 900
SCL #err weighted degeneracy : 225 225 237 262 283 293 
degeneracy helps : 94 95 96 101 97 100 
degeneracy worse : 56 56 68 98 115 128 
SCL #err deg : 292 / 1000
SCL #err weighted degeneracy : 256 256 267 295 318 326 
degeneracy helps : 106 107 109 114 110 114 
degeneracy worse : 72 72 84 117 136 148 
SCL #err deg : 331 / 1100
SCL #err weighted degeneracy : 296 296 306 335 359 371 
degeneracy helps : 114 115 118 125 120 122 
degeneracy worse : 81 81 93 129 148 162 
SCL #err deg : 364 / 1200
SCL #err weighted degeneracy : 328 328 337 366 391 405 
degeneracy helps : 122 123 126 135 129 131 
degeneracy worse : 88 88 99 137 156 172 
SCL #err deg : 387 / 1300
SCL #err weighted degeneracy : 356 356 365 395 422 438 
degeneracy helps : 129 130 134 144 138 140 
degeneracy worse : 100 100 112 152 173 191 
SCL #err deg : 423 / 1400
SCL #err weighted degeneracy : 386 386 395 428 455 474 
degeneracy helps : 141 142 146 154 149 151 
degeneracy worse : 106 106 118 159 181 202 
SCL #err deg : 460 / 1500
SCL #err weighted degeneracy : 425 425 434 468 497 516 
degeneracy helps : 149 150 154 163 157 159 
degeneracy worse : 116 116 128 171 194 215 
SCL #err deg : 496 / 1600
SCL #err weighted degeneracy : 460 460 469 503 534 553 
degeneracy helps : 159 160 164 174 169 174 
degeneracy worse : 125 125 137 181 207 231 
SCL #err deg : 529 / 1700
SCL #err weighted degeneracy : 491 491 499 532 565 586 
degeneracy helps : 167 168 173 184 178 183 
degeneracy worse : 131 131 143 187 214 240 
SCL #err deg : 566 / 1800
SCL #err weighted degeneracy : 532 532 541 573 606 627 
degeneracy helps : 171 172 177 191 186 191 
degeneracy worse : 139 139 152 198 226 252 
SCL #err deg : 598 / 1900
SCL #err weighted degeneracy : 564 564 573 605 642 663 
degeneracy helps : 176 177 182 196 191 198 
degeneracy worse : 144 144 157 203 235 263 
SCL #err deg : 626 / 2000
SCL #err weighted degeneracy : 591 591 600 634 673 693 
degeneracy helps : 185 186 191 205 199 206 
degeneracy worse : 152 152 165 213 246 273 
SCL #err deg : 654 / 2100
SCL #err weighted degeneracy : 619 619 628 666 706 727 
degeneracy helps : 192 193 198 211 206 213 
degeneracy worse : 159 159 172 223 258 286 
SCL #err deg : 679 / 2200
SCL #err weighted degeneracy : 639 639 648 688 728 752 
degeneracy helps : 200 201 206 220 217 225 
degeneracy worse : 162 162 175 229 266 298 
SCL #err deg : 713 / 2300
SCL #err weighted degeneracy : 663 663 673 715 758 785 
degeneracy helps : 212 213 217 230 227 235 
degeneracy worse : 164 164 177 232 272 307 
SCL #err deg : 744 / 2400
SCL #err weighted degeneracy : 691 691 703 747 794 824 
degeneracy helps : 221 222 226 240 236 245 
degeneracy worse : 170 170 185 243 286 325 
SCL #err deg : 776 / 2500
SCL #err weighted degeneracy : 720 720 731 779 828 859 
degeneracy helps : 233 234 239 251 246 256 
degeneracy worse : 179 179 194 254 298 339 
SCL #err deg : 810 / 2600
SCL #err weighted degeneracy : 741 741 752 802 852 884 
degeneracy helps : 248 249 254 266 260 271 
degeneracy worse : 181 181 196 258 302 345 
SCL #err deg : 842 / 2700
SCL #err weighted degeneracy : 771 771 782 828 883 915 
degeneracy helps : 259 260 265 280 272 284 
degeneracy worse : 190 190 205 266 313 357 
SCL #err deg : 873 / 2800
SCL #err weighted degeneracy : 797 797 807 855 912 947 
degeneracy helps : 270 271 276 292 284 295 
degeneracy worse : 196 196 210 274 323 369 
SCL #err deg : 906 / 2900
SCL #err weighted degeneracy : 822 822 833 883 942 981 
degeneracy helps : 284 285 290 306 296 305 
degeneracy worse : 202 202 217 283 332 380 
SCL #err deg : 931 / 3000
SCL #err weighted degeneracy : 847 847 860 912 973 1013 
degeneracy helps : 293 294 297 313 303 313 
degeneracy worse : 211 211 226 294 345 395 
SCL #err deg : 965 / 3100
SCL #err weighted degeneracy : 878 878 893 948 1011 1052 
degeneracy helps : 306 307 310 325 315 325 
degeneracy worse : 221 221 238 308 361 412 
SCL #err deg : 990 / 3200
SCL #err weighted degeneracy : 901 901 916 971 1036 1081 
degeneracy helps : 312 313 316 331 322 332 
degeneracy worse : 225 225 242 312 368 423 
SCL #err deg : 1024 / 3300
SCL #err weighted degeneracy : 933 933 950 1006 1075 1125 
degeneracy helps : 325 326 328 344 334 344 
degeneracy worse : 236 236 254 326 385 445 
SCL #err deg : 1067 / 3400
SCL #err weighted degeneracy : 966 966 982 1039 1110 1162 
degeneracy helps : 338 338 343 358 347 358 
degeneracy worse : 239 239 258 330 390 453 
SCL #err deg : 1096 / 3500
SCL #err weighted degeneracy : 992 992 1008 1065 1140 1194 
degeneracy helps : 346 346 351 368 358 370 
degeneracy worse : 244 244 263 337 402 468 
SCL #err deg : 1126 / 3600
SCL #err weighted degeneracy : 1020 1020 1036 1091 1170 1225 
degeneracy helps : 354 353 360 379 369 382 
degeneracy worse : 250 250 270 344 413 481 
SCL #err deg : 1152 / 3700
SCL #err weighted degeneracy : 1050 1050 1065 1121 1204 1260 
degeneracy helps : 361 360 368 387 379 391 
degeneracy worse : 261 261 281 356 431 499 
SCL #err deg : 1185 / 3800
SCL #err weighted degeneracy : 1081 1081 1095 1150 1235 1293 
degeneracy helps : 370 369 377 397 388 398 
degeneracy worse : 268 268 287 362 438 506 
SCL #err deg : 1223 / 3900
SCL #err weighted degeneracy : 1114 1114 1128 1180 1268 1328 
degeneracy helps : 384 383 391 414 404 416 
degeneracy worse : 277 277 296 371 449 521 
SCL #err deg : 1254 / 4000
SCL #err weighted degeneracy : 1147 1147 1161 1216 1307 1366 
degeneracy helps : 392 391 399 422 411 422 
degeneracy worse : 287 287 306 384 464 534 
SCL #err deg : 1285 / 4100
SCL #err weighted degeneracy : 1181 1181 1194 1249 1344 1404 
degeneracy helps : 399 398 407 430 419 428 
degeneracy worse : 297 297 316 394 478 547 
SCL #err deg : 1313 / 4200
SCL #err weighted degeneracy : 1202 1202 1216 1275 1371 1430 
degeneracy helps : 410 409 418 441 430 440 
degeneracy worse : 301 301 321 403 488 557 
SCL #err deg : 1347 / 4300
SCL #err weighted degeneracy : 1228 1228 1242 1302 1397 1457 
degeneracy helps : 423 422 431 454 443 453 
degeneracy worse : 306 306 326 409 493 563 
SCL #err deg : 1378 / 4400
SCL #err weighted degeneracy : 1253 1253 1266 1326 1422 1487 
degeneracy helps : 434 433 444 467 456 465 
degeneracy worse : 311 311 332 415 500 574 
SCL #err deg : 1409 / 4500
SCL #err weighted degeneracy : 1282 1282 1294 1356 1453 1519 
degeneracy helps : 440 439 451 475 465 474 
degeneracy worse : 315 315 336 422 509 584 
SCL #err deg : 1440 / 4600
SCL #err weighted degeneracy : 1309 1309 1322 1383 1480 1549 
degeneracy helps : 450 449 461 487 480 488 
degeneracy worse : 321 321 343 430 520 597 
SCL #err deg : 1479 / 4700
SCL #err weighted degeneracy : 1344 1344 1355 1415 1517 1589 
degeneracy helps : 460 459 473 501 494 502 
degeneracy worse : 327 327 349 437 532 612 
SCL #err deg : 1513 / 4800
SCL #err weighted degeneracy : 1377 1377 1388 1451 1552 1626 
degeneracy helps : 472 471 485 514 509 516 
degeneracy worse : 338 338 360 452 548 629 
SCL #err deg : 1542 / 4900
SCL #err weighted degeneracy : 1407 1407 1418 1479 1583 1660 
degeneracy helps : 478 477 492 523 518 525 
degeneracy worse : 345 345 368 460 559 643 
SCL #err deg : 1570 / 5000
SCL #err weighted degeneracy : 1432 1432 1440 1504 1611 1689 
degeneracy helps : 489 488 505 535 530 536 
degeneracy worse : 353 353 375 469 571 655 
SCL #err deg : 1594 / 5100
SCL #err weighted degeneracy : 1454 1454 1464 1531 1641 1722 
degeneracy helps : 500 499 516 547 540 546 
degeneracy worse : 362 362 386 484 587 674 
SCL #err deg : 1627 / 5200
SCL #err weighted degeneracy : 1488 1488 1500 1569 1683 1767 
degeneracy helps : 507 506 523 556 547 553 
degeneracy worse : 370 370 396 498 603 693 
SCL #err deg : 1657 / 5300
SCL #err weighted degeneracy : 1512 1512 1526 1598 1713 1797 
degeneracy helps : 518 517 534 567 558 565 
degeneracy worse : 375 375 403 508 614 705 
SCL #err deg : 1684 / 5400
SCL #err weighted degeneracy : 1537 1537 1551 1626 1744 1830 
degeneracy helps : 529 528 547 579 570 577 
degeneracy worse : 386 386 414 521 630 723 
SCL #err deg : 1719 / 5500
SCL #err weighted degeneracy : 1565 1565 1578 1655 1774 1862 
degeneracy helps : 541 540 560 593 585 591 
degeneracy worse : 391 391 419 529 640 734 
SCL #err deg : 1747 / 5600
SCL #err weighted degeneracy : 1595 1595 1608 1687 1810 1897 
degeneracy helps : 550 549 569 600 592 599 
degeneracy worse : 402 402 430 540 655 749 
SCL #err deg : 1775 / 5700
SCL #err weighted degeneracy : 1626 1626 1639 1721 1847 1936 
degeneracy helps : 557 555 576 607 598 606 
degeneracy worse : 412 412 440 553 670 767 
SCL #err deg : 1795 / 5800
SCL #err weighted degeneracy : 1648 1648 1662 1746 1875 1965 
degeneracy helps : 558 556 577 609 600 608 
degeneracy worse : 415 415 444 560 680 778 
SCL #err deg : 1821 / 5900
SCL #err weighted degeneracy : 1676 1676 1690 1778 1907 2000 
degeneracy helps : 565 564 585 619 611 619 
degeneracy worse : 425 425 454 576 697 798 
SCL #err deg : 1855 / 6000
SCL #err weighted degeneracy : 1704 1704 1718 1811 1944 2038 
degeneracy helps : 575 574 595 626 616 624 
degeneracy worse : 429 429 458 582 705 807 
SCL #err deg : 1877 / 6100
SCL #err weighted degeneracy : 1724 1724 1739 1833 1968 2063 
degeneracy helps : 587 586 607 638 628 636 
degeneracy worse : 439 439 469 594 719 822 
SCL #err deg : 1911 / 6200
SCL #err weighted degeneracy : 1748 1748 1764 1860 1998 2093 
degeneracy helps : 603 602 623 654 644 652 
degeneracy worse : 445 445 476 603 731 834 
SCL #err deg : 1941 / 6300
SCL #err weighted degeneracy : 1779 1779 1794 1892 2028 2123 
degeneracy helps : 611 610 632 662 653 662 
degeneracy worse : 454 454 485 613 740 844 
SCL #err deg : 1967 / 6400
SCL #err weighted degeneracy : 1805 1805 1822 1920 2057 2155 
degeneracy helps : 619 618 640 671 662 671 
degeneracy worse : 462 462 495 624 752 859 
SCL #err deg : 2001 / 6500
SCL #err weighted degeneracy : 1836 1836 1853 1953 2090 2191 
degeneracy helps : 627 626 648 680 672 682 
degeneracy worse : 467 467 500 632 761 872 
SCL #err deg : 2030 / 6600
SCL #err weighted degeneracy : 1865 1865 1881 1981 2118 2221 
degeneracy helps : 633 632 655 688 682 693 
degeneracy worse : 473 473 506 639 770 884 
SCL #err deg : 2050 / 6700
SCL #err weighted degeneracy : 1881 1881 1897 1999 2138 2241 
degeneracy helps : 644 643 667 700 694 705 
degeneracy worse : 480 480 514 649 782 896 
SCL #err deg : 2081 / 6800
SCL #err weighted degeneracy : 1910 1910 1928 2031 2169 2278 
degeneracy helps : 651 650 675 710 707 714 
degeneracy worse : 486 486 522 660 795 911 
SCL #err deg : 2120 / 6900
SCL #err weighted degeneracy : 1945 1945 1963 2071 2209 2321 
degeneracy helps : 662 661 686 719 716 724 
degeneracy worse : 493 493 529 670 805 925 
SCL #err deg : 2152 / 7000
SCL #err weighted degeneracy : 1970 1970 1989 2101 2239 2351 
degeneracy helps : 672 671 696 728 727 735 
degeneracy worse : 496 496 533 677 814 934 
SCL #err deg : 2188 / 7100
SCL #err weighted degeneracy : 2000 2000 2018 2129 2270 2382 
degeneracy helps : 684 683 709 742 740 749 
degeneracy worse : 502 502 539 683 822 943 
SCL #err deg : 2217 / 7200
SCL #err weighted degeneracy : 2027 2027 2046 2159 2301 2415 
degeneracy helps : 692 691 717 750 748 757 
degeneracy worse : 508 508 546 692 832 955 
SCL #err deg : 2251 / 7300
SCL #err weighted degeneracy : 2054 2054 2075 2187 2331 2448 
degeneracy helps : 703 702 728 762 759 768 
degeneracy worse : 512 512 552 698 839 965 
SCL #err deg : 2281 / 7400
SCL #err weighted degeneracy : 2080 2080 2100 2213 2358 2475 
degeneracy helps : 714 713 739 773 770 778 
degeneracy worse : 519 519 558 705 847 972 
SCL #err deg : 2311 / 7500
SCL #err weighted degeneracy : 2108 2108 2129 2243 2389 2510 
degeneracy helps : 724 723 748 783 781 787 
degeneracy worse : 527 527 566 715 859 986 
SCL #err deg : 2339 / 7600
SCL #err weighted degeneracy : 2134 2134 2155 2270 2418 2537 
degeneracy helps : 732 732 757 793 791 799 
degeneracy worse : 534 534 573 724 870 997 
SCL #err deg : 2376 / 7700
SCL #err weighted degeneracy : 2169 2169 2193 2309 2456 2578 
degeneracy helps : 740 740 765 802 802 810 
degeneracy worse : 540 540 582 735 882 1012 
SCL #err deg : 2400 / 7800
SCL #err weighted degeneracy : 2193 2193 2218 2337 2485 2609 
degeneracy helps : 746 746 772 810 810 818 
degeneracy worse : 547 547 590 747 895 1027 
SCL #err deg : 2432 / 7900
SCL #err weighted degeneracy : 2218 2218 2243 2362 2514 2638 
degeneracy helps : 757 757 783 821 821 829 
degeneracy worse : 551 551 594 751 903 1035 
SCL #err deg : 2464 / 8000
SCL #err weighted degeneracy : 2244 2244 2270 2389 2540 2664 
degeneracy helps : 767 767 794 834 835 844 
degeneracy worse : 555 555 600 759 911 1044 
SCL #err deg : 2492 / 8100
SCL #err weighted degeneracy : 2270 2270 2298 2416 2568 2695 
degeneracy helps : 775 775 802 845 847 855 
degeneracy worse : 561 561 608 769 923 1058 
SCL #err deg : 2520 / 8200
SCL #err weighted degeneracy : 2294 2294 2321 2441 2594 2721 
degeneracy helps : 784 784 812 856 858 866 
degeneracy worse : 566 566 613 777 932 1067 
SCL #err deg : 2548 / 8300
SCL #err weighted degeneracy : 2317 2317 2345 2466 2621 2747 
degeneracy helps : 794 794 821 866 868 877 
degeneracy worse : 571 571 619 784 941 1076 
SCL #err deg : 2587 / 8400
SCL #err weighted degeneracy : 2348 2348 2376 2497 2655 2784 
degeneracy helps : 810 810 837 882 884 892 
degeneracy worse : 579 579 627 792 952 1089 
SCL #err deg : 2612 / 8500
SCL #err weighted degeneracy : 2376 2376 2405 2526 2688 2816 
degeneracy helps : 816 816 843 889 891 899 
degeneracy worse : 588 588 637 803 967 1103 
SCL #err deg : 2645 / 8600
SCL #err weighted degeneracy : 2407 2407 2436 2561 2724 2854 
degeneracy helps : 827 827 855 901 902 909 
degeneracy worse : 598 598 647 817 981 1118 
SCL #err deg : 2672 / 8700
SCL #err weighted degeneracy : 2431 2431 2461 2585 2751 2882 
degeneracy helps : 835 835 863 912 911 920 
degeneracy worse : 603 603 653 825 990 1130 
SCL #err deg : 2713 / 8800
SCL #err weighted degeneracy : 2467 2467 2497 2621 2790 2922 
degeneracy helps : 846 846 875 925 924 932 
degeneracy worse : 609 609 660 833 1001 1141 
SCL #err deg : 2742 / 8900
SCL #err weighted degeneracy : 2491 2491 2522 2647 2818 2953 
degeneracy helps : 857 857 886 936 936 944 
degeneracy worse : 616 616 667 841 1012 1155 
SCL #err deg : 2783 / 9000
SCL #err weighted degeneracy : 2530 2530 2562 2687 2861 2995 
degeneracy helps : 866 866 895 946 946 955 
degeneracy worse : 623 623 675 850 1024 1167 
SCL #err deg : 2808 / 9100
SCL #err weighted degeneracy : 2555 2555 2588 2714 2890 3024 
degeneracy helps : 870 870 899 951 951 961 
degeneracy worse : 627 627 680 857 1033 1177 
SCL #err deg : 2841 / 9200
SCL #err weighted degeneracy : 2582 2582 2616 2740 2917 3052 
degeneracy helps : 881 881 909 964 964 975 
degeneracy worse : 633 633 686 863 1040 1186 
SCL #err deg : 2866 / 9300
SCL #err weighted degeneracy : 2610 2610 2645 2774 2954 3088 
degeneracy helps : 887 887 914 969 969 981 
degeneracy worse : 642 642 695 877 1057 1203 
SCL #err deg : 2905 / 9400
SCL #err weighted degeneracy : 2647 2647 2681 2810 2992 3123 
degeneracy helps : 900 900 927 982 982 996 
degeneracy worse : 654 654 706 887 1069 1214 
SCL #err deg : 2940 / 9500
SCL #err weighted degeneracy : 2684 2684 2719 2846 3031 3163 
degeneracy helps : 907 907 934 991 992 1005 
degeneracy worse : 663 663 716 897 1083 1228 
SCL #err deg : 2971 / 9600
SCL #err weighted degeneracy : 2713 2713 2748 2875 3061 3195 
degeneracy helps : 917 917 944 1002 1003 1016 
degeneracy worse : 671 671 724 906 1093 1240 
SCL #err deg : 3006 / 9700
SCL #err weighted degeneracy : 2747 2747 2782 2906 3095 3231 
degeneracy helps : 927 927 954 1016 1017 1030 
degeneracy worse : 680 680 733 916 1106 1255 
SCL #err deg : 3040 / 9800
SCL #err weighted degeneracy : 2776 2776 2811 2937 3125 3263 
degeneracy helps : 940 940 967 1028 1030 1044 
degeneracy worse : 688 688 741 925 1115 1267 
SCL #err deg : 3076 / 9900
SCL #err weighted degeneracy : 2809 2809 2844 2970 3159 3299 
degeneracy helps : 950 950 978 1039 1042 1055 
degeneracy worse : 695 695 749 933 1125 1278 
SCL #err deg : 3106 / 10000
SCL #err weighted degeneracy : 2832 2832 2866 2992 3184 3324 
degeneracy helps : 959 959 989 1050 1053 1068 
degeneracy worse : 698 698 752 936 1131 1286 
average #flips: 13.471
SCL #err considering degeneracy: 3106
error due to equal 1388
error due to SCL smaller 1718
Finish in 1117 s
