Simulation Polar syndrome FASTER N=512, K=257, l=128, pz=0.09, #samples=10000, seed=943
PW construction
Event generator random seed: 943
SCL #err deg : 10 / 100
SCL #err weighted degeneracy : 4 4 4 4 4 4 
degeneracy helps : 6 6 6 6 6 6 
degeneracy worse : 0 0 0 0 0 0 
SCL #err deg : 22 / 200
SCL #err weighted degeneracy : 11 11 10 10 10 10 
degeneracy helps : 11 11 12 13 13 13 
degeneracy worse : 0 0 0 1 1 1 
SCL #err deg : 33 / 300
SCL #err weighted degeneracy : 19 19 18 19 18 20 
degeneracy helps : 18 18 19 20 21 20 
degeneracy worse : 4 4 4 6 6 7 
SCL #err deg : 46 / 400
SCL #err weighted degeneracy : 34 34 35 38 37 38 
degeneracy helps : 23 23 24 25 26 26 
degeneracy worse : 11 11 13 17 17 18 
SCL #err deg : 57 / 500
SCL #err weighted degeneracy : 44 44 46 49 49 51 
degeneracy helps : 26 26 27 28 29 29 
degeneracy worse : 13 13 16 20 21 23 
SCL #err deg : 68 / 600
SCL #err weighted degeneracy : 55 55 58 61 61 62 
degeneracy helps : 30 30 31 32 33 33 
degeneracy worse : 17 17 21 25 26 27 
SCL #err deg : 78 / 700
SCL #err weighted degeneracy : 62 62 65 67 68 68 
degeneracy helps : 35 35 36 38 39 39 
degeneracy worse : 19 19 23 27 29 29 
SCL #err deg : 84 / 800
SCL #err weighted degeneracy : 68 68 72 76 78 79 
degeneracy helps : 36 36 37 39 40 40 
degeneracy worse : 20 20 25 31 34 35 
SCL #err deg : 94 / 900
SCL #err weighted degeneracy : 74 74 79 83 85 86 
degeneracy helps : 42 42 43 46 47 47 
degeneracy worse : 22 22 28 35 38 39 
SCL #err deg : 104 / 1000
SCL #err weighted degeneracy : 86 86 93 98 100 100 
degeneracy helps : 43 43 44 47 48 48 
degeneracy worse : 25 25 33 41 44 44 
SCL #err deg : 115 / 1100
SCL #err weighted degeneracy : 96 96 105 109 111 112 
degeneracy helps : 46 46 46 49 50 50 
degeneracy worse : 27 27 36 43 46 47 
SCL #err deg : 129 / 1200
SCL #err weighted degeneracy : 109 109 119 125 128 128 
degeneracy helps : 50 50 49 51 52 54 
degeneracy worse : 30 30 39 47 51 53 
SCL #err deg : 136 / 1300
SCL #err weighted degeneracy : 117 117 129 136 139 139 
degeneracy helps : 52 52 51 53 54 56 
degeneracy worse : 33 33 44 53 57 59 
SCL #err deg : 152 / 1400
SCL #err weighted degeneracy : 127 127 139 146 149 149 
degeneracy helps : 59 59 58 60 62 64 
degeneracy worse : 34 34 45 54 59 61 
SCL #err deg : 164 / 1500
SCL #err weighted degeneracy : 135 135 147 156 160 159 
degeneracy helps : 65 65 65 65 67 70 
degeneracy worse : 36 36 48 57 63 65 
SCL #err deg : 178 / 1600
SCL #err weighted degeneracy : 150 150 160 168 173 170 
degeneracy helps : 66 66 68 70 72 75 
degeneracy worse : 38 38 50 60 67 67 
SCL #err deg : 189 / 1700
SCL #err weighted degeneracy : 161 161 171 178 185 182 
degeneracy helps : 68 68 70 73 75 78 
degeneracy worse : 40 40 52 62 71 71 
SCL #err deg : 193 / 1800
SCL #err weighted degeneracy : 167 167 177 185 192 189 
degeneracy helps : 69 69 72 75 77 80 
degeneracy worse : 43 43 56 67 76 76 
SCL #err deg : 210 / 1900
SCL #err weighted degeneracy : 183 183 193 199 207 204 
degeneracy helps : 74 74 77 81 83 86 
degeneracy worse : 47 47 60 70 80 80 
SCL #err deg : 217 / 2000
SCL #err weighted degeneracy : 190 190 201 206 214 212 
degeneracy helps : 75 75 79 84 86 89 
degeneracy worse : 48 48 63 73 83 84 
SCL #err deg : 229 / 2100
SCL #err weighted degeneracy : 200 200 212 218 226 224 
degeneracy helps : 80 80 84 89 91 94 
degeneracy worse : 51 51 67 78 88 89 
SCL #err deg : 242 / 2200
SCL #err weighted degeneracy : 216 216 229 235 243 242 
degeneracy helps : 80 80 85 90 92 95 
degeneracy worse : 54 54 72 83 93 95 
SCL #err deg : 254 / 2300
SCL #err weighted degeneracy : 223 223 236 242 250 249 
degeneracy helps : 86 86 91 97 99 102 
degeneracy worse : 56 56 74 85 95 97 
SCL #err deg : 267 / 2400
SCL #err weighted degeneracy : 237 237 250 256 263 261 
degeneracy helps : 89 89 94 101 104 107 
degeneracy worse : 60 60 78 90 100 101 
SCL #err deg : 276 / 2500
SCL #err weighted degeneracy : 247 247 259 263 270 268 
degeneracy helps : 91 91 97 106 109 112 
degeneracy worse : 63 63 81 93 103 104 
SCL #err deg : 289 / 2600
SCL #err weighted degeneracy : 263 263 275 280 287 285 
degeneracy helps : 92 92 98 107 110 113 
degeneracy worse : 67 67 85 98 108 109 
SCL #err deg : 300 / 2700
SCL #err weighted degeneracy : 271 271 283 289 297 294 
degeneracy helps : 95 95 102 111 114 118 
degeneracy worse : 68 68 86 100 111 112 
SCL #err deg : 307 / 2800
SCL #err weighted degeneracy : 278 278 293 300 308 305 
degeneracy helps : 97 97 103 112 115 119 
degeneracy worse : 70 70 90 105 116 117 
SCL #err deg : 316 / 2900
SCL #err weighted degeneracy : 287 287 303 310 317 314 
degeneracy helps : 100 100 106 115 119 123 
degeneracy worse : 73 73 94 109 120 121 
SCL #err deg : 325 / 3000
SCL #err weighted degeneracy : 299 299 315 322 330 326 
degeneracy helps : 100 100 106 115 119 124 
degeneracy worse : 76 76 97 112 124 125 
SCL #err deg : 333 / 3100
SCL #err weighted degeneracy : 305 305 321 329 337 333 
degeneracy helps : 104 104 110 119 123 128 
degeneracy worse : 78 78 99 115 127 128 
SCL #err deg : 348 / 3200
SCL #err weighted degeneracy : 318 318 334 342 351 346 
degeneracy helps : 108 108 114 123 127 133 
degeneracy worse : 80 80 101 117 130 131 
SCL #err deg : 360 / 3300
SCL #err weighted degeneracy : 322 322 341 350 360 357 
degeneracy helps : 117 117 121 130 133 138 
degeneracy worse : 81 81 103 120 133 135 
SCL #err deg : 370 / 3400
SCL #err weighted degeneracy : 328 328 349 358 369 366 
degeneracy helps : 121 121 125 134 137 142 
degeneracy worse : 81 81 105 122 136 138 
SCL #err deg : 384 / 3500
SCL #err weighted degeneracy : 338 338 359 367 380 376 
degeneracy helps : 125 125 130 140 143 148 
degeneracy worse : 81 81 106 123 139 140 
SCL #err deg : 394 / 3600
SCL #err weighted degeneracy : 344 344 365 375 387 383 
degeneracy helps : 129 129 134 143 147 152 
degeneracy worse : 81 81 106 124 140 141 
SCL #err deg : 407 / 3700
SCL #err weighted degeneracy : 358 358 379 390 402 398 
degeneracy helps : 133 133 138 147 151 156 
degeneracy worse : 86 86 111 130 146 147 
SCL #err deg : 419 / 3800
SCL #err weighted degeneracy : 363 363 385 396 409 405 
degeneracy helps : 141 141 146 155 158 163 
degeneracy worse : 87 87 113 132 148 149 
SCL #err deg : 431 / 3900
SCL #err weighted degeneracy : 376 376 398 409 424 420 
degeneracy helps : 141 141 146 156 160 165 
degeneracy worse : 88 88 114 134 153 154 
SCL #err deg : 444 / 4000
SCL #err weighted degeneracy : 384 384 406 417 432 428 
degeneracy helps : 147 147 152 162 166 171 
degeneracy worse : 89 89 115 135 154 155 
SCL #err deg : 460 / 4100
SCL #err weighted degeneracy : 403 403 422 433 447 442 
degeneracy helps : 149 149 157 168 173 178 
degeneracy worse : 94 94 120 141 160 160 
SCL #err deg : 471 / 4200
SCL #err weighted degeneracy : 414 414 433 445 459 454 
degeneracy helps : 153 153 161 171 176 181 
degeneracy worse : 98 98 124 145 164 164 
SCL #err deg : 480 / 4300
SCL #err weighted degeneracy : 422 422 441 453 466 461 
degeneracy helps : 156 156 164 174 180 185 
degeneracy worse : 100 100 126 147 166 166 
SCL #err deg : 493 / 4400
SCL #err weighted degeneracy : 435 435 454 466 480 475 
degeneracy helps : 158 158 166 176 182 187 
degeneracy worse : 102 102 128 149 169 169 
SCL #err deg : 503 / 4500
SCL #err weighted degeneracy : 445 445 464 476 492 487 
degeneracy helps : 159 159 167 179 185 190 
degeneracy worse : 103 103 129 152 174 174 
SCL #err deg : 513 / 4600
SCL #err weighted degeneracy : 454 454 474 489 505 500 
degeneracy helps : 161 161 169 181 187 192 
degeneracy worse : 104 104 131 157 179 179 
SCL #err deg : 520 / 4700
SCL #err weighted degeneracy : 462 462 484 499 516 512 
degeneracy helps : 164 164 171 183 189 194 
degeneracy worse : 108 108 136 162 185 186 
SCL #err deg : 526 / 4800
SCL #err weighted degeneracy : 470 470 492 508 526 522 
degeneracy helps : 165 165 172 184 191 196 
degeneracy worse : 111 111 139 166 191 192 
SCL #err deg : 544 / 4900
SCL #err weighted degeneracy : 482 482 504 521 540 538 
degeneracy helps : 171 171 178 189 196 201 
degeneracy worse : 111 111 139 166 192 195 
SCL #err deg : 557 / 5000
SCL #err weighted degeneracy : 492 492 515 532 551 550 
degeneracy helps : 176 176 183 194 201 205 
degeneracy worse : 113 113 142 169 195 198 
SCL #err deg : 568 / 5100
SCL #err weighted degeneracy : 500 500 523 539 558 557 
degeneracy helps : 183 183 190 201 208 212 
degeneracy worse : 117 117 146 172 198 201 
SCL #err deg : 573 / 5200
SCL #err weighted degeneracy : 506 506 530 544 563 562 
degeneracy helps : 185 185 192 205 212 216 
degeneracy worse : 120 120 150 176 202 205 
SCL #err deg : 585 / 5300
SCL #err weighted degeneracy : 515 515 540 558 574 575 
degeneracy helps : 188 188 195 208 218 222 
degeneracy worse : 120 120 151 181 207 212 
SCL #err deg : 596 / 5400
SCL #err weighted degeneracy : 525 525 550 567 582 583 
degeneracy helps : 191 191 198 211 222 226 
degeneracy worse : 122 122 153 182 208 213 
SCL #err deg : 613 / 5500
SCL #err weighted degeneracy : 541 541 566 585 599 602 
degeneracy helps : 196 196 203 216 227 230 
degeneracy worse : 126 126 157 188 213 219 
SCL #err deg : 619 / 5600
SCL #err weighted degeneracy : 550 550 576 596 610 614 
degeneracy helps : 198 198 205 218 229 231 
degeneracy worse : 131 131 163 195 220 226 
SCL #err deg : 633 / 5700
SCL #err weighted degeneracy : 559 559 585 609 622 628 
degeneracy helps : 203 203 210 223 235 235 
degeneracy worse : 131 131 163 199 224 230 
SCL #err deg : 640 / 5800
SCL #err weighted degeneracy : 567 567 594 618 631 637 
degeneracy helps : 206 206 213 226 238 238 
degeneracy worse : 135 135 168 204 229 235 
SCL #err deg : 654 / 5900
SCL #err weighted degeneracy : 576 576 603 630 643 648 
degeneracy helps : 213 213 220 233 245 246 
degeneracy worse : 137 137 170 209 234 240 
SCL #err deg : 664 / 6000
SCL #err weighted degeneracy : 587 587 614 642 656 662 
degeneracy helps : 215 215 223 237 249 250 
degeneracy worse : 140 140 174 215 241 248 
SCL #err deg : 673 / 6100
SCL #err weighted degeneracy : 594 594 622 652 666 672 
degeneracy helps : 219 219 227 242 254 255 
degeneracy worse : 142 142 177 221 247 254 
SCL #err deg : 685 / 6200
SCL #err weighted degeneracy : 604 604 632 660 674 680 
degeneracy helps : 223 223 232 248 260 261 
degeneracy worse : 144 144 180 223 249 256 
SCL #err deg : 692 / 6300
SCL #err weighted degeneracy : 612 612 641 669 683 689 
degeneracy helps : 223 223 232 248 260 261 
degeneracy worse : 145 145 182 225 251 258 
SCL #err deg : 710 / 6400
SCL #err weighted degeneracy : 628 628 658 687 701 707 
degeneracy helps : 228 228 237 253 265 266 
degeneracy worse : 148 148 186 230 256 263 
SCL #err deg : 720 / 6500
SCL #err weighted degeneracy : 634 634 665 695 710 717 
degeneracy helps : 234 234 243 259 271 271 
degeneracy worse : 150 150 189 234 261 268 
SCL #err deg : 736 / 6600
SCL #err weighted degeneracy : 648 648 679 708 723 730 
degeneracy helps : 239 239 248 264 276 276 
degeneracy worse : 153 153 192 236 263 270 
SCL #err deg : 752 / 6700
SCL #err weighted degeneracy : 662 662 693 722 738 747 
degeneracy helps : 247 247 256 272 284 284 
degeneracy worse : 159 159 198 242 270 279 
SCL #err deg : 767 / 6800
SCL #err weighted degeneracy : 677 677 708 735 753 761 
degeneracy helps : 251 251 260 277 289 289 
degeneracy worse : 163 163 202 245 275 283 
SCL #err deg : 774 / 6900
SCL #err weighted degeneracy : 685 685 715 744 762 771 
degeneracy helps : 252 252 262 280 292 292 
degeneracy worse : 165 165 204 250 280 289 
SCL #err deg : 788 / 7000
SCL #err weighted degeneracy : 699 699 728 759 778 785 
degeneracy helps : 254 254 266 283 295 296 
degeneracy worse : 167 167 207 254 285 293 
SCL #err deg : 796 / 7100
SCL #err weighted degeneracy : 706 706 735 770 790 798 
degeneracy helps : 256 256 269 285 297 298 
degeneracy worse : 168 168 209 259 291 300 
SCL #err deg : 807 / 7200
SCL #err weighted degeneracy : 716 716 746 781 801 810 
degeneracy helps : 257 257 270 286 298 299 
degeneracy worse : 168 168 210 260 292 302 
SCL #err deg : 818 / 7300
SCL #err weighted degeneracy : 728 728 759 794 816 825 
degeneracy helps : 258 258 271 287 299 300 
degeneracy worse : 170 170 213 263 297 307 
SCL #err deg : 832 / 7400
SCL #err weighted degeneracy : 739 739 770 807 829 838 
degeneracy helps : 263 263 276 292 304 305 
degeneracy worse : 172 172 215 267 301 311 
SCL #err deg : 837 / 7500
SCL #err weighted degeneracy : 746 746 777 815 837 846 
degeneracy helps : 264 264 277 293 305 306 
degeneracy worse : 175 175 218 271 305 315 
SCL #err deg : 847 / 7600
SCL #err weighted degeneracy : 755 755 786 824 845 854 
degeneracy helps : 266 266 280 296 309 310 
degeneracy worse : 176 176 220 273 307 317 
SCL #err deg : 863 / 7700
SCL #err weighted degeneracy : 766 766 796 835 855 865 
degeneracy helps : 274 274 289 305 318 319 
degeneracy worse : 179 179 223 277 310 321 
SCL #err deg : 879 / 7800
SCL #err weighted degeneracy : 778 778 807 846 868 879 
degeneracy helps : 280 280 296 312 325 326 
degeneracy worse : 181 181 225 279 314 326 
SCL #err deg : 892 / 7900
SCL #err weighted degeneracy : 788 788 817 858 878 889 
degeneracy helps : 284 284 300 316 330 331 
degeneracy worse : 182 182 226 282 316 328 
SCL #err deg : 900 / 8000
SCL #err weighted degeneracy : 795 795 824 865 886 898 
degeneracy helps : 286 286 302 318 332 333 
degeneracy worse : 183 183 227 283 318 331 
SCL #err deg : 910 / 8100
SCL #err weighted degeneracy : 803 803 831 871 892 904 
degeneracy helps : 289 289 305 322 336 337 
degeneracy worse : 184 184 227 283 318 331 
SCL #err deg : 925 / 8200
SCL #err weighted degeneracy : 816 816 845 885 906 919 
degeneracy helps : 294 294 310 328 342 342 
degeneracy worse : 187 187 231 288 323 336 
SCL #err deg : 936 / 8300
SCL #err weighted degeneracy : 825 825 854 894 915 928 
degeneracy helps : 297 297 313 332 346 346 
degeneracy worse : 188 188 232 290 325 338 
SCL #err deg : 946 / 8400
SCL #err weighted degeneracy : 836 836 865 902 923 936 
degeneracy helps : 299 299 315 337 351 351 
degeneracy worse : 191 191 235 293 328 341 
SCL #err deg : 967 / 8500
SCL #err weighted degeneracy : 853 853 884 920 943 955 
degeneracy helps : 305 305 321 344 357 358 
degeneracy worse : 193 193 239 297 333 346 
SCL #err deg : 975 / 8600
SCL #err weighted degeneracy : 860 860 891 928 951 963 
degeneracy helps : 307 307 324 346 359 360 
degeneracy worse : 194 194 241 299 335 348 
SCL #err deg : 987 / 8700
SCL #err weighted degeneracy : 868 868 900 937 960 972 
degeneracy helps : 312 312 328 350 363 364 
degeneracy worse : 195 195 242 300 336 349 
SCL #err deg : 994 / 8800
SCL #err weighted degeneracy : 877 877 910 948 971 983 
degeneracy helps : 313 313 329 351 364 365 
degeneracy worse : 198 198 246 305 341 354 
SCL #err deg : 1006 / 8900
SCL #err weighted degeneracy : 887 887 918 959 984 996 
degeneracy helps : 316 316 334 356 369 370 
degeneracy worse : 199 199 247 309 347 360 
SCL #err deg : 1014 / 9000
SCL #err weighted degeneracy : 898 898 928 969 993 1005 
degeneracy helps : 317 317 336 359 372 373 
degeneracy worse : 203 203 251 314 351 364 
SCL #err deg : 1027 / 9100
SCL #err weighted degeneracy : 908 908 937 978 1002 1015 
degeneracy helps : 324 324 344 367 380 380 
degeneracy worse : 207 207 255 318 355 368 
SCL #err deg : 1041 / 9200
SCL #err weighted degeneracy : 920 920 949 989 1015 1029 
degeneracy helps : 328 328 348 372 385 385 
degeneracy worse : 209 209 257 320 359 373 
SCL #err deg : 1050 / 9300
SCL #err weighted degeneracy : 931 931 960 1001 1026 1040 
degeneracy helps : 330 330 350 374 388 388 
degeneracy worse : 213 213 261 325 364 378 
SCL #err deg : 1059 / 9400
SCL #err weighted degeneracy : 938 938 967 1011 1036 1051 
degeneracy helps : 334 334 354 378 392 391 
degeneracy worse : 215 215 263 330 369 383 
SCL #err deg : 1072 / 9500
SCL #err weighted degeneracy : 944 944 977 1022 1050 1065 
degeneracy helps : 342 342 360 383 396 395 
degeneracy worse : 216 216 266 333 374 388 
SCL #err deg : 1082 / 9600
SCL #err weighted degeneracy : 958 958 990 1037 1064 1079 
degeneracy helps : 345 345 363 386 399 398 
degeneracy worse : 223 223 272 341 381 395 
SCL #err deg : 1088 / 9700
SCL #err weighted degeneracy : 967 967 997 1043 1070 1084 
degeneracy helps : 348 348 365 389 402 401 
degeneracy worse : 229 229 276 344 384 397 
SCL #err deg : 1098 / 9800
SCL #err weighted degeneracy : 979 979 1007 1053 1081 1094 
degeneracy helps : 349 349 367 391 404 403 
degeneracy worse : 232 232 278 346 387 399 
SCL #err deg : 1111 / 9900
SCL #err weighted degeneracy : 992 992 1020 1067 1096 1109 
degeneracy helps : 351 351 369 392 405 404 
degeneracy worse : 234 234 280 348 390 402 
SCL #err deg : 1127 / 10000
SCL #err weighted degeneracy : 1008 1008 1037 1084 1113 1126 
degeneracy helps : 352 352 371 395 408 407 
degeneracy worse : 235 235 283 352 394 406 
average #flips: 45.997
SCL #err considering degeneracy: 1127
error due to equal 492
error due to SCL smaller 633
Finish in 5175 s
