Simulation Polar syndrome FASTER N=64, K=33, l=128, pz=0.1, #samples=10000, seed=0
HPW construction
Event generator random seed: 0
SCL #err deg : 29 / 100
SCL #err weighted degeneracy : 23 23 23 29 28 31 
degeneracy helps : 10 10 10 10 11 10 
degeneracy worse : 4 4 4 10 10 12 
SCL #err deg : 53 / 200
SCL #err weighted degeneracy : 46 46 46 58 58 60 
degeneracy helps : 17 17 17 18 19 18 
degeneracy worse : 11 11 11 23 24 25 
SCL #err deg : 86 / 300
SCL #err weighted degeneracy : 74 74 74 85 85 86 
degeneracy helps : 28 29 30 36 37 36 
degeneracy worse : 19 19 19 35 36 36 
SCL #err deg : 112 / 400
SCL #err weighted degeneracy : 108 108 108 122 122 126 
degeneracy helps : 31 32 33 41 42 40 
degeneracy worse : 30 30 30 51 52 54 
SCL #err deg : 146 / 500
SCL #err weighted degeneracy : 136 136 136 155 157 159 
degeneracy helps : 42 43 44 52 53 52 
degeneracy worse : 35 35 35 61 64 65 
SCL #err deg : 185 / 600
SCL #err weighted degeneracy : 173 173 173 197 199 204 
degeneracy helps : 51 52 54 62 64 61 
degeneracy worse : 43 43 43 74 78 80 
SCL #err deg : 212 / 700
SCL #err weighted degeneracy : 204 204 204 229 231 236 
degeneracy helps : 56 57 59 69 71 68 
degeneracy worse : 52 52 52 86 90 92 
SCL #err deg : 229 / 800
SCL #err weighted degeneracy : 224 224 224 250 252 258 
degeneracy helps : 62 63 65 75 77 74 
degeneracy worse : 61 61 61 96 100 103 
SCL #err deg : 252 / 900
SCL #err weighted degeneracy : 248 248 248 274 276 287 
degeneracy helps : 68 69 72 83 85 81 
degeneracy worse : 69 69 69 105 109 116 
SCL #err deg : 279 / 1000
SCL #err weighted degeneracy : 273 273 273 301 303 315 
degeneracy helps : 79 80 83 95 97 93 
degeneracy worse : 78 78 78 117 121 129 
SCL #err deg : 311 / 1100
SCL #err weighted degeneracy : 302 302 302 334 337 352 
degeneracy helps : 88 90 93 108 110 106 
degeneracy worse : 86 86 86 131 136 147 
SCL #err deg : 340 / 1200
SCL #err weighted degeneracy : 335 335 335 375 378 395 
degeneracy helps : 94 96 99 114 116 110 
degeneracy worse : 96 96 96 149 154 165 
SCL #err deg : 360 / 1300
SCL #err weighted degeneracy : 360 360 360 406 409 425 
degeneracy helps : 100 103 106 122 124 118 
degeneracy worse : 108 108 108 168 173 183 
SCL #err deg : 391 / 1400
SCL #err weighted degeneracy : 397 397 397 444 449 466 
degeneracy helps : 105 108 111 127 129 123 
degeneracy worse : 119 119 119 180 187 198 
SCL #err deg : 421 / 1500
SCL #err weighted degeneracy : 420 420 420 475 481 497 
degeneracy helps : 119 122 125 141 143 136 
degeneracy worse : 126 126 126 195 203 212 
SCL #err deg : 449 / 1600
SCL #err weighted degeneracy : 446 446 445 505 512 529 
degeneracy helps : 127 130 135 152 154 147 
degeneracy worse : 133 133 133 208 217 227 
SCL #err deg : 467 / 1700
SCL #err weighted degeneracy : 468 468 467 532 540 562 
degeneracy helps : 130 133 138 156 158 150 
degeneracy worse : 140 140 140 221 231 245 
SCL #err deg : 497 / 1800
SCL #err weighted degeneracy : 497 497 496 572 581 603 
degeneracy helps : 141 143 149 167 169 160 
degeneracy worse : 150 150 150 242 253 266 
SCL #err deg : 517 / 1900
SCL #err weighted degeneracy : 519 519 518 601 609 634 
degeneracy helps : 146 148 154 173 176 167 
degeneracy worse : 157 157 157 257 268 284 
SCL #err deg : 541 / 2000
SCL #err weighted degeneracy : 541 541 540 627 636 660 
degeneracy helps : 154 156 165 185 188 179 
degeneracy worse : 166 166 166 271 283 298 
SCL #err deg : 574 / 2100
SCL #err weighted degeneracy : 562 562 561 654 664 688 
degeneracy helps : 170 172 182 202 205 195 
degeneracy worse : 172 172 172 282 295 309 
SCL #err deg : 604 / 2200
SCL #err weighted degeneracy : 588 588 587 681 691 720 
degeneracy helps : 179 181 191 212 215 204 
degeneracy worse : 177 177 177 289 302 320 
SCL #err deg : 632 / 2300
SCL #err weighted degeneracy : 615 615 614 713 724 752 
degeneracy helps : 188 190 200 222 224 212 
degeneracy worse : 186 186 186 303 316 332 
SCL #err deg : 655 / 2400
SCL #err weighted degeneracy : 641 641 640 746 757 786 
degeneracy helps : 192 194 204 226 228 216 
degeneracy worse : 193 193 193 317 330 347 
SCL #err deg : 685 / 2500
SCL #err weighted degeneracy : 671 671 669 783 794 824 
degeneracy helps : 201 203 214 237 239 226 
degeneracy worse : 202 202 202 335 348 365 
SCL #err deg : 715 / 2600
SCL #err weighted degeneracy : 702 702 700 816 828 860 
degeneracy helps : 208 210 221 245 246 233 
degeneracy worse : 210 210 210 346 359 378 
SCL #err deg : 749 / 2700
SCL #err weighted degeneracy : 728 728 726 848 860 895 
degeneracy helps : 220 222 233 256 257 243 
degeneracy worse : 214 214 214 355 368 389 
SCL #err deg : 777 / 2800
SCL #err weighted degeneracy : 756 756 754 880 892 928 
degeneracy helps : 225 227 238 262 263 250 
degeneracy worse : 219 219 219 365 378 401 
SCL #err deg : 806 / 2900
SCL #err weighted degeneracy : 788 788 786 913 926 962 
degeneracy helps : 233 235 246 272 272 258 
degeneracy worse : 230 230 230 379 392 414 
SCL #err deg : 837 / 3000
SCL #err weighted degeneracy : 819 819 817 947 960 1000 
degeneracy helps : 243 245 257 284 284 270 
degeneracy worse : 242 242 242 394 407 433 
SCL #err deg : 861 / 3100
SCL #err weighted degeneracy : 850 850 849 986 999 1038 
degeneracy helps : 246 248 260 290 290 275 
degeneracy worse : 253 253 254 415 428 452 
SCL #err deg : 885 / 3200
SCL #err weighted degeneracy : 877 877 876 1014 1028 1067 
degeneracy helps : 252 254 266 299 298 283 
degeneracy worse : 262 262 263 428 441 465 
SCL #err deg : 912 / 3300
SCL #err weighted degeneracy : 903 903 903 1046 1060 1098 
degeneracy helps : 259 261 274 306 305 291 
degeneracy worse : 269 269 271 440 453 477 
SCL #err deg : 940 / 3400
SCL #err weighted degeneracy : 930 930 930 1077 1091 1128 
degeneracy helps : 268 270 284 316 315 301 
degeneracy worse : 278 278 280 453 466 489 
SCL #err deg : 968 / 3500
SCL #err weighted degeneracy : 963 963 963 1113 1127 1166 
degeneracy helps : 272 274 288 320 319 306 
degeneracy worse : 287 287 289 465 478 504 
SCL #err deg : 1000 / 3600
SCL #err weighted degeneracy : 987 987 987 1141 1156 1197 
degeneracy helps : 282 285 299 331 330 317 
degeneracy worse : 290 290 292 472 486 514 
SCL #err deg : 1025 / 3700
SCL #err weighted degeneracy : 1007 1007 1007 1166 1181 1226 
degeneracy helps : 295 297 312 344 343 329 
degeneracy worse : 298 298 300 485 499 530 
SCL #err deg : 1056 / 3800
SCL #err weighted degeneracy : 1039 1039 1039 1202 1216 1263 
degeneracy helps : 303 305 321 356 355 339 
degeneracy worse : 307 307 310 502 515 546 
SCL #err deg : 1079 / 3900
SCL #err weighted degeneracy : 1060 1060 1060 1229 1243 1290 
degeneracy helps : 311 313 329 365 364 348 
degeneracy worse : 313 313 316 515 528 559 
SCL #err deg : 1109 / 4000
SCL #err weighted degeneracy : 1082 1082 1082 1255 1269 1321 
degeneracy helps : 325 326 343 379 378 361 
degeneracy worse : 319 319 322 525 538 573 
SCL #err deg : 1134 / 4100
SCL #err weighted degeneracy : 1101 1101 1101 1275 1288 1342 
degeneracy helps : 337 338 355 391 390 373 
degeneracy worse : 325 325 328 532 544 581 
SCL #err deg : 1156 / 4200
SCL #err weighted degeneracy : 1123 1123 1123 1305 1319 1374 
degeneracy helps : 345 346 363 399 398 381 
degeneracy worse : 333 333 336 548 561 599 
SCL #err deg : 1181 / 4300
SCL #err weighted degeneracy : 1146 1146 1146 1330 1344 1400 
degeneracy helps : 354 355 372 408 407 390 
degeneracy worse : 340 340 343 557 570 609 
SCL #err deg : 1201 / 4400
SCL #err weighted degeneracy : 1167 1167 1167 1355 1370 1428 
degeneracy helps : 359 360 377 414 413 396 
degeneracy worse : 346 346 349 568 582 623 
SCL #err deg : 1233 / 4500
SCL #err weighted degeneracy : 1198 1198 1198 1389 1403 1463 
degeneracy helps : 367 368 385 424 424 407 
degeneracy worse : 353 353 356 580 594 637 
SCL #err deg : 1255 / 4600
SCL #err weighted degeneracy : 1228 1228 1228 1422 1437 1500 
degeneracy helps : 375 376 393 433 433 416 
degeneracy worse : 369 369 372 600 615 661 
SCL #err deg : 1286 / 4700
SCL #err weighted degeneracy : 1257 1257 1257 1456 1470 1536 
degeneracy helps : 384 385 402 442 442 425 
degeneracy worse : 376 376 379 612 626 675 
SCL #err deg : 1310 / 4800
SCL #err weighted degeneracy : 1280 1280 1280 1485 1500 1567 
degeneracy helps : 392 393 410 451 451 434 
degeneracy worse : 383 383 386 626 641 691 
SCL #err deg : 1332 / 4900
SCL #err weighted degeneracy : 1305 1305 1305 1520 1536 1605 
degeneracy helps : 396 397 415 457 457 440 
degeneracy worse : 391 391 394 645 661 713 
SCL #err deg : 1357 / 5000
SCL #err weighted degeneracy : 1330 1330 1330 1548 1566 1636 
degeneracy helps : 406 407 425 467 466 449 
degeneracy worse : 401 401 404 658 675 728 
SCL #err deg : 1383 / 5100
SCL #err weighted degeneracy : 1352 1352 1352 1573 1591 1661 
degeneracy helps : 418 419 437 479 478 461 
degeneracy worse : 409 409 412 669 686 739 
SCL #err deg : 1404 / 5200
SCL #err weighted degeneracy : 1368 1368 1368 1596 1616 1686 
degeneracy helps : 426 427 445 487 485 468 
degeneracy worse : 413 413 416 679 697 750 
SCL #err deg : 1430 / 5300
SCL #err weighted degeneracy : 1399 1399 1400 1632 1651 1721 
degeneracy helps : 432 433 451 495 493 477 
degeneracy worse : 424 424 428 697 714 768 
SCL #err deg : 1458 / 5400
SCL #err weighted degeneracy : 1422 1422 1423 1659 1680 1748 
degeneracy helps : 442 443 461 506 504 489 
degeneracy worse : 430 430 434 707 726 779 
SCL #err deg : 1484 / 5500
SCL #err weighted degeneracy : 1446 1446 1447 1686 1707 1776 
degeneracy helps : 450 451 469 514 512 496 
degeneracy worse : 436 436 440 716 735 788 
SCL #err deg : 1510 / 5600
SCL #err weighted degeneracy : 1468 1468 1469 1715 1737 1806 
degeneracy helps : 460 461 479 523 521 505 
degeneracy worse : 442 442 446 728 748 801 
SCL #err deg : 1538 / 5700
SCL #err weighted degeneracy : 1493 1493 1494 1740 1762 1834 
degeneracy helps : 468 469 487 535 533 516 
degeneracy worse : 447 447 451 737 757 812 
SCL #err deg : 1568 / 5800
SCL #err weighted degeneracy : 1524 1524 1525 1772 1793 1864 
degeneracy helps : 477 478 496 544 543 526 
degeneracy worse : 457 457 461 748 768 822 
SCL #err deg : 1599 / 5900
SCL #err weighted degeneracy : 1551 1551 1552 1808 1829 1904 
degeneracy helps : 488 489 507 553 552 534 
degeneracy worse : 464 464 468 762 782 839 
SCL #err deg : 1624 / 6000
SCL #err weighted degeneracy : 1571 1571 1572 1839 1860 1936 
degeneracy helps : 498 499 517 564 563 544 
degeneracy worse : 469 469 473 779 799 856 
SCL #err deg : 1650 / 6100
SCL #err weighted degeneracy : 1599 1599 1600 1870 1891 1965 
degeneracy helps : 503 504 523 571 570 551 
degeneracy worse : 477 477 481 791 811 866 
SCL #err deg : 1681 / 6200
SCL #err weighted degeneracy : 1631 1631 1632 1905 1927 2003 
degeneracy helps : 511 512 532 580 579 559 
degeneracy worse : 487 487 491 804 825 881 
SCL #err deg : 1707 / 6300
SCL #err weighted degeneracy : 1660 1660 1661 1938 1961 2039 
degeneracy helps : 518 519 539 587 586 564 
degeneracy worse : 497 497 501 818 840 896 
SCL #err deg : 1732 / 6400
SCL #err weighted degeneracy : 1684 1684 1685 1964 1988 2066 
degeneracy helps : 528 529 549 599 598 576 
degeneracy worse : 506 506 510 831 854 910 
SCL #err deg : 1758 / 6500
SCL #err weighted degeneracy : 1710 1710 1711 1994 2018 2099 
degeneracy helps : 539 540 560 609 608 584 
degeneracy worse : 517 517 521 845 868 925 
SCL #err deg : 1789 / 6600
SCL #err weighted degeneracy : 1739 1739 1740 2026 2050 2135 
degeneracy helps : 546 547 567 619 618 592 
degeneracy worse : 523 523 527 856 879 938 
SCL #err deg : 1820 / 6700
SCL #err weighted degeneracy : 1767 1767 1768 2057 2082 2172 
degeneracy helps : 554 556 576 630 629 601 
degeneracy worse : 529 529 533 867 891 953 
SCL #err deg : 1852 / 6800
SCL #err weighted degeneracy : 1795 1795 1796 2091 2116 2208 
degeneracy helps : 565 567 587 642 642 614 
degeneracy worse : 536 536 540 881 906 970 
SCL #err deg : 1879 / 6900
SCL #err weighted degeneracy : 1822 1822 1823 2122 2147 2241 
degeneracy helps : 570 572 592 647 647 618 
degeneracy worse : 541 541 545 890 915 980 
SCL #err deg : 1903 / 7000
SCL #err weighted degeneracy : 1849 1849 1850 2152 2177 2270 
degeneracy helps : 579 581 601 656 656 628 
degeneracy worse : 553 553 557 905 930 995 
SCL #err deg : 1929 / 7100
SCL #err weighted degeneracy : 1875 1875 1875 2180 2205 2301 
degeneracy helps : 587 589 610 666 666 638 
degeneracy worse : 561 561 565 917 942 1010 
SCL #err deg : 1954 / 7200
SCL #err weighted degeneracy : 1904 1904 1905 2216 2241 2338 
degeneracy helps : 592 594 615 671 671 642 
degeneracy worse : 570 570 575 933 958 1026 
SCL #err deg : 1975 / 7300
SCL #err weighted degeneracy : 1924 1924 1925 2239 2264 2361 
degeneracy helps : 600 601 624 680 680 651 
degeneracy worse : 578 578 583 944 969 1037 
SCL #err deg : 1997 / 7400
SCL #err weighted degeneracy : 1948 1948 1949 2263 2288 2387 
degeneracy helps : 605 606 629 687 687 658 
degeneracy worse : 585 585 590 953 978 1048 
SCL #err deg : 2031 / 7500
SCL #err weighted degeneracy : 1979 1979 1980 2296 2321 2418 
degeneracy helps : 614 615 638 697 697 669 
degeneracy worse : 591 591 596 962 987 1056 
SCL #err deg : 2059 / 7600
SCL #err weighted degeneracy : 2009 2009 2010 2329 2354 2451 
degeneracy helps : 623 624 647 707 707 679 
degeneracy worse : 602 602 607 977 1002 1071 
SCL #err deg : 2086 / 7700
SCL #err weighted degeneracy : 2035 2035 2036 2358 2383 2484 
degeneracy helps : 633 634 657 718 718 689 
degeneracy worse : 611 611 616 990 1015 1087 
SCL #err deg : 2114 / 7800
SCL #err weighted degeneracy : 2061 2061 2062 2383 2409 2510 
degeneracy helps : 642 642 666 730 730 701 
degeneracy worse : 618 618 623 999 1025 1097 
SCL #err deg : 2137 / 7900
SCL #err weighted degeneracy : 2089 2089 2090 2417 2443 2544 
degeneracy helps : 647 647 672 737 737 707 
degeneracy worse : 629 629 634 1017 1043 1114 
SCL #err deg : 2165 / 8000
SCL #err weighted degeneracy : 2115 2115 2116 2450 2475 2577 
degeneracy helps : 655 655 680 746 747 715 
degeneracy worse : 635 635 640 1031 1057 1127 
SCL #err deg : 2188 / 8100
SCL #err weighted degeneracy : 2140 2140 2141 2482 2506 2608 
degeneracy helps : 662 662 687 752 754 722 
degeneracy worse : 644 644 649 1046 1072 1142 
SCL #err deg : 2220 / 8200
SCL #err weighted degeneracy : 2172 2172 2173 2514 2538 2640 
degeneracy helps : 672 672 698 765 767 735 
degeneracy worse : 655 655 660 1059 1085 1155 
SCL #err deg : 2247 / 8300
SCL #err weighted degeneracy : 2202 2202 2203 2546 2570 2674 
degeneracy helps : 682 682 708 775 777 744 
degeneracy worse : 668 668 673 1074 1100 1171 
SCL #err deg : 2274 / 8400
SCL #err weighted degeneracy : 2229 2229 2230 2577 2601 2706 
degeneracy helps : 689 689 715 783 785 751 
degeneracy worse : 675 675 680 1086 1112 1183 
SCL #err deg : 2305 / 8500
SCL #err weighted degeneracy : 2262 2262 2263 2612 2636 2740 
degeneracy helps : 698 698 724 792 794 760 
degeneracy worse : 686 686 691 1099 1125 1195 
SCL #err deg : 2327 / 8600
SCL #err weighted degeneracy : 2286 2286 2287 2647 2671 2774 
degeneracy helps : 705 705 731 800 802 768 
degeneracy worse : 696 696 701 1120 1146 1215 
SCL #err deg : 2348 / 8700
SCL #err weighted degeneracy : 2309 2309 2310 2673 2698 2801 
degeneracy helps : 710 710 736 806 808 774 
degeneracy worse : 703 703 708 1131 1158 1227 
SCL #err deg : 2380 / 8800
SCL #err weighted degeneracy : 2334 2334 2335 2700 2725 2830 
degeneracy helps : 722 722 748 820 822 787 
degeneracy worse : 709 709 714 1140 1167 1237 
SCL #err deg : 2413 / 8900
SCL #err weighted degeneracy : 2366 2366 2367 2737 2761 2866 
degeneracy helps : 731 731 757 830 833 797 
degeneracy worse : 717 717 722 1154 1181 1250 
SCL #err deg : 2438 / 9000
SCL #err weighted degeneracy : 2388 2388 2388 2762 2786 2891 
degeneracy helps : 740 740 767 841 844 808 
degeneracy worse : 723 723 728 1165 1192 1261 
SCL #err deg : 2463 / 9100
SCL #err weighted degeneracy : 2412 2412 2412 2793 2817 2924 
degeneracy helps : 749 749 776 851 854 817 
degeneracy worse : 731 731 736 1181 1208 1278 
SCL #err deg : 2487 / 9200
SCL #err weighted degeneracy : 2436 2436 2436 2823 2848 2960 
degeneracy helps : 758 756 785 861 864 824 
degeneracy worse : 741 741 746 1197 1225 1297 
SCL #err deg : 2520 / 9300
SCL #err weighted degeneracy : 2462 2462 2462 2854 2879 2992 
degeneracy helps : 770 768 797 874 877 837 
degeneracy worse : 747 747 752 1208 1236 1309 
SCL #err deg : 2550 / 9400
SCL #err weighted degeneracy : 2493 2493 2493 2892 2916 3031 
degeneracy helps : 778 776 805 883 887 846 
degeneracy worse : 756 756 761 1225 1253 1327 
SCL #err deg : 2581 / 9500
SCL #err weighted degeneracy : 2526 2526 2526 2933 2957 3073 
degeneracy helps : 785 783 812 890 894 853 
degeneracy worse : 765 765 770 1242 1270 1345 
SCL #err deg : 2608 / 9600
SCL #err weighted degeneracy : 2547 2547 2546 2958 2983 3101 
degeneracy helps : 794 792 822 901 905 864 
degeneracy worse : 768 768 773 1251 1280 1357 
SCL #err deg : 2633 / 9700
SCL #err weighted degeneracy : 2585 2585 2585 2999 3024 3142 
degeneracy helps : 798 796 826 909 913 872 
degeneracy worse : 785 785 791 1275 1304 1381 
SCL #err deg : 2659 / 9800
SCL #err weighted degeneracy : 2608 2608 2608 3025 3050 3170 
degeneracy helps : 806 804 834 917 921 879 
degeneracy worse : 790 790 796 1283 1312 1390 
SCL #err deg : 2686 / 9900
SCL #err weighted degeneracy : 2631 2631 2631 3053 3078 3201 
degeneracy helps : 817 815 845 930 934 892 
degeneracy worse : 797 797 803 1297 1326 1407 
SCL #err deg : 2715 / 10000
SCL #err weighted degeneracy : 2660 2660 2660 3086 3111 3237 
degeneracy helps : 826 824 854 938 942 898 
degeneracy worse : 806 806 812 1309 1338 1420 
average #flips: 6.4328
SCL #err considering degeneracy: 2715
error due to equal 1588
error due to SCL smaller 1127
Finish in 606 s
