Simulation Polar syndrome FASTER N=1024, K=513, l=128, pz=0.1, #samples=10000, seed=87
HPW construction
Event generator random seed: 87
SCL #err deg : 17 / 100
SCL #err weighted degeneracy : 12 12 12 13 13 13 
degeneracy helps : 7 7 7 6 6 6 
degeneracy worse : 2 2 2 2 2 2 
SCL #err deg : 35 / 200
SCL #err weighted degeneracy : 28 28 25 29 28 27 
degeneracy helps : 12 12 14 12 12 13 
degeneracy worse : 5 5 4 6 5 5 
SCL #err deg : 50 / 300
SCL #err weighted degeneracy : 41 41 38 43 41 41 
degeneracy helps : 15 15 17 15 16 16 
degeneracy worse : 6 6 5 8 7 7 
SCL #err deg : 64 / 400
SCL #err weighted degeneracy : 54 54 52 57 55 55 
degeneracy helps : 18 18 20 19 19 19 
degeneracy worse : 8 8 8 12 10 10 
SCL #err deg : 81 / 500
SCL #err weighted degeneracy : 71 71 69 74 73 73 
degeneracy helps : 23 23 25 24 23 23 
degeneracy worse : 13 13 13 17 15 15 
SCL #err deg : 98 / 600
SCL #err weighted degeneracy : 84 85 82 87 89 90 
degeneracy helps : 28 27 30 29 28 28 
degeneracy worse : 14 14 14 18 19 20 
SCL #err deg : 116 / 700
SCL #err weighted degeneracy : 98 99 97 103 104 106 
degeneracy helps : 32 31 34 32 32 31 
degeneracy worse : 14 14 15 19 20 21 
SCL #err deg : 133 / 800
SCL #err weighted degeneracy : 113 114 112 120 121 124 
degeneracy helps : 36 35 38 36 36 35 
degeneracy worse : 16 16 17 23 24 26 
SCL #err deg : 155 / 900
SCL #err weighted degeneracy : 130 131 127 136 137 140 
degeneracy helps : 42 41 47 44 43 42 
degeneracy worse : 17 17 19 25 25 27 
SCL #err deg : 168 / 1000
SCL #err weighted degeneracy : 142 143 138 147 148 151 
degeneracy helps : 46 45 51 48 46 45 
degeneracy worse : 20 20 21 27 26 28 
SCL #err deg : 184 / 1100
SCL #err weighted degeneracy : 159 160 153 162 164 168 
degeneracy helps : 49 48 56 53 50 48 
degeneracy worse : 24 24 25 31 30 32 
SCL #err deg : 199 / 1200
SCL #err weighted degeneracy : 173 174 167 177 179 183 
degeneracy helps : 52 51 59 55 52 50 
degeneracy worse : 26 26 27 33 32 34 
SCL #err deg : 217 / 1300
SCL #err weighted degeneracy : 191 192 185 195 196 202 
degeneracy helps : 56 55 63 60 57 54 
degeneracy worse : 30 30 31 38 36 39 
SCL #err deg : 232 / 1400
SCL #err weighted degeneracy : 206 207 198 209 210 215 
degeneracy helps : 59 58 67 64 61 59 
degeneracy worse : 33 33 33 41 39 42 
SCL #err deg : 249 / 1500
SCL #err weighted degeneracy : 219 220 213 224 225 230 
degeneracy helps : 64 63 70 68 65 63 
degeneracy worse : 34 34 34 43 41 44 
SCL #err deg : 264 / 1600
SCL #err weighted degeneracy : 230 231 225 236 237 242 
degeneracy helps : 69 68 75 73 69 68 
degeneracy worse : 35 35 36 45 42 46 
SCL #err deg : 286 / 1700
SCL #err weighted degeneracy : 249 250 243 255 255 260 
degeneracy helps : 75 74 82 78 75 74 
degeneracy worse : 38 38 39 47 44 48 
SCL #err deg : 303 / 1800
SCL #err weighted degeneracy : 263 264 255 268 267 270 
degeneracy helps : 81 80 89 85 83 82 
degeneracy worse : 41 41 41 50 47 49 
SCL #err deg : 317 / 1900
SCL #err weighted degeneracy : 275 276 266 279 278 280 
degeneracy helps : 85 84 93 89 87 87 
degeneracy worse : 43 43 42 51 48 50 
SCL #err deg : 333 / 2000
SCL #err weighted degeneracy : 289 290 280 292 292 295 
degeneracy helps : 89 88 97 94 92 91 
degeneracy worse : 45 45 44 53 51 53 
SCL #err deg : 347 / 2100
SCL #err weighted degeneracy : 303 304 295 307 308 311 
degeneracy helps : 91 90 98 95 93 92 
degeneracy worse : 47 47 46 55 54 56 
SCL #err deg : 367 / 2200
SCL #err weighted degeneracy : 322 323 314 325 327 331 
degeneracy helps : 94 93 102 102 99 97 
degeneracy worse : 49 49 49 60 59 61 
SCL #err deg : 384 / 2300
SCL #err weighted degeneracy : 332 333 325 340 345 348 
degeneracy helps : 103 102 111 109 104 103 
degeneracy worse : 51 51 52 65 65 67 
SCL #err deg : 405 / 2400
SCL #err weighted degeneracy : 347 348 339 358 362 365 
degeneracy helps : 110 109 119 115 111 110 
degeneracy worse : 52 52 53 68 68 70 
SCL #err deg : 420 / 2500
SCL #err weighted degeneracy : 362 363 355 374 379 382 
degeneracy helps : 115 114 123 119 114 112 
degeneracy worse : 57 57 58 73 73 74 
SCL #err deg : 435 / 2600
SCL #err weighted degeneracy : 379 380 373 392 396 399 
degeneracy helps : 115 114 123 119 115 113 
degeneracy worse : 59 59 61 76 76 77 
SCL #err deg : 451 / 2700
SCL #err weighted degeneracy : 391 392 387 405 409 411 
degeneracy helps : 119 118 126 123 119 118 
degeneracy worse : 59 59 62 77 77 78 
SCL #err deg : 468 / 2800
SCL #err weighted degeneracy : 409 410 401 418 423 425 
degeneracy helps : 122 121 132 131 126 125 
degeneracy worse : 63 63 65 81 81 82 
SCL #err deg : 482 / 2900
SCL #err weighted degeneracy : 424 425 417 434 441 441 
degeneracy helps : 124 123 133 132 127 127 
degeneracy worse : 66 66 68 84 86 86 
SCL #err deg : 503 / 3000
SCL #err weighted degeneracy : 447 448 438 456 463 463 
degeneracy helps : 125 124 135 134 129 129 
degeneracy worse : 69 69 70 87 89 89 
SCL #err deg : 515 / 3100
SCL #err weighted degeneracy : 460 461 450 468 477 478 
degeneracy helps : 127 126 138 137 132 132 
degeneracy worse : 72 72 73 90 94 95 
SCL #err deg : 539 / 3200
SCL #err weighted degeneracy : 480 481 471 492 501 503 
degeneracy helps : 135 134 145 143 138 138 
degeneracy worse : 76 76 77 96 100 102 
SCL #err deg : 563 / 3300
SCL #err weighted degeneracy : 496 497 487 509 519 523 
degeneracy helps : 144 143 154 151 145 144 
degeneracy worse : 77 77 78 97 101 104 
SCL #err deg : 585 / 3400
SCL #err weighted degeneracy : 509 510 501 523 535 539 
degeneracy helps : 153 152 162 159 153 152 
degeneracy worse : 77 77 78 97 103 106 
SCL #err deg : 601 / 3500
SCL #err weighted degeneracy : 523 524 513 536 548 552 
degeneracy helps : 156 155 167 164 158 157 
degeneracy worse : 78 78 79 99 105 108 
SCL #err deg : 615 / 3600
SCL #err weighted degeneracy : 536 537 526 551 564 568 
degeneracy helps : 159 158 169 166 159 158 
degeneracy worse : 80 80 80 102 108 111 
SCL #err deg : 629 / 3700
SCL #err weighted degeneracy : 551 552 542 569 584 587 
degeneracy helps : 162 161 172 170 162 161 
degeneracy worse : 84 84 85 110 117 119 
SCL #err deg : 644 / 3800
SCL #err weighted degeneracy : 564 565 554 582 598 601 
degeneracy helps : 166 165 177 175 167 166 
degeneracy worse : 86 86 87 113 121 123 
SCL #err deg : 653 / 3900
SCL #err weighted degeneracy : 572 573 564 591 607 608 
degeneracy helps : 170 169 180 178 170 171 
degeneracy worse : 89 89 91 116 124 126 
SCL #err deg : 665 / 4000
SCL #err weighted degeneracy : 584 585 576 604 619 622 
degeneracy helps : 173 172 183 180 172 171 
degeneracy worse : 92 92 94 119 126 128 
SCL #err deg : 680 / 4100
SCL #err weighted degeneracy : 595 596 587 616 631 634 
degeneracy helps : 179 178 189 184 176 175 
degeneracy worse : 94 94 96 120 127 129 
SCL #err deg : 700 / 4200
SCL #err weighted degeneracy : 608 609 603 633 649 651 
degeneracy helps : 186 185 193 187 179 179 
degeneracy worse : 94 94 96 120 128 130 
SCL #err deg : 717 / 4300
SCL #err weighted degeneracy : 627 628 623 652 668 673 
degeneracy helps : 187 186 195 189 181 181 
degeneracy worse : 97 97 101 124 132 137 
SCL #err deg : 730 / 4400
SCL #err weighted degeneracy : 637 638 633 662 678 685 
degeneracy helps : 191 190 199 193 185 185 
degeneracy worse : 98 98 102 125 133 140 
SCL #err deg : 744 / 4500
SCL #err weighted degeneracy : 651 652 649 679 695 703 
degeneracy helps : 193 192 201 194 186 186 
degeneracy worse : 100 100 106 129 137 145 
SCL #err deg : 760 / 4600
SCL #err weighted degeneracy : 667 668 669 700 716 724 
degeneracy helps : 196 195 202 196 188 188 
degeneracy worse : 103 103 111 136 144 152 
SCL #err deg : 774 / 4700
SCL #err weighted degeneracy : 680 681 682 713 729 737 
degeneracy helps : 199 198 205 199 191 191 
degeneracy worse : 105 105 113 138 146 154 
SCL #err deg : 788 / 4800
SCL #err weighted degeneracy : 693 694 695 726 743 751 
degeneracy helps : 202 201 208 201 193 193 
degeneracy worse : 107 107 115 139 148 156 
SCL #err deg : 806 / 4900
SCL #err weighted degeneracy : 711 712 713 746 763 772 
degeneracy helps : 205 204 212 205 197 196 
degeneracy worse : 110 110 119 145 154 162 
SCL #err deg : 819 / 5000
SCL #err weighted degeneracy : 722 723 723 756 773 783 
degeneracy helps : 210 209 217 209 201 200 
degeneracy worse : 113 113 121 146 155 164 
SCL #err deg : 832 / 5100
SCL #err weighted degeneracy : 732 733 735 768 784 794 
degeneracy helps : 214 213 220 212 205 204 
degeneracy worse : 114 114 123 148 157 166 
SCL #err deg : 848 / 5200
SCL #err weighted degeneracy : 746 747 750 786 802 811 
degeneracy helps : 217 216 222 214 207 207 
degeneracy worse : 115 115 124 152 161 170 
SCL #err deg : 870 / 5300
SCL #err weighted degeneracy : 762 763 764 801 818 827 
degeneracy helps : 227 226 234 225 217 217 
degeneracy worse : 119 119 128 156 165 174 
SCL #err deg : 883 / 5400
SCL #err weighted degeneracy : 769 770 772 811 828 838 
degeneracy helps : 233 232 241 232 224 223 
degeneracy worse : 119 119 130 160 169 178 
SCL #err deg : 899 / 5500
SCL #err weighted degeneracy : 785 786 788 826 842 853 
degeneracy helps : 237 236 246 237 231 229 
degeneracy worse : 123 123 135 164 174 183 
SCL #err deg : 917 / 5600
SCL #err weighted degeneracy : 801 802 805 843 859 871 
degeneracy helps : 242 241 251 242 236 233 
degeneracy worse : 126 126 139 168 178 187 
SCL #err deg : 931 / 5700
SCL #err weighted degeneracy : 815 816 819 857 874 885 
degeneracy helps : 244 243 252 244 237 235 
degeneracy worse : 128 128 140 170 180 189 
SCL #err deg : 950 / 5800
SCL #err weighted degeneracy : 836 837 841 878 895 906 
degeneracy helps : 246 245 254 246 239 237 
degeneracy worse : 132 132 145 174 184 193 
SCL #err deg : 963 / 5900
SCL #err weighted degeneracy : 849 850 853 889 906 918 
degeneracy helps : 249 248 258 251 244 241 
degeneracy worse : 135 135 148 177 187 196 
SCL #err deg : 972 / 6000
SCL #err weighted degeneracy : 858 859 862 900 918 930 
degeneracy helps : 252 251 261 253 245 242 
degeneracy worse : 138 138 151 181 191 200 
SCL #err deg : 997 / 6100
SCL #err weighted degeneracy : 876 877 879 917 936 950 
degeneracy helps : 261 260 271 262 253 249 
degeneracy worse : 140 140 153 182 192 202 
SCL #err deg : 1013 / 6200
SCL #err weighted degeneracy : 891 892 895 934 954 969 
degeneracy helps : 263 262 273 264 255 251 
degeneracy worse : 141 141 155 185 196 207 
SCL #err deg : 1030 / 6300
SCL #err weighted degeneracy : 905 906 911 950 971 986 
degeneracy helps : 268 267 277 269 258 254 
degeneracy worse : 143 143 158 189 199 210 
SCL #err deg : 1049 / 6400
SCL #err weighted degeneracy : 924 925 930 969 989 1004 
degeneracy helps : 270 269 279 271 261 257 
degeneracy worse : 145 145 160 191 201 212 
SCL #err deg : 1063 / 6500
SCL #err weighted degeneracy : 938 939 943 982 1005 1021 
degeneracy helps : 273 272 283 275 264 260 
degeneracy worse : 148 148 163 194 206 218 
SCL #err deg : 1082 / 6600
SCL #err weighted degeneracy : 955 956 960 999 1023 1039 
degeneracy helps : 281 280 291 283 270 266 
degeneracy worse : 154 154 169 200 211 223 
SCL #err deg : 1106 / 6700
SCL #err weighted degeneracy : 974 976 981 1021 1045 1063 
degeneracy helps : 287 286 296 287 274 270 
degeneracy worse : 155 156 171 202 213 227 
SCL #err deg : 1125 / 6800
SCL #err weighted degeneracy : 991 993 998 1037 1061 1078 
degeneracy helps : 291 290 300 292 279 275 
degeneracy worse : 157 158 173 204 215 228 
SCL #err deg : 1139 / 6900
SCL #err weighted degeneracy : 1003 1005 1010 1050 1075 1092 
degeneracy helps : 294 293 303 295 281 277 
degeneracy worse : 158 159 174 206 217 230 
SCL #err deg : 1161 / 7000
SCL #err weighted degeneracy : 1027 1029 1034 1075 1100 1117 
degeneracy helps : 297 296 307 299 285 282 
degeneracy worse : 163 164 180 213 224 238 
SCL #err deg : 1184 / 7100
SCL #err weighted degeneracy : 1045 1047 1052 1093 1120 1138 
degeneracy helps : 303 302 313 306 292 288 
degeneracy worse : 164 165 181 215 228 242 
SCL #err deg : 1203 / 7200
SCL #err weighted degeneracy : 1064 1066 1071 1113 1140 1158 
degeneracy helps : 306 305 316 309 295 291 
degeneracy worse : 167 168 184 219 232 246 
SCL #err deg : 1212 / 7300
SCL #err weighted degeneracy : 1071 1073 1079 1122 1149 1168 
degeneracy helps : 309 308 319 311 297 293 
degeneracy worse : 168 169 186 221 234 249 
SCL #err deg : 1234 / 7400
SCL #err weighted degeneracy : 1091 1093 1100 1143 1171 1188 
degeneracy helps : 313 312 322 314 300 296 
degeneracy worse : 170 171 188 223 237 250 
SCL #err deg : 1249 / 7500
SCL #err weighted degeneracy : 1106 1108 1115 1157 1185 1203 
degeneracy helps : 318 317 327 319 305 300 
degeneracy worse : 175 176 193 227 241 254 
SCL #err deg : 1266 / 7600
SCL #err weighted degeneracy : 1125 1127 1136 1178 1206 1224 
degeneracy helps : 322 321 330 321 307 302 
degeneracy worse : 181 182 200 233 247 260 
SCL #err deg : 1290 / 7700
SCL #err weighted degeneracy : 1144 1145 1155 1196 1225 1243 
degeneracy helps : 329 329 338 330 314 310 
degeneracy worse : 183 184 203 236 249 263 
SCL #err deg : 1305 / 7800
SCL #err weighted degeneracy : 1157 1158 1167 1209 1238 1255 
degeneracy helps : 335 335 345 337 321 317 
degeneracy worse : 187 188 207 241 254 267 
SCL #err deg : 1320 / 7900
SCL #err weighted degeneracy : 1169 1170 1180 1222 1252 1270 
degeneracy helps : 338 338 349 341 325 320 
degeneracy worse : 187 188 209 243 257 270 
SCL #err deg : 1333 / 8000
SCL #err weighted degeneracy : 1179 1180 1190 1232 1261 1279 
degeneracy helps : 341 341 352 344 329 324 
degeneracy worse : 187 188 209 243 257 270 
SCL #err deg : 1352 / 8100
SCL #err weighted degeneracy : 1197 1198 1209 1251 1281 1300 
degeneracy helps : 344 344 355 347 331 327 
degeneracy worse : 189 190 212 246 260 275 
SCL #err deg : 1370 / 8200
SCL #err weighted degeneracy : 1218 1219 1229 1269 1299 1319 
degeneracy helps : 345 345 357 351 335 331 
degeneracy worse : 193 194 216 250 264 280 
SCL #err deg : 1395 / 8300
SCL #err weighted degeneracy : 1247 1248 1258 1297 1326 1346 
degeneracy helps : 347 347 360 353 337 333 
degeneracy worse : 199 200 223 255 268 284 
SCL #err deg : 1415 / 8400
SCL #err weighted degeneracy : 1266 1267 1276 1314 1342 1362 
degeneracy helps : 349 349 363 356 341 337 
degeneracy worse : 200 201 224 255 268 284 
SCL #err deg : 1427 / 8500
SCL #err weighted degeneracy : 1278 1279 1288 1325 1353 1373 
degeneracy helps : 351 351 364 357 342 338 
degeneracy worse : 202 203 225 255 268 284 
SCL #err deg : 1443 / 8600
SCL #err weighted degeneracy : 1293 1294 1305 1342 1371 1390 
degeneracy helps : 356 356 368 361 345 341 
degeneracy worse : 206 207 230 260 273 288 
SCL #err deg : 1461 / 8700
SCL #err weighted degeneracy : 1307 1308 1319 1357 1387 1406 
degeneracy helps : 361 361 373 366 350 346 
degeneracy worse : 207 208 231 262 276 291 
SCL #err deg : 1477 / 8800
SCL #err weighted degeneracy : 1321 1322 1334 1371 1402 1421 
degeneracy helps : 365 365 377 370 354 350 
degeneracy worse : 209 210 234 264 279 294 
SCL #err deg : 1493 / 8900
SCL #err weighted degeneracy : 1332 1333 1345 1381 1412 1434 
degeneracy helps : 372 372 384 377 361 356 
degeneracy worse : 211 212 236 265 280 297 
SCL #err deg : 1512 / 9000
SCL #err weighted degeneracy : 1349 1350 1364 1402 1434 1456 
degeneracy helps : 376 376 387 380 364 360 
degeneracy worse : 213 214 239 270 286 304 
SCL #err deg : 1529 / 9100
SCL #err weighted degeneracy : 1363 1364 1378 1417 1449 1471 
degeneracy helps : 380 380 391 384 368 364 
degeneracy worse : 214 215 240 272 288 306 
SCL #err deg : 1551 / 9200
SCL #err weighted degeneracy : 1381 1382 1396 1436 1469 1491 
degeneracy helps : 386 386 397 389 373 369 
degeneracy worse : 216 217 242 274 291 309 
SCL #err deg : 1569 / 9300
SCL #err weighted degeneracy : 1397 1398 1411 1450 1482 1504 
degeneracy helps : 389 389 401 394 379 375 
degeneracy worse : 217 218 243 275 292 310 
SCL #err deg : 1581 / 9400
SCL #err weighted degeneracy : 1410 1411 1424 1462 1494 1516 
degeneracy helps : 391 391 403 396 381 377 
degeneracy worse : 220 221 246 277 294 312 
SCL #err deg : 1596 / 9500
SCL #err weighted degeneracy : 1423 1424 1438 1477 1508 1531 
degeneracy helps : 395 395 407 400 386 381 
degeneracy worse : 222 223 249 281 298 316 
SCL #err deg : 1614 / 9600
SCL #err weighted degeneracy : 1440 1441 1454 1494 1526 1549 
degeneracy helps : 397 397 410 403 389 384 
degeneracy worse : 223 224 250 283 301 319 
SCL #err deg : 1629 / 9700
SCL #err weighted degeneracy : 1450 1451 1464 1505 1537 1561 
degeneracy helps : 403 403 417 409 395 390 
degeneracy worse : 224 225 252 285 303 322 
SCL #err deg : 1641 / 9800
SCL #err weighted degeneracy : 1464 1465 1476 1518 1552 1575 
degeneracy helps : 405 405 421 412 397 392 
degeneracy worse : 228 229 256 289 308 326 
SCL #err deg : 1656 / 9900
SCL #err weighted degeneracy : 1478 1479 1490 1533 1569 1594 
degeneracy helps : 409 409 425 416 400 394 
degeneracy worse : 231 232 259 293 313 332 
SCL #err deg : 1672 / 10000
SCL #err weighted degeneracy : 1494 1495 1505 1546 1582 1607 
degeneracy helps : 411 411 428 420 404 398 
degeneracy worse : 233 234 261 294 314 333 
average #flips: 102.601
SCL #err considering degeneracy: 1672
error due to equal 358
error due to SCL smaller 1157
Finish in 11684 s
