Simulation Polar syndrome FASTER N=1024, K=513, l=128, pz=0.13, #samples=10000, seed=87
HPW construction
Event generator random seed: 87
SCL #err deg : 73 / 100
SCL #err weighted degeneracy : 76 76 75 74 74 73 
degeneracy helps : 7 7 7 6 6 7 
degeneracy worse : 10 10 9 7 7 7 
SCL #err deg : 143 / 200
SCL #err weighted degeneracy : 145 147 143 142 142 140 
degeneracy helps : 13 12 15 13 14 15 
degeneracy worse : 15 16 15 12 13 12 
SCL #err deg : 206 / 300
SCL #err weighted degeneracy : 211 214 208 207 208 206 
degeneracy helps : 19 18 20 20 21 22 
degeneracy worse : 24 26 22 21 23 22 
SCL #err deg : 277 / 400
SCL #err weighted degeneracy : 280 283 278 277 277 274 
degeneracy helps : 26 25 26 26 28 30 
degeneracy worse : 29 31 27 26 28 27 
SCL #err deg : 353 / 500
SCL #err weighted degeneracy : 350 353 348 347 349 346 
degeneracy helps : 34 33 35 34 36 38 
degeneracy worse : 31 33 30 28 32 31 
SCL #err deg : 415 / 600
SCL #err weighted degeneracy : 418 420 412 410 412 405 
degeneracy helps : 37 37 41 41 43 48 
degeneracy worse : 40 42 38 36 40 38 
SCL #err deg : 482 / 700
SCL #err weighted degeneracy : 482 485 475 474 476 471 
degeneracy helps : 46 45 51 50 52 56 
degeneracy worse : 46 48 44 42 46 45 
SCL #err deg : 544 / 800
SCL #err weighted degeneracy : 549 551 545 544 545 539 
degeneracy helps : 51 50 55 53 56 60 
degeneracy worse : 56 57 56 53 57 55 
SCL #err deg : 624 / 900
SCL #err weighted degeneracy : 626 627 622 620 621 613 
degeneracy helps : 60 60 65 63 66 71 
degeneracy worse : 62 63 63 59 63 60 
SCL #err deg : 689 / 1000
SCL #err weighted degeneracy : 698 699 691 692 695 688 
degeneracy helps : 67 67 72 68 69 73 
degeneracy worse : 76 77 74 71 75 72 
SCL #err deg : 764 / 1100
SCL #err weighted degeneracy : 776 776 769 771 772 765 
degeneracy helps : 70 71 75 72 74 78 
degeneracy worse : 82 83 80 79 82 79 
SCL #err deg : 839 / 1200
SCL #err weighted degeneracy : 852 853 844 847 846 839 
degeneracy helps : 75 75 81 77 80 84 
degeneracy worse : 88 89 86 85 87 84 
SCL #err deg : 909 / 1300
SCL #err weighted degeneracy : 923 923 916 917 916 907 
degeneracy helps : 78 79 84 81 84 88 
degeneracy worse : 92 93 91 89 91 86 
SCL #err deg : 983 / 1400
SCL #err weighted degeneracy : 997 997 989 990 991 981 
degeneracy helps : 85 86 91 88 91 95 
degeneracy worse : 99 100 97 95 99 93 
SCL #err deg : 1056 / 1500
SCL #err weighted degeneracy : 1067 1067 1056 1058 1059 1046 
degeneracy helps : 93 95 100 96 99 106 
degeneracy worse : 104 106 100 98 102 96 
SCL #err deg : 1131 / 1600
SCL #err weighted degeneracy : 1133 1134 1119 1123 1125 1112 
degeneracy helps : 104 105 113 108 110 117 
degeneracy worse : 106 108 101 100 104 98 
SCL #err deg : 1202 / 1700
SCL #err weighted degeneracy : 1197 1198 1186 1186 1187 1176 
degeneracy helps : 115 116 123 123 125 131 
degeneracy worse : 110 112 107 107 110 105 
SCL #err deg : 1267 / 1800
SCL #err weighted degeneracy : 1263 1263 1254 1255 1256 1244 
degeneracy helps : 120 121 128 127 130 137 
degeneracy worse : 116 117 115 115 119 114 
SCL #err deg : 1346 / 1900
SCL #err weighted degeneracy : 1337 1338 1328 1331 1332 1320 
degeneracy helps : 130 131 138 135 138 146 
degeneracy worse : 121 123 120 120 124 120 
SCL #err deg : 1419 / 2000
SCL #err weighted degeneracy : 1410 1411 1404 1407 1408 1396 
degeneracy helps : 137 138 143 140 143 151 
degeneracy worse : 128 130 128 128 132 128 
SCL #err deg : 1487 / 2100
SCL #err weighted degeneracy : 1477 1477 1472 1475 1476 1465 
degeneracy helps : 141 142 147 144 148 156 
degeneracy worse : 131 132 132 132 137 134 
SCL #err deg : 1559 / 2200
SCL #err weighted degeneracy : 1548 1548 1540 1542 1543 1531 
degeneracy helps : 149 150 157 154 159 167 
degeneracy worse : 138 139 138 137 143 139 
SCL #err deg : 1626 / 2300
SCL #err weighted degeneracy : 1616 1617 1605 1605 1606 1594 
degeneracy helps : 156 157 164 161 167 175 
degeneracy worse : 146 148 143 140 147 143 
SCL #err deg : 1698 / 2400
SCL #err weighted degeneracy : 1688 1689 1677 1677 1678 1665 
degeneracy helps : 162 163 171 169 173 182 
degeneracy worse : 152 154 150 148 153 149 
SCL #err deg : 1764 / 2500
SCL #err weighted degeneracy : 1755 1756 1743 1741 1741 1728 
degeneracy helps : 165 166 176 176 180 189 
degeneracy worse : 156 158 155 153 157 153 
SCL #err deg : 1840 / 2600
SCL #err weighted degeneracy : 1827 1826 1816 1816 1815 1803 
degeneracy helps : 175 176 186 185 190 199 
degeneracy worse : 162 162 162 161 165 162 
SCL #err deg : 1907 / 2700
SCL #err weighted degeneracy : 1895 1893 1884 1887 1885 1874 
degeneracy helps : 181 183 191 190 195 204 
degeneracy worse : 169 169 168 170 173 171 
SCL #err deg : 1988 / 2800
SCL #err weighted degeneracy : 1968 1966 1957 1960 1958 1947 
degeneracy helps : 191 193 201 200 205 214 
degeneracy worse : 171 171 170 172 175 173 
SCL #err deg : 2055 / 2900
SCL #err weighted degeneracy : 2043 2042 2031 2034 2029 2014 
degeneracy helps : 195 197 204 203 211 223 
degeneracy worse : 183 184 180 182 185 182 
SCL #err deg : 2130 / 3000
SCL #err weighted degeneracy : 2113 2111 2100 2102 2100 2087 
degeneracy helps : 203 205 213 212 219 230 
degeneracy worse : 186 186 183 184 189 187 
SCL #err deg : 2197 / 3100
SCL #err weighted degeneracy : 2184 2183 2170 2172 2171 2155 
degeneracy helps : 206 208 216 216 223 236 
degeneracy worse : 193 194 189 191 197 194 
SCL #err deg : 2270 / 3200
SCL #err weighted degeneracy : 2257 2257 2242 2245 2246 2231 
degeneracy helps : 215 216 226 225 231 244 
degeneracy worse : 202 203 198 200 207 205 
SCL #err deg : 2333 / 3300
SCL #err weighted degeneracy : 2321 2322 2312 2313 2313 2299 
degeneracy helps : 220 220 229 229 235 247 
degeneracy worse : 208 209 208 209 215 213 
SCL #err deg : 2402 / 3400
SCL #err weighted degeneracy : 2378 2379 2370 2369 2371 2360 
degeneracy helps : 234 234 242 244 248 260 
degeneracy worse : 210 211 210 211 217 218 
SCL #err deg : 2470 / 3500
SCL #err weighted degeneracy : 2447 2447 2438 2437 2439 2428 
degeneracy helps : 240 241 251 252 256 268 
degeneracy worse : 217 218 219 219 225 226 
SCL #err deg : 2536 / 3600
SCL #err weighted degeneracy : 2517 2518 2505 2505 2507 2495 
degeneracy helps : 244 245 256 256 261 274 
degeneracy worse : 225 227 225 225 232 233 
SCL #err deg : 2611 / 3700
SCL #err weighted degeneracy : 2594 2596 2584 2585 2587 2573 
degeneracy helps : 248 248 258 260 265 279 
degeneracy worse : 231 233 231 234 241 241 
SCL #err deg : 2679 / 3800
SCL #err weighted degeneracy : 2666 2668 2656 2654 2654 2638 
degeneracy helps : 252 252 262 264 269 284 
degeneracy worse : 239 241 239 239 244 243 
SCL #err deg : 2750 / 3900
SCL #err weighted degeneracy : 2731 2731 2722 2719 2721 2709 
degeneracy helps : 261 263 270 274 279 291 
degeneracy worse : 242 244 242 243 250 250 
SCL #err deg : 2821 / 4000
SCL #err weighted degeneracy : 2801 2802 2792 2789 2791 2778 
degeneracy helps : 267 268 277 283 289 301 
degeneracy worse : 247 249 248 251 259 258 
SCL #err deg : 2885 / 4100
SCL #err weighted degeneracy : 2864 2865 2858 2857 2860 2846 
degeneracy helps : 274 276 284 291 296 310 
degeneracy worse : 253 256 257 263 271 271 
SCL #err deg : 2955 / 4200
SCL #err weighted degeneracy : 2929 2930 2922 2923 2928 2914 
degeneracy helps : 284 286 295 301 304 317 
degeneracy worse : 258 261 262 269 277 276 
SCL #err deg : 3029 / 4300
SCL #err weighted degeneracy : 3002 3003 2997 2999 3004 2988 
degeneracy helps : 288 290 298 303 307 320 
degeneracy worse : 261 264 266 273 282 279 
SCL #err deg : 3104 / 4400
SCL #err weighted degeneracy : 3072 3074 3064 3067 3072 3055 
degeneracy helps : 296 298 308 313 317 330 
degeneracy worse : 264 268 268 276 285 281 
SCL #err deg : 3175 / 4500
SCL #err weighted degeneracy : 3146 3148 3138 3141 3144 3125 
degeneracy helps : 299 301 312 317 322 336 
degeneracy worse : 270 274 275 283 291 286 
SCL #err deg : 3235 / 4600
SCL #err weighted degeneracy : 3208 3209 3203 3206 3209 3188 
degeneracy helps : 305 307 317 324 329 344 
degeneracy worse : 278 281 285 295 303 297 
SCL #err deg : 3303 / 4700
SCL #err weighted degeneracy : 3272 3273 3268 3274 3275 3258 
degeneracy helps : 311 313 323 329 336 349 
degeneracy worse : 280 283 288 300 308 304 
SCL #err deg : 3375 / 4800
SCL #err weighted degeneracy : 3341 3342 3339 3344 3345 3326 
degeneracy helps : 319 321 331 339 345 359 
degeneracy worse : 285 288 295 308 315 310 
SCL #err deg : 3446 / 4900
SCL #err weighted degeneracy : 3415 3417 3413 3422 3423 3408 
degeneracy helps : 323 325 335 343 349 361 
degeneracy worse : 292 296 302 319 326 323 
SCL #err deg : 3521 / 5000
SCL #err weighted degeneracy : 3489 3492 3488 3496 3498 3484 
degeneracy helps : 330 331 342 351 357 369 
degeneracy worse : 298 302 309 326 334 332 
SCL #err deg : 3588 / 5100
SCL #err weighted degeneracy : 3549 3552 3553 3561 3566 3551 
degeneracy helps : 339 340 350 360 365 378 
degeneracy worse : 300 304 315 333 343 341 
SCL #err deg : 3653 / 5200
SCL #err weighted degeneracy : 3611 3614 3616 3623 3630 3616 
degeneracy helps : 348 349 359 369 373 387 
degeneracy worse : 306 310 322 339 350 350 
SCL #err deg : 3726 / 5300
SCL #err weighted degeneracy : 3681 3686 3684 3691 3699 3687 
degeneracy helps : 358 357 369 379 382 394 
degeneracy worse : 313 317 327 344 355 355 
SCL #err deg : 3798 / 5400
SCL #err weighted degeneracy : 3754 3759 3756 3764 3774 3762 
degeneracy helps : 364 363 374 383 385 397 
degeneracy worse : 320 324 332 349 361 361 
SCL #err deg : 3868 / 5500
SCL #err weighted degeneracy : 3826 3832 3828 3834 3844 3831 
degeneracy helps : 369 367 379 388 390 403 
degeneracy worse : 327 331 339 354 366 366 
SCL #err deg : 3936 / 5600
SCL #err weighted degeneracy : 3894 3901 3895 3900 3909 3898 
degeneracy helps : 371 368 383 393 396 408 
degeneracy worse : 329 333 342 357 369 370 
SCL #err deg : 4000 / 5700
SCL #err weighted degeneracy : 3958 3965 3962 3967 3976 3964 
degeneracy helps : 373 370 385 396 400 412 
degeneracy worse : 331 335 347 363 376 376 
SCL #err deg : 4066 / 5800
SCL #err weighted degeneracy : 4020 4027 4024 4028 4039 4028 
degeneracy helps : 383 380 395 406 410 421 
degeneracy worse : 337 341 353 368 383 383 
SCL #err deg : 4138 / 5900
SCL #err weighted degeneracy : 4082 4090 4087 4093 4105 4095 
degeneracy helps : 395 391 408 418 422 433 
degeneracy worse : 339 343 357 373 389 390 
SCL #err deg : 4209 / 6000
SCL #err weighted degeneracy : 4156 4164 4162 4169 4182 4170 
degeneracy helps : 400 396 413 423 426 438 
degeneracy worse : 347 351 366 383 399 399 
SCL #err deg : 4286 / 6100
SCL #err weighted degeneracy : 4231 4239 4238 4245 4256 4243 
degeneracy helps : 410 406 424 433 435 447 
degeneracy worse : 355 359 376 392 405 404 
SCL #err deg : 4353 / 6200
SCL #err weighted degeneracy : 4299 4307 4306 4311 4322 4309 
degeneracy helps : 413 409 427 438 440 453 
degeneracy worse : 359 363 380 396 409 409 
SCL #err deg : 4411 / 6300
SCL #err weighted degeneracy : 4366 4375 4368 4371 4380 4367 
degeneracy helps : 414 409 431 444 448 462 
degeneracy worse : 369 373 388 404 417 418 
SCL #err deg : 4480 / 6400
SCL #err weighted degeneracy : 4432 4441 4435 4439 4448 4435 
degeneracy helps : 423 418 440 454 456 469 
degeneracy worse : 375 379 395 413 424 424 
SCL #err deg : 4550 / 6500
SCL #err weighted degeneracy : 4500 4509 4505 4511 4521 4508 
degeneracy helps : 432 427 449 461 462 476 
degeneracy worse : 382 386 404 422 433 434 
SCL #err deg : 4614 / 6600
SCL #err weighted degeneracy : 4561 4572 4568 4575 4584 4571 
degeneracy helps : 440 433 456 468 470 484 
degeneracy worse : 387 391 410 429 440 441 
SCL #err deg : 4678 / 6700
SCL #err weighted degeneracy : 4625 4636 4631 4639 4649 4636 
degeneracy helps : 446 439 462 473 474 488 
degeneracy worse : 393 397 415 434 445 446 
SCL #err deg : 4748 / 6800
SCL #err weighted degeneracy : 4698 4707 4706 4714 4725 4710 
degeneracy helps : 452 446 468 479 479 493 
degeneracy worse : 402 405 426 445 456 455 
SCL #err deg : 4815 / 6900
SCL #err weighted degeneracy : 4769 4780 4777 4786 4798 4783 
degeneracy helps : 453 447 469 480 480 495 
degeneracy worse : 407 412 431 451 463 463 
SCL #err deg : 4885 / 7000
SCL #err weighted degeneracy : 4836 4846 4847 4857 4869 4854 
degeneracy helps : 462 457 479 490 490 505 
degeneracy worse : 413 418 441 462 474 474 
SCL #err deg : 4956 / 7100
SCL #err weighted degeneracy : 4909 4918 4918 4928 4942 4928 
degeneracy helps : 466 462 483 495 493 508 
degeneracy worse : 419 424 445 467 479 480 
SCL #err deg : 5024 / 7200
SCL #err weighted degeneracy : 4976 4986 4986 4996 5010 4995 
degeneracy helps : 472 467 489 501 499 514 
degeneracy worse : 424 429 451 473 485 485 
SCL #err deg : 5094 / 7300
SCL #err weighted degeneracy : 5043 5054 5054 5067 5079 5064 
degeneracy helps : 482 477 498 510 508 523 
degeneracy worse : 431 437 458 483 493 493 
SCL #err deg : 5153 / 7400
SCL #err weighted degeneracy : 5107 5118 5118 5131 5139 5126 
degeneracy helps : 487 482 503 515 514 529 
degeneracy worse : 441 447 468 493 500 502 
SCL #err deg : 5228 / 7500
SCL #err weighted degeneracy : 5180 5191 5190 5202 5210 5198 
degeneracy helps : 495 490 512 525 524 539 
degeneracy worse : 447 453 474 499 506 509 
SCL #err deg : 5297 / 7600
SCL #err weighted degeneracy : 5248 5259 5257 5271 5279 5268 
degeneracy helps : 502 496 519 532 530 544 
degeneracy worse : 453 458 479 506 512 515 
SCL #err deg : 5368 / 7700
SCL #err weighted degeneracy : 5320 5331 5330 5341 5348 5336 
degeneracy helps : 505 499 524 539 537 552 
degeneracy worse : 457 462 486 512 517 520 
SCL #err deg : 5434 / 7800
SCL #err weighted degeneracy : 5384 5394 5395 5410 5416 5401 
degeneracy helps : 512 507 532 545 543 561 
degeneracy worse : 462 467 493 521 525 528 
SCL #err deg : 5503 / 7900
SCL #err weighted degeneracy : 5462 5472 5470 5484 5490 5476 
degeneracy helps : 514 509 535 549 547 564 
degeneracy worse : 473 478 502 530 534 537 
SCL #err deg : 5573 / 8000
SCL #err weighted degeneracy : 5532 5543 5540 5555 5562 5548 
degeneracy helps : 518 513 540 553 551 568 
degeneracy worse : 477 483 507 535 540 543 
SCL #err deg : 5641 / 8100
SCL #err weighted degeneracy : 5608 5619 5614 5628 5632 5618 
degeneracy helps : 521 516 544 556 554 572 
degeneracy worse : 488 494 517 543 545 549 
SCL #err deg : 5720 / 8200
SCL #err weighted degeneracy : 5684 5695 5689 5703 5709 5692 
degeneracy helps : 528 524 552 564 562 582 
degeneracy worse : 492 499 521 547 551 554 
SCL #err deg : 5789 / 8300
SCL #err weighted degeneracy : 5753 5762 5758 5770 5778 5761 
degeneracy helps : 534 531 558 572 569 589 
degeneracy worse : 498 504 527 553 558 561 
SCL #err deg : 5857 / 8400
SCL #err weighted degeneracy : 5822 5831 5825 5837 5847 5830 
degeneracy helps : 540 538 565 580 576 596 
degeneracy worse : 505 512 533 560 566 569 
SCL #err deg : 5926 / 8500
SCL #err weighted degeneracy : 5888 5899 5890 5902 5912 5896 
degeneracy helps : 548 545 575 589 585 605 
degeneracy worse : 510 518 539 565 571 575 
SCL #err deg : 5992 / 8600
SCL #err weighted degeneracy : 5954 5965 5957 5964 5974 5957 
degeneracy helps : 555 552 581 598 594 615 
degeneracy worse : 517 525 546 570 576 580 
SCL #err deg : 6060 / 8700
SCL #err weighted degeneracy : 6026 6037 6029 6037 6044 6028 
degeneracy helps : 559 556 586 602 600 621 
degeneracy worse : 525 533 555 579 584 589 
SCL #err deg : 6126 / 8800
SCL #err weighted degeneracy : 6091 6101 6094 6103 6111 6098 
degeneracy helps : 565 563 592 609 607 626 
degeneracy worse : 530 538 560 586 592 598 
SCL #err deg : 6191 / 8900
SCL #err weighted degeneracy : 6158 6168 6161 6173 6181 6168 
degeneracy helps : 572 570 600 615 612 631 
degeneracy worse : 539 547 570 597 602 608 
SCL #err deg : 6262 / 9000
SCL #err weighted degeneracy : 6225 6235 6225 6239 6249 6236 
degeneracy helps : 581 579 611 625 620 639 
degeneracy worse : 544 552 574 602 607 613 
SCL #err deg : 6333 / 9100
SCL #err weighted degeneracy : 6292 6302 6293 6309 6320 6308 
degeneracy helps : 588 586 617 630 625 644 
degeneracy worse : 547 555 577 606 612 619 
SCL #err deg : 6402 / 9200
SCL #err weighted degeneracy : 6363 6373 6365 6380 6389 6376 
degeneracy helps : 592 590 621 636 632 652 
degeneracy worse : 553 561 584 614 619 626 
SCL #err deg : 6469 / 9300
SCL #err weighted degeneracy : 6428 6437 6429 6444 6454 6441 
degeneracy helps : 598 597 627 642 638 658 
degeneracy worse : 557 565 587 617 623 630 
SCL #err deg : 6528 / 9400
SCL #err weighted degeneracy : 6491 6499 6491 6505 6515 6502 
degeneracy helps : 605 605 636 652 647 667 
degeneracy worse : 568 576 599 629 634 641 
SCL #err deg : 6598 / 9500
SCL #err weighted degeneracy : 6557 6566 6556 6567 6577 6565 
degeneracy helps : 612 611 644 664 659 679 
degeneracy worse : 571 579 602 633 638 646 
SCL #err deg : 6670 / 9600
SCL #err weighted degeneracy : 6631 6640 6628 6640 6652 6639 
degeneracy helps : 616 615 650 670 663 684 
degeneracy worse : 577 585 608 640 645 653 
SCL #err deg : 6741 / 9700
SCL #err weighted degeneracy : 6700 6710 6699 6712 6725 6713 
degeneracy helps : 624 623 657 676 668 690 
degeneracy worse : 583 592 615 647 652 662 
SCL #err deg : 6813 / 9800
SCL #err weighted degeneracy : 6777 6788 6776 6787 6799 6789 
degeneracy helps : 630 629 663 682 674 695 
degeneracy worse : 594 604 626 656 660 671 
SCL #err deg : 6881 / 9900
SCL #err weighted degeneracy : 6847 6859 6847 6858 6872 6862 
degeneracy helps : 632 631 666 686 677 698 
degeneracy worse : 598 609 632 663 668 679 
SCL #err deg : 6952 / 10000
SCL #err weighted degeneracy : 6916 6928 6915 6928 6941 6931 
degeneracy helps : 641 640 677 696 687 708 
degeneracy worse : 605 616 640 672 676 687 
average #flips: 133.312
SCL #err considering degeneracy: 6952
error due to equal 60
error due to SCL smaller 6872
Finish in 11500 s
