Simulation Polar syndrome FASTER N=1024, K=513, l=128, pz=0.15, #samples=10000, seed=87
HPW construction
Event generator random seed: 87
SCL #err deg : 80 / 100
SCL #err weighted degeneracy : 81 80 84 83 81 80 
degeneracy helps : 8 10 6 6 7 7 
degeneracy worse : 9 10 10 9 8 7 
SCL #err deg : 155 / 200
SCL #err weighted degeneracy : 158 157 160 158 157 157 
degeneracy helps : 15 16 13 14 14 13 
degeneracy worse : 18 18 18 17 16 15 
SCL #err deg : 234 / 300
SCL #err weighted degeneracy : 234 233 236 235 234 234 
degeneracy helps : 20 21 18 18 19 19 
degeneracy worse : 20 20 20 19 19 19 
SCL #err deg : 311 / 400
SCL #err weighted degeneracy : 304 303 307 306 307 311 
degeneracy helps : 29 31 26 26 25 23 
degeneracy worse : 22 23 22 21 21 23 
SCL #err deg : 388 / 500
SCL #err weighted degeneracy : 379 375 383 382 383 387 
degeneracy helps : 36 39 33 32 33 31 
degeneracy worse : 27 26 28 26 28 30 
SCL #err deg : 460 / 600
SCL #err weighted degeneracy : 448 444 453 455 456 461 
degeneracy helps : 45 48 42 39 39 37 
degeneracy worse : 33 32 35 34 35 38 
SCL #err deg : 534 / 700
SCL #err weighted degeneracy : 523 519 528 529 532 536 
degeneracy helps : 49 52 46 44 43 42 
degeneracy worse : 38 37 40 39 41 44 
SCL #err deg : 605 / 800
SCL #err weighted degeneracy : 592 587 600 602 605 609 
degeneracy helps : 55 59 51 48 47 46 
degeneracy worse : 42 41 46 45 47 50 
SCL #err deg : 684 / 900
SCL #err weighted degeneracy : 671 665 680 684 687 692 
degeneracy helps : 60 64 57 52 51 49 
degeneracy worse : 47 45 53 52 54 57 
SCL #err deg : 763 / 1000
SCL #err weighted degeneracy : 748 743 756 763 766 773 
degeneracy helps : 69 73 66 59 58 54 
degeneracy worse : 54 53 59 59 61 64 
SCL #err deg : 842 / 1100
SCL #err weighted degeneracy : 826 821 833 840 839 845 
degeneracy helps : 78 82 75 68 70 68 
degeneracy worse : 62 61 66 66 67 71 
SCL #err deg : 916 / 1200
SCL #err weighted degeneracy : 898 892 905 913 913 919 
degeneracy helps : 82 87 79 71 73 71 
degeneracy worse : 64 63 68 68 70 74 
SCL #err deg : 987 / 1300
SCL #err weighted degeneracy : 974 967 982 988 987 994 
degeneracy helps : 85 90 81 74 76 73 
degeneracy worse : 72 70 76 75 76 80 
SCL #err deg : 1071 / 1400
SCL #err weighted degeneracy : 1053 1047 1061 1065 1064 1071 
degeneracy helps : 93 96 89 84 86 83 
degeneracy worse : 75 72 79 78 79 83 
SCL #err deg : 1149 / 1500
SCL #err weighted degeneracy : 1133 1128 1139 1143 1141 1150 
degeneracy helps : 97 100 94 89 93 90 
degeneracy worse : 81 79 84 83 85 91 
SCL #err deg : 1223 / 1600
SCL #err weighted degeneracy : 1201 1198 1207 1210 1208 1218 
degeneracy helps : 106 109 104 99 104 100 
degeneracy worse : 84 84 88 86 89 95 
SCL #err deg : 1303 / 1700
SCL #err weighted degeneracy : 1279 1276 1284 1290 1289 1301 
degeneracy helps : 114 117 112 105 110 104 
degeneracy worse : 90 90 93 92 96 102 
SCL #err deg : 1380 / 1800
SCL #err weighted degeneracy : 1356 1354 1361 1368 1366 1378 
degeneracy helps : 118 121 117 110 115 109 
degeneracy worse : 94 95 98 98 101 107 
SCL #err deg : 1456 / 1900
SCL #err weighted degeneracy : 1430 1429 1435 1441 1438 1451 
degeneracy helps : 124 126 123 117 123 117 
degeneracy worse : 98 99 102 102 105 112 
SCL #err deg : 1531 / 2000
SCL #err weighted degeneracy : 1509 1506 1515 1523 1519 1533 
degeneracy helps : 131 133 130 123 130 123 
degeneracy worse : 109 108 114 115 118 125 
SCL #err deg : 1610 / 2100
SCL #err weighted degeneracy : 1585 1583 1590 1600 1595 1605 
degeneracy helps : 137 138 137 130 138 134 
degeneracy worse : 112 111 117 120 123 129 
SCL #err deg : 1685 / 2200
SCL #err weighted degeneracy : 1650 1650 1654 1666 1661 1671 
degeneracy helps : 150 150 151 143 151 147 
degeneracy worse : 115 115 120 124 127 133 
SCL #err deg : 1763 / 2300
SCL #err weighted degeneracy : 1731 1730 1735 1744 1739 1751 
degeneracy helps : 155 155 157 152 160 154 
degeneracy worse : 123 122 129 133 136 142 
SCL #err deg : 1836 / 2400
SCL #err weighted degeneracy : 1806 1805 1810 1817 1813 1823 
degeneracy helps : 160 160 162 158 166 161 
degeneracy worse : 130 129 136 139 143 148 
SCL #err deg : 1910 / 2500
SCL #err weighted degeneracy : 1876 1876 1882 1893 1888 1898 
degeneracy helps : 169 169 172 166 175 169 
degeneracy worse : 135 135 144 149 153 157 
SCL #err deg : 1982 / 2600
SCL #err weighted degeneracy : 1946 1945 1954 1967 1963 1974 
degeneracy helps : 175 176 177 169 179 174 
degeneracy worse : 139 139 149 154 160 166 
SCL #err deg : 2055 / 2700
SCL #err weighted degeneracy : 2014 2011 2023 2039 2036 2048 
degeneracy helps : 187 189 188 178 188 182 
degeneracy worse : 146 145 156 162 169 175 
SCL #err deg : 2127 / 2800
SCL #err weighted degeneracy : 2093 2090 2099 2112 2110 2119 
degeneracy helps : 192 194 195 187 197 193 
degeneracy worse : 158 157 167 172 180 185 
SCL #err deg : 2199 / 2900
SCL #err weighted degeneracy : 2167 2163 2173 2188 2186 2194 
degeneracy helps : 196 198 199 190 200 197 
degeneracy worse : 164 162 173 179 187 192 
SCL #err deg : 2273 / 3000
SCL #err weighted degeneracy : 2246 2242 2249 2263 2262 2269 
degeneracy helps : 199 201 204 196 205 202 
degeneracy worse : 172 170 180 186 194 198 
SCL #err deg : 2349 / 3100
SCL #err weighted degeneracy : 2319 2315 2322 2338 2336 2344 
degeneracy helps : 205 207 210 202 211 208 
degeneracy worse : 175 173 183 191 198 203 
SCL #err deg : 2424 / 3200
SCL #err weighted degeneracy : 2395 2393 2398 2415 2412 2419 
degeneracy helps : 208 208 214 206 215 213 
degeneracy worse : 179 177 188 197 203 208 
SCL #err deg : 2497 / 3300
SCL #err weighted degeneracy : 2468 2466 2471 2485 2485 2493 
degeneracy helps : 213 213 219 214 221 218 
degeneracy worse : 184 182 193 202 209 214 
SCL #err deg : 2563 / 3400
SCL #err weighted degeneracy : 2530 2530 2536 2550 2554 2563 
degeneracy helps : 222 221 227 222 226 223 
degeneracy worse : 189 188 200 209 217 223 
SCL #err deg : 2640 / 3500
SCL #err weighted degeneracy : 2602 2602 2609 2625 2626 2635 
degeneracy helps : 232 231 236 230 235 232 
degeneracy worse : 194 193 205 215 221 227 
SCL #err deg : 2708 / 3600
SCL #err weighted degeneracy : 2672 2672 2679 2697 2698 2707 
degeneracy helps : 237 236 241 236 241 239 
degeneracy worse : 201 200 212 225 231 238 
SCL #err deg : 2781 / 3700
SCL #err weighted degeneracy : 2750 2750 2754 2772 2771 2781 
degeneracy helps : 241 240 245 240 246 244 
degeneracy worse : 210 209 218 231 236 244 
SCL #err deg : 2859 / 3800
SCL #err weighted degeneracy : 2832 2832 2836 2854 2853 2863 
degeneracy helps : 243 242 247 242 248 246 
degeneracy worse : 216 215 224 237 242 250 
SCL #err deg : 2936 / 3900
SCL #err weighted degeneracy : 2908 2908 2911 2927 2923 2934 
degeneracy helps : 249 247 253 250 258 256 
degeneracy worse : 221 219 228 241 245 254 
SCL #err deg : 3007 / 4000
SCL #err weighted degeneracy : 2981 2981 2985 3000 2997 3008 
degeneracy helps : 254 252 257 256 264 262 
degeneracy worse : 228 226 235 249 254 263 
SCL #err deg : 3078 / 4100
SCL #err weighted degeneracy : 3049 3048 3055 3071 3069 3079 
degeneracy helps : 261 260 263 261 268 267 
degeneracy worse : 232 230 240 254 259 268 
SCL #err deg : 3144 / 4200
SCL #err weighted degeneracy : 3120 3117 3126 3140 3137 3146 
degeneracy helps : 266 265 268 268 276 277 
degeneracy worse : 242 238 250 264 269 279 
SCL #err deg : 3216 / 4300
SCL #err weighted degeneracy : 3191 3190 3198 3211 3206 3215 
degeneracy helps : 272 269 274 275 284 285 
degeneracy worse : 247 243 256 270 274 284 
SCL #err deg : 3296 / 4400
SCL #err weighted degeneracy : 3267 3266 3271 3288 3284 3295 
degeneracy helps : 281 278 283 282 291 291 
degeneracy worse : 252 248 258 274 279 290 
SCL #err deg : 3367 / 4500
SCL #err weighted degeneracy : 3338 3338 3341 3358 3355 3366 
degeneracy helps : 290 286 292 291 299 299 
degeneracy worse : 261 257 266 282 287 298 
SCL #err deg : 3439 / 4600
SCL #err weighted degeneracy : 3412 3411 3416 3435 3433 3443 
degeneracy helps : 293 290 295 293 302 302 
degeneracy worse : 266 262 272 289 296 306 
SCL #err deg : 3519 / 4700
SCL #err weighted degeneracy : 3495 3491 3498 3517 3517 3528 
degeneracy helps : 298 298 302 300 306 306 
degeneracy worse : 274 270 281 298 304 315 
SCL #err deg : 3595 / 4800
SCL #err weighted degeneracy : 3564 3561 3567 3589 3592 3603 
degeneracy helps : 307 306 311 308 313 313 
degeneracy worse : 276 272 283 302 310 321 
SCL #err deg : 3665 / 4900
SCL #err weighted degeneracy : 3638 3635 3640 3659 3661 3674 
degeneracy helps : 309 308 314 314 319 319 
degeneracy worse : 282 278 289 308 315 328 
SCL #err deg : 3733 / 5000
SCL #err weighted degeneracy : 3713 3712 3715 3731 3732 3744 
degeneracy helps : 311 310 317 319 324 325 
degeneracy worse : 291 289 299 317 323 336 
SCL #err deg : 3805 / 5100
SCL #err weighted degeneracy : 3788 3786 3789 3807 3806 3818 
degeneracy helps : 318 318 324 325 331 332 
degeneracy worse : 301 299 308 327 332 345 
SCL #err deg : 3882 / 5200
SCL #err weighted degeneracy : 3865 3863 3865 3887 3885 3899 
degeneracy helps : 323 322 329 329 335 336 
degeneracy worse : 306 303 312 334 338 353 
SCL #err deg : 3952 / 5300
SCL #err weighted degeneracy : 3934 3931 3935 3958 3957 3971 
degeneracy helps : 329 329 333 333 338 339 
degeneracy worse : 311 308 316 339 343 358 
SCL #err deg : 4023 / 5400
SCL #err weighted degeneracy : 4004 4002 4005 4029 4028 4045 
degeneracy helps : 337 336 342 341 348 348 
degeneracy worse : 318 315 324 347 353 370 
SCL #err deg : 4095 / 5500
SCL #err weighted degeneracy : 4074 4072 4075 4101 4100 4118 
degeneracy helps : 343 343 347 345 352 352 
degeneracy worse : 322 320 327 351 357 375 
SCL #err deg : 4170 / 5600
SCL #err weighted degeneracy : 4142 4138 4145 4175 4177 4193 
degeneracy helps : 352 353 357 353 359 360 
degeneracy worse : 324 321 332 358 366 383 
SCL #err deg : 4246 / 5700
SCL #err weighted degeneracy : 4220 4215 4221 4250 4251 4270 
degeneracy helps : 355 357 361 358 365 365 
degeneracy worse : 329 326 336 362 370 389 
SCL #err deg : 4317 / 5800
SCL #err weighted degeneracy : 4295 4291 4296 4324 4325 4345 
degeneracy helps : 358 359 365 364 372 371 
degeneracy worse : 336 333 344 371 380 399 
SCL #err deg : 4392 / 5900
SCL #err weighted degeneracy : 4369 4364 4372 4399 4401 4421 
degeneracy helps : 365 365 371 371 379 377 
degeneracy worse : 342 337 351 378 388 406 
SCL #err deg : 4464 / 6000
SCL #err weighted degeneracy : 4437 4435 4443 4471 4470 4489 
degeneracy helps : 373 370 378 378 388 386 
degeneracy worse : 346 341 357 385 394 411 
SCL #err deg : 4540 / 6100
SCL #err weighted degeneracy : 4512 4509 4521 4550 4548 4567 
degeneracy helps : 379 376 382 381 391 389 
degeneracy worse : 351 345 363 391 399 416 
SCL #err deg : 4618 / 6200
SCL #err weighted degeneracy : 4592 4588 4604 4630 4625 4643 
degeneracy helps : 386 384 388 387 398 396 
degeneracy worse : 360 354 374 399 405 421 
SCL #err deg : 4699 / 6300
SCL #err weighted degeneracy : 4671 4667 4680 4701 4696 4716 
degeneracy helps : 394 392 397 401 412 410 
degeneracy worse : 366 360 378 403 409 427 
SCL #err deg : 4775 / 6400
SCL #err weighted degeneracy : 4748 4744 4756 4777 4773 4793 
degeneracy helps : 397 395 402 406 417 416 
degeneracy worse : 370 364 383 408 415 434 
SCL #err deg : 4847 / 6500
SCL #err weighted degeneracy : 4820 4814 4826 4849 4843 4862 
degeneracy helps : 402 401 409 412 424 423 
degeneracy worse : 375 368 388 414 420 438 
SCL #err deg : 4926 / 6600
SCL #err weighted degeneracy : 4891 4886 4898 4923 4917 4937 
degeneracy helps : 417 415 423 426 438 437 
degeneracy worse : 382 375 395 423 429 448 
SCL #err deg : 4998 / 6700
SCL #err weighted degeneracy : 4965 4959 4973 4995 4989 5008 
degeneracy helps : 421 420 426 431 443 443 
degeneracy worse : 388 381 401 428 434 453 
SCL #err deg : 5068 / 6800
SCL #err weighted degeneracy : 5034 5027 5043 5066 5061 5082 
degeneracy helps : 427 427 431 437 448 447 
degeneracy worse : 393 386 406 435 441 461 
SCL #err deg : 5141 / 6900
SCL #err weighted degeneracy : 5109 5102 5117 5141 5136 5157 
degeneracy helps : 432 432 437 442 454 454 
degeneracy worse : 400 393 413 442 449 470 
SCL #err deg : 5216 / 7000
SCL #err weighted degeneracy : 5192 5184 5199 5223 5213 5233 
degeneracy helps : 434 435 439 445 461 462 
degeneracy worse : 410 403 422 452 458 479 
SCL #err deg : 5290 / 7100
SCL #err weighted degeneracy : 5264 5258 5271 5295 5284 5306 
degeneracy helps : 440 439 445 452 468 468 
degeneracy worse : 414 407 426 457 462 484 
SCL #err deg : 5364 / 7200
SCL #err weighted degeneracy : 5344 5336 5350 5372 5361 5381 
degeneracy helps : 445 446 452 460 477 478 
degeneracy worse : 425 418 438 468 474 495 
SCL #err deg : 5435 / 7300
SCL #err weighted degeneracy : 5414 5407 5421 5442 5434 5454 
degeneracy helps : 453 453 459 467 483 484 
degeneracy worse : 432 425 445 474 482 503 
SCL #err deg : 5515 / 7400
SCL #err weighted degeneracy : 5492 5485 5500 5518 5510 5530 
degeneracy helps : 459 459 464 475 490 492 
degeneracy worse : 436 429 449 478 485 507 
SCL #err deg : 5590 / 7500
SCL #err weighted degeneracy : 5568 5561 5575 5594 5588 5609 
degeneracy helps : 467 467 473 484 498 499 
degeneracy worse : 445 438 458 488 496 518 
SCL #err deg : 5671 / 7600
SCL #err weighted degeneracy : 5650 5641 5658 5674 5667 5686 
degeneracy helps : 470 472 475 488 502 505 
degeneracy worse : 449 442 462 491 498 520 
SCL #err deg : 5755 / 7700
SCL #err weighted degeneracy : 5732 5722 5740 5756 5751 5770 
degeneracy helps : 476 478 480 494 506 510 
degeneracy worse : 453 445 465 495 502 525 
SCL #err deg : 5831 / 7800
SCL #err weighted degeneracy : 5816 5804 5821 5836 5831 5850 
degeneracy helps : 477 479 482 497 509 514 
degeneracy worse : 462 452 472 502 509 533 
SCL #err deg : 5910 / 7900
SCL #err weighted degeneracy : 5897 5885 5900 5914 5909 5927 
degeneracy helps : 482 485 488 504 516 522 
degeneracy worse : 469 460 478 508 515 539 
SCL #err deg : 5984 / 8000
SCL #err weighted degeneracy : 5970 5957 5974 5988 5983 6002 
degeneracy helps : 488 491 495 511 523 529 
degeneracy worse : 474 464 485 515 522 547 
SCL #err deg : 6068 / 8100
SCL #err weighted degeneracy : 6048 6035 6051 6068 6064 6085 
degeneracy helps : 497 500 504 518 529 533 
degeneracy worse : 477 467 487 518 525 550 
SCL #err deg : 6147 / 8200
SCL #err weighted degeneracy : 6129 6117 6132 6148 6142 6162 
degeneracy helps : 500 503 506 521 533 538 
degeneracy worse : 482 473 491 522 528 553 
SCL #err deg : 6223 / 8300
SCL #err weighted degeneracy : 6204 6190 6205 6221 6216 6238 
degeneracy helps : 504 509 512 526 538 542 
degeneracy worse : 485 476 494 524 531 557 
SCL #err deg : 6297 / 8400
SCL #err weighted degeneracy : 6273 6260 6276 6292 6286 6306 
degeneracy helps : 513 518 519 533 546 551 
degeneracy worse : 489 481 498 528 535 560 
SCL #err deg : 6375 / 8500
SCL #err weighted degeneracy : 6345 6332 6348 6365 6359 6380 
degeneracy helps : 520 525 527 541 554 560 
degeneracy worse : 490 482 500 531 538 565 
SCL #err deg : 6441 / 8600
SCL #err weighted degeneracy : 6416 6402 6423 6438 6433 6451 
degeneracy helps : 524 529 529 545 559 567 
degeneracy worse : 499 490 511 542 551 577 
SCL #err deg : 6508 / 8700
SCL #err weighted degeneracy : 6485 6472 6494 6507 6498 6517 
degeneracy helps : 530 535 535 551 565 572 
degeneracy worse : 507 499 521 550 555 581 
SCL #err deg : 6581 / 8800
SCL #err weighted degeneracy : 6554 6541 6566 6577 6569 6593 
degeneracy helps : 539 543 543 561 575 579 
degeneracy worse : 512 503 528 557 563 591 
SCL #err deg : 6655 / 8900
SCL #err weighted degeneracy : 6631 6616 6643 6653 6645 6669 
degeneracy helps : 544 549 550 569 583 587 
degeneracy worse : 520 510 538 567 573 601 
SCL #err deg : 6730 / 9000
SCL #err weighted degeneracy : 6709 6695 6721 6729 6721 6746 
degeneracy helps : 548 552 554 574 588 592 
degeneracy worse : 527 517 545 573 579 608 
SCL #err deg : 6806 / 9100
SCL #err weighted degeneracy : 6783 6768 6795 6800 6791 6816 
degeneracy helps : 556 561 562 583 598 602 
degeneracy worse : 533 523 551 577 583 612 
SCL #err deg : 6877 / 9200
SCL #err weighted degeneracy : 6863 6848 6876 6880 6871 6895 
degeneracy helps : 557 562 562 584 599 604 
degeneracy worse : 543 533 561 587 593 622 
SCL #err deg : 6949 / 9300
SCL #err weighted degeneracy : 6939 6926 6951 6955 6945 6968 
degeneracy helps : 560 563 567 589 604 610 
degeneracy worse : 550 540 569 595 600 629 
SCL #err deg : 7022 / 9400
SCL #err weighted degeneracy : 7011 6997 7020 7023 7013 7037 
degeneracy helps : 567 571 576 599 614 621 
degeneracy worse : 556 546 574 600 605 636 
SCL #err deg : 7092 / 9500
SCL #err weighted degeneracy : 7087 7074 7095 7096 7086 7108 
degeneracy helps : 570 573 581 607 622 630 
degeneracy worse : 565 555 584 611 616 646 
SCL #err deg : 7177 / 9600
SCL #err weighted degeneracy : 7170 7156 7176 7175 7165 7186 
degeneracy helps : 576 580 589 617 632 642 
degeneracy worse : 569 559 588 615 620 651 
SCL #err deg : 7245 / 9700
SCL #err weighted degeneracy : 7244 7228 7251 7249 7239 7258 
degeneracy helps : 578 584 591 619 635 647 
degeneracy worse : 577 567 597 623 629 660 
SCL #err deg : 7329 / 9800
SCL #err weighted degeneracy : 7324 7309 7329 7329 7320 7341 
degeneracy helps : 586 591 600 626 642 653 
degeneracy worse : 581 571 600 626 633 665 
SCL #err deg : 7396 / 9900
SCL #err weighted degeneracy : 7400 7387 7404 7404 7394 7415 
degeneracy helps : 591 595 605 631 648 659 
degeneracy worse : 595 586 613 639 646 678 
SCL #err deg : 7472 / 10000
SCL #err weighted degeneracy : 7472 7460 7477 7474 7464 7483 
degeneracy helps : 600 603 613 642 659 672 
degeneracy worse : 600 591 618 644 651 683 
average #flips: 153.835
SCL #err considering degeneracy: 7472
error due to equal 1
error due to SCL smaller 7471
Finish in 12023 s
