Simulation Polar syndrome FASTER N=512, K=257, l=128, pz=0.12, #samples=10000, seed=0
HPW construction
Event generator random seed: 0
SCL #err deg : 57 / 100
SCL #err weighted degeneracy : 57 57 53 54 57 54 
degeneracy helps : 9 9 12 16 15 18 
degeneracy worse : 9 9 8 13 15 15 
SCL #err deg : 104 / 200
SCL #err weighted degeneracy : 106 106 100 104 108 105 
degeneracy helps : 17 17 23 26 26 29 
degeneracy worse : 19 19 19 26 30 30 
SCL #err deg : 161 / 300
SCL #err weighted degeneracy : 160 160 155 158 159 154 
degeneracy helps : 28 28 34 39 43 47 
degeneracy worse : 27 27 28 36 41 40 
SCL #err deg : 213 / 400
SCL #err weighted degeneracy : 213 213 206 212 214 211 
degeneracy helps : 38 38 45 50 54 57 
degeneracy worse : 38 38 38 49 55 55 
SCL #err deg : 267 / 500
SCL #err weighted degeneracy : 272 273 262 266 268 265 
degeneracy helps : 44 43 54 63 67 70 
degeneracy worse : 49 49 49 62 68 68 
SCL #err deg : 317 / 600
SCL #err weighted degeneracy : 324 325 317 319 324 322 
degeneracy helps : 51 50 60 72 75 79 
degeneracy worse : 58 58 60 74 82 84 
SCL #err deg : 361 / 700
SCL #err weighted degeneracy : 372 373 365 370 377 377 
degeneracy helps : 62 61 70 85 90 94 
degeneracy worse : 73 73 74 94 106 110 
SCL #err deg : 418 / 800
SCL #err weighted degeneracy : 423 424 416 419 428 429 
degeneracy helps : 73 72 82 100 105 109 
degeneracy worse : 78 78 80 101 115 120 
SCL #err deg : 481 / 900
SCL #err weighted degeneracy : 480 481 474 478 486 491 
degeneracy helps : 83 82 93 113 119 122 
degeneracy worse : 82 82 86 110 124 132 
SCL #err deg : 537 / 1000
SCL #err weighted degeneracy : 537 538 530 534 543 548 
degeneracy helps : 91 90 102 124 129 132 
degeneracy worse : 91 91 95 121 135 143 
SCL #err deg : 596 / 1100
SCL #err weighted degeneracy : 598 598 590 598 606 613 
degeneracy helps : 96 95 108 131 139 141 
degeneracy worse : 98 97 102 133 149 158 
SCL #err deg : 645 / 1200
SCL #err weighted degeneracy : 648 648 641 649 657 663 
degeneracy helps : 105 104 117 140 150 153 
degeneracy worse : 108 107 113 144 162 171 
SCL #err deg : 698 / 1300
SCL #err weighted degeneracy : 693 693 684 696 704 709 
degeneracy helps : 114 113 129 153 166 169 
degeneracy worse : 109 108 115 151 172 180 
SCL #err deg : 746 / 1400
SCL #err weighted degeneracy : 739 739 732 746 757 762 
degeneracy helps : 124 123 140 163 175 179 
degeneracy worse : 117 116 126 163 186 195 
SCL #err deg : 798 / 1500
SCL #err weighted degeneracy : 787 787 780 791 803 807 
degeneracy helps : 134 133 153 181 192 197 
degeneracy worse : 123 122 135 174 197 206 
SCL #err deg : 843 / 1600
SCL #err weighted degeneracy : 837 837 834 845 860 867 
degeneracy helps : 142 141 161 190 201 203 
degeneracy worse : 136 135 152 192 218 227 
SCL #err deg : 897 / 1700
SCL #err weighted degeneracy : 879 879 876 889 907 912 
degeneracy helps : 157 156 176 205 216 219 
degeneracy worse : 139 138 155 197 226 234 
SCL #err deg : 955 / 1800
SCL #err weighted degeneracy : 933 933 933 942 959 962 
degeneracy helps : 167 166 185 219 231 236 
degeneracy worse : 145 144 163 206 235 243 
SCL #err deg : 1002 / 1900
SCL #err weighted degeneracy : 980 980 980 991 1008 1012 
degeneracy helps : 176 175 195 229 242 246 
degeneracy worse : 154 153 173 218 248 256 
SCL #err deg : 1046 / 2000
SCL #err weighted degeneracy : 1021 1021 1026 1034 1049 1055 
degeneracy helps : 187 186 205 243 258 262 
degeneracy worse : 162 161 185 231 261 271 
SCL #err deg : 1101 / 2100
SCL #err weighted degeneracy : 1076 1075 1078 1085 1102 1108 
degeneracy helps : 195 194 216 258 273 277 
degeneracy worse : 170 168 193 242 274 284 
SCL #err deg : 1148 / 2200
SCL #err weighted degeneracy : 1120 1119 1121 1129 1145 1153 
degeneracy helps : 207 206 229 271 289 291 
degeneracy worse : 179 177 202 252 286 296 
SCL #err deg : 1196 / 2300
SCL #err weighted degeneracy : 1169 1168 1170 1180 1202 1208 
degeneracy helps : 213 212 236 278 297 302 
degeneracy worse : 186 184 210 262 303 314 
SCL #err deg : 1245 / 2400
SCL #err weighted degeneracy : 1212 1211 1216 1226 1251 1258 
degeneracy helps : 227 226 248 290 308 312 
degeneracy worse : 194 192 219 271 314 325 
SCL #err deg : 1299 / 2500
SCL #err weighted degeneracy : 1262 1261 1265 1277 1298 1305 
degeneracy helps : 239 238 261 305 326 330 
degeneracy worse : 202 200 227 283 325 336 
SCL #err deg : 1343 / 2600
SCL #err weighted degeneracy : 1308 1307 1317 1332 1354 1356 
degeneracy helps : 246 245 268 312 334 342 
degeneracy worse : 211 209 242 301 345 355 
SCL #err deg : 1397 / 2700
SCL #err weighted degeneracy : 1362 1361 1373 1390 1412 1413 
degeneracy helps : 257 256 279 322 345 354 
degeneracy worse : 222 220 255 315 360 370 
SCL #err deg : 1458 / 2800
SCL #err weighted degeneracy : 1417 1416 1430 1445 1467 1470 
degeneracy helps : 273 272 293 337 360 368 
degeneracy worse : 232 230 265 324 369 380 
SCL #err deg : 1509 / 2900
SCL #err weighted degeneracy : 1466 1465 1481 1501 1525 1527 
degeneracy helps : 279 278 299 346 369 378 
degeneracy worse : 236 234 271 338 385 396 
SCL #err deg : 1556 / 3000
SCL #err weighted degeneracy : 1516 1515 1531 1554 1577 1580 
degeneracy helps : 290 289 310 357 382 391 
degeneracy worse : 250 248 285 355 403 415 
SCL #err deg : 1603 / 3100
SCL #err weighted degeneracy : 1567 1566 1581 1606 1628 1632 
degeneracy helps : 294 293 314 362 389 398 
degeneracy worse : 258 256 292 365 414 427 
SCL #err deg : 1660 / 3200
SCL #err weighted degeneracy : 1620 1619 1634 1661 1683 1690 
degeneracy helps : 305 304 326 374 402 410 
degeneracy worse : 265 263 300 375 425 440 
SCL #err deg : 1704 / 3300
SCL #err weighted degeneracy : 1670 1669 1681 1707 1728 1734 
degeneracy helps : 312 311 334 382 412 422 
degeneracy worse : 278 276 311 385 436 452 
SCL #err deg : 1753 / 3400
SCL #err weighted degeneracy : 1718 1717 1732 1763 1786 1791 
degeneracy helps : 323 322 344 391 421 433 
degeneracy worse : 288 286 323 401 454 471 
SCL #err deg : 1806 / 3500
SCL #err weighted degeneracy : 1772 1771 1786 1818 1837 1842 
degeneracy helps : 332 331 354 402 434 446 
degeneracy worse : 298 296 334 414 465 482 
SCL #err deg : 1850 / 3600
SCL #err weighted degeneracy : 1819 1818 1831 1866 1887 1893 
degeneracy helps : 342 341 367 414 445 457 
degeneracy worse : 311 309 348 430 482 500 
SCL #err deg : 1896 / 3700
SCL #err weighted degeneracy : 1865 1864 1882 1919 1945 1954 
degeneracy helps : 352 351 374 421 450 461 
degeneracy worse : 321 319 360 444 499 519 
SCL #err deg : 1952 / 3800
SCL #err weighted degeneracy : 1916 1915 1931 1970 1993 2001 
degeneracy helps : 364 363 387 435 467 479 
degeneracy worse : 328 326 366 453 508 528 
SCL #err deg : 2009 / 3900
SCL #err weighted degeneracy : 1970 1969 1984 2023 2047 2052 
degeneracy helps : 374 373 398 450 481 496 
degeneracy worse : 335 333 373 464 519 539 
SCL #err deg : 2062 / 4000
SCL #err weighted degeneracy : 2024 2023 2035 2078 2102 2108 
degeneracy helps : 382 381 406 459 491 506 
degeneracy worse : 344 342 379 475 531 552 
SCL #err deg : 2099 / 4100
SCL #err weighted degeneracy : 2064 2063 2075 2115 2143 2151 
degeneracy helps : 392 391 416 469 502 517 
degeneracy worse : 357 355 392 485 546 569 
SCL #err deg : 2143 / 4200
SCL #err weighted degeneracy : 2101 2100 2113 2157 2184 2191 
degeneracy helps : 406 405 430 482 516 532 
degeneracy worse : 364 362 400 496 557 580 
SCL #err deg : 2190 / 4300
SCL #err weighted degeneracy : 2159 2158 2170 2214 2241 2250 
degeneracy helps : 415 414 440 491 524 539 
degeneracy worse : 384 382 420 515 575 599 
SCL #err deg : 2242 / 4400
SCL #err weighted degeneracy : 2208 2207 2219 2264 2291 2302 
degeneracy helps : 424 423 451 504 537 552 
degeneracy worse : 390 388 428 526 586 612 
SCL #err deg : 2294 / 4500
SCL #err weighted degeneracy : 2262 2261 2272 2319 2346 2356 
degeneracy helps : 433 432 459 514 548 565 
degeneracy worse : 401 399 437 539 600 627 
SCL #err deg : 2344 / 4600
SCL #err weighted degeneracy : 2304 2303 2315 2365 2392 2403 
degeneracy helps : 448 447 475 530 565 582 
degeneracy worse : 408 406 446 551 613 641 
SCL #err deg : 2396 / 4700
SCL #err weighted degeneracy : 2354 2353 2365 2415 2443 2454 
degeneracy helps : 459 458 486 543 580 599 
degeneracy worse : 417 415 455 562 627 657 
SCL #err deg : 2446 / 4800
SCL #err weighted degeneracy : 2406 2405 2418 2467 2496 2509 
degeneracy helps : 466 465 492 552 590 608 
degeneracy worse : 426 424 464 573 640 671 
SCL #err deg : 2493 / 4900
SCL #err weighted degeneracy : 2446 2445 2460 2514 2544 2559 
degeneracy helps : 477 476 503 563 601 618 
degeneracy worse : 430 428 470 584 652 684 
SCL #err deg : 2543 / 5000
SCL #err weighted degeneracy : 2490 2489 2506 2562 2594 2612 
degeneracy helps : 488 487 516 577 615 631 
degeneracy worse : 436 434 479 596 666 700 
SCL #err deg : 2590 / 5100
SCL #err weighted degeneracy : 2544 2543 2560 2620 2652 2666 
degeneracy helps : 493 492 522 583 621 639 
degeneracy worse : 448 446 492 613 683 715 
SCL #err deg : 2648 / 5200
SCL #err weighted degeneracy : 2602 2601 2618 2675 2708 2722 
degeneracy helps : 501 500 532 594 633 653 
degeneracy worse : 456 454 502 621 693 727 
SCL #err deg : 2695 / 5300
SCL #err weighted degeneracy : 2648 2647 2664 2720 2753 2766 
degeneracy helps : 510 509 541 606 645 666 
degeneracy worse : 464 462 510 631 703 737 
SCL #err deg : 2746 / 5400
SCL #err weighted degeneracy : 2690 2689 2705 2763 2795 2809 
degeneracy helps : 527 526 559 623 665 687 
degeneracy worse : 472 470 518 640 714 750 
SCL #err deg : 2801 / 5500
SCL #err weighted degeneracy : 2737 2736 2754 2813 2843 2856 
degeneracy helps : 541 540 572 636 679 702 
degeneracy worse : 478 476 525 648 721 757 
SCL #err deg : 2851 / 5600
SCL #err weighted degeneracy : 2785 2785 2800 2859 2892 2902 
degeneracy helps : 550 548 583 647 688 714 
degeneracy worse : 485 483 532 655 729 765 
SCL #err deg : 2900 / 5700
SCL #err weighted degeneracy : 2840 2840 2851 2912 2943 2950 
degeneracy helps : 558 556 592 656 699 728 
degeneracy worse : 499 497 543 668 742 778 
SCL #err deg : 2949 / 5800
SCL #err weighted degeneracy : 2890 2890 2901 2963 2993 3002 
degeneracy helps : 565 563 599 664 709 738 
degeneracy worse : 507 505 551 678 753 791 
SCL #err deg : 2994 / 5900
SCL #err weighted degeneracy : 2931 2931 2942 3005 3039 3048 
degeneracy helps : 574 572 608 673 716 745 
degeneracy worse : 512 510 556 684 761 799 
SCL #err deg : 3042 / 6000
SCL #err weighted degeneracy : 2976 2977 2984 3047 3081 3088 
degeneracy helps : 587 584 623 690 733 763 
degeneracy worse : 522 520 565 695 772 809 
SCL #err deg : 3095 / 6100
SCL #err weighted degeneracy : 3030 3031 3031 3094 3129 3139 
degeneracy helps : 594 591 634 703 748 780 
degeneracy worse : 530 528 570 702 782 824 
SCL #err deg : 3143 / 6200
SCL #err weighted degeneracy : 3079 3080 3082 3144 3181 3190 
degeneracy helps : 602 599 641 712 757 791 
degeneracy worse : 539 537 580 713 795 838 
SCL #err deg : 3193 / 6300
SCL #err weighted degeneracy : 3130 3131 3134 3194 3232 3241 
degeneracy helps : 609 606 648 723 767 802 
degeneracy worse : 547 545 589 724 806 850 
SCL #err deg : 3247 / 6400
SCL #err weighted degeneracy : 3180 3181 3183 3243 3283 3288 
degeneracy helps : 617 614 656 733 778 816 
degeneracy worse : 551 549 592 729 814 857 
SCL #err deg : 3301 / 6500
SCL #err weighted degeneracy : 3232 3233 3236 3301 3340 3343 
degeneracy helps : 624 621 665 745 790 830 
degeneracy worse : 556 554 600 745 829 872 
SCL #err deg : 3354 / 6600
SCL #err weighted degeneracy : 3284 3285 3290 3360 3399 3402 
degeneracy helps : 634 631 674 754 799 840 
degeneracy worse : 565 563 610 760 844 888 
SCL #err deg : 3401 / 6700
SCL #err weighted degeneracy : 3331 3332 3335 3408 3452 3454 
degeneracy helps : 644 641 684 766 810 852 
degeneracy worse : 575 573 618 773 861 905 
SCL #err deg : 3461 / 6800
SCL #err weighted degeneracy : 3387 3388 3390 3460 3503 3510 
degeneracy helps : 654 651 695 782 828 868 
degeneracy worse : 581 579 624 781 870 917 
SCL #err deg : 3520 / 6900
SCL #err weighted degeneracy : 3435 3436 3439 3508 3550 3557 
degeneracy helps : 671 668 712 801 848 889 
degeneracy worse : 587 585 631 789 878 926 
SCL #err deg : 3577 / 7000
SCL #err weighted degeneracy : 3479 3480 3484 3555 3597 3607 
degeneracy helps : 688 685 729 819 867 907 
degeneracy worse : 591 589 636 797 887 937 
SCL #err deg : 3626 / 7100
SCL #err weighted degeneracy : 3522 3523 3528 3601 3643 3654 
degeneracy helps : 700 697 743 836 886 928 
degeneracy worse : 597 595 645 811 903 956 
SCL #err deg : 3679 / 7200
SCL #err weighted degeneracy : 3570 3571 3578 3650 3693 3702 
degeneracy helps : 711 708 753 849 900 945 
degeneracy worse : 603 601 652 820 914 968 
SCL #err deg : 3729 / 7300
SCL #err weighted degeneracy : 3613 3614 3623 3702 3744 3754 
degeneracy helps : 723 720 765 863 915 960 
degeneracy worse : 608 606 659 836 930 985 
SCL #err deg : 3778 / 7400
SCL #err weighted degeneracy : 3656 3657 3669 3750 3794 3805 
degeneracy helps : 733 730 777 877 928 974 
degeneracy worse : 612 610 668 849 944 1001 
SCL #err deg : 3831 / 7500
SCL #err weighted degeneracy : 3712 3713 3724 3806 3851 3863 
degeneracy helps : 741 738 786 888 938 985 
degeneracy worse : 623 621 679 863 958 1017 
SCL #err deg : 3882 / 7600
SCL #err weighted degeneracy : 3760 3761 3769 3848 3894 3907 
degeneracy helps : 754 751 800 905 956 1004 
degeneracy worse : 633 631 687 871 968 1029 
SCL #err deg : 3941 / 7700
SCL #err weighted degeneracy : 3812 3813 3819 3897 3943 3956 
degeneracy helps : 767 764 815 922 975 1023 
degeneracy worse : 639 637 693 878 977 1038 
SCL #err deg : 4000 / 7800
SCL #err weighted degeneracy : 3866 3867 3873 3951 3995 4011 
degeneracy helps : 779 776 828 937 992 1037 
degeneracy worse : 646 644 701 888 987 1048 
SCL #err deg : 4047 / 7900
SCL #err weighted degeneracy : 3915 3916 3922 4000 4045 4061 
degeneracy helps : 788 785 837 948 1003 1049 
degeneracy worse : 657 655 712 901 1001 1063 
SCL #err deg : 4097 / 8000
SCL #err weighted degeneracy : 3958 3959 3966 4046 4093 4107 
degeneracy helps : 807 804 855 966 1020 1067 
degeneracy worse : 669 667 724 915 1016 1077 
SCL #err deg : 4150 / 8100
SCL #err weighted degeneracy : 4010 4011 4018 4099 4144 4158 
degeneracy helps : 817 814 866 977 1033 1080 
degeneracy worse : 678 676 734 926 1027 1088 
SCL #err deg : 4193 / 8200
SCL #err weighted degeneracy : 4054 4055 4063 4142 4187 4203 
degeneracy helps : 823 820 873 987 1044 1090 
degeneracy worse : 685 683 743 936 1038 1100 
SCL #err deg : 4247 / 8300
SCL #err weighted degeneracy : 4096 4097 4103 4184 4234 4249 
degeneracy helps : 840 837 891 1007 1063 1109 
degeneracy worse : 690 688 747 944 1050 1111 
SCL #err deg : 4302 / 8400
SCL #err weighted degeneracy : 4145 4146 4151 4234 4284 4302 
degeneracy helps : 852 849 905 1019 1077 1123 
degeneracy worse : 696 694 754 951 1059 1123 
SCL #err deg : 4349 / 8500
SCL #err weighted degeneracy : 4197 4198 4203 4287 4336 4355 
degeneracy helps : 858 855 913 1027 1087 1133 
degeneracy worse : 707 705 767 965 1074 1139 
SCL #err deg : 4404 / 8600
SCL #err weighted degeneracy : 4252 4253 4258 4346 4392 4410 
degeneracy helps : 867 864 922 1035 1097 1144 
degeneracy worse : 716 714 776 977 1085 1150 
SCL #err deg : 4460 / 8700
SCL #err weighted degeneracy : 4298 4299 4308 4395 4440 4460 
degeneracy helps : 883 880 936 1050 1113 1159 
degeneracy worse : 722 720 784 985 1093 1159 
SCL #err deg : 4505 / 8800
SCL #err weighted degeneracy : 4341 4342 4348 4440 4484 4507 
degeneracy helps : 891 888 947 1061 1125 1168 
degeneracy worse : 728 726 790 996 1104 1170 
SCL #err deg : 4555 / 8900
SCL #err weighted degeneracy : 4388 4389 4398 4493 4541 4563 
degeneracy helps : 901 898 955 1067 1131 1178 
degeneracy worse : 735 733 798 1005 1117 1186 
SCL #err deg : 4615 / 9000
SCL #err weighted degeneracy : 4442 4443 4454 4547 4596 4619 
degeneracy helps : 916 913 969 1083 1147 1196 
degeneracy worse : 744 742 808 1015 1128 1200 
SCL #err deg : 4668 / 9100
SCL #err weighted degeneracy : 4489 4490 4497 4592 4640 4666 
degeneracy helps : 930 927 985 1098 1163 1211 
degeneracy worse : 752 750 814 1022 1135 1209 
SCL #err deg : 4716 / 9200
SCL #err weighted degeneracy : 4537 4538 4547 4647 4692 4718 
degeneracy helps : 938 935 993 1104 1172 1221 
degeneracy worse : 760 758 824 1035 1148 1223 
SCL #err deg : 4765 / 9300
SCL #err weighted degeneracy : 4591 4592 4601 4705 4753 4778 
degeneracy helps : 944 941 1000 1112 1180 1231 
degeneracy worse : 771 769 836 1052 1168 1244 
SCL #err deg : 4820 / 9400
SCL #err weighted degeneracy : 4641 4642 4650 4751 4803 4833 
degeneracy helps : 958 955 1015 1130 1196 1247 
degeneracy worse : 780 778 845 1061 1179 1260 
SCL #err deg : 4875 / 9500
SCL #err weighted degeneracy : 4689 4690 4696 4802 4853 4885 
degeneracy helps : 974 971 1032 1146 1212 1263 
degeneracy worse : 789 787 853 1073 1190 1273 
SCL #err deg : 4931 / 9600
SCL #err weighted degeneracy : 4736 4737 4744 4849 4900 4937 
degeneracy helps : 990 987 1048 1165 1231 1280 
degeneracy worse : 796 794 861 1083 1200 1286 
SCL #err deg : 4989 / 9700
SCL #err weighted degeneracy : 4787 4788 4794 4899 4948 4984 
degeneracy helps : 1002 999 1061 1180 1249 1299 
degeneracy worse : 801 799 866 1090 1208 1294 
SCL #err deg : 5039 / 9800
SCL #err weighted degeneracy : 4838 4839 4840 4938 4986 5021 
degeneracy helps : 1009 1006 1073 1198 1267 1318 
degeneracy worse : 809 807 874 1097 1214 1300 
SCL #err deg : 5086 / 9900
SCL #err weighted degeneracy : 4884 4885 4884 4979 5030 5067 
degeneracy helps : 1018 1015 1086 1214 1282 1331 
degeneracy worse : 817 815 884 1107 1226 1312 
SCL #err deg : 5133 / 10000
SCL #err weighted degeneracy : 4931 4932 4933 5026 5079 5114 
degeneracy helps : 1024 1021 1093 1223 1292 1343 
degeneracy worse : 823 821 893 1116 1238 1324 
average #flips: 61.4294
SCL #err considering degeneracy: 5133
error due to equal 526
error due to SCL smaller 4559
Finish in 5254 s
