Simulation Polar syndrome FASTER N=512, K=257, l=128, pz=0.15, #samples=10000, seed=0
HPW construction
Event generator random seed: 0
SCL #err deg : 74 / 100
SCL #err weighted degeneracy : 74 71 72 72 69 68 
degeneracy helps : 7 9 8 11 14 16 
degeneracy worse : 7 6 6 9 9 10 
SCL #err deg : 140 / 200
SCL #err weighted degeneracy : 137 135 135 132 129 131 
degeneracy helps : 16 17 18 23 27 30 
degeneracy worse : 13 12 13 15 16 21 
SCL #err deg : 216 / 300
SCL #err weighted degeneracy : 210 209 207 201 202 204 
degeneracy helps : 25 25 28 36 38 41 
degeneracy worse : 19 18 19 21 24 29 
SCL #err deg : 283 / 400
SCL #err weighted degeneracy : 279 280 279 273 273 276 
degeneracy helps : 30 30 32 41 43 48 
degeneracy worse : 26 27 28 31 33 41 
SCL #err deg : 355 / 500
SCL #err weighted degeneracy : 348 349 347 340 338 343 
degeneracy helps : 41 41 45 57 60 63 
degeneracy worse : 34 35 37 42 43 51 
SCL #err deg : 428 / 600
SCL #err weighted degeneracy : 424 425 422 417 416 420 
degeneracy helps : 48 48 53 66 67 71 
degeneracy worse : 44 45 47 55 55 63 
SCL #err deg : 499 / 700
SCL #err weighted degeneracy : 497 497 494 487 486 492 
degeneracy helps : 56 57 62 77 79 82 
degeneracy worse : 54 55 57 65 66 75 
SCL #err deg : 571 / 800
SCL #err weighted degeneracy : 568 569 563 558 559 568 
degeneracy helps : 64 65 72 90 91 92 
degeneracy worse : 61 63 64 77 79 89 
SCL #err deg : 647 / 900
SCL #err weighted degeneracy : 645 646 640 637 636 646 
degeneracy helps : 69 69 77 96 100 100 
degeneracy worse : 67 68 70 86 89 99 
SCL #err deg : 714 / 1000
SCL #err weighted degeneracy : 714 716 707 706 707 716 
degeneracy helps : 75 74 85 104 108 109 
degeneracy worse : 75 76 78 96 101 111 
SCL #err deg : 781 / 1100
SCL #err weighted degeneracy : 777 779 767 766 769 781 
degeneracy helps : 83 82 96 117 120 119 
degeneracy worse : 79 80 82 102 108 119 
SCL #err deg : 851 / 1200
SCL #err weighted degeneracy : 849 848 839 839 837 846 
degeneracy helps : 92 94 107 128 133 135 
degeneracy worse : 90 91 95 116 119 130 
SCL #err deg : 918 / 1300
SCL #err weighted degeneracy : 925 923 914 914 910 919 
degeneracy helps : 96 98 112 134 140 142 
degeneracy worse : 103 103 108 130 132 143 
SCL #err deg : 989 / 1400
SCL #err weighted degeneracy : 1000 998 986 989 987 996 
degeneracy helps : 101 103 119 141 147 150 
degeneracy worse : 112 112 116 141 145 157 
SCL #err deg : 1057 / 1500
SCL #err weighted degeneracy : 1070 1066 1057 1059 1059 1065 
degeneracy helps : 107 109 127 150 155 160 
degeneracy worse : 120 118 127 152 157 168 
SCL #err deg : 1125 / 1600
SCL #err weighted degeneracy : 1132 1127 1120 1123 1126 1134 
degeneracy helps : 118 121 138 161 165 170 
degeneracy worse : 125 123 133 159 166 179 
SCL #err deg : 1202 / 1700
SCL #err weighted degeneracy : 1211 1207 1196 1196 1196 1206 
degeneracy helps : 124 126 148 174 180 185 
degeneracy worse : 133 131 142 168 174 189 
SCL #err deg : 1268 / 1800
SCL #err weighted degeneracy : 1279 1275 1261 1264 1264 1271 
degeneracy helps : 132 134 158 182 188 196 
degeneracy worse : 143 141 151 178 184 199 
SCL #err deg : 1336 / 1900
SCL #err weighted degeneracy : 1343 1338 1325 1326 1327 1339 
degeneracy helps : 142 145 168 193 200 206 
degeneracy worse : 149 147 157 183 191 209 
SCL #err deg : 1411 / 2000
SCL #err weighted degeneracy : 1414 1409 1393 1400 1403 1416 
degeneracy helps : 151 154 179 202 208 214 
degeneracy worse : 154 152 161 191 200 219 
SCL #err deg : 1474 / 2100
SCL #err weighted degeneracy : 1482 1477 1456 1463 1463 1477 
degeneracy helps : 158 161 190 215 222 229 
degeneracy worse : 166 164 172 204 211 232 
SCL #err deg : 1548 / 2200
SCL #err weighted degeneracy : 1558 1553 1532 1540 1539 1552 
degeneracy helps : 163 166 196 220 229 237 
degeneracy worse : 173 171 180 212 220 241 
SCL #err deg : 1621 / 2300
SCL #err weighted degeneracy : 1633 1628 1606 1612 1611 1624 
degeneracy helps : 168 171 201 228 239 247 
degeneracy worse : 180 178 186 219 229 250 
SCL #err deg : 1691 / 2400
SCL #err weighted degeneracy : 1705 1700 1678 1684 1681 1693 
degeneracy helps : 175 178 209 238 249 258 
degeneracy worse : 189 187 196 231 239 260 
SCL #err deg : 1763 / 2500
SCL #err weighted degeneracy : 1774 1769 1749 1753 1749 1762 
degeneracy helps : 186 189 219 250 263 273 
degeneracy worse : 197 195 205 240 249 272 
SCL #err deg : 1834 / 2600
SCL #err weighted degeneracy : 1848 1842 1819 1824 1818 1829 
degeneracy helps : 193 197 229 262 277 289 
degeneracy worse : 207 205 214 252 261 284 
SCL #err deg : 1899 / 2700
SCL #err weighted degeneracy : 1916 1910 1886 1891 1884 1892 
degeneracy helps : 199 203 238 271 287 300 
degeneracy worse : 216 214 225 263 272 293 
SCL #err deg : 1966 / 2800
SCL #err weighted degeneracy : 1989 1983 1957 1962 1957 1962 
degeneracy helps : 204 208 243 278 293 309 
degeneracy worse : 227 225 234 274 284 305 
SCL #err deg : 2029 / 2900
SCL #err weighted degeneracy : 2056 2049 2027 2035 2028 2034 
degeneracy helps : 210 214 249 283 299 315 
degeneracy worse : 237 234 247 289 298 320 
SCL #err deg : 2104 / 3000
SCL #err weighted degeneracy : 2129 2122 2099 2109 2101 2104 
degeneracy helps : 220 224 259 292 311 329 
degeneracy worse : 245 242 254 297 308 329 
SCL #err deg : 2170 / 3100
SCL #err weighted degeneracy : 2201 2196 2173 2178 2171 2175 
degeneracy helps : 226 228 265 304 324 342 
degeneracy worse : 257 254 268 312 325 347 
SCL #err deg : 2235 / 3200
SCL #err weighted degeneracy : 2270 2266 2243 2247 2242 2247 
degeneracy helps : 235 237 274 317 337 354 
degeneracy worse : 270 268 282 329 344 366 
SCL #err deg : 2309 / 3300
SCL #err weighted degeneracy : 2337 2334 2313 2317 2313 2319 
degeneracy helps : 246 247 285 330 351 368 
degeneracy worse : 274 272 289 338 355 378 
SCL #err deg : 2370 / 3400
SCL #err weighted degeneracy : 2408 2405 2382 2388 2382 2389 
degeneracy helps : 250 251 289 334 356 375 
degeneracy worse : 288 286 301 352 368 394 
SCL #err deg : 2437 / 3500
SCL #err weighted degeneracy : 2480 2477 2454 2462 2457 2464 
degeneracy helps : 255 256 296 343 364 382 
degeneracy worse : 298 296 313 368 384 409 
SCL #err deg : 2506 / 3600
SCL #err weighted degeneracy : 2542 2539 2515 2526 2525 2532 
degeneracy helps : 269 270 311 358 378 396 
degeneracy worse : 305 303 320 378 397 422 
SCL #err deg : 2570 / 3700
SCL #err weighted degeneracy : 2607 2604 2580 2593 2591 2597 
degeneracy helps : 280 281 322 369 390 409 
degeneracy worse : 317 315 332 392 411 436 
SCL #err deg : 2642 / 3800
SCL #err weighted degeneracy : 2676 2672 2648 2663 2664 2671 
degeneracy helps : 289 290 332 380 399 419 
degeneracy worse : 323 320 338 401 421 448 
SCL #err deg : 2710 / 3900
SCL #err weighted degeneracy : 2740 2736 2713 2725 2725 2731 
degeneracy helps : 299 300 342 395 417 438 
degeneracy worse : 329 326 345 410 432 459 
SCL #err deg : 2781 / 4000
SCL #err weighted degeneracy : 2815 2812 2789 2801 2799 2808 
degeneracy helps : 307 307 350 404 427 446 
degeneracy worse : 341 338 358 424 445 473 
SCL #err deg : 2851 / 4100
SCL #err weighted degeneracy : 2884 2880 2857 2868 2867 2878 
degeneracy helps : 317 318 362 416 439 458 
degeneracy worse : 350 347 368 433 455 485 
SCL #err deg : 2922 / 4200
SCL #err weighted degeneracy : 2955 2952 2925 2940 2941 2950 
degeneracy helps : 326 326 373 429 450 470 
degeneracy worse : 359 356 376 447 469 498 
SCL #err deg : 2993 / 4300
SCL #err weighted degeneracy : 3026 3023 2995 3009 3012 3022 
degeneracy helps : 333 334 380 439 459 480 
degeneracy worse : 366 364 382 455 478 509 
SCL #err deg : 3062 / 4400
SCL #err weighted degeneracy : 3087 3084 3055 3070 3073 3084 
degeneracy helps : 352 352 399 458 478 498 
degeneracy worse : 377 374 392 466 489 520 
SCL #err deg : 3135 / 4500
SCL #err weighted degeneracy : 3160 3157 3129 3146 3150 3160 
degeneracy helps : 363 363 409 469 488 509 
degeneracy worse : 388 385 403 480 503 534 
SCL #err deg : 3204 / 4600
SCL #err weighted degeneracy : 3234 3231 3203 3218 3220 3232 
degeneracy helps : 370 369 416 478 499 518 
degeneracy worse : 400 396 415 492 515 546 
SCL #err deg : 3274 / 4700
SCL #err weighted degeneracy : 3310 3307 3277 3293 3293 3305 
degeneracy helps : 373 372 420 484 507 527 
degeneracy worse : 409 405 423 503 526 558 
SCL #err deg : 3348 / 4800
SCL #err weighted degeneracy : 3384 3380 3353 3365 3364 3377 
degeneracy helps : 379 379 424 493 517 538 
degeneracy worse : 415 411 429 510 533 567 
SCL #err deg : 3420 / 4900
SCL #err weighted degeneracy : 3455 3451 3426 3437 3436 3450 
degeneracy helps : 388 388 432 503 527 548 
degeneracy worse : 423 419 438 520 543 578 
SCL #err deg : 3500 / 5000
SCL #err weighted degeneracy : 3529 3525 3496 3513 3511 3526 
degeneracy helps : 401 401 449 519 544 565 
degeneracy worse : 430 426 445 532 555 591 
SCL #err deg : 3573 / 5100
SCL #err weighted degeneracy : 3601 3597 3568 3585 3582 3597 
degeneracy helps : 408 407 456 527 554 576 
degeneracy worse : 436 432 451 539 563 600 
SCL #err deg : 3651 / 5200
SCL #err weighted degeneracy : 3680 3676 3649 3667 3664 3679 
degeneracy helps : 414 413 460 530 557 580 
degeneracy worse : 443 439 458 546 570 608 
SCL #err deg : 3714 / 5300
SCL #err weighted degeneracy : 3740 3736 3709 3725 3725 3742 
degeneracy helps : 423 421 469 542 568 592 
degeneracy worse : 449 444 464 553 579 620 
SCL #err deg : 3788 / 5400
SCL #err weighted degeneracy : 3810 3806 3777 3795 3795 3813 
degeneracy helps : 434 432 480 554 582 607 
degeneracy worse : 456 451 469 561 589 632 
SCL #err deg : 3861 / 5500
SCL #err weighted degeneracy : 3881 3877 3850 3872 3872 3891 
degeneracy helps : 442 440 486 559 588 614 
degeneracy worse : 462 457 475 570 599 644 
SCL #err deg : 3926 / 5600
SCL #err weighted degeneracy : 3950 3946 3916 3939 3938 3959 
degeneracy helps : 449 447 495 567 597 622 
degeneracy worse : 473 468 485 580 609 655 
SCL #err deg : 3997 / 5700
SCL #err weighted degeneracy : 4021 4016 3990 4013 4010 4032 
degeneracy helps : 458 456 503 577 608 632 
degeneracy worse : 482 476 496 593 621 667 
SCL #err deg : 4068 / 5800
SCL #err weighted degeneracy : 4095 4089 4066 4089 4087 4111 
degeneracy helps : 462 461 507 581 612 635 
degeneracy worse : 489 483 505 602 631 678 
SCL #err deg : 4131 / 5900
SCL #err weighted degeneracy : 4157 4151 4129 4150 4146 4170 
degeneracy helps : 467 466 512 590 623 647 
degeneracy worse : 493 487 510 609 638 686 
SCL #err deg : 4207 / 6000
SCL #err weighted degeneracy : 4231 4224 4204 4225 4222 4245 
degeneracy helps : 475 475 521 600 632 657 
degeneracy worse : 499 493 518 618 647 695 
SCL #err deg : 4282 / 6100
SCL #err weighted degeneracy : 4309 4302 4286 4306 4302 4324 
degeneracy helps : 481 481 524 604 638 665 
degeneracy worse : 508 502 528 628 658 707 
SCL #err deg : 4348 / 6200
SCL #err weighted degeneracy : 4377 4370 4360 4381 4376 4395 
degeneracy helps : 488 488 529 611 646 675 
degeneracy worse : 517 511 541 644 674 722 
SCL #err deg : 4423 / 6300
SCL #err weighted degeneracy : 4446 4439 4428 4448 4443 4463 
degeneracy helps : 500 501 544 627 663 691 
degeneracy worse : 523 518 549 652 683 731 
SCL #err deg : 4495 / 6400
SCL #err weighted degeneracy : 4517 4510 4499 4518 4512 4530 
degeneracy helps : 510 511 554 641 678 708 
degeneracy worse : 532 527 558 664 695 743 
SCL #err deg : 4572 / 6500
SCL #err weighted degeneracy : 4591 4583 4575 4593 4589 4605 
degeneracy helps : 519 521 563 651 687 719 
degeneracy worse : 538 533 566 672 704 752 
SCL #err deg : 4647 / 6600
SCL #err weighted degeneracy : 4668 4659 4653 4671 4667 4683 
degeneracy helps : 525 528 569 657 693 726 
degeneracy worse : 546 541 575 681 713 762 
SCL #err deg : 4728 / 6700
SCL #err weighted degeneracy : 4733 4724 4719 4737 4731 4749 
degeneracy helps : 543 546 586 675 712 743 
degeneracy worse : 548 543 577 684 715 764 
SCL #err deg : 4803 / 6800
SCL #err weighted degeneracy : 4805 4796 4793 4814 4809 4826 
degeneracy helps : 554 557 597 684 721 752 
degeneracy worse : 556 551 587 695 727 775 
SCL #err deg : 4874 / 6900
SCL #err weighted degeneracy : 4879 4871 4867 4886 4880 4899 
degeneracy helps : 561 563 604 691 728 760 
degeneracy worse : 566 561 597 703 734 785 
SCL #err deg : 4949 / 7000
SCL #err weighted degeneracy : 4947 4939 4930 4949 4949 4971 
degeneracy helps : 575 576 621 708 742 772 
degeneracy worse : 573 567 602 708 742 794 
SCL #err deg : 5014 / 7100
SCL #err weighted degeneracy : 5013 5005 4997 5015 5016 5039 
degeneracy helps : 584 585 629 719 754 785 
degeneracy worse : 583 577 612 720 756 810 
SCL #err deg : 5091 / 7200
SCL #err weighted degeneracy : 5083 5076 5067 5084 5088 5111 
degeneracy helps : 595 596 640 731 766 797 
degeneracy worse : 587 582 616 724 763 817 
SCL #err deg : 5157 / 7300
SCL #err weighted degeneracy : 5152 5144 5135 5156 5161 5183 
degeneracy helps : 599 601 646 736 773 803 
degeneracy worse : 594 589 624 735 777 829 
SCL #err deg : 5225 / 7400
SCL #err weighted degeneracy : 5215 5207 5198 5223 5229 5247 
degeneracy helps : 610 612 658 749 786 819 
degeneracy worse : 600 595 631 747 790 841 
SCL #err deg : 5291 / 7500
SCL #err weighted degeneracy : 5276 5268 5259 5288 5295 5317 
degeneracy helps : 624 626 672 760 798 829 
degeneracy worse : 609 604 640 757 802 855 
SCL #err deg : 5357 / 7600
SCL #err weighted degeneracy : 5341 5333 5326 5356 5365 5387 
degeneracy helps : 636 638 682 769 808 839 
degeneracy worse : 620 615 651 768 816 869 
SCL #err deg : 5425 / 7700
SCL #err weighted degeneracy : 5407 5398 5396 5424 5431 5455 
degeneracy helps : 646 649 693 783 823 854 
degeneracy worse : 628 623 664 782 829 884 
SCL #err deg : 5495 / 7800
SCL #err weighted degeneracy : 5478 5468 5464 5495 5506 5528 
degeneracy helps : 653 657 701 791 831 863 
degeneracy worse : 636 631 670 791 842 896 
SCL #err deg : 5559 / 7900
SCL #err weighted degeneracy : 5538 5528 5524 5561 5572 5596 
degeneracy helps : 665 669 714 803 844 875 
degeneracy worse : 644 639 679 805 857 912 
SCL #err deg : 5627 / 8000
SCL #err weighted degeneracy : 5607 5597 5589 5625 5636 5662 
degeneracy helps : 674 678 727 818 861 890 
degeneracy worse : 654 649 689 816 870 925 
SCL #err deg : 5699 / 8100
SCL #err weighted degeneracy : 5678 5667 5659 5695 5706 5734 
degeneracy helps : 682 686 737 831 874 903 
degeneracy worse : 661 655 697 827 881 938 
SCL #err deg : 5766 / 8200
SCL #err weighted degeneracy : 5745 5734 5727 5765 5773 5803 
degeneracy helps : 690 694 746 840 885 913 
degeneracy worse : 669 663 707 839 892 950 
SCL #err deg : 5839 / 8300
SCL #err weighted degeneracy : 5811 5800 5794 5836 5846 5876 
degeneracy helps : 702 706 759 852 897 926 
degeneracy worse : 674 668 714 849 904 963 
SCL #err deg : 5917 / 8400
SCL #err weighted degeneracy : 5890 5879 5870 5911 5918 5948 
degeneracy helps : 711 715 772 866 913 943 
degeneracy worse : 684 678 725 860 914 974 
SCL #err deg : 5986 / 8500
SCL #err weighted degeneracy : 5950 5940 5930 5972 5980 6007 
degeneracy helps : 729 732 790 886 933 967 
degeneracy worse : 693 687 734 872 927 988 
SCL #err deg : 6065 / 8600
SCL #err weighted degeneracy : 6029 6019 6008 6050 6057 6083 
degeneracy helps : 735 737 798 895 944 979 
degeneracy worse : 699 692 741 880 936 997 
SCL #err deg : 6133 / 8700
SCL #err weighted degeneracy : 6093 6082 6073 6117 6122 6147 
degeneracy helps : 746 749 810 906 957 993 
degeneracy worse : 706 699 750 890 946 1007 
SCL #err deg : 6202 / 8800
SCL #err weighted degeneracy : 6158 6149 6139 6182 6188 6215 
degeneracy helps : 758 760 823 921 972 1005 
degeneracy worse : 714 708 760 901 958 1018 
SCL #err deg : 6273 / 8900
SCL #err weighted degeneracy : 6236 6226 6218 6257 6263 6290 
degeneracy helps : 762 764 828 930 982 1015 
degeneracy worse : 725 718 773 914 972 1032 
SCL #err deg : 6349 / 9000
SCL #err weighted degeneracy : 6307 6298 6289 6330 6336 6365 
degeneracy helps : 774 775 840 942 996 1029 
degeneracy worse : 732 725 780 923 983 1045 
SCL #err deg : 6425 / 9100
SCL #err weighted degeneracy : 6377 6368 6361 6401 6411 6438 
degeneracy helps : 785 786 851 956 1006 1040 
degeneracy worse : 737 730 787 932 992 1053 
SCL #err deg : 6496 / 9200
SCL #err weighted degeneracy : 6450 6441 6435 6478 6489 6516 
degeneracy helps : 794 795 860 967 1017 1051 
degeneracy worse : 748 741 799 949 1010 1071 
SCL #err deg : 6571 / 9300
SCL #err weighted degeneracy : 6522 6513 6504 6548 6560 6586 
degeneracy helps : 807 808 876 984 1035 1071 
degeneracy worse : 758 751 809 961 1024 1086 
SCL #err deg : 6638 / 9400
SCL #err weighted degeneracy : 6593 6582 6578 6617 6628 6655 
degeneracy helps : 813 814 883 996 1048 1083 
degeneracy worse : 768 759 823 975 1038 1100 
SCL #err deg : 6713 / 9500
SCL #err weighted degeneracy : 6665 6654 6650 6686 6695 6723 
degeneracy helps : 825 826 896 1013 1065 1100 
degeneracy worse : 777 768 833 986 1047 1110 
SCL #err deg : 6779 / 9600
SCL #err weighted degeneracy : 6732 6720 6718 6754 6763 6793 
degeneracy helps : 831 832 902 1022 1075 1109 
degeneracy worse : 784 774 841 997 1059 1123 
SCL #err deg : 6848 / 9700
SCL #err weighted degeneracy : 6793 6782 6780 6819 6829 6859 
degeneracy helps : 848 849 920 1037 1090 1123 
degeneracy worse : 793 784 852 1008 1071 1134 
SCL #err deg : 6921 / 9800
SCL #err weighted degeneracy : 6864 6853 6852 6891 6902 6931 
degeneracy helps : 857 858 930 1047 1099 1135 
degeneracy worse : 800 791 861 1017 1080 1145 
SCL #err deg : 6995 / 9900
SCL #err weighted degeneracy : 6943 6931 6929 6967 6977 7006 
degeneracy helps : 861 862 937 1055 1107 1143 
degeneracy worse : 809 799 871 1027 1089 1154 
SCL #err deg : 7070 / 10000
SCL #err weighted degeneracy : 7014 7002 6998 7038 7051 7079 
degeneracy helps : 873 874 950 1068 1117 1154 
degeneracy worse : 817 807 878 1036 1098 1163 
average #flips: 76.7935
SCL #err considering degeneracy: 7070
error due to equal 31
error due to SCL smaller 7038
Finish in 4755 s
