Simulation Polar syndrome FASTER N=512, K=257, l=128, pz=0.09, #samples=10000, seed=0
HPW construction
Event generator random seed: 0
SCL #err deg : 7 / 100
SCL #err weighted degeneracy : 5 5 6 7 9 10 
degeneracy helps : 3 3 3 4 4 4 
degeneracy worse : 1 1 2 4 6 7 
SCL #err deg : 13 / 200
SCL #err weighted degeneracy : 13 13 13 21 24 25 
degeneracy helps : 4 4 5 6 6 6 
degeneracy worse : 4 4 5 14 17 18 
SCL #err deg : 21 / 300
SCL #err weighted degeneracy : 22 22 22 31 36 38 
degeneracy helps : 5 5 6 7 7 7 
degeneracy worse : 6 6 7 17 22 24 
SCL #err deg : 28 / 400
SCL #err weighted degeneracy : 29 29 30 41 48 50 
degeneracy helps : 7 7 8 10 10 10 
degeneracy worse : 8 8 10 23 30 32 
SCL #err deg : 41 / 500
SCL #err weighted degeneracy : 41 41 43 53 61 63 
degeneracy helps : 11 11 11 14 14 14 
degeneracy worse : 11 11 13 26 34 36 
SCL #err deg : 54 / 600
SCL #err weighted degeneracy : 48 48 50 60 68 70 
degeneracy helps : 18 18 18 21 21 21 
degeneracy worse : 12 12 14 27 35 37 
SCL #err deg : 65 / 700
SCL #err weighted degeneracy : 54 54 56 66 79 80 
degeneracy helps : 23 23 23 27 25 26 
degeneracy worse : 12 12 14 28 39 41 
SCL #err deg : 81 / 800
SCL #err weighted degeneracy : 67 67 69 81 96 98 
degeneracy helps : 29 29 29 34 31 32 
degeneracy worse : 15 15 17 34 46 49 
SCL #err deg : 92 / 900
SCL #err weighted degeneracy : 76 76 79 96 113 115 
degeneracy helps : 33 33 33 38 35 36 
degeneracy worse : 17 17 20 42 56 59 
SCL #err deg : 105 / 1000
SCL #err weighted degeneracy : 87 87 91 109 127 129 
degeneracy helps : 37 37 37 42 40 41 
degeneracy worse : 19 19 23 46 62 65 
SCL #err deg : 121 / 1100
SCL #err weighted degeneracy : 97 97 103 122 141 144 
degeneracy helps : 45 45 45 50 48 49 
degeneracy worse : 21 21 27 51 68 72 
SCL #err deg : 132 / 1200
SCL #err weighted degeneracy : 106 106 110 131 150 154 
degeneracy helps : 49 49 50 56 55 56 
degeneracy worse : 23 23 28 55 73 78 
SCL #err deg : 141 / 1300
SCL #err weighted degeneracy : 111 111 115 142 162 167 
degeneracy helps : 55 55 56 60 60 60 
degeneracy worse : 25 25 30 61 81 86 
SCL #err deg : 149 / 1400
SCL #err weighted degeneracy : 120 120 123 148 170 175 
degeneracy helps : 58 58 60 64 63 63 
degeneracy worse : 29 29 34 63 84 89 
SCL #err deg : 160 / 1500
SCL #err weighted degeneracy : 130 130 132 159 182 186 
degeneracy helps : 63 63 66 69 69 69 
degeneracy worse : 33 33 38 68 91 95 
SCL #err deg : 174 / 1600
SCL #err weighted degeneracy : 146 146 147 175 199 204 
degeneracy helps : 64 64 67 70 72 72 
degeneracy worse : 36 36 40 71 97 102 
SCL #err deg : 190 / 1700
SCL #err weighted degeneracy : 157 157 157 188 215 221 
degeneracy helps : 73 73 77 78 80 80 
degeneracy worse : 40 40 44 76 105 111 
SCL #err deg : 196 / 1800
SCL #err weighted degeneracy : 164 164 164 197 225 232 
degeneracy helps : 73 73 77 78 80 80 
degeneracy worse : 41 41 45 79 109 116 
SCL #err deg : 203 / 1900
SCL #err weighted degeneracy : 173 173 172 208 236 244 
degeneracy helps : 75 75 80 81 83 83 
degeneracy worse : 45 45 49 86 116 124 
SCL #err deg : 213 / 2000
SCL #err weighted degeneracy : 188 188 185 224 255 264 
degeneracy helps : 76 76 82 83 84 84 
degeneracy worse : 51 51 54 94 126 135 
SCL #err deg : 222 / 2100
SCL #err weighted degeneracy : 200 200 199 240 272 280 
degeneracy helps : 79 79 84 85 86 86 
degeneracy worse : 57 57 61 103 136 144 
SCL #err deg : 236 / 2200
SCL #err weighted degeneracy : 210 210 209 249 282 292 
degeneracy helps : 85 85 90 92 93 93 
degeneracy worse : 59 59 63 105 139 149 
SCL #err deg : 245 / 2300
SCL #err weighted degeneracy : 219 219 218 262 295 305 
degeneracy helps : 87 87 94 96 97 98 
degeneracy worse : 61 61 67 113 147 158 
SCL #err deg : 254 / 2400
SCL #err weighted degeneracy : 225 225 223 270 307 319 
degeneracy helps : 91 91 99 102 102 103 
degeneracy worse : 62 62 68 118 155 168 
SCL #err deg : 264 / 2500
SCL #err weighted degeneracy : 238 238 236 284 323 333 
degeneracy helps : 95 95 103 106 106 107 
degeneracy worse : 69 69 75 126 165 176 
SCL #err deg : 274 / 2600
SCL #err weighted degeneracy : 250 250 250 299 338 348 
degeneracy helps : 97 97 105 110 111 112 
degeneracy worse : 73 73 81 135 175 186 
SCL #err deg : 285 / 2700
SCL #err weighted degeneracy : 261 261 262 312 352 364 
degeneracy helps : 100 100 108 114 115 116 
degeneracy worse : 76 76 85 141 182 195 
SCL #err deg : 294 / 2800
SCL #err weighted degeneracy : 274 274 273 322 365 376 
degeneracy helps : 101 101 111 118 120 123 
degeneracy worse : 81 81 90 146 191 205 
SCL #err deg : 306 / 2900
SCL #err weighted degeneracy : 284 284 284 341 385 395 
degeneracy helps : 105 105 115 121 123 127 
degeneracy worse : 83 83 93 156 202 216 
SCL #err deg : 317 / 3000
SCL #err weighted degeneracy : 294 294 295 355 403 414 
degeneracy helps : 108 108 118 123 125 130 
degeneracy worse : 85 85 96 161 211 227 
SCL #err deg : 326 / 3100
SCL #err weighted degeneracy : 303 303 304 367 415 426 
degeneracy helps : 110 110 120 125 127 132 
degeneracy worse : 87 87 98 166 216 232 
SCL #err deg : 339 / 3200
SCL #err weighted degeneracy : 316 316 318 383 431 442 
degeneracy helps : 112 112 122 128 130 135 
degeneracy worse : 89 89 101 172 222 238 
SCL #err deg : 354 / 3300
SCL #err weighted degeneracy : 326 326 326 391 437 449 
degeneracy helps : 117 117 129 136 140 145 
degeneracy worse : 89 89 101 173 223 240 
SCL #err deg : 363 / 3400
SCL #err weighted degeneracy : 339 339 339 407 453 464 
degeneracy helps : 117 117 130 137 141 146 
degeneracy worse : 93 93 106 181 231 247 
SCL #err deg : 370 / 3500
SCL #err weighted degeneracy : 349 349 349 416 463 474 
degeneracy helps : 118 118 131 139 143 148 
degeneracy worse : 97 97 110 185 236 252 
SCL #err deg : 378 / 3600
SCL #err weighted degeneracy : 356 356 356 422 470 481 
degeneracy helps : 120 120 133 142 146 151 
degeneracy worse : 98 98 111 186 238 254 
SCL #err deg : 391 / 3700
SCL #err weighted degeneracy : 366 366 366 431 481 495 
degeneracy helps : 125 125 138 148 152 157 
degeneracy worse : 100 100 113 188 242 261 
SCL #err deg : 403 / 3800
SCL #err weighted degeneracy : 376 376 375 446 496 512 
degeneracy helps : 129 129 144 155 159 164 
degeneracy worse : 102 102 116 198 252 273 
SCL #err deg : 417 / 3900
SCL #err weighted degeneracy : 391 391 389 463 513 529 
degeneracy helps : 133 133 148 159 165 170 
degeneracy worse : 107 107 120 205 261 282 
SCL #err deg : 429 / 4000
SCL #err weighted degeneracy : 403 403 402 479 530 547 
degeneracy helps : 135 135 150 161 167 173 
degeneracy worse : 109 109 123 211 268 291 
SCL #err deg : 439 / 4100
SCL #err weighted degeneracy : 413 413 412 491 542 561 
degeneracy helps : 137 137 152 163 169 175 
degeneracy worse : 111 111 125 215 272 297 
SCL #err deg : 448 / 4200
SCL #err weighted degeneracy : 423 423 422 502 557 578 
degeneracy helps : 139 139 154 167 173 178 
degeneracy worse : 114 114 128 221 282 308 
SCL #err deg : 460 / 4300
SCL #err weighted degeneracy : 433 433 434 515 573 595 
degeneracy helps : 143 143 157 170 176 181 
degeneracy worse : 116 116 131 225 289 316 
SCL #err deg : 472 / 4400
SCL #err weighted degeneracy : 440 440 441 526 585 608 
degeneracy helps : 149 149 163 176 182 188 
degeneracy worse : 117 117 132 230 295 324 
SCL #err deg : 486 / 4500
SCL #err weighted degeneracy : 451 451 452 539 600 623 
degeneracy helps : 152 152 166 179 185 191 
degeneracy worse : 117 117 132 232 299 328 
SCL #err deg : 497 / 4600
SCL #err weighted degeneracy : 459 459 460 547 610 634 
degeneracy helps : 155 155 169 183 188 194 
degeneracy worse : 117 117 132 233 301 331 
SCL #err deg : 512 / 4700
SCL #err weighted degeneracy : 473 473 475 565 629 653 
degeneracy helps : 160 160 174 188 192 198 
degeneracy worse : 121 121 137 241 309 339 
SCL #err deg : 522 / 4800
SCL #err weighted degeneracy : 479 479 483 576 644 668 
degeneracy helps : 165 165 179 192 196 202 
degeneracy worse : 122 122 140 246 318 348 
SCL #err deg : 534 / 4900
SCL #err weighted degeneracy : 491 491 494 587 655 681 
degeneracy helps : 168 168 183 197 202 208 
degeneracy worse : 125 125 143 250 323 355 
SCL #err deg : 541 / 5000
SCL #err weighted degeneracy : 505 505 508 602 668 694 
degeneracy helps : 168 168 183 197 203 209 
degeneracy worse : 132 132 150 258 330 362 
SCL #err deg : 555 / 5100
SCL #err weighted degeneracy : 515 515 518 614 682 707 
degeneracy helps : 173 173 188 202 208 214 
degeneracy worse : 133 133 151 261 335 366 
SCL #err deg : 568 / 5200
SCL #err weighted degeneracy : 527 527 528 626 695 721 
degeneracy helps : 179 179 195 209 215 221 
degeneracy worse : 138 138 155 267 342 374 
SCL #err deg : 581 / 5300
SCL #err weighted degeneracy : 535 535 539 639 711 737 
degeneracy helps : 185 185 200 215 221 227 
degeneracy worse : 139 139 158 273 351 383 
SCL #err deg : 586 / 5400
SCL #err weighted degeneracy : 541 541 548 651 730 756 
degeneracy helps : 187 187 202 217 223 229 
degeneracy worse : 142 142 164 282 367 399 
SCL #err deg : 595 / 5500
SCL #err weighted degeneracy : 556 556 561 661 742 768 
degeneracy helps : 188 188 205 221 227 234 
degeneracy worse : 149 149 171 287 374 407 
SCL #err deg : 603 / 5600
SCL #err weighted degeneracy : 566 566 571 674 757 783 
degeneracy helps : 189 189 206 222 228 235 
degeneracy worse : 152 152 174 293 382 415 
SCL #err deg : 614 / 5700
SCL #err weighted degeneracy : 578 578 584 688 771 798 
degeneracy helps : 192 192 209 226 234 241 
degeneracy worse : 156 156 179 300 391 425 
SCL #err deg : 633 / 5800
SCL #err weighted degeneracy : 587 587 593 701 785 814 
degeneracy helps : 203 203 221 237 245 251 
degeneracy worse : 157 157 181 305 397 432 
SCL #err deg : 649 / 5900
SCL #err weighted degeneracy : 604 604 609 719 801 831 
degeneracy helps : 205 205 224 239 248 254 
degeneracy worse : 160 160 184 309 400 436 
SCL #err deg : 653 / 6000
SCL #err weighted degeneracy : 609 609 615 728 810 841 
degeneracy helps : 207 207 226 240 250 256 
degeneracy worse : 163 163 188 315 407 444 
SCL #err deg : 658 / 6100
SCL #err weighted degeneracy : 618 618 624 738 821 853 
degeneracy helps : 208 208 227 242 252 258 
degeneracy worse : 168 168 193 322 415 453 
SCL #err deg : 669 / 6200
SCL #err weighted degeneracy : 630 630 636 750 834 868 
degeneracy helps : 210 210 229 246 256 262 
degeneracy worse : 171 171 196 327 421 461 
SCL #err deg : 681 / 6300
SCL #err weighted degeneracy : 639 639 645 761 847 880 
degeneracy helps : 213 213 232 249 259 266 
degeneracy worse : 171 171 196 329 425 465 
SCL #err deg : 690 / 6400
SCL #err weighted degeneracy : 649 649 656 775 863 897 
degeneracy helps : 216 216 235 252 262 269 
degeneracy worse : 175 175 201 337 435 476 
SCL #err deg : 700 / 6500
SCL #err weighted degeneracy : 659 659 666 788 876 909 
degeneracy helps : 219 219 238 256 267 274 
degeneracy worse : 178 178 204 344 443 483 
SCL #err deg : 720 / 6600
SCL #err weighted degeneracy : 678 678 683 804 893 930 
degeneracy helps : 223 223 245 264 276 282 
degeneracy worse : 181 181 208 348 449 492 
SCL #err deg : 738 / 6700
SCL #err weighted degeneracy : 690 690 698 820 913 952 
degeneracy helps : 230 230 252 272 283 288 
degeneracy worse : 182 182 212 354 458 502 
SCL #err deg : 752 / 6800
SCL #err weighted degeneracy : 701 701 709 832 925 967 
degeneracy helps : 235 235 258 279 291 296 
degeneracy worse : 184 184 215 359 464 511 
SCL #err deg : 769 / 6900
SCL #err weighted degeneracy : 717 717 726 851 946 988 
degeneracy helps : 240 240 263 284 296 301 
degeneracy worse : 188 188 220 366 473 520 
SCL #err deg : 781 / 7000
SCL #err weighted degeneracy : 727 727 736 863 958 999 
degeneracy helps : 243 243 266 287 300 305 
degeneracy worse : 189 189 221 369 477 523 
SCL #err deg : 790 / 7100
SCL #err weighted degeneracy : 734 734 744 873 967 1007 
degeneracy helps : 246 246 269 290 303 309 
degeneracy worse : 190 190 223 373 480 526 
SCL #err deg : 805 / 7200
SCL #err weighted degeneracy : 752 752 763 895 992 1030 
degeneracy helps : 249 249 272 294 306 314 
degeneracy worse : 196 196 230 384 493 539 
SCL #err deg : 809 / 7300
SCL #err weighted degeneracy : 758 758 770 906 1005 1043 
degeneracy helps : 249 249 272 296 308 316 
degeneracy worse : 198 198 233 393 504 550 
SCL #err deg : 822 / 7400
SCL #err weighted degeneracy : 769 769 781 918 1019 1057 
degeneracy helps : 253 253 277 301 312 320 
degeneracy worse : 200 200 236 397 509 555 
SCL #err deg : 838 / 7500
SCL #err weighted degeneracy : 784 784 796 933 1033 1072 
degeneracy helps : 257 257 281 307 320 328 
degeneracy worse : 203 203 239 402 515 562 
SCL #err deg : 844 / 7600
SCL #err weighted degeneracy : 792 792 804 942 1043 1083 
degeneracy helps : 259 259 283 311 325 333 
degeneracy worse : 207 207 243 409 524 572 
SCL #err deg : 857 / 7700
SCL #err weighted degeneracy : 804 804 816 958 1059 1100 
degeneracy helps : 261 261 285 313 329 337 
degeneracy worse : 208 208 244 414 531 580 
SCL #err deg : 870 / 7800
SCL #err weighted degeneracy : 817 817 829 972 1073 1117 
degeneracy helps : 265 265 290 318 334 342 
degeneracy worse : 212 212 249 420 537 589 
SCL #err deg : 887 / 7900
SCL #err weighted degeneracy : 832 832 845 984 1087 1132 
degeneracy helps : 268 268 292 324 340 348 
degeneracy worse : 213 213 250 421 540 593 
SCL #err deg : 894 / 8000
SCL #err weighted degeneracy : 839 839 853 993 1098 1144 
degeneracy helps : 272 272 296 328 344 352 
degeneracy worse : 217 217 255 427 548 602 
SCL #err deg : 902 / 8100
SCL #err weighted degeneracy : 849 849 865 1006 1111 1158 
degeneracy helps : 272 272 296 328 345 353 
degeneracy worse : 219 219 259 432 554 609 
SCL #err deg : 907 / 8200
SCL #err weighted degeneracy : 858 858 877 1022 1127 1173 
degeneracy helps : 272 272 296 328 346 355 
degeneracy worse : 223 223 266 443 566 621 
SCL #err deg : 919 / 8300
SCL #err weighted degeneracy : 868 868 889 1035 1145 1192 
degeneracy helps : 276 276 299 332 349 358 
degeneracy worse : 225 225 269 448 575 631 
SCL #err deg : 935 / 8400
SCL #err weighted degeneracy : 885 885 906 1052 1166 1214 
degeneracy helps : 278 278 302 337 353 362 
degeneracy worse : 228 228 273 454 584 641 
SCL #err deg : 946 / 8500
SCL #err weighted degeneracy : 891 891 912 1062 1177 1228 
degeneracy helps : 283 283 307 342 359 367 
degeneracy worse : 228 228 273 458 590 649 
SCL #err deg : 959 / 8600
SCL #err weighted degeneracy : 903 903 923 1073 1190 1242 
degeneracy helps : 288 288 313 348 365 373 
degeneracy worse : 232 232 277 462 596 656 
SCL #err deg : 967 / 8700
SCL #err weighted degeneracy : 913 913 934 1084 1203 1257 
degeneracy helps : 289 289 313 349 366 374 
degeneracy worse : 235 235 280 466 602 664 
SCL #err deg : 975 / 8800
SCL #err weighted degeneracy : 923 923 943 1098 1218 1273 
degeneracy helps : 290 290 314 350 367 375 
degeneracy worse : 238 238 282 473 610 673 
SCL #err deg : 990 / 8900
SCL #err weighted degeneracy : 934 934 956 1112 1231 1289 
degeneracy helps : 294 294 318 355 374 380 
degeneracy worse : 238 238 284 477 615 679 
SCL #err deg : 995 / 9000
SCL #err weighted degeneracy : 941 941 966 1123 1242 1301 
degeneracy helps : 294 294 318 356 375 381 
degeneracy worse : 240 240 289 484 622 687 
SCL #err deg : 1005 / 9100
SCL #err weighted degeneracy : 946 946 971 1131 1251 1312 
degeneracy helps : 300 300 324 361 380 386 
degeneracy worse : 241 241 290 487 626 693 
SCL #err deg : 1021 / 9200
SCL #err weighted degeneracy : 958 958 982 1144 1264 1324 
degeneracy helps : 305 305 330 368 388 394 
degeneracy worse : 242 242 291 491 631 697 
SCL #err deg : 1032 / 9300
SCL #err weighted degeneracy : 964 964 989 1150 1274 1335 
degeneracy helps : 310 310 335 375 394 400 
degeneracy worse : 242 242 292 493 636 703 
SCL #err deg : 1042 / 9400
SCL #err weighted degeneracy : 975 975 1000 1162 1288 1350 
degeneracy helps : 313 313 338 379 398 404 
degeneracy worse : 246 246 296 499 644 712 
SCL #err deg : 1056 / 9500
SCL #err weighted degeneracy : 987 987 1014 1176 1304 1365 
degeneracy helps : 318 318 342 385 403 409 
degeneracy worse : 249 249 300 505 651 718 
SCL #err deg : 1065 / 9600
SCL #err weighted degeneracy : 994 994 1022 1185 1314 1377 
degeneracy helps : 323 323 347 390 408 413 
degeneracy worse : 252 252 304 510 657 725 
SCL #err deg : 1078 / 9700
SCL #err weighted degeneracy : 1004 1004 1032 1195 1327 1393 
degeneracy helps : 328 328 353 397 415 419 
degeneracy worse : 254 254 307 514 664 734 
SCL #err deg : 1082 / 9800
SCL #err weighted degeneracy : 1006 1006 1036 1201 1335 1403 
degeneracy helps : 331 331 354 398 415 419 
degeneracy worse : 255 255 308 517 668 740 
SCL #err deg : 1093 / 9900
SCL #err weighted degeneracy : 1013 1013 1043 1209 1347 1415 
degeneracy helps : 336 336 359 403 420 424 
degeneracy worse : 256 256 309 519 674 746 
SCL #err deg : 1103 / 10000
SCL #err weighted degeneracy : 1023 1023 1055 1224 1362 1431 
degeneracy helps : 338 338 361 405 422 426 
degeneracy worse : 258 258 313 526 681 754 
average #flips: 46.1245
SCL #err considering degeneracy: 1103
error due to equal 551
error due to SCL smaller 536
Finish in 5198 s
