Simulation Polar syndrome FASTER N=128, K=65, l=128, pz=0.101, #samples=10000, seed=37
PW construction
Event generator random seed: 37
SCL #err deg : 24 / 100
SCL #err weighted degeneracy : 28 28 29 30 29 26 
degeneracy helps : 5 5 5 6 7 10 
degeneracy worse : 9 9 10 12 12 12 
SCL #err deg : 57 / 200
SCL #err weighted degeneracy : 63 63 64 66 65 64 
degeneracy helps : 12 12 12 15 17 19 
degeneracy worse : 18 18 19 24 25 26 
SCL #err deg : 90 / 300
SCL #err weighted degeneracy : 99 99 99 104 102 100 
degeneracy helps : 19 19 20 22 25 27 
degeneracy worse : 28 28 29 36 37 37 
SCL #err deg : 118 / 400
SCL #err weighted degeneracy : 120 120 123 131 132 128 
degeneracy helps : 31 31 32 33 35 39 
degeneracy worse : 33 33 37 46 49 49 
SCL #err deg : 155 / 500
SCL #err weighted degeneracy : 148 148 153 165 167 166 
degeneracy helps : 47 47 47 49 51 53 
degeneracy worse : 40 40 45 59 63 64 
SCL #err deg : 180 / 600
SCL #err weighted degeneracy : 169 169 174 190 193 194 
degeneracy helps : 57 57 57 58 61 62 
degeneracy worse : 46 46 51 68 74 76 
SCL #err deg : 216 / 700
SCL #err weighted degeneracy : 198 198 201 221 225 228 
degeneracy helps : 70 70 71 73 76 76 
degeneracy worse : 52 52 56 78 85 88 
SCL #err deg : 254 / 800
SCL #err weighted degeneracy : 235 235 238 258 260 265 
degeneracy helps : 79 79 80 83 89 90 
degeneracy worse : 60 60 64 87 95 101 
SCL #err deg : 279 / 900
SCL #err weighted degeneracy : 252 252 254 278 280 289 
degeneracy helps : 91 91 93 97 103 105 
degeneracy worse : 65 65 69 96 104 115 
SCL #err deg : 308 / 1000
SCL #err weighted degeneracy : 274 274 276 299 299 309 
degeneracy helps : 105 105 107 111 118 119 
degeneracy worse : 72 72 76 102 109 120 
SCL #err deg : 339 / 1100
SCL #err weighted degeneracy : 306 306 311 335 337 349 
degeneracy helps : 116 116 118 122 129 130 
degeneracy worse : 84 84 91 118 127 140 
SCL #err deg : 372 / 1200
SCL #err weighted degeneracy : 335 335 339 365 366 382 
degeneracy helps : 127 127 131 137 144 144 
degeneracy worse : 91 91 99 130 138 154 
SCL #err deg : 395 / 1300
SCL #err weighted degeneracy : 362 362 365 393 396 412 
degeneracy helps : 133 134 139 145 152 152 
degeneracy worse : 102 102 110 143 153 169 
SCL #err deg : 436 / 1400
SCL #err weighted degeneracy : 394 394 398 430 433 452 
degeneracy helps : 147 148 153 159 167 166 
degeneracy worse : 107 107 116 153 164 182 
SCL #err deg : 469 / 1500
SCL #err weighted degeneracy : 423 423 428 462 465 483 
degeneracy helps : 157 158 163 169 177 177 
degeneracy worse : 113 113 123 162 173 191 
SCL #err deg : 499 / 1600
SCL #err weighted degeneracy : 447 447 451 484 488 505 
degeneracy helps : 167 168 174 181 190 191 
degeneracy worse : 117 117 127 166 179 197 
SCL #err deg : 526 / 1700
SCL #err weighted degeneracy : 467 467 472 508 512 530 
degeneracy helps : 175 176 181 187 196 198 
degeneracy worse : 118 118 128 169 182 202 
SCL #err deg : 546 / 1800
SCL #err weighted degeneracy : 484 484 489 528 532 555 
degeneracy helps : 184 185 190 196 206 207 
degeneracy worse : 124 124 134 178 192 216 
SCL #err deg : 567 / 1900
SCL #err weighted degeneracy : 505 505 510 549 554 580 
degeneracy helps : 191 192 197 203 214 215 
degeneracy worse : 131 131 141 185 201 228 
SCL #err deg : 594 / 2000
SCL #err weighted degeneracy : 533 533 536 576 582 611 
degeneracy helps : 198 199 206 212 223 225 
degeneracy worse : 139 139 149 194 211 242 
SCL #err deg : 608 / 2100
SCL #err weighted degeneracy : 551 551 555 596 602 634 
degeneracy helps : 201 203 211 217 229 231 
degeneracy worse : 147 147 159 205 223 257 
SCL #err deg : 629 / 2200
SCL #err weighted degeneracy : 571 571 577 616 625 661 
degeneracy helps : 210 212 220 227 239 240 
degeneracy worse : 155 155 169 214 235 272 
SCL #err deg : 659 / 2300
SCL #err weighted degeneracy : 601 601 607 647 662 702 
degeneracy helps : 219 220 229 237 247 246 
degeneracy worse : 164 164 178 225 250 289 
SCL #err deg : 680 / 2400
SCL #err weighted degeneracy : 620 620 627 669 686 728 
degeneracy helps : 227 228 237 246 256 255 
degeneracy worse : 170 170 185 235 262 303 
SCL #err deg : 711 / 2500
SCL #err weighted degeneracy : 649 649 654 695 711 757 
degeneracy helps : 235 236 247 257 268 265 
degeneracy worse : 176 176 191 241 268 311 
SCL #err deg : 733 / 2600
SCL #err weighted degeneracy : 672 672 678 720 738 786 
degeneracy helps : 242 243 254 263 274 271 
degeneracy worse : 184 184 200 250 279 324 
SCL #err deg : 763 / 2700
SCL #err weighted degeneracy : 699 699 706 749 767 813 
degeneracy helps : 250 251 262 272 284 282 
degeneracy worse : 189 189 206 258 288 332 
SCL #err deg : 794 / 2800
SCL #err weighted degeneracy : 729 729 736 784 801 850 
degeneracy helps : 256 257 268 278 290 288 
degeneracy worse : 194 194 211 268 297 344 
SCL #err deg : 821 / 2900
SCL #err weighted degeneracy : 754 754 761 815 835 887 
degeneracy helps : 261 262 273 283 295 293 
degeneracy worse : 197 197 214 277 309 359 
SCL #err deg : 844 / 3000
SCL #err weighted degeneracy : 778 778 785 840 861 917 
degeneracy helps : 267 268 279 289 301 298 
degeneracy worse : 204 204 221 285 318 371 
SCL #err deg : 869 / 3100
SCL #err weighted degeneracy : 802 802 809 862 886 943 
degeneracy helps : 274 275 286 297 309 306 
degeneracy worse : 210 210 227 290 326 380 
SCL #err deg : 895 / 3200
SCL #err weighted degeneracy : 828 828 835 894 919 979 
degeneracy helps : 283 284 295 307 319 316 
degeneracy worse : 219 219 236 306 343 400 
SCL #err deg : 920 / 3300
SCL #err weighted degeneracy : 853 853 861 920 946 1009 
degeneracy helps : 292 293 304 318 330 327 
degeneracy worse : 228 228 246 318 356 416 
SCL #err deg : 939 / 3400
SCL #err weighted degeneracy : 871 871 878 941 970 1034 
degeneracy helps : 298 299 311 325 336 333 
degeneracy worse : 233 233 251 327 367 428 
SCL #err deg : 963 / 3500
SCL #err weighted degeneracy : 901 901 908 971 1003 1067 
degeneracy helps : 301 302 315 331 342 340 
degeneracy worse : 242 242 261 339 382 444 
SCL #err deg : 990 / 3600
SCL #err weighted degeneracy : 930 930 937 1003 1038 1106 
degeneracy helps : 310 311 324 341 352 349 
degeneracy worse : 253 253 272 354 400 465 
SCL #err deg : 1009 / 3700
SCL #err weighted degeneracy : 953 953 961 1029 1064 1133 
degeneracy helps : 315 316 329 346 358 355 
degeneracy worse : 262 262 282 366 413 479 
SCL #err deg : 1034 / 3800
SCL #err weighted degeneracy : 976 976 984 1053 1091 1163 
degeneracy helps : 324 325 338 357 369 365 
degeneracy worse : 269 269 289 376 426 494 
SCL #err deg : 1059 / 3900
SCL #err weighted degeneracy : 1003 1003 1011 1084 1124 1195 
degeneracy helps : 330 331 344 363 374 373 
degeneracy worse : 277 277 297 388 439 509 
SCL #err deg : 1082 / 4000
SCL #err weighted degeneracy : 1028 1028 1037 1111 1155 1228 
degeneracy helps : 337 338 351 370 380 378 
degeneracy worse : 286 286 307 399 453 524 
SCL #err deg : 1112 / 4100
SCL #err weighted degeneracy : 1052 1052 1061 1137 1180 1253 
degeneracy helps : 344 345 358 377 388 387 
degeneracy worse : 287 287 308 402 456 528 
SCL #err deg : 1136 / 4200
SCL #err weighted degeneracy : 1075 1075 1084 1163 1208 1283 
degeneracy helps : 350 351 364 384 394 393 
degeneracy worse : 293 293 314 411 466 540 
SCL #err deg : 1163 / 4300
SCL #err weighted degeneracy : 1097 1097 1106 1188 1234 1311 
degeneracy helps : 361 362 375 395 404 403 
degeneracy worse : 299 299 320 420 475 551 
SCL #err deg : 1188 / 4400
SCL #err weighted degeneracy : 1125 1125 1138 1221 1268 1347 
degeneracy helps : 367 368 379 400 409 408 
degeneracy worse : 308 308 331 433 489 567 
SCL #err deg : 1217 / 4500
SCL #err weighted degeneracy : 1154 1154 1167 1249 1295 1379 
degeneracy helps : 376 377 388 410 420 418 
degeneracy worse : 317 317 340 442 498 580 
SCL #err deg : 1238 / 4600
SCL #err weighted degeneracy : 1173 1173 1186 1270 1320 1405 
degeneracy helps : 385 386 397 420 430 427 
degeneracy worse : 324 324 347 452 512 594 
SCL #err deg : 1263 / 4700
SCL #err weighted degeneracy : 1195 1195 1208 1293 1345 1433 
degeneracy helps : 394 394 406 431 441 438 
degeneracy worse : 330 330 353 461 523 608 
SCL #err deg : 1290 / 4800
SCL #err weighted degeneracy : 1217 1217 1232 1318 1371 1463 
degeneracy helps : 406 406 418 441 451 448 
degeneracy worse : 337 337 362 469 532 621 
SCL #err deg : 1315 / 4900
SCL #err weighted degeneracy : 1238 1238 1255 1343 1399 1491 
degeneracy helps : 413 413 423 447 456 454 
degeneracy worse : 340 340 365 475 540 630 
SCL #err deg : 1339 / 5000
SCL #err weighted degeneracy : 1260 1260 1277 1367 1422 1515 
degeneracy helps : 419 419 431 456 465 463 
degeneracy worse : 345 345 371 484 548 639 
SCL #err deg : 1366 / 5100
SCL #err weighted degeneracy : 1282 1282 1299 1387 1444 1541 
degeneracy helps : 432 432 444 471 479 475 
degeneracy worse : 353 353 379 492 557 650 
SCL #err deg : 1395 / 5200
SCL #err weighted degeneracy : 1312 1312 1329 1417 1476 1574 
degeneracy helps : 438 438 450 478 486 484 
degeneracy worse : 361 361 387 500 567 663 
SCL #err deg : 1418 / 5300
SCL #err weighted degeneracy : 1334 1334 1351 1439 1499 1600 
degeneracy helps : 446 446 458 487 495 493 
degeneracy worse : 368 368 394 508 576 675 
SCL #err deg : 1453 / 5400
SCL #err weighted degeneracy : 1359 1359 1376 1468 1529 1631 
degeneracy helps : 461 461 473 501 509 508 
degeneracy worse : 373 373 399 516 585 686 
SCL #err deg : 1478 / 5500
SCL #err weighted degeneracy : 1383 1383 1401 1494 1557 1659 
degeneracy helps : 469 469 481 510 519 517 
degeneracy worse : 380 380 407 526 598 698 
SCL #err deg : 1511 / 5600
SCL #err weighted degeneracy : 1416 1416 1434 1529 1594 1697 
degeneracy helps : 479 479 491 521 531 530 
degeneracy worse : 390 390 417 539 614 716 
SCL #err deg : 1546 / 5700
SCL #err weighted degeneracy : 1446 1446 1464 1559 1624 1731 
degeneracy helps : 489 489 501 534 545 544 
degeneracy worse : 396 396 423 547 623 729 
SCL #err deg : 1571 / 5800
SCL #err weighted degeneracy : 1470 1470 1488 1583 1650 1756 
degeneracy helps : 495 495 507 541 552 552 
degeneracy worse : 401 401 428 553 631 737 
SCL #err deg : 1598 / 5900
SCL #err weighted degeneracy : 1494 1494 1512 1607 1676 1786 
degeneracy helps : 502 502 514 549 560 560 
degeneracy worse : 405 405 432 558 638 748 
SCL #err deg : 1623 / 6000
SCL #err weighted degeneracy : 1517 1517 1536 1632 1702 1810 
degeneracy helps : 508 508 520 556 568 569 
degeneracy worse : 409 409 437 565 647 756 
SCL #err deg : 1651 / 6100
SCL #err weighted degeneracy : 1545 1545 1563 1660 1730 1840 
degeneracy helps : 517 517 529 564 577 578 
degeneracy worse : 418 418 445 573 656 767 
SCL #err deg : 1679 / 6200
SCL #err weighted degeneracy : 1573 1573 1593 1688 1760 1869 
degeneracy helps : 523 523 535 573 587 589 
degeneracy worse : 424 424 453 582 668 779 
SCL #err deg : 1704 / 6300
SCL #err weighted degeneracy : 1597 1597 1617 1713 1787 1899 
degeneracy helps : 531 531 543 581 595 598 
degeneracy worse : 431 431 460 590 678 793 
SCL #err deg : 1727 / 6400
SCL #err weighted degeneracy : 1614 1614 1633 1732 1803 1917 
degeneracy helps : 541 541 553 592 607 610 
degeneracy worse : 435 435 463 597 683 800 
SCL #err deg : 1754 / 6500
SCL #err weighted degeneracy : 1649 1649 1669 1770 1843 1956 
degeneracy helps : 546 546 558 597 612 618 
degeneracy worse : 448 448 477 613 701 820 
SCL #err deg : 1780 / 6600
SCL #err weighted degeneracy : 1673 1673 1696 1800 1876 1991 
degeneracy helps : 552 552 564 602 617 622 
degeneracy worse : 452 452 484 622 713 833 
SCL #err deg : 1806 / 6700
SCL #err weighted degeneracy : 1691 1691 1715 1820 1897 2022 
degeneracy helps : 565 565 577 615 630 633 
degeneracy worse : 457 457 490 629 721 849 
SCL #err deg : 1842 / 6800
SCL #err weighted degeneracy : 1717 1717 1742 1846 1925 2048 
degeneracy helps : 578 578 589 628 642 647 
degeneracy worse : 460 460 493 632 725 853 
SCL #err deg : 1869 / 6900
SCL #err weighted degeneracy : 1745 1745 1770 1870 1950 2072 
degeneracy helps : 586 586 599 640 655 660 
degeneracy worse : 469 469 504 641 736 863 
SCL #err deg : 1904 / 7000
SCL #err weighted degeneracy : 1774 1774 1799 1902 1987 2112 
degeneracy helps : 598 598 612 652 665 670 
degeneracy worse : 475 475 511 650 748 878 
SCL #err deg : 1934 / 7100
SCL #err weighted degeneracy : 1810 1810 1833 1933 2018 2145 
degeneracy helps : 601 601 616 659 673 678 
degeneracy worse : 484 484 519 658 757 889 
SCL #err deg : 1960 / 7200
SCL #err weighted degeneracy : 1839 1839 1859 1961 2050 2176 
degeneracy helps : 608 608 624 666 679 685 
degeneracy worse : 494 494 527 667 769 901 
SCL #err deg : 1991 / 7300
SCL #err weighted degeneracy : 1865 1865 1885 1988 2078 2208 
degeneracy helps : 616 616 632 674 687 692 
degeneracy worse : 497 497 530 671 774 909 
SCL #err deg : 2018 / 7400
SCL #err weighted degeneracy : 1886 1886 1906 2008 2099 2234 
degeneracy helps : 627 627 643 686 699 704 
degeneracy worse : 502 502 535 676 780 920 
SCL #err deg : 2045 / 7500
SCL #err weighted degeneracy : 1916 1916 1937 2041 2133 2268 
degeneracy helps : 632 632 648 690 702 707 
degeneracy worse : 510 510 544 686 790 930 
SCL #err deg : 2075 / 7600
SCL #err weighted degeneracy : 1942 1942 1964 2068 2161 2297 
degeneracy helps : 640 640 656 701 713 718 
degeneracy worse : 515 515 550 694 799 940 
SCL #err deg : 2100 / 7700
SCL #err weighted degeneracy : 1968 1968 1991 2096 2191 2329 
degeneracy helps : 647 647 663 708 719 724 
degeneracy worse : 523 523 559 704 810 953 
SCL #err deg : 2126 / 7800
SCL #err weighted degeneracy : 1994 1994 2017 2122 2221 2362 
degeneracy helps : 657 657 673 718 729 732 
degeneracy worse : 533 533 569 714 824 968 
SCL #err deg : 2152 / 7900
SCL #err weighted degeneracy : 2014 2014 2037 2145 2245 2389 
degeneracy helps : 667 667 683 729 739 742 
degeneracy worse : 538 538 574 722 832 979 
SCL #err deg : 2183 / 8000
SCL #err weighted degeneracy : 2048 2048 2071 2179 2282 2428 
degeneracy helps : 676 676 692 739 749 752 
degeneracy worse : 550 550 586 735 848 997 
SCL #err deg : 2219 / 8100
SCL #err weighted degeneracy : 2082 2082 2105 2212 2319 2465 
degeneracy helps : 685 685 701 750 759 762 
degeneracy worse : 557 557 593 743 859 1008 
SCL #err deg : 2236 / 8200
SCL #err weighted degeneracy : 2102 2102 2125 2233 2340 2488 
degeneracy helps : 688 688 704 753 763 764 
degeneracy worse : 563 563 599 750 867 1016 
SCL #err deg : 2263 / 8300
SCL #err weighted degeneracy : 2121 2121 2144 2256 2366 2514 
degeneracy helps : 700 700 716 764 774 774 
degeneracy worse : 567 567 603 757 877 1025 
SCL #err deg : 2295 / 8400
SCL #err weighted degeneracy : 2146 2146 2169 2282 2392 2542 
degeneracy helps : 711 711 728 777 788 787 
degeneracy worse : 572 572 608 764 885 1034 
SCL #err deg : 2326 / 8500
SCL #err weighted degeneracy : 2176 2176 2199 2313 2423 2574 
degeneracy helps : 720 720 737 785 797 795 
degeneracy worse : 580 580 616 772 894 1043 
SCL #err deg : 2357 / 8600
SCL #err weighted degeneracy : 2206 2206 2228 2341 2451 2608 
degeneracy helps : 729 729 747 797 810 806 
degeneracy worse : 588 588 624 781 904 1057 
SCL #err deg : 2383 / 8700
SCL #err weighted degeneracy : 2228 2228 2249 2365 2476 2635 
degeneracy helps : 740 740 759 807 820 815 
degeneracy worse : 595 595 631 789 913 1067 
SCL #err deg : 2413 / 8800
SCL #err weighted degeneracy : 2248 2248 2269 2388 2499 2661 
degeneracy helps : 756 756 775 821 835 829 
degeneracy worse : 601 601 637 796 921 1077 
SCL #err deg : 2439 / 8900
SCL #err weighted degeneracy : 2273 2273 2296 2418 2531 2694 
degeneracy helps : 766 766 785 830 845 838 
degeneracy worse : 610 610 648 809 937 1093 
SCL #err deg : 2464 / 9000
SCL #err weighted degeneracy : 2295 2295 2318 2444 2560 2726 
degeneracy helps : 772 772 792 837 851 843 
degeneracy worse : 613 613 652 817 947 1105 
SCL #err deg : 2491 / 9100
SCL #err weighted degeneracy : 2320 2320 2343 2472 2588 2754 
degeneracy helps : 786 786 806 851 865 857 
degeneracy worse : 625 625 664 832 962 1120 
SCL #err deg : 2522 / 9200
SCL #err weighted degeneracy : 2346 2346 2369 2497 2617 2786 
degeneracy helps : 794 794 814 861 873 866 
degeneracy worse : 628 628 667 836 968 1130 
SCL #err deg : 2550 / 9300
SCL #err weighted degeneracy : 2374 2374 2397 2524 2646 2816 
degeneracy helps : 800 800 820 868 881 873 
degeneracy worse : 634 634 673 842 977 1139 
SCL #err deg : 2566 / 9400
SCL #err weighted degeneracy : 2388 2388 2412 2543 2668 2840 
degeneracy helps : 803 803 823 871 884 876 
degeneracy worse : 635 635 675 848 986 1150 
SCL #err deg : 2592 / 9500
SCL #err weighted degeneracy : 2407 2407 2431 2561 2690 2862 
degeneracy helps : 813 813 833 883 895 888 
degeneracy worse : 638 638 678 852 993 1158 
SCL #err deg : 2621 / 9600
SCL #err weighted degeneracy : 2430 2430 2455 2585 2716 2891 
degeneracy helps : 822 822 841 895 906 899 
degeneracy worse : 642 642 682 859 1001 1169 
SCL #err deg : 2643 / 9700
SCL #err weighted degeneracy : 2450 2450 2477 2606 2740 2919 
degeneracy helps : 830 830 848 903 914 907 
degeneracy worse : 648 648 689 866 1011 1183 
SCL #err deg : 2671 / 9800
SCL #err weighted degeneracy : 2473 2473 2501 2634 2768 2951 
degeneracy helps : 843 843 861 916 927 919 
degeneracy worse : 656 656 698 879 1024 1199 
SCL #err deg : 2696 / 9900
SCL #err weighted degeneracy : 2498 2498 2526 2662 2797 2979 
degeneracy helps : 851 851 870 925 936 929 
degeneracy worse : 664 664 707 891 1037 1212 
SCL #err deg : 2725 / 10000
SCL #err weighted degeneracy : 2531 2531 2558 2695 2832 3014 
degeneracy helps : 855 855 875 930 941 934 
degeneracy worse : 672 672 715 900 1048 1223 
average #flips: 12.9428
SCL #err considering degeneracy: 2725
error due to equal 1273
error due to SCL smaller 1452
Finish in 1140 s
