Simulation Polar syndrome FASTER N=1024, K=513, l=128, pz=0.1, #samples=10000, seed=45
PW construction
Event generator random seed: 45
SCL #err deg : 13 / 100
SCL #err weighted degeneracy : 13 13 14 15 16 15 
degeneracy helps : 2 2 2 2 2 3 
degeneracy worse : 2 2 3 4 5 5 
SCL #err deg : 26 / 200
SCL #err weighted degeneracy : 25 25 26 29 29 30 
degeneracy helps : 4 4 4 4 5 6 
degeneracy worse : 3 3 4 7 8 10 
SCL #err deg : 44 / 300
SCL #err weighted degeneracy : 41 40 42 44 45 47 
degeneracy helps : 9 10 9 9 9 9 
degeneracy worse : 6 6 7 9 10 12 
SCL #err deg : 61 / 400
SCL #err weighted degeneracy : 57 56 56 57 58 61 
degeneracy helps : 13 14 14 15 15 15 
degeneracy worse : 9 9 9 11 12 15 
SCL #err deg : 74 / 500
SCL #err weighted degeneracy : 70 69 70 75 77 79 
degeneracy helps : 16 17 17 18 17 18 
degeneracy worse : 12 12 13 19 20 23 
SCL #err deg : 98 / 600
SCL #err weighted degeneracy : 96 95 95 99 100 102 
degeneracy helps : 18 19 19 20 19 20 
degeneracy worse : 16 16 16 21 21 24 
SCL #err deg : 115 / 700
SCL #err weighted degeneracy : 112 111 113 118 119 121 
degeneracy helps : 23 24 23 25 24 25 
degeneracy worse : 20 20 21 28 28 31 
SCL #err deg : 131 / 800
SCL #err weighted degeneracy : 131 130 133 137 138 140 
degeneracy helps : 26 27 25 27 26 27 
degeneracy worse : 26 26 27 33 33 36 
SCL #err deg : 148 / 900
SCL #err weighted degeneracy : 144 143 145 150 149 154 
degeneracy helps : 31 32 31 34 35 34 
degeneracy worse : 27 27 28 36 36 40 
SCL #err deg : 164 / 1000
SCL #err weighted degeneracy : 157 156 158 163 162 169 
degeneracy helps : 36 37 36 39 40 38 
degeneracy worse : 29 29 30 38 38 43 
SCL #err deg : 183 / 1100
SCL #err weighted degeneracy : 174 173 175 181 181 190 
degeneracy helps : 42 43 42 44 45 42 
degeneracy worse : 33 33 34 42 43 49 
SCL #err deg : 205 / 1200
SCL #err weighted degeneracy : 194 193 196 201 199 208 
degeneracy helps : 47 48 46 48 51 48 
degeneracy worse : 36 36 37 44 45 51 
SCL #err deg : 224 / 1300
SCL #err weighted degeneracy : 207 206 209 213 213 222 
degeneracy helps : 54 55 53 55 57 54 
degeneracy worse : 37 37 38 44 46 52 
SCL #err deg : 243 / 1400
SCL #err weighted degeneracy : 224 223 224 228 229 240 
degeneracy helps : 59 60 60 61 63 58 
degeneracy worse : 40 40 41 46 49 55 
SCL #err deg : 267 / 1500
SCL #err weighted degeneracy : 248 247 248 252 253 263 
degeneracy helps : 61 62 62 64 66 61 
degeneracy worse : 42 42 43 49 52 57 
SCL #err deg : 280 / 1600
SCL #err weighted degeneracy : 260 259 261 265 267 278 
degeneracy helps : 64 65 65 67 68 62 
degeneracy worse : 44 44 46 52 55 60 
SCL #err deg : 299 / 1700
SCL #err weighted degeneracy : 275 274 278 284 286 297 
degeneracy helps : 68 69 68 70 71 65 
degeneracy worse : 44 44 47 55 58 63 
SCL #err deg : 311 / 1800
SCL #err weighted degeneracy : 289 288 291 295 298 310 
degeneracy helps : 69 70 70 72 73 66 
degeneracy worse : 47 47 50 56 60 65 
SCL #err deg : 327 / 1900
SCL #err weighted degeneracy : 304 303 305 309 311 323 
degeneracy helps : 74 75 75 76 78 71 
degeneracy worse : 51 51 53 58 62 67 
SCL #err deg : 348 / 2000
SCL #err weighted degeneracy : 319 318 320 323 327 338 
degeneracy helps : 80 81 81 84 84 78 
degeneracy worse : 51 51 53 59 63 68 
SCL #err deg : 368 / 2100
SCL #err weighted degeneracy : 338 337 339 341 346 357 
degeneracy helps : 84 85 85 88 88 82 
degeneracy worse : 54 54 56 61 66 71 
SCL #err deg : 390 / 2200
SCL #err weighted degeneracy : 359 358 360 362 367 378 
degeneracy helps : 87 88 87 90 90 85 
degeneracy worse : 56 56 57 62 67 73 
SCL #err deg : 402 / 2300
SCL #err weighted degeneracy : 376 375 375 377 381 393 
degeneracy helps : 89 90 90 92 92 87 
degeneracy worse : 63 63 63 67 71 78 
SCL #err deg : 415 / 2400
SCL #err weighted degeneracy : 384 383 385 387 391 403 
degeneracy helps : 94 95 95 97 98 93 
degeneracy worse : 63 63 65 69 74 81 
SCL #err deg : 432 / 2500
SCL #err weighted degeneracy : 404 403 405 407 411 423 
degeneracy helps : 95 96 97 98 99 95 
degeneracy worse : 67 67 70 73 78 86 
SCL #err deg : 445 / 2600
SCL #err weighted degeneracy : 417 416 420 422 426 437 
degeneracy helps : 97 98 99 100 101 98 
degeneracy worse : 69 69 74 77 82 90 
SCL #err deg : 459 / 2700
SCL #err weighted degeneracy : 429 428 431 434 438 449 
degeneracy helps : 102 103 104 105 106 103 
degeneracy worse : 72 72 76 80 85 93 
SCL #err deg : 480 / 2800
SCL #err weighted degeneracy : 448 447 452 454 458 468 
degeneracy helps : 107 108 109 110 111 108 
degeneracy worse : 75 75 81 84 89 96 
SCL #err deg : 494 / 2900
SCL #err weighted degeneracy : 459 458 463 465 469 479 
degeneracy helps : 110 111 112 113 114 111 
degeneracy worse : 75 75 81 84 89 96 
SCL #err deg : 511 / 3000
SCL #err weighted degeneracy : 477 476 481 481 485 497 
degeneracy helps : 114 115 116 117 118 114 
degeneracy worse : 80 80 86 87 92 100 
SCL #err deg : 532 / 3100
SCL #err weighted degeneracy : 495 494 499 498 502 514 
degeneracy helps : 119 120 122 123 124 121 
degeneracy worse : 82 82 89 89 94 103 
SCL #err deg : 555 / 3200
SCL #err weighted degeneracy : 515 514 519 518 522 533 
degeneracy helps : 125 126 128 129 130 127 
degeneracy worse : 85 85 92 92 97 105 
SCL #err deg : 571 / 3300
SCL #err weighted degeneracy : 530 529 532 531 536 549 
degeneracy helps : 130 131 134 134 135 132 
degeneracy worse : 89 89 95 94 100 110 
SCL #err deg : 592 / 3400
SCL #err weighted degeneracy : 543 542 544 545 550 565 
degeneracy helps : 141 142 146 144 145 140 
degeneracy worse : 92 92 98 97 103 113 
SCL #err deg : 616 / 3500
SCL #err weighted degeneracy : 564 563 563 563 571 587 
degeneracy helps : 147 148 154 152 151 146 
degeneracy worse : 95 95 101 99 106 117 
SCL #err deg : 632 / 3600
SCL #err weighted degeneracy : 582 581 581 581 589 605 
degeneracy helps : 149 150 157 155 154 149 
degeneracy worse : 99 99 106 104 111 122 
SCL #err deg : 652 / 3700
SCL #err weighted degeneracy : 599 598 597 598 608 625 
degeneracy helps : 153 154 162 160 159 154 
degeneracy worse : 100 100 107 106 115 127 
SCL #err deg : 667 / 3800
SCL #err weighted degeneracy : 612 611 610 611 621 639 
degeneracy helps : 155 156 164 162 161 156 
degeneracy worse : 100 100 107 106 115 128 
SCL #err deg : 688 / 3900
SCL #err weighted degeneracy : 631 630 626 630 640 658 
degeneracy helps : 160 161 171 168 167 162 
degeneracy worse : 103 103 109 110 119 132 
SCL #err deg : 708 / 4000
SCL #err weighted degeneracy : 649 648 643 648 658 675 
degeneracy helps : 166 167 177 173 172 168 
degeneracy worse : 107 107 112 113 122 135 
SCL #err deg : 722 / 4100
SCL #err weighted degeneracy : 667 666 656 660 670 687 
degeneracy helps : 167 168 181 178 177 173 
degeneracy worse : 112 112 115 116 125 138 
SCL #err deg : 743 / 4200
SCL #err weighted degeneracy : 683 682 674 678 689 705 
degeneracy helps : 173 174 186 183 181 178 
degeneracy worse : 113 113 117 118 127 140 
SCL #err deg : 757 / 4300
SCL #err weighted degeneracy : 697 696 688 692 701 717 
degeneracy helps : 176 177 188 185 184 181 
degeneracy worse : 116 116 119 120 128 141 
SCL #err deg : 777 / 4400
SCL #err weighted degeneracy : 717 716 706 708 718 737 
degeneracy helps : 179 180 193 191 190 185 
degeneracy worse : 119 119 122 122 131 145 
SCL #err deg : 788 / 4500
SCL #err weighted degeneracy : 726 725 714 715 725 743 
degeneracy helps : 183 184 198 197 196 192 
degeneracy worse : 121 121 124 124 133 147 
SCL #err deg : 803 / 4600
SCL #err weighted degeneracy : 739 738 727 730 740 760 
degeneracy helps : 187 188 203 201 200 196 
degeneracy worse : 123 123 127 128 137 153 
SCL #err deg : 821 / 4700
SCL #err weighted degeneracy : 753 752 741 746 757 779 
degeneracy helps : 192 193 210 206 205 201 
degeneracy worse : 124 124 130 131 141 159 
SCL #err deg : 848 / 4800
SCL #err weighted degeneracy : 771 770 760 765 777 797 
degeneracy helps : 202 203 219 215 213 211 
degeneracy worse : 125 125 131 132 142 160 
SCL #err deg : 861 / 4900
SCL #err weighted degeneracy : 783 782 773 779 791 810 
degeneracy helps : 206 207 222 219 217 215 
degeneracy worse : 128 128 134 137 147 164 
SCL #err deg : 878 / 5000
SCL #err weighted degeneracy : 798 797 787 796 808 829 
degeneracy helps : 211 212 228 225 223 219 
degeneracy worse : 131 131 137 143 153 170 
SCL #err deg : 891 / 5100
SCL #err weighted degeneracy : 810 809 799 810 823 844 
degeneracy helps : 214 215 232 227 225 221 
degeneracy worse : 133 133 140 146 157 174 
SCL #err deg : 907 / 5200
SCL #err weighted degeneracy : 819 818 808 822 835 856 
degeneracy helps : 222 223 240 233 231 227 
degeneracy worse : 134 134 141 148 159 176 
SCL #err deg : 918 / 5300
SCL #err weighted degeneracy : 829 828 819 835 847 868 
degeneracy helps : 226 227 244 237 236 231 
degeneracy worse : 137 137 145 154 165 181 
SCL #err deg : 942 / 5400
SCL #err weighted degeneracy : 848 847 839 854 867 888 
degeneracy helps : 232 233 249 243 241 236 
degeneracy worse : 138 138 146 155 166 182 
SCL #err deg : 958 / 5500
SCL #err weighted degeneracy : 858 857 850 866 880 901 
degeneracy helps : 240 241 256 249 247 242 
degeneracy worse : 140 140 148 157 169 185 
SCL #err deg : 969 / 5600
SCL #err weighted degeneracy : 871 870 863 880 894 916 
degeneracy helps : 241 242 257 250 248 243 
degeneracy worse : 143 143 151 161 173 190 
SCL #err deg : 984 / 5700
SCL #err weighted degeneracy : 887 886 878 896 910 932 
degeneracy helps : 244 245 260 253 251 246 
degeneracy worse : 147 147 154 165 177 194 
SCL #err deg : 1002 / 5800
SCL #err weighted degeneracy : 901 900 892 913 927 951 
degeneracy helps : 250 251 266 258 256 251 
degeneracy worse : 149 149 156 169 181 200 
SCL #err deg : 1023 / 5900
SCL #err weighted degeneracy : 921 920 912 935 949 971 
degeneracy helps : 253 254 269 262 261 257 
degeneracy worse : 151 151 158 174 187 205 
SCL #err deg : 1044 / 6000
SCL #err weighted degeneracy : 940 939 930 952 966 988 
degeneracy helps : 256 257 273 267 266 262 
degeneracy worse : 152 152 159 175 188 206 
SCL #err deg : 1062 / 6100
SCL #err weighted degeneracy : 957 956 946 966 981 1004 
degeneracy helps : 261 262 278 274 272 267 
degeneracy worse : 156 156 162 178 191 209 
SCL #err deg : 1083 / 6200
SCL #err weighted degeneracy : 974 973 963 983 998 1023 
degeneracy helps : 266 267 283 280 278 272 
degeneracy worse : 157 157 163 180 193 212 
SCL #err deg : 1102 / 6300
SCL #err weighted degeneracy : 990 989 979 999 1014 1040 
degeneracy helps : 271 272 287 285 283 277 
degeneracy worse : 159 159 164 182 195 215 
SCL #err deg : 1120 / 6400
SCL #err weighted degeneracy : 1004 1003 996 1016 1029 1054 
degeneracy helps : 277 278 291 290 288 283 
degeneracy worse : 161 161 167 186 197 217 
SCL #err deg : 1137 / 6500
SCL #err weighted degeneracy : 1018 1017 1010 1030 1044 1070 
degeneracy helps : 283 284 297 296 294 289 
degeneracy worse : 164 164 170 189 201 222 
SCL #err deg : 1161 / 6600
SCL #err weighted degeneracy : 1038 1037 1028 1048 1062 1088 
degeneracy helps : 290 291 306 305 303 298 
degeneracy worse : 167 167 173 192 204 225 
SCL #err deg : 1181 / 6700
SCL #err weighted degeneracy : 1051 1050 1042 1063 1077 1105 
degeneracy helps : 297 298 312 311 309 303 
degeneracy worse : 167 167 173 193 205 227 
SCL #err deg : 1200 / 6800
SCL #err weighted degeneracy : 1069 1068 1063 1083 1098 1125 
degeneracy helps : 301 302 315 315 313 307 
degeneracy worse : 170 170 178 198 211 232 
SCL #err deg : 1219 / 6900
SCL #err weighted degeneracy : 1085 1084 1079 1099 1113 1142 
degeneracy helps : 305 306 319 319 318 312 
degeneracy worse : 171 171 179 199 212 235 
SCL #err deg : 1238 / 7000
SCL #err weighted degeneracy : 1102 1101 1095 1116 1131 1162 
degeneracy helps : 309 310 324 324 323 316 
degeneracy worse : 173 173 181 202 216 240 
SCL #err deg : 1255 / 7100
SCL #err weighted degeneracy : 1116 1114 1110 1131 1145 1176 
degeneracy helps : 315 317 330 330 329 322 
degeneracy worse : 176 176 185 206 219 243 
SCL #err deg : 1274 / 7200
SCL #err weighted degeneracy : 1136 1134 1130 1151 1164 1193 
degeneracy helps : 318 320 333 334 333 328 
degeneracy worse : 180 180 189 211 223 247 
SCL #err deg : 1290 / 7300
SCL #err weighted degeneracy : 1147 1145 1140 1164 1177 1206 
degeneracy helps : 325 327 340 339 338 333 
degeneracy worse : 182 182 190 213 225 249 
SCL #err deg : 1312 / 7400
SCL #err weighted degeneracy : 1168 1166 1163 1188 1201 1230 
degeneracy helps : 331 333 344 343 341 337 
degeneracy worse : 187 187 195 219 230 255 
SCL #err deg : 1331 / 7500
SCL #err weighted degeneracy : 1187 1185 1182 1207 1219 1250 
degeneracy helps : 334 336 346 345 343 339 
degeneracy worse : 190 190 197 221 231 258 
SCL #err deg : 1345 / 7600
SCL #err weighted degeneracy : 1201 1199 1195 1220 1231 1260 
degeneracy helps : 337 339 350 349 349 346 
degeneracy worse : 193 193 200 224 235 261 
SCL #err deg : 1359 / 7700
SCL #err weighted degeneracy : 1213 1211 1210 1237 1248 1277 
degeneracy helps : 340 342 352 351 351 348 
degeneracy worse : 194 194 203 229 240 266 
SCL #err deg : 1373 / 7800
SCL #err weighted degeneracy : 1228 1226 1224 1251 1262 1291 
degeneracy helps : 342 344 355 354 354 351 
degeneracy worse : 197 197 206 232 243 269 
SCL #err deg : 1390 / 7900
SCL #err weighted degeneracy : 1244 1242 1241 1270 1280 1310 
degeneracy helps : 344 346 357 356 357 354 
degeneracy worse : 198 198 208 236 247 274 
SCL #err deg : 1406 / 8000
SCL #err weighted degeneracy : 1259 1257 1258 1286 1295 1325 
degeneracy helps : 347 349 361 361 363 360 
degeneracy worse : 200 200 213 241 252 279 
SCL #err deg : 1423 / 8100
SCL #err weighted degeneracy : 1275 1273 1276 1307 1316 1346 
degeneracy helps : 349 351 363 363 364 361 
degeneracy worse : 201 201 216 247 257 284 
SCL #err deg : 1443 / 8200
SCL #err weighted degeneracy : 1292 1290 1291 1324 1335 1364 
degeneracy helps : 353 355 369 368 368 366 
degeneracy worse : 202 202 217 249 260 287 
SCL #err deg : 1460 / 8300
SCL #err weighted degeneracy : 1309 1307 1308 1342 1353 1379 
degeneracy helps : 357 359 373 371 371 371 
degeneracy worse : 206 206 221 253 264 290 
SCL #err deg : 1474 / 8400
SCL #err weighted degeneracy : 1324 1322 1321 1356 1369 1395 
degeneracy helps : 359 361 377 375 374 374 
degeneracy worse : 209 209 224 257 269 295 
SCL #err deg : 1497 / 8500
SCL #err weighted degeneracy : 1342 1340 1338 1373 1388 1413 
degeneracy helps : 366 368 385 383 381 382 
degeneracy worse : 211 211 226 259 272 298 
SCL #err deg : 1520 / 8600
SCL #err weighted degeneracy : 1362 1360 1356 1390 1405 1431 
degeneracy helps : 371 373 392 391 389 390 
degeneracy worse : 213 213 228 261 274 301 
SCL #err deg : 1540 / 8700
SCL #err weighted degeneracy : 1380 1378 1376 1412 1427 1452 
degeneracy helps : 375 377 395 393 391 392 
degeneracy worse : 215 215 231 265 278 304 
SCL #err deg : 1564 / 8800
SCL #err weighted degeneracy : 1401 1399 1397 1430 1446 1471 
degeneracy helps : 381 383 403 403 401 402 
degeneracy worse : 218 218 236 269 283 309 
SCL #err deg : 1585 / 8900
SCL #err weighted degeneracy : 1422 1420 1417 1449 1465 1492 
degeneracy helps : 385 387 407 409 407 408 
degeneracy worse : 222 222 239 273 287 315 
SCL #err deg : 1596 / 9000
SCL #err weighted degeneracy : 1436 1434 1431 1463 1477 1503 
degeneracy helps : 385 387 407 409 409 411 
degeneracy worse : 225 225 242 276 290 318 
SCL #err deg : 1620 / 9100
SCL #err weighted degeneracy : 1452 1450 1448 1481 1496 1522 
degeneracy helps : 393 395 415 417 416 418 
degeneracy worse : 225 225 243 278 292 320 
SCL #err deg : 1636 / 9200
SCL #err weighted degeneracy : 1465 1463 1461 1495 1511 1537 
degeneracy helps : 398 400 420 422 421 423 
degeneracy worse : 227 227 245 281 296 324 
SCL #err deg : 1657 / 9300
SCL #err weighted degeneracy : 1481 1479 1479 1514 1531 1557 
degeneracy helps : 406 408 426 428 426 428 
degeneracy worse : 230 230 248 285 300 328 
SCL #err deg : 1676 / 9400
SCL #err weighted degeneracy : 1498 1496 1496 1531 1548 1575 
degeneracy helps : 409 411 429 431 430 431 
degeneracy worse : 231 231 249 286 302 330 
SCL #err deg : 1700 / 9500
SCL #err weighted degeneracy : 1515 1513 1514 1551 1568 1596 
degeneracy helps : 417 419 438 440 439 440 
degeneracy worse : 232 232 252 291 307 336 
SCL #err deg : 1710 / 9600
SCL #err weighted degeneracy : 1528 1526 1527 1564 1581 1609 
degeneracy helps : 419 421 441 443 442 443 
degeneracy worse : 237 237 258 297 313 342 
SCL #err deg : 1724 / 9700
SCL #err weighted degeneracy : 1542 1540 1539 1577 1594 1621 
degeneracy helps : 423 425 447 449 448 449 
degeneracy worse : 241 241 262 302 318 346 
SCL #err deg : 1738 / 9800
SCL #err weighted degeneracy : 1556 1554 1553 1591 1609 1634 
degeneracy helps : 425 427 449 451 449 450 
degeneracy worse : 243 243 264 304 320 346 
SCL #err deg : 1758 / 9900
SCL #err weighted degeneracy : 1574 1572 1569 1606 1624 1650 
degeneracy helps : 433 435 458 460 458 459 
degeneracy worse : 249 249 269 308 324 351 
SCL #err deg : 1769 / 10000
SCL #err weighted degeneracy : 1586 1584 1582 1621 1639 1666 
degeneracy helps : 435 437 460 460 458 459 
degeneracy worse : 252 252 273 312 328 356 
average #flips: 102.38
SCL #err considering degeneracy: 1769
error due to equal 324
error due to SCL smaller 1395
Finish in 11616 s
