Simulation Polar syndrome FASTER N=1024, K=513, l=128, pz=0.06, #samples=10000, seed=45
PW construction
Event generator random seed: 45
SCL #err deg : 0 / 100
SCL #err weighted degeneracy : 0 0 0 0 0 0 
degeneracy helps : 0 0 0 0 0 0 
degeneracy worse : 0 0 0 0 0 0 
SCL #err deg : 0 / 200
SCL #err weighted degeneracy : 0 0 0 0 0 0 
degeneracy helps : 0 0 0 0 0 0 
degeneracy worse : 0 0 0 0 0 0 
SCL #err deg : 0 / 300
SCL #err weighted degeneracy : 0 0 0 0 0 0 
degeneracy helps : 0 0 0 0 0 0 
degeneracy worse : 0 0 0 0 0 0 
SCL #err deg : 0 / 400
SCL #err weighted degeneracy : 0 0 0 0 0 0 
degeneracy helps : 0 0 0 0 0 0 
degeneracy worse : 0 0 0 0 0 0 
SCL #err deg : 0 / 500
SCL #err weighted degeneracy : 0 0 0 0 0 0 
degeneracy helps : 0 0 0 0 0 0 
degeneracy worse : 0 0 0 0 0 0 
SCL #err deg : 0 / 600
SCL #err weighted degeneracy : 0 0 0 0 0 0 
degeneracy helps : 0 0 0 0 0 0 
degeneracy worse : 0 0 0 0 0 0 
SCL #err deg : 0 / 700
SCL #err weighted degeneracy : 0 0 0 0 0 0 
degeneracy helps : 0 0 0 0 0 0 
degeneracy worse : 0 0 0 0 0 0 
SCL #err deg : 0 / 800
SCL #err weighted degeneracy : 0 0 0 0 0 0 
degeneracy helps : 0 0 0 0 0 0 
degeneracy worse : 0 0 0 0 0 0 
SCL #err deg : 0 / 900
SCL #err weighted degeneracy : 0 0 0 0 0 0 
degeneracy helps : 0 0 0 0 0 0 
degeneracy worse : 0 0 0 0 0 0 
SCL #err deg : 0 / 1000
SCL #err weighted degeneracy : 0 0 0 0 0 0 
degeneracy helps : 0 0 0 0 0 0 
degeneracy worse : 0 0 0 0 0 0 
SCL #err deg : 0 / 1100
SCL #err weighted degeneracy : 0 0 0 0 0 0 
degeneracy helps : 0 0 0 0 0 0 
degeneracy worse : 0 0 0 0 0 0 
SCL #err deg : 0 / 1200
SCL #err weighted degeneracy : 0 0 0 0 0 0 
degeneracy helps : 0 0 0 0 0 0 
degeneracy worse : 0 0 0 0 0 0 
SCL #err deg : 0 / 1300
SCL #err weighted degeneracy : 0 0 0 0 0 0 
degeneracy helps : 0 0 0 0 0 0 
degeneracy worse : 0 0 0 0 0 0 
SCL #err deg : 0 / 1400
SCL #err weighted degeneracy : 0 0 0 0 0 0 
degeneracy helps : 0 0 0 0 0 0 
degeneracy worse : 0 0 0 0 0 0 
SCL #err deg : 0 / 1500
SCL #err weighted degeneracy : 0 0 0 0 0 0 
degeneracy helps : 0 0 0 0 0 0 
degeneracy worse : 0 0 0 0 0 0 
SCL #err deg : 0 / 1600
SCL #err weighted degeneracy : 0 0 0 0 0 0 
degeneracy helps : 0 0 0 0 0 0 
degeneracy worse : 0 0 0 0 0 0 
SCL #err deg : 0 / 1700
SCL #err weighted degeneracy : 0 0 0 0 0 0 
degeneracy helps : 0 0 0 0 0 0 
degeneracy worse : 0 0 0 0 0 0 
SCL #err deg : 0 / 1800
SCL #err weighted degeneracy : 0 0 0 0 0 0 
degeneracy helps : 0 0 0 0 0 0 
degeneracy worse : 0 0 0 0 0 0 
SCL #err deg : 0 / 1900
SCL #err weighted degeneracy : 0 0 0 0 0 0 
degeneracy helps : 0 0 0 0 0 0 
degeneracy worse : 0 0 0 0 0 0 
SCL #err deg : 0 / 2000
SCL #err weighted degeneracy : 0 0 0 0 0 0 
degeneracy helps : 0 0 0 0 0 0 
degeneracy worse : 0 0 0 0 0 0 
SCL #err deg : 0 / 2100
SCL #err weighted degeneracy : 0 0 0 0 0 0 
degeneracy helps : 0 0 0 0 0 0 
degeneracy worse : 0 0 0 0 0 0 
SCL #err deg : 0 / 2200
SCL #err weighted degeneracy : 0 0 0 0 0 0 
degeneracy helps : 0 0 0 0 0 0 
degeneracy worse : 0 0 0 0 0 0 
SCL #err deg : 0 / 2300
SCL #err weighted degeneracy : 0 0 0 0 0 0 
degeneracy helps : 0 0 0 0 0 0 
degeneracy worse : 0 0 0 0 0 0 
SCL #err deg : 0 / 2400
SCL #err weighted degeneracy : 0 0 0 0 0 0 
degeneracy helps : 0 0 0 0 0 0 
degeneracy worse : 0 0 0 0 0 0 
SCL #err deg : 0 / 2500
SCL #err weighted degeneracy : 0 0 0 0 0 0 
degeneracy helps : 0 0 0 0 0 0 
degeneracy worse : 0 0 0 0 0 0 
SCL #err deg : 0 / 2600
SCL #err weighted degeneracy : 0 0 0 0 0 0 
degeneracy helps : 0 0 0 0 0 0 
degeneracy worse : 0 0 0 0 0 0 
SCL #err deg : 0 / 2700
SCL #err weighted degeneracy : 0 0 0 0 0 0 
degeneracy helps : 0 0 0 0 0 0 
degeneracy worse : 0 0 0 0 0 0 
SCL #err deg : 0 / 2800
SCL #err weighted degeneracy : 0 0 0 0 0 0 
degeneracy helps : 0 0 0 0 0 0 
degeneracy worse : 0 0 0 0 0 0 
SCL #err deg : 0 / 2900
SCL #err weighted degeneracy : 0 0 0 0 0 0 
degeneracy helps : 0 0 0 0 0 0 
degeneracy worse : 0 0 0 0 0 0 
SCL #err deg : 0 / 3000
SCL #err weighted degeneracy : 0 0 0 0 0 0 
degeneracy helps : 0 0 0 0 0 0 
degeneracy worse : 0 0 0 0 0 0 
SCL #err deg : 0 / 3100
SCL #err weighted degeneracy : 0 0 0 0 0 0 
degeneracy helps : 0 0 0 0 0 0 
degeneracy worse : 0 0 0 0 0 0 
SCL #err deg : 0 / 3200
SCL #err weighted degeneracy : 0 0 0 0 0 0 
degeneracy helps : 0 0 0 0 0 0 
degeneracy worse : 0 0 0 0 0 0 
SCL #err deg : 0 / 3300
SCL #err weighted degeneracy : 0 0 0 0 0 0 
degeneracy helps : 0 0 0 0 0 0 
degeneracy worse : 0 0 0 0 0 0 
SCL #err deg : 0 / 3400
SCL #err weighted degeneracy : 0 0 0 0 0 0 
degeneracy helps : 0 0 0 0 0 0 
degeneracy worse : 0 0 0 0 0 0 
SCL #err deg : 0 / 3500
SCL #err weighted degeneracy : 0 0 0 0 0 0 
degeneracy helps : 0 0 0 0 0 0 
degeneracy worse : 0 0 0 0 0 0 
SCL #err deg : 0 / 3600
SCL #err weighted degeneracy : 0 0 0 0 0 0 
degeneracy helps : 0 0 0 0 0 0 
degeneracy worse : 0 0 0 0 0 0 
SCL #err deg : 0 / 3700
SCL #err weighted degeneracy : 0 0 0 0 0 0 
degeneracy helps : 0 0 0 0 0 0 
degeneracy worse : 0 0 0 0 0 0 
SCL #err deg : 0 / 3800
SCL #err weighted degeneracy : 0 0 0 0 0 0 
degeneracy helps : 0 0 0 0 0 0 
degeneracy worse : 0 0 0 0 0 0 
SCL #err deg : 0 / 3900
SCL #err weighted degeneracy : 0 0 0 0 0 0 
degeneracy helps : 0 0 0 0 0 0 
degeneracy worse : 0 0 0 0 0 0 
SCL #err deg : 0 / 4000
SCL #err weighted degeneracy : 0 0 0 0 0 0 
degeneracy helps : 0 0 0 0 0 0 
degeneracy worse : 0 0 0 0 0 0 
SCL #err deg : 0 / 4100
SCL #err weighted degeneracy : 0 0 0 0 0 0 
degeneracy helps : 0 0 0 0 0 0 
degeneracy worse : 0 0 0 0 0 0 
SCL #err deg : 0 / 4200
SCL #err weighted degeneracy : 0 0 0 0 0 0 
degeneracy helps : 0 0 0 0 0 0 
degeneracy worse : 0 0 0 0 0 0 
SCL #err deg : 0 / 4300
SCL #err weighted degeneracy : 0 0 0 0 0 0 
degeneracy helps : 0 0 0 0 0 0 
degeneracy worse : 0 0 0 0 0 0 
SCL #err deg : 0 / 4400
SCL #err weighted degeneracy : 0 0 0 0 0 0 
degeneracy helps : 0 0 0 0 0 0 
degeneracy worse : 0 0 0 0 0 0 
SCL #err deg : 0 / 4500
SCL #err weighted degeneracy : 0 0 0 0 0 0 
degeneracy helps : 0 0 0 0 0 0 
degeneracy worse : 0 0 0 0 0 0 
SCL #err deg : 1 / 4600
SCL #err weighted degeneracy : 1 1 1 0 0 0 
degeneracy helps : 0 0 0 1 1 1 
degeneracy worse : 0 0 0 0 0 0 
SCL #err deg : 1 / 4700
SCL #err weighted degeneracy : 1 1 1 0 0 0 
degeneracy helps : 0 0 0 1 1 1 
degeneracy worse : 0 0 0 0 0 0 
SCL #err deg : 1 / 4800
SCL #err weighted degeneracy : 1 1 1 0 0 0 
degeneracy helps : 0 0 0 1 1 1 
degeneracy worse : 0 0 0 0 0 0 
SCL #err deg : 1 / 4900
SCL #err weighted degeneracy : 1 1 1 0 0 0 
degeneracy helps : 0 0 0 1 1 1 
degeneracy worse : 0 0 0 0 0 0 
SCL #err deg : 1 / 5000
SCL #err weighted degeneracy : 1 1 1 0 0 0 
degeneracy helps : 0 0 0 1 1 1 
degeneracy worse : 0 0 0 0 0 0 
SCL #err deg : 1 / 5100
SCL #err weighted degeneracy : 1 1 1 0 0 0 
degeneracy helps : 0 0 0 1 1 1 
degeneracy worse : 0 0 0 0 0 0 
SCL #err deg : 1 / 5200
SCL #err weighted degeneracy : 1 1 1 0 0 0 
degeneracy helps : 0 0 0 1 1 1 
degeneracy worse : 0 0 0 0 0 0 
SCL #err deg : 1 / 5300
SCL #err weighted degeneracy : 1 1 1 0 0 0 
degeneracy helps : 0 0 0 1 1 1 
degeneracy worse : 0 0 0 0 0 0 
SCL #err deg : 1 / 5400
SCL #err weighted degeneracy : 1 1 1 0 0 0 
degeneracy helps : 0 0 0 1 1 1 
degeneracy worse : 0 0 0 0 0 0 
SCL #err deg : 1 / 5500
SCL #err weighted degeneracy : 1 1 1 0 0 0 
degeneracy helps : 0 0 0 1 1 1 
degeneracy worse : 0 0 0 0 0 0 
SCL #err deg : 1 / 5600
SCL #err weighted degeneracy : 1 1 1 0 0 0 
degeneracy helps : 0 0 0 1 1 1 
degeneracy worse : 0 0 0 0 0 0 
SCL #err deg : 1 / 5700
SCL #err weighted degeneracy : 1 1 1 0 0 0 
degeneracy helps : 0 0 0 1 1 1 
degeneracy worse : 0 0 0 0 0 0 
SCL #err deg : 1 / 5800
SCL #err weighted degeneracy : 1 1 1 0 0 0 
degeneracy helps : 0 0 0 1 1 1 
degeneracy worse : 0 0 0 0 0 0 
SCL #err deg : 1 / 5900
SCL #err weighted degeneracy : 1 1 1 0 0 0 
degeneracy helps : 0 0 0 1 1 1 
degeneracy worse : 0 0 0 0 0 0 
SCL #err deg : 1 / 6000
SCL #err weighted degeneracy : 1 1 1 0 0 0 
degeneracy helps : 0 0 0 1 1 1 
degeneracy worse : 0 0 0 0 0 0 
SCL #err deg : 1 / 6100
SCL #err weighted degeneracy : 1 1 1 0 0 0 
degeneracy helps : 0 0 0 1 1 1 
degeneracy worse : 0 0 0 0 0 0 
SCL #err deg : 1 / 6200
SCL #err weighted degeneracy : 1 1 1 0 0 0 
degeneracy helps : 0 0 0 1 1 1 
degeneracy worse : 0 0 0 0 0 0 
SCL #err deg : 1 / 6300
SCL #err weighted degeneracy : 1 1 1 0 0 0 
degeneracy helps : 0 0 0 1 1 1 
degeneracy worse : 0 0 0 0 0 0 
SCL #err deg : 1 / 6400
SCL #err weighted degeneracy : 1 1 1 0 0 0 
degeneracy helps : 0 0 0 1 1 1 
degeneracy worse : 0 0 0 0 0 0 
SCL #err deg : 1 / 6500
SCL #err weighted degeneracy : 1 1 1 0 0 0 
degeneracy helps : 0 0 0 1 1 1 
degeneracy worse : 0 0 0 0 0 0 
SCL #err deg : 1 / 6600
SCL #err weighted degeneracy : 1 1 1 0 0 0 
degeneracy helps : 0 0 0 1 1 1 
degeneracy worse : 0 0 0 0 0 0 
SCL #err deg : 1 / 6700
SCL #err weighted degeneracy : 1 1 1 0 0 0 
degeneracy helps : 0 0 0 1 1 1 
degeneracy worse : 0 0 0 0 0 0 
SCL #err deg : 1 / 6800
SCL #err weighted degeneracy : 1 1 1 0 0 0 
degeneracy helps : 0 0 0 1 1 1 
degeneracy worse : 0 0 0 0 0 0 
SCL #err deg : 1 / 6900
SCL #err weighted degeneracy : 1 1 1 0 0 0 
degeneracy helps : 0 0 0 1 1 1 
degeneracy worse : 0 0 0 0 0 0 
SCL #err deg : 1 / 7000
SCL #err weighted degeneracy : 1 1 1 0 0 0 
degeneracy helps : 0 0 0 1 1 1 
degeneracy worse : 0 0 0 0 0 0 
SCL #err deg : 1 / 7100
SCL #err weighted degeneracy : 1 1 1 0 0 0 
degeneracy helps : 0 0 0 1 1 1 
degeneracy worse : 0 0 0 0 0 0 
SCL #err deg : 1 / 7200
SCL #err weighted degeneracy : 1 1 1 0 0 0 
degeneracy helps : 0 0 0 1 1 1 
degeneracy worse : 0 0 0 0 0 0 
SCL #err deg : 1 / 7300
SCL #err weighted degeneracy : 1 1 1 0 0 0 
degeneracy helps : 0 0 0 1 1 1 
degeneracy worse : 0 0 0 0 0 0 
SCL #err deg : 1 / 7400
SCL #err weighted degeneracy : 1 1 1 0 0 0 
degeneracy helps : 0 0 0 1 1 1 
degeneracy worse : 0 0 0 0 0 0 
SCL #err deg : 1 / 7500
SCL #err weighted degeneracy : 1 1 1 0 0 0 
degeneracy helps : 0 0 0 1 1 1 
degeneracy worse : 0 0 0 0 0 0 
SCL #err deg : 1 / 7600
SCL #err weighted degeneracy : 1 1 1 0 0 0 
degeneracy helps : 0 0 0 1 1 1 
degeneracy worse : 0 0 0 0 0 0 
SCL #err deg : 1 / 7700
SCL #err weighted degeneracy : 1 1 1 0 0 0 
degeneracy helps : 0 0 0 1 1 1 
degeneracy worse : 0 0 0 0 0 0 
SCL #err deg : 1 / 7800
SCL #err weighted degeneracy : 1 1 1 0 0 0 
degeneracy helps : 0 0 0 1 1 1 
degeneracy worse : 0 0 0 0 0 0 
SCL #err deg : 1 / 7900
SCL #err weighted degeneracy : 1 1 1 0 0 0 
degeneracy helps : 0 0 0 1 1 1 
degeneracy worse : 0 0 0 0 0 0 
SCL #err deg : 1 / 8000
SCL #err weighted degeneracy : 1 1 1 0 0 0 
degeneracy helps : 0 0 0 1 1 1 
degeneracy worse : 0 0 0 0 0 0 
SCL #err deg : 1 / 8100
SCL #err weighted degeneracy : 1 1 1 0 0 0 
degeneracy helps : 0 0 0 1 1 1 
degeneracy worse : 0 0 0 0 0 0 
SCL #err deg : 1 / 8200
SCL #err weighted degeneracy : 1 1 1 0 0 0 
degeneracy helps : 0 0 0 1 1 1 
degeneracy worse : 0 0 0 0 0 0 
SCL #err deg : 1 / 8300
SCL #err weighted degeneracy : 1 1 1 0 0 0 
degeneracy helps : 0 0 0 1 1 1 
degeneracy worse : 0 0 0 0 0 0 
SCL #err deg : 1 / 8400
SCL #err weighted degeneracy : 1 1 1 0 0 0 
degeneracy helps : 0 0 0 1 1 1 
degeneracy worse : 0 0 0 0 0 0 
SCL #err deg : 1 / 8500
SCL #err weighted degeneracy : 1 1 1 0 0 0 
degeneracy helps : 0 0 0 1 1 1 
degeneracy worse : 0 0 0 0 0 0 
SCL #err deg : 1 / 8600
SCL #err weighted degeneracy : 1 1 1 0 0 0 
degeneracy helps : 0 0 0 1 1 1 
degeneracy worse : 0 0 0 0 0 0 
SCL #err deg : 1 / 8700
SCL #err weighted degeneracy : 1 1 1 0 0 0 
degeneracy helps : 0 0 0 1 1 1 
degeneracy worse : 0 0 0 0 0 0 
SCL #err deg : 1 / 8800
SCL #err weighted degeneracy : 1 1 1 0 0 0 
degeneracy helps : 0 0 0 1 1 1 
degeneracy worse : 0 0 0 0 0 0 
SCL #err deg : 1 / 8900
SCL #err weighted degeneracy : 1 1 1 0 0 0 
degeneracy helps : 0 0 0 1 1 1 
degeneracy worse : 0 0 0 0 0 0 
SCL #err deg : 1 / 9000
SCL #err weighted degeneracy : 1 1 1 0 0 0 
degeneracy helps : 0 0 0 1 1 1 
degeneracy worse : 0 0 0 0 0 0 
SCL #err deg : 1 / 9100
SCL #err weighted degeneracy : 1 1 1 0 0 0 
degeneracy helps : 0 0 0 1 1 1 
degeneracy worse : 0 0 0 0 0 0 
SCL #err deg : 1 / 9200
SCL #err weighted degeneracy : 1 1 1 0 0 0 
degeneracy helps : 0 0 0 1 1 1 
degeneracy worse : 0 0 0 0 0 0 
SCL #err deg : 1 / 9300
SCL #err weighted degeneracy : 1 1 1 0 0 0 
degeneracy helps : 0 0 0 1 1 1 
degeneracy worse : 0 0 0 0 0 0 
SCL #err deg : 1 / 9400
SCL #err weighted degeneracy : 1 1 1 0 0 0 
degeneracy helps : 0 0 0 1 1 1 
degeneracy worse : 0 0 0 0 0 0 
SCL #err deg : 1 / 9500
SCL #err weighted degeneracy : 1 1 1 0 0 0 
degeneracy helps : 0 0 0 1 1 1 
degeneracy worse : 0 0 0 0 0 0 
SCL #err deg : 1 / 9600
SCL #err weighted degeneracy : 1 1 1 0 0 0 
degeneracy helps : 0 0 0 1 1 1 
degeneracy worse : 0 0 0 0 0 0 
SCL #err deg : 1 / 9700
SCL #err weighted degeneracy : 1 1 1 0 0 0 
degeneracy helps : 0 0 0 1 1 1 
degeneracy worse : 0 0 0 0 0 0 
SCL #err deg : 1 / 9800
SCL #err weighted degeneracy : 1 1 1 0 0 0 
degeneracy helps : 0 0 0 1 1 1 
degeneracy worse : 0 0 0 0 0 0 
SCL #err deg : 1 / 9900
SCL #err weighted degeneracy : 1 1 1 0 0 0 
degeneracy helps : 0 0 0 1 1 1 
degeneracy worse : 0 0 0 0 0 0 
SCL #err deg : 1 / 10000
SCL #err weighted degeneracy : 1 1 1 0 0 0 
degeneracy helps : 0 0 0 1 1 1 
degeneracy worse : 0 0 0 0 0 0 
average #flips: 61.4844
SCL #err considering degeneracy: 1
error due to equal 0
error due to SCL smaller 1
Finish in 11215 s
