Simulation Polar syndrome FASTER N=128, K=65, l=128, pz=0.06, #samples=10000, seed=0
HPW construction
Event generator random seed: 0
SCL #err deg : 2 / 100
SCL #err weighted degeneracy : 2 2 2 2 7 13 
degeneracy helps : 1 1 1 1 1 1 
degeneracy worse : 1 1 1 1 6 12 
SCL #err deg : 4 / 200
SCL #err weighted degeneracy : 8 8 8 9 19 29 
degeneracy helps : 1 1 1 1 1 2 
degeneracy worse : 5 5 5 6 16 27 
SCL #err deg : 8 / 300
SCL #err weighted degeneracy : 11 11 10 11 29 42 
degeneracy helps : 3 3 4 5 5 6 
degeneracy worse : 6 6 6 8 26 40 
SCL #err deg : 12 / 400
SCL #err weighted degeneracy : 16 16 15 17 38 56 
degeneracy helps : 4 4 5 6 6 7 
degeneracy worse : 8 8 8 11 32 51 
SCL #err deg : 14 / 500
SCL #err weighted degeneracy : 20 20 20 24 46 69 
degeneracy helps : 5 5 5 6 6 7 
degeneracy worse : 11 11 11 16 38 62 
SCL #err deg : 17 / 600
SCL #err weighted degeneracy : 25 25 25 29 58 87 
degeneracy helps : 7 7 7 8 7 8 
degeneracy worse : 15 15 15 20 48 78 
SCL #err deg : 21 / 700
SCL #err weighted degeneracy : 32 32 31 36 68 96 
degeneracy helps : 9 9 9 10 9 12 
degeneracy worse : 20 20 19 25 56 87 
SCL #err deg : 23 / 800
SCL #err weighted degeneracy : 32 32 31 36 75 107 
degeneracy helps : 11 11 11 12 10 13 
degeneracy worse : 20 20 19 25 62 97 
SCL #err deg : 27 / 900
SCL #err weighted degeneracy : 38 38 37 42 86 121 
degeneracy helps : 11 11 11 12 10 14 
degeneracy worse : 22 22 21 27 69 108 
SCL #err deg : 33 / 1000
SCL #err weighted degeneracy : 42 42 41 48 94 135 
degeneracy helps : 14 14 14 14 12 16 
degeneracy worse : 23 23 22 29 73 118 
SCL #err deg : 36 / 1100
SCL #err weighted degeneracy : 44 44 44 53 100 144 
degeneracy helps : 16 16 16 16 15 19 
degeneracy worse : 24 24 24 33 79 127 
SCL #err deg : 38 / 1200
SCL #err weighted degeneracy : 48 48 48 57 106 152 
degeneracy helps : 17 17 17 17 16 21 
degeneracy worse : 27 27 27 36 84 135 
SCL #err deg : 44 / 1300
SCL #err weighted degeneracy : 53 53 53 62 112 163 
degeneracy helps : 19 19 19 19 18 24 
degeneracy worse : 28 28 28 37 86 143 
SCL #err deg : 52 / 1400
SCL #err weighted degeneracy : 61 61 61 70 123 178 
degeneracy helps : 23 23 23 23 22 28 
degeneracy worse : 32 32 32 41 93 154 
SCL #err deg : 54 / 1500
SCL #err weighted degeneracy : 63 63 63 72 131 189 
degeneracy helps : 23 23 23 23 22 28 
degeneracy worse : 32 32 32 41 99 163 
SCL #err deg : 59 / 1600
SCL #err weighted degeneracy : 67 67 67 79 143 204 
degeneracy helps : 24 24 24 24 23 31 
degeneracy worse : 32 32 32 44 107 176 
SCL #err deg : 61 / 1700
SCL #err weighted degeneracy : 68 68 68 80 149 215 
degeneracy helps : 26 26 26 26 25 32 
degeneracy worse : 33 33 33 45 113 186 
SCL #err deg : 65 / 1800
SCL #err weighted degeneracy : 70 70 70 83 155 229 
degeneracy helps : 28 28 28 28 27 34 
degeneracy worse : 33 33 33 46 117 198 
SCL #err deg : 71 / 1900
SCL #err weighted degeneracy : 74 74 74 87 161 242 
degeneracy helps : 31 31 31 31 30 36 
degeneracy worse : 34 34 34 47 120 207 
SCL #err deg : 73 / 2000
SCL #err weighted degeneracy : 76 76 76 90 171 257 
degeneracy helps : 32 32 33 33 32 38 
degeneracy worse : 36 36 36 50 130 222 
SCL #err deg : 75 / 2100
SCL #err weighted degeneracy : 78 78 78 93 174 263 
degeneracy helps : 33 33 34 34 33 39 
degeneracy worse : 37 37 37 52 132 227 
SCL #err deg : 79 / 2200
SCL #err weighted degeneracy : 83 83 83 98 180 273 
degeneracy helps : 35 35 36 36 35 41 
degeneracy worse : 40 40 40 55 136 235 
SCL #err deg : 84 / 2300
SCL #err weighted degeneracy : 87 87 87 103 191 291 
degeneracy helps : 39 39 40 40 38 44 
degeneracy worse : 43 43 43 59 145 251 
SCL #err deg : 87 / 2400
SCL #err weighted degeneracy : 91 91 91 108 201 305 
degeneracy helps : 40 40 41 41 39 45 
degeneracy worse : 45 45 45 62 153 263 
SCL #err deg : 93 / 2500
SCL #err weighted degeneracy : 96 96 96 115 209 317 
degeneracy helps : 41 41 42 42 40 47 
degeneracy worse : 45 45 45 64 156 271 
SCL #err deg : 98 / 2600
SCL #err weighted degeneracy : 99 99 99 120 218 329 
degeneracy helps : 44 44 45 44 42 47 
degeneracy worse : 46 46 46 66 162 278 
SCL #err deg : 103 / 2700
SCL #err weighted degeneracy : 102 102 102 124 228 342 
degeneracy helps : 46 46 47 45 43 49 
degeneracy worse : 46 46 46 66 168 288 
SCL #err deg : 108 / 2800
SCL #err weighted degeneracy : 105 105 105 128 241 358 
degeneracy helps : 50 50 51 49 46 52 
degeneracy worse : 48 48 48 69 179 302 
SCL #err deg : 113 / 2900
SCL #err weighted degeneracy : 109 109 109 133 252 370 
degeneracy helps : 54 54 55 53 49 55 
degeneracy worse : 51 51 51 73 188 312 
SCL #err deg : 116 / 3000
SCL #err weighted degeneracy : 110 110 110 134 257 382 
degeneracy helps : 56 56 57 55 51 57 
degeneracy worse : 51 51 51 73 192 323 
SCL #err deg : 117 / 3100
SCL #err weighted degeneracy : 113 113 113 138 265 395 
degeneracy helps : 56 56 57 55 51 57 
degeneracy worse : 53 53 53 76 199 335 
SCL #err deg : 118 / 3200
SCL #err weighted degeneracy : 116 116 116 141 272 405 
degeneracy helps : 57 57 58 56 52 58 
degeneracy worse : 56 56 56 79 206 345 
SCL #err deg : 123 / 3300
SCL #err weighted degeneracy : 121 121 121 147 282 417 
degeneracy helps : 57 57 58 56 52 59 
degeneracy worse : 56 56 56 80 211 353 
SCL #err deg : 129 / 3400
SCL #err weighted degeneracy : 124 124 125 153 293 433 
degeneracy helps : 60 60 61 59 55 62 
degeneracy worse : 56 56 57 83 219 366 
SCL #err deg : 131 / 3500
SCL #err weighted degeneracy : 127 127 128 161 305 453 
degeneracy helps : 60 60 61 59 55 62 
degeneracy worse : 57 57 58 89 229 384 
SCL #err deg : 137 / 3600
SCL #err weighted degeneracy : 128 128 129 162 309 460 
degeneracy helps : 65 64 66 64 60 67 
degeneracy worse : 57 57 58 89 232 390 
SCL #err deg : 139 / 3700
SCL #err weighted degeneracy : 131 131 132 165 314 467 
degeneracy helps : 66 65 67 65 61 68 
degeneracy worse : 59 59 60 91 236 396 
SCL #err deg : 143 / 3800
SCL #err weighted degeneracy : 137 137 138 170 323 479 
degeneracy helps : 67 66 68 67 63 70 
degeneracy worse : 62 62 63 94 243 406 
SCL #err deg : 146 / 3900
SCL #err weighted degeneracy : 140 140 140 172 330 494 
degeneracy helps : 67 66 69 68 64 71 
degeneracy worse : 62 62 63 94 248 419 
SCL #err deg : 155 / 4000
SCL #err weighted degeneracy : 146 146 146 179 341 513 
degeneracy helps : 72 71 74 73 69 75 
degeneracy worse : 64 64 65 97 255 433 
SCL #err deg : 159 / 4100
SCL #err weighted degeneracy : 151 151 151 186 354 533 
degeneracy helps : 73 72 75 74 70 76 
degeneracy worse : 66 66 67 101 265 450 
SCL #err deg : 162 / 4200
SCL #err weighted degeneracy : 154 154 154 191 360 544 
degeneracy helps : 74 73 76 75 71 77 
degeneracy worse : 67 67 68 104 269 459 
SCL #err deg : 165 / 4300
SCL #err weighted degeneracy : 157 157 157 194 366 554 
degeneracy helps : 76 75 78 77 73 79 
degeneracy worse : 69 69 70 106 274 468 
SCL #err deg : 167 / 4400
SCL #err weighted degeneracy : 160 160 159 198 372 565 
degeneracy helps : 76 75 78 77 73 79 
degeneracy worse : 70 70 70 108 278 477 
SCL #err deg : 173 / 4500
SCL #err weighted degeneracy : 164 164 163 202 382 581 
degeneracy helps : 77 76 79 79 75 80 
degeneracy worse : 70 70 70 108 284 488 
SCL #err deg : 176 / 4600
SCL #err weighted degeneracy : 167 167 166 205 387 588 
degeneracy helps : 78 77 80 80 75 80 
degeneracy worse : 71 71 71 109 286 492 
SCL #err deg : 181 / 4700
SCL #err weighted degeneracy : 173 173 172 210 394 601 
degeneracy helps : 78 77 80 81 77 82 
degeneracy worse : 72 72 72 110 290 502 
SCL #err deg : 185 / 4800
SCL #err weighted degeneracy : 177 177 176 215 401 611 
degeneracy helps : 79 78 81 83 79 84 
degeneracy worse : 74 74 74 113 295 510 
SCL #err deg : 189 / 4900
SCL #err weighted degeneracy : 181 181 180 219 406 623 
degeneracy helps : 81 80 83 85 82 87 
degeneracy worse : 76 76 76 115 299 521 
SCL #err deg : 193 / 5000
SCL #err weighted degeneracy : 187 187 187 226 418 640 
degeneracy helps : 81 80 83 85 82 87 
degeneracy worse : 78 78 79 118 307 534 
SCL #err deg : 194 / 5100
SCL #err weighted degeneracy : 189 189 189 229 425 650 
degeneracy helps : 81 80 83 85 82 88 
degeneracy worse : 79 79 80 120 313 544 
SCL #err deg : 201 / 5200
SCL #err weighted degeneracy : 192 192 193 234 437 664 
degeneracy helps : 85 84 86 88 85 92 
degeneracy worse : 79 79 80 121 321 555 
SCL #err deg : 206 / 5300
SCL #err weighted degeneracy : 196 196 197 239 446 677 
degeneracy helps : 87 86 88 90 87 94 
degeneracy worse : 80 80 81 123 327 565 
SCL #err deg : 208 / 5400
SCL #err weighted degeneracy : 199 199 200 244 453 687 
degeneracy helps : 88 87 89 92 89 96 
degeneracy worse : 83 83 84 128 334 575 
SCL #err deg : 211 / 5500
SCL #err weighted degeneracy : 202 202 203 246 461 698 
degeneracy helps : 90 89 91 94 91 98 
degeneracy worse : 85 85 86 129 341 585 
SCL #err deg : 213 / 5600
SCL #err weighted degeneracy : 204 204 205 248 465 706 
degeneracy helps : 91 90 92 95 91 98 
degeneracy worse : 86 86 87 130 343 591 
SCL #err deg : 218 / 5700
SCL #err weighted degeneracy : 209 209 210 254 475 723 
degeneracy helps : 92 91 93 96 92 100 
degeneracy worse : 87 87 88 132 349 605 
SCL #err deg : 222 / 5800
SCL #err weighted degeneracy : 212 212 213 259 481 734 
degeneracy helps : 93 92 94 97 93 101 
degeneracy worse : 87 87 88 134 352 613 
SCL #err deg : 223 / 5900
SCL #err weighted degeneracy : 214 214 215 260 483 746 
degeneracy helps : 94 93 95 98 94 102 
degeneracy worse : 89 89 90 135 354 625 
SCL #err deg : 228 / 6000
SCL #err weighted degeneracy : 217 217 218 265 493 757 
degeneracy helps : 96 95 97 101 97 105 
degeneracy worse : 90 90 91 138 362 634 
SCL #err deg : 231 / 6100
SCL #err weighted degeneracy : 220 220 221 268 499 767 
degeneracy helps : 97 96 98 104 100 108 
degeneracy worse : 92 92 93 141 368 644 
SCL #err deg : 235 / 6200
SCL #err weighted degeneracy : 224 224 225 272 508 779 
degeneracy helps : 98 97 99 105 101 109 
degeneracy worse : 93 93 94 142 374 653 
SCL #err deg : 236 / 6300
SCL #err weighted degeneracy : 225 225 226 274 515 792 
degeneracy helps : 99 98 100 106 102 110 
degeneracy worse : 94 94 95 144 381 666 
SCL #err deg : 242 / 6400
SCL #err weighted degeneracy : 231 231 232 282 527 808 
degeneracy helps : 101 100 102 107 103 111 
degeneracy worse : 96 96 97 147 388 677 
SCL #err deg : 245 / 6500
SCL #err weighted degeneracy : 234 234 235 285 534 820 
degeneracy helps : 102 101 103 108 104 112 
degeneracy worse : 97 97 98 148 393 687 
SCL #err deg : 250 / 6600
SCL #err weighted degeneracy : 238 238 239 291 545 832 
degeneracy helps : 104 103 105 109 105 113 
degeneracy worse : 98 98 99 150 400 695 
SCL #err deg : 253 / 6700
SCL #err weighted degeneracy : 242 242 243 297 554 847 
degeneracy helps : 106 105 107 111 106 114 
degeneracy worse : 101 101 102 155 407 708 
SCL #err deg : 260 / 6800
SCL #err weighted degeneracy : 248 248 249 302 562 856 
degeneracy helps : 110 109 111 116 111 119 
degeneracy worse : 104 104 105 158 413 715 
SCL #err deg : 267 / 6900
SCL #err weighted degeneracy : 253 253 254 309 573 868 
degeneracy helps : 113 112 114 119 115 123 
degeneracy worse : 105 105 106 161 421 724 
SCL #err deg : 272 / 7000
SCL #err weighted degeneracy : 257 257 258 315 581 881 
degeneracy helps : 115 114 116 122 119 127 
degeneracy worse : 107 107 108 165 428 736 
SCL #err deg : 275 / 7100
SCL #err weighted degeneracy : 262 262 263 320 588 891 
degeneracy helps : 116 115 117 123 120 129 
degeneracy worse : 110 110 111 168 433 745 
SCL #err deg : 278 / 7200
SCL #err weighted degeneracy : 264 264 265 323 595 899 
degeneracy helps : 117 116 118 124 122 131 
degeneracy worse : 110 110 111 169 439 752 
SCL #err deg : 280 / 7300
SCL #err weighted degeneracy : 264 264 265 326 604 911 
degeneracy helps : 119 118 120 126 124 133 
degeneracy worse : 110 110 111 172 448 764 
SCL #err deg : 284 / 7400
SCL #err weighted degeneracy : 269 269 271 332 613 926 
degeneracy helps : 119 118 120 126 124 133 
degeneracy worse : 111 111 113 174 453 775 
SCL #err deg : 289 / 7500
SCL #err weighted degeneracy : 272 272 274 335 619 940 
degeneracy helps : 121 120 122 128 126 136 
degeneracy worse : 111 111 113 174 456 787 
SCL #err deg : 292 / 7600
SCL #err weighted degeneracy : 275 275 277 339 627 960 
degeneracy helps : 122 121 124 130 128 138 
degeneracy worse : 113 113 115 177 463 806 
SCL #err deg : 296 / 7700
SCL #err weighted degeneracy : 278 278 282 344 635 971 
degeneracy helps : 125 124 126 132 130 140 
degeneracy worse : 115 115 118 180 469 815 
SCL #err deg : 297 / 7800
SCL #err weighted degeneracy : 280 280 284 346 642 983 
degeneracy helps : 125 124 126 132 130 140 
degeneracy worse : 116 116 119 181 475 826 
SCL #err deg : 300 / 7900
SCL #err weighted degeneracy : 286 286 290 353 653 997 
degeneracy helps : 125 124 126 132 130 140 
degeneracy worse : 119 119 122 185 483 837 
SCL #err deg : 307 / 8000
SCL #err weighted degeneracy : 292 292 297 359 663 1012 
degeneracy helps : 128 127 128 135 133 143 
degeneracy worse : 121 121 124 187 489 848 
SCL #err deg : 312 / 8100
SCL #err weighted degeneracy : 295 295 300 362 671 1022 
degeneracy helps : 129 128 129 137 137 147 
degeneracy worse : 121 121 124 187 496 857 
SCL #err deg : 314 / 8200
SCL #err weighted degeneracy : 298 298 303 365 678 1033 
degeneracy helps : 129 128 129 137 137 148 
degeneracy worse : 122 122 125 188 501 867 
SCL #err deg : 315 / 8300
SCL #err weighted degeneracy : 299 299 304 367 684 1045 
degeneracy helps : 129 128 129 137 137 148 
degeneracy worse : 122 122 125 189 506 878 
SCL #err deg : 321 / 8400
SCL #err weighted degeneracy : 305 305 309 373 696 1068 
degeneracy helps : 130 129 131 139 139 150 
degeneracy worse : 123 123 126 191 514 897 
SCL #err deg : 326 / 8500
SCL #err weighted degeneracy : 309 309 313 380 710 1090 
degeneracy helps : 134 133 135 143 143 154 
degeneracy worse : 126 126 129 197 527 918 
SCL #err deg : 331 / 8600
SCL #err weighted degeneracy : 313 313 317 384 717 1100 
degeneracy helps : 136 135 137 146 146 158 
degeneracy worse : 127 127 130 199 532 927 
SCL #err deg : 332 / 8700
SCL #err weighted degeneracy : 320 320 324 390 726 1113 
degeneracy helps : 136 135 137 146 146 158 
degeneracy worse : 133 133 136 204 540 939 
SCL #err deg : 342 / 8800
SCL #err weighted degeneracy : 328 328 332 398 739 1130 
degeneracy helps : 139 138 140 149 150 163 
degeneracy worse : 134 134 137 205 547 951 
SCL #err deg : 343 / 8900
SCL #err weighted degeneracy : 331 331 335 403 750 1149 
degeneracy helps : 140 139 141 150 151 163 
degeneracy worse : 137 137 140 210 558 969 
SCL #err deg : 343 / 9000
SCL #err weighted degeneracy : 335 335 339 408 758 1159 
degeneracy helps : 140 139 141 150 151 163 
degeneracy worse : 141 141 144 215 566 979 
SCL #err deg : 351 / 9100
SCL #err weighted degeneracy : 341 341 345 416 769 1174 
degeneracy helps : 143 142 144 153 153 164 
degeneracy worse : 142 142 145 218 571 987 
SCL #err deg : 355 / 9200
SCL #err weighted degeneracy : 345 345 349 422 781 1189 
degeneracy helps : 145 144 146 154 154 165 
degeneracy worse : 144 144 147 221 580 999 
SCL #err deg : 360 / 9300
SCL #err weighted degeneracy : 348 348 352 425 788 1200 
degeneracy helps : 148 147 149 158 157 168 
degeneracy worse : 146 146 149 223 585 1008 
SCL #err deg : 364 / 9400
SCL #err weighted degeneracy : 351 351 355 428 796 1211 
degeneracy helps : 150 149 151 160 159 170 
degeneracy worse : 147 147 150 224 591 1017 
SCL #err deg : 366 / 9500
SCL #err weighted degeneracy : 357 357 361 434 805 1223 
degeneracy helps : 151 150 152 161 160 171 
degeneracy worse : 152 152 155 229 599 1028 
SCL #err deg : 370 / 9600
SCL #err weighted degeneracy : 359 359 363 438 814 1239 
degeneracy helps : 153 152 154 163 162 173 
degeneracy worse : 152 152 155 231 606 1042 
SCL #err deg : 373 / 9700
SCL #err weighted degeneracy : 360 360 364 439 817 1243 
degeneracy helps : 156 155 157 166 165 176 
degeneracy worse : 153 153 156 232 609 1046 
SCL #err deg : 376 / 9800
SCL #err weighted degeneracy : 362 362 366 441 822 1255 
degeneracy helps : 158 157 159 168 167 178 
degeneracy worse : 154 154 157 233 613 1057 
SCL #err deg : 382 / 9900
SCL #err weighted degeneracy : 367 367 371 448 831 1271 
degeneracy helps : 161 160 162 171 170 181 
degeneracy worse : 156 156 159 237 619 1070 
SCL #err deg : 385 / 10000
SCL #err weighted degeneracy : 368 368 372 450 839 1281 
degeneracy helps : 164 163 165 174 173 184 
degeneracy worse : 157 157 160 239 627 1080 
average #flips: 7.6672
SCL #err considering degeneracy: 385
error due to equal 319
error due to SCL smaller 66
Finish in 1214 s
