Simulation Polar syndrome FASTER N=128, K=65, l=128, pz=0.07, #samples=10000, seed=0
HPW construction
Event generator random seed: 0
SCL #err deg : 7 / 100
SCL #err weighted degeneracy : 8 8 7 9 14 18 
degeneracy helps : 1 1 2 2 2 3 
degeneracy worse : 2 2 2 4 9 14 
SCL #err deg : 19 / 200
SCL #err weighted degeneracy : 17 17 16 21 30 36 
degeneracy helps : 5 5 7 6 5 6 
degeneracy worse : 4 4 4 8 16 23 
SCL #err deg : 24 / 300
SCL #err weighted degeneracy : 21 21 20 25 41 51 
degeneracy helps : 7 7 9 9 8 9 
degeneracy worse : 5 5 5 10 25 36 
SCL #err deg : 34 / 400
SCL #err weighted degeneracy : 27 27 25 31 53 69 
degeneracy helps : 11 11 14 15 14 14 
degeneracy worse : 6 6 6 12 33 49 
SCL #err deg : 42 / 500
SCL #err weighted degeneracy : 33 33 31 41 66 84 
degeneracy helps : 13 13 17 18 17 17 
degeneracy worse : 7 7 7 17 41 59 
SCL #err deg : 49 / 600
SCL #err weighted degeneracy : 37 37 35 45 75 99 
degeneracy helps : 16 16 20 21 21 22 
degeneracy worse : 7 7 7 17 47 72 
SCL #err deg : 59 / 700
SCL #err weighted degeneracy : 46 46 45 56 89 115 
degeneracy helps : 22 22 25 27 27 29 
degeneracy worse : 12 12 13 24 57 85 
SCL #err deg : 66 / 800
SCL #err weighted degeneracy : 48 48 47 57 92 127 
degeneracy helps : 28 28 31 33 33 33 
degeneracy worse : 13 13 14 24 59 94 
SCL #err deg : 73 / 900
SCL #err weighted degeneracy : 55 55 54 64 103 141 
degeneracy helps : 29 29 32 35 35 36 
degeneracy worse : 14 14 15 26 65 104 
SCL #err deg : 83 / 1000
SCL #err weighted degeneracy : 64 64 63 74 113 155 
degeneracy helps : 32 32 35 37 38 39 
degeneracy worse : 16 16 17 28 68 111 
SCL #err deg : 90 / 1100
SCL #err weighted degeneracy : 71 71 71 82 123 170 
degeneracy helps : 33 33 36 38 40 41 
degeneracy worse : 17 17 19 30 73 121 
SCL #err deg : 99 / 1200
SCL #err weighted degeneracy : 83 83 83 94 137 187 
degeneracy helps : 34 34 37 39 42 44 
degeneracy worse : 21 21 23 34 80 132 
SCL #err deg : 111 / 1300
SCL #err weighted degeneracy : 88 88 87 98 149 207 
degeneracy helps : 41 41 45 47 49 50 
degeneracy worse : 21 21 23 34 87 146 
SCL #err deg : 124 / 1400
SCL #err weighted degeneracy : 95 95 93 105 160 225 
degeneracy helps : 46 46 52 54 56 57 
degeneracy worse : 21 21 23 35 92 158 
SCL #err deg : 136 / 1500
SCL #err weighted degeneracy : 105 105 103 117 177 248 
degeneracy helps : 49 49 55 56 58 59 
degeneracy worse : 22 22 24 37 99 171 
SCL #err deg : 143 / 1600
SCL #err weighted degeneracy : 112 112 109 126 195 270 
degeneracy helps : 52 52 58 59 61 63 
degeneracy worse : 25 25 26 42 113 190 
SCL #err deg : 147 / 1700
SCL #err weighted degeneracy : 113 113 110 129 205 285 
degeneracy helps : 55 55 61 62 64 64 
degeneracy worse : 25 25 26 44 122 202 
SCL #err deg : 157 / 1800
SCL #err weighted degeneracy : 119 119 116 135 216 304 
degeneracy helps : 60 60 66 68 70 69 
degeneracy worse : 26 26 27 46 129 216 
SCL #err deg : 165 / 1900
SCL #err weighted degeneracy : 127 127 124 143 228 323 
degeneracy helps : 63 63 69 71 74 73 
degeneracy worse : 29 29 30 49 137 231 
SCL #err deg : 173 / 2000
SCL #err weighted degeneracy : 132 132 129 147 237 341 
degeneracy helps : 68 68 74 77 80 79 
degeneracy worse : 31 31 32 51 144 247 
SCL #err deg : 183 / 2100
SCL #err weighted degeneracy : 139 139 136 156 248 355 
degeneracy helps : 71 71 77 80 83 82 
degeneracy worse : 31 31 32 53 148 254 
SCL #err deg : 189 / 2200
SCL #err weighted degeneracy : 144 144 141 162 254 367 
degeneracy helps : 74 74 80 83 86 84 
degeneracy worse : 33 33 34 56 151 262 
SCL #err deg : 198 / 2300
SCL #err weighted degeneracy : 154 154 151 174 272 391 
degeneracy helps : 76 76 82 84 88 86 
degeneracy worse : 36 36 37 60 162 279 
SCL #err deg : 205 / 2400
SCL #err weighted degeneracy : 161 161 158 183 285 412 
degeneracy helps : 78 78 84 85 90 88 
degeneracy worse : 38 38 39 63 170 295 
SCL #err deg : 213 / 2500
SCL #err weighted degeneracy : 170 170 167 194 302 436 
degeneracy helps : 80 80 86 88 93 91 
degeneracy worse : 41 41 42 69 182 314 
SCL #err deg : 219 / 2600
SCL #err weighted degeneracy : 176 176 173 199 311 451 
degeneracy helps : 84 84 90 92 96 95 
degeneracy worse : 45 45 46 72 188 327 
SCL #err deg : 228 / 2700
SCL #err weighted degeneracy : 183 183 181 209 320 461 
degeneracy helps : 88 88 94 96 100 100 
degeneracy worse : 47 47 49 77 192 333 
SCL #err deg : 232 / 2800
SCL #err weighted degeneracy : 187 187 185 215 334 480 
degeneracy helps : 90 90 96 99 103 103 
degeneracy worse : 50 50 52 82 205 351 
SCL #err deg : 239 / 2900
SCL #err weighted degeneracy : 194 194 193 228 350 506 
degeneracy helps : 93 93 99 102 106 106 
degeneracy worse : 53 53 56 91 217 373 
SCL #err deg : 246 / 3000
SCL #err weighted degeneracy : 198 198 197 235 363 528 
degeneracy helps : 96 96 102 106 110 109 
degeneracy worse : 53 53 56 95 227 391 
SCL #err deg : 254 / 3100
SCL #err weighted degeneracy : 201 201 203 243 373 544 
degeneracy helps : 101 101 106 110 114 113 
degeneracy worse : 53 53 58 99 233 403 
SCL #err deg : 262 / 3200
SCL #err weighted degeneracy : 208 208 210 250 384 562 
degeneracy helps : 104 104 109 114 118 116 
degeneracy worse : 55 55 60 102 240 416 
SCL #err deg : 272 / 3300
SCL #err weighted degeneracy : 213 213 215 256 393 577 
degeneracy helps : 110 110 115 120 124 122 
degeneracy worse : 56 56 61 104 245 427 
SCL #err deg : 279 / 3400
SCL #err weighted degeneracy : 220 220 222 267 409 599 
degeneracy helps : 111 111 116 121 125 123 
degeneracy worse : 57 57 62 109 255 443 
SCL #err deg : 287 / 3500
SCL #err weighted degeneracy : 223 223 225 272 421 617 
degeneracy helps : 117 117 122 127 129 127 
degeneracy worse : 58 58 63 112 263 457 
SCL #err deg : 294 / 3600
SCL #err weighted degeneracy : 229 229 231 278 430 633 
degeneracy helps : 119 119 124 130 132 129 
degeneracy worse : 60 60 65 114 268 468 
SCL #err deg : 301 / 3700
SCL #err weighted degeneracy : 238 238 240 286 445 649 
degeneracy helps : 119 119 124 131 133 130 
degeneracy worse : 62 62 67 116 277 478 
SCL #err deg : 308 / 3800
SCL #err weighted degeneracy : 243 243 245 293 457 664 
degeneracy helps : 122 122 127 134 137 134 
degeneracy worse : 63 63 68 119 286 490 
SCL #err deg : 314 / 3900
SCL #err weighted degeneracy : 251 251 253 302 468 680 
degeneracy helps : 125 125 130 138 141 137 
degeneracy worse : 68 68 73 126 295 503 
SCL #err deg : 329 / 4000
SCL #err weighted degeneracy : 260 260 263 313 487 702 
degeneracy helps : 131 132 136 146 149 144 
degeneracy worse : 69 69 75 130 307 517 
SCL #err deg : 338 / 4100
SCL #err weighted degeneracy : 268 268 270 323 501 722 
degeneracy helps : 136 137 141 150 153 148 
degeneracy worse : 73 73 78 135 316 532 
SCL #err deg : 344 / 4200
SCL #err weighted degeneracy : 274 274 276 331 512 738 
degeneracy helps : 138 139 143 152 155 150 
degeneracy worse : 75 75 80 139 323 544 
SCL #err deg : 349 / 4300
SCL #err weighted degeneracy : 277 277 279 334 520 756 
degeneracy helps : 141 142 146 156 159 153 
degeneracy worse : 76 76 81 141 330 560 
SCL #err deg : 357 / 4400
SCL #err weighted degeneracy : 283 283 285 342 532 772 
degeneracy helps : 144 145 149 159 163 156 
degeneracy worse : 77 77 82 144 338 571 
SCL #err deg : 364 / 4500
SCL #err weighted degeneracy : 290 290 292 350 544 790 
degeneracy helps : 146 147 151 162 166 158 
degeneracy worse : 79 79 84 148 346 584 
SCL #err deg : 375 / 4600
SCL #err weighted degeneracy : 296 296 298 357 555 805 
degeneracy helps : 151 152 156 167 173 165 
degeneracy worse : 79 79 84 149 353 595 
SCL #err deg : 383 / 4700
SCL #err weighted degeneracy : 302 302 304 366 573 826 
degeneracy helps : 154 155 159 170 176 168 
degeneracy worse : 80 80 85 153 366 611 
SCL #err deg : 390 / 4800
SCL #err weighted degeneracy : 307 307 308 372 583 840 
degeneracy helps : 158 159 164 176 182 174 
degeneracy worse : 83 83 88 158 375 624 
SCL #err deg : 395 / 4900
SCL #err weighted degeneracy : 312 312 315 378 591 854 
degeneracy helps : 161 162 166 179 186 178 
degeneracy worse : 86 86 92 162 382 637 
SCL #err deg : 402 / 5000
SCL #err weighted degeneracy : 319 319 321 385 603 873 
degeneracy helps : 165 166 170 183 190 182 
degeneracy worse : 90 90 95 166 391 653 
SCL #err deg : 408 / 5100
SCL #err weighted degeneracy : 323 323 325 391 617 888 
degeneracy helps : 167 168 172 184 193 185 
degeneracy worse : 90 90 95 167 402 665 
SCL #err deg : 418 / 5200
SCL #err weighted degeneracy : 331 331 333 400 632 907 
degeneracy helps : 171 172 176 188 197 189 
degeneracy worse : 92 92 97 170 411 678 
SCL #err deg : 425 / 5300
SCL #err weighted degeneracy : 339 339 341 410 647 926 
degeneracy helps : 174 175 179 191 200 192 
degeneracy worse : 96 96 101 176 422 693 
SCL #err deg : 432 / 5400
SCL #err weighted degeneracy : 342 342 344 414 653 938 
degeneracy helps : 179 180 184 195 205 197 
degeneracy worse : 97 97 102 177 426 703 
SCL #err deg : 440 / 5500
SCL #err weighted degeneracy : 350 350 352 423 665 956 
degeneracy helps : 182 183 187 198 208 200 
degeneracy worse : 100 100 105 181 433 716 
SCL #err deg : 443 / 5600
SCL #err weighted degeneracy : 356 356 358 432 681 974 
degeneracy helps : 182 183 187 198 208 200 
degeneracy worse : 103 103 108 187 446 731 
SCL #err deg : 448 / 5700
SCL #err weighted degeneracy : 361 361 363 438 691 990 
degeneracy helps : 184 185 189 200 210 202 
degeneracy worse : 105 105 110 190 453 744 
SCL #err deg : 454 / 5800
SCL #err weighted degeneracy : 371 371 373 450 705 1003 
degeneracy helps : 185 186 190 201 211 203 
degeneracy worse : 110 110 115 197 462 752 
SCL #err deg : 458 / 5900
SCL #err weighted degeneracy : 374 374 376 453 710 1010 
degeneracy helps : 188 189 193 204 214 206 
degeneracy worse : 112 112 117 199 466 758 
SCL #err deg : 465 / 6000
SCL #err weighted degeneracy : 381 381 383 462 720 1021 
degeneracy helps : 191 192 196 207 217 209 
degeneracy worse : 115 115 120 204 472 765 
SCL #err deg : 473 / 6100
SCL #err weighted degeneracy : 389 389 391 472 731 1034 
degeneracy helps : 193 194 198 209 220 212 
degeneracy worse : 117 117 122 208 478 773 
SCL #err deg : 481 / 6200
SCL #err weighted degeneracy : 398 398 401 486 750 1057 
degeneracy helps : 195 196 199 210 221 213 
degeneracy worse : 120 120 125 215 490 789 
SCL #err deg : 484 / 6300
SCL #err weighted degeneracy : 403 403 406 491 758 1069 
degeneracy helps : 196 197 200 212 223 215 
degeneracy worse : 123 123 128 219 497 800 
SCL #err deg : 492 / 6400
SCL #err weighted degeneracy : 414 414 417 506 775 1090 
degeneracy helps : 199 200 203 215 226 217 
degeneracy worse : 129 129 134 229 509 815 
SCL #err deg : 499 / 6500
SCL #err weighted degeneracy : 419 419 422 512 783 1104 
degeneracy helps : 201 202 205 217 228 219 
degeneracy worse : 129 129 134 230 512 824 
SCL #err deg : 508 / 6600
SCL #err weighted degeneracy : 426 426 430 521 797 1122 
degeneracy helps : 206 207 210 222 233 225 
degeneracy worse : 132 132 138 235 522 839 
SCL #err deg : 514 / 6700
SCL #err weighted degeneracy : 434 434 438 533 810 1141 
degeneracy helps : 207 208 211 223 234 226 
degeneracy worse : 135 135 141 242 530 853 
SCL #err deg : 522 / 6800
SCL #err weighted degeneracy : 443 443 447 543 823 1162 
degeneracy helps : 209 210 213 225 236 228 
degeneracy worse : 138 138 144 246 537 868 
SCL #err deg : 526 / 6900
SCL #err weighted degeneracy : 449 449 453 549 831 1175 
degeneracy helps : 210 211 214 226 238 230 
degeneracy worse : 141 141 147 249 543 879 
SCL #err deg : 533 / 7000
SCL #err weighted degeneracy : 458 458 462 562 852 1199 
degeneracy helps : 212 213 216 228 240 232 
degeneracy worse : 145 145 151 257 559 898 
SCL #err deg : 539 / 7100
SCL #err weighted degeneracy : 466 466 470 572 868 1217 
degeneracy helps : 215 216 219 231 243 236 
degeneracy worse : 150 150 156 264 572 914 
SCL #err deg : 543 / 7200
SCL #err weighted degeneracy : 471 471 475 576 879 1237 
degeneracy helps : 216 217 220 233 246 239 
degeneracy worse : 152 152 158 266 582 933 
SCL #err deg : 550 / 7300
SCL #err weighted degeneracy : 476 476 480 584 890 1249 
degeneracy helps : 218 219 222 234 247 241 
degeneracy worse : 152 152 158 268 587 940 
SCL #err deg : 557 / 7400
SCL #err weighted degeneracy : 481 481 484 588 896 1260 
degeneracy helps : 221 222 225 237 251 245 
degeneracy worse : 153 153 158 268 590 948 
SCL #err deg : 564 / 7500
SCL #err weighted degeneracy : 486 486 489 594 906 1279 
degeneracy helps : 224 225 228 240 254 248 
degeneracy worse : 154 154 159 270 596 963 
SCL #err deg : 573 / 7600
SCL #err weighted degeneracy : 493 493 496 602 916 1295 
degeneracy helps : 228 229 233 245 259 254 
degeneracy worse : 157 157 162 274 602 976 
SCL #err deg : 580 / 7700
SCL #err weighted degeneracy : 501 501 507 618 935 1315 
degeneracy helps : 230 231 235 246 260 255 
degeneracy worse : 160 160 168 284 615 990 
SCL #err deg : 584 / 7800
SCL #err weighted degeneracy : 506 506 512 623 942 1326 
degeneracy helps : 231 232 236 247 261 256 
degeneracy worse : 162 162 170 286 619 998 
SCL #err deg : 593 / 7900
SCL #err weighted degeneracy : 516 516 522 634 957 1345 
degeneracy helps : 232 233 237 248 262 257 
degeneracy worse : 164 164 172 289 626 1009 
SCL #err deg : 598 / 8000
SCL #err weighted degeneracy : 526 526 532 644 971 1363 
degeneracy helps : 234 235 239 250 264 259 
degeneracy worse : 171 171 179 296 637 1024 
SCL #err deg : 606 / 8100
SCL #err weighted degeneracy : 530 530 536 650 980 1376 
degeneracy helps : 239 240 244 256 270 265 
degeneracy worse : 172 172 180 300 644 1035 
SCL #err deg : 613 / 8200
SCL #err weighted degeneracy : 536 536 542 657 989 1392 
degeneracy helps : 241 242 246 259 273 268 
degeneracy worse : 174 174 182 303 649 1047 
SCL #err deg : 616 / 8300
SCL #err weighted degeneracy : 540 540 546 663 1000 1409 
degeneracy helps : 242 243 247 260 274 269 
degeneracy worse : 176 176 184 307 658 1062 
SCL #err deg : 625 / 8400
SCL #err weighted degeneracy : 548 548 554 675 1014 1429 
degeneracy helps : 244 245 249 262 277 272 
degeneracy worse : 177 177 185 312 666 1076 
SCL #err deg : 636 / 8500
SCL #err weighted degeneracy : 559 559 565 691 1034 1453 
degeneracy helps : 247 248 252 265 281 277 
degeneracy worse : 180 180 188 320 679 1094 
SCL #err deg : 644 / 8600
SCL #err weighted degeneracy : 567 567 573 701 1047 1469 
degeneracy helps : 250 251 255 270 286 282 
degeneracy worse : 184 184 192 327 689 1107 
SCL #err deg : 651 / 8700
SCL #err weighted degeneracy : 575 575 581 711 1060 1495 
degeneracy helps : 252 253 257 273 289 285 
degeneracy worse : 187 187 195 333 698 1129 
SCL #err deg : 663 / 8800
SCL #err weighted degeneracy : 587 587 593 724 1076 1518 
degeneracy helps : 256 257 261 278 295 293 
degeneracy worse : 191 191 199 339 708 1148 
SCL #err deg : 670 / 8900
SCL #err weighted degeneracy : 592 592 599 732 1091 1542 
degeneracy helps : 261 262 266 282 300 297 
degeneracy worse : 194 194 203 344 721 1169 
SCL #err deg : 679 / 9000
SCL #err weighted degeneracy : 596 596 603 736 1101 1555 
degeneracy helps : 268 269 273 289 306 303 
degeneracy worse : 196 196 205 346 728 1179 
SCL #err deg : 690 / 9100
SCL #err weighted degeneracy : 603 603 612 749 1118 1577 
degeneracy helps : 273 274 278 293 311 308 
degeneracy worse : 197 197 208 352 739 1195 
SCL #err deg : 696 / 9200
SCL #err weighted degeneracy : 610 610 619 757 1126 1591 
degeneracy helps : 276 277 281 296 315 311 
degeneracy worse : 201 201 212 357 745 1206 
SCL #err deg : 701 / 9300
SCL #err weighted degeneracy : 616 616 625 764 1138 1608 
degeneracy helps : 277 278 282 297 316 312 
degeneracy worse : 203 203 214 360 753 1219 
SCL #err deg : 709 / 9400
SCL #err weighted degeneracy : 619 619 628 767 1142 1618 
degeneracy helps : 282 283 287 302 322 318 
degeneracy worse : 203 203 214 360 755 1227 
SCL #err deg : 717 / 9500
SCL #err weighted degeneracy : 627 627 636 775 1152 1632 
degeneracy helps : 283 284 288 304 326 322 
degeneracy worse : 205 205 216 362 761 1237 
SCL #err deg : 723 / 9600
SCL #err weighted degeneracy : 632 632 640 780 1159 1645 
degeneracy helps : 284 285 290 306 328 323 
degeneracy worse : 205 205 216 363 764 1245 
SCL #err deg : 726 / 9700
SCL #err weighted degeneracy : 635 635 643 783 1167 1661 
degeneracy helps : 287 288 293 309 331 326 
degeneracy worse : 208 208 219 366 772 1261 
SCL #err deg : 733 / 9800
SCL #err weighted degeneracy : 642 642 651 791 1180 1678 
degeneracy helps : 290 291 295 311 333 328 
degeneracy worse : 211 211 222 369 780 1273 
SCL #err deg : 742 / 9900
SCL #err weighted degeneracy : 650 650 659 801 1197 1695 
degeneracy helps : 294 295 299 316 338 333 
degeneracy worse : 214 214 225 375 793 1286 
SCL #err deg : 746 / 10000
SCL #err weighted degeneracy : 656 656 666 808 1207 1709 
degeneracy helps : 294 295 299 317 339 334 
degeneracy worse : 216 216 228 379 800 1297 
average #flips: 8.9424
SCL #err considering degeneracy: 746
error due to equal 576
error due to SCL smaller 170
Finish in 1187 s
