Simulation Polar syndrome FASTER N=256, K=129, l=128, pz=0.107, #samples=10000, seed=197
PW construction
Event generator random seed: 197
SCL #err deg : 31 / 100
SCL #err weighted degeneracy : 23 23 24 25 26 26 
degeneracy helps : 10 10 10 11 11 12 
degeneracy worse : 2 2 3 5 6 7 
SCL #err deg : 60 / 200
SCL #err weighted degeneracy : 48 48 51 52 56 60 
degeneracy helps : 19 19 21 22 22 23 
degeneracy worse : 7 7 12 14 18 23 
SCL #err deg : 92 / 300
SCL #err weighted degeneracy : 78 78 79 82 86 90 
degeneracy helps : 28 28 32 33 33 34 
degeneracy worse : 14 14 19 23 27 32 
SCL #err deg : 128 / 400
SCL #err weighted degeneracy : 109 109 106 112 114 118 
degeneracy helps : 36 36 43 45 47 48 
degeneracy worse : 17 17 21 29 33 38 
SCL #err deg : 157 / 500
SCL #err weighted degeneracy : 137 137 132 140 144 150 
degeneracy helps : 44 44 52 55 56 57 
degeneracy worse : 24 24 27 38 43 50 
SCL #err deg : 188 / 600
SCL #err weighted degeneracy : 165 165 160 169 178 185 
degeneracy helps : 55 55 64 67 66 66 
degeneracy worse : 32 32 36 48 56 63 
SCL #err deg : 213 / 700
SCL #err weighted degeneracy : 192 192 188 198 208 216 
degeneracy helps : 59 59 68 71 70 70 
degeneracy worse : 38 38 43 56 65 73 
SCL #err deg : 244 / 800
SCL #err weighted degeneracy : 223 223 216 225 235 244 
degeneracy helps : 63 63 74 79 79 79 
degeneracy worse : 42 42 46 60 70 79 
SCL #err deg : 276 / 900
SCL #err weighted degeneracy : 246 246 241 251 262 270 
degeneracy helps : 75 75 85 91 91 92 
degeneracy worse : 45 45 50 66 77 86 
SCL #err deg : 311 / 1000
SCL #err weighted degeneracy : 279 279 274 285 297 306 
degeneracy helps : 83 83 94 101 101 102 
degeneracy worse : 51 51 57 75 87 97 
SCL #err deg : 341 / 1100
SCL #err weighted degeneracy : 305 305 299 313 325 336 
degeneracy helps : 91 91 103 108 108 109 
degeneracy worse : 55 55 61 80 92 104 
SCL #err deg : 369 / 1200
SCL #err weighted degeneracy : 327 327 322 340 352 362 
degeneracy helps : 101 101 113 116 116 117 
degeneracy worse : 59 59 66 87 99 110 
SCL #err deg : 405 / 1300
SCL #err weighted degeneracy : 357 357 353 371 385 396 
degeneracy helps : 111 111 123 127 126 127 
degeneracy worse : 63 63 71 93 106 118 
SCL #err deg : 433 / 1400
SCL #err weighted degeneracy : 383 383 378 398 414 425 
degeneracy helps : 118 118 130 134 133 134 
degeneracy worse : 68 68 75 99 114 126 
SCL #err deg : 467 / 1500
SCL #err weighted degeneracy : 421 421 415 434 450 464 
degeneracy helps : 126 126 139 144 143 144 
degeneracy worse : 80 80 87 111 126 141 
SCL #err deg : 491 / 1600
SCL #err weighted degeneracy : 442 442 437 458 475 492 
degeneracy helps : 132 132 146 151 150 151 
degeneracy worse : 83 83 92 118 134 152 
SCL #err deg : 515 / 1700
SCL #err weighted degeneracy : 466 466 461 484 505 521 
degeneracy helps : 135 135 151 156 155 157 
degeneracy worse : 86 86 97 125 145 163 
SCL #err deg : 549 / 1800
SCL #err weighted degeneracy : 500 500 495 520 540 557 
degeneracy helps : 140 140 157 163 163 164 
degeneracy worse : 91 91 103 134 154 172 
SCL #err deg : 583 / 1900
SCL #err weighted degeneracy : 529 529 524 549 571 588 
degeneracy helps : 151 151 168 175 175 177 
degeneracy worse : 97 97 109 141 163 182 
SCL #err deg : 616 / 2000
SCL #err weighted degeneracy : 565 565 561 585 608 625 
degeneracy helps : 156 156 173 182 183 186 
degeneracy worse : 105 105 118 151 175 195 
SCL #err deg : 644 / 2100
SCL #err weighted degeneracy : 591 591 585 608 631 648 
degeneracy helps : 164 164 183 193 196 199 
degeneracy worse : 111 111 124 157 183 203 
SCL #err deg : 669 / 2200
SCL #err weighted degeneracy : 613 613 609 630 654 672 
degeneracy helps : 172 172 190 202 205 208 
degeneracy worse : 116 116 130 163 190 211 
SCL #err deg : 693 / 2300
SCL #err weighted degeneracy : 636 636 632 658 681 697 
degeneracy helps : 176 176 194 207 211 215 
degeneracy worse : 119 119 133 172 199 219 
SCL #err deg : 725 / 2400
SCL #err weighted degeneracy : 666 666 662 688 712 727 
degeneracy helps : 182 182 202 215 219 224 
degeneracy worse : 123 123 139 178 206 226 
SCL #err deg : 755 / 2500
SCL #err weighted degeneracy : 691 691 690 718 746 761 
degeneracy helps : 188 188 207 220 223 228 
degeneracy worse : 124 124 142 183 214 234 
SCL #err deg : 788 / 2600
SCL #err weighted degeneracy : 720 720 719 747 775 790 
degeneracy helps : 196 196 215 229 232 238 
degeneracy worse : 128 128 146 188 219 240 
SCL #err deg : 824 / 2700
SCL #err weighted degeneracy : 749 749 748 778 805 820 
degeneracy helps : 206 206 226 240 244 250 
degeneracy worse : 131 131 150 194 225 246 
SCL #err deg : 851 / 2800
SCL #err weighted degeneracy : 773 773 773 802 828 844 
degeneracy helps : 214 214 233 250 255 261 
degeneracy worse : 136 136 155 201 232 254 
SCL #err deg : 877 / 2900
SCL #err weighted degeneracy : 794 794 795 823 849 868 
degeneracy helps : 223 223 242 262 267 272 
degeneracy worse : 140 140 160 208 239 263 
SCL #err deg : 901 / 3000
SCL #err weighted degeneracy : 817 817 820 851 877 898 
degeneracy helps : 227 227 246 265 271 276 
degeneracy worse : 143 143 165 215 247 273 
SCL #err deg : 930 / 3100
SCL #err weighted degeneracy : 846 846 850 880 906 926 
degeneracy helps : 233 233 251 272 278 283 
degeneracy worse : 149 149 171 222 254 279 
SCL #err deg : 959 / 3200
SCL #err weighted degeneracy : 879 879 885 913 940 959 
degeneracy helps : 237 237 254 277 282 288 
degeneracy worse : 157 157 180 231 263 288 
SCL #err deg : 988 / 3300
SCL #err weighted degeneracy : 901 901 910 939 968 988 
degeneracy helps : 246 246 263 286 291 296 
degeneracy worse : 159 159 185 237 271 296 
SCL #err deg : 1018 / 3400
SCL #err weighted degeneracy : 923 923 933 964 993 1016 
degeneracy helps : 256 256 273 295 300 305 
degeneracy worse : 161 161 188 241 275 303 
SCL #err deg : 1047 / 3500
SCL #err weighted degeneracy : 954 954 962 995 1025 1048 
degeneracy helps : 260 260 279 301 306 311 
degeneracy worse : 167 167 194 249 284 312 
SCL #err deg : 1084 / 3600
SCL #err weighted degeneracy : 987 987 996 1029 1061 1086 
degeneracy helps : 267 267 286 310 316 320 
degeneracy worse : 170 170 198 255 293 322 
SCL #err deg : 1118 / 3700
SCL #err weighted degeneracy : 1020 1020 1029 1065 1097 1122 
degeneracy helps : 274 274 293 316 323 328 
degeneracy worse : 176 176 204 263 302 332 
SCL #err deg : 1144 / 3800
SCL #err weighted degeneracy : 1041 1041 1051 1090 1122 1149 
degeneracy helps : 283 283 302 324 331 334 
degeneracy worse : 180 180 209 270 309 339 
SCL #err deg : 1179 / 3900
SCL #err weighted degeneracy : 1070 1070 1080 1119 1151 1178 
degeneracy helps : 291 291 311 333 341 345 
degeneracy worse : 182 182 212 273 313 344 
SCL #err deg : 1200 / 4000
SCL #err weighted degeneracy : 1090 1090 1100 1140 1172 1200 
degeneracy helps : 296 296 316 339 347 351 
degeneracy worse : 186 186 216 279 319 351 
SCL #err deg : 1232 / 4100
SCL #err weighted degeneracy : 1121 1121 1130 1173 1206 1234 
degeneracy helps : 302 302 322 346 354 359 
degeneracy worse : 191 191 220 287 328 361 
SCL #err deg : 1260 / 4200
SCL #err weighted degeneracy : 1148 1148 1156 1199 1231 1259 
degeneracy helps : 305 305 326 351 359 364 
degeneracy worse : 193 193 222 290 330 363 
SCL #err deg : 1279 / 4300
SCL #err weighted degeneracy : 1166 1166 1174 1218 1250 1277 
degeneracy helps : 309 309 331 356 364 370 
degeneracy worse : 196 196 226 295 335 368 
SCL #err deg : 1303 / 4400
SCL #err weighted degeneracy : 1185 1185 1194 1239 1274 1302 
degeneracy helps : 316 316 338 363 371 377 
degeneracy worse : 198 198 229 299 342 376 
SCL #err deg : 1323 / 4500
SCL #err weighted degeneracy : 1210 1210 1218 1263 1298 1326 
degeneracy helps : 320 320 343 369 378 385 
degeneracy worse : 207 207 238 309 353 388 
SCL #err deg : 1352 / 4600
SCL #err weighted degeneracy : 1234 1234 1242 1291 1327 1356 
degeneracy helps : 329 329 352 378 387 393 
degeneracy worse : 211 211 242 317 362 397 
SCL #err deg : 1384 / 4700
SCL #err weighted degeneracy : 1261 1261 1272 1324 1360 1389 
degeneracy helps : 339 339 362 388 397 404 
degeneracy worse : 216 216 250 328 373 409 
SCL #err deg : 1412 / 4800
SCL #err weighted degeneracy : 1283 1283 1294 1345 1383 1414 
degeneracy helps : 347 347 370 398 405 411 
degeneracy worse : 218 218 252 331 376 413 
SCL #err deg : 1436 / 4900
SCL #err weighted degeneracy : 1302 1302 1313 1366 1403 1439 
degeneracy helps : 353 353 376 404 412 418 
degeneracy worse : 219 219 253 334 379 421 
SCL #err deg : 1460 / 5000
SCL #err weighted degeneracy : 1325 1325 1335 1390 1427 1463 
degeneracy helps : 359 359 383 410 419 426 
degeneracy worse : 224 224 258 340 386 429 
SCL #err deg : 1484 / 5100
SCL #err weighted degeneracy : 1351 1351 1359 1414 1454 1489 
degeneracy helps : 365 365 392 419 428 435 
degeneracy worse : 232 232 267 349 398 440 
SCL #err deg : 1510 / 5200
SCL #err weighted degeneracy : 1376 1376 1388 1445 1488 1525 
degeneracy helps : 370 370 397 424 432 439 
degeneracy worse : 236 236 275 359 410 454 
SCL #err deg : 1541 / 5300
SCL #err weighted degeneracy : 1406 1406 1418 1477 1521 1559 
degeneracy helps : 376 376 403 430 438 445 
degeneracy worse : 241 241 280 366 418 463 
SCL #err deg : 1574 / 5400
SCL #err weighted degeneracy : 1436 1436 1447 1506 1551 1588 
degeneracy helps : 381 381 409 437 445 453 
degeneracy worse : 243 243 282 369 422 467 
SCL #err deg : 1604 / 5500
SCL #err weighted degeneracy : 1465 1465 1475 1534 1579 1615 
degeneracy helps : 386 386 415 444 452 462 
degeneracy worse : 247 247 286 374 427 473 
SCL #err deg : 1640 / 5600
SCL #err weighted degeneracy : 1494 1495 1501 1564 1611 1644 
degeneracy helps : 398 397 430 458 466 477 
degeneracy worse : 252 252 291 382 437 481 
SCL #err deg : 1667 / 5700
SCL #err weighted degeneracy : 1522 1523 1532 1597 1646 1680 
degeneracy helps : 405 404 436 464 472 482 
degeneracy worse : 260 260 301 394 451 495 
SCL #err deg : 1704 / 5800
SCL #err weighted degeneracy : 1552 1553 1561 1629 1680 1715 
degeneracy helps : 416 415 448 477 486 496 
degeneracy worse : 264 264 305 402 462 507 
SCL #err deg : 1732 / 5900
SCL #err weighted degeneracy : 1583 1584 1595 1665 1715 1751 
degeneracy helps : 421 420 452 482 493 502 
degeneracy worse : 272 272 315 415 476 521 
SCL #err deg : 1762 / 6000
SCL #err weighted degeneracy : 1612 1613 1624 1698 1748 1783 
degeneracy helps : 425 424 458 488 499 511 
degeneracy worse : 275 275 320 424 485 532 
SCL #err deg : 1799 / 6100
SCL #err weighted degeneracy : 1645 1646 1656 1731 1781 1817 
degeneracy helps : 434 433 468 497 508 519 
degeneracy worse : 280 280 325 429 490 537 
SCL #err deg : 1826 / 6200
SCL #err weighted degeneracy : 1671 1672 1680 1754 1806 1843 
degeneracy helps : 444 443 479 509 520 531 
degeneracy worse : 289 289 333 437 500 548 
SCL #err deg : 1859 / 6300
SCL #err weighted degeneracy : 1701 1702 1711 1787 1839 1878 
degeneracy helps : 451 450 486 515 526 536 
degeneracy worse : 293 293 338 443 506 555 
SCL #err deg : 1889 / 6400
SCL #err weighted degeneracy : 1721 1722 1732 1812 1864 1904 
degeneracy helps : 461 460 496 525 537 546 
degeneracy worse : 293 293 339 448 512 561 
SCL #err deg : 1918 / 6500
SCL #err weighted degeneracy : 1747 1748 1759 1841 1894 1934 
degeneracy helps : 470 469 505 534 546 555 
degeneracy worse : 299 299 346 457 522 571 
SCL #err deg : 1946 / 6600
SCL #err weighted degeneracy : 1770 1770 1783 1865 1918 1960 
degeneracy helps : 477 477 514 543 556 565 
degeneracy worse : 301 301 351 462 528 579 
SCL #err deg : 1980 / 6700
SCL #err weighted degeneracy : 1793 1793 1806 1890 1947 1991 
degeneracy helps : 490 490 527 555 567 576 
degeneracy worse : 303 303 353 465 534 587 
SCL #err deg : 2008 / 6800
SCL #err weighted degeneracy : 1817 1817 1833 1919 1978 2021 
degeneracy helps : 498 498 535 565 577 587 
degeneracy worse : 307 307 360 476 547 600 
SCL #err deg : 2038 / 6900
SCL #err weighted degeneracy : 1843 1843 1859 1943 2001 2044 
degeneracy helps : 506 506 543 576 588 598 
degeneracy worse : 311 311 364 481 551 604 
SCL #err deg : 2063 / 7000
SCL #err weighted degeneracy : 1868 1868 1885 1970 2029 2072 
degeneracy helps : 513 513 550 584 596 609 
degeneracy worse : 318 318 372 491 562 618 
SCL #err deg : 2091 / 7100
SCL #err weighted degeneracy : 1893 1893 1911 1996 2056 2097 
degeneracy helps : 524 524 561 596 607 622 
degeneracy worse : 326 326 381 501 572 628 
SCL #err deg : 2124 / 7200
SCL #err weighted degeneracy : 1918 1918 1936 2022 2083 2126 
degeneracy helps : 535 535 573 608 620 635 
degeneracy worse : 329 329 385 506 579 637 
SCL #err deg : 2154 / 7300
SCL #err weighted degeneracy : 1946 1946 1968 2053 2114 2158 
degeneracy helps : 542 542 579 615 629 644 
degeneracy worse : 334 334 393 514 589 648 
SCL #err deg : 2175 / 7400
SCL #err weighted degeneracy : 1961 1961 1983 2070 2132 2178 
degeneracy helps : 550 550 587 623 637 652 
degeneracy worse : 336 336 395 518 594 655 
SCL #err deg : 2197 / 7500
SCL #err weighted degeneracy : 1985 1985 2007 2094 2156 2201 
degeneracy helps : 556 556 594 631 645 660 
degeneracy worse : 344 344 404 528 604 664 
SCL #err deg : 2228 / 7600
SCL #err weighted degeneracy : 2019 2019 2038 2124 2187 2235 
degeneracy helps : 560 560 601 639 653 667 
degeneracy worse : 351 351 411 535 612 674 
SCL #err deg : 2257 / 7700
SCL #err weighted degeneracy : 2046 2046 2066 2155 2219 2268 
degeneracy helps : 566 566 607 646 661 675 
degeneracy worse : 355 355 416 544 623 686 
SCL #err deg : 2286 / 7800
SCL #err weighted degeneracy : 2077 2077 2098 2189 2252 2301 
degeneracy helps : 573 573 614 654 670 684 
degeneracy worse : 364 364 426 557 636 699 
SCL #err deg : 2315 / 7900
SCL #err weighted degeneracy : 2104 2104 2126 2218 2282 2332 
degeneracy helps : 580 580 622 661 678 692 
degeneracy worse : 369 369 433 564 645 709 
SCL #err deg : 2342 / 8000
SCL #err weighted degeneracy : 2126 2126 2149 2242 2306 2358 
degeneracy helps : 587 587 630 668 685 698 
degeneracy worse : 371 371 437 568 649 714 
SCL #err deg : 2374 / 8100
SCL #err weighted degeneracy : 2156 2156 2178 2272 2337 2391 
degeneracy helps : 591 591 635 674 691 704 
degeneracy worse : 373 373 439 572 654 721 
SCL #err deg : 2403 / 8200
SCL #err weighted degeneracy : 2188 2188 2210 2308 2373 2426 
degeneracy helps : 597 597 642 681 698 711 
degeneracy worse : 382 382 449 586 668 734 
SCL #err deg : 2432 / 8300
SCL #err weighted degeneracy : 2215 2215 2238 2339 2404 2456 
degeneracy helps : 604 604 650 690 707 721 
degeneracy worse : 387 387 456 597 679 745 
SCL #err deg : 2466 / 8400
SCL #err weighted degeneracy : 2242 2242 2266 2366 2431 2486 
degeneracy helps : 613 613 661 702 719 732 
degeneracy worse : 389 389 461 602 684 752 
SCL #err deg : 2496 / 8500
SCL #err weighted degeneracy : 2265 2265 2291 2391 2458 2515 
degeneracy helps : 623 623 671 712 727 740 
degeneracy worse : 392 392 466 607 689 759 
SCL #err deg : 2528 / 8600
SCL #err weighted degeneracy : 2295 2295 2321 2423 2490 2547 
degeneracy helps : 631 631 679 719 734 748 
degeneracy worse : 398 398 472 614 696 767 
SCL #err deg : 2559 / 8700
SCL #err weighted degeneracy : 2323 2323 2349 2453 2519 2579 
degeneracy helps : 638 639 687 725 741 754 
degeneracy worse : 403 403 477 619 701 774 
SCL #err deg : 2588 / 8800
SCL #err weighted degeneracy : 2354 2354 2381 2488 2553 2614 
degeneracy helps : 643 644 691 729 746 758 
degeneracy worse : 410 410 484 629 711 784 
SCL #err deg : 2610 / 8900
SCL #err weighted degeneracy : 2380 2380 2404 2512 2579 2641 
degeneracy helps : 648 649 697 736 753 765 
degeneracy worse : 419 419 491 638 722 796 
SCL #err deg : 2639 / 9000
SCL #err weighted degeneracy : 2403 2403 2427 2535 2601 2663 
degeneracy helps : 662 663 712 754 771 783 
degeneracy worse : 427 427 500 650 733 807 
SCL #err deg : 2662 / 9100
SCL #err weighted degeneracy : 2428 2428 2450 2560 2626 2687 
degeneracy helps : 665 666 717 759 776 789 
degeneracy worse : 432 432 505 657 740 814 
SCL #err deg : 2691 / 9200
SCL #err weighted degeneracy : 2455 2455 2479 2590 2657 2720 
degeneracy helps : 673 674 725 768 785 797 
degeneracy worse : 438 438 513 667 751 826 
SCL #err deg : 2730 / 9300
SCL #err weighted degeneracy : 2482 2482 2507 2620 2688 2751 
degeneracy helps : 688 689 740 783 801 812 
degeneracy worse : 441 441 517 673 759 833 
SCL #err deg : 2758 / 9400
SCL #err weighted degeneracy : 2514 2514 2541 2653 2721 2785 
degeneracy helps : 692 693 745 789 807 818 
degeneracy worse : 449 449 528 684 770 845 
SCL #err deg : 2797 / 9500
SCL #err weighted degeneracy : 2548 2548 2574 2690 2757 2823 
degeneracy helps : 706 707 760 804 823 832 
degeneracy worse : 458 458 537 697 783 858 
SCL #err deg : 2828 / 9600
SCL #err weighted degeneracy : 2576 2576 2602 2717 2786 2851 
degeneracy helps : 711 712 766 811 831 840 
degeneracy worse : 460 460 540 700 789 863 
SCL #err deg : 2859 / 9700
SCL #err weighted degeneracy : 2607 2607 2632 2748 2818 2883 
degeneracy helps : 720 721 775 821 841 851 
degeneracy worse : 469 469 548 710 800 875 
SCL #err deg : 2895 / 9800
SCL #err weighted degeneracy : 2637 2637 2662 2780 2850 2914 
degeneracy helps : 730 731 786 833 855 866 
degeneracy worse : 473 473 553 718 810 885 
SCL #err deg : 2917 / 9900
SCL #err weighted degeneracy : 2659 2659 2684 2803 2874 2941 
degeneracy helps : 735 736 791 838 860 871 
degeneracy worse : 478 478 558 724 817 895 
SCL #err deg : 2943 / 10000
SCL #err weighted degeneracy : 2676 2676 2701 2822 2894 2962 
degeneracy helps : 745 746 802 849 870 881 
degeneracy worse : 479 479 560 728 821 900 
average #flips: 27.4513
SCL #err considering degeneracy: 2943
error due to equal 846
error due to SCL smaller 2097
Finish in 2316 s
