Simulation Polar syndrome FASTER N=512, K=257, l=128, pz=0.11, #samples=10000, seed=77
HPW construction
Event generator random seed: 77
SCL #err deg : 37 / 100
SCL #err weighted degeneracy : 29 29 31 36 37 37 
degeneracy helps : 10 10 10 11 12 12 
degeneracy worse : 2 2 4 10 12 12 
SCL #err deg : 78 / 200
SCL #err weighted degeneracy : 68 68 70 78 78 79 
degeneracy helps : 21 21 21 23 25 24 
degeneracy worse : 11 11 13 23 25 25 
SCL #err deg : 125 / 300
SCL #err weighted degeneracy : 105 105 109 115 117 118 
degeneracy helps : 36 36 36 40 43 42 
degeneracy worse : 16 16 20 30 35 35 
SCL #err deg : 160 / 400
SCL #err weighted degeneracy : 138 138 143 156 157 158 
degeneracy helps : 41 41 41 45 51 50 
degeneracy worse : 19 19 24 41 48 48 
SCL #err deg : 194 / 500
SCL #err weighted degeneracy : 174 174 179 193 195 197 
degeneracy helps : 46 46 48 54 59 58 
degeneracy worse : 26 26 33 53 60 61 
SCL #err deg : 232 / 600
SCL #err weighted degeneracy : 208 208 213 234 239 242 
degeneracy helps : 56 56 58 64 67 65 
degeneracy worse : 32 32 39 66 74 75 
SCL #err deg : 269 / 700
SCL #err weighted degeneracy : 242 242 247 269 275 280 
degeneracy helps : 65 65 68 75 79 76 
degeneracy worse : 38 38 46 75 85 87 
SCL #err deg : 300 / 800
SCL #err weighted degeneracy : 273 273 279 301 311 318 
degeneracy helps : 70 70 74 82 85 82 
degeneracy worse : 43 43 53 83 96 100 
SCL #err deg : 336 / 900
SCL #err weighted degeneracy : 307 307 313 338 350 357 
degeneracy helps : 81 81 87 94 98 97 
degeneracy worse : 52 52 64 96 112 118 
SCL #err deg : 372 / 1000
SCL #err weighted degeneracy : 333 333 338 361 375 383 
degeneracy helps : 92 92 99 109 114 114 
degeneracy worse : 53 53 65 98 117 125 
SCL #err deg : 409 / 1100
SCL #err weighted degeneracy : 363 363 367 395 410 418 
degeneracy helps : 102 102 110 118 123 124 
degeneracy worse : 56 56 68 104 124 133 
SCL #err deg : 456 / 1200
SCL #err weighted degeneracy : 407 407 411 440 454 462 
degeneracy helps : 113 113 123 132 139 141 
degeneracy worse : 64 64 78 116 137 147 
SCL #err deg : 495 / 1300
SCL #err weighted degeneracy : 441 441 447 480 495 503 
degeneracy helps : 122 122 133 142 151 154 
degeneracy worse : 68 68 85 127 151 162 
SCL #err deg : 538 / 1400
SCL #err weighted degeneracy : 480 480 487 523 537 545 
degeneracy helps : 129 129 144 153 164 168 
degeneracy worse : 71 71 93 138 163 175 
SCL #err deg : 570 / 1500
SCL #err weighted degeneracy : 512 512 517 558 572 581 
degeneracy helps : 134 134 151 160 172 179 
degeneracy worse : 76 76 98 148 174 190 
SCL #err deg : 610 / 1600
SCL #err weighted degeneracy : 551 551 557 598 615 623 
degeneracy helps : 140 140 157 168 180 189 
degeneracy worse : 81 81 104 156 185 202 
SCL #err deg : 645 / 1700
SCL #err weighted degeneracy : 588 588 594 636 653 662 
degeneracy helps : 146 146 166 178 190 200 
degeneracy worse : 89 89 115 169 198 217 
SCL #err deg : 683 / 1800
SCL #err weighted degeneracy : 628 628 637 683 700 709 
degeneracy helps : 155 155 174 186 199 211 
degeneracy worse : 100 100 128 186 216 237 
SCL #err deg : 717 / 1900
SCL #err weighted degeneracy : 662 662 672 717 735 742 
degeneracy helps : 160 160 180 195 208 221 
degeneracy worse : 105 105 135 195 226 246 
SCL #err deg : 761 / 2000
SCL #err weighted degeneracy : 697 697 709 760 777 784 
degeneracy helps : 176 176 196 210 225 238 
degeneracy worse : 112 112 144 209 241 261 
SCL #err deg : 796 / 2100
SCL #err weighted degeneracy : 732 732 744 799 818 824 
degeneracy helps : 184 184 203 217 232 246 
degeneracy worse : 120 120 151 220 254 274 
SCL #err deg : 832 / 2200
SCL #err weighted degeneracy : 765 765 781 833 854 860 
degeneracy helps : 194 194 212 229 244 258 
degeneracy worse : 127 127 161 230 266 286 
SCL #err deg : 866 / 2300
SCL #err weighted degeneracy : 799 799 815 869 893 900 
degeneracy helps : 199 199 217 235 252 266 
degeneracy worse : 132 132 166 238 279 300 
SCL #err deg : 907 / 2400
SCL #err weighted degeneracy : 838 838 856 914 939 945 
degeneracy helps : 206 206 223 241 258 273 
degeneracy worse : 137 137 172 248 290 311 
SCL #err deg : 947 / 2500
SCL #err weighted degeneracy : 875 875 890 946 972 982 
degeneracy helps : 213 213 232 253 270 284 
degeneracy worse : 141 141 175 252 295 319 
SCL #err deg : 982 / 2600
SCL #err weighted degeneracy : 905 905 919 981 1007 1017 
degeneracy helps : 222 222 243 262 279 293 
degeneracy worse : 145 145 180 261 304 328 
SCL #err deg : 1008 / 2700
SCL #err weighted degeneracy : 935 935 947 1013 1042 1052 
degeneracy helps : 225 225 248 267 285 299 
degeneracy worse : 152 152 187 272 319 343 
SCL #err deg : 1049 / 2800
SCL #err weighted degeneracy : 978 978 991 1058 1085 1095 
degeneracy helps : 230 230 254 273 292 306 
degeneracy worse : 159 159 196 282 328 352 
SCL #err deg : 1093 / 2900
SCL #err weighted degeneracy : 1014 1014 1032 1103 1129 1136 
degeneracy helps : 246 246 267 283 303 319 
degeneracy worse : 167 167 206 293 339 362 
SCL #err deg : 1125 / 3000
SCL #err weighted degeneracy : 1043 1043 1059 1133 1164 1174 
degeneracy helps : 255 255 277 296 315 330 
degeneracy worse : 173 173 211 304 354 379 
SCL #err deg : 1156 / 3100
SCL #err weighted degeneracy : 1076 1076 1094 1171 1203 1214 
degeneracy helps : 261 261 285 306 325 340 
degeneracy worse : 181 181 223 321 372 398 
SCL #err deg : 1190 / 3200
SCL #err weighted degeneracy : 1106 1106 1128 1204 1236 1247 
degeneracy helps : 270 270 293 316 335 352 
degeneracy worse : 186 186 231 330 381 409 
SCL #err deg : 1227 / 3300
SCL #err weighted degeneracy : 1142 1142 1164 1242 1277 1288 
degeneracy helps : 279 279 303 328 346 364 
degeneracy worse : 194 194 240 343 396 425 
SCL #err deg : 1262 / 3400
SCL #err weighted degeneracy : 1177 1177 1200 1277 1314 1324 
degeneracy helps : 286 286 310 340 358 376 
degeneracy worse : 201 201 248 355 410 438 
SCL #err deg : 1300 / 3500
SCL #err weighted degeneracy : 1208 1208 1235 1313 1349 1359 
degeneracy helps : 299 299 321 352 372 391 
degeneracy worse : 207 207 256 365 421 450 
SCL #err deg : 1340 / 3600
SCL #err weighted degeneracy : 1246 1246 1270 1349 1386 1397 
degeneracy helps : 310 310 334 366 386 406 
degeneracy worse : 216 216 264 375 432 463 
SCL #err deg : 1376 / 3700
SCL #err weighted degeneracy : 1281 1281 1302 1386 1423 1435 
degeneracy helps : 320 320 345 377 397 417 
degeneracy worse : 225 225 271 387 444 476 
SCL #err deg : 1419 / 3800
SCL #err weighted degeneracy : 1326 1326 1347 1434 1473 1481 
degeneracy helps : 327 327 352 384 405 427 
degeneracy worse : 234 234 280 399 459 489 
SCL #err deg : 1462 / 3900
SCL #err weighted degeneracy : 1358 1358 1382 1470 1512 1526 
degeneracy helps : 340 340 364 398 419 440 
degeneracy worse : 236 236 284 406 469 504 
SCL #err deg : 1496 / 4000
SCL #err weighted degeneracy : 1389 1389 1412 1501 1546 1561 
degeneracy helps : 349 349 374 408 430 451 
degeneracy worse : 242 242 290 413 480 516 
SCL #err deg : 1528 / 4100
SCL #err weighted degeneracy : 1422 1422 1443 1535 1581 1600 
degeneracy helps : 355 355 380 415 438 457 
degeneracy worse : 249 249 295 422 491 529 
SCL #err deg : 1564 / 4200
SCL #err weighted degeneracy : 1464 1464 1484 1574 1618 1636 
degeneracy helps : 361 361 387 424 448 469 
degeneracy worse : 261 261 307 434 502 541 
SCL #err deg : 1602 / 4300
SCL #err weighted degeneracy : 1500 1500 1519 1611 1654 1677 
degeneracy helps : 370 370 397 436 462 480 
degeneracy worse : 268 268 314 445 514 555 
SCL #err deg : 1629 / 4400
SCL #err weighted degeneracy : 1523 1523 1544 1636 1678 1702 
degeneracy helps : 381 381 409 448 475 493 
degeneracy worse : 275 275 324 455 524 566 
SCL #err deg : 1663 / 4500
SCL #err weighted degeneracy : 1558 1558 1579 1667 1710 1734 
degeneracy helps : 388 388 417 459 487 504 
degeneracy worse : 283 283 333 463 534 575 
SCL #err deg : 1698 / 4600
SCL #err weighted degeneracy : 1592 1592 1616 1705 1748 1773 
degeneracy helps : 396 396 424 467 495 512 
degeneracy worse : 290 290 342 474 545 587 
SCL #err deg : 1731 / 4700
SCL #err weighted degeneracy : 1625 1625 1649 1738 1782 1808 
degeneracy helps : 404 404 432 477 505 521 
degeneracy worse : 298 298 350 484 556 598 
SCL #err deg : 1770 / 4800
SCL #err weighted degeneracy : 1664 1664 1689 1782 1827 1854 
degeneracy helps : 411 411 438 486 514 530 
degeneracy worse : 305 305 357 498 571 614 
SCL #err deg : 1796 / 4900
SCL #err weighted degeneracy : 1692 1692 1718 1814 1860 1888 
degeneracy helps : 416 416 444 493 520 536 
degeneracy worse : 312 312 366 511 584 628 
SCL #err deg : 1831 / 5000
SCL #err weighted degeneracy : 1722 1722 1749 1847 1894 1923 
degeneracy helps : 428 428 456 505 532 548 
degeneracy worse : 319 319 374 521 595 640 
SCL #err deg : 1874 / 5100
SCL #err weighted degeneracy : 1758 1758 1784 1887 1933 1963 
degeneracy helps : 442 442 471 519 548 563 
degeneracy worse : 326 326 381 532 607 652 
SCL #err deg : 1908 / 5200
SCL #err weighted degeneracy : 1789 1789 1815 1921 1968 1999 
degeneracy helps : 452 452 482 530 560 576 
degeneracy worse : 333 333 389 543 620 667 
SCL #err deg : 1935 / 5300
SCL #err weighted degeneracy : 1819 1819 1846 1952 1996 2030 
degeneracy helps : 458 458 487 536 568 584 
degeneracy worse : 342 342 398 553 629 679 
SCL #err deg : 1977 / 5400
SCL #err weighted degeneracy : 1857 1857 1884 1994 2039 2074 
degeneracy helps : 467 467 497 546 579 595 
degeneracy worse : 347 347 404 563 641 692 
SCL #err deg : 2014 / 5500
SCL #err weighted degeneracy : 1894 1894 1919 2031 2078 2111 
degeneracy helps : 476 476 507 556 589 606 
degeneracy worse : 356 356 412 573 653 703 
SCL #err deg : 2049 / 5600
SCL #err weighted degeneracy : 1925 1925 1950 2064 2113 2146 
degeneracy helps : 485 485 516 566 600 618 
degeneracy worse : 361 361 417 581 664 715 
SCL #err deg : 2080 / 5700
SCL #err weighted degeneracy : 1961 1961 1986 2101 2150 2183 
degeneracy helps : 489 489 520 572 607 626 
degeneracy worse : 370 370 426 593 677 729 
SCL #err deg : 2121 / 5800
SCL #err weighted degeneracy : 1998 1998 2022 2138 2189 2223 
degeneracy helps : 498 498 530 583 618 639 
degeneracy worse : 375 375 431 600 686 741 
SCL #err deg : 2156 / 5900
SCL #err weighted degeneracy : 2032 2032 2053 2169 2221 2260 
degeneracy helps : 504 504 538 593 628 648 
degeneracy worse : 380 380 435 606 693 752 
SCL #err deg : 2192 / 6000
SCL #err weighted degeneracy : 2065 2065 2085 2204 2255 2291 
degeneracy helps : 512 512 547 604 641 663 
degeneracy worse : 385 385 440 616 704 762 
SCL #err deg : 2220 / 6100
SCL #err weighted degeneracy : 2093 2093 2112 2232 2283 2317 
degeneracy helps : 520 520 557 615 652 675 
degeneracy worse : 393 393 449 627 715 772 
SCL #err deg : 2252 / 6200
SCL #err weighted degeneracy : 2119 2119 2141 2265 2318 2354 
degeneracy helps : 530 530 565 624 661 684 
degeneracy worse : 397 397 454 637 727 786 
SCL #err deg : 2293 / 6300
SCL #err weighted degeneracy : 2152 2152 2174 2303 2357 2392 
degeneracy helps : 542 542 578 635 673 697 
degeneracy worse : 401 401 459 645 737 796 
SCL #err deg : 2328 / 6400
SCL #err weighted degeneracy : 2189 2189 2212 2341 2398 2434 
degeneracy helps : 548 548 585 644 682 705 
degeneracy worse : 409 409 469 657 752 811 
SCL #err deg : 2367 / 6500
SCL #err weighted degeneracy : 2224 2224 2246 2381 2439 2475 
degeneracy helps : 560 560 598 657 696 718 
degeneracy worse : 417 417 477 671 768 826 
SCL #err deg : 2408 / 6600
SCL #err weighted degeneracy : 2262 2262 2282 2418 2478 2517 
degeneracy helps : 569 569 610 673 712 734 
degeneracy worse : 423 423 484 683 782 843 
SCL #err deg : 2440 / 6700
SCL #err weighted degeneracy : 2297 2297 2319 2456 2519 2558 
degeneracy helps : 577 577 617 680 720 743 
degeneracy worse : 434 434 496 696 799 861 
SCL #err deg : 2478 / 6800
SCL #err weighted degeneracy : 2336 2336 2358 2496 2558 2596 
degeneracy helps : 585 585 626 689 730 755 
degeneracy worse : 443 443 506 707 810 873 
SCL #err deg : 2512 / 6900
SCL #err weighted degeneracy : 2373 2373 2393 2534 2594 2631 
degeneracy helps : 594 594 637 700 742 768 
degeneracy worse : 455 455 518 722 824 887 
SCL #err deg : 2543 / 7000
SCL #err weighted degeneracy : 2403 2403 2427 2569 2630 2670 
degeneracy helps : 603 603 644 706 748 774 
degeneracy worse : 463 463 528 732 835 901 
SCL #err deg : 2573 / 7100
SCL #err weighted degeneracy : 2431 2431 2458 2602 2664 2706 
degeneracy helps : 613 613 653 715 757 784 
degeneracy worse : 471 471 538 744 848 917 
SCL #err deg : 2600 / 7200
SCL #err weighted degeneracy : 2455 2455 2485 2626 2690 2733 
degeneracy helps : 618 618 659 724 767 795 
degeneracy worse : 473 473 544 750 857 928 
SCL #err deg : 2637 / 7300
SCL #err weighted degeneracy : 2488 2488 2519 2660 2724 2769 
degeneracy helps : 627 627 669 735 779 807 
degeneracy worse : 478 478 551 758 866 939 
SCL #err deg : 2671 / 7400
SCL #err weighted degeneracy : 2531 2531 2564 2704 2765 2810 
degeneracy helps : 632 632 674 741 787 817 
degeneracy worse : 492 492 567 774 881 956 
SCL #err deg : 2701 / 7500
SCL #err weighted degeneracy : 2571 2571 2603 2741 2805 2847 
degeneracy helps : 638 638 681 749 793 824 
degeneracy worse : 508 508 583 789 897 970 
SCL #err deg : 2741 / 7600
SCL #err weighted degeneracy : 2606 2606 2640 2778 2843 2883 
degeneracy helps : 648 648 692 761 806 839 
degeneracy worse : 513 513 591 798 908 981 
SCL #err deg : 2782 / 7700
SCL #err weighted degeneracy : 2641 2641 2676 2812 2878 2921 
degeneracy helps : 659 659 703 775 820 851 
degeneracy worse : 518 518 597 805 916 990 
SCL #err deg : 2818 / 7800
SCL #err weighted degeneracy : 2680 2680 2715 2854 2921 2963 
degeneracy helps : 665 665 711 783 827 859 
degeneracy worse : 527 527 608 819 930 1004 
SCL #err deg : 2859 / 7900
SCL #err weighted degeneracy : 2717 2717 2753 2893 2961 3006 
degeneracy helps : 673 673 720 793 837 869 
degeneracy worse : 531 531 614 827 939 1016 
SCL #err deg : 2898 / 8000
SCL #err weighted degeneracy : 2750 2750 2788 2928 2999 3046 
degeneracy helps : 685 685 731 804 849 881 
degeneracy worse : 537 537 621 834 950 1029 
SCL #err deg : 2936 / 8100
SCL #err weighted degeneracy : 2786 2786 2826 2968 3041 3088 
degeneracy helps : 691 691 736 809 853 886 
degeneracy worse : 541 541 626 841 958 1038 
SCL #err deg : 2970 / 8200
SCL #err weighted degeneracy : 2815 2815 2855 2996 3072 3121 
degeneracy helps : 701 701 746 821 864 897 
degeneracy worse : 546 546 631 847 966 1048 
SCL #err deg : 3001 / 8300
SCL #err weighted degeneracy : 2848 2848 2888 3032 3108 3157 
degeneracy helps : 709 709 754 827 870 904 
degeneracy worse : 556 556 641 858 977 1060 
SCL #err deg : 3041 / 8400
SCL #err weighted degeneracy : 2878 2878 2917 3060 3142 3188 
degeneracy helps : 720 720 767 842 882 919 
degeneracy worse : 557 557 643 861 983 1066 
SCL #err deg : 3077 / 8500
SCL #err weighted degeneracy : 2912 2912 2953 3097 3180 3226 
degeneracy helps : 729 729 776 853 892 930 
degeneracy worse : 564 564 652 873 995 1079 
SCL #err deg : 3119 / 8600
SCL #err weighted degeneracy : 2951 2951 2991 3131 3214 3259 
degeneracy helps : 742 742 789 869 908 947 
degeneracy worse : 574 574 661 881 1003 1087 
SCL #err deg : 3157 / 8700
SCL #err weighted degeneracy : 2984 2984 3024 3163 3246 3292 
degeneracy helps : 752 752 799 880 919 959 
degeneracy worse : 579 579 666 886 1008 1094 
SCL #err deg : 3185 / 8800
SCL #err weighted degeneracy : 3014 3014 3055 3201 3285 3332 
degeneracy helps : 759 759 808 887 927 967 
degeneracy worse : 588 588 678 903 1027 1114 
SCL #err deg : 3218 / 8900
SCL #err weighted degeneracy : 3046 3046 3086 3232 3318 3365 
degeneracy helps : 767 767 818 899 940 980 
degeneracy worse : 595 595 686 913 1040 1127 
SCL #err deg : 3253 / 9000
SCL #err weighted degeneracy : 3077 3077 3119 3268 3353 3401 
degeneracy helps : 775 775 826 907 949 989 
degeneracy worse : 599 599 692 922 1049 1137 
SCL #err deg : 3286 / 9100
SCL #err weighted degeneracy : 3113 3113 3155 3306 3393 3441 
degeneracy helps : 781 781 832 913 956 996 
degeneracy worse : 608 608 701 933 1063 1151 
SCL #err deg : 3320 / 9200
SCL #err weighted degeneracy : 3142 3142 3188 3340 3426 3474 
degeneracy helps : 792 792 842 925 968 1007 
degeneracy worse : 614 614 710 945 1074 1161 
SCL #err deg : 3356 / 9300
SCL #err weighted degeneracy : 3175 3175 3219 3371 3459 3508 
degeneracy helps : 803 803 856 940 981 1021 
degeneracy worse : 622 622 719 955 1084 1173 
SCL #err deg : 3399 / 9400
SCL #err weighted degeneracy : 3210 3210 3251 3405 3492 3542 
degeneracy helps : 815 815 870 954 997 1036 
degeneracy worse : 626 626 722 960 1090 1179 
SCL #err deg : 3437 / 9500
SCL #err weighted degeneracy : 3245 3245 3285 3442 3528 3580 
degeneracy helps : 824 824 881 963 1008 1047 
degeneracy worse : 632 632 729 968 1099 1190 
SCL #err deg : 3467 / 9600
SCL #err weighted degeneracy : 3271 3271 3311 3468 3556 3609 
degeneracy helps : 835 835 891 975 1020 1059 
degeneracy worse : 639 639 735 976 1109 1201 
SCL #err deg : 3505 / 9700
SCL #err weighted degeneracy : 3302 3302 3343 3502 3590 3643 
degeneracy helps : 844 844 901 989 1034 1072 
degeneracy worse : 641 641 739 986 1119 1210 
SCL #err deg : 3537 / 9800
SCL #err weighted degeneracy : 3335 3335 3376 3538 3626 3680 
degeneracy helps : 850 850 908 998 1044 1082 
degeneracy worse : 648 648 747 999 1133 1225 
SCL #err deg : 3566 / 9900
SCL #err weighted degeneracy : 3362 3362 3405 3572 3662 3716 
degeneracy helps : 860 860 917 1007 1052 1092 
degeneracy worse : 656 656 756 1013 1148 1242 
SCL #err deg : 3600 / 10000
SCL #err weighted degeneracy : 3390 3390 3431 3596 3688 3744 
degeneracy helps : 872 872 931 1023 1069 1109 
degeneracy worse : 662 662 762 1019 1157 1253 
average #flips: 56.2063
SCL #err considering degeneracy: 3600
error due to equal 727
error due to SCL smaller 2832
Finish in 5185 s
