Simulation Polar syndrome FASTER N=512, K=257, l=128, pz=0.18, #samples=10000, seed=77
HPW construction
Event generator random seed: 77
SCL #err deg : 72 / 100
SCL #err weighted degeneracy : 76 77 75 72 72 71 
degeneracy helps : 7 7 8 13 14 14 
degeneracy worse : 11 12 11 13 14 13 
SCL #err deg : 149 / 200
SCL #err weighted degeneracy : 152 154 150 149 148 145 
degeneracy helps : 16 15 18 23 27 27 
degeneracy worse : 19 20 19 23 26 23 
SCL #err deg : 226 / 300
SCL #err weighted degeneracy : 231 233 227 226 226 221 
degeneracy helps : 26 25 31 38 42 44 
degeneracy worse : 31 32 32 38 42 39 
SCL #err deg : 303 / 400
SCL #err weighted degeneracy : 310 312 306 302 302 296 
degeneracy helps : 32 30 37 48 53 57 
degeneracy worse : 39 39 40 47 52 50 
SCL #err deg : 376 / 500
SCL #err weighted degeneracy : 390 391 384 380 378 371 
degeneracy helps : 37 35 43 54 61 65 
degeneracy worse : 51 50 51 58 63 60 
SCL #err deg : 444 / 600
SCL #err weighted degeneracy : 461 461 455 450 450 442 
degeneracy helps : 43 43 49 60 67 72 
degeneracy worse : 60 60 60 66 73 70 
SCL #err deg : 524 / 700
SCL #err weighted degeneracy : 541 540 535 532 530 520 
degeneracy helps : 47 48 54 64 73 81 
degeneracy worse : 64 64 65 72 79 77 
SCL #err deg : 602 / 800
SCL #err weighted degeneracy : 620 622 615 611 609 601 
degeneracy helps : 54 53 60 71 81 88 
degeneracy worse : 72 73 73 80 88 87 
SCL #err deg : 679 / 900
SCL #err weighted degeneracy : 697 698 691 687 685 674 
degeneracy helps : 63 62 70 80 91 102 
degeneracy worse : 81 81 82 88 97 97 
SCL #err deg : 753 / 1000
SCL #err weighted degeneracy : 773 773 767 765 758 745 
degeneracy helps : 71 71 79 89 101 112 
degeneracy worse : 91 91 93 101 106 104 
SCL #err deg : 831 / 1100
SCL #err weighted degeneracy : 843 843 840 836 830 815 
degeneracy helps : 82 82 88 100 113 127 
degeneracy worse : 94 94 97 105 112 111 
SCL #err deg : 906 / 1200
SCL #err weighted degeneracy : 921 924 919 915 909 893 
degeneracy helps : 87 85 92 106 120 134 
degeneracy worse : 102 103 105 115 123 121 
SCL #err deg : 979 / 1300
SCL #err weighted degeneracy : 998 1000 996 994 988 973 
degeneracy helps : 97 94 102 115 131 143 
degeneracy worse : 116 115 119 130 140 137 
SCL #err deg : 1058 / 1400
SCL #err weighted degeneracy : 1077 1078 1076 1074 1070 1051 
degeneracy helps : 104 100 109 124 139 155 
degeneracy worse : 123 120 127 140 151 148 
SCL #err deg : 1134 / 1500
SCL #err weighted degeneracy : 1156 1158 1155 1147 1144 1125 
degeneracy helps : 109 105 113 132 148 164 
degeneracy worse : 131 129 134 145 158 155 
SCL #err deg : 1209 / 1600
SCL #err weighted degeneracy : 1232 1234 1229 1220 1217 1197 
degeneracy helps : 118 114 124 144 161 178 
degeneracy worse : 141 139 144 155 169 166 
SCL #err deg : 1284 / 1700
SCL #err weighted degeneracy : 1304 1307 1302 1297 1296 1277 
degeneracy helps : 127 123 133 152 168 184 
degeneracy worse : 147 146 151 165 180 177 
SCL #err deg : 1358 / 1800
SCL #err weighted degeneracy : 1383 1385 1381 1373 1375 1355 
degeneracy helps : 134 130 141 162 177 194 
degeneracy worse : 159 157 164 177 194 191 
SCL #err deg : 1433 / 1900
SCL #err weighted degeneracy : 1460 1459 1459 1454 1453 1434 
degeneracy helps : 143 140 149 168 186 202 
degeneracy worse : 170 166 175 189 206 203 
SCL #err deg : 1501 / 2000
SCL #err weighted degeneracy : 1526 1527 1524 1520 1517 1496 
degeneracy helps : 155 149 163 182 200 219 
degeneracy worse : 180 175 186 201 216 214 
SCL #err deg : 1575 / 2100
SCL #err weighted degeneracy : 1604 1606 1603 1595 1590 1570 
degeneracy helps : 162 155 171 193 212 232 
degeneracy worse : 191 186 199 213 227 227 
SCL #err deg : 1656 / 2200
SCL #err weighted degeneracy : 1685 1687 1684 1675 1671 1652 
degeneracy helps : 170 163 180 204 222 242 
degeneracy worse : 199 194 208 223 237 238 
SCL #err deg : 1725 / 2300
SCL #err weighted degeneracy : 1758 1760 1757 1742 1740 1721 
degeneracy helps : 178 170 190 219 237 257 
degeneracy worse : 211 205 222 236 252 253 
SCL #err deg : 1801 / 2400
SCL #err weighted degeneracy : 1829 1832 1829 1816 1815 1795 
degeneracy helps : 187 178 198 228 247 268 
degeneracy worse : 215 209 226 243 261 262 
SCL #err deg : 1879 / 2500
SCL #err weighted degeneracy : 1908 1910 1908 1893 1890 1870 
degeneracy helps : 195 186 206 238 258 278 
degeneracy worse : 224 217 235 252 269 269 
SCL #err deg : 1957 / 2600
SCL #err weighted degeneracy : 1992 1994 1992 1977 1976 1955 
degeneracy helps : 201 193 212 244 264 284 
degeneracy worse : 236 230 247 264 283 282 
SCL #err deg : 2025 / 2700
SCL #err weighted degeneracy : 2068 2068 2066 2056 2050 2032 
degeneracy helps : 203 196 215 246 270 290 
degeneracy worse : 246 239 256 277 295 297 
SCL #err deg : 2103 / 2800
SCL #err weighted degeneracy : 2148 2146 2146 2133 2125 2109 
degeneracy helps : 213 206 225 259 285 305 
degeneracy worse : 258 249 268 289 307 311 
SCL #err deg : 2181 / 2900
SCL #err weighted degeneracy : 2222 2217 2221 2208 2203 2183 
degeneracy helps : 220 215 231 265 291 315 
degeneracy worse : 261 251 271 292 313 317 
SCL #err deg : 2256 / 3000
SCL #err weighted degeneracy : 2294 2289 2292 2283 2277 2256 
degeneracy helps : 230 224 243 275 303 326 
degeneracy worse : 268 257 279 302 324 326 
SCL #err deg : 2327 / 3100
SCL #err weighted degeneracy : 2369 2364 2371 2362 2354 2332 
degeneracy helps : 235 228 248 282 311 335 
degeneracy worse : 277 265 292 317 338 340 
SCL #err deg : 2401 / 3200
SCL #err weighted degeneracy : 2440 2432 2443 2433 2430 2409 
degeneracy helps : 244 238 257 294 320 344 
degeneracy worse : 283 269 299 326 349 352 
SCL #err deg : 2476 / 3300
SCL #err weighted degeneracy : 2518 2510 2522 2515 2511 2489 
degeneracy helps : 252 245 265 301 327 351 
degeneracy worse : 294 279 311 340 362 364 
SCL #err deg : 2546 / 3400
SCL #err weighted degeneracy : 2588 2582 2591 2584 2580 2561 
degeneracy helps : 261 253 275 311 339 362 
degeneracy worse : 303 289 320 349 373 377 
SCL #err deg : 2615 / 3500
SCL #err weighted degeneracy : 2655 2649 2659 2654 2653 2636 
degeneracy helps : 271 262 284 320 347 369 
degeneracy worse : 311 296 328 359 385 390 
SCL #err deg : 2690 / 3600
SCL #err weighted degeneracy : 2728 2722 2733 2730 2728 2711 
degeneracy helps : 279 270 292 329 358 382 
degeneracy worse : 317 302 335 369 396 403 
SCL #err deg : 2768 / 3700
SCL #err weighted degeneracy : 2806 2800 2812 2809 2806 2787 
degeneracy helps : 286 277 299 337 366 390 
degeneracy worse : 324 309 343 378 404 409 
SCL #err deg : 2841 / 3800
SCL #err weighted degeneracy : 2879 2872 2887 2885 2883 2865 
degeneracy helps : 300 291 311 349 378 402 
degeneracy worse : 338 322 357 393 420 426 
SCL #err deg : 2919 / 3900
SCL #err weighted degeneracy : 2961 2954 2968 2966 2963 2942 
degeneracy helps : 306 297 318 356 386 412 
degeneracy worse : 348 332 367 403 430 435 
SCL #err deg : 3000 / 4000
SCL #err weighted degeneracy : 3045 3037 3050 3050 3047 3026 
degeneracy helps : 310 301 323 360 391 417 
degeneracy worse : 355 338 373 410 438 443 
SCL #err deg : 3075 / 4100
SCL #err weighted degeneracy : 3120 3112 3123 3125 3124 3104 
degeneracy helps : 320 311 334 370 401 427 
degeneracy worse : 365 348 382 420 450 456 
SCL #err deg : 3155 / 4200
SCL #err weighted degeneracy : 3198 3190 3200 3203 3202 3182 
degeneracy helps : 329 321 346 382 414 441 
degeneracy worse : 372 356 391 430 461 468 
SCL #err deg : 3231 / 4300
SCL #err weighted degeneracy : 3275 3264 3275 3279 3279 3259 
degeneracy helps : 337 331 357 392 422 449 
degeneracy worse : 381 364 401 440 470 477 
SCL #err deg : 3310 / 4400
SCL #err weighted degeneracy : 3350 3338 3351 3355 3356 3336 
degeneracy helps : 349 344 368 402 432 459 
degeneracy worse : 389 372 409 447 478 485 
SCL #err deg : 3394 / 4500
SCL #err weighted degeneracy : 3434 3421 3436 3441 3441 3422 
degeneracy helps : 352 347 372 406 437 464 
degeneracy worse : 392 374 414 453 484 492 
SCL #err deg : 3468 / 4600
SCL #err weighted degeneracy : 3509 3497 3510 3516 3516 3497 
degeneracy helps : 361 355 382 415 449 476 
degeneracy worse : 402 384 424 463 497 505 
SCL #err deg : 3545 / 4700
SCL #err weighted degeneracy : 3579 3567 3580 3585 3585 3566 
degeneracy helps : 374 368 396 431 466 493 
degeneracy worse : 408 390 431 471 506 514 
SCL #err deg : 3609 / 4800
SCL #err weighted degeneracy : 3643 3631 3648 3651 3651 3631 
degeneracy helps : 384 378 404 441 477 506 
degeneracy worse : 418 400 443 483 519 528 
SCL #err deg : 3682 / 4900
SCL #err weighted degeneracy : 3720 3705 3725 3727 3729 3705 
degeneracy helps : 392 388 412 450 486 517 
degeneracy worse : 430 411 455 495 533 540 
SCL #err deg : 3747 / 5000
SCL #err weighted degeneracy : 3791 3777 3799 3801 3803 3776 
degeneracy helps : 402 398 422 457 494 528 
degeneracy worse : 446 428 474 511 550 557 
SCL #err deg : 3818 / 5100
SCL #err weighted degeneracy : 3864 3852 3872 3878 3877 3850 
degeneracy helps : 410 404 431 465 503 537 
degeneracy worse : 456 438 485 525 562 569 
SCL #err deg : 3890 / 5200
SCL #err weighted degeneracy : 3932 3920 3939 3947 3945 3918 
degeneracy helps : 418 412 440 472 512 547 
degeneracy worse : 460 442 489 529 567 575 
SCL #err deg : 3954 / 5300
SCL #err weighted degeneracy : 4000 3988 4005 4016 4016 3990 
degeneracy helps : 425 419 449 477 516 552 
degeneracy worse : 471 453 500 539 578 588 
SCL #err deg : 4026 / 5400
SCL #err weighted degeneracy : 4074 4062 4077 4089 4090 4064 
degeneracy helps : 431 425 455 485 522 558 
degeneracy worse : 479 461 506 548 586 596 
SCL #err deg : 4102 / 5500
SCL #err weighted degeneracy : 4144 4131 4150 4165 4164 4139 
degeneracy helps : 442 436 466 496 537 573 
degeneracy worse : 484 465 514 559 599 610 
SCL #err deg : 4172 / 5600
SCL #err weighted degeneracy : 4217 4204 4221 4235 4239 4214 
degeneracy helps : 447 442 472 504 543 579 
degeneracy worse : 492 474 521 567 610 621 
SCL #err deg : 4250 / 5700
SCL #err weighted degeneracy : 4295 4282 4301 4317 4316 4292 
degeneracy helps : 453 448 479 512 555 590 
degeneracy worse : 498 480 530 579 621 632 
SCL #err deg : 4330 / 5800
SCL #err weighted degeneracy : 4375 4363 4379 4398 4397 4373 
degeneracy helps : 459 454 486 517 562 598 
degeneracy worse : 504 487 535 585 629 641 
SCL #err deg : 4410 / 5900
SCL #err weighted degeneracy : 4454 4442 4456 4477 4475 4450 
degeneracy helps : 467 462 497 525 571 608 
degeneracy worse : 511 494 543 592 636 648 
SCL #err deg : 4485 / 6000
SCL #err weighted degeneracy : 4531 4519 4535 4555 4553 4528 
degeneracy helps : 476 471 505 534 581 618 
degeneracy worse : 522 505 555 604 649 661 
SCL #err deg : 4560 / 6100
SCL #err weighted degeneracy : 4609 4599 4612 4628 4628 4605 
degeneracy helps : 483 477 512 546 591 628 
degeneracy worse : 532 516 564 614 659 673 
SCL #err deg : 4636 / 6200
SCL #err weighted degeneracy : 4688 4679 4688 4709 4708 4686 
degeneracy helps : 488 482 520 550 596 633 
degeneracy worse : 540 525 572 623 668 683 
SCL #err deg : 4715 / 6300
SCL #err weighted degeneracy : 4766 4757 4765 4784 4783 4763 
degeneracy helps : 496 490 528 559 605 643 
degeneracy worse : 547 532 578 628 673 691 
SCL #err deg : 4788 / 6400
SCL #err weighted degeneracy : 4845 4836 4844 4860 4862 4839 
degeneracy helps : 501 494 534 567 612 651 
degeneracy worse : 558 542 590 639 686 702 
SCL #err deg : 4864 / 6500
SCL #err weighted degeneracy : 4922 4911 4921 4938 4940 4916 
degeneracy helps : 508 501 540 576 620 660 
degeneracy worse : 566 548 597 650 696 712 
SCL #err deg : 4942 / 6600
SCL #err weighted degeneracy : 5002 4992 5001 5016 5019 4992 
degeneracy helps : 515 508 547 586 630 673 
degeneracy worse : 575 558 606 660 707 723 
SCL #err deg : 5020 / 6700
SCL #err weighted degeneracy : 5076 5066 5075 5088 5092 5068 
degeneracy helps : 523 517 555 596 641 683 
degeneracy worse : 579 563 610 664 713 731 
SCL #err deg : 5095 / 6800
SCL #err weighted degeneracy : 5147 5138 5146 5157 5160 5138 
degeneracy helps : 536 529 569 614 658 697 
degeneracy worse : 588 572 620 676 723 740 
SCL #err deg : 5170 / 6900
SCL #err weighted degeneracy : 5226 5216 5225 5236 5239 5215 
degeneracy helps : 542 535 575 621 665 705 
degeneracy worse : 598 581 630 687 734 750 
SCL #err deg : 5240 / 7000
SCL #err weighted degeneracy : 5299 5290 5298 5310 5316 5291 
degeneracy helps : 549 541 582 629 671 713 
degeneracy worse : 608 591 640 699 747 764 
SCL #err deg : 5310 / 7100
SCL #err weighted degeneracy : 5372 5365 5372 5384 5389 5364 
degeneracy helps : 559 549 592 641 683 724 
degeneracy worse : 621 604 654 715 762 778 
SCL #err deg : 5383 / 7200
SCL #err weighted degeneracy : 5445 5438 5445 5459 5463 5444 
degeneracy helps : 567 557 601 652 695 734 
degeneracy worse : 629 612 663 728 775 795 
SCL #err deg : 5457 / 7300
SCL #err weighted degeneracy : 5516 5507 5520 5534 5536 5517 
degeneracy helps : 576 568 607 657 702 741 
degeneracy worse : 635 618 670 734 781 801 
SCL #err deg : 5533 / 7400
SCL #err weighted degeneracy : 5598 5589 5600 5614 5617 5601 
degeneracy helps : 583 575 614 665 711 750 
degeneracy worse : 648 631 681 746 795 818 
SCL #err deg : 5605 / 7500
SCL #err weighted degeneracy : 5672 5664 5677 5690 5691 5674 
degeneracy helps : 591 582 621 673 719 758 
degeneracy worse : 658 641 693 758 805 827 
SCL #err deg : 5683 / 7600
SCL #err weighted degeneracy : 5754 5747 5759 5772 5773 5757 
degeneracy helps : 596 587 626 678 724 763 
degeneracy worse : 667 651 702 767 814 837 
SCL #err deg : 5766 / 7700
SCL #err weighted degeneracy : 5835 5825 5840 5854 5857 5842 
degeneracy helps : 602 594 632 686 730 768 
degeneracy worse : 671 653 706 774 821 844 
SCL #err deg : 5840 / 7800
SCL #err weighted degeneracy : 5903 5895 5908 5924 5928 5914 
degeneracy helps : 617 608 647 702 746 786 
degeneracy worse : 680 663 715 786 834 860 
SCL #err deg : 5914 / 7900
SCL #err weighted degeneracy : 5980 5973 5984 6000 6002 5988 
degeneracy helps : 624 614 655 710 755 796 
degeneracy worse : 690 673 725 796 843 870 
SCL #err deg : 5990 / 8000
SCL #err weighted degeneracy : 6060 6053 6063 6078 6078 6065 
degeneracy helps : 632 622 664 720 766 807 
degeneracy worse : 702 685 737 808 854 882 
SCL #err deg : 6068 / 8100
SCL #err weighted degeneracy : 6138 6130 6141 6159 6159 6146 
degeneracy helps : 640 631 674 728 776 817 
degeneracy worse : 710 693 747 819 867 895 
SCL #err deg : 6143 / 8200
SCL #err weighted degeneracy : 6213 6206 6218 6235 6233 6220 
degeneracy helps : 647 638 679 734 784 827 
degeneracy worse : 717 701 754 826 874 904 
SCL #err deg : 6223 / 8300
SCL #err weighted degeneracy : 6289 6283 6295 6315 6315 6302 
degeneracy helps : 654 644 686 740 788 831 
degeneracy worse : 720 704 758 832 880 910 
SCL #err deg : 6299 / 8400
SCL #err weighted degeneracy : 6363 6358 6371 6389 6385 6372 
degeneracy helps : 664 654 696 752 802 844 
degeneracy worse : 728 713 768 842 888 917 
SCL #err deg : 6372 / 8500
SCL #err weighted degeneracy : 6439 6434 6449 6465 6457 6446 
degeneracy helps : 672 662 702 760 813 854 
degeneracy worse : 739 724 779 853 898 928 
SCL #err deg : 6456 / 8600
SCL #err weighted degeneracy : 6519 6514 6528 6542 6531 6521 
degeneracy helps : 680 670 712 772 827 869 
degeneracy worse : 743 728 784 858 902 934 
SCL #err deg : 6528 / 8700
SCL #err weighted degeneracy : 6592 6587 6604 6617 6604 6597 
degeneracy helps : 688 678 720 781 838 878 
degeneracy worse : 752 737 796 870 914 947 
SCL #err deg : 6609 / 8800
SCL #err weighted degeneracy : 6672 6667 6683 6694 6683 6674 
degeneracy helps : 697 687 731 793 849 891 
degeneracy worse : 760 745 805 878 923 956 
SCL #err deg : 6677 / 8900
SCL #err weighted degeneracy : 6746 6744 6757 6769 6759 6748 
degeneracy helps : 704 693 738 802 857 901 
degeneracy worse : 773 760 818 894 939 972 
SCL #err deg : 6746 / 9000
SCL #err weighted degeneracy : 6816 6814 6826 6836 6825 6813 
degeneracy helps : 712 701 746 811 867 912 
degeneracy worse : 782 769 826 901 946 979 
SCL #err deg : 6822 / 9100
SCL #err weighted degeneracy : 6894 6892 6906 6919 6909 6896 
degeneracy helps : 718 707 753 819 875 920 
degeneracy worse : 790 777 837 916 962 994 
SCL #err deg : 6895 / 9200
SCL #err weighted degeneracy : 6966 6965 6977 6988 6980 6965 
degeneracy helps : 727 715 763 831 885 932 
degeneracy worse : 798 785 845 924 970 1002 
SCL #err deg : 6971 / 9300
SCL #err weighted degeneracy : 7040 7039 7051 7059 7051 7030 
degeneracy helps : 737 724 774 845 900 951 
degeneracy worse : 806 792 854 933 980 1010 
SCL #err deg : 7051 / 9400
SCL #err weighted degeneracy : 7123 7121 7135 7143 7133 7110 
degeneracy helps : 745 732 782 852 908 961 
degeneracy worse : 817 802 866 944 990 1020 
SCL #err deg : 7118 / 9500
SCL #err weighted degeneracy : 7199 7198 7211 7219 7212 7187 
degeneracy helps : 750 735 788 859 915 971 
degeneracy worse : 831 815 881 960 1009 1040 
SCL #err deg : 7191 / 9600
SCL #err weighted degeneracy : 7273 7274 7285 7293 7287 7263 
degeneracy helps : 757 741 796 868 925 982 
degeneracy worse : 839 824 890 970 1021 1054 
SCL #err deg : 7261 / 9700
SCL #err weighted degeneracy : 7344 7345 7357 7368 7360 7336 
degeneracy helps : 768 752 807 879 936 993 
degeneracy worse : 851 836 903 986 1035 1068 
SCL #err deg : 7331 / 9800
SCL #err weighted degeneracy : 7420 7421 7430 7438 7428 7404 
degeneracy helps : 776 759 817 891 948 1005 
degeneracy worse : 865 849 916 998 1045 1078 
SCL #err deg : 7402 / 9900
SCL #err weighted degeneracy : 7492 7492 7500 7512 7495 7473 
degeneracy helps : 785 769 827 901 962 1020 
degeneracy worse : 875 859 925 1011 1055 1091 
SCL #err deg : 7473 / 10000
SCL #err weighted degeneracy : 7560 7561 7569 7583 7566 7548 
degeneracy helps : 794 778 836 911 973 1030 
degeneracy worse : 881 866 932 1021 1066 1105 
average #flips: 92.0291
SCL #err considering degeneracy: 7473
error due to equal 0
error due to SCL smaller 7473
Finish in 5006 s
