Simulation Polar syndrome FASTER N=512, K=257, l=128, pz=0.07, #samples=10000, seed=77
HPW construction
Event generator random seed: 77
SCL #err deg : 5 / 100
SCL #err weighted degeneracy : 3 3 3 3 4 5 
degeneracy helps : 2 2 2 2 2 2 
degeneracy worse : 0 0 0 0 1 2 
SCL #err deg : 8 / 200
SCL #err weighted degeneracy : 5 5 6 7 10 12 
degeneracy helps : 3 3 3 3 3 3 
degeneracy worse : 0 0 1 2 5 7 
SCL #err deg : 9 / 300
SCL #err weighted degeneracy : 6 6 7 10 15 18 
degeneracy helps : 4 4 4 4 4 4 
degeneracy worse : 1 1 2 5 10 13 
SCL #err deg : 13 / 400
SCL #err weighted degeneracy : 8 8 9 12 17 20 
degeneracy helps : 6 6 6 6 6 6 
degeneracy worse : 1 1 2 5 10 13 
SCL #err deg : 15 / 500
SCL #err weighted degeneracy : 9 9 9 13 18 23 
degeneracy helps : 7 7 8 8 8 8 
degeneracy worse : 1 1 2 6 11 16 
SCL #err deg : 18 / 600
SCL #err weighted degeneracy : 12 12 12 14 22 29 
degeneracy helps : 8 8 9 10 10 10 
degeneracy worse : 2 2 3 6 14 21 
SCL #err deg : 19 / 700
SCL #err weighted degeneracy : 13 13 13 16 25 32 
degeneracy helps : 9 9 10 11 11 11 
degeneracy worse : 3 3 4 8 17 24 
SCL #err deg : 19 / 800
SCL #err weighted degeneracy : 14 14 14 18 27 34 
degeneracy helps : 9 9 10 11 11 11 
degeneracy worse : 4 4 5 10 19 26 
SCL #err deg : 22 / 900
SCL #err weighted degeneracy : 15 15 16 21 30 37 
degeneracy helps : 11 11 12 12 12 12 
degeneracy worse : 4 4 6 11 20 27 
SCL #err deg : 26 / 1000
SCL #err weighted degeneracy : 18 18 18 25 36 43 
degeneracy helps : 13 13 15 15 15 15 
degeneracy worse : 5 5 7 14 25 32 
SCL #err deg : 28 / 1100
SCL #err weighted degeneracy : 20 20 20 27 38 46 
degeneracy helps : 13 13 15 15 15 15 
degeneracy worse : 5 5 7 14 25 33 
SCL #err deg : 31 / 1200
SCL #err weighted degeneracy : 23 23 23 29 42 50 
degeneracy helps : 14 14 16 17 16 16 
degeneracy worse : 6 6 8 15 27 35 
SCL #err deg : 34 / 1300
SCL #err weighted degeneracy : 25 25 25 32 45 55 
degeneracy helps : 15 15 17 18 17 16 
degeneracy worse : 6 6 8 16 28 37 
SCL #err deg : 36 / 1400
SCL #err weighted degeneracy : 27 27 27 36 51 62 
degeneracy helps : 15 15 17 18 17 16 
degeneracy worse : 6 6 8 18 32 42 
SCL #err deg : 38 / 1500
SCL #err weighted degeneracy : 29 29 29 38 53 64 
degeneracy helps : 15 15 17 18 17 16 
degeneracy worse : 6 6 8 18 32 42 
SCL #err deg : 41 / 1600
SCL #err weighted degeneracy : 31 31 31 40 58 69 
degeneracy helps : 16 16 18 19 18 17 
degeneracy worse : 6 6 8 18 35 45 
SCL #err deg : 42 / 1700
SCL #err weighted degeneracy : 32 32 32 42 60 71 
degeneracy helps : 16 16 18 19 18 17 
degeneracy worse : 6 6 8 19 36 46 
SCL #err deg : 43 / 1800
SCL #err weighted degeneracy : 32 32 32 42 62 74 
degeneracy helps : 17 17 19 20 19 18 
degeneracy worse : 6 6 8 19 38 49 
SCL #err deg : 44 / 1900
SCL #err weighted degeneracy : 34 34 34 45 66 79 
degeneracy helps : 17 17 19 20 19 18 
degeneracy worse : 7 7 9 21 41 53 
SCL #err deg : 45 / 2000
SCL #err weighted degeneracy : 35 35 35 46 69 82 
degeneracy helps : 18 18 20 21 20 19 
degeneracy worse : 8 8 10 22 44 56 
SCL #err deg : 47 / 2100
SCL #err weighted degeneracy : 36 36 36 47 69 82 
degeneracy helps : 20 20 22 23 22 21 
degeneracy worse : 9 9 11 23 44 56 
SCL #err deg : 49 / 2200
SCL #err weighted degeneracy : 37 37 37 49 72 86 
degeneracy helps : 21 21 23 24 23 22 
degeneracy worse : 9 9 11 24 46 59 
SCL #err deg : 51 / 2300
SCL #err weighted degeneracy : 39 39 39 51 77 91 
degeneracy helps : 21 21 23 24 23 23 
degeneracy worse : 9 9 11 24 49 63 
SCL #err deg : 53 / 2400
SCL #err weighted degeneracy : 43 43 43 55 81 93 
degeneracy helps : 21 21 23 24 23 24 
degeneracy worse : 11 11 13 26 51 64 
SCL #err deg : 55 / 2500
SCL #err weighted degeneracy : 45 45 45 58 85 97 
degeneracy helps : 22 22 24 25 24 25 
degeneracy worse : 12 12 14 28 54 67 
SCL #err deg : 56 / 2600
SCL #err weighted degeneracy : 46 46 46 59 87 99 
degeneracy helps : 22 22 24 25 24 25 
degeneracy worse : 12 12 14 28 55 68 
SCL #err deg : 56 / 2700
SCL #err weighted degeneracy : 47 47 47 61 90 101 
degeneracy helps : 22 22 24 25 24 25 
degeneracy worse : 13 13 15 30 58 70 
SCL #err deg : 57 / 2800
SCL #err weighted degeneracy : 48 48 48 63 92 102 
degeneracy helps : 23 23 25 26 25 26 
degeneracy worse : 14 14 16 32 60 71 
SCL #err deg : 61 / 2900
SCL #err weighted degeneracy : 52 52 52 68 97 107 
degeneracy helps : 23 23 25 26 25 26 
degeneracy worse : 14 14 16 33 61 72 
SCL #err deg : 63 / 3000
SCL #err weighted degeneracy : 53 53 53 69 100 110 
degeneracy helps : 24 24 26 27 26 27 
degeneracy worse : 14 14 16 33 63 74 
SCL #err deg : 66 / 3100
SCL #err weighted degeneracy : 56 56 56 73 107 116 
degeneracy helps : 25 25 27 28 27 28 
degeneracy worse : 15 15 17 35 68 78 
SCL #err deg : 69 / 3200
SCL #err weighted degeneracy : 60 60 60 77 112 121 
degeneracy helps : 25 25 27 28 27 28 
degeneracy worse : 16 16 18 36 70 80 
SCL #err deg : 70 / 3300
SCL #err weighted degeneracy : 60 60 60 79 116 125 
degeneracy helps : 26 26 28 29 28 29 
degeneracy worse : 16 16 18 38 74 84 
SCL #err deg : 72 / 3400
SCL #err weighted degeneracy : 61 61 61 80 118 127 
degeneracy helps : 27 27 29 30 30 31 
degeneracy worse : 16 16 18 38 76 86 
SCL #err deg : 74 / 3500
SCL #err weighted degeneracy : 62 62 62 82 121 130 
degeneracy helps : 28 28 30 31 31 32 
degeneracy worse : 16 16 18 39 78 88 
SCL #err deg : 75 / 3600
SCL #err weighted degeneracy : 62 62 62 84 123 133 
degeneracy helps : 29 29 31 32 32 33 
degeneracy worse : 16 16 18 41 80 91 
SCL #err deg : 75 / 3700
SCL #err weighted degeneracy : 62 62 62 84 126 137 
degeneracy helps : 29 29 31 32 32 33 
degeneracy worse : 16 16 18 41 83 95 
SCL #err deg : 77 / 3800
SCL #err weighted degeneracy : 64 64 64 86 128 139 
degeneracy helps : 30 30 32 33 33 34 
degeneracy worse : 17 17 19 42 84 96 
SCL #err deg : 78 / 3900
SCL #err weighted degeneracy : 64 64 64 87 131 142 
degeneracy helps : 31 31 33 33 33 34 
degeneracy worse : 17 17 19 42 86 98 
SCL #err deg : 80 / 4000
SCL #err weighted degeneracy : 66 66 66 89 133 145 
degeneracy helps : 32 32 34 35 35 36 
degeneracy worse : 18 18 20 44 88 101 
SCL #err deg : 81 / 4100
SCL #err weighted degeneracy : 67 67 67 91 139 151 
degeneracy helps : 32 32 34 35 35 36 
degeneracy worse : 18 18 20 45 93 106 
SCL #err deg : 81 / 4200
SCL #err weighted degeneracy : 67 67 67 92 140 152 
degeneracy helps : 32 32 34 35 35 36 
degeneracy worse : 18 18 20 46 94 107 
SCL #err deg : 82 / 4300
SCL #err weighted degeneracy : 69 69 68 95 143 155 
degeneracy helps : 32 32 35 36 36 37 
degeneracy worse : 19 19 21 49 97 110 
SCL #err deg : 82 / 4400
SCL #err weighted degeneracy : 69 69 68 95 145 157 
degeneracy helps : 32 32 35 36 36 37 
degeneracy worse : 19 19 21 49 99 112 
SCL #err deg : 85 / 4500
SCL #err weighted degeneracy : 71 71 70 98 152 163 
degeneracy helps : 33 33 36 37 37 37 
degeneracy worse : 19 19 21 50 104 115 
SCL #err deg : 87 / 4600
SCL #err weighted degeneracy : 74 74 73 101 158 168 
degeneracy helps : 33 33 36 37 37 37 
degeneracy worse : 20 20 22 51 108 118 
SCL #err deg : 87 / 4700
SCL #err weighted degeneracy : 74 74 73 101 160 169 
degeneracy helps : 33 33 36 37 37 37 
degeneracy worse : 20 20 22 51 110 119 
SCL #err deg : 89 / 4800
SCL #err weighted degeneracy : 77 77 76 104 162 171 
degeneracy helps : 33 33 36 37 38 38 
degeneracy worse : 21 21 23 52 111 120 
SCL #err deg : 90 / 4900
SCL #err weighted degeneracy : 78 78 77 104 162 171 
degeneracy helps : 33 33 36 38 39 39 
degeneracy worse : 21 21 23 52 111 120 
SCL #err deg : 92 / 5000
SCL #err weighted degeneracy : 80 80 79 108 169 179 
degeneracy helps : 33 33 36 38 39 39 
degeneracy worse : 21 21 23 54 116 126 
SCL #err deg : 94 / 5100
SCL #err weighted degeneracy : 81 81 80 109 172 181 
degeneracy helps : 34 34 37 39 40 40 
degeneracy worse : 21 21 23 54 118 127 
SCL #err deg : 97 / 5200
SCL #err weighted degeneracy : 82 82 81 112 177 186 
degeneracy helps : 36 36 39 41 42 42 
degeneracy worse : 21 21 23 56 122 131 
SCL #err deg : 98 / 5300
SCL #err weighted degeneracy : 83 83 82 113 178 188 
degeneracy helps : 37 37 40 42 43 43 
degeneracy worse : 22 22 24 57 123 133 
SCL #err deg : 101 / 5400
SCL #err weighted degeneracy : 86 86 85 117 183 194 
degeneracy helps : 38 38 41 43 44 44 
degeneracy worse : 23 23 25 59 126 137 
SCL #err deg : 103 / 5500
SCL #err weighted degeneracy : 88 88 87 120 189 200 
degeneracy helps : 38 38 41 44 45 45 
degeneracy worse : 23 23 25 61 131 142 
SCL #err deg : 104 / 5600
SCL #err weighted degeneracy : 89 89 88 123 193 206 
degeneracy helps : 39 39 42 45 46 46 
degeneracy worse : 24 24 26 64 135 148 
SCL #err deg : 106 / 5700
SCL #err weighted degeneracy : 90 90 89 124 195 208 
degeneracy helps : 40 40 43 46 47 47 
degeneracy worse : 24 24 26 64 136 149 
SCL #err deg : 109 / 5800
SCL #err weighted degeneracy : 92 92 91 127 200 213 
degeneracy helps : 42 42 45 48 49 49 
degeneracy worse : 25 25 27 66 140 153 
SCL #err deg : 112 / 5900
SCL #err weighted degeneracy : 94 94 93 132 208 221 
degeneracy helps : 43 43 46 49 49 49 
degeneracy worse : 25 25 27 69 145 158 
SCL #err deg : 115 / 6000
SCL #err weighted degeneracy : 97 97 95 134 212 226 
degeneracy helps : 43 43 47 50 50 50 
degeneracy worse : 25 25 27 69 147 161 
SCL #err deg : 116 / 6100
SCL #err weighted degeneracy : 97 97 95 135 215 230 
degeneracy helps : 44 44 48 51 51 51 
degeneracy worse : 25 25 27 70 150 165 
SCL #err deg : 117 / 6200
SCL #err weighted degeneracy : 98 98 96 135 218 234 
degeneracy helps : 44 44 48 52 52 52 
degeneracy worse : 25 25 27 70 153 169 
SCL #err deg : 119 / 6300
SCL #err weighted degeneracy : 100 100 98 137 220 236 
degeneracy helps : 44 44 48 52 52 52 
degeneracy worse : 25 25 27 70 153 169 
SCL #err deg : 119 / 6400
SCL #err weighted degeneracy : 101 101 99 138 221 237 
degeneracy helps : 44 44 48 52 52 52 
degeneracy worse : 26 26 28 71 154 170 
SCL #err deg : 121 / 6500
SCL #err weighted degeneracy : 102 102 101 141 224 241 
degeneracy helps : 45 45 49 53 53 53 
degeneracy worse : 26 26 29 73 156 173 
SCL #err deg : 124 / 6600
SCL #err weighted degeneracy : 105 105 104 145 230 247 
degeneracy helps : 46 46 50 54 53 53 
degeneracy worse : 27 27 30 75 159 176 
SCL #err deg : 125 / 6700
SCL #err weighted degeneracy : 106 106 105 148 236 254 
degeneracy helps : 46 46 50 54 53 53 
degeneracy worse : 27 27 30 77 164 182 
SCL #err deg : 125 / 6800
SCL #err weighted degeneracy : 106 106 105 148 238 255 
degeneracy helps : 46 46 50 54 53 53 
degeneracy worse : 27 27 30 77 166 183 
SCL #err deg : 126 / 6900
SCL #err weighted degeneracy : 108 108 107 150 241 258 
degeneracy helps : 46 46 50 54 53 53 
degeneracy worse : 28 28 31 78 168 185 
SCL #err deg : 129 / 7000
SCL #err weighted degeneracy : 111 111 111 156 249 267 
degeneracy helps : 47 47 51 55 54 54 
degeneracy worse : 29 29 33 82 174 192 
SCL #err deg : 129 / 7100
SCL #err weighted degeneracy : 112 112 111 158 252 270 
degeneracy helps : 47 47 51 55 54 54 
degeneracy worse : 30 30 33 84 177 195 
SCL #err deg : 130 / 7200
SCL #err weighted degeneracy : 114 114 113 160 255 274 
degeneracy helps : 47 47 51 55 54 55 
degeneracy worse : 31 31 34 85 179 199 
SCL #err deg : 133 / 7300
SCL #err weighted degeneracy : 114 114 113 163 261 280 
degeneracy helps : 50 50 54 58 56 57 
degeneracy worse : 31 31 34 88 184 204 
SCL #err deg : 134 / 7400
SCL #err weighted degeneracy : 115 115 114 165 264 283 
degeneracy helps : 51 51 55 59 57 58 
degeneracy worse : 32 32 35 90 187 207 
SCL #err deg : 135 / 7500
SCL #err weighted degeneracy : 116 116 115 167 268 287 
degeneracy helps : 51 51 55 60 58 59 
degeneracy worse : 32 32 35 92 191 211 
SCL #err deg : 137 / 7600
SCL #err weighted degeneracy : 116 116 115 167 270 289 
degeneracy helps : 53 53 57 62 60 61 
degeneracy worse : 32 32 35 92 193 213 
SCL #err deg : 139 / 7700
SCL #err weighted degeneracy : 117 117 116 170 274 293 
degeneracy helps : 54 54 58 63 61 62 
degeneracy worse : 32 32 35 94 196 216 
SCL #err deg : 141 / 7800
SCL #err weighted degeneracy : 119 119 118 171 275 294 
degeneracy helps : 54 54 58 64 62 63 
degeneracy worse : 32 32 35 94 196 216 
SCL #err deg : 141 / 7900
SCL #err weighted degeneracy : 119 119 119 172 277 299 
degeneracy helps : 54 54 58 64 62 63 
degeneracy worse : 32 32 36 95 198 221 
SCL #err deg : 143 / 8000
SCL #err weighted degeneracy : 121 121 121 174 280 304 
degeneracy helps : 55 55 59 65 63 64 
degeneracy worse : 33 33 37 96 200 225 
SCL #err deg : 144 / 8100
SCL #err weighted degeneracy : 121 121 121 175 283 307 
degeneracy helps : 56 56 60 66 64 65 
degeneracy worse : 33 33 37 97 203 228 
SCL #err deg : 145 / 8200
SCL #err weighted degeneracy : 122 122 122 176 286 310 
degeneracy helps : 56 56 60 66 64 65 
degeneracy worse : 33 33 37 97 205 230 
SCL #err deg : 145 / 8300
SCL #err weighted degeneracy : 122 122 122 176 287 310 
degeneracy helps : 56 56 60 66 64 65 
degeneracy worse : 33 33 37 97 206 230 
SCL #err deg : 146 / 8400
SCL #err weighted degeneracy : 122 122 122 176 289 313 
degeneracy helps : 57 57 61 67 65 66 
degeneracy worse : 33 33 37 97 208 233 
SCL #err deg : 147 / 8500
SCL #err weighted degeneracy : 124 124 124 179 291 315 
degeneracy helps : 57 57 61 67 65 66 
degeneracy worse : 34 34 38 99 209 234 
SCL #err deg : 149 / 8600
SCL #err weighted degeneracy : 126 126 126 181 293 317 
degeneracy helps : 57 57 61 67 65 66 
degeneracy worse : 34 34 38 99 209 234 
SCL #err deg : 150 / 8700
SCL #err weighted degeneracy : 127 127 127 184 298 322 
degeneracy helps : 57 57 61 67 65 66 
degeneracy worse : 34 34 38 101 213 238 
SCL #err deg : 152 / 8800
SCL #err weighted degeneracy : 129 129 130 190 305 330 
degeneracy helps : 57 57 61 67 65 66 
degeneracy worse : 34 34 39 105 218 244 
SCL #err deg : 152 / 8900
SCL #err weighted degeneracy : 129 129 131 191 309 335 
degeneracy helps : 57 57 61 67 65 66 
degeneracy worse : 34 34 40 106 222 249 
SCL #err deg : 152 / 9000
SCL #err weighted degeneracy : 129 129 132 192 312 338 
degeneracy helps : 57 57 61 67 65 66 
degeneracy worse : 34 34 41 107 225 252 
SCL #err deg : 154 / 9100
SCL #err weighted degeneracy : 129 129 132 194 314 340 
degeneracy helps : 58 58 62 69 67 68 
degeneracy worse : 34 34 41 109 227 254 
SCL #err deg : 154 / 9200
SCL #err weighted degeneracy : 130 130 134 197 317 344 
degeneracy helps : 58 58 62 69 67 68 
degeneracy worse : 35 35 43 112 230 258 
SCL #err deg : 156 / 9300
SCL #err weighted degeneracy : 133 133 138 200 322 350 
degeneracy helps : 59 59 63 70 68 69 
degeneracy worse : 37 37 46 114 234 263 
SCL #err deg : 160 / 9400
SCL #err weighted degeneracy : 135 135 141 204 327 357 
degeneracy helps : 62 62 66 72 70 71 
degeneracy worse : 38 38 48 116 237 268 
SCL #err deg : 162 / 9500
SCL #err weighted degeneracy : 137 137 143 206 330 361 
degeneracy helps : 63 63 67 73 71 72 
degeneracy worse : 39 39 49 117 239 271 
SCL #err deg : 164 / 9600
SCL #err weighted degeneracy : 138 138 144 208 334 366 
degeneracy helps : 64 64 68 74 71 72 
degeneracy worse : 39 39 49 118 241 274 
SCL #err deg : 164 / 9700
SCL #err weighted degeneracy : 138 138 144 210 340 373 
degeneracy helps : 64 64 68 74 71 72 
degeneracy worse : 39 39 49 120 247 281 
SCL #err deg : 165 / 9800
SCL #err weighted degeneracy : 139 139 145 212 343 376 
degeneracy helps : 64 64 68 74 71 72 
degeneracy worse : 39 39 49 121 249 283 
SCL #err deg : 167 / 9900
SCL #err weighted degeneracy : 142 142 148 215 346 379 
degeneracy helps : 64 64 68 74 71 72 
degeneracy worse : 40 40 50 122 250 284 
SCL #err deg : 168 / 10000
SCL #err weighted degeneracy : 143 143 149 216 347 380 
degeneracy helps : 64 64 68 74 71 72 
degeneracy worse : 40 40 50 122 250 284 
average #flips: 35.7489
SCL #err considering degeneracy: 168
error due to equal 127
error due to SCL smaller 40
Finish in 4691 s
