Simulation Polar syndrome FASTER N=64, K=33, l=128, pz=0.17, #samples=10000, seed=197
PW construction
Event generator random seed: 197
SCL #err deg : 60 / 100
SCL #err weighted degeneracy : 58 58 58 57 57 58 
degeneracy helps : 13 13 13 16 16 16 
degeneracy worse : 11 11 11 13 13 14 
SCL #err deg : 125 / 200
SCL #err weighted degeneracy : 119 119 119 116 117 120 
degeneracy helps : 28 28 28 34 33 31 
degeneracy worse : 22 22 22 25 25 26 
SCL #err deg : 191 / 300
SCL #err weighted degeneracy : 183 183 183 180 181 184 
degeneracy helps : 43 43 43 52 51 49 
degeneracy worse : 35 35 35 41 41 42 
SCL #err deg : 251 / 400
SCL #err weighted degeneracy : 238 238 238 238 239 244 
degeneracy helps : 59 59 59 68 67 65 
degeneracy worse : 46 46 46 55 55 58 
SCL #err deg : 314 / 500
SCL #err weighted degeneracy : 292 292 292 295 296 302 
degeneracy helps : 82 82 82 91 90 87 
degeneracy worse : 60 60 60 72 72 75 
SCL #err deg : 379 / 600
SCL #err weighted degeneracy : 357 357 357 364 365 372 
degeneracy helps : 93 93 93 101 100 97 
degeneracy worse : 71 71 71 86 86 90 
SCL #err deg : 448 / 700
SCL #err weighted degeneracy : 424 425 424 428 429 438 
degeneracy helps : 105 104 105 116 116 112 
degeneracy worse : 81 81 81 96 97 102 
SCL #err deg : 511 / 800
SCL #err weighted degeneracy : 487 488 486 488 489 497 
degeneracy helps : 118 117 120 134 134 131 
degeneracy worse : 95 95 95 111 112 117 
SCL #err deg : 577 / 900
SCL #err weighted degeneracy : 550 551 549 549 550 557 
degeneracy helps : 134 133 136 154 154 152 
degeneracy worse : 108 108 108 126 127 132 
SCL #err deg : 637 / 1000
SCL #err weighted degeneracy : 613 614 612 612 614 623 
degeneracy helps : 142 141 145 164 164 161 
degeneracy worse : 120 120 120 139 141 147 
SCL #err deg : 698 / 1100
SCL #err weighted degeneracy : 675 676 674 675 677 687 
degeneracy helps : 154 153 157 177 177 173 
degeneracy worse : 133 133 133 154 156 162 
SCL #err deg : 768 / 1200
SCL #err weighted degeneracy : 736 737 735 735 737 748 
degeneracy helps : 174 171 177 198 198 193 
degeneracy worse : 144 144 144 165 167 173 
SCL #err deg : 826 / 1300
SCL #err weighted degeneracy : 794 795 793 794 796 808 
degeneracy helps : 188 185 191 213 213 207 
degeneracy worse : 158 158 158 181 183 189 
SCL #err deg : 889 / 1400
SCL #err weighted degeneracy : 856 857 855 856 858 870 
degeneracy helps : 198 195 201 225 225 219 
degeneracy worse : 167 167 167 192 194 200 
SCL #err deg : 940 / 1500
SCL #err weighted degeneracy : 912 913 911 910 911 924 
degeneracy helps : 209 206 212 238 239 233 
degeneracy worse : 183 183 183 208 210 217 
SCL #err deg : 1001 / 1600
SCL #err weighted degeneracy : 968 969 969 970 971 984 
degeneracy helps : 225 222 228 254 255 249 
degeneracy worse : 194 194 196 223 225 232 
SCL #err deg : 1059 / 1700
SCL #err weighted degeneracy : 1031 1032 1031 1031 1032 1045 
degeneracy helps : 236 233 240 269 270 265 
degeneracy worse : 210 210 212 241 243 251 
SCL #err deg : 1118 / 1800
SCL #err weighted degeneracy : 1088 1089 1088 1089 1090 1106 
degeneracy helps : 251 248 255 284 285 280 
degeneracy worse : 223 223 225 255 257 268 
SCL #err deg : 1180 / 1900
SCL #err weighted degeneracy : 1151 1152 1151 1155 1157 1173 
degeneracy helps : 264 260 267 299 300 295 
degeneracy worse : 237 237 239 274 277 288 
SCL #err deg : 1242 / 2000
SCL #err weighted degeneracy : 1209 1210 1209 1214 1215 1232 
degeneracy helps : 277 273 280 313 315 310 
degeneracy worse : 246 246 248 285 288 300 
SCL #err deg : 1305 / 2100
SCL #err weighted degeneracy : 1273 1274 1273 1276 1277 1296 
degeneracy helps : 291 286 294 329 331 326 
degeneracy worse : 261 261 263 300 303 317 
SCL #err deg : 1358 / 2200
SCL #err weighted degeneracy : 1332 1333 1332 1337 1336 1353 
degeneracy helps : 301 296 305 341 344 340 
degeneracy worse : 278 278 280 320 322 335 
SCL #err deg : 1421 / 2300
SCL #err weighted degeneracy : 1393 1394 1392 1399 1398 1416 
degeneracy helps : 312 307 317 354 357 352 
degeneracy worse : 287 287 289 332 334 347 
SCL #err deg : 1486 / 2400
SCL #err weighted degeneracy : 1456 1457 1455 1460 1458 1476 
degeneracy helps : 324 319 329 368 372 368 
degeneracy worse : 297 297 299 342 344 358 
SCL #err deg : 1555 / 2500
SCL #err weighted degeneracy : 1522 1523 1521 1527 1525 1544 
degeneracy helps : 334 329 339 378 382 378 
degeneracy worse : 304 304 306 350 352 367 
SCL #err deg : 1612 / 2600
SCL #err weighted degeneracy : 1579 1580 1578 1581 1579 1602 
degeneracy helps : 345 340 351 393 397 392 
degeneracy worse : 316 316 318 362 364 382 
SCL #err deg : 1674 / 2700
SCL #err weighted degeneracy : 1645 1646 1644 1648 1646 1669 
degeneracy helps : 349 344 355 397 401 397 
degeneracy worse : 324 324 326 371 373 392 
SCL #err deg : 1735 / 2800
SCL #err weighted degeneracy : 1706 1707 1705 1713 1712 1735 
degeneracy helps : 360 355 366 408 411 407 
degeneracy worse : 335 335 337 386 388 407 
SCL #err deg : 1805 / 2900
SCL #err weighted degeneracy : 1772 1773 1771 1777 1776 1799 
degeneracy helps : 374 369 380 424 427 423 
degeneracy worse : 345 345 347 396 398 417 
SCL #err deg : 1871 / 3000
SCL #err weighted degeneracy : 1834 1835 1832 1837 1836 1859 
degeneracy helps : 387 381 394 442 445 441 
degeneracy worse : 354 354 356 408 410 429 
SCL #err deg : 1933 / 3100
SCL #err weighted degeneracy : 1894 1895 1892 1898 1897 1921 
degeneracy helps : 404 398 411 461 464 459 
degeneracy worse : 369 369 371 426 428 447 
SCL #err deg : 2001 / 3200
SCL #err weighted degeneracy : 1960 1961 1959 1963 1962 1986 
degeneracy helps : 419 413 426 478 481 476 
degeneracy worse : 382 382 385 440 442 461 
SCL #err deg : 2058 / 3300
SCL #err weighted degeneracy : 2016 2017 2015 2021 2020 2045 
degeneracy helps : 432 425 439 492 495 490 
degeneracy worse : 394 394 397 455 457 477 
SCL #err deg : 2114 / 3400
SCL #err weighted degeneracy : 2078 2079 2077 2084 2083 2108 
degeneracy helps : 444 436 451 506 509 505 
degeneracy worse : 412 412 415 476 478 499 
SCL #err deg : 2173 / 3500
SCL #err weighted degeneracy : 2137 2138 2136 2147 2146 2169 
degeneracy helps : 460 452 467 523 526 523 
degeneracy worse : 428 428 431 497 499 519 
SCL #err deg : 2236 / 3600
SCL #err weighted degeneracy : 2204 2205 2203 2214 2211 2236 
degeneracy helps : 470 462 477 535 540 536 
degeneracy worse : 442 442 445 513 515 536 
SCL #err deg : 2294 / 3700
SCL #err weighted degeneracy : 2269 2270 2268 2282 2279 2305 
degeneracy helps : 478 470 485 543 548 543 
degeneracy worse : 458 458 461 531 533 554 
SCL #err deg : 2353 / 3800
SCL #err weighted degeneracy : 2322 2323 2321 2336 2334 2361 
degeneracy helps : 492 484 499 560 565 560 
degeneracy worse : 466 466 469 543 546 568 
SCL #err deg : 2420 / 3900
SCL #err weighted degeneracy : 2389 2390 2388 2402 2400 2427 
degeneracy helps : 505 497 512 574 579 575 
degeneracy worse : 479 479 482 556 559 582 
SCL #err deg : 2477 / 4000
SCL #err weighted degeneracy : 2451 2452 2450 2466 2465 2494 
degeneracy helps : 519 511 526 588 592 587 
degeneracy worse : 498 498 501 577 580 604 
SCL #err deg : 2538 / 4100
SCL #err weighted degeneracy : 2514 2515 2513 2530 2530 2557 
degeneracy helps : 533 525 540 603 607 602 
degeneracy worse : 514 514 517 595 599 621 
SCL #err deg : 2592 / 4200
SCL #err weighted degeneracy : 2575 2576 2574 2593 2594 2622 
degeneracy helps : 541 533 548 611 615 610 
degeneracy worse : 529 529 532 612 617 640 
SCL #err deg : 2652 / 4300
SCL #err weighted degeneracy : 2638 2639 2637 2659 2659 2689 
degeneracy helps : 550 542 557 620 625 619 
degeneracy worse : 541 541 544 627 632 656 
SCL #err deg : 2706 / 4400
SCL #err weighted degeneracy : 2698 2699 2697 2722 2722 2752 
degeneracy helps : 557 549 564 628 633 626 
degeneracy worse : 554 554 557 644 649 672 
SCL #err deg : 2765 / 4500
SCL #err weighted degeneracy : 2763 2764 2762 2786 2786 2820 
degeneracy helps : 572 564 580 645 650 640 
degeneracy worse : 576 576 579 666 671 695 
SCL #err deg : 2829 / 4600
SCL #err weighted degeneracy : 2834 2835 2832 2855 2856 2890 
degeneracy helps : 581 572 590 657 662 651 
degeneracy worse : 592 592 595 683 689 712 
SCL #err deg : 2895 / 4700
SCL #err weighted degeneracy : 2895 2896 2893 2916 2917 2950 
degeneracy helps : 598 588 607 675 680 670 
degeneracy worse : 604 604 607 696 702 725 
SCL #err deg : 2961 / 4800
SCL #err weighted degeneracy : 2957 2958 2955 2981 2981 3018 
degeneracy helps : 612 602 622 688 694 683 
degeneracy worse : 615 615 618 708 714 740 
SCL #err deg : 3019 / 4900
SCL #err weighted degeneracy : 3017 3018 3015 3043 3044 3082 
degeneracy helps : 621 611 631 697 703 692 
degeneracy worse : 626 626 629 721 728 755 
SCL #err deg : 3078 / 5000
SCL #err weighted degeneracy : 3078 3079 3077 3109 3109 3150 
degeneracy helps : 630 620 640 708 714 701 
degeneracy worse : 637 637 641 739 745 773 
SCL #err deg : 3148 / 5100
SCL #err weighted degeneracy : 3139 3140 3138 3170 3170 3212 
degeneracy helps : 648 638 658 726 732 720 
degeneracy worse : 646 646 650 748 754 784 
SCL #err deg : 3212 / 5200
SCL #err weighted degeneracy : 3202 3203 3201 3232 3233 3276 
degeneracy helps : 662 652 672 742 748 735 
degeneracy worse : 659 659 663 762 769 799 
SCL #err deg : 3272 / 5300
SCL #err weighted degeneracy : 3271 3272 3270 3304 3305 3348 
degeneracy helps : 671 661 682 753 759 746 
degeneracy worse : 678 678 682 785 792 822 
SCL #err deg : 3335 / 5400
SCL #err weighted degeneracy : 3332 3333 3331 3368 3368 3411 
degeneracy helps : 681 671 692 763 770 757 
degeneracy worse : 686 686 690 796 803 833 
SCL #err deg : 3401 / 5500
SCL #err weighted degeneracy : 3397 3398 3396 3435 3435 3480 
degeneracy helps : 691 681 702 774 781 766 
degeneracy worse : 695 695 699 808 815 845 
SCL #err deg : 3474 / 5600
SCL #err weighted degeneracy : 3458 3459 3457 3495 3495 3540 
degeneracy helps : 711 701 722 796 803 789 
degeneracy worse : 703 703 707 817 824 855 
SCL #err deg : 3534 / 5700
SCL #err weighted degeneracy : 3521 3522 3520 3556 3557 3602 
degeneracy helps : 724 714 735 813 820 806 
degeneracy worse : 720 720 724 835 843 874 
SCL #err deg : 3601 / 5800
SCL #err weighted degeneracy : 3586 3587 3584 3621 3623 3667 
degeneracy helps : 737 727 749 827 834 821 
degeneracy worse : 731 731 735 847 856 887 
SCL #err deg : 3666 / 5900
SCL #err weighted degeneracy : 3653 3654 3651 3688 3690 3734 
degeneracy helps : 746 736 758 839 846 833 
degeneracy worse : 742 742 746 861 870 901 
SCL #err deg : 3725 / 6000
SCL #err weighted degeneracy : 3720 3721 3718 3756 3758 3801 
degeneracy helps : 755 744 766 849 856 843 
degeneracy worse : 759 759 763 880 889 919 
SCL #err deg : 3792 / 6100
SCL #err weighted degeneracy : 3789 3790 3787 3825 3827 3871 
degeneracy helps : 768 757 779 864 871 857 
degeneracy worse : 775 775 779 897 906 936 
SCL #err deg : 3855 / 6200
SCL #err weighted degeneracy : 3854 3855 3852 3891 3892 3936 
degeneracy helps : 780 769 791 877 885 872 
degeneracy worse : 790 790 794 913 922 953 
SCL #err deg : 3915 / 6300
SCL #err weighted degeneracy : 3914 3915 3912 3956 3957 4000 
degeneracy helps : 792 781 803 889 898 887 
degeneracy worse : 802 802 806 930 940 972 
SCL #err deg : 3984 / 6400
SCL #err weighted degeneracy : 3978 3979 3976 4019 4019 4063 
degeneracy helps : 811 800 822 909 919 908 
degeneracy worse : 816 816 820 944 954 987 
SCL #err deg : 4040 / 6500
SCL #err weighted degeneracy : 4037 4038 4035 4081 4082 4128 
degeneracy helps : 820 808 830 918 928 917 
degeneracy worse : 828 828 832 959 970 1005 
SCL #err deg : 4096 / 6600
SCL #err weighted degeneracy : 4100 4101 4098 4149 4149 4196 
degeneracy helps : 831 819 841 931 941 930 
degeneracy worse : 846 846 850 984 994 1030 
SCL #err deg : 4167 / 6700
SCL #err weighted degeneracy : 4168 4169 4166 4218 4218 4266 
degeneracy helps : 843 831 853 944 954 943 
degeneracy worse : 855 855 859 995 1005 1042 
SCL #err deg : 4239 / 6800
SCL #err weighted degeneracy : 4234 4235 4232 4287 4287 4335 
degeneracy helps : 860 848 870 960 970 959 
degeneracy worse : 866 866 870 1008 1018 1055 
SCL #err deg : 4303 / 6900
SCL #err weighted degeneracy : 4293 4294 4291 4348 4349 4396 
degeneracy helps : 874 862 885 976 986 976 
degeneracy worse : 876 876 880 1021 1032 1069 
SCL #err deg : 4357 / 7000
SCL #err weighted degeneracy : 4348 4349 4346 4402 4404 4452 
degeneracy helps : 887 875 898 992 1001 990 
degeneracy worse : 890 890 894 1037 1048 1085 
SCL #err deg : 4424 / 7100
SCL #err weighted degeneracy : 4414 4415 4412 4466 4468 4516 
degeneracy helps : 900 887 911 1008 1017 1006 
degeneracy worse : 902 902 906 1050 1061 1098 
SCL #err deg : 4492 / 7200
SCL #err weighted degeneracy : 4473 4474 4470 4522 4524 4572 
degeneracy helps : 915 902 927 1027 1037 1026 
degeneracy worse : 908 908 912 1057 1069 1106 
SCL #err deg : 4556 / 7300
SCL #err weighted degeneracy : 4532 4533 4529 4582 4583 4631 
degeneracy helps : 928 915 941 1043 1053 1042 
degeneracy worse : 917 917 921 1069 1080 1117 
SCL #err deg : 4621 / 7400
SCL #err weighted degeneracy : 4604 4605 4601 4652 4652 4702 
degeneracy helps : 936 923 949 1054 1065 1052 
degeneracy worse : 932 932 936 1085 1096 1133 
SCL #err deg : 4684 / 7500
SCL #err weighted degeneracy : 4675 4676 4672 4724 4723 4772 
degeneracy helps : 943 930 956 1064 1076 1064 
degeneracy worse : 947 947 951 1104 1115 1152 
SCL #err deg : 4738 / 7600
SCL #err weighted degeneracy : 4730 4731 4727 4778 4778 4831 
degeneracy helps : 955 942 968 1077 1089 1076 
degeneracy worse : 960 960 964 1117 1129 1169 
SCL #err deg : 4805 / 7700
SCL #err weighted degeneracy : 4796 4797 4793 4845 4845 4896 
degeneracy helps : 965 952 978 1088 1100 1088 
degeneracy worse : 969 969 973 1128 1140 1179 
SCL #err deg : 4864 / 7800
SCL #err weighted degeneracy : 4848 4849 4845 4898 4898 4950 
degeneracy helps : 985 972 998 1109 1121 1109 
degeneracy worse : 982 982 986 1143 1155 1195 
SCL #err deg : 4924 / 7900
SCL #err weighted degeneracy : 4898 4899 4895 4952 4952 5004 
degeneracy helps : 1003 990 1016 1127 1139 1126 
degeneracy worse : 990 990 994 1155 1167 1206 
SCL #err deg : 4986 / 8000
SCL #err weighted degeneracy : 4962 4963 4959 5015 5016 5070 
degeneracy helps : 1014 1001 1027 1141 1153 1138 
degeneracy worse : 1003 1003 1007 1170 1183 1222 
SCL #err deg : 5050 / 8100
SCL #err weighted degeneracy : 5027 5028 5024 5080 5081 5135 
degeneracy helps : 1027 1014 1040 1155 1167 1152 
degeneracy worse : 1017 1017 1021 1185 1198 1237 
SCL #err deg : 5109 / 8200
SCL #err weighted degeneracy : 5085 5086 5082 5142 5143 5199 
degeneracy helps : 1038 1024 1051 1166 1178 1163 
degeneracy worse : 1027 1027 1031 1199 1212 1253 
SCL #err deg : 5171 / 8300
SCL #err weighted degeneracy : 5147 5148 5144 5206 5207 5264 
degeneracy helps : 1046 1032 1059 1175 1187 1171 
degeneracy worse : 1035 1035 1039 1210 1223 1264 
SCL #err deg : 5224 / 8400
SCL #err weighted degeneracy : 5204 5205 5201 5263 5265 5322 
degeneracy helps : 1060 1046 1074 1191 1203 1186 
degeneracy worse : 1054 1054 1058 1230 1244 1284 
SCL #err deg : 5286 / 8500
SCL #err weighted degeneracy : 5266 5267 5263 5326 5328 5386 
degeneracy helps : 1071 1057 1085 1203 1215 1199 
degeneracy worse : 1065 1065 1069 1243 1257 1299 
SCL #err deg : 5356 / 8600
SCL #err weighted degeneracy : 5331 5332 5328 5393 5396 5453 
degeneracy helps : 1084 1070 1098 1216 1227 1213 
degeneracy worse : 1073 1073 1077 1253 1267 1310 
SCL #err deg : 5420 / 8700
SCL #err weighted degeneracy : 5394 5395 5391 5458 5462 5519 
degeneracy helps : 1101 1087 1115 1232 1242 1228 
degeneracy worse : 1089 1089 1093 1270 1284 1327 
SCL #err deg : 5483 / 8800
SCL #err weighted degeneracy : 5453 5454 5450 5514 5517 5579 
degeneracy helps : 1121 1107 1135 1255 1266 1247 
degeneracy worse : 1105 1105 1109 1286 1300 1343 
SCL #err deg : 5546 / 8900
SCL #err weighted degeneracy : 5519 5520 5516 5581 5584 5645 
degeneracy helps : 1133 1119 1147 1266 1277 1260 
degeneracy worse : 1120 1120 1124 1301 1315 1359 
SCL #err deg : 5608 / 9000
SCL #err weighted degeneracy : 5580 5581 5577 5648 5650 5712 
degeneracy helps : 1146 1131 1160 1280 1291 1273 
degeneracy worse : 1133 1133 1137 1320 1333 1377 
SCL #err deg : 5670 / 9100
SCL #err weighted degeneracy : 5638 5639 5635 5707 5710 5776 
degeneracy helps : 1160 1145 1174 1296 1306 1286 
degeneracy worse : 1143 1143 1147 1333 1346 1392 
SCL #err deg : 5735 / 9200
SCL #err weighted degeneracy : 5696 5697 5693 5766 5769 5835 
degeneracy helps : 1178 1162 1192 1315 1325 1305 
degeneracy worse : 1154 1154 1158 1346 1359 1405 
SCL #err deg : 5796 / 9300
SCL #err weighted degeneracy : 5759 5760 5756 5833 5838 5904 
degeneracy helps : 1188 1172 1202 1325 1334 1314 
degeneracy worse : 1166 1166 1170 1362 1376 1422 
SCL #err deg : 5852 / 9400
SCL #err weighted degeneracy : 5817 5818 5815 5890 5895 5958 
degeneracy helps : 1201 1185 1215 1341 1350 1334 
degeneracy worse : 1181 1181 1186 1379 1393 1440 
SCL #err deg : 5919 / 9500
SCL #err weighted degeneracy : 5887 5888 5885 5960 5965 6025 
degeneracy helps : 1213 1197 1227 1354 1364 1349 
degeneracy worse : 1196 1196 1201 1395 1410 1455 
SCL #err deg : 5976 / 9600
SCL #err weighted degeneracy : 5947 5948 5945 6025 6029 6091 
degeneracy helps : 1224 1208 1239 1366 1377 1362 
degeneracy worse : 1211 1211 1216 1415 1430 1477 
SCL #err deg : 6047 / 9700
SCL #err weighted degeneracy : 6012 6013 6010 6088 6093 6155 
degeneracy helps : 1237 1221 1254 1385 1396 1381 
degeneracy worse : 1220 1220 1225 1426 1442 1489 
SCL #err deg : 6108 / 9800
SCL #err weighted degeneracy : 6076 6077 6074 6156 6161 6223 
degeneracy helps : 1246 1229 1264 1395 1406 1391 
degeneracy worse : 1233 1233 1238 1443 1459 1506 
SCL #err deg : 6186 / 9900
SCL #err weighted degeneracy : 6152 6153 6150 6235 6240 6302 
degeneracy helps : 1254 1237 1272 1405 1416 1401 
degeneracy worse : 1239 1239 1244 1454 1470 1517 
SCL #err deg : 6243 / 10000
SCL #err weighted degeneracy : 6209 6210 6207 6293 6299 6360 
degeneracy helps : 1267 1250 1285 1420 1431 1416 
degeneracy worse : 1252 1252 1257 1470 1487 1533 
average #flips: 10.9139
SCL #err considering degeneracy: 6243
error due to equal 1088
error due to SCL smaller 5155
Finish in 581 s
