Simulation Polar syndrome FASTER N=1024, K=513, l=128, pz=0.14, #samples=10000, seed=543
HPW construction
Event generator random seed: 543
SCL #err deg : 76 / 100
SCL #err weighted degeneracy : 73 74 73 74 75 75 
degeneracy helps : 7 6 7 7 6 5 
degeneracy worse : 4 4 4 5 5 4 
SCL #err deg : 156 / 200
SCL #err weighted degeneracy : 153 155 155 157 159 159 
degeneracy helps : 13 11 12 12 10 8 
degeneracy worse : 10 10 11 13 13 11 
SCL #err deg : 232 / 300
SCL #err weighted degeneracy : 222 223 224 229 233 230 
degeneracy helps : 24 23 23 21 17 16 
degeneracy worse : 14 14 15 18 18 14 
SCL #err deg : 313 / 400
SCL #err weighted degeneracy : 303 304 304 305 307 304 
degeneracy helps : 31 30 30 29 25 24 
degeneracy worse : 21 21 21 21 19 15 
SCL #err deg : 387 / 500
SCL #err weighted degeneracy : 378 376 377 378 381 379 
degeneracy helps : 36 37 36 35 30 29 
degeneracy worse : 27 26 26 26 24 21 
SCL #err deg : 465 / 600
SCL #err weighted degeneracy : 452 447 451 451 454 453 
degeneracy helps : 44 46 44 45 40 38 
degeneracy worse : 31 28 30 31 29 26 
SCL #err deg : 533 / 700
SCL #err weighted degeneracy : 521 516 520 525 529 528 
degeneracy helps : 46 48 47 46 41 39 
degeneracy worse : 34 31 34 38 37 34 
SCL #err deg : 608 / 800
SCL #err weighted degeneracy : 598 592 596 600 604 603 
degeneracy helps : 49 51 51 51 47 45 
degeneracy worse : 39 35 39 43 43 40 
SCL #err deg : 679 / 900
SCL #err weighted degeneracy : 667 661 666 671 674 673 
degeneracy helps : 55 57 58 58 54 52 
degeneracy worse : 43 39 45 50 49 46 
SCL #err deg : 755 / 1000
SCL #err weighted degeneracy : 742 736 740 746 749 748 
degeneracy helps : 64 66 66 65 61 59 
degeneracy worse : 51 47 51 56 55 52 
SCL #err deg : 817 / 1100
SCL #err weighted degeneracy : 806 800 806 808 812 811 
degeneracy helps : 68 70 71 72 67 65 
degeneracy worse : 57 53 60 63 62 59 
SCL #err deg : 895 / 1200
SCL #err weighted degeneracy : 878 872 877 877 883 883 
degeneracy helps : 75 77 79 82 74 72 
degeneracy worse : 58 54 61 64 62 60 
SCL #err deg : 967 / 1300
SCL #err weighted degeneracy : 950 944 949 948 956 956 
degeneracy helps : 82 84 85 89 81 80 
degeneracy worse : 65 61 67 70 70 69 
SCL #err deg : 1048 / 1400
SCL #err weighted degeneracy : 1025 1019 1026 1025 1033 1035 
degeneracy helps : 90 92 93 97 89 88 
degeneracy worse : 67 63 71 74 74 75 
SCL #err deg : 1119 / 1500
SCL #err weighted degeneracy : 1093 1087 1091 1090 1098 1101 
degeneracy helps : 97 99 101 104 97 95 
degeneracy worse : 71 67 73 75 76 77 
SCL #err deg : 1189 / 1600
SCL #err weighted degeneracy : 1167 1161 1165 1163 1175 1177 
degeneracy helps : 100 102 104 107 98 96 
degeneracy worse : 78 74 80 81 84 84 
SCL #err deg : 1256 / 1700
SCL #err weighted degeneracy : 1229 1222 1231 1230 1248 1251 
degeneracy helps : 110 113 111 115 104 102 
degeneracy worse : 83 79 86 89 96 97 
SCL #err deg : 1326 / 1800
SCL #err weighted degeneracy : 1297 1289 1301 1300 1319 1321 
degeneracy helps : 119 123 119 123 112 110 
degeneracy worse : 90 86 94 97 105 105 
SCL #err deg : 1404 / 1900
SCL #err weighted degeneracy : 1374 1368 1377 1379 1398 1399 
degeneracy helps : 127 130 127 128 117 115 
degeneracy worse : 97 94 100 103 111 110 
SCL #err deg : 1481 / 2000
SCL #err weighted degeneracy : 1447 1441 1453 1457 1477 1477 
degeneracy helps : 132 135 133 132 121 120 
degeneracy worse : 98 95 105 108 117 116 
SCL #err deg : 1565 / 2100
SCL #err weighted degeneracy : 1526 1520 1531 1533 1553 1553 
degeneracy helps : 139 142 141 142 131 131 
degeneracy worse : 100 97 107 110 119 119 
SCL #err deg : 1640 / 2200
SCL #err weighted degeneracy : 1596 1590 1602 1606 1626 1626 
degeneracy helps : 148 151 150 150 139 139 
degeneracy worse : 104 101 112 116 125 125 
SCL #err deg : 1713 / 2300
SCL #err weighted degeneracy : 1669 1662 1676 1679 1699 1699 
degeneracy helps : 153 157 155 155 144 144 
degeneracy worse : 109 106 118 121 130 130 
SCL #err deg : 1796 / 2400
SCL #err weighted degeneracy : 1751 1744 1758 1760 1779 1777 
degeneracy helps : 156 160 158 160 150 152 
degeneracy worse : 111 108 120 124 133 133 
SCL #err deg : 1867 / 2500
SCL #err weighted degeneracy : 1821 1814 1828 1831 1849 1847 
degeneracy helps : 160 164 162 163 154 156 
degeneracy worse : 114 111 123 127 136 136 
SCL #err deg : 1936 / 2600
SCL #err weighted degeneracy : 1891 1883 1899 1906 1923 1921 
degeneracy helps : 166 171 168 168 159 161 
degeneracy worse : 121 118 131 138 146 146 
SCL #err deg : 2011 / 2700
SCL #err weighted degeneracy : 1964 1955 1971 1977 1992 1991 
degeneracy helps : 172 178 177 178 171 172 
degeneracy worse : 125 122 137 144 152 152 
SCL #err deg : 2085 / 2800
SCL #err weighted degeneracy : 2032 2024 2039 2047 2061 2061 
degeneracy helps : 181 186 187 188 182 183 
degeneracy worse : 128 125 141 150 158 159 
SCL #err deg : 2162 / 2900
SCL #err weighted degeneracy : 2110 2102 2118 2126 2141 2141 
degeneracy helps : 185 190 192 193 187 188 
degeneracy worse : 133 130 148 157 166 167 
SCL #err deg : 2233 / 3000
SCL #err weighted degeneracy : 2181 2173 2193 2200 2213 2212 
degeneracy helps : 188 193 194 196 192 194 
degeneracy worse : 136 133 154 163 172 173 
SCL #err deg : 2307 / 3100
SCL #err weighted degeneracy : 2258 2249 2273 2280 2292 2288 
degeneracy helps : 192 198 198 199 194 198 
degeneracy worse : 143 140 164 172 179 179 
SCL #err deg : 2384 / 3200
SCL #err weighted degeneracy : 2330 2320 2346 2353 2365 2362 
degeneracy helps : 199 206 205 206 201 204 
degeneracy worse : 145 142 167 175 182 182 
SCL #err deg : 2453 / 3300
SCL #err weighted degeneracy : 2404 2394 2419 2425 2439 2436 
degeneracy helps : 201 208 208 209 203 206 
degeneracy worse : 152 149 174 181 189 189 
SCL #err deg : 2529 / 3400
SCL #err weighted degeneracy : 2476 2466 2493 2496 2510 2508 
degeneracy helps : 210 217 217 220 214 217 
degeneracy worse : 157 154 181 187 195 196 
SCL #err deg : 2603 / 3500
SCL #err weighted degeneracy : 2546 2536 2563 2565 2580 2578 
degeneracy helps : 216 223 224 228 222 225 
degeneracy worse : 159 156 184 190 199 200 
SCL #err deg : 2683 / 3600
SCL #err weighted degeneracy : 2624 2614 2642 2644 2657 2654 
degeneracy helps : 223 230 230 234 229 232 
degeneracy worse : 164 161 189 195 203 203 
SCL #err deg : 2752 / 3700
SCL #err weighted degeneracy : 2696 2687 2713 2714 2727 2724 
degeneracy helps : 227 234 236 241 236 241 
degeneracy worse : 171 169 197 203 211 213 
SCL #err deg : 2826 / 3800
SCL #err weighted degeneracy : 2768 2759 2786 2788 2802 2799 
degeneracy helps : 234 241 243 247 242 247 
degeneracy worse : 176 174 203 209 218 220 
SCL #err deg : 2899 / 3900
SCL #err weighted degeneracy : 2836 2827 2856 2860 2875 2872 
degeneracy helps : 242 249 251 254 248 253 
degeneracy worse : 179 177 208 215 224 226 
SCL #err deg : 2974 / 4000
SCL #err weighted degeneracy : 2906 2898 2929 2934 2950 2947 
degeneracy helps : 249 256 258 261 254 259 
degeneracy worse : 181 180 213 221 230 232 
SCL #err deg : 3046 / 4100
SCL #err weighted degeneracy : 2976 2969 3000 3006 3022 3018 
degeneracy helps : 254 261 262 264 257 263 
degeneracy worse : 184 184 216 224 233 235 
SCL #err deg : 3119 / 4200
SCL #err weighted degeneracy : 3050 3043 3076 3081 3098 3096 
degeneracy helps : 257 264 265 268 261 266 
degeneracy worse : 188 188 222 230 240 243 
SCL #err deg : 3194 / 4300
SCL #err weighted degeneracy : 3127 3121 3154 3156 3172 3171 
degeneracy helps : 263 269 271 275 270 274 
degeneracy worse : 196 196 231 237 248 251 
SCL #err deg : 3264 / 4400
SCL #err weighted degeneracy : 3202 3197 3228 3232 3248 3247 
degeneracy helps : 266 271 275 277 272 276 
degeneracy worse : 204 204 239 245 256 259 
SCL #err deg : 3336 / 4500
SCL #err weighted degeneracy : 3274 3267 3301 3305 3321 3321 
degeneracy helps : 272 279 280 282 277 281 
degeneracy worse : 210 210 245 251 262 266 
SCL #err deg : 3406 / 4600
SCL #err weighted degeneracy : 3346 3340 3375 3378 3396 3396 
degeneracy helps : 280 287 286 288 281 285 
degeneracy worse : 220 221 255 260 271 275 
SCL #err deg : 3482 / 4700
SCL #err weighted degeneracy : 3417 3411 3448 3452 3471 3472 
degeneracy helps : 290 298 295 296 288 291 
degeneracy worse : 225 227 261 266 277 281 
SCL #err deg : 3559 / 4800
SCL #err weighted degeneracy : 3488 3482 3520 3521 3541 3543 
degeneracy helps : 301 309 304 307 298 300 
degeneracy worse : 230 232 265 269 280 284 
SCL #err deg : 3631 / 4900
SCL #err weighted degeneracy : 3563 3556 3595 3595 3616 3619 
degeneracy helps : 306 314 310 313 305 307 
degeneracy worse : 238 239 274 277 290 295 
SCL #err deg : 3705 / 5000
SCL #err weighted degeneracy : 3634 3627 3668 3670 3691 3695 
degeneracy helps : 313 321 316 319 311 312 
degeneracy worse : 242 243 279 284 297 302 
SCL #err deg : 3785 / 5100
SCL #err weighted degeneracy : 3709 3701 3742 3744 3768 3771 
degeneracy helps : 321 330 325 328 318 320 
degeneracy worse : 245 246 282 287 301 306 
SCL #err deg : 3844 / 5200
SCL #err weighted degeneracy : 3766 3762 3797 3801 3826 3829 
degeneracy helps : 331 339 336 338 328 330 
degeneracy worse : 253 257 289 295 310 315 
SCL #err deg : 3919 / 5300
SCL #err weighted degeneracy : 3841 3836 3873 3877 3901 3904 
degeneracy helps : 335 343 340 342 333 335 
degeneracy worse : 257 260 294 300 315 320 
SCL #err deg : 3990 / 5400
SCL #err weighted degeneracy : 3913 3909 3946 3952 3975 3978 
degeneracy helps : 341 349 347 348 339 340 
degeneracy worse : 264 268 303 310 324 328 
SCL #err deg : 4061 / 5500
SCL #err weighted degeneracy : 3983 3980 4016 4023 4046 4049 
degeneracy helps : 349 357 356 357 348 350 
degeneracy worse : 271 276 311 319 333 338 
SCL #err deg : 4143 / 5600
SCL #err weighted degeneracy : 4067 4064 4101 4109 4133 4135 
degeneracy helps : 351 359 358 359 350 353 
degeneracy worse : 275 280 316 325 340 345 
SCL #err deg : 4219 / 5700
SCL #err weighted degeneracy : 4151 4148 4183 4190 4214 4214 
degeneracy helps : 353 361 362 364 355 360 
degeneracy worse : 285 290 326 335 350 355 
SCL #err deg : 4293 / 5800
SCL #err weighted degeneracy : 4224 4219 4254 4262 4286 4286 
degeneracy helps : 358 366 368 369 360 365 
degeneracy worse : 289 292 329 338 353 358 
SCL #err deg : 4366 / 5900
SCL #err weighted degeneracy : 4302 4297 4331 4339 4363 4361 
degeneracy helps : 362 370 372 373 364 371 
degeneracy worse : 298 301 337 346 361 366 
SCL #err deg : 4441 / 6000
SCL #err weighted degeneracy : 4372 4367 4400 4412 4436 4435 
degeneracy helps : 370 378 381 379 370 378 
degeneracy worse : 301 304 340 350 365 372 
SCL #err deg : 4514 / 6100
SCL #err weighted degeneracy : 4446 4441 4474 4485 4511 4510 
degeneracy helps : 373 381 383 382 373 381 
degeneracy worse : 305 308 343 353 370 377 
SCL #err deg : 4579 / 6200
SCL #err weighted degeneracy : 4512 4506 4539 4555 4581 4582 
degeneracy helps : 381 389 391 386 377 383 
degeneracy worse : 314 316 351 362 379 386 
SCL #err deg : 4651 / 6300
SCL #err weighted degeneracy : 4591 4586 4615 4629 4655 4656 
degeneracy helps : 382 390 392 390 381 387 
degeneracy worse : 322 325 356 368 385 392 
SCL #err deg : 4724 / 6400
SCL #err weighted degeneracy : 4664 4659 4687 4698 4723 4725 
degeneracy helps : 388 396 399 400 391 396 
degeneracy worse : 328 331 362 374 390 397 
SCL #err deg : 4793 / 6500
SCL #err weighted degeneracy : 4741 4736 4762 4774 4797 4800 
degeneracy helps : 395 403 407 408 398 402 
degeneracy worse : 343 346 376 389 402 409 
SCL #err deg : 4860 / 6600
SCL #err weighted degeneracy : 4811 4806 4832 4844 4868 4870 
degeneracy helps : 397 405 410 412 402 406 
degeneracy worse : 348 351 382 396 410 416 
SCL #err deg : 4933 / 6700
SCL #err weighted degeneracy : 4881 4877 4901 4911 4937 4940 
degeneracy helps : 406 413 421 424 412 416 
degeneracy worse : 354 357 389 402 416 423 
SCL #err deg : 5009 / 6800
SCL #err weighted degeneracy : 4955 4953 4978 4988 5014 5016 
degeneracy helps : 414 420 428 432 421 425 
degeneracy worse : 360 364 397 411 426 432 
SCL #err deg : 5081 / 6900
SCL #err weighted degeneracy : 5030 5027 5052 5059 5082 5084 
degeneracy helps : 416 422 431 438 429 433 
degeneracy worse : 365 368 402 416 430 436 
SCL #err deg : 5155 / 7000
SCL #err weighted degeneracy : 5105 5102 5129 5135 5159 5161 
degeneracy helps : 424 429 436 444 435 439 
degeneracy worse : 374 376 410 424 439 445 
SCL #err deg : 5221 / 7100
SCL #err weighted degeneracy : 5173 5170 5196 5205 5229 5231 
degeneracy helps : 430 435 443 450 441 445 
degeneracy worse : 382 384 418 434 449 455 
SCL #err deg : 5287 / 7200
SCL #err weighted degeneracy : 5239 5236 5263 5272 5298 5300 
degeneracy helps : 435 440 448 456 447 452 
degeneracy worse : 387 389 424 441 458 465 
SCL #err deg : 5356 / 7300
SCL #err weighted degeneracy : 5315 5312 5337 5348 5375 5377 
degeneracy helps : 438 443 452 459 450 456 
degeneracy worse : 397 399 433 451 469 477 
SCL #err deg : 5434 / 7400
SCL #err weighted degeneracy : 5396 5393 5418 5430 5458 5460 
degeneracy helps : 441 446 455 461 452 458 
degeneracy worse : 403 405 439 457 476 484 
SCL #err deg : 5507 / 7500
SCL #err weighted degeneracy : 5464 5461 5484 5498 5527 5531 
degeneracy helps : 449 454 465 470 460 465 
degeneracy worse : 406 408 442 461 480 489 
SCL #err deg : 5583 / 7600
SCL #err weighted degeneracy : 5534 5531 5555 5574 5603 5607 
degeneracy helps : 456 461 472 473 463 469 
degeneracy worse : 407 409 444 464 483 493 
SCL #err deg : 5657 / 7700
SCL #err weighted degeneracy : 5608 5603 5630 5647 5677 5679 
degeneracy helps : 459 465 474 476 465 473 
degeneracy worse : 410 411 447 466 485 495 
SCL #err deg : 5728 / 7800
SCL #err weighted degeneracy : 5679 5674 5700 5717 5747 5750 
degeneracy helps : 470 476 486 489 477 484 
degeneracy worse : 421 422 458 478 496 506 
SCL #err deg : 5794 / 7900
SCL #err weighted degeneracy : 5748 5742 5769 5787 5816 5818 
degeneracy helps : 476 482 493 495 483 491 
degeneracy worse : 430 430 468 488 505 515 
SCL #err deg : 5860 / 8000
SCL #err weighted degeneracy : 5816 5811 5836 5854 5882 5886 
degeneracy helps : 482 487 502 504 494 502 
degeneracy worse : 438 438 478 498 516 528 
SCL #err deg : 5940 / 8100
SCL #err weighted degeneracy : 5895 5890 5918 5935 5963 5965 
degeneracy helps : 489 494 507 510 500 510 
degeneracy worse : 444 444 485 505 523 535 
SCL #err deg : 6016 / 8200
SCL #err weighted degeneracy : 5965 5961 5988 6005 6034 6034 
degeneracy helps : 498 501 517 520 510 521 
degeneracy worse : 447 446 489 509 528 539 
SCL #err deg : 6091 / 8300
SCL #err weighted degeneracy : 6035 6030 6058 6077 6106 6108 
degeneracy helps : 508 511 526 528 518 527 
degeneracy worse : 452 450 493 514 533 544 
SCL #err deg : 6169 / 8400
SCL #err weighted degeneracy : 6110 6105 6133 6154 6182 6184 
degeneracy helps : 516 519 534 534 524 533 
degeneracy worse : 457 455 498 519 537 548 
SCL #err deg : 6241 / 8500
SCL #err weighted degeneracy : 6183 6176 6205 6225 6253 6255 
degeneracy helps : 520 524 539 540 531 539 
degeneracy worse : 462 459 503 524 543 553 
SCL #err deg : 6312 / 8600
SCL #err weighted degeneracy : 6253 6248 6273 6293 6322 6322 
degeneracy helps : 524 528 546 547 538 547 
degeneracy worse : 465 464 507 528 548 557 
SCL #err deg : 6391 / 8700
SCL #err weighted degeneracy : 6330 6326 6346 6365 6394 6393 
degeneracy helps : 531 535 555 556 547 557 
degeneracy worse : 470 470 510 530 550 559 
SCL #err deg : 6466 / 8800
SCL #err weighted degeneracy : 6404 6401 6420 6438 6468 6468 
degeneracy helps : 536 540 559 561 552 561 
degeneracy worse : 474 475 513 533 554 563 
SCL #err deg : 6542 / 8900
SCL #err weighted degeneracy : 6480 6478 6497 6513 6544 6544 
degeneracy helps : 541 545 564 568 559 568 
degeneracy worse : 479 481 519 539 561 570 
SCL #err deg : 6610 / 9000
SCL #err weighted degeneracy : 6552 6551 6568 6585 6615 6615 
degeneracy helps : 545 549 568 572 562 571 
degeneracy worse : 487 490 526 547 567 576 
SCL #err deg : 6683 / 9100
SCL #err weighted degeneracy : 6626 6626 6638 6655 6687 6687 
degeneracy helps : 548 552 574 578 568 577 
degeneracy worse : 491 495 529 550 572 581 
SCL #err deg : 6756 / 9200
SCL #err weighted degeneracy : 6699 6700 6709 6727 6759 6758 
degeneracy helps : 554 557 582 586 576 586 
degeneracy worse : 497 501 535 557 579 588 
SCL #err deg : 6824 / 9300
SCL #err weighted degeneracy : 6767 6768 6776 6793 6826 6823 
degeneracy helps : 559 562 587 593 582 594 
degeneracy worse : 502 506 539 562 584 593 
SCL #err deg : 6897 / 9400
SCL #err weighted degeneracy : 6836 6837 6844 6862 6894 6891 
degeneracy helps : 567 570 595 600 590 603 
degeneracy worse : 506 510 542 565 587 597 
SCL #err deg : 6974 / 9500
SCL #err weighted degeneracy : 6910 6909 6919 6940 6972 6968 
degeneracy helps : 572 576 600 603 593 607 
degeneracy worse : 508 511 545 569 591 601 
SCL #err deg : 7052 / 9600
SCL #err weighted degeneracy : 6989 6987 6999 7019 7051 7047 
degeneracy helps : 577 582 605 608 599 613 
degeneracy worse : 514 517 552 575 598 608 
SCL #err deg : 7125 / 9700
SCL #err weighted degeneracy : 7057 7057 7066 7086 7119 7116 
degeneracy helps : 586 589 615 620 610 624 
degeneracy worse : 518 521 556 581 604 615 
SCL #err deg : 7193 / 9800
SCL #err weighted degeneracy : 7130 7128 7139 7158 7191 7189 
degeneracy helps : 590 593 618 624 615 629 
degeneracy worse : 527 528 564 589 613 625 
SCL #err deg : 7273 / 9900
SCL #err weighted degeneracy : 7208 7207 7216 7235 7268 7265 
degeneracy helps : 598 600 627 633 624 639 
degeneracy worse : 533 534 570 595 619 631 
SCL #err deg : 7342 / 10000
SCL #err weighted degeneracy : 7279 7277 7286 7306 7342 7341 
degeneracy helps : 601 603 630 637 628 643 
degeneracy worse : 538 538 574 601 628 642 
average #flips: 143.306
SCL #err considering degeneracy: 7342
error due to equal 5
error due to SCL smaller 7333
Finish in 12134 s
