Simulation Polar syndrome FASTER N=64, K=33, l=128, pz=0.13, #samples=10000, seed=197
HPW construction
Event generator random seed: 197
SCL #err deg : 54 / 100
SCL #err weighted degeneracy : 50 50 51 54 54 55 
degeneracy helps : 11 11 11 13 14 14 
degeneracy worse : 7 7 8 13 14 15 
SCL #err deg : 102 / 200
SCL #err weighted degeneracy : 98 98 99 103 103 105 
degeneracy helps : 22 22 22 26 27 27 
degeneracy worse : 18 18 19 27 28 30 
SCL #err deg : 157 / 300
SCL #err weighted degeneracy : 148 148 149 157 159 163 
degeneracy helps : 36 36 36 43 43 42 
degeneracy worse : 27 27 28 43 45 48 
SCL #err deg : 201 / 400
SCL #err weighted degeneracy : 195 195 196 205 207 212 
degeneracy helps : 44 44 44 54 54 53 
degeneracy worse : 39 39 40 58 60 64 
SCL #err deg : 247 / 500
SCL #err weighted degeneracy : 237 237 238 249 252 259 
degeneracy helps : 54 54 55 68 68 67 
degeneracy worse : 46 46 47 70 73 79 
SCL #err deg : 295 / 600
SCL #err weighted degeneracy : 285 285 286 301 304 312 
degeneracy helps : 62 62 63 77 77 77 
degeneracy worse : 54 54 55 83 86 94 
SCL #err deg : 337 / 700
SCL #err weighted degeneracy : 335 335 335 351 356 369 
degeneracy helps : 70 70 72 87 87 86 
degeneracy worse : 70 70 71 101 106 118 
SCL #err deg : 379 / 800
SCL #err weighted degeneracy : 377 377 377 394 399 412 
degeneracy helps : 83 83 85 101 101 101 
degeneracy worse : 83 83 84 116 121 134 
SCL #err deg : 422 / 900
SCL #err weighted degeneracy : 422 422 422 443 448 463 
degeneracy helps : 92 92 94 112 112 112 
degeneracy worse : 94 94 95 133 138 153 
SCL #err deg : 468 / 1000
SCL #err weighted degeneracy : 469 469 469 492 497 515 
degeneracy helps : 101 101 103 123 123 122 
degeneracy worse : 104 104 105 147 152 169 
SCL #err deg : 511 / 1100
SCL #err weighted degeneracy : 514 514 514 539 544 562 
degeneracy helps : 110 110 113 134 134 133 
degeneracy worse : 116 116 117 162 167 184 
SCL #err deg : 558 / 1200
SCL #err weighted degeneracy : 556 556 556 582 587 606 
degeneracy helps : 128 128 131 152 152 151 
degeneracy worse : 129 129 130 176 181 199 
SCL #err deg : 601 / 1300
SCL #err weighted degeneracy : 595 595 595 630 635 654 
degeneracy helps : 138 138 141 161 161 160 
degeneracy worse : 135 135 136 190 195 213 
SCL #err deg : 643 / 1400
SCL #err weighted degeneracy : 632 632 632 669 674 693 
degeneracy helps : 154 154 157 178 178 176 
degeneracy worse : 146 146 147 204 209 226 
SCL #err deg : 688 / 1500
SCL #err weighted degeneracy : 678 678 678 715 720 739 
degeneracy helps : 163 163 166 190 191 190 
degeneracy worse : 156 156 157 217 223 241 
SCL #err deg : 738 / 1600
SCL #err weighted degeneracy : 726 726 727 765 771 791 
degeneracy helps : 177 176 180 204 205 204 
degeneracy worse : 168 168 170 231 238 257 
SCL #err deg : 777 / 1700
SCL #err weighted degeneracy : 763 763 764 808 814 834 
degeneracy helps : 190 189 193 217 217 217 
degeneracy worse : 179 179 181 248 254 274 
SCL #err deg : 825 / 1800
SCL #err weighted degeneracy : 799 799 800 848 854 874 
degeneracy helps : 206 205 209 234 234 234 
degeneracy worse : 183 183 185 257 263 283 
SCL #err deg : 870 / 1900
SCL #err weighted degeneracy : 849 849 850 901 908 927 
degeneracy helps : 216 215 219 245 245 247 
degeneracy worse : 198 198 200 276 283 304 
SCL #err deg : 915 / 2000
SCL #err weighted degeneracy : 886 886 887 943 950 971 
degeneracy helps : 231 230 234 260 260 261 
degeneracy worse : 205 205 207 288 295 317 
SCL #err deg : 961 / 2100
SCL #err weighted degeneracy : 932 932 933 988 997 1020 
degeneracy helps : 242 241 246 275 275 275 
degeneracy worse : 217 217 219 302 311 334 
SCL #err deg : 1003 / 2200
SCL #err weighted degeneracy : 976 976 977 1038 1046 1068 
degeneracy helps : 248 247 252 282 283 283 
degeneracy worse : 225 225 227 317 326 348 
SCL #err deg : 1044 / 2300
SCL #err weighted degeneracy : 1012 1012 1013 1077 1085 1110 
degeneracy helps : 260 259 265 296 297 296 
degeneracy worse : 233 233 235 329 338 362 
SCL #err deg : 1093 / 2400
SCL #err weighted degeneracy : 1070 1070 1071 1132 1141 1167 
degeneracy helps : 266 265 271 306 307 306 
degeneracy worse : 248 248 250 345 355 380 
SCL #err deg : 1135 / 2500
SCL #err weighted degeneracy : 1114 1114 1115 1177 1187 1212 
degeneracy helps : 279 278 284 320 321 321 
degeneracy worse : 263 263 265 362 373 398 
SCL #err deg : 1173 / 2600
SCL #err weighted degeneracy : 1154 1154 1155 1217 1228 1254 
degeneracy helps : 291 289 296 334 335 336 
degeneracy worse : 277 277 279 378 390 417 
SCL #err deg : 1216 / 2700
SCL #err weighted degeneracy : 1201 1201 1202 1267 1278 1304 
degeneracy helps : 300 298 305 343 344 345 
degeneracy worse : 290 290 292 394 406 433 
SCL #err deg : 1251 / 2800
SCL #err weighted degeneracy : 1241 1241 1242 1309 1319 1346 
degeneracy helps : 309 307 315 354 356 356 
degeneracy worse : 305 305 307 412 424 451 
SCL #err deg : 1299 / 2900
SCL #err weighted degeneracy : 1281 1281 1282 1351 1363 1392 
degeneracy helps : 322 320 329 370 371 370 
degeneracy worse : 311 311 313 422 435 463 
SCL #err deg : 1349 / 3000
SCL #err weighted degeneracy : 1329 1329 1330 1403 1414 1443 
degeneracy helps : 330 328 338 380 382 381 
degeneracy worse : 318 318 320 434 447 475 
SCL #err deg : 1391 / 3100
SCL #err weighted degeneracy : 1368 1368 1369 1447 1458 1488 
degeneracy helps : 340 338 348 390 392 391 
degeneracy worse : 325 325 327 446 459 488 
SCL #err deg : 1434 / 3200
SCL #err weighted degeneracy : 1408 1408 1409 1487 1498 1530 
degeneracy helps : 351 349 359 404 406 404 
degeneracy worse : 333 333 335 457 470 500 
SCL #err deg : 1470 / 3300
SCL #err weighted degeneracy : 1441 1441 1442 1523 1534 1567 
degeneracy helps : 363 362 372 419 421 419 
degeneracy worse : 343 343 345 472 485 516 
SCL #err deg : 1520 / 3400
SCL #err weighted degeneracy : 1491 1491 1492 1575 1585 1618 
degeneracy helps : 376 375 385 433 436 434 
degeneracy worse : 356 356 358 488 501 532 
SCL #err deg : 1568 / 3500
SCL #err weighted degeneracy : 1538 1538 1539 1621 1632 1665 
degeneracy helps : 389 388 398 448 450 448 
degeneracy worse : 368 368 370 501 514 545 
SCL #err deg : 1605 / 3600
SCL #err weighted degeneracy : 1580 1580 1581 1669 1681 1713 
degeneracy helps : 395 394 404 454 456 454 
degeneracy worse : 379 379 381 518 532 562 
SCL #err deg : 1639 / 3700
SCL #err weighted degeneracy : 1625 1625 1626 1716 1728 1762 
degeneracy helps : 402 400 411 461 463 461 
degeneracy worse : 397 397 399 538 552 584 
SCL #err deg : 1677 / 3800
SCL #err weighted degeneracy : 1661 1661 1662 1753 1766 1803 
degeneracy helps : 415 413 424 476 478 475 
degeneracy worse : 408 408 410 552 567 601 
SCL #err deg : 1722 / 3900
SCL #err weighted degeneracy : 1702 1702 1703 1796 1810 1847 
degeneracy helps : 425 423 436 490 491 490 
degeneracy worse : 417 417 419 564 579 615 
SCL #err deg : 1769 / 4000
SCL #err weighted degeneracy : 1752 1752 1753 1851 1865 1903 
degeneracy helps : 435 433 446 500 501 500 
degeneracy worse : 430 430 432 582 597 634 
SCL #err deg : 1817 / 4100
SCL #err weighted degeneracy : 1805 1805 1806 1904 1918 1957 
degeneracy helps : 448 446 459 515 516 515 
degeneracy worse : 448 448 450 602 617 655 
SCL #err deg : 1851 / 4200
SCL #err weighted degeneracy : 1838 1838 1839 1940 1956 1997 
degeneracy helps : 457 454 468 525 526 525 
degeneracy worse : 456 456 458 614 631 671 
SCL #err deg : 1896 / 4300
SCL #err weighted degeneracy : 1879 1879 1880 1984 2000 2042 
degeneracy helps : 468 465 479 536 537 536 
degeneracy worse : 463 463 465 624 641 682 
SCL #err deg : 1942 / 4400
SCL #err weighted degeneracy : 1920 1920 1921 2030 2048 2092 
degeneracy helps : 480 478 492 549 549 548 
degeneracy worse : 471 471 473 637 655 698 
SCL #err deg : 1988 / 4500
SCL #err weighted degeneracy : 1968 1968 1969 2081 2100 2145 
degeneracy helps : 493 491 505 563 562 560 
degeneracy worse : 486 486 488 656 674 717 
SCL #err deg : 2037 / 4600
SCL #err weighted degeneracy : 2013 2013 2014 2130 2148 2193 
degeneracy helps : 506 504 519 579 579 579 
degeneracy worse : 496 496 498 672 690 735 
SCL #err deg : 2082 / 4700
SCL #err weighted degeneracy : 2055 2055 2056 2173 2192 2239 
degeneracy helps : 516 514 529 590 590 590 
degeneracy worse : 503 503 505 681 700 747 
SCL #err deg : 2130 / 4800
SCL #err weighted degeneracy : 2102 2102 2103 2229 2248 2293 
degeneracy helps : 528 526 542 602 602 603 
degeneracy worse : 515 515 517 701 720 766 
SCL #err deg : 2178 / 4900
SCL #err weighted degeneracy : 2148 2148 2149 2278 2297 2343 
degeneracy helps : 542 539 556 616 616 617 
degeneracy worse : 527 527 529 716 735 782 
SCL #err deg : 2220 / 5000
SCL #err weighted degeneracy : 2190 2190 2191 2323 2342 2387 
degeneracy helps : 548 545 562 623 623 624 
degeneracy worse : 533 533 535 726 745 791 
SCL #err deg : 2273 / 5100
SCL #err weighted degeneracy : 2238 2238 2239 2376 2395 2443 
degeneracy helps : 561 559 576 637 637 637 
degeneracy worse : 542 542 544 740 759 807 
SCL #err deg : 2315 / 5200
SCL #err weighted degeneracy : 2282 2282 2283 2422 2442 2490 
degeneracy helps : 574 572 589 653 653 653 
degeneracy worse : 558 558 560 760 780 828 
SCL #err deg : 2363 / 5300
SCL #err weighted degeneracy : 2324 2324 2325 2466 2486 2536 
degeneracy helps : 589 588 605 670 670 668 
degeneracy worse : 568 568 570 773 793 841 
SCL #err deg : 2411 / 5400
SCL #err weighted degeneracy : 2372 2372 2373 2517 2537 2588 
degeneracy helps : 600 599 616 682 682 680 
degeneracy worse : 579 579 581 788 808 857 
SCL #err deg : 2463 / 5500
SCL #err weighted degeneracy : 2422 2422 2423 2570 2590 2642 
degeneracy helps : 613 612 629 694 694 692 
degeneracy worse : 590 590 592 801 821 871 
SCL #err deg : 2511 / 5600
SCL #err weighted degeneracy : 2466 2466 2467 2616 2636 2687 
degeneracy helps : 624 623 640 705 705 703 
degeneracy worse : 597 597 599 810 830 879 
SCL #err deg : 2557 / 5700
SCL #err weighted degeneracy : 2507 2507 2508 2655 2676 2730 
degeneracy helps : 636 636 654 723 722 720 
degeneracy worse : 607 607 609 821 841 893 
SCL #err deg : 2594 / 5800
SCL #err weighted degeneracy : 2551 2551 2551 2701 2722 2777 
degeneracy helps : 640 640 659 728 727 725 
degeneracy worse : 618 618 620 835 855 908 
SCL #err deg : 2641 / 5900
SCL #err weighted degeneracy : 2596 2596 2596 2751 2773 2829 
degeneracy helps : 652 652 671 740 739 737 
degeneracy worse : 628 628 630 850 871 925 
SCL #err deg : 2690 / 6000
SCL #err weighted degeneracy : 2642 2642 2641 2795 2818 2874 
degeneracy helps : 660 661 684 754 753 751 
degeneracy worse : 637 637 639 859 881 935 
SCL #err deg : 2733 / 6100
SCL #err weighted degeneracy : 2686 2686 2684 2837 2860 2917 
degeneracy helps : 671 672 696 770 769 767 
degeneracy worse : 649 649 651 874 896 951 
SCL #err deg : 2781 / 6200
SCL #err weighted degeneracy : 2731 2731 2729 2883 2906 2965 
degeneracy helps : 678 679 703 779 778 776 
degeneracy worse : 653 653 655 881 903 960 
SCL #err deg : 2817 / 6300
SCL #err weighted degeneracy : 2773 2773 2771 2931 2954 3013 
degeneracy helps : 684 685 709 785 784 782 
degeneracy worse : 665 665 667 899 921 978 
SCL #err deg : 2862 / 6400
SCL #err weighted degeneracy : 2821 2821 2819 2982 3005 3063 
degeneracy helps : 693 694 718 795 794 793 
degeneracy worse : 677 677 679 915 937 994 
SCL #err deg : 2903 / 6500
SCL #err weighted degeneracy : 2857 2857 2854 3021 3045 3102 
degeneracy helps : 704 705 729 807 806 805 
degeneracy worse : 683 683 684 925 948 1004 
SCL #err deg : 2952 / 6600
SCL #err weighted degeneracy : 2901 2901 2898 3070 3095 3151 
degeneracy helps : 718 719 743 823 822 821 
degeneracy worse : 693 693 694 941 965 1020 
SCL #err deg : 2994 / 6700
SCL #err weighted degeneracy : 2944 2944 2941 3120 3146 3203 
degeneracy helps : 730 731 755 835 834 833 
degeneracy worse : 706 706 707 961 986 1042 
SCL #err deg : 3042 / 6800
SCL #err weighted degeneracy : 2988 2988 2985 3168 3194 3253 
degeneracy helps : 743 744 768 850 849 848 
degeneracy worse : 715 715 716 976 1001 1059 
SCL #err deg : 3089 / 6900
SCL #err weighted degeneracy : 3033 3033 3030 3214 3241 3302 
degeneracy helps : 756 757 781 865 863 862 
degeneracy worse : 726 726 727 990 1015 1075 
SCL #err deg : 3128 / 7000
SCL #err weighted degeneracy : 3074 3074 3071 3256 3284 3345 
degeneracy helps : 765 766 790 875 872 872 
degeneracy worse : 737 737 738 1003 1028 1089 
SCL #err deg : 3179 / 7100
SCL #err weighted degeneracy : 3127 3127 3124 3310 3339 3402 
degeneracy helps : 777 778 802 889 886 886 
degeneracy worse : 751 751 752 1020 1046 1109 
SCL #err deg : 3234 / 7200
SCL #err weighted degeneracy : 3173 3173 3170 3356 3385 3448 
degeneracy helps : 794 795 819 908 905 905 
degeneracy worse : 759 759 760 1030 1056 1119 
SCL #err deg : 3281 / 7300
SCL #err weighted degeneracy : 3219 3219 3216 3406 3434 3501 
degeneracy helps : 804 806 830 919 917 914 
degeneracy worse : 769 769 770 1044 1070 1134 
SCL #err deg : 3324 / 7400
SCL #err weighted degeneracy : 3261 3261 3258 3452 3480 3550 
degeneracy helps : 814 816 840 931 929 925 
degeneracy worse : 778 778 779 1059 1085 1151 
SCL #err deg : 3371 / 7500
SCL #err weighted degeneracy : 3304 3304 3301 3500 3528 3602 
degeneracy helps : 830 831 856 947 945 941 
degeneracy worse : 790 790 791 1076 1102 1172 
SCL #err deg : 3414 / 7600
SCL #err weighted degeneracy : 3348 3348 3345 3546 3575 3649 
degeneracy helps : 841 842 867 958 956 952 
degeneracy worse : 802 802 803 1090 1117 1187 
SCL #err deg : 3469 / 7700
SCL #err weighted degeneracy : 3404 3404 3400 3603 3631 3706 
degeneracy helps : 849 850 876 968 967 962 
degeneracy worse : 811 811 812 1102 1129 1199 
SCL #err deg : 3504 / 7800
SCL #err weighted degeneracy : 3436 3436 3432 3638 3668 3745 
degeneracy helps : 861 862 888 982 980 974 
degeneracy worse : 820 820 821 1116 1144 1215 
SCL #err deg : 3550 / 7900
SCL #err weighted degeneracy : 3484 3484 3480 3689 3719 3796 
degeneracy helps : 872 873 899 993 991 985 
degeneracy worse : 833 833 834 1132 1160 1231 
SCL #err deg : 3607 / 8000
SCL #err weighted degeneracy : 3528 3528 3525 3740 3770 3850 
degeneracy helps : 892 892 919 1013 1011 1003 
degeneracy worse : 840 840 842 1146 1174 1246 
SCL #err deg : 3661 / 8100
SCL #err weighted degeneracy : 3578 3578 3575 3793 3824 3904 
degeneracy helps : 904 904 931 1026 1024 1016 
degeneracy worse : 849 849 851 1158 1187 1259 
SCL #err deg : 3696 / 8200
SCL #err weighted degeneracy : 3609 3609 3607 3829 3860 3939 
degeneracy helps : 913 914 941 1035 1033 1025 
degeneracy worse : 855 855 858 1168 1197 1268 
SCL #err deg : 3736 / 8300
SCL #err weighted degeneracy : 3653 3653 3651 3876 3907 3985 
degeneracy helps : 921 922 949 1045 1043 1035 
degeneracy worse : 867 867 870 1185 1214 1284 
SCL #err deg : 3776 / 8400
SCL #err weighted degeneracy : 3692 3692 3690 3921 3952 4032 
degeneracy helps : 933 934 961 1059 1057 1049 
degeneracy worse : 878 878 881 1204 1233 1305 
SCL #err deg : 3820 / 8500
SCL #err weighted degeneracy : 3737 3737 3735 3972 4004 4085 
degeneracy helps : 945 946 973 1071 1069 1061 
degeneracy worse : 891 891 894 1223 1253 1326 
SCL #err deg : 3860 / 8600
SCL #err weighted degeneracy : 3779 3779 3777 4015 4047 4128 
degeneracy helps : 959 960 987 1087 1085 1077 
degeneracy worse : 907 907 910 1242 1272 1345 
SCL #err deg : 3906 / 8700
SCL #err weighted degeneracy : 3822 3822 3819 4063 4095 4175 
degeneracy helps : 975 976 1005 1103 1102 1094 
degeneracy worse : 921 921 924 1260 1291 1363 
SCL #err deg : 3954 / 8800
SCL #err weighted degeneracy : 3863 3863 3860 4105 4139 4220 
degeneracy helps : 988 989 1018 1117 1115 1107 
degeneracy worse : 927 927 930 1268 1300 1373 
SCL #err deg : 3995 / 8900
SCL #err weighted degeneracy : 3897 3897 3894 4140 4175 4256 
degeneracy helps : 999 1000 1031 1132 1130 1122 
degeneracy worse : 933 933 936 1277 1310 1383 
SCL #err deg : 4042 / 9000
SCL #err weighted degeneracy : 3939 3939 3936 4183 4218 4301 
degeneracy helps : 1011 1012 1043 1146 1144 1133 
degeneracy worse : 940 940 943 1287 1320 1392 
SCL #err deg : 4084 / 9100
SCL #err weighted degeneracy : 3974 3974 3971 4224 4261 4345 
degeneracy helps : 1028 1030 1061 1165 1162 1151 
degeneracy worse : 951 951 954 1305 1339 1412 
SCL #err deg : 4128 / 9200
SCL #err weighted degeneracy : 4010 4010 4007 4263 4301 4386 
degeneracy helps : 1045 1047 1078 1182 1179 1168 
degeneracy worse : 960 960 963 1317 1352 1426 
SCL #err deg : 4171 / 9300
SCL #err weighted degeneracy : 4053 4053 4050 4310 4348 4432 
degeneracy helps : 1056 1058 1089 1193 1190 1179 
degeneracy worse : 971 971 974 1332 1367 1440 
SCL #err deg : 4218 / 9400
SCL #err weighted degeneracy : 4101 4101 4098 4359 4397 4481 
degeneracy helps : 1068 1070 1101 1206 1203 1192 
degeneracy worse : 984 984 987 1347 1382 1455 
SCL #err deg : 4262 / 9500
SCL #err weighted degeneracy : 4141 4141 4138 4405 4443 4526 
degeneracy helps : 1078 1081 1114 1220 1217 1205 
degeneracy worse : 993 993 996 1363 1398 1469 
SCL #err deg : 4303 / 9600
SCL #err weighted degeneracy : 4192 4192 4188 4458 4499 4581 
degeneracy helps : 1087 1089 1125 1232 1229 1217 
degeneracy worse : 1013 1013 1016 1387 1425 1495 
SCL #err deg : 4348 / 9700
SCL #err weighted degeneracy : 4232 4232 4228 4500 4542 4624 
degeneracy helps : 1099 1101 1138 1246 1243 1231 
degeneracy worse : 1021 1021 1024 1398 1437 1507 
SCL #err deg : 4391 / 9800
SCL #err weighted degeneracy : 4280 4280 4276 4548 4591 4671 
degeneracy helps : 1108 1110 1148 1260 1257 1245 
degeneracy worse : 1036 1036 1039 1417 1457 1525 
SCL #err deg : 4430 / 9900
SCL #err weighted degeneracy : 4330 4330 4326 4599 4643 4724 
degeneracy helps : 1111 1113 1151 1266 1263 1251 
degeneracy worse : 1050 1050 1053 1435 1476 1545 
SCL #err deg : 4483 / 10000
SCL #err weighted degeneracy : 4372 4372 4368 4641 4684 4767 
degeneracy helps : 1128 1130 1169 1286 1284 1272 
degeneracy worse : 1057 1057 1060 1444 1485 1556 
average #flips: 8.3426
SCL #err considering degeneracy: 4483
error due to equal 1736
error due to SCL smaller 2747
Finish in 590 s
