Simulation Polar syndrome FASTER N=512, K=257, l=128, pz=0.13, #samples=10000, seed=197
HPW construction
Event generator random seed: 197
SCL #err deg : 65 / 100
SCL #err weighted degeneracy : 64 64 62 61 62 67 
degeneracy helps : 10 10 12 14 14 12 
degeneracy worse : 9 9 9 10 11 14 
SCL #err deg : 130 / 200
SCL #err weighted degeneracy : 126 127 122 121 123 125 
degeneracy helps : 21 20 26 29 30 32 
degeneracy worse : 17 17 18 20 23 27 
SCL #err deg : 193 / 300
SCL #err weighted degeneracy : 188 189 182 182 183 184 
degeneracy helps : 35 34 41 43 45 49 
degeneracy worse : 30 30 30 32 35 40 
SCL #err deg : 254 / 400
SCL #err weighted degeneracy : 251 252 245 245 244 246 
degeneracy helps : 42 41 49 52 56 60 
degeneracy worse : 39 39 40 43 46 52 
SCL #err deg : 309 / 500
SCL #err weighted degeneracy : 302 303 294 295 296 299 
degeneracy helps : 55 54 65 70 72 76 
degeneracy worse : 48 48 50 56 59 66 
SCL #err deg : 368 / 600
SCL #err weighted degeneracy : 359 361 354 359 362 363 
degeneracy helps : 64 63 76 82 82 89 
degeneracy worse : 55 56 62 73 76 84 
SCL #err deg : 420 / 700
SCL #err weighted degeneracy : 411 413 405 413 418 420 
degeneracy helps : 75 74 89 96 95 103 
degeneracy worse : 66 67 74 89 93 103 
SCL #err deg : 487 / 800
SCL #err weighted degeneracy : 472 474 467 475 479 481 
degeneracy helps : 86 85 100 108 107 116 
degeneracy worse : 71 72 80 96 99 110 
SCL #err deg : 548 / 900
SCL #err weighted degeneracy : 533 535 527 535 539 536 
degeneracy helps : 97 96 111 120 121 135 
degeneracy worse : 82 83 90 107 112 123 
SCL #err deg : 607 / 1000
SCL #err weighted degeneracy : 580 582 576 583 588 587 
degeneracy helps : 115 114 128 140 141 155 
degeneracy worse : 88 89 97 116 122 135 
SCL #err deg : 667 / 1100
SCL #err weighted degeneracy : 641 642 635 642 644 644 
degeneracy helps : 123 123 139 153 155 169 
degeneracy worse : 97 98 107 128 132 146 
SCL #err deg : 730 / 1200
SCL #err weighted degeneracy : 704 705 700 704 707 706 
degeneracy helps : 137 137 153 169 170 185 
degeneracy worse : 111 112 123 143 147 161 
SCL #err deg : 781 / 1300
SCL #err weighted degeneracy : 760 761 756 763 766 767 
degeneracy helps : 144 144 162 178 179 194 
degeneracy worse : 123 124 137 160 164 180 
SCL #err deg : 847 / 1400
SCL #err weighted degeneracy : 817 818 813 825 829 834 
degeneracy helps : 160 160 179 195 195 207 
degeneracy worse : 130 131 145 173 177 194 
SCL #err deg : 906 / 1500
SCL #err weighted degeneracy : 878 879 872 881 883 890 
degeneracy helps : 168 168 188 207 208 220 
degeneracy worse : 140 141 154 182 185 204 
SCL #err deg : 958 / 1600
SCL #err weighted degeneracy : 927 928 921 932 936 947 
degeneracy helps : 178 178 199 216 217 226 
degeneracy worse : 147 148 162 190 195 215 
SCL #err deg : 1020 / 1700
SCL #err weighted degeneracy : 982 983 979 989 994 1009 
degeneracy helps : 193 193 213 232 235 242 
degeneracy worse : 155 156 172 201 209 231 
SCL #err deg : 1083 / 1800
SCL #err weighted degeneracy : 1043 1043 1041 1054 1059 1075 
degeneracy helps : 200 200 220 239 242 250 
degeneracy worse : 160 160 178 210 218 242 
SCL #err deg : 1138 / 1900
SCL #err weighted degeneracy : 1096 1096 1090 1109 1117 1133 
degeneracy helps : 210 210 233 251 254 264 
degeneracy worse : 168 168 185 222 233 259 
SCL #err deg : 1199 / 2000
SCL #err weighted degeneracy : 1153 1153 1148 1166 1173 1190 
degeneracy helps : 220 220 241 263 267 278 
degeneracy worse : 174 174 190 230 241 269 
SCL #err deg : 1267 / 2100
SCL #err weighted degeneracy : 1217 1217 1214 1229 1237 1253 
degeneracy helps : 231 231 252 277 280 291 
degeneracy worse : 181 181 199 239 250 277 
SCL #err deg : 1328 / 2200
SCL #err weighted degeneracy : 1269 1269 1268 1284 1294 1311 
degeneracy helps : 245 245 265 292 294 305 
degeneracy worse : 186 186 205 248 260 288 
SCL #err deg : 1386 / 2300
SCL #err weighted degeneracy : 1331 1331 1330 1346 1355 1373 
degeneracy helps : 251 251 271 300 303 314 
degeneracy worse : 196 196 215 260 272 301 
SCL #err deg : 1444 / 2400
SCL #err weighted degeneracy : 1387 1387 1386 1404 1414 1433 
degeneracy helps : 261 261 283 312 316 327 
degeneracy worse : 204 204 225 272 286 316 
SCL #err deg : 1507 / 2500
SCL #err weighted degeneracy : 1446 1446 1442 1463 1471 1494 
degeneracy helps : 272 272 297 324 330 341 
degeneracy worse : 211 211 232 280 294 328 
SCL #err deg : 1569 / 2600
SCL #err weighted degeneracy : 1520 1520 1516 1537 1543 1565 
degeneracy helps : 280 280 305 334 341 352 
degeneracy worse : 231 231 252 302 315 348 
SCL #err deg : 1636 / 2700
SCL #err weighted degeneracy : 1589 1589 1585 1605 1607 1629 
degeneracy helps : 288 288 313 343 354 366 
degeneracy worse : 241 241 262 312 325 359 
SCL #err deg : 1700 / 2800
SCL #err weighted degeneracy : 1653 1653 1646 1665 1669 1689 
degeneracy helps : 298 298 327 357 368 382 
degeneracy worse : 251 251 273 322 337 371 
SCL #err deg : 1756 / 2900
SCL #err weighted degeneracy : 1708 1707 1697 1719 1723 1743 
degeneracy helps : 308 308 339 369 380 394 
degeneracy worse : 260 259 280 332 347 381 
SCL #err deg : 1822 / 3000
SCL #err weighted degeneracy : 1767 1766 1756 1779 1783 1801 
degeneracy helps : 323 323 354 384 397 412 
degeneracy worse : 268 267 288 341 358 391 
SCL #err deg : 1892 / 3100
SCL #err weighted degeneracy : 1829 1828 1819 1842 1849 1867 
degeneracy helps : 336 336 366 397 408 424 
degeneracy worse : 273 272 293 347 365 399 
SCL #err deg : 1949 / 3200
SCL #err weighted degeneracy : 1886 1885 1874 1897 1904 1924 
degeneracy helps : 346 346 378 409 421 438 
degeneracy worse : 283 282 303 357 376 413 
SCL #err deg : 2010 / 3300
SCL #err weighted degeneracy : 1946 1945 1931 1952 1961 1979 
degeneracy helps : 358 358 392 428 440 458 
degeneracy worse : 294 293 313 370 391 427 
SCL #err deg : 2069 / 3400
SCL #err weighted degeneracy : 2012 2011 1995 2017 2025 2044 
degeneracy helps : 366 366 400 438 451 468 
degeneracy worse : 309 308 326 386 407 443 
SCL #err deg : 2135 / 3500
SCL #err weighted degeneracy : 2077 2076 2062 2080 2089 2106 
degeneracy helps : 374 374 409 450 462 481 
degeneracy worse : 316 315 336 395 416 452 
SCL #err deg : 2196 / 3600
SCL #err weighted degeneracy : 2132 2131 2119 2135 2142 2161 
degeneracy helps : 387 387 421 466 480 499 
degeneracy worse : 323 322 344 405 426 464 
SCL #err deg : 2259 / 3700
SCL #err weighted degeneracy : 2193 2192 2179 2195 2202 2222 
degeneracy helps : 394 394 429 477 492 513 
degeneracy worse : 328 327 349 413 435 476 
SCL #err deg : 2321 / 3800
SCL #err weighted degeneracy : 2259 2258 2242 2259 2263 2284 
degeneracy helps : 401 401 439 488 507 528 
degeneracy worse : 339 338 360 426 449 491 
SCL #err deg : 2385 / 3900
SCL #err weighted degeneracy : 2323 2322 2306 2323 2327 2346 
degeneracy helps : 411 411 450 499 518 540 
degeneracy worse : 349 348 371 437 460 501 
SCL #err deg : 2445 / 4000
SCL #err weighted degeneracy : 2372 2371 2356 2377 2384 2404 
degeneracy helps : 427 427 466 516 533 555 
degeneracy worse : 354 353 377 448 472 514 
SCL #err deg : 2503 / 4100
SCL #err weighted degeneracy : 2433 2432 2419 2445 2453 2473 
degeneracy helps : 434 434 474 523 539 561 
degeneracy worse : 364 363 390 465 489 531 
SCL #err deg : 2561 / 4200
SCL #err weighted degeneracy : 2491 2490 2478 2507 2517 2538 
degeneracy helps : 443 443 483 531 547 572 
degeneracy worse : 373 372 400 477 503 549 
SCL #err deg : 2623 / 4300
SCL #err weighted degeneracy : 2548 2547 2536 2569 2581 2601 
degeneracy helps : 455 455 497 544 559 584 
degeneracy worse : 380 379 410 490 517 562 
SCL #err deg : 2680 / 4400
SCL #err weighted degeneracy : 2598 2597 2585 2616 2630 2652 
degeneracy helps : 474 474 516 566 580 606 
degeneracy worse : 392 391 421 502 530 578 
SCL #err deg : 2751 / 4500
SCL #err weighted degeneracy : 2662 2660 2649 2679 2696 2715 
degeneracy helps : 488 489 530 582 594 622 
degeneracy worse : 399 398 428 510 539 586 
SCL #err deg : 2806 / 4600
SCL #err weighted degeneracy : 2725 2724 2713 2738 2755 2773 
degeneracy helps : 493 494 534 589 601 631 
degeneracy worse : 412 412 441 521 550 598 
SCL #err deg : 2868 / 4700
SCL #err weighted degeneracy : 2780 2779 2770 2790 2810 2828 
degeneracy helps : 506 507 549 609 620 649 
degeneracy worse : 418 418 451 531 562 609 
SCL #err deg : 2932 / 4800
SCL #err weighted degeneracy : 2841 2840 2831 2851 2868 2885 
degeneracy helps : 516 517 561 621 635 666 
degeneracy worse : 425 425 460 540 571 619 
SCL #err deg : 2986 / 4900
SCL #err weighted degeneracy : 2893 2893 2882 2908 2925 2941 
degeneracy helps : 526 527 574 635 648 680 
degeneracy worse : 433 434 470 557 587 635 
SCL #err deg : 3040 / 5000
SCL #err weighted degeneracy : 2953 2954 2940 2963 2980 2994 
degeneracy helps : 530 531 580 643 657 691 
degeneracy worse : 443 445 480 566 597 645 
SCL #err deg : 3104 / 5100
SCL #err weighted degeneracy : 3016 3017 3004 3028 3048 3064 
degeneracy helps : 537 538 589 653 666 700 
degeneracy worse : 449 451 489 577 610 660 
SCL #err deg : 3170 / 5200
SCL #err weighted degeneracy : 3073 3074 3064 3088 3108 3125 
degeneracy helps : 551 552 602 668 681 713 
degeneracy worse : 454 456 496 586 619 668 
SCL #err deg : 3228 / 5300
SCL #err weighted degeneracy : 3124 3125 3116 3143 3165 3185 
degeneracy helps : 562 563 614 682 695 727 
degeneracy worse : 458 460 502 597 632 684 
SCL #err deg : 3294 / 5400
SCL #err weighted degeneracy : 3192 3193 3186 3208 3232 3252 
degeneracy helps : 569 570 620 692 703 736 
degeneracy worse : 467 469 512 606 641 694 
SCL #err deg : 3355 / 5500
SCL #err weighted degeneracy : 3254 3255 3248 3267 3291 3313 
degeneracy helps : 577 578 629 704 716 750 
degeneracy worse : 476 478 522 616 652 708 
SCL #err deg : 3422 / 5600
SCL #err weighted degeneracy : 3315 3316 3309 3330 3354 3375 
degeneracy helps : 590 591 642 715 730 765 
degeneracy worse : 483 485 529 623 662 718 
SCL #err deg : 3483 / 5700
SCL #err weighted degeneracy : 3372 3373 3369 3393 3415 3437 
degeneracy helps : 603 604 652 724 740 775 
degeneracy worse : 492 494 538 634 672 729 
SCL #err deg : 3544 / 5800
SCL #err weighted degeneracy : 3430 3431 3425 3445 3468 3491 
degeneracy helps : 610 611 662 738 754 790 
degeneracy worse : 496 498 543 639 678 737 
SCL #err deg : 3599 / 5900
SCL #err weighted degeneracy : 3478 3479 3474 3489 3514 3537 
degeneracy helps : 625 626 677 758 775 811 
degeneracy worse : 504 506 552 648 690 749 
SCL #err deg : 3662 / 6000
SCL #err weighted degeneracy : 3535 3536 3532 3546 3571 3594 
degeneracy helps : 635 636 688 770 789 825 
degeneracy worse : 508 510 558 654 698 757 
SCL #err deg : 3720 / 6100
SCL #err weighted degeneracy : 3588 3589 3583 3597 3622 3644 
degeneracy helps : 649 650 702 786 808 845 
degeneracy worse : 517 519 565 663 710 769 
SCL #err deg : 3778 / 6200
SCL #err weighted degeneracy : 3651 3652 3647 3666 3693 3715 
degeneracy helps : 654 655 707 791 813 850 
degeneracy worse : 527 529 576 679 728 787 
SCL #err deg : 3846 / 6300
SCL #err weighted degeneracy : 3716 3717 3710 3728 3756 3776 
degeneracy helps : 663 664 718 805 828 867 
degeneracy worse : 533 535 582 687 738 797 
SCL #err deg : 3912 / 6400
SCL #err weighted degeneracy : 3781 3782 3771 3788 3819 3839 
degeneracy helps : 673 674 730 819 841 882 
degeneracy worse : 542 544 589 695 748 809 
SCL #err deg : 3970 / 6500
SCL #err weighted degeneracy : 3834 3835 3827 3841 3872 3892 
degeneracy helps : 687 688 745 839 861 904 
degeneracy worse : 551 553 602 710 763 826 
SCL #err deg : 4033 / 6600
SCL #err weighted degeneracy : 3891 3892 3881 3894 3925 3947 
degeneracy helps : 702 703 762 857 879 922 
degeneracy worse : 560 562 610 718 771 836 
SCL #err deg : 4087 / 6700
SCL #err weighted degeneracy : 3945 3946 3934 3949 3980 4004 
degeneracy helps : 712 713 773 868 892 935 
degeneracy worse : 570 572 620 730 785 852 
SCL #err deg : 4143 / 6800
SCL #err weighted degeneracy : 4007 4008 3997 4011 4046 4068 
degeneracy helps : 718 719 779 876 900 944 
degeneracy worse : 582 584 633 744 803 869 
SCL #err deg : 4200 / 6900
SCL #err weighted degeneracy : 4062 4063 4053 4071 4109 4132 
degeneracy helps : 726 727 787 885 907 949 
degeneracy worse : 588 590 640 756 816 881 
SCL #err deg : 4266 / 7000
SCL #err weighted degeneracy : 4125 4126 4116 4135 4172 4193 
degeneracy helps : 739 740 803 901 924 967 
degeneracy worse : 599 601 653 770 830 894 
SCL #err deg : 4338 / 7100
SCL #err weighted degeneracy : 4193 4194 4183 4197 4234 4256 
degeneracy helps : 750 751 815 918 943 986 
degeneracy worse : 606 608 660 777 839 904 
SCL #err deg : 4396 / 7200
SCL #err weighted degeneracy : 4254 4255 4245 4258 4296 4315 
degeneracy helps : 761 762 827 931 957 1002 
degeneracy worse : 620 622 676 793 857 921 
SCL #err deg : 4459 / 7300
SCL #err weighted degeneracy : 4309 4310 4303 4321 4358 4377 
degeneracy helps : 772 773 839 942 971 1018 
degeneracy worse : 623 625 683 804 870 936 
SCL #err deg : 4521 / 7400
SCL #err weighted degeneracy : 4370 4371 4366 4388 4426 4443 
degeneracy helps : 785 786 851 954 981 1029 
degeneracy worse : 635 637 696 821 886 951 
SCL #err deg : 4595 / 7500
SCL #err weighted degeneracy : 4437 4438 4433 4457 4494 4513 
degeneracy helps : 801 802 868 970 998 1044 
degeneracy worse : 644 646 706 832 897 962 
SCL #err deg : 4651 / 7600
SCL #err weighted degeneracy : 4497 4498 4490 4514 4550 4570 
degeneracy helps : 810 811 881 984 1012 1057 
degeneracy worse : 657 659 720 847 911 976 
SCL #err deg : 4712 / 7700
SCL #err weighted degeneracy : 4552 4554 4547 4571 4611 4633 
degeneracy helps : 823 823 894 998 1023 1067 
degeneracy worse : 664 666 729 857 922 988 
SCL #err deg : 4777 / 7800
SCL #err weighted degeneracy : 4616 4618 4611 4635 4673 4693 
degeneracy helps : 836 836 908 1014 1039 1085 
degeneracy worse : 676 678 742 872 935 1001 
SCL #err deg : 4844 / 7900
SCL #err weighted degeneracy : 4674 4676 4667 4692 4733 4753 
degeneracy helps : 854 854 927 1035 1059 1104 
degeneracy worse : 685 687 750 883 948 1013 
SCL #err deg : 4914 / 8000
SCL #err weighted degeneracy : 4739 4741 4734 4752 4790 4807 
degeneracy helps : 867 867 940 1055 1082 1128 
degeneracy worse : 693 695 760 893 958 1021 
SCL #err deg : 4976 / 8100
SCL #err weighted degeneracy : 4801 4803 4797 4815 4852 4871 
degeneracy helps : 872 872 945 1058 1086 1132 
degeneracy worse : 698 700 766 897 962 1027 
SCL #err deg : 5043 / 8200
SCL #err weighted degeneracy : 4857 4859 4855 4876 4914 4933 
degeneracy helps : 886 886 959 1073 1100 1147 
degeneracy worse : 701 703 771 906 971 1037 
SCL #err deg : 5103 / 8300
SCL #err weighted degeneracy : 4915 4917 4911 4932 4969 4985 
degeneracy helps : 893 893 967 1082 1110 1160 
degeneracy worse : 706 708 775 911 976 1042 
SCL #err deg : 5164 / 8400
SCL #err weighted degeneracy : 4979 4982 4975 4995 5031 5046 
degeneracy helps : 902 902 976 1091 1120 1172 
degeneracy worse : 718 721 787 922 987 1054 
SCL #err deg : 5230 / 8500
SCL #err weighted degeneracy : 5042 5045 5039 5057 5097 5113 
degeneracy helps : 918 918 991 1108 1135 1185 
degeneracy worse : 731 734 800 935 1002 1068 
SCL #err deg : 5295 / 8600
SCL #err weighted degeneracy : 5102 5105 5099 5115 5154 5168 
degeneracy helps : 928 928 1002 1122 1150 1202 
degeneracy worse : 736 739 806 942 1009 1075 
SCL #err deg : 5356 / 8700
SCL #err weighted degeneracy : 5160 5163 5162 5177 5215 5231 
degeneracy helps : 940 940 1012 1134 1162 1212 
degeneracy worse : 745 748 818 955 1021 1087 
SCL #err deg : 5417 / 8800
SCL #err weighted degeneracy : 5227 5230 5228 5241 5277 5294 
degeneracy helps : 947 947 1020 1144 1173 1222 
degeneracy worse : 758 761 831 968 1033 1099 
SCL #err deg : 5481 / 8900
SCL #err weighted degeneracy : 5286 5289 5284 5294 5332 5349 
degeneracy helps : 960 960 1036 1166 1194 1243 
degeneracy worse : 766 769 839 979 1045 1111 
SCL #err deg : 5552 / 9000
SCL #err weighted degeneracy : 5355 5358 5349 5356 5394 5409 
degeneracy helps : 967 967 1046 1180 1209 1260 
degeneracy worse : 771 774 843 984 1051 1117 
SCL #err deg : 5607 / 9100
SCL #err weighted degeneracy : 5410 5413 5403 5413 5450 5465 
degeneracy helps : 977 977 1058 1192 1224 1274 
degeneracy worse : 781 784 854 998 1067 1132 
SCL #err deg : 5659 / 9200
SCL #err weighted degeneracy : 5464 5467 5458 5467 5501 5517 
degeneracy helps : 986 986 1067 1202 1235 1285 
degeneracy worse : 792 795 866 1010 1077 1143 
SCL #err deg : 5720 / 9300
SCL #err weighted degeneracy : 5531 5536 5521 5531 5564 5578 
degeneracy helps : 991 991 1074 1214 1248 1298 
degeneracy worse : 803 808 875 1025 1092 1156 
SCL #err deg : 5780 / 9400
SCL #err weighted degeneracy : 5592 5598 5583 5595 5624 5637 
degeneracy helps : 1004 1003 1085 1224 1261 1311 
degeneracy worse : 817 822 888 1039 1105 1168 
SCL #err deg : 5853 / 9500
SCL #err weighted degeneracy : 5654 5660 5645 5657 5686 5700 
degeneracy helps : 1018 1017 1099 1239 1277 1327 
degeneracy worse : 820 825 891 1043 1110 1174 
SCL #err deg : 5916 / 9600
SCL #err weighted degeneracy : 5714 5720 5706 5718 5747 5762 
degeneracy helps : 1026 1025 1107 1249 1287 1338 
degeneracy worse : 825 830 897 1051 1118 1184 
SCL #err deg : 5980 / 9700
SCL #err weighted degeneracy : 5780 5786 5775 5789 5818 5833 
degeneracy helps : 1029 1028 1109 1252 1292 1344 
degeneracy worse : 830 835 904 1061 1130 1197 
SCL #err deg : 6046 / 9800
SCL #err weighted degeneracy : 5839 5845 5836 5850 5880 5899 
degeneracy helps : 1044 1043 1123 1266 1304 1355 
degeneracy worse : 838 843 913 1070 1138 1208 
SCL #err deg : 6115 / 9900
SCL #err weighted degeneracy : 5897 5903 5893 5903 5937 5955 
degeneracy helps : 1060 1059 1140 1288 1325 1376 
degeneracy worse : 843 848 918 1076 1147 1216 
SCL #err deg : 6185 / 10000
SCL #err weighted degeneracy : 5960 5966 5958 5968 6003 6019 
degeneracy helps : 1074 1073 1152 1300 1337 1390 
degeneracy worse : 850 855 925 1083 1155 1224 
average #flips: 66.553
SCL #err considering degeneracy: 6185
error due to equal 265
error due to SCL smaller 5891
Finish in 5080 s
