Simulation Polar syndrome FASTER N=512, K=257, l=128, pz=0.17, #samples=10000, seed=197
HPW construction
Event generator random seed: 197
SCL #err deg : 68 / 100
SCL #err weighted degeneracy : 74 74 70 74 73 75 
degeneracy helps : 6 6 10 7 7 7 
degeneracy worse : 12 12 12 13 12 14 
SCL #err deg : 143 / 200
SCL #err weighted degeneracy : 154 153 150 152 152 153 
degeneracy helps : 11 12 15 14 15 16 
degeneracy worse : 22 22 22 23 24 26 
SCL #err deg : 215 / 300
SCL #err weighted degeneracy : 226 225 223 221 219 221 
degeneracy helps : 23 24 27 29 31 32 
degeneracy worse : 34 34 35 35 35 38 
SCL #err deg : 295 / 400
SCL #err weighted degeneracy : 300 298 299 298 296 296 
degeneracy helps : 35 36 39 41 43 45 
degeneracy worse : 40 39 43 44 44 46 
SCL #err deg : 367 / 500
SCL #err weighted degeneracy : 369 367 369 366 369 368 
degeneracy helps : 46 47 50 53 53 55 
degeneracy worse : 48 47 52 52 55 56 
SCL #err deg : 432 / 600
SCL #err weighted degeneracy : 443 440 442 438 439 439 
degeneracy helps : 51 53 56 60 62 64 
degeneracy worse : 62 61 66 66 69 71 
SCL #err deg : 508 / 700
SCL #err weighted degeneracy : 517 514 517 515 515 513 
degeneracy helps : 58 60 62 65 69 72 
degeneracy worse : 67 66 71 72 76 77 
SCL #err deg : 585 / 800
SCL #err weighted degeneracy : 589 590 590 590 590 588 
degeneracy helps : 67 66 71 75 80 83 
degeneracy worse : 71 71 76 80 85 86 
SCL #err deg : 656 / 900
SCL #err weighted degeneracy : 657 659 659 658 661 659 
degeneracy helps : 77 75 81 87 92 95 
degeneracy worse : 78 78 84 89 97 98 
SCL #err deg : 726 / 1000
SCL #err weighted degeneracy : 732 735 736 738 741 741 
degeneracy helps : 81 78 85 91 97 101 
degeneracy worse : 87 87 95 103 112 116 
SCL #err deg : 801 / 1100
SCL #err weighted degeneracy : 801 804 806 810 815 815 
degeneracy helps : 96 93 100 106 110 114 
degeneracy worse : 96 96 105 115 124 128 
SCL #err deg : 869 / 1200
SCL #err weighted degeneracy : 868 870 874 877 878 881 
degeneracy helps : 106 103 110 118 126 130 
degeneracy worse : 105 104 115 126 135 142 
SCL #err deg : 944 / 1300
SCL #err weighted degeneracy : 941 942 948 952 953 955 
degeneracy helps : 117 113 120 127 136 140 
degeneracy worse : 114 111 124 135 145 151 
SCL #err deg : 1014 / 1400
SCL #err weighted degeneracy : 1016 1017 1024 1024 1024 1024 
degeneracy helps : 122 118 125 136 146 151 
degeneracy worse : 124 121 135 146 156 161 
SCL #err deg : 1084 / 1500
SCL #err weighted degeneracy : 1089 1090 1097 1100 1097 1093 
degeneracy helps : 124 120 128 139 153 162 
degeneracy worse : 129 126 141 155 166 171 
SCL #err deg : 1153 / 1600
SCL #err weighted degeneracy : 1155 1158 1165 1167 1165 1163 
degeneracy helps : 136 130 141 153 167 177 
degeneracy worse : 138 135 153 167 179 187 
SCL #err deg : 1226 / 1700
SCL #err weighted degeneracy : 1225 1228 1235 1237 1233 1231 
degeneracy helps : 146 140 152 167 183 194 
degeneracy worse : 145 142 161 178 190 199 
SCL #err deg : 1300 / 1800
SCL #err weighted degeneracy : 1298 1300 1308 1306 1305 1304 
degeneracy helps : 151 145 157 175 191 202 
degeneracy worse : 149 145 165 181 196 206 
SCL #err deg : 1378 / 1900
SCL #err weighted degeneracy : 1368 1371 1381 1382 1380 1382 
degeneracy helps : 163 157 170 187 204 214 
degeneracy worse : 153 150 173 191 206 218 
SCL #err deg : 1454 / 2000
SCL #err weighted degeneracy : 1439 1441 1453 1453 1453 1454 
degeneracy helps : 172 166 180 198 214 225 
degeneracy worse : 157 153 179 197 213 225 
SCL #err deg : 1527 / 2100
SCL #err weighted degeneracy : 1509 1510 1526 1523 1525 1528 
degeneracy helps : 183 178 191 212 228 240 
degeneracy worse : 165 161 190 208 226 241 
SCL #err deg : 1604 / 2200
SCL #err weighted degeneracy : 1584 1586 1604 1597 1599 1600 
degeneracy helps : 191 186 197 221 236 251 
degeneracy worse : 171 168 197 214 231 247 
SCL #err deg : 1683 / 2300
SCL #err weighted degeneracy : 1661 1664 1680 1669 1671 1671 
degeneracy helps : 200 194 207 235 250 267 
degeneracy worse : 178 175 204 221 238 255 
SCL #err deg : 1759 / 2400
SCL #err weighted degeneracy : 1735 1738 1753 1739 1743 1742 
degeneracy helps : 208 202 215 245 260 279 
degeneracy worse : 184 181 209 225 244 262 
SCL #err deg : 1832 / 2500
SCL #err weighted degeneracy : 1808 1811 1825 1810 1814 1814 
degeneracy helps : 217 211 226 257 271 289 
degeneracy worse : 193 190 219 235 253 271 
SCL #err deg : 1914 / 2600
SCL #err weighted degeneracy : 1888 1891 1905 1888 1895 1895 
degeneracy helps : 225 219 234 267 280 299 
degeneracy worse : 199 196 225 241 261 280 
SCL #err deg : 1983 / 2700
SCL #err weighted degeneracy : 1959 1964 1977 1957 1966 1967 
degeneracy helps : 234 226 243 278 290 308 
degeneracy worse : 210 207 237 252 273 292 
SCL #err deg : 2063 / 2800
SCL #err weighted degeneracy : 2033 2039 2052 2028 2037 2039 
degeneracy helps : 244 236 252 291 303 320 
degeneracy worse : 214 212 241 256 277 296 
SCL #err deg : 2136 / 2900
SCL #err weighted degeneracy : 2109 2114 2129 2105 2113 2116 
degeneracy helps : 252 244 261 299 312 328 
degeneracy worse : 225 222 254 268 289 308 
SCL #err deg : 2210 / 3000
SCL #err weighted degeneracy : 2181 2185 2200 2176 2185 2192 
degeneracy helps : 264 256 273 311 323 337 
degeneracy worse : 235 231 263 277 298 319 
SCL #err deg : 2281 / 3100
SCL #err weighted degeneracy : 2251 2258 2269 2245 2257 2266 
degeneracy helps : 273 263 284 324 336 349 
degeneracy worse : 243 240 272 288 312 334 
SCL #err deg : 2355 / 3200
SCL #err weighted degeneracy : 2323 2329 2341 2317 2335 2345 
degeneracy helps : 282 272 293 333 340 353 
degeneracy worse : 250 246 279 295 320 343 
SCL #err deg : 2427 / 3300
SCL #err weighted degeneracy : 2394 2398 2413 2385 2403 2413 
degeneracy helps : 291 283 301 345 352 365 
degeneracy worse : 258 254 287 303 328 351 
SCL #err deg : 2507 / 3400
SCL #err weighted degeneracy : 2465 2470 2485 2457 2476 2483 
degeneracy helps : 306 297 316 360 365 381 
degeneracy worse : 264 260 294 310 334 357 
SCL #err deg : 2582 / 3500
SCL #err weighted degeneracy : 2543 2547 2561 2531 2546 2553 
degeneracy helps : 312 303 323 370 378 395 
degeneracy worse : 273 268 302 319 342 366 
SCL #err deg : 2648 / 3600
SCL #err weighted degeneracy : 2614 2616 2634 2604 2618 2623 
degeneracy helps : 320 312 332 380 389 407 
degeneracy worse : 286 280 318 336 359 382 
SCL #err deg : 2713 / 3700
SCL #err weighted degeneracy : 2680 2684 2701 2665 2683 2687 
degeneracy helps : 331 321 343 394 403 421 
degeneracy worse : 298 292 331 346 373 395 
SCL #err deg : 2791 / 3800
SCL #err weighted degeneracy : 2757 2759 2780 2743 2760 2762 
degeneracy helps : 341 331 352 405 415 435 
degeneracy worse : 307 299 341 357 384 406 
SCL #err deg : 2864 / 3900
SCL #err weighted degeneracy : 2823 2825 2846 2811 2827 2833 
degeneracy helps : 353 343 364 417 428 446 
degeneracy worse : 312 304 346 364 391 415 
SCL #err deg : 2927 / 4000
SCL #err weighted degeneracy : 2889 2888 2911 2874 2885 2894 
degeneracy helps : 362 353 373 430 443 459 
degeneracy worse : 324 314 357 377 401 426 
SCL #err deg : 3000 / 4100
SCL #err weighted degeneracy : 2963 2962 2984 2947 2959 2965 
degeneracy helps : 368 359 380 439 453 472 
degeneracy worse : 331 321 364 386 412 437 
SCL #err deg : 3071 / 4200
SCL #err weighted degeneracy : 3033 3032 3056 3018 3028 3037 
degeneracy helps : 375 366 388 450 465 484 
degeneracy worse : 337 327 373 397 422 450 
SCL #err deg : 3147 / 4300
SCL #err weighted degeneracy : 3114 3115 3136 3098 3107 3115 
degeneracy helps : 383 372 397 460 476 496 
degeneracy worse : 350 340 386 411 436 464 
SCL #err deg : 3223 / 4400
SCL #err weighted degeneracy : 3188 3186 3210 3175 3185 3194 
degeneracy helps : 392 382 408 469 485 504 
degeneracy worse : 358 346 395 421 447 475 
SCL #err deg : 3296 / 4500
SCL #err weighted degeneracy : 3258 3257 3280 3245 3256 3265 
degeneracy helps : 402 391 418 481 497 514 
degeneracy worse : 365 353 402 430 457 483 
SCL #err deg : 3370 / 4600
SCL #err weighted degeneracy : 3333 3332 3352 3317 3330 3339 
degeneracy helps : 408 397 427 492 509 526 
degeneracy worse : 372 360 409 439 469 495 
SCL #err deg : 3442 / 4700
SCL #err weighted degeneracy : 3405 3404 3423 3388 3406 3415 
degeneracy helps : 419 408 440 506 520 536 
degeneracy worse : 383 371 421 452 484 509 
SCL #err deg : 3514 / 4800
SCL #err weighted degeneracy : 3482 3481 3500 3464 3485 3494 
degeneracy helps : 426 415 447 516 528 543 
degeneracy worse : 395 383 433 466 499 523 
SCL #err deg : 3586 / 4900
SCL #err weighted degeneracy : 3543 3543 3563 3525 3548 3556 
degeneracy helps : 440 429 461 531 542 559 
degeneracy worse : 398 387 438 470 504 529 
SCL #err deg : 3663 / 5000
SCL #err weighted degeneracy : 3624 3623 3645 3604 3626 3636 
degeneracy helps : 442 432 463 537 549 565 
degeneracy worse : 404 393 445 478 512 538 
SCL #err deg : 3749 / 5100
SCL #err weighted degeneracy : 3704 3704 3725 3684 3704 3711 
degeneracy helps : 454 443 475 548 562 581 
degeneracy worse : 410 399 451 483 517 543 
SCL #err deg : 3825 / 5200
SCL #err weighted degeneracy : 3782 3781 3805 3765 3781 3788 
degeneracy helps : 459 449 479 554 570 590 
degeneracy worse : 417 406 459 494 526 553 
SCL #err deg : 3903 / 5300
SCL #err weighted degeneracy : 3856 3856 3880 3839 3851 3862 
degeneracy helps : 469 458 489 567 587 605 
degeneracy worse : 423 412 466 503 535 564 
SCL #err deg : 3980 / 5400
SCL #err weighted degeneracy : 3932 3932 3957 3916 3927 3936 
degeneracy helps : 478 467 497 576 598 617 
degeneracy worse : 431 420 474 512 545 573 
SCL #err deg : 4054 / 5500
SCL #err weighted degeneracy : 4008 4008 4032 3989 4000 4009 
degeneracy helps : 483 473 503 584 607 626 
degeneracy worse : 438 428 481 519 553 581 
SCL #err deg : 4127 / 5600
SCL #err weighted degeneracy : 4078 4079 4102 4063 4074 4078 
degeneracy helps : 493 483 514 594 618 641 
degeneracy worse : 445 436 489 530 565 592 
SCL #err deg : 4195 / 5700
SCL #err weighted degeneracy : 4148 4150 4172 4132 4143 4145 
degeneracy helps : 503 492 524 606 631 655 
degeneracy worse : 457 448 501 543 579 605 
SCL #err deg : 4269 / 5800
SCL #err weighted degeneracy : 4225 4226 4249 4209 4221 4223 
degeneracy helps : 508 497 530 613 637 661 
degeneracy worse : 465 455 510 553 589 615 
SCL #err deg : 4342 / 5900
SCL #err weighted degeneracy : 4298 4299 4322 4284 4297 4297 
degeneracy helps : 518 507 540 621 645 670 
degeneracy worse : 475 465 520 563 600 625 
SCL #err deg : 4413 / 6000
SCL #err weighted degeneracy : 4369 4370 4396 4358 4373 4374 
degeneracy helps : 522 511 545 626 650 675 
degeneracy worse : 479 469 528 571 610 636 
SCL #err deg : 4487 / 6100
SCL #err weighted degeneracy : 4446 4446 4474 4433 4446 4446 
degeneracy helps : 528 518 552 637 663 689 
degeneracy worse : 488 478 539 583 622 648 
SCL #err deg : 4545 / 6200
SCL #err weighted degeneracy : 4513 4514 4542 4504 4515 4517 
degeneracy helps : 534 523 558 644 672 696 
degeneracy worse : 503 493 555 603 642 668 
SCL #err deg : 4621 / 6300
SCL #err weighted degeneracy : 4592 4592 4620 4580 4591 4593 
degeneracy helps : 541 531 566 656 685 708 
degeneracy worse : 513 503 565 615 655 680 
SCL #err deg : 4689 / 6400
SCL #err weighted degeneracy : 4662 4662 4692 4653 4665 4670 
degeneracy helps : 551 541 576 666 695 717 
degeneracy worse : 525 515 579 630 671 698 
SCL #err deg : 4755 / 6500
SCL #err weighted degeneracy : 4733 4734 4765 4724 4735 4741 
degeneracy helps : 557 547 582 674 705 727 
degeneracy worse : 536 527 592 643 685 713 
SCL #err deg : 4835 / 6600
SCL #err weighted degeneracy : 4808 4811 4839 4797 4806 4811 
degeneracy helps : 569 558 594 689 722 745 
degeneracy worse : 543 535 598 651 693 721 
SCL #err deg : 4914 / 6700
SCL #err weighted degeneracy : 4882 4887 4911 4871 4880 4884 
degeneracy helps : 583 569 610 702 735 761 
degeneracy worse : 552 543 607 659 701 731 
SCL #err deg : 4985 / 6800
SCL #err weighted degeneracy : 4951 4956 4982 4946 4955 4961 
degeneracy helps : 590 576 617 709 743 767 
degeneracy worse : 557 548 614 670 713 743 
SCL #err deg : 5057 / 6900
SCL #err weighted degeneracy : 5030 5036 5061 5021 5029 5033 
degeneracy helps : 595 581 622 716 751 777 
degeneracy worse : 569 561 626 680 723 753 
SCL #err deg : 5121 / 7000
SCL #err weighted degeneracy : 5097 5103 5133 5093 5102 5106 
degeneracy helps : 601 587 626 722 759 786 
degeneracy worse : 578 570 638 694 740 771 
SCL #err deg : 5190 / 7100
SCL #err weighted degeneracy : 5167 5173 5200 5159 5168 5175 
degeneracy helps : 610 595 636 734 771 799 
degeneracy worse : 588 579 646 703 749 784 
SCL #err deg : 5260 / 7200
SCL #err weighted degeneracy : 5238 5243 5270 5230 5242 5248 
degeneracy helps : 616 603 644 742 777 806 
degeneracy worse : 595 587 654 712 759 794 
SCL #err deg : 5342 / 7300
SCL #err weighted degeneracy : 5314 5318 5346 5307 5318 5325 
degeneracy helps : 628 616 657 753 789 818 
degeneracy worse : 601 593 661 718 765 801 
SCL #err deg : 5413 / 7400
SCL #err weighted degeneracy : 5388 5392 5422 5379 5390 5398 
degeneracy helps : 636 624 664 763 798 829 
degeneracy worse : 612 604 673 729 775 814 
SCL #err deg : 5478 / 7500
SCL #err weighted degeneracy : 5454 5458 5491 5451 5458 5465 
degeneracy helps : 639 627 669 767 806 839 
degeneracy worse : 616 608 682 740 786 826 
SCL #err deg : 5556 / 7600
SCL #err weighted degeneracy : 5533 5538 5569 5526 5534 5541 
degeneracy helps : 644 631 675 776 814 847 
degeneracy worse : 622 614 688 746 792 832 
SCL #err deg : 5629 / 7700
SCL #err weighted degeneracy : 5607 5612 5641 5598 5605 5614 
degeneracy helps : 650 636 683 786 825 858 
degeneracy worse : 629 620 695 755 801 843 
SCL #err deg : 5696 / 7800
SCL #err weighted degeneracy : 5676 5681 5707 5664 5673 5680 
degeneracy helps : 655 641 690 794 833 867 
degeneracy worse : 636 627 701 762 810 851 
SCL #err deg : 5773 / 7900
SCL #err weighted degeneracy : 5744 5749 5776 5735 5743 5748 
degeneracy helps : 668 654 703 806 846 883 
degeneracy worse : 640 631 706 768 816 858 
SCL #err deg : 5840 / 8000
SCL #err weighted degeneracy : 5810 5814 5842 5803 5812 5818 
degeneracy helps : 674 659 709 811 853 891 
degeneracy worse : 646 635 711 774 825 869 
SCL #err deg : 5918 / 8100
SCL #err weighted degeneracy : 5889 5893 5923 5884 5891 5897 
degeneracy helps : 679 664 712 815 859 897 
degeneracy worse : 652 641 717 781 832 876 
SCL #err deg : 5999 / 8200
SCL #err weighted degeneracy : 5964 5969 5999 5958 5964 5969 
degeneracy helps : 689 674 722 827 873 912 
degeneracy worse : 656 646 722 786 838 882 
SCL #err deg : 6079 / 8300
SCL #err weighted degeneracy : 6042 6047 6075 6029 6034 6039 
degeneracy helps : 698 683 732 843 890 929 
degeneracy worse : 663 653 728 793 845 889 
SCL #err deg : 6152 / 8400
SCL #err weighted degeneracy : 6111 6115 6143 6094 6098 6102 
degeneracy helps : 706 691 741 856 904 944 
degeneracy worse : 667 656 732 798 850 894 
SCL #err deg : 6226 / 8500
SCL #err weighted degeneracy : 6186 6190 6217 6168 6171 6172 
degeneracy helps : 715 700 751 868 917 960 
degeneracy worse : 677 666 742 810 862 906 
SCL #err deg : 6294 / 8600
SCL #err weighted degeneracy : 6255 6261 6284 6239 6245 6246 
degeneracy helps : 722 706 760 876 924 967 
degeneracy worse : 685 675 750 821 875 919 
SCL #err deg : 6360 / 8700
SCL #err weighted degeneracy : 6324 6331 6353 6309 6317 6315 
degeneracy helps : 730 713 768 886 934 980 
degeneracy worse : 696 686 761 835 891 935 
SCL #err deg : 6431 / 8800
SCL #err weighted degeneracy : 6389 6397 6419 6377 6386 6386 
degeneracy helps : 742 724 779 898 947 992 
degeneracy worse : 702 692 767 844 902 947 
SCL #err deg : 6502 / 8900
SCL #err weighted degeneracy : 6461 6468 6493 6451 6463 6460 
degeneracy helps : 750 732 786 905 954 1001 
degeneracy worse : 711 700 777 854 915 959 
SCL #err deg : 6577 / 9000
SCL #err weighted degeneracy : 6533 6542 6567 6527 6540 6539 
degeneracy helps : 759 740 796 915 963 1009 
degeneracy worse : 717 707 786 865 926 971 
SCL #err deg : 6648 / 9100
SCL #err weighted degeneracy : 6606 6615 6638 6595 6606 6605 
degeneracy helps : 765 746 804 926 976 1023 
degeneracy worse : 725 715 794 873 934 980 
SCL #err deg : 6723 / 9200
SCL #err weighted degeneracy : 6685 6696 6716 6669 6682 6678 
degeneracy helps : 771 752 811 937 986 1036 
degeneracy worse : 735 727 804 883 945 991 
SCL #err deg : 6797 / 9300
SCL #err weighted degeneracy : 6758 6771 6790 6747 6757 6750 
degeneracy helps : 780 760 820 944 994 1045 
degeneracy worse : 743 736 813 894 954 998 
SCL #err deg : 6871 / 9400
SCL #err weighted degeneracy : 6833 6846 6863 6823 6830 6825 
degeneracy helps : 789 769 830 954 1006 1056 
degeneracy worse : 753 746 822 906 965 1010 
SCL #err deg : 6955 / 9500
SCL #err weighted degeneracy : 6914 6927 6944 6904 6907 6901 
degeneracy helps : 796 776 839 963 1019 1070 
degeneracy worse : 757 750 828 912 971 1016 
SCL #err deg : 7029 / 9600
SCL #err weighted degeneracy : 6992 7005 7021 6981 6983 6978 
degeneracy helps : 801 781 845 970 1027 1078 
degeneracy worse : 766 759 837 922 981 1027 
SCL #err deg : 7102 / 9700
SCL #err weighted degeneracy : 7062 7074 7090 7055 7059 7057 
degeneracy helps : 813 793 857 980 1036 1088 
degeneracy worse : 775 767 845 933 993 1043 
SCL #err deg : 7174 / 9800
SCL #err weighted degeneracy : 7129 7141 7157 7123 7126 7126 
degeneracy helps : 826 805 869 996 1053 1103 
degeneracy worse : 783 774 852 945 1005 1055 
SCL #err deg : 7251 / 9900
SCL #err weighted degeneracy : 7201 7214 7233 7200 7202 7203 
degeneracy helps : 836 814 878 1005 1064 1114 
degeneracy worse : 788 779 860 954 1015 1066 
SCL #err deg : 7332 / 10000
SCL #err weighted degeneracy : 7282 7294 7314 7280 7281 7282 
degeneracy helps : 841 819 883 1011 1071 1121 
degeneracy worse : 793 783 865 959 1020 1071 
average #flips: 87.0541
SCL #err considering degeneracy: 7332
error due to equal 2
error due to SCL smaller 7330
Finish in 5124 s
