Simulation Polar syndrome FASTER N=512, K=257, l=128, pz=0.07, #samples=10000, seed=197
HPW construction
Event generator random seed: 197
SCL #err deg : 3 / 100
SCL #err weighted degeneracy : 1 1 2 3 7 9 
degeneracy helps : 2 2 2 1 1 1 
degeneracy worse : 0 0 1 1 5 7 
SCL #err deg : 4 / 200
SCL #err weighted degeneracy : 2 2 3 6 11 14 
degeneracy helps : 2 2 2 1 1 1 
degeneracy worse : 0 0 1 3 8 11 
SCL #err deg : 5 / 300
SCL #err weighted degeneracy : 4 4 6 9 15 19 
degeneracy helps : 2 2 2 1 1 1 
degeneracy worse : 1 1 3 5 11 15 
SCL #err deg : 5 / 400
SCL #err weighted degeneracy : 6 6 7 9 16 23 
degeneracy helps : 2 2 2 1 1 1 
degeneracy worse : 3 3 4 5 12 19 
SCL #err deg : 5 / 500
SCL #err weighted degeneracy : 8 8 9 11 21 29 
degeneracy helps : 2 2 2 1 1 1 
degeneracy worse : 5 5 6 7 17 25 
SCL #err deg : 6 / 600
SCL #err weighted degeneracy : 9 9 10 15 28 36 
degeneracy helps : 2 2 2 1 1 1 
degeneracy worse : 5 5 6 10 23 31 
SCL #err deg : 8 / 700
SCL #err weighted degeneracy : 11 11 12 17 31 38 
degeneracy helps : 2 2 2 2 2 3 
degeneracy worse : 5 5 6 11 25 33 
SCL #err deg : 9 / 800
SCL #err weighted degeneracy : 11 11 12 18 32 39 
degeneracy helps : 3 3 3 3 3 4 
degeneracy worse : 5 5 6 12 26 34 
SCL #err deg : 10 / 900
SCL #err weighted degeneracy : 13 13 14 20 34 42 
degeneracy helps : 3 3 3 3 3 4 
degeneracy worse : 6 6 7 13 27 36 
SCL #err deg : 14 / 1000
SCL #err weighted degeneracy : 16 16 17 25 39 47 
degeneracy helps : 4 4 4 4 5 6 
degeneracy worse : 6 6 7 15 30 39 
SCL #err deg : 14 / 1100
SCL #err weighted degeneracy : 16 16 17 26 41 51 
degeneracy helps : 4 4 4 4 5 6 
degeneracy worse : 6 6 7 16 32 43 
SCL #err deg : 18 / 1200
SCL #err weighted degeneracy : 16 16 19 29 45 56 
degeneracy helps : 8 8 7 7 8 9 
degeneracy worse : 6 6 8 18 35 47 
SCL #err deg : 20 / 1300
SCL #err weighted degeneracy : 19 19 22 33 49 60 
degeneracy helps : 8 8 7 7 8 9 
degeneracy worse : 7 7 9 20 37 49 
SCL #err deg : 23 / 1400
SCL #err weighted degeneracy : 21 21 24 35 52 64 
degeneracy helps : 9 9 8 9 10 11 
degeneracy worse : 7 7 9 21 39 52 
SCL #err deg : 26 / 1500
SCL #err weighted degeneracy : 23 23 26 38 55 68 
degeneracy helps : 10 10 9 10 11 12 
degeneracy worse : 7 7 9 22 40 54 
SCL #err deg : 27 / 1600
SCL #err weighted degeneracy : 24 24 27 39 57 72 
degeneracy helps : 10 10 9 10 11 12 
degeneracy worse : 7 7 9 22 41 57 
SCL #err deg : 30 / 1700
SCL #err weighted degeneracy : 26 26 29 41 61 78 
degeneracy helps : 11 11 10 11 12 13 
degeneracy worse : 7 7 9 22 43 61 
SCL #err deg : 32 / 1800
SCL #err weighted degeneracy : 28 28 31 43 65 83 
degeneracy helps : 12 12 11 12 13 14 
degeneracy worse : 8 8 10 23 46 65 
SCL #err deg : 34 / 1900
SCL #err weighted degeneracy : 30 30 32 44 67 85 
degeneracy helps : 12 12 12 13 14 15 
degeneracy worse : 8 8 10 23 47 66 
SCL #err deg : 36 / 2000
SCL #err weighted degeneracy : 32 32 34 45 71 90 
degeneracy helps : 12 12 12 14 15 16 
degeneracy worse : 8 8 10 23 50 70 
SCL #err deg : 37 / 2100
SCL #err weighted degeneracy : 33 33 35 46 75 94 
degeneracy helps : 12 12 12 14 15 16 
degeneracy worse : 8 8 10 23 53 73 
SCL #err deg : 37 / 2200
SCL #err weighted degeneracy : 33 33 35 48 77 97 
degeneracy helps : 12 12 12 14 15 16 
degeneracy worse : 8 8 10 25 55 76 
SCL #err deg : 38 / 2300
SCL #err weighted degeneracy : 36 36 38 51 82 102 
degeneracy helps : 12 12 12 14 15 16 
degeneracy worse : 10 10 12 27 59 80 
SCL #err deg : 43 / 2400
SCL #err weighted degeneracy : 38 38 39 53 86 106 
degeneracy helps : 16 16 17 19 20 21 
degeneracy worse : 11 11 13 29 63 84 
SCL #err deg : 43 / 2500
SCL #err weighted degeneracy : 38 38 39 53 88 109 
degeneracy helps : 16 16 17 19 20 21 
degeneracy worse : 11 11 13 29 65 87 
SCL #err deg : 43 / 2600
SCL #err weighted degeneracy : 38 38 39 54 90 111 
degeneracy helps : 16 16 17 19 20 21 
degeneracy worse : 11 11 13 30 67 89 
SCL #err deg : 46 / 2700
SCL #err weighted degeneracy : 42 42 43 59 98 119 
degeneracy helps : 16 16 17 19 20 21 
degeneracy worse : 12 12 14 32 72 94 
SCL #err deg : 48 / 2800
SCL #err weighted degeneracy : 42 42 43 59 98 119 
degeneracy helps : 18 18 19 21 22 23 
degeneracy worse : 12 12 14 32 72 94 
SCL #err deg : 49 / 2900
SCL #err weighted degeneracy : 42 42 43 59 98 120 
degeneracy helps : 19 19 20 22 23 24 
degeneracy worse : 12 12 14 32 72 95 
SCL #err deg : 50 / 3000
SCL #err weighted degeneracy : 43 43 44 62 102 126 
degeneracy helps : 20 20 21 23 24 24 
degeneracy worse : 13 13 15 35 76 100 
SCL #err deg : 56 / 3100
SCL #err weighted degeneracy : 48 48 49 68 109 133 
degeneracy helps : 21 21 22 24 25 25 
degeneracy worse : 13 13 15 36 78 102 
SCL #err deg : 58 / 3200
SCL #err weighted degeneracy : 50 50 51 71 113 138 
degeneracy helps : 22 22 23 25 26 26 
degeneracy worse : 14 14 16 38 81 106 
SCL #err deg : 58 / 3300
SCL #err weighted degeneracy : 50 50 51 71 113 139 
degeneracy helps : 22 22 23 25 26 26 
degeneracy worse : 14 14 16 38 81 107 
SCL #err deg : 60 / 3400
SCL #err weighted degeneracy : 52 52 52 73 117 143 
degeneracy helps : 22 22 24 26 27 27 
degeneracy worse : 14 14 16 39 84 110 
SCL #err deg : 61 / 3500
SCL #err weighted degeneracy : 56 56 56 77 124 151 
degeneracy helps : 22 22 24 26 28 28 
degeneracy worse : 17 17 19 42 91 118 
SCL #err deg : 67 / 3600
SCL #err weighted degeneracy : 61 61 61 82 128 155 
degeneracy helps : 24 24 26 29 32 32 
degeneracy worse : 18 18 20 44 93 120 
SCL #err deg : 68 / 3700
SCL #err weighted degeneracy : 61 61 62 83 130 159 
degeneracy helps : 25 25 26 29 32 32 
degeneracy worse : 18 18 20 44 94 123 
SCL #err deg : 69 / 3800
SCL #err weighted degeneracy : 63 63 64 87 135 164 
degeneracy helps : 25 25 26 29 32 32 
degeneracy worse : 19 19 21 47 98 127 
SCL #err deg : 71 / 3900
SCL #err weighted degeneracy : 66 66 67 91 140 169 
degeneracy helps : 26 26 27 29 32 32 
degeneracy worse : 21 21 23 49 101 130 
SCL #err deg : 71 / 4000
SCL #err weighted degeneracy : 66 66 67 91 141 171 
degeneracy helps : 26 26 27 29 32 32 
degeneracy worse : 21 21 23 49 102 132 
SCL #err deg : 71 / 4100
SCL #err weighted degeneracy : 66 66 67 91 142 175 
degeneracy helps : 26 26 27 29 32 32 
degeneracy worse : 21 21 23 49 103 136 
SCL #err deg : 74 / 4200
SCL #err weighted degeneracy : 69 69 70 93 145 178 
degeneracy helps : 27 27 28 31 34 34 
degeneracy worse : 22 22 24 50 105 138 
SCL #err deg : 75 / 4300
SCL #err weighted degeneracy : 70 70 71 93 147 180 
degeneracy helps : 27 27 28 32 35 35 
degeneracy worse : 22 22 24 50 107 140 
SCL #err deg : 79 / 4400
SCL #err weighted degeneracy : 72 72 73 98 152 186 
degeneracy helps : 29 29 30 33 37 36 
degeneracy worse : 22 22 24 52 110 143 
SCL #err deg : 80 / 4500
SCL #err weighted degeneracy : 72 72 73 99 155 190 
degeneracy helps : 30 30 31 33 37 36 
degeneracy worse : 22 22 24 52 112 146 
SCL #err deg : 81 / 4600
SCL #err weighted degeneracy : 74 74 75 102 161 197 
degeneracy helps : 30 30 31 33 37 36 
degeneracy worse : 23 23 25 54 117 152 
SCL #err deg : 82 / 4700
SCL #err weighted degeneracy : 74 74 76 104 164 201 
degeneracy helps : 31 31 31 33 37 36 
degeneracy worse : 23 23 25 55 119 155 
SCL #err deg : 85 / 4800
SCL #err weighted degeneracy : 78 78 81 107 169 207 
degeneracy helps : 31 31 31 35 39 38 
degeneracy worse : 24 24 27 57 123 160 
SCL #err deg : 86 / 4900
SCL #err weighted degeneracy : 80 80 83 109 172 209 
degeneracy helps : 31 31 31 35 39 39 
degeneracy worse : 25 25 28 58 125 162 
SCL #err deg : 89 / 5000
SCL #err weighted degeneracy : 83 83 86 112 177 215 
degeneracy helps : 31 31 31 35 39 39 
degeneracy worse : 25 25 28 58 127 165 
SCL #err deg : 90 / 5100
SCL #err weighted degeneracy : 83 83 86 112 178 217 
degeneracy helps : 32 32 32 36 40 40 
degeneracy worse : 25 25 28 58 128 167 
SCL #err deg : 90 / 5200
SCL #err weighted degeneracy : 83 83 86 112 179 218 
degeneracy helps : 32 32 32 36 40 40 
degeneracy worse : 25 25 28 58 129 168 
SCL #err deg : 92 / 5300
SCL #err weighted degeneracy : 84 84 87 115 183 222 
degeneracy helps : 33 33 33 37 41 41 
degeneracy worse : 25 25 28 60 132 171 
SCL #err deg : 96 / 5400
SCL #err weighted degeneracy : 89 89 90 119 186 225 
degeneracy helps : 34 34 35 39 43 43 
degeneracy worse : 27 27 29 62 133 172 
SCL #err deg : 96 / 5500
SCL #err weighted degeneracy : 90 90 92 122 192 231 
degeneracy helps : 34 34 35 39 43 43 
degeneracy worse : 28 28 31 65 139 178 
SCL #err deg : 96 / 5600
SCL #err weighted degeneracy : 90 90 92 123 195 234 
degeneracy helps : 34 34 35 39 43 43 
degeneracy worse : 28 28 31 66 142 181 
SCL #err deg : 97 / 5700
SCL #err weighted degeneracy : 91 91 93 126 199 238 
degeneracy helps : 34 34 35 39 43 43 
degeneracy worse : 28 28 31 68 145 184 
SCL #err deg : 100 / 5800
SCL #err weighted degeneracy : 95 95 97 132 206 246 
degeneracy helps : 36 36 37 41 45 45 
degeneracy worse : 31 31 34 73 151 191 
SCL #err deg : 103 / 5900
SCL #err weighted degeneracy : 97 97 99 136 210 250 
degeneracy helps : 37 37 38 42 46 46 
degeneracy worse : 31 31 34 75 153 193 
SCL #err deg : 103 / 6000
SCL #err weighted degeneracy : 97 97 99 137 214 253 
degeneracy helps : 37 37 38 42 46 46 
degeneracy worse : 31 31 34 76 157 196 
SCL #err deg : 104 / 6100
SCL #err weighted degeneracy : 99 99 101 140 217 255 
degeneracy helps : 37 37 38 42 46 46 
degeneracy worse : 32 32 35 78 159 197 
SCL #err deg : 105 / 6200
SCL #err weighted degeneracy : 99 99 102 141 219 260 
degeneracy helps : 38 38 39 43 47 47 
degeneracy worse : 32 32 36 79 161 202 
SCL #err deg : 105 / 6300
SCL #err weighted degeneracy : 100 100 103 142 221 262 
degeneracy helps : 38 38 39 43 47 47 
degeneracy worse : 33 33 37 80 163 204 
SCL #err deg : 106 / 6400
SCL #err weighted degeneracy : 100 100 103 143 222 264 
degeneracy helps : 39 39 40 43 47 47 
degeneracy worse : 33 33 37 80 163 205 
SCL #err deg : 106 / 6500
SCL #err weighted degeneracy : 101 101 104 144 225 268 
degeneracy helps : 39 39 40 43 47 47 
degeneracy worse : 34 34 38 81 166 209 
SCL #err deg : 108 / 6600
SCL #err weighted degeneracy : 102 102 105 146 229 273 
degeneracy helps : 40 40 41 44 48 48 
degeneracy worse : 34 34 38 82 169 213 
SCL #err deg : 109 / 6700
SCL #err weighted degeneracy : 107 107 109 150 236 281 
degeneracy helps : 40 40 41 44 48 48 
degeneracy worse : 38 38 41 85 175 220 
SCL #err deg : 110 / 6800
SCL #err weighted degeneracy : 108 108 110 152 239 284 
degeneracy helps : 40 40 41 44 48 48 
degeneracy worse : 38 38 41 86 177 222 
SCL #err deg : 110 / 6900
SCL #err weighted degeneracy : 108 108 110 152 240 285 
degeneracy helps : 40 40 41 44 48 48 
degeneracy worse : 38 38 41 86 178 223 
SCL #err deg : 111 / 7000
SCL #err weighted degeneracy : 109 109 111 155 246 292 
degeneracy helps : 41 41 42 45 49 49 
degeneracy worse : 39 39 42 89 184 230 
SCL #err deg : 111 / 7100
SCL #err weighted degeneracy : 110 110 112 156 248 294 
degeneracy helps : 41 41 42 45 49 49 
degeneracy worse : 40 40 43 90 186 232 
SCL #err deg : 114 / 7200
SCL #err weighted degeneracy : 112 112 114 158 251 297 
degeneracy helps : 43 43 44 47 51 51 
degeneracy worse : 41 41 44 91 188 234 
SCL #err deg : 114 / 7300
SCL #err weighted degeneracy : 112 112 114 159 253 299 
degeneracy helps : 43 43 44 47 51 51 
degeneracy worse : 41 41 44 92 190 236 
SCL #err deg : 115 / 7400
SCL #err weighted degeneracy : 113 113 116 161 256 302 
degeneracy helps : 44 44 45 48 52 52 
degeneracy worse : 42 42 46 94 193 239 
SCL #err deg : 115 / 7500
SCL #err weighted degeneracy : 113 113 116 162 258 305 
degeneracy helps : 44 44 45 48 52 52 
degeneracy worse : 42 42 46 95 195 242 
SCL #err deg : 117 / 7600
SCL #err weighted degeneracy : 115 115 118 164 262 308 
degeneracy helps : 44 44 45 48 52 53 
degeneracy worse : 42 42 46 95 197 244 
SCL #err deg : 119 / 7700
SCL #err weighted degeneracy : 117 117 120 166 265 311 
degeneracy helps : 45 45 46 49 53 54 
degeneracy worse : 43 43 47 96 199 246 
SCL #err deg : 120 / 7800
SCL #err weighted degeneracy : 118 118 121 167 268 314 
degeneracy helps : 46 46 47 50 54 55 
degeneracy worse : 44 44 48 97 202 249 
SCL #err deg : 123 / 7900
SCL #err weighted degeneracy : 119 119 124 173 274 320 
degeneracy helps : 49 49 49 51 55 56 
degeneracy worse : 45 45 50 101 206 253 
SCL #err deg : 126 / 8000
SCL #err weighted degeneracy : 121 121 126 175 279 325 
degeneracy helps : 50 50 50 53 57 58 
degeneracy worse : 45 45 50 102 210 257 
SCL #err deg : 127 / 8100
SCL #err weighted degeneracy : 124 124 129 178 284 330 
degeneracy helps : 50 50 50 53 57 58 
degeneracy worse : 47 47 52 104 214 261 
SCL #err deg : 128 / 8200
SCL #err weighted degeneracy : 125 125 130 181 290 336 
degeneracy helps : 50 50 50 53 57 58 
degeneracy worse : 47 47 52 106 219 266 
SCL #err deg : 129 / 8300
SCL #err weighted degeneracy : 126 126 131 184 295 342 
degeneracy helps : 51 51 51 54 58 59 
degeneracy worse : 48 48 53 109 224 272 
SCL #err deg : 131 / 8400
SCL #err weighted degeneracy : 128 128 134 188 300 347 
degeneracy helps : 51 51 51 54 58 59 
degeneracy worse : 48 48 54 111 227 275 
SCL #err deg : 133 / 8500
SCL #err weighted degeneracy : 132 132 138 190 302 349 
degeneracy helps : 51 51 51 55 59 60 
degeneracy worse : 50 50 56 112 228 276 
SCL #err deg : 136 / 8600
SCL #err weighted degeneracy : 136 136 142 195 307 354 
degeneracy helps : 51 51 51 55 59 60 
degeneracy worse : 51 51 57 114 230 278 
SCL #err deg : 138 / 8700
SCL #err weighted degeneracy : 138 138 144 196 310 357 
degeneracy helps : 51 51 51 56 60 61 
degeneracy worse : 51 51 57 114 232 280 
SCL #err deg : 139 / 8800
SCL #err weighted degeneracy : 138 138 144 198 314 362 
degeneracy helps : 52 52 52 57 61 62 
degeneracy worse : 51 51 57 116 236 285 
SCL #err deg : 141 / 8900
SCL #err weighted degeneracy : 139 139 145 199 315 363 
degeneracy helps : 53 53 53 58 62 63 
degeneracy worse : 51 51 57 116 236 285 
SCL #err deg : 142 / 9000
SCL #err weighted degeneracy : 139 139 145 199 317 365 
degeneracy helps : 54 54 54 59 63 64 
degeneracy worse : 51 51 57 116 238 287 
SCL #err deg : 142 / 9100
SCL #err weighted degeneracy : 139 139 145 201 320 368 
degeneracy helps : 54 54 54 59 63 64 
degeneracy worse : 51 51 57 118 241 290 
SCL #err deg : 143 / 9200
SCL #err weighted degeneracy : 141 141 147 205 326 376 
degeneracy helps : 54 54 54 59 63 64 
degeneracy worse : 52 52 58 121 246 297 
SCL #err deg : 146 / 9300
SCL #err weighted degeneracy : 143 143 149 207 330 380 
degeneracy helps : 55 55 55 60 64 65 
degeneracy worse : 52 52 58 121 248 299 
SCL #err deg : 147 / 9400
SCL #err weighted degeneracy : 143 143 149 209 333 383 
degeneracy helps : 56 56 56 61 65 66 
degeneracy worse : 52 52 58 123 251 302 
SCL #err deg : 148 / 9500
SCL #err weighted degeneracy : 144 144 150 210 335 385 
degeneracy helps : 56 56 56 61 65 66 
degeneracy worse : 52 52 58 123 252 303 
SCL #err deg : 148 / 9600
SCL #err weighted degeneracy : 144 144 150 210 337 388 
degeneracy helps : 56 56 56 61 65 66 
degeneracy worse : 52 52 58 123 254 306 
SCL #err deg : 148 / 9700
SCL #err weighted degeneracy : 144 144 150 210 339 391 
degeneracy helps : 56 56 56 61 65 66 
degeneracy worse : 52 52 58 123 256 309 
SCL #err deg : 149 / 9800
SCL #err weighted degeneracy : 144 144 150 212 343 395 
degeneracy helps : 57 57 57 62 65 66 
degeneracy worse : 52 52 58 125 259 312 
SCL #err deg : 150 / 9900
SCL #err weighted degeneracy : 144 144 150 212 345 399 
degeneracy helps : 58 58 58 63 66 67 
degeneracy worse : 52 52 58 125 261 316 
SCL #err deg : 151 / 10000
SCL #err weighted degeneracy : 144 144 150 213 347 401 
degeneracy helps : 59 59 59 64 67 68 
degeneracy worse : 52 52 58 126 263 318 
average #flips: 35.8509
SCL #err considering degeneracy: 151
error due to equal 117
error due to SCL smaller 33
Finish in 4969 s
