Simulation Polar syndrome FASTER N=512, K=257, l=128, pz=0.08, #samples=10000, seed=197
HPW construction
Event generator random seed: 197
SCL #err deg : 4 / 100
SCL #err weighted degeneracy : 4 4 5 7 9 8 
degeneracy helps : 1 1 1 1 1 2 
degeneracy worse : 1 1 2 4 6 6 
SCL #err deg : 11 / 200
SCL #err weighted degeneracy : 6 6 7 11 15 15 
degeneracy helps : 6 6 6 7 7 7 
degeneracy worse : 1 1 2 7 11 11 
SCL #err deg : 18 / 300
SCL #err weighted degeneracy : 12 12 14 18 23 23 
degeneracy helps : 8 8 8 9 8 8 
degeneracy worse : 2 2 4 9 13 13 
SCL #err deg : 23 / 400
SCL #err weighted degeneracy : 17 17 17 22 31 31 
degeneracy helps : 10 10 10 12 11 11 
degeneracy worse : 4 4 4 11 19 19 
SCL #err deg : 31 / 500
SCL #err weighted degeneracy : 22 22 22 30 43 43 
degeneracy helps : 13 13 13 14 13 13 
degeneracy worse : 4 4 4 13 25 25 
SCL #err deg : 36 / 600
SCL #err weighted degeneracy : 25 25 25 34 49 50 
degeneracy helps : 15 15 15 16 15 15 
degeneracy worse : 4 4 4 14 28 29 
SCL #err deg : 40 / 700
SCL #err weighted degeneracy : 30 30 31 40 55 56 
degeneracy helps : 15 15 15 16 15 15 
degeneracy worse : 5 5 6 16 30 31 
SCL #err deg : 47 / 800
SCL #err weighted degeneracy : 36 36 37 49 64 65 
degeneracy helps : 18 18 18 19 18 18 
degeneracy worse : 7 7 8 21 35 36 
SCL #err deg : 54 / 900
SCL #err weighted degeneracy : 41 41 42 56 72 73 
degeneracy helps : 21 21 21 21 20 20 
degeneracy worse : 8 8 9 23 38 39 
SCL #err deg : 59 / 1000
SCL #err weighted degeneracy : 50 50 52 69 85 87 
degeneracy helps : 21 21 21 21 20 20 
degeneracy worse : 12 12 14 31 46 48 
SCL #err deg : 64 / 1100
SCL #err weighted degeneracy : 52 52 55 73 89 91 
degeneracy helps : 25 25 24 24 23 23 
degeneracy worse : 13 13 15 33 48 50 
SCL #err deg : 70 / 1200
SCL #err weighted degeneracy : 58 58 63 84 100 104 
degeneracy helps : 27 27 25 25 24 24 
degeneracy worse : 15 15 18 39 54 58 
SCL #err deg : 75 / 1300
SCL #err weighted degeneracy : 62 62 66 88 105 109 
degeneracy helps : 29 29 28 28 27 27 
degeneracy worse : 16 16 19 41 57 61 
SCL #err deg : 80 / 1400
SCL #err weighted degeneracy : 66 66 71 94 111 115 
degeneracy helps : 30 30 28 28 27 27 
degeneracy worse : 16 16 19 42 58 62 
SCL #err deg : 83 / 1500
SCL #err weighted degeneracy : 69 69 74 99 117 122 
degeneracy helps : 31 31 29 29 29 29 
degeneracy worse : 17 17 20 45 63 68 
SCL #err deg : 86 / 1600
SCL #err weighted degeneracy : 72 72 77 104 124 129 
degeneracy helps : 32 32 30 30 31 31 
degeneracy worse : 18 18 21 48 69 74 
SCL #err deg : 87 / 1700
SCL #err weighted degeneracy : 74 74 79 106 126 133 
degeneracy helps : 32 32 30 30 31 31 
degeneracy worse : 19 19 22 49 70 77 
SCL #err deg : 91 / 1800
SCL #err weighted degeneracy : 78 78 84 111 135 143 
degeneracy helps : 34 34 32 32 33 33 
degeneracy worse : 21 21 25 52 77 85 
SCL #err deg : 93 / 1900
SCL #err weighted degeneracy : 82 82 88 117 143 151 
degeneracy helps : 34 34 32 32 33 33 
degeneracy worse : 23 23 27 56 83 91 
SCL #err deg : 99 / 2000
SCL #err weighted degeneracy : 85 85 92 123 152 163 
degeneracy helps : 37 37 35 35 37 37 
degeneracy worse : 23 23 28 59 90 101 
SCL #err deg : 103 / 2100
SCL #err weighted degeneracy : 91 91 99 131 161 174 
degeneracy helps : 38 38 36 37 39 38 
degeneracy worse : 26 26 32 65 97 109 
SCL #err deg : 107 / 2200
SCL #err weighted degeneracy : 95 95 103 133 162 176 
degeneracy helps : 39 39 37 39 42 41 
degeneracy worse : 27 27 33 65 97 110 
SCL #err deg : 111 / 2300
SCL #err weighted degeneracy : 101 101 109 138 170 184 
degeneracy helps : 41 41 39 42 45 44 
degeneracy worse : 31 31 37 69 104 117 
SCL #err deg : 113 / 2400
SCL #err weighted degeneracy : 104 104 111 141 173 187 
degeneracy helps : 41 41 40 43 46 45 
degeneracy worse : 32 32 38 71 106 119 
SCL #err deg : 117 / 2500
SCL #err weighted degeneracy : 107 107 114 145 180 195 
degeneracy helps : 44 44 43 46 49 47 
degeneracy worse : 34 34 40 74 112 125 
SCL #err deg : 120 / 2600
SCL #err weighted degeneracy : 111 111 118 151 187 204 
degeneracy helps : 44 44 43 46 49 47 
degeneracy worse : 35 35 41 77 116 131 
SCL #err deg : 129 / 2700
SCL #err weighted degeneracy : 120 120 127 161 198 215 
degeneracy helps : 46 46 45 49 53 51 
degeneracy worse : 37 37 43 81 122 137 
SCL #err deg : 134 / 2800
SCL #err weighted degeneracy : 123 123 130 166 202 221 
degeneracy helps : 48 48 47 50 55 53 
degeneracy worse : 37 37 43 82 123 140 
SCL #err deg : 138 / 2900
SCL #err weighted degeneracy : 126 126 133 169 204 225 
degeneracy helps : 51 51 50 54 59 57 
degeneracy worse : 39 39 45 85 125 144 
SCL #err deg : 145 / 3000
SCL #err weighted degeneracy : 128 128 136 174 210 231 
degeneracy helps : 56 56 54 56 61 59 
degeneracy worse : 39 39 45 85 126 145 
SCL #err deg : 154 / 3100
SCL #err weighted degeneracy : 133 133 141 181 220 241 
degeneracy helps : 61 61 59 60 65 63 
degeneracy worse : 40 40 46 87 131 150 
SCL #err deg : 157 / 3200
SCL #err weighted degeneracy : 136 136 144 187 226 248 
degeneracy helps : 62 62 60 61 66 64 
degeneracy worse : 41 41 47 91 135 155 
SCL #err deg : 159 / 3300
SCL #err weighted degeneracy : 137 137 144 190 229 253 
degeneracy helps : 63 63 62 63 68 66 
degeneracy worse : 41 41 47 94 138 160 
SCL #err deg : 162 / 3400
SCL #err weighted degeneracy : 142 142 148 196 235 259 
degeneracy helps : 63 63 63 64 69 67 
degeneracy worse : 43 43 49 98 142 164 
SCL #err deg : 169 / 3500
SCL #err weighted degeneracy : 149 149 156 207 249 273 
degeneracy helps : 64 64 64 65 71 69 
degeneracy worse : 44 44 51 103 151 173 
SCL #err deg : 174 / 3600
SCL #err weighted degeneracy : 155 155 162 215 256 280 
degeneracy helps : 66 66 66 67 74 73 
degeneracy worse : 47 47 54 108 156 179 
SCL #err deg : 176 / 3700
SCL #err weighted degeneracy : 156 156 164 218 264 288 
degeneracy helps : 67 67 67 68 75 74 
degeneracy worse : 47 47 55 110 163 186 
SCL #err deg : 180 / 3800
SCL #err weighted degeneracy : 159 159 168 223 270 296 
degeneracy helps : 69 69 69 70 77 76 
degeneracy worse : 48 48 57 113 167 192 
SCL #err deg : 186 / 3900
SCL #err weighted degeneracy : 167 167 175 231 280 307 
degeneracy helps : 69 69 69 70 77 76 
degeneracy worse : 50 50 58 115 171 197 
SCL #err deg : 192 / 4000
SCL #err weighted degeneracy : 170 170 178 234 288 315 
degeneracy helps : 72 72 72 73 80 80 
degeneracy worse : 50 50 58 115 176 203 
SCL #err deg : 195 / 4100
SCL #err weighted degeneracy : 171 171 179 236 290 318 
degeneracy helps : 74 74 74 75 83 83 
degeneracy worse : 50 50 58 116 178 206 
SCL #err deg : 201 / 4200
SCL #err weighted degeneracy : 176 176 183 240 296 324 
degeneracy helps : 75 75 76 77 85 85 
degeneracy worse : 50 50 58 116 180 208 
SCL #err deg : 204 / 4300
SCL #err weighted degeneracy : 180 180 186 243 299 327 
degeneracy helps : 75 75 77 78 87 87 
degeneracy worse : 51 51 59 117 182 210 
SCL #err deg : 211 / 4400
SCL #err weighted degeneracy : 184 184 191 248 307 335 
degeneracy helps : 78 78 79 81 90 90 
degeneracy worse : 51 51 59 118 186 214 
SCL #err deg : 215 / 4500
SCL #err weighted degeneracy : 187 187 193 249 310 339 
degeneracy helps : 79 79 81 84 93 93 
degeneracy worse : 51 51 59 118 188 217 
SCL #err deg : 217 / 4600
SCL #err weighted degeneracy : 190 190 196 254 318 348 
degeneracy helps : 80 80 82 84 93 93 
degeneracy worse : 53 53 61 121 194 224 
SCL #err deg : 220 / 4700
SCL #err weighted degeneracy : 195 195 202 259 324 354 
degeneracy helps : 80 80 82 85 94 94 
degeneracy worse : 55 55 64 124 198 228 
SCL #err deg : 226 / 4800
SCL #err weighted degeneracy : 201 201 207 264 333 364 
degeneracy helps : 82 82 85 89 97 97 
degeneracy worse : 57 57 66 127 204 235 
SCL #err deg : 228 / 4900
SCL #err weighted degeneracy : 203 203 209 266 336 367 
degeneracy helps : 82 82 85 90 98 98 
degeneracy worse : 57 57 66 128 206 237 
SCL #err deg : 234 / 5000
SCL #err weighted degeneracy : 208 208 214 272 342 373 
degeneracy helps : 83 83 86 90 98 98 
degeneracy worse : 57 57 66 128 206 237 
SCL #err deg : 238 / 5100
SCL #err weighted degeneracy : 210 210 216 275 347 378 
degeneracy helps : 85 85 88 93 101 100 
degeneracy worse : 57 57 66 130 210 240 
SCL #err deg : 240 / 5200
SCL #err weighted degeneracy : 212 212 219 280 353 384 
degeneracy helps : 85 85 88 93 101 100 
degeneracy worse : 57 57 67 133 214 244 
SCL #err deg : 244 / 5300
SCL #err weighted degeneracy : 216 216 223 287 362 394 
degeneracy helps : 86 86 89 94 102 101 
degeneracy worse : 58 58 68 137 220 251 
SCL #err deg : 253 / 5400
SCL #err weighted degeneracy : 222 222 231 297 375 406 
degeneracy helps : 90 90 93 97 105 104 
degeneracy worse : 59 59 71 141 227 257 
SCL #err deg : 256 / 5500
SCL #err weighted degeneracy : 226 226 236 305 384 416 
degeneracy helps : 90 90 93 97 105 105 
degeneracy worse : 60 60 73 146 233 265 
SCL #err deg : 262 / 5600
SCL #err weighted degeneracy : 229 229 239 309 390 422 
degeneracy helps : 94 94 98 102 111 111 
degeneracy worse : 61 61 75 149 239 271 
SCL #err deg : 266 / 5700
SCL #err weighted degeneracy : 233 233 244 316 398 430 
degeneracy helps : 95 95 99 103 112 112 
degeneracy worse : 62 62 77 153 244 276 
SCL #err deg : 271 / 5800
SCL #err weighted degeneracy : 236 236 247 321 404 436 
degeneracy helps : 98 98 102 106 116 116 
degeneracy worse : 63 63 78 156 249 281 
SCL #err deg : 275 / 5900
SCL #err weighted degeneracy : 241 241 252 327 413 446 
degeneracy helps : 100 100 104 107 117 117 
degeneracy worse : 66 66 81 159 255 288 
SCL #err deg : 280 / 6000
SCL #err weighted degeneracy : 243 243 255 330 420 453 
degeneracy helps : 103 103 106 109 119 119 
degeneracy worse : 66 66 81 159 259 292 
SCL #err deg : 282 / 6100
SCL #err weighted degeneracy : 246 246 258 334 425 458 
degeneracy helps : 103 103 106 109 119 119 
degeneracy worse : 67 67 82 161 262 295 
SCL #err deg : 284 / 6200
SCL #err weighted degeneracy : 248 248 260 337 430 465 
degeneracy helps : 103 103 106 109 119 119 
degeneracy worse : 67 67 82 162 265 300 
SCL #err deg : 289 / 6300
SCL #err weighted degeneracy : 252 252 264 342 436 471 
degeneracy helps : 106 106 109 112 122 122 
degeneracy worse : 69 69 84 165 269 304 
SCL #err deg : 292 / 6400
SCL #err weighted degeneracy : 253 253 265 343 441 480 
degeneracy helps : 108 108 111 114 123 122 
degeneracy worse : 69 69 84 165 272 310 
SCL #err deg : 298 / 6500
SCL #err weighted degeneracy : 258 258 269 350 449 488 
degeneracy helps : 110 110 113 116 125 125 
degeneracy worse : 70 70 84 168 276 315 
SCL #err deg : 301 / 6600
SCL #err weighted degeneracy : 261 261 272 356 457 497 
degeneracy helps : 112 112 115 118 127 127 
degeneracy worse : 72 72 86 173 283 323 
SCL #err deg : 305 / 6700
SCL #err weighted degeneracy : 268 268 280 364 466 506 
degeneracy helps : 112 112 115 118 127 127 
degeneracy worse : 75 75 90 177 288 328 
SCL #err deg : 308 / 6800
SCL #err weighted degeneracy : 273 273 284 373 475 516 
degeneracy helps : 113 113 117 119 128 128 
degeneracy worse : 78 78 93 184 295 336 
SCL #err deg : 312 / 6900
SCL #err weighted degeneracy : 274 274 286 378 482 523 
degeneracy helps : 116 116 120 122 130 131 
degeneracy worse : 78 78 94 188 300 342 
SCL #err deg : 318 / 7000
SCL #err weighted degeneracy : 278 278 290 383 491 535 
degeneracy helps : 119 119 123 125 133 133 
degeneracy worse : 79 79 95 190 306 350 
SCL #err deg : 322 / 7100
SCL #err weighted degeneracy : 282 282 295 389 500 545 
degeneracy helps : 120 120 124 126 134 134 
degeneracy worse : 80 80 97 193 312 357 
SCL #err deg : 328 / 7200
SCL #err weighted degeneracy : 287 287 302 396 507 552 
degeneracy helps : 121 121 125 127 135 135 
degeneracy worse : 80 80 99 195 314 359 
SCL #err deg : 329 / 7300
SCL #err weighted degeneracy : 289 289 304 402 512 559 
degeneracy helps : 121 121 125 127 135 135 
degeneracy worse : 81 81 100 200 318 365 
SCL #err deg : 334 / 7400
SCL #err weighted degeneracy : 294 294 309 410 522 568 
degeneracy helps : 123 123 127 128 136 136 
degeneracy worse : 83 83 102 204 324 370 
SCL #err deg : 337 / 7500
SCL #err weighted degeneracy : 296 296 312 416 528 575 
degeneracy helps : 125 125 129 129 137 137 
degeneracy worse : 84 84 104 208 328 375 
SCL #err deg : 342 / 7600
SCL #err weighted degeneracy : 303 303 319 424 538 584 
degeneracy helps : 127 127 131 132 140 140 
degeneracy worse : 89 89 109 214 336 382 
SCL #err deg : 348 / 7700
SCL #err weighted degeneracy : 307 307 323 430 546 592 
degeneracy helps : 129 129 133 132 140 140 
degeneracy worse : 89 89 109 214 338 384 
SCL #err deg : 352 / 7800
SCL #err weighted degeneracy : 311 311 327 436 554 601 
degeneracy helps : 131 131 135 134 143 143 
degeneracy worse : 91 91 111 218 345 392 
SCL #err deg : 355 / 7900
SCL #err weighted degeneracy : 316 316 332 441 560 607 
degeneracy helps : 131 131 135 134 143 143 
degeneracy worse : 93 93 113 220 348 395 
SCL #err deg : 360 / 8000
SCL #err weighted degeneracy : 321 321 337 446 566 614 
degeneracy helps : 133 133 137 137 147 147 
degeneracy worse : 95 95 115 223 353 401 
SCL #err deg : 364 / 8100
SCL #err weighted degeneracy : 325 325 342 451 572 622 
degeneracy helps : 135 135 140 141 151 149 
degeneracy worse : 97 97 119 228 359 407 
SCL #err deg : 371 / 8200
SCL #err weighted degeneracy : 330 330 348 459 585 636 
degeneracy helps : 137 137 142 142 152 150 
degeneracy worse : 97 97 120 230 366 415 
SCL #err deg : 376 / 8300
SCL #err weighted degeneracy : 334 334 351 463 591 642 
degeneracy helps : 139 139 145 145 155 153 
degeneracy worse : 98 98 121 232 370 419 
SCL #err deg : 386 / 8400
SCL #err weighted degeneracy : 343 343 361 474 601 652 
degeneracy helps : 140 140 146 145 156 154 
degeneracy worse : 98 98 122 233 371 420 
SCL #err deg : 391 / 8500
SCL #err weighted degeneracy : 346 346 364 477 604 657 
degeneracy helps : 143 143 149 149 160 158 
degeneracy worse : 99 99 123 235 373 424 
SCL #err deg : 397 / 8600
SCL #err weighted degeneracy : 353 353 372 486 614 669 
degeneracy helps : 144 144 150 150 161 158 
degeneracy worse : 101 101 126 239 378 430 
SCL #err deg : 403 / 8700
SCL #err weighted degeneracy : 359 359 378 491 620 675 
degeneracy helps : 146 146 152 153 164 161 
degeneracy worse : 103 103 128 241 381 433 
SCL #err deg : 407 / 8800
SCL #err weighted degeneracy : 360 360 380 496 628 683 
degeneracy helps : 150 150 156 157 168 164 
degeneracy worse : 104 104 130 246 389 440 
SCL #err deg : 411 / 8900
SCL #err weighted degeneracy : 362 362 382 499 632 689 
degeneracy helps : 153 153 159 160 171 167 
degeneracy worse : 105 105 131 248 392 445 
SCL #err deg : 416 / 9000
SCL #err weighted degeneracy : 365 365 385 503 639 696 
degeneracy helps : 156 156 162 163 174 170 
degeneracy worse : 106 106 132 250 397 450 
SCL #err deg : 417 / 9100
SCL #err weighted degeneracy : 367 367 387 507 645 704 
degeneracy helps : 156 156 162 163 174 170 
degeneracy worse : 107 107 133 253 402 457 
SCL #err deg : 420 / 9200
SCL #err weighted degeneracy : 370 370 390 510 649 709 
degeneracy helps : 156 156 162 163 174 170 
degeneracy worse : 107 107 133 253 403 459 
SCL #err deg : 426 / 9300
SCL #err weighted degeneracy : 377 377 398 517 658 718 
degeneracy helps : 156 156 162 164 175 171 
degeneracy worse : 108 108 135 255 407 463 
SCL #err deg : 429 / 9400
SCL #err weighted degeneracy : 379 379 400 521 662 722 
degeneracy helps : 157 157 163 165 177 173 
degeneracy worse : 108 108 135 257 410 466 
SCL #err deg : 434 / 9500
SCL #err weighted degeneracy : 383 383 404 526 668 728 
degeneracy helps : 158 158 164 166 178 174 
degeneracy worse : 108 108 135 258 412 468 
SCL #err deg : 437 / 9600
SCL #err weighted degeneracy : 385 385 407 530 673 735 
degeneracy helps : 159 159 165 167 179 175 
degeneracy worse : 108 108 136 260 415 473 
SCL #err deg : 443 / 9700
SCL #err weighted degeneracy : 390 390 412 536 683 747 
degeneracy helps : 161 161 167 170 182 177 
degeneracy worse : 109 109 137 263 422 481 
SCL #err deg : 449 / 9800
SCL #err weighted degeneracy : 395 395 417 542 691 756 
degeneracy helps : 163 163 169 172 184 179 
degeneracy worse : 110 110 138 265 426 486 
SCL #err deg : 450 / 9900
SCL #err weighted degeneracy : 396 396 418 547 698 764 
degeneracy helps : 163 163 169 172 185 180 
degeneracy worse : 110 110 138 269 433 494 
SCL #err deg : 453 / 10000
SCL #err weighted degeneracy : 396 396 418 551 703 770 
degeneracy helps : 166 166 172 174 187 182 
degeneracy worse : 110 110 138 272 437 499 
average #flips: 40.9823
SCL #err considering degeneracy: 453
error due to equal 272
error due to SCL smaller 180
Finish in 5177 s
