Simulation Polar syndrome FASTER N=256, K=129, l=128, pz=0.106, #samples=10000, seed=543
PW construction
Event generator random seed: 543
SCL #err deg : 28 / 100
SCL #err weighted degeneracy : 23 23 24 25 28 29 
degeneracy helps : 7 7 7 9 8 8 
degeneracy worse : 2 2 3 6 8 9 
SCL #err deg : 63 / 200
SCL #err weighted degeneracy : 48 48 51 53 59 62 
degeneracy helps : 20 20 19 24 21 21 
degeneracy worse : 6 6 8 14 17 20 
SCL #err deg : 90 / 300
SCL #err weighted degeneracy : 66 66 70 74 83 87 
degeneracy helps : 32 32 31 36 31 31 
degeneracy worse : 9 9 12 20 24 28 
SCL #err deg : 116 / 400
SCL #err weighted degeneracy : 89 89 94 100 110 116 
degeneracy helps : 39 39 38 42 38 38 
degeneracy worse : 13 13 17 26 32 38 
SCL #err deg : 145 / 500
SCL #err weighted degeneracy : 118 118 124 131 142 148 
degeneracy helps : 44 44 43 49 46 45 
degeneracy worse : 18 18 23 35 43 48 
SCL #err deg : 173 / 600
SCL #err weighted degeneracy : 143 143 151 160 171 180 
degeneracy helps : 50 50 48 54 52 50 
degeneracy worse : 21 21 27 41 50 57 
SCL #err deg : 197 / 700
SCL #err weighted degeneracy : 162 162 171 178 190 202 
degeneracy helps : 57 57 56 64 62 58 
degeneracy worse : 23 23 31 45 55 63 
SCL #err deg : 229 / 800
SCL #err weighted degeneracy : 197 197 207 212 227 236 
degeneracy helps : 59 59 58 70 68 66 
degeneracy worse : 28 28 37 53 66 73 
SCL #err deg : 258 / 900
SCL #err weighted degeneracy : 226 226 237 244 259 270 
degeneracy helps : 67 67 66 78 76 75 
degeneracy worse : 36 36 46 64 77 87 
SCL #err deg : 284 / 1000
SCL #err weighted degeneracy : 252 252 264 274 291 301 
degeneracy helps : 72 72 71 83 81 81 
degeneracy worse : 41 41 52 73 88 98 
SCL #err deg : 311 / 1100
SCL #err weighted degeneracy : 277 277 287 302 319 329 
degeneracy helps : 78 78 80 92 90 91 
degeneracy worse : 45 45 57 83 98 109 
SCL #err deg : 339 / 1200
SCL #err weighted degeneracy : 304 304 312 329 346 356 
degeneracy helps : 85 85 89 101 99 100 
degeneracy worse : 51 51 63 91 106 117 
SCL #err deg : 382 / 1300
SCL #err weighted degeneracy : 339 339 346 366 382 394 
degeneracy helps : 95 95 101 112 111 111 
degeneracy worse : 53 53 66 96 111 123 
SCL #err deg : 409 / 1400
SCL #err weighted degeneracy : 365 365 374 395 413 424 
degeneracy helps : 100 100 105 117 116 117 
degeneracy worse : 57 57 71 103 120 132 
SCL #err deg : 438 / 1500
SCL #err weighted degeneracy : 390 390 401 427 447 456 
degeneracy helps : 109 109 113 123 120 122 
degeneracy worse : 62 62 77 112 129 140 
SCL #err deg : 468 / 1600
SCL #err weighted degeneracy : 417 417 429 455 476 484 
degeneracy helps : 116 116 120 130 128 132 
degeneracy worse : 66 66 82 117 136 148 
SCL #err deg : 495 / 1700
SCL #err weighted degeneracy : 440 440 453 483 503 512 
degeneracy helps : 126 126 130 138 138 142 
degeneracy worse : 72 72 89 126 146 159 
SCL #err deg : 516 / 1800
SCL #err weighted degeneracy : 454 454 468 502 523 533 
degeneracy helps : 136 136 141 148 148 152 
degeneracy worse : 75 75 94 134 155 169 
SCL #err deg : 541 / 1900
SCL #err weighted degeneracy : 475 475 489 524 546 555 
degeneracy helps : 144 144 150 158 158 162 
degeneracy worse : 79 79 99 141 163 176 
SCL #err deg : 576 / 2000
SCL #err weighted degeneracy : 508 508 522 554 577 587 
degeneracy helps : 152 152 159 169 169 172 
degeneracy worse : 85 85 106 147 170 183 
SCL #err deg : 603 / 2100
SCL #err weighted degeneracy : 532 532 544 578 601 613 
degeneracy helps : 157 157 166 176 176 178 
degeneracy worse : 87 87 108 151 174 188 
SCL #err deg : 637 / 2200
SCL #err weighted degeneracy : 562 562 574 608 631 645 
degeneracy helps : 165 165 174 183 183 183 
degeneracy worse : 91 91 112 154 177 191 
SCL #err deg : 667 / 2300
SCL #err weighted degeneracy : 587 587 600 638 660 675 
degeneracy helps : 174 174 183 190 191 190 
degeneracy worse : 95 95 117 161 184 198 
SCL #err deg : 694 / 2400
SCL #err weighted degeneracy : 612 612 624 663 688 706 
degeneracy helps : 179 179 190 197 199 197 
degeneracy worse : 98 98 121 166 193 209 
SCL #err deg : 724 / 2500
SCL #err weighted degeneracy : 639 639 655 698 727 746 
degeneracy helps : 187 187 197 204 206 206 
degeneracy worse : 103 103 129 178 209 228 
SCL #err deg : 762 / 2600
SCL #err weighted degeneracy : 672 672 688 734 763 781 
degeneracy helps : 198 198 209 216 218 218 
degeneracy worse : 109 109 136 188 219 237 
SCL #err deg : 798 / 2700
SCL #err weighted degeneracy : 702 702 720 765 793 812 
degeneracy helps : 207 207 218 226 230 230 
degeneracy worse : 112 112 141 193 225 244 
SCL #err deg : 831 / 2800
SCL #err weighted degeneracy : 728 728 745 793 825 842 
degeneracy helps : 217 217 229 236 239 241 
degeneracy worse : 115 115 144 198 233 252 
SCL #err deg : 857 / 2900
SCL #err weighted degeneracy : 755 755 775 823 854 871 
degeneracy helps : 222 222 233 242 246 248 
degeneracy worse : 121 121 152 208 243 262 
SCL #err deg : 889 / 3000
SCL #err weighted degeneracy : 785 785 806 854 884 903 
degeneracy helps : 229 229 240 250 255 257 
degeneracy worse : 126 126 158 215 250 271 
SCL #err deg : 912 / 3100
SCL #err weighted degeneracy : 812 812 833 885 915 935 
degeneracy helps : 235 235 247 257 263 265 
degeneracy worse : 136 136 169 230 266 288 
SCL #err deg : 939 / 3200
SCL #err weighted degeneracy : 830 830 854 908 938 960 
degeneracy helps : 245 245 257 266 272 274 
degeneracy worse : 137 137 173 235 271 295 
SCL #err deg : 971 / 3300
SCL #err weighted degeneracy : 858 858 883 937 966 989 
degeneracy helps : 252 252 264 274 281 283 
degeneracy worse : 140 140 177 240 276 301 
SCL #err deg : 1002 / 3400
SCL #err weighted degeneracy : 889 889 915 970 997 1021 
degeneracy helps : 256 256 268 278 287 288 
degeneracy worse : 144 144 182 246 282 307 
SCL #err deg : 1035 / 3500
SCL #err weighted degeneracy : 918 918 944 1000 1027 1052 
degeneracy helps : 267 267 279 289 299 300 
degeneracy worse : 151 151 189 254 291 317 
SCL #err deg : 1056 / 3600
SCL #err weighted degeneracy : 941 941 968 1026 1053 1079 
degeneracy helps : 273 273 285 296 306 307 
degeneracy worse : 159 159 198 266 303 330 
SCL #err deg : 1084 / 3700
SCL #err weighted degeneracy : 962 963 986 1044 1076 1100 
degeneracy helps : 282 281 296 310 320 322 
degeneracy worse : 161 161 199 270 312 338 
SCL #err deg : 1109 / 3800
SCL #err weighted degeneracy : 982 983 1007 1066 1098 1125 
degeneracy helps : 291 290 305 319 329 330 
degeneracy worse : 165 165 204 276 318 346 
SCL #err deg : 1135 / 3900
SCL #err weighted degeneracy : 1005 1006 1029 1090 1123 1151 
degeneracy helps : 298 297 313 327 337 338 
degeneracy worse : 169 169 208 282 325 354 
SCL #err deg : 1161 / 4000
SCL #err weighted degeneracy : 1027 1028 1052 1117 1149 1178 
degeneracy helps : 307 306 323 337 349 349 
degeneracy worse : 174 174 215 293 337 366 
SCL #err deg : 1194 / 4100
SCL #err weighted degeneracy : 1059 1060 1085 1150 1182 1211 
degeneracy helps : 314 313 330 344 356 357 
degeneracy worse : 180 180 222 300 344 374 
SCL #err deg : 1223 / 4200
SCL #err weighted degeneracy : 1083 1084 1111 1177 1210 1241 
degeneracy helps : 322 321 337 352 365 367 
degeneracy worse : 183 183 226 306 352 385 
SCL #err deg : 1260 / 4300
SCL #err weighted degeneracy : 1120 1121 1148 1212 1243 1275 
degeneracy helps : 330 329 344 361 376 378 
degeneracy worse : 191 191 233 313 359 393 
SCL #err deg : 1298 / 4400
SCL #err weighted degeneracy : 1151 1152 1181 1245 1274 1306 
degeneracy helps : 339 338 352 371 388 390 
degeneracy worse : 193 193 236 318 364 398 
SCL #err deg : 1322 / 4500
SCL #err weighted degeneracy : 1183 1183 1213 1278 1308 1340 
degeneracy helps : 343 342 356 375 391 393 
degeneracy worse : 205 204 248 331 377 411 
SCL #err deg : 1348 / 4600
SCL #err weighted degeneracy : 1206 1206 1236 1303 1333 1367 
degeneracy helps : 349 348 362 381 397 398 
degeneracy worse : 208 207 251 336 382 417 
SCL #err deg : 1381 / 4700
SCL #err weighted degeneracy : 1235 1235 1265 1336 1369 1407 
degeneracy helps : 356 355 369 387 403 403 
degeneracy worse : 211 210 254 342 391 429 
SCL #err deg : 1409 / 4800
SCL #err weighted degeneracy : 1263 1263 1296 1366 1397 1433 
degeneracy helps : 364 363 376 395 413 414 
degeneracy worse : 219 218 264 352 401 438 
SCL #err deg : 1443 / 4900
SCL #err weighted degeneracy : 1294 1293 1326 1395 1427 1463 
degeneracy helps : 370 370 384 404 423 424 
degeneracy worse : 222 221 268 356 407 444 
SCL #err deg : 1478 / 5000
SCL #err weighted degeneracy : 1322 1321 1354 1423 1455 1492 
degeneracy helps : 381 381 395 416 436 437 
degeneracy worse : 226 225 272 361 413 451 
SCL #err deg : 1513 / 5100
SCL #err weighted degeneracy : 1355 1354 1387 1456 1487 1523 
degeneracy helps : 391 391 406 428 449 451 
degeneracy worse : 234 233 281 371 423 461 
SCL #err deg : 1542 / 5200
SCL #err weighted degeneracy : 1378 1377 1410 1481 1512 1549 
degeneracy helps : 402 402 415 436 458 461 
degeneracy worse : 239 238 284 375 428 468 
SCL #err deg : 1572 / 5300
SCL #err weighted degeneracy : 1399 1398 1432 1507 1538 1576 
degeneracy helps : 415 415 428 449 471 473 
degeneracy worse : 243 242 289 384 437 477 
SCL #err deg : 1606 / 5400
SCL #err weighted degeneracy : 1424 1423 1460 1537 1570 1611 
degeneracy helps : 427 427 438 458 479 481 
degeneracy worse : 246 245 293 389 443 486 
SCL #err deg : 1633 / 5500
SCL #err weighted degeneracy : 1446 1445 1481 1558 1595 1638 
degeneracy helps : 436 436 448 469 489 490 
degeneracy worse : 250 249 297 394 451 495 
SCL #err deg : 1673 / 5600
SCL #err weighted degeneracy : 1481 1480 1518 1597 1634 1676 
degeneracy helps : 446 446 455 477 498 499 
degeneracy worse : 255 254 301 401 459 502 
SCL #err deg : 1700 / 5700
SCL #err weighted degeneracy : 1507 1506 1543 1621 1661 1704 
degeneracy helps : 452 452 462 485 504 504 
degeneracy worse : 260 259 306 406 465 508 
SCL #err deg : 1732 / 5800
SCL #err weighted degeneracy : 1540 1538 1576 1657 1697 1740 
degeneracy helps : 456 456 468 493 512 513 
degeneracy worse : 265 263 313 418 477 521 
SCL #err deg : 1759 / 5900
SCL #err weighted degeneracy : 1565 1563 1604 1685 1727 1769 
degeneracy helps : 461 461 472 499 518 519 
degeneracy worse : 268 266 318 425 486 529 
SCL #err deg : 1787 / 6000
SCL #err weighted degeneracy : 1589 1587 1627 1712 1756 1799 
degeneracy helps : 469 469 482 509 528 530 
degeneracy worse : 272 270 323 434 497 542 
SCL #err deg : 1819 / 6100
SCL #err weighted degeneracy : 1618 1616 1656 1739 1785 1826 
degeneracy helps : 478 478 491 520 539 543 
degeneracy worse : 278 276 329 440 505 550 
SCL #err deg : 1842 / 6200
SCL #err weighted degeneracy : 1641 1639 1681 1768 1816 1858 
degeneracy helps : 482 482 495 523 542 546 
degeneracy worse : 282 280 335 449 516 562 
SCL #err deg : 1872 / 6300
SCL #err weighted degeneracy : 1667 1665 1707 1794 1843 1885 
degeneracy helps : 487 487 501 530 549 553 
degeneracy worse : 283 281 337 452 520 566 
SCL #err deg : 1903 / 6400
SCL #err weighted degeneracy : 1694 1692 1736 1823 1873 1916 
degeneracy helps : 496 496 510 541 561 565 
degeneracy worse : 288 286 344 461 531 578 
SCL #err deg : 1930 / 6500
SCL #err weighted degeneracy : 1717 1715 1759 1847 1898 1941 
degeneracy helps : 505 505 520 551 572 576 
degeneracy worse : 293 291 350 468 540 587 
SCL #err deg : 1956 / 6600
SCL #err weighted degeneracy : 1742 1740 1784 1876 1930 1971 
degeneracy helps : 514 514 530 559 579 586 
degeneracy worse : 301 299 359 479 553 601 
SCL #err deg : 1989 / 6700
SCL #err weighted degeneracy : 1773 1771 1818 1908 1961 2003 
degeneracy helps : 522 522 536 567 588 596 
degeneracy worse : 307 305 366 486 560 610 
SCL #err deg : 2025 / 6800
SCL #err weighted degeneracy : 1807 1805 1853 1942 1996 2039 
degeneracy helps : 531 531 547 579 600 608 
degeneracy worse : 314 312 376 496 571 622 
SCL #err deg : 2052 / 6900
SCL #err weighted degeneracy : 1828 1827 1876 1966 2022 2064 
degeneracy helps : 541 540 558 590 611 620 
degeneracy worse : 318 316 383 504 581 632 
SCL #err deg : 2080 / 7000
SCL #err weighted degeneracy : 1849 1848 1897 1988 2044 2087 
degeneracy helps : 549 548 568 600 621 630 
degeneracy worse : 319 317 386 508 585 637 
SCL #err deg : 2100 / 7100
SCL #err weighted degeneracy : 1868 1867 1917 2010 2066 2109 
degeneracy helps : 554 553 573 606 627 636 
degeneracy worse : 323 321 391 516 593 645 
SCL #err deg : 2113 / 7200
SCL #err weighted degeneracy : 1885 1884 1933 2029 2085 2129 
degeneracy helps : 556 555 575 609 630 639 
degeneracy worse : 329 327 396 525 602 655 
SCL #err deg : 2140 / 7300
SCL #err weighted degeneracy : 1915 1914 1963 2061 2117 2162 
degeneracy helps : 559 558 578 614 635 644 
degeneracy worse : 335 333 402 535 612 666 
SCL #err deg : 2168 / 7400
SCL #err weighted degeneracy : 1947 1946 1995 2095 2152 2195 
degeneracy helps : 563 562 582 617 638 648 
degeneracy worse : 343 341 410 544 622 675 
SCL #err deg : 2199 / 7500
SCL #err weighted degeneracy : 1982 1981 2030 2130 2186 2228 
degeneracy helps : 567 566 587 623 645 656 
degeneracy worse : 351 349 419 554 632 685 
SCL #err deg : 2234 / 7600
SCL #err weighted degeneracy : 2014 2013 2063 2163 2221 2264 
degeneracy helps : 572 571 593 629 651 662 
degeneracy worse : 353 351 423 558 638 692 
SCL #err deg : 2264 / 7700
SCL #err weighted degeneracy : 2047 2046 2096 2200 2256 2300 
degeneracy helps : 575 574 596 633 656 667 
degeneracy worse : 359 357 429 569 648 703 
SCL #err deg : 2288 / 7800
SCL #err weighted degeneracy : 2068 2067 2121 2229 2284 2329 
degeneracy helps : 586 585 606 642 665 676 
degeneracy worse : 367 365 440 583 661 717 
SCL #err deg : 2317 / 7900
SCL #err weighted degeneracy : 2093 2093 2147 2256 2314 2358 
degeneracy helps : 593 591 613 649 672 685 
degeneracy worse : 370 368 444 588 669 726 
SCL #err deg : 2341 / 8000
SCL #err weighted degeneracy : 2120 2120 2173 2282 2339 2382 
degeneracy helps : 595 593 616 652 677 691 
degeneracy worse : 375 373 449 593 675 732 
SCL #err deg : 2374 / 8100
SCL #err weighted degeneracy : 2149 2149 2205 2315 2373 2416 
degeneracy helps : 607 605 626 661 686 700 
degeneracy worse : 383 381 458 602 685 742 
SCL #err deg : 2408 / 8200
SCL #err weighted degeneracy : 2178 2178 2233 2343 2399 2444 
degeneracy helps : 616 614 637 673 700 713 
degeneracy worse : 387 385 463 608 691 749 
SCL #err deg : 2434 / 8300
SCL #err weighted degeneracy : 2207 2207 2261 2367 2425 2470 
degeneracy helps : 621 619 643 681 708 721 
degeneracy worse : 395 393 471 614 699 757 
SCL #err deg : 2458 / 8400
SCL #err weighted degeneracy : 2231 2230 2286 2389 2447 2494 
degeneracy helps : 627 625 650 690 718 730 
degeneracy worse : 401 398 479 621 707 766 
SCL #err deg : 2475 / 8500
SCL #err weighted degeneracy : 2246 2245 2304 2409 2467 2515 
degeneracy helps : 632 630 655 695 724 736 
degeneracy worse : 404 401 485 629 716 776 
SCL #err deg : 2509 / 8600
SCL #err weighted degeneracy : 2277 2276 2336 2443 2501 2550 
degeneracy helps : 642 640 666 706 735 746 
degeneracy worse : 411 408 494 640 727 787 
SCL #err deg : 2529 / 8700
SCL #err weighted degeneracy : 2298 2297 2360 2466 2523 2575 
degeneracy helps : 647 645 671 711 741 752 
degeneracy worse : 417 414 503 648 735 798 
SCL #err deg : 2564 / 8800
SCL #err weighted degeneracy : 2331 2329 2393 2500 2558 2612 
degeneracy helps : 656 654 680 721 751 760 
degeneracy worse : 424 420 510 657 745 808 
SCL #err deg : 2590 / 8900
SCL #err weighted degeneracy : 2358 2356 2423 2530 2588 2643 
degeneracy helps : 662 660 686 728 758 769 
degeneracy worse : 431 427 520 668 756 822 
SCL #err deg : 2620 / 9000
SCL #err weighted degeneracy : 2383 2381 2447 2556 2615 2670 
degeneracy helps : 672 670 698 739 770 781 
degeneracy worse : 436 432 526 675 765 831 
SCL #err deg : 2643 / 9100
SCL #err weighted degeneracy : 2402 2400 2466 2577 2637 2691 
degeneracy helps : 683 681 709 750 780 791 
degeneracy worse : 443 439 533 684 774 839 
SCL #err deg : 2676 / 9200
SCL #err weighted degeneracy : 2426 2424 2491 2602 2661 2716 
degeneracy helps : 696 694 721 762 794 805 
degeneracy worse : 447 443 537 688 779 845 
SCL #err deg : 2702 / 9300
SCL #err weighted degeneracy : 2448 2446 2512 2624 2687 2744 
degeneracy helps : 702 700 728 771 802 813 
degeneracy worse : 449 445 539 693 787 855 
SCL #err deg : 2727 / 9400
SCL #err weighted degeneracy : 2468 2466 2534 2647 2712 2770 
degeneracy helps : 709 707 734 777 808 820 
degeneracy worse : 451 447 542 697 793 863 
SCL #err deg : 2758 / 9500
SCL #err weighted degeneracy : 2497 2495 2564 2678 2743 2802 
degeneracy helps : 715 713 739 782 814 826 
degeneracy worse : 455 451 546 702 799 870 
SCL #err deg : 2785 / 9600
SCL #err weighted degeneracy : 2518 2516 2585 2700 2764 2823 
degeneracy helps : 724 722 748 791 824 837 
degeneracy worse : 458 454 549 706 803 875 
SCL #err deg : 2812 / 9700
SCL #err weighted degeneracy : 2539 2538 2607 2727 2790 2848 
degeneracy helps : 733 730 757 800 835 849 
degeneracy worse : 461 457 553 715 813 885 
SCL #err deg : 2852 / 9800
SCL #err weighted degeneracy : 2569 2568 2636 2755 2819 2878 
degeneracy helps : 749 746 774 817 853 867 
degeneracy worse : 467 463 559 720 820 893 
SCL #err deg : 2887 / 9900
SCL #err weighted degeneracy : 2598 2597 2666 2785 2848 2906 
degeneracy helps : 761 758 785 830 865 879 
degeneracy worse : 473 469 565 728 826 898 
SCL #err deg : 2919 / 10000
SCL #err weighted degeneracy : 2626 2625 2694 2813 2877 2935 
degeneracy helps : 768 765 792 838 872 886 
degeneracy worse : 476 472 568 732 830 902 
average #flips: 27.1761
SCL #err considering degeneracy: 2919
error due to equal 839
error due to SCL smaller 2080
Finish in 1731 s
