Simulation Polar syndrome FASTER N=256, K=129, l=128, pz=0.103, #samples=10000, seed=543
PW construction
Event generator random seed: 543
SCL #err deg : 30 / 100
SCL #err weighted degeneracy : 20 20 20 22 22 25 
degeneracy helps : 10 11 11 11 11 11 
degeneracy worse : 1 1 1 3 3 6 
SCL #err deg : 60 / 200
SCL #err weighted degeneracy : 44 44 45 50 52 56 
degeneracy helps : 19 20 20 19 19 19 
degeneracy worse : 4 4 5 9 11 15 
SCL #err deg : 80 / 300
SCL #err weighted degeneracy : 63 63 65 72 76 79 
degeneracy helps : 24 25 25 23 23 23 
degeneracy worse : 8 8 10 15 19 22 
SCL #err deg : 104 / 400
SCL #err weighted degeneracy : 84 84 86 93 98 103 
degeneracy helps : 30 31 33 32 32 32 
degeneracy worse : 11 11 15 21 26 31 
SCL #err deg : 133 / 500
SCL #err weighted degeneracy : 109 109 111 120 129 138 
degeneracy helps : 37 38 41 40 38 37 
degeneracy worse : 14 14 19 27 34 42 
SCL #err deg : 157 / 600
SCL #err weighted degeneracy : 133 133 135 147 156 167 
degeneracy helps : 43 44 48 47 45 45 
degeneracy worse : 20 20 26 37 44 55 
SCL #err deg : 181 / 700
SCL #err weighted degeneracy : 152 152 155 168 177 187 
degeneracy helps : 50 51 56 55 53 54 
degeneracy worse : 22 22 30 42 49 60 
SCL #err deg : 211 / 800
SCL #err weighted degeneracy : 184 184 188 203 211 224 
degeneracy helps : 54 55 60 59 59 58 
degeneracy worse : 29 29 37 51 59 71 
SCL #err deg : 237 / 900
SCL #err weighted degeneracy : 210 210 215 230 237 250 
degeneracy helps : 61 62 67 67 68 67 
degeneracy worse : 36 36 45 60 68 80 
SCL #err deg : 262 / 1000
SCL #err weighted degeneracy : 233 233 237 253 259 271 
degeneracy helps : 68 69 75 75 77 77 
degeneracy worse : 41 41 50 66 74 86 
SCL #err deg : 290 / 1100
SCL #err weighted degeneracy : 258 258 260 278 285 298 
degeneracy helps : 76 77 86 85 87 86 
degeneracy worse : 46 46 56 73 82 94 
SCL #err deg : 319 / 1200
SCL #err weighted degeneracy : 285 285 286 305 313 326 
degeneracy helps : 82 83 93 93 96 95 
degeneracy worse : 50 50 60 79 90 102 
SCL #err deg : 354 / 1300
SCL #err weighted degeneracy : 318 318 322 343 351 365 
degeneracy helps : 89 90 100 101 105 103 
degeneracy worse : 55 55 68 90 102 114 
SCL #err deg : 380 / 1400
SCL #err weighted degeneracy : 340 340 344 365 373 388 
degeneracy helps : 97 98 108 109 113 110 
degeneracy worse : 59 59 72 94 106 118 
SCL #err deg : 402 / 1500
SCL #err weighted degeneracy : 358 358 365 390 398 413 
degeneracy helps : 105 106 115 116 120 118 
degeneracy worse : 63 63 78 104 116 129 
SCL #err deg : 429 / 1600
SCL #err weighted degeneracy : 382 382 389 418 428 445 
degeneracy helps : 112 113 122 123 127 124 
degeneracy worse : 67 67 82 112 126 140 
SCL #err deg : 454 / 1700
SCL #err weighted degeneracy : 409 409 415 446 455 475 
degeneracy helps : 120 121 131 131 135 130 
degeneracy worse : 77 77 92 123 136 151 
SCL #err deg : 480 / 1800
SCL #err weighted degeneracy : 424 424 431 465 476 498 
degeneracy helps : 135 136 146 144 147 142 
degeneracy worse : 81 81 97 129 143 160 
SCL #err deg : 504 / 1900
SCL #err weighted degeneracy : 441 442 451 484 496 515 
degeneracy helps : 145 145 155 155 157 154 
degeneracy worse : 84 84 102 135 149 165 
SCL #err deg : 528 / 2000
SCL #err weighted degeneracy : 465 466 475 508 520 539 
degeneracy helps : 153 153 163 164 166 163 
degeneracy worse : 92 92 110 144 158 174 
SCL #err deg : 550 / 2100
SCL #err weighted degeneracy : 491 492 500 535 549 569 
degeneracy helps : 156 156 167 168 170 167 
degeneracy worse : 99 99 117 153 169 186 
SCL #err deg : 578 / 2200
SCL #err weighted degeneracy : 518 519 526 561 575 597 
degeneracy helps : 165 165 177 179 181 177 
degeneracy worse : 107 107 125 162 178 196 
SCL #err deg : 600 / 2300
SCL #err weighted degeneracy : 542 543 551 586 601 623 
degeneracy helps : 170 170 182 185 187 184 
degeneracy worse : 114 114 133 171 188 207 
SCL #err deg : 623 / 2400
SCL #err weighted degeneracy : 562 563 574 611 628 651 
degeneracy helps : 177 177 189 193 195 192 
degeneracy worse : 118 118 140 181 200 220 
SCL #err deg : 655 / 2500
SCL #err weighted degeneracy : 589 590 604 642 658 684 
degeneracy helps : 188 188 199 202 206 203 
degeneracy worse : 124 124 148 189 209 232 
SCL #err deg : 684 / 2600
SCL #err weighted degeneracy : 623 624 638 672 689 719 
degeneracy helps : 194 194 206 209 213 207 
degeneracy worse : 135 135 160 197 218 242 
SCL #err deg : 710 / 2700
SCL #err weighted degeneracy : 649 650 664 699 717 749 
degeneracy helps : 202 202 214 217 221 214 
degeneracy worse : 143 143 168 206 228 253 
SCL #err deg : 735 / 2800
SCL #err weighted degeneracy : 667 668 682 717 736 767 
degeneracy helps : 213 213 226 230 234 228 
degeneracy worse : 147 147 173 212 235 260 
SCL #err deg : 761 / 2900
SCL #err weighted degeneracy : 689 690 709 745 765 793 
degeneracy helps : 221 221 234 237 240 237 
degeneracy worse : 151 151 182 221 244 269 
SCL #err deg : 792 / 3000
SCL #err weighted degeneracy : 717 718 736 773 795 825 
degeneracy helps : 227 227 241 244 247 245 
degeneracy worse : 154 154 185 225 250 278 
SCL #err deg : 817 / 3100
SCL #err weighted degeneracy : 741 742 763 802 827 857 
degeneracy helps : 233 233 246 250 253 251 
degeneracy worse : 159 159 192 235 263 291 
SCL #err deg : 840 / 3200
SCL #err weighted degeneracy : 757 758 782 827 853 883 
degeneracy helps : 242 242 253 255 257 255 
degeneracy worse : 161 161 195 242 270 298 
SCL #err deg : 862 / 3300
SCL #err weighted degeneracy : 776 777 805 851 878 910 
degeneracy helps : 248 247 257 258 259 257 
degeneracy worse : 164 164 200 247 275 305 
SCL #err deg : 892 / 3400
SCL #err weighted degeneracy : 803 804 832 879 905 938 
degeneracy helps : 256 255 266 266 267 265 
degeneracy worse : 169 169 206 253 280 311 
SCL #err deg : 922 / 3500
SCL #err weighted degeneracy : 830 831 860 907 935 969 
degeneracy helps : 265 264 275 276 277 275 
degeneracy worse : 175 175 213 261 290 322 
SCL #err deg : 944 / 3600
SCL #err weighted degeneracy : 849 850 881 929 959 994 
degeneracy helps : 270 269 280 282 283 281 
degeneracy worse : 177 177 217 267 298 331 
SCL #err deg : 968 / 3700
SCL #err weighted degeneracy : 868 869 901 949 979 1013 
degeneracy helps : 279 278 289 292 294 293 
degeneracy worse : 181 181 222 273 305 338 
SCL #err deg : 991 / 3800
SCL #err weighted degeneracy : 883 884 919 968 997 1032 
degeneracy helps : 290 289 300 303 306 305 
degeneracy worse : 184 184 228 280 312 346 
SCL #err deg : 1015 / 3900
SCL #err weighted degeneracy : 906 907 941 991 1021 1055 
degeneracy helps : 296 295 307 310 313 314 
degeneracy worse : 189 189 233 286 319 354 
SCL #err deg : 1045 / 4000
SCL #err weighted degeneracy : 927 928 962 1015 1044 1080 
degeneracy helps : 308 307 319 321 325 325 
degeneracy worse : 192 192 236 291 324 360 
SCL #err deg : 1073 / 4100
SCL #err weighted degeneracy : 956 957 991 1044 1074 1112 
degeneracy helps : 315 314 326 328 331 331 
degeneracy worse : 200 200 244 299 332 370 
SCL #err deg : 1101 / 4200
SCL #err weighted degeneracy : 977 978 1014 1068 1101 1138 
degeneracy helps : 324 323 335 339 340 341 
degeneracy worse : 202 202 248 306 340 378 
SCL #err deg : 1133 / 4300
SCL #err weighted degeneracy : 1012 1013 1049 1103 1136 1173 
degeneracy helps : 331 330 344 348 350 352 
degeneracy worse : 212 212 260 318 353 392 
SCL #err deg : 1161 / 4400
SCL #err weighted degeneracy : 1036 1037 1075 1135 1169 1208 
degeneracy helps : 340 339 352 354 355 357 
degeneracy worse : 217 217 266 328 363 404 
SCL #err deg : 1192 / 4500
SCL #err weighted degeneracy : 1068 1069 1106 1161 1196 1238 
degeneracy helps : 346 345 358 364 365 367 
degeneracy worse : 224 224 272 333 369 413 
SCL #err deg : 1222 / 4600
SCL #err weighted degeneracy : 1091 1092 1127 1184 1221 1265 
degeneracy helps : 354 353 368 374 374 376 
degeneracy worse : 225 225 273 336 373 419 
SCL #err deg : 1244 / 4700
SCL #err weighted degeneracy : 1117 1118 1152 1209 1246 1288 
degeneracy helps : 356 355 372 379 379 382 
degeneracy worse : 231 231 280 344 381 426 
SCL #err deg : 1274 / 4800
SCL #err weighted degeneracy : 1145 1146 1180 1236 1276 1318 
degeneracy helps : 365 364 382 389 388 393 
degeneracy worse : 238 238 288 351 390 437 
SCL #err deg : 1301 / 4900
SCL #err weighted degeneracy : 1165 1166 1202 1260 1301 1346 
degeneracy helps : 375 374 390 397 395 400 
degeneracy worse : 241 241 291 356 395 445 
SCL #err deg : 1330 / 5000
SCL #err weighted degeneracy : 1189 1190 1225 1284 1327 1374 
degeneracy helps : 386 385 402 408 404 409 
degeneracy worse : 247 247 297 362 401 453 
SCL #err deg : 1362 / 5100
SCL #err weighted degeneracy : 1219 1220 1254 1313 1359 1408 
degeneracy helps : 393 392 410 418 414 418 
degeneracy worse : 252 252 302 369 411 464 
SCL #err deg : 1387 / 5200
SCL #err weighted degeneracy : 1240 1241 1277 1339 1385 1436 
degeneracy helps : 402 401 418 426 422 426 
degeneracy worse : 257 257 308 378 420 475 
SCL #err deg : 1417 / 5300
SCL #err weighted degeneracy : 1265 1266 1301 1366 1413 1466 
degeneracy helps : 414 413 431 438 433 437 
degeneracy worse : 264 264 315 387 429 486 
SCL #err deg : 1444 / 5400
SCL #err weighted degeneracy : 1283 1284 1318 1386 1435 1490 
degeneracy helps : 427 426 445 451 447 450 
degeneracy worse : 268 268 319 393 438 496 
SCL #err deg : 1463 / 5500
SCL #err weighted degeneracy : 1305 1306 1341 1410 1460 1516 
degeneracy helps : 433 432 450 456 452 456 
degeneracy worse : 277 277 328 403 449 509 
SCL #err deg : 1495 / 5600
SCL #err weighted degeneracy : 1334 1335 1373 1442 1493 1549 
degeneracy helps : 443 442 457 465 461 464 
degeneracy worse : 284 284 335 412 459 518 
SCL #err deg : 1522 / 5700
SCL #err weighted degeneracy : 1359 1360 1396 1466 1521 1576 
degeneracy helps : 452 451 467 475 471 475 
degeneracy worse : 291 291 341 419 470 529 
SCL #err deg : 1547 / 5800
SCL #err weighted degeneracy : 1386 1387 1425 1494 1551 1608 
degeneracy helps : 458 457 475 485 480 483 
degeneracy worse : 299 299 353 432 484 544 
SCL #err deg : 1572 / 5900
SCL #err weighted degeneracy : 1406 1407 1447 1518 1574 1634 
degeneracy helps : 467 466 484 494 490 492 
degeneracy worse : 303 303 359 440 492 554 
SCL #err deg : 1600 / 6000
SCL #err weighted degeneracy : 1429 1430 1470 1540 1597 1661 
degeneracy helps : 474 473 492 504 500 501 
degeneracy worse : 305 305 362 444 497 562 
SCL #err deg : 1626 / 6100
SCL #err weighted degeneracy : 1454 1455 1493 1562 1620 1683 
degeneracy helps : 480 479 499 512 507 509 
degeneracy worse : 310 310 366 448 501 566 
SCL #err deg : 1652 / 6200
SCL #err weighted degeneracy : 1476 1477 1514 1587 1647 1711 
degeneracy helps : 491 490 510 522 517 518 
degeneracy worse : 317 317 372 457 512 577 
SCL #err deg : 1672 / 6300
SCL #err weighted degeneracy : 1497 1498 1534 1608 1670 1736 
degeneracy helps : 496 495 516 528 523 523 
degeneracy worse : 323 323 378 464 521 587 
SCL #err deg : 1692 / 6400
SCL #err weighted degeneracy : 1519 1520 1557 1632 1695 1760 
degeneracy helps : 501 500 521 534 529 530 
degeneracy worse : 330 330 386 474 532 598 
SCL #err deg : 1723 / 6500
SCL #err weighted degeneracy : 1542 1543 1582 1659 1721 1788 
degeneracy helps : 513 512 532 545 541 542 
degeneracy worse : 334 334 391 481 539 607 
SCL #err deg : 1748 / 6600
SCL #err weighted degeneracy : 1560 1561 1604 1686 1750 1816 
degeneracy helps : 522 521 538 551 547 550 
degeneracy worse : 336 336 394 489 549 618 
SCL #err deg : 1776 / 6700
SCL #err weighted degeneracy : 1586 1587 1631 1715 1778 1844 
degeneracy helps : 530 529 546 559 557 560 
degeneracy worse : 342 342 401 498 559 628 
SCL #err deg : 1813 / 6800
SCL #err weighted degeneracy : 1618 1619 1666 1747 1811 1876 
degeneracy helps : 540 539 555 570 567 571 
degeneracy worse : 347 347 408 504 565 634 
SCL #err deg : 1844 / 6900
SCL #err weighted degeneracy : 1643 1644 1689 1771 1836 1902 
degeneracy helps : 548 547 565 580 577 581 
degeneracy worse : 349 349 410 507 569 639 
SCL #err deg : 1868 / 7000
SCL #err weighted degeneracy : 1662 1663 1708 1791 1858 1925 
degeneracy helps : 557 556 573 589 586 590 
degeneracy worse : 353 353 413 512 576 647 
SCL #err deg : 1888 / 7100
SCL #err weighted degeneracy : 1681 1682 1730 1815 1884 1952 
degeneracy helps : 562 561 577 594 590 594 
degeneracy worse : 357 357 419 521 586 658 
SCL #err deg : 1910 / 7200
SCL #err weighted degeneracy : 1696 1697 1745 1833 1904 1973 
degeneracy helps : 571 570 586 603 599 602 
degeneracy worse : 359 359 421 526 593 665 
SCL #err deg : 1932 / 7300
SCL #err weighted degeneracy : 1718 1719 1768 1858 1931 1999 
degeneracy helps : 574 573 589 608 603 606 
degeneracy worse : 362 362 425 534 602 673 
SCL #err deg : 1961 / 7400
SCL #err weighted degeneracy : 1746 1747 1797 1886 1959 2027 
degeneracy helps : 581 580 596 616 611 614 
degeneracy worse : 368 368 432 541 609 680 
SCL #err deg : 1990 / 7500
SCL #err weighted degeneracy : 1775 1776 1824 1915 1990 2058 
degeneracy helps : 587 586 605 625 621 625 
degeneracy worse : 374 374 439 550 621 693 
SCL #err deg : 2016 / 7600
SCL #err weighted degeneracy : 1802 1803 1850 1941 2016 2087 
degeneracy helps : 591 590 610 630 627 631 
degeneracy worse : 379 379 444 555 627 702 
SCL #err deg : 2046 / 7700
SCL #err weighted degeneracy : 1830 1831 1878 1966 2041 2115 
degeneracy helps : 598 597 618 641 638 641 
degeneracy worse : 384 384 450 561 633 710 
SCL #err deg : 2074 / 7800
SCL #err weighted degeneracy : 1848 1849 1899 1988 2064 2141 
degeneracy helps : 610 609 629 653 650 652 
degeneracy worse : 386 386 454 567 640 719 
SCL #err deg : 2103 / 7900
SCL #err weighted degeneracy : 1870 1871 1921 2012 2088 2167 
degeneracy helps : 620 619 639 663 661 662 
degeneracy worse : 389 389 457 572 646 726 
SCL #err deg : 2127 / 8000
SCL #err weighted degeneracy : 1891 1892 1942 2034 2110 2191 
degeneracy helps : 626 625 646 672 670 671 
degeneracy worse : 392 392 461 579 653 735 
SCL #err deg : 2163 / 8100
SCL #err weighted degeneracy : 1918 1919 1968 2061 2138 2221 
degeneracy helps : 638 637 658 684 682 682 
degeneracy worse : 395 395 463 582 657 740 
SCL #err deg : 2184 / 8200
SCL #err weighted degeneracy : 1937 1938 1987 2081 2160 2245 
degeneracy helps : 645 644 666 693 689 689 
degeneracy worse : 400 400 469 590 665 750 
SCL #err deg : 2214 / 8300
SCL #err weighted degeneracy : 1963 1964 2015 2110 2189 2275 
degeneracy helps : 651 650 672 699 694 694 
degeneracy worse : 402 402 473 595 669 755 
SCL #err deg : 2240 / 8400
SCL #err weighted degeneracy : 1982 1982 2034 2128 2209 2296 
degeneracy helps : 662 661 684 711 706 705 
degeneracy worse : 406 405 478 599 675 761 
SCL #err deg : 2259 / 8500
SCL #err weighted degeneracy : 1998 1998 2051 2147 2228 2315 
degeneracy helps : 668 667 690 717 712 712 
degeneracy worse : 409 408 482 605 681 768 
SCL #err deg : 2292 / 8600
SCL #err weighted degeneracy : 2023 2023 2078 2177 2258 2346 
degeneracy helps : 681 680 702 728 724 723 
degeneracy worse : 414 413 488 613 690 777 
SCL #err deg : 2315 / 8700
SCL #err weighted degeneracy : 2046 2046 2104 2207 2290 2378 
degeneracy helps : 686 685 708 733 728 727 
degeneracy worse : 419 418 497 625 703 790 
SCL #err deg : 2341 / 8800
SCL #err weighted degeneracy : 2073 2073 2131 2237 2319 2407 
degeneracy helps : 690 689 713 737 733 731 
degeneracy worse : 424 423 503 633 711 797 
SCL #err deg : 2366 / 8900
SCL #err weighted degeneracy : 2095 2095 2154 2264 2347 2438 
degeneracy helps : 698 697 721 744 739 736 
degeneracy worse : 429 428 509 642 720 808 
SCL #err deg : 2393 / 9000
SCL #err weighted degeneracy : 2119 2119 2178 2288 2371 2464 
degeneracy helps : 707 706 729 752 747 743 
degeneracy worse : 435 434 514 647 725 814 
SCL #err deg : 2415 / 9100
SCL #err weighted degeneracy : 2134 2134 2194 2305 2388 2484 
degeneracy helps : 716 715 739 763 760 755 
degeneracy worse : 437 436 518 653 733 824 
SCL #err deg : 2440 / 9200
SCL #err weighted degeneracy : 2155 2155 2215 2326 2411 2508 
degeneracy helps : 723 722 748 774 771 767 
degeneracy worse : 440 439 523 660 742 835 
SCL #err deg : 2461 / 9300
SCL #err weighted degeneracy : 2173 2173 2232 2345 2434 2531 
degeneracy helps : 730 729 756 782 779 775 
degeneracy worse : 444 443 527 666 752 845 
SCL #err deg : 2486 / 9400
SCL #err weighted degeneracy : 2190 2190 2253 2366 2457 2555 
degeneracy helps : 741 740 766 793 788 784 
degeneracy worse : 447 446 533 673 759 853 
SCL #err deg : 2516 / 9500
SCL #err weighted degeneracy : 2221 2221 2284 2398 2487 2584 
degeneracy helps : 748 747 773 799 796 792 
degeneracy worse : 455 454 541 681 767 860 
SCL #err deg : 2544 / 9600
SCL #err weighted degeneracy : 2242 2242 2308 2424 2513 2611 
degeneracy helps : 760 759 782 807 805 801 
degeneracy worse : 460 459 546 687 774 868 
SCL #err deg : 2571 / 9700
SCL #err weighted degeneracy : 2265 2265 2331 2446 2534 2634 
degeneracy helps : 768 767 790 816 815 810 
degeneracy worse : 464 463 550 691 778 873 
SCL #err deg : 2596 / 9800
SCL #err weighted degeneracy : 2290 2290 2354 2471 2560 2664 
degeneracy helps : 773 772 797 823 822 817 
degeneracy worse : 469 468 555 698 786 885 
SCL #err deg : 2630 / 9900
SCL #err weighted degeneracy : 2314 2315 2381 2497 2585 2688 
degeneracy helps : 786 784 808 835 835 831 
degeneracy worse : 472 471 559 702 790 889 
SCL #err deg : 2656 / 10000
SCL #err weighted degeneracy : 2340 2341 2408 2526 2614 2716 
degeneracy helps : 789 787 811 838 840 836 
degeneracy worse : 475 474 563 708 798 896 
average #flips: 26.4087
SCL #err considering degeneracy: 2656
error due to equal 901
error due to SCL smaller 1755
Finish in 2293 s
