Simulation Polar syndrome FASTER N=1024, K=513, l=128, pz=0.109, #samples=10000, seed=943
PW construction
Event generator random seed: 943
SCL #err deg : 38 / 100
SCL #err weighted degeneracy : 35 35 33 33 34 34 
degeneracy helps : 5 5 6 6 6 6 
degeneracy worse : 2 2 1 1 2 2 
SCL #err deg : 77 / 200
SCL #err weighted degeneracy : 74 75 73 73 74 74 
degeneracy helps : 9 8 10 11 12 12 
degeneracy worse : 6 6 6 7 9 9 
SCL #err deg : 111 / 300
SCL #err weighted degeneracy : 107 108 107 106 107 106 
degeneracy helps : 14 13 15 17 18 18 
degeneracy worse : 10 10 11 12 14 13 
SCL #err deg : 146 / 400
SCL #err weighted degeneracy : 145 146 144 146 147 145 
degeneracy helps : 18 17 19 20 21 22 
degeneracy worse : 17 17 17 20 22 21 
SCL #err deg : 188 / 500
SCL #err weighted degeneracy : 186 187 182 182 182 180 
degeneracy helps : 24 23 27 30 32 33 
degeneracy worse : 22 22 21 24 26 25 
SCL #err deg : 219 / 600
SCL #err weighted degeneracy : 219 220 214 213 214 212 
degeneracy helps : 26 25 30 34 35 36 
degeneracy worse : 26 26 25 28 30 29 
SCL #err deg : 249 / 700
SCL #err weighted degeneracy : 249 249 243 244 245 244 
degeneracy helps : 29 28 35 39 40 41 
degeneracy worse : 29 28 29 34 36 36 
SCL #err deg : 272 / 800
SCL #err weighted degeneracy : 269 269 263 263 265 265 
degeneracy helps : 34 33 40 46 46 47 
degeneracy worse : 31 30 31 37 39 40 
SCL #err deg : 307 / 900
SCL #err weighted degeneracy : 301 301 295 296 298 297 
degeneracy helps : 39 38 46 52 52 53 
degeneracy worse : 33 32 34 41 43 43 
SCL #err deg : 336 / 1000
SCL #err weighted degeneracy : 333 333 327 327 330 329 
degeneracy helps : 40 39 47 54 54 55 
degeneracy worse : 37 36 38 45 48 48 
SCL #err deg : 366 / 1100
SCL #err weighted degeneracy : 364 364 360 360 364 364 
degeneracy helps : 43 42 49 56 56 57 
degeneracy worse : 41 40 43 50 54 55 
SCL #err deg : 397 / 1200
SCL #err weighted degeneracy : 398 398 395 395 400 397 
degeneracy helps : 47 46 52 60 60 64 
degeneracy worse : 48 47 50 58 63 64 
SCL #err deg : 427 / 1300
SCL #err weighted degeneracy : 429 429 425 425 429 426 
degeneracy helps : 51 50 57 66 66 70 
degeneracy worse : 53 52 55 64 68 69 
SCL #err deg : 460 / 1400
SCL #err weighted degeneracy : 459 459 453 455 459 456 
degeneracy helps : 59 58 65 72 72 76 
degeneracy worse : 58 57 58 67 71 72 
SCL #err deg : 492 / 1500
SCL #err weighted degeneracy : 496 496 488 488 492 489 
degeneracy helps : 61 60 69 78 78 82 
degeneracy worse : 65 64 65 74 78 79 
SCL #err deg : 521 / 1600
SCL #err weighted degeneracy : 523 523 513 515 520 518 
degeneracy helps : 65 64 75 84 84 87 
degeneracy worse : 67 66 67 78 83 84 
SCL #err deg : 550 / 1700
SCL #err weighted degeneracy : 554 554 541 543 549 547 
degeneracy helps : 66 65 79 90 89 92 
degeneracy worse : 70 69 70 83 88 89 
SCL #err deg : 581 / 1800
SCL #err weighted degeneracy : 584 584 571 575 581 579 
degeneracy helps : 72 71 86 96 95 99 
degeneracy worse : 75 74 76 90 95 97 
SCL #err deg : 607 / 1900
SCL #err weighted degeneracy : 612 612 601 606 612 611 
degeneracy helps : 76 75 90 100 99 103 
degeneracy worse : 81 80 84 99 104 107 
SCL #err deg : 640 / 2000
SCL #err weighted degeneracy : 650 651 637 641 647 646 
degeneracy helps : 81 79 98 108 107 110 
degeneracy worse : 91 90 95 109 114 116 
SCL #err deg : 672 / 2100
SCL #err weighted degeneracy : 679 680 666 671 677 676 
degeneracy helps : 89 87 106 116 115 118 
degeneracy worse : 96 95 100 115 120 122 
SCL #err deg : 714 / 2200
SCL #err weighted degeneracy : 715 716 703 707 713 712 
degeneracy helps : 97 95 113 124 124 127 
degeneracy worse : 98 97 102 117 123 125 
SCL #err deg : 746 / 2300
SCL #err weighted degeneracy : 745 746 733 735 741 741 
degeneracy helps : 102 100 119 131 132 135 
degeneracy worse : 101 100 106 120 127 130 
SCL #err deg : 778 / 2400
SCL #err weighted degeneracy : 779 779 764 767 774 772 
degeneracy helps : 105 103 123 135 136 141 
degeneracy worse : 106 104 109 124 132 135 
SCL #err deg : 807 / 2500
SCL #err weighted degeneracy : 806 806 790 794 802 800 
degeneracy helps : 110 108 129 141 142 147 
degeneracy worse : 109 107 112 128 137 140 
SCL #err deg : 847 / 2600
SCL #err weighted degeneracy : 846 846 828 832 841 839 
degeneracy helps : 113 111 133 145 146 151 
degeneracy worse : 112 110 114 130 140 143 
SCL #err deg : 877 / 2700
SCL #err weighted degeneracy : 874 874 857 859 868 866 
degeneracy helps : 117 115 137 150 151 156 
degeneracy worse : 114 112 117 132 142 145 
SCL #err deg : 915 / 2800
SCL #err weighted degeneracy : 910 911 894 895 904 901 
degeneracy helps : 124 121 144 158 159 165 
degeneracy worse : 119 117 123 138 148 151 
SCL #err deg : 952 / 2900
SCL #err weighted degeneracy : 945 946 927 928 937 935 
degeneracy helps : 128 125 150 166 167 173 
degeneracy worse : 121 119 125 142 152 156 
SCL #err deg : 981 / 3000
SCL #err weighted degeneracy : 972 973 955 956 966 964 
degeneracy helps : 132 129 154 170 171 177 
degeneracy worse : 123 121 128 145 156 160 
SCL #err deg : 1009 / 3100
SCL #err weighted degeneracy : 998 999 980 980 991 990 
degeneracy helps : 136 133 159 176 177 183 
degeneracy worse : 125 123 130 147 159 164 
SCL #err deg : 1035 / 3200
SCL #err weighted degeneracy : 1025 1026 1007 1008 1020 1019 
degeneracy helps : 138 135 162 179 180 186 
degeneracy worse : 128 126 134 152 165 170 
SCL #err deg : 1081 / 3300
SCL #err weighted degeneracy : 1064 1065 1044 1045 1057 1057 
degeneracy helps : 146 143 171 188 189 195 
degeneracy worse : 129 127 134 152 165 171 
SCL #err deg : 1116 / 3400
SCL #err weighted degeneracy : 1093 1094 1074 1075 1087 1087 
degeneracy helps : 152 149 176 193 194 200 
degeneracy worse : 129 127 134 152 165 171 
SCL #err deg : 1148 / 3500
SCL #err weighted degeneracy : 1126 1127 1108 1109 1122 1122 
degeneracy helps : 156 153 180 197 198 204 
degeneracy worse : 134 132 140 158 172 178 
SCL #err deg : 1187 / 3600
SCL #err weighted degeneracy : 1158 1160 1144 1147 1159 1159 
degeneracy helps : 164 160 188 205 207 213 
degeneracy worse : 135 133 145 165 179 185 
SCL #err deg : 1223 / 3700
SCL #err weighted degeneracy : 1190 1192 1173 1175 1187 1187 
degeneracy helps : 171 167 198 216 218 224 
degeneracy worse : 138 136 148 168 182 188 
SCL #err deg : 1258 / 3800
SCL #err weighted degeneracy : 1226 1228 1210 1213 1225 1223 
degeneracy helps : 177 173 205 223 225 232 
degeneracy worse : 145 143 157 178 192 197 
SCL #err deg : 1287 / 3900
SCL #err weighted degeneracy : 1256 1257 1240 1242 1254 1252 
degeneracy helps : 180 176 210 229 231 238 
degeneracy worse : 149 146 163 184 198 203 
SCL #err deg : 1321 / 4000
SCL #err weighted degeneracy : 1283 1284 1264 1266 1278 1277 
degeneracy helps : 189 185 222 241 243 250 
degeneracy worse : 151 148 165 186 200 206 
SCL #err deg : 1354 / 4100
SCL #err weighted degeneracy : 1317 1319 1295 1299 1311 1310 
degeneracy helps : 193 188 228 247 249 256 
degeneracy worse : 156 153 169 192 206 212 
SCL #err deg : 1394 / 4200
SCL #err weighted degeneracy : 1358 1360 1337 1339 1351 1350 
degeneracy helps : 196 191 231 252 254 261 
degeneracy worse : 160 157 174 197 211 217 
SCL #err deg : 1428 / 4300
SCL #err weighted degeneracy : 1389 1392 1368 1371 1383 1380 
degeneracy helps : 202 196 237 257 259 268 
degeneracy worse : 163 160 177 200 214 220 
SCL #err deg : 1468 / 4400
SCL #err weighted degeneracy : 1430 1433 1409 1412 1424 1421 
degeneracy helps : 204 198 240 261 264 273 
degeneracy worse : 166 163 181 205 220 226 
SCL #err deg : 1504 / 4500
SCL #err weighted degeneracy : 1459 1462 1435 1438 1451 1448 
degeneracy helps : 215 209 254 275 278 287 
degeneracy worse : 170 167 185 209 225 231 
SCL #err deg : 1531 / 4600
SCL #err weighted degeneracy : 1488 1491 1466 1468 1481 1478 
degeneracy helps : 218 212 255 277 280 289 
degeneracy worse : 175 172 190 214 230 236 
SCL #err deg : 1569 / 4700
SCL #err weighted degeneracy : 1521 1524 1502 1505 1519 1516 
degeneracy helps : 226 220 262 284 286 295 
degeneracy worse : 178 175 195 220 236 242 
SCL #err deg : 1609 / 4800
SCL #err weighted degeneracy : 1560 1563 1538 1541 1556 1553 
degeneracy helps : 231 225 270 293 295 303 
degeneracy worse : 182 179 199 225 242 247 
SCL #err deg : 1629 / 4900
SCL #err weighted degeneracy : 1583 1586 1561 1565 1580 1577 
degeneracy helps : 235 229 274 297 299 307 
degeneracy worse : 189 186 206 233 250 255 
SCL #err deg : 1668 / 5000
SCL #err weighted degeneracy : 1625 1628 1606 1609 1624 1619 
degeneracy helps : 240 234 279 303 305 314 
degeneracy worse : 197 194 217 244 261 265 
SCL #err deg : 1707 / 5100
SCL #err weighted degeneracy : 1663 1666 1645 1646 1661 1657 
degeneracy helps : 245 239 283 309 311 320 
degeneracy worse : 201 198 221 248 265 270 
SCL #err deg : 1738 / 5200
SCL #err weighted degeneracy : 1693 1696 1674 1676 1690 1687 
degeneracy helps : 251 245 290 315 317 326 
degeneracy worse : 206 203 226 253 269 275 
SCL #err deg : 1774 / 5300
SCL #err weighted degeneracy : 1724 1727 1707 1710 1725 1722 
degeneracy helps : 256 250 295 321 323 332 
degeneracy worse : 206 203 228 257 274 280 
SCL #err deg : 1810 / 5400
SCL #err weighted degeneracy : 1756 1759 1737 1740 1755 1751 
degeneracy helps : 261 255 302 329 331 341 
degeneracy worse : 207 204 229 259 276 282 
SCL #err deg : 1842 / 5500
SCL #err weighted degeneracy : 1787 1790 1768 1768 1782 1779 
degeneracy helps : 266 260 307 337 340 349 
degeneracy worse : 211 208 233 263 280 286 
SCL #err deg : 1872 / 5600
SCL #err weighted degeneracy : 1820 1823 1801 1800 1815 1810 
degeneracy helps : 271 265 312 343 344 355 
degeneracy worse : 219 216 241 271 287 293 
SCL #err deg : 1906 / 5700
SCL #err weighted degeneracy : 1852 1855 1833 1832 1846 1839 
degeneracy helps : 278 272 320 351 353 366 
degeneracy worse : 224 221 247 277 293 299 
SCL #err deg : 1946 / 5800
SCL #err weighted degeneracy : 1888 1891 1869 1869 1883 1876 
degeneracy helps : 285 279 328 358 360 373 
degeneracy worse : 227 224 251 281 297 303 
SCL #err deg : 1978 / 5900
SCL #err weighted degeneracy : 1918 1921 1896 1897 1909 1903 
degeneracy helps : 289 283 335 365 368 381 
degeneracy worse : 229 226 253 284 299 306 
SCL #err deg : 2013 / 6000
SCL #err weighted degeneracy : 1950 1953 1928 1928 1941 1935 
degeneracy helps : 295 289 341 371 374 387 
degeneracy worse : 232 229 256 286 302 309 
SCL #err deg : 2049 / 6100
SCL #err weighted degeneracy : 1982 1985 1962 1965 1978 1972 
degeneracy helps : 303 297 350 378 381 394 
degeneracy worse : 236 233 263 294 310 317 
SCL #err deg : 2085 / 6200
SCL #err weighted degeneracy : 2016 2019 1996 1999 2012 2007 
degeneracy helps : 308 302 355 383 386 399 
degeneracy worse : 239 236 266 297 313 321 
SCL #err deg : 2125 / 6300
SCL #err weighted degeneracy : 2055 2058 2039 2042 2055 2052 
degeneracy helps : 314 308 361 391 394 405 
degeneracy worse : 244 241 275 308 324 332 
SCL #err deg : 2162 / 6400
SCL #err weighted degeneracy : 2091 2094 2074 2078 2090 2086 
degeneracy helps : 320 314 368 398 402 413 
degeneracy worse : 249 246 280 314 330 337 
SCL #err deg : 2194 / 6500
SCL #err weighted degeneracy : 2123 2126 2107 2107 2120 2116 
degeneracy helps : 324 318 371 404 408 419 
degeneracy worse : 253 250 284 317 334 341 
SCL #err deg : 2226 / 6600
SCL #err weighted degeneracy : 2155 2158 2139 2138 2152 2148 
degeneracy helps : 328 322 375 409 413 424 
degeneracy worse : 257 254 288 321 339 346 
SCL #err deg : 2260 / 6700
SCL #err weighted degeneracy : 2187 2190 2172 2170 2184 2180 
degeneracy helps : 333 327 380 415 419 430 
degeneracy worse : 260 257 292 325 343 350 
SCL #err deg : 2292 / 6800
SCL #err weighted degeneracy : 2218 2221 2204 2204 2217 2213 
degeneracy helps : 336 330 382 417 422 433 
degeneracy worse : 262 259 294 329 347 354 
SCL #err deg : 2327 / 6900
SCL #err weighted degeneracy : 2253 2256 2237 2237 2248 2244 
degeneracy helps : 342 336 389 424 430 441 
degeneracy worse : 268 265 299 334 351 358 
SCL #err deg : 2370 / 7000
SCL #err weighted degeneracy : 2290 2294 2273 2273 2284 2279 
degeneracy helps : 351 344 399 434 440 452 
degeneracy worse : 271 268 302 337 354 361 
SCL #err deg : 2396 / 7100
SCL #err weighted degeneracy : 2315 2319 2297 2297 2308 2303 
degeneracy helps : 355 348 405 440 446 458 
degeneracy worse : 274 271 306 341 358 365 
SCL #err deg : 2436 / 7200
SCL #err weighted degeneracy : 2350 2353 2331 2331 2344 2338 
degeneracy helps : 364 357 415 450 455 467 
degeneracy worse : 278 274 310 345 363 369 
SCL #err deg : 2467 / 7300
SCL #err weighted degeneracy : 2379 2382 2358 2357 2370 2364 
degeneracy helps : 370 363 424 460 465 477 
degeneracy worse : 282 278 315 350 368 374 
SCL #err deg : 2496 / 7400
SCL #err weighted degeneracy : 2411 2414 2391 2390 2402 2395 
degeneracy helps : 372 365 426 462 468 481 
degeneracy worse : 287 283 321 356 374 380 
SCL #err deg : 2535 / 7500
SCL #err weighted degeneracy : 2447 2450 2426 2425 2436 2429 
degeneracy helps : 378 371 434 470 477 491 
degeneracy worse : 290 286 325 360 378 385 
SCL #err deg : 2572 / 7600
SCL #err weighted degeneracy : 2480 2483 2460 2458 2469 2461 
degeneracy helps : 385 378 441 478 485 500 
degeneracy worse : 293 289 329 364 382 389 
SCL #err deg : 2595 / 7700
SCL #err weighted degeneracy : 2504 2507 2484 2483 2494 2486 
degeneracy helps : 387 380 443 480 487 502 
degeneracy worse : 296 292 332 368 386 393 
SCL #err deg : 2627 / 7800
SCL #err weighted degeneracy : 2533 2536 2513 2512 2524 2516 
degeneracy helps : 391 384 449 486 493 508 
degeneracy worse : 297 293 335 371 390 397 
SCL #err deg : 2657 / 7900
SCL #err weighted degeneracy : 2562 2565 2543 2543 2555 2547 
degeneracy helps : 398 391 456 492 499 514 
degeneracy worse : 303 299 342 378 397 404 
SCL #err deg : 2690 / 8000
SCL #err weighted degeneracy : 2599 2602 2578 2578 2591 2584 
degeneracy helps : 401 394 461 497 504 519 
degeneracy worse : 310 306 349 385 405 413 
SCL #err deg : 2714 / 8100
SCL #err weighted degeneracy : 2625 2628 2603 2603 2615 2609 
degeneracy helps : 406 399 467 503 510 525 
degeneracy worse : 317 313 356 392 411 420 
SCL #err deg : 2753 / 8200
SCL #err weighted degeneracy : 2664 2667 2641 2641 2653 2647 
degeneracy helps : 410 403 472 508 515 530 
degeneracy worse : 321 317 360 396 415 424 
SCL #err deg : 2784 / 8300
SCL #err weighted degeneracy : 2692 2695 2669 2670 2682 2676 
degeneracy helps : 415 408 479 515 523 538 
degeneracy worse : 323 319 364 401 421 430 
SCL #err deg : 2822 / 8400
SCL #err weighted degeneracy : 2732 2735 2707 2706 2717 2711 
degeneracy helps : 420 413 485 523 531 546 
degeneracy worse : 330 326 370 407 426 435 
SCL #err deg : 2853 / 8500
SCL #err weighted degeneracy : 2762 2766 2735 2733 2744 2738 
degeneracy helps : 424 416 491 530 538 553 
degeneracy worse : 333 329 373 410 429 438 
SCL #err deg : 2892 / 8600
SCL #err weighted degeneracy : 2789 2793 2762 2763 2774 2767 
degeneracy helps : 436 428 503 539 547 563 
degeneracy worse : 333 329 373 410 429 438 
SCL #err deg : 2927 / 8700
SCL #err weighted degeneracy : 2823 2827 2794 2795 2805 2798 
degeneracy helps : 441 433 510 546 554 570 
degeneracy worse : 337 333 377 414 432 441 
SCL #err deg : 2961 / 8800
SCL #err weighted degeneracy : 2859 2863 2831 2831 2841 2834 
degeneracy helps : 443 435 512 548 557 573 
degeneracy worse : 341 337 382 418 437 446 
SCL #err deg : 2995 / 8900
SCL #err weighted degeneracy : 2898 2902 2870 2870 2879 2871 
degeneracy helps : 446 438 517 553 562 578 
degeneracy worse : 349 345 392 428 446 454 
SCL #err deg : 3029 / 9000
SCL #err weighted degeneracy : 2932 2936 2902 2903 2912 2904 
degeneracy helps : 449 441 521 557 566 582 
degeneracy worse : 352 348 394 431 449 457 
SCL #err deg : 3058 / 9100
SCL #err weighted degeneracy : 2959 2963 2929 2929 2938 2930 
degeneracy helps : 453 445 525 562 571 587 
degeneracy worse : 354 350 396 433 451 459 
SCL #err deg : 3099 / 9200
SCL #err weighted degeneracy : 3000 3004 2968 2968 2977 2969 
degeneracy helps : 458 450 532 569 578 594 
degeneracy worse : 359 355 401 438 456 464 
SCL #err deg : 3135 / 9300
SCL #err weighted degeneracy : 3034 3038 3002 3002 3011 3003 
degeneracy helps : 463 455 537 575 584 600 
degeneracy worse : 362 358 404 442 460 468 
SCL #err deg : 3166 / 9400
SCL #err weighted degeneracy : 3065 3068 3032 3033 3042 3036 
degeneracy helps : 466 458 543 581 590 606 
degeneracy worse : 365 360 409 448 466 476 
SCL #err deg : 3196 / 9500
SCL #err weighted degeneracy : 3095 3098 3062 3062 3072 3065 
degeneracy helps : 469 461 547 586 594 610 
degeneracy worse : 368 363 413 452 470 479 
SCL #err deg : 3234 / 9600
SCL #err weighted degeneracy : 3133 3136 3100 3099 3110 3103 
degeneracy helps : 474 466 554 593 601 617 
degeneracy worse : 373 368 420 458 477 486 
SCL #err deg : 3274 / 9700
SCL #err weighted degeneracy : 3170 3172 3136 3134 3144 3137 
degeneracy helps : 481 473 562 601 610 627 
degeneracy worse : 377 371 424 461 480 490 
SCL #err deg : 3308 / 9800
SCL #err weighted degeneracy : 3201 3203 3167 3165 3175 3168 
degeneracy helps : 488 480 570 610 619 635 
degeneracy worse : 381 375 429 467 486 495 
SCL #err deg : 3344 / 9900
SCL #err weighted degeneracy : 3233 3235 3200 3199 3210 3203 
degeneracy helps : 496 488 578 618 626 642 
degeneracy worse : 385 379 434 473 492 501 
SCL #err deg : 3374 / 10000
SCL #err weighted degeneracy : 3263 3265 3232 3232 3243 3235 
degeneracy helps : 501 493 584 624 632 649 
degeneracy worse : 390 384 442 482 501 510 
average #flips: 111.573
SCL #err considering degeneracy: 3374
error due to equal 273
error due to SCL smaller 3060
Finish in 12150 s
