Simulation Polar syndrome FASTER N=1024, K=513, l=128, pz=0.102, #samples=10000, seed=943
PW construction
Event generator random seed: 943
SCL #err deg : 18 / 100
SCL #err weighted degeneracy : 23 23 24 22 21 23 
degeneracy helps : 2 2 1 2 2 2 
degeneracy worse : 7 7 7 6 5 7 
SCL #err deg : 48 / 200
SCL #err weighted degeneracy : 52 52 52 49 49 53 
degeneracy helps : 8 8 8 11 12 11 
degeneracy worse : 12 12 12 12 13 16 
SCL #err deg : 68 / 300
SCL #err weighted degeneracy : 66 66 68 67 67 72 
degeneracy helps : 15 15 14 15 16 15 
degeneracy worse : 13 13 14 14 15 19 
SCL #err deg : 97 / 400
SCL #err weighted degeneracy : 98 98 98 97 96 101 
degeneracy helps : 19 19 19 20 21 21 
degeneracy worse : 20 20 20 20 20 25 
SCL #err deg : 119 / 500
SCL #err weighted degeneracy : 117 117 117 116 116 121 
degeneracy helps : 22 22 22 23 24 24 
degeneracy worse : 20 20 20 20 21 26 
SCL #err deg : 137 / 600
SCL #err weighted degeneracy : 137 137 138 139 138 144 
degeneracy helps : 26 26 26 26 27 27 
degeneracy worse : 26 26 27 28 28 34 
SCL #err deg : 154 / 700
SCL #err weighted degeneracy : 157 157 158 158 159 165 
degeneracy helps : 28 28 28 29 30 30 
degeneracy worse : 31 31 32 33 35 41 
SCL #err deg : 171 / 800
SCL #err weighted degeneracy : 171 171 174 174 177 183 
degeneracy helps : 33 33 31 32 32 32 
degeneracy worse : 33 33 34 35 38 44 
SCL #err deg : 196 / 900
SCL #err weighted degeneracy : 192 192 194 194 196 203 
degeneracy helps : 39 39 38 40 40 39 
degeneracy worse : 35 35 36 38 40 46 
SCL #err deg : 210 / 1000
SCL #err weighted degeneracy : 213 213 214 212 213 219 
degeneracy helps : 41 41 40 42 42 41 
degeneracy worse : 44 44 44 44 45 50 
SCL #err deg : 236 / 1100
SCL #err weighted degeneracy : 233 233 233 233 233 240 
degeneracy helps : 49 49 49 49 50 48 
degeneracy worse : 46 46 46 46 47 52 
SCL #err deg : 256 / 1200
SCL #err weighted degeneracy : 251 251 253 254 254 261 
degeneracy helps : 55 55 55 54 55 53 
degeneracy worse : 50 50 52 52 53 58 
SCL #err deg : 274 / 1300
SCL #err weighted degeneracy : 269 269 270 271 272 278 
degeneracy helps : 58 58 59 58 59 58 
degeneracy worse : 53 53 55 55 57 62 
SCL #err deg : 289 / 1400
SCL #err weighted degeneracy : 283 283 284 287 288 295 
degeneracy helps : 61 61 62 60 61 59 
degeneracy worse : 55 55 57 58 60 65 
SCL #err deg : 312 / 1500
SCL #err weighted degeneracy : 308 308 309 312 313 321 
degeneracy helps : 64 64 65 63 64 61 
degeneracy worse : 60 60 62 63 65 70 
SCL #err deg : 340 / 1600
SCL #err weighted degeneracy : 328 328 329 331 331 339 
degeneracy helps : 75 75 76 75 77 74 
degeneracy worse : 63 63 65 66 68 73 
SCL #err deg : 357 / 1700
SCL #err weighted degeneracy : 347 347 349 351 350 358 
degeneracy helps : 78 78 79 78 81 78 
degeneracy worse : 68 68 71 72 74 79 
SCL #err deg : 377 / 1800
SCL #err weighted degeneracy : 365 365 368 367 367 375 
degeneracy helps : 86 86 87 88 89 86 
degeneracy worse : 74 74 78 78 79 84 
SCL #err deg : 393 / 1900
SCL #err weighted degeneracy : 377 377 381 381 382 392 
degeneracy helps : 92 92 92 93 94 91 
degeneracy worse : 76 76 80 81 83 90 
SCL #err deg : 412 / 2000
SCL #err weighted degeneracy : 392 392 394 395 396 406 
degeneracy helps : 97 97 98 99 100 97 
degeneracy worse : 77 77 80 82 84 91 
SCL #err deg : 432 / 2100
SCL #err weighted degeneracy : 410 410 413 415 416 428 
degeneracy helps : 101 101 103 104 105 101 
degeneracy worse : 79 79 84 87 89 97 
SCL #err deg : 458 / 2200
SCL #err weighted degeneracy : 431 431 433 436 438 451 
degeneracy helps : 109 109 110 111 111 106 
degeneracy worse : 82 82 85 89 91 99 
SCL #err deg : 472 / 2300
SCL #err weighted degeneracy : 443 443 445 447 448 462 
degeneracy helps : 113 113 114 115 116 111 
degeneracy worse : 84 84 87 90 92 101 
SCL #err deg : 491 / 2400
SCL #err weighted degeneracy : 457 457 461 464 466 481 
degeneracy helps : 119 119 119 120 120 114 
degeneracy worse : 85 85 89 93 95 104 
SCL #err deg : 507 / 2500
SCL #err weighted degeneracy : 469 469 476 478 479 494 
degeneracy helps : 126 126 125 127 127 120 
degeneracy worse : 88 88 94 98 99 107 
SCL #err deg : 533 / 2600
SCL #err weighted degeneracy : 493 494 500 505 505 520 
degeneracy helps : 131 130 131 132 133 126 
degeneracy worse : 91 91 98 104 105 113 
SCL #err deg : 555 / 2700
SCL #err weighted degeneracy : 512 513 517 523 523 538 
degeneracy helps : 135 134 138 139 140 134 
degeneracy worse : 92 92 100 107 108 117 
SCL #err deg : 580 / 2800
SCL #err weighted degeneracy : 538 539 544 549 549 563 
degeneracy helps : 138 137 140 142 143 138 
degeneracy worse : 96 96 104 111 112 121 
SCL #err deg : 598 / 2900
SCL #err weighted degeneracy : 556 557 562 568 567 581 
degeneracy helps : 142 141 144 147 149 144 
degeneracy worse : 100 100 108 117 118 127 
SCL #err deg : 623 / 3000
SCL #err weighted degeneracy : 573 574 580 588 587 601 
degeneracy helps : 151 150 152 153 155 150 
degeneracy worse : 101 101 109 118 119 128 
SCL #err deg : 638 / 3100
SCL #err weighted degeneracy : 588 589 596 604 605 620 
degeneracy helps : 152 151 153 154 155 150 
degeneracy worse : 102 102 111 120 122 132 
SCL #err deg : 652 / 3200
SCL #err weighted degeneracy : 603 604 609 616 616 629 
degeneracy helps : 154 153 157 158 160 157 
degeneracy worse : 105 105 114 122 124 134 
SCL #err deg : 680 / 3300
SCL #err weighted degeneracy : 626 627 632 639 640 653 
degeneracy helps : 161 160 165 166 167 164 
degeneracy worse : 107 107 117 125 127 137 
SCL #err deg : 710 / 3400
SCL #err weighted degeneracy : 646 647 651 659 660 673 
degeneracy helps : 173 172 177 178 179 176 
degeneracy worse : 109 109 118 127 129 139 
SCL #err deg : 737 / 3500
SCL #err weighted degeneracy : 667 668 672 680 681 696 
degeneracy helps : 180 179 184 186 187 183 
degeneracy worse : 110 110 119 129 131 142 
SCL #err deg : 764 / 3600
SCL #err weighted degeneracy : 695 696 700 708 709 724 
degeneracy helps : 183 182 187 189 190 185 
degeneracy worse : 114 114 123 133 135 145 
SCL #err deg : 789 / 3700
SCL #err weighted degeneracy : 712 713 717 727 728 744 
degeneracy helps : 192 191 197 198 199 194 
degeneracy worse : 115 115 125 136 138 149 
SCL #err deg : 804 / 3800
SCL #err weighted degeneracy : 726 727 731 741 741 757 
degeneracy helps : 195 194 200 201 202 197 
degeneracy worse : 117 117 127 138 139 150 
SCL #err deg : 821 / 3900
SCL #err weighted degeneracy : 743 744 747 759 758 776 
degeneracy helps : 198 197 203 203 204 197 
degeneracy worse : 120 120 129 141 141 152 
SCL #err deg : 848 / 4000
SCL #err weighted degeneracy : 764 765 768 781 781 800 
degeneracy helps : 205 204 210 209 209 202 
degeneracy worse : 121 121 130 142 142 154 
SCL #err deg : 869 / 4100
SCL #err weighted degeneracy : 786 787 789 800 800 819 
degeneracy helps : 209 208 214 214 214 207 
degeneracy worse : 126 126 134 145 145 157 
SCL #err deg : 893 / 4200
SCL #err weighted degeneracy : 807 808 808 820 819 838 
degeneracy helps : 215 214 222 222 223 216 
degeneracy worse : 129 129 137 149 149 161 
SCL #err deg : 913 / 4300
SCL #err weighted degeneracy : 826 827 829 842 841 860 
degeneracy helps : 218 217 225 225 226 219 
degeneracy worse : 131 131 141 154 154 166 
SCL #err deg : 931 / 4400
SCL #err weighted degeneracy : 848 849 851 863 862 882 
degeneracy helps : 222 221 229 229 230 224 
degeneracy worse : 139 139 149 161 161 175 
SCL #err deg : 951 / 4500
SCL #err weighted degeneracy : 865 866 867 881 881 901 
degeneracy helps : 227 226 235 235 235 229 
degeneracy worse : 141 141 151 165 165 179 
SCL #err deg : 974 / 4600
SCL #err weighted degeneracy : 883 884 887 902 903 923 
degeneracy helps : 235 234 242 241 240 234 
degeneracy worse : 144 144 155 169 169 183 
SCL #err deg : 1000 / 4700
SCL #err weighted degeneracy : 904 905 910 928 929 949 
degeneracy helps : 244 243 250 247 246 240 
degeneracy worse : 148 148 160 175 175 189 
SCL #err deg : 1023 / 4800
SCL #err weighted degeneracy : 928 929 932 950 951 970 
degeneracy helps : 246 245 253 250 249 244 
degeneracy worse : 151 151 162 177 177 191 
SCL #err deg : 1041 / 4900
SCL #err weighted degeneracy : 943 944 948 966 967 987 
degeneracy helps : 250 249 257 254 254 249 
degeneracy worse : 152 152 164 179 180 195 
SCL #err deg : 1063 / 5000
SCL #err weighted degeneracy : 965 966 971 991 992 1012 
degeneracy helps : 254 253 260 258 258 253 
degeneracy worse : 156 156 168 186 187 202 
SCL #err deg : 1083 / 5100
SCL #err weighted degeneracy : 983 984 991 1010 1011 1032 
degeneracy helps : 259 258 264 263 263 258 
degeneracy worse : 159 159 172 190 191 207 
SCL #err deg : 1108 / 5200
SCL #err weighted degeneracy : 1004 1005 1012 1033 1034 1055 
degeneracy helps : 264 263 269 266 266 261 
degeneracy worse : 160 160 173 191 192 208 
SCL #err deg : 1139 / 5300
SCL #err weighted degeneracy : 1029 1030 1038 1058 1059 1080 
degeneracy helps : 271 270 276 275 276 271 
degeneracy worse : 161 161 175 194 196 212 
SCL #err deg : 1161 / 5400
SCL #err weighted degeneracy : 1050 1051 1058 1078 1079 1101 
degeneracy helps : 275 274 280 278 279 273 
degeneracy worse : 164 164 177 195 197 213 
SCL #err deg : 1177 / 5500
SCL #err weighted degeneracy : 1073 1074 1081 1102 1102 1124 
degeneracy helps : 276 275 281 279 280 274 
degeneracy worse : 172 172 185 204 205 221 
SCL #err deg : 1196 / 5600
SCL #err weighted degeneracy : 1089 1090 1096 1119 1119 1144 
degeneracy helps : 280 279 286 284 285 278 
degeneracy worse : 173 173 186 207 208 226 
SCL #err deg : 1217 / 5700
SCL #err weighted degeneracy : 1107 1108 1114 1139 1137 1162 
degeneracy helps : 285 284 292 289 292 285 
degeneracy worse : 175 175 189 211 212 230 
SCL #err deg : 1233 / 5800
SCL #err weighted degeneracy : 1121 1122 1127 1156 1154 1181 
degeneracy helps : 290 289 296 291 294 287 
degeneracy worse : 178 178 190 214 215 235 
SCL #err deg : 1248 / 5900
SCL #err weighted degeneracy : 1137 1138 1143 1172 1170 1197 
degeneracy helps : 292 291 299 294 297 290 
degeneracy worse : 181 181 194 218 219 239 
SCL #err deg : 1272 / 6000
SCL #err weighted degeneracy : 1158 1159 1162 1188 1186 1216 
degeneracy helps : 299 298 306 303 306 297 
degeneracy worse : 185 185 196 219 220 241 
SCL #err deg : 1295 / 6100
SCL #err weighted degeneracy : 1178 1179 1180 1208 1206 1236 
degeneracy helps : 306 305 314 310 313 304 
degeneracy worse : 189 189 199 223 224 245 
SCL #err deg : 1314 / 6200
SCL #err weighted degeneracy : 1197 1198 1199 1227 1224 1254 
degeneracy helps : 310 309 318 315 319 310 
degeneracy worse : 193 193 203 228 229 250 
SCL #err deg : 1332 / 6300
SCL #err weighted degeneracy : 1217 1218 1217 1244 1240 1271 
degeneracy helps : 310 309 320 319 324 315 
degeneracy worse : 195 195 205 231 232 254 
SCL #err deg : 1359 / 6400
SCL #err weighted degeneracy : 1240 1241 1239 1265 1262 1295 
degeneracy helps : 315 314 326 325 330 321 
degeneracy worse : 196 196 206 231 233 257 
SCL #err deg : 1376 / 6500
SCL #err weighted degeneracy : 1253 1254 1255 1282 1280 1312 
degeneracy helps : 322 321 332 330 335 326 
degeneracy worse : 199 199 211 236 239 262 
SCL #err deg : 1404 / 6600
SCL #err weighted degeneracy : 1278 1279 1277 1307 1306 1340 
degeneracy helps : 328 327 340 337 342 332 
degeneracy worse : 202 202 213 240 244 268 
SCL #err deg : 1428 / 6700
SCL #err weighted degeneracy : 1302 1303 1299 1327 1326 1360 
degeneracy helps : 330 329 344 341 346 336 
degeneracy worse : 204 204 215 240 244 268 
SCL #err deg : 1446 / 6800
SCL #err weighted degeneracy : 1317 1319 1318 1345 1343 1377 
degeneracy helps : 335 333 346 344 349 339 
degeneracy worse : 206 206 218 243 246 270 
SCL #err deg : 1464 / 6900
SCL #err weighted degeneracy : 1338 1340 1339 1367 1365 1400 
degeneracy helps : 337 335 350 348 353 343 
degeneracy worse : 211 211 225 251 254 279 
SCL #err deg : 1487 / 7000
SCL #err weighted degeneracy : 1357 1359 1356 1384 1381 1420 
degeneracy helps : 343 341 358 356 362 352 
degeneracy worse : 213 213 227 253 256 285 
SCL #err deg : 1506 / 7100
SCL #err weighted degeneracy : 1372 1374 1370 1400 1397 1437 
degeneracy helps : 351 349 366 362 368 358 
degeneracy worse : 217 217 230 256 259 289 
SCL #err deg : 1524 / 7200
SCL #err weighted degeneracy : 1392 1394 1390 1420 1418 1458 
degeneracy helps : 353 351 369 366 371 361 
degeneracy worse : 221 221 235 262 265 295 
SCL #err deg : 1539 / 7300
SCL #err weighted degeneracy : 1409 1411 1406 1438 1436 1476 
degeneracy helps : 358 356 374 369 374 364 
degeneracy worse : 228 228 241 268 271 301 
SCL #err deg : 1567 / 7400
SCL #err weighted degeneracy : 1434 1436 1430 1462 1458 1497 
degeneracy helps : 364 362 380 375 381 372 
degeneracy worse : 231 231 243 270 272 302 
SCL #err deg : 1589 / 7500
SCL #err weighted degeneracy : 1452 1454 1448 1480 1477 1516 
degeneracy helps : 371 369 387 382 387 378 
degeneracy worse : 234 234 246 273 275 305 
SCL #err deg : 1610 / 7600
SCL #err weighted degeneracy : 1467 1469 1465 1495 1492 1531 
degeneracy helps : 378 376 393 390 395 386 
degeneracy worse : 235 235 248 275 277 307 
SCL #err deg : 1628 / 7700
SCL #err weighted degeneracy : 1483 1485 1481 1509 1508 1548 
degeneracy helps : 382 380 396 395 400 390 
degeneracy worse : 237 237 249 276 280 310 
SCL #err deg : 1650 / 7800
SCL #err weighted degeneracy : 1505 1507 1503 1531 1529 1567 
degeneracy helps : 388 386 403 402 407 398 
degeneracy worse : 243 243 256 283 286 315 
SCL #err deg : 1665 / 7900
SCL #err weighted degeneracy : 1523 1524 1521 1548 1546 1583 
degeneracy helps : 389 388 404 403 408 399 
degeneracy worse : 247 247 260 286 289 317 
SCL #err deg : 1686 / 8000
SCL #err weighted degeneracy : 1542 1543 1540 1567 1565 1603 
degeneracy helps : 393 392 408 408 413 404 
degeneracy worse : 249 249 262 289 292 321 
SCL #err deg : 1709 / 8100
SCL #err weighted degeneracy : 1559 1560 1555 1583 1582 1621 
degeneracy helps : 400 399 417 417 422 413 
degeneracy worse : 250 250 263 291 295 325 
SCL #err deg : 1744 / 8200
SCL #err weighted degeneracy : 1586 1587 1584 1611 1610 1649 
degeneracy helps : 411 410 426 427 432 422 
degeneracy worse : 253 253 266 294 298 327 
SCL #err deg : 1765 / 8300
SCL #err weighted degeneracy : 1606 1607 1604 1631 1629 1669 
degeneracy helps : 415 414 430 431 436 425 
degeneracy worse : 256 256 269 297 300 329 
SCL #err deg : 1789 / 8400
SCL #err weighted degeneracy : 1626 1627 1624 1651 1651 1691 
degeneracy helps : 422 421 437 439 443 433 
degeneracy worse : 259 259 272 301 305 335 
SCL #err deg : 1800 / 8500
SCL #err weighted degeneracy : 1642 1643 1638 1665 1665 1705 
degeneracy helps : 423 421 439 441 445 435 
degeneracy worse : 265 264 277 306 310 340 
SCL #err deg : 1817 / 8600
SCL #err weighted degeneracy : 1657 1658 1652 1680 1680 1722 
degeneracy helps : 427 425 444 447 451 441 
degeneracy worse : 267 266 279 310 314 346 
SCL #err deg : 1842 / 8700
SCL #err weighted degeneracy : 1679 1680 1674 1703 1703 1744 
degeneracy helps : 433 431 449 451 455 445 
degeneracy worse : 270 269 281 312 316 347 
SCL #err deg : 1860 / 8800
SCL #err weighted degeneracy : 1692 1693 1687 1719 1720 1762 
degeneracy helps : 439 437 455 455 459 448 
degeneracy worse : 271 270 282 314 319 350 
SCL #err deg : 1887 / 8900
SCL #err weighted degeneracy : 1721 1722 1718 1752 1752 1794 
degeneracy helps : 442 440 459 459 463 452 
degeneracy worse : 276 275 290 324 328 359 
SCL #err deg : 1908 / 9000
SCL #err weighted degeneracy : 1738 1739 1736 1770 1770 1813 
degeneracy helps : 449 447 465 464 468 457 
degeneracy worse : 279 278 293 326 330 362 
SCL #err deg : 1921 / 9100
SCL #err weighted degeneracy : 1749 1750 1747 1781 1782 1825 
degeneracy helps : 451 449 468 468 472 461 
degeneracy worse : 279 278 294 328 333 365 
SCL #err deg : 1947 / 9200
SCL #err weighted degeneracy : 1772 1773 1772 1805 1806 1850 
degeneracy helps : 459 457 476 475 480 468 
degeneracy worse : 284 283 301 333 339 371 
SCL #err deg : 1960 / 9300
SCL #err weighted degeneracy : 1788 1789 1788 1821 1824 1868 
degeneracy helps : 462 460 479 478 483 471 
degeneracy worse : 290 289 307 339 347 379 
SCL #err deg : 1983 / 9400
SCL #err weighted degeneracy : 1807 1808 1809 1842 1846 1890 
degeneracy helps : 469 467 485 485 490 477 
degeneracy worse : 293 292 311 344 353 384 
SCL #err deg : 2014 / 9500
SCL #err weighted degeneracy : 1830 1831 1834 1869 1874 1918 
degeneracy helps : 479 477 494 494 498 485 
degeneracy worse : 295 294 314 349 358 389 
SCL #err deg : 2040 / 9600
SCL #err weighted degeneracy : 1852 1853 1857 1892 1897 1942 
degeneracy helps : 486 484 501 502 505 491 
degeneracy worse : 298 297 318 354 362 393 
SCL #err deg : 2065 / 9700
SCL #err weighted degeneracy : 1872 1873 1878 1914 1918 1963 
degeneracy helps : 493 491 508 509 512 498 
degeneracy worse : 300 299 321 358 365 396 
SCL #err deg : 2090 / 9800
SCL #err weighted degeneracy : 1889 1890 1896 1933 1939 1985 
degeneracy helps : 502 500 517 518 521 506 
degeneracy worse : 301 300 323 361 370 401 
SCL #err deg : 2108 / 9900
SCL #err weighted degeneracy : 1906 1907 1913 1951 1957 2004 
degeneracy helps : 509 507 525 526 529 514 
degeneracy worse : 307 306 330 369 378 410 
SCL #err deg : 2129 / 10000
SCL #err weighted degeneracy : 1924 1925 1930 1968 1974 2022 
degeneracy helps : 513 511 531 532 535 519 
degeneracy worse : 308 307 332 371 380 412 
average #flips: 104.384
SCL #err considering degeneracy: 2129
error due to equal 332
error due to SCL smaller 1741
Finish in 11957 s
