Simulation Polar syndrome FASTER N=1024, K=513, l=128, pz=0.14, #samples=10000, seed=543
PW construction
Event generator random seed: 543
SCL #err deg : 72 / 100
SCL #err weighted degeneracy : 75 75 75 73 76 77 
degeneracy helps : 5 5 5 6 4 3 
degeneracy worse : 8 8 8 7 8 8 
SCL #err deg : 141 / 200
SCL #err weighted degeneracy : 146 146 146 147 150 151 
degeneracy helps : 11 11 11 9 7 6 
degeneracy worse : 16 16 16 15 16 16 
SCL #err deg : 217 / 300
SCL #err weighted degeneracy : 219 219 219 220 224 225 
degeneracy helps : 18 17 18 16 13 12 
degeneracy worse : 20 19 20 19 20 20 
SCL #err deg : 288 / 400
SCL #err weighted degeneracy : 286 286 284 287 291 295 
degeneracy helps : 25 24 27 25 23 19 
degeneracy worse : 23 22 23 24 26 26 
SCL #err deg : 372 / 500
SCL #err weighted degeneracy : 370 369 368 371 375 378 
degeneracy helps : 29 28 31 28 26 23 
degeneracy worse : 27 25 27 27 29 29 
SCL #err deg : 441 / 600
SCL #err weighted degeneracy : 439 437 435 437 441 444 
degeneracy helps : 35 34 39 38 36 33 
degeneracy worse : 33 30 33 34 36 36 
SCL #err deg : 511 / 700
SCL #err weighted degeneracy : 508 505 503 505 508 510 
degeneracy helps : 41 41 46 44 43 41 
degeneracy worse : 38 35 38 38 40 40 
SCL #err deg : 586 / 800
SCL #err weighted degeneracy : 582 580 576 578 580 582 
degeneracy helps : 48 47 54 52 52 49 
degeneracy worse : 44 41 44 44 46 45 
SCL #err deg : 664 / 900
SCL #err weighted degeneracy : 657 655 648 649 654 655 
degeneracy helps : 54 53 64 64 63 61 
degeneracy worse : 47 44 48 49 53 52 
SCL #err deg : 734 / 1000
SCL #err weighted degeneracy : 725 723 718 721 727 728 
degeneracy helps : 61 60 70 69 68 66 
degeneracy worse : 52 49 54 56 61 60 
SCL #err deg : 811 / 1100
SCL #err weighted degeneracy : 796 795 790 793 799 801 
degeneracy helps : 68 66 78 78 77 75 
degeneracy worse : 53 50 57 60 65 65 
SCL #err deg : 883 / 1200
SCL #err weighted degeneracy : 873 871 866 866 872 874 
degeneracy helps : 72 71 82 84 83 83 
degeneracy worse : 62 59 65 67 72 74 
SCL #err deg : 951 / 1300
SCL #err weighted degeneracy : 946 942 940 941 947 948 
degeneracy helps : 76 76 87 89 88 88 
degeneracy worse : 71 67 76 79 84 85 
SCL #err deg : 1037 / 1400
SCL #err weighted degeneracy : 1035 1031 1029 1025 1031 1031 
degeneracy helps : 78 78 90 95 94 95 
degeneracy worse : 76 72 82 83 88 89 
SCL #err deg : 1108 / 1500
SCL #err weighted degeneracy : 1106 1103 1100 1096 1103 1102 
degeneracy helps : 83 82 96 101 100 101 
degeneracy worse : 81 77 88 89 95 95 
SCL #err deg : 1173 / 1600
SCL #err weighted degeneracy : 1178 1178 1168 1165 1171 1168 
degeneracy helps : 88 85 102 107 109 110 
degeneracy worse : 93 90 97 99 107 105 
SCL #err deg : 1245 / 1700
SCL #err weighted degeneracy : 1248 1249 1238 1235 1242 1240 
degeneracy helps : 96 93 110 115 115 115 
degeneracy worse : 99 97 103 105 112 110 
SCL #err deg : 1318 / 1800
SCL #err weighted degeneracy : 1316 1317 1306 1304 1311 1308 
degeneracy helps : 101 98 117 123 123 124 
degeneracy worse : 99 97 105 109 116 114 
SCL #err deg : 1389 / 1900
SCL #err weighted degeneracy : 1390 1390 1381 1378 1386 1380 
degeneracy helps : 106 104 122 129 128 130 
degeneracy worse : 107 105 114 118 125 121 
SCL #err deg : 1456 / 2000
SCL #err weighted degeneracy : 1461 1462 1457 1455 1463 1457 
degeneracy helps : 110 106 125 132 131 133 
degeneracy worse : 115 112 126 131 138 134 
SCL #err deg : 1529 / 2100
SCL #err weighted degeneracy : 1534 1535 1529 1525 1534 1527 
degeneracy helps : 113 109 130 139 137 139 
degeneracy worse : 118 115 130 135 142 137 
SCL #err deg : 1598 / 2200
SCL #err weighted degeneracy : 1602 1603 1598 1595 1604 1597 
degeneracy helps : 121 117 139 147 146 148 
degeneracy worse : 125 122 139 144 152 147 
SCL #err deg : 1672 / 2300
SCL #err weighted degeneracy : 1682 1684 1677 1670 1678 1669 
degeneracy helps : 124 119 143 153 152 156 
degeneracy worse : 134 131 148 151 158 153 
SCL #err deg : 1752 / 2400
SCL #err weighted degeneracy : 1759 1761 1756 1749 1757 1747 
degeneracy helps : 132 127 150 161 159 163 
degeneracy worse : 139 136 154 158 164 158 
SCL #err deg : 1828 / 2500
SCL #err weighted degeneracy : 1841 1843 1834 1826 1834 1824 
degeneracy helps : 133 128 154 164 162 167 
degeneracy worse : 146 143 160 162 168 163 
SCL #err deg : 1895 / 2600
SCL #err weighted degeneracy : 1908 1910 1899 1892 1901 1890 
degeneracy helps : 139 134 161 170 167 172 
degeneracy worse : 152 149 165 167 173 167 
SCL #err deg : 1964 / 2700
SCL #err weighted degeneracy : 1980 1982 1969 1962 1972 1962 
degeneracy helps : 146 141 170 178 175 178 
degeneracy worse : 162 159 175 176 183 176 
SCL #err deg : 2042 / 2800
SCL #err weighted degeneracy : 2056 2058 2048 2039 2053 2043 
degeneracy helps : 153 148 175 184 178 181 
degeneracy worse : 167 164 181 181 189 182 
SCL #err deg : 2109 / 2900
SCL #err weighted degeneracy : 2128 2128 2121 2109 2124 2118 
degeneracy helps : 160 155 182 193 188 188 
degeneracy worse : 179 174 194 193 203 197 
SCL #err deg : 2177 / 3000
SCL #err weighted degeneracy : 2195 2194 2183 2171 2188 2183 
degeneracy helps : 165 161 191 202 195 195 
degeneracy worse : 183 178 197 196 206 201 
SCL #err deg : 2243 / 3100
SCL #err weighted degeneracy : 2263 2263 2250 2238 2258 2252 
degeneracy helps : 174 169 199 212 205 205 
degeneracy worse : 194 189 206 207 220 214 
SCL #err deg : 2322 / 3200
SCL #err weighted degeneracy : 2336 2336 2321 2308 2329 2321 
degeneracy helps : 186 181 213 225 219 221 
degeneracy worse : 200 195 212 211 226 220 
SCL #err deg : 2400 / 3300
SCL #err weighted degeneracy : 2413 2412 2401 2391 2412 2403 
degeneracy helps : 191 186 217 229 223 226 
degeneracy worse : 204 198 218 220 235 229 
SCL #err deg : 2468 / 3400
SCL #err weighted degeneracy : 2481 2479 2471 2460 2481 2473 
degeneracy helps : 198 194 223 236 230 232 
degeneracy worse : 211 205 226 228 243 237 
SCL #err deg : 2541 / 3500
SCL #err weighted degeneracy : 2558 2556 2548 2537 2557 2549 
degeneracy helps : 201 197 226 239 234 236 
degeneracy worse : 218 212 233 235 250 244 
SCL #err deg : 2616 / 3600
SCL #err weighted degeneracy : 2626 2623 2620 2609 2630 2622 
degeneracy helps : 211 207 232 246 240 242 
degeneracy worse : 221 214 236 239 254 248 
SCL #err deg : 2688 / 3700
SCL #err weighted degeneracy : 2701 2698 2693 2681 2702 2694 
degeneracy helps : 218 214 241 255 248 250 
degeneracy worse : 231 224 246 248 262 256 
SCL #err deg : 2758 / 3800
SCL #err weighted degeneracy : 2775 2772 2765 2753 2774 2765 
degeneracy helps : 223 219 247 260 253 256 
degeneracy worse : 240 233 254 255 269 263 
SCL #err deg : 2829 / 3900
SCL #err weighted degeneracy : 2845 2844 2834 2822 2843 2834 
degeneracy helps : 233 228 259 272 265 268 
degeneracy worse : 249 243 264 265 279 273 
SCL #err deg : 2902 / 4000
SCL #err weighted degeneracy : 2917 2917 2906 2895 2917 2909 
degeneracy helps : 240 234 268 279 271 274 
degeneracy worse : 255 249 272 272 286 281 
SCL #err deg : 2975 / 4100
SCL #err weighted degeneracy : 2982 2984 2972 2960 2985 2979 
degeneracy helps : 253 246 281 292 282 283 
degeneracy worse : 260 255 278 277 292 287 
SCL #err deg : 3044 / 4200
SCL #err weighted degeneracy : 3048 3051 3038 3022 3048 3042 
degeneracy helps : 261 254 289 302 291 292 
degeneracy worse : 265 261 283 280 295 290 
SCL #err deg : 3122 / 4300
SCL #err weighted degeneracy : 3122 3125 3113 3098 3119 3113 
degeneracy helps : 268 261 295 308 301 302 
degeneracy worse : 268 264 286 284 298 293 
SCL #err deg : 3190 / 4400
SCL #err weighted degeneracy : 3194 3196 3185 3170 3193 3189 
degeneracy helps : 277 270 304 317 307 306 
degeneracy worse : 281 276 299 297 310 305 
SCL #err deg : 3260 / 4500
SCL #err weighted degeneracy : 3263 3265 3255 3242 3267 3261 
degeneracy helps : 284 277 311 323 312 311 
degeneracy worse : 287 282 306 305 319 312 
SCL #err deg : 3328 / 4600
SCL #err weighted degeneracy : 3331 3336 3324 3311 3338 3331 
degeneracy helps : 292 283 319 332 320 318 
degeneracy worse : 295 291 315 315 330 321 
SCL #err deg : 3405 / 4700
SCL #err weighted degeneracy : 3405 3409 3398 3384 3412 3406 
degeneracy helps : 299 290 327 341 329 326 
degeneracy worse : 299 294 320 320 336 327 
SCL #err deg : 3479 / 4800
SCL #err weighted degeneracy : 3472 3478 3464 3449 3477 3471 
degeneracy helps : 311 301 340 354 340 340 
degeneracy worse : 304 300 325 324 338 332 
SCL #err deg : 3552 / 4900
SCL #err weighted degeneracy : 3543 3551 3535 3519 3551 3546 
degeneracy helps : 316 304 347 363 346 345 
degeneracy worse : 307 303 330 330 345 339 
SCL #err deg : 3621 / 5000
SCL #err weighted degeneracy : 3614 3623 3608 3590 3622 3616 
degeneracy helps : 322 309 352 370 352 352 
degeneracy worse : 315 311 339 339 353 347 
SCL #err deg : 3694 / 5100
SCL #err weighted degeneracy : 3687 3696 3681 3665 3697 3690 
degeneracy helps : 328 315 358 376 358 358 
degeneracy worse : 321 317 345 347 361 354 
SCL #err deg : 3763 / 5200
SCL #err weighted degeneracy : 3750 3760 3747 3732 3765 3758 
degeneracy helps : 336 323 365 383 364 364 
degeneracy worse : 323 320 349 352 366 359 
SCL #err deg : 3834 / 5300
SCL #err weighted degeneracy : 3823 3832 3821 3806 3838 3831 
degeneracy helps : 342 330 370 388 370 370 
degeneracy worse : 331 328 357 360 374 367 
SCL #err deg : 3897 / 5400
SCL #err weighted degeneracy : 3886 3895 3885 3865 3897 3891 
degeneracy helps : 348 336 377 398 380 379 
degeneracy worse : 337 334 365 366 380 373 
SCL #err deg : 3963 / 5500
SCL #err weighted degeneracy : 3952 3962 3952 3934 3966 3960 
degeneracy helps : 356 344 384 403 386 385 
degeneracy worse : 345 343 373 374 389 382 
SCL #err deg : 4045 / 5600
SCL #err weighted degeneracy : 4031 4040 4031 4016 4046 4040 
degeneracy helps : 362 351 390 407 390 389 
degeneracy worse : 348 346 376 378 391 384 
SCL #err deg : 4119 / 5700
SCL #err weighted degeneracy : 4099 4109 4100 4087 4117 4113 
degeneracy helps : 371 360 399 416 399 396 
degeneracy worse : 351 350 380 384 397 390 
SCL #err deg : 4189 / 5800
SCL #err weighted degeneracy : 4170 4180 4170 4156 4186 4182 
degeneracy helps : 378 367 407 423 407 404 
degeneracy worse : 359 358 388 390 404 397 
SCL #err deg : 4269 / 5900
SCL #err weighted degeneracy : 4248 4258 4248 4235 4267 4263 
degeneracy helps : 384 373 414 429 411 408 
degeneracy worse : 363 362 393 395 409 402 
SCL #err deg : 4344 / 6000
SCL #err weighted degeneracy : 4326 4335 4324 4309 4342 4337 
degeneracy helps : 387 377 418 433 414 412 
degeneracy worse : 369 368 398 398 412 405 
SCL #err deg : 4418 / 6100
SCL #err weighted degeneracy : 4397 4407 4397 4384 4417 4413 
degeneracy helps : 394 383 424 438 419 417 
degeneracy worse : 373 372 403 404 418 412 
SCL #err deg : 4488 / 6200
SCL #err weighted degeneracy : 4465 4477 4467 4451 4486 4483 
degeneracy helps : 401 389 430 446 425 422 
degeneracy worse : 378 378 409 409 423 417 
SCL #err deg : 4561 / 6300
SCL #err weighted degeneracy : 4542 4553 4544 4529 4565 4562 
degeneracy helps : 404 391 434 450 428 425 
degeneracy worse : 385 383 417 418 432 426 
SCL #err deg : 4628 / 6400
SCL #err weighted degeneracy : 4605 4615 4610 4596 4633 4632 
degeneracy helps : 414 402 443 460 437 433 
degeneracy worse : 391 389 425 428 442 437 
SCL #err deg : 4699 / 6500
SCL #err weighted degeneracy : 4679 4688 4682 4669 4708 4705 
degeneracy helps : 418 406 448 464 441 440 
degeneracy worse : 398 395 431 434 450 446 
SCL #err deg : 4768 / 6600
SCL #err weighted degeneracy : 4753 4762 4757 4745 4782 4780 
degeneracy helps : 421 409 452 469 446 444 
degeneracy worse : 406 403 441 446 460 456 
SCL #err deg : 4840 / 6700
SCL #err weighted degeneracy : 4824 4834 4830 4819 4853 4852 
degeneracy helps : 429 416 461 477 457 455 
degeneracy worse : 413 410 451 456 470 467 
SCL #err deg : 4920 / 6800
SCL #err weighted degeneracy : 4900 4912 4906 4894 4928 4928 
degeneracy helps : 437 423 468 485 466 464 
degeneracy worse : 417 415 454 459 474 472 
SCL #err deg : 4992 / 6900
SCL #err weighted degeneracy : 4969 4981 4976 4963 4997 4996 
degeneracy helps : 442 428 473 491 472 471 
degeneracy worse : 419 417 457 462 477 475 
SCL #err deg : 5067 / 7000
SCL #err weighted degeneracy : 5039 5052 5047 5037 5071 5070 
degeneracy helps : 452 436 483 500 481 479 
degeneracy worse : 424 421 463 470 485 482 
SCL #err deg : 5138 / 7100
SCL #err weighted degeneracy : 5111 5124 5121 5110 5143 5143 
degeneracy helps : 457 441 487 504 485 482 
degeneracy worse : 430 427 470 476 490 487 
SCL #err deg : 5203 / 7200
SCL #err weighted degeneracy : 5180 5193 5192 5180 5211 5210 
degeneracy helps : 459 443 489 507 490 487 
degeneracy worse : 436 433 478 484 498 494 
SCL #err deg : 5277 / 7300
SCL #err weighted degeneracy : 5251 5264 5264 5249 5283 5283 
degeneracy helps : 467 451 497 516 498 495 
degeneracy worse : 441 438 484 488 504 501 
SCL #err deg : 5337 / 7400
SCL #err weighted degeneracy : 5319 5331 5331 5316 5349 5348 
degeneracy helps : 471 456 504 522 504 502 
degeneracy worse : 453 450 498 501 516 513 
SCL #err deg : 5402 / 7500
SCL #err weighted degeneracy : 5386 5398 5399 5385 5418 5417 
degeneracy helps : 475 460 508 528 510 507 
degeneracy worse : 459 456 505 511 526 522 
SCL #err deg : 5475 / 7600
SCL #err weighted degeneracy : 5453 5466 5465 5452 5486 5485 
degeneracy helps : 482 467 515 534 516 513 
degeneracy worse : 460 458 505 511 527 523 
SCL #err deg : 5545 / 7700
SCL #err weighted degeneracy : 5526 5539 5539 5525 5560 5557 
degeneracy helps : 489 475 520 540 521 519 
degeneracy worse : 470 469 514 520 536 531 
SCL #err deg : 5613 / 7800
SCL #err weighted degeneracy : 5594 5606 5606 5591 5626 5624 
degeneracy helps : 493 480 526 549 529 527 
degeneracy worse : 474 473 519 527 542 538 
SCL #err deg : 5685 / 7900
SCL #err weighted degeneracy : 5666 5679 5675 5662 5694 5693 
degeneracy helps : 500 486 535 556 538 535 
degeneracy worse : 481 480 525 533 547 543 
SCL #err deg : 5761 / 8000
SCL #err weighted degeneracy : 5737 5750 5747 5730 5762 5760 
degeneracy helps : 509 495 544 569 551 548 
degeneracy worse : 485 484 530 538 552 547 
SCL #err deg : 5834 / 8100
SCL #err weighted degeneracy : 5810 5822 5822 5805 5837 5833 
degeneracy helps : 514 501 549 576 557 555 
degeneracy worse : 490 489 537 547 560 554 
SCL #err deg : 5915 / 8200
SCL #err weighted degeneracy : 5885 5897 5897 5878 5908 5905 
degeneracy helps : 523 510 558 588 572 569 
degeneracy worse : 493 492 540 551 565 559 
SCL #err deg : 5986 / 8300
SCL #err weighted degeneracy : 5954 5965 5965 5946 5977 5975 
degeneracy helps : 532 520 568 598 581 577 
degeneracy worse : 500 499 547 558 572 566 
SCL #err deg : 6067 / 8400
SCL #err weighted degeneracy : 6029 6042 6040 6020 6051 6046 
degeneracy helps : 541 528 579 609 592 591 
degeneracy worse : 503 503 552 562 576 570 
SCL #err deg : 6140 / 8500
SCL #err weighted degeneracy : 6094 6107 6106 6087 6121 6115 
degeneracy helps : 553 540 590 619 600 601 
degeneracy worse : 507 507 556 566 581 576 
SCL #err deg : 6206 / 8600
SCL #err weighted degeneracy : 6161 6174 6171 6154 6187 6181 
degeneracy helps : 560 547 598 625 608 609 
degeneracy worse : 515 515 563 573 589 584 
SCL #err deg : 6278 / 8700
SCL #err weighted degeneracy : 6234 6245 6242 6225 6260 6252 
degeneracy helps : 565 553 605 633 615 619 
degeneracy worse : 521 520 569 580 597 593 
SCL #err deg : 6350 / 8800
SCL #err weighted degeneracy : 6301 6313 6308 6292 6327 6317 
degeneracy helps : 575 563 616 643 625 630 
degeneracy worse : 526 526 574 585 602 597 
SCL #err deg : 6427 / 8900
SCL #err weighted degeneracy : 6381 6393 6386 6369 6404 6393 
degeneracy helps : 578 565 622 650 632 638 
degeneracy worse : 532 531 581 592 609 604 
SCL #err deg : 6503 / 9000
SCL #err weighted degeneracy : 6453 6465 6459 6441 6477 6463 
degeneracy helps : 585 572 629 658 639 648 
degeneracy worse : 535 534 585 596 613 608 
SCL #err deg : 6575 / 9100
SCL #err weighted degeneracy : 6522 6534 6530 6508 6543 6533 
degeneracy helps : 591 578 635 667 649 659 
degeneracy worse : 538 537 590 600 617 617 
SCL #err deg : 6649 / 9200
SCL #err weighted degeneracy : 6598 6609 6604 6580 6615 6604 
degeneracy helps : 597 584 642 675 657 668 
degeneracy worse : 546 544 597 606 623 623 
SCL #err deg : 6722 / 9300
SCL #err weighted degeneracy : 6671 6683 6677 6655 6690 6677 
degeneracy helps : 605 591 650 680 662 673 
degeneracy worse : 554 552 605 613 630 628 
SCL #err deg : 6795 / 9400
SCL #err weighted degeneracy : 6739 6751 6746 6724 6760 6748 
degeneracy helps : 615 600 660 690 671 681 
degeneracy worse : 559 556 611 619 636 634 
SCL #err deg : 6865 / 9500
SCL #err weighted degeneracy : 6819 6830 6826 6804 6839 6827 
degeneracy helps : 617 602 662 693 675 685 
degeneracy worse : 571 567 623 632 649 647 
SCL #err deg : 6938 / 9600
SCL #err weighted degeneracy : 6892 6902 6901 6881 6916 6904 
degeneracy helps : 623 609 668 697 679 688 
degeneracy worse : 577 573 631 640 657 654 
SCL #err deg : 7006 / 9700
SCL #err weighted degeneracy : 6957 6966 6965 6944 6979 6968 
degeneracy helps : 631 617 677 706 688 696 
degeneracy worse : 582 577 636 644 661 658 
SCL #err deg : 7075 / 9800
SCL #err weighted degeneracy : 7026 7034 7032 7014 7049 7039 
degeneracy helps : 639 626 686 712 695 702 
degeneracy worse : 590 585 643 651 669 666 
SCL #err deg : 7152 / 9900
SCL #err weighted degeneracy : 7101 7109 7105 7089 7125 7113 
degeneracy helps : 645 632 693 718 701 710 
degeneracy worse : 594 589 646 655 674 671 
SCL #err deg : 7216 / 10000
SCL #err weighted degeneracy : 7167 7176 7175 7162 7199 7188 
degeneracy helps : 650 637 696 721 703 711 
degeneracy worse : 601 597 655 667 686 683 
average #flips: 143.306
SCL #err considering degeneracy: 7216
error due to equal 5
error due to SCL smaller 7210
Finish in 12017 s
