Simulation Polar syndrome FASTER N=1024, K=513, l=128, pz=0.19, #samples=10000, seed=543
PW construction
Event generator random seed: 543
SCL #err deg : 73 / 100
SCL #err weighted degeneracy : 75 73 76 76 77 77 
degeneracy helps : 6 7 5 5 5 5 
degeneracy worse : 8 7 8 8 9 9 
SCL #err deg : 150 / 200
SCL #err weighted degeneracy : 148 143 148 150 153 152 
degeneracy helps : 14 17 13 13 11 10 
degeneracy worse : 12 10 11 13 14 12 
SCL #err deg : 228 / 300
SCL #err weighted degeneracy : 224 218 224 226 228 227 
degeneracy helps : 20 23 19 19 17 18 
degeneracy worse : 16 13 15 17 17 17 
SCL #err deg : 305 / 400
SCL #err weighted degeneracy : 298 296 297 297 300 299 
degeneracy helps : 28 28 27 30 29 30 
degeneracy worse : 21 19 19 22 24 24 
SCL #err deg : 385 / 500
SCL #err weighted degeneracy : 373 371 373 375 377 377 
degeneracy helps : 34 34 33 35 35 35 
degeneracy worse : 22 20 21 25 27 27 
SCL #err deg : 466 / 600
SCL #err weighted degeneracy : 453 450 453 454 458 457 
degeneracy helps : 41 41 40 42 41 42 
degeneracy worse : 28 25 27 30 33 33 
SCL #err deg : 546 / 700
SCL #err weighted degeneracy : 530 528 531 533 537 535 
degeneracy helps : 48 47 46 47 46 48 
degeneracy worse : 32 29 31 34 37 37 
SCL #err deg : 610 / 800
SCL #err weighted degeneracy : 598 598 597 601 603 602 
degeneracy helps : 59 55 58 58 58 59 
degeneracy worse : 47 43 45 49 51 51 
SCL #err deg : 693 / 900
SCL #err weighted degeneracy : 679 680 678 682 683 682 
degeneracy helps : 67 62 66 67 68 69 
degeneracy worse : 53 49 51 56 58 58 
SCL #err deg : 767 / 1000
SCL #err weighted degeneracy : 754 756 753 756 757 757 
degeneracy helps : 75 68 74 76 77 77 
degeneracy worse : 62 57 60 65 67 67 
SCL #err deg : 836 / 1100
SCL #err weighted degeneracy : 826 827 826 831 834 833 
degeneracy helps : 78 72 77 79 79 79 
degeneracy worse : 68 63 67 74 77 76 
SCL #err deg : 915 / 1200
SCL #err weighted degeneracy : 902 903 902 908 910 910 
degeneracy helps : 85 78 84 85 86 86 
degeneracy worse : 72 66 71 78 81 81 
SCL #err deg : 991 / 1300
SCL #err weighted degeneracy : 977 981 976 984 986 987 
degeneracy helps : 90 81 90 91 92 91 
degeneracy worse : 76 71 75 84 87 87 
SCL #err deg : 1062 / 1400
SCL #err weighted degeneracy : 1051 1054 1051 1058 1058 1057 
degeneracy helps : 95 86 95 97 100 100 
degeneracy worse : 84 78 84 93 96 95 
SCL #err deg : 1136 / 1500
SCL #err weighted degeneracy : 1124 1126 1124 1134 1133 1136 
degeneracy helps : 100 92 101 102 105 103 
degeneracy worse : 88 82 89 100 102 103 
SCL #err deg : 1208 / 1600
SCL #err weighted degeneracy : 1194 1200 1196 1207 1206 1210 
degeneracy helps : 107 96 107 107 110 107 
degeneracy worse : 93 88 95 106 108 109 
SCL #err deg : 1285 / 1700
SCL #err weighted degeneracy : 1267 1271 1269 1278 1278 1283 
degeneracy helps : 116 105 116 118 121 116 
degeneracy worse : 98 91 100 111 114 114 
SCL #err deg : 1364 / 1800
SCL #err weighted degeneracy : 1348 1352 1352 1360 1359 1364 
degeneracy helps : 120 110 119 123 126 121 
degeneracy worse : 104 98 107 119 121 121 
SCL #err deg : 1436 / 1900
SCL #err weighted degeneracy : 1420 1425 1425 1432 1432 1436 
degeneracy helps : 125 114 124 127 130 126 
degeneracy worse : 109 103 113 123 126 126 
SCL #err deg : 1514 / 2000
SCL #err weighted degeneracy : 1498 1502 1503 1512 1510 1514 
degeneracy helps : 130 120 129 132 137 133 
degeneracy worse : 114 108 118 130 133 133 
SCL #err deg : 1590 / 2100
SCL #err weighted degeneracy : 1576 1582 1581 1587 1585 1587 
degeneracy helps : 136 124 135 140 145 142 
degeneracy worse : 122 116 126 137 140 139 
SCL #err deg : 1667 / 2200
SCL #err weighted degeneracy : 1652 1656 1655 1666 1664 1666 
degeneracy helps : 143 132 144 146 150 147 
degeneracy worse : 128 121 132 145 147 146 
SCL #err deg : 1742 / 2300
SCL #err weighted degeneracy : 1721 1725 1725 1739 1738 1740 
degeneracy helps : 151 140 151 153 157 154 
degeneracy worse : 130 123 134 150 153 152 
SCL #err deg : 1812 / 2400
SCL #err weighted degeneracy : 1797 1800 1800 1813 1813 1815 
degeneracy helps : 154 142 155 158 162 159 
degeneracy worse : 139 130 143 159 163 162 
SCL #err deg : 1887 / 2500
SCL #err weighted degeneracy : 1870 1872 1870 1882 1882 1884 
degeneracy helps : 162 150 167 171 175 172 
degeneracy worse : 145 135 150 166 170 169 
SCL #err deg : 1964 / 2600
SCL #err weighted degeneracy : 1947 1945 1947 1960 1960 1961 
degeneracy helps : 166 157 171 174 179 178 
degeneracy worse : 149 138 154 170 175 175 
SCL #err deg : 2034 / 2700
SCL #err weighted degeneracy : 2023 2023 2023 2037 2037 2037 
degeneracy helps : 171 162 175 178 183 183 
degeneracy worse : 160 151 164 181 186 186 
SCL #err deg : 2103 / 2800
SCL #err weighted degeneracy : 2088 2089 2089 2102 2103 2102 
degeneracy helps : 180 170 184 187 192 192 
degeneracy worse : 165 156 170 186 192 191 
SCL #err deg : 2177 / 2900
SCL #err weighted degeneracy : 2160 2159 2161 2175 2175 2175 
degeneracy helps : 186 178 190 193 199 198 
degeneracy worse : 169 160 174 191 197 196 
SCL #err deg : 2253 / 3000
SCL #err weighted degeneracy : 2236 2234 2238 2251 2247 2249 
degeneracy helps : 193 185 197 200 207 204 
degeneracy worse : 176 166 182 198 201 200 
SCL #err deg : 2331 / 3100
SCL #err weighted degeneracy : 2311 2309 2312 2325 2324 2325 
degeneracy helps : 203 192 207 210 216 214 
degeneracy worse : 183 170 188 204 209 208 
SCL #err deg : 2411 / 3200
SCL #err weighted degeneracy : 2384 2383 2385 2402 2402 2403 
degeneracy helps : 213 203 217 219 223 221 
degeneracy worse : 186 175 191 210 214 213 
SCL #err deg : 2478 / 3300
SCL #err weighted degeneracy : 2454 2452 2453 2469 2470 2470 
degeneracy helps : 217 207 222 224 228 226 
degeneracy worse : 193 181 197 215 220 218 
SCL #err deg : 2555 / 3400
SCL #err weighted degeneracy : 2528 2526 2527 2545 2547 2550 
degeneracy helps : 224 215 230 233 236 232 
degeneracy worse : 197 186 202 223 228 227 
SCL #err deg : 2627 / 3500
SCL #err weighted degeneracy : 2601 2597 2598 2617 2617 2620 
degeneracy helps : 227 220 235 237 242 237 
degeneracy worse : 201 190 206 227 232 230 
SCL #err deg : 2704 / 3600
SCL #err weighted degeneracy : 2677 2675 2673 2693 2694 2697 
degeneracy helps : 234 224 243 245 250 245 
degeneracy worse : 207 195 212 234 240 238 
SCL #err deg : 2778 / 3700
SCL #err weighted degeneracy : 2752 2750 2747 2767 2768 2770 
degeneracy helps : 238 228 248 250 255 251 
degeneracy worse : 212 200 217 239 245 243 
SCL #err deg : 2856 / 3800
SCL #err weighted degeneracy : 2834 2834 2829 2850 2850 2855 
degeneracy helps : 243 232 253 254 260 254 
degeneracy worse : 221 210 226 248 254 253 
SCL #err deg : 2936 / 3900
SCL #err weighted degeneracy : 2910 2911 2906 2928 2928 2932 
degeneracy helps : 253 240 263 264 269 264 
degeneracy worse : 227 215 233 256 261 260 
SCL #err deg : 3008 / 4000
SCL #err weighted degeneracy : 2985 2988 2982 3002 3001 3005 
degeneracy helps : 255 241 265 268 273 268 
degeneracy worse : 232 221 239 262 266 265 
SCL #err deg : 3092 / 4100
SCL #err weighted degeneracy : 3068 3072 3064 3084 3082 3085 
degeneracy helps : 261 246 272 274 280 275 
degeneracy worse : 237 226 244 266 270 268 
SCL #err deg : 3167 / 4200
SCL #err weighted degeneracy : 3146 3150 3142 3161 3161 3163 
degeneracy helps : 265 249 276 279 286 282 
degeneracy worse : 244 232 251 273 280 278 
SCL #err deg : 3237 / 4300
SCL #err weighted degeneracy : 3219 3223 3212 3231 3230 3231 
degeneracy helps : 268 252 282 285 293 289 
degeneracy worse : 250 238 257 279 286 283 
SCL #err deg : 3314 / 4400
SCL #err weighted degeneracy : 3293 3297 3284 3302 3301 3302 
degeneracy helps : 274 258 289 292 300 296 
degeneracy worse : 253 241 259 280 287 284 
SCL #err deg : 3389 / 4500
SCL #err weighted degeneracy : 3367 3373 3357 3375 3374 3373 
degeneracy helps : 280 263 296 298 306 304 
degeneracy worse : 258 247 264 284 291 288 
SCL #err deg : 3467 / 4600
SCL #err weighted degeneracy : 3445 3451 3435 3452 3452 3449 
degeneracy helps : 285 268 301 305 312 312 
degeneracy worse : 263 252 269 290 297 294 
SCL #err deg : 3536 / 4700
SCL #err weighted degeneracy : 3514 3519 3505 3521 3519 3518 
degeneracy helps : 290 273 305 310 318 316 
degeneracy worse : 268 256 274 295 301 298 
SCL #err deg : 3610 / 4800
SCL #err weighted degeneracy : 3585 3591 3575 3589 3588 3590 
degeneracy helps : 299 281 315 321 329 324 
degeneracy worse : 274 262 280 300 307 304 
SCL #err deg : 3686 / 4900
SCL #err weighted degeneracy : 3659 3664 3649 3662 3661 3664 
degeneracy helps : 305 288 321 327 335 330 
degeneracy worse : 278 266 284 303 310 308 
SCL #err deg : 3763 / 5000
SCL #err weighted degeneracy : 3735 3739 3720 3731 3730 3734 
degeneracy helps : 310 293 331 340 347 341 
degeneracy worse : 282 269 288 308 314 312 
SCL #err deg : 3831 / 5100
SCL #err weighted degeneracy : 3802 3807 3785 3798 3798 3801 
degeneracy helps : 317 299 339 347 354 349 
degeneracy worse : 288 275 293 314 321 319 
SCL #err deg : 3902 / 5200
SCL #err weighted degeneracy : 3873 3880 3857 3870 3870 3873 
degeneracy helps : 323 303 345 354 361 356 
degeneracy worse : 294 281 300 322 329 327 
SCL #err deg : 3984 / 5300
SCL #err weighted degeneracy : 3951 3958 3936 3950 3952 3953 
degeneracy helps : 328 308 350 358 365 362 
degeneracy worse : 295 282 302 324 333 331 
SCL #err deg : 4062 / 5400
SCL #err weighted degeneracy : 4028 4035 4013 4029 4029 4030 
degeneracy helps : 335 315 357 363 370 367 
degeneracy worse : 301 288 308 330 337 335 
SCL #err deg : 4133 / 5500
SCL #err weighted degeneracy : 4097 4104 4082 4095 4099 4100 
degeneracy helps : 342 321 364 372 376 373 
degeneracy worse : 306 292 313 334 342 340 
SCL #err deg : 4213 / 5600
SCL #err weighted degeneracy : 4171 4177 4155 4166 4172 4174 
degeneracy helps : 351 331 374 383 386 382 
degeneracy worse : 309 295 316 336 345 343 
SCL #err deg : 4287 / 5700
SCL #err weighted degeneracy : 4245 4253 4229 4239 4245 4248 
degeneracy helps : 359 337 382 392 394 390 
degeneracy worse : 317 303 324 344 352 351 
SCL #err deg : 4359 / 5800
SCL #err weighted degeneracy : 4312 4322 4297 4307 4311 4314 
degeneracy helps : 367 343 391 401 405 401 
degeneracy worse : 320 306 329 349 357 356 
SCL #err deg : 4437 / 5900
SCL #err weighted degeneracy : 4391 4399 4376 4387 4391 4393 
degeneracy helps : 372 348 396 406 410 407 
degeneracy worse : 326 310 335 356 364 363 
SCL #err deg : 4518 / 6000
SCL #err weighted degeneracy : 4468 4475 4455 4468 4471 4472 
degeneracy helps : 380 356 402 411 416 414 
degeneracy worse : 330 313 339 361 369 368 
SCL #err deg : 4600 / 6100
SCL #err weighted degeneracy : 4550 4556 4534 4546 4547 4548 
degeneracy helps : 382 359 406 416 422 420 
degeneracy worse : 332 315 340 362 369 368 
SCL #err deg : 4677 / 6200
SCL #err weighted degeneracy : 4628 4632 4612 4622 4623 4623 
degeneracy helps : 387 364 411 422 427 424 
degeneracy worse : 338 319 346 367 373 370 
SCL #err deg : 4750 / 6300
SCL #err weighted degeneracy : 4701 4706 4684 4696 4696 4699 
degeneracy helps : 395 370 419 429 433 428 
degeneracy worse : 346 326 353 375 379 377 
SCL #err deg : 4819 / 6400
SCL #err weighted degeneracy : 4774 4777 4754 4764 4762 4765 
degeneracy helps : 400 375 427 439 444 439 
degeneracy worse : 355 333 362 384 387 385 
SCL #err deg : 4892 / 6500
SCL #err weighted degeneracy : 4850 4853 4828 4837 4833 4837 
degeneracy helps : 406 381 435 447 453 447 
degeneracy worse : 364 342 371 392 394 392 
SCL #err deg : 4966 / 6600
SCL #err weighted degeneracy : 4920 4923 4900 4908 4903 4906 
degeneracy helps : 413 388 442 455 462 456 
degeneracy worse : 367 345 376 397 399 396 
SCL #err deg : 5038 / 6700
SCL #err weighted degeneracy : 4994 4997 4975 4983 4978 4981 
degeneracy helps : 418 393 446 459 466 460 
degeneracy worse : 374 352 383 404 406 403 
SCL #err deg : 5114 / 6800
SCL #err weighted degeneracy : 5065 5067 5048 5055 5048 5051 
degeneracy helps : 424 400 451 465 474 469 
degeneracy worse : 375 353 385 406 408 406 
SCL #err deg : 5187 / 6900
SCL #err weighted degeneracy : 5134 5136 5118 5125 5119 5123 
degeneracy helps : 435 411 461 474 482 477 
degeneracy worse : 382 360 392 412 414 413 
SCL #err deg : 5268 / 7000
SCL #err weighted degeneracy : 5217 5220 5200 5205 5198 5202 
degeneracy helps : 438 413 465 480 489 484 
degeneracy worse : 387 365 397 417 419 418 
SCL #err deg : 5344 / 7100
SCL #err weighted degeneracy : 5288 5290 5270 5272 5265 5269 
degeneracy helps : 447 424 475 491 500 496 
degeneracy worse : 391 370 401 419 421 421 
SCL #err deg : 5419 / 7200
SCL #err weighted degeneracy : 5368 5370 5350 5352 5343 5345 
degeneracy helps : 453 428 481 495 504 501 
degeneracy worse : 402 379 412 428 428 427 
SCL #err deg : 5490 / 7300
SCL #err weighted degeneracy : 5437 5437 5419 5425 5416 5416 
degeneracy helps : 464 440 492 505 513 512 
degeneracy worse : 411 387 421 440 439 438 
SCL #err deg : 5557 / 7400
SCL #err weighted degeneracy : 5513 5512 5496 5499 5490 5489 
degeneracy helps : 467 443 495 510 518 516 
degeneracy worse : 423 398 434 452 451 448 
SCL #err deg : 5630 / 7500
SCL #err weighted degeneracy : 5588 5587 5570 5572 5564 5563 
degeneracy helps : 470 446 499 515 524 522 
degeneracy worse : 428 403 439 457 458 455 
SCL #err deg : 5700 / 7600
SCL #err weighted degeneracy : 5661 5660 5644 5645 5636 5633 
degeneracy helps : 477 453 505 522 531 530 
degeneracy worse : 438 413 449 467 467 463 
SCL #err deg : 5779 / 7700
SCL #err weighted degeneracy : 5738 5737 5722 5724 5715 5712 
degeneracy helps : 483 459 511 527 536 535 
degeneracy worse : 442 417 454 472 472 468 
SCL #err deg : 5855 / 7800
SCL #err weighted degeneracy : 5819 5820 5801 5803 5794 5792 
degeneracy helps : 487 462 516 531 540 539 
degeneracy worse : 451 427 462 479 479 476 
SCL #err deg : 5926 / 7900
SCL #err weighted degeneracy : 5895 5894 5876 5878 5870 5869 
degeneracy helps : 490 466 519 533 543 542 
degeneracy worse : 459 434 469 485 487 485 
SCL #err deg : 5998 / 8000
SCL #err weighted degeneracy : 5974 5973 5954 5955 5947 5944 
degeneracy helps : 494 470 524 538 549 550 
degeneracy worse : 470 445 480 495 498 496 
SCL #err deg : 6069 / 8100
SCL #err weighted degeneracy : 6047 6048 6028 6029 6020 6016 
degeneracy helps : 500 474 529 543 555 557 
degeneracy worse : 478 453 488 503 506 504 
SCL #err deg : 6145 / 8200
SCL #err weighted degeneracy : 6123 6127 6105 6108 6096 6092 
degeneracy helps : 504 477 533 546 559 561 
degeneracy worse : 482 459 493 509 510 508 
SCL #err deg : 6222 / 8300
SCL #err weighted degeneracy : 6194 6199 6178 6178 6166 6163 
degeneracy helps : 513 485 542 557 570 572 
degeneracy worse : 485 462 498 513 514 513 
SCL #err deg : 6296 / 8400
SCL #err weighted degeneracy : 6271 6276 6255 6255 6244 6239 
degeneracy helps : 517 489 546 561 574 578 
degeneracy worse : 492 469 505 520 522 521 
SCL #err deg : 6371 / 8500
SCL #err weighted degeneracy : 6347 6352 6329 6328 6317 6311 
degeneracy helps : 523 495 553 569 582 586 
degeneracy worse : 499 476 511 526 528 526 
SCL #err deg : 6449 / 8600
SCL #err weighted degeneracy : 6421 6428 6404 6402 6392 6386 
degeneracy helps : 531 502 561 578 590 594 
degeneracy worse : 503 481 516 531 533 531 
SCL #err deg : 6528 / 8700
SCL #err weighted degeneracy : 6498 6506 6480 6477 6469 6465 
degeneracy helps : 539 508 569 587 598 601 
degeneracy worse : 509 486 521 536 539 538 
SCL #err deg : 6606 / 8800
SCL #err weighted degeneracy : 6569 6581 6551 6546 6537 6537 
degeneracy helps : 551 518 582 601 612 613 
degeneracy worse : 514 493 527 541 543 544 
SCL #err deg : 6684 / 8900
SCL #err weighted degeneracy : 6645 6657 6628 6626 6618 6617 
degeneracy helps : 557 523 587 604 615 616 
degeneracy worse : 518 496 531 546 549 549 
SCL #err deg : 6764 / 9000
SCL #err weighted degeneracy : 6718 6730 6702 6700 6695 6694 
degeneracy helps : 567 533 596 613 621 623 
degeneracy worse : 521 499 534 549 552 553 
SCL #err deg : 6838 / 9100
SCL #err weighted degeneracy : 6794 6807 6777 6775 6769 6769 
degeneracy helps : 570 535 600 617 626 628 
degeneracy worse : 526 504 539 554 557 559 
SCL #err deg : 6911 / 9200
SCL #err weighted degeneracy : 6866 6877 6849 6841 6835 6835 
degeneracy helps : 579 545 609 629 638 640 
degeneracy worse : 534 511 547 559 562 564 
SCL #err deg : 6986 / 9300
SCL #err weighted degeneracy : 6942 6953 6924 6917 6910 6909 
degeneracy helps : 589 555 620 638 646 649 
degeneracy worse : 545 522 558 569 570 572 
SCL #err deg : 7062 / 9400
SCL #err weighted degeneracy : 7019 7030 7002 6993 6986 6985 
degeneracy helps : 595 561 626 645 653 656 
degeneracy worse : 552 529 566 576 577 579 
SCL #err deg : 7140 / 9500
SCL #err weighted degeneracy : 7095 7104 7078 7067 7060 7058 
degeneracy helps : 601 568 632 652 660 664 
degeneracy worse : 556 532 570 579 580 582 
SCL #err deg : 7214 / 9600
SCL #err weighted degeneracy : 7170 7179 7153 7142 7136 7133 
degeneracy helps : 606 573 637 657 665 669 
degeneracy worse : 562 538 576 585 587 588 
SCL #err deg : 7295 / 9700
SCL #err weighted degeneracy : 7247 7256 7230 7216 7210 7207 
degeneracy helps : 615 582 647 670 678 682 
degeneracy worse : 567 543 582 591 593 594 
SCL #err deg : 7369 / 9800
SCL #err weighted degeneracy : 7322 7332 7305 7291 7284 7281 
degeneracy helps : 620 586 653 676 685 689 
degeneracy worse : 573 549 589 598 600 601 
SCL #err deg : 7439 / 9900
SCL #err weighted degeneracy : 7397 7405 7379 7364 7357 7354 
degeneracy helps : 625 591 659 682 691 695 
degeneracy worse : 583 557 599 607 609 610 
SCL #err deg : 7514 / 10000
SCL #err weighted degeneracy : 7473 7483 7455 7440 7430 7425 
degeneracy helps : 632 596 666 688 698 702 
degeneracy worse : 591 565 607 614 614 613 
average #flips: 194.521
SCL #err considering degeneracy: 7514
error due to equal 0
error due to SCL smaller 7514
Finish in 11968 s
