Simulation Polar syndrome FASTER N=512, K=257, l=128, pz=0.108, #samples=10000, seed=0
PW construction
Event generator random seed: 0
SCL #err deg : 44 / 100
SCL #err weighted degeneracy : 41 41 41 39 40 41 
degeneracy helps : 8 8 8 11 10 10 
degeneracy worse : 5 5 5 6 6 7 
SCL #err deg : 81 / 200
SCL #err weighted degeneracy : 76 76 76 72 73 75 
degeneracy helps : 17 17 18 22 21 21 
degeneracy worse : 12 12 13 13 13 15 
SCL #err deg : 114 / 300
SCL #err weighted degeneracy : 106 106 105 102 101 102 
degeneracy helps : 26 26 27 32 33 34 
degeneracy worse : 18 18 18 20 20 22 
SCL #err deg : 147 / 400
SCL #err weighted degeneracy : 143 143 142 139 139 140 
degeneracy helps : 31 31 33 38 39 40 
degeneracy worse : 27 27 28 30 31 33 
SCL #err deg : 177 / 500
SCL #err weighted degeneracy : 173 173 173 170 172 173 
degeneracy helps : 37 37 40 46 47 48 
degeneracy worse : 33 33 36 39 42 44 
SCL #err deg : 203 / 600
SCL #err weighted degeneracy : 196 196 195 192 194 196 
degeneracy helps : 45 45 50 56 56 57 
degeneracy worse : 38 38 42 45 47 50 
SCL #err deg : 230 / 700
SCL #err weighted degeneracy : 230 230 229 224 225 226 
degeneracy helps : 50 50 56 62 62 63 
degeneracy worse : 50 50 55 56 57 59 
SCL #err deg : 269 / 800
SCL #err weighted degeneracy : 260 261 259 257 258 263 
degeneracy helps : 63 62 69 74 74 73 
degeneracy worse : 54 54 59 62 63 67 
SCL #err deg : 308 / 900
SCL #err weighted degeneracy : 300 301 300 298 298 303 
degeneracy helps : 72 71 78 83 84 83 
degeneracy worse : 64 64 70 73 74 78 
SCL #err deg : 343 / 1000
SCL #err weighted degeneracy : 328 329 328 329 329 333 
degeneracy helps : 82 81 88 93 94 93 
degeneracy worse : 67 67 73 79 80 83 
SCL #err deg : 386 / 1100
SCL #err weighted degeneracy : 363 365 364 364 365 369 
degeneracy helps : 92 90 98 104 105 105 
degeneracy worse : 69 69 76 82 84 88 
SCL #err deg : 416 / 1200
SCL #err weighted degeneracy : 396 398 395 391 393 396 
degeneracy helps : 95 93 103 112 113 113 
degeneracy worse : 75 75 82 87 90 93 
SCL #err deg : 449 / 1300
SCL #err weighted degeneracy : 430 432 428 422 423 426 
degeneracy helps : 103 101 113 124 124 123 
degeneracy worse : 84 84 92 97 98 100 
SCL #err deg : 476 / 1400
SCL #err weighted degeneracy : 455 457 454 449 449 453 
degeneracy helps : 111 109 121 131 131 130 
degeneracy worse : 90 90 99 104 104 107 
SCL #err deg : 511 / 1500
SCL #err weighted degeneracy : 485 487 486 484 487 489 
degeneracy helps : 122 120 133 143 143 143 
degeneracy worse : 96 96 108 116 119 121 
SCL #err deg : 540 / 1600
SCL #err weighted degeneracy : 517 519 522 519 522 524 
degeneracy helps : 125 123 137 148 148 149 
degeneracy worse : 102 102 119 127 130 133 
SCL #err deg : 568 / 1700
SCL #err weighted degeneracy : 549 551 554 550 552 554 
degeneracy helps : 128 126 142 154 155 156 
degeneracy worse : 109 109 128 136 139 142 
SCL #err deg : 594 / 1800
SCL #err weighted degeneracy : 575 577 581 577 577 579 
degeneracy helps : 136 134 150 163 166 167 
degeneracy worse : 117 117 137 146 149 152 
SCL #err deg : 627 / 1900
SCL #err weighted degeneracy : 606 608 613 608 608 612 
degeneracy helps : 142 140 155 169 172 173 
degeneracy worse : 121 121 141 150 153 158 
SCL #err deg : 653 / 2000
SCL #err weighted degeneracy : 630 631 635 629 629 633 
degeneracy helps : 149 147 164 178 181 182 
degeneracy worse : 126 125 146 154 157 162 
SCL #err deg : 684 / 2100
SCL #err weighted degeneracy : 662 663 665 660 660 664 
degeneracy helps : 153 151 170 184 187 188 
degeneracy worse : 132 131 151 160 163 168 
SCL #err deg : 725 / 2200
SCL #err weighted degeneracy : 704 705 707 700 699 702 
degeneracy helps : 158 156 176 193 197 198 
degeneracy worse : 138 137 158 168 171 175 
SCL #err deg : 754 / 2300
SCL #err weighted degeneracy : 731 732 735 732 732 735 
degeneracy helps : 167 165 187 202 206 209 
degeneracy worse : 145 144 168 180 184 190 
SCL #err deg : 792 / 2400
SCL #err weighted degeneracy : 766 767 769 765 765 769 
degeneracy helps : 175 173 198 214 218 221 
degeneracy worse : 150 149 175 187 191 198 
SCL #err deg : 826 / 2500
SCL #err weighted degeneracy : 795 796 799 795 794 799 
degeneracy helps : 185 183 208 224 229 232 
degeneracy worse : 155 154 181 193 197 205 
SCL #err deg : 863 / 2600
SCL #err weighted degeneracy : 834 835 839 837 838 842 
degeneracy helps : 189 187 212 227 231 234 
degeneracy worse : 161 160 188 201 206 213 
SCL #err deg : 892 / 2700
SCL #err weighted degeneracy : 859 860 863 861 862 866 
degeneracy helps : 197 195 220 235 239 243 
degeneracy worse : 165 164 191 204 209 217 
SCL #err deg : 928 / 2800
SCL #err weighted degeneracy : 890 891 890 886 888 892 
degeneracy helps : 208 206 234 251 255 259 
degeneracy worse : 171 170 196 209 215 223 
SCL #err deg : 963 / 2900
SCL #err weighted degeneracy : 920 921 919 916 921 927 
degeneracy helps : 218 216 247 263 265 269 
degeneracy worse : 176 175 203 216 223 233 
SCL #err deg : 993 / 3000
SCL #err weighted degeneracy : 945 946 943 940 947 951 
degeneracy helps : 228 226 258 274 276 281 
degeneracy worse : 181 180 208 221 230 239 
SCL #err deg : 1026 / 3100
SCL #err weighted degeneracy : 976 977 974 972 979 983 
degeneracy helps : 235 233 265 281 283 288 
degeneracy worse : 186 185 213 227 236 245 
SCL #err deg : 1062 / 3200
SCL #err weighted degeneracy : 1004 1005 1003 1004 1011 1014 
degeneracy helps : 247 245 276 290 292 298 
degeneracy worse : 190 189 217 232 241 250 
SCL #err deg : 1092 / 3300
SCL #err weighted degeneracy : 1034 1035 1031 1031 1037 1041 
degeneracy helps : 254 252 285 301 304 310 
degeneracy worse : 197 196 224 240 249 259 
SCL #err deg : 1125 / 3400
SCL #err weighted degeneracy : 1067 1068 1066 1065 1070 1074 
degeneracy helps : 262 260 293 310 314 321 
degeneracy worse : 205 204 234 250 259 270 
SCL #err deg : 1165 / 3500
SCL #err weighted degeneracy : 1106 1107 1106 1104 1111 1115 
degeneracy helps : 266 264 298 316 320 328 
degeneracy worse : 208 207 239 255 266 278 
SCL #err deg : 1199 / 3600
SCL #err weighted degeneracy : 1141 1143 1142 1138 1146 1149 
degeneracy helps : 271 268 304 324 327 336 
degeneracy worse : 214 213 247 263 274 286 
SCL #err deg : 1231 / 3700
SCL #err weighted degeneracy : 1173 1175 1174 1170 1179 1181 
degeneracy helps : 279 276 311 332 335 345 
degeneracy worse : 222 221 254 271 283 295 
SCL #err deg : 1261 / 3800
SCL #err weighted degeneracy : 1202 1204 1202 1200 1209 1210 
degeneracy helps : 285 282 319 339 343 353 
degeneracy worse : 227 226 260 278 291 302 
SCL #err deg : 1295 / 3900
SCL #err weighted degeneracy : 1240 1242 1239 1237 1247 1249 
degeneracy helps : 290 287 324 346 350 360 
degeneracy worse : 236 235 268 288 302 314 
SCL #err deg : 1328 / 4000
SCL #err weighted degeneracy : 1272 1274 1272 1271 1280 1282 
degeneracy helps : 295 292 329 352 357 367 
degeneracy worse : 240 239 273 295 309 321 
SCL #err deg : 1363 / 4100
SCL #err weighted degeneracy : 1306 1308 1304 1304 1314 1315 
degeneracy helps : 302 299 338 362 366 377 
degeneracy worse : 246 245 279 303 317 329 
SCL #err deg : 1393 / 4200
SCL #err weighted degeneracy : 1342 1344 1339 1336 1346 1347 
degeneracy helps : 307 304 343 369 373 384 
degeneracy worse : 257 256 289 312 326 338 
SCL #err deg : 1423 / 4300
SCL #err weighted degeneracy : 1370 1372 1368 1364 1377 1377 
degeneracy helps : 314 311 350 378 380 391 
degeneracy worse : 262 261 295 319 334 345 
SCL #err deg : 1466 / 4400
SCL #err weighted degeneracy : 1405 1407 1402 1400 1415 1414 
degeneracy helps : 325 322 363 391 392 403 
degeneracy worse : 265 264 299 325 341 351 
SCL #err deg : 1502 / 4500
SCL #err weighted degeneracy : 1440 1442 1434 1432 1448 1447 
degeneracy helps : 331 328 371 399 400 412 
degeneracy worse : 270 269 303 329 346 357 
SCL #err deg : 1537 / 4600
SCL #err weighted degeneracy : 1476 1478 1469 1467 1484 1483 
degeneracy helps : 337 334 379 408 410 422 
degeneracy worse : 277 276 311 338 357 368 
SCL #err deg : 1569 / 4700
SCL #err weighted degeneracy : 1505 1507 1499 1498 1516 1515 
degeneracy helps : 343 340 385 413 414 426 
degeneracy worse : 280 279 315 342 361 372 
SCL #err deg : 1602 / 4800
SCL #err weighted degeneracy : 1537 1539 1532 1532 1550 1550 
degeneracy helps : 352 349 395 422 423 435 
degeneracy worse : 288 287 325 352 371 383 
SCL #err deg : 1633 / 4900
SCL #err weighted degeneracy : 1561 1563 1557 1559 1576 1576 
degeneracy helps : 362 359 405 433 434 446 
degeneracy worse : 291 290 329 359 377 389 
SCL #err deg : 1659 / 5000
SCL #err weighted degeneracy : 1590 1592 1587 1588 1605 1606 
degeneracy helps : 370 367 412 441 442 454 
degeneracy worse : 302 301 340 370 388 401 
SCL #err deg : 1692 / 5100
SCL #err weighted degeneracy : 1621 1623 1617 1617 1635 1637 
degeneracy helps : 375 372 419 450 450 462 
degeneracy worse : 305 304 344 375 393 407 
SCL #err deg : 1732 / 5200
SCL #err weighted degeneracy : 1658 1660 1654 1654 1673 1675 
degeneracy helps : 382 379 427 459 460 472 
degeneracy worse : 309 308 349 381 401 415 
SCL #err deg : 1770 / 5300
SCL #err weighted degeneracy : 1693 1695 1685 1687 1706 1708 
degeneracy helps : 392 389 440 471 472 486 
degeneracy worse : 316 315 355 388 408 424 
SCL #err deg : 1807 / 5400
SCL #err weighted degeneracy : 1728 1730 1720 1723 1744 1747 
degeneracy helps : 402 399 452 483 482 496 
degeneracy worse : 324 323 365 399 419 436 
SCL #err deg : 1835 / 5500
SCL #err weighted degeneracy : 1754 1756 1746 1750 1772 1775 
degeneracy helps : 410 407 461 492 491 505 
degeneracy worse : 330 329 372 407 428 445 
SCL #err deg : 1875 / 5600
SCL #err weighted degeneracy : 1787 1789 1778 1784 1806 1809 
degeneracy helps : 421 418 472 503 502 516 
degeneracy worse : 334 333 375 412 433 450 
SCL #err deg : 1900 / 5700
SCL #err weighted degeneracy : 1814 1816 1807 1813 1836 1837 
degeneracy helps : 423 420 474 508 507 523 
degeneracy worse : 338 337 381 421 443 460 
SCL #err deg : 1939 / 5800
SCL #err weighted degeneracy : 1850 1852 1839 1846 1871 1873 
degeneracy helps : 429 426 485 517 516 532 
degeneracy worse : 341 340 385 424 448 466 
SCL #err deg : 1974 / 5900
SCL #err weighted degeneracy : 1883 1885 1874 1881 1906 1909 
degeneracy helps : 434 431 490 523 522 538 
degeneracy worse : 344 343 390 430 454 473 
SCL #err deg : 2006 / 6000
SCL #err weighted degeneracy : 1911 1913 1901 1909 1933 1935 
degeneracy helps : 443 440 500 533 533 550 
degeneracy worse : 349 348 395 436 460 479 
SCL #err deg : 2038 / 6100
SCL #err weighted degeneracy : 1938 1940 1926 1933 1957 1959 
degeneracy helps : 451 448 510 543 543 560 
degeneracy worse : 352 351 398 438 462 481 
SCL #err deg : 2074 / 6200
SCL #err weighted degeneracy : 1971 1973 1960 1968 1990 1992 
degeneracy helps : 458 455 518 553 555 572 
degeneracy worse : 356 355 404 447 471 490 
SCL #err deg : 2108 / 6300
SCL #err weighted degeneracy : 2002 2004 1989 2003 2024 2025 
degeneracy helps : 465 462 527 560 562 580 
degeneracy worse : 360 359 408 455 478 497 
SCL #err deg : 2138 / 6400
SCL #err weighted degeneracy : 2029 2031 2015 2029 2049 2049 
degeneracy helps : 472 469 534 568 571 590 
degeneracy worse : 364 363 411 459 482 501 
SCL #err deg : 2175 / 6500
SCL #err weighted degeneracy : 2061 2063 2046 2063 2082 2083 
degeneracy helps : 481 478 544 577 582 601 
degeneracy worse : 368 367 415 465 489 509 
SCL #err deg : 2204 / 6600
SCL #err weighted degeneracy : 2085 2087 2068 2085 2105 2106 
degeneracy helps : 491 488 555 588 592 611 
degeneracy worse : 373 372 419 469 493 513 
SCL #err deg : 2235 / 6700
SCL #err weighted degeneracy : 2120 2123 2103 2123 2141 2142 
degeneracy helps : 498 494 562 594 599 619 
degeneracy worse : 384 383 430 482 505 526 
SCL #err deg : 2261 / 6800
SCL #err weighted degeneracy : 2152 2155 2138 2157 2176 2176 
degeneracy helps : 500 496 564 598 603 624 
degeneracy worse : 392 391 441 494 518 539 
SCL #err deg : 2293 / 6900
SCL #err weighted degeneracy : 2189 2192 2173 2196 2213 2213 
degeneracy helps : 505 501 571 605 611 632 
degeneracy worse : 402 401 451 508 531 552 
SCL #err deg : 2327 / 7000
SCL #err weighted degeneracy : 2222 2225 2208 2230 2248 2247 
degeneracy helps : 509 505 575 610 616 638 
degeneracy worse : 405 404 456 513 537 558 
SCL #err deg : 2357 / 7100
SCL #err weighted degeneracy : 2250 2253 2235 2257 2275 2275 
degeneracy helps : 516 512 584 619 625 647 
degeneracy worse : 410 409 462 519 543 565 
SCL #err deg : 2398 / 7200
SCL #err weighted degeneracy : 2280 2283 2266 2289 2305 2306 
degeneracy helps : 531 527 599 635 643 665 
degeneracy worse : 414 413 467 526 550 573 
SCL #err deg : 2428 / 7300
SCL #err weighted degeneracy : 2310 2313 2295 2320 2336 2337 
degeneracy helps : 535 531 605 639 647 669 
degeneracy worse : 418 417 472 531 555 578 
SCL #err deg : 2464 / 7400
SCL #err weighted degeneracy : 2347 2350 2331 2358 2375 2377 
degeneracy helps : 544 540 617 651 659 679 
degeneracy worse : 428 427 484 545 570 592 
SCL #err deg : 2501 / 7500
SCL #err weighted degeneracy : 2377 2380 2362 2389 2408 2410 
degeneracy helps : 556 552 628 663 671 691 
degeneracy worse : 433 432 489 551 578 600 
SCL #err deg : 2528 / 7600
SCL #err weighted degeneracy : 2407 2410 2392 2418 2436 2438 
degeneracy helps : 559 555 632 668 677 697 
degeneracy worse : 439 438 496 558 585 607 
SCL #err deg : 2557 / 7700
SCL #err weighted degeneracy : 2437 2440 2422 2449 2469 2472 
degeneracy helps : 566 562 640 676 684 704 
degeneracy worse : 447 446 505 568 596 619 
SCL #err deg : 2593 / 7800
SCL #err weighted degeneracy : 2476 2479 2460 2486 2506 2508 
degeneracy helps : 572 568 647 683 691 711 
degeneracy worse : 456 455 514 576 604 626 
SCL #err deg : 2626 / 7900
SCL #err weighted degeneracy : 2510 2513 2495 2518 2538 2539 
degeneracy helps : 580 576 656 694 702 722 
degeneracy worse : 465 464 525 586 614 635 
SCL #err deg : 2665 / 8000
SCL #err weighted degeneracy : 2543 2546 2529 2551 2570 2573 
degeneracy helps : 587 583 663 702 711 731 
degeneracy worse : 466 465 527 588 616 639 
SCL #err deg : 2708 / 8100
SCL #err weighted degeneracy : 2576 2579 2559 2581 2599 2604 
degeneracy helps : 602 598 681 721 731 750 
degeneracy worse : 471 470 532 594 622 646 
SCL #err deg : 2742 / 8200
SCL #err weighted degeneracy : 2614 2616 2596 2619 2635 2640 
degeneracy helps : 605 601 685 725 736 756 
degeneracy worse : 478 476 539 602 629 654 
SCL #err deg : 2768 / 8300
SCL #err weighted degeneracy : 2638 2640 2622 2644 2660 2664 
degeneracy helps : 611 607 692 733 744 765 
degeneracy worse : 482 480 546 609 636 661 
SCL #err deg : 2800 / 8400
SCL #err weighted degeneracy : 2671 2673 2657 2679 2696 2701 
degeneracy helps : 619 615 699 740 751 772 
degeneracy worse : 491 489 556 619 647 673 
SCL #err deg : 2829 / 8500
SCL #err weighted degeneracy : 2697 2699 2684 2706 2724 2730 
degeneracy helps : 626 622 705 746 757 778 
degeneracy worse : 495 493 560 623 652 679 
SCL #err deg : 2872 / 8600
SCL #err weighted degeneracy : 2738 2740 2726 2750 2768 2774 
degeneracy helps : 636 632 716 757 768 789 
degeneracy worse : 503 501 570 635 664 691 
SCL #err deg : 2908 / 8700
SCL #err weighted degeneracy : 2776 2778 2766 2790 2808 2812 
degeneracy helps : 640 636 721 762 773 796 
degeneracy worse : 509 507 579 644 673 700 
SCL #err deg : 2933 / 8800
SCL #err weighted degeneracy : 2801 2803 2792 2817 2838 2844 
degeneracy helps : 647 643 728 770 780 803 
degeneracy worse : 516 514 587 654 685 714 
SCL #err deg : 2972 / 8900
SCL #err weighted degeneracy : 2838 2840 2828 2854 2874 2880 
degeneracy helps : 653 649 736 780 791 815 
degeneracy worse : 520 518 592 662 693 723 
SCL #err deg : 3012 / 9000
SCL #err weighted degeneracy : 2871 2873 2860 2887 2907 2914 
degeneracy helps : 663 659 747 793 805 828 
degeneracy worse : 523 521 595 668 700 730 
SCL #err deg : 3046 / 9100
SCL #err weighted degeneracy : 2900 2902 2891 2917 2937 2944 
degeneracy helps : 671 667 754 801 813 836 
degeneracy worse : 526 524 599 672 704 734 
SCL #err deg : 3074 / 9200
SCL #err weighted degeneracy : 2929 2931 2919 2944 2964 2969 
degeneracy helps : 675 671 760 808 821 844 
degeneracy worse : 531 529 605 678 711 739 
SCL #err deg : 3111 / 9300
SCL #err weighted degeneracy : 2965 2967 2955 2980 3000 3004 
degeneracy helps : 682 678 767 816 829 853 
degeneracy worse : 537 535 611 685 718 746 
SCL #err deg : 3147 / 9400
SCL #err weighted degeneracy : 3000 3002 2991 3017 3038 3045 
degeneracy helps : 688 684 775 824 837 859 
degeneracy worse : 542 540 619 694 728 757 
SCL #err deg : 3180 / 9500
SCL #err weighted degeneracy : 3039 3041 3031 3056 3076 3082 
degeneracy helps : 693 689 780 829 842 866 
degeneracy worse : 553 551 631 705 738 768 
SCL #err deg : 3212 / 9600
SCL #err weighted degeneracy : 3070 3072 3065 3090 3109 3115 
degeneracy helps : 699 695 786 836 850 874 
degeneracy worse : 558 556 639 714 747 777 
SCL #err deg : 3242 / 9700
SCL #err weighted degeneracy : 3096 3098 3091 3118 3137 3141 
degeneracy helps : 704 700 793 843 858 884 
degeneracy worse : 559 557 642 719 753 783 
SCL #err deg : 3275 / 9800
SCL #err weighted degeneracy : 3132 3134 3125 3154 3173 3177 
degeneracy helps : 709 705 800 850 865 891 
degeneracy worse : 567 565 650 729 763 793 
SCL #err deg : 3302 / 9900
SCL #err weighted degeneracy : 3158 3160 3151 3182 3202 3204 
degeneracy helps : 714 710 805 855 870 898 
degeneracy worse : 571 569 654 735 770 800 
SCL #err deg : 3327 / 10000
SCL #err weighted degeneracy : 3178 3180 3170 3202 3222 3223 
degeneracy helps : 723 719 814 864 880 909 
degeneracy worse : 575 573 657 739 775 805 
average #flips: 55.3395
SCL #err considering degeneracy: 3327
error due to equal 522
error due to SCL smaller 2803
Finish in 5146 s
