Simulation Polar syndrome FASTER N=512, K=257, l=128, pz=0.102, #samples=10000, seed=197
PW construction
Event generator random seed: 197
SCL #err deg : 27 / 100
SCL #err weighted degeneracy : 19 19 22 22 24 25 
degeneracy helps : 13 13 13 12 11 10 
degeneracy worse : 5 5 8 7 8 8 
SCL #err deg : 46 / 200
SCL #err weighted degeneracy : 42 42 44 46 49 52 
degeneracy helps : 17 17 18 17 17 16 
degeneracy worse : 13 13 16 17 20 22 
SCL #err deg : 71 / 300
SCL #err weighted degeneracy : 62 62 65 67 71 75 
degeneracy helps : 25 25 25 25 25 23 
degeneracy worse : 16 16 19 21 25 27 
SCL #err deg : 92 / 400
SCL #err weighted degeneracy : 79 79 80 83 85 89 
degeneracy helps : 31 31 34 36 38 37 
degeneracy worse : 18 18 22 27 31 34 
SCL #err deg : 115 / 500
SCL #err weighted degeneracy : 103 103 103 106 109 114 
degeneracy helps : 36 36 40 42 43 42 
degeneracy worse : 24 24 28 33 37 41 
SCL #err deg : 146 / 600
SCL #err weighted degeneracy : 129 129 128 132 135 138 
degeneracy helps : 43 43 48 51 52 53 
degeneracy worse : 26 26 30 37 41 45 
SCL #err deg : 175 / 700
SCL #err weighted degeneracy : 152 152 150 158 161 165 
degeneracy helps : 52 52 57 58 59 59 
degeneracy worse : 29 29 32 41 45 49 
SCL #err deg : 206 / 800
SCL #err weighted degeneracy : 182 182 181 187 190 194 
degeneracy helps : 57 57 62 65 66 67 
degeneracy worse : 33 33 37 46 50 55 
SCL #err deg : 231 / 900
SCL #err weighted degeneracy : 208 208 207 215 219 225 
degeneracy helps : 61 61 66 69 70 71 
degeneracy worse : 38 38 42 53 58 65 
SCL #err deg : 263 / 1000
SCL #err weighted degeneracy : 233 233 232 242 247 254 
degeneracy helps : 72 72 78 80 81 81 
degeneracy worse : 42 42 47 59 65 72 
SCL #err deg : 293 / 1100
SCL #err weighted degeneracy : 255 255 254 266 272 277 
degeneracy helps : 83 83 89 90 91 93 
degeneracy worse : 45 45 50 63 70 77 
SCL #err deg : 322 / 1200
SCL #err weighted degeneracy : 283 283 281 293 300 304 
degeneracy helps : 90 90 97 99 100 103 
degeneracy worse : 51 51 56 70 78 85 
SCL #err deg : 350 / 1300
SCL #err weighted degeneracy : 305 305 304 316 322 329 
degeneracy helps : 98 98 105 109 111 111 
degeneracy worse : 53 53 59 75 83 90 
SCL #err deg : 373 / 1400
SCL #err weighted degeneracy : 325 325 326 339 347 356 
degeneracy helps : 103 103 111 114 115 115 
degeneracy worse : 55 55 64 80 89 98 
SCL #err deg : 394 / 1500
SCL #err weighted degeneracy : 348 348 349 363 372 381 
degeneracy helps : 106 106 116 119 120 120 
degeneracy worse : 60 60 71 88 98 107 
SCL #err deg : 433 / 1600
SCL #err weighted degeneracy : 381 381 380 395 406 414 
degeneracy helps : 114 114 125 127 127 128 
degeneracy worse : 62 62 72 89 100 109 
SCL #err deg : 459 / 1700
SCL #err weighted degeneracy : 409 409 406 418 429 435 
degeneracy helps : 118 118 130 136 136 139 
degeneracy worse : 68 68 77 95 106 115 
SCL #err deg : 485 / 1800
SCL #err weighted degeneracy : 428 428 427 440 453 459 
degeneracy helps : 130 130 141 146 144 147 
degeneracy worse : 73 73 83 101 112 121 
SCL #err deg : 508 / 1900
SCL #err weighted degeneracy : 451 451 450 462 476 480 
degeneracy helps : 136 136 148 154 151 155 
degeneracy worse : 79 79 90 108 119 127 
SCL #err deg : 530 / 2000
SCL #err weighted degeneracy : 472 472 474 489 502 508 
degeneracy helps : 140 140 152 158 156 159 
degeneracy worse : 82 82 96 117 128 137 
SCL #err deg : 550 / 2100
SCL #err weighted degeneracy : 489 489 489 504 517 527 
degeneracy helps : 145 145 159 166 164 166 
degeneracy worse : 84 84 98 120 131 143 
SCL #err deg : 573 / 2200
SCL #err weighted degeneracy : 510 510 509 527 540 551 
degeneracy helps : 154 154 169 174 172 174 
degeneracy worse : 91 91 105 128 139 152 
SCL #err deg : 597 / 2300
SCL #err weighted degeneracy : 536 536 536 554 568 580 
degeneracy helps : 159 159 175 181 179 181 
degeneracy worse : 98 98 114 138 150 164 
SCL #err deg : 618 / 2400
SCL #err weighted degeneracy : 557 557 555 574 588 602 
degeneracy helps : 162 162 180 187 185 186 
degeneracy worse : 101 101 117 143 155 170 
SCL #err deg : 645 / 2500
SCL #err weighted degeneracy : 580 580 580 599 612 627 
degeneracy helps : 170 170 187 195 193 193 
degeneracy worse : 105 105 122 149 160 175 
SCL #err deg : 671 / 2600
SCL #err weighted degeneracy : 600 600 601 620 631 647 
degeneracy helps : 178 178 195 203 201 201 
degeneracy worse : 107 107 125 152 161 177 
SCL #err deg : 700 / 2700
SCL #err weighted degeneracy : 628 628 633 652 663 678 
degeneracy helps : 187 187 205 214 212 212 
degeneracy worse : 115 115 138 166 175 190 
SCL #err deg : 724 / 2800
SCL #err weighted degeneracy : 651 651 656 679 691 709 
degeneracy helps : 192 192 210 218 216 215 
degeneracy worse : 119 119 142 173 183 200 
SCL #err deg : 753 / 2900
SCL #err weighted degeneracy : 673 673 678 701 714 733 
degeneracy helps : 202 202 220 228 226 224 
degeneracy worse : 122 122 145 176 187 204 
SCL #err deg : 776 / 3000
SCL #err weighted degeneracy : 694 694 699 721 734 755 
degeneracy helps : 209 209 227 236 234 231 
degeneracy worse : 127 127 150 181 192 210 
SCL #err deg : 799 / 3100
SCL #err weighted degeneracy : 715 715 720 744 759 779 
degeneracy helps : 214 214 232 241 239 236 
degeneracy worse : 130 130 153 186 199 216 
SCL #err deg : 825 / 3200
SCL #err weighted degeneracy : 742 742 747 771 785 805 
degeneracy helps : 219 219 237 247 245 242 
degeneracy worse : 136 136 159 193 205 222 
SCL #err deg : 852 / 3300
SCL #err weighted degeneracy : 764 764 769 792 806 825 
degeneracy helps : 226 226 245 256 255 253 
degeneracy worse : 138 138 162 196 209 226 
SCL #err deg : 879 / 3400
SCL #err weighted degeneracy : 788 788 796 819 832 852 
degeneracy helps : 232 232 250 261 261 259 
degeneracy worse : 141 141 167 201 214 232 
SCL #err deg : 897 / 3500
SCL #err weighted degeneracy : 809 809 816 841 855 874 
degeneracy helps : 232 232 251 262 262 260 
degeneracy worse : 144 144 170 206 220 237 
SCL #err deg : 926 / 3600
SCL #err weighted degeneracy : 836 836 844 869 883 901 
degeneracy helps : 240 240 259 270 271 271 
degeneracy worse : 150 150 177 213 228 246 
SCL #err deg : 951 / 3700
SCL #err weighted degeneracy : 860 860 869 895 910 927 
degeneracy helps : 245 245 264 275 276 277 
degeneracy worse : 154 154 182 219 235 253 
SCL #err deg : 974 / 3800
SCL #err weighted degeneracy : 878 878 888 917 932 946 
degeneracy helps : 254 254 273 283 284 288 
degeneracy worse : 158 158 187 226 242 260 
SCL #err deg : 997 / 3900
SCL #err weighted degeneracy : 899 899 910 941 956 971 
degeneracy helps : 258 258 276 286 287 291 
degeneracy worse : 160 160 189 230 246 265 
SCL #err deg : 1027 / 4000
SCL #err weighted degeneracy : 924 924 936 966 981 996 
degeneracy helps : 267 267 284 294 295 299 
degeneracy worse : 164 164 193 233 249 268 
SCL #err deg : 1046 / 4100
SCL #err weighted degeneracy : 946 946 956 990 1006 1021 
degeneracy helps : 272 272 290 299 299 303 
degeneracy worse : 172 172 200 243 259 278 
SCL #err deg : 1075 / 4200
SCL #err weighted degeneracy : 969 969 981 1017 1034 1050 
degeneracy helps : 282 282 300 310 311 314 
degeneracy worse : 176 176 206 252 270 289 
SCL #err deg : 1103 / 4300
SCL #err weighted degeneracy : 993 993 1006 1044 1063 1077 
degeneracy helps : 292 292 308 317 316 321 
degeneracy worse : 182 182 211 258 276 295 
SCL #err deg : 1128 / 4400
SCL #err weighted degeneracy : 1017 1017 1032 1068 1086 1100 
degeneracy helps : 299 299 314 325 325 330 
degeneracy worse : 188 188 218 265 283 302 
SCL #err deg : 1144 / 4500
SCL #err weighted degeneracy : 1031 1031 1046 1082 1098 1113 
degeneracy helps : 305 305 320 331 332 336 
degeneracy worse : 192 192 222 269 286 305 
SCL #err deg : 1163 / 4600
SCL #err weighted degeneracy : 1050 1050 1068 1104 1120 1137 
degeneracy helps : 310 310 324 334 336 340 
degeneracy worse : 197 197 229 275 293 314 
SCL #err deg : 1194 / 4700
SCL #err weighted degeneracy : 1071 1071 1089 1126 1146 1164 
degeneracy helps : 324 324 340 349 348 352 
degeneracy worse : 201 201 235 281 300 322 
SCL #err deg : 1220 / 4800
SCL #err weighted degeneracy : 1096 1096 1112 1150 1170 1188 
degeneracy helps : 331 331 348 357 356 360 
degeneracy worse : 207 207 240 287 306 328 
SCL #err deg : 1250 / 4900
SCL #err weighted degeneracy : 1123 1123 1139 1180 1198 1216 
degeneracy helps : 341 341 357 364 364 368 
degeneracy worse : 214 214 246 294 312 334 
SCL #err deg : 1274 / 5000
SCL #err weighted degeneracy : 1142 1142 1158 1199 1217 1239 
degeneracy helps : 350 350 367 374 374 377 
degeneracy worse : 218 218 251 299 317 342 
SCL #err deg : 1295 / 5100
SCL #err weighted degeneracy : 1167 1167 1181 1221 1240 1261 
degeneracy helps : 353 353 372 379 380 383 
degeneracy worse : 225 225 258 305 325 349 
SCL #err deg : 1319 / 5200
SCL #err weighted degeneracy : 1191 1191 1201 1242 1264 1284 
degeneracy helps : 359 359 381 388 388 391 
degeneracy worse : 231 231 263 311 333 356 
SCL #err deg : 1336 / 5300
SCL #err weighted degeneracy : 1205 1205 1217 1259 1282 1301 
degeneracy helps : 365 365 387 394 394 397 
degeneracy worse : 234 234 268 317 340 362 
SCL #err deg : 1370 / 5400
SCL #err weighted degeneracy : 1239 1239 1248 1288 1314 1335 
degeneracy helps : 371 371 396 406 406 408 
degeneracy worse : 240 240 274 324 350 373 
SCL #err deg : 1397 / 5500
SCL #err weighted degeneracy : 1263 1263 1271 1311 1337 1358 
degeneracy helps : 377 377 403 414 415 418 
degeneracy worse : 243 243 277 328 355 379 
SCL #err deg : 1421 / 5600
SCL #err weighted degeneracy : 1288 1288 1298 1338 1363 1382 
degeneracy helps : 381 381 407 420 421 426 
degeneracy worse : 248 248 284 337 363 387 
SCL #err deg : 1441 / 5700
SCL #err weighted degeneracy : 1309 1309 1319 1358 1383 1402 
degeneracy helps : 386 386 412 427 428 434 
degeneracy worse : 254 254 290 344 370 395 
SCL #err deg : 1465 / 5800
SCL #err weighted degeneracy : 1334 1334 1344 1382 1406 1426 
degeneracy helps : 392 392 418 434 436 441 
degeneracy worse : 261 261 297 351 377 402 
SCL #err deg : 1484 / 5900
SCL #err weighted degeneracy : 1351 1351 1362 1399 1422 1443 
degeneracy helps : 396 396 422 439 442 447 
degeneracy worse : 263 263 300 354 380 406 
SCL #err deg : 1505 / 6000
SCL #err weighted degeneracy : 1369 1369 1382 1419 1445 1468 
degeneracy helps : 404 404 430 448 451 456 
degeneracy worse : 268 268 307 362 391 419 
SCL #err deg : 1525 / 6100
SCL #err weighted degeneracy : 1388 1388 1402 1440 1467 1491 
degeneracy helps : 410 410 437 455 457 462 
degeneracy worse : 273 273 314 370 399 428 
SCL #err deg : 1547 / 6200
SCL #err weighted degeneracy : 1406 1406 1421 1459 1486 1510 
degeneracy helps : 417 417 443 461 465 470 
degeneracy worse : 276 276 317 373 404 433 
SCL #err deg : 1575 / 6300
SCL #err weighted degeneracy : 1432 1432 1449 1487 1516 1541 
degeneracy helps : 423 423 449 468 472 477 
degeneracy worse : 280 280 323 380 413 443 
SCL #err deg : 1602 / 6400
SCL #err weighted degeneracy : 1455 1455 1472 1512 1543 1568 
degeneracy helps : 432 432 458 477 481 485 
degeneracy worse : 285 285 328 387 422 451 
SCL #err deg : 1628 / 6500
SCL #err weighted degeneracy : 1483 1483 1497 1536 1567 1593 
degeneracy helps : 436 436 465 484 489 493 
degeneracy worse : 291 291 334 392 428 458 
SCL #err deg : 1658 / 6600
SCL #err weighted degeneracy : 1508 1508 1522 1561 1590 1615 
degeneracy helps : 443 443 472 491 498 503 
degeneracy worse : 293 293 336 394 430 460 
SCL #err deg : 1672 / 6700
SCL #err weighted degeneracy : 1522 1522 1534 1579 1612 1637 
degeneracy helps : 448 448 478 496 502 507 
degeneracy worse : 298 298 340 403 442 472 
SCL #err deg : 1695 / 6800
SCL #err weighted degeneracy : 1543 1543 1558 1606 1640 1667 
degeneracy helps : 454 454 482 499 505 510 
degeneracy worse : 302 302 345 410 450 482 
SCL #err deg : 1719 / 6900
SCL #err weighted degeneracy : 1565 1565 1581 1629 1663 1690 
degeneracy helps : 457 457 484 502 508 513 
degeneracy worse : 303 303 346 412 452 484 
SCL #err deg : 1749 / 7000
SCL #err weighted degeneracy : 1593 1593 1604 1652 1685 1713 
degeneracy helps : 465 465 495 515 522 527 
degeneracy worse : 309 309 350 418 458 491 
SCL #err deg : 1773 / 7100
SCL #err weighted degeneracy : 1619 1619 1630 1680 1712 1742 
degeneracy helps : 469 469 502 522 529 534 
degeneracy worse : 315 315 359 429 468 503 
SCL #err deg : 1795 / 7200
SCL #err weighted degeneracy : 1635 1635 1646 1698 1730 1760 
degeneracy helps : 478 478 511 530 539 544 
degeneracy worse : 318 318 362 433 474 509 
SCL #err deg : 1823 / 7300
SCL #err weighted degeneracy : 1657 1657 1667 1722 1754 1783 
degeneracy helps : 488 488 521 541 550 556 
degeneracy worse : 322 322 365 440 481 516 
SCL #err deg : 1844 / 7400
SCL #err weighted degeneracy : 1678 1678 1690 1744 1776 1806 
degeneracy helps : 493 493 525 546 556 562 
degeneracy worse : 327 327 371 446 488 524 
SCL #err deg : 1876 / 7500
SCL #err weighted degeneracy : 1706 1706 1718 1771 1803 1833 
degeneracy helps : 504 504 536 557 568 574 
degeneracy worse : 334 334 378 452 495 531 
SCL #err deg : 1897 / 7600
SCL #err weighted degeneracy : 1720 1720 1735 1788 1820 1851 
degeneracy helps : 512 512 545 565 576 582 
degeneracy worse : 335 335 383 456 499 536 
SCL #err deg : 1918 / 7700
SCL #err weighted degeneracy : 1741 1741 1753 1804 1835 1866 
degeneracy helps : 519 519 554 576 587 593 
degeneracy worse : 342 342 389 462 504 541 
SCL #err deg : 1943 / 7800
SCL #err weighted degeneracy : 1760 1760 1774 1826 1858 1889 
degeneracy helps : 525 525 560 581 593 599 
degeneracy worse : 342 342 391 464 508 545 
SCL #err deg : 1971 / 7900
SCL #err weighted degeneracy : 1784 1784 1799 1852 1885 1916 
degeneracy helps : 532 532 568 589 601 607 
degeneracy worse : 345 345 396 470 515 552 
SCL #err deg : 1991 / 8000
SCL #err weighted degeneracy : 1803 1803 1818 1873 1907 1939 
degeneracy helps : 537 537 574 595 607 613 
degeneracy worse : 349 349 401 477 523 561 
SCL #err deg : 2015 / 8100
SCL #err weighted degeneracy : 1825 1825 1841 1895 1929 1960 
degeneracy helps : 544 544 582 605 617 624 
degeneracy worse : 354 354 408 485 531 569 
SCL #err deg : 2036 / 8200
SCL #err weighted degeneracy : 1839 1839 1854 1911 1947 1978 
degeneracy helps : 551 551 590 611 623 630 
degeneracy worse : 354 354 408 486 534 572 
SCL #err deg : 2059 / 8300
SCL #err weighted degeneracy : 1861 1861 1875 1935 1972 2003 
degeneracy helps : 555 555 595 615 627 636 
degeneracy worse : 357 357 411 491 540 580 
SCL #err deg : 2089 / 8400
SCL #err weighted degeneracy : 1883 1883 1898 1959 1995 2026 
degeneracy helps : 567 567 607 626 638 647 
degeneracy worse : 361 361 416 496 544 584 
SCL #err deg : 2112 / 8500
SCL #err weighted degeneracy : 1900 1900 1916 1977 2013 2044 
degeneracy helps : 578 578 618 637 650 659 
degeneracy worse : 366 366 422 502 551 591 
SCL #err deg : 2142 / 8600
SCL #err weighted degeneracy : 1925 1925 1939 2000 2036 2070 
degeneracy helps : 584 584 625 647 662 670 
degeneracy worse : 367 367 422 505 556 598 
SCL #err deg : 2171 / 8700
SCL #err weighted degeneracy : 1946 1946 1960 2022 2057 2092 
degeneracy helps : 597 597 637 659 674 682 
degeneracy worse : 372 372 426 510 560 603 
SCL #err deg : 2191 / 8800
SCL #err weighted degeneracy : 1969 1969 1984 2048 2084 2123 
degeneracy helps : 600 600 640 662 676 684 
degeneracy worse : 378 378 433 519 569 616 
SCL #err deg : 2215 / 8900
SCL #err weighted degeneracy : 1987 1987 2002 2063 2101 2142 
degeneracy helps : 607 607 647 672 686 693 
degeneracy worse : 379 379 434 520 572 620 
SCL #err deg : 2245 / 9000
SCL #err weighted degeneracy : 2008 2008 2023 2084 2122 2163 
degeneracy helps : 617 617 657 683 698 705 
degeneracy worse : 380 380 435 522 575 623 
SCL #err deg : 2271 / 9100
SCL #err weighted degeneracy : 2032 2032 2048 2108 2145 2185 
degeneracy helps : 621 621 662 689 705 713 
degeneracy worse : 382 382 439 526 579 627 
SCL #err deg : 2302 / 9200
SCL #err weighted degeneracy : 2062 2062 2076 2134 2172 2210 
degeneracy helps : 627 627 670 699 715 725 
degeneracy worse : 387 387 444 531 585 633 
SCL #err deg : 2330 / 9300
SCL #err weighted degeneracy : 2084 2084 2099 2155 2191 2231 
degeneracy helps : 636 636 679 709 728 738 
degeneracy worse : 390 390 448 534 589 639 
SCL #err deg : 2350 / 9400
SCL #err weighted degeneracy : 2107 2107 2121 2180 2217 2256 
degeneracy helps : 640 640 684 712 730 742 
degeneracy worse : 397 397 455 542 597 648 
SCL #err deg : 2375 / 9500
SCL #err weighted degeneracy : 2129 2129 2144 2206 2244 2285 
degeneracy helps : 648 648 691 718 736 748 
degeneracy worse : 402 402 460 549 605 658 
SCL #err deg : 2404 / 9600
SCL #err weighted degeneracy : 2157 2157 2172 2236 2272 2314 
degeneracy helps : 657 657 701 727 746 758 
degeneracy worse : 410 410 469 559 614 668 
SCL #err deg : 2432 / 9700
SCL #err weighted degeneracy : 2187 2187 2200 2266 2303 2346 
degeneracy helps : 659 659 705 731 750 762 
degeneracy worse : 414 414 473 565 621 676 
SCL #err deg : 2453 / 9800
SCL #err weighted degeneracy : 2205 2206 2217 2284 2324 2367 
degeneracy helps : 667 666 714 741 758 769 
degeneracy worse : 419 419 478 572 629 683 
SCL #err deg : 2478 / 9900
SCL #err weighted degeneracy : 2227 2228 2240 2308 2347 2390 
degeneracy helps : 673 672 720 746 763 775 
degeneracy worse : 422 422 482 576 632 687 
SCL #err deg : 2496 / 10000
SCL #err weighted degeneracy : 2244 2245 2257 2325 2364 2407 
degeneracy helps : 678 677 726 754 771 783 
degeneracy worse : 426 426 487 583 639 694 
average #flips: 52.2319
SCL #err considering degeneracy: 2496
error due to equal 609
error due to SCL smaller 1880
Finish in 4845 s
