Simulation Polar syndrome FASTER N=2048, K=1025, l=128, pz=0.102, #samples=10000, seed=0
PW construction
Event generator random seed: 0
SCL #err deg : 21 / 100
SCL #err weighted degeneracy : 23 23 22 22 22 24 
degeneracy helps : 3 3 4 6 6 5 
degeneracy worse : 5 5 5 7 7 8 
SCL #err deg : 44 / 200
SCL #err weighted degeneracy : 42 42 40 39 39 43 
degeneracy helps : 7 7 9 13 13 11 
degeneracy worse : 5 5 5 8 8 10 
SCL #err deg : 71 / 300
SCL #err weighted degeneracy : 60 60 59 59 59 61 
degeneracy helps : 17 17 18 22 22 21 
degeneracy worse : 6 6 6 10 10 11 
SCL #err deg : 94 / 400
SCL #err weighted degeneracy : 82 82 84 84 83 85 
degeneracy helps : 22 22 21 25 25 24 
degeneracy worse : 10 10 11 15 14 15 
SCL #err deg : 118 / 500
SCL #err weighted degeneracy : 99 99 102 104 105 107 
degeneracy helps : 30 30 29 32 31 30 
degeneracy worse : 11 11 13 18 18 19 
SCL #err deg : 152 / 600
SCL #err weighted degeneracy : 124 125 128 129 130 133 
degeneracy helps : 40 39 39 42 40 38 
degeneracy worse : 12 12 15 19 18 19 
SCL #err deg : 169 / 700
SCL #err weighted degeneracy : 135 136 140 144 145 149 
degeneracy helps : 47 46 46 47 45 43 
degeneracy worse : 13 13 17 22 21 23 
SCL #err deg : 193 / 800
SCL #err weighted degeneracy : 155 156 160 163 165 169 
degeneracy helps : 52 51 51 53 51 49 
degeneracy worse : 14 14 18 23 23 25 
SCL #err deg : 219 / 900
SCL #err weighted degeneracy : 182 183 185 187 190 194 
degeneracy helps : 53 52 53 56 54 52 
degeneracy worse : 16 16 19 24 25 27 
SCL #err deg : 240 / 1000
SCL #err weighted degeneracy : 205 206 207 206 211 216 
degeneracy helps : 56 55 57 62 59 57 
degeneracy worse : 21 21 24 28 30 33 
SCL #err deg : 263 / 1100
SCL #err weighted degeneracy : 222 223 226 228 233 237 
degeneracy helps : 63 62 62 65 62 61 
degeneracy worse : 22 22 25 30 32 35 
SCL #err deg : 286 / 1200
SCL #err weighted degeneracy : 239 240 244 248 254 259 
degeneracy helps : 71 70 69 72 68 66 
degeneracy worse : 24 24 27 34 36 39 
SCL #err deg : 313 / 1300
SCL #err weighted degeneracy : 266 267 272 276 281 285 
degeneracy helps : 73 72 70 73 69 67 
degeneracy worse : 26 26 29 36 37 39 
SCL #err deg : 337 / 1400
SCL #err weighted degeneracy : 287 288 293 299 303 306 
degeneracy helps : 77 76 74 75 72 70 
degeneracy worse : 27 27 30 37 38 39 
SCL #err deg : 355 / 1500
SCL #err weighted degeneracy : 307 308 313 318 321 321 
degeneracy helps : 80 79 77 79 76 74 
degeneracy worse : 32 32 35 42 42 40 
SCL #err deg : 373 / 1600
SCL #err weighted degeneracy : 326 327 330 336 339 339 
degeneracy helps : 83 82 81 83 80 78 
degeneracy worse : 36 36 38 46 46 44 
SCL #err deg : 389 / 1700
SCL #err weighted degeneracy : 340 341 346 352 353 354 
degeneracy helps : 87 86 84 86 84 81 
degeneracy worse : 38 38 41 49 48 46 
SCL #err deg : 420 / 1800
SCL #err weighted degeneracy : 371 372 377 383 384 384 
degeneracy helps : 91 90 88 90 88 85 
degeneracy worse : 42 42 45 53 52 49 
SCL #err deg : 438 / 1900
SCL #err weighted degeneracy : 388 389 394 401 402 402 
degeneracy helps : 94 93 91 93 91 88 
degeneracy worse : 44 44 47 56 55 52 
SCL #err deg : 463 / 2000
SCL #err weighted degeneracy : 410 411 416 423 424 423 
degeneracy helps : 97 96 95 97 95 93 
degeneracy worse : 44 44 48 57 56 53 
SCL #err deg : 482 / 2100
SCL #err weighted degeneracy : 430 431 437 445 448 446 
degeneracy helps : 99 98 96 98 96 95 
degeneracy worse : 47 47 51 61 62 59 
SCL #err deg : 505 / 2200
SCL #err weighted degeneracy : 451 452 458 467 471 470 
degeneracy helps : 108 107 105 107 105 104 
degeneracy worse : 54 54 58 69 71 69 
SCL #err deg : 532 / 2300
SCL #err weighted degeneracy : 474 475 480 490 496 495 
degeneracy helps : 115 114 113 115 111 110 
degeneracy worse : 57 57 61 73 75 73 
SCL #err deg : 558 / 2400
SCL #err weighted degeneracy : 503 504 509 518 524 523 
degeneracy helps : 119 118 116 118 114 114 
degeneracy worse : 64 64 67 78 80 79 
SCL #err deg : 576 / 2500
SCL #err weighted degeneracy : 525 526 532 541 548 546 
degeneracy helps : 120 119 117 119 115 115 
degeneracy worse : 69 69 73 84 87 85 
SCL #err deg : 598 / 2600
SCL #err weighted degeneracy : 544 545 550 563 572 570 
degeneracy helps : 125 124 122 124 120 120 
degeneracy worse : 71 71 74 89 94 92 
SCL #err deg : 619 / 2700
SCL #err weighted degeneracy : 562 563 568 581 592 591 
degeneracy helps : 130 129 127 129 124 123 
degeneracy worse : 73 73 76 91 97 95 
SCL #err deg : 644 / 2800
SCL #err weighted degeneracy : 588 589 593 605 615 614 
degeneracy helps : 133 132 131 134 130 129 
degeneracy worse : 77 77 80 95 101 99 
SCL #err deg : 670 / 2900
SCL #err weighted degeneracy : 616 617 618 631 642 640 
degeneracy helps : 135 134 136 138 134 134 
degeneracy worse : 81 81 84 99 106 104 
SCL #err deg : 690 / 3000
SCL #err weighted degeneracy : 637 638 638 652 663 662 
degeneracy helps : 138 137 139 140 136 136 
degeneracy worse : 85 85 87 102 109 108 
SCL #err deg : 716 / 3100
SCL #err weighted degeneracy : 661 661 663 679 691 691 
degeneracy helps : 143 143 144 144 139 139 
degeneracy worse : 88 88 91 107 114 114 
SCL #err deg : 739 / 3200
SCL #err weighted degeneracy : 684 684 685 702 714 716 
degeneracy helps : 148 148 150 149 144 143 
degeneracy worse : 93 93 96 112 119 120 
SCL #err deg : 764 / 3300
SCL #err weighted degeneracy : 706 706 705 722 733 736 
degeneracy helps : 154 154 158 157 152 150 
degeneracy worse : 96 96 99 115 121 122 
SCL #err deg : 791 / 3400
SCL #err weighted degeneracy : 731 731 730 746 756 759 
degeneracy helps : 159 159 163 162 158 156 
degeneracy worse : 99 99 102 117 123 124 
SCL #err deg : 807 / 3500
SCL #err weighted degeneracy : 752 752 751 768 777 780 
degeneracy helps : 161 161 165 164 160 159 
degeneracy worse : 106 106 109 125 130 132 
SCL #err deg : 826 / 3600
SCL #err weighted degeneracy : 771 771 770 787 796 799 
degeneracy helps : 164 164 168 167 164 163 
degeneracy worse : 109 109 112 128 134 136 
SCL #err deg : 846 / 3700
SCL #err weighted degeneracy : 790 790 789 806 813 816 
degeneracy helps : 168 168 172 171 169 168 
degeneracy worse : 112 112 115 131 136 138 
SCL #err deg : 874 / 3800
SCL #err weighted degeneracy : 813 813 811 828 837 842 
degeneracy helps : 175 175 179 179 176 174 
degeneracy worse : 114 114 116 133 139 142 
SCL #err deg : 906 / 3900
SCL #err weighted degeneracy : 845 845 843 858 867 873 
degeneracy helps : 179 179 182 183 180 177 
degeneracy worse : 118 118 119 135 141 144 
SCL #err deg : 921 / 4000
SCL #err weighted degeneracy : 861 861 857 872 881 887 
degeneracy helps : 182 182 186 187 184 181 
degeneracy worse : 122 122 122 138 144 147 
SCL #err deg : 940 / 4100
SCL #err weighted degeneracy : 880 880 877 892 900 907 
degeneracy helps : 185 185 189 190 187 185 
degeneracy worse : 125 125 126 142 147 152 
SCL #err deg : 968 / 4200
SCL #err weighted degeneracy : 905 905 904 918 928 935 
degeneracy helps : 191 191 194 195 191 190 
degeneracy worse : 128 128 130 145 151 157 
SCL #err deg : 991 / 4300
SCL #err weighted degeneracy : 925 925 923 939 951 957 
degeneracy helps : 196 196 200 199 195 194 
degeneracy worse : 130 130 132 147 155 160 
SCL #err deg : 1011 / 4400
SCL #err weighted degeneracy : 944 944 943 959 971 977 
degeneracy helps : 199 199 203 202 198 198 
degeneracy worse : 132 132 135 150 158 164 
SCL #err deg : 1030 / 4500
SCL #err weighted degeneracy : 960 960 960 976 988 994 
degeneracy helps : 203 203 206 205 201 201 
degeneracy worse : 133 133 136 151 159 165 
SCL #err deg : 1056 / 4600
SCL #err weighted degeneracy : 985 985 985 1000 1012 1016 
degeneracy helps : 207 207 210 209 205 207 
degeneracy worse : 136 136 139 153 161 167 
SCL #err deg : 1083 / 4700
SCL #err weighted degeneracy : 1007 1007 1008 1022 1034 1041 
degeneracy helps : 214 214 216 216 211 213 
degeneracy worse : 138 138 141 155 162 171 
SCL #err deg : 1101 / 4800
SCL #err weighted degeneracy : 1025 1025 1026 1041 1054 1060 
degeneracy helps : 217 217 221 221 215 218 
degeneracy worse : 141 141 146 161 168 177 
SCL #err deg : 1124 / 4900
SCL #err weighted degeneracy : 1048 1048 1049 1064 1077 1083 
degeneracy helps : 222 222 226 226 220 222 
degeneracy worse : 146 146 151 166 173 181 
SCL #err deg : 1141 / 5000
SCL #err weighted degeneracy : 1067 1067 1068 1082 1094 1099 
degeneracy helps : 223 223 228 229 224 226 
degeneracy worse : 149 149 155 170 177 184 
SCL #err deg : 1163 / 5100
SCL #err weighted degeneracy : 1084 1084 1086 1101 1113 1118 
degeneracy helps : 229 229 233 233 228 230 
degeneracy worse : 150 150 156 171 178 185 
SCL #err deg : 1186 / 5200
SCL #err weighted degeneracy : 1102 1102 1105 1119 1130 1135 
degeneracy helps : 235 235 239 240 235 237 
degeneracy worse : 151 151 158 173 179 186 
SCL #err deg : 1205 / 5300
SCL #err weighted degeneracy : 1122 1122 1125 1142 1153 1158 
degeneracy helps : 238 238 242 243 237 239 
degeneracy worse : 155 155 162 180 185 192 
SCL #err deg : 1223 / 5400
SCL #err weighted degeneracy : 1140 1140 1145 1161 1172 1178 
degeneracy helps : 241 241 245 245 239 241 
degeneracy worse : 158 158 167 183 188 196 
SCL #err deg : 1249 / 5500
SCL #err weighted degeneracy : 1160 1160 1166 1182 1192 1199 
degeneracy helps : 249 249 252 252 247 248 
degeneracy worse : 160 160 169 185 190 198 
SCL #err deg : 1279 / 5600
SCL #err weighted degeneracy : 1192 1192 1197 1210 1222 1229 
degeneracy helps : 250 250 253 255 250 251 
degeneracy worse : 163 163 171 186 193 201 
SCL #err deg : 1305 / 5700
SCL #err weighted degeneracy : 1217 1217 1224 1238 1249 1252 
degeneracy helps : 255 255 257 259 254 257 
degeneracy worse : 167 167 176 192 198 204 
SCL #err deg : 1324 / 5800
SCL #err weighted degeneracy : 1234 1234 1241 1255 1267 1272 
degeneracy helps : 258 258 262 264 259 261 
degeneracy worse : 168 168 179 195 202 209 
SCL #err deg : 1341 / 5900
SCL #err weighted degeneracy : 1254 1254 1262 1275 1287 1291 
degeneracy helps : 259 259 263 266 261 264 
degeneracy worse : 172 172 184 200 207 214 
SCL #err deg : 1364 / 6000
SCL #err weighted degeneracy : 1278 1278 1284 1298 1309 1313 
degeneracy helps : 264 264 268 271 266 269 
degeneracy worse : 178 178 188 205 211 218 
SCL #err deg : 1388 / 6100
SCL #err weighted degeneracy : 1304 1304 1310 1324 1333 1337 
degeneracy helps : 267 267 270 273 270 273 
degeneracy worse : 183 183 192 209 215 222 
SCL #err deg : 1415 / 6200
SCL #err weighted degeneracy : 1324 1324 1334 1349 1358 1364 
degeneracy helps : 275 275 277 280 277 279 
degeneracy worse : 184 184 196 214 220 228 
SCL #err deg : 1438 / 6300
SCL #err weighted degeneracy : 1345 1345 1355 1370 1380 1387 
degeneracy helps : 279 279 281 284 281 283 
degeneracy worse : 186 186 198 216 223 232 
SCL #err deg : 1467 / 6400
SCL #err weighted degeneracy : 1375 1375 1382 1399 1408 1415 
degeneracy helps : 284 284 288 290 288 290 
degeneracy worse : 192 192 203 222 229 238 
SCL #err deg : 1483 / 6500
SCL #err weighted degeneracy : 1392 1392 1400 1416 1427 1435 
degeneracy helps : 287 287 292 294 291 293 
degeneracy worse : 196 196 209 227 235 245 
SCL #err deg : 1500 / 6600
SCL #err weighted degeneracy : 1406 1406 1414 1432 1444 1452 
degeneracy helps : 293 293 297 298 294 296 
degeneracy worse : 199 199 211 230 238 248 
SCL #err deg : 1517 / 6700
SCL #err weighted degeneracy : 1423 1422 1431 1450 1463 1471 
degeneracy helps : 296 297 300 301 296 298 
degeneracy worse : 202 202 214 234 242 252 
SCL #err deg : 1540 / 6800
SCL #err weighted degeneracy : 1451 1450 1460 1478 1491 1500 
degeneracy helps : 297 298 301 303 298 300 
degeneracy worse : 208 208 221 241 249 260 
SCL #err deg : 1563 / 6900
SCL #err weighted degeneracy : 1478 1477 1486 1503 1515 1525 
degeneracy helps : 298 299 303 306 302 304 
degeneracy worse : 213 213 226 246 254 266 
SCL #err deg : 1592 / 7000
SCL #err weighted degeneracy : 1504 1503 1510 1527 1540 1550 
degeneracy helps : 303 304 310 314 309 311 
degeneracy worse : 215 215 228 249 257 269 
SCL #err deg : 1619 / 7100
SCL #err weighted degeneracy : 1526 1525 1531 1549 1560 1572 
degeneracy helps : 309 310 317 321 317 318 
degeneracy worse : 216 216 229 251 258 271 
SCL #err deg : 1642 / 7200
SCL #err weighted degeneracy : 1545 1544 1550 1569 1580 1594 
degeneracy helps : 317 318 325 328 324 323 
degeneracy worse : 220 220 233 255 262 275 
SCL #err deg : 1659 / 7300
SCL #err weighted degeneracy : 1566 1564 1571 1588 1599 1613 
degeneracy helps : 318 319 326 330 326 325 
degeneracy worse : 225 224 238 259 266 279 
SCL #err deg : 1680 / 7400
SCL #err weighted degeneracy : 1584 1582 1588 1603 1615 1630 
degeneracy helps : 324 325 332 338 334 331 
degeneracy worse : 228 227 240 261 269 281 
SCL #err deg : 1708 / 7500
SCL #err weighted degeneracy : 1613 1611 1617 1633 1645 1661 
degeneracy helps : 325 326 334 340 336 333 
degeneracy worse : 230 229 243 265 273 286 
SCL #err deg : 1738 / 7600
SCL #err weighted degeneracy : 1633 1631 1640 1656 1668 1684 
degeneracy helps : 335 336 343 349 345 343 
degeneracy worse : 230 229 245 267 275 289 
SCL #err deg : 1766 / 7700
SCL #err weighted degeneracy : 1658 1657 1665 1680 1692 1708 
degeneracy helps : 341 341 349 355 351 349 
degeneracy worse : 233 232 248 269 277 291 
SCL #err deg : 1789 / 7800
SCL #err weighted degeneracy : 1678 1677 1688 1701 1711 1727 
degeneracy helps : 346 346 352 360 356 354 
degeneracy worse : 235 234 251 272 278 292 
SCL #err deg : 1804 / 7900
SCL #err weighted degeneracy : 1693 1692 1701 1715 1726 1741 
degeneracy helps : 347 347 354 361 357 356 
degeneracy worse : 236 235 251 272 279 293 
SCL #err deg : 1832 / 8000
SCL #err weighted degeneracy : 1718 1717 1728 1743 1753 1769 
degeneracy helps : 353 353 360 366 362 361 
degeneracy worse : 239 238 256 277 283 298 
SCL #err deg : 1858 / 8100
SCL #err weighted degeneracy : 1743 1742 1752 1767 1778 1794 
degeneracy helps : 359 359 367 373 368 367 
degeneracy worse : 244 243 261 282 288 303 
SCL #err deg : 1882 / 8200
SCL #err weighted degeneracy : 1768 1767 1777 1792 1803 1821 
degeneracy helps : 363 363 371 377 372 370 
degeneracy worse : 249 248 266 287 293 309 
SCL #err deg : 1903 / 8300
SCL #err weighted degeneracy : 1785 1784 1794 1808 1820 1838 
degeneracy helps : 369 369 378 384 379 377 
degeneracy worse : 251 250 269 289 296 312 
SCL #err deg : 1922 / 8400
SCL #err weighted degeneracy : 1801 1800 1811 1826 1838 1859 
degeneracy helps : 374 374 384 390 385 381 
degeneracy worse : 253 252 273 294 301 318 
SCL #err deg : 1956 / 8500
SCL #err weighted degeneracy : 1830 1829 1840 1853 1865 1887 
degeneracy helps : 379 379 391 399 394 389 
degeneracy worse : 253 252 275 296 303 320 
SCL #err deg : 1976 / 8600
SCL #err weighted degeneracy : 1845 1844 1856 1870 1882 1907 
degeneracy helps : 386 386 397 404 399 392 
degeneracy worse : 255 254 277 298 305 323 
SCL #err deg : 1995 / 8700
SCL #err weighted degeneracy : 1864 1863 1874 1888 1900 1925 
degeneracy helps : 388 388 400 408 403 395 
degeneracy worse : 257 256 279 301 308 325 
SCL #err deg : 2016 / 8800
SCL #err weighted degeneracy : 1884 1883 1893 1908 1920 1947 
degeneracy helps : 392 392 405 412 407 399 
degeneracy worse : 260 259 282 304 311 330 
SCL #err deg : 2043 / 8900
SCL #err weighted degeneracy : 1910 1909 1919 1934 1946 1973 
degeneracy helps : 398 398 410 418 413 405 
degeneracy worse : 265 264 286 309 316 335 
SCL #err deg : 2064 / 9000
SCL #err weighted degeneracy : 1935 1934 1944 1958 1970 1997 
degeneracy helps : 398 398 410 419 414 406 
degeneracy worse : 269 268 290 313 320 339 
SCL #err deg : 2090 / 9100
SCL #err weighted degeneracy : 1957 1956 1968 1983 1996 2023 
degeneracy helps : 404 404 414 422 417 409 
degeneracy worse : 271 270 292 315 323 342 
SCL #err deg : 2119 / 9200
SCL #err weighted degeneracy : 1984 1984 1996 2011 2024 2051 
degeneracy helps : 407 407 417 426 421 413 
degeneracy worse : 272 272 294 318 326 345 
SCL #err deg : 2143 / 9300
SCL #err weighted degeneracy : 2011 2011 2022 2036 2050 2078 
degeneracy helps : 409 409 419 428 422 414 
degeneracy worse : 277 277 298 321 329 349 
SCL #err deg : 2161 / 9400
SCL #err weighted degeneracy : 2031 2031 2042 2056 2070 2099 
degeneracy helps : 412 412 421 430 424 416 
degeneracy worse : 282 282 302 325 333 354 
SCL #err deg : 2183 / 9500
SCL #err weighted degeneracy : 2052 2052 2062 2076 2087 2116 
degeneracy helps : 416 416 425 435 432 424 
degeneracy worse : 285 285 304 328 336 357 
SCL #err deg : 2206 / 9600
SCL #err weighted degeneracy : 2072 2072 2082 2097 2108 2137 
degeneracy helps : 420 420 430 439 437 429 
degeneracy worse : 286 286 306 330 339 360 
SCL #err deg : 2228 / 9700
SCL #err weighted degeneracy : 2095 2095 2101 2118 2130 2158 
degeneracy helps : 424 424 437 445 442 434 
degeneracy worse : 291 291 310 335 344 364 
SCL #err deg : 2243 / 9800
SCL #err weighted degeneracy : 2112 2112 2117 2133 2147 2177 
degeneracy helps : 429 429 442 449 445 437 
degeneracy worse : 298 298 316 339 349 371 
SCL #err deg : 2263 / 9900
SCL #err weighted degeneracy : 2128 2128 2133 2149 2166 2196 
degeneracy helps : 437 437 449 456 451 443 
degeneracy worse : 302 302 319 342 354 376 
SCL #err deg : 2285 / 10000
SCL #err weighted degeneracy : 2152 2152 2155 2168 2184 2215 
degeneracy helps : 440 440 453 462 457 448 
degeneracy worse : 307 307 323 345 356 378 
average #flips: 208.899
SCL #err considering degeneracy: 2285
error due to equal 295
error due to SCL smaller 1693
Finish in 144981 s
