Simulation Polar syndrome FASTER N=2048, K=1025, l=128, pz=0.108, #samples=10000, seed=0
PW construction
Event generator random seed: 0
SCL #err deg : 43 / 100
SCL #err weighted degeneracy : 36 37 35 35 36 36 
degeneracy helps : 7 6 9 9 9 9 
degeneracy worse : 0 0 1 1 2 2 
SCL #err deg : 80 / 200
SCL #err weighted degeneracy : 73 74 70 71 73 73 
degeneracy helps : 9 8 13 13 13 13 
degeneracy worse : 2 2 3 4 6 6 
SCL #err deg : 114 / 300
SCL #err weighted degeneracy : 102 104 102 103 106 105 
degeneracy helps : 20 18 23 23 22 22 
degeneracy worse : 8 8 11 12 14 13 
SCL #err deg : 145 / 400
SCL #err weighted degeneracy : 138 140 136 137 140 141 
degeneracy helps : 21 19 25 25 24 24 
degeneracy worse : 14 14 16 17 19 20 
SCL #err deg : 183 / 500
SCL #err weighted degeneracy : 171 173 170 170 172 173 
degeneracy helps : 28 26 32 33 33 33 
degeneracy worse : 16 16 19 20 22 23 
SCL #err deg : 216 / 600
SCL #err weighted degeneracy : 203 205 203 203 205 206 
degeneracy helps : 32 30 36 37 37 37 
degeneracy worse : 19 19 23 24 26 27 
SCL #err deg : 248 / 700
SCL #err weighted degeneracy : 240 242 240 239 240 241 
degeneracy helps : 32 30 37 39 40 40 
degeneracy worse : 24 24 29 30 32 33 
SCL #err deg : 286 / 800
SCL #err weighted degeneracy : 283 284 284 282 284 285 
degeneracy helps : 34 32 39 41 42 42 
degeneracy worse : 31 30 37 37 40 41 
SCL #err deg : 331 / 900
SCL #err weighted degeneracy : 328 329 328 325 327 329 
degeneracy helps : 37 35 43 46 48 47 
degeneracy worse : 34 33 40 40 44 45 
SCL #err deg : 367 / 1000
SCL #err weighted degeneracy : 364 365 365 361 363 365 
degeneracy helps : 40 38 46 50 52 51 
degeneracy worse : 37 36 44 44 48 49 
SCL #err deg : 413 / 1100
SCL #err weighted degeneracy : 399 400 400 395 396 398 
degeneracy helps : 53 51 59 64 66 65 
degeneracy worse : 39 38 46 46 49 50 
SCL #err deg : 452 / 1200
SCL #err weighted degeneracy : 442 442 444 439 439 441 
degeneracy helps : 57 55 63 68 71 70 
degeneracy worse : 47 45 55 55 58 59 
SCL #err deg : 487 / 1300
SCL #err weighted degeneracy : 478 478 479 475 476 477 
degeneracy helps : 60 58 67 72 75 74 
degeneracy worse : 51 49 59 60 64 64 
SCL #err deg : 524 / 1400
SCL #err weighted degeneracy : 515 515 518 514 514 516 
degeneracy helps : 64 62 71 76 80 78 
degeneracy worse : 55 53 65 66 70 70 
SCL #err deg : 553 / 1500
SCL #err weighted degeneracy : 545 545 548 543 545 547 
degeneracy helps : 65 63 72 77 81 79 
degeneracy worse : 57 55 67 67 73 73 
SCL #err deg : 586 / 1600
SCL #err weighted degeneracy : 578 578 580 575 577 580 
degeneracy helps : 68 66 76 81 85 83 
degeneracy worse : 60 58 70 70 76 77 
SCL #err deg : 618 / 1700
SCL #err weighted degeneracy : 616 615 619 614 616 618 
degeneracy helps : 72 70 81 86 90 88 
degeneracy worse : 70 67 82 82 88 88 
SCL #err deg : 655 / 1800
SCL #err weighted degeneracy : 653 652 657 654 656 659 
degeneracy helps : 76 74 85 89 93 91 
degeneracy worse : 74 71 87 88 94 95 
SCL #err deg : 682 / 1900
SCL #err weighted degeneracy : 685 684 689 688 691 694 
degeneracy helps : 79 77 89 93 97 95 
degeneracy worse : 82 79 96 99 106 107 
SCL #err deg : 712 / 2000
SCL #err weighted degeneracy : 714 713 719 717 720 723 
degeneracy helps : 84 81 94 99 103 101 
degeneracy worse : 86 82 101 104 111 112 
SCL #err deg : 753 / 2100
SCL #err weighted degeneracy : 754 753 758 757 760 764 
degeneracy helps : 87 84 97 102 106 103 
degeneracy worse : 88 84 102 106 113 114 
SCL #err deg : 793 / 2200
SCL #err weighted degeneracy : 790 789 793 792 795 799 
degeneracy helps : 94 91 105 110 114 111 
degeneracy worse : 91 87 105 109 116 117 
SCL #err deg : 835 / 2300
SCL #err weighted degeneracy : 828 827 829 827 830 833 
degeneracy helps : 100 97 114 120 124 122 
degeneracy worse : 93 89 108 112 119 120 
SCL #err deg : 874 / 2400
SCL #err weighted degeneracy : 868 868 868 867 870 873 
degeneracy helps : 101 98 116 122 126 124 
degeneracy worse : 95 92 110 115 122 123 
SCL #err deg : 904 / 2500
SCL #err weighted degeneracy : 896 895 895 894 897 901 
degeneracy helps : 107 104 124 130 134 131 
degeneracy worse : 99 95 115 120 127 128 
SCL #err deg : 938 / 2600
SCL #err weighted degeneracy : 930 929 930 930 934 938 
degeneracy helps : 110 107 128 135 139 136 
degeneracy worse : 102 98 120 127 135 136 
SCL #err deg : 975 / 2700
SCL #err weighted degeneracy : 967 966 967 968 972 974 
degeneracy helps : 116 113 134 141 145 142 
degeneracy worse : 108 104 126 134 142 141 
SCL #err deg : 1012 / 2800
SCL #err weighted degeneracy : 1005 1004 1005 1007 1011 1013 
degeneracy helps : 122 119 140 146 150 147 
degeneracy worse : 115 111 133 141 149 148 
SCL #err deg : 1057 / 2900
SCL #err weighted degeneracy : 1048 1046 1047 1049 1053 1055 
degeneracy helps : 128 125 146 152 156 153 
degeneracy worse : 119 114 136 144 152 151 
SCL #err deg : 1102 / 3000
SCL #err weighted degeneracy : 1090 1088 1089 1091 1094 1097 
degeneracy helps : 133 130 151 157 162 159 
degeneracy worse : 121 116 138 146 154 154 
SCL #err deg : 1148 / 3100
SCL #err weighted degeneracy : 1134 1132 1133 1134 1136 1139 
degeneracy helps : 137 134 155 161 167 165 
degeneracy worse : 123 118 140 148 156 156 
SCL #err deg : 1180 / 3200
SCL #err weighted degeneracy : 1170 1168 1170 1169 1171 1173 
degeneracy helps : 138 135 156 162 168 166 
degeneracy worse : 128 123 146 152 160 159 
SCL #err deg : 1214 / 3300
SCL #err weighted degeneracy : 1201 1199 1200 1199 1201 1204 
degeneracy helps : 146 143 167 173 179 177 
degeneracy worse : 133 128 153 159 167 167 
SCL #err deg : 1253 / 3400
SCL #err weighted degeneracy : 1241 1239 1238 1237 1239 1244 
degeneracy helps : 150 147 172 178 184 181 
degeneracy worse : 138 133 157 163 171 172 
SCL #err deg : 1286 / 3500
SCL #err weighted degeneracy : 1270 1268 1267 1267 1269 1274 
degeneracy helps : 155 152 177 184 190 187 
degeneracy worse : 139 134 158 166 174 175 
SCL #err deg : 1317 / 3600
SCL #err weighted degeneracy : 1302 1300 1298 1299 1301 1305 
degeneracy helps : 158 155 181 188 194 191 
degeneracy worse : 143 138 162 171 179 179 
SCL #err deg : 1345 / 3700
SCL #err weighted degeneracy : 1331 1329 1329 1331 1333 1337 
degeneracy helps : 160 157 183 190 196 193 
degeneracy worse : 146 141 167 177 185 185 
SCL #err deg : 1384 / 3800
SCL #err weighted degeneracy : 1371 1369 1369 1373 1374 1379 
degeneracy helps : 165 162 188 195 202 199 
degeneracy worse : 152 147 173 185 193 194 
SCL #err deg : 1422 / 3900
SCL #err weighted degeneracy : 1405 1403 1404 1407 1407 1412 
degeneracy helps : 172 169 195 203 211 208 
degeneracy worse : 155 150 177 189 197 198 
SCL #err deg : 1452 / 4000
SCL #err weighted degeneracy : 1435 1433 1436 1438 1438 1444 
degeneracy helps : 178 175 200 209 217 214 
degeneracy worse : 161 156 184 196 204 206 
SCL #err deg : 1488 / 4100
SCL #err weighted degeneracy : 1466 1464 1467 1470 1471 1477 
degeneracy helps : 183 180 206 216 224 221 
degeneracy worse : 161 156 185 199 208 210 
SCL #err deg : 1525 / 4200
SCL #err weighted degeneracy : 1503 1501 1506 1507 1509 1516 
degeneracy helps : 187 184 211 222 230 227 
degeneracy worse : 165 160 192 205 215 218 
SCL #err deg : 1567 / 4300
SCL #err weighted degeneracy : 1544 1542 1546 1547 1550 1557 
degeneracy helps : 189 186 214 225 233 230 
degeneracy worse : 166 161 193 206 217 220 
SCL #err deg : 1610 / 4400
SCL #err weighted degeneracy : 1585 1583 1588 1588 1591 1598 
degeneracy helps : 194 191 218 230 238 235 
degeneracy worse : 169 164 196 209 220 223 
SCL #err deg : 1647 / 4500
SCL #err weighted degeneracy : 1624 1622 1627 1627 1630 1637 
degeneracy helps : 196 193 220 232 240 237 
degeneracy worse : 173 168 200 213 224 227 
SCL #err deg : 1679 / 4600
SCL #err weighted degeneracy : 1659 1657 1660 1659 1662 1669 
degeneracy helps : 197 194 222 235 243 240 
degeneracy worse : 177 172 203 216 227 230 
SCL #err deg : 1716 / 4700
SCL #err weighted degeneracy : 1694 1692 1694 1695 1698 1705 
degeneracy helps : 201 198 227 240 248 245 
degeneracy worse : 179 174 205 220 231 234 
SCL #err deg : 1757 / 4800
SCL #err weighted degeneracy : 1730 1728 1728 1730 1733 1741 
degeneracy helps : 207 204 234 247 255 252 
degeneracy worse : 180 175 205 221 232 236 
SCL #err deg : 1797 / 4900
SCL #err weighted degeneracy : 1770 1768 1768 1770 1773 1782 
degeneracy helps : 209 206 236 249 257 254 
degeneracy worse : 182 177 207 223 234 239 
SCL #err deg : 1826 / 5000
SCL #err weighted degeneracy : 1804 1802 1802 1802 1803 1812 
degeneracy helps : 213 210 240 255 263 260 
degeneracy worse : 191 186 216 232 241 246 
SCL #err deg : 1856 / 5100
SCL #err weighted degeneracy : 1834 1832 1832 1831 1832 1841 
degeneracy helps : 216 213 243 258 266 263 
degeneracy worse : 194 189 219 234 243 248 
SCL #err deg : 1893 / 5200
SCL #err weighted degeneracy : 1869 1868 1866 1865 1866 1875 
degeneracy helps : 222 218 249 264 272 269 
degeneracy worse : 198 193 222 237 246 251 
SCL #err deg : 1925 / 5300
SCL #err weighted degeneracy : 1899 1898 1896 1895 1897 1906 
degeneracy helps : 228 224 255 270 277 273 
degeneracy worse : 202 197 226 241 250 254 
SCL #err deg : 1968 / 5400
SCL #err weighted degeneracy : 1941 1940 1937 1937 1940 1949 
degeneracy helps : 236 232 264 278 284 280 
degeneracy worse : 209 204 233 248 257 261 
SCL #err deg : 2008 / 5500
SCL #err weighted degeneracy : 1977 1976 1972 1973 1976 1985 
degeneracy helps : 243 239 272 286 292 288 
degeneracy worse : 212 207 236 252 261 265 
SCL #err deg : 2043 / 5600
SCL #err weighted degeneracy : 2014 2013 2008 2007 2010 2019 
degeneracy helps : 245 241 275 291 297 293 
degeneracy worse : 216 211 240 256 265 269 
SCL #err deg : 2082 / 5700
SCL #err weighted degeneracy : 2053 2052 2045 2045 2048 2057 
degeneracy helps : 248 244 280 296 302 298 
degeneracy worse : 219 214 243 260 269 273 
SCL #err deg : 2119 / 5800
SCL #err weighted degeneracy : 2090 2089 2082 2083 2086 2095 
degeneracy helps : 250 246 282 297 303 299 
degeneracy worse : 221 216 245 262 271 275 
SCL #err deg : 2149 / 5900
SCL #err weighted degeneracy : 2119 2117 2113 2113 2117 2126 
degeneracy helps : 254 250 285 302 308 304 
degeneracy worse : 224 218 249 267 277 281 
SCL #err deg : 2180 / 6000
SCL #err weighted degeneracy : 2148 2146 2141 2141 2145 2154 
degeneracy helps : 260 256 291 308 314 310 
degeneracy worse : 228 222 252 270 280 284 
SCL #err deg : 2214 / 6100
SCL #err weighted degeneracy : 2184 2181 2178 2179 2184 2192 
degeneracy helps : 263 259 294 311 317 314 
degeneracy worse : 233 226 258 277 288 292 
SCL #err deg : 2255 / 6200
SCL #err weighted degeneracy : 2224 2221 2218 2219 2224 2233 
degeneracy helps : 267 263 298 315 321 318 
degeneracy worse : 236 229 261 280 291 296 
SCL #err deg : 2287 / 6300
SCL #err weighted degeneracy : 2258 2254 2253 2253 2257 2266 
degeneracy helps : 270 266 301 319 325 322 
degeneracy worse : 241 233 267 286 296 301 
SCL #err deg : 2343 / 6400
SCL #err weighted degeneracy : 2308 2304 2303 2303 2307 2317 
degeneracy helps : 278 274 309 327 333 330 
degeneracy worse : 243 235 269 288 298 304 
SCL #err deg : 2378 / 6500
SCL #err weighted degeneracy : 2340 2336 2337 2337 2341 2351 
degeneracy helps : 282 278 313 331 337 334 
degeneracy worse : 244 236 272 291 301 307 
SCL #err deg : 2417 / 6600
SCL #err weighted degeneracy : 2375 2371 2371 2370 2374 2383 
degeneracy helps : 290 286 322 340 346 345 
degeneracy worse : 248 240 276 294 304 311 
SCL #err deg : 2448 / 6700
SCL #err weighted degeneracy : 2406 2402 2401 2400 2404 2413 
degeneracy helps : 296 292 329 347 353 352 
degeneracy worse : 254 246 282 300 310 317 
SCL #err deg : 2496 / 6800
SCL #err weighted degeneracy : 2451 2447 2447 2447 2451 2460 
degeneracy helps : 301 297 334 352 358 357 
degeneracy worse : 256 248 285 304 314 321 
SCL #err deg : 2540 / 6900
SCL #err weighted degeneracy : 2488 2484 2485 2487 2492 2502 
degeneracy helps : 311 307 343 362 368 366 
degeneracy worse : 259 251 288 310 321 328 
SCL #err deg : 2580 / 7000
SCL #err weighted degeneracy : 2529 2525 2524 2526 2531 2540 
degeneracy helps : 317 313 350 369 375 374 
degeneracy worse : 266 258 294 316 327 334 
SCL #err deg : 2617 / 7100
SCL #err weighted degeneracy : 2564 2560 2558 2561 2565 2573 
degeneracy helps : 323 319 357 377 384 384 
degeneracy worse : 270 262 298 322 333 340 
SCL #err deg : 2658 / 7200
SCL #err weighted degeneracy : 2606 2602 2600 2603 2608 2616 
degeneracy helps : 325 321 359 379 386 386 
degeneracy worse : 273 265 301 325 337 344 
SCL #err deg : 2692 / 7300
SCL #err weighted degeneracy : 2636 2632 2631 2632 2637 2647 
degeneracy helps : 329 325 364 386 393 392 
degeneracy worse : 273 265 303 327 339 347 
SCL #err deg : 2727 / 7400
SCL #err weighted degeneracy : 2673 2669 2667 2669 2675 2684 
degeneracy helps : 330 326 366 388 395 395 
degeneracy worse : 276 268 306 331 344 352 
SCL #err deg : 2769 / 7500
SCL #err weighted degeneracy : 2717 2713 2710 2712 2719 2728 
degeneracy helps : 334 330 371 393 400 400 
degeneracy worse : 282 274 312 337 351 359 
SCL #err deg : 2809 / 7600
SCL #err weighted degeneracy : 2752 2748 2745 2745 2753 2762 
degeneracy helps : 340 336 377 400 406 406 
degeneracy worse : 283 275 313 337 351 359 
SCL #err deg : 2848 / 7700
SCL #err weighted degeneracy : 2792 2788 2785 2784 2791 2801 
degeneracy helps : 343 339 381 405 411 411 
degeneracy worse : 287 279 318 342 355 364 
SCL #err deg : 2885 / 7800
SCL #err weighted degeneracy : 2826 2822 2820 2821 2827 2836 
degeneracy helps : 349 345 386 410 417 418 
degeneracy worse : 290 282 321 347 360 369 
SCL #err deg : 2922 / 7900
SCL #err weighted degeneracy : 2862 2858 2858 2859 2865 2874 
degeneracy helps : 353 349 390 414 421 422 
degeneracy worse : 293 285 326 352 365 374 
SCL #err deg : 2959 / 8000
SCL #err weighted degeneracy : 2898 2894 2894 2896 2902 2912 
degeneracy helps : 357 353 396 420 427 427 
degeneracy worse : 296 288 331 358 371 380 
SCL #err deg : 2996 / 8100
SCL #err weighted degeneracy : 2935 2931 2932 2934 2940 2950 
degeneracy helps : 361 357 400 424 431 431 
degeneracy worse : 300 292 336 363 376 385 
SCL #err deg : 3036 / 8200
SCL #err weighted degeneracy : 2976 2972 2971 2972 2978 2988 
degeneracy helps : 363 359 402 427 434 434 
degeneracy worse : 303 295 337 364 377 386 
SCL #err deg : 3066 / 8300
SCL #err weighted degeneracy : 3007 3003 3001 3003 3011 3022 
degeneracy helps : 366 362 405 430 437 436 
degeneracy worse : 307 299 340 368 383 392 
SCL #err deg : 3107 / 8400
SCL #err weighted degeneracy : 3047 3043 3042 3044 3053 3064 
degeneracy helps : 370 366 409 434 441 440 
degeneracy worse : 310 302 344 372 388 397 
SCL #err deg : 3139 / 8500
SCL #err weighted degeneracy : 3080 3076 3074 3076 3083 3094 
degeneracy helps : 374 370 414 438 446 445 
degeneracy worse : 315 307 349 376 391 400 
SCL #err deg : 3170 / 8600
SCL #err weighted degeneracy : 3115 3110 3107 3108 3115 3126 
degeneracy helps : 377 373 418 443 451 450 
degeneracy worse : 322 313 355 382 397 406 
SCL #err deg : 3208 / 8700
SCL #err weighted degeneracy : 3154 3149 3147 3149 3155 3166 
degeneracy helps : 382 378 422 447 456 455 
degeneracy worse : 328 319 361 389 404 413 
SCL #err deg : 3242 / 8800
SCL #err weighted degeneracy : 3192 3187 3184 3185 3191 3202 
degeneracy helps : 384 380 425 450 459 458 
degeneracy worse : 334 325 367 394 409 418 
SCL #err deg : 3285 / 8900
SCL #err weighted degeneracy : 3235 3230 3228 3229 3235 3246 
degeneracy helps : 385 381 426 451 460 459 
degeneracy worse : 335 326 369 396 411 420 
SCL #err deg : 3324 / 9000
SCL #err weighted degeneracy : 3278 3272 3268 3270 3276 3286 
degeneracy helps : 387 383 432 456 465 465 
degeneracy worse : 341 331 376 403 418 427 
SCL #err deg : 3358 / 9100
SCL #err weighted degeneracy : 3310 3304 3301 3303 3308 3318 
degeneracy helps : 393 389 437 461 470 470 
degeneracy worse : 345 335 380 407 421 430 
SCL #err deg : 3389 / 9200
SCL #err weighted degeneracy : 3343 3337 3334 3337 3342 3352 
degeneracy helps : 393 389 438 462 471 471 
degeneracy worse : 347 337 383 411 425 434 
SCL #err deg : 3430 / 9300
SCL #err weighted degeneracy : 3382 3375 3373 3376 3383 3393 
degeneracy helps : 398 394 443 468 476 476 
degeneracy worse : 350 339 386 415 430 439 
SCL #err deg : 3463 / 9400
SCL #err weighted degeneracy : 3420 3413 3410 3412 3420 3431 
degeneracy helps : 401 397 447 472 479 479 
degeneracy worse : 358 347 394 422 437 447 
SCL #err deg : 3506 / 9500
SCL #err weighted degeneracy : 3464 3457 3453 3454 3462 3473 
degeneracy helps : 403 399 451 477 484 484 
degeneracy worse : 361 350 398 426 441 451 
SCL #err deg : 3547 / 9600
SCL #err weighted degeneracy : 3506 3499 3494 3496 3504 3515 
degeneracy helps : 404 400 452 478 485 485 
degeneracy worse : 363 352 399 428 443 453 
SCL #err deg : 3588 / 9700
SCL #err weighted degeneracy : 3546 3539 3532 3534 3542 3553 
degeneracy helps : 407 403 457 483 490 490 
degeneracy worse : 365 354 401 430 445 455 
SCL #err deg : 3629 / 9800
SCL #err weighted degeneracy : 3585 3578 3571 3573 3581 3592 
degeneracy helps : 411 407 461 487 494 494 
degeneracy worse : 367 356 403 432 447 457 
SCL #err deg : 3664 / 9900
SCL #err weighted degeneracy : 3619 3612 3605 3607 3614 3625 
degeneracy helps : 415 411 466 492 500 500 
degeneracy worse : 370 359 407 436 451 461 
SCL #err deg : 3710 / 10000
SCL #err weighted degeneracy : 3662 3655 3647 3650 3657 3667 
degeneracy helps : 420 416 473 499 507 508 
degeneracy worse : 372 361 410 440 455 465 
average #flips: 221.279
SCL #err considering degeneracy: 3710
error due to equal 286
error due to SCL smaller 3171
Finish in 145120 s
