Simulation Polar syndrome FASTER N=128, K=65, l=128, pz=0.103, #samples=10000, seed=543
PW construction
Event generator random seed: 543
SCL #err deg : 39 / 100
SCL #err weighted degeneracy : 24 24 24 27 31 32 
degeneracy helps : 20 20 20 19 19 19 
degeneracy worse : 5 5 5 7 11 12 
SCL #err deg : 65 / 200
SCL #err weighted degeneracy : 44 44 44 48 52 57 
degeneracy helps : 30 30 30 29 30 30 
degeneracy worse : 9 9 9 12 17 22 
SCL #err deg : 97 / 300
SCL #err weighted degeneracy : 76 76 76 82 90 96 
degeneracy helps : 38 38 38 38 39 41 
degeneracy worse : 17 17 17 23 32 40 
SCL #err deg : 125 / 400
SCL #err weighted degeneracy : 106 106 105 115 126 133 
degeneracy helps : 46 46 46 46 47 48 
degeneracy worse : 27 27 26 36 48 56 
SCL #err deg : 153 / 500
SCL #err weighted degeneracy : 127 127 127 140 153 159 
degeneracy helps : 60 59 60 60 61 63 
degeneracy worse : 34 34 34 47 61 69 
SCL #err deg : 181 / 600
SCL #err weighted degeneracy : 150 150 149 162 175 182 
degeneracy helps : 70 69 71 72 74 76 
degeneracy worse : 39 39 39 53 68 77 
SCL #err deg : 217 / 700
SCL #err weighted degeneracy : 177 177 177 196 206 212 
degeneracy helps : 84 83 85 83 89 92 
degeneracy worse : 44 44 45 62 78 87 
SCL #err deg : 246 / 800
SCL #err weighted degeneracy : 200 200 200 221 232 239 
degeneracy helps : 96 95 97 95 101 104 
degeneracy worse : 50 50 51 70 87 97 
SCL #err deg : 292 / 900
SCL #err weighted degeneracy : 236 236 236 262 273 279 
degeneracy helps : 112 111 113 108 114 117 
degeneracy worse : 56 56 57 78 95 104 
SCL #err deg : 326 / 1000
SCL #err weighted degeneracy : 262 262 262 292 306 314 
degeneracy helps : 123 122 124 119 124 128 
degeneracy worse : 59 59 60 85 104 116 
SCL #err deg : 354 / 1100
SCL #err weighted degeneracy : 291 291 291 318 333 344 
degeneracy helps : 129 128 131 129 134 135 
degeneracy worse : 67 67 68 93 113 125 
SCL #err deg : 388 / 1200
SCL #err weighted degeneracy : 322 322 324 353 367 379 
degeneracy helps : 138 137 141 140 145 145 
degeneracy worse : 73 73 77 105 124 136 
SCL #err deg : 412 / 1300
SCL #err weighted degeneracy : 345 345 348 381 397 404 
degeneracy helps : 148 147 151 150 155 157 
degeneracy worse : 82 82 87 119 140 149 
SCL #err deg : 444 / 1400
SCL #err weighted degeneracy : 378 378 381 417 433 440 
degeneracy helps : 157 156 160 159 164 166 
degeneracy worse : 92 92 97 132 153 162 
SCL #err deg : 476 / 1500
SCL #err weighted degeneracy : 408 408 411 449 467 478 
degeneracy helps : 165 163 168 167 173 175 
degeneracy worse : 98 98 103 140 164 177 
SCL #err deg : 510 / 1600
SCL #err weighted degeneracy : 438 438 443 480 503 517 
degeneracy helps : 178 176 181 182 188 189 
degeneracy worse : 107 107 114 152 181 196 
SCL #err deg : 541 / 1700
SCL #err weighted degeneracy : 469 469 474 517 541 555 
degeneracy helps : 187 185 190 191 197 200 
degeneracy worse : 116 116 123 167 197 214 
SCL #err deg : 570 / 1800
SCL #err weighted degeneracy : 500 500 505 550 571 586 
degeneracy helps : 198 196 201 202 209 212 
degeneracy worse : 129 129 136 182 210 228 
SCL #err deg : 602 / 1900
SCL #err weighted degeneracy : 527 527 530 578 599 614 
degeneracy helps : 208 206 213 214 221 224 
degeneracy worse : 134 134 141 190 218 236 
SCL #err deg : 634 / 2000
SCL #err weighted degeneracy : 554 554 557 608 629 643 
degeneracy helps : 217 215 222 224 231 234 
degeneracy worse : 138 138 145 198 226 243 
SCL #err deg : 676 / 2100
SCL #err weighted degeneracy : 592 592 594 649 670 687 
degeneracy helps : 228 226 234 235 243 246 
degeneracy worse : 145 145 152 208 237 257 
SCL #err deg : 701 / 2200
SCL #err weighted degeneracy : 621 621 623 679 701 720 
degeneracy helps : 234 232 240 241 250 252 
degeneracy worse : 155 155 162 219 250 271 
SCL #err deg : 725 / 2300
SCL #err weighted degeneracy : 647 647 649 707 731 755 
degeneracy helps : 240 238 247 249 258 260 
degeneracy worse : 163 163 171 231 264 290 
SCL #err deg : 751 / 2400
SCL #err weighted degeneracy : 672 672 674 734 760 785 
degeneracy helps : 247 245 254 256 265 268 
degeneracy worse : 169 169 177 239 274 302 
SCL #err deg : 782 / 2500
SCL #err weighted degeneracy : 699 699 702 764 789 818 
degeneracy helps : 257 255 264 266 276 280 
degeneracy worse : 175 175 184 248 283 316 
SCL #err deg : 817 / 2600
SCL #err weighted degeneracy : 735 735 736 797 821 853 
degeneracy helps : 268 266 276 279 291 295 
degeneracy worse : 187 187 195 259 295 331 
SCL #err deg : 842 / 2700
SCL #err weighted degeneracy : 757 757 757 821 846 878 
degeneracy helps : 274 272 283 287 299 303 
degeneracy worse : 190 190 198 266 303 339 
SCL #err deg : 872 / 2800
SCL #err weighted degeneracy : 779 779 780 844 869 905 
degeneracy helps : 284 281 294 299 312 314 
degeneracy worse : 193 193 202 271 309 347 
SCL #err deg : 900 / 2900
SCL #err weighted degeneracy : 805 805 807 874 899 935 
degeneracy helps : 292 289 302 306 319 323 
degeneracy worse : 199 199 209 280 318 358 
SCL #err deg : 928 / 3000
SCL #err weighted degeneracy : 835 835 837 906 934 972 
degeneracy helps : 299 296 309 314 326 332 
degeneracy worse : 208 208 218 292 332 376 
SCL #err deg : 957 / 3100
SCL #err weighted degeneracy : 860 860 862 930 962 1001 
degeneracy helps : 310 307 320 326 336 342 
degeneracy worse : 215 215 225 299 341 386 
SCL #err deg : 991 / 3200
SCL #err weighted degeneracy : 890 890 892 963 996 1035 
degeneracy helps : 318 315 328 334 344 352 
degeneracy worse : 219 219 229 306 349 396 
SCL #err deg : 1012 / 3300
SCL #err weighted degeneracy : 914 914 916 987 1019 1060 
degeneracy helps : 322 319 332 340 350 357 
degeneracy worse : 226 226 236 315 357 405 
SCL #err deg : 1043 / 3400
SCL #err weighted degeneracy : 938 938 940 1012 1046 1084 
degeneracy helps : 334 331 344 353 363 371 
degeneracy worse : 231 231 241 322 366 412 
SCL #err deg : 1070 / 3500
SCL #err weighted degeneracy : 967 967 969 1045 1082 1120 
degeneracy helps : 340 337 350 358 368 377 
degeneracy worse : 239 239 249 333 380 427 
SCL #err deg : 1100 / 3600
SCL #err weighted degeneracy : 991 991 993 1067 1104 1146 
degeneracy helps : 350 347 360 371 382 390 
degeneracy worse : 243 243 253 338 386 436 
SCL #err deg : 1129 / 3700
SCL #err weighted degeneracy : 1016 1016 1020 1097 1135 1176 
degeneracy helps : 359 356 367 377 388 397 
degeneracy worse : 248 248 258 345 394 444 
SCL #err deg : 1154 / 3800
SCL #err weighted degeneracy : 1043 1043 1047 1122 1161 1203 
degeneracy helps : 370 367 379 390 401 411 
degeneracy worse : 262 262 272 358 408 460 
SCL #err deg : 1185 / 3900
SCL #err weighted degeneracy : 1071 1071 1075 1149 1190 1234 
degeneracy helps : 377 375 387 399 410 421 
degeneracy worse : 267 267 277 363 415 470 
SCL #err deg : 1215 / 4000
SCL #err weighted degeneracy : 1101 1101 1109 1186 1227 1270 
degeneracy helps : 387 385 397 407 418 432 
degeneracy worse : 277 277 291 378 430 487 
SCL #err deg : 1238 / 4100
SCL #err weighted degeneracy : 1125 1125 1133 1212 1253 1297 
degeneracy helps : 394 392 404 414 426 440 
degeneracy worse : 285 285 299 388 441 499 
SCL #err deg : 1264 / 4200
SCL #err weighted degeneracy : 1145 1145 1154 1233 1277 1324 
degeneracy helps : 405 403 415 425 436 449 
degeneracy worse : 290 290 305 394 449 509 
SCL #err deg : 1298 / 4300
SCL #err weighted degeneracy : 1174 1174 1183 1268 1314 1362 
degeneracy helps : 418 416 428 436 449 462 
degeneracy worse : 298 298 313 406 465 526 
SCL #err deg : 1321 / 4400
SCL #err weighted degeneracy : 1187 1187 1197 1281 1330 1379 
degeneracy helps : 431 429 440 449 461 474 
degeneracy worse : 301 301 316 409 470 532 
SCL #err deg : 1347 / 4500
SCL #err weighted degeneracy : 1214 1214 1223 1308 1357 1406 
degeneracy helps : 440 438 450 460 472 485 
degeneracy worse : 312 312 327 421 482 544 
SCL #err deg : 1373 / 4600
SCL #err weighted degeneracy : 1250 1250 1259 1343 1393 1445 
degeneracy helps : 449 447 459 471 482 494 
degeneracy worse : 331 331 346 441 502 566 
SCL #err deg : 1395 / 4700
SCL #err weighted degeneracy : 1271 1271 1281 1365 1415 1473 
degeneracy helps : 455 453 465 478 490 502 
degeneracy worse : 336 336 352 448 510 580 
SCL #err deg : 1419 / 4800
SCL #err weighted degeneracy : 1293 1293 1303 1389 1439 1502 
degeneracy helps : 463 462 474 487 500 510 
degeneracy worse : 343 343 359 457 520 593 
SCL #err deg : 1446 / 4900
SCL #err weighted degeneracy : 1323 1323 1333 1423 1473 1538 
degeneracy helps : 469 468 480 493 507 517 
degeneracy worse : 352 352 368 470 534 609 
SCL #err deg : 1469 / 5000
SCL #err weighted degeneracy : 1350 1350 1361 1452 1502 1568 
degeneracy helps : 476 475 486 498 512 521 
degeneracy worse : 363 363 379 481 545 620 
SCL #err deg : 1499 / 5100
SCL #err weighted degeneracy : 1377 1377 1388 1480 1530 1597 
degeneracy helps : 486 485 496 508 523 532 
degeneracy worse : 370 370 386 489 554 630 
SCL #err deg : 1524 / 5200
SCL #err weighted degeneracy : 1403 1403 1413 1506 1559 1627 
degeneracy helps : 491 490 502 515 529 539 
degeneracy worse : 376 376 392 497 564 642 
SCL #err deg : 1548 / 5300
SCL #err weighted degeneracy : 1428 1428 1439 1534 1590 1660 
degeneracy helps : 500 499 511 521 535 545 
degeneracy worse : 386 386 403 507 577 657 
SCL #err deg : 1573 / 5400
SCL #err weighted degeneracy : 1452 1452 1463 1557 1613 1689 
degeneracy helps : 508 507 520 532 546 556 
degeneracy worse : 394 394 411 516 586 672 
SCL #err deg : 1597 / 5500
SCL #err weighted degeneracy : 1472 1472 1483 1580 1637 1717 
degeneracy helps : 518 517 530 541 556 566 
degeneracy worse : 400 400 417 524 596 686 
SCL #err deg : 1622 / 5600
SCL #err weighted degeneracy : 1495 1495 1506 1605 1665 1745 
degeneracy helps : 525 524 537 549 564 574 
degeneracy worse : 405 405 422 532 607 697 
SCL #err deg : 1646 / 5700
SCL #err weighted degeneracy : 1519 1519 1530 1629 1691 1776 
degeneracy helps : 532 531 544 557 573 582 
degeneracy worse : 412 412 429 540 618 712 
SCL #err deg : 1672 / 5800
SCL #err weighted degeneracy : 1545 1545 1556 1656 1720 1805 
degeneracy helps : 538 537 550 564 581 590 
degeneracy worse : 418 418 435 548 629 723 
SCL #err deg : 1700 / 5900
SCL #err weighted degeneracy : 1575 1575 1585 1686 1750 1835 
degeneracy helps : 544 543 557 571 589 599 
degeneracy worse : 426 426 443 557 639 734 
SCL #err deg : 1726 / 6000
SCL #err weighted degeneracy : 1602 1602 1612 1716 1780 1871 
degeneracy helps : 550 549 563 576 594 604 
degeneracy worse : 433 433 450 566 648 749 
SCL #err deg : 1751 / 6100
SCL #err weighted degeneracy : 1626 1626 1637 1743 1807 1901 
degeneracy helps : 557 556 570 584 604 613 
degeneracy worse : 439 439 457 576 660 763 
SCL #err deg : 1776 / 6200
SCL #err weighted degeneracy : 1654 1654 1665 1773 1836 1933 
degeneracy helps : 563 562 577 592 613 619 
degeneracy worse : 448 448 467 589 673 776 
SCL #err deg : 1808 / 6300
SCL #err weighted degeneracy : 1681 1681 1692 1800 1862 1963 
degeneracy helps : 573 572 587 603 624 629 
degeneracy worse : 453 453 472 595 678 784 
SCL #err deg : 1835 / 6400
SCL #err weighted degeneracy : 1710 1710 1722 1831 1893 2000 
degeneracy helps : 578 577 592 609 631 638 
degeneracy worse : 460 460 480 605 689 803 
SCL #err deg : 1864 / 6500
SCL #err weighted degeneracy : 1740 1740 1751 1860 1922 2031 
degeneracy helps : 585 584 599 616 639 646 
degeneracy worse : 468 468 487 612 697 813 
SCL #err deg : 1893 / 6600
SCL #err weighted degeneracy : 1766 1766 1779 1889 1953 2063 
degeneracy helps : 595 594 609 625 647 655 
degeneracy worse : 476 476 496 621 707 825 
SCL #err deg : 1927 / 6700
SCL #err weighted degeneracy : 1799 1799 1811 1923 1986 2095 
degeneracy helps : 603 602 618 635 657 667 
degeneracy worse : 483 483 503 631 716 835 
SCL #err deg : 1961 / 6800
SCL #err weighted degeneracy : 1830 1830 1842 1957 2017 2130 
degeneracy helps : 612 611 627 644 668 678 
degeneracy worse : 489 489 509 640 724 847 
SCL #err deg : 1990 / 6900
SCL #err weighted degeneracy : 1858 1858 1871 1990 2050 2163 
degeneracy helps : 620 619 635 651 676 686 
degeneracy worse : 496 496 517 651 736 859 
SCL #err deg : 2011 / 7000
SCL #err weighted degeneracy : 1879 1879 1890 2012 2074 2190 
degeneracy helps : 627 626 644 659 684 695 
degeneracy worse : 503 503 524 660 747 874 
SCL #err deg : 2042 / 7100
SCL #err weighted degeneracy : 1904 1904 1915 2039 2099 2222 
degeneracy helps : 640 639 657 673 699 710 
degeneracy worse : 510 510 531 670 756 890 
SCL #err deg : 2067 / 7200
SCL #err weighted degeneracy : 1922 1922 1932 2060 2123 2247 
degeneracy helps : 653 652 672 687 713 725 
degeneracy worse : 516 516 538 680 769 905 
SCL #err deg : 2089 / 7300
SCL #err weighted degeneracy : 1938 1938 1948 2076 2140 2264 
degeneracy helps : 663 662 682 697 725 737 
degeneracy worse : 520 520 542 684 776 912 
SCL #err deg : 2123 / 7400
SCL #err weighted degeneracy : 1967 1967 1979 2109 2177 2302 
degeneracy helps : 672 672 692 708 734 747 
degeneracy worse : 525 525 549 694 788 926 
SCL #err deg : 2161 / 7500
SCL #err weighted degeneracy : 2004 2004 2015 2148 2220 2349 
degeneracy helps : 678 678 699 715 741 753 
degeneracy worse : 530 530 554 702 800 941 
SCL #err deg : 2193 / 7600
SCL #err weighted degeneracy : 2035 2035 2046 2180 2253 2385 
degeneracy helps : 687 687 709 726 752 764 
degeneracy worse : 538 538 563 713 812 956 
SCL #err deg : 2223 / 7700
SCL #err weighted degeneracy : 2061 2061 2071 2207 2283 2417 
degeneracy helps : 698 698 720 736 762 775 
degeneracy worse : 545 545 569 720 822 969 
SCL #err deg : 2254 / 7800
SCL #err weighted degeneracy : 2095 2095 2106 2241 2317 2451 
degeneracy helps : 705 705 727 745 773 786 
degeneracy worse : 555 555 580 732 836 983 
SCL #err deg : 2279 / 7900
SCL #err weighted degeneracy : 2117 2117 2129 2268 2347 2487 
degeneracy helps : 716 716 738 754 783 797 
degeneracy worse : 563 563 589 743 851 1005 
SCL #err deg : 2294 / 8000
SCL #err weighted degeneracy : 2139 2139 2152 2298 2376 2519 
degeneracy helps : 719 719 741 757 786 800 
degeneracy worse : 573 573 600 761 868 1025 
SCL #err deg : 2321 / 8100
SCL #err weighted degeneracy : 2170 2170 2184 2333 2412 2554 
degeneracy helps : 728 728 750 766 795 811 
degeneracy worse : 586 586 614 778 886 1044 
SCL #err deg : 2343 / 8200
SCL #err weighted degeneracy : 2189 2189 2204 2354 2434 2578 
degeneracy helps : 736 736 759 776 805 821 
degeneracy worse : 592 592 621 787 896 1056 
SCL #err deg : 2384 / 8300
SCL #err weighted degeneracy : 2221 2221 2236 2385 2468 2614 
degeneracy helps : 746 746 770 790 818 833 
degeneracy worse : 594 594 623 791 902 1063 
SCL #err deg : 2416 / 8400
SCL #err weighted degeneracy : 2246 2246 2262 2412 2497 2645 
degeneracy helps : 755 755 779 799 828 843 
degeneracy worse : 596 596 626 795 909 1072 
SCL #err deg : 2454 / 8500
SCL #err weighted degeneracy : 2280 2280 2296 2443 2529 2679 
degeneracy helps : 766 766 789 812 842 857 
degeneracy worse : 603 603 632 801 917 1082 
SCL #err deg : 2489 / 8600
SCL #err weighted degeneracy : 2309 2309 2325 2472 2560 2711 
degeneracy helps : 776 776 799 825 854 870 
degeneracy worse : 608 608 637 808 925 1092 
SCL #err deg : 2516 / 8700
SCL #err weighted degeneracy : 2337 2337 2353 2502 2589 2742 
degeneracy helps : 783 783 806 834 864 880 
degeneracy worse : 616 616 645 820 937 1106 
SCL #err deg : 2556 / 8800
SCL #err weighted degeneracy : 2377 2377 2396 2546 2633 2788 
degeneracy helps : 792 792 814 842 874 889 
degeneracy worse : 625 625 656 832 951 1121 
SCL #err deg : 2579 / 8900
SCL #err weighted degeneracy : 2400 2400 2420 2574 2662 2822 
degeneracy helps : 801 801 824 853 886 901 
degeneracy worse : 635 635 667 848 969 1144 
SCL #err deg : 2612 / 9000
SCL #err weighted degeneracy : 2426 2426 2446 2600 2687 2848 
degeneracy helps : 816 815 839 869 904 920 
degeneracy worse : 643 643 675 857 979 1156 
SCL #err deg : 2637 / 9100
SCL #err weighted degeneracy : 2451 2451 2470 2627 2716 2876 
degeneracy helps : 822 821 846 875 912 930 
degeneracy worse : 649 649 681 865 991 1169 
SCL #err deg : 2660 / 9200
SCL #err weighted degeneracy : 2471 2471 2491 2650 2739 2898 
degeneracy helps : 831 830 855 885 922 941 
degeneracy worse : 655 655 688 875 1001 1179 
SCL #err deg : 2685 / 9300
SCL #err weighted degeneracy : 2495 2495 2515 2677 2767 2926 
degeneracy helps : 836 835 861 891 928 946 
degeneracy worse : 659 659 693 883 1010 1187 
SCL #err deg : 2709 / 9400
SCL #err weighted degeneracy : 2514 2514 2536 2702 2795 2956 
degeneracy helps : 845 845 871 900 937 955 
degeneracy worse : 664 664 700 893 1023 1202 
SCL #err deg : 2734 / 9500
SCL #err weighted degeneracy : 2536 2536 2559 2726 2818 2980 
degeneracy helps : 858 858 883 913 950 968 
degeneracy worse : 674 674 710 905 1034 1214 
SCL #err deg : 2772 / 9600
SCL #err weighted degeneracy : 2565 2565 2586 2752 2843 3008 
degeneracy helps : 873 873 900 931 969 986 
degeneracy worse : 680 680 716 911 1040 1222 
SCL #err deg : 2807 / 9700
SCL #err weighted degeneracy : 2591 2591 2611 2780 2872 3041 
degeneracy helps : 887 887 916 947 985 999 
degeneracy worse : 686 686 722 920 1050 1233 
SCL #err deg : 2837 / 9800
SCL #err weighted degeneracy : 2615 2615 2638 2805 2903 3074 
degeneracy helps : 898 898 926 959 994 1008 
degeneracy worse : 691 691 729 927 1060 1245 
SCL #err deg : 2859 / 9900
SCL #err weighted degeneracy : 2641 2641 2663 2829 2931 3106 
degeneracy helps : 906 906 934 968 1002 1015 
degeneracy worse : 703 703 740 938 1074 1262 
SCL #err deg : 2896 / 10000
SCL #err weighted degeneracy : 2668 2668 2689 2858 2964 3139 
degeneracy helps : 920 920 949 982 1014 1027 
degeneracy worse : 707 707 744 944 1082 1270 
average #flips: 13.2222
SCL #err considering degeneracy: 2896
error due to equal 1364
error due to SCL smaller 1532
Finish in 1070 s
