Simulation Polar syndrome FASTER N=128, K=65, l=128, pz=0.105, #samples=10000, seed=543
PW construction
Event generator random seed: 543
SCL #err deg : 39 / 100
SCL #err weighted degeneracy : 26 26 26 30 31 32 
degeneracy helps : 19 19 19 18 20 20 
degeneracy worse : 6 6 6 9 12 13 
SCL #err deg : 64 / 200
SCL #err weighted degeneracy : 43 43 43 49 50 55 
degeneracy helps : 28 29 29 28 31 31 
degeneracy worse : 8 8 8 13 17 22 
SCL #err deg : 96 / 300
SCL #err weighted degeneracy : 76 76 76 84 86 92 
degeneracy helps : 35 36 36 36 39 40 
degeneracy worse : 16 16 16 24 29 36 
SCL #err deg : 127 / 400
SCL #err weighted degeneracy : 107 107 106 118 120 128 
degeneracy helps : 46 47 47 47 51 50 
degeneracy worse : 27 27 26 38 44 51 
SCL #err deg : 157 / 500
SCL #err weighted degeneracy : 133 133 133 148 152 159 
degeneracy helps : 57 58 59 59 63 63 
degeneracy worse : 35 35 35 50 58 65 
SCL #err deg : 188 / 600
SCL #err weighted degeneracy : 156 156 155 172 178 187 
degeneracy helps : 69 70 72 72 76 76 
degeneracy worse : 39 39 39 56 66 75 
SCL #err deg : 224 / 700
SCL #err weighted degeneracy : 184 184 183 204 206 215 
degeneracy helps : 83 84 87 86 95 95 
degeneracy worse : 45 45 46 66 77 86 
SCL #err deg : 254 / 800
SCL #err weighted degeneracy : 207 207 205 226 230 240 
degeneracy helps : 95 96 100 99 108 108 
degeneracy worse : 50 50 51 71 84 94 
SCL #err deg : 298 / 900
SCL #err weighted degeneracy : 245 245 243 270 274 282 
degeneracy helps : 110 111 115 111 120 121 
degeneracy worse : 59 59 60 83 96 105 
SCL #err deg : 332 / 1000
SCL #err weighted degeneracy : 272 272 271 304 309 319 
degeneracy helps : 120 121 125 121 130 132 
degeneracy worse : 62 62 64 93 107 119 
SCL #err deg : 363 / 1100
SCL #err weighted degeneracy : 303 303 302 332 339 351 
degeneracy helps : 128 129 133 133 141 141 
degeneracy worse : 70 70 72 102 117 129 
SCL #err deg : 396 / 1200
SCL #err weighted degeneracy : 336 336 336 367 374 388 
degeneracy helps : 136 137 142 143 151 150 
degeneracy worse : 78 78 82 114 129 142 
SCL #err deg : 423 / 1300
SCL #err weighted degeneracy : 362 362 363 395 402 410 
degeneracy helps : 147 148 153 155 164 167 
degeneracy worse : 88 88 93 127 143 154 
SCL #err deg : 455 / 1400
SCL #err weighted degeneracy : 397 397 398 433 440 447 
degeneracy helps : 155 156 161 163 172 176 
degeneracy worse : 99 99 104 141 157 168 
SCL #err deg : 486 / 1500
SCL #err weighted degeneracy : 424 424 425 462 471 482 
degeneracy helps : 162 163 169 171 181 185 
degeneracy worse : 103 103 108 147 166 181 
SCL #err deg : 519 / 1600
SCL #err weighted degeneracy : 455 455 459 494 506 522 
degeneracy helps : 174 175 180 184 195 198 
degeneracy worse : 113 113 120 159 182 201 
SCL #err deg : 553 / 1700
SCL #err weighted degeneracy : 483 483 487 526 540 556 
degeneracy helps : 185 186 191 195 205 210 
degeneracy worse : 118 118 125 168 192 213 
SCL #err deg : 587 / 1800
SCL #err weighted degeneracy : 514 514 518 558 571 588 
degeneracy helps : 201 202 207 211 222 227 
degeneracy worse : 131 131 138 182 206 228 
SCL #err deg : 619 / 1900
SCL #err weighted degeneracy : 543 543 545 587 601 619 
degeneracy helps : 211 212 219 224 235 240 
degeneracy worse : 138 138 145 192 217 240 
SCL #err deg : 651 / 2000
SCL #err weighted degeneracy : 568 568 570 616 630 649 
degeneracy helps : 221 222 229 236 248 252 
degeneracy worse : 141 141 148 201 227 250 
SCL #err deg : 696 / 2100
SCL #err weighted degeneracy : 605 605 606 656 670 691 
degeneracy helps : 234 235 243 249 262 266 
degeneracy worse : 146 146 153 209 236 261 
SCL #err deg : 727 / 2200
SCL #err weighted degeneracy : 629 629 631 683 696 720 
degeneracy helps : 249 250 258 263 278 280 
degeneracy worse : 154 154 162 219 247 273 
SCL #err deg : 757 / 2300
SCL #err weighted degeneracy : 660 660 661 714 729 759 
degeneracy helps : 256 257 266 273 287 288 
degeneracy worse : 162 162 170 230 259 290 
SCL #err deg : 784 / 2400
SCL #err weighted degeneracy : 686 686 687 741 757 787 
degeneracy helps : 263 264 273 281 296 298 
degeneracy worse : 168 168 176 238 269 301 
SCL #err deg : 816 / 2500
SCL #err weighted degeneracy : 713 713 715 772 787 822 
degeneracy helps : 274 275 284 292 308 310 
degeneracy worse : 174 174 183 248 279 316 
SCL #err deg : 849 / 2600
SCL #err weighted degeneracy : 750 750 751 807 820 857 
degeneracy helps : 284 285 294 303 321 323 
degeneracy worse : 188 188 196 261 292 331 
SCL #err deg : 877 / 2700
SCL #err weighted degeneracy : 775 775 775 833 846 883 
degeneracy helps : 289 290 300 311 329 331 
degeneracy worse : 190 190 198 267 298 337 
SCL #err deg : 908 / 2800
SCL #err weighted degeneracy : 802 802 803 860 873 913 
degeneracy helps : 297 298 310 323 342 343 
degeneracy worse : 195 195 205 275 307 348 
SCL #err deg : 935 / 2900
SCL #err weighted degeneracy : 829 829 831 891 904 945 
degeneracy helps : 306 307 319 331 350 352 
degeneracy worse : 204 204 215 287 319 362 
SCL #err deg : 966 / 3000
SCL #err weighted degeneracy : 864 864 866 928 941 984 
degeneracy helps : 311 312 324 337 357 361 
degeneracy worse : 213 213 224 299 332 379 
SCL #err deg : 997 / 3100
SCL #err weighted degeneracy : 891 891 893 955 974 1017 
degeneracy helps : 321 322 334 348 366 370 
degeneracy worse : 219 219 230 306 343 390 
SCL #err deg : 1031 / 3200
SCL #err weighted degeneracy : 922 922 923 986 1006 1051 
degeneracy helps : 329 330 343 357 375 381 
degeneracy worse : 224 224 235 312 350 401 
SCL #err deg : 1053 / 3300
SCL #err weighted degeneracy : 948 948 948 1011 1031 1078 
degeneracy helps : 334 335 349 365 383 388 
degeneracy worse : 233 233 244 323 361 413 
SCL #err deg : 1087 / 3400
SCL #err weighted degeneracy : 978 978 978 1045 1067 1112 
degeneracy helps : 346 347 361 377 395 400 
degeneracy worse : 241 241 252 335 375 425 
SCL #err deg : 1113 / 3500
SCL #err weighted degeneracy : 1006 1006 1006 1075 1100 1145 
degeneracy helps : 353 354 368 383 401 407 
degeneracy worse : 250 250 261 345 388 439 
SCL #err deg : 1144 / 3600
SCL #err weighted degeneracy : 1029 1029 1029 1097 1122 1172 
degeneracy helps : 366 367 381 398 417 423 
degeneracy worse : 255 255 266 351 395 451 
SCL #err deg : 1173 / 3700
SCL #err weighted degeneracy : 1054 1054 1056 1127 1152 1203 
degeneracy helps : 376 377 389 405 424 430 
degeneracy worse : 261 261 272 359 403 460 
SCL #err deg : 1199 / 3800
SCL #err weighted degeneracy : 1081 1081 1083 1152 1178 1231 
degeneracy helps : 388 389 401 418 437 444 
degeneracy worse : 274 274 285 371 416 476 
SCL #err deg : 1230 / 3900
SCL #err weighted degeneracy : 1111 1111 1114 1182 1209 1266 
degeneracy helps : 394 396 408 426 445 452 
degeneracy worse : 280 280 292 378 424 488 
SCL #err deg : 1263 / 4000
SCL #err weighted degeneracy : 1141 1141 1147 1217 1246 1302 
degeneracy helps : 405 407 419 437 454 464 
degeneracy worse : 288 288 303 391 437 503 
SCL #err deg : 1292 / 4100
SCL #err weighted degeneracy : 1171 1171 1177 1247 1276 1333 
degeneracy helps : 415 417 429 447 465 476 
degeneracy worse : 299 299 314 402 449 517 
SCL #err deg : 1325 / 4200
SCL #err weighted degeneracy : 1195 1195 1202 1271 1300 1360 
degeneracy helps : 427 429 441 461 480 490 
degeneracy worse : 302 302 318 407 455 525 
SCL #err deg : 1360 / 4300
SCL #err weighted degeneracy : 1226 1226 1234 1308 1338 1397 
degeneracy helps : 438 440 453 472 493 504 
degeneracy worse : 310 310 327 420 471 541 
SCL #err deg : 1384 / 4400
SCL #err weighted degeneracy : 1245 1245 1254 1326 1359 1420 
degeneracy helps : 450 452 464 484 504 515 
degeneracy worse : 317 317 334 426 479 551 
SCL #err deg : 1415 / 4500
SCL #err weighted degeneracy : 1273 1273 1282 1353 1387 1448 
degeneracy helps : 461 463 476 498 518 529 
degeneracy worse : 326 326 344 436 490 562 
SCL #err deg : 1443 / 4600
SCL #err weighted degeneracy : 1312 1312 1321 1389 1424 1487 
degeneracy helps : 470 472 485 511 531 541 
degeneracy worse : 347 347 365 457 512 585 
SCL #err deg : 1467 / 4700
SCL #err weighted degeneracy : 1333 1333 1343 1412 1447 1515 
degeneracy helps : 478 480 493 520 541 551 
degeneracy worse : 352 352 371 465 521 599 
SCL #err deg : 1492 / 4800
SCL #err weighted degeneracy : 1355 1355 1364 1434 1470 1543 
degeneracy helps : 487 489 502 529 551 559 
degeneracy worse : 358 358 376 471 529 610 
SCL #err deg : 1522 / 4900
SCL #err weighted degeneracy : 1389 1389 1398 1471 1505 1579 
degeneracy helps : 494 496 509 536 560 568 
degeneracy worse : 369 369 387 485 543 625 
SCL #err deg : 1547 / 5000
SCL #err weighted degeneracy : 1418 1418 1429 1504 1538 1614 
degeneracy helps : 499 501 513 540 564 571 
degeneracy worse : 378 378 397 497 555 638 
SCL #err deg : 1576 / 5100
SCL #err weighted degeneracy : 1449 1449 1460 1537 1573 1649 
degeneracy helps : 508 510 522 549 574 581 
degeneracy worse : 389 389 408 510 571 654 
SCL #err deg : 1602 / 5200
SCL #err weighted degeneracy : 1477 1477 1488 1566 1603 1680 
degeneracy helps : 512 514 528 557 582 590 
degeneracy worse : 395 395 416 521 583 668 
SCL #err deg : 1626 / 5300
SCL #err weighted degeneracy : 1504 1504 1516 1595 1636 1713 
degeneracy helps : 520 522 536 563 588 596 
degeneracy worse : 406 406 428 532 598 683 
SCL #err deg : 1651 / 5400
SCL #err weighted degeneracy : 1528 1528 1540 1619 1661 1741 
degeneracy helps : 528 530 545 574 599 607 
degeneracy worse : 414 414 436 542 609 697 
SCL #err deg : 1675 / 5500
SCL #err weighted degeneracy : 1549 1549 1561 1643 1688 1772 
degeneracy helps : 538 540 555 583 607 616 
degeneracy worse : 421 421 443 551 620 713 
SCL #err deg : 1705 / 5600
SCL #err weighted degeneracy : 1576 1576 1588 1673 1723 1807 
degeneracy helps : 546 548 563 591 614 623 
degeneracy worse : 426 426 448 559 632 725 
SCL #err deg : 1732 / 5700
SCL #err weighted degeneracy : 1604 1604 1616 1700 1752 1839 
degeneracy helps : 554 556 571 600 624 632 
degeneracy worse : 435 435 457 568 644 739 
SCL #err deg : 1756 / 5800
SCL #err weighted degeneracy : 1630 1630 1642 1729 1782 1868 
degeneracy helps : 558 560 575 604 630 639 
degeneracy worse : 441 441 463 577 656 751 
SCL #err deg : 1783 / 5900
SCL #err weighted degeneracy : 1661 1661 1673 1760 1816 1902 
degeneracy helps : 562 564 579 609 635 645 
degeneracy worse : 449 449 471 586 668 764 
SCL #err deg : 1810 / 6000
SCL #err weighted degeneracy : 1686 1686 1698 1790 1847 1939 
degeneracy helps : 572 574 589 617 643 653 
degeneracy worse : 457 457 479 597 680 782 
SCL #err deg : 1840 / 6100
SCL #err weighted degeneracy : 1713 1713 1726 1818 1875 1971 
degeneracy helps : 580 582 597 627 655 664 
degeneracy worse : 462 462 485 605 690 795 
SCL #err deg : 1869 / 6200
SCL #err weighted degeneracy : 1744 1744 1758 1850 1906 2004 
degeneracy helps : 587 589 605 637 667 675 
degeneracy worse : 471 471 496 618 704 810 
SCL #err deg : 1902 / 6300
SCL #err weighted degeneracy : 1775 1775 1788 1881 1936 2034 
degeneracy helps : 594 596 613 646 676 685 
degeneracy worse : 476 476 501 625 710 817 
SCL #err deg : 1926 / 6400
SCL #err weighted degeneracy : 1806 1806 1819 1913 1969 2071 
degeneracy helps : 598 600 617 651 681 692 
degeneracy worse : 487 487 512 638 724 837 
SCL #err deg : 1958 / 6500
SCL #err weighted degeneracy : 1838 1838 1850 1943 1999 2103 
degeneracy helps : 607 609 626 661 691 702 
degeneracy worse : 496 496 520 646 732 847 
SCL #err deg : 1985 / 6600
SCL #err weighted degeneracy : 1872 1872 1884 1977 2033 2136 
degeneracy helps : 611 613 630 666 696 708 
degeneracy worse : 507 507 531 658 744 859 
SCL #err deg : 2020 / 6700
SCL #err weighted degeneracy : 1908 1908 1919 2013 2069 2171 
degeneracy helps : 618 620 638 676 706 720 
degeneracy worse : 515 515 539 669 755 871 
SCL #err deg : 2053 / 6800
SCL #err weighted degeneracy : 1940 1940 1951 2048 2099 2205 
degeneracy helps : 627 629 647 685 718 731 
degeneracy worse : 523 523 547 680 764 883 
SCL #err deg : 2083 / 6900
SCL #err weighted degeneracy : 1973 1973 1985 2084 2135 2241 
degeneracy helps : 633 635 653 692 726 739 
degeneracy worse : 532 532 557 693 778 897 
SCL #err deg : 2108 / 7000
SCL #err weighted degeneracy : 1996 1996 2006 2108 2160 2269 
degeneracy helps : 643 645 665 703 737 750 
degeneracy worse : 540 540 565 703 789 911 
SCL #err deg : 2143 / 7100
SCL #err weighted degeneracy : 2026 2026 2037 2140 2191 2304 
degeneracy helps : 656 658 678 717 752 766 
degeneracy worse : 548 548 574 714 800 927 
SCL #err deg : 2166 / 7200
SCL #err weighted degeneracy : 2049 2049 2061 2166 2220 2335 
degeneracy helps : 666 668 688 726 761 775 
degeneracy worse : 558 558 585 726 815 944 
SCL #err deg : 2194 / 7300
SCL #err weighted degeneracy : 2067 2067 2079 2184 2237 2354 
degeneracy helps : 678 680 700 738 776 790 
degeneracy worse : 560 560 587 728 819 950 
SCL #err deg : 2233 / 7400
SCL #err weighted degeneracy : 2095 2095 2110 2219 2278 2394 
degeneracy helps : 693 695 714 751 786 801 
degeneracy worse : 564 564 593 737 831 962 
SCL #err deg : 2268 / 7500
SCL #err weighted degeneracy : 2132 2132 2146 2259 2321 2441 
degeneracy helps : 699 701 721 758 793 807 
degeneracy worse : 572 572 601 749 846 980 
SCL #err deg : 2300 / 7600
SCL #err weighted degeneracy : 2164 2164 2178 2291 2353 2476 
degeneracy helps : 706 708 729 767 802 816 
degeneracy worse : 579 579 609 758 855 992 
SCL #err deg : 2338 / 7700
SCL #err weighted degeneracy : 2194 2194 2208 2325 2391 2516 
degeneracy helps : 719 721 742 778 813 828 
degeneracy worse : 584 584 614 765 866 1006 
SCL #err deg : 2372 / 7800
SCL #err weighted degeneracy : 2230 2230 2245 2363 2428 2554 
degeneracy helps : 725 727 748 786 822 837 
degeneracy worse : 592 592 623 777 878 1019 
SCL #err deg : 2397 / 7900
SCL #err weighted degeneracy : 2255 2255 2270 2393 2461 2591 
degeneracy helps : 735 737 758 794 831 847 
degeneracy worse : 602 602 633 790 895 1041 
SCL #err deg : 2413 / 8000
SCL #err weighted degeneracy : 2278 2278 2294 2423 2491 2625 
degeneracy helps : 738 740 761 797 834 850 
degeneracy worse : 612 612 644 807 912 1062 
SCL #err deg : 2444 / 8100
SCL #err weighted degeneracy : 2304 2304 2321 2453 2521 2655 
degeneracy helps : 751 753 774 810 847 865 
degeneracy worse : 620 620 653 819 924 1076 
SCL #err deg : 2473 / 8200
SCL #err weighted degeneracy : 2329 2329 2347 2481 2549 2683 
degeneracy helps : 762 764 786 822 860 878 
degeneracy worse : 628 628 662 830 936 1088 
SCL #err deg : 2512 / 8300
SCL #err weighted degeneracy : 2361 2361 2379 2512 2583 2719 
degeneracy helps : 771 773 797 835 872 890 
degeneracy worse : 631 631 666 835 943 1097 
SCL #err deg : 2547 / 8400
SCL #err weighted degeneracy : 2391 2391 2410 2544 2617 2755 
degeneracy helps : 778 780 804 842 880 899 
degeneracy worse : 633 633 669 839 950 1107 
SCL #err deg : 2590 / 8500
SCL #err weighted degeneracy : 2429 2429 2449 2580 2655 2793 
degeneracy helps : 791 793 816 857 896 916 
degeneracy worse : 641 641 677 847 961 1119 
SCL #err deg : 2629 / 8600
SCL #err weighted degeneracy : 2461 2461 2481 2613 2689 2828 
degeneracy helps : 802 804 827 870 909 930 
degeneracy worse : 646 646 682 854 969 1129 
SCL #err deg : 2661 / 8700
SCL #err weighted degeneracy : 2489 2489 2509 2642 2718 2858 
degeneracy helps : 811 813 836 881 921 943 
degeneracy worse : 651 651 687 862 978 1140 
SCL #err deg : 2700 / 8800
SCL #err weighted degeneracy : 2529 2529 2553 2686 2762 2902 
degeneracy helps : 821 823 845 891 932 954 
degeneracy worse : 662 662 701 877 994 1156 
SCL #err deg : 2729 / 8900
SCL #err weighted degeneracy : 2553 2553 2578 2716 2790 2934 
degeneracy helps : 834 836 859 905 949 970 
degeneracy worse : 671 671 711 892 1010 1175 
SCL #err deg : 2764 / 9000
SCL #err weighted degeneracy : 2583 2583 2608 2746 2819 2963 
degeneracy helps : 847 848 872 919 965 987 
degeneracy worse : 679 679 719 901 1020 1186 
SCL #err deg : 2795 / 9100
SCL #err weighted degeneracy : 2608 2608 2634 2775 2851 2993 
degeneracy helps : 857 858 882 927 973 998 
degeneracy worse : 683 683 724 907 1029 1196 
SCL #err deg : 2818 / 9200
SCL #err weighted degeneracy : 2630 2630 2656 2799 2874 3015 
degeneracy helps : 863 864 889 934 981 1007 
degeneracy worse : 688 688 730 915 1037 1204 
SCL #err deg : 2845 / 9300
SCL #err weighted degeneracy : 2656 2656 2682 2829 2904 3044 
degeneracy helps : 871 872 898 943 991 1017 
degeneracy worse : 695 695 738 927 1050 1216 
SCL #err deg : 2867 / 9400
SCL #err weighted degeneracy : 2677 2677 2704 2857 2934 3076 
degeneracy helps : 878 880 906 950 998 1024 
degeneracy worse : 702 702 746 940 1065 1233 
SCL #err deg : 2895 / 9500
SCL #err weighted degeneracy : 2700 2700 2728 2882 2958 3100 
degeneracy helps : 893 895 920 965 1013 1040 
degeneracy worse : 712 712 756 952 1076 1245 
SCL #err deg : 2933 / 9600
SCL #err weighted degeneracy : 2728 2728 2754 2907 2983 3127 
degeneracy helps : 908 910 937 983 1031 1058 
degeneracy worse : 717 717 761 957 1081 1252 
SCL #err deg : 2968 / 9700
SCL #err weighted degeneracy : 2753 2753 2780 2935 3013 3160 
degeneracy helps : 923 925 953 999 1047 1072 
degeneracy worse : 723 723 768 966 1092 1264 
SCL #err deg : 2996 / 9800
SCL #err weighted degeneracy : 2779 2779 2809 2963 3042 3197 
degeneracy helps : 932 934 962 1010 1057 1081 
degeneracy worse : 730 730 778 977 1103 1282 
SCL #err deg : 3020 / 9900
SCL #err weighted degeneracy : 2805 2805 2834 2987 3069 3228 
degeneracy helps : 943 945 973 1022 1068 1091 
degeneracy worse : 743 743 790 989 1117 1299 
SCL #err deg : 3059 / 10000
SCL #err weighted degeneracy : 2835 2835 2863 3018 3103 3261 
degeneracy helps : 957 959 988 1037 1082 1106 
degeneracy worse : 748 748 795 996 1126 1308 
average #flips: 13.4773
SCL #err considering degeneracy: 3059
error due to equal 1388
error due to SCL smaller 1671
Finish in 1124 s
