Simulation Polar syndrome FASTER N=512, K=257, l=128, pz=0.13, #samples=10000
PW construction
SCL #err deg : 66 / 100
SCL #err weighted degeneracy : 60 60 58 56 56 57 
degeneracy helps : 12 12 12 13 14 13 
degeneracy worse : 6 6 4 3 4 4 
SCL #err deg : 131 / 200
SCL #err weighted degeneracy : 117 117 114 117 119 119 
degeneracy helps : 27 27 29 28 28 28 
degeneracy worse : 13 13 12 14 16 16 
SCL #err deg : 194 / 300
SCL #err weighted degeneracy : 183 184 179 182 185 184 
degeneracy helps : 36 36 39 38 38 39 
degeneracy worse : 25 26 24 26 29 29 
SCL #err deg : 251 / 400
SCL #err weighted degeneracy : 238 238 241 244 245 242 
degeneracy helps : 50 50 50 51 52 55 
degeneracy worse : 37 37 40 44 46 46 
SCL #err deg : 310 / 500
SCL #err weighted degeneracy : 295 295 301 304 306 299 
degeneracy helps : 60 60 59 61 60 65 
degeneracy worse : 45 45 50 55 56 54 
SCL #err deg : 377 / 600
SCL #err weighted degeneracy : 354 354 359 358 360 354 
degeneracy helps : 73 73 73 79 78 83 
degeneracy worse : 50 50 55 60 61 60 
SCL #err deg : 430 / 700
SCL #err weighted degeneracy : 411 409 417 413 413 412 
degeneracy helps : 79 79 79 86 87 88 
degeneracy worse : 60 58 66 69 70 70 
SCL #err deg : 481 / 800
SCL #err weighted degeneracy : 463 461 470 467 467 470 
degeneracy helps : 90 90 89 97 98 97 
degeneracy worse : 72 70 78 83 84 86 
SCL #err deg : 546 / 900
SCL #err weighted degeneracy : 518 517 526 522 521 520 
degeneracy helps : 104 103 104 114 115 116 
degeneracy worse : 76 74 84 90 90 90 
SCL #err deg : 603 / 1000
SCL #err weighted degeneracy : 576 575 584 582 579 575 
degeneracy helps : 110 109 110 121 124 127 
degeneracy worse : 83 81 91 100 100 99 
SCL #err deg : 663 / 1100
SCL #err weighted degeneracy : 635 634 645 645 642 639 
degeneracy helps : 120 119 119 130 133 136 
degeneracy worse : 92 90 101 112 112 112 
SCL #err deg : 722 / 1200
SCL #err weighted degeneracy : 695 694 706 707 706 703 
degeneracy helps : 130 129 130 143 146 149 
degeneracy worse : 103 101 114 128 130 130 
SCL #err deg : 784 / 1300
SCL #err weighted degeneracy : 750 750 761 763 763 761 
degeneracy helps : 143 142 144 157 160 163 
degeneracy worse : 109 108 121 136 139 140 
SCL #err deg : 846 / 1400
SCL #err weighted degeneracy : 812 811 820 822 822 824 
degeneracy helps : 154 153 157 171 174 173 
degeneracy worse : 120 118 131 147 150 151 
SCL #err deg : 909 / 1500
SCL #err weighted degeneracy : 874 873 880 882 882 885 
degeneracy helps : 161 160 166 180 184 183 
degeneracy worse : 126 124 137 153 157 159 
SCL #err deg : 971 / 1600
SCL #err weighted degeneracy : 938 937 941 946 945 950 
degeneracy helps : 167 166 175 188 192 190 
degeneracy worse : 134 132 145 163 166 169 
SCL #err deg : 1037 / 1700
SCL #err weighted degeneracy : 994 993 995 998 1000 1003 
degeneracy helps : 182 181 193 208 211 210 
degeneracy worse : 139 137 151 169 174 176 
SCL #err deg : 1091 / 1800
SCL #err weighted degeneracy : 1053 1052 1051 1054 1059 1064 
degeneracy helps : 190 189 203 218 218 218 
degeneracy worse : 152 150 163 181 186 191 
SCL #err deg : 1161 / 1900
SCL #err weighted degeneracy : 1126 1124 1121 1121 1126 1131 
degeneracy helps : 197 197 213 230 229 230 
degeneracy worse : 162 160 173 190 194 200 
SCL #err deg : 1217 / 2000
SCL #err weighted degeneracy : 1180 1178 1176 1175 1181 1188 
degeneracy helps : 209 209 224 240 238 238 
degeneracy worse : 172 170 183 198 202 209 
SCL #err deg : 1274 / 2100
SCL #err weighted degeneracy : 1236 1234 1233 1231 1236 1243 
degeneracy helps : 216 216 231 248 247 247 
degeneracy worse : 178 176 190 205 209 216 
SCL #err deg : 1335 / 2200
SCL #err weighted degeneracy : 1296 1295 1292 1289 1295 1301 
degeneracy helps : 227 226 243 262 261 262 
degeneracy worse : 188 186 200 216 221 228 
SCL #err deg : 1399 / 2300
SCL #err weighted degeneracy : 1350 1349 1342 1339 1342 1350 
degeneracy helps : 241 240 260 279 279 281 
degeneracy worse : 192 190 203 219 222 232 
SCL #err deg : 1452 / 2400
SCL #err weighted degeneracy : 1401 1400 1393 1390 1392 1400 
degeneracy helps : 255 254 275 296 295 297 
degeneracy worse : 204 202 216 234 235 245 
SCL #err deg : 1509 / 2500
SCL #err weighted degeneracy : 1452 1451 1445 1443 1444 1457 
degeneracy helps : 267 266 288 308 308 309 
degeneracy worse : 210 208 224 242 243 257 
SCL #err deg : 1575 / 2600
SCL #err weighted degeneracy : 1520 1520 1511 1512 1511 1525 
degeneracy helps : 274 272 298 318 321 322 
degeneracy worse : 219 217 234 255 257 272 
SCL #err deg : 1631 / 2700
SCL #err weighted degeneracy : 1579 1579 1569 1571 1571 1584 
degeneracy helps : 282 280 307 328 330 331 
degeneracy worse : 230 228 245 268 270 284 
SCL #err deg : 1686 / 2800
SCL #err weighted degeneracy : 1646 1646 1633 1632 1633 1647 
degeneracy helps : 289 287 316 339 341 341 
degeneracy worse : 249 247 263 285 288 302 
SCL #err deg : 1741 / 2900
SCL #err weighted degeneracy : 1706 1706 1696 1694 1694 1707 
degeneracy helps : 293 291 320 344 347 347 
degeneracy worse : 258 256 275 297 300 313 
SCL #err deg : 1803 / 3000
SCL #err weighted degeneracy : 1763 1762 1752 1755 1754 1766 
degeneracy helps : 305 303 333 354 358 358 
degeneracy worse : 265 262 282 306 309 321 
SCL #err deg : 1870 / 3100
SCL #err weighted degeneracy : 1823 1823 1811 1811 1810 1822 
degeneracy helps : 319 316 347 371 375 376 
degeneracy worse : 272 269 288 312 315 328 
SCL #err deg : 1932 / 3200
SCL #err weighted degeneracy : 1879 1880 1869 1871 1872 1885 
degeneracy helps : 330 326 359 382 386 386 
degeneracy worse : 277 274 296 321 326 339 
SCL #err deg : 1999 / 3300
SCL #err weighted degeneracy : 1948 1950 1937 1938 1940 1955 
degeneracy helps : 341 337 372 396 399 398 
degeneracy worse : 290 288 310 335 340 354 
SCL #err deg : 2064 / 3400
SCL #err weighted degeneracy : 2010 2012 1999 1999 2002 2017 
degeneracy helps : 349 345 381 408 411 410 
degeneracy worse : 295 293 316 343 349 363 
SCL #err deg : 2123 / 3500
SCL #err weighted degeneracy : 2071 2073 2058 2056 2059 2074 
degeneracy helps : 356 352 389 418 422 422 
degeneracy worse : 304 302 324 351 358 373 
SCL #err deg : 2186 / 3600
SCL #err weighted degeneracy : 2137 2140 2118 2116 2120 2134 
degeneracy helps : 362 358 399 429 433 434 
degeneracy worse : 313 312 331 359 367 382 
SCL #err deg : 2244 / 3700
SCL #err weighted degeneracy : 2200 2203 2179 2179 2183 2195 
degeneracy helps : 368 364 406 435 439 441 
degeneracy worse : 324 323 341 370 378 392 
SCL #err deg : 2310 / 3800
SCL #err weighted degeneracy : 2263 2266 2238 2237 2242 2256 
degeneracy helps : 379 375 419 447 451 452 
degeneracy worse : 332 331 347 374 383 398 
SCL #err deg : 2366 / 3900
SCL #err weighted degeneracy : 2321 2324 2297 2294 2299 2311 
degeneracy helps : 387 383 426 458 463 466 
degeneracy worse : 342 341 357 386 396 411 
SCL #err deg : 2427 / 4000
SCL #err weighted degeneracy : 2379 2383 2353 2348 2357 2370 
degeneracy helps : 400 395 440 474 478 481 
degeneracy worse : 352 351 366 395 408 424 
SCL #err deg : 2492 / 4100
SCL #err weighted degeneracy : 2434 2438 2412 2409 2417 2429 
degeneracy helps : 414 408 452 486 491 495 
degeneracy worse : 356 355 372 403 416 432 
SCL #err deg : 2553 / 4200
SCL #err weighted degeneracy : 2489 2494 2470 2462 2471 2485 
degeneracy helps : 428 421 463 500 504 506 
degeneracy worse : 364 363 380 409 422 438 
SCL #err deg : 2613 / 4300
SCL #err weighted degeneracy : 2545 2550 2523 2517 2525 2539 
degeneracy helps : 438 431 474 511 516 518 
degeneracy worse : 370 369 384 415 428 444 
SCL #err deg : 2672 / 4400
SCL #err weighted degeneracy : 2597 2602 2571 2564 2573 2588 
degeneracy helps : 449 442 490 529 534 536 
degeneracy worse : 374 373 389 421 435 452 
SCL #err deg : 2728 / 4500
SCL #err weighted degeneracy : 2656 2661 2629 2620 2628 2645 
degeneracy helps : 455 448 497 538 545 548 
degeneracy worse : 383 382 398 430 445 465 
SCL #err deg : 2785 / 4600
SCL #err weighted degeneracy : 2711 2716 2684 2677 2685 2704 
degeneracy helps : 465 458 509 549 556 561 
degeneracy worse : 391 390 408 441 456 480 
SCL #err deg : 2852 / 4700
SCL #err weighted degeneracy : 2775 2780 2748 2741 2748 2770 
degeneracy helps : 474 467 519 560 568 571 
degeneracy worse : 397 396 415 449 464 489 
SCL #err deg : 2919 / 4800
SCL #err weighted degeneracy : 2835 2838 2808 2796 2799 2822 
degeneracy helps : 487 481 534 577 588 590 
degeneracy worse : 403 401 423 454 468 493 
SCL #err deg : 2984 / 4900
SCL #err weighted degeneracy : 2892 2894 2865 2854 2859 2883 
degeneracy helps : 498 492 545 589 599 601 
degeneracy worse : 406 403 426 459 474 500 
SCL #err deg : 3046 / 5000
SCL #err weighted degeneracy : 2948 2949 2924 2916 2919 2945 
degeneracy helps : 510 504 554 597 609 611 
degeneracy worse : 412 408 432 467 482 510 
SCL #err deg : 3110 / 5100
SCL #err weighted degeneracy : 3009 3009 2986 2980 2986 3009 
degeneracy helps : 523 517 566 608 618 623 
degeneracy worse : 422 417 442 478 494 522 
SCL #err deg : 3175 / 5200
SCL #err weighted degeneracy : 3074 3073 3051 3043 3048 3072 
degeneracy helps : 534 529 579 622 633 638 
degeneracy worse : 433 428 455 490 506 535 
SCL #err deg : 3238 / 5300
SCL #err weighted degeneracy : 3138 3137 3112 3103 3108 3130 
degeneracy helps : 544 539 593 636 648 655 
degeneracy worse : 444 439 467 501 518 547 
SCL #err deg : 3294 / 5400
SCL #err weighted degeneracy : 3194 3195 3171 3160 3166 3187 
degeneracy helps : 550 544 598 644 656 664 
degeneracy worse : 450 446 475 510 528 557 
SCL #err deg : 3355 / 5500
SCL #err weighted degeneracy : 3254 3255 3235 3222 3230 3251 
degeneracy helps : 557 551 605 652 663 671 
degeneracy worse : 456 452 485 519 538 567 
SCL #err deg : 3416 / 5600
SCL #err weighted degeneracy : 3312 3312 3291 3279 3288 3311 
degeneracy helps : 568 562 617 665 675 683 
degeneracy worse : 464 459 492 528 547 578 
SCL #err deg : 3477 / 5700
SCL #err weighted degeneracy : 3366 3367 3344 3332 3343 3368 
degeneracy helps : 583 577 633 683 691 698 
degeneracy worse : 472 468 500 538 557 589 
SCL #err deg : 3539 / 5800
SCL #err weighted degeneracy : 3429 3428 3403 3392 3403 3427 
degeneracy helps : 591 586 645 696 705 712 
degeneracy worse : 481 476 509 549 569 600 
SCL #err deg : 3598 / 5900
SCL #err weighted degeneracy : 3490 3489 3464 3456 3467 3495 
degeneracy helps : 599 594 654 702 711 717 
degeneracy worse : 491 486 520 560 580 614 
SCL #err deg : 3658 / 6000
SCL #err weighted degeneracy : 3550 3549 3522 3517 3528 3559 
degeneracy helps : 612 607 670 716 724 729 
degeneracy worse : 504 499 534 575 594 630 
SCL #err deg : 3728 / 6100
SCL #err weighted degeneracy : 3616 3615 3588 3584 3594 3628 
degeneracy helps : 622 617 680 724 732 736 
degeneracy worse : 510 505 540 580 598 636 
SCL #err deg : 3787 / 6200
SCL #err weighted degeneracy : 3674 3673 3645 3640 3650 3685 
degeneracy helps : 634 629 693 736 745 748 
degeneracy worse : 522 517 551 589 608 646 
SCL #err deg : 3846 / 6300
SCL #err weighted degeneracy : 3736 3734 3706 3704 3711 3745 
degeneracy helps : 643 638 703 745 756 760 
degeneracy worse : 534 528 563 603 621 659 
SCL #err deg : 3901 / 6400
SCL #err weighted degeneracy : 3789 3788 3761 3760 3768 3803 
degeneracy helps : 655 649 718 759 769 771 
degeneracy worse : 544 538 578 618 636 673 
SCL #err deg : 3962 / 6500
SCL #err weighted degeneracy : 3844 3843 3816 3814 3828 3863 
degeneracy helps : 667 662 729 771 778 781 
degeneracy worse : 550 545 583 623 644 682 
SCL #err deg : 4013 / 6600
SCL #err weighted degeneracy : 3894 3891 3868 3869 3885 3923 
degeneracy helps : 678 673 739 782 789 791 
degeneracy worse : 560 553 594 638 661 701 
SCL #err deg : 4067 / 6700
SCL #err weighted degeneracy : 3954 3951 3931 3935 3952 3992 
degeneracy helps : 685 680 745 788 795 797 
degeneracy worse : 573 566 609 656 680 722 
SCL #err deg : 4127 / 6800
SCL #err weighted degeneracy : 4017 4014 3994 3996 4015 4054 
degeneracy helps : 691 686 752 799 806 808 
degeneracy worse : 582 575 619 668 694 735 
SCL #err deg : 4198 / 6900
SCL #err weighted degeneracy : 4084 4080 4060 4064 4083 4124 
degeneracy helps : 704 701 768 815 822 822 
degeneracy worse : 591 585 630 681 707 748 
SCL #err deg : 4258 / 7000
SCL #err weighted degeneracy : 4145 4141 4121 4122 4143 4182 
degeneracy helps : 712 709 776 824 831 833 
degeneracy worse : 600 594 639 688 716 757 
SCL #err deg : 4319 / 7100
SCL #err weighted degeneracy : 4208 4204 4183 4184 4203 4239 
degeneracy helps : 720 717 783 830 838 843 
degeneracy worse : 610 604 647 695 722 763 
SCL #err deg : 4385 / 7200
SCL #err weighted degeneracy : 4277 4273 4250 4246 4264 4300 
degeneracy helps : 730 727 794 845 853 859 
degeneracy worse : 623 617 659 706 732 774 
SCL #err deg : 4441 / 7300
SCL #err weighted degeneracy : 4334 4331 4306 4303 4321 4361 
degeneracy helps : 739 736 804 855 863 868 
degeneracy worse : 633 628 669 717 743 788 
SCL #err deg : 4497 / 7400
SCL #err weighted degeneracy : 4386 4383 4356 4353 4373 4411 
degeneracy helps : 749 746 816 867 876 882 
degeneracy worse : 639 634 675 723 752 796 
SCL #err deg : 4565 / 7500
SCL #err weighted degeneracy : 4447 4443 4418 4413 4437 4475 
degeneracy helps : 766 763 833 887 895 900 
degeneracy worse : 649 643 686 735 767 810 
SCL #err deg : 4622 / 7600
SCL #err weighted degeneracy : 4504 4500 4475 4470 4492 4530 
degeneracy helps : 776 773 844 898 906 912 
degeneracy worse : 659 653 697 746 776 820 
SCL #err deg : 4680 / 7700
SCL #err weighted degeneracy : 4558 4554 4533 4528 4550 4588 
degeneracy helps : 786 783 853 907 914 921 
degeneracy worse : 665 659 706 755 784 829 
SCL #err deg : 4742 / 7800
SCL #err weighted degeneracy : 4617 4612 4594 4590 4614 4652 
degeneracy helps : 799 797 866 921 926 932 
degeneracy worse : 675 669 718 769 798 842 
SCL #err deg : 4805 / 7900
SCL #err weighted degeneracy : 4676 4672 4651 4647 4673 4709 
degeneracy helps : 811 808 880 938 940 947 
degeneracy worse : 683 677 726 780 808 851 
SCL #err deg : 4864 / 8000
SCL #err weighted degeneracy : 4736 4732 4709 4706 4732 4769 
degeneracy helps : 821 818 891 950 952 959 
degeneracy worse : 694 688 736 792 820 864 
SCL #err deg : 4931 / 8100
SCL #err weighted degeneracy : 4799 4795 4770 4768 4794 4830 
degeneracy helps : 832 829 903 962 965 972 
degeneracy worse : 701 695 742 799 828 871 
SCL #err deg : 4996 / 8200
SCL #err weighted degeneracy : 4857 4853 4828 4827 4854 4892 
degeneracy helps : 844 841 915 974 977 983 
degeneracy worse : 706 700 747 805 835 879 
SCL #err deg : 5056 / 8300
SCL #err weighted degeneracy : 4920 4916 4888 4887 4913 4950 
degeneracy helps : 854 851 927 987 991 998 
degeneracy worse : 719 713 759 818 848 892 
SCL #err deg : 5122 / 8400
SCL #err weighted degeneracy : 4981 4977 4951 4954 4979 5015 
degeneracy helps : 866 863 937 997 1002 1010 
degeneracy worse : 726 720 766 829 859 903 
SCL #err deg : 5189 / 8500
SCL #err weighted degeneracy : 5047 5042 5017 5022 5049 5084 
degeneracy helps : 877 874 947 1006 1010 1020 
degeneracy worse : 736 729 775 839 870 915 
SCL #err deg : 5258 / 8600
SCL #err weighted degeneracy : 5114 5109 5081 5088 5115 5151 
degeneracy helps : 886 883 958 1018 1022 1030 
degeneracy worse : 743 736 781 848 879 923 
SCL #err deg : 5315 / 8700
SCL #err weighted degeneracy : 5172 5167 5139 5150 5177 5213 
degeneracy helps : 896 893 967 1025 1029 1037 
degeneracy worse : 754 747 791 860 891 935 
SCL #err deg : 5366 / 8800
SCL #err weighted degeneracy : 5219 5214 5186 5200 5231 5267 
degeneracy helps : 911 908 982 1037 1041 1049 
degeneracy worse : 765 758 802 871 906 950 
SCL #err deg : 5433 / 8900
SCL #err weighted degeneracy : 5282 5277 5249 5262 5295 5330 
degeneracy helps : 920 917 991 1048 1052 1060 
degeneracy worse : 770 763 807 877 914 957 
SCL #err deg : 5496 / 9000
SCL #err weighted degeneracy : 5342 5336 5310 5320 5350 5385 
degeneracy helps : 933 931 1005 1064 1068 1077 
degeneracy worse : 780 773 819 888 922 966 
SCL #err deg : 5549 / 9100
SCL #err weighted degeneracy : 5389 5383 5358 5369 5400 5437 
degeneracy helps : 947 945 1020 1078 1082 1090 
degeneracy worse : 788 781 829 898 933 978 
SCL #err deg : 5604 / 9200
SCL #err weighted degeneracy : 5441 5435 5412 5425 5458 5495 
degeneracy helps : 960 958 1033 1091 1094 1102 
degeneracy worse : 798 791 841 912 948 993 
SCL #err deg : 5661 / 9300
SCL #err weighted degeneracy : 5499 5492 5469 5478 5511 5548 
degeneracy helps : 969 968 1043 1104 1108 1116 
degeneracy worse : 808 801 851 921 958 1003 
SCL #err deg : 5721 / 9400
SCL #err weighted degeneracy : 5555 5549 5525 5534 5570 5606 
degeneracy helps : 978 977 1053 1114 1118 1128 
degeneracy worse : 813 807 857 927 967 1013 
SCL #err deg : 5786 / 9500
SCL #err weighted degeneracy : 5615 5609 5581 5591 5628 5666 
degeneracy helps : 991 990 1068 1129 1133 1140 
degeneracy worse : 821 815 863 934 975 1020 
SCL #err deg : 5840 / 9600
SCL #err weighted degeneracy : 5666 5660 5633 5645 5682 5721 
degeneracy helps : 1004 1003 1080 1138 1142 1148 
degeneracy worse : 831 825 873 943 984 1029 
SCL #err deg : 5898 / 9700
SCL #err weighted degeneracy : 5723 5717 5689 5700 5737 5777 
degeneracy helps : 1016 1015 1094 1153 1158 1164 
degeneracy worse : 842 836 885 955 997 1043 
SCL #err deg : 5962 / 9800
SCL #err weighted degeneracy : 5790 5783 5755 5767 5804 5845 
degeneracy helps : 1022 1022 1101 1160 1165 1171 
degeneracy worse : 851 845 894 965 1007 1054 
SCL #err deg : 6021 / 9900
SCL #err weighted degeneracy : 5845 5840 5808 5819 5858 5897 
degeneracy helps : 1034 1032 1114 1174 1179 1187 
degeneracy worse : 859 853 901 972 1016 1063 
SCL #err deg : 6083 / 10000
SCL #err weighted degeneracy : 5903 5898 5864 5875 5913 5953 
degeneracy helps : 1052 1050 1133 1192 1198 1206 
degeneracy worse : 873 867 914 984 1028 1076 
average #flips: 66.5242
SCL #err considering degeneracy: 6083
error due to equal 160
error due to SCL smaller 5922
Finish in 5133 s
