Simulation Polar syndrome FASTER N=1024, K=513, l=128, pz=0.15, #samples=10000, seed=37
HPW construction
Event generator random seed: 37
SCL #err deg : 80 / 100
SCL #err weighted degeneracy : 79 79 80 79 81 82 
degeneracy helps : 7 7 6 7 5 4 
degeneracy worse : 6 6 6 6 6 6 
SCL #err deg : 148 / 200
SCL #err weighted degeneracy : 147 146 145 144 147 148 
degeneracy helps : 15 16 16 17 15 13 
degeneracy worse : 14 14 13 13 14 13 
SCL #err deg : 221 / 300
SCL #err weighted degeneracy : 227 225 223 220 226 225 
degeneracy helps : 18 18 20 22 18 18 
degeneracy worse : 24 22 22 21 23 22 
SCL #err deg : 293 / 400
SCL #err weighted degeneracy : 296 296 293 289 295 294 
degeneracy helps : 25 24 26 30 26 27 
degeneracy worse : 28 27 26 26 28 28 
SCL #err deg : 376 / 500
SCL #err weighted degeneracy : 374 374 368 363 369 366 
degeneracy helps : 33 32 37 41 38 41 
degeneracy worse : 31 30 29 28 31 31 
SCL #err deg : 450 / 600
SCL #err weighted degeneracy : 449 451 439 434 439 437 
degeneracy helps : 37 35 44 47 46 49 
degeneracy worse : 36 36 33 31 35 36 
SCL #err deg : 528 / 700
SCL #err weighted degeneracy : 529 531 519 516 522 519 
degeneracy helps : 43 41 48 50 48 52 
degeneracy worse : 44 44 39 38 42 43 
SCL #err deg : 589 / 800
SCL #err weighted degeneracy : 592 593 582 580 589 586 
degeneracy helps : 49 48 55 56 53 58 
degeneracy worse : 52 52 48 47 53 55 
SCL #err deg : 656 / 900
SCL #err weighted degeneracy : 667 668 657 655 664 661 
degeneracy helps : 52 51 59 59 55 60 
degeneracy worse : 63 63 60 58 63 65 
SCL #err deg : 726 / 1000
SCL #err weighted degeneracy : 737 737 727 723 732 731 
degeneracy helps : 57 56 63 66 62 67 
degeneracy worse : 68 67 64 63 68 72 
SCL #err deg : 800 / 1100
SCL #err weighted degeneracy : 809 810 800 796 803 801 
degeneracy helps : 66 64 73 76 73 78 
degeneracy worse : 75 74 73 72 76 79 
SCL #err deg : 872 / 1200
SCL #err weighted degeneracy : 881 882 874 871 877 875 
degeneracy helps : 71 69 77 80 77 82 
degeneracy worse : 80 79 79 79 82 85 
SCL #err deg : 945 / 1300
SCL #err weighted degeneracy : 952 953 943 936 942 943 
degeneracy helps : 81 79 89 92 88 91 
degeneracy worse : 88 87 87 83 85 89 
SCL #err deg : 1021 / 1400
SCL #err weighted degeneracy : 1028 1029 1018 1010 1017 1017 
degeneracy helps : 85 83 94 97 92 96 
degeneracy worse : 92 91 91 86 88 92 
SCL #err deg : 1098 / 1500
SCL #err weighted degeneracy : 1102 1104 1091 1084 1093 1089 
degeneracy helps : 92 89 101 104 98 105 
degeneracy worse : 96 95 94 90 93 96 
SCL #err deg : 1185 / 1600
SCL #err weighted degeneracy : 1188 1189 1178 1171 1180 1177 
degeneracy helps : 97 95 107 109 103 109 
degeneracy worse : 100 99 100 95 98 101 
SCL #err deg : 1257 / 1700
SCL #err weighted degeneracy : 1259 1259 1250 1246 1256 1254 
degeneracy helps : 102 100 113 116 109 114 
degeneracy worse : 104 102 106 105 108 111 
SCL #err deg : 1335 / 1800
SCL #err weighted degeneracy : 1333 1332 1326 1324 1334 1334 
degeneracy helps : 109 107 120 124 117 121 
degeneracy worse : 107 104 111 113 116 120 
SCL #err deg : 1410 / 1900
SCL #err weighted degeneracy : 1406 1406 1396 1394 1404 1406 
degeneracy helps : 121 118 134 138 132 134 
degeneracy worse : 117 114 120 122 126 130 
SCL #err deg : 1479 / 2000
SCL #err weighted degeneracy : 1478 1477 1468 1462 1473 1474 
degeneracy helps : 127 124 140 146 140 143 
degeneracy worse : 126 122 129 129 134 138 
SCL #err deg : 1558 / 2100
SCL #err weighted degeneracy : 1555 1552 1545 1539 1551 1555 
degeneracy helps : 135 135 148 154 148 149 
degeneracy worse : 132 129 135 135 141 146 
SCL #err deg : 1633 / 2200
SCL #err weighted degeneracy : 1624 1623 1614 1609 1620 1625 
degeneracy helps : 143 143 156 162 157 157 
degeneracy worse : 134 133 137 138 144 149 
SCL #err deg : 1712 / 2300
SCL #err weighted degeneracy : 1703 1702 1693 1688 1697 1703 
degeneracy helps : 150 151 163 170 166 165 
degeneracy worse : 141 141 144 146 151 156 
SCL #err deg : 1788 / 2400
SCL #err weighted degeneracy : 1784 1783 1776 1772 1783 1786 
degeneracy helps : 154 155 166 172 168 168 
degeneracy worse : 150 150 154 156 163 166 
SCL #err deg : 1861 / 2500
SCL #err weighted degeneracy : 1864 1862 1853 1849 1861 1863 
degeneracy helps : 156 157 170 176 172 172 
degeneracy worse : 159 158 162 164 172 174 
SCL #err deg : 1937 / 2600
SCL #err weighted degeneracy : 1942 1941 1930 1926 1937 1939 
degeneracy helps : 164 165 179 185 181 181 
degeneracy worse : 169 169 172 174 181 183 
SCL #err deg : 2007 / 2700
SCL #err weighted degeneracy : 2017 2016 2006 2003 2013 2014 
degeneracy helps : 168 170 181 186 183 183 
degeneracy worse : 178 179 180 182 189 190 
SCL #err deg : 2083 / 2800
SCL #err weighted degeneracy : 2089 2089 2080 2076 2087 2089 
degeneracy helps : 176 178 187 193 190 190 
degeneracy worse : 182 184 184 186 194 196 
SCL #err deg : 2150 / 2900
SCL #err weighted degeneracy : 2165 2165 2157 2151 2162 2160 
degeneracy helps : 180 182 190 196 193 195 
degeneracy worse : 195 197 197 197 205 205 
SCL #err deg : 2227 / 3000
SCL #err weighted degeneracy : 2236 2236 2229 2223 2235 2235 
degeneracy helps : 188 190 198 204 201 202 
degeneracy worse : 197 199 200 200 209 210 
SCL #err deg : 2305 / 3100
SCL #err weighted degeneracy : 2312 2313 2307 2302 2316 2318 
degeneracy helps : 193 195 202 208 205 204 
degeneracy worse : 200 203 204 205 216 217 
SCL #err deg : 2379 / 3200
SCL #err weighted degeneracy : 2387 2388 2382 2377 2389 2393 
degeneracy helps : 200 201 208 213 211 210 
degeneracy worse : 208 210 211 211 221 224 
SCL #err deg : 2456 / 3300
SCL #err weighted degeneracy : 2464 2465 2460 2455 2469 2470 
degeneracy helps : 204 206 211 217 215 215 
degeneracy worse : 212 215 215 216 228 229 
SCL #err deg : 2529 / 3400
SCL #err weighted degeneracy : 2532 2534 2528 2525 2539 2539 
degeneracy helps : 212 214 218 225 223 225 
degeneracy worse : 215 219 217 221 233 235 
SCL #err deg : 2601 / 3500
SCL #err weighted degeneracy : 2608 2610 2602 2600 2615 2614 
degeneracy helps : 216 218 223 230 228 231 
degeneracy worse : 223 227 224 229 242 244 
SCL #err deg : 2676 / 3600
SCL #err weighted degeneracy : 2683 2684 2676 2672 2687 2686 
degeneracy helps : 218 221 226 234 233 236 
degeneracy worse : 225 229 226 230 244 246 
SCL #err deg : 2748 / 3700
SCL #err weighted degeneracy : 2754 2756 2749 2745 2759 2755 
degeneracy helps : 225 228 231 239 238 242 
degeneracy worse : 231 236 232 236 249 249 
SCL #err deg : 2822 / 3800
SCL #err weighted degeneracy : 2828 2829 2825 2817 2832 2829 
degeneracy helps : 231 234 235 246 243 247 
degeneracy worse : 237 241 238 241 253 254 
SCL #err deg : 2897 / 3900
SCL #err weighted degeneracy : 2902 2903 2900 2894 2905 2903 
degeneracy helps : 238 241 243 253 253 257 
degeneracy worse : 243 247 246 250 261 263 
SCL #err deg : 2972 / 4000
SCL #err weighted degeneracy : 2977 2977 2976 2973 2986 2985 
degeneracy helps : 242 247 247 256 256 260 
degeneracy worse : 247 252 251 257 270 273 
SCL #err deg : 3040 / 4100
SCL #err weighted degeneracy : 3047 3048 3049 3048 3061 3058 
degeneracy helps : 248 253 252 259 258 264 
degeneracy worse : 255 261 261 267 279 282 
SCL #err deg : 3115 / 4200
SCL #err weighted degeneracy : 3122 3122 3126 3121 3136 3133 
degeneracy helps : 257 263 261 270 268 274 
degeneracy worse : 264 270 272 276 289 292 
SCL #err deg : 3195 / 4300
SCL #err weighted degeneracy : 3205 3205 3208 3204 3218 3216 
degeneracy helps : 260 266 265 273 271 277 
degeneracy worse : 270 276 278 282 294 298 
SCL #err deg : 3266 / 4400
SCL #err weighted degeneracy : 3274 3277 3277 3274 3286 3285 
degeneracy helps : 267 272 273 281 281 287 
degeneracy worse : 275 283 284 289 301 306 
SCL #err deg : 3341 / 4500
SCL #err weighted degeneracy : 3345 3347 3349 3347 3362 3360 
degeneracy helps : 276 282 281 288 287 294 
degeneracy worse : 280 288 289 294 308 313 
SCL #err deg : 3416 / 4600
SCL #err weighted degeneracy : 3419 3420 3424 3419 3434 3433 
degeneracy helps : 283 289 287 297 297 303 
degeneracy worse : 286 293 295 300 315 320 
SCL #err deg : 3492 / 4700
SCL #err weighted degeneracy : 3499 3500 3503 3498 3512 3512 
degeneracy helps : 284 290 289 300 302 309 
degeneracy worse : 291 298 300 306 322 329 
SCL #err deg : 3567 / 4800
SCL #err weighted degeneracy : 3574 3575 3574 3570 3583 3582 
degeneracy helps : 289 295 295 306 309 316 
degeneracy worse : 296 303 302 309 325 331 
SCL #err deg : 3644 / 4900
SCL #err weighted degeneracy : 3655 3656 3655 3643 3656 3655 
degeneracy helps : 294 301 300 316 319 326 
degeneracy worse : 306 313 311 315 331 337 
SCL #err deg : 3716 / 5000
SCL #err weighted degeneracy : 3724 3725 3726 3712 3727 3729 
degeneracy helps : 302 310 307 324 326 331 
degeneracy worse : 311 319 317 320 337 344 
SCL #err deg : 3788 / 5100
SCL #err weighted degeneracy : 3799 3801 3796 3781 3798 3801 
degeneracy helps : 308 316 314 331 332 337 
degeneracy worse : 320 329 322 324 342 350 
SCL #err deg : 3860 / 5200
SCL #err weighted degeneracy : 3868 3868 3870 3853 3869 3872 
degeneracy helps : 318 327 321 339 340 345 
degeneracy worse : 327 335 331 332 349 357 
SCL #err deg : 3936 / 5300
SCL #err weighted degeneracy : 3947 3947 3951 3934 3951 3953 
degeneracy helps : 321 329 324 343 344 351 
degeneracy worse : 333 340 339 341 359 368 
SCL #err deg : 4017 / 5400
SCL #err weighted degeneracy : 4028 4028 4033 4015 4034 4033 
degeneracy helps : 327 335 330 350 350 357 
degeneracy worse : 339 346 346 348 367 373 
SCL #err deg : 4093 / 5500
SCL #err weighted degeneracy : 4106 4106 4109 4092 4112 4111 
degeneracy helps : 334 342 339 358 356 365 
degeneracy worse : 348 355 355 357 375 383 
SCL #err deg : 4167 / 5600
SCL #err weighted degeneracy : 4185 4184 4185 4164 4186 4182 
degeneracy helps : 337 345 344 366 363 373 
degeneracy worse : 356 362 362 363 382 388 
SCL #err deg : 4229 / 5700
SCL #err weighted degeneracy : 4251 4249 4250 4229 4249 4243 
degeneracy helps : 340 349 349 372 369 383 
degeneracy worse : 363 369 370 372 389 397 
SCL #err deg : 4303 / 5800
SCL #err weighted degeneracy : 4322 4320 4321 4301 4320 4314 
degeneracy helps : 347 356 356 378 377 392 
degeneracy worse : 367 373 374 376 394 403 
SCL #err deg : 4373 / 5900
SCL #err weighted degeneracy : 4395 4393 4392 4373 4392 4386 
degeneracy helps : 351 360 361 382 380 396 
degeneracy worse : 374 380 380 382 399 409 
SCL #err deg : 4439 / 6000
SCL #err weighted degeneracy : 4462 4460 4459 4441 4461 4457 
degeneracy helps : 356 365 365 386 385 400 
degeneracy worse : 380 386 385 388 407 418 
SCL #err deg : 4512 / 6100
SCL #err weighted degeneracy : 4539 4537 4536 4514 4534 4530 
degeneracy helps : 359 368 368 391 390 405 
degeneracy worse : 387 393 392 393 412 423 
SCL #err deg : 4589 / 6200
SCL #err weighted degeneracy : 4613 4611 4610 4588 4610 4606 
degeneracy helps : 363 372 373 397 395 410 
degeneracy worse : 388 394 394 396 416 427 
SCL #err deg : 4658 / 6300
SCL #err weighted degeneracy : 4684 4683 4679 4659 4682 4679 
degeneracy helps : 370 379 381 404 400 414 
degeneracy worse : 397 404 402 405 424 435 
SCL #err deg : 4731 / 6400
SCL #err weighted degeneracy : 4754 4752 4748 4731 4756 4753 
degeneracy helps : 381 389 394 415 408 422 
degeneracy worse : 405 410 411 415 433 444 
SCL #err deg : 4806 / 6500
SCL #err weighted degeneracy : 4829 4827 4822 4805 4831 4831 
degeneracy helps : 385 393 399 420 413 426 
degeneracy worse : 409 414 415 419 438 451 
SCL #err deg : 4878 / 6600
SCL #err weighted degeneracy : 4903 4902 4895 4878 4905 4904 
degeneracy helps : 389 396 403 422 416 430 
degeneracy worse : 415 420 420 422 443 456 
SCL #err deg : 4961 / 6700
SCL #err weighted degeneracy : 4982 4981 4972 4953 4981 4984 
degeneracy helps : 397 404 412 433 426 438 
degeneracy worse : 419 424 423 425 446 461 
SCL #err deg : 5036 / 6800
SCL #err weighted degeneracy : 5053 5052 5046 5026 5050 5056 
degeneracy helps : 407 414 421 443 440 451 
degeneracy worse : 425 430 431 433 454 471 
SCL #err deg : 5109 / 6900
SCL #err weighted degeneracy : 5129 5128 5121 5103 5127 5131 
degeneracy helps : 412 419 427 446 443 454 
degeneracy worse : 433 438 439 440 461 476 
SCL #err deg : 5193 / 7000
SCL #err weighted degeneracy : 5209 5207 5202 5183 5209 5215 
degeneracy helps : 419 426 434 455 452 461 
degeneracy worse : 436 440 443 445 468 483 
SCL #err deg : 5267 / 7100
SCL #err weighted degeneracy : 5284 5283 5279 5260 5284 5289 
degeneracy helps : 423 430 437 459 458 467 
degeneracy worse : 441 446 449 452 475 489 
SCL #err deg : 5337 / 7200
SCL #err weighted degeneracy : 5352 5351 5345 5327 5351 5356 
degeneracy helps : 433 439 447 470 469 479 
degeneracy worse : 449 453 455 460 483 498 
SCL #err deg : 5409 / 7300
SCL #err weighted degeneracy : 5424 5424 5417 5399 5422 5427 
degeneracy helps : 437 442 452 475 476 486 
degeneracy worse : 454 458 460 465 489 504 
SCL #err deg : 5477 / 7400
SCL #err weighted degeneracy : 5493 5492 5488 5471 5494 5498 
degeneracy helps : 441 447 455 477 478 489 
degeneracy worse : 459 463 466 471 495 510 
SCL #err deg : 5552 / 7500
SCL #err weighted degeneracy : 5570 5570 5563 5545 5568 5575 
degeneracy helps : 446 453 462 484 484 494 
degeneracy worse : 466 472 473 477 500 517 
SCL #err deg : 5630 / 7600
SCL #err weighted degeneracy : 5649 5649 5643 5625 5650 5656 
degeneracy helps : 452 459 467 488 488 499 
degeneracy worse : 473 479 480 483 508 525 
SCL #err deg : 5705 / 7700
SCL #err weighted degeneracy : 5726 5726 5720 5701 5727 5731 
degeneracy helps : 457 463 473 497 498 511 
degeneracy worse : 480 485 488 493 520 537 
SCL #err deg : 5778 / 7800
SCL #err weighted degeneracy : 5801 5801 5797 5778 5805 5811 
degeneracy helps : 460 466 476 500 500 512 
degeneracy worse : 485 490 495 500 527 545 
SCL #err deg : 5850 / 7900
SCL #err weighted degeneracy : 5881 5881 5874 5857 5885 5892 
degeneracy helps : 462 468 480 504 505 516 
degeneracy worse : 495 500 504 511 540 558 
SCL #err deg : 5918 / 8000
SCL #err weighted degeneracy : 5948 5950 5941 5924 5950 5957 
degeneracy helps : 469 474 486 510 512 523 
degeneracy worse : 501 507 509 516 544 562 
SCL #err deg : 5998 / 8100
SCL #err weighted degeneracy : 6025 6029 6019 6004 6031 6037 
degeneracy helps : 476 481 493 517 518 530 
degeneracy worse : 505 513 514 523 551 569 
SCL #err deg : 6071 / 8200
SCL #err weighted degeneracy : 6102 6105 6096 6082 6109 6116 
degeneracy helps : 484 489 500 524 525 537 
degeneracy worse : 517 524 525 535 563 582 
SCL #err deg : 6139 / 8300
SCL #err weighted degeneracy : 6173 6176 6167 6157 6185 6191 
degeneracy helps : 488 493 504 526 529 542 
degeneracy worse : 524 531 532 544 575 594 
SCL #err deg : 6213 / 8400
SCL #err weighted degeneracy : 6245 6249 6240 6229 6256 6263 
degeneracy helps : 495 499 512 534 538 551 
degeneracy worse : 529 536 539 550 581 601 
SCL #err deg : 6287 / 8500
SCL #err weighted degeneracy : 6326 6329 6322 6307 6330 6338 
degeneracy helps : 501 505 518 540 547 560 
degeneracy worse : 542 548 553 560 590 611 
SCL #err deg : 6360 / 8600
SCL #err weighted degeneracy : 6400 6402 6397 6383 6406 6414 
degeneracy helps : 508 512 524 545 552 566 
degeneracy worse : 550 555 561 568 598 620 
SCL #err deg : 6433 / 8700
SCL #err weighted degeneracy : 6471 6473 6469 6456 6479 6489 
degeneracy helps : 513 517 529 550 557 570 
degeneracy worse : 553 558 565 573 603 626 
SCL #err deg : 6511 / 8800
SCL #err weighted degeneracy : 6547 6549 6543 6531 6555 6566 
degeneracy helps : 520 524 537 556 562 575 
degeneracy worse : 558 563 569 576 606 630 
SCL #err deg : 6592 / 8900
SCL #err weighted degeneracy : 6626 6629 6619 6609 6633 6646 
degeneracy helps : 527 530 545 563 569 582 
degeneracy worse : 563 568 572 580 610 636 
SCL #err deg : 6664 / 9000
SCL #err weighted degeneracy : 6701 6705 6694 6685 6710 6722 
degeneracy helps : 531 533 549 567 572 585 
degeneracy worse : 570 575 579 588 618 643 
SCL #err deg : 6737 / 9100
SCL #err weighted degeneracy : 6779 6782 6775 6764 6788 6800 
degeneracy helps : 535 537 551 569 575 588 
degeneracy worse : 579 583 589 596 626 651 
SCL #err deg : 6808 / 9200
SCL #err weighted degeneracy : 6853 6857 6845 6836 6860 6871 
degeneracy helps : 538 540 556 572 578 593 
degeneracy worse : 585 590 593 600 630 656 
SCL #err deg : 6885 / 9300
SCL #err weighted degeneracy : 6928 6933 6921 6913 6937 6949 
degeneracy helps : 548 549 565 579 586 599 
degeneracy worse : 593 598 601 607 638 663 
SCL #err deg : 6965 / 9400
SCL #err weighted degeneracy : 7008 7012 7001 6992 7019 7030 
degeneracy helps : 553 555 571 586 590 603 
degeneracy worse : 598 603 607 613 644 668 
SCL #err deg : 7037 / 9500
SCL #err weighted degeneracy : 7081 7085 7073 7066 7090 7102 
degeneracy helps : 562 564 582 595 600 613 
degeneracy worse : 608 613 618 624 653 678 
SCL #err deg : 7109 / 9600
SCL #err weighted degeneracy : 7148 7152 7143 7137 7161 7172 
degeneracy helps : 572 573 590 603 608 622 
degeneracy worse : 613 617 624 631 660 685 
SCL #err deg : 7184 / 9700
SCL #err weighted degeneracy : 7224 7228 7219 7214 7239 7252 
degeneracy helps : 576 577 594 608 612 625 
degeneracy worse : 618 622 629 638 667 693 
SCL #err deg : 7254 / 9800
SCL #err weighted degeneracy : 7296 7300 7290 7284 7308 7321 
degeneracy helps : 581 582 600 615 619 631 
degeneracy worse : 625 629 636 645 673 698 
SCL #err deg : 7324 / 9900
SCL #err weighted degeneracy : 7365 7369 7358 7351 7375 7387 
degeneracy helps : 587 588 607 623 628 642 
degeneracy worse : 630 634 641 650 679 705 
SCL #err deg : 7398 / 10000
SCL #err weighted degeneracy : 7442 7445 7436 7428 7455 7467 
degeneracy helps : 590 592 611 628 632 647 
degeneracy worse : 636 640 649 658 689 716 
average #flips: 153.376
SCL #err considering degeneracy: 7398
error due to equal 0
error due to SCL smaller 7397
Finish in 12259 s
