Simulation Polar syndrome FASTER N=128, K=65, l=128, pz=0.15, #samples=10000, seed=77
PW construction
Event generator random seed: 77
SCL #err deg : 62 / 100
SCL #err weighted degeneracy : 53 53 51 51 49 50 
degeneracy helps : 12 12 15 16 17 18 
degeneracy worse : 4 4 5 5 4 6 
SCL #err deg : 123 / 200
SCL #err weighted degeneracy : 108 108 106 106 104 106 
degeneracy helps : 30 30 34 36 37 37 
degeneracy worse : 16 16 18 19 18 20 
SCL #err deg : 188 / 300
SCL #err weighted degeneracy : 167 166 167 165 162 167 
degeneracy helps : 43 45 47 51 53 53 
degeneracy worse : 24 24 27 28 27 32 
SCL #err deg : 257 / 400
SCL #err weighted degeneracy : 235 234 237 234 232 234 
degeneracy helps : 56 59 61 65 68 72 
degeneracy worse : 37 37 42 42 43 49 
SCL #err deg : 317 / 500
SCL #err weighted degeneracy : 295 294 296 296 293 293 
degeneracy helps : 68 71 74 79 83 89 
degeneracy worse : 49 49 54 58 59 65 
SCL #err deg : 369 / 600
SCL #err weighted degeneracy : 341 340 343 341 338 338 
degeneracy helps : 86 89 93 100 104 110 
degeneracy worse : 61 61 68 72 73 79 
SCL #err deg : 432 / 700
SCL #err weighted degeneracy : 402 402 405 404 400 404 
degeneracy helps : 101 104 107 114 120 124 
degeneracy worse : 74 75 81 86 88 96 
SCL #err deg : 501 / 800
SCL #err weighted degeneracy : 469 469 471 472 469 472 
degeneracy helps : 115 118 122 129 135 141 
degeneracy worse : 86 87 93 100 103 112 
SCL #err deg : 559 / 900
SCL #err weighted degeneracy : 525 525 525 523 519 521 
degeneracy helps : 126 129 135 147 155 162 
degeneracy worse : 95 96 102 111 115 124 
SCL #err deg : 619 / 1000
SCL #err weighted degeneracy : 592 592 592 587 581 584 
degeneracy helps : 135 138 145 158 168 174 
degeneracy worse : 111 112 119 126 130 139 
SCL #err deg : 672 / 1100
SCL #err weighted degeneracy : 648 648 649 647 641 643 
degeneracy helps : 146 149 156 168 179 186 
degeneracy worse : 125 126 134 143 148 157 
SCL #err deg : 731 / 1200
SCL #err weighted degeneracy : 706 706 705 707 702 705 
degeneracy helps : 157 160 169 181 193 200 
degeneracy worse : 135 136 144 157 164 174 
SCL #err deg : 793 / 1300
SCL #err weighted degeneracy : 768 769 768 768 766 766 
degeneracy helps : 167 169 179 195 208 216 
degeneracy worse : 145 146 155 170 181 189 
SCL #err deg : 858 / 1400
SCL #err weighted degeneracy : 829 831 827 829 827 826 
degeneracy helps : 180 182 194 208 222 231 
degeneracy worse : 154 156 164 179 191 199 
SCL #err deg : 920 / 1500
SCL #err weighted degeneracy : 891 893 888 889 889 891 
degeneracy helps : 192 194 207 222 235 245 
degeneracy worse : 166 168 176 191 204 216 
SCL #err deg : 972 / 1600
SCL #err weighted degeneracy : 940 942 938 939 938 940 
degeneracy helps : 209 211 224 239 253 263 
degeneracy worse : 180 182 191 206 219 231 
SCL #err deg : 1034 / 1700
SCL #err weighted degeneracy : 1003 1005 1001 1003 1004 1004 
degeneracy helps : 217 219 234 250 264 276 
degeneracy worse : 189 191 202 219 234 246 
SCL #err deg : 1090 / 1800
SCL #err weighted degeneracy : 1059 1061 1056 1057 1056 1056 
degeneracy helps : 231 233 250 267 282 294 
degeneracy worse : 203 205 217 234 248 260 
SCL #err deg : 1146 / 1900
SCL #err weighted degeneracy : 1114 1117 1111 1111 1113 1114 
degeneracy helps : 241 242 262 282 295 307 
degeneracy worse : 212 214 228 247 262 275 
SCL #err deg : 1206 / 2000
SCL #err weighted degeneracy : 1169 1172 1164 1167 1169 1168 
degeneracy helps : 257 258 280 299 312 326 
degeneracy worse : 223 225 239 260 275 288 
SCL #err deg : 1263 / 2100
SCL #err weighted degeneracy : 1233 1236 1228 1234 1235 1230 
degeneracy helps : 267 268 290 310 323 341 
degeneracy worse : 240 242 256 281 295 308 
SCL #err deg : 1327 / 2200
SCL #err weighted degeneracy : 1286 1289 1284 1290 1289 1285 
degeneracy helps : 289 290 313 332 347 365 
degeneracy worse : 252 254 271 295 309 323 
SCL #err deg : 1383 / 2300
SCL #err weighted degeneracy : 1339 1342 1337 1345 1344 1344 
degeneracy helps : 303 304 328 348 363 380 
degeneracy worse : 263 265 283 310 324 341 
SCL #err deg : 1444 / 2400
SCL #err weighted degeneracy : 1398 1400 1393 1403 1405 1407 
degeneracy helps : 314 315 342 363 378 393 
degeneracy worse : 272 273 292 322 339 356 
SCL #err deg : 1513 / 2500
SCL #err weighted degeneracy : 1460 1462 1456 1466 1467 1467 
degeneracy helps : 331 332 358 381 397 413 
degeneracy worse : 282 283 302 334 351 367 
SCL #err deg : 1575 / 2600
SCL #err weighted degeneracy : 1520 1522 1516 1527 1527 1529 
degeneracy helps : 344 345 371 394 413 430 
degeneracy worse : 293 294 313 346 365 384 
SCL #err deg : 1629 / 2700
SCL #err weighted degeneracy : 1579 1581 1579 1588 1589 1595 
degeneracy helps : 351 352 378 402 421 437 
degeneracy worse : 305 306 329 361 381 403 
SCL #err deg : 1692 / 2800
SCL #err weighted degeneracy : 1644 1646 1648 1653 1651 1657 
degeneracy helps : 360 361 387 415 437 453 
degeneracy worse : 316 317 344 376 396 418 
SCL #err deg : 1759 / 2900
SCL #err weighted degeneracy : 1704 1706 1706 1714 1711 1719 
degeneracy helps : 376 377 406 433 456 472 
degeneracy worse : 325 326 354 388 408 432 
SCL #err deg : 1819 / 3000
SCL #err weighted degeneracy : 1758 1760 1764 1770 1766 1775 
degeneracy helps : 391 392 422 451 475 491 
degeneracy worse : 335 336 368 402 422 447 
SCL #err deg : 1883 / 3100
SCL #err weighted degeneracy : 1818 1820 1824 1828 1825 1834 
degeneracy helps : 404 405 435 466 489 505 
degeneracy worse : 344 345 377 411 431 456 
SCL #err deg : 1940 / 3200
SCL #err weighted degeneracy : 1868 1870 1875 1879 1879 1892 
degeneracy helps : 419 420 450 482 503 519 
degeneracy worse : 352 353 386 421 442 471 
SCL #err deg : 2005 / 3300
SCL #err weighted degeneracy : 1929 1931 1937 1939 1938 1952 
degeneracy helps : 433 434 465 499 520 536 
degeneracy worse : 362 363 398 433 453 483 
SCL #err deg : 2073 / 3400
SCL #err weighted degeneracy : 1997 1999 2005 2007 2002 2018 
degeneracy helps : 443 444 476 511 535 551 
degeneracy worse : 372 373 409 445 464 496 
SCL #err deg : 2125 / 3500
SCL #err weighted degeneracy : 2049 2051 2055 2058 2052 2070 
degeneracy helps : 454 455 489 526 552 567 
degeneracy worse : 383 384 420 459 479 512 
SCL #err deg : 2189 / 3600
SCL #err weighted degeneracy : 2115 2117 2120 2121 2115 2135 
degeneracy helps : 462 463 497 539 566 580 
degeneracy worse : 393 394 429 471 492 526 
SCL #err deg : 2249 / 3700
SCL #err weighted degeneracy : 2177 2179 2184 2184 2177 2194 
degeneracy helps : 471 472 506 550 578 593 
degeneracy worse : 404 405 442 485 506 538 
SCL #err deg : 2309 / 3800
SCL #err weighted degeneracy : 2229 2231 2236 2235 2229 2245 
degeneracy helps : 487 488 522 566 594 611 
degeneracy worse : 412 413 450 492 514 547 
SCL #err deg : 2365 / 3900
SCL #err weighted degeneracy : 2280 2282 2289 2292 2286 2303 
degeneracy helps : 498 499 533 579 607 624 
degeneracy worse : 418 419 458 506 528 562 
SCL #err deg : 2425 / 4000
SCL #err weighted degeneracy : 2339 2341 2348 2352 2345 2363 
degeneracy helps : 513 514 549 595 623 640 
degeneracy worse : 432 433 473 522 543 578 
SCL #err deg : 2495 / 4100
SCL #err weighted degeneracy : 2403 2405 2413 2419 2414 2429 
degeneracy helps : 524 525 560 605 633 652 
degeneracy worse : 437 438 479 529 552 586 
SCL #err deg : 2551 / 4200
SCL #err weighted degeneracy : 2461 2463 2468 2474 2471 2484 
degeneracy helps : 535 536 573 619 646 666 
degeneracy worse : 450 451 491 542 566 599 
SCL #err deg : 2613 / 4300
SCL #err weighted degeneracy : 2526 2528 2533 2538 2536 2549 
degeneracy helps : 546 547 585 633 659 678 
degeneracy worse : 464 465 506 558 582 614 
SCL #err deg : 2669 / 4400
SCL #err weighted degeneracy : 2584 2586 2591 2597 2597 2609 
degeneracy helps : 555 556 594 644 669 689 
degeneracy worse : 475 476 517 572 597 629 
SCL #err deg : 2731 / 4500
SCL #err weighted degeneracy : 2649 2651 2659 2663 2664 2676 
degeneracy helps : 565 566 604 658 681 701 
degeneracy worse : 488 489 533 590 614 646 
SCL #err deg : 2799 / 4600
SCL #err weighted degeneracy : 2715 2717 2725 2732 2734 2748 
degeneracy helps : 576 577 617 668 691 711 
degeneracy worse : 497 498 544 601 626 660 
SCL #err deg : 2852 / 4700
SCL #err weighted degeneracy : 2765 2767 2776 2782 2788 2800 
degeneracy helps : 587 588 629 683 703 724 
degeneracy worse : 505 506 554 613 639 672 
SCL #err deg : 2916 / 4800
SCL #err weighted degeneracy : 2820 2823 2832 2841 2846 2859 
degeneracy helps : 602 602 644 699 721 741 
degeneracy worse : 511 512 561 624 651 684 
SCL #err deg : 2985 / 4900
SCL #err weighted degeneracy : 2886 2890 2899 2909 2915 2929 
degeneracy helps : 612 611 653 710 732 752 
degeneracy worse : 519 520 569 634 662 696 
SCL #err deg : 3043 / 5000
SCL #err weighted degeneracy : 2947 2951 2959 2971 2975 2990 
degeneracy helps : 623 622 665 723 747 767 
degeneracy worse : 533 534 583 651 679 714 
SCL #err deg : 3107 / 5100
SCL #err weighted degeneracy : 3009 3013 3022 3032 3034 3048 
degeneracy helps : 637 636 678 739 764 785 
degeneracy worse : 545 546 595 664 691 726 
SCL #err deg : 3175 / 5200
SCL #err weighted degeneracy : 3077 3081 3089 3098 3097 3110 
degeneracy helps : 647 646 689 752 779 802 
degeneracy worse : 555 556 605 675 701 737 
SCL #err deg : 3236 / 5300
SCL #err weighted degeneracy : 3130 3134 3145 3154 3151 3166 
degeneracy helps : 663 662 702 767 797 820 
degeneracy worse : 563 564 613 685 712 750 
SCL #err deg : 3308 / 5400
SCL #err weighted degeneracy : 3197 3201 3211 3218 3217 3236 
degeneracy helps : 676 675 717 783 813 834 
degeneracy worse : 571 572 622 693 722 762 
SCL #err deg : 3368 / 5500
SCL #err weighted degeneracy : 3254 3259 3269 3280 3278 3296 
degeneracy helps : 690 689 731 796 827 849 
degeneracy worse : 582 584 634 708 737 777 
SCL #err deg : 3422 / 5600
SCL #err weighted degeneracy : 3311 3316 3325 3335 3333 3353 
degeneracy helps : 699 697 741 810 844 866 
degeneracy worse : 594 596 646 723 755 797 
SCL #err deg : 3475 / 5700
SCL #err weighted degeneracy : 3368 3373 3381 3390 3393 3415 
degeneracy helps : 706 704 750 822 855 877 
degeneracy worse : 606 608 658 737 773 817 
SCL #err deg : 3538 / 5800
SCL #err weighted degeneracy : 3427 3433 3440 3449 3453 3477 
degeneracy helps : 719 716 764 835 870 891 
degeneracy worse : 615 617 668 746 785 830 
SCL #err deg : 3600 / 5900
SCL #err weighted degeneracy : 3485 3491 3497 3504 3509 3536 
degeneracy helps : 730 727 777 850 884 903 
degeneracy worse : 622 624 676 754 793 839 
SCL #err deg : 3664 / 6000
SCL #err weighted degeneracy : 3548 3554 3559 3566 3573 3601 
degeneracy helps : 741 738 789 861 894 913 
degeneracy worse : 632 634 686 763 803 850 
SCL #err deg : 3721 / 6100
SCL #err weighted degeneracy : 3603 3609 3613 3621 3628 3654 
degeneracy helps : 748 745 797 870 904 927 
degeneracy worse : 637 639 691 770 811 860 
SCL #err deg : 3777 / 6200
SCL #err weighted degeneracy : 3656 3663 3670 3678 3684 3712 
degeneracy helps : 763 759 811 884 918 942 
degeneracy worse : 649 651 706 785 825 877 
SCL #err deg : 3830 / 6300
SCL #err weighted degeneracy : 3717 3724 3730 3738 3744 3772 
degeneracy helps : 770 766 820 893 927 952 
degeneracy worse : 664 666 722 801 841 894 
SCL #err deg : 3897 / 6400
SCL #err weighted degeneracy : 3786 3793 3798 3809 3818 3846 
degeneracy helps : 775 771 826 899 933 960 
degeneracy worse : 671 673 729 811 854 909 
SCL #err deg : 3960 / 6500
SCL #err weighted degeneracy : 3842 3849 3852 3863 3874 3905 
degeneracy helps : 789 785 842 916 950 976 
degeneracy worse : 678 680 736 819 864 921 
SCL #err deg : 4020 / 6600
SCL #err weighted degeneracy : 3902 3909 3912 3918 3931 3961 
degeneracy helps : 800 796 853 931 966 993 
degeneracy worse : 689 691 747 829 877 934 
SCL #err deg : 4081 / 6700
SCL #err weighted degeneracy : 3953 3960 3962 3969 3981 4016 
degeneracy helps : 818 813 871 950 985 1010 
degeneracy worse : 697 699 754 838 885 945 
SCL #err deg : 4144 / 6800
SCL #err weighted degeneracy : 4013 4020 4022 4029 4039 4077 
degeneracy helps : 830 825 883 963 1001 1024 
degeneracy worse : 706 708 763 848 896 957 
SCL #err deg : 4197 / 6900
SCL #err weighted degeneracy : 4065 4072 4073 4080 4089 4129 
degeneracy helps : 840 835 894 974 1013 1037 
degeneracy worse : 715 717 772 857 905 969 
SCL #err deg : 4258 / 7000
SCL #err weighted degeneracy : 4122 4130 4130 4138 4145 4186 
degeneracy helps : 856 850 910 990 1031 1054 
degeneracy worse : 727 729 784 870 918 982 
SCL #err deg : 4313 / 7100
SCL #err weighted degeneracy : 4176 4184 4182 4190 4197 4235 
degeneracy helps : 872 866 927 1007 1049 1075 
degeneracy worse : 742 744 798 884 933 997 
SCL #err deg : 4376 / 7200
SCL #err weighted degeneracy : 4224 4232 4232 4242 4248 4288 
degeneracy helps : 892 886 947 1028 1070 1098 
degeneracy worse : 747 749 805 894 942 1010 
SCL #err deg : 4438 / 7300
SCL #err weighted degeneracy : 4277 4284 4286 4295 4301 4342 
degeneracy helps : 911 905 965 1046 1089 1119 
degeneracy worse : 757 758 815 903 952 1023 
SCL #err deg : 4500 / 7400
SCL #err weighted degeneracy : 4333 4340 4342 4348 4354 4397 
degeneracy helps : 927 921 982 1066 1108 1137 
degeneracy worse : 767 768 826 914 962 1034 
SCL #err deg : 4555 / 7500
SCL #err weighted degeneracy : 4387 4395 4396 4403 4411 4455 
degeneracy helps : 940 933 995 1080 1122 1151 
degeneracy worse : 779 780 838 928 978 1051 
SCL #err deg : 4609 / 7600
SCL #err weighted degeneracy : 4444 4452 4452 4457 4467 4509 
degeneracy helps : 954 947 1009 1097 1139 1170 
degeneracy worse : 796 797 854 945 997 1070 
SCL #err deg : 4669 / 7700
SCL #err weighted degeneracy : 4508 4515 4518 4524 4534 4576 
degeneracy helps : 964 956 1020 1109 1152 1184 
degeneracy worse : 810 810 871 964 1017 1091 
SCL #err deg : 4732 / 7800
SCL #err weighted degeneracy : 4572 4579 4580 4588 4601 4643 
degeneracy helps : 978 970 1037 1126 1170 1203 
degeneracy worse : 825 825 887 982 1039 1114 
SCL #err deg : 4804 / 7900
SCL #err weighted degeneracy : 4640 4647 4648 4653 4666 4706 
degeneracy helps : 992 984 1051 1142 1187 1223 
degeneracy worse : 835 835 897 991 1049 1125 
SCL #err deg : 4870 / 8000
SCL #err weighted degeneracy : 4701 4709 4708 4715 4727 4770 
degeneracy helps : 1008 999 1069 1160 1206 1241 
degeneracy worse : 846 846 909 1005 1063 1141 
SCL #err deg : 4939 / 8100
SCL #err weighted degeneracy : 4770 4779 4777 4781 4792 4834 
degeneracy helps : 1020 1010 1081 1177 1225 1260 
degeneracy worse : 858 858 921 1019 1078 1155 
SCL #err deg : 4991 / 8200
SCL #err weighted degeneracy : 4822 4832 4829 4831 4844 4885 
degeneracy helps : 1037 1026 1098 1195 1243 1279 
degeneracy worse : 875 875 938 1035 1096 1173 
SCL #err deg : 5053 / 8300
SCL #err weighted degeneracy : 4887 4897 4892 4894 4905 4947 
degeneracy helps : 1044 1033 1107 1206 1257 1292 
degeneracy worse : 885 885 948 1047 1109 1186 
SCL #err deg : 5110 / 8400
SCL #err weighted degeneracy : 4954 4964 4960 4960 4971 5013 
degeneracy helps : 1049 1038 1112 1215 1267 1303 
degeneracy worse : 900 900 964 1065 1128 1206 
SCL #err deg : 5178 / 8500
SCL #err weighted degeneracy : 5017 5027 5023 5026 5036 5080 
degeneracy helps : 1062 1051 1127 1229 1282 1317 
degeneracy worse : 908 908 974 1077 1140 1219 
SCL #err deg : 5240 / 8600
SCL #err weighted degeneracy : 5079 5089 5085 5090 5100 5143 
degeneracy helps : 1074 1063 1140 1243 1297 1333 
degeneracy worse : 920 920 987 1093 1157 1236 
SCL #err deg : 5303 / 8700
SCL #err weighted degeneracy : 5149 5158 5151 5155 5168 5209 
degeneracy helps : 1084 1074 1153 1257 1311 1349 
degeneracy worse : 937 937 1003 1109 1176 1255 
SCL #err deg : 5369 / 8800
SCL #err weighted degeneracy : 5213 5221 5215 5221 5230 5271 
degeneracy helps : 1097 1088 1167 1271 1330 1369 
degeneracy worse : 948 948 1015 1123 1191 1271 
SCL #err deg : 5436 / 8900
SCL #err weighted degeneracy : 5275 5283 5276 5284 5294 5335 
degeneracy helps : 1109 1100 1180 1286 1346 1386 
degeneracy worse : 955 955 1022 1134 1204 1285 
SCL #err deg : 5502 / 9000
SCL #err weighted degeneracy : 5337 5345 5337 5344 5356 5398 
degeneracy helps : 1120 1111 1193 1301 1360 1399 
degeneracy worse : 962 962 1030 1143 1214 1295 
SCL #err deg : 5567 / 9100
SCL #err weighted degeneracy : 5392 5400 5392 5394 5408 5451 
degeneracy helps : 1137 1128 1210 1324 1382 1421 
degeneracy worse : 969 969 1037 1151 1223 1305 
SCL #err deg : 5625 / 9200
SCL #err weighted degeneracy : 5447 5455 5446 5449 5465 5511 
degeneracy helps : 1149 1140 1223 1338 1396 1434 
degeneracy worse : 978 978 1046 1162 1236 1320 
SCL #err deg : 5683 / 9300
SCL #err weighted degeneracy : 5516 5524 5515 5517 5531 5578 
degeneracy helps : 1151 1142 1226 1344 1405 1443 
degeneracy worse : 991 991 1060 1178 1253 1338 
SCL #err deg : 5743 / 9400
SCL #err weighted degeneracy : 5568 5576 5566 5572 5586 5633 
degeneracy helps : 1167 1158 1243 1360 1424 1462 
degeneracy worse : 999 999 1068 1189 1267 1352 
SCL #err deg : 5796 / 9500
SCL #err weighted degeneracy : 5629 5637 5627 5633 5651 5698 
degeneracy helps : 1174 1165 1250 1369 1432 1469 
degeneracy worse : 1014 1014 1083 1206 1287 1371 
SCL #err deg : 5855 / 9600
SCL #err weighted degeneracy : 5685 5693 5683 5690 5708 5752 
degeneracy helps : 1189 1180 1266 1383 1447 1487 
degeneracy worse : 1026 1026 1096 1218 1300 1384 
SCL #err deg : 5915 / 9700
SCL #err weighted degeneracy : 5744 5752 5744 5752 5770 5815 
degeneracy helps : 1200 1191 1277 1395 1461 1502 
degeneracy worse : 1036 1036 1108 1232 1316 1402 
SCL #err deg : 5971 / 9800
SCL #err weighted degeneracy : 5796 5804 5797 5809 5827 5873 
degeneracy helps : 1214 1205 1291 1409 1476 1519 
degeneracy worse : 1046 1046 1119 1247 1332 1421 
SCL #err deg : 6030 / 9900
SCL #err weighted degeneracy : 5852 5860 5855 5867 5884 5931 
degeneracy helps : 1228 1219 1305 1425 1493 1535 
degeneracy worse : 1057 1057 1132 1262 1347 1436 
SCL #err deg : 6086 / 10000
SCL #err weighted degeneracy : 5909 5917 5912 5921 5941 5991 
degeneracy helps : 1237 1228 1314 1436 1505 1547 
degeneracy worse : 1067 1067 1142 1271 1360 1452 
average #flips: 19.2176
SCL #err considering degeneracy: 6086
error due to equal 713
error due to SCL smaller 5373
Finish in 1117 s
