Simulation Polar syndrome FASTER N=128, K=65, l=128, pz=0.11, #samples=10000, seed=77
HPW construction
Event generator random seed: 77
SCL #err deg : 34 / 100
SCL #err weighted degeneracy : 31 31 33 34 36 36 
degeneracy helps : 11 11 12 14 15 15 
degeneracy worse : 9 9 11 14 17 17 
SCL #err deg : 62 / 200
SCL #err weighted degeneracy : 54 54 56 68 71 78 
degeneracy helps : 27 27 28 25 26 25 
degeneracy worse : 20 20 22 31 35 41 
SCL #err deg : 93 / 300
SCL #err weighted degeneracy : 90 90 93 105 110 118 
degeneracy helps : 36 36 37 37 38 38 
degeneracy worse : 34 34 37 49 55 63 
SCL #err deg : 120 / 400
SCL #err weighted degeneracy : 117 117 121 140 148 155 
degeneracy helps : 45 45 45 44 45 46 
degeneracy worse : 43 43 46 64 73 81 
SCL #err deg : 156 / 500
SCL #err weighted degeneracy : 148 148 154 174 184 194 
degeneracy helps : 57 57 56 56 58 58 
degeneracy worse : 50 50 54 74 86 96 
SCL #err deg : 188 / 600
SCL #err weighted degeneracy : 174 174 182 202 213 230 
degeneracy helps : 68 68 67 71 77 77 
degeneracy worse : 55 55 61 85 102 119 
SCL #err deg : 215 / 700
SCL #err weighted degeneracy : 201 201 210 229 244 268 
degeneracy helps : 76 76 75 81 89 86 
degeneracy worse : 63 63 70 95 118 139 
SCL #err deg : 254 / 800
SCL #err weighted degeneracy : 241 241 251 273 288 315 
degeneracy helps : 85 85 83 90 100 96 
degeneracy worse : 73 73 80 109 134 157 
SCL #err deg : 292 / 900
SCL #err weighted degeneracy : 273 273 284 307 322 353 
degeneracy helps : 100 100 97 104 117 113 
degeneracy worse : 82 82 89 119 147 174 
SCL #err deg : 319 / 1000
SCL #err weighted degeneracy : 300 300 314 341 359 391 
degeneracy helps : 107 107 104 113 126 122 
degeneracy worse : 89 89 99 135 166 194 
SCL #err deg : 357 / 1100
SCL #err weighted degeneracy : 341 341 353 379 396 428 
degeneracy helps : 116 116 115 127 143 139 
degeneracy worse : 101 101 111 149 182 210 
SCL #err deg : 392 / 1200
SCL #err weighted degeneracy : 374 374 385 416 433 466 
degeneracy helps : 124 124 126 138 154 152 
degeneracy worse : 107 107 119 162 195 226 
SCL #err deg : 417 / 1300
SCL #err weighted degeneracy : 400 400 412 443 465 504 
degeneracy helps : 130 130 132 145 161 159 
degeneracy worse : 114 114 127 171 209 246 
SCL #err deg : 456 / 1400
SCL #err weighted degeneracy : 436 436 446 478 503 547 
degeneracy helps : 141 141 145 157 173 169 
degeneracy worse : 122 122 135 179 220 260 
SCL #err deg : 486 / 1500
SCL #err weighted degeneracy : 467 467 477 519 543 586 
degeneracy helps : 149 149 153 164 183 181 
degeneracy worse : 131 131 144 197 240 281 
SCL #err deg : 516 / 1600
SCL #err weighted degeneracy : 502 502 513 558 588 635 
degeneracy helps : 155 155 159 171 190 188 
degeneracy worse : 142 142 156 213 262 307 
SCL #err deg : 562 / 1700
SCL #err weighted degeneracy : 542 542 550 594 624 672 
degeneracy helps : 168 168 175 188 209 208 
degeneracy worse : 149 149 163 220 271 318 
SCL #err deg : 593 / 1800
SCL #err weighted degeneracy : 568 568 577 623 655 704 
degeneracy helps : 178 178 186 199 221 221 
degeneracy worse : 155 155 170 229 283 332 
SCL #err deg : 636 / 1900
SCL #err weighted degeneracy : 603 603 613 659 690 743 
degeneracy helps : 191 191 199 213 237 235 
degeneracy worse : 160 160 176 236 291 342 
SCL #err deg : 672 / 2000
SCL #err weighted degeneracy : 649 649 656 702 736 791 
degeneracy helps : 194 194 204 220 245 243 
degeneracy worse : 173 173 188 250 309 362 
SCL #err deg : 706 / 2100
SCL #err weighted degeneracy : 680 680 688 734 771 832 
degeneracy helps : 206 206 216 236 262 259 
degeneracy worse : 182 182 198 264 327 385 
SCL #err deg : 738 / 2200
SCL #err weighted degeneracy : 710 710 716 763 802 868 
degeneracy helps : 215 215 227 247 272 269 
degeneracy worse : 189 189 205 272 336 399 
SCL #err deg : 770 / 2300
SCL #err weighted degeneracy : 735 735 741 791 836 904 
degeneracy helps : 226 226 238 257 283 281 
degeneracy worse : 193 193 209 278 349 415 
SCL #err deg : 806 / 2400
SCL #err weighted degeneracy : 767 767 771 824 874 945 
degeneracy helps : 238 238 253 272 298 297 
degeneracy worse : 201 201 218 290 366 436 
SCL #err deg : 841 / 2500
SCL #err weighted degeneracy : 801 801 805 858 912 984 
degeneracy helps : 246 246 261 283 309 308 
degeneracy worse : 208 208 225 300 380 451 
SCL #err deg : 876 / 2600
SCL #err weighted degeneracy : 829 829 835 888 947 1021 
degeneracy helps : 255 255 270 294 321 320 
degeneracy worse : 210 210 229 306 392 465 
SCL #err deg : 913 / 2700
SCL #err weighted degeneracy : 862 862 868 925 989 1066 
degeneracy helps : 266 266 281 307 336 336 
degeneracy worse : 217 217 236 319 412 489 
SCL #err deg : 953 / 2800
SCL #err weighted degeneracy : 901 901 909 969 1035 1115 
degeneracy helps : 276 276 290 317 346 345 
degeneracy worse : 226 226 246 333 428 507 
SCL #err deg : 994 / 2900
SCL #err weighted degeneracy : 937 937 943 1005 1075 1155 
degeneracy helps : 287 287 303 332 362 362 
degeneracy worse : 232 232 252 343 443 523 
SCL #err deg : 1025 / 3000
SCL #err weighted degeneracy : 960 960 967 1034 1109 1187 
degeneracy helps : 301 301 317 347 377 378 
degeneracy worse : 238 238 259 356 461 540 
SCL #err deg : 1067 / 3100
SCL #err weighted degeneracy : 989 989 995 1066 1145 1221 
degeneracy helps : 317 317 334 363 394 397 
degeneracy worse : 241 241 262 362 472 551 
SCL #err deg : 1092 / 3200
SCL #err weighted degeneracy : 1014 1014 1021 1097 1179 1261 
degeneracy helps : 325 325 341 371 403 406 
degeneracy worse : 249 249 270 376 490 575 
SCL #err deg : 1126 / 3300
SCL #err weighted degeneracy : 1046 1046 1055 1132 1219 1304 
degeneracy helps : 333 333 348 379 410 414 
degeneracy worse : 255 255 277 385 503 592 
SCL #err deg : 1168 / 3400
SCL #err weighted degeneracy : 1085 1085 1093 1172 1259 1347 
degeneracy helps : 346 346 363 396 427 430 
degeneracy worse : 265 265 288 400 518 609 
SCL #err deg : 1206 / 3500
SCL #err weighted degeneracy : 1120 1121 1128 1208 1300 1391 
degeneracy helps : 358 357 376 409 439 442 
degeneracy worse : 275 275 298 411 533 627 
SCL #err deg : 1239 / 3600
SCL #err weighted degeneracy : 1145 1146 1153 1239 1334 1432 
degeneracy helps : 371 370 389 423 452 456 
degeneracy worse : 280 280 303 423 547 649 
SCL #err deg : 1281 / 3700
SCL #err weighted degeneracy : 1176 1177 1184 1275 1370 1475 
degeneracy helps : 386 385 404 438 469 471 
degeneracy worse : 284 284 307 432 558 665 
SCL #err deg : 1310 / 3800
SCL #err weighted degeneracy : 1198 1199 1208 1300 1402 1512 
degeneracy helps : 397 396 414 448 479 481 
degeneracy worse : 288 288 312 438 571 683 
SCL #err deg : 1342 / 3900
SCL #err weighted degeneracy : 1223 1224 1236 1329 1438 1551 
degeneracy helps : 410 409 426 461 492 495 
degeneracy worse : 294 294 320 448 588 704 
SCL #err deg : 1369 / 4000
SCL #err weighted degeneracy : 1253 1254 1267 1363 1475 1592 
degeneracy helps : 419 418 435 471 503 507 
degeneracy worse : 306 306 333 465 609 730 
SCL #err deg : 1406 / 4100
SCL #err weighted degeneracy : 1285 1286 1300 1399 1512 1634 
degeneracy helps : 430 429 446 484 519 522 
degeneracy worse : 312 312 340 477 625 750 
SCL #err deg : 1438 / 4200
SCL #err weighted degeneracy : 1310 1311 1326 1428 1546 1670 
degeneracy helps : 441 440 458 498 534 537 
degeneracy worse : 316 316 346 488 642 769 
SCL #err deg : 1468 / 4300
SCL #err weighted degeneracy : 1344 1345 1359 1463 1583 1709 
degeneracy helps : 447 446 466 506 543 547 
degeneracy worse : 327 327 357 501 658 788 
SCL #err deg : 1497 / 4400
SCL #err weighted degeneracy : 1368 1369 1385 1493 1615 1746 
degeneracy helps : 454 453 472 513 551 555 
degeneracy worse : 329 329 360 509 669 804 
SCL #err deg : 1532 / 4500
SCL #err weighted degeneracy : 1395 1396 1411 1524 1649 1785 
degeneracy helps : 466 465 485 527 565 569 
degeneracy worse : 333 333 364 519 682 822 
SCL #err deg : 1565 / 4600
SCL #err weighted degeneracy : 1424 1425 1439 1561 1689 1824 
degeneracy helps : 478 477 498 540 577 582 
degeneracy worse : 341 341 372 536 701 841 
SCL #err deg : 1596 / 4700
SCL #err weighted degeneracy : 1458 1459 1475 1596 1729 1864 
degeneracy helps : 486 485 505 547 584 592 
degeneracy worse : 352 352 384 547 717 860 
SCL #err deg : 1631 / 4800
SCL #err weighted degeneracy : 1490 1491 1508 1631 1768 1907 
degeneracy helps : 496 495 515 558 594 603 
degeneracy worse : 359 359 392 558 731 879 
SCL #err deg : 1669 / 4900
SCL #err weighted degeneracy : 1526 1527 1546 1670 1809 1952 
degeneracy helps : 504 503 522 565 602 613 
degeneracy worse : 365 365 399 566 742 896 
SCL #err deg : 1699 / 5000
SCL #err weighted degeneracy : 1557 1558 1580 1706 1846 1989 
degeneracy helps : 512 511 530 573 611 623 
degeneracy worse : 374 374 411 580 758 913 
SCL #err deg : 1729 / 5100
SCL #err weighted degeneracy : 1582 1583 1606 1737 1879 2024 
degeneracy helps : 521 520 539 580 619 633 
degeneracy worse : 378 378 416 588 769 928 
SCL #err deg : 1760 / 5200
SCL #err weighted degeneracy : 1612 1613 1637 1769 1916 2062 
degeneracy helps : 530 529 548 591 631 646 
degeneracy worse : 386 386 425 600 787 948 
SCL #err deg : 1794 / 5300
SCL #err weighted degeneracy : 1646 1647 1669 1801 1955 2102 
degeneracy helps : 542 541 562 607 646 660 
degeneracy worse : 398 398 437 614 807 968 
SCL #err deg : 1815 / 5400
SCL #err weighted degeneracy : 1671 1672 1692 1826 1985 2136 
degeneracy helps : 547 546 568 615 654 666 
degeneracy worse : 407 407 445 626 824 987 
SCL #err deg : 1844 / 5500
SCL #err weighted degeneracy : 1695 1696 1717 1854 2013 2166 
degeneracy helps : 559 558 580 627 668 680 
degeneracy worse : 414 414 453 637 837 1002 
SCL #err deg : 1884 / 5600
SCL #err weighted degeneracy : 1736 1737 1759 1901 2058 2209 
degeneracy helps : 567 566 588 635 678 692 
degeneracy worse : 423 423 463 652 852 1017 
SCL #err deg : 1922 / 5700
SCL #err weighted degeneracy : 1769 1770 1793 1937 2099 2252 
degeneracy helps : 577 576 599 648 689 703 
degeneracy worse : 428 428 470 663 866 1033 
SCL #err deg : 1953 / 5800
SCL #err weighted degeneracy : 1797 1798 1822 1972 2140 2296 
degeneracy helps : 587 586 610 660 701 718 
degeneracy worse : 435 435 479 679 888 1061 
SCL #err deg : 1980 / 5900
SCL #err weighted degeneracy : 1821 1822 1845 1997 2168 2326 
degeneracy helps : 595 595 619 669 711 727 
degeneracy worse : 441 441 484 686 899 1073 
SCL #err deg : 2011 / 6000
SCL #err weighted degeneracy : 1853 1854 1876 2035 2210 2366 
degeneracy helps : 603 603 629 679 720 737 
degeneracy worse : 451 451 494 703 919 1092 
SCL #err deg : 2047 / 6100
SCL #err weighted degeneracy : 1883 1884 1905 2067 2244 2401 
degeneracy helps : 617 617 642 692 733 752 
degeneracy worse : 459 459 501 712 930 1106 
SCL #err deg : 2081 / 6200
SCL #err weighted degeneracy : 1916 1917 1938 2101 2279 2436 
degeneracy helps : 627 627 652 705 748 769 
degeneracy worse : 468 468 510 725 946 1124 
SCL #err deg : 2114 / 6300
SCL #err weighted degeneracy : 1952 1953 1973 2139 2318 2479 
degeneracy helps : 634 634 660 713 757 778 
degeneracy worse : 478 478 520 738 961 1143 
SCL #err deg : 2149 / 6400
SCL #err weighted degeneracy : 1986 1987 2004 2174 2355 2518 
degeneracy helps : 639 639 668 721 767 789 
degeneracy worse : 482 482 524 746 973 1158 
SCL #err deg : 2190 / 6500
SCL #err weighted degeneracy : 2019 2020 2036 2206 2389 2557 
degeneracy helps : 652 652 684 740 786 810 
degeneracy worse : 487 487 531 756 985 1177 
SCL #err deg : 2225 / 6600
SCL #err weighted degeneracy : 2052 2053 2068 2240 2427 2598 
degeneracy helps : 660 660 693 751 796 821 
degeneracy worse : 493 493 537 766 998 1194 
SCL #err deg : 2258 / 6700
SCL #err weighted degeneracy : 2082 2083 2100 2276 2464 2639 
degeneracy helps : 671 671 702 762 807 833 
degeneracy worse : 501 501 545 780 1013 1214 
SCL #err deg : 2287 / 6800
SCL #err weighted degeneracy : 2116 2117 2133 2314 2504 2681 
degeneracy helps : 679 680 712 773 818 844 
degeneracy worse : 515 515 559 800 1035 1238 
SCL #err deg : 2331 / 6900
SCL #err weighted degeneracy : 2159 2160 2177 2358 2550 2726 
degeneracy helps : 690 692 723 785 830 858 
degeneracy worse : 526 526 570 812 1049 1253 
SCL #err deg : 2369 / 7000
SCL #err weighted degeneracy : 2186 2187 2207 2390 2582 2762 
degeneracy helps : 705 707 736 802 849 876 
degeneracy worse : 530 530 575 823 1062 1269 
SCL #err deg : 2407 / 7100
SCL #err weighted degeneracy : 2224 2225 2245 2430 2631 2810 
degeneracy helps : 713 715 745 813 861 889 
degeneracy worse : 538 538 584 836 1085 1292 
SCL #err deg : 2439 / 7200
SCL #err weighted degeneracy : 2261 2262 2282 2473 2674 2852 
degeneracy helps : 722 724 755 822 871 900 
degeneracy worse : 552 552 599 856 1106 1313 
SCL #err deg : 2482 / 7300
SCL #err weighted degeneracy : 2290 2291 2316 2508 2715 2896 
degeneracy helps : 739 741 771 840 886 916 
degeneracy worse : 555 555 606 866 1119 1330 
SCL #err deg : 2509 / 7400
SCL #err weighted degeneracy : 2317 2318 2347 2539 2749 2932 
degeneracy helps : 747 749 779 850 895 927 
degeneracy worse : 563 563 618 880 1135 1350 
SCL #err deg : 2545 / 7500
SCL #err weighted degeneracy : 2350 2351 2380 2576 2788 2971 
degeneracy helps : 760 762 793 862 907 942 
degeneracy worse : 573 573 629 893 1150 1368 
SCL #err deg : 2577 / 7600
SCL #err weighted degeneracy : 2379 2380 2411 2608 2825 3014 
degeneracy helps : 771 773 802 872 918 951 
degeneracy worse : 581 581 637 903 1166 1388 
SCL #err deg : 2607 / 7700
SCL #err weighted degeneracy : 2405 2406 2437 2643 2867 3054 
degeneracy helps : 781 783 812 882 929 962 
degeneracy worse : 587 587 643 918 1189 1409 
SCL #err deg : 2645 / 7800
SCL #err weighted degeneracy : 2444 2445 2480 2687 2914 3104 
degeneracy helps : 794 796 824 897 943 977 
degeneracy worse : 601 601 660 939 1212 1436 
SCL #err deg : 2679 / 7900
SCL #err weighted degeneracy : 2471 2472 2508 2718 2951 3146 
degeneracy helps : 806 808 837 911 956 989 
degeneracy worse : 606 606 667 950 1228 1456 
SCL #err deg : 2715 / 8000
SCL #err weighted degeneracy : 2499 2499 2535 2751 2988 3188 
degeneracy helps : 818 821 850 922 966 998 
degeneracy worse : 610 610 671 958 1239 1471 
SCL #err deg : 2757 / 8100
SCL #err weighted degeneracy : 2533 2533 2569 2788 3033 3236 
degeneracy helps : 834 837 868 941 986 1017 
degeneracy worse : 618 618 681 972 1262 1496 
SCL #err deg : 2793 / 8200
SCL #err weighted degeneracy : 2563 2563 2600 2820 3069 3277 
degeneracy helps : 852 855 885 960 1004 1034 
degeneracy worse : 630 630 694 987 1280 1518 
SCL #err deg : 2824 / 8300
SCL #err weighted degeneracy : 2592 2592 2631 2852 3103 3310 
degeneracy helps : 861 864 893 969 1013 1045 
degeneracy worse : 637 637 702 997 1292 1531 
SCL #err deg : 2854 / 8400
SCL #err weighted degeneracy : 2620 2620 2660 2882 3140 3349 
degeneracy helps : 869 873 901 979 1024 1055 
degeneracy worse : 644 644 709 1007 1310 1550 
SCL #err deg : 2887 / 8500
SCL #err weighted degeneracy : 2652 2652 2694 2918 3182 3394 
degeneracy helps : 877 881 909 988 1034 1067 
degeneracy worse : 651 651 718 1019 1329 1574 
SCL #err deg : 2927 / 8600
SCL #err weighted degeneracy : 2687 2687 2729 2956 3223 3436 
degeneracy helps : 888 892 920 1000 1047 1082 
degeneracy worse : 657 657 724 1029 1343 1591 
SCL #err deg : 2962 / 8700
SCL #err weighted degeneracy : 2722 2722 2766 2996 3266 3486 
degeneracy helps : 898 902 929 1009 1057 1092 
degeneracy worse : 667 667 735 1043 1361 1616 
SCL #err deg : 2995 / 8800
SCL #err weighted degeneracy : 2749 2749 2794 3031 3309 3528 
degeneracy helps : 908 912 939 1017 1065 1101 
degeneracy worse : 671 671 740 1053 1379 1634 
SCL #err deg : 3022 / 8900
SCL #err weighted degeneracy : 2778 2778 2825 3066 3350 3571 
degeneracy helps : 915 919 946 1026 1074 1110 
degeneracy worse : 680 680 751 1070 1402 1659 
SCL #err deg : 3059 / 9000
SCL #err weighted degeneracy : 2808 2808 2855 3099 3384 3607 
degeneracy helps : 927 931 959 1039 1087 1123 
degeneracy worse : 685 685 757 1079 1412 1671 
SCL #err deg : 3092 / 9100
SCL #err weighted degeneracy : 2844 2844 2893 3142 3428 3656 
degeneracy helps : 934 938 964 1045 1093 1128 
degeneracy worse : 695 695 767 1095 1429 1692 
SCL #err deg : 3137 / 9200
SCL #err weighted degeneracy : 2875 2875 2925 3174 3463 3693 
degeneracy helps : 952 956 982 1064 1112 1147 
degeneracy worse : 699 699 772 1101 1438 1703 
SCL #err deg : 3169 / 9300
SCL #err weighted degeneracy : 2901 2901 2952 3205 3498 3729 
degeneracy helps : 963 967 993 1074 1123 1161 
degeneracy worse : 704 704 778 1110 1452 1721 
SCL #err deg : 3207 / 9400
SCL #err weighted degeneracy : 2935 2935 2987 3243 3540 3770 
degeneracy helps : 974 978 1005 1087 1135 1175 
degeneracy worse : 712 712 788 1123 1468 1738 
SCL #err deg : 3234 / 9500
SCL #err weighted degeneracy : 2963 2963 3018 3277 3578 3811 
degeneracy helps : 981 985 1011 1093 1143 1184 
degeneracy worse : 720 720 798 1136 1487 1761 
SCL #err deg : 3263 / 9600
SCL #err weighted degeneracy : 2999 2999 3056 3315 3614 3851 
degeneracy helps : 984 989 1015 1098 1152 1192 
degeneracy worse : 731 731 811 1150 1503 1780 
SCL #err deg : 3298 / 9700
SCL #err weighted degeneracy : 3033 3033 3092 3352 3658 3898 
degeneracy helps : 994 999 1024 1109 1162 1200 
degeneracy worse : 740 740 821 1163 1522 1800 
SCL #err deg : 3334 / 9800
SCL #err weighted degeneracy : 3068 3068 3126 3391 3701 3939 
degeneracy helps : 1006 1011 1037 1122 1178 1218 
degeneracy worse : 751 751 832 1179 1545 1823 
SCL #err deg : 3373 / 9900
SCL #err weighted degeneracy : 3101 3101 3160 3426 3742 3984 
degeneracy helps : 1015 1020 1046 1133 1190 1229 
degeneracy worse : 754 754 836 1186 1559 1840 
SCL #err deg : 3413 / 10000
SCL #err weighted degeneracy : 3137 3137 3196 3464 3784 4029 
degeneracy helps : 1025 1030 1057 1146 1204 1242 
degeneracy worse : 760 760 843 1197 1575 1858 
average #flips: 14.0971
SCL #err considering degeneracy: 3413
error due to equal 1431
error due to SCL smaller 1982
Finish in 1143 s
