Simulation Polar syndrome FASTER N=512, K=257, l=128, pz=0.11, #samples=10000, seed=7348
PW construction
Event generator random seed: 7348
SCL #err deg : 43 / 100
SCL #err weighted degeneracy : 46 46 45 46 43 41 
degeneracy helps : 5 5 6 6 7 8 
degeneracy worse : 8 8 8 9 7 6 
SCL #err deg : 72 / 200
SCL #err weighted degeneracy : 77 77 77 76 72 72 
degeneracy helps : 10 10 12 14 16 16 
degeneracy worse : 15 15 17 18 16 16 
SCL #err deg : 115 / 300
SCL #err weighted degeneracy : 115 115 116 117 112 114 
degeneracy helps : 19 19 21 22 25 26 
degeneracy worse : 19 19 22 24 22 25 
SCL #err deg : 158 / 400
SCL #err weighted degeneracy : 154 154 152 156 152 152 
degeneracy helps : 30 30 34 36 40 42 
degeneracy worse : 26 26 28 34 34 36 
SCL #err deg : 200 / 500
SCL #err weighted degeneracy : 195 195 191 197 194 193 
degeneracy helps : 34 34 40 43 46 49 
degeneracy worse : 29 29 31 40 40 42 
SCL #err deg : 235 / 600
SCL #err weighted degeneracy : 225 225 221 228 228 228 
degeneracy helps : 45 45 52 56 58 60 
degeneracy worse : 35 35 38 49 51 53 
SCL #err deg : 272 / 700
SCL #err weighted degeneracy : 266 266 264 272 272 272 
degeneracy helps : 48 48 55 60 62 64 
degeneracy worse : 42 42 47 60 62 64 
SCL #err deg : 307 / 800
SCL #err weighted degeneracy : 298 298 294 301 303 303 
degeneracy helps : 60 60 69 76 77 79 
degeneracy worse : 51 51 56 70 73 75 
SCL #err deg : 341 / 900
SCL #err weighted degeneracy : 334 334 330 339 342 341 
degeneracy helps : 65 65 74 81 82 84 
degeneracy worse : 58 58 63 79 83 84 
SCL #err deg : 383 / 1000
SCL #err weighted degeneracy : 372 372 370 380 384 384 
degeneracy helps : 77 77 85 91 92 94 
degeneracy worse : 66 66 72 88 93 95 
SCL #err deg : 416 / 1100
SCL #err weighted degeneracy : 404 404 400 412 417 420 
degeneracy helps : 82 82 92 97 98 99 
degeneracy worse : 70 70 76 93 99 103 
SCL #err deg : 455 / 1200
SCL #err weighted degeneracy : 443 443 441 453 457 461 
degeneracy helps : 89 89 98 103 104 106 
degeneracy worse : 77 77 84 101 106 112 
SCL #err deg : 491 / 1300
SCL #err weighted degeneracy : 483 483 482 497 499 503 
degeneracy helps : 95 95 104 109 110 112 
degeneracy worse : 87 87 95 115 118 124 
SCL #err deg : 520 / 1400
SCL #err weighted degeneracy : 520 520 520 537 540 543 
degeneracy helps : 98 98 107 112 113 115 
degeneracy worse : 98 98 107 129 133 138 
SCL #err deg : 561 / 1500
SCL #err weighted degeneracy : 562 562 563 578 580 582 
degeneracy helps : 105 105 115 122 124 125 
degeneracy worse : 106 106 117 139 143 146 
SCL #err deg : 594 / 1600
SCL #err weighted degeneracy : 600 600 602 619 620 623 
degeneracy helps : 109 109 119 126 129 130 
degeneracy worse : 115 115 127 151 155 159 
SCL #err deg : 628 / 1700
SCL #err weighted degeneracy : 632 632 632 651 654 656 
degeneracy helps : 115 115 126 133 136 139 
degeneracy worse : 119 119 130 156 162 167 
SCL #err deg : 671 / 1800
SCL #err weighted degeneracy : 668 669 670 688 692 696 
degeneracy helps : 126 126 137 144 146 149 
degeneracy worse : 123 124 136 161 167 174 
SCL #err deg : 701 / 1900
SCL #err weighted degeneracy : 695 696 699 723 729 732 
degeneracy helps : 133 133 144 148 150 153 
degeneracy worse : 127 128 142 170 178 184 
SCL #err deg : 727 / 2000
SCL #err weighted degeneracy : 717 718 723 748 753 757 
degeneracy helps : 140 140 151 155 158 160 
degeneracy worse : 130 131 147 176 184 190 
SCL #err deg : 766 / 2100
SCL #err weighted degeneracy : 748 750 754 778 787 794 
degeneracy helps : 151 150 161 166 168 171 
degeneracy worse : 133 134 149 178 189 199 
SCL #err deg : 801 / 2200
SCL #err weighted degeneracy : 781 783 786 810 819 828 
degeneracy helps : 159 158 169 176 178 181 
degeneracy worse : 139 140 154 185 196 208 
SCL #err deg : 845 / 2300
SCL #err weighted degeneracy : 823 825 828 850 860 870 
degeneracy helps : 165 164 176 186 188 190 
degeneracy worse : 143 144 159 191 203 215 
SCL #err deg : 888 / 2400
SCL #err weighted degeneracy : 860 862 865 888 897 907 
degeneracy helps : 173 172 184 195 199 202 
degeneracy worse : 145 146 161 195 208 221 
SCL #err deg : 929 / 2500
SCL #err weighted degeneracy : 901 903 904 929 937 947 
degeneracy helps : 179 178 191 202 207 210 
degeneracy worse : 151 152 166 202 215 228 
SCL #err deg : 967 / 2600
SCL #err weighted degeneracy : 937 939 937 961 971 982 
degeneracy helps : 184 183 198 209 215 218 
degeneracy worse : 154 155 168 203 219 233 
SCL #err deg : 1001 / 2700
SCL #err weighted degeneracy : 969 971 970 993 1002 1013 
degeneracy helps : 191 190 205 217 224 227 
degeneracy worse : 159 160 174 209 225 239 
SCL #err deg : 1038 / 2800
SCL #err weighted degeneracy : 999 1001 999 1024 1032 1044 
degeneracy helps : 201 200 216 227 235 237 
degeneracy worse : 162 163 177 213 229 243 
SCL #err deg : 1077 / 2900
SCL #err weighted degeneracy : 1032 1034 1029 1054 1061 1075 
degeneracy helps : 215 214 233 243 252 253 
degeneracy worse : 170 171 185 220 236 251 
SCL #err deg : 1102 / 3000
SCL #err weighted degeneracy : 1060 1062 1060 1087 1095 1108 
degeneracy helps : 220 219 238 248 257 258 
degeneracy worse : 178 179 196 233 250 264 
SCL #err deg : 1143 / 3100
SCL #err weighted degeneracy : 1101 1103 1103 1133 1138 1149 
degeneracy helps : 230 229 249 256 267 269 
degeneracy worse : 188 189 209 246 262 275 
SCL #err deg : 1176 / 3200
SCL #err weighted degeneracy : 1135 1137 1135 1165 1171 1182 
degeneracy helps : 234 233 255 263 275 278 
degeneracy worse : 193 194 214 252 270 284 
SCL #err deg : 1206 / 3300
SCL #err weighted degeneracy : 1157 1159 1159 1188 1194 1206 
degeneracy helps : 243 242 262 271 284 286 
degeneracy worse : 194 195 215 253 272 286 
SCL #err deg : 1239 / 3400
SCL #err weighted degeneracy : 1190 1192 1192 1220 1226 1239 
degeneracy helps : 253 252 272 282 295 297 
degeneracy worse : 204 205 225 263 282 297 
SCL #err deg : 1274 / 3500
SCL #err weighted degeneracy : 1230 1232 1229 1258 1264 1274 
degeneracy helps : 258 257 280 289 302 306 
degeneracy worse : 214 215 235 273 292 306 
SCL #err deg : 1308 / 3600
SCL #err weighted degeneracy : 1259 1261 1258 1287 1293 1302 
degeneracy helps : 267 266 290 300 313 318 
degeneracy worse : 218 219 240 279 298 312 
SCL #err deg : 1340 / 3700
SCL #err weighted degeneracy : 1289 1291 1289 1322 1329 1338 
degeneracy helps : 275 274 298 308 321 325 
degeneracy worse : 224 225 247 290 310 323 
SCL #err deg : 1379 / 3800
SCL #err weighted degeneracy : 1327 1329 1328 1360 1367 1376 
degeneracy helps : 285 284 307 317 330 334 
degeneracy worse : 233 234 256 298 318 331 
SCL #err deg : 1412 / 3900
SCL #err weighted degeneracy : 1357 1359 1354 1389 1399 1408 
degeneracy helps : 293 292 318 328 339 343 
degeneracy worse : 238 239 260 305 326 339 
SCL #err deg : 1453 / 4000
SCL #err weighted degeneracy : 1395 1397 1397 1431 1440 1448 
degeneracy helps : 304 303 327 339 351 356 
degeneracy worse : 246 247 271 317 338 351 
SCL #err deg : 1481 / 4100
SCL #err weighted degeneracy : 1419 1421 1422 1458 1466 1474 
degeneracy helps : 314 313 337 348 362 367 
degeneracy worse : 252 253 278 325 347 360 
SCL #err deg : 1512 / 4200
SCL #err weighted degeneracy : 1447 1449 1454 1488 1496 1504 
degeneracy helps : 320 319 343 354 368 373 
degeneracy worse : 255 256 285 330 352 365 
SCL #err deg : 1543 / 4300
SCL #err weighted degeneracy : 1473 1477 1480 1514 1523 1531 
degeneracy helps : 330 327 353 363 377 382 
degeneracy worse : 260 261 290 334 357 370 
SCL #err deg : 1576 / 4400
SCL #err weighted degeneracy : 1498 1502 1507 1540 1547 1556 
degeneracy helps : 342 339 364 375 390 394 
degeneracy worse : 264 265 295 339 361 374 
SCL #err deg : 1608 / 4500
SCL #err weighted degeneracy : 1531 1535 1541 1574 1579 1587 
degeneracy helps : 351 348 373 385 400 405 
degeneracy worse : 274 275 306 351 371 384 
SCL #err deg : 1642 / 4600
SCL #err weighted degeneracy : 1566 1570 1575 1609 1618 1625 
degeneracy helps : 357 354 380 393 407 413 
degeneracy worse : 281 282 313 360 383 396 
SCL #err deg : 1668 / 4700
SCL #err weighted degeneracy : 1590 1594 1601 1636 1644 1653 
degeneracy helps : 367 364 389 402 417 422 
degeneracy worse : 289 290 322 370 393 407 
SCL #err deg : 1698 / 4800
SCL #err weighted degeneracy : 1620 1624 1631 1666 1675 1684 
degeneracy helps : 373 370 395 410 425 430 
degeneracy worse : 295 296 328 378 402 416 
SCL #err deg : 1727 / 4900
SCL #err weighted degeneracy : 1643 1647 1653 1687 1698 1708 
degeneracy helps : 380 377 402 418 434 439 
degeneracy worse : 296 297 328 378 405 420 
SCL #err deg : 1757 / 5000
SCL #err weighted degeneracy : 1674 1678 1684 1717 1728 1739 
degeneracy helps : 388 385 409 426 441 446 
degeneracy worse : 305 306 336 386 412 428 
SCL #err deg : 1798 / 5100
SCL #err weighted degeneracy : 1704 1708 1718 1751 1767 1778 
degeneracy helps : 403 400 422 440 453 458 
degeneracy worse : 309 310 342 393 422 438 
SCL #err deg : 1832 / 5200
SCL #err weighted degeneracy : 1729 1733 1742 1779 1796 1806 
degeneracy helps : 414 411 435 452 464 471 
degeneracy worse : 311 312 345 399 428 445 
SCL #err deg : 1866 / 5300
SCL #err weighted degeneracy : 1765 1769 1780 1816 1833 1842 
degeneracy helps : 419 416 441 458 469 477 
degeneracy worse : 318 319 355 408 436 453 
SCL #err deg : 1898 / 5400
SCL #err weighted degeneracy : 1797 1801 1811 1849 1865 1874 
degeneracy helps : 425 422 448 466 478 486 
degeneracy worse : 324 325 361 417 445 462 
SCL #err deg : 1939 / 5500
SCL #err weighted degeneracy : 1835 1839 1847 1886 1905 1915 
degeneracy helps : 434 431 457 475 487 495 
degeneracy worse : 330 331 365 422 453 471 
SCL #err deg : 1973 / 5600
SCL #err weighted degeneracy : 1864 1868 1877 1915 1935 1947 
degeneracy helps : 443 440 466 486 497 505 
degeneracy worse : 334 335 370 428 459 479 
SCL #err deg : 2013 / 5700
SCL #err weighted degeneracy : 1898 1901 1910 1950 1969 1980 
degeneracy helps : 452 450 476 494 506 515 
degeneracy worse : 337 338 373 431 462 482 
SCL #err deg : 2048 / 5800
SCL #err weighted degeneracy : 1933 1936 1945 1984 2003 2012 
degeneracy helps : 458 456 483 502 514 525 
degeneracy worse : 343 344 380 438 469 489 
SCL #err deg : 2087 / 5900
SCL #err weighted degeneracy : 1971 1974 1983 2022 2039 2052 
degeneracy helps : 464 462 489 511 525 533 
degeneracy worse : 348 349 385 446 477 498 
SCL #err deg : 2114 / 6000
SCL #err weighted degeneracy : 2000 2003 2016 2057 2072 2085 
degeneracy helps : 468 466 493 516 532 540 
degeneracy worse : 354 355 395 459 490 511 
SCL #err deg : 2154 / 6100
SCL #err weighted degeneracy : 2035 2038 2048 2090 2105 2118 
degeneracy helps : 478 476 503 526 543 551 
degeneracy worse : 359 360 397 462 494 515 
SCL #err deg : 2197 / 6200
SCL #err weighted degeneracy : 2072 2075 2087 2129 2142 2156 
degeneracy helps : 489 487 513 535 554 561 
degeneracy worse : 364 365 403 467 499 520 
SCL #err deg : 2233 / 6300
SCL #err weighted degeneracy : 2108 2111 2123 2164 2179 2194 
degeneracy helps : 496 494 522 544 563 570 
degeneracy worse : 371 372 412 475 509 531 
SCL #err deg : 2266 / 6400
SCL #err weighted degeneracy : 2147 2150 2160 2200 2215 2229 
degeneracy helps : 502 500 529 552 571 578 
degeneracy worse : 383 384 423 486 520 541 
SCL #err deg : 2299 / 6500
SCL #err weighted degeneracy : 2186 2189 2200 2243 2257 2272 
degeneracy helps : 506 504 533 555 574 581 
degeneracy worse : 393 394 434 499 532 554 
SCL #err deg : 2343 / 6600
SCL #err weighted degeneracy : 2226 2229 2241 2285 2299 2314 
degeneracy helps : 512 510 540 562 582 589 
degeneracy worse : 395 396 438 504 538 560 
SCL #err deg : 2379 / 6700
SCL #err weighted degeneracy : 2257 2260 2268 2313 2329 2343 
degeneracy helps : 521 519 553 574 592 599 
degeneracy worse : 399 400 442 508 542 563 
SCL #err deg : 2411 / 6800
SCL #err weighted degeneracy : 2287 2290 2300 2346 2362 2377 
degeneracy helps : 530 528 562 583 601 608 
degeneracy worse : 406 407 451 518 552 574 
SCL #err deg : 2449 / 6900
SCL #err weighted degeneracy : 2321 2324 2335 2379 2395 2412 
degeneracy helps : 541 539 573 596 614 620 
degeneracy worse : 413 414 459 526 560 583 
SCL #err deg : 2484 / 7000
SCL #err weighted degeneracy : 2349 2352 2369 2415 2431 2449 
degeneracy helps : 554 552 584 607 625 631 
degeneracy worse : 419 420 469 538 572 596 
SCL #err deg : 2525 / 7100
SCL #err weighted degeneracy : 2383 2386 2403 2450 2467 2487 
degeneracy helps : 564 562 595 619 638 643 
degeneracy worse : 422 423 473 544 580 605 
SCL #err deg : 2562 / 7200
SCL #err weighted degeneracy : 2421 2424 2443 2489 2505 2526 
degeneracy helps : 569 567 600 625 645 650 
degeneracy worse : 428 429 481 552 588 614 
SCL #err deg : 2592 / 7300
SCL #err weighted degeneracy : 2450 2453 2472 2518 2534 2553 
degeneracy helps : 572 570 605 630 650 657 
degeneracy worse : 430 431 485 556 592 618 
SCL #err deg : 2630 / 7400
SCL #err weighted degeneracy : 2491 2494 2514 2562 2579 2598 
degeneracy helps : 579 577 613 637 657 665 
degeneracy worse : 440 441 497 569 606 633 
SCL #err deg : 2678 / 7500
SCL #err weighted degeneracy : 2533 2536 2556 2607 2623 2643 
degeneracy helps : 586 584 621 644 665 673 
degeneracy worse : 441 442 499 573 610 638 
SCL #err deg : 2709 / 7600
SCL #err weighted degeneracy : 2568 2571 2593 2640 2655 2676 
degeneracy helps : 590 588 626 651 672 680 
degeneracy worse : 449 450 510 582 618 647 
SCL #err deg : 2749 / 7700
SCL #err weighted degeneracy : 2602 2605 2629 2675 2691 2712 
degeneracy helps : 604 602 640 666 687 695 
degeneracy worse : 457 458 520 592 629 658 
SCL #err deg : 2786 / 7800
SCL #err weighted degeneracy : 2639 2642 2666 2711 2727 2747 
degeneracy helps : 612 610 649 676 697 706 
degeneracy worse : 465 466 529 601 638 667 
SCL #err deg : 2823 / 7900
SCL #err weighted degeneracy : 2670 2673 2697 2741 2758 2778 
degeneracy helps : 625 623 661 688 709 718 
degeneracy worse : 472 473 535 606 644 673 
SCL #err deg : 2861 / 8000
SCL #err weighted degeneracy : 2705 2708 2732 2778 2794 2814 
degeneracy helps : 632 630 669 695 718 727 
degeneracy worse : 476 477 540 612 651 680 
SCL #err deg : 2895 / 8100
SCL #err weighted degeneracy : 2741 2744 2771 2821 2839 2858 
degeneracy helps : 638 636 674 698 721 730 
degeneracy worse : 484 485 550 624 665 693 
SCL #err deg : 2925 / 8200
SCL #err weighted degeneracy : 2766 2769 2796 2848 2868 2888 
degeneracy helps : 645 643 682 705 729 738 
degeneracy worse : 486 487 553 628 672 701 
SCL #err deg : 2956 / 8300
SCL #err weighted degeneracy : 2799 2802 2828 2881 2899 2918 
degeneracy helps : 649 647 687 710 735 745 
degeneracy worse : 492 493 559 635 678 707 
SCL #err deg : 2994 / 8400
SCL #err weighted degeneracy : 2837 2840 2864 2915 2934 2952 
degeneracy helps : 658 656 698 723 748 759 
degeneracy worse : 501 502 568 644 688 717 
SCL #err deg : 3023 / 8500
SCL #err weighted degeneracy : 2863 2866 2890 2944 2964 2983 
degeneracy helps : 668 666 709 733 758 768 
degeneracy worse : 508 509 576 654 699 728 
SCL #err deg : 3057 / 8600
SCL #err weighted degeneracy : 2898 2901 2925 2979 3000 3017 
degeneracy helps : 676 674 718 742 767 780 
degeneracy worse : 517 518 586 664 710 740 
SCL #err deg : 3097 / 8700
SCL #err weighted degeneracy : 2938 2941 2961 3012 3033 3050 
degeneracy helps : 684 682 730 755 780 793 
degeneracy worse : 525 526 594 670 716 746 
SCL #err deg : 3134 / 8800
SCL #err weighted degeneracy : 2972 2976 2996 3047 3067 3085 
degeneracy helps : 692 689 738 763 790 802 
degeneracy worse : 530 531 600 676 723 753 
SCL #err deg : 3168 / 8900
SCL #err weighted degeneracy : 3001 3005 3025 3076 3096 3116 
degeneracy helps : 703 700 749 776 803 814 
degeneracy worse : 536 537 606 684 731 762 
SCL #err deg : 3197 / 9000
SCL #err weighted degeneracy : 3034 3038 3055 3106 3126 3146 
degeneracy helps : 707 704 757 785 812 822 
degeneracy worse : 544 545 615 694 741 771 
SCL #err deg : 3235 / 9100
SCL #err weighted degeneracy : 3070 3074 3092 3144 3163 3184 
degeneracy helps : 712 709 761 791 820 830 
degeneracy worse : 547 548 618 700 748 779 
SCL #err deg : 3276 / 9200
SCL #err weighted degeneracy : 3107 3111 3131 3184 3205 3228 
degeneracy helps : 719 716 768 800 829 837 
degeneracy worse : 550 551 623 708 758 789 
SCL #err deg : 3311 / 9300
SCL #err weighted degeneracy : 3142 3146 3167 3222 3241 3264 
degeneracy helps : 726 723 775 806 837 845 
degeneracy worse : 557 558 631 717 767 798 
SCL #err deg : 3354 / 9400
SCL #err weighted degeneracy : 3177 3181 3206 3263 3281 3304 
degeneracy helps : 740 737 787 817 849 857 
degeneracy worse : 563 564 639 726 776 807 
SCL #err deg : 3386 / 9500
SCL #err weighted degeneracy : 3206 3210 3237 3295 3314 3339 
degeneracy helps : 748 745 795 826 858 866 
degeneracy worse : 568 569 646 735 786 819 
SCL #err deg : 3415 / 9600
SCL #err weighted degeneracy : 3233 3238 3261 3319 3339 3364 
degeneracy helps : 756 752 807 838 870 878 
degeneracy worse : 574 575 653 742 794 827 
SCL #err deg : 3456 / 9700
SCL #err weighted degeneracy : 3272 3277 3297 3353 3375 3400 
degeneracy helps : 766 762 820 851 883 891 
degeneracy worse : 583 584 661 748 802 835 
SCL #err deg : 3493 / 9800
SCL #err weighted degeneracy : 3308 3313 3332 3390 3412 3438 
degeneracy helps : 774 770 829 859 891 899 
degeneracy worse : 590 591 668 756 810 844 
SCL #err deg : 3518 / 9900
SCL #err weighted degeneracy : 3331 3336 3356 3415 3438 3467 
degeneracy helps : 781 777 836 866 898 905 
degeneracy worse : 595 596 674 763 818 854 
SCL #err deg : 3555 / 10000
SCL #err weighted degeneracy : 3367 3372 3391 3452 3475 3504 
degeneracy helps : 785 781 842 872 904 911 
degeneracy worse : 598 599 678 769 824 860 
average #flips: 56.2653
SCL #err considering degeneracy: 3555
error due to equal 551
error due to SCL smaller 3000
Finish in 5056 s
