Simulation Polar syndrome FASTER N=512, K=257, l=128, pz=0.2, #samples=10000, seed=7348
PW construction
Event generator random seed: 7348
SCL #err deg : 77 / 100
SCL #err weighted degeneracy : 75 73 75 75 73 75 
degeneracy helps : 9 10 9 9 11 11 
degeneracy worse : 7 6 7 7 7 9 
SCL #err deg : 146 / 200
SCL #err weighted degeneracy : 145 143 143 142 143 142 
degeneracy helps : 18 19 20 21 22 25 
degeneracy worse : 17 16 17 17 19 21 
SCL #err deg : 221 / 300
SCL #err weighted degeneracy : 218 217 215 216 217 219 
degeneracy helps : 26 28 29 30 33 36 
degeneracy worse : 23 24 23 25 29 34 
SCL #err deg : 296 / 400
SCL #err weighted degeneracy : 295 294 294 296 297 297 
degeneracy helps : 34 36 37 38 42 46 
degeneracy worse : 33 34 35 38 43 47 
SCL #err deg : 365 / 500
SCL #err weighted degeneracy : 365 362 365 365 364 364 
degeneracy helps : 48 50 51 54 58 62 
degeneracy worse : 48 47 51 54 57 61 
SCL #err deg : 436 / 600
SCL #err weighted degeneracy : 437 433 437 436 435 435 
degeneracy helps : 58 59 61 64 68 72 
degeneracy worse : 59 56 62 64 67 71 
SCL #err deg : 505 / 700
SCL #err weighted degeneracy : 505 500 506 506 506 509 
degeneracy helps : 68 69 70 72 77 79 
degeneracy worse : 68 64 71 73 78 83 
SCL #err deg : 585 / 800
SCL #err weighted degeneracy : 583 579 584 583 585 586 
degeneracy helps : 76 76 78 80 84 87 
degeneracy worse : 74 70 77 78 84 88 
SCL #err deg : 669 / 900
SCL #err weighted degeneracy : 666 663 668 665 666 666 
degeneracy helps : 83 83 84 89 93 98 
degeneracy worse : 80 77 83 85 90 95 
SCL #err deg : 743 / 1000
SCL #err weighted degeneracy : 735 733 736 736 735 735 
degeneracy helps : 93 93 95 98 104 109 
degeneracy worse : 85 83 88 91 96 101 
SCL #err deg : 818 / 1100
SCL #err weighted degeneracy : 806 804 807 804 803 803 
degeneracy helps : 107 106 109 114 120 126 
degeneracy worse : 95 92 98 100 105 111 
SCL #err deg : 890 / 1200
SCL #err weighted degeneracy : 877 878 877 874 877 878 
degeneracy helps : 117 114 120 124 128 133 
degeneracy worse : 104 102 107 108 115 121 
SCL #err deg : 967 / 1300
SCL #err weighted degeneracy : 959 960 960 958 959 961 
degeneracy helps : 121 118 124 127 132 138 
degeneracy worse : 113 111 117 118 124 132 
SCL #err deg : 1041 / 1400
SCL #err weighted degeneracy : 1033 1033 1035 1038 1040 1037 
degeneracy helps : 129 126 131 131 136 144 
degeneracy worse : 121 118 125 128 135 140 
SCL #err deg : 1113 / 1500
SCL #err weighted degeneracy : 1103 1103 1104 1108 1111 1108 
degeneracy helps : 141 137 144 144 150 158 
degeneracy worse : 131 127 135 139 148 153 
SCL #err deg : 1193 / 1600
SCL #err weighted degeneracy : 1179 1179 1182 1187 1188 1185 
degeneracy helps : 151 147 153 154 160 169 
degeneracy worse : 137 133 142 148 155 161 
SCL #err deg : 1268 / 1700
SCL #err weighted degeneracy : 1251 1251 1254 1261 1261 1259 
degeneracy helps : 163 159 164 163 169 177 
degeneracy worse : 146 142 150 156 162 168 
SCL #err deg : 1346 / 1800
SCL #err weighted degeneracy : 1325 1328 1328 1339 1339 1340 
degeneracy helps : 174 168 175 171 178 186 
degeneracy worse : 153 150 157 164 171 180 
SCL #err deg : 1423 / 1900
SCL #err weighted degeneracy : 1394 1398 1397 1413 1411 1412 
degeneracy helps : 187 180 188 181 189 197 
degeneracy worse : 158 155 162 171 177 186 
SCL #err deg : 1492 / 2000
SCL #err weighted degeneracy : 1469 1471 1468 1483 1480 1482 
degeneracy helps : 192 186 195 191 200 207 
degeneracy worse : 169 165 171 182 188 197 
SCL #err deg : 1571 / 2100
SCL #err weighted degeneracy : 1544 1546 1544 1558 1555 1561 
degeneracy helps : 200 194 202 200 209 215 
degeneracy worse : 173 169 175 187 193 205 
SCL #err deg : 1650 / 2200
SCL #err weighted degeneracy : 1616 1619 1618 1634 1631 1634 
degeneracy helps : 215 208 217 214 223 230 
degeneracy worse : 181 177 185 198 204 214 
SCL #err deg : 1726 / 2300
SCL #err weighted degeneracy : 1692 1697 1693 1710 1705 1711 
degeneracy helps : 225 216 228 226 236 241 
degeneracy worse : 191 187 195 210 215 226 
SCL #err deg : 1806 / 2400
SCL #err weighted degeneracy : 1770 1776 1772 1789 1785 1787 
degeneracy helps : 235 224 238 238 249 257 
degeneracy worse : 199 194 204 221 228 238 
SCL #err deg : 1877 / 2500
SCL #err weighted degeneracy : 1845 1853 1847 1862 1858 1860 
degeneracy helps : 243 231 246 247 258 268 
degeneracy worse : 211 207 216 232 239 251 
SCL #err deg : 1948 / 2600
SCL #err weighted degeneracy : 1918 1926 1922 1935 1932 1932 
degeneracy helps : 252 240 254 257 267 278 
degeneracy worse : 222 218 228 244 251 262 
SCL #err deg : 2024 / 2700
SCL #err weighted degeneracy : 2002 2008 2004 2016 2010 2009 
degeneracy helps : 254 243 259 264 276 288 
degeneracy worse : 232 227 239 256 262 273 
SCL #err deg : 2099 / 2800
SCL #err weighted degeneracy : 2074 2082 2076 2086 2079 2078 
degeneracy helps : 266 252 271 280 292 303 
degeneracy worse : 241 235 248 267 272 282 
SCL #err deg : 2177 / 2900
SCL #err weighted degeneracy : 2149 2157 2151 2162 2157 2158 
degeneracy helps : 276 261 281 289 301 312 
degeneracy worse : 248 241 255 274 281 293 
SCL #err deg : 2253 / 3000
SCL #err weighted degeneracy : 2220 2231 2225 2235 2230 2231 
degeneracy helps : 288 271 292 302 313 323 
degeneracy worse : 255 249 264 284 290 301 
SCL #err deg : 2329 / 3100
SCL #err weighted degeneracy : 2298 2310 2303 2312 2307 2307 
degeneracy helps : 297 279 301 313 323 333 
degeneracy worse : 266 260 275 296 301 311 
SCL #err deg : 2409 / 3200
SCL #err weighted degeneracy : 2373 2386 2379 2389 2383 2383 
degeneracy helps : 308 288 312 323 334 345 
degeneracy worse : 272 265 282 303 308 319 
SCL #err deg : 2478 / 3300
SCL #err weighted degeneracy : 2451 2466 2457 2463 2458 2458 
degeneracy helps : 310 290 315 330 342 353 
degeneracy worse : 283 278 294 315 322 333 
SCL #err deg : 2552 / 3400
SCL #err weighted degeneracy : 2529 2542 2536 2541 2536 2535 
degeneracy helps : 315 296 320 336 349 361 
degeneracy worse : 292 286 304 325 333 344 
SCL #err deg : 2627 / 3500
SCL #err weighted degeneracy : 2600 2614 2606 2613 2609 2607 
degeneracy helps : 325 305 331 346 358 371 
degeneracy worse : 298 292 310 332 340 351 
SCL #err deg : 2697 / 3600
SCL #err weighted degeneracy : 2674 2691 2677 2687 2681 2678 
degeneracy helps : 330 307 339 353 367 381 
degeneracy worse : 307 301 319 343 351 362 
SCL #err deg : 2769 / 3700
SCL #err weighted degeneracy : 2747 2761 2748 2758 2754 2753 
degeneracy helps : 338 314 349 365 378 391 
degeneracy worse : 316 306 328 354 363 375 
SCL #err deg : 2843 / 3800
SCL #err weighted degeneracy : 2816 2829 2820 2831 2827 2826 
degeneracy helps : 348 325 357 373 386 398 
degeneracy worse : 321 311 334 361 370 381 
SCL #err deg : 2920 / 3900
SCL #err weighted degeneracy : 2888 2902 2895 2905 2900 2898 
degeneracy helps : 360 336 368 385 399 412 
degeneracy worse : 328 318 343 370 379 390 
SCL #err deg : 2989 / 4000
SCL #err weighted degeneracy : 2951 2967 2958 2972 2968 2968 
degeneracy helps : 373 350 381 396 409 423 
degeneracy worse : 335 328 350 379 388 402 
SCL #err deg : 3063 / 4100
SCL #err weighted degeneracy : 3024 3040 3029 3044 3040 3041 
degeneracy helps : 383 358 393 408 421 436 
degeneracy worse : 344 335 359 389 398 414 
SCL #err deg : 3135 / 4200
SCL #err weighted degeneracy : 3094 3111 3100 3116 3111 3111 
degeneracy helps : 391 366 402 416 430 447 
degeneracy worse : 350 342 367 397 406 423 
SCL #err deg : 3208 / 4300
SCL #err weighted degeneracy : 3169 3188 3176 3189 3186 3186 
degeneracy helps : 397 371 408 424 436 453 
degeneracy worse : 358 351 376 405 414 431 
SCL #err deg : 3289 / 4400
SCL #err weighted degeneracy : 3244 3264 3250 3259 3256 3252 
degeneracy helps : 408 380 420 439 451 470 
degeneracy worse : 363 355 381 409 418 433 
SCL #err deg : 3364 / 4500
SCL #err weighted degeneracy : 3319 3340 3326 3337 3333 3329 
degeneracy helps : 418 389 429 446 459 478 
degeneracy worse : 373 365 391 419 428 443 
SCL #err deg : 3435 / 4600
SCL #err weighted degeneracy : 3397 3420 3405 3415 3410 3404 
degeneracy helps : 421 391 432 449 464 485 
degeneracy worse : 383 376 402 429 439 454 
SCL #err deg : 3504 / 4700
SCL #err weighted degeneracy : 3469 3492 3480 3489 3484 3478 
degeneracy helps : 430 400 439 458 472 494 
degeneracy worse : 395 388 415 443 452 468 
SCL #err deg : 3576 / 4800
SCL #err weighted degeneracy : 3542 3564 3557 3566 3562 3555 
degeneracy helps : 440 409 446 465 480 503 
degeneracy worse : 406 397 427 455 466 482 
SCL #err deg : 3650 / 4900
SCL #err weighted degeneracy : 3618 3639 3634 3642 3637 3630 
degeneracy helps : 447 417 452 473 488 510 
degeneracy worse : 415 406 436 465 475 490 
SCL #err deg : 3724 / 5000
SCL #err weighted degeneracy : 3695 3714 3711 3717 3712 3704 
degeneracy helps : 454 426 459 480 497 519 
degeneracy worse : 425 416 446 473 485 499 
SCL #err deg : 3800 / 5100
SCL #err weighted degeneracy : 3771 3791 3787 3795 3788 3779 
degeneracy helps : 460 431 465 486 505 529 
degeneracy worse : 431 422 452 481 493 508 
SCL #err deg : 3877 / 5200
SCL #err weighted degeneracy : 3851 3874 3866 3871 3864 3857 
degeneracy helps : 470 438 475 498 519 542 
degeneracy worse : 444 435 464 492 506 522 
SCL #err deg : 3954 / 5300
SCL #err weighted degeneracy : 3930 3953 3945 3948 3940 3929 
degeneracy helps : 478 445 483 507 529 556 
degeneracy worse : 454 444 474 501 515 531 
SCL #err deg : 4025 / 5400
SCL #err weighted degeneracy : 3996 4017 4010 4015 4009 3998 
degeneracy helps : 488 456 495 519 541 568 
degeneracy worse : 459 448 480 509 525 541 
SCL #err deg : 4100 / 5500
SCL #err weighted degeneracy : 4070 4090 4084 4090 4084 4071 
degeneracy helps : 499 466 507 530 552 579 
degeneracy worse : 469 456 491 520 536 550 
SCL #err deg : 4185 / 5600
SCL #err weighted degeneracy : 4145 4166 4159 4167 4158 4147 
degeneracy helps : 515 481 523 545 569 594 
degeneracy worse : 475 462 497 527 542 556 
SCL #err deg : 4264 / 5700
SCL #err weighted degeneracy : 4225 4244 4238 4248 4240 4227 
degeneracy helps : 523 490 532 553 576 603 
degeneracy worse : 484 470 506 537 552 566 
SCL #err deg : 4343 / 5800
SCL #err weighted degeneracy : 4307 4325 4320 4329 4321 4307 
degeneracy helps : 528 495 537 560 583 611 
degeneracy worse : 492 477 514 546 561 575 
SCL #err deg : 4420 / 5900
SCL #err weighted degeneracy : 4381 4398 4391 4400 4389 4376 
degeneracy helps : 538 506 550 574 599 627 
degeneracy worse : 499 484 521 554 568 583 
SCL #err deg : 4494 / 6000
SCL #err weighted degeneracy : 4458 4475 4469 4480 4470 4455 
degeneracy helps : 546 515 558 580 604 633 
degeneracy worse : 510 496 533 566 580 594 
SCL #err deg : 4575 / 6100
SCL #err weighted degeneracy : 4541 4558 4548 4560 4551 4536 
degeneracy helps : 554 522 570 592 615 644 
degeneracy worse : 520 505 543 577 591 605 
SCL #err deg : 4647 / 6200
SCL #err weighted degeneracy : 4612 4628 4619 4633 4627 4611 
degeneracy helps : 565 532 581 601 622 652 
degeneracy worse : 530 513 553 587 602 616 
SCL #err deg : 4732 / 6300
SCL #err weighted degeneracy : 4693 4707 4702 4716 4710 4694 
degeneracy helps : 573 541 587 608 630 660 
degeneracy worse : 534 516 557 592 608 622 
SCL #err deg : 4809 / 6400
SCL #err weighted degeneracy : 4772 4785 4781 4795 4788 4771 
degeneracy helps : 580 548 594 617 639 669 
degeneracy worse : 543 524 566 603 618 631 
SCL #err deg : 4888 / 6500
SCL #err weighted degeneracy : 4853 4866 4859 4874 4864 4845 
degeneracy helps : 590 557 605 626 650 681 
degeneracy worse : 555 535 576 612 626 638 
SCL #err deg : 4964 / 6600
SCL #err weighted degeneracy : 4927 4941 4933 4947 4939 4920 
degeneracy helps : 600 566 615 639 662 694 
degeneracy worse : 563 543 584 622 637 650 
SCL #err deg : 5043 / 6700
SCL #err weighted degeneracy : 5012 5028 5018 5032 5023 5004 
degeneracy helps : 604 569 619 643 666 698 
degeneracy worse : 573 554 594 632 646 659 
SCL #err deg : 5119 / 6800
SCL #err weighted degeneracy : 5084 5103 5090 5103 5094 5073 
degeneracy helps : 613 576 628 654 678 711 
degeneracy worse : 578 560 599 638 653 665 
SCL #err deg : 5194 / 6900
SCL #err weighted degeneracy : 5167 5187 5172 5186 5175 5156 
degeneracy helps : 624 584 639 664 689 720 
degeneracy worse : 597 577 617 656 670 682 
SCL #err deg : 5270 / 7000
SCL #err weighted degeneracy : 5236 5257 5241 5256 5249 5232 
degeneracy helps : 638 597 653 678 701 731 
degeneracy worse : 604 584 624 664 680 693 
SCL #err deg : 5351 / 7100
SCL #err weighted degeneracy : 5316 5335 5319 5335 5327 5309 
degeneracy helps : 647 606 664 688 711 741 
degeneracy worse : 612 590 632 672 687 699 
SCL #err deg : 5423 / 7200
SCL #err weighted degeneracy : 5396 5413 5400 5417 5410 5389 
degeneracy helps : 652 612 669 693 715 747 
degeneracy worse : 625 602 646 687 702 713 
SCL #err deg : 5497 / 7300
SCL #err weighted degeneracy : 5468 5486 5472 5491 5487 5463 
degeneracy helps : 662 622 679 703 725 760 
degeneracy worse : 633 611 654 697 715 726 
SCL #err deg : 5566 / 7400
SCL #err weighted degeneracy : 5543 5562 5548 5564 5560 5537 
degeneracy helps : 671 630 687 713 735 769 
degeneracy worse : 648 626 669 711 729 740 
SCL #err deg : 5636 / 7500
SCL #err weighted degeneracy : 5608 5626 5613 5636 5634 5606 
degeneracy helps : 684 644 700 723 745 781 
degeneracy worse : 656 634 677 723 743 751 
SCL #err deg : 5716 / 7600
SCL #err weighted degeneracy : 5682 5701 5687 5710 5707 5683 
degeneracy helps : 696 654 712 734 756 791 
degeneracy worse : 662 639 683 728 747 758 
SCL #err deg : 5781 / 7700
SCL #err weighted degeneracy : 5754 5772 5761 5779 5777 5752 
degeneracy helps : 706 662 722 747 769 805 
degeneracy worse : 679 653 702 745 765 776 
SCL #err deg : 5860 / 7800
SCL #err weighted degeneracy : 5829 5851 5836 5857 5854 5829 
degeneracy helps : 714 667 730 753 776 812 
degeneracy worse : 683 658 706 750 770 781 
SCL #err deg : 5935 / 7900
SCL #err weighted degeneracy : 5904 5927 5913 5935 5932 5907 
degeneracy helps : 721 673 736 759 784 820 
degeneracy worse : 690 665 714 759 781 792 
SCL #err deg : 6016 / 8000
SCL #err weighted degeneracy : 5978 6001 5988 6012 6010 5986 
degeneracy helps : 732 684 747 769 794 830 
degeneracy worse : 694 669 719 765 788 800 
SCL #err deg : 6092 / 8100
SCL #err weighted degeneracy : 6057 6077 6066 6090 6090 6065 
degeneracy helps : 739 693 755 777 802 839 
degeneracy worse : 704 678 729 775 800 812 
SCL #err deg : 6161 / 8200
SCL #err weighted degeneracy : 6135 6155 6144 6169 6170 6145 
degeneracy helps : 745 698 762 784 809 846 
degeneracy worse : 719 692 745 792 818 830 
SCL #err deg : 6227 / 8300
SCL #err weighted degeneracy : 6206 6223 6214 6242 6245 6219 
degeneracy helps : 752 708 769 790 816 854 
degeneracy worse : 731 704 756 805 834 846 
SCL #err deg : 6304 / 8400
SCL #err weighted degeneracy : 6287 6300 6295 6324 6329 6301 
degeneracy helps : 759 717 776 796 823 862 
degeneracy worse : 742 713 767 816 848 859 
SCL #err deg : 6380 / 8500
SCL #err weighted degeneracy : 6363 6376 6370 6402 6402 6373 
degeneracy helps : 766 724 784 802 833 874 
degeneracy worse : 749 720 774 824 855 867 
SCL #err deg : 6453 / 8600
SCL #err weighted degeneracy : 6438 6454 6445 6474 6476 6446 
degeneracy helps : 778 733 796 815 845 887 
degeneracy worse : 763 734 788 836 868 880 
SCL #err deg : 6526 / 8700
SCL #err weighted degeneracy : 6519 6535 6525 6556 6559 6529 
degeneracy helps : 784 740 802 820 849 891 
degeneracy worse : 777 749 801 850 882 894 
SCL #err deg : 6598 / 8800
SCL #err weighted degeneracy : 6590 6608 6595 6626 6632 6601 
degeneracy helps : 796 751 815 832 861 906 
degeneracy worse : 788 761 812 860 895 909 
SCL #err deg : 6668 / 8900
SCL #err weighted degeneracy : 6658 6677 6664 6698 6704 6672 
degeneracy helps : 809 760 829 844 873 919 
degeneracy worse : 799 769 825 874 909 923 
SCL #err deg : 6742 / 9000
SCL #err weighted degeneracy : 6733 6753 6740 6773 6778 6744 
degeneracy helps : 819 768 839 854 884 932 
degeneracy worse : 810 779 837 885 920 934 
SCL #err deg : 6820 / 9100
SCL #err weighted degeneracy : 6813 6834 6820 6854 6859 6823 
degeneracy helps : 831 778 851 864 895 943 
degeneracy worse : 824 792 851 898 934 946 
SCL #err deg : 6894 / 9200
SCL #err weighted degeneracy : 6887 6907 6893 6927 6932 6898 
degeneracy helps : 842 788 863 876 906 953 
degeneracy worse : 835 801 862 909 944 957 
SCL #err deg : 6966 / 9300
SCL #err weighted degeneracy : 6962 6982 6968 7003 7006 6973 
degeneracy helps : 848 792 869 883 916 964 
degeneracy worse : 844 808 871 920 956 971 
SCL #err deg : 7036 / 9400
SCL #err weighted degeneracy : 7039 7060 7046 7082 7084 7050 
degeneracy helps : 853 796 874 890 924 972 
degeneracy worse : 856 820 884 936 972 986 
SCL #err deg : 7120 / 9500
SCL #err weighted degeneracy : 7116 7137 7123 7159 7161 7128 
degeneracy helps : 866 809 887 904 939 986 
degeneracy worse : 862 826 890 943 980 994 
SCL #err deg : 7184 / 9600
SCL #err weighted degeneracy : 7186 7204 7193 7231 7231 7197 
degeneracy helps : 872 817 894 911 947 993 
degeneracy worse : 874 837 903 958 994 1006 
SCL #err deg : 7259 / 9700
SCL #err weighted degeneracy : 7264 7284 7272 7307 7304 7269 
degeneracy helps : 879 823 900 918 955 1002 
degeneracy worse : 884 848 913 966 1000 1012 
SCL #err deg : 7330 / 9800
SCL #err weighted degeneracy : 7338 7355 7346 7380 7373 7340 
degeneracy helps : 889 834 910 928 966 1011 
degeneracy worse : 897 859 926 978 1009 1021 
SCL #err deg : 7407 / 9900
SCL #err weighted degeneracy : 7405 7426 7410 7446 7438 7409 
degeneracy helps : 906 848 929 946 985 1027 
degeneracy worse : 904 867 932 985 1016 1029 
SCL #err deg : 7481 / 10000
SCL #err weighted degeneracy : 7482 7502 7488 7522 7513 7484 
degeneracy helps : 911 854 934 953 993 1036 
degeneracy worse : 912 875 941 994 1025 1039 
average #flips: 102.254
SCL #err considering degeneracy: 7481
error due to equal 0
error due to SCL smaller 7481
Finish in 5017 s
