Simulation Polar syndrome FASTER N=512, K=257, l=128, pz=0.07, #samples=10000, seed=7348
PW construction
Event generator random seed: 7348
SCL #err deg : 2 / 100
SCL #err weighted degeneracy : 1 1 1 1 2 2 
degeneracy helps : 1 1 1 1 1 1 
degeneracy worse : 0 0 0 0 1 1 
SCL #err deg : 2 / 200
SCL #err weighted degeneracy : 1 1 2 3 4 4 
degeneracy helps : 1 1 1 1 1 1 
degeneracy worse : 0 0 1 2 3 3 
SCL #err deg : 4 / 300
SCL #err weighted degeneracy : 3 3 4 7 8 8 
degeneracy helps : 2 2 2 2 2 2 
degeneracy worse : 1 1 2 5 6 6 
SCL #err deg : 6 / 400
SCL #err weighted degeneracy : 6 6 6 9 10 10 
degeneracy helps : 2 2 3 4 4 4 
degeneracy worse : 2 2 3 7 8 8 
SCL #err deg : 7 / 500
SCL #err weighted degeneracy : 7 7 7 11 12 12 
degeneracy helps : 2 2 3 4 4 4 
degeneracy worse : 2 2 3 8 9 9 
SCL #err deg : 9 / 600
SCL #err weighted degeneracy : 11 11 11 15 16 16 
degeneracy helps : 3 3 4 5 5 5 
degeneracy worse : 5 5 6 11 12 12 
SCL #err deg : 14 / 700
SCL #err weighted degeneracy : 13 13 13 17 19 19 
degeneracy helps : 6 6 7 8 7 7 
degeneracy worse : 5 5 6 11 12 12 
SCL #err deg : 15 / 800
SCL #err weighted degeneracy : 14 14 14 18 20 20 
degeneracy helps : 6 6 7 8 7 7 
degeneracy worse : 5 5 6 11 12 12 
SCL #err deg : 15 / 900
SCL #err weighted degeneracy : 15 15 15 19 21 22 
degeneracy helps : 6 6 7 8 7 7 
degeneracy worse : 6 6 7 12 13 14 
SCL #err deg : 16 / 1000
SCL #err weighted degeneracy : 18 18 18 22 24 26 
degeneracy helps : 6 6 7 8 7 7 
degeneracy worse : 8 8 9 14 15 17 
SCL #err deg : 18 / 1100
SCL #err weighted degeneracy : 20 20 20 24 27 29 
degeneracy helps : 8 8 9 10 9 9 
degeneracy worse : 10 10 11 16 18 20 
SCL #err deg : 20 / 1200
SCL #err weighted degeneracy : 21 21 21 25 27 29 
degeneracy helps : 10 10 11 12 11 11 
degeneracy worse : 11 11 12 17 18 20 
SCL #err deg : 23 / 1300
SCL #err weighted degeneracy : 23 23 23 27 29 31 
degeneracy helps : 11 11 12 13 12 12 
degeneracy worse : 11 11 12 17 18 20 
SCL #err deg : 27 / 1400
SCL #err weighted degeneracy : 25 25 25 31 33 35 
degeneracy helps : 14 14 15 16 15 15 
degeneracy worse : 12 12 13 20 21 23 
SCL #err deg : 27 / 1500
SCL #err weighted degeneracy : 27 27 27 33 36 38 
degeneracy helps : 14 14 15 16 15 15 
degeneracy worse : 14 14 15 22 24 26 
SCL #err deg : 28 / 1600
SCL #err weighted degeneracy : 28 28 29 35 38 40 
degeneracy helps : 14 14 15 16 15 15 
degeneracy worse : 14 14 16 23 25 27 
SCL #err deg : 28 / 1700
SCL #err weighted degeneracy : 28 28 29 37 40 42 
degeneracy helps : 14 14 15 16 15 15 
degeneracy worse : 14 14 16 25 27 29 
SCL #err deg : 30 / 1800
SCL #err weighted degeneracy : 29 29 30 38 41 43 
degeneracy helps : 15 15 16 17 16 16 
degeneracy worse : 14 14 16 25 27 29 
SCL #err deg : 30 / 1900
SCL #err weighted degeneracy : 32 32 33 41 45 46 
degeneracy helps : 15 15 16 17 16 16 
degeneracy worse : 17 17 19 28 31 32 
SCL #err deg : 30 / 2000
SCL #err weighted degeneracy : 32 32 33 41 45 46 
degeneracy helps : 15 15 16 17 16 16 
degeneracy worse : 17 17 19 28 31 32 
SCL #err deg : 32 / 2100
SCL #err weighted degeneracy : 33 33 34 43 47 48 
degeneracy helps : 16 16 17 18 17 17 
degeneracy worse : 17 17 19 29 32 33 
SCL #err deg : 36 / 2200
SCL #err weighted degeneracy : 35 35 36 46 50 52 
degeneracy helps : 18 18 19 19 18 18 
degeneracy worse : 17 17 19 29 32 34 
SCL #err deg : 36 / 2300
SCL #err weighted degeneracy : 36 36 37 48 52 54 
degeneracy helps : 18 18 19 19 18 18 
degeneracy worse : 18 18 20 31 34 36 
SCL #err deg : 39 / 2400
SCL #err weighted degeneracy : 40 40 41 51 55 57 
degeneracy helps : 18 18 19 19 18 18 
degeneracy worse : 19 19 21 31 34 36 
SCL #err deg : 42 / 2500
SCL #err weighted degeneracy : 44 44 45 56 60 61 
degeneracy helps : 18 18 19 19 18 19 
degeneracy worse : 20 20 22 33 36 38 
SCL #err deg : 42 / 2600
SCL #err weighted degeneracy : 44 44 45 56 60 61 
degeneracy helps : 18 18 19 19 18 19 
degeneracy worse : 20 20 22 33 36 38 
SCL #err deg : 46 / 2700
SCL #err weighted degeneracy : 49 49 50 61 65 66 
degeneracy helps : 18 18 19 19 18 19 
degeneracy worse : 21 21 23 34 37 39 
SCL #err deg : 47 / 2800
SCL #err weighted degeneracy : 50 50 51 62 66 67 
degeneracy helps : 18 18 19 19 18 19 
degeneracy worse : 21 21 23 34 37 39 
SCL #err deg : 48 / 2900
SCL #err weighted degeneracy : 51 51 52 63 68 70 
degeneracy helps : 18 18 19 19 18 19 
degeneracy worse : 21 21 23 34 38 41 
SCL #err deg : 52 / 3000
SCL #err weighted degeneracy : 52 52 53 64 71 74 
degeneracy helps : 21 21 22 22 21 22 
degeneracy worse : 21 21 23 34 40 44 
SCL #err deg : 53 / 3100
SCL #err weighted degeneracy : 53 53 54 65 72 75 
degeneracy helps : 22 22 23 23 22 23 
degeneracy worse : 22 22 24 35 41 45 
SCL #err deg : 57 / 3200
SCL #err weighted degeneracy : 54 54 55 66 74 78 
degeneracy helps : 25 25 26 26 24 25 
degeneracy worse : 22 22 24 35 41 46 
SCL #err deg : 59 / 3300
SCL #err weighted degeneracy : 55 55 57 69 77 81 
degeneracy helps : 26 26 26 26 24 25 
degeneracy worse : 22 22 24 36 42 47 
SCL #err deg : 62 / 3400
SCL #err weighted degeneracy : 56 56 59 71 79 83 
degeneracy helps : 28 28 27 27 25 26 
degeneracy worse : 22 22 24 36 42 47 
SCL #err deg : 65 / 3500
SCL #err weighted degeneracy : 57 57 60 72 81 85 
degeneracy helps : 30 30 29 29 26 27 
degeneracy worse : 22 22 24 36 42 47 
SCL #err deg : 65 / 3600
SCL #err weighted degeneracy : 57 57 60 73 82 86 
degeneracy helps : 30 30 29 29 26 27 
degeneracy worse : 22 22 24 37 43 48 
SCL #err deg : 66 / 3700
SCL #err weighted degeneracy : 57 57 60 74 84 88 
degeneracy helps : 31 31 30 30 27 28 
degeneracy worse : 22 22 24 38 45 50 
SCL #err deg : 68 / 3800
SCL #err weighted degeneracy : 58 58 61 75 85 89 
degeneracy helps : 32 32 31 31 28 29 
degeneracy worse : 22 22 24 38 45 50 
SCL #err deg : 69 / 3900
SCL #err weighted degeneracy : 59 59 63 79 90 94 
degeneracy helps : 32 32 31 31 28 29 
degeneracy worse : 22 22 25 41 49 54 
SCL #err deg : 69 / 4000
SCL #err weighted degeneracy : 59 59 63 79 90 95 
degeneracy helps : 32 32 31 31 28 29 
degeneracy worse : 22 22 25 41 49 55 
SCL #err deg : 70 / 4100
SCL #err weighted degeneracy : 59 59 63 79 90 95 
degeneracy helps : 33 33 32 32 29 30 
degeneracy worse : 22 22 25 41 49 55 
SCL #err deg : 72 / 4200
SCL #err weighted degeneracy : 60 60 64 81 93 98 
degeneracy helps : 34 34 33 33 30 31 
degeneracy worse : 22 22 25 42 51 57 
SCL #err deg : 74 / 4300
SCL #err weighted degeneracy : 60 60 64 81 93 98 
degeneracy helps : 36 36 35 35 32 33 
degeneracy worse : 22 22 25 42 51 57 
SCL #err deg : 75 / 4400
SCL #err weighted degeneracy : 60 60 65 83 95 100 
degeneracy helps : 37 37 35 35 32 33 
degeneracy worse : 22 22 25 43 52 58 
SCL #err deg : 76 / 4500
SCL #err weighted degeneracy : 60 60 65 83 96 101 
degeneracy helps : 38 38 36 36 33 34 
degeneracy worse : 22 22 25 43 53 59 
SCL #err deg : 78 / 4600
SCL #err weighted degeneracy : 64 64 69 88 101 106 
degeneracy helps : 38 38 36 36 33 34 
degeneracy worse : 24 24 27 46 56 62 
SCL #err deg : 78 / 4700
SCL #err weighted degeneracy : 64 64 69 88 101 106 
degeneracy helps : 38 38 36 36 33 34 
degeneracy worse : 24 24 27 46 56 62 
SCL #err deg : 78 / 4800
SCL #err weighted degeneracy : 64 64 69 88 101 107 
degeneracy helps : 38 38 36 36 33 34 
degeneracy worse : 24 24 27 46 56 63 
SCL #err deg : 79 / 4900
SCL #err weighted degeneracy : 64 64 69 89 103 109 
degeneracy helps : 39 39 37 37 34 35 
degeneracy worse : 24 24 27 47 58 65 
SCL #err deg : 81 / 5000
SCL #err weighted degeneracy : 66 66 71 90 104 110 
degeneracy helps : 39 39 37 38 35 36 
degeneracy worse : 24 24 27 47 58 65 
SCL #err deg : 84 / 5100
SCL #err weighted degeneracy : 68 68 74 93 107 113 
degeneracy helps : 41 41 39 40 37 38 
degeneracy worse : 25 25 29 49 60 67 
SCL #err deg : 86 / 5200
SCL #err weighted degeneracy : 68 68 74 94 108 114 
degeneracy helps : 43 43 41 41 39 40 
degeneracy worse : 25 25 29 49 61 68 
SCL #err deg : 86 / 5300
SCL #err weighted degeneracy : 68 68 74 94 108 114 
degeneracy helps : 43 43 41 41 39 40 
degeneracy worse : 25 25 29 49 61 68 
SCL #err deg : 86 / 5400
SCL #err weighted degeneracy : 69 69 75 95 108 114 
degeneracy helps : 43 43 41 41 39 40 
degeneracy worse : 26 26 30 50 61 68 
SCL #err deg : 88 / 5500
SCL #err weighted degeneracy : 71 71 77 97 111 117 
degeneracy helps : 43 43 41 41 39 40 
degeneracy worse : 26 26 30 50 62 69 
SCL #err deg : 88 / 5600
SCL #err weighted degeneracy : 71 71 77 97 112 119 
degeneracy helps : 43 43 41 41 39 40 
degeneracy worse : 26 26 30 50 63 71 
SCL #err deg : 90 / 5700
SCL #err weighted degeneracy : 72 72 78 98 113 120 
degeneracy helps : 44 44 42 42 40 41 
degeneracy worse : 26 26 30 50 63 71 
SCL #err deg : 91 / 5800
SCL #err weighted degeneracy : 73 73 79 100 115 122 
degeneracy helps : 45 45 43 43 41 42 
degeneracy worse : 27 27 31 52 65 73 
SCL #err deg : 91 / 5900
SCL #err weighted degeneracy : 73 73 79 101 116 123 
degeneracy helps : 45 45 43 43 41 42 
degeneracy worse : 27 27 31 53 66 74 
SCL #err deg : 95 / 6000
SCL #err weighted degeneracy : 76 76 82 104 119 126 
degeneracy helps : 46 46 44 44 42 43 
degeneracy worse : 27 27 31 53 66 74 
SCL #err deg : 98 / 6100
SCL #err weighted degeneracy : 78 78 84 107 122 129 
degeneracy helps : 47 47 45 45 43 44 
degeneracy worse : 27 27 31 54 67 75 
SCL #err deg : 101 / 6200
SCL #err weighted degeneracy : 79 79 85 108 123 130 
degeneracy helps : 49 49 47 47 45 46 
degeneracy worse : 27 27 31 54 67 75 
SCL #err deg : 101 / 6300
SCL #err weighted degeneracy : 79 79 85 109 124 132 
degeneracy helps : 49 49 47 47 45 46 
degeneracy worse : 27 27 31 55 68 77 
SCL #err deg : 102 / 6400
SCL #err weighted degeneracy : 80 80 86 110 126 134 
degeneracy helps : 49 49 47 47 45 46 
degeneracy worse : 27 27 31 55 69 78 
SCL #err deg : 105 / 6500
SCL #err weighted degeneracy : 83 83 89 112 129 136 
degeneracy helps : 50 50 48 49 47 48 
degeneracy worse : 28 28 32 56 71 79 
SCL #err deg : 106 / 6600
SCL #err weighted degeneracy : 84 84 90 113 130 138 
degeneracy helps : 50 50 48 49 47 48 
degeneracy worse : 28 28 32 56 71 80 
SCL #err deg : 108 / 6700
SCL #err weighted degeneracy : 86 86 92 116 132 140 
degeneracy helps : 50 50 48 49 48 49 
degeneracy worse : 28 28 32 57 72 81 
SCL #err deg : 110 / 6800
SCL #err weighted degeneracy : 89 89 95 119 135 143 
degeneracy helps : 50 50 48 49 48 49 
degeneracy worse : 29 29 33 58 73 82 
SCL #err deg : 111 / 6900
SCL #err weighted degeneracy : 90 90 96 121 139 147 
degeneracy helps : 50 50 48 49 48 49 
degeneracy worse : 29 29 33 59 76 85 
SCL #err deg : 111 / 7000
SCL #err weighted degeneracy : 92 92 98 122 140 148 
degeneracy helps : 50 50 48 49 48 49 
degeneracy worse : 31 31 35 60 77 86 
SCL #err deg : 116 / 7100
SCL #err weighted degeneracy : 94 94 100 124 142 150 
degeneracy helps : 53 53 51 52 51 52 
degeneracy worse : 31 31 35 60 77 86 
SCL #err deg : 119 / 7200
SCL #err weighted degeneracy : 97 97 103 127 146 155 
degeneracy helps : 53 53 51 52 51 52 
degeneracy worse : 31 31 35 60 78 88 
SCL #err deg : 121 / 7300
SCL #err weighted degeneracy : 98 98 104 128 147 156 
degeneracy helps : 54 54 52 53 52 53 
degeneracy worse : 31 31 35 60 78 88 
SCL #err deg : 122 / 7400
SCL #err weighted degeneracy : 99 99 105 129 148 157 
degeneracy helps : 54 54 52 53 52 53 
degeneracy worse : 31 31 35 60 78 88 
SCL #err deg : 122 / 7500
SCL #err weighted degeneracy : 99 99 105 129 150 159 
degeneracy helps : 54 54 52 53 52 53 
degeneracy worse : 31 31 35 60 80 90 
SCL #err deg : 124 / 7600
SCL #err weighted degeneracy : 101 101 107 131 152 161 
degeneracy helps : 54 54 52 53 52 53 
degeneracy worse : 31 31 35 60 80 90 
SCL #err deg : 126 / 7700
SCL #err weighted degeneracy : 103 103 109 135 155 164 
degeneracy helps : 55 55 53 54 54 55 
degeneracy worse : 32 32 36 63 83 93 
SCL #err deg : 128 / 7800
SCL #err weighted degeneracy : 104 104 110 137 157 166 
degeneracy helps : 56 56 54 55 55 56 
degeneracy worse : 32 32 36 64 84 94 
SCL #err deg : 130 / 7900
SCL #err weighted degeneracy : 106 106 112 140 160 170 
degeneracy helps : 57 57 55 56 56 57 
degeneracy worse : 33 33 37 66 86 97 
SCL #err deg : 131 / 8000
SCL #err weighted degeneracy : 107 107 112 141 161 171 
degeneracy helps : 58 58 56 57 57 58 
degeneracy worse : 34 34 37 67 87 98 
SCL #err deg : 133 / 8100
SCL #err weighted degeneracy : 108 108 113 142 162 173 
degeneracy helps : 59 59 57 58 58 59 
degeneracy worse : 34 34 37 67 87 99 
SCL #err deg : 133 / 8200
SCL #err weighted degeneracy : 108 108 113 142 162 174 
degeneracy helps : 59 59 57 58 58 59 
degeneracy worse : 34 34 37 67 87 100 
SCL #err deg : 135 / 8300
SCL #err weighted degeneracy : 110 110 114 143 163 175 
degeneracy helps : 59 59 58 60 60 61 
degeneracy worse : 34 34 37 68 88 101 
SCL #err deg : 136 / 8400
SCL #err weighted degeneracy : 110 110 114 143 164 175 
degeneracy helps : 60 60 59 61 61 62 
degeneracy worse : 34 34 37 68 89 101 
SCL #err deg : 137 / 8500
SCL #err weighted degeneracy : 111 111 114 143 165 177 
degeneracy helps : 61 61 60 62 62 63 
degeneracy worse : 35 35 37 68 90 103 
SCL #err deg : 138 / 8600
SCL #err weighted degeneracy : 112 112 115 144 166 178 
degeneracy helps : 61 61 60 62 62 63 
degeneracy worse : 35 35 37 68 90 103 
SCL #err deg : 138 / 8700
SCL #err weighted degeneracy : 113 113 116 145 167 179 
degeneracy helps : 61 61 60 62 62 63 
degeneracy worse : 36 36 38 69 91 104 
SCL #err deg : 138 / 8800
SCL #err weighted degeneracy : 114 114 117 146 169 180 
degeneracy helps : 61 61 60 62 62 63 
degeneracy worse : 37 37 39 70 93 105 
SCL #err deg : 140 / 8900
SCL #err weighted degeneracy : 116 116 119 149 173 184 
degeneracy helps : 61 61 60 62 62 63 
degeneracy worse : 37 37 39 71 95 107 
SCL #err deg : 140 / 9000
SCL #err weighted degeneracy : 116 116 119 150 174 185 
degeneracy helps : 61 61 60 62 62 63 
degeneracy worse : 37 37 39 72 96 108 
SCL #err deg : 140 / 9100
SCL #err weighted degeneracy : 116 116 119 150 174 185 
degeneracy helps : 61 61 60 62 62 63 
degeneracy worse : 37 37 39 72 96 108 
SCL #err deg : 143 / 9200
SCL #err weighted degeneracy : 118 118 121 153 177 189 
degeneracy helps : 63 63 62 64 64 65 
degeneracy worse : 38 38 40 74 98 111 
SCL #err deg : 143 / 9300
SCL #err weighted degeneracy : 118 118 121 154 178 190 
degeneracy helps : 63 63 62 64 64 65 
degeneracy worse : 38 38 40 75 99 112 
SCL #err deg : 144 / 9400
SCL #err weighted degeneracy : 120 119 121 154 178 190 
degeneracy helps : 63 63 63 65 65 66 
degeneracy worse : 39 38 40 75 99 112 
SCL #err deg : 145 / 9500
SCL #err weighted degeneracy : 121 120 122 154 178 190 
degeneracy helps : 64 64 64 66 66 67 
degeneracy worse : 40 39 41 75 99 112 
SCL #err deg : 145 / 9600
SCL #err weighted degeneracy : 121 120 122 155 179 191 
degeneracy helps : 64 64 64 66 66 67 
degeneracy worse : 40 39 41 76 100 113 
SCL #err deg : 146 / 9700
SCL #err weighted degeneracy : 123 122 124 157 181 192 
degeneracy helps : 64 64 64 66 66 67 
degeneracy worse : 41 40 42 77 101 113 
SCL #err deg : 146 / 9800
SCL #err weighted degeneracy : 123 122 124 157 181 192 
degeneracy helps : 64 64 64 66 66 67 
degeneracy worse : 41 40 42 77 101 113 
SCL #err deg : 151 / 9900
SCL #err weighted degeneracy : 125 124 126 159 183 195 
degeneracy helps : 67 67 67 69 69 69 
degeneracy worse : 41 40 42 77 101 113 
SCL #err deg : 153 / 10000
SCL #err weighted degeneracy : 126 125 128 161 186 198 
degeneracy helps : 69 69 69 71 71 71 
degeneracy worse : 42 41 44 79 104 116 
average #flips: 35.7746
SCL #err considering degeneracy: 153
error due to equal 106
error due to SCL smaller 47
Finish in 4905 s
