Simulation Polar syndrome FASTER N=64, K=33, l=128, pz=0.14, #samples=10000, seed=77
PW construction
Event generator random seed: 77
SCL #err deg : 54 / 100
SCL #err weighted degeneracy : 52 52 52 51 50 50 
degeneracy helps : 10 10 10 13 14 15 
degeneracy worse : 8 8 8 10 10 11 
SCL #err deg : 101 / 200
SCL #err weighted degeneracy : 102 102 102 105 103 105 
degeneracy helps : 20 20 20 26 28 28 
degeneracy worse : 22 22 22 30 30 32 
SCL #err deg : 145 / 300
SCL #err weighted degeneracy : 146 146 146 150 148 150 
degeneracy helps : 31 30 31 39 41 41 
degeneracy worse : 34 34 34 44 44 46 
SCL #err deg : 193 / 400
SCL #err weighted degeneracy : 196 196 196 202 200 201 
degeneracy helps : 42 41 42 52 54 54 
degeneracy worse : 47 47 47 61 61 62 
SCL #err deg : 249 / 500
SCL #err weighted degeneracy : 246 246 246 256 254 251 
degeneracy helps : 62 60 62 72 74 75 
degeneracy worse : 61 61 61 79 79 77 
SCL #err deg : 310 / 600
SCL #err weighted degeneracy : 295 295 294 305 304 300 
degeneracy helps : 79 76 80 90 92 94 
degeneracy worse : 66 66 66 85 86 84 
SCL #err deg : 349 / 700
SCL #err weighted degeneracy : 343 343 342 359 358 355 
degeneracy helps : 85 82 86 94 96 98 
degeneracy worse : 81 81 81 104 105 104 
SCL #err deg : 402 / 800
SCL #err weighted degeneracy : 403 403 402 421 420 417 
degeneracy helps : 96 93 97 107 109 111 
degeneracy worse : 100 100 100 126 127 126 
SCL #err deg : 449 / 900
SCL #err weighted degeneracy : 451 451 449 473 472 470 
degeneracy helps : 104 101 106 116 118 120 
degeneracy worse : 109 109 109 140 141 141 
SCL #err deg : 491 / 1000
SCL #err weighted degeneracy : 499 499 497 525 524 523 
degeneracy helps : 111 108 113 124 126 127 
degeneracy worse : 122 122 122 158 159 159 
SCL #err deg : 543 / 1100
SCL #err weighted degeneracy : 554 554 552 580 579 578 
degeneracy helps : 122 119 124 137 139 141 
degeneracy worse : 136 136 136 174 175 176 
SCL #err deg : 593 / 1200
SCL #err weighted degeneracy : 604 604 602 631 630 630 
degeneracy helps : 135 132 137 153 155 156 
degeneracy worse : 149 149 149 191 192 193 
SCL #err deg : 637 / 1300
SCL #err weighted degeneracy : 651 651 649 680 678 679 
degeneracy helps : 148 145 150 167 169 170 
degeneracy worse : 166 166 166 210 210 212 
SCL #err deg : 682 / 1400
SCL #err weighted degeneracy : 699 699 698 735 733 736 
degeneracy helps : 158 155 160 176 179 179 
degeneracy worse : 179 179 180 229 230 233 
SCL #err deg : 728 / 1500
SCL #err weighted degeneracy : 749 749 748 787 786 789 
degeneracy helps : 168 165 170 187 190 190 
degeneracy worse : 193 193 194 246 248 251 
SCL #err deg : 774 / 1600
SCL #err weighted degeneracy : 798 798 797 837 836 838 
degeneracy helps : 178 175 180 199 202 203 
degeneracy worse : 206 206 207 262 264 267 
SCL #err deg : 826 / 1700
SCL #err weighted degeneracy : 844 844 843 885 885 886 
degeneracy helps : 191 188 193 214 216 217 
degeneracy worse : 213 213 214 273 275 277 
SCL #err deg : 880 / 1800
SCL #err weighted degeneracy : 896 896 895 942 941 943 
degeneracy helps : 203 200 206 227 231 231 
degeneracy worse : 224 224 225 289 292 294 
SCL #err deg : 933 / 1900
SCL #err weighted degeneracy : 945 945 944 995 994 996 
degeneracy helps : 215 211 218 239 244 245 
degeneracy worse : 232 232 233 301 305 308 
SCL #err deg : 977 / 2000
SCL #err weighted degeneracy : 993 993 992 1040 1039 1044 
degeneracy helps : 230 226 233 259 264 264 
degeneracy worse : 251 251 252 322 326 331 
SCL #err deg : 1040 / 2100
SCL #err weighted degeneracy : 1045 1045 1044 1094 1093 1099 
degeneracy helps : 243 240 247 276 281 282 
degeneracy worse : 254 254 255 330 334 341 
SCL #err deg : 1092 / 2200
SCL #err weighted degeneracy : 1094 1094 1092 1144 1145 1151 
degeneracy helps : 255 252 260 289 293 294 
degeneracy worse : 263 263 264 341 346 353 
SCL #err deg : 1137 / 2300
SCL #err weighted degeneracy : 1142 1142 1140 1198 1198 1205 
degeneracy helps : 268 265 273 303 306 307 
degeneracy worse : 279 279 280 364 367 375 
SCL #err deg : 1187 / 2400
SCL #err weighted degeneracy : 1197 1197 1195 1251 1251 1260 
degeneracy helps : 279 276 284 317 320 322 
degeneracy worse : 295 295 296 381 384 395 
SCL #err deg : 1235 / 2500
SCL #err weighted degeneracy : 1236 1236 1234 1293 1295 1307 
degeneracy helps : 297 294 302 336 337 338 
degeneracy worse : 304 304 305 394 397 410 
SCL #err deg : 1288 / 2600
SCL #err weighted degeneracy : 1289 1289 1288 1353 1356 1368 
degeneracy helps : 308 305 313 347 348 351 
degeneracy worse : 315 315 317 412 416 431 
SCL #err deg : 1339 / 2700
SCL #err weighted degeneracy : 1333 1333 1333 1401 1403 1415 
degeneracy helps : 324 320 329 364 365 368 
degeneracy worse : 324 324 327 426 429 444 
SCL #err deg : 1396 / 2800
SCL #err weighted degeneracy : 1380 1380 1380 1452 1453 1466 
degeneracy helps : 339 335 345 381 383 385 
degeneracy worse : 330 330 333 437 440 455 
SCL #err deg : 1451 / 2900
SCL #err weighted degeneracy : 1438 1438 1437 1510 1511 1524 
degeneracy helps : 349 344 356 393 395 397 
degeneracy worse : 343 343 346 452 455 470 
SCL #err deg : 1510 / 3000
SCL #err weighted degeneracy : 1490 1490 1489 1563 1564 1580 
degeneracy helps : 365 360 372 411 413 414 
degeneracy worse : 352 352 355 464 467 484 
SCL #err deg : 1559 / 3100
SCL #err weighted degeneracy : 1529 1529 1528 1602 1604 1621 
degeneracy helps : 380 375 387 427 428 428 
degeneracy worse : 357 357 360 470 473 490 
SCL #err deg : 1610 / 3200
SCL #err weighted degeneracy : 1578 1578 1577 1652 1655 1671 
degeneracy helps : 391 386 398 439 440 440 
degeneracy worse : 366 366 369 481 485 501 
SCL #err deg : 1663 / 3300
SCL #err weighted degeneracy : 1623 1623 1622 1697 1700 1717 
degeneracy helps : 411 406 419 462 463 463 
degeneracy worse : 379 379 382 496 500 517 
SCL #err deg : 1723 / 3400
SCL #err weighted degeneracy : 1682 1682 1681 1760 1762 1780 
degeneracy helps : 423 418 431 474 476 476 
degeneracy worse : 390 390 393 511 515 533 
SCL #err deg : 1768 / 3500
SCL #err weighted degeneracy : 1724 1724 1723 1806 1808 1827 
degeneracy helps : 434 429 442 485 487 488 
degeneracy worse : 398 398 401 523 527 547 
SCL #err deg : 1810 / 3600
SCL #err weighted degeneracy : 1771 1771 1770 1858 1860 1878 
degeneracy helps : 444 440 453 497 499 500 
degeneracy worse : 414 414 417 545 549 568 
SCL #err deg : 1852 / 3700
SCL #err weighted degeneracy : 1816 1816 1815 1901 1905 1928 
degeneracy helps : 453 449 462 509 511 510 
degeneracy worse : 426 426 429 558 564 586 
SCL #err deg : 1899 / 3800
SCL #err weighted degeneracy : 1855 1855 1854 1947 1951 1973 
degeneracy helps : 467 463 476 522 524 523 
degeneracy worse : 432 432 435 570 576 597 
SCL #err deg : 1956 / 3900
SCL #err weighted degeneracy : 1909 1909 1908 1999 2003 2025 
degeneracy helps : 479 475 488 536 538 538 
degeneracy worse : 441 441 444 579 585 607 
SCL #err deg : 2002 / 4000
SCL #err weighted degeneracy : 1961 1961 1960 2051 2058 2080 
degeneracy helps : 486 482 495 545 546 547 
degeneracy worse : 454 454 457 594 602 625 
SCL #err deg : 2049 / 4100
SCL #err weighted degeneracy : 2006 2006 2006 2099 2107 2129 
degeneracy helps : 498 493 507 558 558 559 
degeneracy worse : 464 464 468 608 616 639 
SCL #err deg : 2101 / 4200
SCL #err weighted degeneracy : 2062 2062 2062 2160 2168 2190 
degeneracy helps : 505 500 514 566 567 568 
degeneracy worse : 475 475 479 625 634 657 
SCL #err deg : 2151 / 4300
SCL #err weighted degeneracy : 2113 2113 2113 2215 2223 2246 
degeneracy helps : 521 516 530 583 584 585 
degeneracy worse : 492 492 496 647 656 680 
SCL #err deg : 2206 / 4400
SCL #err weighted degeneracy : 2164 2164 2164 2270 2278 2299 
degeneracy helps : 536 531 545 598 599 600 
degeneracy worse : 503 503 507 662 671 693 
SCL #err deg : 2252 / 4500
SCL #err weighted degeneracy : 2212 2212 2212 2319 2327 2352 
degeneracy helps : 547 541 556 610 611 612 
degeneracy worse : 516 516 520 677 686 712 
SCL #err deg : 2301 / 4600
SCL #err weighted degeneracy : 2254 2254 2254 2361 2369 2399 
degeneracy helps : 562 556 571 628 629 629 
degeneracy worse : 524 524 528 688 697 727 
SCL #err deg : 2353 / 4700
SCL #err weighted degeneracy : 2305 2305 2305 2418 2426 2456 
degeneracy helps : 572 567 582 637 638 637 
degeneracy worse : 534 534 538 702 711 740 
SCL #err deg : 2408 / 4800
SCL #err weighted degeneracy : 2356 2356 2356 2470 2479 2509 
degeneracy helps : 584 578 594 650 652 651 
degeneracy worse : 542 542 546 712 723 752 
SCL #err deg : 2474 / 4900
SCL #err weighted degeneracy : 2413 2413 2413 2525 2535 2568 
degeneracy helps : 600 594 610 669 670 667 
degeneracy worse : 549 549 553 720 731 761 
SCL #err deg : 2524 / 5000
SCL #err weighted degeneracy : 2455 2455 2455 2567 2576 2612 
degeneracy helps : 617 611 627 687 689 684 
degeneracy worse : 558 558 562 730 741 772 
SCL #err deg : 2566 / 5100
SCL #err weighted degeneracy : 2492 2492 2492 2607 2616 2653 
degeneracy helps : 632 625 642 702 704 698 
degeneracy worse : 568 568 572 743 754 785 
SCL #err deg : 2612 / 5200
SCL #err weighted degeneracy : 2535 2535 2534 2651 2660 2698 
degeneracy helps : 643 636 654 716 718 712 
degeneracy worse : 576 576 580 755 766 798 
SCL #err deg : 2656 / 5300
SCL #err weighted degeneracy : 2585 2585 2584 2703 2714 2751 
degeneracy helps : 651 644 662 726 727 722 
degeneracy worse : 591 591 595 773 785 817 
SCL #err deg : 2708 / 5400
SCL #err weighted degeneracy : 2632 2632 2631 2752 2763 2798 
degeneracy helps : 669 662 680 744 745 741 
degeneracy worse : 604 604 608 788 800 831 
SCL #err deg : 2748 / 5500
SCL #err weighted degeneracy : 2683 2683 2682 2809 2821 2855 
degeneracy helps : 675 668 686 751 752 748 
degeneracy worse : 622 622 626 812 825 855 
SCL #err deg : 2806 / 5600
SCL #err weighted degeneracy : 2736 2736 2735 2867 2879 2912 
degeneracy helps : 688 681 699 765 766 763 
degeneracy worse : 630 630 634 826 839 869 
SCL #err deg : 2847 / 5700
SCL #err weighted degeneracy : 2787 2787 2787 2920 2933 2965 
degeneracy helps : 693 686 704 774 774 772 
degeneracy worse : 645 645 650 847 860 890 
SCL #err deg : 2895 / 5800
SCL #err weighted degeneracy : 2836 2836 2836 2973 2986 3018 
degeneracy helps : 704 697 715 785 785 783 
degeneracy worse : 657 657 662 863 876 906 
SCL #err deg : 2947 / 5900
SCL #err weighted degeneracy : 2882 2882 2882 3022 3035 3067 
degeneracy helps : 722 715 733 803 803 801 
degeneracy worse : 669 669 674 878 891 921 
SCL #err deg : 3005 / 6000
SCL #err weighted degeneracy : 2938 2938 2938 3079 3093 3125 
degeneracy helps : 734 726 745 817 817 815 
degeneracy worse : 679 679 684 891 905 935 
SCL #err deg : 3052 / 6100
SCL #err weighted degeneracy : 2988 2988 2988 3131 3145 3174 
degeneracy helps : 744 736 755 827 827 827 
degeneracy worse : 692 692 697 906 920 949 
SCL #err deg : 3101 / 6200
SCL #err weighted degeneracy : 3032 3032 3032 3174 3188 3217 
degeneracy helps : 760 752 771 847 847 847 
degeneracy worse : 704 704 709 920 934 963 
SCL #err deg : 3148 / 6300
SCL #err weighted degeneracy : 3075 3075 3075 3220 3232 3262 
degeneracy helps : 774 766 785 860 862 863 
degeneracy worse : 714 714 719 932 946 977 
SCL #err deg : 3193 / 6400
SCL #err weighted degeneracy : 3123 3123 3123 3269 3281 3311 
degeneracy helps : 782 774 793 869 871 872 
degeneracy worse : 725 725 730 945 959 990 
SCL #err deg : 3242 / 6500
SCL #err weighted degeneracy : 3171 3171 3171 3318 3330 3360 
degeneracy helps : 794 785 805 883 885 886 
degeneracy worse : 736 736 741 959 973 1004 
SCL #err deg : 3290 / 6600
SCL #err weighted degeneracy : 3215 3215 3215 3364 3376 3405 
degeneracy helps : 807 798 818 899 901 902 
degeneracy worse : 746 746 751 973 987 1017 
SCL #err deg : 3342 / 6700
SCL #err weighted degeneracy : 3262 3262 3262 3412 3424 3455 
degeneracy helps : 823 814 834 916 918 919 
degeneracy worse : 757 757 762 986 1000 1032 
SCL #err deg : 3398 / 6800
SCL #err weighted degeneracy : 3310 3310 3310 3460 3472 3504 
degeneracy helps : 840 830 851 934 936 936 
degeneracy worse : 766 766 771 996 1010 1042 
SCL #err deg : 3452 / 6900
SCL #err weighted degeneracy : 3359 3359 3359 3510 3522 3553 
degeneracy helps : 859 849 870 954 956 956 
degeneracy worse : 780 780 785 1012 1026 1057 
SCL #err deg : 3504 / 7000
SCL #err weighted degeneracy : 3411 3411 3411 3566 3579 3612 
degeneracy helps : 868 858 879 963 965 965 
degeneracy worse : 789 789 794 1025 1040 1073 
SCL #err deg : 3559 / 7100
SCL #err weighted degeneracy : 3463 3463 3462 3616 3629 3665 
degeneracy helps : 885 875 897 983 985 982 
degeneracy worse : 803 803 808 1040 1055 1088 
SCL #err deg : 3610 / 7200
SCL #err weighted degeneracy : 3517 3517 3516 3673 3687 3724 
degeneracy helps : 899 889 911 998 999 995 
degeneracy worse : 820 820 825 1061 1076 1109 
SCL #err deg : 3659 / 7300
SCL #err weighted degeneracy : 3572 3572 3571 3729 3746 3785 
degeneracy helps : 910 900 922 1010 1010 1005 
degeneracy worse : 837 837 842 1080 1097 1131 
SCL #err deg : 3709 / 7400
SCL #err weighted degeneracy : 3619 3619 3618 3779 3797 3837 
degeneracy helps : 924 914 936 1025 1025 1020 
degeneracy worse : 848 848 853 1095 1113 1148 
SCL #err deg : 3764 / 7500
SCL #err weighted degeneracy : 3664 3664 3663 3827 3845 3883 
degeneracy helps : 945 935 957 1045 1045 1042 
degeneracy worse : 859 859 864 1108 1126 1161 
SCL #err deg : 3810 / 7600
SCL #err weighted degeneracy : 3705 3705 3704 3872 3891 3929 
degeneracy helps : 958 948 970 1061 1061 1058 
degeneracy worse : 867 867 872 1123 1142 1177 
SCL #err deg : 3857 / 7700
SCL #err weighted degeneracy : 3757 3757 3756 3933 3952 3989 
degeneracy helps : 967 958 980 1071 1071 1069 
degeneracy worse : 882 882 887 1147 1166 1201 
SCL #err deg : 3903 / 7800
SCL #err weighted degeneracy : 3802 3802 3801 3985 4004 4041 
degeneracy helps : 979 970 992 1083 1083 1080 
degeneracy worse : 893 893 898 1165 1184 1218 
SCL #err deg : 3955 / 7900
SCL #err weighted degeneracy : 3850 3850 3849 4033 4054 4092 
degeneracy helps : 992 982 1005 1097 1097 1094 
degeneracy worse : 902 902 907 1175 1196 1231 
SCL #err deg : 4005 / 8000
SCL #err weighted degeneracy : 3897 3897 3896 4081 4103 4142 
degeneracy helps : 1004 994 1017 1112 1111 1108 
degeneracy worse : 911 911 916 1188 1209 1245 
SCL #err deg : 4050 / 8100
SCL #err weighted degeneracy : 3947 3947 3946 4136 4156 4194 
degeneracy helps : 1011 1001 1024 1119 1119 1117 
degeneracy worse : 923 923 928 1205 1225 1261 
SCL #err deg : 4097 / 8200
SCL #err weighted degeneracy : 3998 3998 3997 4192 4212 4250 
degeneracy helps : 1019 1009 1032 1128 1128 1125 
degeneracy worse : 936 936 941 1223 1243 1278 
SCL #err deg : 4146 / 8300
SCL #err weighted degeneracy : 4044 4044 4043 4242 4263 4304 
degeneracy helps : 1035 1025 1048 1146 1146 1142 
degeneracy worse : 949 949 954 1242 1263 1300 
SCL #err deg : 4202 / 8400
SCL #err weighted degeneracy : 4101 4101 4100 4303 4324 4365 
degeneracy helps : 1041 1031 1054 1152 1152 1148 
degeneracy worse : 956 956 961 1253 1274 1311 
SCL #err deg : 4253 / 8500
SCL #err weighted degeneracy : 4146 4146 4145 4352 4375 4416 
degeneracy helps : 1057 1047 1070 1169 1167 1162 
degeneracy worse : 966 966 971 1268 1289 1325 
SCL #err deg : 4307 / 8600
SCL #err weighted degeneracy : 4202 4202 4201 4407 4430 4471 
degeneracy helps : 1067 1058 1081 1183 1180 1175 
degeneracy worse : 979 979 984 1283 1303 1339 
SCL #err deg : 4349 / 8700
SCL #err weighted degeneracy : 4241 4241 4240 4448 4471 4512 
degeneracy helps : 1080 1071 1094 1197 1194 1189 
degeneracy worse : 989 989 994 1296 1316 1352 
SCL #err deg : 4397 / 8800
SCL #err weighted degeneracy : 4289 4289 4288 4498 4521 4564 
degeneracy helps : 1092 1083 1106 1210 1207 1201 
degeneracy worse : 1001 1001 1006 1311 1331 1368 
SCL #err deg : 4446 / 8900
SCL #err weighted degeneracy : 4335 4335 4334 4541 4564 4608 
degeneracy helps : 1109 1100 1123 1231 1228 1221 
degeneracy worse : 1015 1015 1020 1326 1346 1383 
SCL #err deg : 4494 / 9000
SCL #err weighted degeneracy : 4383 4383 4382 4590 4613 4660 
degeneracy helps : 1122 1113 1136 1244 1241 1233 
degeneracy worse : 1028 1028 1033 1340 1360 1399 
SCL #err deg : 4542 / 9100
SCL #err weighted degeneracy : 4433 4433 4432 4640 4662 4708 
degeneracy helps : 1131 1123 1146 1260 1257 1249 
degeneracy worse : 1041 1041 1046 1358 1377 1415 
SCL #err deg : 4594 / 9200
SCL #err weighted degeneracy : 4482 4482 4481 4690 4712 4759 
degeneracy helps : 1144 1136 1159 1275 1272 1263 
degeneracy worse : 1051 1051 1056 1371 1390 1428 
SCL #err deg : 4648 / 9300
SCL #err weighted degeneracy : 4534 4534 4533 4745 4769 4818 
degeneracy helps : 1156 1148 1171 1289 1286 1277 
degeneracy worse : 1061 1061 1066 1386 1407 1447 
SCL #err deg : 4695 / 9400
SCL #err weighted degeneracy : 4581 4581 4580 4796 4820 4868 
degeneracy helps : 1170 1162 1185 1303 1300 1291 
degeneracy worse : 1075 1075 1080 1404 1425 1464 
SCL #err deg : 4746 / 9500
SCL #err weighted degeneracy : 4632 4632 4631 4848 4872 4921 
degeneracy helps : 1180 1172 1195 1318 1315 1306 
degeneracy worse : 1086 1086 1091 1420 1441 1481 
SCL #err deg : 4798 / 9600
SCL #err weighted degeneracy : 4684 4684 4683 4901 4925 4971 
degeneracy helps : 1194 1186 1209 1334 1332 1324 
degeneracy worse : 1100 1100 1105 1437 1459 1497 
SCL #err deg : 4843 / 9700
SCL #err weighted degeneracy : 4733 4733 4732 4950 4975 5023 
degeneracy helps : 1201 1193 1216 1343 1342 1334 
degeneracy worse : 1111 1111 1116 1450 1474 1514 
SCL #err deg : 4895 / 9800
SCL #err weighted degeneracy : 4781 4781 4781 5000 5028 5075 
degeneracy helps : 1211 1202 1227 1356 1354 1345 
degeneracy worse : 1118 1118 1124 1461 1487 1525 
SCL #err deg : 4949 / 9900
SCL #err weighted degeneracy : 4832 4832 4832 5052 5080 5128 
degeneracy helps : 1224 1215 1240 1370 1368 1360 
degeneracy worse : 1128 1128 1134 1473 1499 1539 
SCL #err deg : 4996 / 10000
SCL #err weighted degeneracy : 4879 4879 4879 5106 5134 5181 
degeneracy helps : 1235 1225 1251 1381 1379 1371 
degeneracy worse : 1139 1139 1145 1491 1517 1556 
average #flips: 8.9683
SCL #err considering degeneracy: 4996
error due to equal 1660
error due to SCL smaller 3336
Finish in 595 s
