Simulation Polar syndrome FASTER N=64, K=33, l=128, pz=0.18, #samples=10000, seed=87
PW construction
Event generator random seed: 87
SCL #err deg : 64 / 100
SCL #err weighted degeneracy : 55 55 55 56 57 57 
degeneracy helps : 18 18 19 21 21 21 
degeneracy worse : 10 10 10 13 14 14 
SCL #err deg : 135 / 200
SCL #err weighted degeneracy : 124 124 124 125 126 125 
degeneracy helps : 28 28 30 32 32 33 
degeneracy worse : 19 19 19 22 23 23 
SCL #err deg : 197 / 300
SCL #err weighted degeneracy : 184 184 184 186 187 186 
degeneracy helps : 40 38 42 47 47 47 
degeneracy worse : 29 29 29 36 37 36 
SCL #err deg : 263 / 400
SCL #err weighted degeneracy : 255 255 255 258 259 260 
degeneracy helps : 46 44 48 55 55 55 
degeneracy worse : 40 40 40 50 51 52 
SCL #err deg : 324 / 500
SCL #err weighted degeneracy : 314 314 315 321 322 326 
degeneracy helps : 56 55 59 68 69 66 
degeneracy worse : 49 49 50 65 67 68 
SCL #err deg : 392 / 600
SCL #err weighted degeneracy : 389 389 390 397 399 405 
degeneracy helps : 65 64 69 78 79 75 
degeneracy worse : 66 66 67 83 86 88 
SCL #err deg : 458 / 700
SCL #err weighted degeneracy : 452 452 454 460 462 470 
degeneracy helps : 75 73 79 90 91 87 
degeneracy worse : 73 73 75 92 95 99 
SCL #err deg : 515 / 800
SCL #err weighted degeneracy : 517 517 520 524 526 536 
degeneracy helps : 82 80 86 101 102 97 
degeneracy worse : 88 88 91 110 113 118 
SCL #err deg : 587 / 900
SCL #err weighted degeneracy : 580 580 583 588 591 601 
degeneracy helps : 98 96 102 119 120 115 
degeneracy worse : 96 96 99 120 124 129 
SCL #err deg : 657 / 1000
SCL #err weighted degeneracy : 639 639 642 646 649 660 
degeneracy helps : 115 113 119 137 139 135 
degeneracy worse : 102 102 105 126 131 138 
SCL #err deg : 724 / 1100
SCL #err weighted degeneracy : 697 697 700 704 708 720 
degeneracy helps : 136 132 140 160 162 157 
degeneracy worse : 114 114 117 140 146 153 
SCL #err deg : 778 / 1200
SCL #err weighted degeneracy : 761 761 764 769 775 787 
degeneracy helps : 144 140 149 169 170 165 
degeneracy worse : 132 132 136 160 167 174 
SCL #err deg : 843 / 1300
SCL #err weighted degeneracy : 828 829 832 840 846 859 
degeneracy helps : 155 150 160 180 181 175 
degeneracy worse : 145 145 150 177 184 191 
SCL #err deg : 904 / 1400
SCL #err weighted degeneracy : 887 888 892 900 907 920 
degeneracy helps : 165 160 170 192 194 188 
degeneracy worse : 153 153 159 188 197 204 
SCL #err deg : 969 / 1500
SCL #err weighted degeneracy : 946 947 951 959 966 982 
degeneracy helps : 182 176 187 211 213 206 
degeneracy worse : 164 164 170 201 210 219 
SCL #err deg : 1033 / 1600
SCL #err weighted degeneracy : 1004 1005 1009 1019 1026 1043 
degeneracy helps : 201 195 206 230 233 226 
degeneracy worse : 177 177 183 216 226 236 
SCL #err deg : 1098 / 1700
SCL #err weighted degeneracy : 1066 1067 1071 1082 1089 1106 
degeneracy helps : 215 209 220 246 249 243 
degeneracy worse : 188 188 194 230 240 251 
SCL #err deg : 1166 / 1800
SCL #err weighted degeneracy : 1132 1133 1137 1145 1152 1171 
degeneracy helps : 229 222 234 263 266 259 
degeneracy worse : 200 200 206 242 252 264 
SCL #err deg : 1232 / 1900
SCL #err weighted degeneracy : 1189 1190 1194 1203 1212 1232 
degeneracy helps : 247 240 253 284 285 277 
degeneracy worse : 210 210 216 255 265 277 
SCL #err deg : 1288 / 2000
SCL #err weighted degeneracy : 1258 1259 1263 1274 1282 1302 
degeneracy helps : 259 252 265 297 299 292 
degeneracy worse : 235 235 241 283 293 306 
SCL #err deg : 1346 / 2100
SCL #err weighted degeneracy : 1318 1319 1322 1333 1341 1361 
degeneracy helps : 268 261 275 308 310 303 
degeneracy worse : 246 246 252 295 305 318 
SCL #err deg : 1403 / 2200
SCL #err weighted degeneracy : 1380 1381 1384 1393 1401 1419 
degeneracy helps : 279 272 286 322 324 319 
degeneracy worse : 262 262 268 312 322 335 
SCL #err deg : 1471 / 2300
SCL #err weighted degeneracy : 1448 1449 1453 1460 1469 1484 
degeneracy helps : 293 285 300 338 339 336 
degeneracy worse : 276 276 283 327 337 349 
SCL #err deg : 1533 / 2400
SCL #err weighted degeneracy : 1511 1512 1516 1524 1533 1548 
degeneracy helps : 308 300 315 355 356 353 
degeneracy worse : 292 292 299 346 356 368 
SCL #err deg : 1600 / 2500
SCL #err weighted degeneracy : 1570 1571 1576 1584 1593 1609 
degeneracy helps : 327 318 334 375 376 372 
degeneracy worse : 303 303 311 359 369 381 
SCL #err deg : 1672 / 2600
SCL #err weighted degeneracy : 1636 1638 1642 1648 1657 1672 
degeneracy helps : 341 331 348 392 393 389 
degeneracy worse : 311 311 319 368 378 389 
SCL #err deg : 1736 / 2700
SCL #err weighted degeneracy : 1697 1699 1703 1712 1721 1736 
degeneracy helps : 357 347 364 408 409 405 
degeneracy worse : 324 324 332 384 394 405 
SCL #err deg : 1790 / 2800
SCL #err weighted degeneracy : 1755 1757 1761 1771 1780 1795 
degeneracy helps : 369 358 376 420 421 417 
degeneracy worse : 340 340 348 401 411 422 
SCL #err deg : 1860 / 2900
SCL #err weighted degeneracy : 1817 1819 1823 1832 1841 1854 
degeneracy helps : 387 375 394 441 442 439 
degeneracy worse : 350 350 358 413 423 433 
SCL #err deg : 1919 / 3000
SCL #err weighted degeneracy : 1879 1881 1885 1897 1906 1919 
degeneracy helps : 398 387 406 453 454 452 
degeneracy worse : 365 365 373 431 441 452 
SCL #err deg : 1985 / 3100
SCL #err weighted degeneracy : 1942 1944 1948 1963 1971 1986 
degeneracy helps : 414 403 422 468 470 468 
degeneracy worse : 378 378 386 446 456 469 
SCL #err deg : 2045 / 3200
SCL #err weighted degeneracy : 2008 2010 2014 2027 2034 2050 
degeneracy helps : 428 416 436 485 488 485 
degeneracy worse : 398 398 406 467 477 490 
SCL #err deg : 2113 / 3300
SCL #err weighted degeneracy : 2073 2075 2079 2093 2100 2116 
degeneracy helps : 438 426 446 497 500 497 
degeneracy worse : 405 405 413 477 487 500 
SCL #err deg : 2182 / 3400
SCL #err weighted degeneracy : 2141 2143 2147 2160 2168 2185 
degeneracy helps : 450 438 458 512 515 512 
degeneracy worse : 416 416 424 490 501 515 
SCL #err deg : 2240 / 3500
SCL #err weighted degeneracy : 2209 2211 2215 2228 2235 2254 
degeneracy helps : 456 444 464 519 523 518 
degeneracy worse : 432 432 440 507 518 532 
SCL #err deg : 2305 / 3600
SCL #err weighted degeneracy : 2271 2273 2277 2290 2298 2316 
degeneracy helps : 473 460 481 536 539 536 
degeneracy worse : 446 446 454 521 532 547 
SCL #err deg : 2363 / 3700
SCL #err weighted degeneracy : 2328 2330 2334 2348 2356 2374 
degeneracy helps : 486 473 494 549 552 550 
degeneracy worse : 458 458 466 534 545 561 
SCL #err deg : 2425 / 3800
SCL #err weighted degeneracy : 2380 2382 2386 2401 2409 2429 
degeneracy helps : 507 494 515 572 575 572 
degeneracy worse : 469 469 477 548 559 576 
SCL #err deg : 2494 / 3900
SCL #err weighted degeneracy : 2452 2454 2458 2473 2481 2500 
degeneracy helps : 516 503 524 582 585 584 
degeneracy worse : 481 481 489 561 572 590 
SCL #err deg : 2556 / 4000
SCL #err weighted degeneracy : 2518 2520 2524 2541 2549 2569 
degeneracy helps : 524 511 532 589 592 590 
degeneracy worse : 493 493 501 574 585 603 
SCL #err deg : 2625 / 4100
SCL #err weighted degeneracy : 2571 2573 2576 2593 2600 2621 
degeneracy helps : 550 537 559 618 621 617 
degeneracy worse : 503 503 511 586 596 613 
SCL #err deg : 2684 / 4200
SCL #err weighted degeneracy : 2633 2635 2638 2655 2662 2683 
degeneracy helps : 557 544 566 628 631 627 
degeneracy worse : 513 513 521 599 609 626 
SCL #err deg : 2760 / 4300
SCL #err weighted degeneracy : 2704 2706 2709 2725 2732 2753 
degeneracy helps : 572 559 582 645 648 644 
degeneracy worse : 523 523 532 610 620 637 
SCL #err deg : 2825 / 4400
SCL #err weighted degeneracy : 2773 2775 2778 2792 2800 2822 
degeneracy helps : 585 573 596 662 664 659 
degeneracy worse : 541 541 550 629 639 656 
SCL #err deg : 2887 / 4500
SCL #err weighted degeneracy : 2841 2843 2846 2863 2871 2894 
degeneracy helps : 598 586 609 675 677 672 
degeneracy worse : 560 560 569 651 661 679 
SCL #err deg : 2951 / 4600
SCL #err weighted degeneracy : 2901 2903 2906 2927 2935 2958 
degeneracy helps : 610 598 621 688 690 685 
degeneracy worse : 568 568 577 664 674 692 
SCL #err deg : 3021 / 4700
SCL #err weighted degeneracy : 2971 2973 2976 2997 3006 3029 
degeneracy helps : 621 609 632 701 703 698 
degeneracy worse : 579 579 588 677 688 706 
SCL #err deg : 3085 / 4800
SCL #err weighted degeneracy : 3037 3039 3042 3062 3070 3094 
degeneracy helps : 632 620 643 716 719 713 
degeneracy worse : 592 592 601 693 704 722 
SCL #err deg : 3150 / 4900
SCL #err weighted degeneracy : 3100 3102 3105 3128 3136 3161 
degeneracy helps : 645 633 656 729 733 727 
degeneracy worse : 603 603 612 707 719 738 
SCL #err deg : 3210 / 5000
SCL #err weighted degeneracy : 3160 3162 3165 3188 3197 3220 
degeneracy helps : 657 645 668 741 744 740 
degeneracy worse : 615 615 624 719 731 750 
SCL #err deg : 3271 / 5100
SCL #err weighted degeneracy : 3216 3219 3221 3243 3251 3275 
degeneracy helps : 672 659 683 759 763 758 
degeneracy worse : 625 625 634 731 743 762 
SCL #err deg : 3340 / 5200
SCL #err weighted degeneracy : 3287 3290 3292 3317 3325 3349 
degeneracy helps : 683 670 694 771 774 769 
degeneracy worse : 638 638 647 748 759 778 
SCL #err deg : 3407 / 5300
SCL #err weighted degeneracy : 3347 3350 3351 3379 3388 3414 
degeneracy helps : 698 685 710 789 792 787 
degeneracy worse : 646 646 655 761 773 794 
SCL #err deg : 3470 / 5400
SCL #err weighted degeneracy : 3409 3412 3413 3442 3451 3477 
degeneracy helps : 713 700 725 805 808 804 
degeneracy worse : 660 660 669 777 789 811 
SCL #err deg : 3537 / 5500
SCL #err weighted degeneracy : 3468 3471 3472 3500 3511 3539 
degeneracy helps : 731 718 743 825 827 822 
degeneracy worse : 670 670 679 788 801 824 
SCL #err deg : 3595 / 5600
SCL #err weighted degeneracy : 3527 3530 3531 3562 3574 3603 
degeneracy helps : 741 728 753 836 837 832 
degeneracy worse : 681 681 690 803 816 840 
SCL #err deg : 3649 / 5700
SCL #err weighted degeneracy : 3585 3588 3589 3623 3636 3664 
degeneracy helps : 754 741 766 850 850 845 
degeneracy worse : 698 698 707 824 837 860 
SCL #err deg : 3718 / 5800
SCL #err weighted degeneracy : 3651 3654 3655 3690 3703 3732 
degeneracy helps : 769 756 781 865 865 860 
degeneracy worse : 710 710 719 837 850 874 
SCL #err deg : 3788 / 5900
SCL #err weighted degeneracy : 3717 3720 3721 3759 3773 3803 
degeneracy helps : 783 770 795 878 878 873 
degeneracy worse : 720 720 729 849 863 888 
SCL #err deg : 3849 / 6000
SCL #err weighted degeneracy : 3778 3781 3782 3820 3835 3864 
degeneracy helps : 797 784 809 893 893 888 
degeneracy worse : 734 734 743 864 879 903 
SCL #err deg : 3917 / 6100
SCL #err weighted degeneracy : 3841 3844 3845 3887 3902 3930 
degeneracy helps : 813 800 825 909 909 905 
degeneracy worse : 745 745 754 879 894 918 
SCL #err deg : 3981 / 6200
SCL #err weighted degeneracy : 3902 3905 3906 3949 3965 3992 
degeneracy helps : 828 815 840 924 923 919 
degeneracy worse : 757 757 766 892 907 930 
SCL #err deg : 4046 / 6300
SCL #err weighted degeneracy : 3964 3967 3968 4005 4023 4050 
degeneracy helps : 846 833 858 948 946 942 
degeneracy worse : 772 772 781 907 923 946 
SCL #err deg : 4114 / 6400
SCL #err weighted degeneracy : 4025 4028 4029 4063 4082 4110 
degeneracy helps : 860 847 872 965 962 957 
degeneracy worse : 779 779 788 914 930 953 
SCL #err deg : 4174 / 6500
SCL #err weighted degeneracy : 4085 4088 4090 4124 4143 4172 
degeneracy helps : 876 863 888 983 981 975 
degeneracy worse : 795 795 805 933 950 973 
SCL #err deg : 4239 / 6600
SCL #err weighted degeneracy : 4154 4157 4159 4193 4212 4239 
degeneracy helps : 887 873 899 997 995 990 
degeneracy worse : 810 810 820 951 968 990 
SCL #err deg : 4302 / 6700
SCL #err weighted degeneracy : 4219 4222 4224 4259 4278 4305 
degeneracy helps : 903 889 915 1015 1013 1007 
degeneracy worse : 828 828 838 972 989 1010 
SCL #err deg : 4367 / 6800
SCL #err weighted degeneracy : 4290 4293 4295 4329 4348 4374 
degeneracy helps : 916 902 928 1030 1028 1023 
degeneracy worse : 847 847 857 992 1009 1030 
SCL #err deg : 4430 / 6900
SCL #err weighted degeneracy : 4353 4356 4358 4396 4415 4441 
degeneracy helps : 926 912 938 1042 1040 1035 
degeneracy worse : 857 857 867 1008 1025 1046 
SCL #err deg : 4494 / 7000
SCL #err weighted degeneracy : 4418 4421 4423 4461 4480 4508 
degeneracy helps : 938 923 950 1055 1053 1048 
degeneracy worse : 870 870 880 1022 1039 1062 
SCL #err deg : 4562 / 7100
SCL #err weighted degeneracy : 4482 4485 4487 4528 4547 4576 
degeneracy helps : 954 939 966 1071 1070 1065 
degeneracy worse : 883 883 893 1037 1055 1079 
SCL #err deg : 4637 / 7200
SCL #err weighted degeneracy : 4559 4562 4564 4603 4622 4649 
degeneracy helps : 961 946 974 1083 1082 1079 
degeneracy worse : 893 893 903 1049 1067 1091 
SCL #err deg : 4708 / 7300
SCL #err weighted degeneracy : 4622 4625 4627 4669 4688 4716 
degeneracy helps : 977 962 990 1098 1097 1094 
degeneracy worse : 901 901 911 1059 1077 1102 
SCL #err deg : 4770 / 7400
SCL #err weighted degeneracy : 4690 4693 4695 4738 4756 4783 
degeneracy helps : 984 968 996 1106 1106 1104 
degeneracy worse : 914 914 924 1074 1092 1117 
SCL #err deg : 4833 / 7500
SCL #err weighted degeneracy : 4764 4767 4769 4811 4828 4856 
degeneracy helps : 989 972 1001 1113 1114 1112 
degeneracy worse : 931 931 941 1091 1109 1135 
SCL #err deg : 4902 / 7600
SCL #err weighted degeneracy : 4833 4836 4838 4884 4902 4930 
degeneracy helps : 1000 983 1012 1125 1125 1123 
degeneracy worse : 943 943 953 1107 1125 1151 
SCL #err deg : 4960 / 7700
SCL #err weighted degeneracy : 4900 4903 4905 4953 4973 5001 
degeneracy helps : 1012 994 1024 1137 1135 1133 
degeneracy worse : 964 964 974 1130 1148 1174 
SCL #err deg : 5024 / 7800
SCL #err weighted degeneracy : 4964 4967 4969 5014 5034 5062 
degeneracy helps : 1023 1005 1035 1151 1149 1148 
degeneracy worse : 975 975 985 1141 1159 1186 
SCL #err deg : 5094 / 7900
SCL #err weighted degeneracy : 5022 5025 5027 5074 5094 5123 
degeneracy helps : 1042 1024 1054 1171 1169 1168 
degeneracy worse : 982 982 992 1151 1169 1197 
SCL #err deg : 5160 / 8000
SCL #err weighted degeneracy : 5095 5098 5101 5150 5170 5197 
degeneracy helps : 1050 1032 1061 1178 1176 1176 
degeneracy worse : 997 997 1007 1168 1186 1213 
SCL #err deg : 5223 / 8100
SCL #err weighted degeneracy : 5159 5162 5165 5216 5236 5263 
degeneracy helps : 1066 1048 1077 1192 1190 1190 
degeneracy worse : 1014 1014 1024 1185 1203 1230 
SCL #err deg : 5286 / 8200
SCL #err weighted degeneracy : 5218 5221 5224 5279 5301 5327 
degeneracy helps : 1081 1063 1092 1208 1205 1206 
degeneracy worse : 1025 1025 1035 1201 1220 1247 
SCL #err deg : 5352 / 8300
SCL #err weighted degeneracy : 5278 5281 5284 5340 5363 5390 
degeneracy helps : 1097 1079 1108 1225 1222 1223 
degeneracy worse : 1035 1035 1045 1213 1233 1261 
SCL #err deg : 5429 / 8400
SCL #err weighted degeneracy : 5351 5354 5357 5412 5435 5461 
degeneracy helps : 1111 1093 1122 1241 1238 1240 
degeneracy worse : 1045 1045 1055 1224 1244 1272 
SCL #err deg : 5491 / 8500
SCL #err weighted degeneracy : 5409 5412 5415 5473 5497 5523 
degeneracy helps : 1126 1107 1138 1257 1254 1255 
degeneracy worse : 1057 1057 1067 1239 1260 1287 
SCL #err deg : 5550 / 8600
SCL #err weighted degeneracy : 5467 5470 5473 5532 5556 5585 
degeneracy helps : 1137 1118 1150 1273 1270 1270 
degeneracy worse : 1068 1068 1078 1255 1276 1305 
SCL #err deg : 5616 / 8700
SCL #err weighted degeneracy : 5525 5528 5531 5589 5611 5645 
degeneracy helps : 1154 1135 1167 1294 1293 1291 
degeneracy worse : 1077 1077 1087 1267 1288 1320 
SCL #err deg : 5686 / 8800
SCL #err weighted degeneracy : 5598 5601 5604 5660 5682 5718 
degeneracy helps : 1163 1144 1176 1306 1305 1303 
degeneracy worse : 1089 1089 1099 1280 1301 1335 
SCL #err deg : 5754 / 8900
SCL #err weighted degeneracy : 5664 5667 5670 5721 5743 5780 
degeneracy helps : 1180 1160 1193 1329 1328 1325 
degeneracy worse : 1104 1104 1114 1296 1317 1351 
SCL #err deg : 5816 / 9000
SCL #err weighted degeneracy : 5717 5720 5723 5778 5801 5835 
degeneracy helps : 1199 1179 1212 1348 1347 1345 
degeneracy worse : 1114 1114 1124 1310 1332 1364 
SCL #err deg : 5881 / 9100
SCL #err weighted degeneracy : 5779 5782 5785 5841 5865 5900 
degeneracy helps : 1212 1192 1226 1366 1365 1363 
degeneracy worse : 1125 1125 1135 1326 1349 1382 
SCL #err deg : 5949 / 9200
SCL #err weighted degeneracy : 5851 5854 5857 5913 5936 5972 
degeneracy helps : 1220 1200 1234 1376 1376 1374 
degeneracy worse : 1137 1137 1147 1340 1363 1397 
SCL #err deg : 6015 / 9300
SCL #err weighted degeneracy : 5914 5917 5920 5975 5999 6033 
degeneracy helps : 1236 1216 1250 1395 1395 1394 
degeneracy worse : 1150 1150 1160 1355 1379 1412 
SCL #err deg : 6074 / 9400
SCL #err weighted degeneracy : 5971 5974 5977 6035 6059 6093 
degeneracy helps : 1252 1232 1266 1411 1411 1410 
degeneracy worse : 1164 1164 1174 1372 1396 1429 
SCL #err deg : 6144 / 9500
SCL #err weighted degeneracy : 6041 6044 6047 6103 6125 6159 
degeneracy helps : 1260 1240 1274 1421 1423 1424 
degeneracy worse : 1172 1172 1182 1380 1404 1439 
SCL #err deg : 6208 / 9600
SCL #err weighted degeneracy : 6103 6106 6109 6167 6189 6228 
degeneracy helps : 1276 1256 1290 1437 1439 1438 
degeneracy worse : 1186 1186 1196 1396 1420 1458 
SCL #err deg : 6267 / 9700
SCL #err weighted degeneracy : 6162 6165 6168 6228 6250 6289 
degeneracy helps : 1288 1268 1302 1450 1452 1451 
degeneracy worse : 1198 1198 1208 1411 1435 1473 
SCL #err deg : 6341 / 9800
SCL #err weighted degeneracy : 6238 6241 6243 6307 6329 6368 
degeneracy helps : 1298 1278 1313 1460 1462 1461 
degeneracy worse : 1210 1210 1220 1426 1450 1488 
SCL #err deg : 6401 / 9900
SCL #err weighted degeneracy : 6305 6308 6310 6377 6399 6438 
degeneracy helps : 1310 1290 1325 1472 1474 1474 
degeneracy worse : 1229 1229 1239 1448 1472 1511 
SCL #err deg : 6464 / 10000
SCL #err weighted degeneracy : 6370 6372 6375 6440 6463 6503 
degeneracy helps : 1319 1299 1334 1485 1486 1486 
degeneracy worse : 1240 1239 1250 1461 1485 1525 
average #flips: 11.5099
SCL #err considering degeneracy: 6464
error due to equal 890
error due to SCL smaller 5574
Finish in 584 s
