Simulation Polar syndrome FASTER N=1024, K=513, l=128, pz=0.09, #samples=10000, seed=77
PW construction
Event generator random seed: 77
SCL #err deg : 13 / 100
SCL #err weighted degeneracy : 10 10 9 10 10 10 
degeneracy helps : 3 3 4 4 4 4 
degeneracy worse : 0 0 0 1 1 1 
SCL #err deg : 22 / 200
SCL #err weighted degeneracy : 19 19 17 19 19 19 
degeneracy helps : 5 5 7 7 7 7 
degeneracy worse : 2 2 2 4 4 4 
SCL #err deg : 30 / 300
SCL #err weighted degeneracy : 26 26 24 26 26 26 
degeneracy helps : 6 6 9 9 9 9 
degeneracy worse : 2 2 3 5 5 5 
SCL #err deg : 34 / 400
SCL #err weighted degeneracy : 28 28 27 30 30 30 
degeneracy helps : 8 8 11 11 11 11 
degeneracy worse : 2 2 4 7 7 7 
SCL #err deg : 39 / 500
SCL #err weighted degeneracy : 34 34 32 34 34 34 
degeneracy helps : 8 8 12 12 12 12 
degeneracy worse : 3 3 5 7 7 7 
SCL #err deg : 43 / 600
SCL #err weighted degeneracy : 39 39 36 38 38 38 
degeneracy helps : 9 9 15 15 15 15 
degeneracy worse : 5 5 8 10 10 10 
SCL #err deg : 49 / 700
SCL #err weighted degeneracy : 41 41 38 40 41 41 
degeneracy helps : 13 13 19 19 18 18 
degeneracy worse : 5 5 8 10 10 10 
SCL #err deg : 54 / 800
SCL #err weighted degeneracy : 48 48 45 47 48 48 
degeneracy helps : 13 13 19 19 18 18 
degeneracy worse : 7 7 10 12 12 12 
SCL #err deg : 58 / 900
SCL #err weighted degeneracy : 50 50 48 51 52 52 
degeneracy helps : 16 16 22 22 21 21 
degeneracy worse : 8 8 12 15 15 15 
SCL #err deg : 64 / 1000
SCL #err weighted degeneracy : 57 57 56 58 59 59 
degeneracy helps : 17 17 22 23 22 22 
degeneracy worse : 10 10 14 17 17 17 
SCL #err deg : 68 / 1100
SCL #err weighted degeneracy : 62 62 60 63 64 64 
degeneracy helps : 17 17 23 24 23 23 
degeneracy worse : 11 11 15 19 19 19 
SCL #err deg : 74 / 1200
SCL #err weighted degeneracy : 69 69 66 68 69 69 
degeneracy helps : 17 17 24 26 25 25 
degeneracy worse : 12 12 16 20 20 20 
SCL #err deg : 75 / 1300
SCL #err weighted degeneracy : 71 71 69 70 71 71 
degeneracy helps : 17 17 24 27 26 26 
degeneracy worse : 13 13 18 22 22 22 
SCL #err deg : 78 / 1400
SCL #err weighted degeneracy : 72 72 70 71 72 73 
degeneracy helps : 19 19 26 29 28 28 
degeneracy worse : 13 13 18 22 22 23 
SCL #err deg : 83 / 1500
SCL #err weighted degeneracy : 77 77 74 75 76 77 
degeneracy helps : 20 20 28 31 30 30 
degeneracy worse : 14 14 19 23 23 24 
SCL #err deg : 88 / 1600
SCL #err weighted degeneracy : 80 80 77 79 80 81 
degeneracy helps : 22 22 30 33 32 32 
degeneracy worse : 14 14 19 24 24 25 
SCL #err deg : 94 / 1700
SCL #err weighted degeneracy : 84 84 80 83 84 85 
degeneracy helps : 24 24 33 36 35 35 
degeneracy worse : 14 14 19 25 25 26 
SCL #err deg : 99 / 1800
SCL #err weighted degeneracy : 89 89 85 88 90 91 
degeneracy helps : 24 24 33 36 35 35 
degeneracy worse : 14 14 19 25 26 27 
SCL #err deg : 105 / 1900
SCL #err weighted degeneracy : 96 96 92 94 96 97 
degeneracy helps : 24 24 34 37 36 36 
degeneracy worse : 15 15 21 26 27 28 
SCL #err deg : 107 / 2000
SCL #err weighted degeneracy : 99 99 95 98 100 101 
degeneracy helps : 24 24 34 37 36 36 
degeneracy worse : 16 16 22 28 29 30 
SCL #err deg : 113 / 2100
SCL #err weighted degeneracy : 106 106 102 105 107 108 
degeneracy helps : 25 25 35 38 37 37 
degeneracy worse : 18 18 24 30 31 32 
SCL #err deg : 116 / 2200
SCL #err weighted degeneracy : 110 110 106 109 111 112 
degeneracy helps : 25 25 35 38 37 37 
degeneracy worse : 19 19 25 31 32 33 
SCL #err deg : 119 / 2300
SCL #err weighted degeneracy : 113 113 110 113 115 116 
degeneracy helps : 25 25 36 39 38 38 
degeneracy worse : 19 19 27 33 34 35 
SCL #err deg : 121 / 2400
SCL #err weighted degeneracy : 114 114 113 115 117 118 
degeneracy helps : 26 26 37 41 40 40 
degeneracy worse : 19 19 29 35 36 37 
SCL #err deg : 127 / 2500
SCL #err weighted degeneracy : 119 119 119 121 123 124 
degeneracy helps : 27 27 38 42 41 41 
degeneracy worse : 19 19 30 36 37 38 
SCL #err deg : 132 / 2600
SCL #err weighted degeneracy : 124 124 124 127 129 130 
degeneracy helps : 27 27 38 42 41 41 
degeneracy worse : 19 19 30 37 38 39 
SCL #err deg : 137 / 2700
SCL #err weighted degeneracy : 127 127 128 131 133 134 
degeneracy helps : 29 29 40 44 43 43 
degeneracy worse : 19 19 31 38 39 40 
SCL #err deg : 144 / 2800
SCL #err weighted degeneracy : 133 133 134 137 139 140 
degeneracy helps : 30 30 41 45 44 44 
degeneracy worse : 19 19 31 38 39 40 
SCL #err deg : 150 / 2900
SCL #err weighted degeneracy : 141 141 141 144 146 146 
degeneracy helps : 31 31 43 47 46 46 
degeneracy worse : 22 22 34 41 42 42 
SCL #err deg : 152 / 3000
SCL #err weighted degeneracy : 143 143 143 146 148 149 
degeneracy helps : 31 31 43 47 46 46 
degeneracy worse : 22 22 34 41 42 43 
SCL #err deg : 154 / 3100
SCL #err weighted degeneracy : 145 145 146 149 151 152 
degeneracy helps : 32 32 44 48 47 47 
degeneracy worse : 23 23 36 43 44 45 
SCL #err deg : 158 / 3200
SCL #err weighted degeneracy : 149 149 150 152 155 156 
degeneracy helps : 32 32 44 49 48 48 
degeneracy worse : 23 23 36 43 45 46 
SCL #err deg : 163 / 3300
SCL #err weighted degeneracy : 153 153 154 156 160 161 
degeneracy helps : 33 33 45 50 49 49 
degeneracy worse : 23 23 36 43 46 47 
SCL #err deg : 172 / 3400
SCL #err weighted degeneracy : 163 163 164 166 170 171 
degeneracy helps : 35 35 47 52 51 51 
degeneracy worse : 26 26 39 46 49 50 
SCL #err deg : 176 / 3500
SCL #err weighted degeneracy : 165 165 167 169 173 174 
degeneracy helps : 37 37 49 54 53 53 
degeneracy worse : 26 26 40 47 50 51 
SCL #err deg : 180 / 3600
SCL #err weighted degeneracy : 169 169 172 174 178 179 
degeneracy helps : 39 39 51 56 55 55 
degeneracy worse : 28 28 43 50 53 54 
SCL #err deg : 184 / 3700
SCL #err weighted degeneracy : 171 171 174 176 180 181 
degeneracy helps : 42 42 54 59 58 58 
degeneracy worse : 29 29 44 51 54 55 
SCL #err deg : 187 / 3800
SCL #err weighted degeneracy : 174 174 177 179 184 186 
degeneracy helps : 43 43 55 60 58 58 
degeneracy worse : 30 30 45 52 55 57 
SCL #err deg : 193 / 3900
SCL #err weighted degeneracy : 179 179 181 183 188 189 
degeneracy helps : 45 45 58 63 61 61 
degeneracy worse : 31 31 46 53 56 57 
SCL #err deg : 194 / 4000
SCL #err weighted degeneracy : 181 181 184 187 192 193 
degeneracy helps : 45 45 58 63 61 61 
degeneracy worse : 32 32 48 56 59 60 
SCL #err deg : 199 / 4100
SCL #err weighted degeneracy : 185 185 188 191 196 197 
degeneracy helps : 46 46 59 64 62 62 
degeneracy worse : 32 32 48 56 59 60 
SCL #err deg : 202 / 4200
SCL #err weighted degeneracy : 187 187 190 194 199 200 
degeneracy helps : 48 48 61 65 63 63 
degeneracy worse : 33 33 49 57 60 61 
SCL #err deg : 212 / 4300
SCL #err weighted degeneracy : 195 195 198 203 208 209 
degeneracy helps : 52 52 65 69 67 67 
degeneracy worse : 35 35 51 60 63 64 
SCL #err deg : 216 / 4400
SCL #err weighted degeneracy : 200 200 204 209 215 216 
degeneracy helps : 52 52 65 69 67 67 
degeneracy worse : 36 36 53 62 66 67 
SCL #err deg : 217 / 4500
SCL #err weighted degeneracy : 201 201 206 211 217 218 
degeneracy helps : 53 53 66 70 68 68 
degeneracy worse : 37 37 55 64 68 69 
SCL #err deg : 224 / 4600
SCL #err weighted degeneracy : 206 206 211 215 221 222 
degeneracy helps : 56 56 69 74 72 72 
degeneracy worse : 38 38 56 65 69 70 
SCL #err deg : 227 / 4700
SCL #err weighted degeneracy : 209 209 214 218 224 225 
degeneracy helps : 56 56 69 75 73 73 
degeneracy worse : 38 38 56 66 70 71 
SCL #err deg : 233 / 4800
SCL #err weighted degeneracy : 214 214 219 223 228 229 
degeneracy helps : 58 58 71 77 76 76 
degeneracy worse : 39 39 57 67 71 72 
SCL #err deg : 237 / 4900
SCL #err weighted degeneracy : 217 217 222 226 231 232 
degeneracy helps : 59 59 72 78 77 77 
degeneracy worse : 39 39 57 67 71 72 
SCL #err deg : 242 / 5000
SCL #err weighted degeneracy : 219 219 224 229 235 236 
degeneracy helps : 62 62 75 80 78 78 
degeneracy worse : 39 39 57 67 71 72 
SCL #err deg : 248 / 5100
SCL #err weighted degeneracy : 224 224 228 234 240 242 
degeneracy helps : 63 63 77 81 79 79 
degeneracy worse : 39 39 57 67 71 73 
SCL #err deg : 257 / 5200
SCL #err weighted degeneracy : 231 231 236 242 248 250 
degeneracy helps : 66 66 80 84 82 82 
degeneracy worse : 40 40 59 69 73 75 
SCL #err deg : 263 / 5300
SCL #err weighted degeneracy : 236 236 242 249 255 257 
degeneracy helps : 67 67 81 85 83 83 
degeneracy worse : 40 40 60 71 75 77 
SCL #err deg : 272 / 5400
SCL #err weighted degeneracy : 242 242 246 255 261 263 
degeneracy helps : 71 71 87 90 88 88 
degeneracy worse : 41 41 61 73 77 79 
SCL #err deg : 276 / 5500
SCL #err weighted degeneracy : 246 246 251 260 266 268 
degeneracy helps : 71 71 87 90 88 88 
degeneracy worse : 41 41 62 74 78 80 
SCL #err deg : 278 / 5600
SCL #err weighted degeneracy : 248 248 253 262 268 270 
degeneracy helps : 71 71 87 90 88 88 
degeneracy worse : 41 41 62 74 78 80 
SCL #err deg : 282 / 5700
SCL #err weighted degeneracy : 253 253 257 266 272 274 
degeneracy helps : 72 72 88 91 89 89 
degeneracy worse : 43 43 63 75 79 81 
SCL #err deg : 286 / 5800
SCL #err weighted degeneracy : 259 259 263 272 279 281 
degeneracy helps : 72 72 88 91 89 89 
degeneracy worse : 45 45 65 77 82 84 
SCL #err deg : 288 / 5900
SCL #err weighted degeneracy : 261 261 264 273 280 282 
degeneracy helps : 73 73 89 92 90 90 
degeneracy worse : 46 46 65 77 82 84 
SCL #err deg : 289 / 6000
SCL #err weighted degeneracy : 263 263 266 277 285 288 
degeneracy helps : 73 73 89 92 90 90 
degeneracy worse : 47 47 66 80 86 89 
SCL #err deg : 293 / 6100
SCL #err weighted degeneracy : 266 266 269 280 288 291 
degeneracy helps : 74 74 90 93 91 91 
degeneracy worse : 47 47 66 80 86 89 
SCL #err deg : 295 / 6200
SCL #err weighted degeneracy : 267 267 270 281 289 292 
degeneracy helps : 75 75 91 94 92 92 
degeneracy worse : 47 47 66 80 86 89 
SCL #err deg : 301 / 6300
SCL #err weighted degeneracy : 273 273 276 287 295 299 
degeneracy helps : 76 76 92 95 93 93 
degeneracy worse : 48 48 67 81 87 91 
SCL #err deg : 305 / 6400
SCL #err weighted degeneracy : 277 277 280 291 299 303 
degeneracy helps : 76 76 92 95 93 93 
degeneracy worse : 48 48 67 81 87 91 
SCL #err deg : 306 / 6500
SCL #err weighted degeneracy : 280 280 283 294 302 306 
degeneracy helps : 76 76 92 95 93 93 
degeneracy worse : 50 50 69 83 89 93 
SCL #err deg : 307 / 6600
SCL #err weighted degeneracy : 280 280 283 294 302 306 
degeneracy helps : 77 77 93 96 94 94 
degeneracy worse : 50 50 69 83 89 93 
SCL #err deg : 313 / 6700
SCL #err weighted degeneracy : 286 286 288 300 308 311 
degeneracy helps : 79 79 96 98 96 97 
degeneracy worse : 52 52 71 85 91 95 
SCL #err deg : 318 / 6800
SCL #err weighted degeneracy : 290 290 292 305 313 316 
degeneracy helps : 80 80 97 99 97 98 
degeneracy worse : 52 52 71 86 92 96 
SCL #err deg : 321 / 6900
SCL #err weighted degeneracy : 292 292 294 307 315 318 
degeneracy helps : 81 81 98 100 98 99 
degeneracy worse : 52 52 71 86 92 96 
SCL #err deg : 323 / 7000
SCL #err weighted degeneracy : 294 294 296 308 317 320 
degeneracy helps : 82 82 99 101 99 100 
degeneracy worse : 53 53 72 86 93 97 
SCL #err deg : 325 / 7100
SCL #err weighted degeneracy : 296 296 298 311 320 323 
degeneracy helps : 82 82 99 101 99 100 
degeneracy worse : 53 53 72 87 94 98 
SCL #err deg : 329 / 7200
SCL #err weighted degeneracy : 299 299 301 314 323 326 
degeneracy helps : 84 84 101 103 101 102 
degeneracy worse : 54 54 73 88 95 99 
SCL #err deg : 333 / 7300
SCL #err weighted degeneracy : 304 304 306 317 326 329 
degeneracy helps : 85 85 102 106 104 105 
degeneracy worse : 56 56 75 90 97 101 
SCL #err deg : 337 / 7400
SCL #err weighted degeneracy : 305 305 308 319 329 333 
degeneracy helps : 88 88 105 109 107 108 
degeneracy worse : 56 56 76 91 99 104 
SCL #err deg : 343 / 7500
SCL #err weighted degeneracy : 307 307 311 322 332 336 
degeneracy helps : 93 93 109 113 111 112 
degeneracy worse : 57 57 77 92 100 105 
SCL #err deg : 348 / 7600
SCL #err weighted degeneracy : 312 312 316 327 338 341 
degeneracy helps : 94 94 110 114 112 114 
degeneracy worse : 58 58 78 93 102 107 
SCL #err deg : 350 / 7700
SCL #err weighted degeneracy : 313 313 317 328 339 342 
degeneracy helps : 96 96 112 116 114 116 
degeneracy worse : 59 59 79 94 103 108 
SCL #err deg : 359 / 7800
SCL #err weighted degeneracy : 321 321 324 336 347 350 
degeneracy helps : 97 97 114 118 116 118 
degeneracy worse : 59 59 79 95 104 109 
SCL #err deg : 361 / 7900
SCL #err weighted degeneracy : 323 323 328 340 351 354 
degeneracy helps : 98 98 115 119 117 119 
degeneracy worse : 60 60 82 98 107 112 
SCL #err deg : 363 / 8000
SCL #err weighted degeneracy : 326 326 331 343 354 357 
degeneracy helps : 98 98 115 119 117 119 
degeneracy worse : 61 61 83 99 108 113 
SCL #err deg : 368 / 8100
SCL #err weighted degeneracy : 330 330 335 347 358 361 
degeneracy helps : 100 100 117 121 119 121 
degeneracy worse : 62 62 84 100 109 114 
SCL #err deg : 371 / 8200
SCL #err weighted degeneracy : 333 333 338 350 361 364 
degeneracy helps : 100 100 117 121 119 121 
degeneracy worse : 62 62 84 100 109 114 
SCL #err deg : 377 / 8300
SCL #err weighted degeneracy : 339 339 345 356 367 369 
degeneracy helps : 101 101 118 123 121 123 
degeneracy worse : 63 63 86 102 111 115 
SCL #err deg : 383 / 8400
SCL #err weighted degeneracy : 345 345 351 361 372 374 
degeneracy helps : 102 102 120 125 123 125 
degeneracy worse : 64 64 88 103 112 116 
SCL #err deg : 385 / 8500
SCL #err weighted degeneracy : 346 346 352 362 373 375 
degeneracy helps : 103 103 121 126 124 126 
degeneracy worse : 64 64 88 103 112 116 
SCL #err deg : 390 / 8600
SCL #err weighted degeneracy : 349 349 355 366 377 378 
degeneracy helps : 106 106 124 129 127 129 
degeneracy worse : 65 65 89 105 114 117 
SCL #err deg : 396 / 8700
SCL #err weighted degeneracy : 354 354 359 371 382 383 
degeneracy helps : 107 107 126 130 128 130 
degeneracy worse : 65 65 89 105 114 117 
SCL #err deg : 399 / 8800
SCL #err weighted degeneracy : 357 357 362 376 389 390 
degeneracy helps : 107 107 126 130 128 130 
degeneracy worse : 65 65 89 107 118 121 
SCL #err deg : 404 / 8900
SCL #err weighted degeneracy : 362 362 366 379 392 393 
degeneracy helps : 107 107 127 132 130 132 
degeneracy worse : 65 65 89 107 118 121 
SCL #err deg : 408 / 9000
SCL #err weighted degeneracy : 364 364 368 381 394 395 
degeneracy helps : 109 109 130 135 133 135 
degeneracy worse : 65 65 90 108 119 122 
SCL #err deg : 414 / 9100
SCL #err weighted degeneracy : 370 370 374 388 401 402 
degeneracy helps : 109 109 130 135 133 135 
degeneracy worse : 65 65 90 109 120 123 
SCL #err deg : 417 / 9200
SCL #err weighted degeneracy : 373 373 377 391 404 405 
degeneracy helps : 110 110 131 136 134 136 
degeneracy worse : 66 66 91 110 121 124 
SCL #err deg : 421 / 9300
SCL #err weighted degeneracy : 378 378 382 396 409 410 
degeneracy helps : 112 112 133 138 136 138 
degeneracy worse : 69 69 94 113 124 127 
SCL #err deg : 425 / 9400
SCL #err weighted degeneracy : 381 381 385 399 412 413 
degeneracy helps : 114 114 135 140 138 140 
degeneracy worse : 70 70 95 114 125 128 
SCL #err deg : 428 / 9500
SCL #err weighted degeneracy : 384 384 388 402 415 416 
degeneracy helps : 114 114 135 140 138 140 
degeneracy worse : 70 70 95 114 125 128 
SCL #err deg : 435 / 9600
SCL #err weighted degeneracy : 386 386 390 404 417 418 
degeneracy helps : 119 119 140 145 143 145 
degeneracy worse : 70 70 95 114 125 128 
SCL #err deg : 444 / 9700
SCL #err weighted degeneracy : 393 393 396 410 423 424 
degeneracy helps : 121 121 144 149 147 149 
degeneracy worse : 70 70 96 115 126 129 
SCL #err deg : 447 / 9800
SCL #err weighted degeneracy : 395 395 398 412 425 426 
degeneracy helps : 122 122 145 150 148 150 
degeneracy worse : 70 70 96 115 126 129 
SCL #err deg : 452 / 9900
SCL #err weighted degeneracy : 400 400 403 418 431 431 
degeneracy helps : 123 123 146 151 149 151 
degeneracy worse : 71 71 97 117 128 130 
SCL #err deg : 456 / 10000
SCL #err weighted degeneracy : 405 405 407 422 435 435 
degeneracy helps : 123 123 146 151 149 151 
degeneracy worse : 72 72 97 117 128 130 
average #flips: 92.0182
SCL #err considering degeneracy: 456
error due to equal 156
error due to SCL smaller 283
Finish in 11752 s
