Simulation Polar syndrome FASTER N=1024, K=513, l=128, pz=0.14, #samples=10000, seed=0
HPW construction
Event generator random seed: 0
SCL #err deg : 78 / 100
SCL #err weighted degeneracy : 71 71 69 70 71 71 
degeneracy helps : 12 12 14 13 13 13 
degeneracy worse : 5 5 5 5 6 6 
SCL #err deg : 153 / 200
SCL #err weighted degeneracy : 144 144 143 143 145 144 
degeneracy helps : 18 18 19 18 18 18 
degeneracy worse : 9 9 9 8 10 9 
SCL #err deg : 232 / 300
SCL #err weighted degeneracy : 218 219 217 216 218 218 
degeneracy helps : 26 25 27 27 27 27 
degeneracy worse : 12 12 12 11 13 13 
SCL #err deg : 312 / 400
SCL #err weighted degeneracy : 290 291 289 289 292 295 
degeneracy helps : 38 37 38 38 37 33 
degeneracy worse : 16 16 15 15 17 16 
SCL #err deg : 379 / 500
SCL #err weighted degeneracy : 360 359 359 359 360 365 
degeneracy helps : 44 43 45 45 46 40 
degeneracy worse : 25 23 25 25 27 26 
SCL #err deg : 456 / 600
SCL #err weighted degeneracy : 437 437 436 439 440 444 
degeneracy helps : 52 50 53 50 51 44 
degeneracy worse : 33 31 33 33 35 32 
SCL #err deg : 534 / 700
SCL #err weighted degeneracy : 510 511 509 511 513 518 
degeneracy helps : 63 60 64 62 63 55 
degeneracy worse : 39 37 39 39 42 39 
SCL #err deg : 605 / 800
SCL #err weighted degeneracy : 577 580 572 572 576 583 
degeneracy helps : 71 66 75 74 75 66 
degeneracy worse : 43 41 42 41 46 44 
SCL #err deg : 674 / 900
SCL #err weighted degeneracy : 650 653 647 645 649 654 
degeneracy helps : 74 69 78 79 80 72 
degeneracy worse : 50 48 51 50 55 52 
SCL #err deg : 747 / 1000
SCL #err weighted degeneracy : 725 728 722 722 725 729 
degeneracy helps : 80 75 84 82 84 76 
degeneracy worse : 58 56 59 57 62 58 
SCL #err deg : 823 / 1100
SCL #err weighted degeneracy : 801 804 797 798 801 805 
degeneracy helps : 83 78 88 86 88 80 
degeneracy worse : 61 59 62 61 66 62 
SCL #err deg : 899 / 1200
SCL #err weighted degeneracy : 877 880 873 877 880 884 
degeneracy helps : 87 82 93 90 91 85 
degeneracy worse : 65 63 67 68 72 70 
SCL #err deg : 971 / 1300
SCL #err weighted degeneracy : 947 951 946 949 950 956 
degeneracy helps : 93 87 97 95 97 91 
degeneracy worse : 69 67 72 73 76 76 
SCL #err deg : 1041 / 1400
SCL #err weighted degeneracy : 1017 1021 1017 1019 1020 1026 
degeneracy helps : 101 95 103 103 105 99 
degeneracy worse : 77 75 79 81 84 84 
SCL #err deg : 1119 / 1500
SCL #err weighted degeneracy : 1087 1093 1088 1090 1090 1096 
degeneracy helps : 113 105 114 115 118 112 
degeneracy worse : 81 79 83 86 89 89 
SCL #err deg : 1192 / 1600
SCL #err weighted degeneracy : 1158 1163 1158 1160 1158 1165 
degeneracy helps : 119 112 121 122 126 119 
degeneracy worse : 85 83 87 90 92 92 
SCL #err deg : 1263 / 1700
SCL #err weighted degeneracy : 1231 1236 1232 1233 1233 1238 
degeneracy helps : 126 119 126 129 131 126 
degeneracy worse : 94 92 95 99 101 101 
SCL #err deg : 1337 / 1800
SCL #err weighted degeneracy : 1304 1307 1305 1306 1305 1309 
degeneracy helps : 130 123 130 135 138 134 
degeneracy worse : 97 93 98 104 106 106 
SCL #err deg : 1415 / 1900
SCL #err weighted degeneracy : 1377 1378 1379 1382 1380 1385 
degeneracy helps : 140 133 139 144 148 144 
degeneracy worse : 102 96 103 111 113 114 
SCL #err deg : 1493 / 2000
SCL #err weighted degeneracy : 1453 1454 1456 1459 1457 1464 
degeneracy helps : 144 137 143 149 153 148 
degeneracy worse : 104 98 106 115 117 119 
SCL #err deg : 1572 / 2100
SCL #err weighted degeneracy : 1533 1532 1536 1540 1537 1541 
degeneracy helps : 149 143 148 154 159 155 
degeneracy worse : 110 103 112 122 124 124 
SCL #err deg : 1649 / 2200
SCL #err weighted degeneracy : 1616 1614 1618 1622 1617 1619 
degeneracy helps : 151 146 150 157 163 160 
degeneracy worse : 118 111 119 130 131 130 
SCL #err deg : 1718 / 2300
SCL #err weighted degeneracy : 1679 1678 1683 1684 1682 1685 
degeneracy helps : 158 151 156 166 171 168 
degeneracy worse : 119 111 121 132 135 135 
SCL #err deg : 1789 / 2400
SCL #err weighted degeneracy : 1750 1749 1754 1752 1749 1752 
degeneracy helps : 164 157 162 174 180 178 
degeneracy worse : 125 117 127 137 140 141 
SCL #err deg : 1857 / 2500
SCL #err weighted degeneracy : 1819 1817 1818 1815 1812 1816 
degeneracy helps : 168 162 170 184 190 188 
degeneracy worse : 130 122 131 142 145 147 
SCL #err deg : 1932 / 2600
SCL #err weighted degeneracy : 1894 1893 1896 1895 1893 1895 
degeneracy helps : 176 169 175 188 194 193 
degeneracy worse : 138 130 139 151 155 156 
SCL #err deg : 2005 / 2700
SCL #err weighted degeneracy : 1970 1970 1970 1967 1968 1970 
degeneracy helps : 180 172 180 195 200 199 
degeneracy worse : 145 137 145 157 163 164 
SCL #err deg : 2075 / 2800
SCL #err weighted degeneracy : 2038 2038 2038 2034 2034 2036 
degeneracy helps : 188 180 188 205 211 210 
degeneracy worse : 151 143 151 164 170 171 
SCL #err deg : 2151 / 2900
SCL #err weighted degeneracy : 2112 2112 2113 2109 2110 2113 
degeneracy helps : 194 186 194 211 217 216 
degeneracy worse : 155 147 156 169 176 178 
SCL #err deg : 2230 / 3000
SCL #err weighted degeneracy : 2190 2189 2191 2191 2194 2198 
degeneracy helps : 199 192 200 216 220 219 
degeneracy worse : 159 151 161 177 184 187 
SCL #err deg : 2301 / 3100
SCL #err weighted degeneracy : 2262 2260 2264 2264 2265 2269 
degeneracy helps : 203 197 204 220 226 225 
degeneracy worse : 164 156 167 183 190 193 
SCL #err deg : 2377 / 3200
SCL #err weighted degeneracy : 2336 2334 2337 2342 2343 2346 
degeneracy helps : 211 205 214 226 232 231 
degeneracy worse : 170 162 174 191 198 200 
SCL #err deg : 2452 / 3300
SCL #err weighted degeneracy : 2407 2405 2405 2412 2411 2415 
degeneracy helps : 221 215 226 238 245 243 
degeneracy worse : 176 168 179 198 204 206 
SCL #err deg : 2519 / 3400
SCL #err weighted degeneracy : 2481 2480 2478 2487 2486 2490 
degeneracy helps : 225 218 231 241 248 247 
degeneracy worse : 187 179 190 209 215 218 
SCL #err deg : 2592 / 3500
SCL #err weighted degeneracy : 2548 2549 2547 2555 2556 2560 
degeneracy helps : 235 227 241 252 257 256 
degeneracy worse : 191 184 196 215 221 224 
SCL #err deg : 2663 / 3600
SCL #err weighted degeneracy : 2622 2622 2621 2628 2627 2630 
degeneracy helps : 238 230 244 256 263 262 
degeneracy worse : 197 189 202 221 227 229 
SCL #err deg : 2738 / 3700
SCL #err weighted degeneracy : 2702 2702 2698 2705 2705 2705 
degeneracy helps : 241 233 248 260 266 266 
degeneracy worse : 205 197 208 227 233 233 
SCL #err deg : 2805 / 3800
SCL #err weighted degeneracy : 2768 2768 2764 2771 2772 2771 
degeneracy helps : 247 239 254 267 271 271 
degeneracy worse : 210 202 213 233 238 237 
SCL #err deg : 2876 / 3900
SCL #err weighted degeneracy : 2844 2843 2840 2848 2850 2847 
degeneracy helps : 254 246 261 273 275 277 
degeneracy worse : 222 213 225 245 249 248 
SCL #err deg : 2949 / 4000
SCL #err weighted degeneracy : 2917 2916 2913 2918 2919 2916 
degeneracy helps : 262 254 270 283 284 286 
degeneracy worse : 230 221 234 252 254 253 
SCL #err deg : 3027 / 4100
SCL #err weighted degeneracy : 2991 2991 2988 2994 2996 2991 
degeneracy helps : 272 263 279 293 293 296 
degeneracy worse : 236 227 240 260 262 260 
SCL #err deg : 3096 / 4200
SCL #err weighted degeneracy : 3059 3059 3057 3063 3065 3060 
degeneracy helps : 279 270 286 301 301 306 
degeneracy worse : 242 233 247 268 270 270 
SCL #err deg : 3169 / 4300
SCL #err weighted degeneracy : 3131 3131 3127 3133 3137 3133 
degeneracy helps : 283 274 292 309 308 312 
degeneracy worse : 245 236 250 273 276 276 
SCL #err deg : 3242 / 4400
SCL #err weighted degeneracy : 3204 3206 3197 3203 3205 3202 
degeneracy helps : 289 279 300 316 315 319 
degeneracy worse : 251 243 255 277 278 279 
SCL #err deg : 3316 / 4500
SCL #err weighted degeneracy : 3275 3278 3269 3276 3276 3274 
degeneracy helps : 299 288 310 325 325 328 
degeneracy worse : 258 250 263 285 285 286 
SCL #err deg : 3383 / 4600
SCL #err weighted degeneracy : 3343 3344 3335 3344 3345 3344 
degeneracy helps : 304 293 316 332 331 334 
degeneracy worse : 264 254 268 293 293 295 
SCL #err deg : 3457 / 4700
SCL #err weighted degeneracy : 3416 3417 3406 3417 3417 3415 
degeneracy helps : 308 297 321 337 337 341 
degeneracy worse : 267 257 270 297 297 299 
SCL #err deg : 3527 / 4800
SCL #err weighted degeneracy : 3493 3493 3483 3493 3493 3492 
degeneracy helps : 311 300 325 341 340 343 
degeneracy worse : 277 266 281 307 306 308 
SCL #err deg : 3604 / 4900
SCL #err weighted degeneracy : 3566 3566 3559 3568 3571 3571 
degeneracy helps : 317 306 331 348 344 347 
degeneracy worse : 279 268 286 312 311 314 
SCL #err deg : 3679 / 5000
SCL #err weighted degeneracy : 3641 3641 3635 3644 3648 3650 
degeneracy helps : 321 310 334 351 347 349 
degeneracy worse : 283 272 290 316 316 320 
SCL #err deg : 3751 / 5100
SCL #err weighted degeneracy : 3715 3714 3710 3719 3722 3723 
degeneracy helps : 326 316 337 354 350 353 
degeneracy worse : 290 279 296 322 321 325 
SCL #err deg : 3826 / 5200
SCL #err weighted degeneracy : 3791 3791 3789 3798 3802 3803 
degeneracy helps : 331 320 341 358 353 356 
degeneracy worse : 296 285 304 330 329 333 
SCL #err deg : 3906 / 5300
SCL #err weighted degeneracy : 3861 3861 3859 3869 3875 3874 
degeneracy helps : 345 334 354 370 362 367 
degeneracy worse : 300 289 307 333 331 335 
SCL #err deg : 3979 / 5400
SCL #err weighted degeneracy : 3932 3932 3930 3938 3945 3944 
degeneracy helps : 353 342 362 378 369 374 
degeneracy worse : 306 295 313 337 335 339 
SCL #err deg : 4045 / 5500
SCL #err weighted degeneracy : 4000 4001 3998 4005 4015 4016 
degeneracy helps : 359 348 369 386 375 381 
degeneracy worse : 314 304 322 346 345 352 
SCL #err deg : 4112 / 5600
SCL #err weighted degeneracy : 4066 4067 4064 4072 4083 4084 
degeneracy helps : 362 351 372 389 378 384 
degeneracy worse : 316 306 324 349 349 356 
SCL #err deg : 4189 / 5700
SCL #err weighted degeneracy : 4143 4144 4142 4150 4160 4162 
degeneracy helps : 369 358 378 395 384 389 
degeneracy worse : 323 313 331 356 355 362 
SCL #err deg : 4251 / 5800
SCL #err weighted degeneracy : 4205 4204 4205 4213 4224 4225 
degeneracy helps : 374 363 381 399 387 394 
degeneracy worse : 328 316 335 361 360 368 
SCL #err deg : 4322 / 5900
SCL #err weighted degeneracy : 4279 4278 4279 4288 4298 4300 
degeneracy helps : 379 368 387 403 392 398 
degeneracy worse : 336 324 344 369 368 376 
SCL #err deg : 4401 / 6000
SCL #err weighted degeneracy : 4350 4350 4350 4362 4370 4373 
degeneracy helps : 389 377 397 410 401 407 
degeneracy worse : 338 326 346 371 370 379 
SCL #err deg : 4475 / 6100
SCL #err weighted degeneracy : 4422 4420 4424 4436 4442 4445 
degeneracy helps : 395 384 403 417 409 416 
degeneracy worse : 342 329 352 378 376 386 
SCL #err deg : 4555 / 6200
SCL #err weighted degeneracy : 4500 4497 4503 4516 4523 4526 
degeneracy helps : 400 390 407 422 414 420 
degeneracy worse : 345 332 355 383 382 391 
SCL #err deg : 4626 / 6300
SCL #err weighted degeneracy : 4572 4567 4576 4588 4594 4598 
degeneracy helps : 406 397 412 427 419 425 
degeneracy worse : 352 338 362 389 387 397 
SCL #err deg : 4699 / 6400
SCL #err weighted degeneracy : 4644 4638 4647 4661 4668 4674 
degeneracy helps : 411 403 419 433 426 430 
degeneracy worse : 356 342 367 395 395 405 
SCL #err deg : 4776 / 6500
SCL #err weighted degeneracy : 4717 4712 4719 4736 4743 4749 
degeneracy helps : 418 409 426 440 433 437 
degeneracy worse : 359 345 369 400 400 410 
SCL #err deg : 4851 / 6600
SCL #err weighted degeneracy : 4796 4790 4796 4813 4817 4821 
degeneracy helps : 421 412 430 443 439 444 
degeneracy worse : 366 351 375 405 405 414 
SCL #err deg : 4930 / 6700
SCL #err weighted degeneracy : 4875 4869 4876 4894 4898 4902 
degeneracy helps : 425 416 433 445 441 446 
degeneracy worse : 370 355 379 409 409 418 
SCL #err deg : 5004 / 6800
SCL #err weighted degeneracy : 4946 4940 4947 4969 4971 4975 
degeneracy helps : 432 423 439 450 447 452 
degeneracy worse : 374 359 382 415 414 423 
SCL #err deg : 5087 / 6900
SCL #err weighted degeneracy : 5023 5017 5025 5045 5047 5049 
degeneracy helps : 442 433 449 462 460 467 
degeneracy worse : 378 363 387 420 420 429 
SCL #err deg : 5158 / 7000
SCL #err weighted degeneracy : 5093 5087 5093 5115 5116 5118 
degeneracy helps : 448 439 458 471 471 477 
degeneracy worse : 383 368 393 428 429 437 
SCL #err deg : 5227 / 7100
SCL #err weighted degeneracy : 5160 5154 5163 5186 5187 5187 
degeneracy helps : 456 447 464 476 476 482 
degeneracy worse : 389 374 400 435 436 442 
SCL #err deg : 5301 / 7200
SCL #err weighted degeneracy : 5233 5228 5235 5256 5257 5259 
degeneracy helps : 464 454 473 485 485 490 
degeneracy worse : 396 381 407 440 441 448 
SCL #err deg : 5371 / 7300
SCL #err weighted degeneracy : 5302 5299 5305 5327 5328 5330 
degeneracy helps : 470 460 478 488 488 493 
degeneracy worse : 401 388 412 444 445 452 
SCL #err deg : 5434 / 7400
SCL #err weighted degeneracy : 5365 5362 5370 5390 5392 5395 
degeneracy helps : 477 467 484 495 496 502 
degeneracy worse : 408 395 420 451 454 463 
SCL #err deg : 5513 / 7500
SCL #err weighted degeneracy : 5443 5439 5445 5467 5469 5472 
degeneracy helps : 484 475 492 502 504 510 
degeneracy worse : 414 401 424 456 460 469 
SCL #err deg : 5587 / 7600
SCL #err weighted degeneracy : 5516 5511 5518 5540 5540 5542 
degeneracy helps : 493 484 501 513 516 521 
degeneracy worse : 422 408 432 466 469 476 
SCL #err deg : 5656 / 7700
SCL #err weighted degeneracy : 5583 5578 5585 5606 5607 5611 
degeneracy helps : 500 490 508 521 522 525 
degeneracy worse : 427 412 437 471 473 480 
SCL #err deg : 5727 / 7800
SCL #err weighted degeneracy : 5651 5645 5651 5674 5677 5682 
degeneracy helps : 507 497 517 530 530 532 
degeneracy worse : 431 415 441 477 480 487 
SCL #err deg : 5804 / 7900
SCL #err weighted degeneracy : 5722 5717 5723 5744 5748 5754 
degeneracy helps : 519 508 529 543 542 543 
degeneracy worse : 437 421 448 483 486 493 
SCL #err deg : 5877 / 8000
SCL #err weighted degeneracy : 5795 5789 5796 5818 5823 5831 
degeneracy helps : 524 513 534 548 547 547 
degeneracy worse : 442 425 453 489 493 501 
SCL #err deg : 5947 / 8100
SCL #err weighted degeneracy : 5870 5865 5872 5892 5896 5904 
degeneracy helps : 527 516 537 551 550 550 
degeneracy worse : 450 434 462 496 499 507 
SCL #err deg : 6023 / 8200
SCL #err weighted degeneracy : 5946 5942 5949 5968 5968 5980 
degeneracy helps : 532 520 542 558 559 557 
degeneracy worse : 455 439 468 503 504 514 
SCL #err deg : 6096 / 8300
SCL #err weighted degeneracy : 6026 6022 6029 6048 6047 6058 
degeneracy helps : 532 520 542 559 562 560 
degeneracy worse : 462 446 475 511 513 522 
SCL #err deg : 6174 / 8400
SCL #err weighted degeneracy : 6103 6100 6106 6124 6123 6135 
degeneracy helps : 536 524 547 565 568 565 
degeneracy worse : 465 450 479 515 517 526 
SCL #err deg : 6251 / 8500
SCL #err weighted degeneracy : 6178 6175 6182 6201 6201 6214 
degeneracy helps : 541 529 553 571 574 570 
degeneracy worse : 468 453 484 521 524 533 
SCL #err deg : 6325 / 8600
SCL #err weighted degeneracy : 6250 6247 6257 6276 6276 6290 
degeneracy helps : 547 535 559 578 581 577 
degeneracy worse : 472 457 491 529 532 542 
SCL #err deg : 6391 / 8700
SCL #err weighted degeneracy : 6318 6315 6326 6345 6345 6359 
degeneracy helps : 552 540 565 584 586 582 
degeneracy worse : 479 464 500 538 540 550 
SCL #err deg : 6460 / 8800
SCL #err weighted degeneracy : 6395 6391 6401 6419 6416 6429 
degeneracy helps : 556 545 569 588 592 588 
degeneracy worse : 491 476 510 547 548 557 
SCL #err deg : 6540 / 8900
SCL #err weighted degeneracy : 6465 6464 6472 6490 6490 6504 
degeneracy helps : 567 553 579 599 601 597 
degeneracy worse : 492 477 511 549 551 561 
SCL #err deg : 6614 / 9000
SCL #err weighted degeneracy : 6536 6534 6543 6564 6563 6577 
degeneracy helps : 573 559 585 603 606 602 
degeneracy worse : 495 479 514 553 555 565 
SCL #err deg : 6689 / 9100
SCL #err weighted degeneracy : 6607 6605 6612 6636 6635 6649 
degeneracy helps : 581 567 593 610 613 609 
degeneracy worse : 499 483 516 557 559 569 
SCL #err deg : 6759 / 9200
SCL #err weighted degeneracy : 6676 6673 6680 6704 6704 6718 
degeneracy helps : 589 575 603 619 619 616 
degeneracy worse : 506 489 524 564 564 575 
SCL #err deg : 6835 / 9300
SCL #err weighted degeneracy : 6751 6747 6757 6779 6779 6793 
degeneracy helps : 593 579 606 624 624 621 
degeneracy worse : 509 491 528 568 568 579 
SCL #err deg : 6910 / 9400
SCL #err weighted degeneracy : 6826 6821 6831 6854 6854 6866 
degeneracy helps : 600 587 613 630 630 629 
degeneracy worse : 516 498 534 574 574 585 
SCL #err deg : 6984 / 9500
SCL #err weighted degeneracy : 6901 6896 6906 6931 6930 6939 
degeneracy helps : 608 595 622 637 637 637 
degeneracy worse : 525 507 544 584 583 592 
SCL #err deg : 7048 / 9600
SCL #err weighted degeneracy : 6964 6959 6971 6998 6997 7006 
degeneracy helps : 615 602 628 643 643 643 
degeneracy worse : 531 513 551 593 592 601 
SCL #err deg : 7128 / 9700
SCL #err weighted degeneracy : 7045 7040 7053 7079 7079 7089 
degeneracy helps : 620 606 633 649 649 649 
degeneracy worse : 537 518 558 600 600 610 
SCL #err deg : 7196 / 9800
SCL #err weighted degeneracy : 7121 7117 7127 7153 7153 7164 
degeneracy helps : 624 609 637 654 654 654 
degeneracy worse : 549 530 568 611 611 622 
SCL #err deg : 7267 / 9900
SCL #err weighted degeneracy : 7187 7183 7193 7222 7223 7235 
degeneracy helps : 631 616 644 659 658 658 
degeneracy worse : 551 532 570 614 614 626 
SCL #err deg : 7338 / 10000
SCL #err weighted degeneracy : 7257 7252 7264 7295 7297 7309 
degeneracy helps : 634 620 647 662 661 661 
degeneracy worse : 553 534 573 619 620 632 
average #flips: 143.341
SCL #err considering degeneracy: 7338
error due to equal 11
error due to SCL smaller 7322
Finish in 12224 s
