Simulation Polar syndrome FASTER N=1024, K=513, l=128, pz=0.18, #samples=10000, seed=0
HPW construction
Event generator random seed: 0
SCL #err deg : 77 / 100
SCL #err weighted degeneracy : 79 81 79 79 78 79 
degeneracy helps : 5 3 5 5 6 5 
degeneracy worse : 7 7 7 7 7 7 
SCL #err deg : 147 / 200
SCL #err weighted degeneracy : 150 152 150 151 151 155 
degeneracy helps : 12 10 12 12 10 8 
degeneracy worse : 15 15 15 16 14 16 
SCL #err deg : 227 / 300
SCL #err weighted degeneracy : 223 225 227 228 228 233 
degeneracy helps : 21 19 20 20 18 15 
degeneracy worse : 17 17 20 21 19 21 
SCL #err deg : 306 / 400
SCL #err weighted degeneracy : 304 303 309 307 306 313 
degeneracy helps : 27 27 25 27 26 21 
degeneracy worse : 25 24 28 28 26 28 
SCL #err deg : 387 / 500
SCL #err weighted degeneracy : 380 379 386 384 381 390 
degeneracy helps : 35 35 31 34 35 28 
degeneracy worse : 28 27 30 31 29 31 
SCL #err deg : 455 / 600
SCL #err weighted degeneracy : 454 453 459 457 453 460 
degeneracy helps : 40 40 37 39 40 34 
degeneracy worse : 39 38 41 41 38 39 
SCL #err deg : 526 / 700
SCL #err weighted degeneracy : 525 523 530 529 524 533 
degeneracy helps : 43 43 40 43 45 38 
degeneracy worse : 42 40 44 46 43 45 
SCL #err deg : 607 / 800
SCL #err weighted degeneracy : 604 603 609 607 600 607 
degeneracy helps : 48 47 45 50 53 48 
degeneracy worse : 45 43 47 50 46 48 
SCL #err deg : 681 / 900
SCL #err weighted degeneracy : 682 680 688 688 682 689 
degeneracy helps : 54 53 50 55 58 53 
degeneracy worse : 55 52 57 62 59 61 
SCL #err deg : 753 / 1000
SCL #err weighted degeneracy : 752 748 760 761 756 764 
degeneracy helps : 59 59 55 60 64 60 
degeneracy worse : 58 54 62 68 67 71 
SCL #err deg : 835 / 1100
SCL #err weighted degeneracy : 832 826 839 839 835 842 
degeneracy helps : 64 65 61 67 71 68 
degeneracy worse : 61 56 65 71 71 75 
SCL #err deg : 917 / 1200
SCL #err weighted degeneracy : 911 906 918 917 912 921 
degeneracy helps : 72 72 69 75 80 75 
degeneracy worse : 66 61 70 75 75 79 
SCL #err deg : 990 / 1300
SCL #err weighted degeneracy : 984 980 988 987 980 989 
degeneracy helps : 78 78 78 84 89 84 
degeneracy worse : 72 68 76 81 79 83 
SCL #err deg : 1063 / 1400
SCL #err weighted degeneracy : 1063 1060 1067 1066 1056 1064 
degeneracy helps : 81 81 82 88 95 91 
degeneracy worse : 81 78 86 91 88 92 
SCL #err deg : 1142 / 1500
SCL #err weighted degeneracy : 1143 1142 1147 1145 1131 1139 
degeneracy helps : 88 87 88 95 105 101 
degeneracy worse : 89 87 93 98 94 98 
SCL #err deg : 1226 / 1600
SCL #err weighted degeneracy : 1221 1219 1224 1223 1209 1218 
degeneracy helps : 98 97 99 104 114 109 
degeneracy worse : 93 90 97 101 97 101 
SCL #err deg : 1296 / 1700
SCL #err weighted degeneracy : 1292 1291 1299 1298 1285 1291 
degeneracy helps : 103 101 102 109 119 117 
degeneracy worse : 99 96 105 111 108 112 
SCL #err deg : 1380 / 1800
SCL #err weighted degeneracy : 1374 1372 1381 1378 1364 1371 
degeneracy helps : 112 110 111 118 129 126 
degeneracy worse : 106 102 112 116 113 117 
SCL #err deg : 1460 / 1900
SCL #err weighted degeneracy : 1454 1452 1462 1459 1445 1454 
degeneracy helps : 118 118 117 122 135 130 
degeneracy worse : 112 110 119 121 120 124 
SCL #err deg : 1545 / 2000
SCL #err weighted degeneracy : 1538 1536 1548 1545 1532 1540 
degeneracy helps : 124 124 121 128 140 135 
degeneracy worse : 117 115 124 128 127 130 
SCL #err deg : 1617 / 2100
SCL #err weighted degeneracy : 1609 1608 1621 1619 1606 1615 
degeneracy helps : 132 133 128 135 147 141 
degeneracy worse : 124 124 132 137 136 139 
SCL #err deg : 1695 / 2200
SCL #err weighted degeneracy : 1687 1684 1697 1695 1684 1692 
degeneracy helps : 140 141 138 145 155 150 
degeneracy worse : 132 130 140 145 144 147 
SCL #err deg : 1774 / 2300
SCL #err weighted degeneracy : 1764 1759 1775 1775 1764 1772 
degeneracy helps : 149 151 146 151 161 156 
degeneracy worse : 139 136 147 152 151 154 
SCL #err deg : 1849 / 2400
SCL #err weighted degeneracy : 1846 1840 1858 1857 1843 1849 
degeneracy helps : 156 158 152 158 169 166 
degeneracy worse : 153 149 161 166 163 166 
SCL #err deg : 1925 / 2500
SCL #err weighted degeneracy : 1922 1916 1934 1932 1919 1925 
degeneracy helps : 163 166 159 165 176 171 
degeneracy worse : 160 157 168 172 170 171 
SCL #err deg : 1992 / 2600
SCL #err weighted degeneracy : 1991 1984 2002 2000 1988 1993 
degeneracy helps : 169 173 165 171 182 177 
degeneracy worse : 168 165 175 179 178 178 
SCL #err deg : 2070 / 2700
SCL #err weighted degeneracy : 2066 2058 2077 2076 2067 2074 
degeneracy helps : 177 181 173 178 187 181 
degeneracy worse : 173 169 180 184 184 185 
SCL #err deg : 2141 / 2800
SCL #err weighted degeneracy : 2136 2129 2147 2144 2133 2142 
degeneracy helps : 183 186 179 184 196 189 
degeneracy worse : 178 174 185 187 188 190 
SCL #err deg : 2215 / 2900
SCL #err weighted degeneracy : 2207 2202 2218 2213 2204 2212 
degeneracy helps : 190 192 187 193 205 199 
degeneracy worse : 182 179 190 191 194 196 
SCL #err deg : 2289 / 3000
SCL #err weighted degeneracy : 2287 2280 2296 2291 2284 2293 
degeneracy helps : 193 195 192 198 211 205 
degeneracy worse : 191 186 199 200 206 209 
SCL #err deg : 2357 / 3100
SCL #err weighted degeneracy : 2357 2350 2366 2362 2354 2360 
degeneracy helps : 196 199 195 201 214 208 
degeneracy worse : 196 192 204 206 211 211 
SCL #err deg : 2430 / 3200
SCL #err weighted degeneracy : 2433 2425 2442 2435 2428 2433 
degeneracy helps : 202 205 201 207 219 215 
degeneracy worse : 205 200 213 212 217 218 
SCL #err deg : 2507 / 3300
SCL #err weighted degeneracy : 2508 2500 2518 2513 2507 2511 
degeneracy helps : 208 211 207 212 223 219 
degeneracy worse : 209 204 218 218 223 223 
SCL #err deg : 2581 / 3400
SCL #err weighted degeneracy : 2582 2575 2592 2586 2581 2585 
degeneracy helps : 213 215 212 217 227 223 
degeneracy worse : 214 209 223 222 227 227 
SCL #err deg : 2654 / 3500
SCL #err weighted degeneracy : 2653 2647 2663 2653 2648 2653 
degeneracy helps : 220 221 219 228 238 232 
degeneracy worse : 219 214 228 227 232 231 
SCL #err deg : 2726 / 3600
SCL #err weighted degeneracy : 2725 2720 2735 2727 2722 2728 
degeneracy helps : 225 225 225 234 245 239 
degeneracy worse : 224 219 234 235 241 241 
SCL #err deg : 2800 / 3700
SCL #err weighted degeneracy : 2797 2790 2808 2798 2797 2802 
degeneracy helps : 233 235 232 242 249 244 
degeneracy worse : 230 225 240 240 246 246 
SCL #err deg : 2870 / 3800
SCL #err weighted degeneracy : 2869 2857 2881 2866 2866 2871 
degeneracy helps : 241 247 240 251 256 251 
degeneracy worse : 240 234 251 247 252 252 
SCL #err deg : 2941 / 3900
SCL #err weighted degeneracy : 2946 2934 2961 2943 2943 2948 
degeneracy helps : 245 251 244 257 263 258 
degeneracy worse : 250 244 264 259 265 265 
SCL #err deg : 3016 / 4000
SCL #err weighted degeneracy : 3021 3009 3035 3016 3015 3022 
degeneracy helps : 252 259 251 265 271 266 
degeneracy worse : 257 252 270 265 270 272 
SCL #err deg : 3096 / 4100
SCL #err weighted degeneracy : 3100 3088 3118 3098 3097 3103 
degeneracy helps : 257 264 255 270 276 272 
degeneracy worse : 261 256 277 272 277 279 
SCL #err deg : 3179 / 4200
SCL #err weighted degeneracy : 3181 3169 3200 3181 3180 3187 
degeneracy helps : 263 271 261 276 281 277 
degeneracy worse : 265 261 282 278 282 285 
SCL #err deg : 3250 / 4300
SCL #err weighted degeneracy : 3254 3241 3275 3253 3248 3256 
degeneracy helps : 271 278 268 284 292 288 
degeneracy worse : 275 269 293 287 290 294 
SCL #err deg : 3318 / 4400
SCL #err weighted degeneracy : 3331 3317 3351 3330 3323 3331 
degeneracy helps : 275 283 273 288 298 294 
degeneracy worse : 288 282 306 300 303 307 
SCL #err deg : 3396 / 4500
SCL #err weighted degeneracy : 3405 3392 3422 3403 3396 3404 
degeneracy helps : 282 289 282 296 306 303 
degeneracy worse : 291 285 308 303 306 311 
SCL #err deg : 3469 / 4600
SCL #err weighted degeneracy : 3482 3468 3499 3480 3469 3476 
degeneracy helps : 287 295 287 300 312 311 
degeneracy worse : 300 294 317 311 312 318 
SCL #err deg : 3543 / 4700
SCL #err weighted degeneracy : 3552 3540 3569 3552 3540 3550 
degeneracy helps : 297 302 297 309 321 318 
degeneracy worse : 306 299 323 318 318 325 
SCL #err deg : 3626 / 4800
SCL #err weighted degeneracy : 3629 3616 3647 3633 3621 3631 
degeneracy helps : 308 314 307 317 329 325 
degeneracy worse : 311 304 328 324 324 330 
SCL #err deg : 3709 / 4900
SCL #err weighted degeneracy : 3709 3697 3727 3714 3700 3709 
degeneracy helps : 315 320 314 323 337 334 
degeneracy worse : 315 308 332 328 328 334 
SCL #err deg : 3783 / 5000
SCL #err weighted degeneracy : 3789 3776 3807 3792 3777 3784 
degeneracy helps : 316 322 315 324 339 338 
degeneracy worse : 322 315 339 333 333 339 
SCL #err deg : 3858 / 5100
SCL #err weighted degeneracy : 3861 3849 3881 3869 3856 3862 
degeneracy helps : 323 329 321 329 343 342 
degeneracy worse : 326 320 344 340 341 346 
SCL #err deg : 3934 / 5200
SCL #err weighted degeneracy : 3939 3927 3959 3949 3937 3940 
degeneracy helps : 328 334 326 334 347 349 
degeneracy worse : 333 327 351 349 350 355 
SCL #err deg : 4005 / 5300
SCL #err weighted degeneracy : 4006 3993 4027 4020 4008 4010 
degeneracy helps : 337 345 335 341 354 356 
degeneracy worse : 338 333 357 356 357 361 
SCL #err deg : 4076 / 5400
SCL #err weighted degeneracy : 4083 4072 4105 4096 4084 4083 
degeneracy helps : 341 348 338 345 358 361 
degeneracy worse : 348 344 367 365 366 368 
SCL #err deg : 4154 / 5500
SCL #err weighted degeneracy : 4158 4149 4180 4167 4154 4155 
degeneracy helps : 348 355 345 354 367 369 
degeneracy worse : 352 350 371 367 367 370 
SCL #err deg : 4229 / 5600
SCL #err weighted degeneracy : 4231 4222 4254 4241 4227 4230 
degeneracy helps : 357 364 353 362 375 376 
degeneracy worse : 359 357 378 374 373 377 
SCL #err deg : 4312 / 5700
SCL #err weighted degeneracy : 4315 4306 4337 4325 4310 4312 
degeneracy helps : 361 368 357 365 379 381 
degeneracy worse : 364 362 382 378 377 381 
SCL #err deg : 4386 / 5800
SCL #err weighted degeneracy : 4386 4376 4407 4398 4383 4384 
degeneracy helps : 368 376 365 373 387 390 
degeneracy worse : 368 366 386 385 384 388 
SCL #err deg : 4462 / 5900
SCL #err weighted degeneracy : 4463 4453 4486 4477 4463 4465 
degeneracy helps : 374 383 370 377 391 395 
degeneracy worse : 375 374 394 392 392 398 
SCL #err deg : 4540 / 6000
SCL #err weighted degeneracy : 4543 4532 4564 4558 4542 4545 
degeneracy helps : 378 387 377 382 397 402 
degeneracy worse : 381 379 401 400 399 407 
SCL #err deg : 4611 / 6100
SCL #err weighted degeneracy : 4615 4602 4634 4627 4612 4615 
degeneracy helps : 383 394 383 389 404 408 
degeneracy worse : 387 385 406 405 405 412 
SCL #err deg : 4682 / 6200
SCL #err weighted degeneracy : 4685 4674 4702 4697 4682 4685 
degeneracy helps : 388 398 390 395 410 414 
degeneracy worse : 391 390 410 410 410 417 
SCL #err deg : 4760 / 6300
SCL #err weighted degeneracy : 4764 4753 4780 4775 4759 4761 
degeneracy helps : 395 405 397 402 416 420 
degeneracy worse : 399 398 417 417 415 421 
SCL #err deg : 4839 / 6400
SCL #err weighted degeneracy : 4844 4834 4859 4854 4837 4840 
degeneracy helps : 400 410 403 409 423 426 
degeneracy worse : 405 405 423 424 421 427 
SCL #err deg : 4916 / 6500
SCL #err weighted degeneracy : 4921 4909 4935 4930 4912 4916 
degeneracy helps : 405 416 409 415 430 432 
degeneracy worse : 410 409 428 429 426 432 
SCL #err deg : 4984 / 6600
SCL #err weighted degeneracy : 4988 4975 5002 4997 4978 4983 
degeneracy helps : 411 423 415 422 437 440 
degeneracy worse : 415 414 433 435 431 439 
SCL #err deg : 5062 / 6700
SCL #err weighted degeneracy : 5067 5056 5080 5076 5056 5063 
degeneracy helps : 416 427 421 427 442 444 
degeneracy worse : 421 421 439 441 436 445 
SCL #err deg : 5137 / 6800
SCL #err weighted degeneracy : 5140 5126 5152 5147 5126 5134 
degeneracy helps : 422 435 427 434 449 451 
degeneracy worse : 425 424 442 444 438 448 
SCL #err deg : 5205 / 6900
SCL #err weighted degeneracy : 5209 5195 5218 5215 5195 5203 
degeneracy helps : 429 441 437 443 457 460 
degeneracy worse : 433 431 450 453 447 458 
SCL #err deg : 5279 / 7000
SCL #err weighted degeneracy : 5280 5266 5291 5288 5266 5274 
degeneracy helps : 438 448 445 450 466 469 
degeneracy worse : 439 435 457 459 453 464 
SCL #err deg : 5356 / 7100
SCL #err weighted degeneracy : 5355 5342 5366 5363 5341 5349 
degeneracy helps : 442 452 449 453 469 472 
degeneracy worse : 441 438 459 460 454 465 
SCL #err deg : 5435 / 7200
SCL #err weighted degeneracy : 5431 5417 5442 5440 5417 5430 
degeneracy helps : 448 458 455 458 477 476 
degeneracy worse : 444 440 462 463 459 471 
SCL #err deg : 5508 / 7300
SCL #err weighted degeneracy : 5507 5493 5516 5512 5488 5501 
degeneracy helps : 451 460 460 463 482 482 
degeneracy worse : 450 445 468 467 462 475 
SCL #err deg : 5576 / 7400
SCL #err weighted degeneracy : 5579 5565 5588 5582 5557 5572 
degeneracy helps : 456 465 464 468 487 486 
degeneracy worse : 459 454 476 474 468 482 
SCL #err deg : 5647 / 7500
SCL #err weighted degeneracy : 5651 5637 5662 5660 5633 5650 
degeneracy helps : 463 472 470 471 491 490 
degeneracy worse : 467 462 485 484 477 493 
SCL #err deg : 5732 / 7600
SCL #err weighted degeneracy : 5738 5723 5747 5744 5717 5733 
degeneracy helps : 466 476 474 475 495 495 
degeneracy worse : 472 467 489 487 480 496 
SCL #err deg : 5811 / 7700
SCL #err weighted degeneracy : 5816 5803 5826 5824 5796 5812 
degeneracy helps : 472 481 479 479 499 499 
degeneracy worse : 477 473 494 492 484 500 
SCL #err deg : 5882 / 7800
SCL #err weighted degeneracy : 5885 5871 5896 5896 5868 5886 
degeneracy helps : 481 491 487 486 507 506 
degeneracy worse : 484 480 501 500 493 510 
SCL #err deg : 5964 / 7900
SCL #err weighted degeneracy : 5963 5948 5974 5974 5947 5966 
degeneracy helps : 487 498 493 493 514 512 
degeneracy worse : 486 482 503 503 497 514 
SCL #err deg : 6040 / 8000
SCL #err weighted degeneracy : 6046 6031 6059 6056 6030 6047 
degeneracy helps : 490 500 495 497 519 519 
degeneracy worse : 496 491 514 513 509 526 
SCL #err deg : 6109 / 8100
SCL #err weighted degeneracy : 6116 6102 6128 6125 6101 6120 
degeneracy helps : 497 506 503 506 528 528 
degeneracy worse : 504 499 522 522 520 539 
SCL #err deg : 6180 / 8200
SCL #err weighted degeneracy : 6179 6164 6193 6192 6168 6187 
degeneracy helps : 507 517 512 516 537 537 
degeneracy worse : 506 501 525 528 525 544 
SCL #err deg : 6256 / 8300
SCL #err weighted degeneracy : 6257 6242 6272 6272 6245 6264 
degeneracy helps : 512 522 516 519 542 543 
degeneracy worse : 513 508 532 535 531 551 
SCL #err deg : 6325 / 8400
SCL #err weighted degeneracy : 6329 6313 6345 6345 6318 6334 
degeneracy helps : 516 528 520 523 546 549 
degeneracy worse : 520 516 540 543 539 558 
SCL #err deg : 6403 / 8500
SCL #err weighted degeneracy : 6407 6391 6424 6423 6399 6412 
degeneracy helps : 522 533 526 529 550 554 
degeneracy worse : 526 521 547 549 546 563 
SCL #err deg : 6478 / 8600
SCL #err weighted degeneracy : 6486 6468 6501 6498 6475 6489 
degeneracy helps : 527 539 532 537 557 560 
degeneracy worse : 535 529 555 557 554 571 
SCL #err deg : 6554 / 8700
SCL #err weighted degeneracy : 6562 6543 6576 6572 6548 6566 
degeneracy helps : 531 544 536 542 562 564 
degeneracy worse : 539 533 558 560 556 576 
SCL #err deg : 6631 / 8800
SCL #err weighted degeneracy : 6641 6622 6655 6652 6628 6644 
degeneracy helps : 534 547 539 544 564 568 
degeneracy worse : 544 538 563 565 561 581 
SCL #err deg : 6712 / 8900
SCL #err weighted degeneracy : 6723 6702 6736 6734 6708 6720 
degeneracy helps : 540 553 546 550 571 577 
degeneracy worse : 551 543 570 572 567 585 
SCL #err deg : 6780 / 9000
SCL #err weighted degeneracy : 6791 6772 6802 6799 6774 6785 
degeneracy helps : 550 561 556 559 581 588 
degeneracy worse : 561 553 578 578 575 593 
SCL #err deg : 6850 / 9100
SCL #err weighted degeneracy : 6860 6843 6875 6872 6847 6858 
degeneracy helps : 559 569 563 565 587 593 
degeneracy worse : 569 562 588 587 584 601 
SCL #err deg : 6927 / 9200
SCL #err weighted degeneracy : 6938 6924 6953 6949 6923 6932 
degeneracy helps : 563 573 567 570 594 603 
degeneracy worse : 574 570 593 592 590 608 
SCL #err deg : 7001 / 9300
SCL #err weighted degeneracy : 7013 6999 7028 7024 6998 7007 
degeneracy helps : 567 577 571 574 598 607 
degeneracy worse : 579 575 598 597 595 613 
SCL #err deg : 7078 / 9400
SCL #err weighted degeneracy : 7096 7080 7111 7106 7080 7088 
degeneracy helps : 568 579 572 575 599 608 
degeneracy worse : 586 581 605 603 601 618 
SCL #err deg : 7157 / 9500
SCL #err weighted degeneracy : 7178 7161 7193 7190 7164 7172 
degeneracy helps : 574 584 578 580 604 612 
degeneracy worse : 595 588 614 613 611 627 
SCL #err deg : 7235 / 9600
SCL #err weighted degeneracy : 7257 7241 7270 7267 7242 7250 
degeneracy helps : 582 591 587 589 613 620 
degeneracy worse : 604 597 622 621 620 635 
SCL #err deg : 7308 / 9700
SCL #err weighted degeneracy : 7332 7316 7346 7342 7318 7326 
degeneracy helps : 586 595 592 595 617 624 
degeneracy worse : 610 603 630 629 627 642 
SCL #err deg : 7381 / 9800
SCL #err weighted degeneracy : 7408 7391 7422 7418 7394 7402 
degeneracy helps : 590 600 596 597 619 627 
degeneracy worse : 617 610 637 634 632 648 
SCL #err deg : 7453 / 9900
SCL #err weighted degeneracy : 7484 7467 7498 7491 7469 7479 
degeneracy helps : 594 604 600 601 623 629 
degeneracy worse : 625 618 645 639 639 655 
SCL #err deg : 7524 / 10000
SCL #err weighted degeneracy : 7559 7541 7573 7565 7545 7556 
degeneracy helps : 597 608 603 604 625 631 
degeneracy worse : 632 625 652 645 646 663 
average #flips: 184.274
SCL #err considering degeneracy: 7524
error due to equal 0
error due to SCL smaller 7524
Finish in 12360 s
