Simulation Polar syndrome FASTER N=1024, K=513, l=128, pz=0.08, #samples=10000, seed=0
HPW construction
Event generator random seed: 0
SCL #err deg : 1 / 100
SCL #err weighted degeneracy : 1 1 1 1 1 1 
degeneracy helps : 0 0 0 0 0 0 
degeneracy worse : 0 0 0 0 0 0 
SCL #err deg : 2 / 200
SCL #err weighted degeneracy : 1 1 1 1 1 1 
degeneracy helps : 1 1 1 1 1 1 
degeneracy worse : 0 0 0 0 0 0 
SCL #err deg : 3 / 300
SCL #err weighted degeneracy : 2 2 2 2 2 2 
degeneracy helps : 1 1 1 1 1 1 
degeneracy worse : 0 0 0 0 0 0 
SCL #err deg : 3 / 400
SCL #err weighted degeneracy : 2 2 2 2 2 2 
degeneracy helps : 1 1 1 1 1 1 
degeneracy worse : 0 0 0 0 0 0 
SCL #err deg : 5 / 500
SCL #err weighted degeneracy : 2 2 2 2 2 2 
degeneracy helps : 3 3 3 3 3 3 
degeneracy worse : 0 0 0 0 0 0 
SCL #err deg : 6 / 600
SCL #err weighted degeneracy : 3 3 3 3 3 3 
degeneracy helps : 3 3 3 3 3 3 
degeneracy worse : 0 0 0 0 0 0 
SCL #err deg : 6 / 700
SCL #err weighted degeneracy : 3 3 3 3 3 3 
degeneracy helps : 3 3 3 3 3 3 
degeneracy worse : 0 0 0 0 0 0 
SCL #err deg : 6 / 800
SCL #err weighted degeneracy : 3 3 3 3 3 3 
degeneracy helps : 3 3 3 3 3 3 
degeneracy worse : 0 0 0 0 0 0 
SCL #err deg : 7 / 900
SCL #err weighted degeneracy : 4 4 3 3 3 3 
degeneracy helps : 3 3 4 4 4 4 
degeneracy worse : 0 0 0 0 0 0 
SCL #err deg : 7 / 1000
SCL #err weighted degeneracy : 4 4 3 3 3 3 
degeneracy helps : 3 3 4 4 4 4 
degeneracy worse : 0 0 0 0 0 0 
SCL #err deg : 10 / 1100
SCL #err weighted degeneracy : 7 7 6 7 7 7 
degeneracy helps : 3 3 4 4 4 4 
degeneracy worse : 0 0 0 1 1 1 
SCL #err deg : 10 / 1200
SCL #err weighted degeneracy : 7 7 6 7 7 7 
degeneracy helps : 3 3 4 4 4 4 
degeneracy worse : 0 0 0 1 1 1 
SCL #err deg : 11 / 1300
SCL #err weighted degeneracy : 8 8 7 8 7 7 
degeneracy helps : 3 3 4 4 5 5 
degeneracy worse : 0 0 0 1 1 1 
SCL #err deg : 11 / 1400
SCL #err weighted degeneracy : 8 8 7 8 7 7 
degeneracy helps : 3 3 4 4 5 5 
degeneracy worse : 0 0 0 1 1 1 
SCL #err deg : 12 / 1500
SCL #err weighted degeneracy : 8 8 7 8 7 7 
degeneracy helps : 4 4 5 5 6 6 
degeneracy worse : 0 0 0 1 1 1 
SCL #err deg : 14 / 1600
SCL #err weighted degeneracy : 9 9 8 9 8 8 
degeneracy helps : 5 5 6 6 7 7 
degeneracy worse : 0 0 0 1 1 1 
SCL #err deg : 14 / 1700
SCL #err weighted degeneracy : 9 9 8 9 8 8 
degeneracy helps : 5 5 6 6 7 7 
degeneracy worse : 0 0 0 1 1 1 
SCL #err deg : 15 / 1800
SCL #err weighted degeneracy : 11 11 10 11 10 10 
degeneracy helps : 5 5 6 6 7 7 
degeneracy worse : 1 1 1 2 2 2 
SCL #err deg : 15 / 1900
SCL #err weighted degeneracy : 11 11 10 11 10 10 
degeneracy helps : 5 5 6 6 7 7 
degeneracy worse : 1 1 1 2 2 2 
SCL #err deg : 16 / 2000
SCL #err weighted degeneracy : 13 13 11 12 11 11 
degeneracy helps : 5 5 7 7 8 8 
degeneracy worse : 2 2 2 3 3 3 
SCL #err deg : 17 / 2100
SCL #err weighted degeneracy : 14 14 12 13 12 12 
degeneracy helps : 5 5 7 7 8 8 
degeneracy worse : 2 2 2 3 3 3 
SCL #err deg : 17 / 2200
SCL #err weighted degeneracy : 14 14 12 13 12 12 
degeneracy helps : 5 5 7 7 8 8 
degeneracy worse : 2 2 2 3 3 3 
SCL #err deg : 20 / 2300
SCL #err weighted degeneracy : 16 16 14 15 14 14 
degeneracy helps : 6 6 8 8 9 9 
degeneracy worse : 2 2 2 3 3 3 
SCL #err deg : 20 / 2400
SCL #err weighted degeneracy : 16 16 14 15 14 15 
degeneracy helps : 6 6 8 8 9 9 
degeneracy worse : 2 2 2 3 3 4 
SCL #err deg : 20 / 2500
SCL #err weighted degeneracy : 16 16 14 15 14 15 
degeneracy helps : 6 6 8 8 9 9 
degeneracy worse : 2 2 2 3 3 4 
SCL #err deg : 20 / 2600
SCL #err weighted degeneracy : 16 16 14 15 14 15 
degeneracy helps : 6 6 8 8 9 9 
degeneracy worse : 2 2 2 3 3 4 
SCL #err deg : 20 / 2700
SCL #err weighted degeneracy : 16 16 14 15 14 15 
degeneracy helps : 6 6 8 8 9 9 
degeneracy worse : 2 2 2 3 3 4 
SCL #err deg : 20 / 2800
SCL #err weighted degeneracy : 16 16 14 15 14 15 
degeneracy helps : 6 6 8 8 9 9 
degeneracy worse : 2 2 2 3 3 4 
SCL #err deg : 20 / 2900
SCL #err weighted degeneracy : 16 16 14 15 14 15 
degeneracy helps : 6 6 8 8 9 9 
degeneracy worse : 2 2 2 3 3 4 
SCL #err deg : 20 / 3000
SCL #err weighted degeneracy : 16 16 14 16 15 16 
degeneracy helps : 6 6 8 8 9 9 
degeneracy worse : 2 2 2 4 4 5 
SCL #err deg : 21 / 3100
SCL #err weighted degeneracy : 16 16 14 16 15 16 
degeneracy helps : 7 7 9 9 10 10 
degeneracy worse : 2 2 2 4 4 5 
SCL #err deg : 21 / 3200
SCL #err weighted degeneracy : 16 16 14 16 15 16 
degeneracy helps : 7 7 9 9 10 10 
degeneracy worse : 2 2 2 4 4 5 
SCL #err deg : 22 / 3300
SCL #err weighted degeneracy : 16 16 14 16 15 16 
degeneracy helps : 8 8 10 10 11 11 
degeneracy worse : 2 2 2 4 4 5 
SCL #err deg : 23 / 3400
SCL #err weighted degeneracy : 17 17 15 17 16 17 
degeneracy helps : 8 8 10 10 11 11 
degeneracy worse : 2 2 2 4 4 5 
SCL #err deg : 24 / 3500
SCL #err weighted degeneracy : 17 17 15 18 17 18 
degeneracy helps : 9 9 11 11 12 12 
degeneracy worse : 2 2 2 5 5 6 
SCL #err deg : 24 / 3600
SCL #err weighted degeneracy : 17 17 15 18 17 19 
degeneracy helps : 9 9 11 11 12 12 
degeneracy worse : 2 2 2 5 5 7 
SCL #err deg : 24 / 3700
SCL #err weighted degeneracy : 17 17 15 18 17 19 
degeneracy helps : 9 9 11 11 12 12 
degeneracy worse : 2 2 2 5 5 7 
SCL #err deg : 25 / 3800
SCL #err weighted degeneracy : 18 18 16 19 18 20 
degeneracy helps : 9 9 11 11 12 12 
degeneracy worse : 2 2 2 5 5 7 
SCL #err deg : 26 / 3900
SCL #err weighted degeneracy : 19 19 17 20 19 21 
degeneracy helps : 9 9 11 11 12 12 
degeneracy worse : 2 2 2 5 5 7 
SCL #err deg : 26 / 4000
SCL #err weighted degeneracy : 19 19 17 20 19 21 
degeneracy helps : 9 9 11 11 12 12 
degeneracy worse : 2 2 2 5 5 7 
SCL #err deg : 26 / 4100
SCL #err weighted degeneracy : 19 19 17 20 19 21 
degeneracy helps : 9 9 11 11 12 12 
degeneracy worse : 2 2 2 5 5 7 
SCL #err deg : 26 / 4200
SCL #err weighted degeneracy : 19 19 17 20 19 21 
degeneracy helps : 9 9 11 11 12 12 
degeneracy worse : 2 2 2 5 5 7 
SCL #err deg : 28 / 4300
SCL #err weighted degeneracy : 21 21 19 21 20 22 
degeneracy helps : 9 9 11 12 13 13 
degeneracy worse : 2 2 2 5 5 7 
SCL #err deg : 28 / 4400
SCL #err weighted degeneracy : 21 21 19 21 20 22 
degeneracy helps : 9 9 11 12 13 13 
degeneracy worse : 2 2 2 5 5 7 
SCL #err deg : 29 / 4500
SCL #err weighted degeneracy : 22 22 20 22 21 23 
degeneracy helps : 9 9 11 12 13 13 
degeneracy worse : 2 2 2 5 5 7 
SCL #err deg : 31 / 4600
SCL #err weighted degeneracy : 23 23 21 23 22 24 
degeneracy helps : 10 10 12 13 14 14 
degeneracy worse : 2 2 2 5 5 7 
SCL #err deg : 31 / 4700
SCL #err weighted degeneracy : 23 23 21 23 22 24 
degeneracy helps : 10 10 12 13 14 14 
degeneracy worse : 2 2 2 5 5 7 
SCL #err deg : 31 / 4800
SCL #err weighted degeneracy : 23 23 21 23 22 24 
degeneracy helps : 10 10 12 13 14 14 
degeneracy worse : 2 2 2 5 5 7 
SCL #err deg : 32 / 4900
SCL #err weighted degeneracy : 23 23 21 23 22 24 
degeneracy helps : 11 11 13 14 15 15 
degeneracy worse : 2 2 2 5 5 7 
SCL #err deg : 32 / 5000
SCL #err weighted degeneracy : 23 23 21 23 22 24 
degeneracy helps : 11 11 13 14 15 15 
degeneracy worse : 2 2 2 5 5 7 
SCL #err deg : 32 / 5100
SCL #err weighted degeneracy : 23 23 21 24 23 25 
degeneracy helps : 11 11 13 14 15 15 
degeneracy worse : 2 2 2 6 6 8 
SCL #err deg : 32 / 5200
SCL #err weighted degeneracy : 23 23 21 24 23 25 
degeneracy helps : 11 11 13 14 15 15 
degeneracy worse : 2 2 2 6 6 8 
SCL #err deg : 33 / 5300
SCL #err weighted degeneracy : 24 24 22 26 25 27 
degeneracy helps : 11 11 13 14 15 15 
degeneracy worse : 2 2 2 7 7 9 
SCL #err deg : 33 / 5400
SCL #err weighted degeneracy : 24 24 22 26 25 27 
degeneracy helps : 11 11 13 14 15 15 
degeneracy worse : 2 2 2 7 7 9 
SCL #err deg : 33 / 5500
SCL #err weighted degeneracy : 24 24 22 26 25 27 
degeneracy helps : 11 11 13 14 15 15 
degeneracy worse : 2 2 2 7 7 9 
SCL #err deg : 36 / 5600
SCL #err weighted degeneracy : 26 26 24 28 27 29 
degeneracy helps : 12 12 14 15 16 16 
degeneracy worse : 2 2 2 7 7 9 
SCL #err deg : 36 / 5700
SCL #err weighted degeneracy : 26 26 24 28 27 29 
degeneracy helps : 12 12 14 15 16 16 
degeneracy worse : 2 2 2 7 7 9 
SCL #err deg : 37 / 5800
SCL #err weighted degeneracy : 27 27 25 29 28 30 
degeneracy helps : 12 12 14 15 16 16 
degeneracy worse : 2 2 2 7 7 9 
SCL #err deg : 37 / 5900
SCL #err weighted degeneracy : 27 27 25 29 28 30 
degeneracy helps : 12 12 14 15 16 16 
degeneracy worse : 2 2 2 7 7 9 
SCL #err deg : 37 / 6000
SCL #err weighted degeneracy : 27 27 25 29 28 30 
degeneracy helps : 12 12 14 15 16 16 
degeneracy worse : 2 2 2 7 7 9 
SCL #err deg : 38 / 6100
SCL #err weighted degeneracy : 28 28 26 31 30 32 
degeneracy helps : 12 12 14 15 16 16 
degeneracy worse : 2 2 2 8 8 10 
SCL #err deg : 38 / 6200
SCL #err weighted degeneracy : 28 28 26 31 30 32 
degeneracy helps : 12 12 14 15 16 16 
degeneracy worse : 2 2 2 8 8 10 
SCL #err deg : 38 / 6300
SCL #err weighted degeneracy : 29 29 27 32 31 33 
degeneracy helps : 12 12 14 15 16 16 
degeneracy worse : 3 3 3 9 9 11 
SCL #err deg : 39 / 6400
SCL #err weighted degeneracy : 29 29 27 32 31 33 
degeneracy helps : 13 13 15 16 17 17 
degeneracy worse : 3 3 3 9 9 11 
SCL #err deg : 39 / 6500
SCL #err weighted degeneracy : 29 29 27 32 31 33 
degeneracy helps : 13 13 15 16 17 17 
degeneracy worse : 3 3 3 9 9 11 
SCL #err deg : 39 / 6600
SCL #err weighted degeneracy : 29 29 27 32 31 33 
degeneracy helps : 13 13 15 16 17 17 
degeneracy worse : 3 3 3 9 9 11 
SCL #err deg : 39 / 6700
SCL #err weighted degeneracy : 29 29 27 32 31 33 
degeneracy helps : 13 13 15 16 17 17 
degeneracy worse : 3 3 3 9 9 11 
SCL #err deg : 39 / 6800
SCL #err weighted degeneracy : 29 29 27 32 31 33 
degeneracy helps : 13 13 15 16 17 17 
degeneracy worse : 3 3 3 9 9 11 
SCL #err deg : 39 / 6900
SCL #err weighted degeneracy : 30 30 28 33 32 34 
degeneracy helps : 13 13 15 16 17 17 
degeneracy worse : 4 4 4 10 10 12 
SCL #err deg : 39 / 7000
SCL #err weighted degeneracy : 30 30 28 33 32 34 
degeneracy helps : 13 13 15 16 17 17 
degeneracy worse : 4 4 4 10 10 12 
SCL #err deg : 40 / 7100
SCL #err weighted degeneracy : 31 31 29 34 33 35 
degeneracy helps : 13 13 15 16 17 17 
degeneracy worse : 4 4 4 10 10 12 
SCL #err deg : 41 / 7200
SCL #err weighted degeneracy : 32 32 30 35 34 36 
degeneracy helps : 13 13 15 16 17 17 
degeneracy worse : 4 4 4 10 10 12 
SCL #err deg : 42 / 7300
SCL #err weighted degeneracy : 33 33 31 36 35 37 
degeneracy helps : 13 13 15 16 17 17 
degeneracy worse : 4 4 4 10 10 12 
SCL #err deg : 42 / 7400
SCL #err weighted degeneracy : 33 33 31 37 36 38 
degeneracy helps : 13 13 15 16 17 17 
degeneracy worse : 4 4 4 11 11 13 
SCL #err deg : 43 / 7500
SCL #err weighted degeneracy : 34 34 32 39 38 40 
degeneracy helps : 13 13 15 16 17 17 
degeneracy worse : 4 4 4 12 12 14 
SCL #err deg : 44 / 7600
SCL #err weighted degeneracy : 37 37 35 42 41 43 
degeneracy helps : 13 13 15 16 17 17 
degeneracy worse : 6 6 6 14 14 16 
SCL #err deg : 44 / 7700
SCL #err weighted degeneracy : 37 37 35 42 41 43 
degeneracy helps : 13 13 15 16 17 17 
degeneracy worse : 6 6 6 14 14 16 
SCL #err deg : 44 / 7800
SCL #err weighted degeneracy : 37 37 35 42 41 43 
degeneracy helps : 13 13 15 16 17 17 
degeneracy worse : 6 6 6 14 14 16 
SCL #err deg : 44 / 7900
SCL #err weighted degeneracy : 37 37 35 42 41 43 
degeneracy helps : 13 13 15 16 17 17 
degeneracy worse : 6 6 6 14 14 16 
SCL #err deg : 44 / 8000
SCL #err weighted degeneracy : 37 37 35 43 42 44 
degeneracy helps : 13 13 15 16 17 17 
degeneracy worse : 6 6 6 15 15 17 
SCL #err deg : 44 / 8100
SCL #err weighted degeneracy : 37 37 35 43 42 44 
degeneracy helps : 13 13 15 16 17 17 
degeneracy worse : 6 6 6 15 15 17 
SCL #err deg : 44 / 8200
SCL #err weighted degeneracy : 37 37 35 43 42 44 
degeneracy helps : 13 13 15 16 17 17 
degeneracy worse : 6 6 6 15 15 17 
SCL #err deg : 44 / 8300
SCL #err weighted degeneracy : 37 37 35 43 42 44 
degeneracy helps : 13 13 15 16 17 17 
degeneracy worse : 6 6 6 15 15 17 
SCL #err deg : 45 / 8400
SCL #err weighted degeneracy : 37 37 35 43 42 45 
degeneracy helps : 14 14 16 17 18 18 
degeneracy worse : 6 6 6 15 15 18 
SCL #err deg : 45 / 8500
SCL #err weighted degeneracy : 37 37 35 43 42 45 
degeneracy helps : 14 14 16 17 18 18 
degeneracy worse : 6 6 6 15 15 18 
SCL #err deg : 45 / 8600
SCL #err weighted degeneracy : 37 37 35 44 43 46 
degeneracy helps : 14 14 16 17 18 18 
degeneracy worse : 6 6 6 16 16 19 
SCL #err deg : 45 / 8700
SCL #err weighted degeneracy : 37 37 35 44 43 46 
degeneracy helps : 14 14 16 17 18 18 
degeneracy worse : 6 6 6 16 16 19 
SCL #err deg : 47 / 8800
SCL #err weighted degeneracy : 38 38 36 45 45 48 
degeneracy helps : 15 15 17 18 19 19 
degeneracy worse : 6 6 6 16 17 20 
SCL #err deg : 47 / 8900
SCL #err weighted degeneracy : 38 38 36 45 45 48 
degeneracy helps : 15 15 17 18 19 19 
degeneracy worse : 6 6 6 16 17 20 
SCL #err deg : 48 / 9000
SCL #err weighted degeneracy : 39 39 37 46 46 49 
degeneracy helps : 15 15 17 18 19 19 
degeneracy worse : 6 6 6 16 17 20 
SCL #err deg : 48 / 9100
SCL #err weighted degeneracy : 39 39 37 46 46 50 
degeneracy helps : 15 15 17 18 19 19 
degeneracy worse : 6 6 6 16 17 21 
SCL #err deg : 48 / 9200
SCL #err weighted degeneracy : 39 39 37 46 47 51 
degeneracy helps : 15 15 17 18 19 19 
degeneracy worse : 6 6 6 16 18 22 
SCL #err deg : 48 / 9300
SCL #err weighted degeneracy : 39 39 37 46 47 52 
degeneracy helps : 15 15 17 18 19 19 
degeneracy worse : 6 6 6 16 18 23 
SCL #err deg : 50 / 9400
SCL #err weighted degeneracy : 41 41 39 48 49 54 
degeneracy helps : 16 16 18 19 20 20 
degeneracy worse : 7 7 7 17 19 24 
SCL #err deg : 50 / 9500
SCL #err weighted degeneracy : 41 41 39 48 49 54 
degeneracy helps : 16 16 18 19 20 20 
degeneracy worse : 7 7 7 17 19 24 
SCL #err deg : 50 / 9600
SCL #err weighted degeneracy : 41 41 39 48 49 54 
degeneracy helps : 16 16 18 19 20 20 
degeneracy worse : 7 7 7 17 19 24 
SCL #err deg : 50 / 9700
SCL #err weighted degeneracy : 41 41 39 48 49 54 
degeneracy helps : 16 16 18 19 20 20 
degeneracy worse : 7 7 7 17 19 24 
SCL #err deg : 50 / 9800
SCL #err weighted degeneracy : 41 41 40 49 50 55 
degeneracy helps : 16 16 18 19 20 20 
degeneracy worse : 7 7 8 18 20 25 
SCL #err deg : 51 / 9900
SCL #err weighted degeneracy : 41 41 40 49 50 55 
degeneracy helps : 17 17 19 20 21 21 
degeneracy worse : 7 7 8 18 20 25 
SCL #err deg : 51 / 10000
SCL #err weighted degeneracy : 42 42 42 52 53 58 
degeneracy helps : 17 17 19 20 21 21 
degeneracy worse : 8 8 10 21 23 28 
average #flips: 81.9668
SCL #err considering degeneracy: 51
error due to equal 31
error due to SCL smaller 18
Finish in 11574 s
