Simulation Polar syndrome FASTER N=128, K=65, l=128, pz=0.16, #samples=10000, seed=943
HPW construction
Event generator random seed: 943
SCL #err deg : 63 / 100
SCL #err weighted degeneracy : 60 60 62 65 68 72 
degeneracy helps : 13 14 13 14 12 9 
degeneracy worse : 10 11 12 16 17 18 
SCL #err deg : 132 / 200
SCL #err weighted degeneracy : 110 110 112 117 118 122 
degeneracy helps : 37 38 39 40 41 39 
degeneracy worse : 16 17 19 25 27 29 
SCL #err deg : 204 / 300
SCL #err weighted degeneracy : 176 177 178 180 185 189 
degeneracy helps : 51 51 54 57 55 53 
degeneracy worse : 24 25 28 33 36 38 
SCL #err deg : 272 / 400
SCL #err weighted degeneracy : 242 244 242 241 247 252 
degeneracy helps : 66 65 70 77 75 72 
degeneracy worse : 37 38 40 46 50 52 
SCL #err deg : 341 / 500
SCL #err weighted degeneracy : 312 314 310 309 315 319 
degeneracy helps : 76 75 83 91 90 90 
degeneracy worse : 48 49 52 59 64 68 
SCL #err deg : 409 / 600
SCL #err weighted degeneracy : 377 380 374 370 380 386 
degeneracy helps : 89 87 97 108 105 103 
degeneracy worse : 58 59 62 69 76 80 
SCL #err deg : 463 / 700
SCL #err weighted degeneracy : 440 443 437 433 445 455 
degeneracy helps : 98 96 106 120 117 113 
degeneracy worse : 76 77 80 90 99 105 
SCL #err deg : 533 / 800
SCL #err weighted degeneracy : 505 508 504 501 513 519 
degeneracy helps : 112 110 119 136 135 134 
degeneracy worse : 85 86 90 104 115 120 
SCL #err deg : 595 / 900
SCL #err weighted degeneracy : 559 561 555 557 570 572 
degeneracy helps : 135 133 145 160 158 160 
degeneracy worse : 100 100 105 122 133 137 
SCL #err deg : 663 / 1000
SCL #err weighted degeneracy : 627 629 622 620 632 634 
degeneracy helps : 147 145 157 178 178 181 
degeneracy worse : 112 112 116 135 147 152 
SCL #err deg : 729 / 1100
SCL #err weighted degeneracy : 686 689 682 682 695 699 
degeneracy helps : 163 160 173 194 194 197 
degeneracy worse : 121 121 126 147 160 167 
SCL #err deg : 789 / 1200
SCL #err weighted degeneracy : 749 753 747 745 757 761 
degeneracy helps : 174 170 184 208 207 211 
degeneracy worse : 135 135 142 164 175 183 
SCL #err deg : 853 / 1300
SCL #err weighted degeneracy : 809 812 809 808 822 827 
degeneracy helps : 187 183 196 221 220 224 
degeneracy worse : 144 143 152 176 189 198 
SCL #err deg : 920 / 1400
SCL #err weighted degeneracy : 871 876 872 870 882 886 
degeneracy helps : 201 196 210 238 239 245 
degeneracy worse : 153 153 162 188 201 211 
SCL #err deg : 988 / 1500
SCL #err weighted degeneracy : 929 934 932 931 944 948 
degeneracy helps : 219 214 227 257 258 263 
degeneracy worse : 161 161 171 200 214 223 
SCL #err deg : 1056 / 1600
SCL #err weighted degeneracy : 983 989 987 983 994 999 
degeneracy helps : 238 232 247 281 285 291 
degeneracy worse : 166 166 178 208 223 234 
SCL #err deg : 1118 / 1700
SCL #err weighted degeneracy : 1043 1050 1049 1048 1058 1065 
degeneracy helps : 253 246 261 294 300 305 
degeneracy worse : 180 180 192 224 240 252 
SCL #err deg : 1183 / 1800
SCL #err weighted degeneracy : 1107 1114 1110 1111 1119 1129 
degeneracy helps : 263 256 275 308 316 319 
degeneracy worse : 189 189 202 236 252 265 
SCL #err deg : 1253 / 1900
SCL #err weighted degeneracy : 1167 1174 1171 1170 1179 1192 
degeneracy helps : 278 271 290 328 336 337 
degeneracy worse : 194 194 208 245 262 276 
SCL #err deg : 1327 / 2000
SCL #err weighted degeneracy : 1227 1235 1231 1229 1243 1261 
degeneracy helps : 296 288 308 348 355 354 
degeneracy worse : 198 198 212 250 271 288 
SCL #err deg : 1393 / 2100
SCL #err weighted degeneracy : 1291 1298 1296 1297 1306 1325 
degeneracy helps : 310 302 322 361 372 370 
degeneracy worse : 210 209 225 265 285 302 
SCL #err deg : 1462 / 2200
SCL #err weighted degeneracy : 1356 1364 1359 1358 1368 1389 
degeneracy helps : 325 316 339 380 391 386 
degeneracy worse : 221 220 236 276 297 313 
SCL #err deg : 1531 / 2300
SCL #err weighted degeneracy : 1428 1436 1430 1429 1440 1463 
degeneracy helps : 335 326 351 394 405 399 
degeneracy worse : 234 233 250 292 314 331 
SCL #err deg : 1601 / 2400
SCL #err weighted degeneracy : 1496 1504 1497 1498 1509 1534 
degeneracy helps : 346 337 364 408 421 414 
degeneracy worse : 243 242 260 305 329 347 
SCL #err deg : 1670 / 2500
SCL #err weighted degeneracy : 1559 1568 1560 1562 1575 1598 
degeneracy helps : 362 352 380 425 438 434 
degeneracy worse : 253 252 270 317 343 362 
SCL #err deg : 1731 / 2600
SCL #err weighted degeneracy : 1618 1628 1620 1624 1636 1662 
degeneracy helps : 373 362 391 436 451 447 
degeneracy worse : 262 261 280 329 356 378 
SCL #err deg : 1798 / 2700
SCL #err weighted degeneracy : 1681 1691 1683 1684 1697 1722 
degeneracy helps : 387 375 405 453 468 466 
degeneracy worse : 272 271 290 339 367 390 
SCL #err deg : 1862 / 2800
SCL #err weighted degeneracy : 1738 1748 1742 1743 1761 1788 
degeneracy helps : 407 395 423 472 486 482 
degeneracy worse : 285 284 303 353 385 408 
SCL #err deg : 1924 / 2900
SCL #err weighted degeneracy : 1797 1806 1801 1808 1828 1857 
degeneracy helps : 420 408 436 485 498 496 
degeneracy worse : 295 293 313 369 402 429 
SCL #err deg : 1992 / 3000
SCL #err weighted degeneracy : 1861 1870 1863 1871 1888 1915 
degeneracy helps : 431 419 449 499 517 515 
degeneracy worse : 302 300 320 378 413 438 
SCL #err deg : 2051 / 3100
SCL #err weighted degeneracy : 1922 1931 1923 1930 1946 1969 
degeneracy helps : 443 431 461 515 533 534 
degeneracy worse : 316 314 333 394 428 452 
SCL #err deg : 2114 / 3200
SCL #err weighted degeneracy : 1980 1989 1983 1988 2005 2029 
degeneracy helps : 460 447 478 536 554 553 
degeneracy worse : 328 325 347 410 445 468 
SCL #err deg : 2184 / 3300
SCL #err weighted degeneracy : 2038 2046 2042 2050 2062 2087 
degeneracy helps : 479 467 497 556 580 580 
degeneracy worse : 335 332 355 422 458 483 
SCL #err deg : 2244 / 3400
SCL #err weighted degeneracy : 2104 2112 2108 2114 2127 2155 
degeneracy helps : 487 475 505 567 593 591 
degeneracy worse : 349 346 369 437 476 502 
SCL #err deg : 2306 / 3500
SCL #err weighted degeneracy : 2163 2173 2168 2175 2190 2214 
degeneracy helps : 502 488 519 580 606 607 
degeneracy worse : 361 358 381 449 490 515 
SCL #err deg : 2375 / 3600
SCL #err weighted degeneracy : 2228 2238 2233 2239 2251 2279 
degeneracy helps : 514 500 531 595 623 624 
degeneracy worse : 369 366 389 459 499 528 
SCL #err deg : 2441 / 3700
SCL #err weighted degeneracy : 2290 2300 2295 2306 2321 2350 
degeneracy helps : 525 510 543 607 635 635 
degeneracy worse : 376 373 397 472 515 544 
SCL #err deg : 2501 / 3800
SCL #err weighted degeneracy : 2354 2364 2359 2368 2382 2412 
degeneracy helps : 536 521 554 620 650 648 
degeneracy worse : 391 388 412 487 531 559 
SCL #err deg : 2568 / 3900
SCL #err weighted degeneracy : 2412 2421 2418 2425 2439 2466 
degeneracy helps : 553 539 571 639 670 672 
degeneracy worse : 399 396 421 496 541 570 
SCL #err deg : 2639 / 4000
SCL #err weighted degeneracy : 2479 2489 2487 2498 2513 2541 
degeneracy helps : 565 551 583 650 683 684 
degeneracy worse : 408 405 431 509 557 586 
SCL #err deg : 2704 / 4100
SCL #err weighted degeneracy : 2543 2553 2550 2560 2577 2603 
degeneracy helps : 576 562 595 663 694 696 
degeneracy worse : 418 415 441 519 567 595 
SCL #err deg : 2775 / 4200
SCL #err weighted degeneracy : 2609 2619 2615 2628 2645 2668 
degeneracy helps : 590 576 611 679 711 716 
degeneracy worse : 427 424 451 532 581 609 
SCL #err deg : 2836 / 4300
SCL #err weighted degeneracy : 2674 2684 2679 2695 2715 2736 
degeneracy helps : 601 587 623 692 722 727 
degeneracy worse : 442 439 466 551 601 627 
SCL #err deg : 2898 / 4400
SCL #err weighted degeneracy : 2726 2736 2732 2753 2772 2793 
degeneracy helps : 619 605 642 708 740 747 
degeneracy worse : 450 447 476 563 614 642 
SCL #err deg : 2966 / 4500
SCL #err weighted degeneracy : 2796 2806 2800 2822 2842 2865 
degeneracy helps : 629 615 654 719 751 758 
degeneracy worse : 462 459 488 575 627 657 
SCL #err deg : 3030 / 4600
SCL #err weighted degeneracy : 2859 2869 2864 2884 2905 2927 
degeneracy helps : 642 628 667 732 763 772 
degeneracy worse : 474 471 501 586 638 669 
SCL #err deg : 3101 / 4700
SCL #err weighted degeneracy : 2921 2931 2924 2942 2964 2987 
degeneracy helps : 662 648 688 756 787 797 
degeneracy worse : 485 482 511 597 650 683 
SCL #err deg : 3170 / 4800
SCL #err weighted degeneracy : 2985 2995 2984 3003 3027 3051 
degeneracy helps : 672 658 703 774 806 816 
degeneracy worse : 490 487 517 607 663 697 
SCL #err deg : 3236 / 4900
SCL #err weighted degeneracy : 3049 3059 3047 3065 3089 3115 
degeneracy helps : 685 671 717 791 823 832 
degeneracy worse : 501 498 528 620 676 711 
SCL #err deg : 3304 / 5000
SCL #err weighted degeneracy : 3114 3123 3113 3134 3158 3182 
degeneracy helps : 696 682 728 803 835 846 
degeneracy worse : 509 505 537 633 689 724 
SCL #err deg : 3365 / 5100
SCL #err weighted degeneracy : 3169 3178 3171 3190 3214 3240 
degeneracy helps : 712 698 743 821 854 863 
degeneracy worse : 519 515 549 646 703 738 
SCL #err deg : 3439 / 5200
SCL #err weighted degeneracy : 3234 3244 3235 3254 3276 3301 
degeneracy helps : 729 713 761 840 875 886 
degeneracy worse : 527 523 557 655 712 748 
SCL #err deg : 3502 / 5300
SCL #err weighted degeneracy : 3297 3308 3298 3320 3341 3368 
degeneracy helps : 739 722 771 852 888 901 
degeneracy worse : 537 533 567 670 727 767 
SCL #err deg : 3568 / 5400
SCL #err weighted degeneracy : 3359 3371 3359 3380 3402 3431 
degeneracy helps : 751 733 784 869 905 919 
degeneracy worse : 545 541 575 681 739 782 
SCL #err deg : 3633 / 5500
SCL #err weighted degeneracy : 3421 3434 3426 3444 3470 3499 
degeneracy helps : 763 744 793 880 914 927 
degeneracy worse : 554 550 586 691 751 793 
SCL #err deg : 3710 / 5600
SCL #err weighted degeneracy : 3488 3501 3492 3510 3543 3573 
degeneracy helps : 781 762 812 901 931 943 
degeneracy worse : 562 558 594 701 764 806 
SCL #err deg : 3775 / 5700
SCL #err weighted degeneracy : 3551 3563 3555 3572 3605 3637 
degeneracy helps : 796 778 827 919 949 960 
degeneracy worse : 575 571 607 716 779 822 
SCL #err deg : 3845 / 5800
SCL #err weighted degeneracy : 3617 3629 3621 3639 3673 3706 
degeneracy helps : 809 791 840 932 963 974 
degeneracy worse : 584 580 616 726 791 835 
SCL #err deg : 3906 / 5900
SCL #err weighted degeneracy : 3675 3688 3679 3699 3732 3765 
degeneracy helps : 826 807 857 948 979 990 
degeneracy worse : 598 594 630 741 805 849 
SCL #err deg : 3973 / 6000
SCL #err weighted degeneracy : 3738 3751 3742 3764 3801 3834 
degeneracy helps : 843 824 873 962 991 1004 
degeneracy worse : 611 607 642 753 819 865 
SCL #err deg : 4042 / 6100
SCL #err weighted degeneracy : 3805 3818 3809 3831 3871 3904 
degeneracy helps : 854 835 884 975 1005 1021 
degeneracy worse : 620 616 651 764 834 883 
SCL #err deg : 4104 / 6200
SCL #err weighted degeneracy : 3870 3881 3872 3895 3936 3968 
degeneracy helps : 863 844 896 987 1018 1036 
degeneracy worse : 632 626 664 778 850 900 
SCL #err deg : 4169 / 6300
SCL #err weighted degeneracy : 3928 3939 3932 3956 4001 4034 
degeneracy helps : 881 862 913 1003 1033 1053 
degeneracy worse : 643 637 676 790 865 918 
SCL #err deg : 4243 / 6400
SCL #err weighted degeneracy : 3994 4005 3996 4021 4070 4103 
degeneracy helps : 893 874 927 1018 1047 1070 
degeneracy worse : 647 641 680 796 874 930 
SCL #err deg : 4311 / 6500
SCL #err weighted degeneracy : 4063 4074 4065 4090 4137 4170 
degeneracy helps : 903 884 937 1029 1061 1085 
degeneracy worse : 658 652 691 808 887 944 
SCL #err deg : 4374 / 6600
SCL #err weighted degeneracy : 4124 4133 4127 4150 4199 4232 
degeneracy helps : 919 902 953 1047 1079 1101 
degeneracy worse : 672 666 706 823 904 959 
SCL #err deg : 4434 / 6700
SCL #err weighted degeneracy : 4190 4199 4193 4212 4264 4299 
degeneracy helps : 932 915 966 1062 1092 1113 
degeneracy worse : 691 685 725 840 922 978 
SCL #err deg : 4503 / 6800
SCL #err weighted degeneracy : 4264 4273 4265 4280 4335 4370 
degeneracy helps : 941 924 977 1078 1108 1130 
degeneracy worse : 705 699 739 855 940 997 
SCL #err deg : 4560 / 6900
SCL #err weighted degeneracy : 4326 4336 4326 4343 4397 4435 
degeneracy helps : 948 930 985 1085 1118 1138 
degeneracy worse : 717 711 751 868 955 1013 
SCL #err deg : 4627 / 7000
SCL #err weighted degeneracy : 4383 4393 4384 4402 4456 4495 
degeneracy helps : 966 948 1003 1103 1137 1156 
degeneracy worse : 725 719 760 878 966 1024 
SCL #err deg : 4697 / 7100
SCL #err weighted degeneracy : 4442 4451 4444 4464 4515 4552 
degeneracy helps : 986 968 1023 1123 1161 1183 
degeneracy worse : 734 727 770 890 979 1038 
SCL #err deg : 4765 / 7200
SCL #err weighted degeneracy : 4504 4513 4505 4528 4580 4620 
degeneracy helps : 1000 982 1038 1138 1176 1197 
degeneracy worse : 742 735 778 901 991 1052 
SCL #err deg : 4835 / 7300
SCL #err weighted degeneracy : 4568 4578 4569 4595 4648 4689 
degeneracy helps : 1012 993 1051 1150 1188 1209 
degeneracy worse : 748 741 785 910 1001 1063 
SCL #err deg : 4898 / 7400
SCL #err weighted degeneracy : 4639 4649 4644 4668 4722 4761 
degeneracy helps : 1019 1000 1058 1158 1197 1221 
degeneracy worse : 763 756 804 928 1021 1084 
SCL #err deg : 4964 / 7500
SCL #err weighted degeneracy : 4705 4716 4709 4738 4790 4830 
degeneracy helps : 1027 1007 1068 1169 1209 1233 
degeneracy worse : 771 764 813 943 1035 1099 
SCL #err deg : 5030 / 7600
SCL #err weighted degeneracy : 4771 4782 4776 4805 4857 4900 
degeneracy helps : 1042 1022 1083 1185 1225 1249 
degeneracy worse : 786 779 829 960 1052 1119 
SCL #err deg : 5095 / 7700
SCL #err weighted degeneracy : 4825 4836 4832 4865 4917 4958 
degeneracy helps : 1061 1041 1102 1205 1246 1272 
degeneracy worse : 794 787 839 975 1068 1135 
SCL #err deg : 5149 / 7800
SCL #err weighted degeneracy : 4882 4893 4889 4923 4977 5017 
degeneracy helps : 1070 1050 1112 1216 1257 1283 
degeneracy worse : 806 799 852 990 1085 1151 
SCL #err deg : 5222 / 7900
SCL #err weighted degeneracy : 4943 4954 4951 4986 5040 5085 
degeneracy helps : 1086 1066 1128 1233 1276 1301 
degeneracy worse : 810 803 857 997 1094 1164 
SCL #err deg : 5279 / 8000
SCL #err weighted degeneracy : 5009 5020 5017 5051 5101 5150 
degeneracy helps : 1091 1071 1133 1240 1286 1310 
degeneracy worse : 824 817 871 1012 1108 1181 
SCL #err deg : 5349 / 8100
SCL #err weighted degeneracy : 5072 5083 5081 5115 5166 5222 
degeneracy helps : 1105 1085 1145 1253 1301 1324 
degeneracy worse : 831 824 877 1019 1118 1197 
SCL #err deg : 5412 / 8200
SCL #err weighted degeneracy : 5138 5149 5148 5181 5229 5285 
degeneracy helps : 1115 1095 1153 1263 1313 1338 
degeneracy worse : 844 837 889 1032 1130 1211 
SCL #err deg : 5478 / 8300
SCL #err weighted degeneracy : 5200 5211 5208 5243 5293 5350 
degeneracy helps : 1129 1109 1168 1277 1326 1352 
degeneracy worse : 854 847 898 1042 1141 1224 
SCL #err deg : 5542 / 8400
SCL #err weighted degeneracy : 5263 5274 5270 5306 5355 5413 
degeneracy helps : 1140 1120 1180 1291 1342 1367 
degeneracy worse : 864 857 908 1055 1155 1238 
SCL #err deg : 5609 / 8500
SCL #err weighted degeneracy : 5326 5337 5332 5369 5416 5477 
degeneracy helps : 1153 1133 1194 1306 1361 1385 
degeneracy worse : 873 866 917 1066 1168 1253 
SCL #err deg : 5678 / 8600
SCL #err weighted degeneracy : 5393 5405 5401 5434 5484 5542 
degeneracy helps : 1165 1144 1206 1322 1378 1404 
degeneracy worse : 883 876 929 1078 1184 1268 
SCL #err deg : 5743 / 8700
SCL #err weighted degeneracy : 5459 5471 5466 5496 5545 5603 
degeneracy helps : 1176 1154 1218 1338 1395 1421 
degeneracy worse : 895 887 941 1091 1197 1281 
SCL #err deg : 5807 / 8800
SCL #err weighted degeneracy : 5524 5537 5532 5562 5613 5675 
degeneracy helps : 1185 1162 1227 1346 1405 1429 
degeneracy worse : 905 897 952 1101 1211 1297 
SCL #err deg : 5866 / 8900
SCL #err weighted degeneracy : 5585 5598 5593 5627 5677 5742 
degeneracy helps : 1195 1172 1237 1355 1417 1441 
degeneracy worse : 917 909 964 1116 1228 1317 
SCL #err deg : 5928 / 9000
SCL #err weighted degeneracy : 5644 5657 5653 5684 5732 5801 
degeneracy helps : 1208 1185 1249 1371 1435 1459 
degeneracy worse : 927 919 974 1127 1239 1332 
SCL #err deg : 6000 / 9100
SCL #err weighted degeneracy : 5707 5720 5716 5750 5798 5868 
degeneracy helps : 1228 1205 1269 1390 1454 1478 
degeneracy worse : 938 930 985 1140 1252 1346 
SCL #err deg : 6068 / 9200
SCL #err weighted degeneracy : 5769 5782 5778 5812 5859 5928 
degeneracy helps : 1245 1222 1286 1410 1474 1500 
degeneracy worse : 949 941 996 1154 1265 1360 
SCL #err deg : 6132 / 9300
SCL #err weighted degeneracy : 5833 5845 5843 5875 5923 5992 
degeneracy helps : 1256 1233 1298 1424 1488 1513 
degeneracy worse : 960 951 1009 1167 1279 1373 
SCL #err deg : 6192 / 9400
SCL #err weighted degeneracy : 5899 5910 5909 5946 5993 6064 
degeneracy helps : 1265 1242 1309 1435 1501 1526 
degeneracy worse : 975 965 1026 1189 1302 1398 
SCL #err deg : 6261 / 9500
SCL #err weighted degeneracy : 5969 5980 5978 6015 6064 6136 
degeneracy helps : 1275 1252 1320 1444 1509 1535 
degeneracy worse : 986 976 1037 1198 1312 1410 
SCL #err deg : 6332 / 9600
SCL #err weighted degeneracy : 6032 6043 6042 6082 6129 6200 
degeneracy helps : 1288 1265 1333 1459 1526 1552 
degeneracy worse : 991 981 1043 1209 1323 1420 
SCL #err deg : 6397 / 9700
SCL #err weighted degeneracy : 6094 6106 6103 6146 6195 6268 
degeneracy helps : 1302 1278 1348 1473 1540 1567 
degeneracy worse : 1002 992 1054 1222 1338 1438 
SCL #err deg : 6471 / 9800
SCL #err weighted degeneracy : 6156 6169 6165 6204 6255 6330 
degeneracy helps : 1323 1298 1370 1499 1567 1592 
degeneracy worse : 1011 1001 1064 1232 1351 1451 
SCL #err deg : 6546 / 9900
SCL #err weighted degeneracy : 6224 6238 6233 6273 6327 6401 
degeneracy helps : 1339 1314 1386 1516 1582 1607 
degeneracy worse : 1020 1011 1073 1243 1363 1462 
SCL #err deg : 6621 / 10000
SCL #err weighted degeneracy : 6289 6303 6299 6338 6392 6463 
degeneracy helps : 1356 1331 1404 1534 1601 1626 
degeneracy worse : 1027 1018 1082 1251 1372 1468 
average #flips: 20.5175
SCL #err considering degeneracy: 6621
error due to equal 572
error due to SCL smaller 6049
Finish in 1009 s
