Simulation Polar syndrome FASTER N=128, K=65, l=128, pz=0.2, #samples=10000, seed=943
HPW construction
Event generator random seed: 943
SCL #err deg : 69 / 100
SCL #err weighted degeneracy : 72 72 71 71 73 74 
degeneracy helps : 10 10 11 14 13 14 
degeneracy worse : 13 13 13 16 17 19 
SCL #err deg : 134 / 200
SCL #err weighted degeneracy : 136 137 136 140 142 147 
degeneracy helps : 21 20 22 24 23 24 
degeneracy worse : 23 23 24 30 31 37 
SCL #err deg : 208 / 300
SCL #err weighted degeneracy : 208 207 209 213 214 222 
degeneracy helps : 36 34 37 41 41 41 
degeneracy worse : 36 34 38 46 47 55 
SCL #err deg : 287 / 400
SCL #err weighted degeneracy : 283 285 281 287 287 294 
degeneracy helps : 50 45 54 58 59 60 
degeneracy worse : 46 44 48 58 59 67 
SCL #err deg : 362 / 500
SCL #err weighted degeneracy : 358 358 357 364 362 370 
degeneracy helps : 60 56 64 69 72 73 
degeneracy worse : 56 53 59 71 72 81 
SCL #err deg : 435 / 600
SCL #err weighted degeneracy : 428 429 425 430 429 440 
degeneracy helps : 73 68 79 86 88 89 
degeneracy worse : 66 63 69 81 82 94 
SCL #err deg : 512 / 700
SCL #err weighted degeneracy : 501 501 500 506 504 516 
degeneracy helps : 86 81 90 95 98 99 
degeneracy worse : 75 71 78 89 90 103 
SCL #err deg : 580 / 800
SCL #err weighted degeneracy : 571 571 571 578 576 588 
degeneracy helps : 99 94 103 108 112 114 
degeneracy worse : 90 86 94 106 108 122 
SCL #err deg : 654 / 900
SCL #err weighted degeneracy : 646 645 646 650 646 658 
degeneracy helps : 110 106 114 120 127 130 
degeneracy worse : 102 98 106 116 119 134 
SCL #err deg : 723 / 1000
SCL #err weighted degeneracy : 713 710 713 721 719 730 
degeneracy helps : 125 121 130 133 140 145 
degeneracy worse : 115 109 120 131 136 152 
SCL #err deg : 794 / 1100
SCL #err weighted degeneracy : 785 781 785 797 795 802 
degeneracy helps : 135 131 140 143 150 159 
degeneracy worse : 126 119 131 146 151 167 
SCL #err deg : 863 / 1200
SCL #err weighted degeneracy : 849 845 849 863 863 872 
degeneracy helps : 147 143 152 156 162 170 
degeneracy worse : 133 126 138 156 162 179 
SCL #err deg : 948 / 1300
SCL #err weighted degeneracy : 925 921 926 940 939 946 
degeneracy helps : 164 159 168 172 181 191 
degeneracy worse : 141 134 146 164 172 189 
SCL #err deg : 1023 / 1400
SCL #err weighted degeneracy : 1000 996 1003 1014 1014 1025 
degeneracy helps : 172 167 176 183 192 201 
degeneracy worse : 149 142 156 174 183 203 
SCL #err deg : 1091 / 1500
SCL #err weighted degeneracy : 1070 1067 1072 1083 1082 1094 
degeneracy helps : 184 178 189 198 207 215 
degeneracy worse : 163 156 170 190 198 218 
SCL #err deg : 1160 / 1600
SCL #err weighted degeneracy : 1144 1141 1145 1153 1152 1166 
degeneracy helps : 195 189 201 212 224 231 
degeneracy worse : 179 172 186 205 216 237 
SCL #err deg : 1232 / 1700
SCL #err weighted degeneracy : 1214 1209 1213 1218 1217 1231 
degeneracy helps : 208 201 215 228 241 250 
degeneracy worse : 190 180 196 214 226 249 
SCL #err deg : 1302 / 1800
SCL #err weighted degeneracy : 1290 1285 1291 1295 1294 1308 
degeneracy helps : 215 208 221 236 249 259 
degeneracy worse : 203 193 210 229 241 265 
SCL #err deg : 1382 / 1900
SCL #err weighted degeneracy : 1369 1365 1373 1378 1376 1391 
degeneracy helps : 228 220 232 246 260 270 
degeneracy worse : 215 205 223 242 254 279 
SCL #err deg : 1453 / 2000
SCL #err weighted degeneracy : 1438 1431 1441 1448 1441 1456 
degeneracy helps : 240 233 244 258 276 287 
degeneracy worse : 225 213 232 253 264 290 
SCL #err deg : 1521 / 2100
SCL #err weighted degeneracy : 1505 1501 1508 1512 1509 1524 
degeneracy helps : 254 244 258 274 289 301 
degeneracy worse : 238 227 245 265 277 304 
SCL #err deg : 1599 / 2200
SCL #err weighted degeneracy : 1580 1577 1583 1584 1583 1600 
degeneracy helps : 264 252 268 287 301 311 
degeneracy worse : 245 233 252 272 285 312 
SCL #err deg : 1674 / 2300
SCL #err weighted degeneracy : 1655 1653 1658 1656 1656 1677 
degeneracy helps : 275 262 278 299 313 321 
degeneracy worse : 256 244 262 281 295 324 
SCL #err deg : 1750 / 2400
SCL #err weighted degeneracy : 1731 1729 1735 1733 1732 1753 
degeneracy helps : 285 272 287 309 324 334 
degeneracy worse : 266 254 272 292 306 337 
SCL #err deg : 1831 / 2500
SCL #err weighted degeneracy : 1811 1809 1815 1815 1813 1829 
degeneracy helps : 297 284 299 320 337 349 
degeneracy worse : 277 265 283 304 319 347 
SCL #err deg : 1907 / 2600
SCL #err weighted degeneracy : 1882 1880 1884 1887 1887 1903 
degeneracy helps : 309 296 313 334 350 363 
degeneracy worse : 284 272 290 314 330 359 
SCL #err deg : 1984 / 2700
SCL #err weighted degeneracy : 1956 1952 1958 1962 1959 1978 
degeneracy helps : 319 308 323 345 363 375 
degeneracy worse : 291 279 297 323 338 369 
SCL #err deg : 2058 / 2800
SCL #err weighted degeneracy : 2030 2026 2032 2036 2033 2053 
degeneracy helps : 331 320 335 357 376 389 
degeneracy worse : 303 291 309 335 351 384 
SCL #err deg : 2129 / 2900
SCL #err weighted degeneracy : 2098 2093 2102 2106 2105 2125 
degeneracy helps : 342 332 345 369 388 402 
degeneracy worse : 311 299 318 346 364 398 
SCL #err deg : 2199 / 3000
SCL #err weighted degeneracy : 2168 2164 2171 2174 2177 2195 
degeneracy helps : 352 341 356 383 401 416 
degeneracy worse : 321 309 328 358 379 412 
SCL #err deg : 2271 / 3100
SCL #err weighted degeneracy : 2231 2228 2233 2238 2240 2259 
degeneracy helps : 369 357 374 402 421 436 
degeneracy worse : 329 317 336 369 390 424 
SCL #err deg : 2338 / 3200
SCL #err weighted degeneracy : 2298 2296 2300 2310 2311 2330 
degeneracy helps : 382 369 387 413 433 449 
degeneracy worse : 342 330 349 385 406 441 
SCL #err deg : 2410 / 3300
SCL #err weighted degeneracy : 2371 2370 2372 2381 2382 2403 
degeneracy helps : 392 379 398 425 446 464 
degeneracy worse : 353 342 360 396 418 457 
SCL #err deg : 2492 / 3400
SCL #err weighted degeneracy : 2450 2450 2450 2460 2458 2480 
degeneracy helps : 404 390 411 438 462 481 
degeneracy worse : 362 351 369 406 428 469 
SCL #err deg : 2568 / 3500
SCL #err weighted degeneracy : 2526 2527 2526 2532 2532 2551 
degeneracy helps : 415 400 422 453 477 498 
degeneracy worse : 373 362 380 417 441 481 
SCL #err deg : 2646 / 3600
SCL #err weighted degeneracy : 2600 2600 2602 2603 2602 2619 
degeneracy helps : 427 412 434 471 495 519 
degeneracy worse : 381 369 390 428 451 492 
SCL #err deg : 2716 / 3700
SCL #err weighted degeneracy : 2671 2673 2673 2676 2676 2694 
degeneracy helps : 439 422 446 485 509 531 
degeneracy worse : 394 382 403 445 469 509 
SCL #err deg : 2788 / 3800
SCL #err weighted degeneracy : 2744 2746 2744 2747 2747 2766 
degeneracy helps : 450 432 458 500 525 547 
degeneracy worse : 406 394 414 459 484 525 
SCL #err deg : 2858 / 3900
SCL #err weighted degeneracy : 2810 2814 2812 2816 2819 2839 
degeneracy helps : 467 446 474 516 541 563 
degeneracy worse : 419 406 428 474 502 544 
SCL #err deg : 2933 / 4000
SCL #err weighted degeneracy : 2881 2884 2883 2888 2893 2913 
degeneracy helps : 478 457 486 528 553 577 
degeneracy worse : 426 412 436 483 513 557 
SCL #err deg : 3006 / 4100
SCL #err weighted degeneracy : 2959 2965 2962 2966 2973 2992 
degeneracy helps : 485 462 493 538 563 589 
degeneracy worse : 438 425 449 498 530 575 
SCL #err deg : 3077 / 4200
SCL #err weighted degeneracy : 3027 3033 3029 3033 3036 3055 
degeneracy helps : 498 475 507 551 580 605 
degeneracy worse : 448 435 459 507 539 583 
SCL #err deg : 3151 / 4300
SCL #err weighted degeneracy : 3100 3106 3102 3104 3104 3126 
degeneracy helps : 509 485 519 565 598 624 
degeneracy worse : 458 444 470 518 551 599 
SCL #err deg : 3227 / 4400
SCL #err weighted degeneracy : 3172 3178 3172 3173 3171 3195 
degeneracy helps : 519 495 531 579 615 642 
degeneracy worse : 464 450 476 525 559 610 
SCL #err deg : 3298 / 4500
SCL #err weighted degeneracy : 3244 3252 3245 3247 3243 3266 
degeneracy helps : 530 504 542 590 627 654 
degeneracy worse : 476 462 489 539 572 622 
SCL #err deg : 3372 / 4600
SCL #err weighted degeneracy : 3310 3319 3311 3310 3309 3334 
degeneracy helps : 542 515 554 605 641 667 
degeneracy worse : 480 467 493 543 578 629 
SCL #err deg : 3447 / 4700
SCL #err weighted degeneracy : 3380 3391 3382 3381 3379 3404 
degeneracy helps : 554 527 565 618 655 682 
degeneracy worse : 487 476 500 552 587 639 
SCL #err deg : 3522 / 4800
SCL #err weighted degeneracy : 3451 3462 3455 3453 3450 3475 
degeneracy helps : 565 538 575 631 670 698 
degeneracy worse : 494 483 508 562 598 651 
SCL #err deg : 3599 / 4900
SCL #err weighted degeneracy : 3531 3540 3535 3530 3525 3549 
degeneracy helps : 575 548 585 644 684 714 
degeneracy worse : 507 494 521 575 610 664 
SCL #err deg : 3673 / 5000
SCL #err weighted degeneracy : 3601 3611 3603 3599 3593 3618 
degeneracy helps : 589 560 601 661 702 732 
degeneracy worse : 517 503 531 587 622 677 
SCL #err deg : 3746 / 5100
SCL #err weighted degeneracy : 3669 3680 3671 3672 3668 3694 
degeneracy helps : 605 575 617 675 715 746 
degeneracy worse : 528 514 542 601 637 694 
SCL #err deg : 3814 / 5200
SCL #err weighted degeneracy : 3742 3752 3742 3740 3738 3762 
degeneracy helps : 614 584 627 689 729 761 
degeneracy worse : 542 527 555 615 653 709 
SCL #err deg : 3877 / 5300
SCL #err weighted degeneracy : 3806 3815 3806 3803 3801 3827 
degeneracy helps : 629 599 642 705 747 779 
degeneracy worse : 558 542 571 631 671 729 
SCL #err deg : 3943 / 5400
SCL #err weighted degeneracy : 3872 3881 3872 3867 3870 3895 
degeneracy helps : 640 609 653 720 759 793 
degeneracy worse : 569 552 582 644 686 745 
SCL #err deg : 4012 / 5500
SCL #err weighted degeneracy : 3937 3945 3937 3936 3940 3969 
degeneracy helps : 657 626 670 737 775 809 
degeneracy worse : 582 564 595 661 703 766 
SCL #err deg : 4087 / 5600
SCL #err weighted degeneracy : 4014 4022 4015 4014 4018 4047 
degeneracy helps : 667 636 680 747 785 821 
degeneracy worse : 594 576 608 674 716 781 
SCL #err deg : 4161 / 5700
SCL #err weighted degeneracy : 4090 4099 4091 4089 4095 4125 
degeneracy helps : 679 647 692 759 796 833 
degeneracy worse : 608 590 622 687 730 797 
SCL #err deg : 4235 / 5800
SCL #err weighted degeneracy : 4169 4177 4170 4171 4176 4204 
degeneracy helps : 685 652 698 767 805 843 
degeneracy worse : 619 599 633 703 746 812 
SCL #err deg : 4315 / 5900
SCL #err weighted degeneracy : 4239 4250 4241 4243 4249 4273 
degeneracy helps : 703 667 715 784 823 865 
degeneracy worse : 627 607 641 712 757 823 
SCL #err deg : 4390 / 6000
SCL #err weighted degeneracy : 4314 4324 4316 4312 4318 4344 
degeneracy helps : 712 677 724 798 838 881 
degeneracy worse : 636 616 650 720 766 835 
SCL #err deg : 4470 / 6100
SCL #err weighted degeneracy : 4394 4404 4395 4388 4393 4423 
degeneracy helps : 722 686 735 814 856 897 
degeneracy worse : 646 625 660 732 779 850 
SCL #err deg : 4541 / 6200
SCL #err weighted degeneracy : 4470 4478 4473 4466 4470 4500 
degeneracy helps : 732 696 744 824 868 909 
degeneracy worse : 661 639 676 749 797 868 
SCL #err deg : 4609 / 6300
SCL #err weighted degeneracy : 4531 4539 4532 4526 4539 4570 
degeneracy helps : 747 711 760 840 878 920 
degeneracy worse : 669 647 683 757 808 881 
SCL #err deg : 4684 / 6400
SCL #err weighted degeneracy : 4601 4612 4603 4597 4608 4641 
degeneracy helps : 761 723 773 853 894 934 
degeneracy worse : 678 657 692 766 818 891 
SCL #err deg : 4753 / 6500
SCL #err weighted degeneracy : 4674 4685 4677 4669 4677 4711 
degeneracy helps : 772 734 785 867 910 948 
degeneracy worse : 693 672 709 783 834 906 
SCL #err deg : 4817 / 6600
SCL #err weighted degeneracy : 4740 4752 4744 4737 4747 4782 
degeneracy helps : 783 744 796 882 924 961 
degeneracy worse : 706 685 723 802 854 926 
SCL #err deg : 4886 / 6700
SCL #err weighted degeneracy : 4808 4820 4813 4805 4818 4851 
degeneracy helps : 799 760 812 900 942 980 
degeneracy worse : 721 700 739 819 874 945 
SCL #err deg : 4955 / 6800
SCL #err weighted degeneracy : 4881 4894 4886 4881 4895 4929 
degeneracy helps : 808 768 821 909 951 990 
degeneracy worse : 734 713 752 835 891 964 
SCL #err deg : 5026 / 6900
SCL #err weighted degeneracy : 4953 4968 4959 4951 4963 4995 
degeneracy helps : 819 777 832 922 966 1006 
degeneracy worse : 746 725 765 847 903 975 
SCL #err deg : 5099 / 7000
SCL #err weighted degeneracy : 5026 5040 5031 5022 5035 5070 
degeneracy helps : 832 791 845 938 981 1022 
degeneracy worse : 759 738 777 861 917 993 
SCL #err deg : 5168 / 7100
SCL #err weighted degeneracy : 5098 5110 5104 5091 5101 5135 
degeneracy helps : 842 800 854 951 996 1039 
degeneracy worse : 772 749 790 874 929 1006 
SCL #err deg : 5232 / 7200
SCL #err weighted degeneracy : 5162 5173 5168 5158 5167 5203 
degeneracy helps : 852 810 864 962 1007 1051 
degeneracy worse : 782 758 800 888 942 1022 
SCL #err deg : 5302 / 7300
SCL #err weighted degeneracy : 5235 5245 5243 5231 5243 5280 
degeneracy helps : 865 824 877 977 1022 1066 
degeneracy worse : 798 774 818 906 963 1044 
SCL #err deg : 5372 / 7400
SCL #err weighted degeneracy : 5306 5316 5314 5303 5317 5355 
degeneracy helps : 873 832 885 986 1031 1075 
degeneracy worse : 807 783 827 917 976 1058 
SCL #err deg : 5444 / 7500
SCL #err weighted degeneracy : 5378 5388 5385 5375 5389 5431 
degeneracy helps : 883 842 896 998 1045 1087 
degeneracy worse : 817 793 837 929 990 1074 
SCL #err deg : 5519 / 7600
SCL #err weighted degeneracy : 5454 5464 5460 5451 5468 5510 
degeneracy helps : 894 853 908 1009 1055 1098 
degeneracy worse : 829 805 849 941 1004 1089 
SCL #err deg : 5591 / 7700
SCL #err weighted degeneracy : 5524 5534 5529 5520 5536 5575 
degeneracy helps : 905 865 919 1022 1070 1114 
degeneracy worse : 838 815 857 951 1015 1098 
SCL #err deg : 5667 / 7800
SCL #err weighted degeneracy : 5596 5607 5600 5588 5603 5643 
degeneracy helps : 918 877 933 1040 1090 1136 
degeneracy worse : 847 824 866 961 1026 1112 
SCL #err deg : 5740 / 7900
SCL #err weighted degeneracy : 5670 5681 5674 5661 5679 5718 
degeneracy helps : 927 886 942 1050 1098 1144 
degeneracy worse : 857 834 876 971 1037 1122 
SCL #err deg : 5819 / 8000
SCL #err weighted degeneracy : 5747 5758 5751 5738 5755 5794 
degeneracy helps : 937 896 952 1062 1112 1158 
degeneracy worse : 865 842 884 981 1048 1133 
SCL #err deg : 5890 / 8100
SCL #err weighted degeneracy : 5818 5828 5822 5805 5824 5866 
degeneracy helps : 948 908 963 1076 1125 1170 
degeneracy worse : 876 853 895 991 1059 1146 
SCL #err deg : 5960 / 8200
SCL #err weighted degeneracy : 5891 5899 5894 5879 5901 5940 
degeneracy helps : 958 919 973 1086 1134 1183 
degeneracy worse : 889 865 907 1005 1075 1163 
SCL #err deg : 6030 / 8300
SCL #err weighted degeneracy : 5963 5971 5966 5952 5971 6012 
degeneracy helps : 969 931 985 1098 1149 1198 
degeneracy worse : 902 879 921 1020 1090 1180 
SCL #err deg : 6109 / 8400
SCL #err weighted degeneracy : 6030 6039 6034 6022 6038 6081 
degeneracy helps : 985 945 1000 1113 1168 1216 
degeneracy worse : 906 883 925 1026 1097 1188 
SCL #err deg : 6177 / 8500
SCL #err weighted degeneracy : 6099 6106 6102 6094 6110 6154 
degeneracy helps : 994 954 1010 1123 1178 1227 
degeneracy worse : 916 891 935 1040 1111 1204 
SCL #err deg : 6246 / 8600
SCL #err weighted degeneracy : 6169 6175 6173 6163 6180 6220 
degeneracy helps : 1007 967 1023 1137 1192 1244 
degeneracy worse : 930 904 950 1054 1126 1218 
SCL #err deg : 6317 / 8700
SCL #err weighted degeneracy : 6242 6248 6244 6232 6253 6294 
degeneracy helps : 1019 978 1035 1150 1202 1255 
degeneracy worse : 944 917 962 1065 1138 1232 
SCL #err deg : 6386 / 8800
SCL #err weighted degeneracy : 6312 6316 6314 6302 6322 6364 
degeneracy helps : 1032 992 1049 1165 1219 1272 
degeneracy worse : 958 930 977 1081 1155 1250 
SCL #err deg : 6454 / 8900
SCL #err weighted degeneracy : 6387 6390 6390 6379 6399 6441 
degeneracy helps : 1039 1000 1056 1174 1228 1282 
degeneracy worse : 972 944 992 1099 1173 1269 
SCL #err deg : 6530 / 9000
SCL #err weighted degeneracy : 6460 6463 6464 6454 6474 6513 
degeneracy helps : 1051 1012 1068 1187 1241 1297 
degeneracy worse : 981 953 1002 1111 1185 1280 
SCL #err deg : 6602 / 9100
SCL #err weighted degeneracy : 6527 6531 6530 6517 6537 6577 
degeneracy helps : 1067 1027 1085 1209 1263 1318 
degeneracy worse : 992 964 1013 1124 1198 1293 
SCL #err deg : 6678 / 9200
SCL #err weighted degeneracy : 6602 6606 6604 6591 6613 6653 
degeneracy helps : 1079 1039 1098 1222 1276 1332 
degeneracy worse : 1003 975 1024 1135 1211 1307 
SCL #err deg : 6750 / 9300
SCL #err weighted degeneracy : 6670 6673 6671 6659 6681 6727 
degeneracy helps : 1095 1055 1114 1239 1292 1345 
degeneracy worse : 1015 986 1035 1148 1223 1322 
SCL #err deg : 6818 / 9400
SCL #err weighted degeneracy : 6741 6744 6744 6731 6756 6802 
degeneracy helps : 1106 1066 1123 1249 1302 1355 
degeneracy worse : 1029 1000 1049 1162 1240 1339 
SCL #err deg : 6889 / 9500
SCL #err weighted degeneracy : 6817 6819 6819 6803 6827 6874 
degeneracy helps : 1114 1075 1132 1262 1316 1370 
degeneracy worse : 1042 1013 1062 1176 1254 1355 
SCL #err deg : 6953 / 9600
SCL #err weighted degeneracy : 6878 6881 6879 6866 6892 6939 
degeneracy helps : 1125 1085 1144 1274 1326 1380 
degeneracy worse : 1050 1021 1070 1187 1265 1366 
SCL #err deg : 7031 / 9700
SCL #err weighted degeneracy : 6956 6960 6955 6938 6963 7009 
degeneracy helps : 1135 1094 1156 1291 1344 1399 
degeneracy worse : 1060 1031 1080 1198 1276 1377 
SCL #err deg : 7104 / 9800
SCL #err weighted degeneracy : 7030 7033 7029 7012 7039 7087 
degeneracy helps : 1145 1104 1166 1302 1355 1410 
degeneracy worse : 1071 1041 1091 1210 1290 1393 
SCL #err deg : 7180 / 9900
SCL #err weighted degeneracy : 7106 7113 7104 7089 7114 7161 
degeneracy helps : 1160 1115 1182 1317 1370 1425 
degeneracy worse : 1086 1056 1106 1226 1304 1406 
SCL #err deg : 7253 / 10000
SCL #err weighted degeneracy : 7175 7181 7173 7158 7187 7234 
degeneracy helps : 1177 1132 1199 1336 1386 1442 
degeneracy worse : 1099 1068 1119 1241 1320 1423 
average #flips: 25.6571
SCL #err considering degeneracy: 7253
error due to equal 80
error due to SCL smaller 7173
Finish in 1067 s
