Simulation Polar syndrome FASTER N=1024, K=513, l=128, pz=0.107, #samples=10000, seed=543
PW construction
Event generator random seed: 543
SCL #err deg : 36 / 100
SCL #err weighted degeneracy : 38 38 36 35 35 35 
degeneracy helps : 1 1 3 4 5 5 
degeneracy worse : 3 3 3 3 4 4 
SCL #err deg : 72 / 200
SCL #err weighted degeneracy : 67 67 63 62 62 62 
degeneracy helps : 9 9 13 14 15 15 
degeneracy worse : 4 4 4 4 5 5 
SCL #err deg : 100 / 300
SCL #err weighted degeneracy : 88 88 83 80 81 82 
degeneracy helps : 19 19 25 27 27 27 
degeneracy worse : 7 7 8 7 8 9 
SCL #err deg : 122 / 400
SCL #err weighted degeneracy : 111 111 105 102 104 104 
degeneracy helps : 21 21 29 30 30 31 
degeneracy worse : 10 10 12 10 12 13 
SCL #err deg : 152 / 500
SCL #err weighted degeneracy : 138 137 130 127 130 130 
degeneracy helps : 27 27 37 38 37 38 
degeneracy worse : 13 12 15 13 15 16 
SCL #err deg : 188 / 600
SCL #err weighted degeneracy : 169 168 162 160 163 164 
degeneracy helps : 34 34 44 45 44 45 
degeneracy worse : 15 14 18 17 19 21 
SCL #err deg : 218 / 700
SCL #err weighted degeneracy : 202 201 195 196 201 202 
degeneracy helps : 38 38 48 49 47 48 
degeneracy worse : 22 21 25 27 30 32 
SCL #err deg : 250 / 800
SCL #err weighted degeneracy : 232 231 226 228 233 235 
degeneracy helps : 43 43 53 54 52 52 
degeneracy worse : 25 24 29 32 35 37 
SCL #err deg : 273 / 900
SCL #err weighted degeneracy : 255 254 249 250 255 257 
degeneracy helps : 46 46 57 60 58 58 
degeneracy worse : 28 27 33 37 40 42 
SCL #err deg : 295 / 1000
SCL #err weighted degeneracy : 276 276 269 270 275 277 
degeneracy helps : 49 48 62 66 64 64 
degeneracy worse : 30 29 36 41 44 46 
SCL #err deg : 330 / 1100
SCL #err weighted degeneracy : 309 309 303 303 309 312 
degeneracy helps : 57 56 71 76 74 74 
degeneracy worse : 36 35 44 49 53 56 
SCL #err deg : 356 / 1200
SCL #err weighted degeneracy : 336 336 330 330 336 341 
degeneracy helps : 60 59 75 80 78 78 
degeneracy worse : 40 39 49 54 58 63 
SCL #err deg : 385 / 1300
SCL #err weighted degeneracy : 365 365 361 359 364 370 
degeneracy helps : 65 64 79 85 83 83 
degeneracy worse : 45 44 55 59 62 68 
SCL #err deg : 420 / 1400
SCL #err weighted degeneracy : 396 396 393 389 395 399 
degeneracy helps : 72 71 86 93 91 92 
degeneracy worse : 48 47 59 62 66 71 
SCL #err deg : 451 / 1500
SCL #err weighted degeneracy : 423 423 421 415 421 426 
degeneracy helps : 76 75 90 99 97 97 
degeneracy worse : 48 47 60 63 67 72 
SCL #err deg : 485 / 1600
SCL #err weighted degeneracy : 457 456 455 452 458 462 
degeneracy helps : 80 79 95 104 102 103 
degeneracy worse : 52 50 65 71 75 80 
SCL #err deg : 516 / 1700
SCL #err weighted degeneracy : 482 481 481 479 486 490 
degeneracy helps : 87 86 102 111 108 109 
degeneracy worse : 53 51 67 74 78 83 
SCL #err deg : 546 / 1800
SCL #err weighted degeneracy : 508 507 510 507 514 518 
degeneracy helps : 92 91 105 115 112 113 
degeneracy worse : 54 52 69 76 80 85 
SCL #err deg : 571 / 1900
SCL #err weighted degeneracy : 534 533 537 534 541 545 
degeneracy helps : 96 95 109 120 117 118 
degeneracy worse : 59 57 75 83 87 92 
SCL #err deg : 603 / 2000
SCL #err weighted degeneracy : 564 563 566 562 570 574 
degeneracy helps : 102 101 116 128 124 125 
degeneracy worse : 63 61 79 87 91 96 
SCL #err deg : 633 / 2100
SCL #err weighted degeneracy : 594 593 597 593 601 604 
degeneracy helps : 107 106 120 132 128 129 
degeneracy worse : 68 66 84 92 96 100 
SCL #err deg : 659 / 2200
SCL #err weighted degeneracy : 622 621 623 622 630 634 
degeneracy helps : 109 108 123 135 131 132 
degeneracy worse : 72 70 87 98 102 107 
SCL #err deg : 688 / 2300
SCL #err weighted degeneracy : 655 655 657 656 663 667 
degeneracy helps : 113 111 127 139 136 137 
degeneracy worse : 80 78 96 107 111 116 
SCL #err deg : 723 / 2400
SCL #err weighted degeneracy : 686 686 686 686 692 696 
degeneracy helps : 119 117 135 146 144 145 
degeneracy worse : 82 80 98 109 113 118 
SCL #err deg : 749 / 2500
SCL #err weighted degeneracy : 717 717 715 716 722 727 
degeneracy helps : 122 120 139 150 148 149 
degeneracy worse : 90 88 105 117 121 127 
SCL #err deg : 777 / 2600
SCL #err weighted degeneracy : 744 744 745 745 751 756 
degeneracy helps : 126 124 142 154 152 153 
degeneracy worse : 93 91 110 122 126 132 
SCL #err deg : 804 / 2700
SCL #err weighted degeneracy : 771 771 774 774 779 785 
degeneracy helps : 129 127 144 157 155 155 
degeneracy worse : 96 94 114 127 130 136 
SCL #err deg : 834 / 2800
SCL #err weighted degeneracy : 800 800 802 801 806 812 
degeneracy helps : 133 131 149 164 162 162 
degeneracy worse : 99 97 117 131 134 140 
SCL #err deg : 867 / 2900
SCL #err weighted degeneracy : 834 834 836 836 840 845 
degeneracy helps : 134 132 150 165 164 165 
degeneracy worse : 101 99 119 134 137 143 
SCL #err deg : 896 / 3000
SCL #err weighted degeneracy : 860 860 860 860 865 870 
degeneracy helps : 138 136 156 171 170 171 
degeneracy worse : 102 100 120 135 139 145 
SCL #err deg : 938 / 3100
SCL #err weighted degeneracy : 898 898 898 897 902 906 
degeneracy helps : 145 143 163 179 178 180 
degeneracy worse : 105 103 123 138 142 148 
SCL #err deg : 973 / 3200
SCL #err weighted degeneracy : 929 929 929 927 933 937 
degeneracy helps : 150 148 170 187 185 187 
degeneracy worse : 106 104 126 141 145 151 
SCL #err deg : 1001 / 3300
SCL #err weighted degeneracy : 957 958 956 957 963 967 
degeneracy helps : 153 150 173 190 188 190 
degeneracy worse : 109 107 128 146 150 156 
SCL #err deg : 1031 / 3400
SCL #err weighted degeneracy : 988 989 986 988 993 998 
degeneracy helps : 158 155 179 196 195 196 
degeneracy worse : 115 113 134 153 157 163 
SCL #err deg : 1056 / 3500
SCL #err weighted degeneracy : 1016 1018 1013 1015 1020 1024 
degeneracy helps : 160 156 182 199 198 200 
degeneracy worse : 120 118 139 158 162 168 
SCL #err deg : 1082 / 3600
SCL #err weighted degeneracy : 1042 1044 1040 1041 1045 1049 
degeneracy helps : 164 160 186 203 202 204 
degeneracy worse : 124 122 144 162 165 171 
SCL #err deg : 1108 / 3700
SCL #err weighted degeneracy : 1068 1070 1065 1065 1067 1072 
degeneracy helps : 168 164 190 208 209 210 
degeneracy worse : 128 126 147 165 168 174 
SCL #err deg : 1136 / 3800
SCL #err weighted degeneracy : 1094 1096 1091 1090 1092 1098 
degeneracy helps : 175 171 196 215 216 217 
degeneracy worse : 133 131 151 169 172 179 
SCL #err deg : 1164 / 3900
SCL #err weighted degeneracy : 1123 1125 1120 1119 1122 1128 
degeneracy helps : 179 175 201 220 221 222 
degeneracy worse : 138 136 157 175 179 186 
SCL #err deg : 1191 / 4000
SCL #err weighted degeneracy : 1147 1149 1143 1142 1145 1151 
degeneracy helps : 183 179 206 225 227 228 
degeneracy worse : 139 137 158 176 181 188 
SCL #err deg : 1220 / 4100
SCL #err weighted degeneracy : 1173 1175 1171 1171 1174 1181 
degeneracy helps : 188 184 211 230 232 233 
degeneracy worse : 141 139 162 181 186 194 
SCL #err deg : 1247 / 4200
SCL #err weighted degeneracy : 1196 1198 1196 1198 1202 1209 
degeneracy helps : 193 189 216 235 237 238 
degeneracy worse : 142 140 165 186 192 200 
SCL #err deg : 1276 / 4300
SCL #err weighted degeneracy : 1220 1222 1218 1220 1226 1232 
degeneracy helps : 201 197 228 247 248 249 
degeneracy worse : 145 143 170 191 198 205 
SCL #err deg : 1304 / 4400
SCL #err weighted degeneracy : 1243 1245 1239 1239 1245 1252 
degeneracy helps : 208 204 237 257 259 260 
degeneracy worse : 147 145 172 192 200 208 
SCL #err deg : 1330 / 4500
SCL #err weighted degeneracy : 1265 1267 1261 1260 1266 1273 
degeneracy helps : 213 209 242 264 266 267 
degeneracy worse : 148 146 173 194 202 210 
SCL #err deg : 1348 / 4600
SCL #err weighted degeneracy : 1283 1286 1281 1280 1287 1295 
degeneracy helps : 216 211 246 268 270 271 
degeneracy worse : 151 149 179 200 209 218 
SCL #err deg : 1379 / 4700
SCL #err weighted degeneracy : 1318 1321 1321 1320 1327 1335 
degeneracy helps : 218 213 248 270 272 273 
degeneracy worse : 157 155 190 211 220 229 
SCL #err deg : 1409 / 4800
SCL #err weighted degeneracy : 1348 1350 1352 1351 1358 1364 
degeneracy helps : 222 217 252 274 276 279 
degeneracy worse : 161 158 195 216 225 234 
SCL #err deg : 1442 / 4900
SCL #err weighted degeneracy : 1376 1378 1380 1379 1386 1391 
degeneracy helps : 229 224 259 281 283 287 
degeneracy worse : 163 160 197 218 227 236 
SCL #err deg : 1476 / 5000
SCL #err weighted degeneracy : 1409 1411 1412 1411 1418 1423 
degeneracy helps : 235 230 267 289 291 295 
degeneracy worse : 168 165 203 224 233 242 
SCL #err deg : 1502 / 5100
SCL #err weighted degeneracy : 1437 1439 1438 1437 1444 1450 
degeneracy helps : 238 233 270 292 294 298 
degeneracy worse : 173 170 206 227 236 246 
SCL #err deg : 1527 / 5200
SCL #err weighted degeneracy : 1460 1462 1461 1460 1467 1474 
degeneracy helps : 243 238 276 298 300 303 
degeneracy worse : 176 173 210 231 240 250 
SCL #err deg : 1557 / 5300
SCL #err weighted degeneracy : 1486 1489 1487 1485 1492 1498 
degeneracy helps : 250 244 284 307 309 312 
degeneracy worse : 179 176 214 235 244 253 
SCL #err deg : 1588 / 5400
SCL #err weighted degeneracy : 1515 1518 1517 1518 1526 1532 
degeneracy helps : 255 249 289 311 313 316 
degeneracy worse : 182 179 218 241 251 260 
SCL #err deg : 1617 / 5500
SCL #err weighted degeneracy : 1544 1547 1545 1546 1552 1558 
degeneracy helps : 260 254 295 317 320 323 
degeneracy worse : 187 184 223 246 255 264 
SCL #err deg : 1646 / 5600
SCL #err weighted degeneracy : 1571 1574 1570 1571 1576 1581 
degeneracy helps : 265 259 302 324 327 331 
degeneracy worse : 190 187 226 249 257 266 
SCL #err deg : 1678 / 5700
SCL #err weighted degeneracy : 1599 1602 1600 1601 1605 1612 
degeneracy helps : 271 265 309 331 335 338 
degeneracy worse : 192 189 231 254 262 272 
SCL #err deg : 1713 / 5800
SCL #err weighted degeneracy : 1627 1630 1628 1630 1634 1642 
degeneracy helps : 280 274 318 341 345 348 
degeneracy worse : 194 191 233 258 266 277 
SCL #err deg : 1746 / 5900
SCL #err weighted degeneracy : 1655 1658 1653 1655 1659 1668 
degeneracy helps : 289 283 330 353 357 360 
degeneracy worse : 198 195 237 262 270 282 
SCL #err deg : 1779 / 6000
SCL #err weighted degeneracy : 1686 1689 1682 1682 1686 1696 
degeneracy helps : 293 287 336 361 365 367 
degeneracy worse : 200 197 239 264 272 284 
SCL #err deg : 1813 / 6100
SCL #err weighted degeneracy : 1712 1715 1711 1713 1719 1728 
degeneracy helps : 302 296 344 368 371 374 
degeneracy worse : 201 198 242 268 277 289 
SCL #err deg : 1841 / 6200
SCL #err weighted degeneracy : 1740 1743 1739 1741 1747 1755 
degeneracy helps : 305 299 348 372 375 378 
degeneracy worse : 204 201 246 272 281 292 
SCL #err deg : 1875 / 6300
SCL #err weighted degeneracy : 1775 1778 1772 1774 1780 1788 
degeneracy helps : 310 304 355 381 384 387 
degeneracy worse : 210 207 252 280 289 300 
SCL #err deg : 1908 / 6400
SCL #err weighted degeneracy : 1808 1811 1803 1804 1810 1818 
degeneracy helps : 314 308 361 388 391 394 
degeneracy worse : 214 211 256 284 293 304 
SCL #err deg : 1939 / 6500
SCL #err weighted degeneracy : 1834 1837 1829 1830 1836 1843 
degeneracy helps : 321 315 367 394 397 401 
degeneracy worse : 216 213 257 285 294 305 
SCL #err deg : 1964 / 6600
SCL #err weighted degeneracy : 1858 1861 1852 1854 1861 1866 
degeneracy helps : 323 317 370 397 400 405 
degeneracy worse : 217 214 258 287 297 307 
SCL #err deg : 2005 / 6700
SCL #err weighted degeneracy : 1894 1897 1889 1890 1897 1903 
degeneracy helps : 331 325 376 404 407 411 
degeneracy worse : 220 217 260 289 299 309 
SCL #err deg : 2037 / 6800
SCL #err weighted degeneracy : 1925 1928 1920 1919 1926 1931 
degeneracy helps : 335 329 382 411 414 419 
degeneracy worse : 223 220 265 293 303 313 
SCL #err deg : 2061 / 6900
SCL #err weighted degeneracy : 1953 1956 1946 1948 1956 1960 
degeneracy helps : 337 331 386 415 418 424 
degeneracy worse : 229 226 271 302 313 323 
SCL #err deg : 2087 / 7000
SCL #err weighted degeneracy : 1976 1979 1969 1971 1981 1984 
degeneracy helps : 343 337 392 423 426 432 
degeneracy worse : 232 229 274 307 320 329 
SCL #err deg : 2119 / 7100
SCL #err weighted degeneracy : 2008 2011 2002 2003 2013 2015 
degeneracy helps : 347 341 396 428 431 438 
degeneracy worse : 236 233 279 312 325 334 
SCL #err deg : 2148 / 7200
SCL #err weighted degeneracy : 2039 2042 2033 2033 2043 2047 
degeneracy helps : 349 343 399 432 435 440 
degeneracy worse : 240 237 284 317 330 339 
SCL #err deg : 2181 / 7300
SCL #err weighted degeneracy : 2071 2074 2064 2065 2074 2077 
degeneracy helps : 353 347 404 437 441 447 
degeneracy worse : 243 240 287 321 334 343 
SCL #err deg : 2218 / 7400
SCL #err weighted degeneracy : 2107 2110 2098 2099 2106 2109 
degeneracy helps : 358 352 410 444 449 455 
degeneracy worse : 247 244 290 325 337 346 
SCL #err deg : 2242 / 7500
SCL #err weighted degeneracy : 2130 2133 2121 2121 2128 2132 
degeneracy helps : 363 357 416 452 457 463 
degeneracy worse : 251 248 295 331 343 353 
SCL #err deg : 2274 / 7600
SCL #err weighted degeneracy : 2158 2161 2151 2152 2160 2162 
degeneracy helps : 369 363 421 457 462 470 
degeneracy worse : 253 250 298 335 348 358 
SCL #err deg : 2299 / 7700
SCL #err weighted degeneracy : 2180 2183 2173 2176 2184 2186 
degeneracy helps : 375 369 427 463 468 476 
degeneracy worse : 256 253 301 340 353 363 
SCL #err deg : 2323 / 7800
SCL #err weighted degeneracy : 2205 2208 2199 2202 2210 2213 
degeneracy helps : 378 372 430 466 471 480 
degeneracy worse : 260 257 306 345 358 370 
SCL #err deg : 2352 / 7900
SCL #err weighted degeneracy : 2228 2231 2223 2225 2234 2237 
degeneracy helps : 386 380 438 475 479 489 
degeneracy worse : 262 259 309 348 361 374 
SCL #err deg : 2388 / 8000
SCL #err weighted degeneracy : 2258 2261 2251 2255 2264 2267 
degeneracy helps : 395 389 450 485 489 499 
degeneracy worse : 265 262 313 352 365 378 
SCL #err deg : 2423 / 8100
SCL #err weighted degeneracy : 2289 2292 2281 2286 2295 2298 
degeneracy helps : 401 395 457 491 495 505 
degeneracy worse : 267 264 315 354 367 380 
SCL #err deg : 2453 / 8200
SCL #err weighted degeneracy : 2322 2325 2313 2318 2326 2330 
degeneracy helps : 403 397 460 494 499 509 
degeneracy worse : 272 269 320 359 372 386 
SCL #err deg : 2482 / 8300
SCL #err weighted degeneracy : 2348 2351 2339 2344 2353 2357 
degeneracy helps : 411 405 468 503 507 517 
degeneracy worse : 277 274 325 365 378 392 
SCL #err deg : 2505 / 8400
SCL #err weighted degeneracy : 2370 2373 2362 2367 2375 2379 
degeneracy helps : 418 412 475 510 514 524 
degeneracy worse : 283 280 332 372 384 398 
SCL #err deg : 2530 / 8500
SCL #err weighted degeneracy : 2396 2399 2387 2392 2400 2404 
degeneracy helps : 419 413 479 514 518 528 
degeneracy worse : 285 282 336 376 388 402 
SCL #err deg : 2558 / 8600
SCL #err weighted degeneracy : 2424 2427 2415 2420 2428 2433 
degeneracy helps : 423 417 484 520 524 533 
degeneracy worse : 289 286 341 382 394 408 
SCL #err deg : 2596 / 8700
SCL #err weighted degeneracy : 2463 2466 2453 2458 2466 2471 
degeneracy helps : 426 420 488 524 528 537 
degeneracy worse : 293 290 345 386 398 412 
SCL #err deg : 2626 / 8800
SCL #err weighted degeneracy : 2492 2495 2481 2487 2494 2498 
degeneracy helps : 430 424 494 529 534 544 
degeneracy worse : 296 293 349 390 402 416 
SCL #err deg : 2655 / 8900
SCL #err weighted degeneracy : 2519 2522 2509 2517 2524 2528 
degeneracy helps : 436 430 499 534 539 549 
degeneracy worse : 300 297 353 396 408 422 
SCL #err deg : 2689 / 9000
SCL #err weighted degeneracy : 2553 2556 2545 2552 2559 2564 
degeneracy helps : 439 433 503 539 544 553 
degeneracy worse : 303 300 359 402 414 428 
SCL #err deg : 2717 / 9100
SCL #err weighted degeneracy : 2581 2584 2574 2580 2586 2591 
degeneracy helps : 444 438 508 545 550 559 
degeneracy worse : 308 305 365 408 419 433 
SCL #err deg : 2754 / 9200
SCL #err weighted degeneracy : 2608 2611 2601 2607 2615 2619 
degeneracy helps : 456 450 521 559 562 572 
degeneracy worse : 310 307 368 412 423 437 
SCL #err deg : 2782 / 9300
SCL #err weighted degeneracy : 2635 2638 2626 2633 2641 2645 
degeneracy helps : 460 454 527 565 568 578 
degeneracy worse : 313 310 371 416 427 441 
SCL #err deg : 2811 / 9400
SCL #err weighted degeneracy : 2660 2663 2652 2661 2669 2672 
degeneracy helps : 467 461 534 572 575 586 
degeneracy worse : 316 313 375 422 433 447 
SCL #err deg : 2844 / 9500
SCL #err weighted degeneracy : 2691 2694 2682 2691 2699 2702 
degeneracy helps : 472 466 539 577 580 591 
degeneracy worse : 319 316 377 424 435 449 
SCL #err deg : 2869 / 9600
SCL #err weighted degeneracy : 2714 2717 2704 2715 2722 2725 
degeneracy helps : 476 470 543 581 585 597 
degeneracy worse : 321 318 378 427 438 453 
SCL #err deg : 2896 / 9700
SCL #err weighted degeneracy : 2740 2743 2728 2738 2747 2749 
degeneracy helps : 481 475 549 589 592 605 
degeneracy worse : 325 322 381 431 443 458 
SCL #err deg : 2926 / 9800
SCL #err weighted degeneracy : 2766 2769 2754 2763 2774 2776 
degeneracy helps : 488 482 558 599 602 615 
degeneracy worse : 328 325 386 436 450 465 
SCL #err deg : 2953 / 9900
SCL #err weighted degeneracy : 2795 2798 2782 2790 2802 2804 
degeneracy helps : 489 483 560 601 604 617 
degeneracy worse : 331 328 389 438 453 468 
SCL #err deg : 2984 / 10000
SCL #err weighted degeneracy : 2822 2825 2808 2816 2829 2831 
degeneracy helps : 494 488 566 607 610 623 
degeneracy worse : 332 329 390 439 455 470 
average #flips: 109.583
SCL #err considering degeneracy: 2984
error due to equal 331
error due to SCL smaller 2615
Finish in 12080 s
