Simulation Polar syndrome FASTER N=1024, K=513, l=128, pz=0.105, #samples=10000, seed=197
PW construction
Event generator random seed: 197
SCL #err deg : 25 / 100
SCL #err weighted degeneracy : 24 24 24 24 25 24 
degeneracy helps : 9 9 8 8 6 7 
degeneracy worse : 8 8 7 7 6 6 
SCL #err deg : 52 / 200
SCL #err weighted degeneracy : 50 50 53 52 53 53 
degeneracy helps : 14 14 13 12 10 10 
degeneracy worse : 12 12 14 12 11 11 
SCL #err deg : 82 / 300
SCL #err weighted degeneracy : 79 79 81 81 82 80 
degeneracy helps : 18 18 18 18 17 17 
degeneracy worse : 15 15 17 17 17 15 
SCL #err deg : 106 / 400
SCL #err weighted degeneracy : 102 102 101 103 105 103 
degeneracy helps : 24 24 25 25 24 23 
degeneracy worse : 20 20 20 22 23 20 
SCL #err deg : 133 / 500
SCL #err weighted degeneracy : 127 127 124 127 129 128 
degeneracy helps : 33 33 35 35 34 32 
degeneracy worse : 27 27 26 29 30 27 
SCL #err deg : 159 / 600
SCL #err weighted degeneracy : 156 156 153 153 156 155 
degeneracy helps : 38 38 39 39 38 36 
degeneracy worse : 35 35 33 33 35 32 
SCL #err deg : 184 / 700
SCL #err weighted degeneracy : 173 173 170 169 172 173 
degeneracy helps : 46 46 47 48 47 44 
degeneracy worse : 35 35 33 33 35 33 
SCL #err deg : 209 / 800
SCL #err weighted degeneracy : 191 191 190 190 193 194 
degeneracy helps : 54 54 56 56 55 52 
degeneracy worse : 36 36 37 37 39 37 
SCL #err deg : 232 / 900
SCL #err weighted degeneracy : 209 209 211 212 217 219 
degeneracy helps : 63 63 64 64 62 58 
degeneracy worse : 40 40 43 44 47 45 
SCL #err deg : 254 / 1000
SCL #err weighted degeneracy : 231 231 233 238 243 245 
degeneracy helps : 69 69 70 68 65 60 
degeneracy worse : 46 46 49 52 54 51 
SCL #err deg : 284 / 1100
SCL #err weighted degeneracy : 259 259 262 268 273 274 
degeneracy helps : 75 75 77 75 72 67 
degeneracy worse : 50 50 55 59 61 57 
SCL #err deg : 319 / 1200
SCL #err weighted degeneracy : 294 294 297 304 310 311 
degeneracy helps : 81 81 83 82 78 74 
degeneracy worse : 56 56 61 67 69 66 
SCL #err deg : 348 / 1300
SCL #err weighted degeneracy : 322 322 323 329 336 337 
degeneracy helps : 86 86 90 89 84 80 
degeneracy worse : 60 60 65 70 72 69 
SCL #err deg : 376 / 1400
SCL #err weighted degeneracy : 350 350 350 356 364 366 
degeneracy helps : 90 90 94 94 87 83 
degeneracy worse : 64 64 68 74 75 73 
SCL #err deg : 403 / 1500
SCL #err weighted degeneracy : 373 373 370 376 385 391 
degeneracy helps : 97 97 102 102 94 88 
degeneracy worse : 67 67 69 75 76 76 
SCL #err deg : 431 / 1600
SCL #err weighted degeneracy : 402 402 397 403 411 419 
degeneracy helps : 102 102 108 108 101 94 
degeneracy worse : 73 73 74 80 81 82 
SCL #err deg : 461 / 1700
SCL #err weighted degeneracy : 429 429 424 429 438 446 
degeneracy helps : 107 107 114 115 108 101 
degeneracy worse : 75 75 77 83 85 86 
SCL #err deg : 491 / 1800
SCL #err weighted degeneracy : 453 453 450 456 468 476 
degeneracy helps : 117 117 122 122 113 106 
degeneracy worse : 79 79 81 87 90 91 
SCL #err deg : 516 / 1900
SCL #err weighted degeneracy : 474 474 468 477 489 496 
degeneracy helps : 125 125 131 130 121 114 
degeneracy worse : 83 83 83 91 94 94 
SCL #err deg : 550 / 2000
SCL #err weighted degeneracy : 505 505 499 507 519 526 
degeneracy helps : 131 131 137 136 127 120 
degeneracy worse : 86 86 86 93 96 96 
SCL #err deg : 578 / 2100
SCL #err weighted degeneracy : 537 537 533 540 552 559 
degeneracy helps : 134 134 140 139 130 123 
degeneracy worse : 93 93 95 101 104 104 
SCL #err deg : 602 / 2200
SCL #err weighted degeneracy : 558 558 554 561 573 578 
degeneracy helps : 138 138 145 144 136 130 
degeneracy worse : 94 94 97 103 107 106 
SCL #err deg : 625 / 2300
SCL #err weighted degeneracy : 578 578 574 581 594 599 
degeneracy helps : 142 142 149 148 140 136 
degeneracy worse : 95 95 98 104 109 110 
SCL #err deg : 664 / 2400
SCL #err weighted degeneracy : 611 611 607 614 627 631 
degeneracy helps : 152 152 159 159 151 147 
degeneracy worse : 99 99 102 109 114 114 
SCL #err deg : 690 / 2500
SCL #err weighted degeneracy : 632 632 628 634 649 654 
degeneracy helps : 160 160 167 168 159 154 
degeneracy worse : 102 102 105 112 118 118 
SCL #err deg : 715 / 2600
SCL #err weighted degeneracy : 654 654 654 658 674 679 
degeneracy helps : 164 164 168 170 160 155 
degeneracy worse : 103 103 107 113 119 119 
SCL #err deg : 749 / 2700
SCL #err weighted degeneracy : 686 686 686 692 709 714 
degeneracy helps : 170 170 175 176 165 160 
degeneracy worse : 107 107 112 119 125 125 
SCL #err deg : 778 / 2800
SCL #err weighted degeneracy : 711 711 710 717 734 738 
degeneracy helps : 177 177 184 185 174 169 
degeneracy worse : 110 110 116 124 130 129 
SCL #err deg : 809 / 2900
SCL #err weighted degeneracy : 735 736 733 740 756 760 
degeneracy helps : 186 186 194 195 184 180 
degeneracy worse : 112 113 118 126 131 131 
SCL #err deg : 829 / 3000
SCL #err weighted degeneracy : 755 755 754 761 777 781 
degeneracy helps : 191 192 199 202 191 187 
degeneracy worse : 117 118 124 134 139 139 
SCL #err deg : 848 / 3100
SCL #err weighted degeneracy : 779 779 778 784 800 805 
degeneracy helps : 194 195 202 206 194 191 
degeneracy worse : 125 126 132 142 146 148 
SCL #err deg : 880 / 3200
SCL #err weighted degeneracy : 806 806 804 809 825 831 
degeneracy helps : 202 203 210 214 202 198 
degeneracy worse : 128 129 134 143 147 149 
SCL #err deg : 905 / 3300
SCL #err weighted degeneracy : 832 832 830 835 851 857 
degeneracy helps : 205 206 212 216 204 202 
degeneracy worse : 132 133 137 146 150 154 
SCL #err deg : 927 / 3400
SCL #err weighted degeneracy : 848 848 848 856 872 878 
degeneracy helps : 211 212 218 220 208 206 
degeneracy worse : 132 133 139 149 153 157 
SCL #err deg : 953 / 3500
SCL #err weighted degeneracy : 872 872 874 884 901 905 
degeneracy helps : 214 215 222 224 212 212 
degeneracy worse : 133 134 143 155 160 164 
SCL #err deg : 982 / 3600
SCL #err weighted degeneracy : 900 900 900 908 926 931 
degeneracy helps : 220 221 231 233 220 220 
degeneracy worse : 138 139 149 159 164 169 
SCL #err deg : 1008 / 3700
SCL #err weighted degeneracy : 929 929 930 937 957 961 
degeneracy helps : 222 223 233 236 223 224 
degeneracy worse : 143 144 155 165 172 177 
SCL #err deg : 1032 / 3800
SCL #err weighted degeneracy : 949 949 952 959 978 983 
degeneracy helps : 231 232 240 243 230 231 
degeneracy worse : 148 149 160 170 176 182 
SCL #err deg : 1054 / 3900
SCL #err weighted degeneracy : 969 969 972 978 998 1004 
degeneracy helps : 237 238 246 249 235 236 
degeneracy worse : 152 153 164 173 179 186 
SCL #err deg : 1074 / 4000
SCL #err weighted degeneracy : 985 985 990 996 1016 1024 
degeneracy helps : 243 244 251 254 240 240 
degeneracy worse : 154 155 167 176 182 190 
SCL #err deg : 1100 / 4100
SCL #err weighted degeneracy : 1009 1009 1014 1021 1042 1051 
degeneracy helps : 250 251 259 262 247 247 
degeneracy worse : 159 160 173 183 189 198 
SCL #err deg : 1129 / 4200
SCL #err weighted degeneracy : 1038 1038 1043 1049 1071 1078 
degeneracy helps : 251 252 261 265 250 250 
degeneracy worse : 160 161 175 185 192 199 
SCL #err deg : 1161 / 4300
SCL #err weighted degeneracy : 1069 1068 1076 1082 1106 1112 
degeneracy helps : 257 259 266 270 254 255 
degeneracy worse : 165 166 181 191 199 206 
SCL #err deg : 1185 / 4400
SCL #err weighted degeneracy : 1093 1092 1103 1110 1134 1138 
degeneracy helps : 259 261 268 272 256 258 
degeneracy worse : 167 168 186 197 205 211 
SCL #err deg : 1212 / 4500
SCL #err weighted degeneracy : 1119 1118 1129 1137 1158 1162 
degeneracy helps : 263 265 272 276 262 264 
degeneracy worse : 170 171 189 201 208 214 
SCL #err deg : 1238 / 4600
SCL #err weighted degeneracy : 1141 1140 1150 1158 1181 1186 
degeneracy helps : 268 270 279 283 268 269 
degeneracy worse : 171 172 191 203 211 217 
SCL #err deg : 1266 / 4700
SCL #err weighted degeneracy : 1162 1161 1174 1183 1206 1215 
degeneracy helps : 278 280 288 292 277 274 
degeneracy worse : 174 175 196 209 217 223 
SCL #err deg : 1292 / 4800
SCL #err weighted degeneracy : 1189 1188 1199 1204 1227 1238 
degeneracy helps : 282 284 295 300 285 279 
degeneracy worse : 179 180 202 212 220 225 
SCL #err deg : 1321 / 4900
SCL #err weighted degeneracy : 1216 1215 1229 1234 1259 1270 
degeneracy helps : 287 289 299 304 289 283 
degeneracy worse : 182 183 207 217 227 232 
SCL #err deg : 1343 / 5000
SCL #err weighted degeneracy : 1233 1232 1247 1253 1279 1290 
degeneracy helps : 294 296 306 311 296 290 
degeneracy worse : 184 185 210 221 232 237 
SCL #err deg : 1364 / 5100
SCL #err weighted degeneracy : 1252 1251 1266 1272 1300 1309 
degeneracy helps : 298 300 311 316 301 296 
degeneracy worse : 186 187 213 224 237 241 
SCL #err deg : 1383 / 5200
SCL #err weighted degeneracy : 1267 1266 1281 1292 1320 1328 
degeneracy helps : 305 307 318 323 306 302 
degeneracy worse : 189 190 216 232 243 247 
SCL #err deg : 1412 / 5300
SCL #err weighted degeneracy : 1296 1294 1309 1320 1348 1358 
degeneracy helps : 309 312 323 328 311 306 
degeneracy worse : 193 194 220 236 247 252 
SCL #err deg : 1437 / 5400
SCL #err weighted degeneracy : 1316 1314 1331 1345 1373 1384 
degeneracy helps : 316 319 330 333 316 311 
degeneracy worse : 195 196 224 241 252 258 
SCL #err deg : 1468 / 5500
SCL #err weighted degeneracy : 1349 1347 1366 1377 1403 1414 
degeneracy helps : 321 324 335 340 324 319 
degeneracy worse : 202 203 233 249 259 265 
SCL #err deg : 1509 / 5600
SCL #err weighted degeneracy : 1379 1377 1398 1411 1436 1447 
degeneracy helps : 334 337 347 351 337 332 
degeneracy worse : 204 205 236 253 264 270 
SCL #err deg : 1533 / 5700
SCL #err weighted degeneracy : 1405 1403 1424 1438 1463 1474 
degeneracy helps : 337 340 351 355 341 337 
degeneracy worse : 209 210 242 260 271 278 
SCL #err deg : 1567 / 5800
SCL #err weighted degeneracy : 1437 1435 1453 1467 1495 1505 
degeneracy helps : 344 347 360 364 350 346 
degeneracy worse : 214 215 246 264 278 284 
SCL #err deg : 1597 / 5900
SCL #err weighted degeneracy : 1459 1457 1474 1487 1515 1524 
degeneracy helps : 353 356 371 375 361 359 
degeneracy worse : 215 216 248 265 279 286 
SCL #err deg : 1618 / 6000
SCL #err weighted degeneracy : 1478 1476 1491 1506 1535 1546 
degeneracy helps : 359 362 378 382 368 366 
degeneracy worse : 219 220 251 270 285 294 
SCL #err deg : 1648 / 6100
SCL #err weighted degeneracy : 1497 1495 1510 1526 1557 1572 
degeneracy helps : 371 374 390 394 379 374 
degeneracy worse : 220 221 252 272 288 298 
SCL #err deg : 1667 / 6200
SCL #err weighted degeneracy : 1508 1506 1524 1542 1575 1590 
degeneracy helps : 381 384 398 401 385 380 
degeneracy worse : 222 223 255 276 293 303 
SCL #err deg : 1691 / 6300
SCL #err weighted degeneracy : 1529 1527 1545 1563 1596 1612 
degeneracy helps : 389 392 406 409 393 388 
degeneracy worse : 227 228 260 281 298 309 
SCL #err deg : 1719 / 6400
SCL #err weighted degeneracy : 1555 1552 1569 1585 1619 1635 
degeneracy helps : 395 398 414 419 403 397 
degeneracy worse : 231 231 264 285 303 313 
SCL #err deg : 1745 / 6500
SCL #err weighted degeneracy : 1577 1574 1593 1610 1644 1661 
degeneracy helps : 403 406 422 427 411 404 
degeneracy worse : 235 235 270 292 310 320 
SCL #err deg : 1772 / 6600
SCL #err weighted degeneracy : 1604 1601 1620 1637 1670 1688 
degeneracy helps : 411 414 430 436 421 413 
degeneracy worse : 243 243 278 301 319 329 
SCL #err deg : 1801 / 6700
SCL #err weighted degeneracy : 1631 1628 1643 1660 1695 1712 
degeneracy helps : 417 420 438 444 428 421 
degeneracy worse : 247 247 280 303 322 332 
SCL #err deg : 1824 / 6800
SCL #err weighted degeneracy : 1651 1648 1664 1682 1718 1733 
degeneracy helps : 422 425 443 449 433 427 
degeneracy worse : 249 249 283 307 327 336 
SCL #err deg : 1849 / 6900
SCL #err weighted degeneracy : 1673 1670 1685 1705 1742 1757 
degeneracy helps : 427 430 449 454 437 431 
degeneracy worse : 251 251 285 310 330 339 
SCL #err deg : 1883 / 7000
SCL #err weighted degeneracy : 1706 1703 1717 1739 1777 1792 
degeneracy helps : 433 436 456 460 443 437 
degeneracy worse : 256 256 290 316 337 346 
SCL #err deg : 1906 / 7100
SCL #err weighted degeneracy : 1726 1723 1737 1762 1799 1815 
degeneracy helps : 437 440 460 463 446 440 
degeneracy worse : 257 257 291 319 339 349 
SCL #err deg : 1940 / 7200
SCL #err weighted degeneracy : 1757 1754 1771 1797 1834 1851 
degeneracy helps : 442 445 465 468 451 444 
degeneracy worse : 259 259 296 325 345 355 
SCL #err deg : 1967 / 7300
SCL #err weighted degeneracy : 1782 1779 1795 1822 1858 1876 
degeneracy helps : 447 450 471 473 458 451 
degeneracy worse : 262 262 299 328 349 360 
SCL #err deg : 2002 / 7400
SCL #err weighted degeneracy : 1811 1808 1822 1848 1885 1905 
degeneracy helps : 455 458 481 484 469 462 
degeneracy worse : 264 264 301 330 352 365 
SCL #err deg : 2028 / 7500
SCL #err weighted degeneracy : 1836 1833 1847 1873 1911 1929 
degeneracy helps : 461 464 486 489 473 466 
degeneracy worse : 269 269 305 334 356 367 
SCL #err deg : 2054 / 7600
SCL #err weighted degeneracy : 1857 1854 1868 1893 1932 1950 
degeneracy helps : 468 471 493 496 479 473 
degeneracy worse : 271 271 307 335 357 369 
SCL #err deg : 2083 / 7700
SCL #err weighted degeneracy : 1881 1878 1893 1918 1958 1976 
degeneracy helps : 475 478 500 503 485 479 
degeneracy worse : 273 273 310 338 360 372 
SCL #err deg : 2107 / 7800
SCL #err weighted degeneracy : 1904 1901 1915 1941 1982 2001 
degeneracy helps : 479 482 506 509 490 484 
degeneracy worse : 276 276 314 343 365 378 
SCL #err deg : 2137 / 7900
SCL #err weighted degeneracy : 1932 1929 1943 1969 2010 2029 
degeneracy helps : 485 488 514 518 498 492 
degeneracy worse : 280 280 320 350 371 384 
SCL #err deg : 2166 / 8000
SCL #err weighted degeneracy : 1956 1953 1966 1992 2032 2050 
degeneracy helps : 492 495 523 528 509 504 
degeneracy worse : 282 282 323 354 375 388 
SCL #err deg : 2189 / 8100
SCL #err weighted degeneracy : 1979 1976 1989 2015 2055 2073 
degeneracy helps : 496 499 528 533 514 508 
degeneracy worse : 286 286 328 359 380 392 
SCL #err deg : 2220 / 8200
SCL #err weighted degeneracy : 2008 2005 2016 2042 2083 2101 
degeneracy helps : 502 505 536 542 523 517 
degeneracy worse : 290 290 332 364 386 398 
SCL #err deg : 2246 / 8300
SCL #err weighted degeneracy : 2033 2030 2041 2068 2111 2128 
degeneracy helps : 507 510 541 547 527 522 
degeneracy worse : 294 294 336 369 392 404 
SCL #err deg : 2275 / 8400
SCL #err weighted degeneracy : 2060 2057 2067 2096 2139 2154 
degeneracy helps : 511 514 546 553 533 529 
degeneracy worse : 296 296 338 374 397 408 
SCL #err deg : 2295 / 8500
SCL #err weighted degeneracy : 2074 2071 2083 2112 2158 2175 
degeneracy helps : 519 522 554 562 540 536 
degeneracy worse : 298 298 342 379 403 416 
SCL #err deg : 2322 / 8600
SCL #err weighted degeneracy : 2100 2097 2108 2136 2183 2201 
degeneracy helps : 525 528 559 568 545 540 
degeneracy worse : 303 303 345 382 406 419 
SCL #err deg : 2345 / 8700
SCL #err weighted degeneracy : 2121 2118 2129 2157 2204 2223 
degeneracy helps : 530 533 564 573 550 545 
degeneracy worse : 306 306 348 385 409 423 
SCL #err deg : 2373 / 8800
SCL #err weighted degeneracy : 2148 2145 2154 2180 2227 2247 
degeneracy helps : 535 538 569 580 557 552 
degeneracy worse : 310 310 350 387 411 426 
SCL #err deg : 2395 / 8900
SCL #err weighted degeneracy : 2168 2165 2175 2201 2248 2268 
degeneracy helps : 541 544 574 584 561 557 
degeneracy worse : 314 314 354 390 414 430 
SCL #err deg : 2426 / 9000
SCL #err weighted degeneracy : 2200 2197 2205 2231 2281 2302 
degeneracy helps : 548 551 582 591 568 563 
degeneracy worse : 322 322 361 396 423 439 
SCL #err deg : 2448 / 9100
SCL #err weighted degeneracy : 2222 2219 2226 2255 2307 2328 
degeneracy helps : 551 554 587 595 572 567 
degeneracy worse : 325 325 365 402 431 447 
SCL #err deg : 2476 / 9200
SCL #err weighted degeneracy : 2247 2243 2250 2278 2333 2357 
degeneracy helps : 557 560 595 604 579 572 
degeneracy worse : 328 327 369 406 436 453 
SCL #err deg : 2499 / 9300
SCL #err weighted degeneracy : 2262 2258 2266 2295 2351 2375 
degeneracy helps : 566 569 603 611 585 578 
degeneracy worse : 329 328 370 407 437 454 
SCL #err deg : 2524 / 9400
SCL #err weighted degeneracy : 2289 2286 2291 2321 2376 2400 
degeneracy helps : 570 573 609 616 590 583 
degeneracy worse : 335 335 376 413 442 459 
SCL #err deg : 2556 / 9500
SCL #err weighted degeneracy : 2315 2312 2319 2348 2403 2426 
degeneracy helps : 578 581 616 624 598 591 
degeneracy worse : 337 337 379 416 445 461 
SCL #err deg : 2581 / 9600
SCL #err weighted degeneracy : 2341 2338 2344 2374 2430 2452 
degeneracy helps : 584 587 622 630 603 597 
degeneracy worse : 344 344 385 423 452 468 
SCL #err deg : 2611 / 9700
SCL #err weighted degeneracy : 2370 2367 2372 2401 2456 2478 
degeneracy helps : 588 591 627 635 609 603 
degeneracy worse : 347 347 388 425 454 470 
SCL #err deg : 2644 / 9800
SCL #err weighted degeneracy : 2399 2396 2400 2429 2482 2503 
degeneracy helps : 595 598 634 642 618 613 
degeneracy worse : 350 350 390 427 456 472 
SCL #err deg : 2677 / 9900
SCL #err weighted degeneracy : 2429 2426 2430 2458 2512 2533 
degeneracy helps : 603 606 642 650 626 621 
degeneracy worse : 355 355 395 431 461 477 
SCL #err deg : 2696 / 10000
SCL #err weighted degeneracy : 2448 2445 2450 2477 2532 2552 
degeneracy helps : 607 610 647 656 632 627 
degeneracy worse : 359 359 401 437 468 483 
average #flips: 107.505
SCL #err considering degeneracy: 2696
error due to equal 357
error due to SCL smaller 2280
Finish in 11580 s
