Simulation Polar syndrome FASTER N=512, K=257, l=128, pz=0.18, #samples=10000, seed=37
PW construction
Event generator random seed: 37
SCL #err deg : 76 / 100
SCL #err weighted degeneracy : 69 72 69 70 70 71 
degeneracy helps : 14 11 12 12 11 11 
degeneracy worse : 7 7 5 6 5 6 
SCL #err deg : 160 / 200
SCL #err weighted degeneracy : 152 155 149 148 150 150 
degeneracy helps : 21 18 22 23 20 22 
degeneracy worse : 13 13 11 11 10 12 
SCL #err deg : 235 / 300
SCL #err weighted degeneracy : 222 227 214 211 215 216 
degeneracy helps : 37 32 42 45 41 42 
degeneracy worse : 24 24 21 21 21 23 
SCL #err deg : 312 / 400
SCL #err weighted degeneracy : 288 295 280 281 282 284 
degeneracy helps : 58 51 63 63 60 60 
degeneracy worse : 34 34 31 32 30 32 
SCL #err deg : 384 / 500
SCL #err weighted degeneracy : 360 368 356 360 364 363 
degeneracy helps : 67 59 71 71 66 67 
degeneracy worse : 43 43 43 47 46 46 
SCL #err deg : 459 / 600
SCL #err weighted degeneracy : 435 443 431 435 437 436 
degeneracy helps : 74 66 78 80 76 78 
degeneracy worse : 50 50 50 56 54 55 
SCL #err deg : 531 / 700
SCL #err weighted degeneracy : 509 519 506 511 513 510 
degeneracy helps : 82 72 85 87 83 87 
degeneracy worse : 60 60 60 67 65 66 
SCL #err deg : 599 / 800
SCL #err weighted degeneracy : 576 586 573 581 588 585 
degeneracy helps : 94 85 96 97 93 97 
degeneracy worse : 71 72 70 79 82 83 
SCL #err deg : 674 / 900
SCL #err weighted degeneracy : 646 657 643 649 656 654 
degeneracy helps : 107 97 109 112 111 113 
degeneracy worse : 79 80 78 87 93 93 
SCL #err deg : 743 / 1000
SCL #err weighted degeneracy : 719 728 718 722 727 726 
degeneracy helps : 115 106 116 121 124 126 
degeneracy worse : 91 91 91 100 108 109 
SCL #err deg : 823 / 1100
SCL #err weighted degeneracy : 797 806 795 799 806 801 
degeneracy helps : 126 117 128 134 135 138 
degeneracy worse : 100 100 100 110 118 116 
SCL #err deg : 900 / 1200
SCL #err weighted degeneracy : 872 881 872 872 882 877 
degeneracy helps : 139 130 139 148 146 148 
degeneracy worse : 111 111 111 120 128 125 
SCL #err deg : 972 / 1300
SCL #err weighted degeneracy : 943 951 937 936 950 945 
degeneracy helps : 150 142 154 164 159 161 
degeneracy worse : 121 121 119 128 137 134 
SCL #err deg : 1045 / 1400
SCL #err weighted degeneracy : 1017 1025 1012 1013 1029 1024 
degeneracy helps : 161 153 163 173 166 168 
degeneracy worse : 133 133 130 141 150 147 
SCL #err deg : 1128 / 1500
SCL #err weighted degeneracy : 1088 1097 1085 1088 1100 1095 
degeneracy helps : 176 167 176 184 181 186 
degeneracy worse : 136 136 133 144 153 153 
SCL #err deg : 1205 / 1600
SCL #err weighted degeneracy : 1161 1169 1159 1165 1176 1173 
degeneracy helps : 188 179 188 195 193 197 
degeneracy worse : 144 143 142 155 164 165 
SCL #err deg : 1281 / 1700
SCL #err weighted degeneracy : 1234 1242 1234 1240 1251 1251 
degeneracy helps : 200 190 198 205 204 208 
degeneracy worse : 153 151 151 164 174 178 
SCL #err deg : 1361 / 1800
SCL #err weighted degeneracy : 1313 1318 1312 1320 1332 1330 
degeneracy helps : 207 200 205 210 210 217 
degeneracy worse : 159 157 156 169 181 186 
SCL #err deg : 1440 / 1900
SCL #err weighted degeneracy : 1385 1393 1383 1390 1403 1399 
degeneracy helps : 218 209 218 226 226 235 
degeneracy worse : 163 162 161 176 189 194 
SCL #err deg : 1516 / 2000
SCL #err weighted degeneracy : 1461 1470 1460 1467 1478 1472 
degeneracy helps : 230 220 229 236 238 248 
degeneracy worse : 175 174 173 187 200 204 
SCL #err deg : 1587 / 2100
SCL #err weighted degeneracy : 1533 1542 1531 1540 1554 1547 
degeneracy helps : 238 228 238 245 247 257 
degeneracy worse : 184 183 182 198 214 217 
SCL #err deg : 1665 / 2200
SCL #err weighted degeneracy : 1607 1613 1605 1615 1628 1623 
degeneracy helps : 250 242 251 257 259 268 
degeneracy worse : 192 190 191 207 222 226 
SCL #err deg : 1739 / 2300
SCL #err weighted degeneracy : 1682 1689 1680 1686 1700 1695 
degeneracy helps : 261 251 261 270 271 279 
degeneracy worse : 204 201 202 217 232 235 
SCL #err deg : 1820 / 2400
SCL #err weighted degeneracy : 1761 1767 1758 1766 1782 1777 
degeneracy helps : 269 260 271 280 279 289 
degeneracy worse : 210 207 209 226 241 246 
SCL #err deg : 1897 / 2500
SCL #err weighted degeneracy : 1834 1835 1832 1839 1858 1853 
degeneracy helps : 279 274 281 292 290 300 
degeneracy worse : 216 212 216 234 251 256 
SCL #err deg : 1972 / 2600
SCL #err weighted degeneracy : 1904 1906 1901 1909 1929 1924 
degeneracy helps : 290 284 292 303 301 310 
degeneracy worse : 222 218 221 240 258 262 
SCL #err deg : 2043 / 2700
SCL #err weighted degeneracy : 1983 1983 1982 1991 2008 2003 
degeneracy helps : 297 291 298 308 308 318 
degeneracy worse : 237 231 237 256 273 278 
SCL #err deg : 2121 / 2800
SCL #err weighted degeneracy : 2061 2062 2059 2064 2078 2074 
degeneracy helps : 305 298 306 319 321 331 
degeneracy worse : 245 239 244 262 278 284 
SCL #err deg : 2193 / 2900
SCL #err weighted degeneracy : 2140 2142 2139 2140 2154 2148 
degeneracy helps : 309 302 310 327 329 341 
degeneracy worse : 256 251 256 274 290 296 
SCL #err deg : 2274 / 3000
SCL #err weighted degeneracy : 2213 2214 2211 2209 2226 2219 
degeneracy helps : 325 319 326 344 343 356 
degeneracy worse : 264 259 263 279 295 301 
SCL #err deg : 2349 / 3100
SCL #err weighted degeneracy : 2291 2291 2290 2287 2305 2297 
degeneracy helps : 329 324 330 350 348 363 
degeneracy worse : 271 266 271 288 304 311 
SCL #err deg : 2422 / 3200
SCL #err weighted degeneracy : 2363 2365 2364 2363 2384 2372 
degeneracy helps : 340 336 340 362 358 376 
degeneracy worse : 281 279 282 303 320 326 
SCL #err deg : 2503 / 3300
SCL #err weighted degeneracy : 2442 2442 2443 2443 2464 2452 
degeneracy helps : 348 346 349 370 366 384 
degeneracy worse : 287 285 289 310 327 333 
SCL #err deg : 2584 / 3400
SCL #err weighted degeneracy : 2517 2515 2518 2516 2538 2524 
degeneracy helps : 363 362 365 386 381 401 
degeneracy worse : 296 293 299 318 335 341 
SCL #err deg : 2657 / 3500
SCL #err weighted degeneracy : 2585 2584 2588 2583 2604 2591 
degeneracy helps : 374 371 376 399 395 414 
degeneracy worse : 302 298 307 325 342 348 
SCL #err deg : 2734 / 3600
SCL #err weighted degeneracy : 2660 2659 2664 2657 2679 2669 
degeneracy helps : 381 378 383 407 403 421 
degeneracy worse : 307 303 313 330 348 356 
SCL #err deg : 2809 / 3700
SCL #err weighted degeneracy : 2732 2732 2734 2730 2753 2743 
degeneracy helps : 392 388 396 417 415 433 
degeneracy worse : 315 311 321 338 359 367 
SCL #err deg : 2876 / 3800
SCL #err weighted degeneracy : 2803 2803 2806 2799 2823 2811 
degeneracy helps : 399 394 404 430 428 446 
degeneracy worse : 326 321 334 353 375 381 
SCL #err deg : 2960 / 3900
SCL #err weighted degeneracy : 2880 2881 2884 2879 2904 2892 
degeneracy helps : 411 405 415 441 438 456 
degeneracy worse : 331 326 339 360 382 388 
SCL #err deg : 3032 / 4000
SCL #err weighted degeneracy : 2955 2955 2961 2956 2977 2965 
degeneracy helps : 420 413 423 449 449 467 
degeneracy worse : 343 336 352 373 394 400 
SCL #err deg : 3105 / 4100
SCL #err weighted degeneracy : 3035 3031 3042 3036 3056 3045 
degeneracy helps : 426 419 430 457 459 477 
degeneracy worse : 357 346 367 388 410 417 
SCL #err deg : 3186 / 4200
SCL #err weighted degeneracy : 3103 3099 3113 3107 3128 3120 
degeneracy helps : 444 437 447 473 474 492 
degeneracy worse : 362 351 374 394 416 426 
SCL #err deg : 3253 / 4300
SCL #err weighted degeneracy : 3175 3171 3186 3181 3203 3192 
degeneracy helps : 453 446 454 480 481 502 
degeneracy worse : 376 365 387 408 431 441 
SCL #err deg : 3325 / 4400
SCL #err weighted degeneracy : 3251 3246 3263 3253 3274 3262 
degeneracy helps : 460 454 460 489 491 513 
degeneracy worse : 387 376 398 417 440 450 
SCL #err deg : 3407 / 4500
SCL #err weighted degeneracy : 3332 3324 3344 3333 3355 3339 
degeneracy helps : 470 464 470 501 504 530 
degeneracy worse : 396 382 407 427 452 462 
SCL #err deg : 3475 / 4600
SCL #err weighted degeneracy : 3402 3394 3411 3401 3425 3410 
degeneracy helps : 479 472 482 514 518 541 
degeneracy worse : 407 392 418 440 468 476 
SCL #err deg : 3551 / 4700
SCL #err weighted degeneracy : 3475 3468 3482 3472 3494 3482 
degeneracy helps : 492 483 495 528 534 555 
degeneracy worse : 417 401 426 449 477 486 
SCL #err deg : 3625 / 4800
SCL #err weighted degeneracy : 3552 3542 3561 3551 3572 3557 
degeneracy helps : 494 486 497 531 538 562 
degeneracy worse : 422 404 433 457 485 494 
SCL #err deg : 3694 / 4900
SCL #err weighted degeneracy : 3630 3621 3639 3627 3648 3630 
degeneracy helps : 500 491 502 538 545 571 
degeneracy worse : 437 419 447 471 499 507 
SCL #err deg : 3774 / 5000
SCL #err weighted degeneracy : 3709 3700 3719 3705 3725 3707 
degeneracy helps : 506 497 508 545 553 578 
degeneracy worse : 442 424 453 476 504 511 
SCL #err deg : 3851 / 5100
SCL #err weighted degeneracy : 3784 3773 3793 3779 3799 3782 
degeneracy helps : 515 508 517 557 565 589 
degeneracy worse : 449 431 459 485 513 520 
SCL #err deg : 3926 / 5200
SCL #err weighted degeneracy : 3858 3847 3866 3856 3873 3854 
degeneracy helps : 526 519 528 568 579 604 
degeneracy worse : 459 441 468 498 526 532 
SCL #err deg : 4002 / 5300
SCL #err weighted degeneracy : 3937 3924 3946 3938 3953 3932 
degeneracy helps : 535 528 536 574 587 612 
degeneracy worse : 471 451 480 510 538 542 
SCL #err deg : 4082 / 5400
SCL #err weighted degeneracy : 4013 4002 4022 4011 4026 4004 
degeneracy helps : 541 533 542 584 598 623 
degeneracy worse : 473 454 482 513 542 545 
SCL #err deg : 4152 / 5500
SCL #err weighted degeneracy : 4085 4077 4095 4085 4100 4077 
degeneracy helps : 549 539 550 592 605 632 
degeneracy worse : 483 465 493 525 553 557 
SCL #err deg : 4226 / 5600
SCL #err weighted degeneracy : 4158 4153 4169 4161 4174 4149 
degeneracy helps : 558 547 558 600 613 641 
degeneracy worse : 491 475 501 535 561 564 
SCL #err deg : 4300 / 5700
SCL #err weighted degeneracy : 4234 4230 4242 4236 4248 4224 
degeneracy helps : 566 554 569 611 624 652 
degeneracy worse : 501 485 511 547 572 576 
SCL #err deg : 4378 / 5800
SCL #err weighted degeneracy : 4304 4300 4313 4316 4326 4298 
degeneracy helps : 579 567 583 620 635 667 
degeneracy worse : 506 490 518 558 583 587 
SCL #err deg : 4449 / 5900
SCL #err weighted degeneracy : 4374 4370 4382 4387 4399 4373 
degeneracy helps : 587 575 592 630 644 676 
degeneracy worse : 513 497 525 568 594 600 
SCL #err deg : 4533 / 6000
SCL #err weighted degeneracy : 4454 4449 4461 4464 4476 4450 
degeneracy helps : 596 586 602 642 657 689 
degeneracy worse : 518 503 530 573 600 606 
SCL #err deg : 4598 / 6100
SCL #err weighted degeneracy : 4522 4517 4530 4533 4548 4524 
degeneracy helps : 605 595 610 652 667 698 
degeneracy worse : 530 515 542 587 617 624 
SCL #err deg : 4672 / 6200
SCL #err weighted degeneracy : 4599 4593 4608 4610 4626 4605 
degeneracy helps : 610 600 615 658 674 703 
degeneracy worse : 538 522 551 596 628 636 
SCL #err deg : 4747 / 6300
SCL #err weighted degeneracy : 4674 4666 4683 4685 4701 4682 
degeneracy helps : 620 611 626 668 684 711 
degeneracy worse : 548 531 562 606 638 646 
SCL #err deg : 4820 / 6400
SCL #err weighted degeneracy : 4750 4743 4758 4762 4772 4752 
degeneracy helps : 627 617 634 675 694 722 
degeneracy worse : 558 541 572 617 646 654 
SCL #err deg : 4891 / 6500
SCL #err weighted degeneracy : 4818 4814 4826 4828 4838 4822 
degeneracy helps : 638 628 645 686 706 731 
degeneracy worse : 566 552 580 623 653 662 
SCL #err deg : 4958 / 6600
SCL #err weighted degeneracy : 4887 4883 4894 4900 4910 4894 
degeneracy helps : 647 635 656 695 717 742 
degeneracy worse : 577 561 592 637 669 678 
SCL #err deg : 5033 / 6700
SCL #err weighted degeneracy : 4962 4956 4969 4971 4979 4962 
degeneracy helps : 653 642 662 706 730 757 
degeneracy worse : 583 566 598 644 676 686 
SCL #err deg : 5104 / 6800
SCL #err weighted degeneracy : 5034 5028 5043 5044 5054 5036 
degeneracy helps : 660 649 669 714 736 765 
degeneracy worse : 591 574 608 654 686 697 
SCL #err deg : 5174 / 6900
SCL #err weighted degeneracy : 5108 5101 5116 5121 5132 5114 
degeneracy helps : 669 659 678 721 742 771 
degeneracy worse : 604 587 620 668 700 711 
SCL #err deg : 5254 / 7000
SCL #err weighted degeneracy : 5187 5179 5195 5201 5210 5194 
degeneracy helps : 678 668 688 732 753 780 
degeneracy worse : 612 594 629 679 709 720 
SCL #err deg : 5323 / 7100
SCL #err weighted degeneracy : 5260 5251 5267 5275 5285 5270 
degeneracy helps : 685 674 696 739 760 786 
degeneracy worse : 623 603 640 691 722 733 
SCL #err deg : 5395 / 7200
SCL #err weighted degeneracy : 5332 5323 5337 5344 5353 5342 
degeneracy helps : 692 682 705 748 770 795 
degeneracy worse : 630 611 647 697 728 742 
SCL #err deg : 5466 / 7300
SCL #err weighted degeneracy : 5405 5397 5413 5417 5429 5419 
degeneracy helps : 701 689 713 757 779 804 
degeneracy worse : 641 621 660 708 742 757 
SCL #err deg : 5542 / 7400
SCL #err weighted degeneracy : 5480 5473 5486 5494 5504 5496 
degeneracy helps : 713 700 726 769 793 818 
degeneracy worse : 652 632 670 721 755 772 
SCL #err deg : 5611 / 7500
SCL #err weighted degeneracy : 5553 5546 5558 5570 5579 5571 
degeneracy helps : 721 708 734 775 799 824 
degeneracy worse : 664 644 681 734 767 784 
SCL #err deg : 5692 / 7600
SCL #err weighted degeneracy : 5627 5618 5631 5642 5652 5643 
degeneracy helps : 731 720 745 788 812 839 
degeneracy worse : 667 647 684 738 772 790 
SCL #err deg : 5758 / 7700
SCL #err weighted degeneracy : 5693 5681 5698 5711 5722 5715 
degeneracy helps : 743 733 756 798 820 847 
degeneracy worse : 679 657 696 751 784 804 
SCL #err deg : 5828 / 7800
SCL #err weighted degeneracy : 5762 5753 5764 5778 5789 5785 
degeneracy helps : 754 742 769 809 831 857 
degeneracy worse : 689 668 705 759 792 814 
SCL #err deg : 5900 / 7900
SCL #err weighted degeneracy : 5836 5831 5841 5853 5863 5858 
degeneracy helps : 763 748 777 819 842 869 
degeneracy worse : 700 680 718 772 805 827 
SCL #err deg : 5974 / 8000
SCL #err weighted degeneracy : 5907 5902 5912 5927 5939 5936 
degeneracy helps : 771 756 785 826 849 875 
degeneracy worse : 705 685 723 779 814 837 
SCL #err deg : 6058 / 8100
SCL #err weighted degeneracy : 5989 5984 5994 6011 6020 6020 
degeneracy helps : 778 762 792 832 858 883 
degeneracy worse : 710 689 728 785 820 845 
SCL #err deg : 6129 / 8200
SCL #err weighted degeneracy : 6068 6062 6072 6087 6094 6095 
degeneracy helps : 782 765 798 838 865 890 
degeneracy worse : 722 699 741 796 830 856 
SCL #err deg : 6209 / 8300
SCL #err weighted degeneracy : 6147 6141 6152 6168 6172 6173 
degeneracy helps : 789 772 805 844 874 899 
degeneracy worse : 728 705 748 803 837 863 
SCL #err deg : 6290 / 8400
SCL #err weighted degeneracy : 6229 6225 6234 6245 6246 6246 
degeneracy helps : 796 776 812 856 889 913 
degeneracy worse : 736 712 756 811 845 869 
SCL #err deg : 6363 / 8500
SCL #err weighted degeneracy : 6303 6297 6308 6319 6322 6323 
degeneracy helps : 806 787 824 870 902 926 
degeneracy worse : 747 722 769 826 861 886 
SCL #err deg : 6433 / 8600
SCL #err weighted degeneracy : 6372 6368 6379 6387 6388 6390 
degeneracy helps : 816 796 834 882 915 939 
degeneracy worse : 756 732 780 836 870 896 
SCL #err deg : 6502 / 8700
SCL #err weighted degeneracy : 6443 6437 6451 6459 6460 6461 
degeneracy helps : 823 804 840 890 922 947 
degeneracy worse : 765 740 789 847 880 906 
SCL #err deg : 6572 / 8800
SCL #err weighted degeneracy : 6509 6503 6520 6527 6528 6530 
degeneracy helps : 835 815 852 903 935 959 
degeneracy worse : 773 747 800 858 891 917 
SCL #err deg : 6643 / 8900
SCL #err weighted degeneracy : 6582 6578 6593 6600 6601 6605 
degeneracy helps : 841 821 859 910 944 966 
degeneracy worse : 781 757 809 867 902 928 
SCL #err deg : 6718 / 9000
SCL #err weighted degeneracy : 6660 6657 6672 6674 6674 6680 
degeneracy helps : 848 827 866 920 955 976 
degeneracy worse : 791 767 820 876 911 938 
SCL #err deg : 6788 / 9100
SCL #err weighted degeneracy : 6732 6728 6745 6744 6746 6753 
degeneracy helps : 854 833 871 926 962 983 
degeneracy worse : 799 774 828 882 920 948 
SCL #err deg : 6857 / 9200
SCL #err weighted degeneracy : 6798 6797 6811 6812 6813 6823 
degeneracy helps : 864 841 881 936 972 991 
degeneracy worse : 806 782 835 891 928 957 
SCL #err deg : 6935 / 9300
SCL #err weighted degeneracy : 6868 6866 6884 6882 6884 6896 
degeneracy helps : 878 856 892 950 986 1004 
degeneracy worse : 812 788 841 897 935 965 
SCL #err deg : 7008 / 9400
SCL #err weighted degeneracy : 6945 6942 6962 6960 6959 6973 
degeneracy helps : 882 861 896 955 994 1010 
degeneracy worse : 820 796 850 907 945 975 
SCL #err deg : 7075 / 9500
SCL #err weighted degeneracy : 7009 7009 7028 7027 7028 7043 
degeneracy helps : 894 871 907 967 1005 1021 
degeneracy worse : 829 806 860 919 958 989 
SCL #err deg : 7153 / 9600
SCL #err weighted degeneracy : 7086 7085 7104 7104 7105 7121 
degeneracy helps : 903 880 918 979 1018 1033 
degeneracy worse : 837 813 869 930 970 1001 
SCL #err deg : 7227 / 9700
SCL #err weighted degeneracy : 7159 7157 7179 7175 7176 7194 
degeneracy helps : 914 890 929 993 1032 1045 
degeneracy worse : 847 821 881 941 981 1012 
SCL #err deg : 7300 / 9800
SCL #err weighted degeneracy : 7234 7231 7256 7253 7253 7273 
degeneracy helps : 924 899 938 1000 1039 1051 
degeneracy worse : 859 831 894 953 992 1024 
SCL #err deg : 7364 / 9900
SCL #err weighted degeneracy : 7303 7299 7326 7323 7322 7342 
degeneracy helps : 934 911 947 1008 1047 1058 
degeneracy worse : 874 848 909 967 1005 1036 
SCL #err deg : 7435 / 10000
SCL #err weighted degeneracy : 7371 7367 7396 7391 7390 7412 
degeneracy helps : 946 924 959 1022 1061 1072 
degeneracy worse : 883 858 920 978 1016 1049 
average #flips: 92.0397
SCL #err considering degeneracy: 7435
error due to equal 0
error due to SCL smaller 7435
Finish in 4916 s
