Simulation Polar syndrome FASTER N=128, K=65, l=128, pz=0.06, #samples=10000, seed=543
PW construction
Event generator random seed: 543
SCL #err deg : 4 / 100
SCL #err weighted degeneracy : 1 1 1 1 1 1 
degeneracy helps : 3 3 3 3 3 3 
degeneracy worse : 0 0 0 0 0 0 
SCL #err deg : 7 / 200
SCL #err weighted degeneracy : 3 3 3 4 4 6 
degeneracy helps : 4 4 4 4 4 4 
degeneracy worse : 0 0 0 1 1 3 
SCL #err deg : 10 / 300
SCL #err weighted degeneracy : 6 6 6 7 7 10 
degeneracy helps : 5 5 5 5 5 5 
degeneracy worse : 1 1 1 2 2 5 
SCL #err deg : 15 / 400
SCL #err weighted degeneracy : 9 9 9 11 12 17 
degeneracy helps : 7 8 8 8 8 8 
degeneracy worse : 2 2 2 4 5 10 
SCL #err deg : 24 / 500
SCL #err weighted degeneracy : 15 15 15 20 21 27 
degeneracy helps : 11 12 12 12 11 11 
degeneracy worse : 3 3 3 8 8 14 
SCL #err deg : 28 / 600
SCL #err weighted degeneracy : 16 16 16 22 24 33 
degeneracy helps : 14 15 15 15 13 12 
degeneracy worse : 3 3 3 9 9 17 
SCL #err deg : 31 / 700
SCL #err weighted degeneracy : 20 20 20 27 31 39 
degeneracy helps : 16 17 17 17 15 14 
degeneracy worse : 6 6 6 13 15 22 
SCL #err deg : 33 / 800
SCL #err weighted degeneracy : 23 23 23 29 33 42 
degeneracy helps : 16 17 17 17 15 14 
degeneracy worse : 7 7 7 13 15 23 
SCL #err deg : 39 / 900
SCL #err weighted degeneracy : 32 32 32 38 41 49 
degeneracy helps : 18 19 19 19 17 17 
degeneracy worse : 12 12 12 18 19 27 
SCL #err deg : 44 / 1000
SCL #err weighted degeneracy : 37 37 37 44 47 55 
degeneracy helps : 18 19 19 19 17 17 
degeneracy worse : 12 12 12 19 20 28 
SCL #err deg : 49 / 1100
SCL #err weighted degeneracy : 40 40 40 47 50 59 
degeneracy helps : 19 20 21 21 19 19 
degeneracy worse : 12 12 12 19 20 29 
SCL #err deg : 50 / 1200
SCL #err weighted degeneracy : 43 43 43 51 54 64 
degeneracy helps : 20 21 22 22 20 20 
degeneracy worse : 15 15 15 23 24 34 
SCL #err deg : 55 / 1300
SCL #err weighted degeneracy : 47 47 47 55 58 68 
degeneracy helps : 21 22 24 24 22 22 
degeneracy worse : 16 16 16 24 25 35 
SCL #err deg : 59 / 1400
SCL #err weighted degeneracy : 49 49 49 58 63 73 
degeneracy helps : 24 25 27 26 23 23 
degeneracy worse : 17 17 17 25 27 37 
SCL #err deg : 68 / 1500
SCL #err weighted degeneracy : 55 55 55 66 72 83 
degeneracy helps : 27 28 30 29 26 26 
degeneracy worse : 17 17 17 27 30 41 
SCL #err deg : 72 / 1600
SCL #err weighted degeneracy : 59 59 59 71 77 90 
degeneracy helps : 29 30 32 31 28 28 
degeneracy worse : 19 19 19 30 33 46 
SCL #err deg : 76 / 1700
SCL #err weighted degeneracy : 64 64 64 77 83 96 
degeneracy helps : 30 31 33 32 29 29 
degeneracy worse : 21 21 21 33 36 49 
SCL #err deg : 84 / 1800
SCL #err weighted degeneracy : 69 69 69 82 90 102 
degeneracy helps : 34 35 37 36 32 32 
degeneracy worse : 22 22 22 34 38 50 
SCL #err deg : 90 / 1900
SCL #err weighted degeneracy : 71 71 71 84 93 105 
degeneracy helps : 38 39 41 40 36 37 
degeneracy worse : 22 22 22 34 39 52 
SCL #err deg : 92 / 2000
SCL #err weighted degeneracy : 73 73 73 87 97 110 
degeneracy helps : 39 40 42 41 37 38 
degeneracy worse : 23 23 23 36 42 56 
SCL #err deg : 97 / 2100
SCL #err weighted degeneracy : 75 75 75 90 101 114 
degeneracy helps : 41 42 44 44 40 41 
degeneracy worse : 23 23 23 37 44 58 
SCL #err deg : 101 / 2200
SCL #err weighted degeneracy : 81 81 81 96 107 123 
degeneracy helps : 43 44 46 46 42 42 
degeneracy worse : 27 27 27 41 48 64 
SCL #err deg : 104 / 2300
SCL #err weighted degeneracy : 88 88 88 102 113 128 
degeneracy helps : 44 45 47 48 44 44 
degeneracy worse : 32 32 32 46 53 68 
SCL #err deg : 110 / 2400
SCL #err weighted degeneracy : 94 94 94 109 120 136 
degeneracy helps : 46 47 49 50 46 46 
degeneracy worse : 34 34 34 49 56 72 
SCL #err deg : 112 / 2500
SCL #err weighted degeneracy : 96 96 96 112 123 141 
degeneracy helps : 48 49 51 52 48 48 
degeneracy worse : 36 36 36 52 59 77 
SCL #err deg : 117 / 2600
SCL #err weighted degeneracy : 97 97 97 115 129 145 
degeneracy helps : 52 53 55 56 52 52 
degeneracy worse : 36 36 36 54 64 80 
SCL #err deg : 121 / 2700
SCL #err weighted degeneracy : 100 100 100 119 133 148 
degeneracy helps : 53 54 56 57 53 53 
degeneracy worse : 36 36 36 55 65 80 
SCL #err deg : 127 / 2800
SCL #err weighted degeneracy : 103 103 102 121 135 150 
degeneracy helps : 55 56 60 61 57 57 
degeneracy worse : 36 36 36 55 65 80 
SCL #err deg : 128 / 2900
SCL #err weighted degeneracy : 104 104 103 122 137 152 
degeneracy helps : 56 57 61 62 58 58 
degeneracy worse : 37 37 37 56 67 82 
SCL #err deg : 132 / 3000
SCL #err weighted degeneracy : 106 106 105 124 138 155 
degeneracy helps : 58 59 63 65 62 62 
degeneracy worse : 38 38 38 57 68 85 
SCL #err deg : 136 / 3100
SCL #err weighted degeneracy : 107 107 106 125 139 157 
degeneracy helps : 61 62 66 68 65 65 
degeneracy worse : 38 38 38 57 68 86 
SCL #err deg : 139 / 3200
SCL #err weighted degeneracy : 110 110 109 128 142 160 
degeneracy helps : 61 62 66 68 65 65 
degeneracy worse : 38 38 38 57 68 86 
SCL #err deg : 147 / 3300
SCL #err weighted degeneracy : 120 120 119 140 154 172 
degeneracy helps : 64 65 69 71 68 69 
degeneracy worse : 43 43 43 64 75 94 
SCL #err deg : 150 / 3400
SCL #err weighted degeneracy : 123 123 122 144 157 176 
degeneracy helps : 65 66 70 72 70 71 
degeneracy worse : 44 44 44 66 77 97 
SCL #err deg : 154 / 3500
SCL #err weighted degeneracy : 126 126 125 147 160 181 
degeneracy helps : 66 67 71 73 71 72 
degeneracy worse : 44 44 44 66 77 99 
SCL #err deg : 158 / 3600
SCL #err weighted degeneracy : 129 129 128 150 164 186 
degeneracy helps : 67 68 72 74 72 73 
degeneracy worse : 44 44 44 66 78 101 
SCL #err deg : 162 / 3700
SCL #err weighted degeneracy : 134 134 133 155 169 192 
degeneracy helps : 69 70 74 76 74 75 
degeneracy worse : 47 47 47 69 81 105 
SCL #err deg : 165 / 3800
SCL #err weighted degeneracy : 140 140 139 161 175 201 
degeneracy helps : 70 71 75 77 75 76 
degeneracy worse : 51 51 51 73 85 112 
SCL #err deg : 167 / 3900
SCL #err weighted degeneracy : 143 143 142 166 180 205 
degeneracy helps : 72 73 77 78 76 78 
degeneracy worse : 54 54 54 77 89 116 
SCL #err deg : 176 / 4000
SCL #err weighted degeneracy : 151 151 150 175 189 214 
degeneracy helps : 75 76 80 80 78 80 
degeneracy worse : 56 56 56 79 91 118 
SCL #err deg : 179 / 4100
SCL #err weighted degeneracy : 155 155 154 179 193 218 
degeneracy helps : 77 78 82 82 80 82 
degeneracy worse : 59 59 59 82 94 121 
SCL #err deg : 184 / 4200
SCL #err weighted degeneracy : 158 158 157 185 199 226 
degeneracy helps : 80 81 85 84 82 84 
degeneracy worse : 60 60 60 85 97 126 
SCL #err deg : 194 / 4300
SCL #err weighted degeneracy : 165 165 163 191 206 233 
degeneracy helps : 83 84 89 89 87 89 
degeneracy worse : 61 61 61 86 99 128 
SCL #err deg : 200 / 4400
SCL #err weighted degeneracy : 166 166 164 193 209 236 
degeneracy helps : 88 89 94 93 90 93 
degeneracy worse : 61 61 61 86 99 129 
SCL #err deg : 205 / 4500
SCL #err weighted degeneracy : 169 169 167 197 214 241 
degeneracy helps : 90 91 96 95 92 95 
degeneracy worse : 61 61 61 87 101 131 
SCL #err deg : 210 / 4600
SCL #err weighted degeneracy : 173 173 171 200 219 246 
degeneracy helps : 92 93 98 98 95 98 
degeneracy worse : 62 62 62 88 104 134 
SCL #err deg : 213 / 4700
SCL #err weighted degeneracy : 174 174 172 201 221 248 
degeneracy helps : 94 95 100 100 97 100 
degeneracy worse : 62 62 62 88 105 135 
SCL #err deg : 219 / 4800
SCL #err weighted degeneracy : 180 180 178 207 227 257 
degeneracy helps : 96 97 102 102 99 101 
degeneracy worse : 64 64 64 90 107 139 
SCL #err deg : 226 / 4900
SCL #err weighted degeneracy : 186 186 184 214 235 266 
degeneracy helps : 98 99 104 104 101 103 
degeneracy worse : 65 65 65 92 110 143 
SCL #err deg : 230 / 5000
SCL #err weighted degeneracy : 191 191 189 219 240 272 
degeneracy helps : 99 100 105 105 102 104 
degeneracy worse : 67 67 67 94 112 146 
SCL #err deg : 234 / 5100
SCL #err weighted degeneracy : 194 194 192 222 243 276 
degeneracy helps : 102 103 108 108 105 107 
degeneracy worse : 69 69 69 96 114 149 
SCL #err deg : 235 / 5200
SCL #err weighted degeneracy : 197 197 195 225 247 280 
degeneracy helps : 103 104 109 109 106 108 
degeneracy worse : 72 72 72 99 118 153 
SCL #err deg : 238 / 5300
SCL #err weighted degeneracy : 202 202 200 231 255 291 
degeneracy helps : 104 105 110 110 107 108 
degeneracy worse : 75 75 75 103 124 161 
SCL #err deg : 242 / 5400
SCL #err weighted degeneracy : 206 206 204 234 260 297 
degeneracy helps : 105 106 111 112 109 110 
degeneracy worse : 76 76 76 104 127 165 
SCL #err deg : 245 / 5500
SCL #err weighted degeneracy : 207 207 205 235 263 300 
degeneracy helps : 107 108 113 114 111 112 
degeneracy worse : 76 76 76 104 129 167 
SCL #err deg : 251 / 5600
SCL #err weighted degeneracy : 211 211 209 239 267 305 
degeneracy helps : 110 111 116 117 114 116 
degeneracy worse : 77 77 77 105 130 170 
SCL #err deg : 253 / 5700
SCL #err weighted degeneracy : 212 212 210 240 270 312 
degeneracy helps : 112 113 118 119 116 118 
degeneracy worse : 78 78 78 106 133 177 
SCL #err deg : 254 / 5800
SCL #err weighted degeneracy : 212 212 210 241 271 313 
degeneracy helps : 113 114 119 120 117 119 
degeneracy worse : 78 78 78 107 134 178 
SCL #err deg : 258 / 5900
SCL #err weighted degeneracy : 215 215 213 245 276 319 
degeneracy helps : 114 115 120 121 119 121 
degeneracy worse : 78 78 78 108 137 182 
SCL #err deg : 259 / 6000
SCL #err weighted degeneracy : 220 220 218 252 284 326 
degeneracy helps : 114 115 120 121 119 121 
degeneracy worse : 82 82 82 114 144 188 
SCL #err deg : 261 / 6100
SCL #err weighted degeneracy : 223 223 221 255 288 330 
degeneracy helps : 115 116 121 122 120 122 
degeneracy worse : 84 84 84 116 147 191 
SCL #err deg : 264 / 6200
SCL #err weighted degeneracy : 228 228 226 260 294 337 
degeneracy helps : 117 118 123 124 122 123 
degeneracy worse : 88 88 88 120 152 196 
SCL #err deg : 267 / 6300
SCL #err weighted degeneracy : 231 231 229 264 298 342 
degeneracy helps : 118 119 124 125 123 124 
degeneracy worse : 89 89 89 122 154 199 
SCL #err deg : 272 / 6400
SCL #err weighted degeneracy : 236 236 235 271 306 350 
degeneracy helps : 120 121 126 127 125 126 
degeneracy worse : 91 91 92 126 159 204 
SCL #err deg : 275 / 6500
SCL #err weighted degeneracy : 241 241 240 277 312 360 
degeneracy helps : 120 121 126 127 125 126 
degeneracy worse : 93 93 94 129 162 211 
SCL #err deg : 278 / 6600
SCL #err weighted degeneracy : 243 243 242 280 314 364 
degeneracy helps : 121 122 127 128 126 127 
degeneracy worse : 93 93 94 130 162 213 
SCL #err deg : 283 / 6700
SCL #err weighted degeneracy : 250 250 249 289 323 371 
degeneracy helps : 122 123 128 129 127 128 
degeneracy worse : 96 96 97 135 167 216 
SCL #err deg : 288 / 6800
SCL #err weighted degeneracy : 257 257 256 296 331 382 
degeneracy helps : 125 126 131 132 130 131 
degeneracy worse : 101 101 102 140 173 225 
SCL #err deg : 295 / 6900
SCL #err weighted degeneracy : 260 260 259 300 334 385 
degeneracy helps : 129 130 135 136 134 135 
degeneracy worse : 101 101 102 141 173 225 
SCL #err deg : 301 / 7000
SCL #err weighted degeneracy : 264 264 263 306 340 390 
degeneracy helps : 132 133 138 139 137 138 
degeneracy worse : 102 102 103 144 176 227 
SCL #err deg : 306 / 7100
SCL #err weighted degeneracy : 266 266 265 310 345 397 
degeneracy helps : 134 136 141 142 140 141 
degeneracy worse : 102 102 103 146 179 232 
SCL #err deg : 311 / 7200
SCL #err weighted degeneracy : 268 268 267 312 347 399 
degeneracy helps : 137 139 144 145 143 144 
degeneracy worse : 102 102 103 146 179 232 
SCL #err deg : 314 / 7300
SCL #err weighted degeneracy : 271 271 270 315 350 402 
degeneracy helps : 138 140 145 146 144 145 
degeneracy worse : 103 103 104 147 180 233 
SCL #err deg : 321 / 7400
SCL #err weighted degeneracy : 275 275 274 318 354 409 
degeneracy helps : 141 143 148 150 147 148 
degeneracy worse : 103 103 104 147 180 236 
SCL #err deg : 325 / 7500
SCL #err weighted degeneracy : 278 278 277 322 357 413 
degeneracy helps : 142 144 149 152 149 150 
degeneracy worse : 104 104 105 149 181 238 
SCL #err deg : 331 / 7600
SCL #err weighted degeneracy : 285 285 285 330 366 424 
degeneracy helps : 143 145 150 153 150 151 
degeneracy worse : 106 106 108 152 185 244 
SCL #err deg : 337 / 7700
SCL #err weighted degeneracy : 290 290 291 336 374 433 
degeneracy helps : 145 147 152 155 152 153 
degeneracy worse : 107 107 110 154 189 249 
SCL #err deg : 340 / 7800
SCL #err weighted degeneracy : 296 296 297 343 381 441 
degeneracy helps : 147 149 154 157 154 155 
degeneracy worse : 112 112 115 160 195 256 
SCL #err deg : 341 / 7900
SCL #err weighted degeneracy : 296 296 298 345 385 450 
degeneracy helps : 148 150 155 158 154 155 
degeneracy worse : 112 112 116 162 198 264 
SCL #err deg : 345 / 8000
SCL #err weighted degeneracy : 299 299 301 349 390 455 
degeneracy helps : 149 151 156 159 155 156 
degeneracy worse : 112 112 116 163 200 266 
SCL #err deg : 349 / 8100
SCL #err weighted degeneracy : 302 302 305 354 395 462 
degeneracy helps : 151 153 158 161 157 158 
degeneracy worse : 113 113 118 166 203 271 
SCL #err deg : 355 / 8200
SCL #err weighted degeneracy : 305 305 308 357 398 466 
degeneracy helps : 154 156 161 164 160 161 
degeneracy worse : 113 113 118 166 203 272 
SCL #err deg : 360 / 8300
SCL #err weighted degeneracy : 309 309 312 361 402 470 
degeneracy helps : 157 159 164 167 163 164 
degeneracy worse : 115 115 120 168 205 274 
SCL #err deg : 362 / 8400
SCL #err weighted degeneracy : 313 313 316 365 406 476 
degeneracy helps : 157 159 164 167 163 164 
degeneracy worse : 117 117 122 170 207 278 
SCL #err deg : 368 / 8500
SCL #err weighted degeneracy : 319 319 322 372 413 484 
degeneracy helps : 158 160 165 169 165 166 
degeneracy worse : 119 119 124 173 210 282 
SCL #err deg : 369 / 8600
SCL #err weighted degeneracy : 325 325 328 378 420 492 
degeneracy helps : 158 160 165 169 165 166 
degeneracy worse : 124 124 129 178 216 289 
SCL #err deg : 374 / 8700
SCL #err weighted degeneracy : 328 328 331 382 423 496 
degeneracy helps : 160 162 167 171 168 169 
degeneracy worse : 124 124 129 179 217 291 
SCL #err deg : 380 / 8800
SCL #err weighted degeneracy : 332 332 335 385 427 501 
degeneracy helps : 163 165 170 175 171 172 
degeneracy worse : 125 125 130 180 218 293 
SCL #err deg : 380 / 8900
SCL #err weighted degeneracy : 337 337 340 390 435 509 
degeneracy helps : 163 165 170 175 171 172 
degeneracy worse : 130 130 135 185 226 301 
SCL #err deg : 382 / 9000
SCL #err weighted degeneracy : 339 339 342 392 438 514 
degeneracy helps : 164 166 171 177 173 174 
degeneracy worse : 132 132 137 187 229 306 
SCL #err deg : 382 / 9100
SCL #err weighted degeneracy : 340 340 343 393 439 517 
degeneracy helps : 164 166 171 177 173 174 
degeneracy worse : 133 133 138 188 230 309 
SCL #err deg : 385 / 9200
SCL #err weighted degeneracy : 341 341 344 394 440 520 
degeneracy helps : 165 167 172 179 175 176 
degeneracy worse : 133 133 138 188 230 311 
SCL #err deg : 389 / 9300
SCL #err weighted degeneracy : 349 349 353 404 450 530 
degeneracy helps : 166 168 172 179 175 176 
degeneracy worse : 138 138 143 194 236 317 
SCL #err deg : 390 / 9400
SCL #err weighted degeneracy : 350 350 354 405 451 533 
degeneracy helps : 167 169 173 180 176 177 
degeneracy worse : 139 139 144 195 237 320 
SCL #err deg : 396 / 9500
SCL #err weighted degeneracy : 355 355 359 410 455 537 
degeneracy helps : 169 171 175 182 179 180 
degeneracy worse : 140 140 145 196 238 321 
SCL #err deg : 400 / 9600
SCL #err weighted degeneracy : 358 358 362 413 458 543 
degeneracy helps : 171 173 177 184 181 182 
degeneracy worse : 141 141 146 197 239 325 
SCL #err deg : 403 / 9700
SCL #err weighted degeneracy : 362 362 366 418 463 550 
degeneracy helps : 172 174 178 185 182 183 
degeneracy worse : 143 143 148 200 242 330 
SCL #err deg : 406 / 9800
SCL #err weighted degeneracy : 366 366 370 421 466 555 
degeneracy helps : 172 174 178 186 183 184 
degeneracy worse : 144 144 149 201 243 333 
SCL #err deg : 409 / 9900
SCL #err weighted degeneracy : 370 370 374 425 470 561 
degeneracy helps : 173 175 179 187 184 185 
degeneracy worse : 146 146 151 203 245 337 
SCL #err deg : 417 / 10000
SCL #err weighted degeneracy : 377 377 381 432 477 568 
degeneracy helps : 176 178 182 190 187 188 
degeneracy worse : 148 148 153 205 247 339 
average #flips: 7.6972
SCL #err considering degeneracy: 417
error due to equal 359
error due to SCL smaller 58
Finish in 1236 s
