Simulation Polar syndrome FASTER N=128, K=65, l=128, pz=0.107, #samples=10000, seed=45
PW construction
Event generator random seed: 45
SCL #err deg : 36 / 100
SCL #err weighted degeneracy : 30 30 29 33 32 35 
degeneracy helps : 12 12 13 13 15 15 
degeneracy worse : 6 6 6 10 11 14 
SCL #err deg : 66 / 200
SCL #err weighted degeneracy : 57 57 58 63 66 70 
degeneracy helps : 25 25 25 27 28 28 
degeneracy worse : 17 17 18 24 28 32 
SCL #err deg : 101 / 300
SCL #err weighted degeneracy : 91 91 96 101 102 109 
degeneracy helps : 34 34 34 37 41 40 
degeneracy worse : 25 25 30 37 42 48 
SCL #err deg : 130 / 400
SCL #err weighted degeneracy : 121 121 126 129 128 135 
degeneracy helps : 38 38 38 45 51 51 
degeneracy worse : 30 30 35 44 49 56 
SCL #err deg : 159 / 500
SCL #err weighted degeneracy : 149 149 153 158 162 172 
degeneracy helps : 48 48 49 58 62 62 
degeneracy worse : 39 39 44 57 65 75 
SCL #err deg : 190 / 600
SCL #err weighted degeneracy : 178 178 182 190 195 202 
degeneracy helps : 60 60 61 70 74 76 
degeneracy worse : 49 49 54 70 79 88 
SCL #err deg : 227 / 700
SCL #err weighted degeneracy : 213 213 218 225 233 241 
degeneracy helps : 70 70 71 83 88 90 
degeneracy worse : 57 57 63 81 94 104 
SCL #err deg : 257 / 800
SCL #err weighted degeneracy : 238 238 242 250 260 266 
degeneracy helps : 79 79 81 95 101 104 
degeneracy worse : 61 61 67 88 104 113 
SCL #err deg : 285 / 900
SCL #err weighted degeneracy : 257 257 261 273 283 289 
degeneracy helps : 93 93 95 109 115 118 
degeneracy worse : 66 66 72 97 113 122 
SCL #err deg : 320 / 1000
SCL #err weighted degeneracy : 289 289 294 308 320 328 
degeneracy helps : 103 103 105 121 127 130 
degeneracy worse : 73 73 80 109 127 138 
SCL #err deg : 345 / 1100
SCL #err weighted degeneracy : 322 322 327 339 353 362 
degeneracy helps : 108 108 110 128 134 137 
degeneracy worse : 86 86 93 122 142 154 
SCL #err deg : 376 / 1200
SCL #err weighted degeneracy : 353 353 359 369 383 394 
degeneracy helps : 113 113 117 137 143 146 
degeneracy worse : 92 92 101 130 150 164 
SCL #err deg : 414 / 1300
SCL #err weighted degeneracy : 388 388 395 406 420 433 
degeneracy helps : 123 123 127 146 152 156 
degeneracy worse : 99 99 109 138 158 175 
SCL #err deg : 449 / 1400
SCL #err weighted degeneracy : 415 415 421 433 450 466 
degeneracy helps : 135 135 141 161 167 169 
degeneracy worse : 103 103 114 145 168 186 
SCL #err deg : 484 / 1500
SCL #err weighted degeneracy : 451 451 457 472 491 508 
degeneracy helps : 144 144 151 172 178 180 
degeneracy worse : 113 113 125 160 185 204 
SCL #err deg : 514 / 1600
SCL #err weighted degeneracy : 477 477 482 496 516 533 
degeneracy helps : 155 155 163 186 192 196 
degeneracy worse : 120 120 132 168 194 215 
SCL #err deg : 548 / 1700
SCL #err weighted degeneracy : 497 497 502 518 539 561 
degeneracy helps : 172 172 181 205 210 214 
degeneracy worse : 123 123 136 175 201 227 
SCL #err deg : 587 / 1800
SCL #err weighted degeneracy : 526 526 531 547 569 592 
degeneracy helps : 186 186 195 219 224 230 
degeneracy worse : 127 127 140 179 206 235 
SCL #err deg : 616 / 1900
SCL #err weighted degeneracy : 552 552 557 576 598 620 
degeneracy helps : 197 197 207 230 235 242 
degeneracy worse : 135 135 149 190 217 246 
SCL #err deg : 644 / 2000
SCL #err weighted degeneracy : 585 585 590 611 630 653 
degeneracy helps : 202 202 212 235 242 248 
degeneracy worse : 145 145 159 202 228 257 
SCL #err deg : 672 / 2100
SCL #err weighted degeneracy : 616 616 618 641 660 683 
degeneracy helps : 208 208 221 244 252 259 
degeneracy worse : 154 154 168 213 240 270 
SCL #err deg : 697 / 2200
SCL #err weighted degeneracy : 648 648 650 674 692 716 
degeneracy helps : 212 212 225 248 257 264 
degeneracy worse : 165 165 179 225 252 283 
SCL #err deg : 725 / 2300
SCL #err weighted degeneracy : 676 676 678 704 723 749 
degeneracy helps : 219 219 233 255 264 271 
degeneracy worse : 172 172 187 234 262 295 
SCL #err deg : 747 / 2400
SCL #err weighted degeneracy : 698 698 700 726 747 775 
degeneracy helps : 225 225 240 262 271 279 
degeneracy worse : 178 178 194 241 271 307 
SCL #err deg : 791 / 2500
SCL #err weighted degeneracy : 737 737 739 767 787 816 
degeneracy helps : 243 243 259 282 293 301 
degeneracy worse : 192 192 209 258 289 326 
SCL #err deg : 817 / 2600
SCL #err weighted degeneracy : 763 763 764 794 818 847 
degeneracy helps : 248 248 265 288 300 309 
degeneracy worse : 197 197 214 265 301 339 
SCL #err deg : 853 / 2700
SCL #err weighted degeneracy : 798 798 799 831 855 886 
degeneracy helps : 256 256 274 297 310 318 
degeneracy worse : 204 204 222 275 312 351 
SCL #err deg : 888 / 2800
SCL #err weighted degeneracy : 828 828 831 863 890 922 
degeneracy helps : 269 269 287 311 325 333 
degeneracy worse : 212 212 232 286 327 367 
SCL #err deg : 922 / 2900
SCL #err weighted degeneracy : 856 856 859 895 924 956 
degeneracy helps : 278 278 297 321 335 344 
degeneracy worse : 215 215 236 294 337 378 
SCL #err deg : 953 / 3000
SCL #err weighted degeneracy : 889 889 892 928 956 988 
degeneracy helps : 287 287 306 331 346 357 
degeneracy worse : 226 226 247 306 349 392 
SCL #err deg : 983 / 3100
SCL #err weighted degeneracy : 918 918 921 955 984 1019 
degeneracy helps : 296 296 315 342 357 368 
degeneracy worse : 234 234 255 314 358 404 
SCL #err deg : 1019 / 3200
SCL #err weighted degeneracy : 951 951 954 992 1024 1058 
degeneracy helps : 308 308 328 355 369 380 
degeneracy worse : 243 243 265 328 374 419 
SCL #err deg : 1053 / 3300
SCL #err weighted degeneracy : 981 981 985 1021 1056 1092 
degeneracy helps : 318 318 338 367 381 392 
degeneracy worse : 249 249 272 335 384 431 
SCL #err deg : 1079 / 3400
SCL #err weighted degeneracy : 1011 1011 1014 1048 1082 1122 
degeneracy helps : 325 325 346 378 392 403 
degeneracy worse : 260 260 283 347 395 446 
SCL #err deg : 1109 / 3500
SCL #err weighted degeneracy : 1038 1038 1042 1075 1110 1152 
degeneracy helps : 334 334 356 388 402 412 
degeneracy worse : 267 267 291 354 403 455 
SCL #err deg : 1144 / 3600
SCL #err weighted degeneracy : 1069 1069 1076 1110 1146 1189 
degeneracy helps : 348 348 370 403 416 426 
degeneracy worse : 277 277 304 369 418 471 
SCL #err deg : 1171 / 3700
SCL #err weighted degeneracy : 1096 1096 1103 1137 1176 1221 
degeneracy helps : 356 356 378 413 425 434 
degeneracy worse : 285 285 312 379 430 484 
SCL #err deg : 1210 / 3800
SCL #err weighted degeneracy : 1135 1135 1143 1182 1222 1270 
degeneracy helps : 368 368 390 426 438 446 
degeneracy worse : 297 297 325 398 450 506 
SCL #err deg : 1241 / 3900
SCL #err weighted degeneracy : 1162 1162 1170 1212 1253 1301 
degeneracy helps : 376 376 398 433 446 455 
degeneracy worse : 301 301 329 404 458 515 
SCL #err deg : 1271 / 4000
SCL #err weighted degeneracy : 1188 1188 1195 1243 1285 1334 
degeneracy helps : 388 388 411 444 457 466 
degeneracy worse : 309 309 337 416 471 529 
SCL #err deg : 1304 / 4100
SCL #err weighted degeneracy : 1220 1220 1227 1278 1320 1373 
degeneracy helps : 398 398 421 455 470 478 
degeneracy worse : 318 318 346 429 486 547 
SCL #err deg : 1344 / 4200
SCL #err weighted degeneracy : 1255 1255 1262 1313 1359 1410 
degeneracy helps : 408 408 431 466 479 488 
degeneracy worse : 323 323 351 435 494 554 
SCL #err deg : 1374 / 4300
SCL #err weighted degeneracy : 1284 1284 1291 1346 1396 1447 
degeneracy helps : 413 413 436 470 484 494 
degeneracy worse : 327 327 355 442 506 567 
SCL #err deg : 1405 / 4400
SCL #err weighted degeneracy : 1312 1312 1320 1380 1430 1482 
degeneracy helps : 425 426 449 481 496 507 
degeneracy worse : 337 337 366 456 521 584 
SCL #err deg : 1438 / 4500
SCL #err weighted degeneracy : 1337 1337 1346 1406 1456 1510 
degeneracy helps : 440 441 464 498 513 524 
degeneracy worse : 344 344 374 466 531 596 
SCL #err deg : 1470 / 4600
SCL #err weighted degeneracy : 1373 1373 1381 1444 1495 1550 
degeneracy helps : 448 449 472 507 522 533 
degeneracy worse : 356 356 385 481 547 613 
SCL #err deg : 1503 / 4700
SCL #err weighted degeneracy : 1405 1405 1411 1471 1523 1578 
degeneracy helps : 459 460 484 521 536 549 
degeneracy worse : 366 366 394 489 556 624 
SCL #err deg : 1551 / 4800
SCL #err weighted degeneracy : 1439 1439 1445 1509 1563 1618 
degeneracy helps : 476 477 501 536 551 566 
degeneracy worse : 369 369 397 494 563 633 
SCL #err deg : 1582 / 4900
SCL #err weighted degeneracy : 1466 1466 1474 1542 1595 1649 
degeneracy helps : 486 487 511 548 564 580 
degeneracy worse : 375 375 405 508 577 647 
SCL #err deg : 1616 / 5000
SCL #err weighted degeneracy : 1495 1495 1505 1574 1629 1685 
degeneracy helps : 500 501 524 562 577 594 
degeneracy worse : 384 384 415 520 590 663 
SCL #err deg : 1645 / 5100
SCL #err weighted degeneracy : 1522 1522 1535 1606 1663 1720 
degeneracy helps : 509 510 531 570 585 602 
degeneracy worse : 391 391 423 531 603 677 
SCL #err deg : 1678 / 5200
SCL #err weighted degeneracy : 1544 1544 1558 1631 1692 1748 
degeneracy helps : 525 526 546 586 600 617 
degeneracy worse : 396 396 428 539 614 687 
SCL #err deg : 1712 / 5300
SCL #err weighted degeneracy : 1579 1579 1595 1671 1734 1790 
degeneracy helps : 531 532 552 591 604 622 
degeneracy worse : 403 403 437 550 626 700 
SCL #err deg : 1744 / 5400
SCL #err weighted degeneracy : 1603 1603 1619 1695 1757 1815 
degeneracy helps : 545 546 567 608 622 640 
degeneracy worse : 409 409 444 559 635 711 
SCL #err deg : 1776 / 5500
SCL #err weighted degeneracy : 1640 1640 1657 1733 1799 1858 
degeneracy helps : 551 552 573 614 627 646 
degeneracy worse : 420 420 456 571 650 728 
SCL #err deg : 1812 / 5600
SCL #err weighted degeneracy : 1673 1673 1690 1766 1835 1896 
degeneracy helps : 559 561 582 623 636 656 
degeneracy worse : 426 426 462 577 659 740 
SCL #err deg : 1847 / 5700
SCL #err weighted degeneracy : 1698 1698 1716 1794 1863 1927 
degeneracy helps : 573 575 596 637 650 670 
degeneracy worse : 430 430 467 584 666 750 
SCL #err deg : 1886 / 5800
SCL #err weighted degeneracy : 1729 1729 1747 1827 1897 1963 
degeneracy helps : 585 587 608 651 664 683 
degeneracy worse : 434 434 471 592 675 760 
SCL #err deg : 1928 / 5900
SCL #err weighted degeneracy : 1769 1769 1787 1868 1938 2005 
degeneracy helps : 594 596 618 661 674 693 
degeneracy worse : 441 441 479 601 684 770 
SCL #err deg : 1951 / 6000
SCL #err weighted degeneracy : 1794 1794 1816 1900 1969 2038 
degeneracy helps : 602 604 626 669 683 702 
degeneracy worse : 451 451 493 618 701 789 
SCL #err deg : 1989 / 6100
SCL #err weighted degeneracy : 1821 1821 1845 1928 1998 2071 
degeneracy helps : 619 621 642 686 699 717 
degeneracy worse : 457 457 500 625 708 799 
SCL #err deg : 2017 / 6200
SCL #err weighted degeneracy : 1851 1851 1875 1956 2026 2103 
degeneracy helps : 628 630 651 699 712 730 
degeneracy worse : 468 468 511 638 721 816 
SCL #err deg : 2050 / 6300
SCL #err weighted degeneracy : 1873 1873 1896 1981 2051 2128 
degeneracy helps : 645 647 669 716 729 747 
degeneracy worse : 474 474 517 647 730 825 
SCL #err deg : 2076 / 6400
SCL #err weighted degeneracy : 1902 1902 1924 2010 2083 2160 
degeneracy helps : 653 655 677 725 739 758 
degeneracy worse : 485 485 527 659 746 842 
SCL #err deg : 2108 / 6500
SCL #err weighted degeneracy : 1931 1931 1953 2040 2118 2197 
degeneracy helps : 662 664 686 733 747 768 
degeneracy worse : 491 491 533 665 757 857 
SCL #err deg : 2140 / 6600
SCL #err weighted degeneracy : 1957 1957 1981 2071 2151 2231 
degeneracy helps : 673 675 696 742 755 776 
degeneracy worse : 496 496 539 673 766 867 
SCL #err deg : 2174 / 6700
SCL #err weighted degeneracy : 1991 1991 2015 2107 2188 2268 
degeneracy helps : 681 683 704 750 764 784 
degeneracy worse : 504 504 547 683 778 878 
SCL #err deg : 2209 / 6800
SCL #err weighted degeneracy : 2028 2028 2052 2145 2227 2311 
degeneracy helps : 686 688 709 757 770 792 
degeneracy worse : 511 511 554 693 788 894 
SCL #err deg : 2242 / 6900
SCL #err weighted degeneracy : 2054 2054 2077 2170 2253 2338 
degeneracy helps : 697 699 721 769 782 804 
degeneracy worse : 515 515 558 697 793 900 
SCL #err deg : 2274 / 7000
SCL #err weighted degeneracy : 2078 2078 2101 2193 2275 2358 
degeneracy helps : 710 712 734 785 799 822 
degeneracy worse : 520 520 563 704 800 906 
SCL #err deg : 2306 / 7100
SCL #err weighted degeneracy : 2111 2111 2135 2227 2313 2398 
degeneracy helps : 721 723 745 796 809 832 
degeneracy worse : 532 532 576 717 816 924 
SCL #err deg : 2333 / 7200
SCL #err weighted degeneracy : 2139 2139 2163 2257 2343 2430 
degeneracy helps : 727 729 751 804 816 839 
degeneracy worse : 539 539 583 728 826 936 
SCL #err deg : 2365 / 7300
SCL #err weighted degeneracy : 2164 2164 2186 2279 2370 2457 
degeneracy helps : 736 738 762 816 827 850 
degeneracy worse : 541 541 585 730 832 942 
SCL #err deg : 2397 / 7400
SCL #err weighted degeneracy : 2190 2190 2215 2310 2401 2488 
degeneracy helps : 744 746 770 824 835 857 
degeneracy worse : 543 543 590 737 839 948 
SCL #err deg : 2419 / 7500
SCL #err weighted degeneracy : 2215 2215 2240 2333 2426 2516 
degeneracy helps : 749 751 777 834 844 867 
degeneracy worse : 551 551 600 748 851 964 
SCL #err deg : 2445 / 7600
SCL #err weighted degeneracy : 2246 2246 2272 2365 2456 2547 
degeneracy helps : 756 758 784 842 853 877 
degeneracy worse : 563 563 613 762 864 979 
SCL #err deg : 2472 / 7700
SCL #err weighted degeneracy : 2274 2274 2301 2392 2483 2575 
degeneracy helps : 764 766 792 853 865 890 
degeneracy worse : 572 572 623 773 876 993 
SCL #err deg : 2499 / 7800
SCL #err weighted degeneracy : 2305 2305 2333 2426 2520 2612 
degeneracy helps : 769 771 797 858 871 898 
degeneracy worse : 581 581 633 785 892 1011 
SCL #err deg : 2527 / 7900
SCL #err weighted degeneracy : 2335 2335 2366 2459 2554 2646 
degeneracy helps : 775 777 803 864 877 904 
degeneracy worse : 589 589 644 796 904 1023 
SCL #err deg : 2567 / 8000
SCL #err weighted degeneracy : 2368 2368 2400 2492 2587 2683 
degeneracy helps : 788 790 816 880 894 922 
degeneracy worse : 595 595 651 805 914 1038 
SCL #err deg : 2605 / 8100
SCL #err weighted degeneracy : 2407 2407 2439 2528 2623 2722 
degeneracy helps : 793 795 821 887 901 930 
degeneracy worse : 601 601 657 810 919 1047 
SCL #err deg : 2639 / 8200
SCL #err weighted degeneracy : 2440 2440 2473 2563 2660 2758 
degeneracy helps : 800 802 827 893 908 939 
degeneracy worse : 607 607 663 817 929 1058 
SCL #err deg : 2676 / 8300
SCL #err weighted degeneracy : 2478 2478 2515 2607 2706 2806 
degeneracy helps : 807 809 833 899 913 944 
degeneracy worse : 615 615 674 830 943 1074 
SCL #err deg : 2707 / 8400
SCL #err weighted degeneracy : 2504 2504 2541 2634 2734 2836 
degeneracy helps : 819 821 845 911 925 956 
degeneracy worse : 622 622 681 838 952 1085 
SCL #err deg : 2741 / 8500
SCL #err weighted degeneracy : 2535 2535 2574 2672 2775 2874 
degeneracy helps : 828 830 854 920 932 965 
degeneracy worse : 628 628 689 851 966 1098 
SCL #err deg : 2776 / 8600
SCL #err weighted degeneracy : 2574 2574 2612 2713 2819 2921 
degeneracy helps : 835 837 862 927 940 973 
degeneracy worse : 639 639 700 864 983 1118 
SCL #err deg : 2803 / 8700
SCL #err weighted degeneracy : 2602 2602 2640 2740 2846 2950 
degeneracy helps : 843 845 870 938 952 984 
degeneracy worse : 648 648 709 875 995 1131 
SCL #err deg : 2840 / 8800
SCL #err weighted degeneracy : 2629 2629 2669 2772 2882 2988 
degeneracy helps : 857 859 883 952 964 996 
degeneracy worse : 653 653 715 884 1006 1144 
SCL #err deg : 2871 / 8900
SCL #err weighted degeneracy : 2658 2658 2698 2800 2911 3017 
degeneracy helps : 865 867 891 962 975 1008 
degeneracy worse : 659 659 721 891 1015 1154 
SCL #err deg : 2898 / 9000
SCL #err weighted degeneracy : 2682 2682 2722 2826 2940 3047 
degeneracy helps : 875 877 901 973 984 1016 
degeneracy worse : 666 666 728 901 1026 1165 
SCL #err deg : 2935 / 9100
SCL #err weighted degeneracy : 2714 2714 2754 2864 2980 3089 
degeneracy helps : 887 889 913 985 995 1026 
degeneracy worse : 674 674 736 914 1040 1180 
SCL #err deg : 2973 / 9200
SCL #err weighted degeneracy : 2750 2750 2790 2902 3021 3133 
degeneracy helps : 895 897 922 996 1006 1036 
degeneracy worse : 680 680 743 925 1054 1196 
SCL #err deg : 3006 / 9300
SCL #err weighted degeneracy : 2781 2781 2821 2934 3053 3169 
degeneracy helps : 904 906 931 1004 1014 1043 
degeneracy worse : 687 687 750 932 1061 1206 
SCL #err deg : 3034 / 9400
SCL #err weighted degeneracy : 2809 2809 2850 2964 3085 3200 
degeneracy helps : 910 912 936 1009 1021 1051 
degeneracy worse : 693 693 756 939 1072 1217 
SCL #err deg : 3065 / 9500
SCL #err weighted degeneracy : 2838 2838 2880 2996 3119 3238 
degeneracy helps : 920 922 946 1018 1030 1060 
degeneracy worse : 701 701 765 949 1084 1233 
SCL #err deg : 3090 / 9600
SCL #err weighted degeneracy : 2861 2861 2903 3021 3146 3264 
degeneracy helps : 929 931 955 1027 1039 1071 
degeneracy worse : 708 708 772 958 1095 1245 
SCL #err deg : 3118 / 9700
SCL #err weighted degeneracy : 2882 2882 2925 3046 3172 3291 
degeneracy helps : 944 946 969 1041 1053 1086 
degeneracy worse : 716 716 780 969 1107 1259 
SCL #err deg : 3156 / 9800
SCL #err weighted degeneracy : 2913 2913 2956 3076 3204 3327 
degeneracy helps : 954 956 979 1052 1064 1095 
degeneracy worse : 719 719 783 972 1112 1266 
SCL #err deg : 3186 / 9900
SCL #err weighted degeneracy : 2945 2945 2990 3114 3243 3370 
degeneracy helps : 961 964 987 1060 1072 1102 
degeneracy worse : 729 729 795 988 1129 1286 
SCL #err deg : 3211 / 10000
SCL #err weighted degeneracy : 2970 2970 3015 3139 3270 3395 
degeneracy helps : 968 971 994 1069 1081 1113 
degeneracy worse : 736 736 802 997 1140 1297 
average #flips: 13.6763
SCL #err considering degeneracy: 3211
error due to equal 1427
error due to SCL smaller 1784
Finish in 1147 s
