Simulation Polar syndrome FASTER N=64, K=33, l=128, pz=0.108, #samples=10000, seed=943
PW construction
Event generator random seed: 943
SCL #err deg : 33 / 100
SCL #err weighted degeneracy : 35 35 35 39 39 39 
degeneracy helps : 7 7 7 9 9 8 
degeneracy worse : 9 9 9 15 15 14 
SCL #err deg : 59 / 200
SCL #err weighted degeneracy : 63 63 64 75 75 76 
degeneracy helps : 14 14 14 17 17 16 
degeneracy worse : 18 18 19 33 33 33 
SCL #err deg : 96 / 300
SCL #err weighted degeneracy : 103 103 104 119 119 125 
degeneracy helps : 21 21 21 25 25 23 
degeneracy worse : 28 28 29 48 48 52 
SCL #err deg : 136 / 400
SCL #err weighted degeneracy : 136 136 137 156 156 163 
degeneracy helps : 35 34 35 38 38 36 
degeneracy worse : 35 35 36 58 58 63 
SCL #err deg : 165 / 500
SCL #err weighted degeneracy : 160 160 161 187 187 196 
degeneracy helps : 43 42 44 48 48 46 
degeneracy worse : 39 39 40 70 70 77 
SCL #err deg : 196 / 600
SCL #err weighted degeneracy : 186 186 188 216 216 224 
degeneracy helps : 55 54 56 62 62 61 
degeneracy worse : 46 46 48 82 82 89 
SCL #err deg : 224 / 700
SCL #err weighted degeneracy : 212 212 214 244 244 252 
degeneracy helps : 65 64 66 76 76 75 
degeneracy worse : 55 55 57 96 96 103 
SCL #err deg : 253 / 800
SCL #err weighted degeneracy : 247 247 249 282 282 290 
degeneracy helps : 73 72 74 86 86 85 
degeneracy worse : 69 69 71 115 115 122 
SCL #err deg : 295 / 900
SCL #err weighted degeneracy : 279 279 281 318 318 326 
degeneracy helps : 87 86 88 100 100 99 
degeneracy worse : 73 73 75 123 123 130 
SCL #err deg : 330 / 1000
SCL #err weighted degeneracy : 309 309 311 354 355 361 
degeneracy helps : 100 99 101 114 114 113 
degeneracy worse : 81 81 83 138 139 144 
SCL #err deg : 361 / 1100
SCL #err weighted degeneracy : 339 339 341 385 386 393 
degeneracy helps : 108 107 109 124 124 123 
degeneracy worse : 88 88 90 148 149 155 
SCL #err deg : 388 / 1200
SCL #err weighted degeneracy : 375 375 377 422 423 429 
degeneracy helps : 113 112 115 132 132 132 
degeneracy worse : 104 104 106 166 167 173 
SCL #err deg : 414 / 1300
SCL #err weighted degeneracy : 400 400 402 453 456 460 
degeneracy helps : 122 121 124 141 141 142 
degeneracy worse : 112 112 114 180 183 188 
SCL #err deg : 444 / 1400
SCL #err weighted degeneracy : 431 431 433 487 491 495 
degeneracy helps : 130 129 132 151 151 152 
degeneracy worse : 122 122 124 194 198 203 
SCL #err deg : 475 / 1500
SCL #err weighted degeneracy : 456 456 458 519 525 529 
degeneracy helps : 140 139 142 161 161 162 
degeneracy worse : 126 126 128 205 211 216 
SCL #err deg : 505 / 1600
SCL #err weighted degeneracy : 479 479 481 545 551 557 
degeneracy helps : 153 152 156 176 176 177 
degeneracy worse : 133 133 135 216 222 229 
SCL #err deg : 533 / 1700
SCL #err weighted degeneracy : 508 508 510 579 585 593 
degeneracy helps : 161 160 164 183 183 184 
degeneracy worse : 142 142 144 229 235 244 
SCL #err deg : 562 / 1800
SCL #err weighted degeneracy : 537 537 539 613 618 627 
degeneracy helps : 170 169 173 192 192 193 
degeneracy worse : 151 151 153 243 248 258 
SCL #err deg : 592 / 1900
SCL #err weighted degeneracy : 574 574 576 657 662 672 
degeneracy helps : 180 179 183 202 202 203 
degeneracy worse : 168 168 170 267 272 283 
SCL #err deg : 625 / 2000
SCL #err weighted degeneracy : 600 600 602 687 691 703 
degeneracy helps : 190 189 195 214 215 215 
degeneracy worse : 173 173 175 276 281 293 
SCL #err deg : 651 / 2100
SCL #err weighted degeneracy : 630 630 632 724 730 739 
degeneracy helps : 197 196 203 224 225 226 
degeneracy worse : 185 185 187 297 304 314 
SCL #err deg : 687 / 2200
SCL #err weighted degeneracy : 667 667 669 768 775 786 
degeneracy helps : 208 207 214 235 236 237 
degeneracy worse : 197 197 199 316 324 336 
SCL #err deg : 710 / 2300
SCL #err weighted degeneracy : 693 693 695 798 805 818 
degeneracy helps : 216 215 222 242 244 244 
degeneracy worse : 208 208 210 330 339 352 
SCL #err deg : 743 / 2400
SCL #err weighted degeneracy : 729 729 731 841 848 861 
degeneracy helps : 223 222 229 249 251 251 
degeneracy worse : 218 218 220 347 356 369 
SCL #err deg : 771 / 2500
SCL #err weighted degeneracy : 752 752 754 865 874 887 
degeneracy helps : 232 231 238 259 261 261 
degeneracy worse : 222 222 224 353 364 377 
SCL #err deg : 809 / 2600
SCL #err weighted degeneracy : 784 784 785 900 909 923 
degeneracy helps : 245 243 252 274 276 276 
degeneracy worse : 229 229 231 365 376 390 
SCL #err deg : 838 / 2700
SCL #err weighted degeneracy : 815 815 817 937 946 962 
degeneracy helps : 252 250 259 282 284 283 
degeneracy worse : 238 238 241 381 392 407 
SCL #err deg : 876 / 2800
SCL #err weighted degeneracy : 854 854 856 979 990 1005 
degeneracy helps : 263 261 270 296 297 296 
degeneracy worse : 250 250 253 399 411 425 
SCL #err deg : 915 / 2900
SCL #err weighted degeneracy : 895 895 897 1024 1036 1048 
degeneracy helps : 272 270 279 305 306 305 
degeneracy worse : 261 261 264 414 427 438 
SCL #err deg : 950 / 3000
SCL #err weighted degeneracy : 923 923 925 1051 1064 1078 
degeneracy helps : 286 284 293 321 322 320 
degeneracy worse : 268 268 271 422 436 448 
SCL #err deg : 989 / 3100
SCL #err weighted degeneracy : 947 947 949 1079 1092 1107 
degeneracy helps : 306 304 314 342 343 342 
degeneracy worse : 274 274 277 432 446 460 
SCL #err deg : 1030 / 3200
SCL #err weighted degeneracy : 986 986 988 1125 1138 1152 
degeneracy helps : 314 312 322 349 351 350 
degeneracy worse : 280 280 283 444 459 472 
SCL #err deg : 1057 / 3300
SCL #err weighted degeneracy : 1012 1012 1015 1159 1172 1190 
degeneracy helps : 324 322 332 360 362 360 
degeneracy worse : 289 289 293 462 477 493 
SCL #err deg : 1085 / 3400
SCL #err weighted degeneracy : 1038 1038 1041 1190 1203 1219 
degeneracy helps : 332 330 340 369 371 369 
degeneracy worse : 295 295 299 474 489 503 
SCL #err deg : 1113 / 3500
SCL #err weighted degeneracy : 1066 1066 1069 1220 1234 1250 
degeneracy helps : 338 336 346 375 377 375 
degeneracy worse : 301 301 305 482 498 512 
SCL #err deg : 1145 / 3600
SCL #err weighted degeneracy : 1101 1101 1104 1257 1270 1287 
degeneracy helps : 349 347 357 388 391 389 
degeneracy worse : 315 315 319 500 516 531 
SCL #err deg : 1177 / 3700
SCL #err weighted degeneracy : 1134 1134 1137 1291 1305 1322 
degeneracy helps : 357 355 365 398 401 399 
degeneracy worse : 324 324 328 512 529 544 
SCL #err deg : 1209 / 3800
SCL #err weighted degeneracy : 1162 1162 1165 1325 1338 1354 
degeneracy helps : 367 365 375 408 412 411 
degeneracy worse : 330 330 334 524 541 556 
SCL #err deg : 1240 / 3900
SCL #err weighted degeneracy : 1193 1193 1196 1356 1372 1391 
degeneracy helps : 373 371 381 415 419 418 
degeneracy worse : 336 336 340 531 551 569 
SCL #err deg : 1266 / 4000
SCL #err weighted degeneracy : 1225 1225 1228 1393 1408 1431 
degeneracy helps : 378 376 386 421 426 424 
degeneracy worse : 347 347 351 548 568 589 
SCL #err deg : 1291 / 4100
SCL #err weighted degeneracy : 1253 1253 1256 1423 1439 1463 
degeneracy helps : 385 383 393 430 435 433 
degeneracy worse : 357 357 361 562 583 605 
SCL #err deg : 1313 / 4200
SCL #err weighted degeneracy : 1276 1276 1279 1448 1465 1491 
degeneracy helps : 393 391 401 441 445 442 
degeneracy worse : 366 366 370 576 597 620 
SCL #err deg : 1348 / 4300
SCL #err weighted degeneracy : 1307 1307 1310 1480 1497 1524 
degeneracy helps : 403 401 412 453 457 454 
degeneracy worse : 373 373 377 585 606 630 
SCL #err deg : 1377 / 4400
SCL #err weighted degeneracy : 1331 1331 1334 1509 1526 1553 
degeneracy helps : 413 411 422 462 466 463 
degeneracy worse : 378 378 382 594 615 639 
SCL #err deg : 1404 / 4500
SCL #err weighted degeneracy : 1362 1362 1365 1542 1559 1587 
degeneracy helps : 422 420 431 473 477 474 
degeneracy worse : 391 391 395 611 632 657 
SCL #err deg : 1447 / 4600
SCL #err weighted degeneracy : 1393 1393 1396 1580 1597 1628 
degeneracy helps : 436 434 445 489 493 489 
degeneracy worse : 393 393 397 622 643 670 
SCL #err deg : 1477 / 4700
SCL #err weighted degeneracy : 1429 1429 1432 1617 1634 1664 
degeneracy helps : 442 440 452 497 501 497 
degeneracy worse : 406 406 410 637 658 684 
SCL #err deg : 1510 / 4800
SCL #err weighted degeneracy : 1455 1455 1458 1649 1666 1697 
degeneracy helps : 454 452 464 507 511 507 
degeneracy worse : 411 411 415 646 667 694 
SCL #err deg : 1543 / 4900
SCL #err weighted degeneracy : 1482 1482 1485 1678 1695 1728 
degeneracy helps : 467 465 477 521 525 520 
degeneracy worse : 418 418 422 656 677 705 
SCL #err deg : 1578 / 5000
SCL #err weighted degeneracy : 1514 1514 1517 1713 1731 1765 
degeneracy helps : 477 475 487 531 534 529 
degeneracy worse : 425 425 429 666 687 716 
SCL #err deg : 1612 / 5100
SCL #err weighted degeneracy : 1550 1550 1553 1751 1769 1805 
degeneracy helps : 481 479 491 537 540 534 
degeneracy worse : 431 431 435 676 697 727 
SCL #err deg : 1640 / 5200
SCL #err weighted degeneracy : 1576 1576 1579 1784 1803 1842 
degeneracy helps : 491 489 501 547 550 544 
degeneracy worse : 439 439 443 691 713 746 
SCL #err deg : 1668 / 5300
SCL #err weighted degeneracy : 1602 1602 1605 1814 1833 1877 
degeneracy helps : 503 501 513 559 562 554 
degeneracy worse : 449 449 453 705 727 763 
SCL #err deg : 1693 / 5400
SCL #err weighted degeneracy : 1633 1633 1636 1848 1867 1909 
degeneracy helps : 509 507 519 565 568 561 
degeneracy worse : 461 461 465 720 742 777 
SCL #err deg : 1732 / 5500
SCL #err weighted degeneracy : 1670 1670 1673 1891 1909 1954 
degeneracy helps : 520 518 531 576 580 572 
degeneracy worse : 471 471 475 735 757 794 
SCL #err deg : 1764 / 5600
SCL #err weighted degeneracy : 1700 1700 1703 1924 1943 1986 
degeneracy helps : 529 527 540 586 590 583 
degeneracy worse : 478 478 482 746 769 805 
SCL #err deg : 1791 / 5700
SCL #err weighted degeneracy : 1729 1729 1732 1956 1975 2019 
degeneracy helps : 536 534 547 593 597 590 
degeneracy worse : 487 487 491 758 781 818 
SCL #err deg : 1823 / 5800
SCL #err weighted degeneracy : 1761 1761 1765 1996 2015 2060 
degeneracy helps : 544 542 555 602 606 598 
degeneracy worse : 495 495 500 775 798 835 
SCL #err deg : 1852 / 5900
SCL #err weighted degeneracy : 1795 1795 1799 2033 2053 2097 
degeneracy helps : 553 551 564 613 617 610 
degeneracy worse : 509 509 514 794 818 855 
SCL #err deg : 1883 / 6000
SCL #err weighted degeneracy : 1830 1830 1834 2076 2097 2140 
degeneracy helps : 557 555 568 620 624 616 
degeneracy worse : 517 517 522 813 838 873 
SCL #err deg : 1910 / 6100
SCL #err weighted degeneracy : 1856 1856 1860 2105 2126 2169 
degeneracy helps : 564 562 575 630 634 626 
degeneracy worse : 523 523 528 825 850 885 
SCL #err deg : 1944 / 6200
SCL #err weighted degeneracy : 1887 1887 1891 2136 2158 2200 
degeneracy helps : 576 573 587 644 648 640 
degeneracy worse : 532 532 537 836 862 896 
SCL #err deg : 1978 / 6300
SCL #err weighted degeneracy : 1920 1920 1924 2174 2197 2238 
degeneracy helps : 583 580 594 653 657 650 
degeneracy worse : 538 538 543 849 876 910 
SCL #err deg : 2009 / 6400
SCL #err weighted degeneracy : 1953 1953 1957 2210 2234 2273 
degeneracy helps : 591 588 602 660 664 657 
degeneracy worse : 548 548 553 861 889 921 
SCL #err deg : 2043 / 6500
SCL #err weighted degeneracy : 1985 1985 1989 2244 2268 2307 
degeneracy helps : 605 602 616 674 678 671 
degeneracy worse : 560 560 565 875 903 935 
SCL #err deg : 2076 / 6600
SCL #err weighted degeneracy : 2016 2016 2019 2275 2300 2340 
degeneracy helps : 614 611 626 687 691 683 
degeneracy worse : 567 567 572 886 915 947 
SCL #err deg : 2110 / 6700
SCL #err weighted degeneracy : 2043 2043 2046 2302 2327 2368 
degeneracy helps : 624 621 636 700 704 696 
degeneracy worse : 570 570 575 892 921 954 
SCL #err deg : 2140 / 6800
SCL #err weighted degeneracy : 2076 2076 2079 2338 2363 2407 
degeneracy helps : 629 626 641 706 710 701 
degeneracy worse : 578 578 583 904 933 968 
SCL #err deg : 2164 / 6900
SCL #err weighted degeneracy : 2104 2104 2107 2370 2396 2441 
degeneracy helps : 640 637 652 717 720 711 
degeneracy worse : 593 593 598 923 952 988 
SCL #err deg : 2203 / 7000
SCL #err weighted degeneracy : 2133 2133 2136 2402 2429 2474 
degeneracy helps : 655 652 667 732 735 726 
degeneracy worse : 598 598 603 931 961 997 
SCL #err deg : 2234 / 7100
SCL #err weighted degeneracy : 2162 2162 2165 2435 2462 2508 
degeneracy helps : 661 658 673 739 742 733 
degeneracy worse : 602 602 607 940 970 1007 
SCL #err deg : 2277 / 7200
SCL #err weighted degeneracy : 2197 2197 2201 2472 2499 2546 
degeneracy helps : 673 669 685 751 754 745 
degeneracy worse : 606 606 612 946 976 1014 
SCL #err deg : 2307 / 7300
SCL #err weighted degeneracy : 2227 2227 2230 2507 2534 2582 
degeneracy helps : 682 678 695 761 764 755 
degeneracy worse : 615 615 621 961 991 1030 
SCL #err deg : 2340 / 7400
SCL #err weighted degeneracy : 2258 2258 2261 2541 2568 2618 
degeneracy helps : 692 688 705 772 775 766 
degeneracy worse : 623 623 629 973 1003 1044 
SCL #err deg : 2366 / 7500
SCL #err weighted degeneracy : 2285 2285 2288 2571 2597 2646 
degeneracy helps : 699 695 713 781 784 776 
degeneracy worse : 632 632 638 986 1015 1056 
SCL #err deg : 2405 / 7600
SCL #err weighted degeneracy : 2323 2323 2326 2614 2640 2690 
degeneracy helps : 709 705 723 790 793 785 
degeneracy worse : 641 641 647 999 1028 1070 
SCL #err deg : 2441 / 7700
SCL #err weighted degeneracy : 2361 2361 2364 2656 2681 2733 
degeneracy helps : 713 709 727 794 798 790 
degeneracy worse : 647 647 653 1009 1038 1082 
SCL #err deg : 2481 / 7800
SCL #err weighted degeneracy : 2398 2398 2401 2697 2724 2775 
degeneracy helps : 725 721 739 807 811 803 
degeneracy worse : 656 656 662 1023 1054 1097 
SCL #err deg : 2509 / 7900
SCL #err weighted degeneracy : 2434 2434 2437 2735 2762 2815 
degeneracy helps : 732 728 746 814 818 810 
degeneracy worse : 671 671 677 1040 1071 1116 
SCL #err deg : 2546 / 8000
SCL #err weighted degeneracy : 2465 2465 2468 2766 2793 2848 
degeneracy helps : 743 739 757 826 830 821 
degeneracy worse : 676 676 682 1046 1077 1123 
SCL #err deg : 2580 / 8100
SCL #err weighted degeneracy : 2502 2502 2506 2808 2835 2892 
degeneracy helps : 751 747 765 834 838 828 
degeneracy worse : 687 687 694 1062 1093 1140 
SCL #err deg : 2612 / 8200
SCL #err weighted degeneracy : 2530 2530 2534 2842 2870 2928 
degeneracy helps : 763 759 777 846 850 840 
degeneracy worse : 695 695 702 1076 1108 1156 
SCL #err deg : 2645 / 8300
SCL #err weighted degeneracy : 2558 2558 2562 2875 2903 2964 
degeneracy helps : 775 771 789 859 863 853 
degeneracy worse : 702 702 709 1089 1121 1172 
SCL #err deg : 2674 / 8400
SCL #err weighted degeneracy : 2581 2581 2585 2901 2929 2992 
degeneracy helps : 786 782 800 872 876 866 
degeneracy worse : 707 707 714 1099 1131 1184 
SCL #err deg : 2706 / 8500
SCL #err weighted degeneracy : 2612 2612 2616 2937 2965 3028 
degeneracy helps : 796 792 810 883 887 877 
degeneracy worse : 716 716 723 1114 1146 1199 
SCL #err deg : 2740 / 8600
SCL #err weighted degeneracy : 2643 2643 2647 2972 3000 3062 
degeneracy helps : 805 801 819 894 898 889 
degeneracy worse : 722 722 729 1126 1158 1211 
SCL #err deg : 2774 / 8700
SCL #err weighted degeneracy : 2671 2671 2675 3007 3036 3100 
degeneracy helps : 818 814 832 909 913 902 
degeneracy worse : 729 729 736 1142 1175 1228 
SCL #err deg : 2807 / 8800
SCL #err weighted degeneracy : 2701 2701 2705 3044 3074 3138 
degeneracy helps : 831 827 846 924 928 917 
degeneracy worse : 740 740 747 1161 1195 1248 
SCL #err deg : 2844 / 8900
SCL #err weighted degeneracy : 2730 2730 2734 3080 3111 3177 
degeneracy helps : 846 842 861 939 943 932 
degeneracy worse : 747 747 754 1175 1210 1265 
SCL #err deg : 2881 / 9000
SCL #err weighted degeneracy : 2765 2765 2769 3123 3155 3219 
degeneracy helps : 856 852 871 948 951 941 
degeneracy worse : 755 755 762 1190 1225 1279 
SCL #err deg : 2910 / 9100
SCL #err weighted degeneracy : 2793 2793 2797 3157 3190 3251 
degeneracy helps : 867 863 882 960 963 954 
degeneracy worse : 765 765 772 1207 1243 1295 
SCL #err deg : 2937 / 9200
SCL #err weighted degeneracy : 2817 2817 2821 3188 3221 3283 
degeneracy helps : 877 873 892 969 972 963 
degeneracy worse : 772 772 779 1220 1256 1309 
SCL #err deg : 2972 / 9300
SCL #err weighted degeneracy : 2848 2848 2852 3216 3249 3314 
degeneracy helps : 889 885 904 985 988 977 
degeneracy worse : 780 780 787 1229 1265 1319 
SCL #err deg : 3008 / 9400
SCL #err weighted degeneracy : 2881 2881 2885 3253 3287 3354 
degeneracy helps : 899 895 914 995 999 988 
degeneracy worse : 787 787 794 1240 1278 1334 
SCL #err deg : 3043 / 9500
SCL #err weighted degeneracy : 2915 2915 2919 3291 3326 3393 
degeneracy helps : 905 901 920 1002 1006 996 
degeneracy worse : 792 792 799 1250 1289 1346 
SCL #err deg : 3080 / 9600
SCL #err weighted degeneracy : 2946 2946 2950 3323 3360 3429 
degeneracy helps : 915 911 930 1015 1019 1009 
degeneracy worse : 796 796 803 1258 1299 1358 
SCL #err deg : 3107 / 9700
SCL #err weighted degeneracy : 2979 2979 2983 3360 3399 3467 
degeneracy helps : 923 919 938 1025 1029 1020 
degeneracy worse : 810 810 817 1278 1321 1380 
SCL #err deg : 3141 / 9800
SCL #err weighted degeneracy : 3011 3011 3015 3399 3439 3506 
degeneracy helps : 934 930 949 1038 1042 1033 
degeneracy worse : 819 819 826 1296 1340 1398 
SCL #err deg : 3177 / 9900
SCL #err weighted degeneracy : 3048 3048 3052 3443 3481 3544 
degeneracy helps : 940 936 955 1044 1049 1043 
degeneracy worse : 826 826 833 1310 1353 1410 
SCL #err deg : 3210 / 10000
SCL #err weighted degeneracy : 3081 3081 3085 3485 3523 3585 
degeneracy helps : 954 950 969 1057 1063 1057 
degeneracy worse : 840 840 847 1332 1376 1432 
average #flips: 6.9499
SCL #err considering degeneracy: 3210
error due to equal 1692
error due to SCL smaller 1518
Finish in 630 s
