Simulation Polar syndrome FASTER N=64, K=33, l=128, pz=0.105, #samples=10000, seed=943
PW construction
Event generator random seed: 943
SCL #err deg : 31 / 100
SCL #err weighted degeneracy : 31 31 31 35 35 36 
degeneracy helps : 9 9 9 11 11 10 
degeneracy worse : 9 9 9 15 15 15 
SCL #err deg : 59 / 200
SCL #err weighted degeneracy : 60 60 61 71 71 72 
degeneracy helps : 15 15 15 17 17 16 
degeneracy worse : 16 16 17 29 29 29 
SCL #err deg : 87 / 300
SCL #err weighted degeneracy : 98 98 99 110 110 116 
degeneracy helps : 21 21 21 25 25 21 
degeneracy worse : 33 33 34 48 48 50 
SCL #err deg : 116 / 400
SCL #err weighted degeneracy : 124 124 125 142 142 150 
degeneracy helps : 31 31 31 35 35 31 
degeneracy worse : 40 40 41 61 61 65 
SCL #err deg : 140 / 500
SCL #err weighted degeneracy : 147 147 148 170 170 179 
degeneracy helps : 38 38 39 44 44 40 
degeneracy worse : 47 47 48 74 74 79 
SCL #err deg : 162 / 600
SCL #err weighted degeneracy : 171 171 173 198 198 207 
degeneracy helps : 48 47 49 55 55 52 
degeneracy worse : 59 59 61 91 91 97 
SCL #err deg : 184 / 700
SCL #err weighted degeneracy : 197 197 199 226 226 238 
degeneracy helps : 55 54 56 65 65 61 
degeneracy worse : 70 70 72 107 107 115 
SCL #err deg : 209 / 800
SCL #err weighted degeneracy : 230 230 232 261 261 274 
degeneracy helps : 62 61 63 74 74 69 
degeneracy worse : 85 85 87 126 126 134 
SCL #err deg : 244 / 900
SCL #err weighted degeneracy : 261 261 263 296 297 309 
degeneracy helps : 72 71 73 84 84 81 
degeneracy worse : 91 91 93 136 137 146 
SCL #err deg : 283 / 1000
SCL #err weighted degeneracy : 293 293 295 335 336 346 
degeneracy helps : 82 81 83 96 96 93 
degeneracy worse : 95 95 97 148 149 156 
SCL #err deg : 306 / 1100
SCL #err weighted degeneracy : 321 321 323 363 364 375 
degeneracy helps : 90 89 91 106 106 103 
degeneracy worse : 108 108 110 163 164 172 
SCL #err deg : 337 / 1200
SCL #err weighted degeneracy : 363 363 365 409 409 418 
degeneracy helps : 95 94 96 111 111 109 
degeneracy worse : 124 124 126 183 183 190 
SCL #err deg : 355 / 1300
SCL #err weighted degeneracy : 384 384 386 436 437 445 
degeneracy helps : 103 102 104 119 119 117 
degeneracy worse : 135 135 137 200 201 207 
SCL #err deg : 386 / 1400
SCL #err weighted degeneracy : 417 417 419 472 473 484 
degeneracy helps : 112 111 113 129 129 126 
degeneracy worse : 146 146 148 215 216 224 
SCL #err deg : 414 / 1500
SCL #err weighted degeneracy : 444 444 446 505 507 519 
degeneracy helps : 119 118 120 136 136 133 
degeneracy worse : 152 152 154 227 229 238 
SCL #err deg : 436 / 1600
SCL #err weighted degeneracy : 469 469 471 533 535 547 
degeneracy helps : 130 129 131 148 148 145 
degeneracy worse : 166 166 168 245 247 256 
SCL #err deg : 463 / 1700
SCL #err weighted degeneracy : 500 500 502 572 574 587 
degeneracy helps : 132 131 133 150 150 147 
degeneracy worse : 172 172 174 259 261 271 
SCL #err deg : 490 / 1800
SCL #err weighted degeneracy : 524 524 526 602 604 618 
degeneracy helps : 145 144 146 163 163 159 
degeneracy worse : 182 182 184 275 277 287 
SCL #err deg : 523 / 1900
SCL #err weighted degeneracy : 558 558 560 644 646 659 
degeneracy helps : 157 156 158 175 175 172 
degeneracy worse : 195 195 197 296 298 308 
SCL #err deg : 553 / 2000
SCL #err weighted degeneracy : 583 583 585 675 677 692 
degeneracy helps : 168 167 169 186 186 182 
degeneracy worse : 201 201 203 308 310 321 
SCL #err deg : 582 / 2100
SCL #err weighted degeneracy : 613 613 615 713 716 729 
degeneracy helps : 177 176 178 196 196 192 
degeneracy worse : 211 211 213 327 330 339 
SCL #err deg : 611 / 2200
SCL #err weighted degeneracy : 640 640 642 746 750 764 
degeneracy helps : 188 187 190 208 207 203 
degeneracy worse : 221 221 223 343 346 356 
SCL #err deg : 639 / 2300
SCL #err weighted degeneracy : 667 667 669 776 781 798 
degeneracy helps : 198 197 200 218 217 212 
degeneracy worse : 230 230 232 355 359 371 
SCL #err deg : 670 / 2400
SCL #err weighted degeneracy : 700 700 702 815 821 840 
degeneracy helps : 208 207 210 229 228 221 
degeneracy worse : 242 242 244 374 379 391 
SCL #err deg : 699 / 2500
SCL #err weighted degeneracy : 724 724 726 839 846 869 
degeneracy helps : 218 217 220 240 239 230 
degeneracy worse : 247 247 249 380 386 400 
SCL #err deg : 727 / 2600
SCL #err weighted degeneracy : 754 754 756 875 883 907 
degeneracy helps : 225 224 227 247 246 237 
degeneracy worse : 256 256 258 395 402 417 
SCL #err deg : 756 / 2700
SCL #err weighted degeneracy : 787 787 790 914 922 948 
degeneracy helps : 233 232 235 257 256 247 
degeneracy worse : 268 268 271 415 422 439 
SCL #err deg : 794 / 2800
SCL #err weighted degeneracy : 822 822 825 952 960 990 
degeneracy helps : 247 246 249 273 272 262 
degeneracy worse : 279 279 282 431 438 458 
SCL #err deg : 829 / 2900
SCL #err weighted degeneracy : 859 859 862 992 1000 1028 
degeneracy helps : 255 254 257 281 280 271 
degeneracy worse : 289 289 292 444 451 470 
SCL #err deg : 862 / 3000
SCL #err weighted degeneracy : 886 886 889 1021 1030 1060 
degeneracy helps : 267 266 269 294 293 284 
degeneracy worse : 295 295 298 453 461 482 
SCL #err deg : 894 / 3100
SCL #err weighted degeneracy : 904 904 907 1043 1052 1082 
degeneracy helps : 287 286 290 315 314 305 
degeneracy worse : 302 302 305 464 472 493 
SCL #err deg : 929 / 3200
SCL #err weighted degeneracy : 941 941 944 1085 1094 1123 
degeneracy helps : 294 293 297 322 321 312 
degeneracy worse : 311 311 314 478 486 506 
SCL #err deg : 962 / 3300
SCL #err weighted degeneracy : 967 967 971 1120 1130 1159 
degeneracy helps : 304 303 307 333 331 321 
degeneracy worse : 314 314 318 491 499 518 
SCL #err deg : 989 / 3400
SCL #err weighted degeneracy : 992 992 996 1151 1161 1191 
degeneracy helps : 313 312 316 344 342 331 
degeneracy worse : 321 321 325 506 514 533 
SCL #err deg : 1016 / 3500
SCL #err weighted degeneracy : 1014 1014 1019 1177 1187 1221 
degeneracy helps : 323 322 326 354 352 340 
degeneracy worse : 326 326 331 515 523 545 
SCL #err deg : 1044 / 3600
SCL #err weighted degeneracy : 1046 1046 1051 1212 1224 1259 
degeneracy helps : 333 332 336 367 364 352 
degeneracy worse : 341 341 346 535 544 567 
SCL #err deg : 1070 / 3700
SCL #err weighted degeneracy : 1077 1077 1082 1244 1257 1296 
degeneracy helps : 338 337 341 374 371 357 
degeneracy worse : 351 351 356 548 558 583 
SCL #err deg : 1099 / 3800
SCL #err weighted degeneracy : 1103 1103 1108 1275 1288 1330 
degeneracy helps : 347 346 350 383 380 365 
degeneracy worse : 357 357 362 559 569 596 
SCL #err deg : 1127 / 3900
SCL #err weighted degeneracy : 1132 1132 1137 1305 1321 1368 
degeneracy helps : 354 353 357 391 388 371 
degeneracy worse : 365 365 370 569 582 612 
SCL #err deg : 1159 / 4000
SCL #err weighted degeneracy : 1165 1165 1170 1342 1358 1404 
degeneracy helps : 364 363 367 403 400 383 
degeneracy worse : 376 376 381 586 599 628 
SCL #err deg : 1187 / 4100
SCL #err weighted degeneracy : 1193 1193 1198 1373 1389 1436 
degeneracy helps : 370 369 374 412 409 392 
degeneracy worse : 383 383 388 598 611 641 
SCL #err deg : 1209 / 4200
SCL #err weighted degeneracy : 1215 1215 1220 1401 1418 1468 
degeneracy helps : 379 378 383 422 418 401 
degeneracy worse : 392 392 397 614 627 660 
SCL #err deg : 1245 / 4300
SCL #err weighted degeneracy : 1240 1240 1245 1427 1444 1496 
degeneracy helps : 396 395 400 441 437 419 
degeneracy worse : 398 398 403 623 636 670 
SCL #err deg : 1269 / 4400
SCL #err weighted degeneracy : 1262 1262 1267 1456 1474 1527 
degeneracy helps : 407 406 411 452 448 429 
degeneracy worse : 407 407 412 639 653 687 
SCL #err deg : 1293 / 4500
SCL #err weighted degeneracy : 1285 1285 1290 1483 1502 1557 
degeneracy helps : 414 413 419 462 458 439 
degeneracy worse : 414 414 419 652 667 703 
SCL #err deg : 1328 / 4600
SCL #err weighted degeneracy : 1317 1317 1322 1519 1538 1593 
degeneracy helps : 423 422 428 474 470 451 
degeneracy worse : 420 420 425 665 680 716 
SCL #err deg : 1357 / 4700
SCL #err weighted degeneracy : 1350 1350 1355 1553 1572 1628 
degeneracy helps : 431 430 436 483 479 460 
degeneracy worse : 432 432 437 679 694 731 
SCL #err deg : 1393 / 4800
SCL #err weighted degeneracy : 1370 1370 1375 1578 1597 1656 
degeneracy helps : 449 448 455 500 496 477 
degeneracy worse : 435 435 440 685 700 740 
SCL #err deg : 1423 / 4900
SCL #err weighted degeneracy : 1393 1393 1398 1603 1622 1685 
degeneracy helps : 461 460 467 513 509 488 
degeneracy worse : 440 440 445 693 708 750 
SCL #err deg : 1462 / 5000
SCL #err weighted degeneracy : 1427 1427 1432 1640 1659 1725 
degeneracy helps : 471 470 477 523 519 497 
degeneracy worse : 445 445 450 701 716 760 
SCL #err deg : 1495 / 5100
SCL #err weighted degeneracy : 1462 1462 1467 1680 1699 1770 
degeneracy helps : 476 475 482 529 525 500 
degeneracy worse : 452 452 457 714 729 775 
SCL #err deg : 1521 / 5200
SCL #err weighted degeneracy : 1493 1493 1498 1715 1734 1806 
degeneracy helps : 480 479 486 533 529 504 
degeneracy worse : 461 461 466 727 742 789 
SCL #err deg : 1553 / 5300
SCL #err weighted degeneracy : 1515 1515 1520 1742 1762 1838 
degeneracy helps : 497 496 503 550 545 518 
degeneracy worse : 468 468 473 739 754 803 
SCL #err deg : 1582 / 5400
SCL #err weighted degeneracy : 1544 1544 1549 1773 1795 1868 
degeneracy helps : 505 504 511 558 553 528 
degeneracy worse : 476 476 481 749 766 814 
SCL #err deg : 1620 / 5500
SCL #err weighted degeneracy : 1579 1579 1584 1812 1835 1911 
degeneracy helps : 514 513 521 568 562 537 
degeneracy worse : 483 483 488 760 777 828 
SCL #err deg : 1653 / 5600
SCL #err weighted degeneracy : 1605 1605 1610 1842 1865 1942 
degeneracy helps : 528 527 535 584 578 552 
degeneracy worse : 491 491 496 773 790 841 
SCL #err deg : 1674 / 5700
SCL #err weighted degeneracy : 1630 1630 1635 1869 1892 1971 
degeneracy helps : 534 534 542 591 585 559 
degeneracy worse : 502 502 507 786 803 856 
SCL #err deg : 1711 / 5800
SCL #err weighted degeneracy : 1659 1659 1665 1907 1931 2011 
degeneracy helps : 546 546 554 604 597 571 
degeneracy worse : 506 506 512 800 817 871 
SCL #err deg : 1746 / 5900
SCL #err weighted degeneracy : 1697 1697 1703 1952 1976 2056 
degeneracy helps : 557 556 565 617 610 584 
degeneracy worse : 520 520 526 823 840 894 
SCL #err deg : 1776 / 6000
SCL #err weighted degeneracy : 1721 1721 1727 1983 2007 2091 
degeneracy helps : 566 565 574 629 622 595 
degeneracy worse : 523 523 529 836 853 910 
SCL #err deg : 1806 / 6100
SCL #err weighted degeneracy : 1748 1748 1754 2011 2035 2120 
degeneracy helps : 573 572 581 640 633 606 
degeneracy worse : 527 527 533 845 862 920 
SCL #err deg : 1835 / 6200
SCL #err weighted degeneracy : 1769 1769 1775 2032 2057 2145 
degeneracy helps : 585 583 593 655 648 621 
degeneracy worse : 532 532 538 852 870 931 
SCL #err deg : 1862 / 6300
SCL #err weighted degeneracy : 1799 1799 1805 2068 2093 2182 
degeneracy helps : 588 586 596 661 654 626 
degeneracy worse : 539 539 545 867 885 946 
SCL #err deg : 1889 / 6400
SCL #err weighted degeneracy : 1829 1829 1835 2103 2129 2218 
degeneracy helps : 595 593 603 668 660 632 
degeneracy worse : 549 549 555 882 900 961 
SCL #err deg : 1920 / 6500
SCL #err weighted degeneracy : 1860 1860 1866 2134 2160 2249 
degeneracy helps : 605 602 613 678 670 642 
degeneracy worse : 559 559 565 892 910 971 
SCL #err deg : 1955 / 6600
SCL #err weighted degeneracy : 1889 1889 1895 2161 2187 2278 
degeneracy helps : 614 611 622 692 684 654 
degeneracy worse : 562 562 568 898 916 977 
SCL #err deg : 1983 / 6700
SCL #err weighted degeneracy : 1912 1912 1918 2185 2211 2305 
degeneracy helps : 624 621 633 705 697 666 
degeneracy worse : 568 568 574 907 925 988 
SCL #err deg : 2016 / 6800
SCL #err weighted degeneracy : 1940 1940 1946 2214 2238 2337 
degeneracy helps : 634 631 643 716 708 675 
degeneracy worse : 573 573 579 914 930 996 
SCL #err deg : 2038 / 6900
SCL #err weighted degeneracy : 1969 1969 1975 2247 2273 2373 
degeneracy helps : 641 638 650 723 715 681 
degeneracy worse : 587 587 593 932 950 1016 
SCL #err deg : 2071 / 7000
SCL #err weighted degeneracy : 1995 1995 2001 2275 2303 2402 
degeneracy helps : 653 650 662 735 727 694 
degeneracy worse : 592 592 598 939 959 1025 
SCL #err deg : 2097 / 7100
SCL #err weighted degeneracy : 2021 2021 2027 2307 2336 2437 
degeneracy helps : 659 656 669 741 733 700 
degeneracy worse : 599 599 605 951 972 1040 
SCL #err deg : 2141 / 7200
SCL #err weighted degeneracy : 2059 2059 2066 2347 2376 2478 
degeneracy helps : 670 668 681 754 746 713 
degeneracy worse : 606 606 613 960 981 1050 
SCL #err deg : 2172 / 7300
SCL #err weighted degeneracy : 2088 2088 2095 2382 2411 2515 
degeneracy helps : 680 678 691 765 757 724 
degeneracy worse : 615 615 622 975 996 1067 
SCL #err deg : 2201 / 7400
SCL #err weighted degeneracy : 2116 2116 2123 2414 2443 2548 
degeneracy helps : 692 690 703 778 770 736 
degeneracy worse : 626 626 633 991 1012 1083 
SCL #err deg : 2226 / 7500
SCL #err weighted degeneracy : 2140 2140 2147 2443 2472 2577 
degeneracy helps : 701 698 712 788 780 746 
degeneracy worse : 634 634 641 1005 1026 1097 
SCL #err deg : 2264 / 7600
SCL #err weighted degeneracy : 2174 2174 2181 2482 2511 2618 
degeneracy helps : 715 712 726 801 793 759 
degeneracy worse : 644 644 651 1019 1040 1113 
SCL #err deg : 2295 / 7700
SCL #err weighted degeneracy : 2210 2210 2217 2522 2550 2659 
degeneracy helps : 719 716 730 805 798 763 
degeneracy worse : 653 653 660 1032 1053 1127 
SCL #err deg : 2332 / 7800
SCL #err weighted degeneracy : 2245 2245 2252 2561 2588 2696 
degeneracy helps : 729 726 740 815 809 773 
degeneracy worse : 661 661 668 1044 1065 1137 
SCL #err deg : 2359 / 7900
SCL #err weighted degeneracy : 2276 2276 2283 2594 2622 2732 
degeneracy helps : 739 736 750 825 819 783 
degeneracy worse : 675 675 682 1060 1082 1156 
SCL #err deg : 2391 / 8000
SCL #err weighted degeneracy : 2301 2301 2308 2619 2648 2763 
degeneracy helps : 752 749 763 840 834 797 
degeneracy worse : 681 681 688 1068 1091 1169 
SCL #err deg : 2425 / 8100
SCL #err weighted degeneracy : 2336 2336 2344 2660 2689 2805 
degeneracy helps : 759 756 770 846 840 803 
degeneracy worse : 689 689 697 1081 1104 1183 
SCL #err deg : 2449 / 8200
SCL #err weighted degeneracy : 2361 2361 2369 2691 2721 2837 
degeneracy helps : 769 766 781 857 851 814 
degeneracy worse : 701 701 709 1099 1123 1202 
SCL #err deg : 2476 / 8300
SCL #err weighted degeneracy : 2388 2388 2396 2722 2752 2868 
degeneracy helps : 777 774 789 867 861 824 
degeneracy worse : 709 709 717 1113 1137 1216 
SCL #err deg : 2511 / 8400
SCL #err weighted degeneracy : 2408 2408 2416 2746 2777 2896 
degeneracy helps : 793 790 805 884 878 838 
degeneracy worse : 710 710 718 1119 1144 1223 
SCL #err deg : 2544 / 8500
SCL #err weighted degeneracy : 2437 2437 2445 2779 2810 2930 
degeneracy helps : 803 800 815 895 889 849 
degeneracy worse : 716 716 724 1130 1155 1235 
SCL #err deg : 2578 / 8600
SCL #err weighted degeneracy : 2465 2465 2473 2809 2840 2960 
degeneracy helps : 813 810 826 908 902 863 
degeneracy worse : 721 721 729 1139 1164 1245 
SCL #err deg : 2608 / 8700
SCL #err weighted degeneracy : 2493 2493 2501 2843 2874 2997 
degeneracy helps : 821 818 834 919 913 873 
degeneracy worse : 728 728 736 1154 1179 1262 
SCL #err deg : 2640 / 8800
SCL #err weighted degeneracy : 2518 2518 2526 2873 2904 3030 
degeneracy helps : 836 833 849 935 929 889 
degeneracy worse : 736 736 744 1168 1193 1279 
SCL #err deg : 2669 / 8900
SCL #err weighted degeneracy : 2542 2542 2550 2905 2936 3065 
degeneracy helps : 848 845 861 947 941 901 
degeneracy worse : 743 743 751 1183 1208 1297 
SCL #err deg : 2707 / 9000
SCL #err weighted degeneracy : 2576 2576 2584 2948 2979 3109 
degeneracy helps : 860 857 874 960 954 914 
degeneracy worse : 752 752 760 1201 1226 1316 
SCL #err deg : 2733 / 9100
SCL #err weighted degeneracy : 2605 2605 2613 2982 3014 3143 
degeneracy helps : 868 865 882 969 963 923 
degeneracy worse : 763 763 771 1218 1244 1333 
SCL #err deg : 2761 / 9200
SCL #err weighted degeneracy : 2631 2631 2639 3015 3047 3180 
degeneracy helps : 877 874 891 978 972 932 
degeneracy worse : 770 770 778 1232 1258 1351 
SCL #err deg : 2789 / 9300
SCL #err weighted degeneracy : 2656 2656 2664 3036 3068 3205 
degeneracy helps : 887 884 901 992 985 942 
degeneracy worse : 777 777 785 1239 1264 1358 
SCL #err deg : 2827 / 9400
SCL #err weighted degeneracy : 2685 2685 2693 3068 3102 3242 
degeneracy helps : 902 898 917 1009 1001 958 
degeneracy worse : 784 784 792 1250 1276 1373 
SCL #err deg : 2856 / 9500
SCL #err weighted degeneracy : 2718 2718 2726 3106 3142 3285 
degeneracy helps : 911 907 926 1019 1011 966 
degeneracy worse : 797 797 805 1269 1297 1395 
SCL #err deg : 2887 / 9600
SCL #err weighted degeneracy : 2753 2753 2761 3141 3177 3322 
degeneracy helps : 915 911 930 1026 1018 972 
degeneracy worse : 805 805 813 1280 1308 1407 
SCL #err deg : 2914 / 9700
SCL #err weighted degeneracy : 2784 2784 2792 3177 3213 3358 
degeneracy helps : 921 917 936 1033 1025 979 
degeneracy worse : 815 815 823 1296 1324 1423 
SCL #err deg : 2948 / 9800
SCL #err weighted degeneracy : 2813 2813 2821 3214 3250 3394 
degeneracy helps : 930 926 945 1044 1036 990 
degeneracy worse : 819 819 827 1310 1338 1436 
SCL #err deg : 2986 / 9900
SCL #err weighted degeneracy : 2846 2846 2854 3254 3291 3433 
degeneracy helps : 938 934 953 1052 1045 1000 
degeneracy worse : 822 822 830 1320 1350 1447 
SCL #err deg : 3011 / 10000
SCL #err weighted degeneracy : 2881 2881 2889 3296 3334 3476 
degeneracy helps : 941 937 956 1055 1048 1003 
degeneracy worse : 835 835 843 1340 1371 1468 
average #flips: 6.7586
SCL #err considering degeneracy: 3011
error due to equal 1668
error due to SCL smaller 1343
Finish in 607 s
