Simulation Polar syndrome FASTER N=256, K=129, l=128, pz=0.12, #samples=10000, seed=543
PW construction
Event generator random seed: 543
SCL #err deg : 38 / 100
SCL #err weighted degeneracy : 33 33 33 35 35 34 
degeneracy helps : 11 11 10 11 11 13 
degeneracy worse : 6 6 5 8 8 9 
SCL #err deg : 81 / 200
SCL #err weighted degeneracy : 73 73 74 77 78 80 
degeneracy helps : 21 21 21 23 22 24 
degeneracy worse : 13 13 14 19 19 23 
SCL #err deg : 129 / 300
SCL #err weighted degeneracy : 118 118 121 124 124 125 
degeneracy helps : 28 28 30 31 30 34 
degeneracy worse : 17 17 22 26 25 30 
SCL #err deg : 171 / 400
SCL #err weighted degeneracy : 154 154 159 164 165 167 
degeneracy helps : 38 38 40 39 38 42 
degeneracy worse : 21 21 28 32 32 38 
SCL #err deg : 218 / 500
SCL #err weighted degeneracy : 202 202 211 217 218 223 
degeneracy helps : 45 45 47 48 49 52 
degeneracy worse : 29 29 40 47 49 57 
SCL #err deg : 262 / 600
SCL #err weighted degeneracy : 242 242 252 262 263 269 
degeneracy helps : 54 54 56 56 58 60 
degeneracy worse : 34 34 46 56 59 67 
SCL #err deg : 296 / 700
SCL #err weighted degeneracy : 285 285 294 302 303 310 
degeneracy helps : 59 59 62 63 65 66 
degeneracy worse : 48 48 60 69 72 80 
SCL #err deg : 339 / 800
SCL #err weighted degeneracy : 326 326 336 344 346 353 
degeneracy helps : 69 69 73 74 76 76 
degeneracy worse : 56 56 70 79 83 90 
SCL #err deg : 386 / 900
SCL #err weighted degeneracy : 371 371 379 390 392 400 
degeneracy helps : 76 76 83 83 85 85 
degeneracy worse : 61 61 76 87 91 99 
SCL #err deg : 429 / 1000
SCL #err weighted degeneracy : 412 412 419 434 435 445 
degeneracy helps : 81 81 91 90 93 93 
degeneracy worse : 64 64 81 95 99 109 
SCL #err deg : 470 / 1100
SCL #err weighted degeneracy : 455 455 462 482 483 494 
degeneracy helps : 88 88 98 97 100 101 
degeneracy worse : 73 73 90 109 113 125 
SCL #err deg : 511 / 1200
SCL #err weighted degeneracy : 492 492 499 518 520 533 
degeneracy helps : 99 99 109 109 112 113 
degeneracy worse : 80 80 97 116 121 135 
SCL #err deg : 568 / 1300
SCL #err weighted degeneracy : 546 547 552 570 574 587 
degeneracy helps : 108 108 119 121 123 124 
degeneracy worse : 86 87 103 123 129 143 
SCL #err deg : 608 / 1400
SCL #err weighted degeneracy : 591 592 597 619 623 635 
degeneracy helps : 111 111 123 125 128 129 
degeneracy worse : 94 95 112 136 143 156 
SCL #err deg : 652 / 1500
SCL #err weighted degeneracy : 629 630 636 658 664 674 
degeneracy helps : 121 121 133 134 137 141 
degeneracy worse : 98 99 117 140 149 163 
SCL #err deg : 703 / 1600
SCL #err weighted degeneracy : 670 671 677 704 712 720 
degeneracy helps : 133 133 146 145 147 152 
degeneracy worse : 100 101 120 146 156 169 
SCL #err deg : 746 / 1700
SCL #err weighted degeneracy : 710 711 715 744 752 760 
degeneracy helps : 142 142 156 155 158 163 
degeneracy worse : 106 107 125 153 164 177 
SCL #err deg : 786 / 1800
SCL #err weighted degeneracy : 746 747 751 781 790 801 
degeneracy helps : 151 151 165 166 169 172 
degeneracy worse : 111 112 130 161 173 187 
SCL #err deg : 819 / 1900
SCL #err weighted degeneracy : 782 783 787 818 827 841 
degeneracy helps : 159 159 173 173 176 179 
degeneracy worse : 122 123 141 172 184 201 
SCL #err deg : 860 / 2000
SCL #err weighted degeneracy : 827 828 833 862 869 884 
degeneracy helps : 166 166 181 183 187 189 
degeneracy worse : 133 134 154 185 196 213 
SCL #err deg : 904 / 2100
SCL #err weighted degeneracy : 869 870 873 908 914 931 
degeneracy helps : 173 173 189 190 194 195 
degeneracy worse : 138 139 158 194 204 222 
SCL #err deg : 949 / 2200
SCL #err weighted degeneracy : 912 913 916 952 958 978 
degeneracy helps : 181 181 197 198 202 202 
degeneracy worse : 144 145 164 201 211 231 
SCL #err deg : 992 / 2300
SCL #err weighted degeneracy : 957 958 963 1001 1007 1029 
degeneracy helps : 188 188 202 202 206 206 
degeneracy worse : 153 154 173 211 221 243 
SCL #err deg : 1035 / 2400
SCL #err weighted degeneracy : 996 997 1003 1040 1047 1071 
degeneracy helps : 201 201 216 218 221 221 
degeneracy worse : 162 163 184 223 233 257 
SCL #err deg : 1071 / 2500
SCL #err weighted degeneracy : 1038 1038 1046 1083 1093 1116 
degeneracy helps : 206 206 222 225 228 230 
degeneracy worse : 173 173 197 237 250 275 
SCL #err deg : 1122 / 2600
SCL #err weighted degeneracy : 1086 1086 1098 1136 1148 1170 
degeneracy helps : 216 216 230 234 236 239 
degeneracy worse : 180 180 206 248 262 287 
SCL #err deg : 1173 / 2700
SCL #err weighted degeneracy : 1130 1130 1140 1178 1192 1217 
degeneracy helps : 228 228 244 250 251 253 
degeneracy worse : 185 185 211 255 270 297 
SCL #err deg : 1219 / 2800
SCL #err weighted degeneracy : 1172 1173 1181 1220 1236 1262 
degeneracy helps : 236 235 254 261 262 264 
degeneracy worse : 189 189 216 262 279 307 
SCL #err deg : 1266 / 2900
SCL #err weighted degeneracy : 1218 1219 1223 1262 1278 1306 
degeneracy helps : 244 243 265 274 276 278 
degeneracy worse : 196 196 222 270 288 318 
SCL #err deg : 1310 / 3000
SCL #err weighted degeneracy : 1260 1261 1267 1306 1324 1352 
degeneracy helps : 251 250 274 285 287 289 
degeneracy worse : 201 201 231 281 301 331 
SCL #err deg : 1355 / 3100
SCL #err weighted degeneracy : 1303 1304 1312 1351 1368 1397 
degeneracy helps : 259 258 281 293 296 298 
degeneracy worse : 207 207 238 289 309 340 
SCL #err deg : 1396 / 3200
SCL #err weighted degeneracy : 1340 1341 1348 1390 1410 1438 
degeneracy helps : 269 268 293 305 307 309 
degeneracy worse : 213 213 245 299 321 351 
SCL #err deg : 1446 / 3300
SCL #err weighted degeneracy : 1390 1391 1398 1437 1455 1485 
degeneracy helps : 277 276 301 314 318 319 
degeneracy worse : 221 221 253 305 327 358 
SCL #err deg : 1492 / 3400
SCL #err weighted degeneracy : 1429 1430 1435 1479 1499 1528 
degeneracy helps : 288 287 313 325 328 330 
degeneracy worse : 225 225 256 312 335 366 
SCL #err deg : 1540 / 3500
SCL #err weighted degeneracy : 1476 1477 1484 1527 1545 1574 
degeneracy helps : 294 293 318 333 338 341 
degeneracy worse : 230 230 262 320 343 375 
SCL #err deg : 1588 / 3600
SCL #err weighted degeneracy : 1523 1524 1531 1575 1591 1621 
degeneracy helps : 302 301 326 342 348 351 
degeneracy worse : 237 237 269 329 351 384 
SCL #err deg : 1629 / 3700
SCL #err weighted degeneracy : 1560 1561 1571 1615 1630 1657 
degeneracy helps : 312 311 337 355 361 366 
degeneracy worse : 243 243 279 341 362 394 
SCL #err deg : 1671 / 3800
SCL #err weighted degeneracy : 1600 1601 1611 1655 1669 1697 
degeneracy helps : 321 320 347 366 373 378 
degeneracy worse : 250 250 287 350 371 404 
SCL #err deg : 1713 / 3900
SCL #err weighted degeneracy : 1636 1637 1647 1689 1701 1729 
degeneracy helps : 330 329 356 377 386 391 
degeneracy worse : 253 253 290 353 374 407 
SCL #err deg : 1763 / 4000
SCL #err weighted degeneracy : 1674 1675 1686 1728 1741 1770 
degeneracy helps : 344 343 370 394 403 408 
degeneracy worse : 255 255 293 359 381 415 
SCL #err deg : 1809 / 4100
SCL #err weighted degeneracy : 1717 1718 1730 1771 1785 1815 
degeneracy helps : 352 351 377 402 412 417 
degeneracy worse : 260 260 298 364 388 423 
SCL #err deg : 1849 / 4200
SCL #err weighted degeneracy : 1758 1759 1771 1813 1828 1859 
degeneracy helps : 358 357 382 408 418 424 
degeneracy worse : 267 267 304 372 397 434 
SCL #err deg : 1899 / 4300
SCL #err weighted degeneracy : 1807 1808 1818 1861 1878 1910 
degeneracy helps : 366 365 395 421 431 438 
degeneracy worse : 274 274 314 383 410 449 
SCL #err deg : 1949 / 4400
SCL #err weighted degeneracy : 1856 1857 1869 1912 1930 1962 
degeneracy helps : 374 373 403 433 443 450 
degeneracy worse : 281 281 323 396 424 463 
SCL #err deg : 1998 / 4500
SCL #err weighted degeneracy : 1899 1900 1914 1959 1977 2011 
degeneracy helps : 386 385 415 445 455 461 
degeneracy worse : 287 287 331 406 434 474 
SCL #err deg : 2040 / 4600
SCL #err weighted degeneracy : 1936 1937 1952 1998 2017 2051 
degeneracy helps : 397 396 427 457 466 472 
degeneracy worse : 293 293 339 415 443 483 
SCL #err deg : 2088 / 4700
SCL #err weighted degeneracy : 1981 1982 2000 2047 2065 2099 
degeneracy helps : 407 406 436 465 475 482 
degeneracy worse : 300 300 348 424 452 493 
SCL #err deg : 2139 / 4800
SCL #err weighted degeneracy : 2030 2031 2049 2097 2113 2147 
degeneracy helps : 415 414 444 473 485 492 
degeneracy worse : 306 306 354 431 459 500 
SCL #err deg : 2190 / 4900
SCL #err weighted degeneracy : 2076 2078 2095 2144 2162 2194 
degeneracy helps : 425 423 454 483 495 504 
degeneracy worse : 311 311 359 437 467 508 
SCL #err deg : 2241 / 5000
SCL #err weighted degeneracy : 2120 2122 2138 2191 2207 2237 
degeneracy helps : 438 436 468 494 509 519 
degeneracy worse : 317 317 365 444 475 515 
SCL #err deg : 2289 / 5100
SCL #err weighted degeneracy : 2172 2174 2188 2241 2256 2286 
degeneracy helps : 442 440 474 502 518 530 
degeneracy worse : 325 325 373 454 485 527 
SCL #err deg : 2342 / 5200
SCL #err weighted degeneracy : 2219 2221 2233 2289 2303 2331 
degeneracy helps : 456 454 489 517 534 547 
degeneracy worse : 333 333 380 464 495 536 
SCL #err deg : 2382 / 5300
SCL #err weighted degeneracy : 2257 2259 2272 2333 2345 2371 
degeneracy helps : 470 468 503 530 547 561 
degeneracy worse : 345 345 393 481 510 550 
SCL #err deg : 2429 / 5400
SCL #err weighted degeneracy : 2302 2304 2318 2377 2390 2418 
degeneracy helps : 479 477 513 542 559 573 
degeneracy worse : 352 352 402 490 520 562 
SCL #err deg : 2471 / 5500
SCL #err weighted degeneracy : 2342 2344 2358 2419 2431 2463 
degeneracy helps : 488 486 523 554 571 584 
degeneracy worse : 359 359 410 502 531 576 
SCL #err deg : 2519 / 5600
SCL #err weighted degeneracy : 2395 2397 2414 2476 2488 2520 
degeneracy helps : 491 489 526 559 576 590 
degeneracy worse : 367 367 421 516 545 591 
SCL #err deg : 2562 / 5700
SCL #err weighted degeneracy : 2436 2438 2455 2518 2532 2565 
degeneracy helps : 498 496 535 570 587 601 
degeneracy worse : 372 372 428 526 557 604 
SCL #err deg : 2607 / 5800
SCL #err weighted degeneracy : 2478 2480 2495 2560 2576 2609 
degeneracy helps : 506 504 545 581 598 612 
degeneracy worse : 377 377 433 534 567 614 
SCL #err deg : 2659 / 5900
SCL #err weighted degeneracy : 2521 2523 2535 2599 2616 2652 
degeneracy helps : 519 517 560 596 611 624 
degeneracy worse : 381 381 436 536 568 617 
SCL #err deg : 2701 / 6000
SCL #err weighted degeneracy : 2561 2563 2572 2638 2656 2691 
degeneracy helps : 527 525 569 604 619 633 
degeneracy worse : 387 387 440 541 574 623 
SCL #err deg : 2745 / 6100
SCL #err weighted degeneracy : 2604 2606 2614 2678 2697 2731 
degeneracy helps : 536 534 579 616 631 646 
degeneracy worse : 395 395 448 549 583 632 
SCL #err deg : 2787 / 6200
SCL #err weighted degeneracy : 2653 2655 2664 2726 2746 2778 
degeneracy helps : 539 537 582 622 637 654 
degeneracy worse : 405 405 459 561 596 645 
SCL #err deg : 2832 / 6300
SCL #err weighted degeneracy : 2691 2693 2702 2764 2782 2814 
degeneracy helps : 551 549 594 634 650 667 
degeneracy worse : 410 410 464 566 600 649 
SCL #err deg : 2868 / 6400
SCL #err weighted degeneracy : 2735 2737 2746 2807 2827 2860 
degeneracy helps : 556 554 599 639 655 671 
degeneracy worse : 423 423 477 578 614 663 
SCL #err deg : 2921 / 6500
SCL #err weighted degeneracy : 2779 2781 2792 2853 2875 2905 
degeneracy helps : 572 570 614 655 670 689 
degeneracy worse : 430 430 485 587 624 673 
SCL #err deg : 2970 / 6600
SCL #err weighted degeneracy : 2822 2824 2835 2898 2921 2951 
degeneracy helps : 583 581 625 667 682 702 
degeneracy worse : 435 435 490 595 633 683 
SCL #err deg : 3027 / 6700
SCL #err weighted degeneracy : 2876 2878 2891 2954 2977 3005 
degeneracy helps : 594 592 634 678 693 715 
degeneracy worse : 443 443 498 605 643 693 
SCL #err deg : 3084 / 6800
SCL #err weighted degeneracy : 2934 2936 2950 3008 3030 3059 
degeneracy helps : 604 601 643 691 707 729 
degeneracy worse : 454 453 509 615 653 704 
SCL #err deg : 3129 / 6900
SCL #err weighted degeneracy : 2973 2975 2986 3045 3069 3100 
degeneracy helps : 616 613 659 706 721 743 
degeneracy worse : 460 459 516 622 661 714 
SCL #err deg : 3174 / 7000
SCL #err weighted degeneracy : 3015 3017 3027 3086 3111 3142 
degeneracy helps : 623 620 667 716 731 753 
degeneracy worse : 464 463 520 628 668 721 
SCL #err deg : 3215 / 7100
SCL #err weighted degeneracy : 3056 3058 3066 3128 3151 3183 
degeneracy helps : 632 629 677 726 742 763 
degeneracy worse : 473 472 528 639 678 731 
SCL #err deg : 3252 / 7200
SCL #err weighted degeneracy : 3089 3092 3099 3165 3190 3222 
degeneracy helps : 642 638 688 736 751 771 
degeneracy worse : 479 478 535 649 689 741 
SCL #err deg : 3313 / 7300
SCL #err weighted degeneracy : 3140 3143 3151 3219 3244 3275 
degeneracy helps : 655 651 701 749 764 784 
degeneracy worse : 482 481 539 655 695 746 
SCL #err deg : 3356 / 7400
SCL #err weighted degeneracy : 3182 3185 3197 3262 3287 3319 
degeneracy helps : 662 658 708 759 774 794 
degeneracy worse : 488 487 549 665 705 757 
SCL #err deg : 3404 / 7500
SCL #err weighted degeneracy : 3228 3231 3242 3307 3335 3367 
degeneracy helps : 670 666 718 770 785 806 
degeneracy worse : 494 493 556 673 716 769 
SCL #err deg : 3450 / 7600
SCL #err weighted degeneracy : 3269 3272 3284 3349 3378 3412 
degeneracy helps : 682 678 730 783 797 818 
degeneracy worse : 501 500 564 682 725 780 
SCL #err deg : 3505 / 7700
SCL #err weighted degeneracy : 3319 3322 3335 3400 3427 3459 
degeneracy helps : 691 687 739 793 809 832 
degeneracy worse : 505 504 569 688 731 786 
SCL #err deg : 3552 / 7800
SCL #err weighted degeneracy : 3362 3365 3378 3445 3474 3507 
degeneracy helps : 704 700 751 804 820 842 
degeneracy worse : 514 513 577 697 742 797 
SCL #err deg : 3595 / 7900
SCL #err weighted degeneracy : 3405 3409 3423 3489 3518 3551 
degeneracy helps : 712 707 759 812 829 851 
degeneracy worse : 522 521 587 706 752 807 
SCL #err deg : 3642 / 8000
SCL #err weighted degeneracy : 3445 3450 3465 3534 3565 3599 
degeneracy helps : 725 719 770 823 840 860 
degeneracy worse : 528 527 593 715 763 817 
SCL #err deg : 3694 / 8100
SCL #err weighted degeneracy : 3489 3494 3509 3580 3612 3644 
degeneracy helps : 738 732 783 835 851 873 
degeneracy worse : 533 532 598 721 769 823 
SCL #err deg : 3743 / 8200
SCL #err weighted degeneracy : 3531 3535 3550 3621 3649 3682 
degeneracy helps : 750 744 796 849 868 890 
degeneracy worse : 538 536 603 727 774 829 
SCL #err deg : 3789 / 8300
SCL #err weighted degeneracy : 3570 3573 3591 3660 3689 3722 
degeneracy helps : 764 758 809 864 883 905 
degeneracy worse : 545 542 611 735 783 838 
SCL #err deg : 3831 / 8400
SCL #err weighted degeneracy : 3606 3609 3628 3693 3723 3755 
degeneracy helps : 775 769 820 878 898 920 
degeneracy worse : 550 547 617 740 790 844 
SCL #err deg : 3871 / 8500
SCL #err weighted degeneracy : 3640 3643 3665 3729 3759 3791 
degeneracy helps : 786 780 829 889 909 932 
degeneracy worse : 555 552 623 747 797 852 
SCL #err deg : 3921 / 8600
SCL #err weighted degeneracy : 3685 3688 3709 3773 3804 3836 
degeneracy helps : 796 790 840 902 922 945 
degeneracy worse : 560 557 628 754 805 860 
SCL #err deg : 3961 / 8700
SCL #err weighted degeneracy : 3720 3722 3743 3810 3846 3880 
degeneracy helps : 805 800 851 913 932 955 
degeneracy worse : 564 561 633 762 817 874 
SCL #err deg : 4015 / 8800
SCL #err weighted degeneracy : 3776 3778 3799 3867 3901 3936 
degeneracy helps : 812 807 858 920 940 963 
degeneracy worse : 573 570 642 772 826 884 
SCL #err deg : 4061 / 8900
SCL #err weighted degeneracy : 3821 3823 3844 3911 3945 3981 
degeneracy helps : 820 815 866 929 950 973 
degeneracy worse : 580 577 649 779 834 893 
SCL #err deg : 4109 / 9000
SCL #err weighted degeneracy : 3865 3867 3888 3956 3990 4026 
degeneracy helps : 830 825 877 941 962 986 
degeneracy worse : 586 583 656 788 843 903 
SCL #err deg : 4151 / 9100
SCL #err weighted degeneracy : 3902 3904 3926 3996 4032 4068 
degeneracy helps : 841 836 889 953 973 998 
degeneracy worse : 592 589 664 798 854 915 
SCL #err deg : 4193 / 9200
SCL #err weighted degeneracy : 3941 3943 3962 4031 4069 4105 
degeneracy helps : 855 850 905 971 991 1015 
degeneracy worse : 603 600 674 809 867 927 
SCL #err deg : 4226 / 9300
SCL #err weighted degeneracy : 3972 3974 3995 4070 4111 4146 
degeneracy helps : 865 860 914 981 1001 1025 
degeneracy worse : 611 608 683 825 886 945 
SCL #err deg : 4257 / 9400
SCL #err weighted degeneracy : 4005 4008 4026 4103 4145 4177 
degeneracy helps : 870 865 921 989 1009 1035 
degeneracy worse : 619 617 690 835 897 955 
SCL #err deg : 4300 / 9500
SCL #err weighted degeneracy : 4040 4044 4059 4138 4184 4215 
degeneracy helps : 886 880 939 1006 1023 1050 
degeneracy worse : 627 625 698 844 907 965 
SCL #err deg : 4342 / 9600
SCL #err weighted degeneracy : 4078 4082 4097 4178 4226 4257 
degeneracy helps : 897 891 951 1019 1036 1063 
degeneracy worse : 634 632 706 855 920 978 
SCL #err deg : 4381 / 9700
SCL #err weighted degeneracy : 4118 4122 4136 4217 4265 4298 
degeneracy helps : 904 898 959 1028 1045 1071 
degeneracy worse : 642 640 714 864 929 988 
SCL #err deg : 4432 / 9800
SCL #err weighted degeneracy : 4164 4168 4179 4260 4308 4345 
degeneracy helps : 913 907 971 1041 1058 1083 
degeneracy worse : 646 644 718 869 934 996 
SCL #err deg : 4481 / 9900
SCL #err weighted degeneracy : 4207 4212 4223 4303 4350 4389 
degeneracy helps : 923 917 981 1052 1069 1093 
degeneracy worse : 650 649 723 874 938 1001 
SCL #err deg : 4528 / 10000
SCL #err weighted degeneracy : 4253 4257 4266 4343 4388 4428 
degeneracy helps : 931 925 993 1065 1084 1109 
degeneracy worse : 657 655 731 880 944 1009 
average #flips: 30.764
SCL #err considering degeneracy: 4528
error due to equal 716
error due to SCL smaller 3812
Finish in 2293 s
