Simulation Polar syndrome FASTER N=256, K=129, l=128, pz=0.109, #samples=10000, seed=943
PW construction
Event generator random seed: 943
SCL #err deg : 39 / 100
SCL #err weighted degeneracy : 37 37 34 34 39 39 
degeneracy helps : 9 9 11 13 12 13 
degeneracy worse : 7 7 6 8 12 13 
SCL #err deg : 69 / 200
SCL #err weighted degeneracy : 65 65 65 68 75 77 
degeneracy helps : 18 18 20 23 21 23 
degeneracy worse : 14 14 16 22 27 31 
SCL #err deg : 100 / 300
SCL #err weighted degeneracy : 93 93 93 97 104 109 
degeneracy helps : 25 25 27 31 29 31 
degeneracy worse : 18 18 20 28 33 40 
SCL #err deg : 129 / 400
SCL #err weighted degeneracy : 120 120 120 124 129 135 
degeneracy helps : 34 34 37 41 43 45 
degeneracy worse : 25 25 28 36 43 51 
SCL #err deg : 168 / 500
SCL #err weighted degeneracy : 154 154 156 164 169 176 
degeneracy helps : 44 44 47 49 51 54 
degeneracy worse : 30 30 35 45 52 62 
SCL #err deg : 207 / 600
SCL #err weighted degeneracy : 186 186 189 196 201 210 
degeneracy helps : 58 58 61 65 68 70 
degeneracy worse : 37 37 43 54 62 73 
SCL #err deg : 243 / 700
SCL #err weighted degeneracy : 220 220 222 228 233 243 
degeneracy helps : 64 64 68 74 77 80 
degeneracy worse : 41 41 47 59 67 80 
SCL #err deg : 276 / 800
SCL #err weighted degeneracy : 254 254 256 261 264 274 
degeneracy helps : 69 69 75 81 86 89 
degeneracy worse : 47 47 55 66 74 87 
SCL #err deg : 310 / 900
SCL #err weighted degeneracy : 291 291 293 300 303 313 
degeneracy helps : 71 71 77 83 88 91 
degeneracy worse : 52 52 60 73 81 94 
SCL #err deg : 346 / 1000
SCL #err weighted degeneracy : 323 323 324 333 338 348 
degeneracy helps : 78 78 86 91 95 98 
degeneracy worse : 55 55 64 78 87 100 
SCL #err deg : 374 / 1100
SCL #err weighted degeneracy : 350 350 352 362 368 380 
degeneracy helps : 86 86 95 99 103 106 
degeneracy worse : 62 62 73 87 97 112 
SCL #err deg : 405 / 1200
SCL #err weighted degeneracy : 384 384 387 397 406 419 
degeneracy helps : 90 90 99 103 107 110 
degeneracy worse : 69 69 81 95 108 124 
SCL #err deg : 439 / 1300
SCL #err weighted degeneracy : 416 415 419 430 440 453 
degeneracy helps : 98 98 108 112 115 118 
degeneracy worse : 75 74 88 103 116 132 
SCL #err deg : 478 / 1400
SCL #err weighted degeneracy : 454 453 456 468 477 487 
degeneracy helps : 102 102 114 118 122 127 
degeneracy worse : 78 77 92 108 121 136 
SCL #err deg : 514 / 1500
SCL #err weighted degeneracy : 491 490 492 502 512 522 
degeneracy helps : 109 109 123 129 133 138 
degeneracy worse : 86 85 101 117 131 146 
SCL #err deg : 548 / 1600
SCL #err weighted degeneracy : 519 518 520 531 542 552 
degeneracy helps : 118 118 132 138 142 147 
degeneracy worse : 89 88 104 121 136 151 
SCL #err deg : 578 / 1700
SCL #err weighted degeneracy : 548 548 550 559 570 580 
degeneracy helps : 124 123 139 148 152 157 
degeneracy worse : 94 93 111 129 144 159 
SCL #err deg : 608 / 1800
SCL #err weighted degeneracy : 580 580 583 594 606 615 
degeneracy helps : 129 128 142 152 156 162 
degeneracy worse : 101 100 117 138 154 169 
SCL #err deg : 647 / 1900
SCL #err weighted degeneracy : 618 618 620 632 642 652 
degeneracy helps : 135 134 148 158 164 171 
degeneracy worse : 106 105 121 143 159 176 
SCL #err deg : 688 / 2000
SCL #err weighted degeneracy : 657 657 660 672 681 690 
degeneracy helps : 143 142 155 166 172 180 
degeneracy worse : 112 111 127 150 165 182 
SCL #err deg : 720 / 2100
SCL #err weighted degeneracy : 685 685 690 699 711 721 
degeneracy helps : 151 150 163 175 180 187 
degeneracy worse : 116 115 133 154 171 188 
SCL #err deg : 750 / 2200
SCL #err weighted degeneracy : 714 714 721 731 743 754 
degeneracy helps : 157 156 168 182 187 194 
degeneracy worse : 121 120 139 163 180 198 
SCL #err deg : 779 / 2300
SCL #err weighted degeneracy : 740 740 746 756 768 779 
degeneracy helps : 164 163 176 190 196 203 
degeneracy worse : 125 124 143 167 185 203 
SCL #err deg : 816 / 2400
SCL #err weighted degeneracy : 774 774 780 790 802 815 
degeneracy helps : 172 171 185 202 209 216 
degeneracy worse : 130 129 149 176 195 215 
SCL #err deg : 839 / 2500
SCL #err weighted degeneracy : 795 795 799 808 820 835 
degeneracy helps : 179 178 194 211 218 225 
degeneracy worse : 135 134 154 180 199 221 
SCL #err deg : 872 / 2600
SCL #err weighted degeneracy : 828 828 835 844 858 872 
degeneracy helps : 185 184 199 217 224 232 
degeneracy worse : 141 140 162 189 210 232 
SCL #err deg : 911 / 2700
SCL #err weighted degeneracy : 859 859 866 878 892 906 
degeneracy helps : 196 195 213 232 239 247 
degeneracy worse : 144 143 168 199 220 242 
SCL #err deg : 947 / 2800
SCL #err weighted degeneracy : 896 896 902 916 931 945 
degeneracy helps : 204 203 221 240 248 257 
degeneracy worse : 153 152 176 209 232 255 
SCL #err deg : 980 / 2900
SCL #err weighted degeneracy : 925 925 932 946 961 975 
degeneracy helps : 216 215 231 249 257 267 
degeneracy worse : 161 160 183 215 238 262 
SCL #err deg : 1012 / 3000
SCL #err weighted degeneracy : 955 955 960 973 988 1003 
degeneracy helps : 226 225 242 261 269 278 
degeneracy worse : 169 168 190 222 245 269 
SCL #err deg : 1041 / 3100
SCL #err weighted degeneracy : 979 979 984 996 1013 1029 
degeneracy helps : 233 232 250 272 280 289 
degeneracy worse : 171 170 193 227 252 277 
SCL #err deg : 1073 / 3200
SCL #err weighted degeneracy : 1011 1011 1018 1030 1048 1065 
degeneracy helps : 243 242 260 282 290 299 
degeneracy worse : 181 180 205 239 265 291 
SCL #err deg : 1105 / 3300
SCL #err weighted degeneracy : 1039 1039 1045 1059 1078 1095 
degeneracy helps : 252 251 270 291 299 308 
degeneracy worse : 186 185 210 245 272 298 
SCL #err deg : 1138 / 3400
SCL #err weighted degeneracy : 1063 1063 1070 1089 1109 1126 
degeneracy helps : 265 264 282 300 308 317 
degeneracy worse : 190 189 214 251 279 305 
SCL #err deg : 1174 / 3500
SCL #err weighted degeneracy : 1093 1093 1101 1120 1140 1157 
degeneracy helps : 274 273 291 309 318 327 
degeneracy worse : 193 192 218 255 284 310 
SCL #err deg : 1209 / 3600
SCL #err weighted degeneracy : 1119 1119 1129 1155 1177 1195 
degeneracy helps : 285 284 302 318 329 338 
degeneracy worse : 195 194 222 264 297 324 
SCL #err deg : 1243 / 3700
SCL #err weighted degeneracy : 1146 1146 1152 1179 1203 1223 
degeneracy helps : 296 295 317 334 345 353 
degeneracy worse : 199 198 226 270 305 333 
SCL #err deg : 1268 / 3800
SCL #err weighted degeneracy : 1166 1166 1171 1202 1226 1248 
degeneracy helps : 305 304 329 345 356 364 
degeneracy worse : 203 202 232 279 314 344 
SCL #err deg : 1303 / 3900
SCL #err weighted degeneracy : 1194 1194 1201 1233 1258 1282 
degeneracy helps : 314 313 338 355 366 374 
degeneracy worse : 205 204 236 285 321 353 
SCL #err deg : 1336 / 4000
SCL #err weighted degeneracy : 1225 1225 1231 1264 1289 1309 
degeneracy helps : 319 318 344 362 372 383 
degeneracy worse : 208 207 239 290 325 356 
SCL #err deg : 1365 / 4100
SCL #err weighted degeneracy : 1256 1256 1262 1297 1322 1341 
degeneracy helps : 323 322 348 368 378 390 
degeneracy worse : 214 213 245 300 335 366 
SCL #err deg : 1402 / 4200
SCL #err weighted degeneracy : 1290 1290 1296 1335 1359 1378 
degeneracy helps : 332 331 357 377 387 399 
degeneracy worse : 220 219 251 310 344 375 
SCL #err deg : 1432 / 4300
SCL #err weighted degeneracy : 1323 1322 1329 1368 1393 1414 
degeneracy helps : 338 337 363 383 394 405 
degeneracy worse : 229 227 260 319 355 387 
SCL #err deg : 1469 / 4400
SCL #err weighted degeneracy : 1352 1351 1357 1396 1420 1438 
degeneracy helps : 350 349 376 396 409 422 
degeneracy worse : 233 231 264 323 360 391 
SCL #err deg : 1504 / 4500
SCL #err weighted degeneracy : 1384 1383 1389 1429 1456 1472 
degeneracy helps : 356 355 382 403 414 429 
degeneracy worse : 236 234 267 328 366 397 
SCL #err deg : 1539 / 4600
SCL #err weighted degeneracy : 1411 1410 1414 1456 1485 1502 
degeneracy helps : 369 368 396 416 426 442 
degeneracy worse : 241 239 271 333 372 405 
SCL #err deg : 1575 / 4700
SCL #err weighted degeneracy : 1444 1443 1445 1488 1517 1534 
degeneracy helps : 379 378 406 426 436 451 
degeneracy worse : 248 246 276 339 378 410 
SCL #err deg : 1612 / 4800
SCL #err weighted degeneracy : 1476 1475 1476 1517 1546 1564 
degeneracy helps : 387 386 414 436 446 462 
degeneracy worse : 251 249 278 341 380 414 
SCL #err deg : 1646 / 4900
SCL #err weighted degeneracy : 1507 1506 1507 1548 1576 1592 
degeneracy helps : 396 395 422 447 457 475 
degeneracy worse : 257 255 283 349 387 421 
SCL #err deg : 1686 / 5000
SCL #err weighted degeneracy : 1545 1544 1545 1583 1610 1624 
degeneracy helps : 402 401 429 456 467 486 
degeneracy worse : 261 259 288 353 391 424 
SCL #err deg : 1711 / 5100
SCL #err weighted degeneracy : 1568 1567 1570 1608 1635 1650 
degeneracy helps : 410 409 437 465 477 496 
degeneracy worse : 267 265 296 362 401 435 
SCL #err deg : 1751 / 5200
SCL #err weighted degeneracy : 1607 1606 1612 1652 1681 1695 
degeneracy helps : 417 416 444 470 482 502 
degeneracy worse : 273 271 305 371 412 446 
SCL #err deg : 1792 / 5300
SCL #err weighted degeneracy : 1647 1646 1649 1688 1718 1733 
degeneracy helps : 424 423 452 479 492 513 
degeneracy worse : 279 277 309 375 418 454 
SCL #err deg : 1816 / 5400
SCL #err weighted degeneracy : 1675 1674 1676 1719 1750 1764 
degeneracy helps : 424 423 454 481 494 516 
degeneracy worse : 283 281 314 384 428 464 
SCL #err deg : 1843 / 5500
SCL #err weighted degeneracy : 1701 1700 1702 1747 1778 1792 
degeneracy helps : 431 430 462 490 504 526 
degeneracy worse : 289 287 321 394 439 475 
SCL #err deg : 1880 / 5600
SCL #err weighted degeneracy : 1732 1731 1732 1777 1808 1822 
degeneracy helps : 439 438 471 500 515 537 
degeneracy worse : 291 289 323 397 443 479 
SCL #err deg : 1912 / 5700
SCL #err weighted degeneracy : 1759 1758 1758 1807 1836 1852 
degeneracy helps : 448 447 482 511 528 550 
degeneracy worse : 295 293 328 406 452 490 
SCL #err deg : 1944 / 5800
SCL #err weighted degeneracy : 1791 1790 1792 1842 1871 1888 
degeneracy helps : 459 458 493 523 541 562 
degeneracy worse : 306 304 341 421 468 506 
SCL #err deg : 1979 / 5900
SCL #err weighted degeneracy : 1823 1822 1825 1876 1904 1919 
degeneracy helps : 464 463 499 530 549 571 
degeneracy worse : 308 306 345 427 474 511 
SCL #err deg : 2010 / 6000
SCL #err weighted degeneracy : 1855 1854 1856 1907 1935 1950 
degeneracy helps : 467 466 504 536 556 578 
degeneracy worse : 312 310 350 433 481 518 
SCL #err deg : 2040 / 6100
SCL #err weighted degeneracy : 1886 1885 1886 1940 1971 1986 
degeneracy helps : 473 472 512 544 563 586 
degeneracy worse : 319 317 358 444 494 532 
SCL #err deg : 2068 / 6200
SCL #err weighted degeneracy : 1914 1913 1913 1966 1995 2009 
degeneracy helps : 483 482 522 555 575 600 
degeneracy worse : 329 327 367 453 502 541 
SCL #err deg : 2097 / 6300
SCL #err weighted degeneracy : 1940 1939 1939 1994 2023 2037 
degeneracy helps : 489 488 529 561 581 607 
degeneracy worse : 332 330 371 458 507 547 
SCL #err deg : 2131 / 6400
SCL #err weighted degeneracy : 1978 1977 1977 2032 2061 2077 
degeneracy helps : 493 492 534 566 586 612 
degeneracy worse : 340 338 380 467 516 558 
SCL #err deg : 2165 / 6500
SCL #err weighted degeneracy : 2012 2011 2013 2068 2098 2114 
degeneracy helps : 501 500 542 575 594 620 
degeneracy worse : 348 346 390 478 527 569 
SCL #err deg : 2196 / 6600
SCL #err weighted degeneracy : 2035 2034 2037 2096 2126 2143 
degeneracy helps : 514 513 556 587 606 631 
degeneracy worse : 353 351 397 487 536 578 
SCL #err deg : 2226 / 6700
SCL #err weighted degeneracy : 2067 2066 2070 2130 2160 2176 
degeneracy helps : 519 518 562 594 613 638 
degeneracy worse : 360 358 406 498 547 588 
SCL #err deg : 2256 / 6800
SCL #err weighted degeneracy : 2098 2097 2102 2163 2193 2209 
degeneracy helps : 522 521 564 596 616 641 
degeneracy worse : 364 362 410 503 553 594 
SCL #err deg : 2290 / 6900
SCL #err weighted degeneracy : 2128 2127 2131 2193 2224 2240 
degeneracy helps : 530 529 574 606 626 651 
degeneracy worse : 368 366 415 509 560 601 
SCL #err deg : 2314 / 7000
SCL #err weighted degeneracy : 2147 2146 2148 2212 2244 2263 
degeneracy helps : 538 537 584 616 636 661 
degeneracy worse : 371 369 418 514 566 610 
SCL #err deg : 2340 / 7100
SCL #err weighted degeneracy : 2171 2170 2173 2238 2271 2288 
degeneracy helps : 544 543 590 622 642 669 
degeneracy worse : 375 373 423 520 573 617 
SCL #err deg : 2370 / 7200
SCL #err weighted degeneracy : 2200 2199 2200 2265 2301 2320 
degeneracy helps : 551 550 598 631 651 679 
degeneracy worse : 381 379 428 526 582 629 
SCL #err deg : 2397 / 7300
SCL #err weighted degeneracy : 2234 2233 2233 2302 2339 2358 
degeneracy helps : 556 555 604 636 656 684 
degeneracy worse : 393 391 440 541 598 645 
SCL #err deg : 2425 / 7400
SCL #err weighted degeneracy : 2259 2258 2257 2330 2368 2386 
degeneracy helps : 563 562 613 645 665 693 
degeneracy worse : 397 395 445 550 608 654 
SCL #err deg : 2459 / 7500
SCL #err weighted degeneracy : 2289 2288 2285 2360 2399 2417 
degeneracy helps : 572 571 625 656 675 703 
degeneracy worse : 402 400 451 557 615 661 
SCL #err deg : 2492 / 7600
SCL #err weighted degeneracy : 2320 2319 2316 2391 2433 2453 
degeneracy helps : 575 574 629 661 680 708 
degeneracy worse : 403 401 453 560 621 669 
SCL #err deg : 2531 / 7700
SCL #err weighted degeneracy : 2356 2355 2352 2429 2474 2492 
degeneracy helps : 582 581 640 670 689 718 
degeneracy worse : 407 405 461 568 632 679 
SCL #err deg : 2566 / 7800
SCL #err weighted degeneracy : 2387 2386 2380 2456 2502 2523 
degeneracy helps : 591 590 651 683 701 729 
degeneracy worse : 412 410 465 573 637 686 
SCL #err deg : 2602 / 7900
SCL #err weighted degeneracy : 2419 2418 2408 2488 2536 2557 
degeneracy helps : 601 600 663 693 710 738 
degeneracy worse : 418 416 469 579 644 693 
SCL #err deg : 2632 / 8000
SCL #err weighted degeneracy : 2447 2446 2437 2518 2567 2586 
degeneracy helps : 608 607 670 701 718 747 
degeneracy worse : 423 421 475 587 653 701 
SCL #err deg : 2670 / 8100
SCL #err weighted degeneracy : 2480 2479 2470 2553 2601 2619 
degeneracy helps : 618 617 682 711 729 760 
degeneracy worse : 428 426 482 594 660 709 
SCL #err deg : 2708 / 8200
SCL #err weighted degeneracy : 2515 2514 2505 2588 2637 2656 
degeneracy helps : 625 624 689 719 737 769 
degeneracy worse : 432 430 486 599 666 717 
SCL #err deg : 2739 / 8300
SCL #err weighted degeneracy : 2543 2542 2533 2615 2665 2683 
degeneracy helps : 631 630 695 727 745 778 
degeneracy worse : 435 433 489 603 671 722 
SCL #err deg : 2780 / 8400
SCL #err weighted degeneracy : 2581 2580 2571 2655 2704 2725 
degeneracy helps : 640 639 703 734 753 785 
degeneracy worse : 441 439 494 609 677 730 
SCL #err deg : 2811 / 8500
SCL #err weighted degeneracy : 2606 2605 2600 2684 2733 2755 
degeneracy helps : 648 647 710 743 762 795 
degeneracy worse : 443 441 499 616 684 739 
SCL #err deg : 2839 / 8600
SCL #err weighted degeneracy : 2630 2629 2624 2709 2759 2783 
degeneracy helps : 655 654 717 751 770 803 
degeneracy worse : 446 444 502 621 690 747 
SCL #err deg : 2868 / 8700
SCL #err weighted degeneracy : 2664 2663 2658 2744 2796 2820 
degeneracy helps : 657 656 720 756 775 808 
degeneracy worse : 453 451 510 632 703 760 
SCL #err deg : 2903 / 8800
SCL #err weighted degeneracy : 2700 2699 2692 2778 2833 2856 
degeneracy helps : 661 660 725 762 780 816 
degeneracy worse : 458 456 514 637 710 769 
SCL #err deg : 2936 / 8900
SCL #err weighted degeneracy : 2725 2724 2718 2804 2861 2885 
degeneracy helps : 673 672 736 774 792 828 
degeneracy worse : 462 460 518 642 717 777 
SCL #err deg : 2974 / 9000
SCL #err weighted degeneracy : 2760 2759 2754 2840 2897 2921 
degeneracy helps : 680 679 744 782 801 838 
degeneracy worse : 466 464 524 648 724 785 
SCL #err deg : 3002 / 9100
SCL #err weighted degeneracy : 2788 2787 2783 2872 2929 2954 
degeneracy helps : 684 683 749 787 806 844 
degeneracy worse : 470 468 530 657 733 796 
SCL #err deg : 3039 / 9200
SCL #err weighted degeneracy : 2823 2822 2820 2912 2970 2993 
degeneracy helps : 690 689 755 792 811 851 
degeneracy worse : 474 472 536 665 742 805 
SCL #err deg : 3071 / 9300
SCL #err weighted degeneracy : 2856 2855 2853 2946 3003 3025 
degeneracy helps : 697 696 763 801 820 860 
degeneracy worse : 482 480 545 676 752 814 
SCL #err deg : 3095 / 9400
SCL #err weighted degeneracy : 2877 2876 2876 2970 3025 3048 
degeneracy helps : 702 701 767 805 826 866 
degeneracy worse : 484 482 548 680 756 819 
SCL #err deg : 3130 / 9500
SCL #err weighted degeneracy : 2911 2910 2912 3007 3063 3087 
degeneracy helps : 708 707 772 812 833 873 
degeneracy worse : 489 487 554 689 766 830 
SCL #err deg : 3153 / 9600
SCL #err weighted degeneracy : 2933 2932 2936 3030 3087 3111 
degeneracy helps : 714 713 778 819 840 881 
degeneracy worse : 494 492 561 696 774 839 
SCL #err deg : 3180 / 9700
SCL #err weighted degeneracy : 2964 2963 2968 3063 3121 3144 
degeneracy helps : 719 718 782 824 846 888 
degeneracy worse : 503 501 570 707 787 852 
SCL #err deg : 3212 / 9800
SCL #err weighted degeneracy : 2989 2988 2993 3092 3150 3174 
degeneracy helps : 729 728 791 832 854 896 
degeneracy worse : 506 504 572 712 792 858 
SCL #err deg : 3244 / 9900
SCL #err weighted degeneracy : 3023 3022 3027 3122 3180 3207 
degeneracy helps : 735 734 797 841 864 905 
degeneracy worse : 514 512 580 719 800 868 
SCL #err deg : 3280 / 10000
SCL #err weighted degeneracy : 3050 3050 3054 3152 3214 3242 
degeneracy helps : 747 745 809 853 875 916 
degeneracy worse : 517 515 583 725 809 878 
average #flips: 27.8691
SCL #err considering degeneracy: 3280
error due to equal 868
error due to SCL smaller 2412
Finish in 2313 s
