Simulation Polar syndrome FASTER N=256, K=129, l=128, pz=0.12, #samples=10000
PW construction
SCL #err deg : 49 / 100
SCL #err weighted degeneracy : 40 40 44 44 43 44 
degeneracy helps : 13 13 12 13 14 14 
degeneracy worse : 4 4 7 8 8 9 
SCL #err deg : 100 / 200
SCL #err weighted degeneracy : 86 86 92 91 94 97 
degeneracy helps : 22 22 21 23 22 21 
degeneracy worse : 8 8 13 14 16 18 
SCL #err deg : 145 / 300
SCL #err weighted degeneracy : 131 131 138 139 142 148 
degeneracy helps : 28 28 27 29 29 28 
degeneracy worse : 14 14 20 23 26 31 
SCL #err deg : 195 / 400
SCL #err weighted degeneracy : 172 172 178 182 185 190 
degeneracy helps : 42 42 42 43 43 42 
degeneracy worse : 19 19 25 30 33 37 
SCL #err deg : 247 / 500
SCL #err weighted degeneracy : 216 217 222 226 229 236 
degeneracy helps : 54 53 55 58 58 56 
degeneracy worse : 23 23 30 37 40 45 
SCL #err deg : 289 / 600
SCL #err weighted degeneracy : 261 262 267 272 274 284 
degeneracy helps : 62 61 64 68 68 65 
degeneracy worse : 34 34 42 51 53 60 
SCL #err deg : 330 / 700
SCL #err weighted degeneracy : 303 304 307 310 313 325 
degeneracy helps : 67 66 70 76 75 71 
degeneracy worse : 40 40 47 56 58 66 
SCL #err deg : 375 / 800
SCL #err weighted degeneracy : 344 345 351 350 353 367 
degeneracy helps : 77 76 79 90 89 85 
degeneracy worse : 46 46 55 65 67 77 
SCL #err deg : 415 / 900
SCL #err weighted degeneracy : 388 389 395 397 402 417 
degeneracy helps : 81 80 83 94 93 89 
degeneracy worse : 54 54 63 76 80 91 
SCL #err deg : 455 / 1000
SCL #err weighted degeneracy : 427 428 436 440 450 466 
degeneracy helps : 88 87 90 100 97 93 
degeneracy worse : 60 60 71 85 92 104 
SCL #err deg : 492 / 1100
SCL #err weighted degeneracy : 472 473 480 483 494 509 
degeneracy helps : 93 92 96 108 105 101 
degeneracy worse : 73 73 84 99 107 118 
SCL #err deg : 542 / 1200
SCL #err weighted degeneracy : 521 522 528 533 546 561 
degeneracy helps : 100 99 106 118 114 110 
degeneracy worse : 79 79 92 109 118 129 
SCL #err deg : 594 / 1300
SCL #err weighted degeneracy : 566 567 572 579 590 604 
degeneracy helps : 111 110 119 130 128 125 
degeneracy worse : 83 83 97 115 124 135 
SCL #err deg : 633 / 1400
SCL #err weighted degeneracy : 599 600 606 614 625 639 
degeneracy helps : 123 122 133 144 143 140 
degeneracy worse : 89 89 106 125 135 146 
SCL #err deg : 680 / 1500
SCL #err weighted degeneracy : 642 642 648 659 672 686 
degeneracy helps : 132 132 144 155 155 153 
degeneracy worse : 94 94 112 134 147 159 
SCL #err deg : 729 / 1600
SCL #err weighted degeneracy : 688 688 695 704 722 734 
degeneracy helps : 139 139 152 166 165 165 
degeneracy worse : 98 98 118 141 158 170 
SCL #err deg : 784 / 1700
SCL #err weighted degeneracy : 735 735 744 752 771 787 
degeneracy helps : 154 154 167 182 181 177 
degeneracy worse : 105 105 127 150 168 180 
SCL #err deg : 838 / 1800
SCL #err weighted degeneracy : 781 781 789 795 815 832 
degeneracy helps : 166 166 181 198 197 193 
degeneracy worse : 109 109 132 155 174 187 
SCL #err deg : 881 / 1900
SCL #err weighted degeneracy : 823 823 832 839 859 878 
degeneracy helps : 174 174 189 207 207 202 
degeneracy worse : 116 116 140 165 185 199 
SCL #err deg : 917 / 2000
SCL #err weighted degeneracy : 860 860 868 880 901 918 
degeneracy helps : 182 182 198 218 217 213 
degeneracy worse : 125 125 149 181 201 214 
SCL #err deg : 962 / 2100
SCL #err weighted degeneracy : 908 908 917 932 954 972 
degeneracy helps : 187 187 204 223 222 217 
degeneracy worse : 133 133 159 193 214 227 
SCL #err deg : 1004 / 2200
SCL #err weighted degeneracy : 951 951 961 975 1000 1018 
degeneracy helps : 194 194 211 231 230 225 
degeneracy worse : 141 141 168 202 226 239 
SCL #err deg : 1045 / 2300
SCL #err weighted degeneracy : 990 990 998 1010 1035 1053 
degeneracy helps : 204 204 222 243 242 236 
degeneracy worse : 149 149 175 208 232 244 
SCL #err deg : 1086 / 2400
SCL #err weighted degeneracy : 1027 1028 1036 1047 1071 1090 
degeneracy helps : 215 214 232 253 253 247 
degeneracy worse : 156 156 182 214 238 251 
SCL #err deg : 1129 / 2500
SCL #err weighted degeneracy : 1069 1069 1076 1090 1114 1134 
degeneracy helps : 222 221 241 260 260 254 
degeneracy worse : 162 161 188 221 245 259 
SCL #err deg : 1170 / 2600
SCL #err weighted degeneracy : 1105 1105 1114 1130 1153 1175 
degeneracy helps : 231 230 250 269 269 261 
degeneracy worse : 166 165 194 229 252 266 
SCL #err deg : 1214 / 2700
SCL #err weighted degeneracy : 1151 1151 1159 1177 1200 1221 
degeneracy helps : 235 234 256 276 277 270 
degeneracy worse : 172 171 201 239 263 277 
SCL #err deg : 1258 / 2800
SCL #err weighted degeneracy : 1190 1190 1198 1217 1241 1261 
degeneracy helps : 247 246 269 289 290 284 
degeneracy worse : 179 178 209 248 273 287 
SCL #err deg : 1306 / 2900
SCL #err weighted degeneracy : 1234 1234 1241 1259 1283 1304 
degeneracy helps : 257 256 281 302 304 298 
degeneracy worse : 185 184 216 255 281 296 
SCL #err deg : 1348 / 3000
SCL #err weighted degeneracy : 1273 1272 1278 1300 1322 1344 
degeneracy helps : 266 266 292 313 316 311 
degeneracy worse : 191 190 222 265 290 307 
SCL #err deg : 1393 / 3100
SCL #err weighted degeneracy : 1314 1312 1317 1344 1365 1387 
degeneracy helps : 273 274 301 322 326 321 
degeneracy worse : 194 193 225 273 298 315 
SCL #err deg : 1444 / 3200
SCL #err weighted degeneracy : 1363 1361 1368 1395 1414 1436 
degeneracy helps : 282 283 311 334 340 336 
degeneracy worse : 201 200 235 285 310 328 
SCL #err deg : 1491 / 3300
SCL #err weighted degeneracy : 1405 1403 1411 1437 1456 1478 
degeneracy helps : 289 290 318 342 350 347 
degeneracy worse : 203 202 238 288 315 334 
SCL #err deg : 1537 / 3400
SCL #err weighted degeneracy : 1447 1445 1452 1475 1496 1519 
degeneracy helps : 302 303 331 358 366 363 
degeneracy worse : 212 211 246 296 325 345 
SCL #err deg : 1572 / 3500
SCL #err weighted degeneracy : 1482 1480 1489 1508 1530 1555 
degeneracy helps : 310 311 339 369 377 373 
degeneracy worse : 220 219 256 305 335 356 
SCL #err deg : 1605 / 3600
SCL #err weighted degeneracy : 1516 1514 1524 1544 1566 1592 
degeneracy helps : 317 318 347 379 387 384 
degeneracy worse : 228 227 266 318 348 371 
SCL #err deg : 1651 / 3700
SCL #err weighted degeneracy : 1561 1559 1568 1590 1612 1640 
degeneracy helps : 324 325 355 387 396 394 
degeneracy worse : 234 233 272 326 357 383 
SCL #err deg : 1692 / 3800
SCL #err weighted degeneracy : 1592 1590 1596 1619 1640 1670 
degeneracy helps : 338 339 372 403 413 410 
degeneracy worse : 238 237 276 330 361 388 
SCL #err deg : 1726 / 3900
SCL #err weighted degeneracy : 1621 1619 1627 1650 1673 1705 
degeneracy helps : 350 351 384 416 424 421 
degeneracy worse : 245 244 285 340 371 400 
SCL #err deg : 1770 / 4000
SCL #err weighted degeneracy : 1660 1658 1667 1692 1714 1746 
degeneracy helps : 362 363 394 426 435 433 
degeneracy worse : 252 251 291 348 379 409 
SCL #err deg : 1805 / 4100
SCL #err weighted degeneracy : 1695 1693 1701 1725 1751 1785 
degeneracy helps : 365 366 399 431 440 438 
degeneracy worse : 255 254 295 351 386 418 
SCL #err deg : 1844 / 4200
SCL #err weighted degeneracy : 1740 1738 1743 1769 1795 1828 
degeneracy helps : 371 372 408 439 448 447 
degeneracy worse : 267 266 307 364 399 431 
SCL #err deg : 1886 / 4300
SCL #err weighted degeneracy : 1780 1778 1784 1812 1839 1872 
degeneracy helps : 385 386 421 450 460 459 
degeneracy worse : 279 278 319 376 413 445 
SCL #err deg : 1935 / 4400
SCL #err weighted degeneracy : 1824 1822 1828 1855 1882 1915 
degeneracy helps : 396 397 433 464 474 473 
degeneracy worse : 285 284 326 384 421 453 
SCL #err deg : 1976 / 4500
SCL #err weighted degeneracy : 1866 1864 1868 1896 1925 1959 
degeneracy helps : 405 406 444 475 485 482 
degeneracy worse : 295 294 336 395 434 465 
SCL #err deg : 2021 / 4600
SCL #err weighted degeneracy : 1910 1908 1916 1945 1976 2014 
degeneracy helps : 418 419 456 486 495 492 
degeneracy worse : 307 306 351 410 450 485 
SCL #err deg : 2055 / 4700
SCL #err weighted degeneracy : 1940 1938 1948 1980 2010 2049 
degeneracy helps : 424 425 460 490 500 498 
degeneracy worse : 309 308 353 415 455 492 
SCL #err deg : 2095 / 4800
SCL #err weighted degeneracy : 1973 1971 1982 2014 2046 2085 
degeneracy helps : 437 438 473 504 515 513 
degeneracy worse : 315 314 360 423 466 503 
SCL #err deg : 2140 / 4900
SCL #err weighted degeneracy : 2011 2009 2021 2057 2091 2131 
degeneracy helps : 450 451 486 516 527 525 
degeneracy worse : 321 320 367 433 478 516 
SCL #err deg : 2189 / 5000
SCL #err weighted degeneracy : 2056 2055 2066 2103 2138 2178 
degeneracy helps : 457 457 495 528 538 536 
degeneracy worse : 324 323 372 442 487 525 
SCL #err deg : 2239 / 5100
SCL #err weighted degeneracy : 2101 2100 2110 2145 2178 2217 
degeneracy helps : 466 466 506 542 554 553 
degeneracy worse : 328 327 377 448 493 531 
SCL #err deg : 2291 / 5200
SCL #err weighted degeneracy : 2155 2153 2163 2199 2232 2269 
degeneracy helps : 476 476 516 551 563 564 
degeneracy worse : 340 338 388 459 504 542 
SCL #err deg : 2326 / 5300
SCL #err weighted degeneracy : 2189 2187 2196 2235 2268 2303 
degeneracy helps : 483 483 524 558 570 573 
degeneracy worse : 346 344 394 467 512 550 
SCL #err deg : 2362 / 5400
SCL #err weighted degeneracy : 2228 2226 2237 2279 2313 2349 
degeneracy helps : 492 492 533 567 579 582 
degeneracy worse : 358 356 408 484 530 569 
SCL #err deg : 2409 / 5500
SCL #err weighted degeneracy : 2271 2269 2281 2325 2359 2394 
degeneracy helps : 504 504 545 579 591 596 
degeneracy worse : 366 364 417 495 541 581 
SCL #err deg : 2447 / 5600
SCL #err weighted degeneracy : 2305 2303 2318 2364 2398 2434 
degeneracy helps : 514 514 554 588 600 605 
degeneracy worse : 372 370 425 505 551 592 
SCL #err deg : 2496 / 5700
SCL #err weighted degeneracy : 2347 2345 2362 2409 2445 2481 
degeneracy helps : 526 526 565 598 611 617 
degeneracy worse : 377 375 431 511 560 602 
SCL #err deg : 2543 / 5800
SCL #err weighted degeneracy : 2390 2387 2405 2453 2492 2528 
degeneracy helps : 536 536 575 609 621 627 
degeneracy worse : 383 380 437 519 570 612 
SCL #err deg : 2587 / 5900
SCL #err weighted degeneracy : 2430 2427 2446 2495 2536 2572 
degeneracy helps : 543 543 583 617 627 634 
degeneracy worse : 386 383 442 525 576 619 
SCL #err deg : 2640 / 6000
SCL #err weighted degeneracy : 2478 2475 2492 2537 2581 2620 
degeneracy helps : 553 553 596 633 641 647 
degeneracy worse : 391 388 448 530 582 627 
SCL #err deg : 2684 / 6100
SCL #err weighted degeneracy : 2514 2511 2525 2569 2613 2652 
degeneracy helps : 563 563 609 648 656 663 
degeneracy worse : 393 390 450 533 585 631 
SCL #err deg : 2734 / 6200
SCL #err weighted degeneracy : 2565 2561 2576 2620 2666 2703 
degeneracy helps : 568 569 614 656 665 674 
degeneracy worse : 399 396 456 542 597 643 
SCL #err deg : 2766 / 6300
SCL #err weighted degeneracy : 2600 2596 2611 2653 2702 2740 
degeneracy helps : 574 575 620 663 672 681 
degeneracy worse : 408 405 465 550 608 655 
SCL #err deg : 2811 / 6400
SCL #err weighted degeneracy : 2642 2639 2655 2697 2746 2783 
degeneracy helps : 584 584 630 674 683 693 
degeneracy worse : 415 412 474 560 618 665 
SCL #err deg : 2857 / 6500
SCL #err weighted degeneracy : 2684 2681 2697 2735 2784 2819 
degeneracy helps : 596 596 641 689 699 708 
degeneracy worse : 423 420 481 567 626 670 
SCL #err deg : 2897 / 6600
SCL #err weighted degeneracy : 2724 2721 2736 2775 2826 2861 
degeneracy helps : 604 604 650 699 708 717 
degeneracy worse : 431 428 489 577 637 681 
SCL #err deg : 2950 / 6700
SCL #err weighted degeneracy : 2773 2770 2786 2822 2875 2911 
degeneracy helps : 617 617 662 714 722 731 
degeneracy worse : 440 437 498 586 647 692 
SCL #err deg : 2991 / 6800
SCL #err weighted degeneracy : 2804 2801 2819 2855 2909 2947 
degeneracy helps : 631 631 676 728 736 744 
degeneracy worse : 444 441 504 592 654 700 
SCL #err deg : 3033 / 6900
SCL #err weighted degeneracy : 2853 2850 2868 2900 2958 2993 
degeneracy helps : 636 636 682 736 743 755 
degeneracy worse : 456 453 517 603 668 715 
SCL #err deg : 3071 / 7000
SCL #err weighted degeneracy : 2891 2888 2905 2940 2999 3032 
degeneracy helps : 642 642 690 744 751 765 
degeneracy worse : 462 459 524 613 679 726 
SCL #err deg : 3112 / 7100
SCL #err weighted degeneracy : 2925 2922 2941 2977 3036 3070 
degeneracy helps : 652 652 701 755 763 779 
degeneracy worse : 465 462 530 620 687 737 
SCL #err deg : 3159 / 7200
SCL #err weighted degeneracy : 2968 2965 2984 3021 3079 3116 
degeneracy helps : 661 661 711 767 776 791 
degeneracy worse : 470 467 536 629 696 748 
SCL #err deg : 3202 / 7300
SCL #err weighted degeneracy : 3013 3010 3027 3065 3123 3160 
degeneracy helps : 667 667 719 776 787 803 
degeneracy worse : 478 475 544 639 708 761 
SCL #err deg : 3236 / 7400
SCL #err weighted degeneracy : 3050 3047 3067 3104 3164 3202 
degeneracy helps : 673 673 724 781 793 809 
degeneracy worse : 487 484 555 649 721 775 
SCL #err deg : 3279 / 7500
SCL #err weighted degeneracy : 3088 3085 3105 3143 3204 3242 
degeneracy helps : 683 683 734 793 805 823 
degeneracy worse : 492 489 560 657 730 786 
SCL #err deg : 3319 / 7600
SCL #err weighted degeneracy : 3122 3119 3140 3181 3244 3282 
degeneracy helps : 698 698 749 804 815 833 
degeneracy worse : 501 498 570 666 740 796 
SCL #err deg : 3369 / 7700
SCL #err weighted degeneracy : 3167 3164 3183 3225 3290 3324 
degeneracy helps : 711 711 763 818 829 850 
degeneracy worse : 509 506 577 674 750 805 
SCL #err deg : 3415 / 7800
SCL #err weighted degeneracy : 3201 3198 3218 3259 3325 3357 
degeneracy helps : 726 726 777 834 845 868 
degeneracy worse : 512 509 580 678 755 810 
SCL #err deg : 3467 / 7900
SCL #err weighted degeneracy : 3249 3246 3265 3306 3373 3406 
degeneracy helps : 735 735 788 848 860 883 
degeneracy worse : 517 514 586 687 766 822 
SCL #err deg : 3511 / 8000
SCL #err weighted degeneracy : 3294 3291 3310 3348 3415 3451 
degeneracy helps : 741 741 797 861 873 894 
degeneracy worse : 524 521 596 698 777 834 
SCL #err deg : 3550 / 8100
SCL #err weighted degeneracy : 3333 3330 3349 3387 3456 3492 
degeneracy helps : 746 746 802 869 881 903 
degeneracy worse : 529 526 601 706 787 845 
SCL #err deg : 3592 / 8200
SCL #err weighted degeneracy : 3372 3368 3385 3425 3499 3536 
degeneracy helps : 757 757 815 882 890 914 
degeneracy worse : 537 533 608 715 797 858 
SCL #err deg : 3634 / 8300
SCL #err weighted degeneracy : 3415 3411 3427 3463 3536 3571 
degeneracy helps : 764 764 823 893 902 928 
degeneracy worse : 545 541 616 722 804 865 
SCL #err deg : 3685 / 8400
SCL #err weighted degeneracy : 3458 3454 3472 3506 3580 3615 
degeneracy helps : 777 777 835 907 917 943 
degeneracy worse : 550 546 622 728 812 873 
SCL #err deg : 3732 / 8500
SCL #err weighted degeneracy : 3508 3504 3522 3556 3629 3665 
degeneracy helps : 785 785 843 917 928 953 
degeneracy worse : 561 557 633 741 825 886 
SCL #err deg : 3780 / 8600
SCL #err weighted degeneracy : 3555 3551 3565 3600 3672 3706 
degeneracy helps : 796 796 856 931 942 969 
degeneracy worse : 571 567 641 751 834 895 
SCL #err deg : 3825 / 8700
SCL #err weighted degeneracy : 3594 3590 3605 3640 3712 3746 
degeneracy helps : 807 807 866 942 954 982 
degeneracy worse : 576 572 646 757 841 903 
SCL #err deg : 3867 / 8800
SCL #err weighted degeneracy : 3636 3632 3646 3681 3754 3787 
degeneracy helps : 813 813 874 950 963 991 
degeneracy worse : 582 578 653 764 850 911 
SCL #err deg : 3917 / 8900
SCL #err weighted degeneracy : 3690 3686 3698 3732 3807 3840 
degeneracy helps : 818 818 882 959 971 998 
degeneracy worse : 591 587 663 774 861 921 
SCL #err deg : 3959 / 9000
SCL #err weighted degeneracy : 3727 3723 3736 3771 3847 3881 
degeneracy helps : 825 825 889 966 979 1006 
degeneracy worse : 593 589 666 778 867 928 
SCL #err deg : 3997 / 9100
SCL #err weighted degeneracy : 3762 3758 3770 3803 3879 3913 
degeneracy helps : 834 834 900 979 993 1020 
degeneracy worse : 599 595 673 785 875 936 
SCL #err deg : 4043 / 9200
SCL #err weighted degeneracy : 3806 3802 3813 3846 3924 3962 
degeneracy helps : 844 844 914 993 1008 1033 
degeneracy worse : 607 603 684 796 889 952 
SCL #err deg : 4089 / 9300
SCL #err weighted degeneracy : 3853 3849 3859 3891 3968 4008 
degeneracy helps : 852 852 922 1004 1020 1044 
degeneracy worse : 616 612 692 806 899 963 
SCL #err deg : 4131 / 9400
SCL #err weighted degeneracy : 3898 3894 3904 3938 4015 4055 
degeneracy helps : 859 859 929 1011 1028 1052 
degeneracy worse : 626 622 702 818 912 976 
SCL #err deg : 4179 / 9500
SCL #err weighted degeneracy : 3946 3942 3951 3985 4063 4103 
degeneracy helps : 866 866 938 1023 1040 1065 
degeneracy worse : 633 629 710 829 924 989 
SCL #err deg : 4226 / 9600
SCL #err weighted degeneracy : 3998 3994 4003 4037 4114 4154 
degeneracy helps : 873 873 945 1032 1050 1074 
degeneracy worse : 645 641 722 843 938 1002 
SCL #err deg : 4270 / 9700
SCL #err weighted degeneracy : 4038 4035 4044 4079 4157 4195 
degeneracy helps : 882 881 954 1042 1062 1087 
degeneracy worse : 650 646 728 851 949 1012 
SCL #err deg : 4306 / 9800
SCL #err weighted degeneracy : 4075 4072 4077 4109 4188 4228 
degeneracy helps : 889 888 966 1058 1078 1103 
degeneracy worse : 658 654 737 861 960 1025 
SCL #err deg : 4346 / 9900
SCL #err weighted degeneracy : 4113 4110 4114 4147 4225 4267 
degeneracy helps : 895 894 973 1066 1088 1112 
degeneracy worse : 662 658 741 867 967 1033 
SCL #err deg : 4385 / 10000
SCL #err weighted degeneracy : 4148 4145 4147 4180 4258 4300 
degeneracy helps : 903 902 985 1079 1101 1125 
degeneracy worse : 666 662 747 874 974 1040 
average #flips: 30.6936
SCL #err considering degeneracy: 4385
error due to equal 696
error due to SCL smaller 3689
Finish in 2318 s
