Simulation Polar syndrome FASTER N=2048, K=1025, l=128, pz=0.14, #samples=10000, seed=197
PW construction
Event generator random seed: 197
SCL #err deg : 71 / 100
SCL #err weighted degeneracy : 69 68 69 72 71 73 
degeneracy helps : 6 7 6 4 4 3 
degeneracy worse : 4 4 4 5 4 5 
SCL #err deg : 141 / 200
SCL #err weighted degeneracy : 140 140 141 145 143 147 
degeneracy helps : 8 9 7 5 5 4 
degeneracy worse : 7 8 7 9 7 10 
SCL #err deg : 212 / 300
SCL #err weighted degeneracy : 207 208 209 214 212 217 
degeneracy helps : 14 15 13 11 10 9 
degeneracy worse : 9 11 10 13 10 14 
SCL #err deg : 291 / 400
SCL #err weighted degeneracy : 285 286 285 291 289 293 
degeneracy helps : 17 18 17 15 14 13 
degeneracy worse : 11 13 11 15 12 15 
SCL #err deg : 370 / 500
SCL #err weighted degeneracy : 363 363 360 367 364 367 
degeneracy helps : 21 22 24 22 22 21 
degeneracy worse : 14 15 14 19 16 18 
SCL #err deg : 445 / 600
SCL #err weighted degeneracy : 439 439 436 442 439 443 
degeneracy helps : 25 26 29 28 28 27 
degeneracy worse : 19 20 20 25 22 25 
SCL #err deg : 518 / 700
SCL #err weighted degeneracy : 511 509 509 514 510 514 
degeneracy helps : 31 32 34 33 34 32 
degeneracy worse : 24 23 25 29 26 28 
SCL #err deg : 597 / 800
SCL #err weighted degeneracy : 589 587 587 592 589 596 
degeneracy helps : 35 36 38 37 38 34 
degeneracy worse : 27 26 28 32 30 33 
SCL #err deg : 673 / 900
SCL #err weighted degeneracy : 665 662 662 667 664 671 
degeneracy helps : 39 41 43 42 43 39 
degeneracy worse : 31 30 32 36 34 37 
SCL #err deg : 748 / 1000
SCL #err weighted degeneracy : 740 737 738 744 741 747 
degeneracy helps : 41 43 45 44 44 41 
degeneracy worse : 33 32 35 40 37 40 
SCL #err deg : 829 / 1100
SCL #err weighted degeneracy : 817 815 815 820 818 823 
degeneracy helps : 48 50 52 52 51 49 
degeneracy worse : 36 36 38 43 40 43 
SCL #err deg : 902 / 1200
SCL #err weighted degeneracy : 883 881 881 887 886 891 
degeneracy helps : 55 57 59 58 56 54 
degeneracy worse : 36 36 38 43 40 43 
SCL #err deg : 977 / 1300
SCL #err weighted degeneracy : 962 959 959 966 965 970 
degeneracy helps : 57 59 61 60 58 56 
degeneracy worse : 42 41 43 49 46 49 
SCL #err deg : 1056 / 1400
SCL #err weighted degeneracy : 1039 1035 1036 1043 1042 1047 
degeneracy helps : 59 62 63 62 60 58 
degeneracy worse : 42 41 43 49 46 49 
SCL #err deg : 1125 / 1500
SCL #err weighted degeneracy : 1110 1106 1105 1110 1108 1112 
degeneracy helps : 62 65 67 68 66 64 
degeneracy worse : 47 46 47 53 49 51 
SCL #err deg : 1205 / 1600
SCL #err weighted degeneracy : 1190 1186 1184 1188 1185 1188 
degeneracy helps : 65 68 71 73 71 70 
degeneracy worse : 50 49 50 56 51 53 
SCL #err deg : 1278 / 1700
SCL #err weighted degeneracy : 1262 1258 1256 1260 1257 1259 
degeneracy helps : 68 71 74 76 74 74 
degeneracy worse : 52 51 52 58 53 55 
SCL #err deg : 1352 / 1800
SCL #err weighted degeneracy : 1336 1331 1329 1332 1330 1330 
degeneracy helps : 70 74 76 80 79 81 
degeneracy worse : 54 53 53 60 57 59 
SCL #err deg : 1422 / 1900
SCL #err weighted degeneracy : 1408 1403 1402 1404 1400 1401 
degeneracy helps : 73 77 79 84 83 84 
degeneracy worse : 59 58 59 66 61 63 
SCL #err deg : 1495 / 2000
SCL #err weighted degeneracy : 1485 1480 1478 1477 1472 1473 
degeneracy helps : 74 78 80 86 86 87 
degeneracy worse : 64 63 63 68 63 65 
SCL #err deg : 1569 / 2100
SCL #err weighted degeneracy : 1557 1552 1551 1552 1547 1547 
degeneracy helps : 78 82 84 89 89 90 
degeneracy worse : 66 65 66 72 67 68 
SCL #err deg : 1643 / 2200
SCL #err weighted degeneracy : 1629 1625 1624 1623 1620 1621 
degeneracy helps : 83 87 89 96 95 96 
degeneracy worse : 69 69 70 76 72 74 
SCL #err deg : 1716 / 2300
SCL #err weighted degeneracy : 1699 1695 1693 1693 1691 1693 
degeneracy helps : 90 94 96 102 101 102 
degeneracy worse : 73 73 73 79 76 79 
SCL #err deg : 1783 / 2400
SCL #err weighted degeneracy : 1768 1766 1761 1759 1756 1759 
degeneracy helps : 96 98 103 108 107 107 
degeneracy worse : 81 81 81 84 80 83 
SCL #err deg : 1865 / 2500
SCL #err weighted degeneracy : 1846 1845 1838 1836 1834 1838 
degeneracy helps : 103 105 111 117 114 113 
degeneracy worse : 84 85 84 88 83 86 
SCL #err deg : 1946 / 2600
SCL #err weighted degeneracy : 1919 1920 1910 1909 1909 1914 
degeneracy helps : 113 113 122 128 124 122 
degeneracy worse : 86 87 86 91 87 90 
SCL #err deg : 2016 / 2700
SCL #err weighted degeneracy : 1992 1993 1985 1984 1984 1988 
degeneracy helps : 118 117 127 132 128 126 
degeneracy worse : 94 94 96 100 96 98 
SCL #err deg : 2085 / 2800
SCL #err weighted degeneracy : 2059 2060 2052 2053 2054 2058 
degeneracy helps : 123 122 133 137 133 130 
degeneracy worse : 97 97 100 105 102 103 
SCL #err deg : 2162 / 2900
SCL #err weighted degeneracy : 2136 2136 2129 2132 2133 2135 
degeneracy helps : 129 129 139 142 137 135 
degeneracy worse : 103 103 106 112 108 108 
SCL #err deg : 2232 / 3000
SCL #err weighted degeneracy : 2209 2209 2203 2207 2208 2209 
degeneracy helps : 132 132 142 145 139 137 
degeneracy worse : 109 109 113 120 115 114 
SCL #err deg : 2314 / 3100
SCL #err weighted degeneracy : 2287 2288 2282 2285 2288 2290 
degeneracy helps : 140 140 150 153 145 142 
degeneracy worse : 113 114 118 124 119 118 
SCL #err deg : 2386 / 3200
SCL #err weighted degeneracy : 2362 2363 2357 2359 2362 2364 
degeneracy helps : 144 144 154 156 148 145 
degeneracy worse : 120 121 125 129 124 123 
SCL #err deg : 2465 / 3300
SCL #err weighted degeneracy : 2443 2442 2438 2440 2442 2442 
degeneracy helps : 146 148 157 159 152 148 
degeneracy worse : 124 125 130 134 129 125 
SCL #err deg : 2535 / 3400
SCL #err weighted degeneracy : 2514 2513 2510 2512 2514 2515 
degeneracy helps : 148 150 158 159 152 148 
degeneracy worse : 127 128 133 136 131 128 
SCL #err deg : 2604 / 3500
SCL #err weighted degeneracy : 2585 2584 2582 2583 2583 2583 
degeneracy helps : 151 153 160 162 157 154 
degeneracy worse : 132 133 138 141 136 133 
SCL #err deg : 2682 / 3600
SCL #err weighted degeneracy : 2667 2666 2662 2662 2661 2661 
degeneracy helps : 151 153 161 164 159 156 
degeneracy worse : 136 137 141 144 138 135 
SCL #err deg : 2755 / 3700
SCL #err weighted degeneracy : 2741 2740 2735 2733 2732 2731 
degeneracy helps : 154 156 165 169 164 162 
degeneracy worse : 140 141 145 147 141 138 
SCL #err deg : 2833 / 3800
SCL #err weighted degeneracy : 2821 2819 2813 2812 2809 2806 
degeneracy helps : 156 158 169 172 168 168 
degeneracy worse : 144 144 149 151 144 141 
SCL #err deg : 2913 / 3900
SCL #err weighted degeneracy : 2898 2896 2891 2891 2888 2885 
degeneracy helps : 161 163 174 176 172 172 
degeneracy worse : 146 146 152 154 147 144 
SCL #err deg : 2985 / 4000
SCL #err weighted degeneracy : 2977 2976 2971 2970 2967 2963 
degeneracy helps : 162 164 175 177 173 174 
degeneracy worse : 154 155 161 162 155 152 
SCL #err deg : 3060 / 4100
SCL #err weighted degeneracy : 3051 3051 3044 3043 3040 3036 
degeneracy helps : 166 167 180 182 177 178 
degeneracy worse : 157 158 164 165 157 154 
SCL #err deg : 3140 / 4200
SCL #err weighted degeneracy : 3128 3129 3123 3124 3121 3116 
degeneracy helps : 171 171 185 186 181 182 
degeneracy worse : 159 160 168 170 162 158 
SCL #err deg : 3206 / 4300
SCL #err weighted degeneracy : 3194 3195 3188 3190 3186 3180 
degeneracy helps : 177 177 191 192 187 188 
degeneracy worse : 165 166 173 176 167 162 
SCL #err deg : 3287 / 4400
SCL #err weighted degeneracy : 3275 3276 3269 3273 3269 3261 
degeneracy helps : 181 181 195 195 190 193 
degeneracy worse : 169 170 177 181 172 167 
SCL #err deg : 3360 / 4500
SCL #err weighted degeneracy : 3349 3350 3343 3346 3342 3333 
degeneracy helps : 183 183 197 197 192 196 
degeneracy worse : 172 173 180 183 174 169 
SCL #err deg : 3436 / 4600
SCL #err weighted degeneracy : 3426 3427 3421 3423 3419 3409 
degeneracy helps : 188 188 202 202 197 201 
degeneracy worse : 178 179 187 189 180 174 
SCL #err deg : 3515 / 4700
SCL #err weighted degeneracy : 3499 3499 3493 3498 3494 3483 
degeneracy helps : 196 197 210 208 203 207 
degeneracy worse : 180 181 188 191 182 175 
SCL #err deg : 3588 / 4800
SCL #err weighted degeneracy : 3574 3573 3568 3574 3569 3556 
degeneracy helps : 199 201 213 211 207 212 
degeneracy worse : 185 186 193 197 188 180 
SCL #err deg : 3665 / 4900
SCL #err weighted degeneracy : 3648 3647 3642 3649 3644 3631 
degeneracy helps : 203 205 218 215 211 216 
degeneracy worse : 186 187 195 199 190 182 
SCL #err deg : 3745 / 5000
SCL #err weighted degeneracy : 3729 3729 3724 3730 3725 3713 
degeneracy helps : 207 208 221 218 214 219 
degeneracy worse : 191 192 200 203 194 187 
SCL #err deg : 3820 / 5100
SCL #err weighted degeneracy : 3803 3803 3800 3803 3798 3786 
degeneracy helps : 210 211 224 222 218 223 
degeneracy worse : 193 194 204 205 196 189 
SCL #err deg : 3898 / 5200
SCL #err weighted degeneracy : 3879 3879 3877 3880 3874 3862 
degeneracy helps : 214 215 228 226 223 229 
degeneracy worse : 195 196 207 208 199 193 
SCL #err deg : 3972 / 5300
SCL #err weighted degeneracy : 3952 3952 3952 3955 3950 3940 
degeneracy helps : 221 222 234 232 229 234 
degeneracy worse : 201 202 214 215 207 202 
SCL #err deg : 4047 / 5400
SCL #err weighted degeneracy : 4026 4026 4027 4032 4027 4017 
degeneracy helps : 226 227 238 234 231 236 
degeneracy worse : 205 206 218 219 211 206 
SCL #err deg : 4126 / 5500
SCL #err weighted degeneracy : 4101 4102 4101 4106 4102 4091 
degeneracy helps : 232 233 245 241 237 242 
degeneracy worse : 207 209 220 221 213 207 
SCL #err deg : 4196 / 5600
SCL #err weighted degeneracy : 4167 4168 4167 4173 4169 4157 
degeneracy helps : 239 240 252 248 244 249 
degeneracy worse : 210 212 223 225 217 210 
SCL #err deg : 4275 / 5700
SCL #err weighted degeneracy : 4246 4246 4244 4250 4245 4233 
degeneracy helps : 242 244 257 253 250 255 
degeneracy worse : 213 215 226 228 220 213 
SCL #err deg : 4347 / 5800
SCL #err weighted degeneracy : 4318 4318 4315 4320 4315 4303 
degeneracy helps : 244 246 260 257 255 260 
degeneracy worse : 215 217 228 230 223 216 
SCL #err deg : 4423 / 5900
SCL #err weighted degeneracy : 4392 4392 4391 4395 4389 4377 
degeneracy helps : 251 253 266 263 262 266 
degeneracy worse : 220 222 234 235 228 220 
SCL #err deg : 4496 / 6000
SCL #err weighted degeneracy : 4467 4466 4465 4468 4463 4450 
degeneracy helps : 255 257 271 269 267 271 
degeneracy worse : 226 227 240 241 234 225 
SCL #err deg : 4569 / 6100
SCL #err weighted degeneracy : 4542 4541 4540 4542 4537 4523 
degeneracy helps : 257 259 273 272 270 275 
degeneracy worse : 230 231 244 245 238 229 
SCL #err deg : 4642 / 6200
SCL #err weighted degeneracy : 4615 4614 4613 4613 4607 4593 
degeneracy helps : 260 262 276 276 275 280 
degeneracy worse : 233 234 247 247 240 231 
SCL #err deg : 4715 / 6300
SCL #err weighted degeneracy : 4686 4685 4684 4685 4678 4662 
degeneracy helps : 268 270 283 282 282 288 
degeneracy worse : 239 240 252 252 245 235 
SCL #err deg : 4788 / 6400
SCL #err weighted degeneracy : 4762 4760 4760 4760 4753 4736 
degeneracy helps : 270 273 285 285 286 292 
degeneracy worse : 244 245 257 257 251 240 
SCL #err deg : 4867 / 6500
SCL #err weighted degeneracy : 4839 4837 4838 4839 4831 4814 
degeneracy helps : 276 279 291 290 292 298 
degeneracy worse : 248 249 262 262 256 245 
SCL #err deg : 4942 / 6600
SCL #err weighted degeneracy : 4916 4914 4914 4915 4906 4887 
degeneracy helps : 283 285 298 296 299 305 
degeneracy worse : 257 257 270 269 263 250 
SCL #err deg : 5013 / 6700
SCL #err weighted degeneracy : 4988 4986 4987 4989 4981 4960 
degeneracy helps : 286 288 301 300 302 310 
degeneracy worse : 261 261 275 276 270 257 
SCL #err deg : 5092 / 6800
SCL #err weighted degeneracy : 5065 5063 5062 5065 5058 5037 
degeneracy helps : 289 291 305 303 305 313 
degeneracy worse : 262 262 275 276 271 258 
SCL #err deg : 5167 / 6900
SCL #err weighted degeneracy : 5140 5139 5137 5139 5130 5109 
degeneracy helps : 293 294 309 308 312 320 
degeneracy worse : 266 266 279 280 275 262 
SCL #err deg : 5241 / 7000
SCL #err weighted degeneracy : 5214 5213 5211 5212 5203 5182 
degeneracy helps : 296 297 313 312 316 324 
degeneracy worse : 269 269 283 283 278 265 
SCL #err deg : 5312 / 7100
SCL #err weighted degeneracy : 5287 5287 5283 5282 5272 5252 
degeneracy helps : 299 299 317 316 320 327 
degeneracy worse : 274 274 288 286 280 267 
SCL #err deg : 5386 / 7200
SCL #err weighted degeneracy : 5359 5359 5357 5357 5347 5326 
degeneracy helps : 304 304 322 320 324 331 
degeneracy worse : 277 277 293 291 285 271 
SCL #err deg : 5448 / 7300
SCL #err weighted degeneracy : 5424 5423 5422 5421 5408 5387 
degeneracy helps : 308 308 326 325 330 337 
degeneracy worse : 284 283 300 298 290 276 
SCL #err deg : 5521 / 7400
SCL #err weighted degeneracy : 5493 5492 5493 5490 5477 5456 
degeneracy helps : 314 314 331 331 336 343 
degeneracy worse : 286 285 303 300 292 278 
SCL #err deg : 5597 / 7500
SCL #err weighted degeneracy : 5566 5565 5566 5563 5549 5529 
degeneracy helps : 320 320 337 337 342 349 
degeneracy worse : 289 288 306 303 294 281 
SCL #err deg : 5673 / 7600
SCL #err weighted degeneracy : 5641 5641 5641 5637 5625 5604 
degeneracy helps : 326 325 343 344 347 354 
degeneracy worse : 294 293 311 308 299 285 
SCL #err deg : 5741 / 7700
SCL #err weighted degeneracy : 5712 5713 5714 5710 5696 5673 
degeneracy helps : 329 327 346 347 352 360 
degeneracy worse : 300 299 319 316 307 292 
SCL #err deg : 5809 / 7800
SCL #err weighted degeneracy : 5782 5783 5784 5777 5764 5741 
degeneracy helps : 332 330 350 354 359 367 
degeneracy worse : 305 304 325 322 314 299 
SCL #err deg : 5885 / 7900
SCL #err weighted degeneracy : 5860 5861 5862 5855 5841 5818 
degeneracy helps : 337 335 355 359 364 372 
degeneracy worse : 312 311 332 329 320 305 
SCL #err deg : 5953 / 8000
SCL #err weighted degeneracy : 5929 5930 5931 5927 5912 5890 
degeneracy helps : 342 340 359 362 367 375 
degeneracy worse : 318 317 337 336 326 312 
SCL #err deg : 6029 / 8100
SCL #err weighted degeneracy : 6002 6004 6004 6000 5984 5962 
degeneracy helps : 347 344 364 368 374 382 
degeneracy worse : 320 319 339 339 329 315 
SCL #err deg : 6101 / 8200
SCL #err weighted degeneracy : 6073 6075 6075 6072 6056 6034 
degeneracy helps : 351 348 368 372 378 386 
degeneracy worse : 323 322 342 343 333 319 
SCL #err deg : 6169 / 8300
SCL #err weighted degeneracy : 6142 6145 6146 6146 6130 6108 
degeneracy helps : 357 353 374 376 382 390 
degeneracy worse : 330 329 351 353 343 329 
SCL #err deg : 6244 / 8400
SCL #err weighted degeneracy : 6211 6216 6216 6217 6203 6182 
degeneracy helps : 364 359 381 383 388 395 
degeneracy worse : 331 331 353 356 347 333 
SCL #err deg : 6310 / 8500
SCL #err weighted degeneracy : 6279 6283 6286 6287 6270 6248 
degeneracy helps : 367 362 384 386 392 400 
degeneracy worse : 336 335 360 363 352 338 
SCL #err deg : 6378 / 8600
SCL #err weighted degeneracy : 6348 6351 6355 6356 6337 6313 
degeneracy helps : 373 369 391 392 399 407 
degeneracy worse : 343 342 368 370 358 342 
SCL #err deg : 6452 / 8700
SCL #err weighted degeneracy : 6424 6427 6429 6430 6412 6388 
degeneracy helps : 374 370 394 396 403 411 
degeneracy worse : 346 345 371 374 363 347 
SCL #err deg : 6526 / 8800
SCL #err weighted degeneracy : 6497 6500 6503 6503 6486 6462 
degeneracy helps : 377 373 396 399 405 413 
degeneracy worse : 348 347 373 376 365 349 
SCL #err deg : 6596 / 8900
SCL #err weighted degeneracy : 6564 6567 6570 6570 6553 6528 
degeneracy helps : 383 379 401 404 410 419 
degeneracy worse : 351 350 375 378 367 351 
SCL #err deg : 6669 / 9000
SCL #err weighted degeneracy : 6637 6639 6644 6644 6627 6603 
degeneracy helps : 388 384 406 409 415 423 
degeneracy worse : 356 354 381 384 373 357 
SCL #err deg : 6742 / 9100
SCL #err weighted degeneracy : 6710 6712 6719 6719 6701 6677 
degeneracy helps : 393 389 411 414 420 428 
degeneracy worse : 361 359 388 391 379 363 
SCL #err deg : 6818 / 9200
SCL #err weighted degeneracy : 6785 6789 6795 6801 6782 6758 
degeneracy helps : 396 391 414 415 422 430 
degeneracy worse : 363 362 391 398 386 370 
SCL #err deg : 6892 / 9300
SCL #err weighted degeneracy : 6861 6865 6872 6878 6859 6836 
degeneracy helps : 400 395 418 419 426 434 
degeneracy worse : 369 368 398 405 393 378 
SCL #err deg : 6961 / 9400
SCL #err weighted degeneracy : 6930 6936 6939 6946 6926 6903 
degeneracy helps : 404 399 422 423 430 438 
degeneracy worse : 373 374 400 408 395 380 
SCL #err deg : 7040 / 9500
SCL #err weighted degeneracy : 7008 7014 7019 7025 7006 6984 
degeneracy helps : 409 403 426 427 433 441 
degeneracy worse : 377 377 405 412 399 385 
SCL #err deg : 7113 / 9600
SCL #err weighted degeneracy : 7080 7086 7090 7096 7078 7055 
degeneracy helps : 413 407 430 431 436 444 
degeneracy worse : 380 380 407 414 401 386 
SCL #err deg : 7186 / 9700
SCL #err weighted degeneracy : 7151 7158 7162 7166 7150 7128 
degeneracy helps : 418 412 435 437 440 447 
degeneracy worse : 383 384 411 417 404 389 
SCL #err deg : 7260 / 9800
SCL #err weighted degeneracy : 7220 7228 7231 7237 7221 7200 
degeneracy helps : 426 420 443 444 446 452 
degeneracy worse : 386 388 414 421 407 392 
SCL #err deg : 7338 / 9900
SCL #err weighted degeneracy : 7304 7312 7313 7319 7304 7282 
degeneracy helps : 428 422 446 447 449 455 
degeneracy worse : 394 396 421 428 415 399 
SCL #err deg : 7410 / 10000
SCL #err weighted degeneracy : 7375 7383 7383 7388 7373 7351 
degeneracy helps : 433 427 451 454 456 462 
degeneracy worse : 398 400 424 432 419 403 
average #flips: 286.648
SCL #err considering degeneracy: 7410
error due to equal 0
error due to SCL smaller 7410
Finish in 29649 s
