Simulation Polar syndrome FASTER N=2048, K=1025, l=128, pz=0.17, #samples=10000, seed=197
PW construction
Event generator random seed: 197
SCL #err deg : 74 / 100
SCL #err weighted degeneracy : 68 69 69 70 70 71 
degeneracy helps : 8 7 7 6 6 6 
degeneracy worse : 2 2 2 2 2 3 
SCL #err deg : 151 / 200
SCL #err weighted degeneracy : 144 145 145 148 146 146 
degeneracy helps : 11 10 10 8 9 10 
degeneracy worse : 4 4 4 5 4 5 
SCL #err deg : 237 / 300
SCL #err weighted degeneracy : 226 227 227 229 226 227 
degeneracy helps : 20 18 18 15 17 18 
degeneracy worse : 9 8 8 7 6 8 
SCL #err deg : 317 / 400
SCL #err weighted degeneracy : 307 307 308 311 308 310 
degeneracy helps : 22 20 20 16 18 19 
degeneracy worse : 12 10 11 10 9 12 
SCL #err deg : 398 / 500
SCL #err weighted degeneracy : 387 387 388 391 388 391 
degeneracy helps : 26 24 24 19 21 21 
degeneracy worse : 15 13 14 12 11 14 
SCL #err deg : 468 / 600
SCL #err weighted degeneracy : 457 456 458 462 460 463 
degeneracy helps : 31 30 29 23 25 25 
degeneracy worse : 20 18 19 17 17 20 
SCL #err deg : 552 / 700
SCL #err weighted degeneracy : 535 535 536 541 539 542 
degeneracy helps : 38 36 36 29 31 31 
degeneracy worse : 21 19 20 18 18 21 
SCL #err deg : 624 / 800
SCL #err weighted degeneracy : 604 605 604 606 606 610 
degeneracy helps : 44 41 43 38 39 39 
degeneracy worse : 24 22 23 20 21 25 
SCL #err deg : 710 / 900
SCL #err weighted degeneracy : 686 687 687 690 690 693 
degeneracy helps : 50 47 49 43 44 44 
degeneracy worse : 26 24 26 23 24 27 
SCL #err deg : 786 / 1000
SCL #err weighted degeneracy : 758 759 760 763 764 767 
degeneracy helps : 56 53 54 47 47 47 
degeneracy worse : 28 26 28 24 25 28 
SCL #err deg : 861 / 1100
SCL #err weighted degeneracy : 835 835 837 837 839 842 
degeneracy helps : 60 57 58 53 52 53 
degeneracy worse : 34 31 34 29 30 34 
SCL #err deg : 943 / 1200
SCL #err weighted degeneracy : 917 917 918 916 918 921 
degeneracy helps : 62 59 61 58 57 58 
degeneracy worse : 36 33 36 31 32 36 
SCL #err deg : 1017 / 1300
SCL #err weighted degeneracy : 992 993 994 994 996 999 
degeneracy helps : 65 61 64 61 60 61 
degeneracy worse : 40 37 41 38 39 43 
SCL #err deg : 1097 / 1400
SCL #err weighted degeneracy : 1069 1070 1072 1076 1078 1081 
degeneracy helps : 69 65 67 62 62 63 
degeneracy worse : 41 38 42 41 43 47 
SCL #err deg : 1167 / 1500
SCL #err weighted degeneracy : 1144 1146 1145 1146 1148 1151 
degeneracy helps : 72 67 71 66 66 67 
degeneracy worse : 49 46 49 45 47 51 
SCL #err deg : 1242 / 1600
SCL #err weighted degeneracy : 1218 1220 1219 1220 1220 1225 
degeneracy helps : 75 70 75 70 71 71 
degeneracy worse : 51 48 52 48 49 54 
SCL #err deg : 1314 / 1700
SCL #err weighted degeneracy : 1288 1290 1289 1289 1288 1294 
degeneracy helps : 81 75 82 78 79 78 
degeneracy worse : 55 51 57 53 53 58 
SCL #err deg : 1391 / 1800
SCL #err weighted degeneracy : 1364 1366 1365 1367 1366 1371 
degeneracy helps : 86 79 87 81 82 81 
degeneracy worse : 59 54 61 57 57 61 
SCL #err deg : 1465 / 1900
SCL #err weighted degeneracy : 1436 1440 1436 1438 1437 1442 
degeneracy helps : 89 80 90 84 85 84 
degeneracy worse : 60 55 61 57 57 61 
SCL #err deg : 1545 / 2000
SCL #err weighted degeneracy : 1518 1522 1518 1521 1521 1526 
degeneracy helps : 93 83 94 87 88 87 
degeneracy worse : 66 60 67 63 64 68 
SCL #err deg : 1619 / 2100
SCL #err weighted degeneracy : 1589 1593 1589 1594 1595 1599 
degeneracy helps : 96 86 97 90 90 90 
degeneracy worse : 66 60 67 65 66 70 
SCL #err deg : 1697 / 2200
SCL #err weighted degeneracy : 1669 1672 1669 1676 1677 1681 
degeneracy helps : 98 88 99 91 91 91 
degeneracy worse : 70 63 71 70 71 75 
SCL #err deg : 1778 / 2300
SCL #err weighted degeneracy : 1748 1752 1746 1753 1754 1757 
degeneracy helps : 103 92 106 97 97 97 
degeneracy worse : 73 66 74 72 73 76 
SCL #err deg : 1856 / 2400
SCL #err weighted degeneracy : 1828 1833 1826 1832 1832 1835 
degeneracy helps : 105 94 108 99 99 99 
degeneracy worse : 77 71 78 75 75 78 
SCL #err deg : 1939 / 2500
SCL #err weighted degeneracy : 1908 1913 1906 1913 1914 1919 
degeneracy helps : 111 100 114 104 104 103 
degeneracy worse : 80 74 81 78 79 83 
SCL #err deg : 2017 / 2600
SCL #err weighted degeneracy : 1986 1991 1984 1991 1991 1995 
degeneracy helps : 115 103 118 108 108 108 
degeneracy worse : 84 77 85 82 82 86 
SCL #err deg : 2098 / 2700
SCL #err weighted degeneracy : 2062 2068 2059 2066 2067 2070 
degeneracy helps : 125 112 128 119 118 117 
degeneracy worse : 89 82 89 87 87 89 
SCL #err deg : 2169 / 2800
SCL #err weighted degeneracy : 2136 2142 2134 2141 2142 2143 
degeneracy helps : 127 114 130 121 120 119 
degeneracy worse : 94 87 95 93 93 93 
SCL #err deg : 2239 / 2900
SCL #err weighted degeneracy : 2207 2212 2206 2213 2214 2215 
degeneracy helps : 131 118 134 126 125 124 
degeneracy worse : 99 91 101 100 100 100 
SCL #err deg : 2305 / 3000
SCL #err weighted degeneracy : 2278 2282 2277 2285 2283 2285 
degeneracy helps : 134 122 136 128 128 127 
degeneracy worse : 107 99 108 108 106 107 
SCL #err deg : 2384 / 3100
SCL #err weighted degeneracy : 2352 2355 2353 2361 2359 2361 
degeneracy helps : 144 132 145 136 136 135 
degeneracy worse : 112 103 114 113 111 112 
SCL #err deg : 2456 / 3200
SCL #err weighted degeneracy : 2425 2428 2425 2433 2431 2432 
degeneracy helps : 148 136 149 140 140 139 
degeneracy worse : 117 108 118 117 115 115 
SCL #err deg : 2523 / 3300
SCL #err weighted degeneracy : 2497 2499 2496 2503 2501 2502 
degeneracy helps : 151 140 153 144 143 142 
degeneracy worse : 125 116 126 124 121 121 
SCL #err deg : 2593 / 3400
SCL #err weighted degeneracy : 2570 2572 2571 2579 2577 2576 
degeneracy helps : 153 142 154 147 146 147 
degeneracy worse : 130 121 132 133 130 130 
SCL #err deg : 2667 / 3500
SCL #err weighted degeneracy : 2647 2648 2646 2653 2649 2650 
degeneracy helps : 156 145 157 150 150 151 
degeneracy worse : 136 126 136 136 132 134 
SCL #err deg : 2738 / 3600
SCL #err weighted degeneracy : 2721 2722 2720 2727 2724 2726 
degeneracy helps : 158 147 159 152 152 153 
degeneracy worse : 141 131 141 141 138 141 
SCL #err deg : 2814 / 3700
SCL #err weighted degeneracy : 2799 2799 2798 2802 2798 2800 
degeneracy helps : 160 149 162 156 157 158 
degeneracy worse : 145 134 146 144 141 144 
SCL #err deg : 2892 / 3800
SCL #err weighted degeneracy : 2874 2875 2874 2878 2874 2876 
degeneracy helps : 167 155 168 162 163 164 
degeneracy worse : 149 138 150 148 145 148 
SCL #err deg : 2969 / 3900
SCL #err weighted degeneracy : 2950 2950 2951 2956 2951 2953 
degeneracy helps : 172 161 173 167 169 170 
degeneracy worse : 153 142 155 154 151 154 
SCL #err deg : 3045 / 4000
SCL #err weighted degeneracy : 3025 3024 3025 3028 3024 3025 
degeneracy helps : 177 166 178 172 173 175 
degeneracy worse : 157 145 158 155 152 155 
SCL #err deg : 3114 / 4100
SCL #err weighted degeneracy : 3092 3091 3091 3098 3094 3095 
degeneracy helps : 183 172 186 179 180 182 
degeneracy worse : 161 149 163 163 160 163 
SCL #err deg : 3188 / 4200
SCL #err weighted degeneracy : 3169 3167 3168 3177 3172 3173 
degeneracy helps : 186 176 189 180 181 184 
degeneracy worse : 167 155 169 169 165 169 
SCL #err deg : 3265 / 4300
SCL #err weighted degeneracy : 3243 3240 3243 3254 3249 3251 
degeneracy helps : 190 181 192 182 183 186 
degeneracy worse : 168 156 170 171 167 172 
SCL #err deg : 3337 / 4400
SCL #err weighted degeneracy : 3316 3314 3315 3326 3320 3322 
degeneracy helps : 194 185 196 187 189 193 
degeneracy worse : 173 162 174 176 172 178 
SCL #err deg : 3421 / 4500
SCL #err weighted degeneracy : 3398 3397 3398 3408 3402 3405 
degeneracy helps : 200 191 202 194 195 199 
degeneracy worse : 177 167 179 181 176 183 
SCL #err deg : 3492 / 4600
SCL #err weighted degeneracy : 3470 3468 3469 3479 3472 3474 
degeneracy helps : 204 195 207 199 201 206 
degeneracy worse : 182 171 184 186 181 188 
SCL #err deg : 3568 / 4700
SCL #err weighted degeneracy : 3541 3539 3541 3551 3544 3546 
degeneracy helps : 210 201 212 204 206 211 
degeneracy worse : 183 172 185 187 182 189 
SCL #err deg : 3634 / 4800
SCL #err weighted degeneracy : 3607 3605 3607 3617 3610 3613 
degeneracy helps : 214 205 217 210 212 217 
degeneracy worse : 187 176 190 193 188 196 
SCL #err deg : 3711 / 4900
SCL #err weighted degeneracy : 3684 3682 3685 3694 3687 3690 
degeneracy helps : 218 209 221 215 217 222 
degeneracy worse : 191 180 195 198 193 201 
SCL #err deg : 3786 / 5000
SCL #err weighted degeneracy : 3758 3757 3759 3767 3760 3763 
degeneracy helps : 221 211 225 220 221 226 
degeneracy worse : 193 182 198 201 195 203 
SCL #err deg : 3859 / 5100
SCL #err weighted degeneracy : 3831 3828 3833 3841 3834 3837 
degeneracy helps : 228 220 231 225 226 231 
degeneracy worse : 200 189 205 207 201 209 
SCL #err deg : 3937 / 5200
SCL #err weighted degeneracy : 3908 3905 3910 3920 3913 3914 
degeneracy helps : 234 226 237 230 231 238 
degeneracy worse : 205 194 210 213 207 215 
SCL #err deg : 4015 / 5300
SCL #err weighted degeneracy : 3989 3985 3993 4001 3995 3996 
degeneracy helps : 237 229 240 234 235 242 
degeneracy worse : 211 199 218 220 215 223 
SCL #err deg : 4091 / 5400
SCL #err weighted degeneracy : 4061 4056 4067 4075 4069 4070 
degeneracy helps : 242 234 244 238 239 246 
degeneracy worse : 212 199 220 222 217 225 
SCL #err deg : 4163 / 5500
SCL #err weighted degeneracy : 4136 4131 4143 4147 4140 4139 
degeneracy helps : 245 238 247 244 246 253 
degeneracy worse : 218 206 227 228 223 229 
SCL #err deg : 4242 / 5600
SCL #err weighted degeneracy : 4216 4211 4224 4229 4221 4220 
degeneracy helps : 248 241 249 246 249 256 
degeneracy worse : 222 210 231 233 228 234 
SCL #err deg : 4310 / 5700
SCL #err weighted degeneracy : 4290 4283 4298 4300 4293 4292 
degeneracy helps : 251 245 252 250 253 260 
degeneracy worse : 231 218 240 240 236 242 
SCL #err deg : 4382 / 5800
SCL #err weighted degeneracy : 4362 4355 4368 4370 4363 4362 
degeneracy helps : 255 249 257 255 257 265 
degeneracy worse : 235 222 243 243 238 245 
SCL #err deg : 4452 / 5900
SCL #err weighted degeneracy : 4436 4428 4441 4440 4434 4433 
degeneracy helps : 256 251 259 259 261 269 
degeneracy worse : 240 227 248 247 243 250 
SCL #err deg : 4524 / 6000
SCL #err weighted degeneracy : 4507 4499 4512 4513 4507 4507 
degeneracy helps : 259 253 262 261 263 271 
degeneracy worse : 242 228 250 250 246 254 
SCL #err deg : 4592 / 6100
SCL #err weighted degeneracy : 4575 4570 4580 4582 4576 4576 
degeneracy helps : 266 258 269 268 269 277 
degeneracy worse : 249 236 257 258 253 261 
SCL #err deg : 4665 / 6200
SCL #err weighted degeneracy : 4650 4643 4655 4657 4651 4651 
degeneracy helps : 270 262 273 273 274 282 
degeneracy worse : 255 240 263 265 260 268 
SCL #err deg : 4742 / 6300
SCL #err weighted degeneracy : 4731 4724 4735 4737 4731 4731 
degeneracy helps : 273 265 276 276 277 285 
degeneracy worse : 262 247 269 271 266 274 
SCL #err deg : 4821 / 6400
SCL #err weighted degeneracy : 4811 4806 4815 4816 4810 4811 
degeneracy helps : 276 266 279 280 282 289 
degeneracy worse : 266 251 273 275 271 279 
SCL #err deg : 4887 / 6500
SCL #err weighted degeneracy : 4873 4866 4880 4881 4876 4876 
degeneracy helps : 281 272 284 285 287 295 
degeneracy worse : 267 251 277 279 276 284 
SCL #err deg : 4969 / 6600
SCL #err weighted degeneracy : 4952 4945 4959 4958 4953 4955 
degeneracy helps : 285 276 288 292 294 300 
degeneracy worse : 268 252 278 281 278 286 
SCL #err deg : 5041 / 6700
SCL #err weighted degeneracy : 5025 5018 5032 5031 5027 5029 
degeneracy helps : 287 278 290 294 295 301 
degeneracy worse : 271 255 281 284 281 289 
SCL #err deg : 5119 / 6800
SCL #err weighted degeneracy : 5105 5098 5111 5110 5106 5107 
degeneracy helps : 289 280 292 296 297 303 
degeneracy worse : 275 259 284 287 284 291 
SCL #err deg : 5195 / 6900
SCL #err weighted degeneracy : 5185 5178 5189 5188 5182 5183 
degeneracy helps : 289 280 293 297 300 306 
degeneracy worse : 279 263 287 290 287 294 
SCL #err deg : 5264 / 7000
SCL #err weighted degeneracy : 5259 5252 5263 5262 5256 5257 
degeneracy helps : 290 281 294 298 301 307 
degeneracy worse : 285 269 293 296 293 300 
SCL #err deg : 5335 / 7100
SCL #err weighted degeneracy : 5332 5326 5338 5337 5331 5331 
degeneracy helps : 292 282 296 302 305 311 
degeneracy worse : 289 273 299 304 301 307 
SCL #err deg : 5414 / 7200
SCL #err weighted degeneracy : 5409 5403 5416 5415 5408 5408 
degeneracy helps : 295 286 299 305 308 314 
degeneracy worse : 290 275 301 306 302 308 
SCL #err deg : 5488 / 7300
SCL #err weighted degeneracy : 5486 5480 5493 5492 5484 5485 
degeneracy helps : 298 289 303 309 312 317 
degeneracy worse : 296 281 308 313 308 314 
SCL #err deg : 5570 / 7400
SCL #err weighted degeneracy : 5570 5565 5577 5577 5568 5570 
degeneracy helps : 302 292 307 313 317 322 
degeneracy worse : 302 287 314 320 315 322 
SCL #err deg : 5642 / 7500
SCL #err weighted degeneracy : 5642 5637 5649 5652 5643 5645 
degeneracy helps : 305 295 310 315 319 324 
degeneracy worse : 305 290 317 325 320 327 
SCL #err deg : 5722 / 7600
SCL #err weighted degeneracy : 5717 5714 5725 5726 5717 5718 
degeneracy helps : 312 301 316 323 327 333 
degeneracy worse : 307 293 319 327 322 329 
SCL #err deg : 5792 / 7700
SCL #err weighted degeneracy : 5788 5786 5795 5796 5787 5787 
degeneracy helps : 316 305 321 328 332 338 
degeneracy worse : 312 299 324 332 327 333 
SCL #err deg : 5863 / 7800
SCL #err weighted degeneracy : 5856 5854 5862 5864 5855 5856 
degeneracy helps : 322 311 328 335 339 344 
degeneracy worse : 315 302 327 336 331 337 
SCL #err deg : 5934 / 7900
SCL #err weighted degeneracy : 5928 5925 5934 5935 5927 5929 
degeneracy helps : 325 315 331 339 342 347 
degeneracy worse : 319 306 331 340 335 342 
SCL #err deg : 6010 / 8000
SCL #err weighted degeneracy : 6005 6003 6012 6013 6003 6005 
degeneracy helps : 326 316 332 340 345 350 
degeneracy worse : 321 309 334 343 338 345 
SCL #err deg : 6088 / 8100
SCL #err weighted degeneracy : 6081 6080 6088 6090 6081 6084 
degeneracy helps : 331 320 337 344 349 353 
degeneracy worse : 324 312 337 346 342 349 
SCL #err deg : 6170 / 8200
SCL #err weighted degeneracy : 6164 6163 6171 6173 6162 6165 
degeneracy helps : 335 324 341 348 354 359 
degeneracy worse : 329 317 342 351 346 354 
SCL #err deg : 6243 / 8300
SCL #err weighted degeneracy : 6239 6237 6246 6249 6237 6240 
degeneracy helps : 339 328 345 352 358 362 
degeneracy worse : 335 322 348 358 352 359 
SCL #err deg : 6322 / 8400
SCL #err weighted degeneracy : 6317 6315 6324 6327 6315 6317 
degeneracy helps : 342 331 348 355 361 365 
degeneracy worse : 337 324 350 360 354 360 
SCL #err deg : 6396 / 8500
SCL #err weighted degeneracy : 6391 6390 6399 6403 6391 6393 
degeneracy helps : 349 337 354 360 367 371 
degeneracy worse : 344 331 357 367 362 368 
SCL #err deg : 6471 / 8600
SCL #err weighted degeneracy : 6466 6465 6476 6479 6467 6470 
degeneracy helps : 352 340 356 362 369 372 
degeneracy worse : 347 334 361 370 365 371 
SCL #err deg : 6545 / 8700
SCL #err weighted degeneracy : 6540 6538 6550 6553 6540 6545 
degeneracy helps : 360 348 364 368 375 377 
degeneracy worse : 355 341 369 376 370 377 
SCL #err deg : 6612 / 8800
SCL #err weighted degeneracy : 6613 6609 6624 6627 6615 6621 
degeneracy helps : 362 350 366 369 376 378 
degeneracy worse : 363 347 378 384 379 387 
SCL #err deg : 6690 / 8900
SCL #err weighted degeneracy : 6690 6686 6701 6704 6693 6700 
degeneracy helps : 367 353 371 374 380 381 
degeneracy worse : 367 349 382 388 383 391 
SCL #err deg : 6765 / 9000
SCL #err weighted degeneracy : 6765 6761 6778 6784 6773 6781 
degeneracy helps : 369 355 372 375 381 382 
degeneracy worse : 369 351 385 394 389 398 
SCL #err deg : 6844 / 9100
SCL #err weighted degeneracy : 6840 6834 6855 6861 6852 6860 
degeneracy helps : 377 364 378 381 386 387 
degeneracy worse : 373 354 389 398 394 403 
SCL #err deg : 6921 / 9200
SCL #err weighted degeneracy : 6920 6914 6935 6939 6931 6938 
degeneracy helps : 379 366 381 384 389 390 
degeneracy worse : 378 359 395 402 399 407 
SCL #err deg : 6996 / 9300
SCL #err weighted degeneracy : 6994 6988 7007 7012 7006 7011 
degeneracy helps : 383 370 387 389 392 396 
degeneracy worse : 381 362 398 405 402 411 
SCL #err deg : 7070 / 9400
SCL #err weighted degeneracy : 7070 7061 7083 7088 7083 7087 
degeneracy helps : 387 374 391 393 395 400 
degeneracy worse : 387 365 404 411 408 417 
SCL #err deg : 7145 / 9500
SCL #err weighted degeneracy : 7142 7134 7154 7159 7154 7158 
degeneracy helps : 394 380 399 401 403 408 
degeneracy worse : 391 369 408 415 412 421 
SCL #err deg : 7221 / 9600
SCL #err weighted degeneracy : 7217 7210 7229 7234 7229 7234 
degeneracy helps : 398 383 402 404 406 411 
degeneracy worse : 394 372 410 417 414 424 
SCL #err deg : 7292 / 9700
SCL #err weighted degeneracy : 7287 7280 7299 7304 7300 7302 
degeneracy helps : 403 388 407 409 411 417 
degeneracy worse : 398 376 414 421 419 427 
SCL #err deg : 7363 / 9800
SCL #err weighted degeneracy : 7360 7353 7372 7376 7372 7373 
degeneracy helps : 405 390 409 412 413 420 
degeneracy worse : 402 380 418 425 422 430 
SCL #err deg : 7431 / 9900
SCL #err weighted degeneracy : 7432 7430 7443 7447 7442 7443 
degeneracy helps : 407 391 411 414 416 423 
degeneracy worse : 408 390 423 430 427 435 
SCL #err deg : 7499 / 10000
SCL #err weighted degeneracy : 7506 7503 7518 7521 7515 7517 
degeneracy helps : 407 392 411 414 417 424 
degeneracy worse : 414 396 430 436 433 442 
average #flips: 348.161
SCL #err considering degeneracy: 7499
error due to equal 0
error due to SCL smaller 7499
Finish in 29998 s
