Simulation Polar syndrome FASTER N=2048, K=1025, l=128, pz=0.2, #samples=10000, seed=197
PW construction
Event generator random seed: 197
SCL #err deg : 66 / 100
SCL #err weighted degeneracy : 67 67 69 72 71 71 
degeneracy helps : 5 5 5 3 4 4 
degeneracy worse : 6 6 8 9 9 9 
SCL #err deg : 144 / 200
SCL #err weighted degeneracy : 142 143 144 147 143 144 
degeneracy helps : 12 11 12 10 14 11 
degeneracy worse : 10 10 12 13 13 11 
SCL #err deg : 218 / 300
SCL #err weighted degeneracy : 219 221 221 222 217 221 
degeneracy helps : 17 15 17 16 21 16 
degeneracy worse : 18 18 20 20 20 19 
SCL #err deg : 293 / 400
SCL #err weighted degeneracy : 287 291 288 290 284 290 
degeneracy helps : 26 22 27 25 30 23 
degeneracy worse : 20 20 22 22 21 20 
SCL #err deg : 363 / 500
SCL #err weighted degeneracy : 358 360 359 361 356 361 
degeneracy helps : 32 28 32 29 33 27 
degeneracy worse : 27 25 28 27 26 25 
SCL #err deg : 434 / 600
SCL #err weighted degeneracy : 430 432 430 432 427 435 
degeneracy helps : 35 31 35 32 36 29 
degeneracy worse : 31 29 31 30 29 30 
SCL #err deg : 510 / 700
SCL #err weighted degeneracy : 499 501 500 505 501 508 
degeneracy helps : 46 42 45 40 42 36 
degeneracy worse : 35 33 35 35 33 34 
SCL #err deg : 578 / 800
SCL #err weighted degeneracy : 574 574 575 579 574 584 
degeneracy helps : 48 46 47 43 45 38 
degeneracy worse : 44 42 44 44 41 44 
SCL #err deg : 653 / 900
SCL #err weighted degeneracy : 646 647 647 652 646 657 
degeneracy helps : 52 50 52 47 50 43 
degeneracy worse : 45 44 46 46 43 47 
SCL #err deg : 730 / 1000
SCL #err weighted degeneracy : 721 721 723 727 719 729 
degeneracy helps : 57 56 57 52 57 50 
degeneracy worse : 48 47 50 49 46 49 
SCL #err deg : 806 / 1100
SCL #err weighted degeneracy : 797 795 799 802 794 804 
degeneracy helps : 59 59 59 55 60 54 
degeneracy worse : 50 48 52 51 48 52 
SCL #err deg : 875 / 1200
SCL #err weighted degeneracy : 865 864 867 868 860 871 
degeneracy helps : 65 65 65 62 67 60 
degeneracy worse : 55 54 57 55 52 56 
SCL #err deg : 951 / 1300
SCL #err weighted degeneracy : 940 940 942 945 937 946 
degeneracy helps : 71 70 71 66 71 64 
degeneracy worse : 60 59 62 60 57 59 
SCL #err deg : 1023 / 1400
SCL #err weighted degeneracy : 1015 1016 1017 1019 1008 1014 
degeneracy helps : 75 74 75 70 76 71 
degeneracy worse : 67 67 69 66 61 62 
SCL #err deg : 1099 / 1500
SCL #err weighted degeneracy : 1089 1089 1090 1092 1082 1090 
degeneracy helps : 81 81 82 77 83 78 
degeneracy worse : 71 71 73 70 66 69 
SCL #err deg : 1170 / 1600
SCL #err weighted degeneracy : 1159 1158 1159 1162 1152 1161 
degeneracy helps : 87 88 88 83 89 83 
degeneracy worse : 76 76 77 75 71 74 
SCL #err deg : 1249 / 1700
SCL #err weighted degeneracy : 1237 1238 1237 1239 1230 1239 
degeneracy helps : 93 94 94 89 94 88 
degeneracy worse : 81 83 82 79 75 78 
SCL #err deg : 1330 / 1800
SCL #err weighted degeneracy : 1316 1318 1316 1316 1307 1316 
degeneracy helps : 98 98 99 95 100 94 
degeneracy worse : 84 86 85 81 77 80 
SCL #err deg : 1403 / 1900
SCL #err weighted degeneracy : 1389 1393 1388 1387 1381 1391 
degeneracy helps : 103 102 105 100 104 98 
degeneracy worse : 89 92 90 84 82 86 
SCL #err deg : 1477 / 2000
SCL #err weighted degeneracy : 1466 1470 1466 1461 1455 1465 
degeneracy helps : 107 106 109 105 109 103 
degeneracy worse : 96 99 98 89 87 91 
SCL #err deg : 1556 / 2100
SCL #err weighted degeneracy : 1540 1545 1540 1536 1530 1541 
degeneracy helps : 115 112 117 112 116 109 
degeneracy worse : 99 101 101 92 90 94 
SCL #err deg : 1630 / 2200
SCL #err weighted degeneracy : 1613 1618 1613 1610 1607 1615 
degeneracy helps : 122 118 124 119 121 114 
degeneracy worse : 105 106 107 99 98 99 
SCL #err deg : 1700 / 2300
SCL #err weighted degeneracy : 1683 1686 1683 1680 1677 1687 
degeneracy helps : 126 124 128 123 125 116 
degeneracy worse : 109 110 111 103 102 103 
SCL #err deg : 1777 / 2400
SCL #err weighted degeneracy : 1765 1765 1765 1763 1762 1772 
degeneracy helps : 126 127 128 123 125 117 
degeneracy worse : 114 115 116 109 110 112 
SCL #err deg : 1855 / 2500
SCL #err weighted degeneracy : 1843 1841 1843 1841 1841 1850 
degeneracy helps : 131 133 133 128 130 123 
degeneracy worse : 119 119 121 114 116 118 
SCL #err deg : 1924 / 2600
SCL #err weighted degeneracy : 1912 1910 1913 1910 1909 1918 
degeneracy helps : 138 139 139 135 137 130 
degeneracy worse : 126 125 128 121 122 124 
SCL #err deg : 1995 / 2700
SCL #err weighted degeneracy : 1990 1988 1992 1987 1983 1992 
degeneracy helps : 143 144 143 139 142 135 
degeneracy worse : 138 137 140 131 130 132 
SCL #err deg : 2071 / 2800
SCL #err weighted degeneracy : 2067 2066 2068 2065 2060 2069 
degeneracy helps : 148 149 148 142 146 140 
degeneracy worse : 144 144 145 136 135 138 
SCL #err deg : 2154 / 2900
SCL #err weighted degeneracy : 2150 2149 2151 2147 2143 2151 
degeneracy helps : 152 153 152 147 150 144 
degeneracy worse : 148 148 149 140 139 141 
SCL #err deg : 2240 / 3000
SCL #err weighted degeneracy : 2234 2231 2235 2229 2226 2234 
degeneracy helps : 158 160 158 155 157 151 
degeneracy worse : 152 151 153 144 143 145 
SCL #err deg : 2317 / 3100
SCL #err weighted degeneracy : 2310 2309 2311 2307 2304 2311 
degeneracy helps : 163 165 163 159 162 157 
degeneracy worse : 156 157 157 149 149 151 
SCL #err deg : 2393 / 3200
SCL #err weighted degeneracy : 2381 2379 2383 2380 2378 2385 
degeneracy helps : 170 173 169 165 168 163 
degeneracy worse : 158 159 159 152 153 155 
SCL #err deg : 2469 / 3300
SCL #err weighted degeneracy : 2455 2452 2456 2453 2452 2461 
degeneracy helps : 177 180 176 171 173 167 
degeneracy worse : 163 163 163 155 156 159 
SCL #err deg : 2546 / 3400
SCL #err weighted degeneracy : 2525 2526 2526 2523 2523 2533 
degeneracy helps : 185 187 184 179 180 173 
degeneracy worse : 164 167 164 156 157 160 
SCL #err deg : 2619 / 3500
SCL #err weighted degeneracy : 2591 2593 2593 2592 2593 2604 
degeneracy helps : 192 193 190 185 186 179 
degeneracy worse : 164 167 164 158 160 164 
SCL #err deg : 2688 / 3600
SCL #err weighted degeneracy : 2658 2657 2661 2659 2660 2672 
degeneracy helps : 198 200 195 191 192 184 
degeneracy worse : 168 169 168 162 164 168 
SCL #err deg : 2763 / 3700
SCL #err weighted degeneracy : 2735 2735 2737 2735 2736 2747 
degeneracy helps : 203 203 200 195 196 188 
degeneracy worse : 175 175 174 167 169 172 
SCL #err deg : 2840 / 3800
SCL #err weighted degeneracy : 2809 2808 2811 2811 2813 2825 
degeneracy helps : 208 208 205 198 198 189 
degeneracy worse : 177 176 176 169 171 174 
SCL #err deg : 2914 / 3900
SCL #err weighted degeneracy : 2881 2878 2882 2882 2885 2894 
degeneracy helps : 215 216 212 205 204 196 
degeneracy worse : 182 180 180 173 175 176 
SCL #err deg : 2989 / 4000
SCL #err weighted degeneracy : 2958 2955 2959 2959 2962 2970 
degeneracy helps : 217 220 213 206 205 197 
degeneracy worse : 186 186 183 176 178 178 
SCL #err deg : 3058 / 4100
SCL #err weighted degeneracy : 3032 3028 3033 3032 3034 3043 
degeneracy helps : 219 222 215 208 208 200 
degeneracy worse : 193 192 190 182 184 185 
SCL #err deg : 3139 / 4200
SCL #err weighted degeneracy : 3110 3106 3111 3109 3113 3121 
degeneracy helps : 225 228 221 216 215 208 
degeneracy worse : 196 195 193 186 189 190 
SCL #err deg : 3212 / 4300
SCL #err weighted degeneracy : 3179 3177 3180 3178 3184 3192 
degeneracy helps : 232 235 228 223 222 215 
degeneracy worse : 199 200 196 189 194 195 
SCL #err deg : 3287 / 4400
SCL #err weighted degeneracy : 3251 3248 3254 3252 3259 3267 
degeneracy helps : 238 242 232 227 224 218 
degeneracy worse : 202 203 199 192 196 198 
SCL #err deg : 3359 / 4500
SCL #err weighted degeneracy : 3328 3325 3330 3327 3334 3341 
degeneracy helps : 241 245 235 230 227 221 
degeneracy worse : 210 211 206 198 202 203 
SCL #err deg : 3431 / 4600
SCL #err weighted degeneracy : 3400 3400 3401 3395 3402 3409 
degeneracy helps : 249 252 243 238 235 229 
degeneracy worse : 218 221 213 202 206 207 
SCL #err deg : 3509 / 4700
SCL #err weighted degeneracy : 3477 3479 3478 3471 3475 3483 
degeneracy helps : 254 256 248 244 243 237 
degeneracy worse : 222 226 217 206 209 211 
SCL #err deg : 3576 / 4800
SCL #err weighted degeneracy : 3541 3545 3541 3534 3540 3547 
degeneracy helps : 261 262 256 252 250 245 
degeneracy worse : 226 231 221 210 214 216 
SCL #err deg : 3648 / 4900
SCL #err weighted degeneracy : 3612 3614 3612 3605 3610 3617 
degeneracy helps : 266 269 261 257 256 252 
degeneracy worse : 230 235 225 214 218 221 
SCL #err deg : 3720 / 5000
SCL #err weighted degeneracy : 3686 3688 3685 3676 3681 3688 
degeneracy helps : 271 274 266 262 260 256 
degeneracy worse : 237 242 231 218 221 224 
SCL #err deg : 3798 / 5100
SCL #err weighted degeneracy : 3762 3765 3761 3753 3758 3765 
degeneracy helps : 273 276 268 264 262 259 
degeneracy worse : 237 243 231 219 222 226 
SCL #err deg : 3878 / 5200
SCL #err weighted degeneracy : 3841 3845 3840 3831 3838 3845 
degeneracy helps : 277 279 272 268 264 261 
degeneracy worse : 240 246 234 221 224 228 
SCL #err deg : 3955 / 5300
SCL #err weighted degeneracy : 3915 3921 3914 3906 3912 3919 
degeneracy helps : 284 284 279 275 271 268 
degeneracy worse : 244 250 238 226 228 232 
SCL #err deg : 4031 / 5400
SCL #err weighted degeneracy : 3989 3995 3988 3981 3986 3994 
degeneracy helps : 289 289 284 279 275 272 
degeneracy worse : 247 253 241 229 230 235 
SCL #err deg : 4101 / 5500
SCL #err weighted degeneracy : 4056 4063 4055 4046 4050 4059 
degeneracy helps : 296 295 291 287 284 281 
degeneracy worse : 251 257 245 232 233 239 
SCL #err deg : 4181 / 5600
SCL #err weighted degeneracy : 4134 4140 4133 4121 4125 4133 
degeneracy helps : 299 299 294 292 289 287 
degeneracy worse : 252 258 246 232 233 239 
SCL #err deg : 4257 / 5700
SCL #err weighted degeneracy : 4215 4219 4214 4202 4207 4216 
degeneracy helps : 303 304 298 297 292 289 
degeneracy worse : 261 266 255 242 242 248 
SCL #err deg : 4327 / 5800
SCL #err weighted degeneracy : 4282 4287 4281 4270 4275 4284 
degeneracy helps : 308 308 303 302 297 294 
degeneracy worse : 263 268 257 245 245 251 
SCL #err deg : 4412 / 5900
SCL #err weighted degeneracy : 4366 4371 4365 4353 4359 4370 
degeneracy helps : 312 311 307 307 302 297 
degeneracy worse : 266 270 260 248 249 255 
SCL #err deg : 4485 / 6000
SCL #err weighted degeneracy : 4435 4441 4434 4426 4432 4442 
degeneracy helps : 320 319 315 312 307 304 
degeneracy worse : 270 275 264 253 254 261 
SCL #err deg : 4563 / 6100
SCL #err weighted degeneracy : 4511 4518 4509 4501 4508 4517 
degeneracy helps : 325 324 319 316 310 308 
degeneracy worse : 273 279 265 254 255 262 
SCL #err deg : 4635 / 6200
SCL #err weighted degeneracy : 4584 4589 4581 4571 4576 4586 
degeneracy helps : 330 330 325 323 319 317 
degeneracy worse : 279 284 271 259 260 268 
SCL #err deg : 4702 / 6300
SCL #err weighted degeneracy : 4654 4660 4650 4641 4646 4658 
degeneracy helps : 333 332 328 326 322 320 
degeneracy worse : 285 290 276 265 266 276 
SCL #err deg : 4772 / 6400
SCL #err weighted degeneracy : 4726 4733 4722 4713 4718 4731 
degeneracy helps : 336 336 331 329 325 322 
degeneracy worse : 290 297 281 270 271 281 
SCL #err deg : 4850 / 6500
SCL #err weighted degeneracy : 4802 4809 4799 4789 4793 4807 
degeneracy helps : 341 340 335 333 330 327 
degeneracy worse : 293 299 284 272 273 284 
SCL #err deg : 4932 / 6600
SCL #err weighted degeneracy : 4881 4890 4878 4867 4871 4885 
degeneracy helps : 345 343 339 338 335 332 
degeneracy worse : 294 301 285 273 274 285 
SCL #err deg : 5009 / 6700
SCL #err weighted degeneracy : 4952 4965 4949 4938 4941 4955 
degeneracy helps : 353 347 347 346 344 340 
degeneracy worse : 296 303 287 275 276 286 
SCL #err deg : 5084 / 6800
SCL #err weighted degeneracy : 5032 5043 5028 5016 5018 5033 
degeneracy helps : 355 351 350 350 348 343 
degeneracy worse : 303 310 294 282 282 292 
SCL #err deg : 5160 / 6900
SCL #err weighted degeneracy : 5107 5119 5104 5092 5096 5111 
degeneracy helps : 360 356 355 355 351 346 
degeneracy worse : 307 315 299 287 287 297 
SCL #err deg : 5221 / 7000
SCL #err weighted degeneracy : 5172 5185 5168 5155 5160 5176 
degeneracy helps : 362 358 358 360 355 350 
degeneracy worse : 313 322 305 294 294 305 
SCL #err deg : 5293 / 7100
SCL #err weighted degeneracy : 5243 5252 5239 5225 5231 5247 
degeneracy helps : 367 366 363 365 359 353 
degeneracy worse : 317 325 309 297 297 307 
SCL #err deg : 5362 / 7200
SCL #err weighted degeneracy : 5319 5327 5317 5303 5307 5321 
degeneracy helps : 371 369 366 368 361 355 
degeneracy worse : 328 334 321 309 306 314 
SCL #err deg : 5439 / 7300
SCL #err weighted degeneracy : 5401 5407 5396 5380 5383 5397 
degeneracy helps : 373 372 370 374 367 361 
degeneracy worse : 335 340 327 315 311 319 
SCL #err deg : 5519 / 7400
SCL #err weighted degeneracy : 5479 5488 5475 5460 5463 5475 
degeneracy helps : 377 375 373 376 369 364 
degeneracy worse : 337 344 329 317 313 320 
SCL #err deg : 5589 / 7500
SCL #err weighted degeneracy : 5548 5557 5545 5532 5535 5544 
degeneracy helps : 383 381 378 380 373 368 
degeneracy worse : 342 349 334 323 319 323 
SCL #err deg : 5665 / 7600
SCL #err weighted degeneracy : 5615 5625 5614 5603 5607 5614 
degeneracy helps : 396 392 390 390 381 377 
degeneracy worse : 346 352 339 328 323 326 
SCL #err deg : 5736 / 7700
SCL #err weighted degeneracy : 5688 5699 5687 5677 5682 5692 
degeneracy helps : 401 396 395 395 386 381 
degeneracy worse : 353 359 346 336 332 337 
SCL #err deg : 5809 / 7800
SCL #err weighted degeneracy : 5758 5772 5757 5750 5753 5764 
degeneracy helps : 406 400 400 399 392 387 
degeneracy worse : 355 363 348 340 336 342 
SCL #err deg : 5888 / 7900
SCL #err weighted degeneracy : 5839 5853 5839 5831 5833 5843 
degeneracy helps : 410 405 403 403 395 390 
degeneracy worse : 361 370 354 346 340 345 
SCL #err deg : 5965 / 8000
SCL #err weighted degeneracy : 5912 5926 5913 5903 5905 5916 
degeneracy helps : 417 412 409 409 401 395 
degeneracy worse : 364 373 357 347 341 346 
SCL #err deg : 6031 / 8100
SCL #err weighted degeneracy : 5983 5998 5984 5976 5978 5990 
degeneracy helps : 420 415 412 411 403 397 
degeneracy worse : 372 382 365 356 350 356 
SCL #err deg : 6102 / 8200
SCL #err weighted degeneracy : 6057 6075 6060 6052 6053 6065 
degeneracy helps : 423 416 415 414 406 400 
degeneracy worse : 378 389 373 364 357 363 
SCL #err deg : 6178 / 8300
SCL #err weighted degeneracy : 6138 6154 6141 6133 6135 6147 
degeneracy helps : 427 421 419 418 409 403 
degeneracy worse : 387 397 382 373 366 372 
SCL #err deg : 6256 / 8400
SCL #err weighted degeneracy : 6215 6232 6218 6209 6212 6225 
degeneracy helps : 433 427 425 423 414 409 
degeneracy worse : 392 403 387 376 370 378 
SCL #err deg : 6328 / 8500
SCL #err weighted degeneracy : 6288 6304 6292 6284 6286 6303 
degeneracy helps : 439 433 430 427 419 413 
degeneracy worse : 399 409 394 383 377 388 
SCL #err deg : 6397 / 8600
SCL #err weighted degeneracy : 6359 6375 6365 6357 6360 6378 
degeneracy helps : 443 437 433 430 421 415 
degeneracy worse : 405 415 401 390 384 396 
SCL #err deg : 6470 / 8700
SCL #err weighted degeneracy : 6433 6448 6440 6432 6434 6452 
degeneracy helps : 447 441 437 433 425 419 
degeneracy worse : 410 419 407 395 389 401 
SCL #err deg : 6542 / 8800
SCL #err weighted degeneracy : 6505 6521 6514 6507 6509 6528 
degeneracy helps : 450 443 439 435 427 422 
degeneracy worse : 413 422 411 400 394 408 
SCL #err deg : 6619 / 8900
SCL #err weighted degeneracy : 6579 6596 6588 6582 6584 6603 
degeneracy helps : 456 449 444 439 431 426 
degeneracy worse : 416 426 413 402 396 410 
SCL #err deg : 6687 / 9000
SCL #err weighted degeneracy : 6652 6670 6661 6654 6657 6676 
degeneracy helps : 457 450 445 441 433 429 
degeneracy worse : 422 433 419 408 403 418 
SCL #err deg : 6756 / 9100
SCL #err weighted degeneracy : 6723 6740 6732 6724 6728 6746 
degeneracy helps : 461 454 449 446 438 434 
degeneracy worse : 428 438 425 414 410 424 
SCL #err deg : 6828 / 9200
SCL #err weighted degeneracy : 6797 6813 6806 6799 6804 6821 
degeneracy helps : 463 457 451 448 440 436 
degeneracy worse : 432 442 429 419 416 429 
SCL #err deg : 6901 / 9300
SCL #err weighted degeneracy : 6875 6891 6883 6876 6881 6898 
degeneracy helps : 465 459 453 450 442 438 
degeneracy worse : 439 449 435 425 422 435 
SCL #err deg : 6978 / 9400
SCL #err weighted degeneracy : 6950 6965 6958 6953 6959 6975 
degeneracy helps : 470 464 458 453 445 441 
degeneracy worse : 442 451 438 428 426 438 
SCL #err deg : 7045 / 9500
SCL #err weighted degeneracy : 7018 7035 7026 7020 7026 7040 
degeneracy helps : 473 467 461 457 450 446 
degeneracy worse : 446 457 442 432 431 441 
SCL #err deg : 7131 / 9600
SCL #err weighted degeneracy : 7104 7121 7111 7104 7110 7124 
degeneracy helps : 475 469 463 459 452 448 
degeneracy worse : 448 459 443 432 431 441 
SCL #err deg : 7205 / 9700
SCL #err weighted degeneracy : 7171 7191 7179 7173 7180 7194 
degeneracy helps : 483 475 470 466 458 454 
degeneracy worse : 449 461 444 434 433 443 
SCL #err deg : 7281 / 9800
SCL #err weighted degeneracy : 7253 7271 7261 7254 7263 7275 
degeneracy helps : 486 478 473 470 461 457 
degeneracy worse : 458 468 453 443 443 451 
SCL #err deg : 7362 / 9900
SCL #err weighted degeneracy : 7330 7345 7338 7331 7340 7354 
degeneracy helps : 494 488 481 478 469 463 
degeneracy worse : 462 471 457 447 447 455 
SCL #err deg : 7438 / 10000
SCL #err weighted degeneracy : 7406 7423 7414 7409 7418 7434 
degeneracy helps : 498 491 485 482 473 466 
degeneracy worse : 466 476 461 453 453 462 
average #flips: 409.531
SCL #err considering degeneracy: 7438
error due to equal 0
error due to SCL smaller 7438
Finish in 30427 s
