Simulation Polar syndrome FASTER N=64, K=33, l=128, pz=0.08, #samples=10000, seed=7348
PW construction
Event generator random seed: 7348
SCL #err deg : 18 / 100
SCL #err weighted degeneracy : 15 15 15 19 19 19 
degeneracy helps : 5 5 5 5 5 5 
degeneracy worse : 2 2 2 6 6 6 
SCL #err deg : 37 / 200
SCL #err weighted degeneracy : 33 33 33 43 43 42 
degeneracy helps : 14 14 14 14 14 14 
degeneracy worse : 10 10 10 20 20 19 
SCL #err deg : 59 / 300
SCL #err weighted degeneracy : 50 50 50 65 65 65 
degeneracy helps : 23 23 23 23 23 23 
degeneracy worse : 14 14 14 29 29 29 
SCL #err deg : 76 / 400
SCL #err weighted degeneracy : 64 64 64 81 81 81 
degeneracy helps : 28 28 28 29 29 29 
degeneracy worse : 16 16 16 34 34 34 
SCL #err deg : 93 / 500
SCL #err weighted degeneracy : 81 81 81 101 103 104 
degeneracy helps : 33 33 33 35 35 35 
degeneracy worse : 22 22 22 43 45 46 
SCL #err deg : 106 / 600
SCL #err weighted degeneracy : 92 92 92 118 120 120 
degeneracy helps : 39 39 39 42 42 42 
degeneracy worse : 26 26 26 54 56 56 
SCL #err deg : 119 / 700
SCL #err weighted degeneracy : 105 105 105 137 139 139 
degeneracy helps : 44 44 44 47 47 47 
degeneracy worse : 31 31 31 65 67 67 
SCL #err deg : 133 / 800
SCL #err weighted degeneracy : 119 119 120 158 161 161 
degeneracy helps : 48 48 48 51 51 50 
degeneracy worse : 35 35 36 76 79 78 
SCL #err deg : 148 / 900
SCL #err weighted degeneracy : 131 131 132 178 182 180 
degeneracy helps : 53 53 53 56 55 54 
degeneracy worse : 37 37 38 86 89 86 
SCL #err deg : 164 / 1000
SCL #err weighted degeneracy : 146 146 147 200 204 203 
degeneracy helps : 58 58 58 61 60 59 
degeneracy worse : 41 41 42 97 100 98 
SCL #err deg : 183 / 1100
SCL #err weighted degeneracy : 162 162 163 219 223 221 
degeneracy helps : 64 64 64 70 69 68 
degeneracy worse : 45 45 46 106 109 106 
SCL #err deg : 193 / 1200
SCL #err weighted degeneracy : 169 169 170 230 236 236 
degeneracy helps : 70 70 70 76 74 73 
degeneracy worse : 48 48 49 113 117 116 
SCL #err deg : 219 / 1300
SCL #err weighted degeneracy : 191 191 192 253 260 259 
degeneracy helps : 76 76 76 83 81 80 
degeneracy worse : 50 50 51 117 122 120 
SCL #err deg : 240 / 1400
SCL #err weighted degeneracy : 205 205 206 271 278 280 
degeneracy helps : 87 87 87 94 92 91 
degeneracy worse : 54 54 55 125 130 131 
SCL #err deg : 258 / 1500
SCL #err weighted degeneracy : 225 225 226 294 301 307 
degeneracy helps : 91 91 91 98 97 96 
degeneracy worse : 60 60 61 134 140 145 
SCL #err deg : 272 / 1600
SCL #err weighted degeneracy : 235 235 236 307 314 319 
degeneracy helps : 98 98 98 105 104 104 
degeneracy worse : 63 63 64 140 146 151 
SCL #err deg : 295 / 1700
SCL #err weighted degeneracy : 257 257 258 331 338 342 
degeneracy helps : 107 107 107 115 114 114 
degeneracy worse : 71 71 72 151 157 161 
SCL #err deg : 307 / 1800
SCL #err weighted degeneracy : 273 273 274 350 357 363 
degeneracy helps : 111 111 111 118 117 117 
degeneracy worse : 79 79 80 161 167 173 
SCL #err deg : 316 / 1900
SCL #err weighted degeneracy : 282 282 283 364 371 376 
degeneracy helps : 116 116 116 123 122 121 
degeneracy worse : 84 84 85 171 177 181 
SCL #err deg : 341 / 2000
SCL #err weighted degeneracy : 306 306 307 394 401 406 
degeneracy helps : 122 122 122 129 128 127 
degeneracy worse : 89 89 90 182 188 192 
SCL #err deg : 360 / 2100
SCL #err weighted degeneracy : 318 318 319 410 420 424 
degeneracy helps : 132 132 132 139 138 137 
degeneracy worse : 92 92 93 189 198 201 
SCL #err deg : 377 / 2200
SCL #err weighted degeneracy : 338 338 339 434 445 451 
degeneracy helps : 137 137 137 144 143 142 
degeneracy worse : 100 100 101 201 211 216 
SCL #err deg : 396 / 2300
SCL #err weighted degeneracy : 357 357 358 456 467 476 
degeneracy helps : 142 142 142 149 148 147 
degeneracy worse : 105 105 106 209 219 227 
SCL #err deg : 417 / 2400
SCL #err weighted degeneracy : 375 375 376 481 491 500 
degeneracy helps : 150 150 150 157 156 155 
degeneracy worse : 110 110 111 221 230 238 
SCL #err deg : 438 / 2500
SCL #err weighted degeneracy : 390 390 391 503 513 523 
degeneracy helps : 159 159 159 166 165 164 
degeneracy worse : 113 113 114 231 240 249 
SCL #err deg : 461 / 2600
SCL #err weighted degeneracy : 410 410 411 526 536 547 
degeneracy helps : 165 165 165 172 171 170 
degeneracy worse : 117 117 118 237 246 256 
SCL #err deg : 471 / 2700
SCL #err weighted degeneracy : 420 420 422 543 554 565 
degeneracy helps : 170 170 170 177 176 175 
degeneracy worse : 122 122 124 249 259 269 
SCL #err deg : 486 / 2800
SCL #err weighted degeneracy : 435 435 437 559 571 585 
degeneracy helps : 173 173 173 182 181 179 
degeneracy worse : 125 125 127 255 266 278 
SCL #err deg : 501 / 2900
SCL #err weighted degeneracy : 449 449 451 578 590 606 
degeneracy helps : 179 179 179 188 187 185 
degeneracy worse : 130 130 132 265 276 290 
SCL #err deg : 520 / 3000
SCL #err weighted degeneracy : 470 470 472 601 613 628 
degeneracy helps : 184 184 184 194 193 191 
degeneracy worse : 137 137 139 275 286 299 
SCL #err deg : 535 / 3100
SCL #err weighted degeneracy : 485 485 487 620 632 646 
degeneracy helps : 190 190 190 201 200 198 
degeneracy worse : 143 143 145 286 297 309 
SCL #err deg : 557 / 3200
SCL #err weighted degeneracy : 509 509 511 647 661 673 
degeneracy helps : 197 197 197 209 208 206 
degeneracy worse : 152 152 154 299 312 322 
SCL #err deg : 572 / 3300
SCL #err weighted degeneracy : 525 525 527 669 683 694 
degeneracy helps : 199 199 199 211 210 208 
degeneracy worse : 155 155 157 308 321 330 
SCL #err deg : 584 / 3400
SCL #err weighted degeneracy : 538 538 540 687 701 715 
degeneracy helps : 203 203 203 216 215 212 
degeneracy worse : 160 160 162 319 332 343 
SCL #err deg : 598 / 3500
SCL #err weighted degeneracy : 549 549 551 707 721 736 
degeneracy helps : 208 208 209 220 219 216 
degeneracy worse : 164 164 166 329 342 354 
SCL #err deg : 619 / 3600
SCL #err weighted degeneracy : 567 567 569 724 738 754 
degeneracy helps : 215 215 216 229 228 224 
degeneracy worse : 168 168 170 334 347 359 
SCL #err deg : 636 / 3700
SCL #err weighted degeneracy : 582 582 584 739 754 770 
degeneracy helps : 221 221 222 236 235 231 
degeneracy worse : 172 172 174 339 353 365 
SCL #err deg : 649 / 3800
SCL #err weighted degeneracy : 594 594 596 758 773 789 
degeneracy helps : 224 224 225 239 238 234 
degeneracy worse : 174 174 176 348 362 374 
SCL #err deg : 666 / 3900
SCL #err weighted degeneracy : 606 606 608 776 791 808 
degeneracy helps : 233 233 234 248 247 242 
degeneracy worse : 178 178 180 358 372 384 
SCL #err deg : 684 / 4000
SCL #err weighted degeneracy : 624 624 626 797 812 828 
degeneracy helps : 237 237 238 254 253 248 
degeneracy worse : 182 182 184 367 381 392 
SCL #err deg : 703 / 4100
SCL #err weighted degeneracy : 639 639 641 818 833 850 
degeneracy helps : 245 245 246 261 260 255 
degeneracy worse : 186 186 188 376 390 402 
SCL #err deg : 720 / 4200
SCL #err weighted degeneracy : 656 656 658 838 853 870 
degeneracy helps : 252 252 253 268 267 262 
degeneracy worse : 193 193 195 386 400 412 
SCL #err deg : 734 / 4300
SCL #err weighted degeneracy : 666 666 668 850 865 884 
degeneracy helps : 261 261 262 278 277 271 
degeneracy worse : 198 198 200 394 408 421 
SCL #err deg : 748 / 4400
SCL #err weighted degeneracy : 682 682 684 869 884 904 
degeneracy helps : 265 265 266 282 281 275 
degeneracy worse : 204 204 206 403 417 431 
SCL #err deg : 770 / 4500
SCL #err weighted degeneracy : 700 700 702 889 904 926 
degeneracy helps : 272 272 273 290 289 283 
degeneracy worse : 207 207 209 409 423 439 
SCL #err deg : 790 / 4600
SCL #err weighted degeneracy : 719 719 721 912 927 949 
degeneracy helps : 278 278 279 297 296 290 
degeneracy worse : 212 212 214 419 433 449 
SCL #err deg : 804 / 4700
SCL #err weighted degeneracy : 733 733 735 934 950 970 
degeneracy helps : 284 284 285 304 303 297 
degeneracy worse : 218 218 220 434 449 463 
SCL #err deg : 815 / 4800
SCL #err weighted degeneracy : 744 744 746 948 965 984 
degeneracy helps : 290 290 291 310 308 302 
degeneracy worse : 224 224 226 443 458 471 
SCL #err deg : 827 / 4900
SCL #err weighted degeneracy : 758 758 760 968 985 1003 
degeneracy helps : 292 292 293 313 311 305 
degeneracy worse : 229 229 231 454 469 481 
SCL #err deg : 841 / 5000
SCL #err weighted degeneracy : 767 767 769 980 997 1017 
degeneracy helps : 300 300 301 323 321 314 
degeneracy worse : 233 233 235 462 477 490 
SCL #err deg : 866 / 5100
SCL #err weighted degeneracy : 790 790 792 1005 1022 1042 
degeneracy helps : 307 307 308 331 329 322 
degeneracy worse : 238 238 240 470 485 498 
SCL #err deg : 876 / 5200
SCL #err weighted degeneracy : 799 799 801 1017 1035 1055 
degeneracy helps : 312 312 313 336 334 327 
degeneracy worse : 242 242 244 477 493 506 
SCL #err deg : 888 / 5300
SCL #err weighted degeneracy : 813 813 815 1035 1055 1073 
degeneracy helps : 318 318 319 342 340 333 
degeneracy worse : 250 250 252 489 507 518 
SCL #err deg : 904 / 5400
SCL #err weighted degeneracy : 825 825 827 1053 1074 1093 
degeneracy helps : 327 327 329 352 350 343 
degeneracy worse : 256 256 258 501 520 532 
SCL #err deg : 921 / 5500
SCL #err weighted degeneracy : 844 844 846 1074 1095 1116 
degeneracy helps : 331 331 333 357 355 347 
degeneracy worse : 262 262 264 510 529 542 
SCL #err deg : 937 / 5600
SCL #err weighted degeneracy : 859 859 861 1093 1116 1136 
degeneracy helps : 341 341 343 367 365 357 
degeneracy worse : 271 271 273 523 544 556 
SCL #err deg : 946 / 5700
SCL #err weighted degeneracy : 876 876 878 1113 1136 1154 
degeneracy helps : 343 343 345 369 367 360 
degeneracy worse : 281 281 283 536 557 568 
SCL #err deg : 964 / 5800
SCL #err weighted degeneracy : 894 894 896 1133 1156 1175 
degeneracy helps : 349 349 351 375 373 366 
degeneracy worse : 287 287 289 544 565 577 
SCL #err deg : 985 / 5900
SCL #err weighted degeneracy : 913 913 915 1158 1182 1200 
degeneracy helps : 356 356 358 381 379 372 
degeneracy worse : 292 292 294 554 576 587 
SCL #err deg : 999 / 6000
SCL #err weighted degeneracy : 925 925 927 1176 1200 1220 
degeneracy helps : 362 362 364 387 385 378 
degeneracy worse : 296 296 298 564 586 599 
SCL #err deg : 1022 / 6100
SCL #err weighted degeneracy : 943 943 945 1196 1221 1240 
degeneracy helps : 369 369 371 395 393 386 
degeneracy worse : 298 298 300 569 592 604 
SCL #err deg : 1036 / 6200
SCL #err weighted degeneracy : 956 956 958 1216 1241 1260 
degeneracy helps : 374 374 376 400 398 391 
degeneracy worse : 302 302 304 580 603 615 
SCL #err deg : 1047 / 6300
SCL #err weighted degeneracy : 967 967 969 1228 1253 1274 
degeneracy helps : 378 378 380 405 403 395 
degeneracy worse : 306 306 308 586 609 622 
SCL #err deg : 1057 / 6400
SCL #err weighted degeneracy : 981 981 983 1246 1272 1293 
degeneracy helps : 383 383 385 411 409 401 
degeneracy worse : 315 315 317 600 624 637 
SCL #err deg : 1069 / 6500
SCL #err weighted degeneracy : 997 997 999 1264 1290 1308 
degeneracy helps : 385 385 387 414 412 405 
degeneracy worse : 321 321 323 609 633 644 
SCL #err deg : 1087 / 6600
SCL #err weighted degeneracy : 1014 1014 1016 1284 1310 1327 
degeneracy helps : 391 391 393 420 418 411 
degeneracy worse : 326 326 328 617 641 651 
SCL #err deg : 1101 / 6700
SCL #err weighted degeneracy : 1025 1025 1027 1297 1324 1342 
degeneracy helps : 396 396 398 425 423 416 
degeneracy worse : 328 328 330 621 646 657 
SCL #err deg : 1117 / 6800
SCL #err weighted degeneracy : 1040 1040 1042 1315 1343 1361 
degeneracy helps : 400 400 402 429 427 420 
degeneracy worse : 331 331 333 627 653 664 
SCL #err deg : 1133 / 6900
SCL #err weighted degeneracy : 1054 1054 1056 1330 1358 1376 
degeneracy helps : 405 405 407 434 432 425 
degeneracy worse : 334 334 336 631 657 668 
SCL #err deg : 1156 / 7000
SCL #err weighted degeneracy : 1072 1072 1074 1352 1380 1399 
degeneracy helps : 416 416 418 444 442 434 
degeneracy worse : 340 340 342 640 666 677 
SCL #err deg : 1177 / 7100
SCL #err weighted degeneracy : 1092 1092 1094 1377 1407 1425 
degeneracy helps : 423 423 425 451 449 442 
degeneracy worse : 346 346 348 651 679 690 
SCL #err deg : 1195 / 7200
SCL #err weighted degeneracy : 1113 1113 1115 1402 1432 1450 
degeneracy helps : 428 428 430 456 454 447 
degeneracy worse : 354 354 356 663 691 702 
SCL #err deg : 1211 / 7300
SCL #err weighted degeneracy : 1127 1127 1129 1420 1452 1470 
degeneracy helps : 436 436 438 464 462 455 
degeneracy worse : 360 360 362 673 703 714 
SCL #err deg : 1238 / 7400
SCL #err weighted degeneracy : 1150 1150 1152 1446 1478 1498 
degeneracy helps : 445 445 447 473 471 463 
degeneracy worse : 365 365 367 681 711 723 
SCL #err deg : 1255 / 7500
SCL #err weighted degeneracy : 1163 1163 1165 1461 1493 1514 
degeneracy helps : 453 453 455 483 481 473 
degeneracy worse : 369 369 371 689 719 732 
SCL #err deg : 1265 / 7600
SCL #err weighted degeneracy : 1171 1171 1173 1471 1503 1525 
degeneracy helps : 459 459 461 489 487 479 
degeneracy worse : 373 373 375 695 725 739 
SCL #err deg : 1279 / 7700
SCL #err weighted degeneracy : 1183 1183 1185 1483 1515 1537 
degeneracy helps : 463 463 465 494 492 484 
degeneracy worse : 375 375 377 698 728 742 
SCL #err deg : 1296 / 7800
SCL #err weighted degeneracy : 1194 1194 1196 1499 1531 1554 
degeneracy helps : 473 473 475 505 503 494 
degeneracy worse : 379 379 381 708 738 752 
SCL #err deg : 1313 / 7900
SCL #err weighted degeneracy : 1209 1209 1211 1519 1552 1575 
degeneracy helps : 477 477 479 510 508 498 
degeneracy worse : 381 381 383 716 747 760 
SCL #err deg : 1324 / 8000
SCL #err weighted degeneracy : 1218 1218 1220 1528 1561 1586 
degeneracy helps : 480 480 482 514 512 501 
degeneracy worse : 382 382 384 718 749 763 
SCL #err deg : 1342 / 8100
SCL #err weighted degeneracy : 1235 1235 1237 1553 1586 1611 
degeneracy helps : 487 487 489 524 522 509 
degeneracy worse : 388 388 390 735 766 778 
SCL #err deg : 1359 / 8200
SCL #err weighted degeneracy : 1251 1251 1253 1574 1606 1631 
degeneracy helps : 493 493 496 534 532 519 
degeneracy worse : 394 394 396 749 779 791 
SCL #err deg : 1381 / 8300
SCL #err weighted degeneracy : 1272 1272 1274 1598 1630 1654 
degeneracy helps : 499 499 502 541 539 526 
degeneracy worse : 399 399 401 758 788 799 
SCL #err deg : 1403 / 8400
SCL #err weighted degeneracy : 1287 1287 1289 1617 1649 1673 
degeneracy helps : 507 507 510 549 547 534 
degeneracy worse : 400 400 402 763 793 804 
SCL #err deg : 1427 / 8500
SCL #err weighted degeneracy : 1303 1303 1305 1634 1666 1692 
degeneracy helps : 518 518 521 561 559 546 
degeneracy worse : 403 403 405 768 798 811 
SCL #err deg : 1442 / 8600
SCL #err weighted degeneracy : 1316 1316 1318 1649 1681 1708 
degeneracy helps : 524 524 527 567 565 552 
degeneracy worse : 407 407 409 774 804 818 
SCL #err deg : 1458 / 8700
SCL #err weighted degeneracy : 1331 1331 1333 1669 1701 1729 
degeneracy helps : 528 528 531 571 569 557 
degeneracy worse : 410 410 412 782 812 828 
SCL #err deg : 1475 / 8800
SCL #err weighted degeneracy : 1351 1351 1353 1692 1724 1751 
degeneracy helps : 535 535 538 578 576 564 
degeneracy worse : 420 420 422 795 825 840 
SCL #err deg : 1489 / 8900
SCL #err weighted degeneracy : 1362 1362 1364 1706 1738 1767 
degeneracy helps : 541 541 544 585 583 571 
degeneracy worse : 424 424 426 802 832 849 
SCL #err deg : 1508 / 9000
SCL #err weighted degeneracy : 1378 1378 1380 1724 1756 1786 
degeneracy helps : 548 548 551 592 590 578 
degeneracy worse : 428 428 430 808 838 856 
SCL #err deg : 1525 / 9100
SCL #err weighted degeneracy : 1396 1396 1398 1746 1780 1811 
degeneracy helps : 551 551 554 597 595 583 
degeneracy worse : 432 432 434 818 850 869 
SCL #err deg : 1541 / 9200
SCL #err weighted degeneracy : 1414 1414 1416 1772 1806 1835 
degeneracy helps : 556 556 559 602 600 588 
degeneracy worse : 439 439 441 833 865 882 
SCL #err deg : 1553 / 9300
SCL #err weighted degeneracy : 1427 1427 1429 1790 1825 1854 
degeneracy helps : 559 559 562 605 603 591 
degeneracy worse : 443 443 445 842 875 892 
SCL #err deg : 1576 / 9400
SCL #err weighted degeneracy : 1445 1445 1447 1812 1848 1877 
degeneracy helps : 568 568 571 614 612 600 
degeneracy worse : 447 447 449 850 884 901 
SCL #err deg : 1595 / 9500
SCL #err weighted degeneracy : 1464 1464 1466 1835 1871 1899 
degeneracy helps : 575 575 578 621 619 608 
degeneracy worse : 454 454 456 861 895 912 
SCL #err deg : 1613 / 9600
SCL #err weighted degeneracy : 1474 1474 1476 1846 1882 1912 
degeneracy helps : 584 584 587 631 629 618 
degeneracy worse : 455 455 457 864 898 917 
SCL #err deg : 1631 / 9700
SCL #err weighted degeneracy : 1492 1492 1494 1865 1902 1932 
degeneracy helps : 589 590 593 637 635 623 
degeneracy worse : 461 461 463 871 906 924 
SCL #err deg : 1651 / 9800
SCL #err weighted degeneracy : 1508 1508 1510 1882 1920 1949 
degeneracy helps : 595 596 599 644 642 630 
degeneracy worse : 463 463 465 875 911 928 
SCL #err deg : 1666 / 9900
SCL #err weighted degeneracy : 1525 1525 1527 1904 1943 1972 
degeneracy helps : 600 601 604 649 646 634 
degeneracy worse : 470 470 472 887 923 940 
SCL #err deg : 1683 / 10000
SCL #err weighted degeneracy : 1544 1544 1546 1925 1964 1994 
degeneracy helps : 607 608 611 656 653 641 
degeneracy worse : 479 479 481 898 934 952 
average #flips: 5.1487
SCL #err considering degeneracy: 1683
error due to equal 1183
error due to SCL smaller 500
Finish in 646 s
