Simulation Polar syndrome FASTER N=2048, K=1025, l=128, pz=0.09, #samples=10000, seed=543
PW construction
Event generator random seed: 543
SCL #err deg : 4 / 100
SCL #err weighted degeneracy : 5 5 4 4 4 3 
degeneracy helps : 0 0 1 1 1 2 
degeneracy worse : 1 1 1 1 1 1 
SCL #err deg : 8 / 200
SCL #err weighted degeneracy : 9 9 8 8 8 7 
degeneracy helps : 0 0 1 1 1 2 
degeneracy worse : 1 1 1 1 1 1 
SCL #err deg : 10 / 300
SCL #err weighted degeneracy : 11 11 10 11 11 10 
degeneracy helps : 0 0 1 1 1 2 
degeneracy worse : 1 1 1 2 2 2 
SCL #err deg : 13 / 400
SCL #err weighted degeneracy : 13 13 12 13 13 12 
degeneracy helps : 1 1 2 2 2 3 
degeneracy worse : 1 1 1 2 2 2 
SCL #err deg : 19 / 500
SCL #err weighted degeneracy : 19 19 18 19 19 18 
degeneracy helps : 2 2 3 3 3 4 
degeneracy worse : 2 2 2 3 3 3 
SCL #err deg : 26 / 600
SCL #err weighted degeneracy : 24 24 23 24 24 23 
degeneracy helps : 4 4 5 5 5 7 
degeneracy worse : 2 2 2 3 3 4 
SCL #err deg : 28 / 700
SCL #err weighted degeneracy : 28 28 27 27 26 25 
degeneracy helps : 4 4 5 5 6 8 
degeneracy worse : 4 4 4 4 4 5 
SCL #err deg : 34 / 800
SCL #err weighted degeneracy : 34 34 33 33 32 31 
degeneracy helps : 4 4 5 5 6 8 
degeneracy worse : 4 4 4 4 4 5 
SCL #err deg : 38 / 900
SCL #err weighted degeneracy : 36 36 35 34 33 32 
degeneracy helps : 6 6 7 8 9 11 
degeneracy worse : 4 4 4 4 4 5 
SCL #err deg : 43 / 1000
SCL #err weighted degeneracy : 39 39 38 37 36 35 
degeneracy helps : 8 8 9 10 11 13 
degeneracy worse : 4 4 4 4 4 5 
SCL #err deg : 48 / 1100
SCL #err weighted degeneracy : 44 44 43 43 42 41 
degeneracy helps : 8 8 9 10 11 13 
degeneracy worse : 4 4 4 5 5 6 
SCL #err deg : 50 / 1200
SCL #err weighted degeneracy : 46 46 45 45 44 43 
degeneracy helps : 8 8 9 10 11 13 
degeneracy worse : 4 4 4 5 5 6 
SCL #err deg : 59 / 1300
SCL #err weighted degeneracy : 53 53 52 52 51 50 
degeneracy helps : 10 10 11 12 13 15 
degeneracy worse : 4 4 4 5 5 6 
SCL #err deg : 62 / 1400
SCL #err weighted degeneracy : 57 57 56 56 55 54 
degeneracy helps : 10 10 11 12 13 15 
degeneracy worse : 5 5 5 6 6 7 
SCL #err deg : 63 / 1500
SCL #err weighted degeneracy : 59 59 58 58 57 56 
degeneracy helps : 10 10 11 12 13 15 
degeneracy worse : 6 6 6 7 7 8 
SCL #err deg : 68 / 1600
SCL #err weighted degeneracy : 65 65 64 64 63 62 
degeneracy helps : 10 10 11 12 13 15 
degeneracy worse : 7 7 7 8 8 9 
SCL #err deg : 71 / 1700
SCL #err weighted degeneracy : 69 69 68 67 66 65 
degeneracy helps : 11 11 12 13 14 16 
degeneracy worse : 9 9 9 9 9 10 
SCL #err deg : 74 / 1800
SCL #err weighted degeneracy : 73 73 72 71 70 69 
degeneracy helps : 11 11 12 13 14 16 
degeneracy worse : 10 10 10 10 10 11 
SCL #err deg : 78 / 1900
SCL #err weighted degeneracy : 78 78 77 76 75 74 
degeneracy helps : 11 11 12 13 14 16 
degeneracy worse : 11 11 11 11 11 12 
SCL #err deg : 81 / 2000
SCL #err weighted degeneracy : 81 81 80 80 79 78 
degeneracy helps : 12 12 13 14 15 17 
degeneracy worse : 12 12 12 13 13 14 
SCL #err deg : 83 / 2100
SCL #err weighted degeneracy : 83 83 82 82 81 80 
degeneracy helps : 12 12 13 14 15 17 
degeneracy worse : 12 12 12 13 13 14 
SCL #err deg : 87 / 2200
SCL #err weighted degeneracy : 85 85 84 84 83 82 
degeneracy helps : 14 14 15 16 17 19 
degeneracy worse : 12 12 12 13 13 14 
SCL #err deg : 92 / 2300
SCL #err weighted degeneracy : 87 87 87 87 86 85 
degeneracy helps : 17 17 17 18 19 21 
degeneracy worse : 12 12 12 13 13 14 
SCL #err deg : 95 / 2400
SCL #err weighted degeneracy : 89 89 90 90 89 88 
degeneracy helps : 18 18 17 18 19 21 
degeneracy worse : 12 12 12 13 13 14 
SCL #err deg : 96 / 2500
SCL #err weighted degeneracy : 90 90 91 91 90 89 
degeneracy helps : 18 18 17 18 19 21 
degeneracy worse : 12 12 12 13 13 14 
SCL #err deg : 98 / 2600
SCL #err weighted degeneracy : 92 92 93 93 92 91 
degeneracy helps : 19 19 18 19 20 22 
degeneracy worse : 13 13 13 14 14 15 
SCL #err deg : 100 / 2700
SCL #err weighted degeneracy : 94 94 96 96 95 94 
degeneracy helps : 19 19 18 19 20 22 
degeneracy worse : 13 13 14 15 15 16 
SCL #err deg : 107 / 2800
SCL #err weighted degeneracy : 101 101 103 103 102 101 
degeneracy helps : 19 19 18 19 20 22 
degeneracy worse : 13 13 14 15 15 16 
SCL #err deg : 111 / 2900
SCL #err weighted degeneracy : 105 105 107 107 106 105 
degeneracy helps : 20 20 19 20 21 23 
degeneracy worse : 14 14 15 16 16 17 
SCL #err deg : 114 / 3000
SCL #err weighted degeneracy : 108 108 109 109 108 108 
degeneracy helps : 20 20 20 21 22 24 
degeneracy worse : 14 14 15 16 16 18 
SCL #err deg : 116 / 3100
SCL #err weighted degeneracy : 111 111 111 111 110 110 
degeneracy helps : 20 20 20 21 22 24 
degeneracy worse : 15 15 15 16 16 18 
SCL #err deg : 124 / 3200
SCL #err weighted degeneracy : 116 116 117 118 116 116 
degeneracy helps : 23 23 23 23 25 27 
degeneracy worse : 15 15 16 17 17 19 
SCL #err deg : 125 / 3300
SCL #err weighted degeneracy : 117 117 118 119 117 117 
degeneracy helps : 23 23 23 23 25 27 
degeneracy worse : 15 15 16 17 17 19 
SCL #err deg : 129 / 3400
SCL #err weighted degeneracy : 121 121 122 123 121 121 
degeneracy helps : 23 23 23 23 25 27 
degeneracy worse : 15 15 16 17 17 19 
SCL #err deg : 132 / 3500
SCL #err weighted degeneracy : 126 126 127 127 125 125 
degeneracy helps : 23 23 23 23 25 27 
degeneracy worse : 17 17 18 18 18 20 
SCL #err deg : 139 / 3600
SCL #err weighted degeneracy : 132 132 133 134 132 132 
degeneracy helps : 24 24 24 23 25 27 
degeneracy worse : 17 17 18 18 18 20 
SCL #err deg : 144 / 3700
SCL #err weighted degeneracy : 137 137 138 140 138 138 
degeneracy helps : 24 24 25 24 26 28 
degeneracy worse : 17 17 19 20 20 22 
SCL #err deg : 146 / 3800
SCL #err weighted degeneracy : 139 140 142 144 142 142 
degeneracy helps : 24 24 25 24 26 28 
degeneracy worse : 17 18 21 22 22 24 
SCL #err deg : 150 / 3900
SCL #err weighted degeneracy : 141 142 144 146 144 144 
degeneracy helps : 26 26 27 26 28 30 
degeneracy worse : 17 18 21 22 22 24 
SCL #err deg : 153 / 4000
SCL #err weighted degeneracy : 144 145 147 149 147 147 
degeneracy helps : 27 27 28 27 29 31 
degeneracy worse : 18 19 22 23 23 25 
SCL #err deg : 157 / 4100
SCL #err weighted degeneracy : 147 148 151 153 151 151 
degeneracy helps : 28 28 29 28 30 32 
degeneracy worse : 18 19 23 24 24 26 
SCL #err deg : 159 / 4200
SCL #err weighted degeneracy : 149 150 153 155 153 153 
degeneracy helps : 28 28 29 28 30 32 
degeneracy worse : 18 19 23 24 24 26 
SCL #err deg : 162 / 4300
SCL #err weighted degeneracy : 151 152 155 157 155 155 
degeneracy helps : 29 29 30 29 31 33 
degeneracy worse : 18 19 23 24 24 26 
SCL #err deg : 164 / 4400
SCL #err weighted degeneracy : 151 152 155 157 155 155 
degeneracy helps : 31 31 32 31 33 35 
degeneracy worse : 18 19 23 24 24 26 
SCL #err deg : 169 / 4500
SCL #err weighted degeneracy : 153 154 157 159 157 157 
degeneracy helps : 34 34 35 34 36 38 
degeneracy worse : 18 19 23 24 24 26 
SCL #err deg : 172 / 4600
SCL #err weighted degeneracy : 157 158 161 163 161 161 
degeneracy helps : 34 34 35 34 36 38 
degeneracy worse : 19 20 24 25 25 27 
SCL #err deg : 177 / 4700
SCL #err weighted degeneracy : 163 164 168 170 168 167 
degeneracy helps : 34 34 35 34 36 39 
degeneracy worse : 20 21 26 27 27 29 
SCL #err deg : 179 / 4800
SCL #err weighted degeneracy : 165 166 170 172 170 169 
degeneracy helps : 34 34 35 34 36 39 
degeneracy worse : 20 21 26 27 27 29 
SCL #err deg : 182 / 4900
SCL #err weighted degeneracy : 168 169 173 175 173 172 
degeneracy helps : 34 34 35 34 36 39 
degeneracy worse : 20 21 26 27 27 29 
SCL #err deg : 185 / 5000
SCL #err weighted degeneracy : 171 172 176 178 176 175 
degeneracy helps : 34 34 35 34 36 39 
degeneracy worse : 20 21 26 27 27 29 
SCL #err deg : 188 / 5100
SCL #err weighted degeneracy : 174 175 179 181 179 178 
degeneracy helps : 34 34 35 34 36 39 
degeneracy worse : 20 21 26 27 27 29 
SCL #err deg : 191 / 5200
SCL #err weighted degeneracy : 176 177 182 184 182 181 
degeneracy helps : 35 35 35 34 36 39 
degeneracy worse : 20 21 26 27 27 29 
SCL #err deg : 194 / 5300
SCL #err weighted degeneracy : 180 181 186 188 186 185 
degeneracy helps : 35 35 35 34 36 39 
degeneracy worse : 21 22 27 28 28 30 
SCL #err deg : 197 / 5400
SCL #err weighted degeneracy : 183 184 189 191 190 189 
degeneracy helps : 35 35 36 35 37 40 
degeneracy worse : 21 22 28 29 30 32 
SCL #err deg : 198 / 5500
SCL #err weighted degeneracy : 184 185 190 192 191 190 
degeneracy helps : 36 36 37 36 38 41 
degeneracy worse : 22 23 29 30 31 33 
SCL #err deg : 201 / 5600
SCL #err weighted degeneracy : 186 187 191 193 192 192 
degeneracy helps : 37 37 39 38 40 43 
degeneracy worse : 22 23 29 30 31 34 
SCL #err deg : 205 / 5700
SCL #err weighted degeneracy : 192 193 196 198 197 197 
degeneracy helps : 37 37 40 39 41 44 
degeneracy worse : 24 25 31 32 33 36 
SCL #err deg : 208 / 5800
SCL #err weighted degeneracy : 196 197 200 202 201 201 
degeneracy helps : 38 38 41 40 42 45 
degeneracy worse : 26 27 33 34 35 38 
SCL #err deg : 210 / 5900
SCL #err weighted degeneracy : 198 199 202 204 203 203 
degeneracy helps : 38 38 41 40 42 45 
degeneracy worse : 26 27 33 34 35 38 
SCL #err deg : 214 / 6000
SCL #err weighted degeneracy : 201 202 205 207 207 207 
degeneracy helps : 39 39 42 41 43 46 
degeneracy worse : 26 27 33 34 36 39 
SCL #err deg : 218 / 6100
SCL #err weighted degeneracy : 204 205 208 210 210 210 
degeneracy helps : 40 40 43 42 44 47 
degeneracy worse : 26 27 33 34 36 39 
SCL #err deg : 222 / 6200
SCL #err weighted degeneracy : 208 209 212 213 213 213 
degeneracy helps : 40 40 43 43 45 48 
degeneracy worse : 26 27 33 34 36 39 
SCL #err deg : 224 / 6300
SCL #err weighted degeneracy : 209 210 213 215 215 215 
degeneracy helps : 41 41 44 44 46 49 
degeneracy worse : 26 27 33 35 37 40 
SCL #err deg : 225 / 6400
SCL #err weighted degeneracy : 209 210 213 215 215 215 
degeneracy helps : 42 42 45 45 47 50 
degeneracy worse : 26 27 33 35 37 40 
SCL #err deg : 230 / 6500
SCL #err weighted degeneracy : 214 215 217 219 219 219 
degeneracy helps : 42 42 46 46 48 51 
degeneracy worse : 26 27 33 35 37 40 
SCL #err deg : 232 / 6600
SCL #err weighted degeneracy : 216 217 219 221 221 221 
degeneracy helps : 42 42 46 46 48 51 
degeneracy worse : 26 27 33 35 37 40 
SCL #err deg : 235 / 6700
SCL #err weighted degeneracy : 219 220 222 224 224 224 
degeneracy helps : 42 42 46 46 48 51 
degeneracy worse : 26 27 33 35 37 40 
SCL #err deg : 237 / 6800
SCL #err weighted degeneracy : 219 220 223 225 225 225 
degeneracy helps : 44 44 48 48 50 53 
degeneracy worse : 26 27 34 36 38 41 
SCL #err deg : 243 / 6900
SCL #err weighted degeneracy : 225 226 229 231 231 231 
degeneracy helps : 45 45 49 49 51 54 
degeneracy worse : 27 28 35 37 39 42 
SCL #err deg : 246 / 7000
SCL #err weighted degeneracy : 227 228 231 233 233 233 
degeneracy helps : 46 46 50 50 52 55 
degeneracy worse : 27 28 35 37 39 42 
SCL #err deg : 246 / 7100
SCL #err weighted degeneracy : 227 228 232 234 234 234 
degeneracy helps : 46 46 50 50 52 55 
degeneracy worse : 27 28 36 38 40 43 
SCL #err deg : 250 / 7200
SCL #err weighted degeneracy : 229 230 234 236 236 236 
degeneracy helps : 48 48 52 52 54 57 
degeneracy worse : 27 28 36 38 40 43 
SCL #err deg : 253 / 7300
SCL #err weighted degeneracy : 232 233 238 240 240 240 
degeneracy helps : 48 48 52 52 54 57 
degeneracy worse : 27 28 37 39 41 44 
SCL #err deg : 255 / 7400
SCL #err weighted degeneracy : 233 234 239 241 241 241 
degeneracy helps : 49 49 53 53 55 58 
degeneracy worse : 27 28 37 39 41 44 
SCL #err deg : 257 / 7500
SCL #err weighted degeneracy : 236 237 242 244 244 244 
degeneracy helps : 49 49 53 53 55 58 
degeneracy worse : 28 29 38 40 42 45 
SCL #err deg : 259 / 7600
SCL #err weighted degeneracy : 238 239 245 247 247 247 
degeneracy helps : 49 49 53 53 55 58 
degeneracy worse : 28 29 39 41 43 46 
SCL #err deg : 261 / 7700
SCL #err weighted degeneracy : 240 241 247 249 249 249 
degeneracy helps : 50 50 54 54 56 59 
degeneracy worse : 29 30 40 42 44 47 
SCL #err deg : 264 / 7800
SCL #err weighted degeneracy : 242 243 249 251 251 251 
degeneracy helps : 51 51 55 55 57 60 
degeneracy worse : 29 30 40 42 44 47 
SCL #err deg : 265 / 7900
SCL #err weighted degeneracy : 244 245 251 253 253 253 
degeneracy helps : 51 51 55 55 57 60 
degeneracy worse : 30 31 41 43 45 48 
SCL #err deg : 268 / 8000
SCL #err weighted degeneracy : 247 248 254 256 256 256 
degeneracy helps : 51 51 55 55 57 60 
degeneracy worse : 30 31 41 43 45 48 
SCL #err deg : 269 / 8100
SCL #err weighted degeneracy : 249 250 256 258 258 257 
degeneracy helps : 51 51 55 55 57 61 
degeneracy worse : 31 32 42 44 46 49 
SCL #err deg : 272 / 8200
SCL #err weighted degeneracy : 253 254 260 262 262 261 
degeneracy helps : 51 51 55 55 57 61 
degeneracy worse : 32 33 43 45 47 50 
SCL #err deg : 273 / 8300
SCL #err weighted degeneracy : 255 256 262 264 264 263 
degeneracy helps : 51 51 55 55 57 61 
degeneracy worse : 33 34 44 46 48 51 
SCL #err deg : 274 / 8400
SCL #err weighted degeneracy : 257 258 264 266 267 266 
degeneracy helps : 51 51 55 55 57 61 
degeneracy worse : 34 35 45 47 50 53 
SCL #err deg : 278 / 8500
SCL #err weighted degeneracy : 261 262 268 270 271 270 
degeneracy helps : 51 51 55 55 57 61 
degeneracy worse : 34 35 45 47 50 53 
SCL #err deg : 279 / 8600
SCL #err weighted degeneracy : 262 263 269 271 272 271 
degeneracy helps : 51 51 55 55 57 61 
degeneracy worse : 34 35 45 47 50 53 
SCL #err deg : 282 / 8700
SCL #err weighted degeneracy : 265 266 272 274 275 274 
degeneracy helps : 51 51 55 55 57 61 
degeneracy worse : 34 35 45 47 50 53 
SCL #err deg : 282 / 8800
SCL #err weighted degeneracy : 266 267 273 274 275 274 
degeneracy helps : 51 51 55 55 57 61 
degeneracy worse : 35 36 46 47 50 53 
SCL #err deg : 288 / 8900
SCL #err weighted degeneracy : 271 272 277 278 279 278 
degeneracy helps : 53 53 58 58 60 64 
degeneracy worse : 36 37 47 48 51 54 
SCL #err deg : 292 / 9000
SCL #err weighted degeneracy : 276 277 282 283 284 283 
degeneracy helps : 53 53 58 58 61 65 
degeneracy worse : 37 38 48 49 53 56 
SCL #err deg : 295 / 9100
SCL #err weighted degeneracy : 279 280 285 286 287 286 
degeneracy helps : 54 54 59 59 62 66 
degeneracy worse : 38 39 49 50 54 57 
SCL #err deg : 296 / 9200
SCL #err weighted degeneracy : 280 281 287 289 290 289 
degeneracy helps : 54 54 59 59 62 66 
degeneracy worse : 38 39 50 52 56 59 
SCL #err deg : 296 / 9300
SCL #err weighted degeneracy : 280 281 287 290 291 290 
degeneracy helps : 54 54 59 59 62 66 
degeneracy worse : 38 39 50 53 57 60 
SCL #err deg : 299 / 9400
SCL #err weighted degeneracy : 281 282 288 291 292 291 
degeneracy helps : 57 57 62 62 65 69 
degeneracy worse : 39 40 51 54 58 61 
SCL #err deg : 301 / 9500
SCL #err weighted degeneracy : 283 284 290 293 294 293 
degeneracy helps : 57 57 62 62 65 69 
degeneracy worse : 39 40 51 54 58 61 
SCL #err deg : 303 / 9600
SCL #err weighted degeneracy : 285 286 292 295 296 295 
degeneracy helps : 57 57 62 62 65 69 
degeneracy worse : 39 40 51 54 58 61 
SCL #err deg : 306 / 9700
SCL #err weighted degeneracy : 287 288 294 297 299 298 
degeneracy helps : 58 58 63 63 66 70 
degeneracy worse : 39 40 51 54 59 62 
SCL #err deg : 309 / 9800
SCL #err weighted degeneracy : 290 291 298 301 304 303 
degeneracy helps : 58 58 63 63 66 70 
degeneracy worse : 39 40 52 55 61 64 
SCL #err deg : 311 / 9900
SCL #err weighted degeneracy : 292 293 300 303 306 305 
degeneracy helps : 59 59 64 64 67 71 
degeneracy worse : 40 41 53 56 62 65 
SCL #err deg : 314 / 10000
SCL #err weighted degeneracy : 294 295 302 305 308 307 
degeneracy helps : 60 60 65 65 68 72 
degeneracy worse : 40 41 53 56 62 65 
average #flips: 184.357
SCL #err considering degeneracy: 314
error due to equal 93
error due to SCL smaller 167
Finish in 28752 s
