Simulation Polar syndrome FASTER N=128, K=65, l=128, pz=0.2, #samples=10000, seed=197
HPW construction
Event generator random seed: 197
SCL #err deg : 71 / 100
SCL #err weighted degeneracy : 74 73 73 68 70 66 
degeneracy helps : 13 13 14 19 19 22 
degeneracy worse : 16 15 16 16 18 17 
SCL #err deg : 145 / 200
SCL #err weighted degeneracy : 149 148 148 140 142 138 
degeneracy helps : 21 21 23 31 31 34 
degeneracy worse : 25 24 26 26 28 27 
SCL #err deg : 218 / 300
SCL #err weighted degeneracy : 221 218 217 207 209 204 
degeneracy helps : 33 34 37 48 49 51 
degeneracy worse : 36 34 36 37 40 37 
SCL #err deg : 297 / 400
SCL #err weighted degeneracy : 298 295 295 284 288 281 
degeneracy helps : 45 46 49 60 61 65 
degeneracy worse : 46 44 47 47 52 49 
SCL #err deg : 372 / 500
SCL #err weighted degeneracy : 368 366 366 357 359 353 
degeneracy helps : 58 58 61 72 74 78 
degeneracy worse : 54 52 55 57 61 59 
SCL #err deg : 443 / 600
SCL #err weighted degeneracy : 439 437 437 427 428 419 
degeneracy helps : 69 69 73 85 87 93 
degeneracy worse : 65 63 67 69 72 69 
SCL #err deg : 510 / 700
SCL #err weighted degeneracy : 506 504 505 499 500 489 
degeneracy helps : 80 80 84 95 99 105 
degeneracy worse : 76 74 79 84 89 84 
SCL #err deg : 581 / 800
SCL #err weighted degeneracy : 579 576 576 569 569 560 
degeneracy helps : 89 90 95 107 112 116 
degeneracy worse : 87 85 90 95 100 95 
SCL #err deg : 658 / 900
SCL #err weighted degeneracy : 654 651 650 642 642 633 
degeneracy helps : 98 99 105 119 125 130 
degeneracy worse : 94 92 97 103 109 105 
SCL #err deg : 733 / 1000
SCL #err weighted degeneracy : 725 723 723 713 713 707 
degeneracy helps : 111 111 117 135 140 145 
degeneracy worse : 104 102 107 115 120 119 
SCL #err deg : 798 / 1100
SCL #err weighted degeneracy : 791 790 789 778 782 780 
degeneracy helps : 123 123 129 148 152 154 
degeneracy worse : 117 116 120 128 136 136 
SCL #err deg : 860 / 1200
SCL #err weighted degeneracy : 862 860 859 847 848 848 
degeneracy helps : 134 135 141 161 169 170 
degeneracy worse : 137 136 140 148 157 158 
SCL #err deg : 931 / 1300
SCL #err weighted degeneracy : 935 932 932 923 921 921 
degeneracy helps : 142 145 149 169 179 182 
degeneracy worse : 147 147 150 161 169 172 
SCL #err deg : 1007 / 1400
SCL #err weighted degeneracy : 1005 1002 1002 994 990 991 
degeneracy helps : 154 156 161 182 194 196 
degeneracy worse : 153 152 156 169 177 180 
SCL #err deg : 1086 / 1500
SCL #err weighted degeneracy : 1084 1083 1080 1069 1064 1066 
degeneracy helps : 161 162 168 191 204 205 
degeneracy worse : 160 160 162 174 182 185 
SCL #err deg : 1158 / 1600
SCL #err weighted degeneracy : 1146 1147 1140 1131 1127 1130 
degeneracy helps : 178 177 186 210 222 224 
degeneracy worse : 167 167 168 183 191 196 
SCL #err deg : 1231 / 1700
SCL #err weighted degeneracy : 1218 1219 1212 1203 1194 1200 
degeneracy helps : 188 187 198 223 241 241 
degeneracy worse : 176 176 179 195 204 210 
SCL #err deg : 1306 / 1800
SCL #err weighted degeneracy : 1285 1285 1279 1271 1261 1271 
degeneracy helps : 205 204 215 240 259 256 
degeneracy worse : 185 184 188 205 214 221 
SCL #err deg : 1381 / 1900
SCL #err weighted degeneracy : 1354 1354 1350 1345 1333 1348 
degeneracy helps : 219 218 228 253 276 271 
degeneracy worse : 193 192 197 217 228 238 
SCL #err deg : 1458 / 2000
SCL #err weighted degeneracy : 1428 1426 1425 1420 1409 1420 
degeneracy helps : 235 234 243 268 290 289 
degeneracy worse : 206 203 210 230 241 251 
SCL #err deg : 1535 / 2100
SCL #err weighted degeneracy : 1501 1499 1499 1492 1483 1495 
degeneracy helps : 247 246 254 281 303 303 
degeneracy worse : 214 211 218 238 251 263 
SCL #err deg : 1606 / 2200
SCL #err weighted degeneracy : 1574 1572 1572 1569 1558 1573 
degeneracy helps : 253 251 260 287 311 313 
degeneracy worse : 222 218 226 250 263 280 
SCL #err deg : 1683 / 2300
SCL #err weighted degeneracy : 1651 1648 1649 1646 1633 1644 
degeneracy helps : 263 262 270 298 324 329 
degeneracy worse : 232 228 236 261 274 290 
SCL #err deg : 1756 / 2400
SCL #err weighted degeneracy : 1717 1714 1715 1713 1701 1713 
degeneracy helps : 278 277 285 312 338 345 
degeneracy worse : 240 236 244 269 283 302 
SCL #err deg : 1821 / 2500
SCL #err weighted degeneracy : 1785 1784 1783 1783 1773 1783 
degeneracy helps : 294 292 300 326 351 361 
degeneracy worse : 259 256 263 288 303 323 
SCL #err deg : 1905 / 2600
SCL #err weighted degeneracy : 1860 1858 1859 1858 1850 1855 
degeneracy helps : 308 307 314 342 365 380 
degeneracy worse : 264 261 269 295 310 330 
SCL #err deg : 1981 / 2700
SCL #err weighted degeneracy : 1932 1929 1930 1929 1922 1928 
degeneracy helps : 321 321 328 357 379 394 
degeneracy worse : 273 270 278 305 320 341 
SCL #err deg : 2055 / 2800
SCL #err weighted degeneracy : 1999 1997 1997 1996 1989 1997 
degeneracy helps : 336 335 343 374 395 411 
degeneracy worse : 281 278 286 315 329 353 
SCL #err deg : 2124 / 2900
SCL #err weighted degeneracy : 2068 2067 2067 2070 2062 2071 
degeneracy helps : 350 348 357 386 407 423 
degeneracy worse : 295 292 301 332 345 370 
SCL #err deg : 2199 / 3000
SCL #err weighted degeneracy : 2139 2138 2138 2144 2137 2145 
degeneracy helps : 360 358 367 398 419 436 
degeneracy worse : 301 298 307 343 357 382 
SCL #err deg : 2271 / 3100
SCL #err weighted degeneracy : 2209 2208 2208 2214 2209 2219 
degeneracy helps : 371 369 378 410 431 446 
degeneracy worse : 310 307 316 353 369 394 
SCL #err deg : 2353 / 3200
SCL #err weighted degeneracy : 2280 2279 2278 2280 2277 2286 
degeneracy helps : 388 386 395 432 452 467 
degeneracy worse : 316 313 321 359 376 400 
SCL #err deg : 2419 / 3300
SCL #err weighted degeneracy : 2349 2345 2348 2349 2348 2359 
degeneracy helps : 401 400 408 445 465 479 
degeneracy worse : 332 327 338 375 394 419 
SCL #err deg : 2498 / 3400
SCL #err weighted degeneracy : 2424 2419 2424 2429 2432 2442 
degeneracy helps : 412 411 418 455 473 489 
degeneracy worse : 339 333 345 386 407 433 
SCL #err deg : 2576 / 3500
SCL #err weighted degeneracy : 2499 2495 2499 2500 2502 2509 
degeneracy helps : 422 420 428 468 487 506 
degeneracy worse : 346 340 352 392 413 439 
SCL #err deg : 2649 / 3600
SCL #err weighted degeneracy : 2570 2567 2570 2572 2574 2581 
degeneracy helps : 439 435 446 486 506 525 
degeneracy worse : 361 354 368 409 431 457 
SCL #err deg : 2722 / 3700
SCL #err weighted degeneracy : 2638 2635 2638 2642 2641 2648 
degeneracy helps : 452 447 459 501 522 541 
degeneracy worse : 369 361 376 421 441 467 
SCL #err deg : 2791 / 3800
SCL #err weighted degeneracy : 2716 2711 2717 2722 2723 2729 
degeneracy helps : 461 456 467 508 529 550 
degeneracy worse : 387 377 394 439 461 488 
SCL #err deg : 2863 / 3900
SCL #err weighted degeneracy : 2789 2780 2790 2799 2799 2802 
degeneracy helps : 469 465 475 518 540 566 
degeneracy worse : 396 383 403 454 476 505 
SCL #err deg : 2936 / 4000
SCL #err weighted degeneracy : 2862 2854 2863 2869 2867 2868 
degeneracy helps : 482 477 489 534 558 586 
degeneracy worse : 409 396 417 467 489 518 
SCL #err deg : 3006 / 4100
SCL #err weighted degeneracy : 2935 2927 2936 2943 2940 2939 
degeneracy helps : 490 484 497 543 569 600 
degeneracy worse : 420 407 428 480 503 533 
SCL #err deg : 3078 / 4200
SCL #err weighted degeneracy : 3000 2990 3003 3008 3007 3009 
degeneracy helps : 507 501 514 563 587 620 
degeneracy worse : 430 415 440 493 516 551 
SCL #err deg : 3151 / 4300
SCL #err weighted degeneracy : 3067 3056 3071 3080 3079 3078 
degeneracy helps : 519 513 525 574 599 636 
degeneracy worse : 436 421 446 503 527 563 
SCL #err deg : 3225 / 4400
SCL #err weighted degeneracy : 3138 3126 3143 3155 3154 3156 
degeneracy helps : 535 528 541 589 614 649 
degeneracy worse : 449 432 460 519 543 580 
SCL #err deg : 3302 / 4500
SCL #err weighted degeneracy : 3215 3203 3219 3228 3225 3224 
degeneracy helps : 544 537 552 601 628 667 
degeneracy worse : 458 441 470 527 551 589 
SCL #err deg : 3373 / 4600
SCL #err weighted degeneracy : 3291 3278 3296 3307 3304 3304 
degeneracy helps : 554 548 562 609 636 675 
degeneracy worse : 473 456 486 543 567 606 
SCL #err deg : 3449 / 4700
SCL #err weighted degeneracy : 3363 3350 3369 3378 3374 3373 
degeneracy helps : 568 562 576 625 654 694 
degeneracy worse : 483 466 497 554 579 618 
SCL #err deg : 3527 / 4800
SCL #err weighted degeneracy : 3438 3425 3444 3454 3451 3450 
degeneracy helps : 578 571 586 636 665 706 
degeneracy worse : 490 472 504 563 589 629 
SCL #err deg : 3594 / 4900
SCL #err weighted degeneracy : 3504 3490 3510 3523 3523 3520 
degeneracy helps : 591 583 599 646 674 717 
degeneracy worse : 502 482 516 575 603 643 
SCL #err deg : 3669 / 5000
SCL #err weighted degeneracy : 3579 3566 3585 3598 3599 3598 
degeneracy helps : 604 595 613 660 687 730 
degeneracy worse : 515 495 530 589 617 659 
SCL #err deg : 3748 / 5100
SCL #err weighted degeneracy : 3659 3645 3665 3679 3681 3680 
degeneracy helps : 614 605 623 671 697 741 
degeneracy worse : 526 505 541 602 630 673 
SCL #err deg : 3816 / 5200
SCL #err weighted degeneracy : 3731 3717 3738 3753 3753 3754 
degeneracy helps : 626 617 634 685 714 755 
degeneracy worse : 542 521 557 622 651 693 
SCL #err deg : 3894 / 5300
SCL #err weighted degeneracy : 3799 3786 3806 3827 3829 3830 
degeneracy helps : 646 636 654 701 729 769 
degeneracy worse : 552 531 567 634 664 705 
SCL #err deg : 3960 / 5400
SCL #err weighted degeneracy : 3864 3849 3870 3891 3896 3898 
degeneracy helps : 659 650 667 716 743 782 
degeneracy worse : 564 542 578 647 679 720 
SCL #err deg : 4029 / 5500
SCL #err weighted degeneracy : 3936 3919 3944 3965 3969 3970 
degeneracy helps : 670 662 678 730 759 797 
degeneracy worse : 578 555 594 666 699 738 
SCL #err deg : 4106 / 5600
SCL #err weighted degeneracy : 4006 3989 4015 4037 4042 4045 
degeneracy helps : 688 680 695 746 774 812 
degeneracy worse : 589 566 605 677 710 751 
SCL #err deg : 4175 / 5700
SCL #err weighted degeneracy : 4072 4056 4083 4104 4111 4117 
degeneracy helps : 700 691 707 761 789 825 
degeneracy worse : 598 575 616 690 725 767 
SCL #err deg : 4247 / 5800
SCL #err weighted degeneracy : 4145 4130 4155 4180 4188 4195 
degeneracy helps : 709 699 717 771 801 836 
degeneracy worse : 608 585 626 704 742 784 
SCL #err deg : 4325 / 5900
SCL #err weighted degeneracy : 4223 4207 4233 4258 4267 4273 
degeneracy helps : 720 710 728 783 814 850 
degeneracy worse : 619 596 637 716 756 798 
SCL #err deg : 4390 / 6000
SCL #err weighted degeneracy : 4292 4278 4302 4327 4338 4341 
degeneracy helps : 730 718 738 796 827 867 
degeneracy worse : 633 610 651 733 775 818 
SCL #err deg : 4462 / 6100
SCL #err weighted degeneracy : 4367 4351 4378 4404 4414 4414 
degeneracy helps : 740 728 748 806 838 881 
degeneracy worse : 646 621 665 748 790 833 
SCL #err deg : 4530 / 6200
SCL #err weighted degeneracy : 4434 4417 4447 4475 4485 4489 
degeneracy helps : 753 741 761 819 851 890 
degeneracy worse : 658 632 679 764 806 849 
SCL #err deg : 4602 / 6300
SCL #err weighted degeneracy : 4507 4491 4520 4546 4559 4564 
degeneracy helps : 761 748 769 830 861 900 
degeneracy worse : 667 641 688 774 818 862 
SCL #err deg : 4668 / 6400
SCL #err weighted degeneracy : 4573 4556 4585 4613 4626 4632 
degeneracy helps : 774 761 783 844 875 915 
degeneracy worse : 680 653 701 789 833 879 
SCL #err deg : 4742 / 6500
SCL #err weighted degeneracy : 4645 4629 4657 4688 4701 4709 
degeneracy helps : 784 770 793 854 886 927 
degeneracy worse : 688 661 709 800 845 894 
SCL #err deg : 4819 / 6600
SCL #err weighted degeneracy : 4715 4700 4728 4759 4778 4788 
degeneracy helps : 801 786 810 871 899 938 
degeneracy worse : 698 671 720 811 858 907 
SCL #err deg : 4895 / 6700
SCL #err weighted degeneracy : 4786 4772 4796 4829 4848 4858 
degeneracy helps : 810 794 822 884 913 953 
degeneracy worse : 702 675 724 818 866 916 
SCL #err deg : 4971 / 6800
SCL #err weighted degeneracy : 4863 4849 4873 4908 4926 4934 
degeneracy helps : 818 802 830 892 923 963 
degeneracy worse : 711 684 733 829 878 926 
SCL #err deg : 5046 / 6900
SCL #err weighted degeneracy : 4939 4924 4948 4982 4998 5009 
degeneracy helps : 830 814 842 907 939 977 
degeneracy worse : 724 696 745 843 891 940 
SCL #err deg : 5117 / 7000
SCL #err weighted degeneracy : 5008 4996 5017 5053 5065 5080 
degeneracy helps : 845 826 857 922 959 997 
degeneracy worse : 737 709 758 858 907 960 
SCL #err deg : 5192 / 7100
SCL #err weighted degeneracy : 5084 5073 5093 5127 5140 5158 
degeneracy helps : 857 836 870 937 974 1011 
degeneracy worse : 750 721 772 872 922 977 
SCL #err deg : 5265 / 7200
SCL #err weighted degeneracy : 5160 5149 5168 5206 5220 5239 
degeneracy helps : 867 846 881 948 985 1022 
degeneracy worse : 763 734 785 889 940 996 
SCL #err deg : 5331 / 7300
SCL #err weighted degeneracy : 5228 5217 5237 5276 5293 5312 
degeneracy helps : 878 857 893 959 996 1034 
degeneracy worse : 776 747 800 904 958 1015 
SCL #err deg : 5401 / 7400
SCL #err weighted degeneracy : 5304 5291 5313 5351 5369 5384 
degeneracy helps : 886 866 902 973 1011 1052 
degeneracy worse : 790 760 815 923 979 1035 
SCL #err deg : 5480 / 7500
SCL #err weighted degeneracy : 5379 5367 5389 5424 5442 5456 
degeneracy helps : 896 874 911 986 1025 1067 
degeneracy worse : 796 765 821 930 987 1043 
SCL #err deg : 5547 / 7600
SCL #err weighted degeneracy : 5444 5431 5452 5491 5511 5528 
degeneracy helps : 914 891 930 1005 1043 1082 
degeneracy worse : 812 780 836 949 1007 1063 
SCL #err deg : 5625 / 7700
SCL #err weighted degeneracy : 5519 5507 5527 5567 5587 5603 
degeneracy helps : 923 900 939 1015 1053 1094 
degeneracy worse : 818 787 842 957 1015 1072 
SCL #err deg : 5700 / 7800
SCL #err weighted degeneracy : 5590 5575 5597 5637 5660 5677 
degeneracy helps : 939 916 956 1032 1067 1107 
degeneracy worse : 830 796 854 969 1027 1084 
SCL #err deg : 5772 / 7900
SCL #err weighted degeneracy : 5660 5645 5668 5710 5733 5752 
degeneracy helps : 952 929 969 1045 1081 1120 
degeneracy worse : 841 807 866 983 1042 1100 
SCL #err deg : 5844 / 8000
SCL #err weighted degeneracy : 5725 5708 5735 5778 5798 5817 
degeneracy helps : 966 943 982 1059 1099 1141 
degeneracy worse : 848 812 874 993 1053 1114 
SCL #err deg : 5916 / 8100
SCL #err weighted degeneracy : 5800 5783 5813 5855 5876 5891 
degeneracy helps : 973 951 989 1068 1108 1154 
degeneracy worse : 858 823 887 1007 1068 1129 
SCL #err deg : 5989 / 8200
SCL #err weighted degeneracy : 5869 5854 5885 5928 5949 5968 
degeneracy helps : 984 960 998 1078 1118 1163 
degeneracy worse : 865 830 895 1017 1078 1142 
SCL #err deg : 6066 / 8300
SCL #err weighted degeneracy : 5944 5928 5962 6004 6026 6043 
degeneracy helps : 996 972 1011 1092 1131 1177 
degeneracy worse : 875 839 908 1030 1091 1154 
SCL #err deg : 6138 / 8400
SCL #err weighted degeneracy : 6016 6001 6034 6082 6104 6121 
degeneracy helps : 1010 985 1025 1103 1143 1189 
degeneracy worse : 889 853 922 1047 1109 1172 
SCL #err deg : 6205 / 8500
SCL #err weighted degeneracy : 6093 6079 6112 6155 6172 6189 
degeneracy helps : 1017 991 1032 1113 1156 1203 
degeneracy worse : 906 870 940 1063 1123 1187 
SCL #err deg : 6273 / 8600
SCL #err weighted degeneracy : 6163 6149 6182 6226 6244 6258 
degeneracy helps : 1029 1004 1045 1127 1172 1222 
degeneracy worse : 920 885 955 1080 1143 1207 
SCL #err deg : 6346 / 8700
SCL #err weighted degeneracy : 6235 6223 6252 6298 6320 6333 
degeneracy helps : 1042 1015 1060 1141 1186 1237 
degeneracy worse : 932 897 967 1093 1160 1224 
SCL #err deg : 6415 / 8800
SCL #err weighted degeneracy : 6304 6293 6322 6370 6391 6407 
degeneracy helps : 1056 1028 1074 1155 1201 1250 
degeneracy worse : 946 911 982 1110 1177 1242 
SCL #err deg : 6482 / 8900
SCL #err weighted degeneracy : 6374 6364 6391 6440 6458 6473 
degeneracy helps : 1068 1038 1087 1169 1218 1267 
degeneracy worse : 961 925 997 1127 1194 1258 
SCL #err deg : 6558 / 9000
SCL #err weighted degeneracy : 6443 6433 6459 6512 6527 6545 
degeneracy helps : 1085 1054 1105 1185 1236 1282 
degeneracy worse : 971 935 1007 1139 1205 1269 
SCL #err deg : 6624 / 9100
SCL #err weighted degeneracy : 6513 6503 6530 6583 6596 6620 
degeneracy helps : 1095 1064 1115 1197 1251 1295 
degeneracy worse : 985 949 1022 1156 1223 1291 
SCL #err deg : 6697 / 9200
SCL #err weighted degeneracy : 6580 6570 6597 6649 6664 6688 
degeneracy helps : 1112 1081 1132 1214 1267 1312 
degeneracy worse : 996 960 1033 1166 1234 1303 
SCL #err deg : 6769 / 9300
SCL #err weighted degeneracy : 6648 6638 6667 6717 6731 6754 
degeneracy helps : 1123 1092 1142 1226 1281 1327 
degeneracy worse : 1003 967 1041 1174 1243 1312 
SCL #err deg : 6842 / 9400
SCL #err weighted degeneracy : 6712 6703 6730 6784 6800 6825 
degeneracy helps : 1138 1106 1158 1244 1297 1343 
degeneracy worse : 1009 973 1047 1186 1255 1326 
SCL #err deg : 6914 / 9500
SCL #err weighted degeneracy : 6779 6768 6797 6850 6864 6885 
degeneracy helps : 1151 1118 1172 1261 1316 1366 
degeneracy worse : 1017 978 1056 1197 1266 1337 
SCL #err deg : 6992 / 9600
SCL #err weighted degeneracy : 6856 6843 6874 6924 6941 6963 
degeneracy helps : 1159 1126 1180 1273 1326 1376 
degeneracy worse : 1024 983 1063 1205 1275 1347 
SCL #err deg : 7075 / 9700
SCL #err weighted degeneracy : 6945 6931 6963 7009 7025 7048 
degeneracy helps : 1165 1133 1186 1282 1335 1384 
degeneracy worse : 1036 995 1075 1216 1285 1357 
SCL #err deg : 7143 / 9800
SCL #err weighted degeneracy : 7023 7007 7041 7090 7105 7128 
degeneracy helps : 1174 1142 1196 1290 1343 1392 
degeneracy worse : 1055 1012 1095 1237 1305 1377 
SCL #err deg : 7215 / 9900
SCL #err weighted degeneracy : 7091 7076 7107 7158 7176 7200 
degeneracy helps : 1191 1157 1214 1307 1362 1410 
degeneracy worse : 1068 1024 1107 1250 1323 1395 
SCL #err deg : 7283 / 10000
SCL #err weighted degeneracy : 7163 7148 7177 7231 7249 7269 
degeneracy helps : 1202 1167 1226 1316 1371 1422 
degeneracy worse : 1083 1038 1121 1264 1337 1408 
average #flips: 25.5935
SCL #err considering degeneracy: 7283
error due to equal 76
error due to SCL smaller 7207
Finish in 1072 s
