Simulation Polar syndrome FASTER N=128, K=65, l=128, pz=0.07, #samples=10000, seed=197
HPW construction
Event generator random seed: 197
SCL #err deg : 7 / 100
SCL #err weighted degeneracy : 6 6 6 6 14 18 
degeneracy helps : 3 3 3 3 4 3 
degeneracy worse : 2 2 2 2 11 14 
SCL #err deg : 15 / 200
SCL #err weighted degeneracy : 11 11 12 16 29 36 
degeneracy helps : 7 7 7 7 7 6 
degeneracy worse : 3 3 4 8 21 27 
SCL #err deg : 21 / 300
SCL #err weighted degeneracy : 15 15 16 21 37 51 
degeneracy helps : 10 10 10 10 10 9 
degeneracy worse : 4 4 5 10 26 39 
SCL #err deg : 28 / 400
SCL #err weighted degeneracy : 22 22 24 31 55 75 
degeneracy helps : 13 13 12 14 14 12 
degeneracy worse : 8 8 9 17 41 59 
SCL #err deg : 32 / 500
SCL #err weighted degeneracy : 28 28 30 39 68 97 
degeneracy helps : 14 14 13 16 15 13 
degeneracy worse : 11 11 12 23 51 78 
SCL #err deg : 39 / 600
SCL #err weighted degeneracy : 39 39 41 52 83 117 
degeneracy helps : 17 17 16 18 17 15 
degeneracy worse : 18 18 19 31 61 93 
SCL #err deg : 50 / 700
SCL #err weighted degeneracy : 46 46 48 61 96 131 
degeneracy helps : 20 21 20 21 20 19 
degeneracy worse : 18 18 19 32 66 100 
SCL #err deg : 56 / 800
SCL #err weighted degeneracy : 53 53 56 73 112 152 
degeneracy helps : 23 24 24 23 22 21 
degeneracy worse : 23 23 25 40 78 117 
SCL #err deg : 67 / 900
SCL #err weighted degeneracy : 63 63 66 80 120 164 
degeneracy helps : 26 27 27 30 29 28 
degeneracy worse : 25 25 27 43 82 125 
SCL #err deg : 72 / 1000
SCL #err weighted degeneracy : 71 71 75 93 140 188 
degeneracy helps : 27 28 28 32 31 30 
degeneracy worse : 30 30 33 53 99 146 
SCL #err deg : 79 / 1100
SCL #err weighted degeneracy : 74 74 78 96 147 200 
degeneracy helps : 31 32 32 36 35 34 
degeneracy worse : 30 30 33 53 103 155 
SCL #err deg : 93 / 1200
SCL #err weighted degeneracy : 83 83 87 109 160 215 
degeneracy helps : 36 37 37 41 42 41 
degeneracy worse : 30 30 33 57 109 163 
SCL #err deg : 102 / 1300
SCL #err weighted degeneracy : 89 89 93 118 174 236 
degeneracy helps : 39 40 40 41 42 41 
degeneracy worse : 30 30 33 57 114 175 
SCL #err deg : 111 / 1400
SCL #err weighted degeneracy : 97 97 101 126 184 251 
degeneracy helps : 43 44 44 45 46 45 
degeneracy worse : 33 33 36 60 119 185 
SCL #err deg : 118 / 1500
SCL #err weighted degeneracy : 103 103 108 135 195 264 
degeneracy helps : 46 47 47 48 50 49 
degeneracy worse : 35 35 39 65 127 195 
SCL #err deg : 128 / 1600
SCL #err weighted degeneracy : 111 111 116 143 203 277 
degeneracy helps : 53 54 54 55 57 54 
degeneracy worse : 40 40 44 70 132 203 
SCL #err deg : 134 / 1700
SCL #err weighted degeneracy : 119 119 124 152 215 291 
degeneracy helps : 55 56 56 57 59 56 
degeneracy worse : 44 44 48 75 140 213 
SCL #err deg : 141 / 1800
SCL #err weighted degeneracy : 127 127 132 158 223 305 
degeneracy helps : 59 60 60 63 66 63 
degeneracy worse : 49 49 53 80 148 227 
SCL #err deg : 145 / 1900
SCL #err weighted degeneracy : 133 133 139 166 235 319 
degeneracy helps : 61 62 62 66 69 66 
degeneracy worse : 53 53 58 87 159 240 
SCL #err deg : 157 / 2000
SCL #err weighted degeneracy : 146 146 153 184 255 341 
degeneracy helps : 66 67 67 69 72 70 
degeneracy worse : 59 59 65 96 170 254 
SCL #err deg : 162 / 2100
SCL #err weighted degeneracy : 153 153 160 193 266 357 
degeneracy helps : 67 68 68 70 73 71 
degeneracy worse : 62 62 68 101 177 266 
SCL #err deg : 170 / 2200
SCL #err weighted degeneracy : 160 160 167 201 278 374 
degeneracy helps : 69 70 70 73 76 74 
degeneracy worse : 63 63 69 104 184 278 
SCL #err deg : 178 / 2300
SCL #err weighted degeneracy : 171 171 177 212 290 392 
degeneracy helps : 70 71 72 75 79 77 
degeneracy worse : 67 67 73 109 191 291 
SCL #err deg : 189 / 2400
SCL #err weighted degeneracy : 176 176 182 221 306 415 
degeneracy helps : 78 79 80 81 85 82 
degeneracy worse : 70 70 76 113 202 308 
SCL #err deg : 199 / 2500
SCL #err weighted degeneracy : 181 181 187 228 315 431 
degeneracy helps : 82 83 84 85 89 87 
degeneracy worse : 70 70 76 114 205 319 
SCL #err deg : 199 / 2600
SCL #err weighted degeneracy : 184 184 192 235 324 445 
degeneracy helps : 82 83 84 85 89 87 
degeneracy worse : 73 73 81 121 214 333 
SCL #err deg : 210 / 2700
SCL #err weighted degeneracy : 191 191 200 245 340 464 
degeneracy helps : 87 88 89 90 95 93 
degeneracy worse : 74 74 83 125 225 347 
SCL #err deg : 213 / 2800
SCL #err weighted degeneracy : 194 194 204 250 347 475 
degeneracy helps : 89 90 90 91 96 94 
degeneracy worse : 76 76 85 128 230 356 
SCL #err deg : 224 / 2900
SCL #err weighted degeneracy : 199 199 210 257 359 493 
degeneracy helps : 95 96 95 97 103 100 
degeneracy worse : 76 76 85 130 238 369 
SCL #err deg : 230 / 3000
SCL #err weighted degeneracy : 203 203 214 264 370 512 
degeneracy helps : 98 99 98 101 107 104 
degeneracy worse : 78 78 87 135 247 386 
SCL #err deg : 240 / 3100
SCL #err weighted degeneracy : 210 210 221 273 383 532 
degeneracy helps : 101 102 101 104 109 106 
degeneracy worse : 78 78 87 137 252 398 
SCL #err deg : 256 / 3200
SCL #err weighted degeneracy : 219 219 230 284 396 548 
degeneracy helps : 109 110 109 113 117 114 
degeneracy worse : 79 79 88 141 257 406 
SCL #err deg : 262 / 3300
SCL #err weighted degeneracy : 225 225 237 294 408 562 
degeneracy helps : 111 112 111 115 119 117 
degeneracy worse : 81 81 91 147 265 417 
SCL #err deg : 277 / 3400
SCL #err weighted degeneracy : 238 238 251 312 432 591 
degeneracy helps : 116 117 116 119 122 120 
degeneracy worse : 84 84 95 154 277 434 
SCL #err deg : 289 / 3500
SCL #err weighted degeneracy : 249 249 262 324 445 610 
degeneracy helps : 120 121 120 123 126 124 
degeneracy worse : 87 87 98 158 282 445 
SCL #err deg : 296 / 3600
SCL #err weighted degeneracy : 258 258 270 334 457 625 
degeneracy helps : 122 123 123 126 129 127 
degeneracy worse : 91 91 102 164 290 456 
SCL #err deg : 299 / 3700
SCL #err weighted degeneracy : 264 264 277 340 466 639 
degeneracy helps : 123 124 124 128 131 129 
degeneracy worse : 96 96 108 169 298 469 
SCL #err deg : 306 / 3800
SCL #err weighted degeneracy : 272 272 285 348 476 655 
degeneracy helps : 125 126 126 130 134 132 
degeneracy worse : 99 99 111 172 304 481 
SCL #err deg : 311 / 3900
SCL #err weighted degeneracy : 277 277 290 354 485 668 
degeneracy helps : 127 128 128 133 137 135 
degeneracy worse : 101 101 113 176 311 492 
SCL #err deg : 325 / 4000
SCL #err weighted degeneracy : 291 291 304 370 506 689 
degeneracy helps : 131 132 132 138 143 141 
degeneracy worse : 105 105 117 183 324 505 
SCL #err deg : 334 / 4100
SCL #err weighted degeneracy : 299 299 312 380 520 705 
degeneracy helps : 133 134 134 141 145 143 
degeneracy worse : 106 106 118 187 331 514 
SCL #err deg : 341 / 4200
SCL #err weighted degeneracy : 304 304 318 386 534 723 
degeneracy helps : 135 136 135 144 148 146 
degeneracy worse : 106 106 118 189 341 528 
SCL #err deg : 350 / 4300
SCL #err weighted degeneracy : 311 311 325 396 544 740 
degeneracy helps : 139 140 139 148 152 149 
degeneracy worse : 108 108 120 194 346 539 
SCL #err deg : 358 / 4400
SCL #err weighted degeneracy : 321 321 334 405 554 756 
degeneracy helps : 143 144 144 153 157 154 
degeneracy worse : 114 114 126 200 353 552 
SCL #err deg : 363 / 4500
SCL #err weighted degeneracy : 328 328 341 412 563 771 
degeneracy helps : 146 147 147 155 159 156 
degeneracy worse : 119 119 131 204 359 564 
SCL #err deg : 374 / 4600
SCL #err weighted degeneracy : 336 336 349 423 577 786 
degeneracy helps : 151 152 152 159 163 160 
degeneracy worse : 121 121 133 208 366 572 
SCL #err deg : 381 / 4700
SCL #err weighted degeneracy : 344 344 357 431 588 808 
degeneracy helps : 156 157 157 164 168 164 
degeneracy worse : 127 127 139 214 375 591 
SCL #err deg : 393 / 4800
SCL #err weighted degeneracy : 349 349 362 437 600 824 
degeneracy helps : 163 164 164 171 175 171 
degeneracy worse : 127 127 139 215 382 602 
SCL #err deg : 399 / 4900
SCL #err weighted degeneracy : 353 353 366 442 612 842 
degeneracy helps : 166 167 167 174 178 174 
degeneracy worse : 128 128 140 217 391 617 
SCL #err deg : 407 / 5000
SCL #err weighted degeneracy : 359 359 372 450 622 857 
degeneracy helps : 171 172 172 178 182 178 
degeneracy worse : 131 131 143 221 397 628 
SCL #err deg : 414 / 5100
SCL #err weighted degeneracy : 364 364 377 456 632 873 
degeneracy helps : 174 174 175 180 184 179 
degeneracy worse : 132 132 144 222 402 638 
SCL #err deg : 421 / 5200
SCL #err weighted degeneracy : 369 369 382 461 641 887 
degeneracy helps : 177 177 178 183 189 184 
degeneracy worse : 133 133 145 223 409 650 
SCL #err deg : 426 / 5300
SCL #err weighted degeneracy : 374 374 388 468 656 906 
degeneracy helps : 179 179 180 185 191 186 
degeneracy worse : 135 135 148 227 421 666 
SCL #err deg : 432 / 5400
SCL #err weighted degeneracy : 385 385 399 481 677 935 
degeneracy helps : 179 179 180 185 191 187 
degeneracy worse : 140 140 153 234 436 690 
SCL #err deg : 440 / 5500
SCL #err weighted degeneracy : 392 392 406 490 691 956 
degeneracy helps : 181 181 182 187 193 189 
degeneracy worse : 141 141 154 237 444 705 
SCL #err deg : 445 / 5600
SCL #err weighted degeneracy : 401 401 415 500 705 975 
degeneracy helps : 183 183 184 189 195 192 
degeneracy worse : 147 147 160 244 455 722 
SCL #err deg : 449 / 5700
SCL #err weighted degeneracy : 405 405 419 505 714 989 
degeneracy helps : 184 184 185 190 196 192 
degeneracy worse : 148 148 161 246 461 732 
SCL #err deg : 461 / 5800
SCL #err weighted degeneracy : 410 410 424 511 729 1009 
degeneracy helps : 190 190 191 198 204 200 
degeneracy worse : 148 148 161 248 472 748 
SCL #err deg : 472 / 5900
SCL #err weighted degeneracy : 414 414 427 517 739 1021 
degeneracy helps : 198 198 200 207 213 209 
degeneracy worse : 149 149 162 252 480 758 
SCL #err deg : 478 / 6000
SCL #err weighted degeneracy : 420 420 433 525 746 1031 
degeneracy helps : 200 200 202 209 215 211 
degeneracy worse : 151 151 164 256 483 764 
SCL #err deg : 488 / 6100
SCL #err weighted degeneracy : 425 425 438 533 759 1051 
degeneracy helps : 206 206 208 214 220 215 
degeneracy worse : 152 152 165 259 491 778 
SCL #err deg : 493 / 6200
SCL #err weighted degeneracy : 433 433 446 542 768 1061 
degeneracy helps : 208 208 210 216 223 218 
degeneracy worse : 157 157 170 265 498 786 
SCL #err deg : 499 / 6300
SCL #err weighted degeneracy : 440 440 453 549 779 1081 
degeneracy helps : 210 210 212 219 226 222 
degeneracy worse : 160 160 173 269 506 804 
SCL #err deg : 505 / 6400
SCL #err weighted degeneracy : 448 448 461 557 795 1100 
degeneracy helps : 210 210 212 219 227 223 
degeneracy worse : 162 162 175 271 517 818 
SCL #err deg : 510 / 6500
SCL #err weighted degeneracy : 456 456 469 566 807 1120 
degeneracy helps : 211 211 213 220 229 225 
degeneracy worse : 166 166 179 276 526 835 
SCL #err deg : 517 / 6600
SCL #err weighted degeneracy : 463 463 476 574 820 1137 
degeneracy helps : 214 214 217 224 233 229 
degeneracy worse : 170 170 183 281 536 849 
SCL #err deg : 524 / 6700
SCL #err weighted degeneracy : 467 467 481 579 828 1148 
degeneracy helps : 219 219 221 228 237 232 
degeneracy worse : 172 172 185 283 541 856 
SCL #err deg : 532 / 6800
SCL #err weighted degeneracy : 472 472 487 585 837 1162 
degeneracy helps : 224 224 225 232 241 236 
degeneracy worse : 174 174 187 285 546 866 
SCL #err deg : 536 / 6900
SCL #err weighted degeneracy : 477 477 492 592 848 1178 
degeneracy helps : 225 225 226 233 241 236 
degeneracy worse : 176 176 189 289 553 878 
SCL #err deg : 544 / 7000
SCL #err weighted degeneracy : 484 484 499 603 862 1196 
degeneracy helps : 227 227 228 233 242 237 
degeneracy worse : 177 177 190 292 560 889 
SCL #err deg : 554 / 7100
SCL #err weighted degeneracy : 493 493 508 613 876 1219 
degeneracy helps : 230 230 231 236 246 241 
degeneracy worse : 179 179 192 295 568 906 
SCL #err deg : 559 / 7200
SCL #err weighted degeneracy : 498 498 513 618 886 1232 
degeneracy helps : 230 230 231 238 248 243 
degeneracy worse : 180 180 193 297 575 916 
SCL #err deg : 566 / 7300
SCL #err weighted degeneracy : 506 506 522 628 899 1252 
degeneracy helps : 233 233 234 241 252 247 
degeneracy worse : 184 184 198 303 585 933 
SCL #err deg : 569 / 7400
SCL #err weighted degeneracy : 513 513 528 637 914 1272 
degeneracy helps : 235 235 236 242 253 249 
degeneracy worse : 190 190 203 310 598 952 
SCL #err deg : 574 / 7500
SCL #err weighted degeneracy : 518 518 533 643 922 1286 
degeneracy helps : 237 237 238 244 255 251 
degeneracy worse : 192 192 205 313 603 963 
SCL #err deg : 581 / 7600
SCL #err weighted degeneracy : 527 527 541 654 936 1303 
degeneracy helps : 238 238 240 246 257 253 
degeneracy worse : 195 195 208 319 612 975 
SCL #err deg : 589 / 7700
SCL #err weighted degeneracy : 534 534 548 664 953 1325 
degeneracy helps : 239 239 241 248 259 256 
degeneracy worse : 196 196 209 323 623 992 
SCL #err deg : 597 / 7800
SCL #err weighted degeneracy : 538 538 552 669 961 1337 
degeneracy helps : 244 244 246 253 264 262 
degeneracy worse : 197 197 210 325 628 1002 
SCL #err deg : 601 / 7900
SCL #err weighted degeneracy : 541 541 555 673 967 1347 
degeneracy helps : 246 246 248 255 266 264 
degeneracy worse : 198 198 211 327 632 1010 
SCL #err deg : 608 / 8000
SCL #err weighted degeneracy : 548 548 562 682 976 1364 
degeneracy helps : 250 250 252 259 271 269 
degeneracy worse : 202 202 215 333 639 1025 
SCL #err deg : 620 / 8100
SCL #err weighted degeneracy : 561 561 575 696 993 1388 
degeneracy helps : 253 253 255 262 274 272 
degeneracy worse : 206 206 219 338 647 1040 
SCL #err deg : 629 / 8200
SCL #err weighted degeneracy : 566 566 579 700 1005 1406 
degeneracy helps : 259 259 261 268 280 278 
degeneracy worse : 208 208 220 339 656 1055 
SCL #err deg : 636 / 8300
SCL #err weighted degeneracy : 570 570 583 705 1015 1417 
degeneracy helps : 263 263 265 272 284 282 
degeneracy worse : 209 209 221 341 663 1063 
SCL #err deg : 641 / 8400
SCL #err weighted degeneracy : 575 575 589 713 1025 1428 
degeneracy helps : 265 265 267 274 286 285 
degeneracy worse : 211 211 224 346 670 1072 
SCL #err deg : 648 / 8500
SCL #err weighted degeneracy : 586 586 601 725 1042 1449 
degeneracy helps : 268 268 270 277 289 288 
degeneracy worse : 218 218 232 354 683 1089 
SCL #err deg : 653 / 8600
SCL #err weighted degeneracy : 591 591 606 731 1051 1462 
degeneracy helps : 272 272 274 281 293 292 
degeneracy worse : 222 222 236 359 691 1101 
SCL #err deg : 663 / 8700
SCL #err weighted degeneracy : 597 597 613 738 1062 1476 
degeneracy helps : 276 276 277 284 296 295 
degeneracy worse : 222 222 236 359 695 1108 
SCL #err deg : 671 / 8800
SCL #err weighted degeneracy : 602 602 619 745 1072 1496 
degeneracy helps : 280 280 280 287 299 297 
degeneracy worse : 223 223 237 361 700 1122 
SCL #err deg : 676 / 8900
SCL #err weighted degeneracy : 609 609 626 754 1086 1514 
degeneracy helps : 282 282 282 289 301 299 
degeneracy worse : 227 227 241 367 711 1137 
SCL #err deg : 686 / 9000
SCL #err weighted degeneracy : 619 619 635 762 1098 1534 
degeneracy helps : 285 285 285 293 306 304 
degeneracy worse : 230 230 243 369 718 1152 
SCL #err deg : 692 / 9100
SCL #err weighted degeneracy : 624 624 640 770 1114 1552 
degeneracy helps : 288 288 288 296 307 305 
degeneracy worse : 232 232 245 374 729 1165 
SCL #err deg : 701 / 9200
SCL #err weighted degeneracy : 633 633 649 781 1127 1567 
degeneracy helps : 290 290 290 298 309 307 
degeneracy worse : 234 234 247 378 735 1173 
SCL #err deg : 712 / 9300
SCL #err weighted degeneracy : 638 638 654 787 1137 1579 
degeneracy helps : 297 297 297 306 317 313 
degeneracy worse : 236 236 249 381 742 1180 
SCL #err deg : 725 / 9400
SCL #err weighted degeneracy : 649 649 665 800 1151 1598 
degeneracy helps : 302 302 302 311 322 318 
degeneracy worse : 239 239 252 386 748 1191 
SCL #err deg : 734 / 9500
SCL #err weighted degeneracy : 654 654 670 806 1158 1610 
degeneracy helps : 307 307 307 316 327 322 
degeneracy worse : 240 240 253 388 751 1198 
SCL #err deg : 742 / 9600
SCL #err weighted degeneracy : 661 661 677 816 1173 1631 
degeneracy helps : 309 309 309 319 330 326 
degeneracy worse : 242 242 255 393 761 1215 
SCL #err deg : 750 / 9700
SCL #err weighted degeneracy : 667 667 683 823 1182 1642 
degeneracy helps : 312 312 312 322 334 330 
degeneracy worse : 243 243 256 395 766 1222 
SCL #err deg : 757 / 9800
SCL #err weighted degeneracy : 675 675 691 832 1198 1665 
degeneracy helps : 314 314 314 324 336 332 
degeneracy worse : 246 246 259 399 777 1240 
SCL #err deg : 763 / 9900
SCL #err weighted degeneracy : 681 681 697 838 1209 1679 
degeneracy helps : 316 316 316 326 338 334 
degeneracy worse : 248 248 261 401 784 1250 
SCL #err deg : 775 / 10000
SCL #err weighted degeneracy : 686 686 701 843 1218 1690 
degeneracy helps : 323 323 324 336 347 343 
degeneracy worse : 249 249 262 404 790 1258 
average #flips: 8.9737
SCL #err considering degeneracy: 775
error due to equal 596
error due to SCL smaller 179
Finish in 1189 s
