Simulation Polar syndrome FASTER N=128, K=65, l=128, pz=0.109, #samples=10000, seed=22
PW construction
Event generator random seed: 22
SCL #err deg : 27 / 100
SCL #err weighted degeneracy : 29 29 29 31 35 41 
degeneracy helps : 8 8 8 8 9 8 
degeneracy worse : 10 10 10 12 17 22 
SCL #err deg : 57 / 200
SCL #err weighted degeneracy : 57 57 58 60 63 75 
degeneracy helps : 13 13 13 17 20 18 
degeneracy worse : 14 14 15 20 26 36 
SCL #err deg : 89 / 300
SCL #err weighted degeneracy : 85 85 88 92 96 109 
degeneracy helps : 25 25 25 29 32 30 
degeneracy worse : 22 22 25 32 39 50 
SCL #err deg : 127 / 400
SCL #err weighted degeneracy : 117 117 123 127 131 145 
degeneracy helps : 42 42 41 45 49 47 
degeneracy worse : 33 33 38 45 53 65 
SCL #err deg : 162 / 500
SCL #err weighted degeneracy : 146 146 153 160 165 182 
degeneracy helps : 53 53 53 59 62 60 
degeneracy worse : 38 38 45 57 65 80 
SCL #err deg : 192 / 600
SCL #err weighted degeneracy : 182 182 188 197 202 221 
degeneracy helps : 61 61 62 69 73 70 
degeneracy worse : 52 52 59 74 83 99 
SCL #err deg : 224 / 700
SCL #err weighted degeneracy : 215 215 220 230 236 257 
degeneracy helps : 69 70 72 79 83 78 
degeneracy worse : 62 62 69 85 95 111 
SCL #err deg : 254 / 800
SCL #err weighted degeneracy : 246 246 251 263 268 291 
degeneracy helps : 76 77 79 87 92 89 
degeneracy worse : 70 70 77 96 106 126 
SCL #err deg : 284 / 900
SCL #err weighted degeneracy : 276 276 281 297 301 325 
degeneracy helps : 86 87 90 99 105 102 
degeneracy worse : 81 81 88 112 122 143 
SCL #err deg : 325 / 1000
SCL #err weighted degeneracy : 310 310 317 334 337 362 
degeneracy helps : 97 98 100 109 117 114 
degeneracy worse : 85 85 93 118 129 151 
SCL #err deg : 360 / 1100
SCL #err weighted degeneracy : 337 337 343 363 368 394 
degeneracy helps : 112 113 116 124 132 129 
degeneracy worse : 92 92 100 127 140 163 
SCL #err deg : 394 / 1200
SCL #err weighted degeneracy : 373 373 376 396 402 428 
degeneracy helps : 121 123 128 137 145 142 
degeneracy worse : 104 104 111 139 153 176 
SCL #err deg : 429 / 1300
SCL #err weighted degeneracy : 413 413 416 436 443 469 
degeneracy helps : 129 131 136 147 157 155 
degeneracy worse : 118 118 125 154 171 195 
SCL #err deg : 456 / 1400
SCL #err weighted degeneracy : 440 440 443 464 473 500 
degeneracy helps : 136 138 145 157 167 165 
degeneracy worse : 125 125 134 165 184 209 
SCL #err deg : 489 / 1500
SCL #err weighted degeneracy : 467 467 470 491 501 532 
degeneracy helps : 148 150 157 172 182 180 
degeneracy worse : 131 131 140 174 194 223 
SCL #err deg : 521 / 1600
SCL #err weighted degeneracy : 500 500 503 527 539 575 
degeneracy helps : 158 160 167 182 192 190 
degeneracy worse : 142 142 151 188 210 244 
SCL #err deg : 559 / 1700
SCL #err weighted degeneracy : 534 534 538 566 578 615 
degeneracy helps : 168 170 178 193 203 201 
degeneracy worse : 149 149 159 200 222 257 
SCL #err deg : 592 / 1800
SCL #err weighted degeneracy : 571 571 574 603 615 650 
degeneracy helps : 172 174 183 201 213 212 
degeneracy worse : 157 157 167 212 236 270 
SCL #err deg : 624 / 1900
SCL #err weighted degeneracy : 599 599 602 631 644 682 
degeneracy helps : 179 181 190 208 222 220 
degeneracy worse : 160 160 170 215 242 278 
SCL #err deg : 658 / 2000
SCL #err weighted degeneracy : 633 633 638 671 686 728 
degeneracy helps : 187 189 198 215 228 226 
degeneracy worse : 168 168 180 228 256 296 
SCL #err deg : 692 / 2100
SCL #err weighted degeneracy : 666 666 671 705 720 764 
degeneracy helps : 194 196 206 224 237 235 
degeneracy worse : 174 174 187 237 265 307 
SCL #err deg : 731 / 2200
SCL #err weighted degeneracy : 695 695 700 736 748 799 
degeneracy helps : 208 210 221 240 256 250 
degeneracy worse : 178 178 192 245 273 318 
SCL #err deg : 767 / 2300
SCL #err weighted degeneracy : 725 725 731 767 781 834 
degeneracy helps : 221 223 235 256 273 266 
degeneracy worse : 186 186 201 256 287 333 
SCL #err deg : 797 / 2400
SCL #err weighted degeneracy : 750 750 756 793 809 865 
degeneracy helps : 233 235 247 268 284 277 
degeneracy worse : 193 193 208 264 296 345 
SCL #err deg : 833 / 2500
SCL #err weighted degeneracy : 781 781 790 824 841 897 
degeneracy helps : 242 244 256 280 297 291 
degeneracy worse : 197 197 215 271 305 355 
SCL #err deg : 866 / 2600
SCL #err weighted degeneracy : 809 809 817 852 872 927 
degeneracy helps : 253 256 269 294 310 304 
degeneracy worse : 204 204 222 280 316 365 
SCL #err deg : 906 / 2700
SCL #err weighted degeneracy : 845 845 853 891 910 968 
degeneracy helps : 263 266 279 304 322 316 
degeneracy worse : 210 210 228 289 326 378 
SCL #err deg : 937 / 2800
SCL #err weighted degeneracy : 874 874 882 920 941 998 
degeneracy helps : 273 276 288 314 332 328 
degeneracy worse : 218 218 235 297 336 389 
SCL #err deg : 979 / 2900
SCL #err weighted degeneracy : 913 913 918 960 981 1038 
degeneracy helps : 286 289 303 329 348 344 
degeneracy worse : 228 228 244 310 350 403 
SCL #err deg : 1010 / 3000
SCL #err weighted degeneracy : 939 939 944 991 1014 1073 
degeneracy helps : 295 298 313 337 356 352 
degeneracy worse : 232 232 249 318 360 415 
SCL #err deg : 1036 / 3100
SCL #err weighted degeneracy : 967 967 972 1021 1044 1102 
degeneracy helps : 302 305 320 345 366 364 
degeneracy worse : 241 241 258 330 374 430 
SCL #err deg : 1074 / 3200
SCL #err weighted degeneracy : 1004 1004 1011 1055 1082 1142 
degeneracy helps : 311 314 329 358 379 377 
degeneracy worse : 249 249 268 339 387 445 
SCL #err deg : 1105 / 3300
SCL #err weighted degeneracy : 1038 1038 1045 1089 1117 1176 
degeneracy helps : 320 323 338 369 391 390 
degeneracy worse : 261 261 280 353 403 461 
SCL #err deg : 1133 / 3400
SCL #err weighted degeneracy : 1064 1064 1072 1116 1142 1205 
degeneracy helps : 328 331 346 378 402 402 
degeneracy worse : 267 267 287 361 411 474 
SCL #err deg : 1168 / 3500
SCL #err weighted degeneracy : 1108 1108 1114 1162 1190 1252 
degeneracy helps : 333 336 352 384 409 410 
degeneracy worse : 281 281 300 378 431 494 
SCL #err deg : 1194 / 3600
SCL #err weighted degeneracy : 1143 1143 1150 1197 1226 1289 
degeneracy helps : 335 338 354 386 411 412 
degeneracy worse : 292 292 312 389 443 507 
SCL #err deg : 1230 / 3700
SCL #err weighted degeneracy : 1174 1174 1181 1230 1258 1321 
degeneracy helps : 347 350 366 399 425 427 
degeneracy worse : 299 299 319 399 453 518 
SCL #err deg : 1266 / 3800
SCL #err weighted degeneracy : 1206 1206 1214 1266 1293 1358 
degeneracy helps : 359 362 378 411 439 440 
degeneracy worse : 307 307 328 411 466 532 
SCL #err deg : 1294 / 3900
SCL #err weighted degeneracy : 1231 1231 1240 1295 1324 1389 
degeneracy helps : 368 371 387 418 445 446 
degeneracy worse : 313 313 335 419 475 541 
SCL #err deg : 1331 / 4000
SCL #err weighted degeneracy : 1269 1269 1277 1333 1364 1432 
degeneracy helps : 376 379 396 428 455 456 
degeneracy worse : 322 322 344 430 488 557 
SCL #err deg : 1370 / 4100
SCL #err weighted degeneracy : 1304 1304 1313 1365 1399 1470 
degeneracy helps : 390 393 409 446 472 472 
degeneracy worse : 332 332 354 441 501 572 
SCL #err deg : 1414 / 4200
SCL #err weighted degeneracy : 1345 1345 1354 1407 1445 1516 
degeneracy helps : 402 405 421 458 482 482 
degeneracy worse : 341 341 363 451 513 584 
SCL #err deg : 1450 / 4300
SCL #err weighted degeneracy : 1378 1378 1389 1446 1485 1555 
degeneracy helps : 414 417 432 468 494 495 
degeneracy worse : 350 350 373 464 529 600 
SCL #err deg : 1489 / 4400
SCL #err weighted degeneracy : 1412 1412 1423 1482 1523 1595 
degeneracy helps : 427 430 445 482 507 508 
degeneracy worse : 358 358 381 475 541 614 
SCL #err deg : 1524 / 4500
SCL #err weighted degeneracy : 1436 1436 1449 1511 1554 1628 
degeneracy helps : 442 445 459 497 522 522 
degeneracy worse : 362 362 386 484 552 626 
SCL #err deg : 1567 / 4600
SCL #err weighted degeneracy : 1477 1477 1488 1551 1596 1670 
degeneracy helps : 449 452 469 507 533 534 
degeneracy worse : 367 367 392 491 562 637 
SCL #err deg : 1596 / 4700
SCL #err weighted degeneracy : 1502 1502 1513 1580 1628 1701 
degeneracy helps : 457 460 477 514 540 541 
degeneracy worse : 371 371 396 498 572 646 
SCL #err deg : 1626 / 4800
SCL #err weighted degeneracy : 1521 1521 1534 1605 1655 1730 
degeneracy helps : 472 475 492 528 553 554 
degeneracy worse : 375 375 402 507 582 658 
SCL #err deg : 1654 / 4900
SCL #err weighted degeneracy : 1547 1547 1559 1629 1683 1759 
degeneracy helps : 483 487 505 542 566 567 
degeneracy worse : 385 385 412 517 595 672 
SCL #err deg : 1683 / 5000
SCL #err weighted degeneracy : 1575 1575 1587 1657 1711 1785 
degeneracy helps : 490 494 512 549 575 578 
degeneracy worse : 391 391 418 523 603 680 
SCL #err deg : 1716 / 5100
SCL #err weighted degeneracy : 1604 1604 1616 1689 1744 1817 
degeneracy helps : 499 503 522 559 586 590 
degeneracy worse : 397 397 424 532 614 691 
SCL #err deg : 1747 / 5200
SCL #err weighted degeneracy : 1633 1633 1646 1722 1778 1854 
degeneracy helps : 511 515 534 572 598 601 
degeneracy worse : 408 408 436 547 629 708 
SCL #err deg : 1777 / 5300
SCL #err weighted degeneracy : 1664 1664 1677 1757 1815 1891 
degeneracy helps : 520 524 543 582 608 611 
degeneracy worse : 418 418 446 562 646 725 
SCL #err deg : 1807 / 5400
SCL #err weighted degeneracy : 1694 1694 1707 1790 1852 1928 
degeneracy helps : 529 533 553 592 618 621 
degeneracy worse : 427 427 456 575 663 742 
SCL #err deg : 1846 / 5500
SCL #err weighted degeneracy : 1732 1732 1745 1830 1893 1970 
degeneracy helps : 541 545 565 604 630 633 
degeneracy worse : 438 438 467 588 677 757 
SCL #err deg : 1875 / 5600
SCL #err weighted degeneracy : 1757 1757 1771 1862 1927 2005 
degeneracy helps : 549 553 573 611 636 640 
degeneracy worse : 442 442 472 598 688 770 
SCL #err deg : 1910 / 5700
SCL #err weighted degeneracy : 1791 1791 1805 1893 1959 2041 
degeneracy helps : 563 567 587 627 653 656 
degeneracy worse : 455 455 485 610 702 787 
SCL #err deg : 1935 / 5800
SCL #err weighted degeneracy : 1812 1812 1829 1923 1991 2074 
degeneracy helps : 576 580 599 639 664 667 
degeneracy worse : 464 464 496 627 720 806 
SCL #err deg : 1969 / 5900
SCL #err weighted degeneracy : 1841 1841 1858 1955 2026 2115 
degeneracy helps : 588 592 612 652 677 679 
degeneracy worse : 471 471 504 638 734 825 
SCL #err deg : 2004 / 6000
SCL #err weighted degeneracy : 1871 1871 1889 1988 2058 2149 
degeneracy helps : 601 605 624 665 692 694 
degeneracy worse : 479 479 512 649 746 839 
SCL #err deg : 2039 / 6100
SCL #err weighted degeneracy : 1902 1902 1920 2021 2091 2183 
degeneracy helps : 615 619 638 679 707 710 
degeneracy worse : 489 489 522 661 759 854 
SCL #err deg : 2068 / 6200
SCL #err weighted degeneracy : 1934 1934 1953 2060 2130 2223 
degeneracy helps : 621 625 645 687 715 718 
degeneracy worse : 498 498 533 679 777 873 
SCL #err deg : 2100 / 6300
SCL #err weighted degeneracy : 1961 1961 1980 2090 2163 2259 
degeneracy helps : 631 635 655 697 724 728 
degeneracy worse : 503 503 538 687 787 887 
SCL #err deg : 2141 / 6400
SCL #err weighted degeneracy : 2000 2000 2018 2130 2204 2299 
degeneracy helps : 644 648 670 714 741 745 
degeneracy worse : 514 514 550 703 804 903 
SCL #err deg : 2181 / 6500
SCL #err weighted degeneracy : 2038 2038 2056 2171 2246 2340 
degeneracy helps : 655 659 682 725 751 757 
degeneracy worse : 523 523 560 715 816 916 
SCL #err deg : 2210 / 6600
SCL #err weighted degeneracy : 2069 2069 2085 2199 2273 2370 
degeneracy helps : 667 671 695 740 768 772 
degeneracy worse : 537 537 573 729 831 932 
SCL #err deg : 2246 / 6700
SCL #err weighted degeneracy : 2102 2102 2116 2230 2305 2405 
degeneracy helps : 678 682 709 755 784 787 
degeneracy worse : 545 545 582 739 843 946 
SCL #err deg : 2282 / 6800
SCL #err weighted degeneracy : 2136 2136 2149 2261 2336 2440 
degeneracy helps : 684 688 716 764 793 797 
degeneracy worse : 549 549 586 743 847 955 
SCL #err deg : 2313 / 6900
SCL #err weighted degeneracy : 2157 2157 2170 2285 2363 2465 
degeneracy helps : 695 699 727 775 804 810 
degeneracy worse : 550 550 587 747 854 962 
SCL #err deg : 2354 / 7000
SCL #err weighted degeneracy : 2194 2194 2208 2324 2400 2506 
degeneracy helps : 706 710 738 786 817 823 
degeneracy worse : 557 557 595 756 863 975 
SCL #err deg : 2378 / 7100
SCL #err weighted degeneracy : 2213 2213 2230 2350 2426 2531 
degeneracy helps : 715 719 747 795 826 833 
degeneracy worse : 561 561 602 767 874 986 
SCL #err deg : 2408 / 7200
SCL #err weighted degeneracy : 2241 2241 2259 2381 2459 2562 
degeneracy helps : 726 730 758 807 839 849 
degeneracy worse : 570 570 612 780 890 1003 
SCL #err deg : 2445 / 7300
SCL #err weighted degeneracy : 2276 2276 2293 2415 2498 2602 
degeneracy helps : 738 743 772 822 853 863 
degeneracy worse : 581 581 623 792 906 1020 
SCL #err deg : 2475 / 7400
SCL #err weighted degeneracy : 2305 2305 2322 2447 2532 2636 
degeneracy helps : 748 753 782 831 862 872 
degeneracy worse : 590 590 632 803 919 1033 
SCL #err deg : 2519 / 7500
SCL #err weighted degeneracy : 2345 2345 2363 2488 2572 2675 
degeneracy helps : 757 762 791 841 873 884 
degeneracy worse : 595 595 638 810 926 1040 
SCL #err deg : 2548 / 7600
SCL #err weighted degeneracy : 2371 2371 2390 2519 2605 2707 
degeneracy helps : 766 771 800 850 882 895 
degeneracy worse : 601 601 645 821 939 1054 
SCL #err deg : 2583 / 7700
SCL #err weighted degeneracy : 2398 2398 2417 2548 2633 2738 
degeneracy helps : 782 787 816 864 896 908 
degeneracy worse : 609 609 653 829 946 1063 
SCL #err deg : 2618 / 7800
SCL #err weighted degeneracy : 2432 2432 2452 2586 2672 2778 
degeneracy helps : 790 795 824 872 904 917 
degeneracy worse : 616 616 661 840 958 1077 
SCL #err deg : 2650 / 7900
SCL #err weighted degeneracy : 2468 2468 2489 2628 2717 2823 
degeneracy helps : 794 800 829 878 910 923 
degeneracy worse : 625 625 671 856 977 1096 
SCL #err deg : 2683 / 8000
SCL #err weighted degeneracy : 2494 2494 2515 2657 2747 2854 
degeneracy helps : 807 813 842 892 925 939 
degeneracy worse : 632 632 678 866 989 1110 
SCL #err deg : 2714 / 8100
SCL #err weighted degeneracy : 2522 2522 2543 2687 2783 2892 
degeneracy helps : 814 820 849 901 933 946 
degeneracy worse : 636 636 682 874 1002 1124 
SCL #err deg : 2747 / 8200
SCL #err weighted degeneracy : 2552 2552 2574 2722 2817 2928 
degeneracy helps : 824 830 859 910 943 956 
degeneracy worse : 643 643 690 885 1013 1137 
SCL #err deg : 2786 / 8300
SCL #err weighted degeneracy : 2590 2590 2615 2767 2863 2976 
degeneracy helps : 834 840 868 920 953 966 
degeneracy worse : 652 652 701 901 1030 1156 
SCL #err deg : 2826 / 8400
SCL #err weighted degeneracy : 2627 2627 2653 2810 2905 3017 
degeneracy helps : 845 851 880 931 965 979 
degeneracy worse : 660 660 711 915 1044 1170 
SCL #err deg : 2863 / 8500
SCL #err weighted degeneracy : 2666 2666 2692 2852 2948 3062 
degeneracy helps : 851 857 885 936 971 984 
degeneracy worse : 668 668 718 925 1056 1183 
SCL #err deg : 2893 / 8600
SCL #err weighted degeneracy : 2696 2696 2723 2883 2981 3096 
degeneracy helps : 863 869 896 948 983 998 
degeneracy worse : 680 680 730 938 1071 1201 
SCL #err deg : 2935 / 8700
SCL #err weighted degeneracy : 2734 2734 2761 2924 3023 3140 
degeneracy helps : 878 884 911 963 997 1012 
degeneracy worse : 691 691 741 952 1085 1217 
SCL #err deg : 2976 / 8800
SCL #err weighted degeneracy : 2770 2770 2796 2964 3063 3181 
degeneracy helps : 889 895 924 976 1010 1025 
degeneracy worse : 698 698 748 964 1097 1230 
SCL #err deg : 3015 / 8900
SCL #err weighted degeneracy : 2809 2809 2837 3006 3105 3222 
degeneracy helps : 902 908 937 987 1021 1036 
degeneracy worse : 711 711 763 978 1111 1243 
SCL #err deg : 3050 / 9000
SCL #err weighted degeneracy : 2835 2835 2862 3036 3136 3254 
degeneracy helps : 915 921 951 1000 1033 1048 
degeneracy worse : 715 715 767 986 1119 1252 
SCL #err deg : 3085 / 9100
SCL #err weighted degeneracy : 2868 2868 2897 3069 3170 3289 
degeneracy helps : 928 934 963 1014 1047 1062 
degeneracy worse : 726 726 779 998 1132 1266 
SCL #err deg : 3116 / 9200
SCL #err weighted degeneracy : 2896 2896 2927 3101 3201 3320 
degeneracy helps : 940 946 975 1027 1061 1076 
degeneracy worse : 735 735 790 1012 1146 1280 
SCL #err deg : 3152 / 9300
SCL #err weighted degeneracy : 2933 2933 2966 3139 3244 3368 
degeneracy helps : 948 954 982 1036 1069 1083 
degeneracy worse : 744 744 800 1023 1161 1299 
SCL #err deg : 3194 / 9400
SCL #err weighted degeneracy : 2965 2965 2999 3179 3285 3412 
degeneracy helps : 962 968 997 1049 1082 1094 
degeneracy worse : 748 748 806 1034 1173 1312 
SCL #err deg : 3222 / 9500
SCL #err weighted degeneracy : 2999 2999 3032 3217 3323 3451 
degeneracy helps : 968 974 1003 1053 1087 1100 
degeneracy worse : 760 760 817 1048 1188 1329 
SCL #err deg : 3259 / 9600
SCL #err weighted degeneracy : 3035 3035 3068 3255 3362 3490 
degeneracy helps : 977 983 1012 1062 1096 1111 
degeneracy worse : 768 768 825 1058 1199 1342 
SCL #err deg : 3294 / 9700
SCL #err weighted degeneracy : 3071 3071 3104 3291 3398 3522 
degeneracy helps : 987 993 1022 1073 1108 1127 
degeneracy worse : 779 779 836 1070 1212 1355 
SCL #err deg : 3326 / 9800
SCL #err weighted degeneracy : 3099 3099 3132 3323 3429 3554 
degeneracy helps : 995 1001 1030 1081 1118 1137 
degeneracy worse : 783 783 840 1078 1221 1365 
SCL #err deg : 3357 / 9900
SCL #err weighted degeneracy : 3134 3134 3167 3361 3467 3592 
degeneracy helps : 1002 1008 1037 1089 1125 1143 
degeneracy worse : 794 794 851 1093 1235 1378 
SCL #err deg : 3392 / 10000
SCL #err weighted degeneracy : 3166 3166 3198 3391 3498 3624 
degeneracy helps : 1010 1016 1046 1100 1136 1154 
degeneracy worse : 799 799 856 1099 1242 1386 
average #flips: 13.9507
SCL #err considering degeneracy: 3392
error due to equal 1412
error due to SCL smaller 1980
Finish in 1138 s
