Simulation Polar syndrome FASTER N=256, K=129, l=128, pz=0.2, #samples=10000
RM construction
SCL #err deg : 73 / 100
SCL #err weighted degeneracy : 78 78 78 77 79 82 
degeneracy helps : 7 6 7 8 7 7 
degeneracy worse : 12 11 12 12 13 16 
SCL #err deg : 151 / 200
SCL #err weighted degeneracy : 160 160 160 158 159 165 
degeneracy helps : 19 18 19 21 21 18 
degeneracy worse : 28 27 28 28 29 32 
SCL #err deg : 233 / 300
SCL #err weighted degeneracy : 241 242 241 243 247 251 
degeneracy helps : 28 26 28 28 27 26 
degeneracy worse : 36 35 36 38 41 44 
SCL #err deg : 309 / 400
SCL #err weighted degeneracy : 321 322 322 324 325 331 
degeneracy helps : 30 28 30 31 34 33 
degeneracy worse : 42 41 43 46 50 55 
SCL #err deg : 382 / 500
SCL #err weighted degeneracy : 391 392 392 395 399 406 
degeneracy helps : 40 38 40 44 48 47 
degeneracy worse : 49 48 50 57 65 71 
SCL #err deg : 455 / 600
SCL #err weighted degeneracy : 468 469 469 469 470 476 
degeneracy helps : 45 43 45 53 60 60 
degeneracy worse : 58 57 59 67 75 81 
SCL #err deg : 533 / 700
SCL #err weighted degeneracy : 544 546 545 548 551 560 
degeneracy helps : 53 50 53 62 69 69 
degeneracy worse : 64 63 65 77 87 96 
SCL #err deg : 607 / 800
SCL #err weighted degeneracy : 616 617 617 619 624 629 
degeneracy helps : 59 57 59 72 80 83 
degeneracy worse : 68 67 69 84 97 105 
SCL #err deg : 690 / 900
SCL #err weighted degeneracy : 691 693 692 691 692 697 
degeneracy helps : 70 67 70 87 99 104 
degeneracy worse : 71 70 72 88 101 111 
SCL #err deg : 767 / 1000
SCL #err weighted degeneracy : 765 767 765 759 761 766 
degeneracy helps : 81 78 82 103 116 121 
degeneracy worse : 79 78 80 95 110 120 
SCL #err deg : 836 / 1100
SCL #err weighted degeneracy : 832 835 832 827 822 830 
degeneracy helps : 90 86 91 114 134 139 
degeneracy worse : 86 85 87 105 120 133 
SCL #err deg : 908 / 1200
SCL #err weighted degeneracy : 905 908 904 899 894 905 
degeneracy helps : 96 92 97 122 143 148 
degeneracy worse : 93 92 93 113 129 145 
SCL #err deg : 973 / 1300
SCL #err weighted degeneracy : 976 981 975 965 960 976 
degeneracy helps : 103 97 105 137 159 162 
degeneracy worse : 106 105 107 129 146 165 
SCL #err deg : 1047 / 1400
SCL #err weighted degeneracy : 1043 1047 1044 1041 1035 1056 
degeneracy helps : 116 110 117 147 171 171 
degeneracy worse : 112 110 114 141 159 180 
SCL #err deg : 1114 / 1500
SCL #err weighted degeneracy : 1114 1118 1116 1114 1107 1125 
degeneracy helps : 123 117 124 154 179 182 
degeneracy worse : 123 121 126 154 172 193 
SCL #err deg : 1188 / 1600
SCL #err weighted degeneracy : 1188 1192 1189 1188 1185 1203 
degeneracy helps : 130 124 131 162 185 190 
degeneracy worse : 130 128 132 162 182 205 
SCL #err deg : 1265 / 1700
SCL #err weighted degeneracy : 1265 1268 1266 1264 1259 1278 
degeneracy helps : 142 136 143 177 202 208 
degeneracy worse : 142 139 144 176 196 221 
SCL #err deg : 1341 / 1800
SCL #err weighted degeneracy : 1342 1345 1342 1339 1334 1352 
degeneracy helps : 151 145 153 190 215 219 
degeneracy worse : 152 149 154 188 208 230 
SCL #err deg : 1411 / 1900
SCL #err weighted degeneracy : 1420 1423 1421 1419 1416 1436 
degeneracy helps : 153 147 155 193 218 223 
degeneracy worse : 162 159 165 201 223 248 
SCL #err deg : 1482 / 2000
SCL #err weighted degeneracy : 1496 1499 1498 1495 1493 1515 
degeneracy helps : 161 155 163 202 228 231 
degeneracy worse : 175 172 179 215 239 264 
SCL #err deg : 1556 / 2100
SCL #err weighted degeneracy : 1573 1576 1574 1571 1567 1589 
degeneracy helps : 169 163 172 212 241 246 
degeneracy worse : 186 183 190 227 252 279 
SCL #err deg : 1628 / 2200
SCL #err weighted degeneracy : 1650 1652 1651 1647 1646 1666 
degeneracy helps : 176 171 179 220 248 254 
degeneracy worse : 198 195 202 239 266 292 
SCL #err deg : 1707 / 2300
SCL #err weighted degeneracy : 1724 1726 1726 1724 1727 1746 
degeneracy helps : 189 184 191 233 259 265 
degeneracy worse : 206 203 210 250 279 304 
SCL #err deg : 1783 / 2400
SCL #err weighted degeneracy : 1804 1806 1806 1799 1802 1825 
degeneracy helps : 195 190 197 244 271 275 
degeneracy worse : 216 213 220 260 290 317 
SCL #err deg : 1855 / 2500
SCL #err weighted degeneracy : 1880 1883 1881 1877 1880 1905 
degeneracy helps : 199 194 202 249 278 282 
degeneracy worse : 224 222 228 271 303 332 
SCL #err deg : 1926 / 2600
SCL #err weighted degeneracy : 1952 1955 1953 1948 1952 1977 
degeneracy helps : 211 206 214 262 291 297 
degeneracy worse : 237 235 241 284 317 348 
SCL #err deg : 2001 / 2700
SCL #err weighted degeneracy : 2032 2035 2032 2026 2030 2056 
degeneracy helps : 216 211 219 270 300 306 
degeneracy worse : 247 245 250 295 329 361 
SCL #err deg : 2075 / 2800
SCL #err weighted degeneracy : 2109 2113 2107 2099 2100 2129 
degeneracy helps : 225 219 229 281 317 324 
degeneracy worse : 259 257 261 305 342 378 
SCL #err deg : 2152 / 2900
SCL #err weighted degeneracy : 2187 2193 2185 2170 2173 2200 
degeneracy helps : 234 227 238 296 331 340 
degeneracy worse : 269 268 271 314 352 388 
SCL #err deg : 2228 / 3000
SCL #err weighted degeneracy : 2259 2264 2257 2245 2247 2273 
degeneracy helps : 243 236 247 307 343 353 
degeneracy worse : 274 272 276 324 362 398 
SCL #err deg : 2297 / 3100
SCL #err weighted degeneracy : 2332 2336 2329 2317 2320 2347 
degeneracy helps : 248 241 253 316 352 363 
degeneracy worse : 283 280 285 336 375 413 
SCL #err deg : 2373 / 3200
SCL #err weighted degeneracy : 2409 2414 2406 2391 2393 2420 
degeneracy helps : 256 248 261 328 366 379 
degeneracy worse : 292 289 294 346 386 426 
SCL #err deg : 2450 / 3300
SCL #err weighted degeneracy : 2478 2486 2476 2464 2466 2488 
degeneracy helps : 271 263 275 340 378 393 
degeneracy worse : 299 299 301 354 394 431 
SCL #err deg : 2524 / 3400
SCL #err weighted degeneracy : 2560 2566 2557 2547 2545 2567 
degeneracy helps : 274 266 278 347 388 402 
degeneracy worse : 310 308 311 370 409 445 
SCL #err deg : 2597 / 3500
SCL #err weighted degeneracy : 2635 2641 2631 2622 2615 2638 
degeneracy helps : 281 273 286 357 403 417 
degeneracy worse : 319 317 320 382 421 458 
SCL #err deg : 2676 / 3600
SCL #err weighted degeneracy : 2708 2714 2704 2689 2678 2703 
degeneracy helps : 290 281 294 372 421 435 
degeneracy worse : 322 320 323 385 423 462 
SCL #err deg : 2747 / 3700
SCL #err weighted degeneracy : 2787 2794 2782 2769 2758 2783 
degeneracy helps : 294 284 299 378 429 446 
degeneracy worse : 334 332 335 400 440 482 
SCL #err deg : 2824 / 3800
SCL #err weighted degeneracy : 2868 2876 2864 2849 2840 2862 
degeneracy helps : 303 293 308 390 442 460 
degeneracy worse : 347 346 349 415 458 498 
SCL #err deg : 2897 / 3900
SCL #err weighted degeneracy : 2945 2953 2941 2923 2917 2940 
degeneracy helps : 311 300 317 402 452 471 
degeneracy worse : 359 357 362 428 472 514 
SCL #err deg : 2964 / 4000
SCL #err weighted degeneracy : 3014 3022 3008 2992 2988 3013 
degeneracy helps : 319 308 325 411 464 483 
degeneracy worse : 369 367 370 439 488 532 
SCL #err deg : 3033 / 4100
SCL #err weighted degeneracy : 3085 3094 3078 3060 3063 3088 
degeneracy helps : 327 315 334 424 478 499 
degeneracy worse : 379 377 380 451 508 554 
SCL #err deg : 3117 / 4200
SCL #err weighted degeneracy : 3170 3179 3163 3144 3144 3171 
degeneracy helps : 334 322 341 433 489 509 
degeneracy worse : 387 385 388 460 516 563 
SCL #err deg : 3194 / 4300
SCL #err weighted degeneracy : 3246 3253 3239 3224 3226 3250 
degeneracy helps : 342 330 349 441 497 519 
degeneracy worse : 394 390 395 471 529 575 
SCL #err deg : 3266 / 4400
SCL #err weighted degeneracy : 3318 3325 3313 3298 3299 3322 
degeneracy helps : 348 336 356 450 507 530 
degeneracy worse : 400 396 404 482 540 586 
SCL #err deg : 3342 / 4500
SCL #err weighted degeneracy : 3388 3394 3382 3369 3370 3392 
degeneracy helps : 361 350 371 467 524 550 
degeneracy worse : 407 403 412 494 552 600 
SCL #err deg : 3413 / 4600
SCL #err weighted degeneracy : 3465 3471 3457 3444 3446 3464 
degeneracy helps : 368 357 380 477 535 564 
degeneracy worse : 420 416 425 508 568 615 
SCL #err deg : 3490 / 4700
SCL #err weighted degeneracy : 3538 3544 3531 3519 3524 3539 
degeneracy helps : 382 371 393 490 547 578 
degeneracy worse : 430 426 435 519 581 627 
SCL #err deg : 3563 / 4800
SCL #err weighted degeneracy : 3607 3612 3601 3590 3598 3615 
degeneracy helps : 394 383 405 502 558 588 
degeneracy worse : 438 433 444 529 593 640 
SCL #err deg : 3632 / 4900
SCL #err weighted degeneracy : 3682 3687 3675 3663 3672 3688 
degeneracy helps : 401 390 414 513 571 601 
degeneracy worse : 451 446 458 544 611 657 
SCL #err deg : 3711 / 5000
SCL #err weighted degeneracy : 3763 3767 3756 3741 3749 3766 
degeneracy helps : 407 397 420 523 583 612 
degeneracy worse : 459 454 466 553 621 667 
SCL #err deg : 3789 / 5100
SCL #err weighted degeneracy : 3837 3841 3831 3812 3822 3839 
degeneracy helps : 420 410 432 539 601 632 
degeneracy worse : 468 463 475 562 634 682 
SCL #err deg : 3869 / 5200
SCL #err weighted degeneracy : 3902 3907 3896 3883 3893 3912 
degeneracy helps : 440 429 452 558 622 652 
degeneracy worse : 473 468 480 572 646 695 
SCL #err deg : 3946 / 5300
SCL #err weighted degeneracy : 3982 3987 3975 3960 3972 3993 
degeneracy helps : 445 434 458 564 629 659 
degeneracy worse : 481 476 488 578 655 706 
SCL #err deg : 4016 / 5400
SCL #err weighted degeneracy : 4057 4062 4050 4035 4045 4066 
degeneracy helps : 449 438 462 571 637 669 
degeneracy worse : 490 485 497 590 666 719 
SCL #err deg : 4090 / 5500
SCL #err weighted degeneracy : 4129 4134 4123 4106 4116 4137 
degeneracy helps : 459 447 471 583 650 682 
degeneracy worse : 498 492 505 599 676 729 
SCL #err deg : 4161 / 5600
SCL #err weighted degeneracy : 4193 4198 4186 4173 4185 4204 
degeneracy helps : 471 459 483 594 663 700 
degeneracy worse : 503 497 509 606 687 743 
SCL #err deg : 4242 / 5700
SCL #err weighted degeneracy : 4275 4281 4269 4257 4267 4290 
degeneracy helps : 477 464 488 600 669 705 
degeneracy worse : 510 504 516 615 694 753 
SCL #err deg : 4317 / 5800
SCL #err weighted degeneracy : 4353 4359 4347 4333 4340 4362 
degeneracy helps : 484 471 495 610 681 720 
degeneracy worse : 520 514 526 626 704 765 
SCL #err deg : 4393 / 5900
SCL #err weighted degeneracy : 4429 4435 4424 4411 4414 4437 
degeneracy helps : 492 479 503 618 692 731 
degeneracy worse : 528 522 535 636 713 775 
SCL #err deg : 4474 / 6000
SCL #err weighted degeneracy : 4506 4512 4502 4491 4492 4512 
degeneracy helps : 504 491 514 630 704 747 
degeneracy worse : 536 530 543 647 722 785 
SCL #err deg : 4550 / 6100
SCL #err weighted degeneracy : 4581 4587 4577 4568 4569 4588 
degeneracy helps : 512 499 522 639 715 762 
degeneracy worse : 543 537 550 657 734 800 
SCL #err deg : 4632 / 6200
SCL #err weighted degeneracy : 4660 4666 4658 4646 4648 4667 
degeneracy helps : 522 509 532 650 726 772 
degeneracy worse : 550 544 559 664 742 807 
SCL #err deg : 4709 / 6300
SCL #err weighted degeneracy : 4732 4739 4731 4717 4718 4738 
degeneracy helps : 534 521 544 664 742 788 
degeneracy worse : 557 552 567 672 751 817 
SCL #err deg : 4790 / 6400
SCL #err weighted degeneracy : 4812 4819 4810 4796 4798 4817 
degeneracy helps : 541 528 551 673 751 797 
degeneracy worse : 563 558 572 679 759 824 
SCL #err deg : 4859 / 6500
SCL #err weighted degeneracy : 4880 4888 4880 4864 4868 4889 
degeneracy helps : 550 535 560 686 765 812 
degeneracy worse : 571 565 582 691 774 842 
SCL #err deg : 4932 / 6600
SCL #err weighted degeneracy : 4957 4965 4958 4943 4949 4966 
degeneracy helps : 562 547 571 697 775 825 
degeneracy worse : 587 581 598 708 792 859 
SCL #err deg : 5008 / 6700
SCL #err weighted degeneracy : 5030 5038 5031 5017 5022 5039 
degeneracy helps : 571 556 580 706 785 836 
degeneracy worse : 593 587 604 715 799 867 
SCL #err deg : 5083 / 6800
SCL #err weighted degeneracy : 5099 5106 5100 5082 5089 5105 
degeneracy helps : 583 568 592 722 802 856 
degeneracy worse : 599 592 610 721 808 878 
SCL #err deg : 5158 / 6900
SCL #err weighted degeneracy : 5169 5175 5170 5156 5163 5175 
degeneracy helps : 594 579 603 736 817 874 
degeneracy worse : 605 597 616 734 822 891 
SCL #err deg : 5238 / 7000
SCL #err weighted degeneracy : 5243 5249 5245 5233 5242 5252 
degeneracy helps : 605 589 614 747 827 886 
degeneracy worse : 610 601 622 742 831 900 
SCL #err deg : 5313 / 7100
SCL #err weighted degeneracy : 5312 5317 5314 5301 5313 5321 
degeneracy helps : 620 604 629 763 840 902 
degeneracy worse : 619 609 631 751 840 910 
SCL #err deg : 5396 / 7200
SCL #err weighted degeneracy : 5390 5395 5392 5375 5387 5393 
degeneracy helps : 630 614 638 775 852 916 
degeneracy worse : 624 614 635 754 843 913 
SCL #err deg : 5469 / 7300
SCL #err weighted degeneracy : 5458 5463 5460 5437 5452 5463 
degeneracy helps : 644 628 652 794 870 933 
degeneracy worse : 633 623 644 762 853 927 
SCL #err deg : 5548 / 7400
SCL #err weighted degeneracy : 5531 5536 5532 5508 5523 5534 
degeneracy helps : 656 640 665 810 886 950 
degeneracy worse : 639 629 650 770 861 936 
SCL #err deg : 5625 / 7500
SCL #err weighted degeneracy : 5610 5615 5609 5587 5603 5613 
degeneracy helps : 662 646 672 815 892 958 
degeneracy worse : 647 637 657 777 870 946 
SCL #err deg : 5700 / 7600
SCL #err weighted degeneracy : 5684 5690 5683 5660 5676 5688 
degeneracy helps : 668 651 679 826 904 970 
degeneracy worse : 652 642 663 786 880 958 
SCL #err deg : 5766 / 7700
SCL #err weighted degeneracy : 5756 5762 5755 5739 5757 5767 
degeneracy helps : 675 658 686 832 910 976 
degeneracy worse : 665 655 676 805 901 977 
SCL #err deg : 5839 / 7800
SCL #err weighted degeneracy : 5821 5829 5820 5806 5827 5840 
degeneracy helps : 691 672 702 847 924 987 
degeneracy worse : 673 663 684 814 912 988 
SCL #err deg : 5912 / 7900
SCL #err weighted degeneracy : 5895 5903 5893 5879 5904 5913 
degeneracy helps : 699 680 711 856 932 1000 
degeneracy worse : 682 672 693 823 924 1001 
SCL #err deg : 5990 / 8000
SCL #err weighted degeneracy : 5975 5981 5973 5956 5983 5990 
degeneracy helps : 705 687 717 866 942 1012 
degeneracy worse : 690 679 701 832 935 1012 
SCL #err deg : 6064 / 8100
SCL #err weighted degeneracy : 6053 6059 6052 6036 6061 6069 
degeneracy helps : 711 693 723 873 952 1020 
degeneracy worse : 700 689 712 845 949 1025 
SCL #err deg : 6130 / 8200
SCL #err weighted degeneracy : 6122 6128 6121 6107 6132 6135 
degeneracy helps : 718 700 730 879 957 1030 
degeneracy worse : 710 699 722 856 959 1035 
SCL #err deg : 6199 / 8300
SCL #err weighted degeneracy : 6195 6202 6194 6179 6202 6206 
degeneracy helps : 729 710 741 890 971 1045 
degeneracy worse : 725 714 737 870 974 1052 
SCL #err deg : 6273 / 8400
SCL #err weighted degeneracy : 6270 6279 6269 6254 6276 6279 
degeneracy helps : 739 719 751 900 982 1057 
degeneracy worse : 736 726 748 881 985 1063 
SCL #err deg : 6348 / 8500
SCL #err weighted degeneracy : 6344 6352 6343 6325 6348 6355 
degeneracy helps : 748 728 760 912 996 1070 
degeneracy worse : 744 733 756 889 996 1077 
SCL #err deg : 6424 / 8600
SCL #err weighted degeneracy : 6418 6426 6417 6399 6417 6427 
degeneracy helps : 759 739 771 925 1014 1086 
degeneracy worse : 753 742 765 900 1007 1089 
SCL #err deg : 6500 / 8700
SCL #err weighted degeneracy : 6491 6499 6490 6468 6490 6499 
degeneracy helps : 769 749 781 939 1026 1100 
degeneracy worse : 760 749 772 907 1016 1099 
SCL #err deg : 6571 / 8800
SCL #err weighted degeneracy : 6567 6575 6567 6544 6566 6574 
degeneracy helps : 776 756 787 948 1036 1112 
degeneracy worse : 772 761 784 921 1031 1115 
SCL #err deg : 6644 / 8900
SCL #err weighted degeneracy : 6635 6642 6636 6614 6640 6650 
degeneracy helps : 786 766 797 959 1045 1121 
degeneracy worse : 777 765 790 929 1041 1127 
SCL #err deg : 6723 / 9000
SCL #err weighted degeneracy : 6716 6723 6716 6693 6718 6726 
degeneracy helps : 791 771 804 967 1055 1133 
degeneracy worse : 784 772 798 937 1050 1136 
SCL #err deg : 6798 / 9100
SCL #err weighted degeneracy : 6799 6806 6797 6774 6796 6806 
degeneracy helps : 795 775 810 977 1067 1145 
degeneracy worse : 796 784 810 953 1065 1153 
SCL #err deg : 6874 / 9200
SCL #err weighted degeneracy : 6877 6884 6874 6851 6871 6876 
degeneracy helps : 802 782 818 986 1081 1162 
degeneracy worse : 805 793 819 963 1078 1164 
SCL #err deg : 6940 / 9300
SCL #err weighted degeneracy : 6954 6961 6953 6929 6944 6951 
degeneracy helps : 804 784 820 990 1090 1171 
degeneracy worse : 818 806 834 979 1094 1182 
SCL #err deg : 7005 / 9400
SCL #err weighted degeneracy : 7023 7030 7023 7005 7021 7025 
degeneracy helps : 814 794 829 998 1098 1182 
degeneracy worse : 832 820 848 998 1114 1202 
SCL #err deg : 7083 / 9500
SCL #err weighted degeneracy : 7098 7105 7098 7079 7097 7100 
degeneracy helps : 824 804 840 1012 1112 1196 
degeneracy worse : 839 827 856 1008 1126 1213 
SCL #err deg : 7157 / 9600
SCL #err weighted degeneracy : 7177 7184 7178 7158 7174 7178 
degeneracy helps : 828 808 844 1019 1122 1210 
degeneracy worse : 848 836 866 1020 1139 1231 
SCL #err deg : 7228 / 9700
SCL #err weighted degeneracy : 7247 7253 7248 7234 7253 7256 
degeneracy helps : 840 820 856 1029 1130 1219 
degeneracy worse : 859 846 877 1035 1155 1247 
SCL #err deg : 7299 / 9800
SCL #err weighted degeneracy : 7324 7330 7323 7307 7328 7328 
degeneracy helps : 845 825 863 1041 1142 1232 
degeneracy worse : 870 857 888 1049 1171 1261 
SCL #err deg : 7379 / 9900
SCL #err weighted degeneracy : 7403 7410 7403 7385 7399 7396 
degeneracy helps : 855 834 873 1053 1160 1251 
degeneracy worse : 879 866 898 1059 1180 1268 
SCL #err deg : 7459 / 10000
SCL #err weighted degeneracy : 7473 7480 7474 7457 7470 7469 
degeneracy helps : 869 848 887 1067 1177 1266 
degeneracy worse : 883 870 903 1065 1188 1276 
average #flips: 51.1136
SCL #err considering degeneracy: 7459
error due to equal 1
error due to SCL smaller 7458
Finish in 2427 s
