Simulation Polar syndrome FASTER N=1024, K=513, l=128, pz=0.15, #samples=10000, seed=87
PW construction
Event generator random seed: 87
SCL #err deg : 70 / 100
SCL #err weighted degeneracy : 72 71 72 72 73 73 
degeneracy helps : 4 5 4 3 3 3 
degeneracy worse : 6 6 6 5 6 6 
SCL #err deg : 149 / 200
SCL #err weighted degeneracy : 151 151 149 150 150 150 
degeneracy helps : 9 9 11 9 9 7 
degeneracy worse : 11 11 11 10 10 8 
SCL #err deg : 219 / 300
SCL #err weighted degeneracy : 225 228 222 224 225 226 
degeneracy helps : 17 15 19 18 17 14 
degeneracy worse : 23 24 22 23 23 21 
SCL #err deg : 297 / 400
SCL #err weighted degeneracy : 298 301 296 298 299 301 
degeneracy helps : 22 20 24 23 22 19 
degeneracy worse : 23 24 23 24 24 23 
SCL #err deg : 371 / 500
SCL #err weighted degeneracy : 374 377 372 374 375 378 
degeneracy helps : 26 24 28 27 26 23 
degeneracy worse : 29 30 29 30 30 30 
SCL #err deg : 450 / 600
SCL #err weighted degeneracy : 453 456 450 453 454 459 
degeneracy helps : 30 28 33 32 30 26 
degeneracy worse : 33 34 33 35 34 35 
SCL #err deg : 526 / 700
SCL #err weighted degeneracy : 530 533 525 529 530 534 
degeneracy helps : 38 36 41 38 36 33 
degeneracy worse : 42 43 40 41 40 41 
SCL #err deg : 597 / 800
SCL #err weighted degeneracy : 608 607 606 610 610 612 
degeneracy helps : 43 41 46 42 40 38 
degeneracy worse : 54 51 55 55 53 53 
SCL #err deg : 672 / 900
SCL #err weighted degeneracy : 677 676 676 679 680 683 
degeneracy helps : 52 50 55 52 50 49 
degeneracy worse : 57 54 59 59 58 60 
SCL #err deg : 747 / 1000
SCL #err weighted degeneracy : 757 755 756 759 761 765 
degeneracy helps : 54 53 57 55 52 51 
degeneracy worse : 64 61 66 67 66 69 
SCL #err deg : 825 / 1100
SCL #err weighted degeneracy : 830 827 828 830 834 836 
degeneracy helps : 63 63 67 65 61 61 
degeneracy worse : 68 65 70 70 70 72 
SCL #err deg : 899 / 1200
SCL #err weighted degeneracy : 906 902 905 905 909 911 
degeneracy helps : 68 67 72 72 68 68 
degeneracy worse : 75 70 78 78 78 80 
SCL #err deg : 975 / 1300
SCL #err weighted degeneracy : 983 979 984 981 986 989 
degeneracy helps : 74 74 78 79 74 74 
degeneracy worse : 82 78 87 85 85 88 
SCL #err deg : 1052 / 1400
SCL #err weighted degeneracy : 1062 1058 1059 1057 1064 1067 
degeneracy helps : 78 78 82 83 77 77 
degeneracy worse : 88 84 89 88 89 92 
SCL #err deg : 1128 / 1500
SCL #err weighted degeneracy : 1135 1132 1133 1132 1140 1141 
degeneracy helps : 87 87 90 91 84 85 
degeneracy worse : 94 91 95 95 96 98 
SCL #err deg : 1198 / 1600
SCL #err weighted degeneracy : 1206 1204 1205 1205 1215 1219 
degeneracy helps : 92 91 95 96 89 88 
degeneracy worse : 100 97 102 103 106 109 
SCL #err deg : 1265 / 1700
SCL #err weighted degeneracy : 1277 1275 1276 1278 1287 1290 
degeneracy helps : 97 96 99 99 93 92 
degeneracy worse : 109 106 110 112 115 117 
SCL #err deg : 1342 / 1800
SCL #err weighted degeneracy : 1351 1350 1350 1353 1363 1367 
degeneracy helps : 105 104 107 107 100 98 
degeneracy worse : 114 112 115 118 121 123 
SCL #err deg : 1417 / 1900
SCL #err weighted degeneracy : 1426 1422 1422 1424 1435 1442 
degeneracy helps : 110 110 115 115 107 102 
degeneracy worse : 119 115 120 122 125 127 
SCL #err deg : 1490 / 2000
SCL #err weighted degeneracy : 1501 1496 1495 1497 1510 1518 
degeneracy helps : 115 115 122 122 113 107 
degeneracy worse : 126 121 127 129 133 135 
SCL #err deg : 1562 / 2100
SCL #err weighted degeneracy : 1567 1563 1562 1562 1575 1583 
degeneracy helps : 124 124 131 132 123 118 
degeneracy worse : 129 125 131 132 136 139 
SCL #err deg : 1634 / 2200
SCL #err weighted degeneracy : 1639 1635 1636 1634 1648 1657 
degeneracy helps : 132 132 138 140 130 124 
degeneracy worse : 137 133 140 140 144 147 
SCL #err deg : 1715 / 2300
SCL #err weighted degeneracy : 1717 1715 1716 1715 1728 1737 
degeneracy helps : 143 141 146 147 138 132 
degeneracy worse : 145 141 147 147 151 154 
SCL #err deg : 1785 / 2400
SCL #err weighted degeneracy : 1782 1781 1777 1777 1792 1803 
degeneracy helps : 154 151 159 160 149 142 
degeneracy worse : 151 147 151 152 156 160 
SCL #err deg : 1854 / 2500
SCL #err weighted degeneracy : 1855 1854 1855 1854 1869 1880 
degeneracy helps : 158 155 163 165 153 146 
degeneracy worse : 159 155 164 165 168 172 
SCL #err deg : 1928 / 2600
SCL #err weighted degeneracy : 1929 1929 1930 1933 1948 1960 
degeneracy helps : 166 161 170 170 158 150 
degeneracy worse : 167 162 172 175 178 182 
SCL #err deg : 1999 / 2700
SCL #err weighted degeneracy : 2001 2003 1999 2001 2016 2025 
degeneracy helps : 173 166 179 179 167 160 
degeneracy worse : 175 170 179 181 184 186 
SCL #err deg : 2077 / 2800
SCL #err weighted degeneracy : 2079 2082 2075 2078 2093 2100 
degeneracy helps : 180 173 187 186 173 167 
degeneracy worse : 182 178 185 187 189 190 
SCL #err deg : 2149 / 2900
SCL #err weighted degeneracy : 2148 2151 2146 2149 2162 2171 
degeneracy helps : 189 181 196 195 184 176 
degeneracy worse : 188 183 193 195 197 198 
SCL #err deg : 2220 / 3000
SCL #err weighted degeneracy : 2228 2231 2223 2224 2237 2247 
degeneracy helps : 193 184 201 201 190 182 
degeneracy worse : 201 195 204 205 207 209 
SCL #err deg : 2297 / 3100
SCL #err weighted degeneracy : 2306 2309 2301 2301 2315 2323 
degeneracy helps : 195 186 203 203 192 186 
degeneracy worse : 204 198 207 207 210 212 
SCL #err deg : 2373 / 3200
SCL #err weighted degeneracy : 2382 2385 2376 2376 2392 2398 
degeneracy helps : 201 192 209 209 198 194 
degeneracy worse : 210 204 212 212 217 219 
SCL #err deg : 2452 / 3300
SCL #err weighted degeneracy : 2457 2460 2452 2452 2467 2473 
degeneracy helps : 211 202 217 217 206 202 
degeneracy worse : 216 210 217 217 221 223 
SCL #err deg : 2527 / 3400
SCL #err weighted degeneracy : 2528 2532 2522 2521 2537 2544 
degeneracy helps : 221 212 228 227 216 212 
degeneracy worse : 222 217 223 221 226 229 
SCL #err deg : 2605 / 3500
SCL #err weighted degeneracy : 2600 2605 2594 2592 2607 2614 
degeneracy helps : 230 220 236 237 227 223 
degeneracy worse : 225 220 225 224 229 232 
SCL #err deg : 2682 / 3600
SCL #err weighted degeneracy : 2674 2680 2667 2667 2681 2687 
degeneracy helps : 239 229 246 245 236 233 
degeneracy worse : 231 227 231 230 235 238 
SCL #err deg : 2750 / 3700
SCL #err weighted degeneracy : 2747 2753 2742 2742 2754 2757 
degeneracy helps : 242 232 248 248 241 240 
degeneracy worse : 239 235 240 240 245 247 
SCL #err deg : 2826 / 3800
SCL #err weighted degeneracy : 2826 2833 2817 2817 2828 2832 
degeneracy helps : 248 238 256 255 249 248 
degeneracy worse : 248 245 247 246 251 254 
SCL #err deg : 2907 / 3900
SCL #err weighted degeneracy : 2901 2908 2897 2898 2908 2912 
degeneracy helps : 256 246 262 260 255 254 
degeneracy worse : 250 247 252 251 256 259 
SCL #err deg : 2978 / 4000
SCL #err weighted degeneracy : 2969 2977 2967 2966 2977 2981 
degeneracy helps : 262 251 267 266 262 262 
degeneracy worse : 253 250 256 254 261 265 
SCL #err deg : 3053 / 4100
SCL #err weighted degeneracy : 3040 3048 3036 3036 3048 3053 
degeneracy helps : 273 262 280 279 274 272 
degeneracy worse : 260 257 263 262 269 272 
SCL #err deg : 3134 / 4200
SCL #err weighted degeneracy : 3119 3126 3115 3115 3127 3135 
degeneracy helps : 280 270 287 287 282 279 
degeneracy worse : 265 262 268 268 275 280 
SCL #err deg : 3204 / 4300
SCL #err weighted degeneracy : 3192 3200 3189 3190 3203 3208 
degeneracy helps : 288 277 295 295 289 287 
degeneracy worse : 276 273 280 281 288 291 
SCL #err deg : 3282 / 4400
SCL #err weighted degeneracy : 3268 3275 3265 3267 3281 3287 
degeneracy helps : 297 286 303 304 297 294 
degeneracy worse : 283 279 286 289 296 299 
SCL #err deg : 3353 / 4500
SCL #err weighted degeneracy : 3337 3345 3333 3334 3349 3354 
degeneracy helps : 306 294 313 315 306 304 
degeneracy worse : 290 286 293 296 302 305 
SCL #err deg : 3424 / 4600
SCL #err weighted degeneracy : 3405 3411 3399 3403 3417 3422 
degeneracy helps : 315 304 325 325 317 315 
degeneracy worse : 296 291 300 304 310 313 
SCL #err deg : 3493 / 4700
SCL #err weighted degeneracy : 3478 3485 3469 3474 3488 3491 
degeneracy helps : 321 310 333 333 324 324 
degeneracy worse : 306 302 309 314 319 322 
SCL #err deg : 3563 / 4800
SCL #err weighted degeneracy : 3554 3561 3544 3549 3561 3563 
degeneracy helps : 326 316 340 341 334 335 
degeneracy worse : 317 314 321 327 332 335 
SCL #err deg : 3637 / 4900
SCL #err weighted degeneracy : 3630 3636 3620 3624 3634 3637 
degeneracy helps : 332 322 345 347 341 342 
degeneracy worse : 325 321 328 334 338 342 
SCL #err deg : 3720 / 5000
SCL #err weighted degeneracy : 3715 3720 3705 3708 3719 3719 
degeneracy helps : 337 328 350 353 346 348 
degeneracy worse : 332 328 335 341 345 347 
SCL #err deg : 3789 / 5100
SCL #err weighted degeneracy : 3786 3790 3776 3782 3791 3790 
degeneracy helps : 343 336 357 359 352 354 
degeneracy worse : 340 337 344 352 354 355 
SCL #err deg : 3865 / 5200
SCL #err weighted degeneracy : 3858 3861 3849 3855 3863 3862 
degeneracy helps : 350 343 364 366 360 361 
degeneracy worse : 343 339 348 356 358 358 
SCL #err deg : 3940 / 5300
SCL #err weighted degeneracy : 3930 3934 3921 3927 3934 3931 
degeneracy helps : 358 351 372 374 369 372 
degeneracy worse : 348 345 353 361 363 363 
SCL #err deg : 4015 / 5400
SCL #err weighted degeneracy : 4004 4013 3996 4002 4007 4002 
degeneracy helps : 369 359 383 384 381 386 
degeneracy worse : 358 357 364 371 373 373 
SCL #err deg : 4090 / 5500
SCL #err weighted degeneracy : 4084 4094 4076 4083 4089 4082 
degeneracy helps : 374 364 388 389 386 391 
degeneracy worse : 368 368 374 382 385 383 
SCL #err deg : 4165 / 5600
SCL #err weighted degeneracy : 4159 4168 4154 4163 4169 4161 
degeneracy helps : 382 373 396 396 393 400 
degeneracy worse : 376 376 385 394 397 396 
SCL #err deg : 4239 / 5700
SCL #err weighted degeneracy : 4235 4243 4231 4242 4246 4237 
degeneracy helps : 388 380 402 400 397 405 
degeneracy worse : 384 384 394 403 404 403 
SCL #err deg : 4314 / 5800
SCL #err weighted degeneracy : 4307 4315 4302 4313 4318 4313 
degeneracy helps : 397 388 412 411 408 414 
degeneracy worse : 390 389 400 410 412 413 
SCL #err deg : 4391 / 5900
SCL #err weighted degeneracy : 4381 4389 4377 4390 4395 4389 
degeneracy helps : 406 397 420 417 414 421 
degeneracy worse : 396 395 406 416 418 419 
SCL #err deg : 4462 / 6000
SCL #err weighted degeneracy : 4450 4458 4448 4460 4465 4459 
degeneracy helps : 414 404 426 424 420 427 
degeneracy worse : 402 400 412 422 423 424 
SCL #err deg : 4536 / 6100
SCL #err weighted degeneracy : 4524 4532 4524 4535 4539 4532 
degeneracy helps : 420 410 431 429 426 433 
degeneracy worse : 408 406 419 428 429 429 
SCL #err deg : 4613 / 6200
SCL #err weighted degeneracy : 4602 4610 4603 4614 4617 4611 
degeneracy helps : 425 415 436 434 432 439 
degeneracy worse : 414 412 426 435 436 437 
SCL #err deg : 4690 / 6300
SCL #err weighted degeneracy : 4677 4686 4677 4687 4693 4688 
degeneracy helps : 433 422 445 444 439 446 
degeneracy worse : 420 418 432 441 442 444 
SCL #err deg : 4766 / 6400
SCL #err weighted degeneracy : 4753 4762 4753 4763 4769 4763 
degeneracy helps : 439 428 452 451 446 453 
degeneracy worse : 426 424 439 448 449 450 
SCL #err deg : 4847 / 6500
SCL #err weighted degeneracy : 4834 4842 4831 4840 4848 4843 
degeneracy helps : 444 433 459 459 455 461 
degeneracy worse : 431 428 443 452 456 457 
SCL #err deg : 4916 / 6600
SCL #err weighted degeneracy : 4904 4912 4900 4911 4920 4914 
degeneracy helps : 449 439 465 464 460 468 
degeneracy worse : 437 435 449 459 464 466 
SCL #err deg : 4987 / 6700
SCL #err weighted degeneracy : 4977 4984 4970 4983 4992 4986 
degeneracy helps : 457 447 474 471 467 473 
degeneracy worse : 447 444 457 467 472 472 
SCL #err deg : 5069 / 6800
SCL #err weighted degeneracy : 5054 5061 5047 5060 5069 5065 
degeneracy helps : 464 454 480 477 473 479 
degeneracy worse : 449 446 458 468 473 475 
SCL #err deg : 5138 / 6900
SCL #err weighted degeneracy : 5131 5135 5124 5136 5145 5141 
degeneracy helps : 470 461 485 480 476 483 
degeneracy worse : 463 458 471 478 483 486 
SCL #err deg : 5214 / 7000
SCL #err weighted degeneracy : 5206 5210 5200 5211 5218 5214 
degeneracy helps : 477 468 494 489 486 494 
degeneracy worse : 469 464 480 486 490 494 
SCL #err deg : 5290 / 7100
SCL #err weighted degeneracy : 5284 5286 5277 5289 5294 5291 
degeneracy helps : 481 474 499 494 492 499 
degeneracy worse : 475 470 486 493 496 500 
SCL #err deg : 5369 / 7200
SCL #err weighted degeneracy : 5355 5355 5347 5361 5366 5363 
degeneracy helps : 494 488 512 506 504 511 
degeneracy worse : 480 474 490 498 501 505 
SCL #err deg : 5447 / 7300
SCL #err weighted degeneracy : 5434 5433 5425 5439 5443 5440 
degeneracy helps : 502 496 520 515 513 519 
degeneracy worse : 489 482 498 507 509 512 
SCL #err deg : 5520 / 7400
SCL #err weighted degeneracy : 5508 5508 5499 5515 5518 5515 
degeneracy helps : 506 500 525 519 517 524 
degeneracy worse : 494 488 504 514 515 519 
SCL #err deg : 5589 / 7500
SCL #err weighted degeneracy : 5582 5582 5576 5594 5597 5597 
degeneracy helps : 510 504 529 522 520 525 
degeneracy worse : 503 497 516 527 528 533 
SCL #err deg : 5661 / 7600
SCL #err weighted degeneracy : 5656 5657 5649 5669 5669 5670 
degeneracy helps : 516 509 535 528 528 533 
degeneracy worse : 511 505 523 536 536 542 
SCL #err deg : 5738 / 7700
SCL #err weighted degeneracy : 5733 5733 5726 5750 5751 5753 
degeneracy helps : 523 516 540 530 530 535 
degeneracy worse : 518 511 528 542 543 550 
SCL #err deg : 5811 / 7800
SCL #err weighted degeneracy : 5809 5810 5801 5827 5826 5824 
degeneracy helps : 529 522 547 536 538 544 
degeneracy worse : 527 521 537 552 553 557 
SCL #err deg : 5888 / 7900
SCL #err weighted degeneracy : 5886 5888 5879 5903 5901 5899 
degeneracy helps : 534 526 553 544 546 553 
degeneracy worse : 532 526 544 559 559 564 
SCL #err deg : 5955 / 8000
SCL #err weighted degeneracy : 5949 5950 5939 5962 5961 5960 
degeneracy helps : 543 536 565 557 559 565 
degeneracy worse : 537 531 549 564 565 570 
SCL #err deg : 6030 / 8100
SCL #err weighted degeneracy : 6021 6024 6011 6036 6035 6033 
degeneracy helps : 552 544 574 565 567 573 
degeneracy worse : 543 538 555 571 572 576 
SCL #err deg : 6099 / 8200
SCL #err weighted degeneracy : 6091 6094 6079 6106 6105 6101 
degeneracy helps : 559 551 583 573 575 581 
degeneracy worse : 551 546 563 580 581 583 
SCL #err deg : 6172 / 8300
SCL #err weighted degeneracy : 6162 6165 6151 6177 6176 6170 
degeneracy helps : 565 557 588 579 581 588 
degeneracy worse : 555 550 567 584 585 586 
SCL #err deg : 6249 / 8400
SCL #err weighted degeneracy : 6242 6245 6232 6256 6256 6251 
degeneracy helps : 569 561 592 584 586 592 
degeneracy worse : 562 557 575 591 593 594 
SCL #err deg : 6324 / 8500
SCL #err weighted degeneracy : 6313 6319 6305 6330 6330 6324 
degeneracy helps : 579 568 601 594 597 606 
degeneracy worse : 568 563 582 600 603 606 
SCL #err deg : 6404 / 8600
SCL #err weighted degeneracy : 6398 6404 6386 6412 6411 6405 
degeneracy helps : 583 572 608 600 602 611 
degeneracy worse : 577 572 590 608 609 612 
SCL #err deg : 6474 / 8700
SCL #err weighted degeneracy : 6464 6470 6453 6477 6475 6470 
degeneracy helps : 594 583 616 608 611 620 
degeneracy worse : 584 579 595 611 612 616 
SCL #err deg : 6543 / 8800
SCL #err weighted degeneracy : 6534 6539 6524 6548 6545 6542 
degeneracy helps : 601 590 622 615 618 626 
degeneracy worse : 592 586 603 620 620 625 
SCL #err deg : 6628 / 8900
SCL #err weighted degeneracy : 6615 6616 6605 6629 6629 6624 
degeneracy helps : 612 601 633 626 627 636 
degeneracy worse : 599 589 610 627 628 632 
SCL #err deg : 6705 / 9000
SCL #err weighted degeneracy : 6692 6693 6682 6706 6707 6699 
degeneracy helps : 617 606 639 631 631 643 
degeneracy worse : 604 594 616 632 633 637 
SCL #err deg : 6780 / 9100
SCL #err weighted degeneracy : 6767 6768 6759 6783 6785 6777 
degeneracy helps : 623 612 644 637 637 649 
degeneracy worse : 610 600 623 640 642 646 
SCL #err deg : 6855 / 9200
SCL #err weighted degeneracy : 6836 6837 6831 6855 6856 6848 
degeneracy helps : 634 623 654 647 648 660 
degeneracy worse : 615 605 630 647 649 653 
SCL #err deg : 6925 / 9300
SCL #err weighted degeneracy : 6908 6908 6902 6925 6927 6919 
degeneracy helps : 640 629 660 654 654 667 
degeneracy worse : 623 612 637 654 656 661 
SCL #err deg : 6994 / 9400
SCL #err weighted degeneracy : 6975 6974 6971 6995 6998 6993 
degeneracy helps : 649 637 668 661 660 672 
degeneracy worse : 630 617 645 662 664 671 
SCL #err deg : 7065 / 9500
SCL #err weighted degeneracy : 7047 7046 7042 7066 7069 7065 
degeneracy helps : 655 643 674 666 665 677 
degeneracy worse : 637 624 651 667 669 677 
SCL #err deg : 7134 / 9600
SCL #err weighted degeneracy : 7119 7118 7114 7137 7141 7138 
degeneracy helps : 660 648 679 671 669 680 
degeneracy worse : 645 632 659 674 676 684 
SCL #err deg : 7213 / 9700
SCL #err weighted degeneracy : 7197 7193 7194 7217 7222 7218 
degeneracy helps : 665 656 683 674 671 682 
degeneracy worse : 649 636 664 678 680 687 
SCL #err deg : 7286 / 9800
SCL #err weighted degeneracy : 7271 7267 7266 7292 7297 7296 
degeneracy helps : 667 658 687 678 676 685 
degeneracy worse : 652 639 667 684 687 695 
SCL #err deg : 7359 / 9900
SCL #err weighted degeneracy : 7343 7340 7338 7364 7370 7369 
degeneracy helps : 675 667 695 686 684 694 
degeneracy worse : 659 648 674 691 695 704 
SCL #err deg : 7430 / 10000
SCL #err weighted degeneracy : 7410 7408 7404 7432 7438 7437 
degeneracy helps : 685 676 706 696 694 704 
degeneracy worse : 665 654 680 698 702 711 
average #flips: 153.835
SCL #err considering degeneracy: 7430
error due to equal 0
error due to SCL smaller 7430
Finish in 12076 s
