Simulation Polar syndrome FASTER N=128, K=65, l=128, pz=0.2, #samples=10000, seed=22
HPW construction
Event generator random seed: 22
SCL #err deg : 67 / 100
SCL #err weighted degeneracy : 68 68 67 65 65 64 
degeneracy helps : 12 11 12 13 12 14 
degeneracy worse : 13 12 12 11 10 11 
SCL #err deg : 138 / 200
SCL #err weighted degeneracy : 142 142 140 141 143 144 
degeneracy helps : 21 20 22 22 20 21 
degeneracy worse : 25 24 24 25 25 27 
SCL #err deg : 214 / 300
SCL #err weighted degeneracy : 214 215 215 217 218 218 
degeneracy helps : 39 37 37 36 34 35 
degeneracy worse : 39 38 38 39 38 39 
SCL #err deg : 281 / 400
SCL #err weighted degeneracy : 288 289 289 295 296 296 
degeneracy helps : 46 44 44 41 41 44 
degeneracy worse : 53 52 52 55 56 59 
SCL #err deg : 356 / 500
SCL #err weighted degeneracy : 371 372 373 375 375 373 
degeneracy helps : 53 51 50 50 51 56 
degeneracy worse : 68 67 67 69 70 73 
SCL #err deg : 431 / 600
SCL #err weighted degeneracy : 441 440 442 444 442 446 
degeneracy helps : 69 69 67 71 74 76 
degeneracy worse : 79 78 78 84 85 91 
SCL #err deg : 503 / 700
SCL #err weighted degeneracy : 508 508 510 514 516 521 
degeneracy helps : 84 83 82 86 87 89 
degeneracy worse : 89 88 89 97 100 107 
SCL #err deg : 572 / 800
SCL #err weighted degeneracy : 579 579 582 582 586 592 
degeneracy helps : 96 95 93 98 96 99 
degeneracy worse : 103 102 103 108 110 119 
SCL #err deg : 643 / 900
SCL #err weighted degeneracy : 654 654 657 655 661 662 
degeneracy helps : 102 101 99 106 103 110 
degeneracy worse : 113 112 113 118 121 129 
SCL #err deg : 711 / 1000
SCL #err weighted degeneracy : 722 721 724 725 735 736 
degeneracy helps : 115 114 112 117 111 119 
degeneracy worse : 126 124 125 131 135 144 
SCL #err deg : 779 / 1100
SCL #err weighted degeneracy : 793 792 795 797 806 807 
degeneracy helps : 121 120 118 125 119 125 
degeneracy worse : 135 133 134 143 146 153 
SCL #err deg : 851 / 1200
SCL #err weighted degeneracy : 869 865 872 876 887 888 
degeneracy helps : 131 130 128 135 127 133 
degeneracy worse : 149 144 149 160 163 170 
SCL #err deg : 923 / 1300
SCL #err weighted degeneracy : 937 934 940 945 954 957 
degeneracy helps : 144 142 141 148 143 148 
degeneracy worse : 158 153 158 170 174 182 
SCL #err deg : 981 / 1400
SCL #err weighted degeneracy : 1000 996 1004 1006 1015 1019 
degeneracy helps : 158 156 155 165 160 164 
degeneracy worse : 177 171 178 190 194 202 
SCL #err deg : 1050 / 1500
SCL #err weighted degeneracy : 1080 1076 1084 1085 1093 1097 
degeneracy helps : 161 159 158 169 166 171 
degeneracy worse : 191 185 192 204 209 218 
SCL #err deg : 1119 / 1600
SCL #err weighted degeneracy : 1153 1149 1156 1157 1167 1169 
degeneracy helps : 170 167 168 182 178 185 
degeneracy worse : 204 197 205 220 226 235 
SCL #err deg : 1194 / 1700
SCL #err weighted degeneracy : 1226 1222 1231 1232 1241 1245 
degeneracy helps : 182 179 179 193 190 198 
degeneracy worse : 214 207 216 231 237 249 
SCL #err deg : 1270 / 1800
SCL #err weighted degeneracy : 1305 1301 1308 1308 1319 1325 
degeneracy helps : 193 190 191 206 200 207 
degeneracy worse : 228 221 229 244 249 262 
SCL #err deg : 1341 / 1900
SCL #err weighted degeneracy : 1374 1370 1378 1378 1390 1402 
degeneracy helps : 202 199 201 216 210 218 
degeneracy worse : 235 228 238 253 259 279 
SCL #err deg : 1414 / 2000
SCL #err weighted degeneracy : 1447 1442 1452 1452 1463 1475 
degeneracy helps : 220 217 218 234 229 236 
degeneracy worse : 253 245 256 272 278 297 
SCL #err deg : 1485 / 2100
SCL #err weighted degeneracy : 1509 1504 1514 1513 1528 1541 
degeneracy helps : 242 239 241 258 250 257 
degeneracy worse : 266 258 270 286 293 313 
SCL #err deg : 1561 / 2200
SCL #err weighted degeneracy : 1584 1579 1587 1586 1602 1611 
degeneracy helps : 251 248 251 269 261 272 
degeneracy worse : 274 266 277 294 302 322 
SCL #err deg : 1640 / 2300
SCL #err weighted degeneracy : 1659 1654 1661 1660 1675 1685 
degeneracy helps : 261 258 262 281 274 283 
degeneracy worse : 280 272 283 301 309 328 
SCL #err deg : 1717 / 2400
SCL #err weighted degeneracy : 1734 1728 1736 1737 1754 1764 
degeneracy helps : 273 270 274 292 283 293 
degeneracy worse : 290 281 293 312 320 340 
SCL #err deg : 1791 / 2500
SCL #err weighted degeneracy : 1803 1797 1805 1806 1821 1831 
degeneracy helps : 288 284 289 308 301 312 
degeneracy worse : 300 290 303 323 331 352 
SCL #err deg : 1858 / 2600
SCL #err weighted degeneracy : 1878 1872 1881 1881 1894 1903 
degeneracy helps : 295 291 295 315 310 324 
degeneracy worse : 315 305 318 338 346 369 
SCL #err deg : 1929 / 2700
SCL #err weighted degeneracy : 1948 1944 1951 1956 1970 1979 
degeneracy helps : 307 301 307 326 320 332 
degeneracy worse : 326 316 329 353 361 382 
SCL #err deg : 1994 / 2800
SCL #err weighted degeneracy : 2013 2010 2014 2021 2037 2049 
degeneracy helps : 319 313 321 341 333 344 
degeneracy worse : 338 329 341 368 376 399 
SCL #err deg : 2062 / 2900
SCL #err weighted degeneracy : 2075 2071 2078 2090 2109 2118 
degeneracy helps : 334 328 335 354 346 360 
degeneracy worse : 347 337 351 382 393 416 
SCL #err deg : 2137 / 3000
SCL #err weighted degeneracy : 2147 2143 2150 2161 2183 2195 
degeneracy helps : 348 343 349 372 361 373 
degeneracy worse : 358 349 362 396 407 431 
SCL #err deg : 2211 / 3100
SCL #err weighted degeneracy : 2214 2209 2216 2228 2250 2258 
degeneracy helps : 366 360 368 392 384 399 
degeneracy worse : 369 359 373 409 423 446 
SCL #err deg : 2279 / 3200
SCL #err weighted degeneracy : 2277 2271 2279 2295 2321 2330 
degeneracy helps : 382 376 385 411 400 415 
degeneracy worse : 380 369 385 427 442 466 
SCL #err deg : 2355 / 3300
SCL #err weighted degeneracy : 2347 2341 2347 2361 2387 2400 
degeneracy helps : 398 392 402 428 418 432 
degeneracy worse : 390 379 394 434 450 477 
SCL #err deg : 2437 / 3400
SCL #err weighted degeneracy : 2417 2411 2419 2434 2462 2474 
degeneracy helps : 412 406 415 444 433 449 
degeneracy worse : 392 381 397 441 458 486 
SCL #err deg : 2517 / 3500
SCL #err weighted degeneracy : 2496 2490 2499 2515 2541 2556 
degeneracy helps : 423 417 426 455 447 463 
degeneracy worse : 402 391 408 453 471 502 
SCL #err deg : 2583 / 3600
SCL #err weighted degeneracy : 2565 2560 2568 2583 2608 2626 
degeneracy helps : 433 426 436 467 461 478 
degeneracy worse : 415 404 421 467 486 521 
SCL #err deg : 2655 / 3700
SCL #err weighted degeneracy : 2631 2628 2633 2649 2676 2695 
degeneracy helps : 451 442 455 488 482 499 
degeneracy worse : 427 416 433 482 503 539 
SCL #err deg : 2727 / 3800
SCL #err weighted degeneracy : 2702 2699 2704 2718 2748 2767 
degeneracy helps : 465 456 469 505 498 514 
degeneracy worse : 440 429 446 496 519 554 
SCL #err deg : 2803 / 3900
SCL #err weighted degeneracy : 2777 2774 2778 2793 2823 2841 
degeneracy helps : 477 468 482 519 514 531 
degeneracy worse : 451 440 457 509 534 569 
SCL #err deg : 2877 / 4000
SCL #err weighted degeneracy : 2847 2844 2845 2858 2889 2907 
degeneracy helps : 496 487 503 541 535 553 
degeneracy worse : 466 455 471 522 547 583 
SCL #err deg : 2954 / 4100
SCL #err weighted degeneracy : 2918 2915 2915 2930 2964 2979 
degeneracy helps : 511 501 519 555 548 570 
degeneracy worse : 475 464 480 531 558 595 
SCL #err deg : 3024 / 4200
SCL #err weighted degeneracy : 2984 2983 2981 3000 3030 3050 
degeneracy helps : 523 510 530 567 562 583 
degeneracy worse : 483 472 488 543 568 609 
SCL #err deg : 3103 / 4300
SCL #err weighted degeneracy : 3051 3050 3048 3069 3095 3114 
degeneracy helps : 543 529 550 587 585 608 
degeneracy worse : 491 479 496 553 577 619 
SCL #err deg : 3177 / 4400
SCL #err weighted degeneracy : 3130 3128 3126 3148 3172 3193 
degeneracy helps : 549 535 557 596 596 619 
degeneracy worse : 502 489 507 567 591 635 
SCL #err deg : 3250 / 4500
SCL #err weighted degeneracy : 3203 3201 3201 3223 3244 3266 
degeneracy helps : 559 545 565 605 608 632 
degeneracy worse : 512 499 517 578 602 648 
SCL #err deg : 3324 / 4600
SCL #err weighted degeneracy : 3275 3272 3273 3295 3314 3339 
degeneracy helps : 572 559 578 619 625 647 
degeneracy worse : 523 510 528 590 615 662 
SCL #err deg : 3402 / 4700
SCL #err weighted degeneracy : 3354 3351 3352 3369 3388 3411 
degeneracy helps : 580 567 586 631 639 663 
degeneracy worse : 532 519 537 598 625 672 
SCL #err deg : 3471 / 4800
SCL #err weighted degeneracy : 3428 3427 3424 3441 3457 3481 
degeneracy helps : 588 573 595 640 651 675 
degeneracy worse : 545 533 549 610 637 685 
SCL #err deg : 3544 / 4900
SCL #err weighted degeneracy : 3506 3505 3503 3518 3537 3560 
degeneracy helps : 597 582 604 651 662 686 
degeneracy worse : 559 547 564 625 655 702 
SCL #err deg : 3621 / 5000
SCL #err weighted degeneracy : 3577 3576 3574 3591 3609 3635 
degeneracy helps : 610 594 617 664 678 700 
degeneracy worse : 566 553 571 634 666 714 
SCL #err deg : 3690 / 5100
SCL #err weighted degeneracy : 3647 3646 3645 3666 3684 3707 
degeneracy helps : 625 608 631 676 691 716 
degeneracy worse : 582 568 587 652 685 733 
SCL #err deg : 3768 / 5200
SCL #err weighted degeneracy : 3721 3721 3720 3740 3757 3779 
degeneracy helps : 636 618 642 689 705 732 
degeneracy worse : 589 575 595 661 694 743 
SCL #err deg : 3841 / 5300
SCL #err weighted degeneracy : 3793 3794 3792 3812 3824 3849 
degeneracy helps : 648 628 654 703 724 750 
degeneracy worse : 600 585 606 674 707 758 
SCL #err deg : 3921 / 5400
SCL #err weighted degeneracy : 3867 3870 3866 3886 3897 3923 
degeneracy helps : 660 639 666 717 740 765 
degeneracy worse : 606 592 612 682 716 767 
SCL #err deg : 4003 / 5500
SCL #err weighted degeneracy : 3935 3940 3933 3952 3966 3995 
degeneracy helps : 681 658 688 740 761 784 
degeneracy worse : 613 599 619 689 724 776 
SCL #err deg : 4080 / 5600
SCL #err weighted degeneracy : 4013 4020 4011 4031 4042 4072 
degeneracy helps : 691 666 699 750 774 796 
degeneracy worse : 624 610 631 701 736 788 
SCL #err deg : 4151 / 5700
SCL #err weighted degeneracy : 4084 4092 4081 4093 4108 4139 
degeneracy helps : 701 674 710 770 793 815 
degeneracy worse : 634 619 641 712 750 803 
SCL #err deg : 4218 / 5800
SCL #err weighted degeneracy : 4147 4156 4144 4159 4176 4208 
degeneracy helps : 715 687 724 781 804 826 
degeneracy worse : 644 629 651 722 762 816 
SCL #err deg : 4289 / 5900
SCL #err weighted degeneracy : 4223 4232 4219 4235 4251 4281 
degeneracy helps : 724 696 734 791 815 839 
degeneracy worse : 658 643 665 737 777 831 
SCL #err deg : 4363 / 6000
SCL #err weighted degeneracy : 4298 4307 4292 4309 4323 4354 
degeneracy helps : 734 706 746 802 829 855 
degeneracy worse : 669 654 676 748 789 846 
SCL #err deg : 4442 / 6100
SCL #err weighted degeneracy : 4374 4382 4369 4385 4401 4432 
degeneracy helps : 749 722 760 818 845 872 
degeneracy worse : 681 666 688 761 804 862 
SCL #err deg : 4509 / 6200
SCL #err weighted degeneracy : 4446 4454 4440 4458 4477 4506 
degeneracy helps : 758 730 770 829 855 884 
degeneracy worse : 695 680 702 778 823 881 
SCL #err deg : 4585 / 6300
SCL #err weighted degeneracy : 4513 4522 4507 4529 4545 4577 
degeneracy helps : 773 744 785 841 870 897 
degeneracy worse : 701 686 708 785 830 889 
SCL #err deg : 4659 / 6400
SCL #err weighted degeneracy : 4592 4602 4586 4609 4623 4657 
degeneracy helps : 780 751 792 849 880 907 
degeneracy worse : 713 699 720 799 844 905 
SCL #err deg : 4735 / 6500
SCL #err weighted degeneracy : 4667 4677 4661 4685 4697 4727 
degeneracy helps : 794 763 806 863 895 924 
degeneracy worse : 726 711 733 813 857 916 
SCL #err deg : 4808 / 6600
SCL #err weighted degeneracy : 4740 4752 4733 4757 4766 4793 
degeneracy helps : 808 775 821 880 914 945 
degeneracy worse : 740 725 747 829 872 930 
SCL #err deg : 4882 / 6700
SCL #err weighted degeneracy : 4812 4824 4805 4826 4835 4861 
degeneracy helps : 820 787 833 896 933 963 
degeneracy worse : 750 735 757 840 886 942 
SCL #err deg : 4947 / 6800
SCL #err weighted degeneracy : 4886 4897 4878 4903 4912 4937 
degeneracy helps : 824 791 838 903 940 971 
degeneracy worse : 763 747 770 859 905 961 
SCL #err deg : 5020 / 6900
SCL #err weighted degeneracy : 4965 4977 4956 4982 4986 5010 
degeneracy helps : 833 800 849 915 955 988 
degeneracy worse : 778 763 786 877 921 978 
SCL #err deg : 5097 / 7000
SCL #err weighted degeneracy : 5041 5053 5031 5052 5057 5081 
degeneracy helps : 844 810 861 931 972 1007 
degeneracy worse : 788 772 796 886 932 991 
SCL #err deg : 5175 / 7100
SCL #err weighted degeneracy : 5113 5125 5104 5127 5131 5156 
degeneracy helps : 857 822 874 944 986 1021 
degeneracy worse : 795 778 804 896 942 1002 
SCL #err deg : 5251 / 7200
SCL #err weighted degeneracy : 5182 5193 5173 5201 5199 5224 
degeneracy helps : 879 844 896 963 1009 1043 
degeneracy worse : 810 792 819 913 957 1016 
SCL #err deg : 5323 / 7300
SCL #err weighted degeneracy : 5256 5268 5246 5271 5269 5294 
degeneracy helps : 888 852 906 975 1024 1057 
degeneracy worse : 821 803 830 923 970 1028 
SCL #err deg : 5387 / 7400
SCL #err weighted degeneracy : 5327 5342 5318 5343 5339 5366 
degeneracy helps : 899 862 917 987 1037 1070 
degeneracy worse : 839 823 849 943 989 1049 
SCL #err deg : 5461 / 7500
SCL #err weighted degeneracy : 5404 5419 5395 5420 5416 5444 
degeneracy helps : 910 872 928 999 1049 1081 
degeneracy worse : 853 836 863 958 1004 1064 
SCL #err deg : 5532 / 7600
SCL #err weighted degeneracy : 5480 5496 5471 5493 5488 5517 
degeneracy helps : 918 879 937 1011 1062 1095 
degeneracy worse : 866 849 877 972 1018 1080 
SCL #err deg : 5598 / 7700
SCL #err weighted degeneracy : 5554 5568 5545 5569 5566 5596 
degeneracy helps : 927 888 946 1019 1068 1100 
degeneracy worse : 883 864 894 990 1036 1098 
SCL #err deg : 5671 / 7800
SCL #err weighted degeneracy : 5633 5649 5624 5648 5643 5675 
degeneracy helps : 935 895 954 1028 1080 1113 
degeneracy worse : 897 879 908 1005 1052 1117 
SCL #err deg : 5744 / 7900
SCL #err weighted degeneracy : 5708 5724 5698 5721 5713 5747 
degeneracy helps : 945 905 964 1043 1097 1128 
degeneracy worse : 909 891 919 1020 1066 1131 
SCL #err deg : 5825 / 8000
SCL #err weighted degeneracy : 5777 5793 5768 5792 5779 5817 
degeneracy helps : 963 923 981 1060 1118 1147 
degeneracy worse : 915 897 925 1027 1072 1139 
SCL #err deg : 5898 / 8100
SCL #err weighted degeneracy : 5846 5860 5836 5858 5844 5886 
degeneracy helps : 976 936 995 1075 1134 1162 
degeneracy worse : 924 904 934 1035 1080 1150 
SCL #err deg : 5973 / 8200
SCL #err weighted degeneracy : 5912 5926 5902 5925 5911 5951 
degeneracy helps : 995 955 1014 1093 1152 1181 
degeneracy worse : 934 914 944 1045 1090 1159 
SCL #err deg : 6045 / 8300
SCL #err weighted degeneracy : 5984 5999 5974 5998 5985 6024 
degeneracy helps : 1007 966 1026 1107 1167 1197 
degeneracy worse : 946 926 956 1060 1107 1176 
SCL #err deg : 6118 / 8400
SCL #err weighted degeneracy : 6053 6071 6044 6067 6053 6095 
degeneracy helps : 1017 973 1036 1119 1181 1211 
degeneracy worse : 952 932 963 1068 1116 1188 
SCL #err deg : 6191 / 8500
SCL #err weighted degeneracy : 6126 6145 6116 6141 6125 6170 
degeneracy helps : 1030 984 1050 1134 1197 1223 
degeneracy worse : 965 945 976 1084 1131 1202 
SCL #err deg : 6261 / 8600
SCL #err weighted degeneracy : 6202 6221 6192 6218 6200 6242 
degeneracy helps : 1042 995 1062 1145 1210 1238 
degeneracy worse : 983 962 994 1102 1149 1219 
SCL #err deg : 6343 / 8700
SCL #err weighted degeneracy : 6284 6304 6274 6297 6278 6315 
degeneracy helps : 1048 999 1068 1156 1223 1257 
degeneracy worse : 989 967 1000 1110 1158 1229 
SCL #err deg : 6419 / 8800
SCL #err weighted degeneracy : 6355 6373 6344 6368 6349 6383 
degeneracy helps : 1062 1013 1083 1173 1241 1279 
degeneracy worse : 998 974 1009 1122 1171 1243 
SCL #err deg : 6487 / 8900
SCL #err weighted degeneracy : 6419 6438 6408 6434 6415 6447 
degeneracy helps : 1075 1024 1096 1187 1256 1297 
degeneracy worse : 1007 982 1018 1134 1184 1257 
SCL #err deg : 6559 / 9000
SCL #err weighted degeneracy : 6490 6511 6479 6505 6483 6514 
degeneracy helps : 1087 1034 1108 1200 1271 1313 
degeneracy worse : 1018 993 1029 1146 1195 1268 
SCL #err deg : 6638 / 9100
SCL #err weighted degeneracy : 6569 6588 6558 6583 6562 6591 
degeneracy helps : 1098 1045 1119 1213 1283 1327 
degeneracy worse : 1029 1002 1040 1158 1207 1280 
SCL #err deg : 6709 / 9200
SCL #err weighted degeneracy : 6645 6665 6633 6658 6637 6667 
degeneracy helps : 1105 1051 1127 1220 1290 1335 
degeneracy worse : 1041 1014 1052 1169 1218 1293 
SCL #err deg : 6794 / 9300
SCL #err weighted degeneracy : 6719 6740 6707 6727 6707 6739 
degeneracy helps : 1121 1066 1143 1241 1311 1354 
degeneracy worse : 1046 1019 1057 1174 1224 1299 
SCL #err deg : 6870 / 9400
SCL #err weighted degeneracy : 6795 6815 6783 6802 6784 6816 
degeneracy helps : 1131 1075 1154 1253 1322 1367 
degeneracy worse : 1056 1027 1068 1185 1236 1313 
SCL #err deg : 6944 / 9500
SCL #err weighted degeneracy : 6855 6875 6843 6863 6846 6878 
degeneracy helps : 1153 1097 1176 1277 1345 1390 
degeneracy worse : 1064 1035 1076 1196 1247 1324 
SCL #err deg : 7020 / 9600
SCL #err weighted degeneracy : 6930 6949 6918 6937 6921 6948 
degeneracy helps : 1164 1108 1187 1289 1357 1405 
degeneracy worse : 1074 1044 1086 1206 1258 1333 
SCL #err deg : 7102 / 9700
SCL #err weighted degeneracy : 7013 7033 7000 7019 6999 7021 
degeneracy helps : 1172 1115 1196 1300 1372 1424 
degeneracy worse : 1083 1053 1095 1217 1269 1343 
SCL #err deg : 7175 / 9800
SCL #err weighted degeneracy : 7081 7101 7067 7084 7066 7087 
degeneracy helps : 1189 1132 1214 1320 1392 1445 
degeneracy worse : 1095 1065 1107 1229 1283 1357 
SCL #err deg : 7237 / 9900
SCL #err weighted degeneracy : 7148 7168 7135 7156 7141 7160 
degeneracy helps : 1202 1145 1227 1333 1402 1456 
degeneracy worse : 1113 1083 1126 1252 1306 1379 
SCL #err deg : 7314 / 10000
SCL #err weighted degeneracy : 7219 7239 7205 7229 7213 7234 
degeneracy helps : 1216 1158 1242 1347 1417 1470 
degeneracy worse : 1121 1091 1134 1262 1316 1390 
average #flips: 25.5618
SCL #err considering degeneracy: 7314
error due to equal 70
error due to SCL smaller 7244
Finish in 1059 s
