Simulation Polar syndrome FASTER N=1024, K=513, l=128, pz=0.18, #samples=10000, seed=197
PW construction
Event generator random seed: 197
SCL #err deg : 71 / 100
SCL #err weighted degeneracy : 64 64 65 66 67 70 
degeneracy helps : 10 10 9 7 6 5 
degeneracy worse : 3 3 3 2 2 4 
SCL #err deg : 151 / 200
SCL #err weighted degeneracy : 141 140 141 140 143 146 
degeneracy helps : 18 19 18 18 16 14 
degeneracy worse : 8 8 8 7 8 9 
SCL #err deg : 226 / 300
SCL #err weighted degeneracy : 211 211 212 211 214 216 
degeneracy helps : 30 30 29 28 26 26 
degeneracy worse : 15 15 15 13 14 16 
SCL #err deg : 303 / 400
SCL #err weighted degeneracy : 292 291 292 293 294 297 
degeneracy helps : 33 34 32 29 27 27 
degeneracy worse : 22 22 21 19 18 21 
SCL #err deg : 383 / 500
SCL #err weighted degeneracy : 372 370 371 375 377 381 
degeneracy helps : 37 39 37 34 31 31 
degeneracy worse : 26 26 25 26 25 29 
SCL #err deg : 453 / 600
SCL #err weighted degeneracy : 447 443 446 450 451 452 
degeneracy helps : 41 44 41 36 33 33 
degeneracy worse : 35 34 34 33 31 32 
SCL #err deg : 523 / 700
SCL #err weighted degeneracy : 529 523 527 530 527 528 
degeneracy helps : 44 47 45 41 40 40 
degeneracy worse : 50 47 49 48 44 45 
SCL #err deg : 592 / 800
SCL #err weighted degeneracy : 602 595 599 598 596 596 
degeneracy helps : 50 53 51 49 47 48 
degeneracy worse : 60 56 58 55 51 52 
SCL #err deg : 664 / 900
SCL #err weighted degeneracy : 673 667 669 670 668 668 
degeneracy helps : 60 61 62 60 58 58 
degeneracy worse : 69 64 67 66 62 62 
SCL #err deg : 747 / 1000
SCL #err weighted degeneracy : 751 740 747 752 750 750 
degeneracy helps : 68 72 70 66 64 65 
degeneracy worse : 72 65 70 71 67 68 
SCL #err deg : 823 / 1100
SCL #err weighted degeneracy : 834 822 829 835 833 833 
degeneracy helps : 69 72 72 68 66 67 
degeneracy worse : 80 71 78 80 76 77 
SCL #err deg : 902 / 1200
SCL #err weighted degeneracy : 916 898 909 914 913 911 
degeneracy helps : 73 80 78 74 73 76 
degeneracy worse : 87 76 85 86 84 85 
SCL #err deg : 980 / 1300
SCL #err weighted degeneracy : 991 974 983 990 986 983 
degeneracy helps : 83 90 88 83 82 86 
degeneracy worse : 94 84 91 93 88 89 
SCL #err deg : 1049 / 1400
SCL #err weighted degeneracy : 1064 1045 1055 1065 1060 1058 
degeneracy helps : 87 97 92 86 86 90 
degeneracy worse : 102 93 98 102 97 99 
SCL #err deg : 1129 / 1500
SCL #err weighted degeneracy : 1144 1126 1136 1146 1139 1137 
degeneracy helps : 95 104 100 94 95 99 
degeneracy worse : 110 101 107 111 105 107 
SCL #err deg : 1201 / 1600
SCL #err weighted degeneracy : 1215 1196 1208 1220 1213 1211 
degeneracy helps : 99 109 105 99 100 104 
degeneracy worse : 113 104 112 118 112 114 
SCL #err deg : 1280 / 1700
SCL #err weighted degeneracy : 1296 1277 1289 1303 1299 1295 
degeneracy helps : 107 117 113 104 105 109 
degeneracy worse : 123 114 122 127 124 124 
SCL #err deg : 1347 / 1800
SCL #err weighted degeneracy : 1369 1351 1363 1377 1373 1369 
degeneracy helps : 111 121 116 107 107 111 
degeneracy worse : 133 125 132 137 133 133 
SCL #err deg : 1431 / 1900
SCL #err weighted degeneracy : 1451 1433 1446 1458 1455 1453 
degeneracy helps : 116 126 121 115 115 117 
degeneracy worse : 136 128 136 142 139 139 
SCL #err deg : 1506 / 2000
SCL #err weighted degeneracy : 1521 1502 1516 1528 1527 1526 
degeneracy helps : 124 135 129 123 123 124 
degeneracy worse : 139 131 139 145 144 144 
SCL #err deg : 1580 / 2100
SCL #err weighted degeneracy : 1594 1577 1588 1600 1600 1600 
degeneracy helps : 134 144 138 132 131 130 
degeneracy worse : 148 141 146 152 151 150 
SCL #err deg : 1652 / 2200
SCL #err weighted degeneracy : 1669 1652 1665 1676 1674 1675 
degeneracy helps : 140 150 143 138 139 137 
degeneracy worse : 157 150 156 162 161 160 
SCL #err deg : 1725 / 2300
SCL #err weighted degeneracy : 1744 1727 1740 1751 1749 1751 
degeneracy helps : 144 154 147 143 144 142 
degeneracy worse : 163 156 162 169 168 168 
SCL #err deg : 1798 / 2400
SCL #err weighted degeneracy : 1822 1803 1819 1828 1828 1830 
degeneracy helps : 149 160 152 148 149 147 
degeneracy worse : 173 165 173 178 179 179 
SCL #err deg : 1873 / 2500
SCL #err weighted degeneracy : 1894 1874 1892 1902 1899 1903 
degeneracy helps : 156 168 157 153 155 153 
degeneracy worse : 177 169 176 182 181 183 
SCL #err deg : 1950 / 2600
SCL #err weighted degeneracy : 1976 1954 1976 1982 1978 1980 
degeneracy helps : 160 173 159 157 160 160 
degeneracy worse : 186 177 185 189 188 190 
SCL #err deg : 2022 / 2700
SCL #err weighted degeneracy : 2045 2021 2046 2049 2045 2048 
degeneracy helps : 170 185 168 168 171 171 
degeneracy worse : 193 184 192 195 194 197 
SCL #err deg : 2091 / 2800
SCL #err weighted degeneracy : 2112 2088 2114 2117 2112 2116 
degeneracy helps : 177 192 175 175 179 180 
degeneracy worse : 198 189 198 201 200 205 
SCL #err deg : 2163 / 2900
SCL #err weighted degeneracy : 2183 2160 2185 2188 2183 2187 
degeneracy helps : 183 198 181 182 187 189 
degeneracy worse : 203 195 203 207 207 213 
SCL #err deg : 2237 / 3000
SCL #err weighted degeneracy : 2253 2229 2257 2261 2255 2259 
degeneracy helps : 191 207 187 187 193 196 
degeneracy worse : 207 199 207 211 211 218 
SCL #err deg : 2311 / 3100
SCL #err weighted degeneracy : 2325 2300 2330 2333 2327 2330 
degeneracy helps : 196 212 191 191 198 203 
degeneracy worse : 210 201 210 213 214 222 
SCL #err deg : 2387 / 3200
SCL #err weighted degeneracy : 2401 2377 2406 2408 2404 2404 
degeneracy helps : 203 218 198 199 205 212 
degeneracy worse : 217 208 217 220 222 229 
SCL #err deg : 2461 / 3300
SCL #err weighted degeneracy : 2468 2445 2475 2478 2474 2474 
degeneracy helps : 215 229 209 208 213 219 
degeneracy worse : 222 213 223 225 226 232 
SCL #err deg : 2537 / 3400
SCL #err weighted degeneracy : 2544 2522 2551 2553 2548 2548 
degeneracy helps : 219 232 214 213 219 226 
degeneracy worse : 226 217 228 229 230 237 
SCL #err deg : 2616 / 3500
SCL #err weighted degeneracy : 2617 2596 2626 2628 2627 2626 
degeneracy helps : 228 241 223 222 225 232 
degeneracy worse : 229 221 233 234 236 242 
SCL #err deg : 2683 / 3600
SCL #err weighted degeneracy : 2688 2665 2697 2700 2698 2698 
degeneracy helps : 232 245 227 226 228 234 
degeneracy worse : 237 227 241 243 243 249 
SCL #err deg : 2764 / 3700
SCL #err weighted degeneracy : 2767 2747 2776 2779 2777 2779 
degeneracy helps : 240 252 235 234 236 242 
degeneracy worse : 243 235 247 249 249 257 
SCL #err deg : 2837 / 3800
SCL #err weighted degeneracy : 2842 2821 2851 2856 2853 2853 
degeneracy helps : 243 256 237 236 240 247 
degeneracy worse : 248 240 251 255 256 263 
SCL #err deg : 2903 / 3900
SCL #err weighted degeneracy : 2908 2885 2919 2923 2921 2920 
degeneracy helps : 252 265 245 244 246 253 
degeneracy worse : 257 247 261 264 264 270 
SCL #err deg : 2984 / 4000
SCL #err weighted degeneracy : 2991 2966 3002 3006 3003 3002 
degeneracy helps : 254 268 247 246 250 257 
degeneracy worse : 261 250 265 268 269 275 
SCL #err deg : 3050 / 4100
SCL #err weighted degeneracy : 3061 3036 3073 3079 3077 3077 
degeneracy helps : 260 274 252 250 254 261 
degeneracy worse : 271 260 275 279 281 288 
SCL #err deg : 3124 / 4200
SCL #err weighted degeneracy : 3133 3111 3145 3151 3149 3150 
degeneracy helps : 268 281 260 259 262 268 
degeneracy worse : 277 268 281 286 287 294 
SCL #err deg : 3201 / 4300
SCL #err weighted degeneracy : 3207 3186 3220 3226 3225 3226 
degeneracy helps : 275 287 267 267 269 276 
degeneracy worse : 281 272 286 292 293 301 
SCL #err deg : 3271 / 4400
SCL #err weighted degeneracy : 3281 3259 3295 3299 3298 3300 
degeneracy helps : 278 291 269 270 272 278 
degeneracy worse : 288 279 293 298 299 307 
SCL #err deg : 3351 / 4500
SCL #err weighted degeneracy : 3360 3337 3374 3378 3377 3378 
degeneracy helps : 282 296 273 274 276 283 
degeneracy worse : 291 282 296 301 302 310 
SCL #err deg : 3426 / 4600
SCL #err weighted degeneracy : 3433 3410 3445 3445 3444 3444 
degeneracy helps : 291 305 284 287 289 297 
degeneracy worse : 298 289 303 306 307 315 
SCL #err deg : 3502 / 4700
SCL #err weighted degeneracy : 3508 3485 3522 3522 3523 3523 
degeneracy helps : 296 310 289 292 293 301 
degeneracy worse : 302 293 309 312 314 322 
SCL #err deg : 3587 / 4800
SCL #err weighted degeneracy : 3588 3567 3604 3605 3605 3604 
degeneracy helps : 305 317 297 299 301 309 
degeneracy worse : 306 297 314 317 319 326 
SCL #err deg : 3663 / 4900
SCL #err weighted degeneracy : 3669 3647 3684 3685 3685 3682 
degeneracy helps : 310 324 302 304 305 314 
degeneracy worse : 316 308 323 326 327 333 
SCL #err deg : 3737 / 5000
SCL #err weighted degeneracy : 3743 3718 3758 3761 3761 3756 
degeneracy helps : 316 331 309 311 312 322 
degeneracy worse : 322 312 330 335 336 341 
SCL #err deg : 3815 / 5100
SCL #err weighted degeneracy : 3825 3800 3840 3842 3843 3836 
degeneracy helps : 320 334 313 315 316 328 
degeneracy worse : 330 319 338 342 344 349 
SCL #err deg : 3896 / 5200
SCL #err weighted degeneracy : 3908 3883 3923 3924 3928 3920 
degeneracy helps : 328 342 321 322 321 333 
degeneracy worse : 340 329 348 350 353 357 
SCL #err deg : 3974 / 5300
SCL #err weighted degeneracy : 3986 3963 3999 4000 4004 3997 
degeneracy helps : 334 347 328 329 328 339 
degeneracy worse : 346 336 353 355 358 362 
SCL #err deg : 4063 / 5400
SCL #err weighted degeneracy : 4069 4046 4083 4085 4089 4082 
degeneracy helps : 342 355 335 335 335 346 
degeneracy worse : 348 338 355 357 361 365 
SCL #err deg : 4133 / 5500
SCL #err weighted degeneracy : 4140 4117 4156 4157 4160 4155 
degeneracy helps : 347 360 339 339 339 350 
degeneracy worse : 354 344 362 363 366 372 
SCL #err deg : 4214 / 5600
SCL #err weighted degeneracy : 4219 4197 4237 4237 4238 4231 
degeneracy helps : 354 365 345 348 349 360 
degeneracy worse : 359 348 368 371 373 377 
SCL #err deg : 4287 / 5700
SCL #err weighted degeneracy : 4291 4267 4311 4309 4309 4303 
degeneracy helps : 362 373 351 356 357 367 
degeneracy worse : 366 353 375 378 379 383 
SCL #err deg : 4369 / 5800
SCL #err weighted degeneracy : 4374 4351 4394 4391 4390 4384 
degeneracy helps : 369 379 358 364 366 376 
degeneracy worse : 374 361 383 386 387 391 
SCL #err deg : 4444 / 5900
SCL #err weighted degeneracy : 4448 4424 4468 4462 4464 4459 
degeneracy helps : 374 385 363 372 373 383 
degeneracy worse : 378 365 387 390 393 398 
SCL #err deg : 4518 / 6000
SCL #err weighted degeneracy : 4525 4503 4543 4537 4538 4532 
degeneracy helps : 380 389 369 377 379 390 
degeneracy worse : 387 374 394 396 399 404 
SCL #err deg : 4599 / 6100
SCL #err weighted degeneracy : 4599 4576 4617 4613 4617 4611 
degeneracy helps : 391 400 380 388 388 399 
degeneracy worse : 391 377 398 402 406 411 
SCL #err deg : 4682 / 6200
SCL #err weighted degeneracy : 4677 4654 4695 4689 4694 4688 
degeneracy helps : 400 409 389 399 399 410 
degeneracy worse : 395 381 402 406 411 416 
SCL #err deg : 4757 / 6300
SCL #err weighted degeneracy : 4754 4731 4771 4765 4768 4761 
degeneracy helps : 404 412 393 403 405 417 
degeneracy worse : 401 386 407 411 416 421 
SCL #err deg : 4823 / 6400
SCL #err weighted degeneracy : 4820 4797 4841 4836 4837 4832 
degeneracy helps : 413 421 399 409 411 422 
degeneracy worse : 410 395 417 422 425 431 
SCL #err deg : 4901 / 6500
SCL #err weighted degeneracy : 4892 4871 4914 4909 4910 4905 
degeneracy helps : 424 430 409 419 421 433 
degeneracy worse : 415 400 422 427 430 437 
SCL #err deg : 4975 / 6600
SCL #err weighted degeneracy : 4976 4952 4998 4994 4992 4985 
degeneracy helps : 427 435 412 421 423 437 
degeneracy worse : 428 412 435 440 440 447 
SCL #err deg : 5057 / 6700
SCL #err weighted degeneracy : 5053 5029 5076 5071 5069 5063 
degeneracy helps : 437 446 422 431 433 447 
degeneracy worse : 433 418 441 445 445 453 
SCL #err deg : 5135 / 6800
SCL #err weighted degeneracy : 5133 5110 5157 5153 5151 5144 
degeneracy helps : 441 450 426 434 436 451 
degeneracy worse : 439 425 448 452 452 460 
SCL #err deg : 5215 / 6900
SCL #err weighted degeneracy : 5212 5187 5236 5232 5230 5223 
degeneracy helps : 448 457 433 441 443 458 
degeneracy worse : 445 429 454 458 458 466 
SCL #err deg : 5289 / 7000
SCL #err weighted degeneracy : 5285 5262 5309 5306 5303 5294 
degeneracy helps : 454 462 439 448 450 467 
degeneracy worse : 450 435 459 465 464 472 
SCL #err deg : 5363 / 7100
SCL #err weighted degeneracy : 5361 5341 5383 5381 5376 5369 
degeneracy helps : 460 465 446 455 458 474 
degeneracy worse : 458 443 466 473 471 480 
SCL #err deg : 5437 / 7200
SCL #err weighted degeneracy : 5434 5415 5457 5458 5453 5446 
degeneracy helps : 465 469 452 459 463 479 
degeneracy worse : 462 447 472 480 479 488 
SCL #err deg : 5509 / 7300
SCL #err weighted degeneracy : 5507 5486 5529 5531 5527 5523 
degeneracy helps : 472 475 459 466 470 485 
degeneracy worse : 470 452 479 488 488 499 
SCL #err deg : 5583 / 7400
SCL #err weighted degeneracy : 5577 5557 5599 5601 5597 5591 
degeneracy helps : 482 485 470 476 481 496 
degeneracy worse : 476 459 486 494 495 504 
SCL #err deg : 5659 / 7500
SCL #err weighted degeneracy : 5651 5632 5671 5673 5672 5664 
degeneracy helps : 494 496 482 487 489 505 
degeneracy worse : 486 469 494 501 502 510 
SCL #err deg : 5735 / 7600
SCL #err weighted degeneracy : 5727 5710 5747 5750 5746 5737 
degeneracy helps : 501 501 489 493 497 514 
degeneracy worse : 493 476 501 508 508 516 
SCL #err deg : 5815 / 7700
SCL #err weighted degeneracy : 5805 5788 5824 5828 5826 5817 
degeneracy helps : 510 510 498 501 504 522 
degeneracy worse : 500 483 507 514 515 524 
SCL #err deg : 5890 / 7800
SCL #err weighted degeneracy : 5882 5868 5900 5901 5900 5892 
degeneracy helps : 514 513 502 508 510 527 
degeneracy worse : 506 491 512 519 520 529 
SCL #err deg : 5977 / 7900
SCL #err weighted degeneracy : 5968 5952 5986 5986 5986 5978 
degeneracy helps : 518 519 506 513 514 531 
degeneracy worse : 509 494 515 522 523 532 
SCL #err deg : 6057 / 8000
SCL #err weighted degeneracy : 6042 6026 6058 6061 6059 6052 
degeneracy helps : 528 530 517 522 524 540 
degeneracy worse : 513 499 518 526 526 535 
SCL #err deg : 6140 / 8100
SCL #err weighted degeneracy : 6126 6113 6141 6143 6141 6134 
degeneracy helps : 531 532 521 527 530 546 
degeneracy worse : 517 505 522 530 531 540 
SCL #err deg : 6210 / 8200
SCL #err weighted degeneracy : 6201 6189 6216 6215 6214 6206 
degeneracy helps : 535 536 525 531 534 551 
degeneracy worse : 526 515 531 536 538 547 
SCL #err deg : 6284 / 8300
SCL #err weighted degeneracy : 6267 6258 6279 6277 6273 6266 
degeneracy helps : 547 546 537 544 550 566 
degeneracy worse : 530 520 532 537 539 548 
SCL #err deg : 6367 / 8400
SCL #err weighted degeneracy : 6351 6342 6364 6362 6357 6348 
degeneracy helps : 552 552 542 549 556 572 
degeneracy worse : 536 527 539 544 546 553 
SCL #err deg : 6439 / 8500
SCL #err weighted degeneracy : 6420 6409 6436 6435 6430 6421 
degeneracy helps : 561 563 549 556 562 578 
degeneracy worse : 542 533 546 552 553 560 
SCL #err deg : 6517 / 8600
SCL #err weighted degeneracy : 6497 6487 6513 6512 6506 6498 
degeneracy helps : 568 569 556 563 569 585 
degeneracy worse : 548 539 552 558 558 566 
SCL #err deg : 6594 / 8700
SCL #err weighted degeneracy : 6574 6564 6591 6590 6585 6575 
degeneracy helps : 573 573 562 569 575 592 
degeneracy worse : 553 543 559 565 566 573 
SCL #err deg : 6664 / 8800
SCL #err weighted degeneracy : 6647 6639 6664 6664 6660 6651 
degeneracy helps : 580 581 569 574 580 595 
degeneracy worse : 563 556 569 574 576 582 
SCL #err deg : 6737 / 8900
SCL #err weighted degeneracy : 6723 6711 6740 6741 6738 6730 
degeneracy helps : 585 588 574 579 584 598 
degeneracy worse : 571 562 577 583 585 591 
SCL #err deg : 6817 / 9000
SCL #err weighted degeneracy : 6794 6783 6811 6812 6810 6803 
degeneracy helps : 599 601 588 592 595 608 
degeneracy worse : 576 567 582 587 588 594 
SCL #err deg : 6891 / 9100
SCL #err weighted degeneracy : 6865 6854 6881 6881 6881 6875 
degeneracy helps : 608 609 598 603 606 620 
degeneracy worse : 582 572 588 593 596 604 
SCL #err deg : 6964 / 9200
SCL #err weighted degeneracy : 6937 6923 6954 6957 6959 6955 
degeneracy helps : 615 618 604 608 609 623 
degeneracy worse : 588 577 594 601 604 614 
SCL #err deg : 7032 / 9300
SCL #err weighted degeneracy : 7003 6988 7021 7024 7026 7026 
degeneracy helps : 622 626 612 616 616 629 
degeneracy worse : 593 582 601 608 610 623 
SCL #err deg : 7105 / 9400
SCL #err weighted degeneracy : 7081 7067 7098 7101 7102 7104 
degeneracy helps : 624 627 615 620 620 633 
degeneracy worse : 600 589 608 616 617 632 
SCL #err deg : 7173 / 9500
SCL #err weighted degeneracy : 7156 7141 7174 7176 7181 7183 
degeneracy helps : 625 629 616 621 620 635 
degeneracy worse : 608 597 617 624 628 645 
SCL #err deg : 7252 / 9600
SCL #err weighted degeneracy : 7234 7218 7251 7253 7257 7260 
degeneracy helps : 631 636 623 628 628 643 
degeneracy worse : 613 602 622 629 633 651 
SCL #err deg : 7327 / 9700
SCL #err weighted degeneracy : 7313 7296 7329 7327 7331 7335 
degeneracy helps : 637 642 630 636 636 650 
degeneracy worse : 623 611 632 636 640 658 
SCL #err deg : 7397 / 9800
SCL #err weighted degeneracy : 7379 7362 7397 7395 7401 7406 
degeneracy helps : 647 651 640 646 645 658 
degeneracy worse : 629 616 640 644 649 667 
SCL #err deg : 7475 / 9900
SCL #err weighted degeneracy : 7456 7441 7475 7473 7478 7483 
degeneracy helps : 655 657 647 654 654 666 
degeneracy worse : 636 623 647 652 657 674 
SCL #err deg : 7549 / 10000
SCL #err weighted degeneracy : 7530 7516 7551 7548 7552 7557 
degeneracy helps : 662 664 654 662 663 674 
degeneracy worse : 643 631 656 661 666 682 
average #flips: 184.353
SCL #err considering degeneracy: 7549
error due to equal 0
error due to SCL smaller 7549
Finish in 12022 s
