Simulation Polar syndrome FASTER N=128, K=65, l=128, pz=0.13, #samples=10000, seed=543
HPW construction
Event generator random seed: 543
SCL #err deg : 51 / 100
SCL #err weighted degeneracy : 44 44 43 42 41 44 
degeneracy helps : 13 13 14 18 20 20 
degeneracy worse : 6 6 6 9 10 13 
SCL #err deg : 99 / 200
SCL #err weighted degeneracy : 76 76 77 81 85 92 
degeneracy helps : 32 32 32 36 36 37 
degeneracy worse : 9 9 10 18 22 30 
SCL #err deg : 142 / 300
SCL #err weighted degeneracy : 118 118 121 132 139 145 
degeneracy helps : 43 43 42 45 43 45 
degeneracy worse : 19 19 21 35 40 48 
SCL #err deg : 194 / 400
SCL #err weighted degeneracy : 168 168 172 184 192 201 
degeneracy helps : 58 58 58 63 62 63 
degeneracy worse : 32 32 36 53 60 70 
SCL #err deg : 244 / 500
SCL #err weighted degeneracy : 213 214 216 229 241 252 
degeneracy helps : 72 71 73 80 79 82 
degeneracy worse : 41 41 45 65 76 90 
SCL #err deg : 294 / 600
SCL #err weighted degeneracy : 260 261 264 276 289 300 
degeneracy helps : 86 85 87 98 98 103 
degeneracy worse : 52 52 57 80 93 109 
SCL #err deg : 346 / 700
SCL #err weighted degeneracy : 304 305 310 327 342 352 
degeneracy helps : 99 98 100 112 113 119 
degeneracy worse : 57 57 64 93 109 125 
SCL #err deg : 392 / 800
SCL #err weighted degeneracy : 342 343 348 370 387 399 
degeneracy helps : 111 110 113 125 128 134 
degeneracy worse : 61 61 69 103 123 141 
SCL #err deg : 448 / 900
SCL #err weighted degeneracy : 398 399 403 428 447 459 
degeneracy helps : 121 120 126 139 142 148 
degeneracy worse : 71 71 81 119 141 159 
SCL #err deg : 498 / 1000
SCL #err weighted degeneracy : 448 449 453 481 498 514 
degeneracy helps : 132 131 137 151 155 162 
degeneracy worse : 82 82 92 134 155 178 
SCL #err deg : 550 / 1100
SCL #err weighted degeneracy : 487 488 492 522 539 559 
degeneracy helps : 151 150 156 172 178 184 
degeneracy worse : 88 88 98 144 167 193 
SCL #err deg : 603 / 1200
SCL #err weighted degeneracy : 530 531 536 566 588 609 
degeneracy helps : 170 169 175 194 197 202 
degeneracy worse : 97 97 108 157 182 208 
SCL #err deg : 660 / 1300
SCL #err weighted degeneracy : 585 586 590 620 643 666 
degeneracy helps : 182 181 187 207 213 218 
degeneracy worse : 107 107 117 167 196 224 
SCL #err deg : 708 / 1400
SCL #err weighted degeneracy : 631 632 637 667 689 717 
degeneracy helps : 193 192 198 218 227 231 
degeneracy worse : 116 116 127 177 208 240 
SCL #err deg : 764 / 1500
SCL #err weighted degeneracy : 679 680 684 720 746 776 
degeneracy helps : 211 210 218 236 246 249 
degeneracy worse : 126 126 138 192 228 261 
SCL #err deg : 803 / 1600
SCL #err weighted degeneracy : 724 725 730 770 797 831 
degeneracy helps : 219 218 225 242 252 256 
degeneracy worse : 140 140 152 209 246 284 
SCL #err deg : 854 / 1700
SCL #err weighted degeneracy : 779 780 785 823 853 887 
degeneracy helps : 228 227 234 253 264 268 
degeneracy worse : 153 153 165 222 263 301 
SCL #err deg : 909 / 1800
SCL #err weighted degeneracy : 834 835 837 885 914 949 
degeneracy helps : 241 240 250 266 279 284 
degeneracy worse : 166 166 178 242 284 324 
SCL #err deg : 961 / 1900
SCL #err weighted degeneracy : 879 880 881 927 960 997 
degeneracy helps : 256 254 267 287 299 305 
degeneracy worse : 174 174 187 253 298 341 
SCL #err deg : 1016 / 2000
SCL #err weighted degeneracy : 927 928 929 982 1019 1057 
degeneracy helps : 274 272 285 303 313 319 
degeneracy worse : 185 185 198 269 316 360 
SCL #err deg : 1065 / 2100
SCL #err weighted degeneracy : 977 978 977 1033 1072 1112 
degeneracy helps : 283 281 296 315 325 331 
degeneracy worse : 195 195 208 283 332 378 
SCL #err deg : 1113 / 2200
SCL #err weighted degeneracy : 1016 1017 1018 1071 1112 1154 
degeneracy helps : 296 294 309 334 344 349 
degeneracy worse : 199 199 214 292 343 390 
SCL #err deg : 1162 / 2300
SCL #err weighted degeneracy : 1063 1064 1065 1117 1159 1202 
degeneracy helps : 309 307 322 348 358 361 
degeneracy worse : 210 210 225 303 355 401 
SCL #err deg : 1217 / 2400
SCL #err weighted degeneracy : 1116 1117 1118 1169 1212 1257 
degeneracy helps : 322 320 335 363 374 378 
degeneracy worse : 221 221 236 315 369 418 
SCL #err deg : 1271 / 2500
SCL #err weighted degeneracy : 1170 1171 1169 1221 1264 1312 
degeneracy helps : 334 332 349 377 391 394 
degeneracy worse : 233 233 247 327 384 435 
SCL #err deg : 1318 / 2600
SCL #err weighted degeneracy : 1211 1212 1211 1264 1313 1368 
degeneracy helps : 348 346 364 394 405 405 
degeneracy worse : 241 241 257 340 400 455 
SCL #err deg : 1370 / 2700
SCL #err weighted degeneracy : 1255 1256 1254 1310 1359 1419 
degeneracy helps : 363 361 380 411 423 422 
degeneracy worse : 248 248 264 351 412 471 
SCL #err deg : 1424 / 2800
SCL #err weighted degeneracy : 1306 1307 1304 1361 1410 1474 
degeneracy helps : 377 375 395 428 441 439 
degeneracy worse : 259 259 275 365 427 489 
SCL #err deg : 1479 / 2900
SCL #err weighted degeneracy : 1353 1354 1350 1405 1457 1522 
degeneracy helps : 391 389 410 446 458 458 
degeneracy worse : 265 265 281 372 436 501 
SCL #err deg : 1532 / 3000
SCL #err weighted degeneracy : 1406 1407 1401 1457 1512 1577 
degeneracy helps : 403 401 424 461 474 476 
degeneracy worse : 277 277 293 386 454 521 
SCL #err deg : 1587 / 3100
SCL #err weighted degeneracy : 1455 1456 1451 1508 1567 1632 
degeneracy helps : 415 413 436 477 488 491 
degeneracy worse : 283 283 300 398 468 536 
SCL #err deg : 1636 / 3200
SCL #err weighted degeneracy : 1502 1503 1499 1556 1618 1686 
degeneracy helps : 424 422 445 488 500 504 
degeneracy worse : 290 290 308 408 482 554 
SCL #err deg : 1689 / 3300
SCL #err weighted degeneracy : 1544 1545 1541 1602 1666 1734 
degeneracy helps : 438 436 462 504 516 523 
degeneracy worse : 294 294 314 417 493 568 
SCL #err deg : 1744 / 3400
SCL #err weighted degeneracy : 1595 1596 1593 1653 1717 1790 
degeneracy helps : 452 450 476 523 535 540 
degeneracy worse : 304 304 325 432 508 586 
SCL #err deg : 1792 / 3500
SCL #err weighted degeneracy : 1637 1638 1635 1697 1763 1842 
degeneracy helps : 468 466 493 539 552 556 
degeneracy worse : 314 314 336 444 523 606 
SCL #err deg : 1846 / 3600
SCL #err weighted degeneracy : 1691 1692 1690 1757 1825 1906 
degeneracy helps : 480 478 505 551 561 565 
degeneracy worse : 326 326 349 462 540 625 
SCL #err deg : 1890 / 3700
SCL #err weighted degeneracy : 1730 1732 1728 1790 1858 1942 
degeneracy helps : 491 488 517 568 580 585 
degeneracy worse : 332 332 355 468 548 637 
SCL #err deg : 1944 / 3800
SCL #err weighted degeneracy : 1773 1775 1772 1835 1905 1990 
degeneracy helps : 508 505 533 585 599 604 
degeneracy worse : 338 338 361 476 560 650 
SCL #err deg : 1989 / 3900
SCL #err weighted degeneracy : 1818 1820 1817 1881 1950 2039 
degeneracy helps : 518 515 544 598 612 614 
degeneracy worse : 348 348 372 490 573 664 
SCL #err deg : 2043 / 4000
SCL #err weighted degeneracy : 1875 1877 1875 1938 2008 2098 
degeneracy helps : 529 526 554 611 627 628 
degeneracy worse : 363 363 387 506 592 683 
SCL #err deg : 2092 / 4100
SCL #err weighted degeneracy : 1924 1926 1924 1986 2057 2151 
degeneracy helps : 540 537 566 625 643 642 
degeneracy worse : 375 375 399 519 608 701 
SCL #err deg : 2150 / 4200
SCL #err weighted degeneracy : 1987 1989 1986 2047 2118 2213 
degeneracy helps : 550 547 577 637 658 659 
degeneracy worse : 390 390 414 534 626 722 
SCL #err deg : 2209 / 4300
SCL #err weighted degeneracy : 2040 2042 2042 2102 2174 2271 
degeneracy helps : 564 561 589 652 673 675 
degeneracy worse : 398 398 423 545 638 737 
SCL #err deg : 2259 / 4400
SCL #err weighted degeneracy : 2086 2088 2085 2150 2224 2320 
degeneracy helps : 576 573 603 666 689 692 
degeneracy worse : 407 407 430 557 654 753 
SCL #err deg : 2317 / 4500
SCL #err weighted degeneracy : 2136 2138 2135 2202 2279 2377 
degeneracy helps : 589 586 617 682 705 707 
degeneracy worse : 412 412 436 567 667 767 
SCL #err deg : 2366 / 4600
SCL #err weighted degeneracy : 2175 2177 2176 2243 2323 2431 
degeneracy helps : 604 601 631 697 721 720 
degeneracy worse : 417 417 442 574 678 785 
SCL #err deg : 2410 / 4700
SCL #err weighted degeneracy : 2223 2225 2224 2297 2377 2483 
degeneracy helps : 613 610 640 706 729 731 
degeneracy worse : 430 430 455 593 696 804 
SCL #err deg : 2453 / 4800
SCL #err weighted degeneracy : 2267 2269 2268 2348 2430 2539 
degeneracy helps : 620 617 647 713 736 740 
degeneracy worse : 438 438 463 608 713 826 
SCL #err deg : 2502 / 4900
SCL #err weighted degeneracy : 2312 2314 2313 2393 2479 2590 
degeneracy helps : 631 628 658 727 750 755 
degeneracy worse : 445 445 470 618 727 843 
SCL #err deg : 2547 / 5000
SCL #err weighted degeneracy : 2350 2352 2349 2433 2522 2635 
degeneracy helps : 645 641 674 742 765 770 
degeneracy worse : 452 452 477 628 740 858 
SCL #err deg : 2603 / 5100
SCL #err weighted degeneracy : 2394 2396 2393 2476 2568 2681 
degeneracy helps : 665 661 695 767 789 795 
degeneracy worse : 460 460 486 640 754 873 
SCL #err deg : 2659 / 5200
SCL #err weighted degeneracy : 2449 2451 2449 2531 2622 2735 
degeneracy helps : 676 672 705 778 802 811 
degeneracy worse : 470 470 496 650 765 887 
SCL #err deg : 2715 / 5300
SCL #err weighted degeneracy : 2488 2490 2489 2575 2668 2781 
degeneracy helps : 700 696 728 799 823 834 
degeneracy worse : 477 477 503 659 776 900 
SCL #err deg : 2770 / 5400
SCL #err weighted degeneracy : 2540 2542 2541 2629 2725 2841 
degeneracy helps : 711 707 739 809 835 847 
degeneracy worse : 485 485 511 668 790 918 
SCL #err deg : 2820 / 5500
SCL #err weighted degeneracy : 2580 2582 2583 2672 2767 2881 
degeneracy helps : 726 722 753 827 855 871 
degeneracy worse : 490 490 517 679 802 932 
SCL #err deg : 2875 / 5600
SCL #err weighted degeneracy : 2631 2633 2636 2727 2824 2938 
degeneracy helps : 738 734 765 841 868 884 
degeneracy worse : 498 498 527 693 817 947 
SCL #err deg : 2932 / 5700
SCL #err weighted degeneracy : 2673 2675 2680 2778 2882 2995 
degeneracy helps : 759 755 784 860 886 903 
degeneracy worse : 504 504 533 706 836 966 
SCL #err deg : 2978 / 5800
SCL #err weighted degeneracy : 2712 2714 2721 2822 2927 3048 
degeneracy helps : 772 768 796 873 899 915 
degeneracy worse : 510 510 540 717 848 985 
SCL #err deg : 3027 / 5900
SCL #err weighted degeneracy : 2764 2766 2773 2876 2984 3104 
degeneracy helps : 779 775 803 882 906 924 
degeneracy worse : 520 520 550 731 863 1001 
SCL #err deg : 3075 / 6000
SCL #err weighted degeneracy : 2813 2815 2821 2927 3033 3155 
degeneracy helps : 788 784 813 893 919 939 
degeneracy worse : 530 530 560 745 877 1019 
SCL #err deg : 3125 / 6100
SCL #err weighted degeneracy : 2857 2859 2866 2974 3082 3210 
degeneracy helps : 801 797 825 907 934 950 
degeneracy worse : 537 537 567 756 891 1035 
SCL #err deg : 3178 / 6200
SCL #err weighted degeneracy : 2911 2913 2919 3029 3140 3266 
degeneracy helps : 814 810 839 922 952 970 
degeneracy worse : 551 551 581 773 914 1058 
SCL #err deg : 3232 / 6300
SCL #err weighted degeneracy : 2962 2964 2971 3085 3195 3321 
degeneracy helps : 826 822 851 935 967 985 
degeneracy worse : 560 560 591 788 930 1074 
SCL #err deg : 3285 / 6400
SCL #err weighted degeneracy : 3000 3002 3008 3122 3239 3371 
degeneracy helps : 846 842 872 956 986 1002 
degeneracy worse : 565 565 596 793 940 1088 
SCL #err deg : 3338 / 6500
SCL #err weighted degeneracy : 3051 3053 3060 3170 3289 3421 
degeneracy helps : 856 852 882 970 999 1017 
degeneracy worse : 573 573 605 802 950 1100 
SCL #err deg : 3386 / 6600
SCL #err weighted degeneracy : 3095 3098 3103 3216 3335 3468 
degeneracy helps : 871 866 898 986 1015 1035 
degeneracy worse : 584 584 616 816 964 1117 
SCL #err deg : 3433 / 6700
SCL #err weighted degeneracy : 3145 3148 3153 3267 3385 3523 
degeneracy helps : 881 876 909 1000 1030 1047 
degeneracy worse : 597 597 630 834 982 1137 
SCL #err deg : 3491 / 6800
SCL #err weighted degeneracy : 3189 3192 3200 3318 3436 3571 
degeneracy helps : 901 896 927 1018 1049 1067 
degeneracy worse : 603 603 637 845 994 1147 
SCL #err deg : 3543 / 6900
SCL #err weighted degeneracy : 3241 3244 3253 3372 3494 3632 
degeneracy helps : 913 908 939 1034 1064 1083 
degeneracy worse : 615 615 650 863 1015 1172 
SCL #err deg : 3595 / 7000
SCL #err weighted degeneracy : 3287 3290 3301 3422 3548 3687 
degeneracy helps : 926 921 952 1047 1078 1097 
degeneracy worse : 622 622 659 874 1031 1189 
SCL #err deg : 3640 / 7100
SCL #err weighted degeneracy : 3329 3332 3344 3472 3603 3741 
degeneracy helps : 938 933 963 1059 1089 1109 
degeneracy worse : 631 631 668 891 1052 1210 
SCL #err deg : 3697 / 7200
SCL #err weighted degeneracy : 3371 3374 3383 3513 3640 3778 
degeneracy helps : 958 953 985 1081 1117 1139 
degeneracy worse : 636 636 672 897 1060 1220 
SCL #err deg : 3753 / 7300
SCL #err weighted degeneracy : 3428 3431 3440 3570 3698 3838 
degeneracy helps : 965 960 992 1089 1127 1150 
degeneracy worse : 644 644 680 906 1072 1235 
SCL #err deg : 3802 / 7400
SCL #err weighted degeneracy : 3477 3480 3491 3625 3753 3898 
degeneracy helps : 972 967 999 1098 1137 1159 
degeneracy worse : 651 651 689 921 1088 1255 
SCL #err deg : 3857 / 7500
SCL #err weighted degeneracy : 3522 3525 3536 3673 3802 3949 
degeneracy helps : 989 984 1017 1116 1155 1178 
degeneracy worse : 658 658 697 932 1100 1270 
SCL #err deg : 3902 / 7600
SCL #err weighted degeneracy : 3567 3570 3584 3722 3852 3998 
degeneracy helps : 1000 995 1026 1128 1167 1192 
degeneracy worse : 669 669 709 948 1117 1288 
SCL #err deg : 3952 / 7700
SCL #err weighted degeneracy : 3617 3620 3634 3777 3917 4063 
degeneracy helps : 1012 1007 1039 1141 1177 1201 
degeneracy worse : 681 681 722 966 1142 1312 
SCL #err deg : 4009 / 7800
SCL #err weighted degeneracy : 3663 3666 3680 3823 3968 4119 
degeneracy helps : 1027 1022 1054 1158 1194 1213 
degeneracy worse : 685 685 726 972 1153 1323 
SCL #err deg : 4064 / 7900
SCL #err weighted degeneracy : 3709 3712 3728 3876 4022 4175 
degeneracy helps : 1044 1039 1072 1176 1213 1230 
degeneracy worse : 693 693 737 988 1171 1341 
SCL #err deg : 4117 / 8000
SCL #err weighted degeneracy : 3754 3757 3775 3928 4073 4223 
degeneracy helps : 1062 1057 1089 1190 1231 1250 
degeneracy worse : 703 703 748 1001 1187 1356 
SCL #err deg : 4163 / 8100
SCL #err weighted degeneracy : 3801 3805 3821 3974 4118 4271 
degeneracy helps : 1075 1069 1102 1204 1245 1263 
degeneracy worse : 717 717 761 1015 1200 1371 
SCL #err deg : 4219 / 8200
SCL #err weighted degeneracy : 3855 3859 3874 4032 4175 4328 
degeneracy helps : 1090 1084 1119 1220 1262 1280 
degeneracy worse : 731 731 775 1033 1218 1389 
SCL #err deg : 4272 / 8300
SCL #err weighted degeneracy : 3912 3916 3930 4086 4230 4381 
degeneracy helps : 1100 1094 1130 1233 1275 1293 
degeneracy worse : 745 745 789 1047 1233 1402 
SCL #err deg : 4322 / 8400
SCL #err weighted degeneracy : 3958 3962 3973 4136 4282 4438 
degeneracy helps : 1110 1104 1143 1245 1288 1306 
degeneracy worse : 751 751 795 1059 1248 1422 
SCL #err deg : 4378 / 8500
SCL #err weighted degeneracy : 4005 4009 4023 4189 4335 4491 
degeneracy helps : 1123 1117 1156 1258 1302 1321 
degeneracy worse : 756 756 802 1069 1259 1434 
SCL #err deg : 4431 / 8600
SCL #err weighted degeneracy : 4053 4057 4070 4243 4391 4548 
degeneracy helps : 1136 1130 1170 1269 1313 1331 
degeneracy worse : 764 764 810 1081 1273 1448 
SCL #err deg : 4480 / 8700
SCL #err weighted degeneracy : 4103 4107 4119 4294 4445 4607 
degeneracy helps : 1147 1141 1182 1281 1326 1343 
degeneracy worse : 776 776 822 1095 1291 1470 
SCL #err deg : 4544 / 8800
SCL #err weighted degeneracy : 4158 4162 4173 4348 4502 4666 
degeneracy helps : 1163 1157 1198 1301 1346 1364 
degeneracy worse : 783 783 828 1105 1304 1486 
SCL #err deg : 4590 / 8900
SCL #err weighted degeneracy : 4199 4203 4215 4398 4553 4723 
degeneracy helps : 1175 1169 1210 1312 1358 1375 
degeneracy worse : 790 790 836 1120 1321 1508 
SCL #err deg : 4639 / 9000
SCL #err weighted degeneracy : 4248 4252 4264 4447 4602 4776 
degeneracy helps : 1189 1183 1224 1330 1377 1392 
degeneracy worse : 804 804 850 1138 1340 1529 
SCL #err deg : 4684 / 9100
SCL #err weighted degeneracy : 4287 4291 4304 4490 4647 4824 
degeneracy helps : 1206 1200 1241 1348 1395 1409 
degeneracy worse : 815 815 862 1154 1358 1549 
SCL #err deg : 4732 / 9200
SCL #err weighted degeneracy : 4339 4343 4357 4545 4704 4883 
degeneracy helps : 1215 1209 1250 1358 1406 1422 
degeneracy worse : 828 828 876 1171 1378 1573 
SCL #err deg : 4783 / 9300
SCL #err weighted degeneracy : 4389 4393 4404 4594 4758 4940 
degeneracy helps : 1223 1217 1260 1368 1416 1431 
degeneracy worse : 835 835 882 1179 1391 1588 
SCL #err deg : 4827 / 9400
SCL #err weighted degeneracy : 4436 4440 4452 4643 4811 4995 
degeneracy helps : 1236 1230 1273 1382 1429 1443 
degeneracy worse : 851 851 899 1198 1413 1611 
SCL #err deg : 4880 / 9500
SCL #err weighted degeneracy : 4485 4489 4501 4694 4863 5049 
degeneracy helps : 1248 1241 1285 1396 1444 1460 
degeneracy worse : 859 859 907 1210 1427 1629 
SCL #err deg : 4937 / 9600
SCL #err weighted degeneracy : 4533 4538 4548 4742 4911 5100 
degeneracy helps : 1263 1255 1301 1413 1462 1476 
degeneracy worse : 865 865 913 1218 1436 1639 
SCL #err deg : 4995 / 9700
SCL #err weighted degeneracy : 4586 4591 4601 4798 4969 5160 
degeneracy helps : 1281 1273 1319 1430 1479 1492 
degeneracy worse : 878 878 926 1233 1453 1657 
SCL #err deg : 5043 / 9800
SCL #err weighted degeneracy : 4634 4639 4650 4847 5022 5212 
degeneracy helps : 1288 1280 1326 1438 1488 1503 
degeneracy worse : 885 885 934 1242 1467 1672 
SCL #err deg : 5090 / 9900
SCL #err weighted degeneracy : 4674 4679 4695 4894 5070 5262 
degeneracy helps : 1304 1296 1341 1454 1504 1519 
degeneracy worse : 894 894 947 1258 1484 1691 
SCL #err deg : 5141 / 10000
SCL #err weighted degeneracy : 4721 4726 4741 4945 5123 5316 
degeneracy helps : 1320 1312 1357 1468 1519 1535 
degeneracy worse : 906 906 958 1272 1501 1710 
average #flips: 16.6895
SCL #err considering degeneracy: 5141
error due to equal 1248
error due to SCL smaller 3893
Finish in 1067 s
