Simulation Polar syndrome FASTER N=128, K=65, l=128, pz=0.15, #samples=10000, seed=543
HPW construction
Event generator random seed: 543
SCL #err deg : 58 / 100
SCL #err weighted degeneracy : 63 63 61 59 58 58 
degeneracy helps : 8 8 9 12 13 15 
degeneracy worse : 13 13 12 13 13 15 
SCL #err deg : 116 / 200
SCL #err weighted degeneracy : 114 114 110 107 108 109 
degeneracy helps : 24 23 27 32 33 35 
degeneracy worse : 22 22 21 23 25 28 
SCL #err deg : 180 / 300
SCL #err weighted degeneracy : 175 176 170 170 169 167 
degeneracy helps : 37 35 41 47 50 55 
degeneracy worse : 32 32 31 37 39 42 
SCL #err deg : 243 / 400
SCL #err weighted degeneracy : 239 240 235 236 238 239 
degeneracy helps : 46 44 52 58 61 66 
degeneracy worse : 42 42 44 51 56 62 
SCL #err deg : 295 / 500
SCL #err weighted degeneracy : 293 293 292 296 300 298 
degeneracy helps : 56 54 62 68 72 80 
degeneracy worse : 54 53 59 69 77 83 
SCL #err deg : 350 / 600
SCL #err weighted degeneracy : 355 355 355 358 363 361 
degeneracy helps : 62 60 69 77 81 91 
degeneracy worse : 67 66 74 85 94 102 
SCL #err deg : 401 / 700
SCL #err weighted degeneracy : 405 405 405 413 422 421 
degeneracy helps : 70 68 77 85 89 101 
degeneracy worse : 74 73 81 97 110 121 
SCL #err deg : 457 / 800
SCL #err weighted degeneracy : 449 449 452 465 475 475 
degeneracy helps : 89 87 95 103 110 122 
degeneracy worse : 81 80 90 111 128 140 
SCL #err deg : 524 / 900
SCL #err weighted degeneracy : 513 512 515 527 538 538 
degeneracy helps : 106 104 113 121 128 142 
degeneracy worse : 95 93 104 124 142 156 
SCL #err deg : 584 / 1000
SCL #err weighted degeneracy : 568 567 570 587 598 598 
degeneracy helps : 120 118 126 134 142 155 
degeneracy worse : 104 102 112 137 156 169 
SCL #err deg : 645 / 1100
SCL #err weighted degeneracy : 621 620 624 643 653 654 
degeneracy helps : 133 131 138 147 157 169 
degeneracy worse : 109 107 117 145 165 178 
SCL #err deg : 706 / 1200
SCL #err weighted degeneracy : 689 689 689 707 719 719 
degeneracy helps : 143 140 150 162 171 184 
degeneracy worse : 126 124 133 163 184 197 
SCL #err deg : 760 / 1300
SCL #err weighted degeneracy : 749 749 750 770 781 780 
degeneracy helps : 151 148 158 174 186 201 
degeneracy worse : 140 138 148 184 207 221 
SCL #err deg : 821 / 1400
SCL #err weighted degeneracy : 805 805 805 826 836 834 
degeneracy helps : 163 160 170 187 200 218 
degeneracy worse : 147 145 154 192 215 231 
SCL #err deg : 878 / 1500
SCL #err weighted degeneracy : 858 858 857 882 890 891 
degeneracy helps : 174 171 182 202 218 234 
degeneracy worse : 154 152 161 206 230 247 
SCL #err deg : 934 / 1600
SCL #err weighted degeneracy : 916 916 915 945 953 956 
degeneracy helps : 185 182 194 214 232 250 
degeneracy worse : 167 165 175 225 251 272 
SCL #err deg : 998 / 1700
SCL #err weighted degeneracy : 979 980 975 1003 1012 1015 
degeneracy helps : 195 191 205 227 245 264 
degeneracy worse : 176 174 182 232 259 281 
SCL #err deg : 1055 / 1800
SCL #err weighted degeneracy : 1039 1040 1037 1062 1071 1076 
degeneracy helps : 206 202 215 240 259 277 
degeneracy worse : 190 188 197 247 275 298 
SCL #err deg : 1115 / 1900
SCL #err weighted degeneracy : 1095 1096 1093 1117 1127 1133 
degeneracy helps : 222 218 232 260 280 297 
degeneracy worse : 202 200 210 262 292 315 
SCL #err deg : 1169 / 2000
SCL #err weighted degeneracy : 1158 1159 1155 1178 1188 1198 
degeneracy helps : 228 225 241 270 291 308 
degeneracy worse : 219 217 227 279 310 337 
SCL #err deg : 1240 / 2100
SCL #err weighted degeneracy : 1224 1226 1220 1239 1248 1262 
degeneracy helps : 239 235 253 288 311 325 
degeneracy worse : 225 223 233 287 319 347 
SCL #err deg : 1299 / 2200
SCL #err weighted degeneracy : 1285 1286 1280 1298 1310 1325 
degeneracy helps : 248 244 262 299 322 336 
degeneracy worse : 236 233 243 298 333 362 
SCL #err deg : 1365 / 2300
SCL #err weighted degeneracy : 1346 1347 1343 1362 1370 1381 
degeneracy helps : 262 258 275 312 337 354 
degeneracy worse : 245 242 253 309 342 370 
SCL #err deg : 1437 / 2400
SCL #err weighted degeneracy : 1411 1412 1408 1428 1438 1450 
degeneracy helps : 278 274 291 329 354 371 
degeneracy worse : 254 251 262 320 355 384 
SCL #err deg : 1497 / 2500
SCL #err weighted degeneracy : 1468 1469 1465 1483 1496 1509 
degeneracy helps : 290 286 303 346 371 390 
degeneracy worse : 263 260 271 332 370 402 
SCL #err deg : 1554 / 2600
SCL #err weighted degeneracy : 1527 1528 1526 1545 1556 1569 
degeneracy helps : 298 294 312 354 381 402 
degeneracy worse : 273 270 284 345 383 417 
SCL #err deg : 1623 / 2700
SCL #err weighted degeneracy : 1580 1581 1578 1599 1612 1626 
degeneracy helps : 319 315 334 377 405 425 
degeneracy worse : 278 275 289 353 394 428 
SCL #err deg : 1681 / 2800
SCL #err weighted degeneracy : 1635 1636 1634 1652 1664 1678 
degeneracy helps : 332 328 347 393 424 444 
degeneracy worse : 288 285 300 364 407 441 
SCL #err deg : 1734 / 2900
SCL #err weighted degeneracy : 1689 1691 1688 1706 1719 1732 
degeneracy helps : 341 337 357 405 437 458 
degeneracy worse : 298 296 311 377 422 456 
SCL #err deg : 1786 / 3000
SCL #err weighted degeneracy : 1741 1743 1741 1759 1774 1789 
degeneracy helps : 351 347 368 419 451 472 
degeneracy worse : 308 306 323 392 439 475 
SCL #err deg : 1850 / 3100
SCL #err weighted degeneracy : 1798 1800 1798 1820 1834 1846 
degeneracy helps : 368 364 387 437 473 497 
degeneracy worse : 318 316 335 407 457 493 
SCL #err deg : 1918 / 3200
SCL #err weighted degeneracy : 1855 1857 1854 1874 1890 1905 
degeneracy helps : 386 382 408 461 496 521 
degeneracy worse : 326 324 344 417 468 508 
SCL #err deg : 1981 / 3300
SCL #err weighted degeneracy : 1912 1914 1911 1933 1950 1966 
degeneracy helps : 401 397 424 478 515 540 
degeneracy worse : 335 333 354 430 484 525 
SCL #err deg : 2040 / 3400
SCL #err weighted degeneracy : 1967 1969 1967 1992 2012 2025 
degeneracy helps : 415 411 438 491 527 555 
degeneracy worse : 345 343 365 443 499 540 
SCL #err deg : 2096 / 3500
SCL #err weighted degeneracy : 2012 2014 2013 2044 2065 2081 
degeneracy helps : 435 431 459 511 550 576 
degeneracy worse : 354 352 376 459 519 561 
SCL #err deg : 2160 / 3600
SCL #err weighted degeneracy : 2070 2072 2071 2104 2128 2144 
degeneracy helps : 450 446 475 526 562 588 
degeneracy worse : 363 361 386 470 530 572 
SCL #err deg : 2215 / 3700
SCL #err weighted degeneracy : 2121 2124 2125 2160 2183 2204 
degeneracy helps : 463 457 487 539 576 602 
degeneracy worse : 372 370 397 484 544 591 
SCL #err deg : 2271 / 3800
SCL #err weighted degeneracy : 2178 2181 2185 2222 2246 2268 
degeneracy helps : 473 467 498 550 587 614 
degeneracy worse : 383 381 412 501 562 611 
SCL #err deg : 2338 / 3900
SCL #err weighted degeneracy : 2242 2245 2250 2283 2308 2332 
degeneracy helps : 484 478 508 566 603 632 
degeneracy worse : 391 389 420 511 573 626 
SCL #err deg : 2400 / 4000
SCL #err weighted degeneracy : 2301 2304 2308 2342 2368 2393 
degeneracy helps : 496 490 521 580 618 647 
degeneracy worse : 400 398 429 522 586 640 
SCL #err deg : 2462 / 4100
SCL #err weighted degeneracy : 2362 2364 2367 2398 2426 2453 
degeneracy helps : 507 501 535 596 633 662 
degeneracy worse : 410 407 440 532 597 653 
SCL #err deg : 2526 / 4200
SCL #err weighted degeneracy : 2419 2421 2425 2455 2484 2511 
degeneracy helps : 522 517 551 614 652 682 
degeneracy worse : 419 416 450 543 610 667 
SCL #err deg : 2583 / 4300
SCL #err weighted degeneracy : 2475 2477 2481 2510 2540 2568 
degeneracy helps : 534 529 564 630 669 699 
degeneracy worse : 430 427 462 557 626 684 
SCL #err deg : 2643 / 4400
SCL #err weighted degeneracy : 2535 2537 2543 2569 2603 2629 
degeneracy helps : 546 541 576 647 686 719 
degeneracy worse : 442 439 476 573 646 705 
SCL #err deg : 2704 / 4500
SCL #err weighted degeneracy : 2601 2603 2609 2636 2664 2690 
degeneracy helps : 553 548 585 656 701 735 
degeneracy worse : 454 451 490 588 661 721 
SCL #err deg : 2763 / 4600
SCL #err weighted degeneracy : 2658 2660 2665 2691 2718 2745 
degeneracy helps : 565 560 598 671 716 750 
degeneracy worse : 464 461 500 599 671 732 
SCL #err deg : 2822 / 4700
SCL #err weighted degeneracy : 2712 2714 2720 2745 2773 2799 
degeneracy helps : 579 574 611 687 733 769 
degeneracy worse : 473 470 509 610 684 746 
SCL #err deg : 2880 / 4800
SCL #err weighted degeneracy : 2767 2769 2774 2798 2827 2853 
degeneracy helps : 587 582 620 699 746 785 
degeneracy worse : 478 475 514 617 693 758 
SCL #err deg : 2939 / 4900
SCL #err weighted degeneracy : 2819 2821 2823 2850 2880 2908 
degeneracy helps : 607 602 644 721 770 809 
degeneracy worse : 491 488 528 632 711 778 
SCL #err deg : 2997 / 5000
SCL #err weighted degeneracy : 2872 2874 2876 2907 2938 2964 
degeneracy helps : 624 619 661 737 786 826 
degeneracy worse : 503 500 540 647 727 793 
SCL #err deg : 3056 / 5100
SCL #err weighted degeneracy : 2918 2920 2920 2957 2993 3022 
degeneracy helps : 645 640 684 757 805 843 
degeneracy worse : 511 508 548 658 742 809 
SCL #err deg : 3121 / 5200
SCL #err weighted degeneracy : 2984 2986 2986 3026 3062 3094 
degeneracy helps : 652 647 691 766 816 853 
degeneracy worse : 519 516 556 671 757 826 
SCL #err deg : 3181 / 5300
SCL #err weighted degeneracy : 3041 3043 3045 3086 3120 3151 
degeneracy helps : 666 661 703 779 831 870 
degeneracy worse : 530 527 567 684 770 840 
SCL #err deg : 3241 / 5400
SCL #err weighted degeneracy : 3103 3105 3106 3148 3182 3213 
degeneracy helps : 678 673 715 792 847 886 
degeneracy worse : 544 541 580 699 788 858 
SCL #err deg : 3308 / 5500
SCL #err weighted degeneracy : 3167 3169 3169 3214 3244 3274 
degeneracy helps : 692 687 730 806 865 905 
degeneracy worse : 555 552 591 712 801 871 
SCL #err deg : 3365 / 5600
SCL #err weighted degeneracy : 3226 3228 3230 3271 3303 3334 
degeneracy helps : 702 697 740 820 879 920 
degeneracy worse : 567 564 605 726 817 889 
SCL #err deg : 3425 / 5700
SCL #err weighted degeneracy : 3290 3292 3294 3335 3365 3396 
degeneracy helps : 706 701 745 829 890 932 
degeneracy worse : 575 572 614 739 830 903 
SCL #err deg : 3477 / 5800
SCL #err weighted degeneracy : 3338 3341 3343 3385 3414 3447 
degeneracy helps : 717 711 757 842 906 947 
degeneracy worse : 582 579 623 750 843 917 
SCL #err deg : 3543 / 5900
SCL #err weighted degeneracy : 3397 3400 3404 3446 3477 3509 
degeneracy helps : 735 730 775 863 925 968 
degeneracy worse : 594 591 636 766 859 934 
SCL #err deg : 3607 / 6000
SCL #err weighted degeneracy : 3459 3462 3467 3502 3532 3564 
degeneracy helps : 746 741 786 880 944 988 
degeneracy worse : 603 600 646 775 869 945 
SCL #err deg : 3671 / 6100
SCL #err weighted degeneracy : 3524 3527 3528 3566 3596 3629 
degeneracy helps : 756 751 799 894 960 1003 
degeneracy worse : 614 611 656 789 885 961 
SCL #err deg : 3734 / 6200
SCL #err weighted degeneracy : 3584 3587 3587 3623 3653 3688 
degeneracy helps : 769 764 813 911 978 1022 
degeneracy worse : 624 621 666 800 897 976 
SCL #err deg : 3791 / 6300
SCL #err weighted degeneracy : 3642 3646 3646 3684 3713 3749 
degeneracy helps : 780 774 823 921 991 1037 
degeneracy worse : 636 633 678 814 913 995 
SCL #err deg : 3841 / 6400
SCL #err weighted degeneracy : 3700 3704 3705 3742 3771 3809 
degeneracy helps : 788 782 832 934 1005 1051 
degeneracy worse : 652 649 696 835 935 1019 
SCL #err deg : 3901 / 6500
SCL #err weighted degeneracy : 3756 3760 3756 3790 3819 3856 
degeneracy helps : 798 792 848 954 1026 1073 
degeneracy worse : 658 655 703 843 944 1028 
SCL #err deg : 3953 / 6600
SCL #err weighted degeneracy : 3809 3813 3811 3849 3882 3923 
degeneracy helps : 808 802 859 965 1036 1082 
degeneracy worse : 669 666 717 861 965 1052 
SCL #err deg : 4005 / 6700
SCL #err weighted degeneracy : 3866 3870 3868 3908 3938 3983 
degeneracy helps : 813 807 865 972 1045 1091 
degeneracy worse : 679 676 728 875 978 1069 
SCL #err deg : 4063 / 6800
SCL #err weighted degeneracy : 3929 3933 3927 3967 3996 4046 
degeneracy helps : 819 813 873 983 1059 1104 
degeneracy worse : 690 687 737 887 992 1087 
SCL #err deg : 4122 / 6900
SCL #err weighted degeneracy : 3989 3994 3990 4035 4066 4116 
degeneracy helps : 830 823 883 993 1071 1117 
degeneracy worse : 702 699 751 906 1015 1111 
SCL #err deg : 4185 / 7000
SCL #err weighted degeneracy : 4045 4050 4043 4089 4120 4169 
degeneracy helps : 845 838 901 1014 1092 1139 
degeneracy worse : 710 707 759 918 1027 1123 
SCL #err deg : 4240 / 7100
SCL #err weighted degeneracy : 4100 4104 4094 4141 4175 4229 
degeneracy helps : 856 849 915 1028 1106 1150 
degeneracy worse : 721 717 769 929 1041 1139 
SCL #err deg : 4299 / 7200
SCL #err weighted degeneracy : 4156 4160 4151 4203 4236 4292 
degeneracy helps : 866 859 925 1039 1118 1162 
degeneracy worse : 728 724 777 943 1055 1155 
SCL #err deg : 4353 / 7300
SCL #err weighted degeneracy : 4222 4225 4215 4269 4300 4358 
degeneracy helps : 875 868 936 1050 1131 1175 
degeneracy worse : 749 744 798 966 1078 1180 
SCL #err deg : 4415 / 7400
SCL #err weighted degeneracy : 4281 4285 4275 4330 4363 4421 
degeneracy helps : 888 880 949 1065 1144 1188 
degeneracy worse : 759 754 809 980 1092 1194 
SCL #err deg : 4476 / 7500
SCL #err weighted degeneracy : 4336 4340 4330 4385 4416 4477 
degeneracy helps : 906 897 967 1084 1166 1210 
degeneracy worse : 771 765 821 993 1106 1211 
SCL #err deg : 4534 / 7600
SCL #err weighted degeneracy : 4399 4403 4396 4452 4485 4544 
degeneracy helps : 915 905 976 1096 1177 1222 
degeneracy worse : 785 778 838 1014 1128 1232 
SCL #err deg : 4596 / 7700
SCL #err weighted degeneracy : 4457 4462 4453 4512 4544 4605 
degeneracy helps : 930 919 993 1112 1195 1239 
degeneracy worse : 796 789 850 1028 1143 1248 
SCL #err deg : 4656 / 7800
SCL #err weighted degeneracy : 4510 4516 4509 4571 4607 4667 
degeneracy helps : 941 929 1003 1123 1206 1253 
degeneracy worse : 800 793 856 1038 1157 1264 
SCL #err deg : 4717 / 7900
SCL #err weighted degeneracy : 4576 4582 4576 4642 4675 4735 
degeneracy helps : 951 939 1011 1131 1218 1266 
degeneracy worse : 815 808 870 1056 1176 1284 
SCL #err deg : 4777 / 8000
SCL #err weighted degeneracy : 4639 4645 4638 4704 4739 4799 
degeneracy helps : 961 948 1022 1144 1230 1281 
degeneracy worse : 828 820 883 1071 1192 1303 
SCL #err deg : 4839 / 8100
SCL #err weighted degeneracy : 4700 4707 4698 4765 4806 4866 
degeneracy helps : 976 962 1038 1162 1244 1296 
degeneracy worse : 842 834 897 1088 1211 1323 
SCL #err deg : 4903 / 8200
SCL #err weighted degeneracy : 4758 4765 4755 4823 4864 4927 
degeneracy helps : 993 979 1057 1180 1262 1313 
degeneracy worse : 853 845 909 1100 1223 1337 
SCL #err deg : 4960 / 8300
SCL #err weighted degeneracy : 4815 4821 4813 4884 4923 4986 
degeneracy helps : 1003 989 1067 1190 1276 1328 
degeneracy worse : 863 854 920 1114 1239 1354 
SCL #err deg : 5015 / 8400
SCL #err weighted degeneracy : 4872 4879 4870 4943 4982 5047 
degeneracy helps : 1008 994 1074 1199 1286 1337 
degeneracy worse : 871 862 929 1127 1253 1369 
SCL #err deg : 5070 / 8500
SCL #err weighted degeneracy : 4932 4939 4932 5005 5043 5109 
degeneracy helps : 1017 1003 1083 1209 1297 1348 
degeneracy worse : 885 876 945 1144 1270 1387 
SCL #err deg : 5130 / 8600
SCL #err weighted degeneracy : 4995 5002 4994 5067 5104 5169 
degeneracy helps : 1025 1011 1091 1216 1307 1359 
degeneracy worse : 896 887 955 1153 1281 1398 
SCL #err deg : 5189 / 8700
SCL #err weighted degeneracy : 5051 5058 5053 5129 5168 5238 
degeneracy helps : 1040 1027 1105 1234 1323 1371 
degeneracy worse : 908 900 969 1174 1302 1420 
SCL #err deg : 5257 / 8800
SCL #err weighted degeneracy : 5117 5124 5121 5200 5239 5307 
degeneracy helps : 1054 1041 1118 1247 1336 1386 
degeneracy worse : 920 912 982 1190 1318 1436 
SCL #err deg : 5319 / 8900
SCL #err weighted degeneracy : 5184 5192 5186 5264 5304 5372 
degeneracy helps : 1063 1049 1128 1259 1349 1399 
degeneracy worse : 934 926 995 1204 1334 1452 
SCL #err deg : 5373 / 9000
SCL #err weighted degeneracy : 5243 5251 5246 5327 5372 5440 
degeneracy helps : 1070 1056 1134 1266 1356 1408 
degeneracy worse : 946 938 1007 1220 1355 1475 
SCL #err deg : 5422 / 9100
SCL #err weighted degeneracy : 5288 5296 5292 5373 5420 5491 
degeneracy helps : 1083 1069 1148 1282 1372 1425 
degeneracy worse : 955 947 1018 1233 1370 1494 
SCL #err deg : 5480 / 9200
SCL #err weighted degeneracy : 5346 5353 5350 5432 5477 5553 
degeneracy helps : 1095 1082 1161 1296 1388 1441 
degeneracy worse : 967 959 1031 1248 1385 1514 
SCL #err deg : 5545 / 9300
SCL #err weighted degeneracy : 5409 5416 5409 5490 5538 5614 
degeneracy helps : 1106 1091 1176 1312 1403 1458 
degeneracy worse : 976 968 1040 1257 1396 1527 
SCL #err deg : 5605 / 9400
SCL #err weighted degeneracy : 5467 5474 5469 5552 5601 5675 
degeneracy helps : 1116 1101 1184 1321 1412 1471 
degeneracy worse : 984 976 1048 1268 1408 1541 
SCL #err deg : 5665 / 9500
SCL #err weighted degeneracy : 5523 5531 5524 5609 5660 5737 
degeneracy helps : 1131 1115 1200 1337 1429 1488 
degeneracy worse : 995 987 1059 1281 1424 1560 
SCL #err deg : 5726 / 9600
SCL #err weighted degeneracy : 5584 5592 5581 5664 5716 5794 
degeneracy helps : 1142 1127 1216 1357 1448 1507 
degeneracy worse : 1007 999 1071 1295 1438 1575 
SCL #err deg : 5788 / 9700
SCL #err weighted degeneracy : 5639 5647 5636 5719 5774 5852 
degeneracy helps : 1156 1141 1230 1371 1462 1522 
degeneracy worse : 1014 1006 1078 1302 1448 1586 
SCL #err deg : 5842 / 9800
SCL #err weighted degeneracy : 5692 5699 5687 5767 5825 5904 
degeneracy helps : 1167 1152 1243 1386 1477 1540 
degeneracy worse : 1024 1015 1088 1311 1460 1602 
SCL #err deg : 5902 / 9900
SCL #err weighted degeneracy : 5743 5750 5737 5817 5874 5954 
degeneracy helps : 1186 1171 1264 1407 1500 1562 
degeneracy worse : 1034 1025 1099 1322 1472 1614 
SCL #err deg : 5964 / 10000
SCL #err weighted degeneracy : 5803 5810 5798 5883 5939 6020 
degeneracy helps : 1202 1187 1279 1421 1515 1578 
degeneracy worse : 1048 1039 1113 1340 1490 1634 
average #flips: 19.2505
SCL #err considering degeneracy: 5964
error due to equal 687
error due to SCL smaller 5277
Finish in 1117 s
