Simulation Polar syndrome FASTER N=512, K=257, l=128, pz=0.105, #samples=10000, seed=543
PW construction
Event generator random seed: 543
SCL #err deg : 31 / 100
SCL #err weighted degeneracy : 33 33 32 30 28 28 
degeneracy helps : 6 6 7 9 11 11 
degeneracy worse : 8 8 8 8 8 8 
SCL #err deg : 59 / 200
SCL #err weighted degeneracy : 58 58 58 56 54 51 
degeneracy helps : 11 11 12 15 17 20 
degeneracy worse : 10 10 11 12 12 12 
SCL #err deg : 95 / 300
SCL #err weighted degeneracy : 97 97 99 96 93 88 
degeneracy helps : 16 16 18 22 25 28 
degeneracy worse : 18 18 22 23 23 21 
SCL #err deg : 133 / 400
SCL #err weighted degeneracy : 124 124 127 124 122 119 
degeneracy helps : 31 31 34 37 39 41 
degeneracy worse : 22 22 28 28 28 27 
SCL #err deg : 168 / 500
SCL #err weighted degeneracy : 152 152 156 153 152 151 
degeneracy helps : 42 42 46 49 49 50 
degeneracy worse : 26 26 34 34 33 33 
SCL #err deg : 198 / 600
SCL #err weighted degeneracy : 175 175 181 177 177 176 
degeneracy helps : 54 54 58 61 61 63 
degeneracy worse : 31 31 41 40 40 41 
SCL #err deg : 236 / 700
SCL #err weighted degeneracy : 210 210 217 212 210 211 
degeneracy helps : 64 64 69 73 74 75 
degeneracy worse : 38 38 50 49 48 50 
SCL #err deg : 263 / 800
SCL #err weighted degeneracy : 238 238 245 240 238 242 
degeneracy helps : 66 66 72 76 77 77 
degeneracy worse : 41 41 54 53 52 56 
SCL #err deg : 301 / 900
SCL #err weighted degeneracy : 274 274 280 279 277 281 
degeneracy helps : 73 73 80 83 84 85 
degeneracy worse : 46 46 59 61 60 65 
SCL #err deg : 340 / 1000
SCL #err weighted degeneracy : 298 298 308 307 312 317 
degeneracy helps : 90 90 94 97 94 94 
degeneracy worse : 48 48 62 64 66 71 
SCL #err deg : 373 / 1100
SCL #err weighted degeneracy : 333 333 344 344 351 356 
degeneracy helps : 100 100 102 104 101 102 
degeneracy worse : 60 60 73 75 79 85 
SCL #err deg : 397 / 1200
SCL #err weighted degeneracy : 355 355 367 370 378 381 
degeneracy helps : 111 111 113 114 111 113 
degeneracy worse : 69 69 83 87 92 97 
SCL #err deg : 433 / 1300
SCL #err weighted degeneracy : 391 391 403 410 417 421 
degeneracy helps : 121 121 123 122 119 121 
degeneracy worse : 79 79 93 99 103 109 
SCL #err deg : 455 / 1400
SCL #err weighted degeneracy : 415 415 427 435 442 444 
degeneracy helps : 127 127 130 128 125 128 
degeneracy worse : 87 87 102 108 112 117 
SCL #err deg : 482 / 1500
SCL #err weighted degeneracy : 443 443 456 467 474 478 
degeneracy helps : 132 132 135 132 129 132 
degeneracy worse : 93 93 109 117 121 128 
SCL #err deg : 512 / 1600
SCL #err weighted degeneracy : 467 467 481 492 499 505 
degeneracy helps : 142 142 143 141 139 141 
degeneracy worse : 97 97 112 121 126 134 
SCL #err deg : 539 / 1700
SCL #err weighted degeneracy : 494 494 509 520 528 535 
degeneracy helps : 149 149 150 148 146 149 
degeneracy worse : 104 104 120 129 135 145 
SCL #err deg : 571 / 1800
SCL #err weighted degeneracy : 518 518 532 543 551 559 
degeneracy helps : 160 160 162 160 157 158 
degeneracy worse : 107 107 123 132 137 146 
SCL #err deg : 601 / 1900
SCL #err weighted degeneracy : 542 542 557 570 578 588 
degeneracy helps : 172 172 174 171 167 166 
degeneracy worse : 113 113 130 140 144 153 
SCL #err deg : 626 / 2000
SCL #err weighted degeneracy : 563 563 580 594 601 610 
degeneracy helps : 182 182 183 180 176 175 
degeneracy worse : 119 119 137 148 151 159 
SCL #err deg : 658 / 2100
SCL #err weighted degeneracy : 593 593 611 625 632 640 
degeneracy helps : 189 189 190 187 183 182 
degeneracy worse : 124 124 143 154 157 164 
SCL #err deg : 693 / 2200
SCL #err weighted degeneracy : 620 620 640 657 668 674 
degeneracy helps : 200 200 200 196 190 191 
degeneracy worse : 127 127 147 160 165 172 
SCL #err deg : 715 / 2300
SCL #err weighted degeneracy : 638 638 660 676 688 696 
degeneracy helps : 207 207 206 204 198 199 
degeneracy worse : 130 130 151 165 171 180 
SCL #err deg : 748 / 2400
SCL #err weighted degeneracy : 669 669 690 709 722 731 
degeneracy helps : 214 214 213 211 204 205 
degeneracy worse : 135 135 155 172 178 188 
SCL #err deg : 792 / 2500
SCL #err weighted degeneracy : 701 701 721 740 754 766 
degeneracy helps : 229 229 229 227 219 217 
degeneracy worse : 138 138 158 175 181 191 
SCL #err deg : 828 / 2600
SCL #err weighted degeneracy : 736 737 758 776 791 803 
degeneracy helps : 236 235 236 235 227 225 
degeneracy worse : 144 144 166 183 190 200 
SCL #err deg : 856 / 2700
SCL #err weighted degeneracy : 760 761 783 806 821 835 
degeneracy helps : 248 247 247 243 237 235 
degeneracy worse : 152 152 174 193 202 214 
SCL #err deg : 884 / 2800
SCL #err weighted degeneracy : 784 785 807 828 846 860 
degeneracy helps : 256 255 255 253 247 246 
degeneracy worse : 156 156 178 197 209 222 
SCL #err deg : 910 / 2900
SCL #err weighted degeneracy : 811 812 833 857 877 892 
degeneracy helps : 262 261 263 260 254 253 
degeneracy worse : 163 163 186 207 221 235 
SCL #err deg : 939 / 3000
SCL #err weighted degeneracy : 836 837 859 880 903 920 
degeneracy helps : 268 267 270 271 265 264 
degeneracy worse : 165 165 190 212 229 245 
SCL #err deg : 975 / 3100
SCL #err weighted degeneracy : 869 870 892 914 938 955 
degeneracy helps : 275 274 279 278 272 271 
degeneracy worse : 169 169 196 217 235 251 
SCL #err deg : 1013 / 3200
SCL #err weighted degeneracy : 906 907 928 953 978 995 
degeneracy helps : 283 282 286 286 279 278 
degeneracy worse : 176 176 201 226 244 260 
SCL #err deg : 1042 / 3300
SCL #err weighted degeneracy : 931 932 954 981 1005 1026 
degeneracy helps : 290 289 293 293 287 285 
degeneracy worse : 179 179 205 232 250 269 
SCL #err deg : 1075 / 3400
SCL #err weighted degeneracy : 958 959 981 1009 1033 1056 
degeneracy helps : 302 301 305 305 299 297 
degeneracy worse : 185 185 211 239 257 278 
SCL #err deg : 1104 / 3500
SCL #err weighted degeneracy : 982 983 1005 1036 1060 1082 
degeneracy helps : 309 308 312 313 308 307 
degeneracy worse : 187 187 213 245 264 285 
SCL #err deg : 1137 / 3600
SCL #err weighted degeneracy : 1011 1012 1034 1066 1093 1116 
degeneracy helps : 317 316 319 320 314 313 
degeneracy worse : 191 191 216 249 270 292 
SCL #err deg : 1169 / 3700
SCL #err weighted degeneracy : 1039 1040 1063 1095 1122 1146 
degeneracy helps : 323 322 327 329 323 322 
degeneracy worse : 193 193 221 255 276 299 
SCL #err deg : 1203 / 3800
SCL #err weighted degeneracy : 1066 1067 1090 1123 1151 1176 
degeneracy helps : 335 334 339 341 335 334 
degeneracy worse : 198 198 226 261 283 307 
SCL #err deg : 1242 / 3900
SCL #err weighted degeneracy : 1105 1106 1131 1166 1194 1219 
degeneracy helps : 345 344 349 350 343 343 
degeneracy worse : 208 208 238 274 295 320 
SCL #err deg : 1273 / 4000
SCL #err weighted degeneracy : 1127 1128 1153 1190 1219 1246 
degeneracy helps : 356 355 360 361 354 353 
degeneracy worse : 210 210 240 278 300 326 
SCL #err deg : 1311 / 4100
SCL #err weighted degeneracy : 1159 1161 1185 1226 1255 1284 
degeneracy helps : 364 363 368 369 362 361 
degeneracy worse : 212 213 242 284 306 334 
SCL #err deg : 1336 / 4200
SCL #err weighted degeneracy : 1186 1188 1212 1254 1285 1315 
degeneracy helps : 368 367 373 374 367 366 
degeneracy worse : 218 219 249 292 316 345 
SCL #err deg : 1363 / 4300
SCL #err weighted degeneracy : 1221 1223 1247 1288 1317 1348 
degeneracy helps : 372 371 377 379 374 372 
degeneracy worse : 230 231 261 304 328 357 
SCL #err deg : 1398 / 4400
SCL #err weighted degeneracy : 1250 1252 1278 1319 1350 1380 
degeneracy helps : 380 379 385 388 381 379 
degeneracy worse : 232 233 265 309 333 361 
SCL #err deg : 1428 / 4500
SCL #err weighted degeneracy : 1275 1277 1303 1344 1378 1407 
degeneracy helps : 389 388 395 400 392 391 
degeneracy worse : 236 237 270 316 342 370 
SCL #err deg : 1452 / 4600
SCL #err weighted degeneracy : 1296 1298 1323 1365 1399 1430 
degeneracy helps : 394 393 402 408 400 398 
degeneracy worse : 238 239 273 321 347 376 
SCL #err deg : 1479 / 4700
SCL #err weighted degeneracy : 1320 1322 1346 1390 1426 1459 
degeneracy helps : 399 398 410 416 408 405 
degeneracy worse : 240 241 277 327 355 385 
SCL #err deg : 1511 / 4800
SCL #err weighted degeneracy : 1356 1358 1383 1424 1461 1494 
degeneracy helps : 402 401 414 421 414 411 
degeneracy worse : 247 248 286 334 364 394 
SCL #err deg : 1540 / 4900
SCL #err weighted degeneracy : 1384 1386 1411 1456 1492 1525 
degeneracy helps : 408 407 421 427 420 417 
degeneracy worse : 252 253 292 343 372 402 
SCL #err deg : 1567 / 5000
SCL #err weighted degeneracy : 1409 1411 1437 1484 1521 1554 
degeneracy helps : 419 418 432 435 428 426 
degeneracy worse : 261 262 302 352 382 413 
SCL #err deg : 1596 / 5100
SCL #err weighted degeneracy : 1433 1435 1462 1511 1550 1581 
degeneracy helps : 428 427 442 444 436 436 
degeneracy worse : 265 266 308 359 390 421 
SCL #err deg : 1630 / 5200
SCL #err weighted degeneracy : 1455 1457 1485 1535 1576 1608 
degeneracy helps : 442 441 456 459 451 450 
degeneracy worse : 267 268 311 364 397 428 
SCL #err deg : 1655 / 5300
SCL #err weighted degeneracy : 1481 1483 1509 1561 1602 1635 
degeneracy helps : 447 446 463 466 458 457 
degeneracy worse : 273 274 317 372 405 437 
SCL #err deg : 1678 / 5400
SCL #err weighted degeneracy : 1498 1500 1525 1580 1621 1655 
degeneracy helps : 456 455 472 475 468 467 
degeneracy worse : 276 277 319 377 411 444 
SCL #err deg : 1709 / 5500
SCL #err weighted degeneracy : 1525 1527 1552 1611 1654 1690 
degeneracy helps : 465 464 481 483 476 475 
degeneracy worse : 281 282 324 385 421 456 
SCL #err deg : 1731 / 5600
SCL #err weighted degeneracy : 1549 1551 1578 1638 1681 1720 
degeneracy helps : 474 473 490 492 485 482 
degeneracy worse : 292 293 337 399 435 471 
SCL #err deg : 1763 / 5700
SCL #err weighted degeneracy : 1576 1578 1605 1666 1708 1748 
degeneracy helps : 483 482 499 501 495 493 
degeneracy worse : 296 297 341 404 440 478 
SCL #err deg : 1803 / 5800
SCL #err weighted degeneracy : 1611 1613 1641 1704 1745 1784 
degeneracy helps : 492 491 508 510 506 506 
degeneracy worse : 300 301 346 411 448 487 
SCL #err deg : 1833 / 5900
SCL #err weighted degeneracy : 1642 1644 1670 1733 1775 1812 
degeneracy helps : 498 497 516 522 519 519 
degeneracy worse : 307 308 353 422 461 498 
SCL #err deg : 1863 / 6000
SCL #err weighted degeneracy : 1667 1669 1698 1759 1801 1841 
degeneracy helps : 506 505 525 532 529 527 
degeneracy worse : 310 311 360 428 467 505 
SCL #err deg : 1897 / 6100
SCL #err weighted degeneracy : 1691 1693 1722 1786 1828 1868 
degeneracy helps : 521 520 543 547 543 541 
degeneracy worse : 315 316 368 436 474 512 
SCL #err deg : 1922 / 6200
SCL #err weighted degeneracy : 1715 1717 1747 1811 1854 1894 
degeneracy helps : 526 525 548 552 548 545 
degeneracy worse : 319 320 373 441 480 517 
SCL #err deg : 1952 / 6300
SCL #err weighted degeneracy : 1747 1749 1778 1841 1879 1922 
degeneracy helps : 534 533 557 564 562 558 
degeneracy worse : 329 330 383 453 489 528 
SCL #err deg : 1984 / 6400
SCL #err weighted degeneracy : 1771 1773 1803 1869 1906 1952 
degeneracy helps : 544 543 566 572 570 566 
degeneracy worse : 331 332 385 457 492 534 
SCL #err deg : 2013 / 6500
SCL #err weighted degeneracy : 1793 1795 1829 1893 1930 1977 
degeneracy helps : 553 552 574 582 580 575 
degeneracy worse : 333 334 390 462 497 539 
SCL #err deg : 2043 / 6600
SCL #err weighted degeneracy : 1820 1822 1858 1923 1961 2009 
degeneracy helps : 561 560 582 590 588 582 
degeneracy worse : 338 339 397 470 506 548 
SCL #err deg : 2080 / 6700
SCL #err weighted degeneracy : 1856 1858 1894 1961 2000 2049 
degeneracy helps : 567 566 589 596 594 589 
degeneracy worse : 343 344 403 477 514 558 
SCL #err deg : 2104 / 6800
SCL #err weighted degeneracy : 1878 1880 1916 1980 2018 2071 
degeneracy helps : 574 573 597 606 605 598 
degeneracy worse : 348 349 409 482 519 565 
SCL #err deg : 2129 / 6900
SCL #err weighted degeneracy : 1902 1904 1940 2005 2044 2099 
degeneracy helps : 580 579 604 612 611 604 
degeneracy worse : 353 354 415 488 526 574 
SCL #err deg : 2167 / 7000
SCL #err weighted degeneracy : 1938 1940 1972 2038 2080 2134 
degeneracy helps : 588 587 615 624 621 616 
degeneracy worse : 359 360 420 495 534 583 
SCL #err deg : 2202 / 7100
SCL #err weighted degeneracy : 1967 1969 2002 2069 2113 2167 
degeneracy helps : 597 596 624 631 628 624 
degeneracy worse : 362 363 424 498 539 589 
SCL #err deg : 2230 / 7200
SCL #err weighted degeneracy : 1990 1992 2024 2093 2137 2192 
degeneracy helps : 603 602 631 638 637 632 
degeneracy worse : 363 364 425 501 544 594 
SCL #err deg : 2258 / 7300
SCL #err weighted degeneracy : 2018 2020 2054 2122 2165 2219 
degeneracy helps : 610 609 637 645 645 642 
degeneracy worse : 370 371 433 509 552 603 
SCL #err deg : 2285 / 7400
SCL #err weighted degeneracy : 2041 2043 2079 2150 2193 2249 
degeneracy helps : 619 618 646 652 653 649 
degeneracy worse : 375 376 440 517 561 613 
SCL #err deg : 2315 / 7500
SCL #err weighted degeneracy : 2068 2070 2109 2181 2223 2275 
degeneracy helps : 627 626 652 659 661 659 
degeneracy worse : 380 381 446 525 569 619 
SCL #err deg : 2343 / 7600
SCL #err weighted degeneracy : 2097 2099 2137 2209 2251 2304 
degeneracy helps : 635 634 660 668 670 667 
degeneracy worse : 389 390 454 534 578 628 
SCL #err deg : 2369 / 7700
SCL #err weighted degeneracy : 2121 2123 2157 2230 2273 2328 
degeneracy helps : 643 642 670 678 680 677 
degeneracy worse : 395 396 458 539 584 636 
SCL #err deg : 2401 / 7800
SCL #err weighted degeneracy : 2152 2154 2187 2260 2307 2361 
degeneracy helps : 649 648 677 686 687 685 
degeneracy worse : 400 401 463 545 593 645 
SCL #err deg : 2425 / 7900
SCL #err weighted degeneracy : 2174 2176 2209 2281 2326 2380 
degeneracy helps : 656 655 683 693 695 694 
degeneracy worse : 405 406 467 549 596 649 
SCL #err deg : 2459 / 8000
SCL #err weighted degeneracy : 2203 2205 2238 2308 2352 2407 
degeneracy helps : 665 664 693 705 708 706 
degeneracy worse : 409 410 472 554 601 654 
SCL #err deg : 2488 / 8100
SCL #err weighted degeneracy : 2227 2229 2263 2334 2376 2435 
degeneracy helps : 675 674 703 714 719 716 
degeneracy worse : 414 415 478 560 607 663 
SCL #err deg : 2524 / 8200
SCL #err weighted degeneracy : 2257 2259 2293 2364 2404 2464 
degeneracy helps : 686 685 714 726 733 729 
degeneracy worse : 419 420 483 566 613 669 
SCL #err deg : 2565 / 8300
SCL #err weighted degeneracy : 2292 2294 2329 2400 2439 2499 
degeneracy helps : 697 696 725 737 744 740 
degeneracy worse : 424 425 489 572 618 674 
SCL #err deg : 2590 / 8400
SCL #err weighted degeneracy : 2312 2314 2350 2422 2460 2521 
degeneracy helps : 709 708 736 748 755 751 
degeneracy worse : 431 432 496 580 625 682 
SCL #err deg : 2621 / 8500
SCL #err weighted degeneracy : 2340 2342 2379 2451 2487 2549 
degeneracy helps : 718 717 744 757 764 759 
degeneracy worse : 437 438 502 587 630 687 
SCL #err deg : 2646 / 8600
SCL #err weighted degeneracy : 2368 2370 2408 2481 2517 2577 
degeneracy helps : 722 721 749 761 769 766 
degeneracy worse : 445 446 511 596 640 697 
SCL #err deg : 2675 / 8700
SCL #err weighted degeneracy : 2398 2399 2439 2515 2552 2613 
degeneracy helps : 725 725 752 763 771 769 
degeneracy worse : 449 450 516 603 648 707 
SCL #err deg : 2712 / 8800
SCL #err weighted degeneracy : 2428 2429 2471 2549 2583 2645 
degeneracy helps : 740 740 765 775 784 784 
degeneracy worse : 457 458 524 612 655 717 
SCL #err deg : 2744 / 8900
SCL #err weighted degeneracy : 2457 2458 2498 2577 2613 2676 
degeneracy helps : 747 747 774 784 792 793 
degeneracy worse : 461 462 528 617 661 725 
SCL #err deg : 2774 / 9000
SCL #err weighted degeneracy : 2484 2485 2522 2600 2637 2699 
degeneracy helps : 756 756 786 796 802 804 
degeneracy worse : 467 468 534 622 665 729 
SCL #err deg : 2803 / 9100
SCL #err weighted degeneracy : 2506 2507 2541 2619 2658 2719 
degeneracy helps : 765 765 797 808 813 816 
degeneracy worse : 469 470 535 624 668 732 
SCL #err deg : 2838 / 9200
SCL #err weighted degeneracy : 2532 2533 2567 2646 2688 2750 
degeneracy helps : 775 775 807 818 822 826 
degeneracy worse : 470 471 536 626 672 738 
SCL #err deg : 2873 / 9300
SCL #err weighted degeneracy : 2567 2568 2600 2681 2719 2784 
degeneracy helps : 786 786 820 831 837 841 
degeneracy worse : 481 482 547 639 683 752 
SCL #err deg : 2906 / 9400
SCL #err weighted degeneracy : 2597 2598 2629 2708 2747 2811 
degeneracy helps : 795 795 830 843 849 853 
degeneracy worse : 487 488 553 645 690 758 
SCL #err deg : 2937 / 9500
SCL #err weighted degeneracy : 2627 2628 2659 2739 2778 2841 
degeneracy helps : 804 804 839 852 857 861 
degeneracy worse : 495 496 561 654 698 765 
SCL #err deg : 2963 / 9600
SCL #err weighted degeneracy : 2655 2656 2685 2764 2803 2869 
degeneracy helps : 809 809 846 860 866 868 
degeneracy worse : 502 503 568 661 706 774 
SCL #err deg : 2996 / 9700
SCL #err weighted degeneracy : 2685 2686 2714 2792 2831 2896 
degeneracy helps : 818 818 856 870 876 878 
degeneracy worse : 508 509 574 666 711 778 
SCL #err deg : 3022 / 9800
SCL #err weighted degeneracy : 2710 2711 2736 2815 2854 2919 
degeneracy helps : 826 826 867 878 884 886 
degeneracy worse : 515 516 581 671 716 783 
SCL #err deg : 3054 / 9900
SCL #err weighted degeneracy : 2739 2740 2764 2847 2885 2951 
degeneracy helps : 835 835 877 888 894 896 
degeneracy worse : 521 522 587 681 725 793 
SCL #err deg : 3080 / 10000
SCL #err weighted degeneracy : 2768 2769 2792 2877 2916 2983 
degeneracy helps : 839 839 881 891 897 899 
degeneracy worse : 528 529 593 688 733 802 
average #flips: 53.7886
SCL #err considering degeneracy: 3080
error due to equal 658
error due to SCL smaller 2411
Finish in 5107 s
