Simulation Polar syndrome FASTER N=512, K=257, l=128, pz=0.103, #samples=10000, seed=543
PW construction
Event generator random seed: 543
SCL #err deg : 29 / 100
SCL #err weighted degeneracy : 30 30 26 28 28 29 
degeneracy helps : 5 5 8 8 9 8 
degeneracy worse : 6 6 5 7 8 8 
SCL #err deg : 52 / 200
SCL #err weighted degeneracy : 53 53 48 48 47 47 
degeneracy helps : 9 9 12 15 17 18 
degeneracy worse : 10 10 8 11 12 13 
SCL #err deg : 85 / 300
SCL #err weighted degeneracy : 85 85 81 79 78 79 
degeneracy helps : 17 17 21 25 28 30 
degeneracy worse : 17 17 17 19 21 24 
SCL #err deg : 114 / 400
SCL #err weighted degeneracy : 109 109 106 105 105 106 
degeneracy helps : 26 26 30 35 38 41 
degeneracy worse : 21 21 22 26 29 33 
SCL #err deg : 144 / 500
SCL #err weighted degeneracy : 135 135 131 130 133 135 
degeneracy helps : 34 34 39 44 46 49 
degeneracy worse : 25 25 26 30 35 40 
SCL #err deg : 166 / 600
SCL #err weighted degeneracy : 153 153 148 147 152 154 
degeneracy helps : 41 41 48 53 54 58 
degeneracy worse : 28 28 30 34 40 46 
SCL #err deg : 201 / 700
SCL #err weighted degeneracy : 181 181 178 175 180 183 
degeneracy helps : 52 52 59 65 66 69 
degeneracy worse : 32 32 36 39 45 51 
SCL #err deg : 224 / 800
SCL #err weighted degeneracy : 203 203 202 198 202 207 
degeneracy helps : 58 58 65 72 73 76 
degeneracy worse : 37 37 43 46 51 59 
SCL #err deg : 253 / 900
SCL #err weighted degeneracy : 229 229 227 224 227 232 
degeneracy helps : 65 65 73 80 80 84 
degeneracy worse : 41 41 47 51 54 63 
SCL #err deg : 285 / 1000
SCL #err weighted degeneracy : 251 251 252 250 254 261 
degeneracy helps : 78 78 85 92 91 94 
degeneracy worse : 44 44 52 57 60 70 
SCL #err deg : 319 / 1100
SCL #err weighted degeneracy : 280 280 281 281 285 295 
degeneracy helps : 87 87 94 102 101 104 
degeneracy worse : 48 48 56 64 67 80 
SCL #err deg : 344 / 1200
SCL #err weighted degeneracy : 301 301 302 302 308 320 
degeneracy helps : 101 101 108 115 113 115 
degeneracy worse : 58 58 66 73 77 91 
SCL #err deg : 377 / 1300
SCL #err weighted degeneracy : 331 331 333 336 343 357 
degeneracy helps : 111 111 118 124 122 121 
degeneracy worse : 65 65 74 83 88 101 
SCL #err deg : 406 / 1400
SCL #err weighted degeneracy : 355 355 355 360 367 381 
degeneracy helps : 120 120 129 135 133 132 
degeneracy worse : 69 69 78 89 94 107 
SCL #err deg : 433 / 1500
SCL #err weighted degeneracy : 378 378 378 384 391 407 
degeneracy helps : 126 126 136 142 140 139 
degeneracy worse : 71 71 81 93 98 113 
SCL #err deg : 456 / 1600
SCL #err weighted degeneracy : 399 399 399 407 413 430 
degeneracy helps : 131 131 141 147 146 145 
degeneracy worse : 74 74 84 98 103 119 
SCL #err deg : 481 / 1700
SCL #err weighted degeneracy : 424 423 425 435 441 459 
degeneracy helps : 137 138 147 152 151 150 
degeneracy worse : 80 80 91 106 111 128 
SCL #err deg : 510 / 1800
SCL #err weighted degeneracy : 447 446 447 457 462 483 
degeneracy helps : 147 148 158 163 161 158 
degeneracy worse : 84 84 95 110 113 131 
SCL #err deg : 536 / 1900
SCL #err weighted degeneracy : 468 467 470 482 487 510 
degeneracy helps : 158 159 168 173 171 166 
degeneracy worse : 90 90 102 119 122 140 
SCL #err deg : 557 / 2000
SCL #err weighted degeneracy : 486 485 489 502 506 528 
degeneracy helps : 166 167 176 181 179 175 
degeneracy worse : 95 95 108 126 128 146 
SCL #err deg : 582 / 2100
SCL #err weighted degeneracy : 508 507 512 526 530 553 
degeneracy helps : 174 175 185 190 189 184 
degeneracy worse : 100 100 115 134 137 155 
SCL #err deg : 613 / 2200
SCL #err weighted degeneracy : 536 535 538 553 559 579 
degeneracy helps : 185 186 197 201 199 197 
degeneracy worse : 108 108 122 141 145 163 
SCL #err deg : 636 / 2300
SCL #err weighted degeneracy : 554 553 557 571 579 601 
degeneracy helps : 194 195 207 213 211 209 
degeneracy worse : 112 112 128 148 154 174 
SCL #err deg : 670 / 2400
SCL #err weighted degeneracy : 583 582 587 603 611 633 
degeneracy helps : 205 206 217 222 220 218 
degeneracy worse : 118 118 134 155 161 181 
SCL #err deg : 708 / 2500
SCL #err weighted degeneracy : 614 613 617 631 638 659 
degeneracy helps : 217 218 230 236 235 234 
degeneracy worse : 123 123 139 159 165 185 
SCL #err deg : 746 / 2600
SCL #err weighted degeneracy : 647 647 650 666 673 695 
degeneracy helps : 225 225 239 245 245 244 
degeneracy worse : 126 126 143 165 172 193 
SCL #err deg : 774 / 2700
SCL #err weighted degeneracy : 669 668 674 694 704 728 
degeneracy helps : 238 239 251 253 253 253 
degeneracy worse : 133 133 151 173 183 207 
SCL #err deg : 797 / 2800
SCL #err weighted degeneracy : 691 690 694 714 728 752 
degeneracy helps : 245 246 259 261 261 261 
degeneracy worse : 139 139 156 178 192 216 
SCL #err deg : 818 / 2900
SCL #err weighted degeneracy : 715 714 717 740 755 778 
degeneracy helps : 252 253 266 267 267 267 
degeneracy worse : 149 149 165 189 204 227 
SCL #err deg : 840 / 3000
SCL #err weighted degeneracy : 738 737 739 760 777 803 
degeneracy helps : 256 257 271 276 276 275 
degeneracy worse : 154 154 170 196 213 238 
SCL #err deg : 875 / 3100
SCL #err weighted degeneracy : 771 770 772 794 813 840 
degeneracy helps : 262 263 279 283 282 280 
degeneracy worse : 158 158 176 202 220 245 
SCL #err deg : 908 / 3200
SCL #err weighted degeneracy : 800 799 806 829 850 876 
degeneracy helps : 269 270 283 288 286 285 
degeneracy worse : 161 161 181 209 228 253 
SCL #err deg : 938 / 3300
SCL #err weighted degeneracy : 825 824 831 858 878 907 
degeneracy helps : 278 279 292 296 295 294 
degeneracy worse : 165 165 185 216 235 263 
SCL #err deg : 969 / 3400
SCL #err weighted degeneracy : 851 850 858 886 905 936 
degeneracy helps : 288 289 303 307 306 306 
degeneracy worse : 170 170 192 224 242 273 
SCL #err deg : 992 / 3500
SCL #err weighted degeneracy : 875 874 880 909 927 959 
degeneracy helps : 293 294 309 314 314 313 
degeneracy worse : 176 176 197 231 249 280 
SCL #err deg : 1013 / 3600
SCL #err weighted degeneracy : 900 899 904 933 952 985 
degeneracy helps : 297 298 313 318 318 317 
degeneracy worse : 184 184 204 238 257 289 
SCL #err deg : 1040 / 3700
SCL #err weighted degeneracy : 921 920 926 956 976 1008 
degeneracy helps : 305 306 321 327 326 325 
degeneracy worse : 186 186 207 243 262 293 
SCL #err deg : 1062 / 3800
SCL #err weighted degeneracy : 940 939 946 979 1000 1033 
degeneracy helps : 313 314 329 333 333 332 
degeneracy worse : 191 191 213 250 271 303 
SCL #err deg : 1097 / 3900
SCL #err weighted degeneracy : 973 972 984 1018 1038 1073 
degeneracy helps : 324 325 338 342 342 341 
degeneracy worse : 200 200 225 263 283 317 
SCL #err deg : 1128 / 4000
SCL #err weighted degeneracy : 994 993 1006 1041 1060 1096 
degeneracy helps : 337 338 352 356 357 356 
degeneracy worse : 203 203 230 269 289 324 
SCL #err deg : 1155 / 4100
SCL #err weighted degeneracy : 1022 1022 1036 1075 1095 1131 
degeneracy helps : 341 342 356 360 361 361 
degeneracy worse : 208 209 237 280 301 337 
SCL #err deg : 1178 / 4200
SCL #err weighted degeneracy : 1043 1043 1059 1099 1120 1158 
degeneracy helps : 346 347 361 365 366 366 
degeneracy worse : 211 212 242 286 308 346 
SCL #err deg : 1208 / 4300
SCL #err weighted degeneracy : 1069 1069 1087 1125 1147 1185 
degeneracy helps : 357 358 372 378 378 378 
degeneracy worse : 218 219 251 295 317 355 
SCL #err deg : 1241 / 4400
SCL #err weighted degeneracy : 1095 1095 1114 1153 1176 1216 
degeneracy helps : 370 371 385 391 390 389 
degeneracy worse : 224 225 258 303 325 364 
SCL #err deg : 1271 / 4500
SCL #err weighted degeneracy : 1115 1115 1135 1177 1201 1242 
degeneracy helps : 382 383 397 403 402 401 
degeneracy worse : 226 227 261 309 332 372 
SCL #err deg : 1285 / 4600
SCL #err weighted degeneracy : 1137 1137 1152 1195 1218 1259 
degeneracy helps : 384 385 401 407 407 406 
degeneracy worse : 236 237 268 317 340 380 
SCL #err deg : 1313 / 4700
SCL #err weighted degeneracy : 1163 1163 1175 1218 1241 1284 
degeneracy helps : 391 392 410 417 417 415 
degeneracy worse : 241 242 272 322 345 386 
SCL #err deg : 1338 / 4800
SCL #err weighted degeneracy : 1193 1193 1206 1250 1275 1317 
degeneracy helps : 395 396 415 422 423 422 
degeneracy worse : 250 251 283 334 360 401 
SCL #err deg : 1369 / 4900
SCL #err weighted degeneracy : 1215 1215 1229 1276 1303 1345 
degeneracy helps : 409 410 429 434 435 433 
degeneracy worse : 255 256 289 341 369 409 
SCL #err deg : 1397 / 5000
SCL #err weighted degeneracy : 1242 1242 1255 1304 1329 1370 
degeneracy helps : 416 417 437 439 443 442 
degeneracy worse : 261 262 295 346 375 415 
SCL #err deg : 1420 / 5100
SCL #err weighted degeneracy : 1263 1263 1279 1330 1356 1394 
degeneracy helps : 423 424 444 446 449 450 
degeneracy worse : 266 267 303 356 385 424 
SCL #err deg : 1450 / 5200
SCL #err weighted degeneracy : 1286 1286 1302 1353 1380 1418 
degeneracy helps : 431 432 453 456 459 460 
degeneracy worse : 267 268 305 359 389 428 
SCL #err deg : 1472 / 5300
SCL #err weighted degeneracy : 1307 1307 1324 1375 1402 1440 
degeneracy helps : 438 439 461 463 466 467 
degeneracy worse : 273 274 313 366 396 435 
SCL #err deg : 1490 / 5400
SCL #err weighted degeneracy : 1322 1322 1340 1390 1417 1456 
degeneracy helps : 443 444 465 467 471 472 
degeneracy worse : 275 276 315 367 398 438 
SCL #err deg : 1518 / 5500
SCL #err weighted degeneracy : 1351 1351 1368 1420 1447 1486 
degeneracy helps : 449 450 471 473 478 479 
degeneracy worse : 282 283 321 375 407 447 
SCL #err deg : 1540 / 5600
SCL #err weighted degeneracy : 1373 1373 1388 1443 1470 1511 
degeneracy helps : 457 458 480 481 487 487 
degeneracy worse : 290 291 328 384 417 458 
SCL #err deg : 1570 / 5700
SCL #err weighted degeneracy : 1395 1395 1410 1467 1494 1535 
degeneracy helps : 468 469 491 492 498 498 
degeneracy worse : 293 294 331 389 422 463 
SCL #err deg : 1602 / 5800
SCL #err weighted degeneracy : 1425 1425 1441 1499 1526 1565 
degeneracy helps : 476 477 499 500 506 508 
degeneracy worse : 299 300 338 397 430 471 
SCL #err deg : 1631 / 5900
SCL #err weighted degeneracy : 1457 1457 1468 1522 1550 1589 
degeneracy helps : 480 481 506 511 517 521 
degeneracy worse : 306 307 343 402 436 479 
SCL #err deg : 1656 / 6000
SCL #err weighted degeneracy : 1478 1478 1491 1546 1576 1615 
degeneracy helps : 487 488 513 517 522 526 
degeneracy worse : 309 310 348 407 442 485 
SCL #err deg : 1682 / 6100
SCL #err weighted degeneracy : 1498 1498 1511 1567 1597 1634 
degeneracy helps : 497 498 525 529 533 537 
degeneracy worse : 313 314 354 414 448 489 
SCL #err deg : 1707 / 6200
SCL #err weighted degeneracy : 1517 1517 1532 1589 1619 1657 
degeneracy helps : 507 508 536 539 542 545 
degeneracy worse : 317 318 361 421 454 495 
SCL #err deg : 1735 / 6300
SCL #err weighted degeneracy : 1546 1546 1562 1617 1643 1681 
degeneracy helps : 514 515 542 546 552 555 
degeneracy worse : 325 326 369 428 460 501 
SCL #err deg : 1764 / 6400
SCL #err weighted degeneracy : 1571 1571 1587 1644 1669 1706 
degeneracy helps : 522 523 550 553 560 565 
degeneracy worse : 329 330 373 433 465 507 
SCL #err deg : 1787 / 6500
SCL #err weighted degeneracy : 1589 1589 1606 1659 1685 1721 
degeneracy helps : 530 531 559 564 571 577 
degeneracy worse : 332 333 378 436 469 511 
SCL #err deg : 1814 / 6600
SCL #err weighted degeneracy : 1614 1614 1632 1687 1715 1752 
degeneracy helps : 536 537 565 569 576 582 
degeneracy worse : 336 337 383 442 477 520 
SCL #err deg : 1851 / 6700
SCL #err weighted degeneracy : 1646 1646 1665 1724 1752 1790 
degeneracy helps : 545 546 575 578 585 592 
degeneracy worse : 340 341 389 451 486 531 
SCL #err deg : 1868 / 6800
SCL #err weighted degeneracy : 1662 1662 1682 1739 1768 1809 
degeneracy helps : 551 552 582 587 593 598 
degeneracy worse : 345 346 396 458 493 539 
SCL #err deg : 1896 / 6900
SCL #err weighted degeneracy : 1684 1684 1705 1763 1793 1835 
degeneracy helps : 563 564 595 599 604 608 
degeneracy worse : 351 352 404 466 501 547 
SCL #err deg : 1927 / 7000
SCL #err weighted degeneracy : 1717 1718 1735 1793 1826 1869 
degeneracy helps : 568 568 603 608 612 617 
degeneracy worse : 358 359 411 474 511 559 
SCL #err deg : 1962 / 7100
SCL #err weighted degeneracy : 1742 1743 1762 1823 1855 1897 
degeneracy helps : 580 580 614 618 625 633 
degeneracy worse : 360 361 414 479 518 568 
SCL #err deg : 1987 / 7200
SCL #err weighted degeneracy : 1763 1764 1782 1848 1882 1922 
degeneracy helps : 586 586 621 625 630 640 
degeneracy worse : 362 363 416 486 525 575 
SCL #err deg : 2018 / 7300
SCL #err weighted degeneracy : 1789 1790 1807 1872 1905 1947 
degeneracy helps : 594 594 629 634 641 649 
degeneracy worse : 365 366 418 488 528 578 
SCL #err deg : 2045 / 7400
SCL #err weighted degeneracy : 1809 1810 1828 1891 1926 1970 
degeneracy helps : 604 604 638 645 652 660 
degeneracy worse : 368 369 421 491 533 585 
SCL #err deg : 2066 / 7500
SCL #err weighted degeneracy : 1832 1833 1851 1914 1950 1993 
degeneracy helps : 609 609 643 651 657 666 
degeneracy worse : 375 376 428 499 541 593 
SCL #err deg : 2091 / 7600
SCL #err weighted degeneracy : 1857 1858 1876 1939 1975 2020 
degeneracy helps : 616 616 649 658 664 672 
degeneracy worse : 382 383 434 506 548 601 
SCL #err deg : 2118 / 7700
SCL #err weighted degeneracy : 1880 1881 1900 1963 1999 2043 
degeneracy helps : 623 623 655 665 671 681 
degeneracy worse : 385 386 437 510 552 606 
SCL #err deg : 2146 / 7800
SCL #err weighted degeneracy : 1905 1906 1925 1987 2023 2067 
degeneracy helps : 631 631 663 674 680 691 
degeneracy worse : 390 391 442 515 557 612 
SCL #err deg : 2173 / 7900
SCL #err weighted degeneracy : 1926 1928 1944 2006 2044 2088 
degeneracy helps : 640 639 674 685 690 701 
degeneracy worse : 393 394 445 518 561 616 
SCL #err deg : 2206 / 8000
SCL #err weighted degeneracy : 1953 1955 1974 2036 2072 2117 
degeneracy helps : 650 649 683 695 700 710 
degeneracy worse : 397 398 451 525 566 621 
SCL #err deg : 2222 / 8100
SCL #err weighted degeneracy : 1967 1969 1990 2053 2090 2138 
degeneracy helps : 658 657 691 702 707 716 
degeneracy worse : 403 404 459 533 575 632 
SCL #err deg : 2254 / 8200
SCL #err weighted degeneracy : 1992 1994 2014 2078 2115 2165 
degeneracy helps : 667 666 701 712 718 727 
degeneracy worse : 405 406 461 536 579 638 
SCL #err deg : 2287 / 8300
SCL #err weighted degeneracy : 2024 2026 2048 2113 2147 2197 
degeneracy helps : 675 674 709 719 726 735 
degeneracy worse : 412 413 470 545 586 645 
SCL #err deg : 2312 / 8400
SCL #err weighted degeneracy : 2047 2049 2072 2139 2174 2224 
degeneracy helps : 679 678 714 725 731 741 
degeneracy worse : 414 415 474 552 593 653 
SCL #err deg : 2342 / 8500
SCL #err weighted degeneracy : 2073 2075 2100 2167 2203 2252 
degeneracy helps : 685 684 720 731 737 748 
degeneracy worse : 416 417 478 556 598 658 
SCL #err deg : 2362 / 8600
SCL #err weighted degeneracy : 2097 2099 2123 2191 2226 2277 
degeneracy helps : 689 688 725 736 744 754 
degeneracy worse : 425 426 486 565 608 669 
SCL #err deg : 2387 / 8700
SCL #err weighted degeneracy : 2122 2124 2147 2218 2255 2307 
degeneracy helps : 694 693 730 741 748 759 
degeneracy worse : 430 431 490 572 616 679 
SCL #err deg : 2413 / 8800
SCL #err weighted degeneracy : 2146 2148 2176 2247 2283 2335 
degeneracy helps : 702 701 737 748 756 767 
degeneracy worse : 436 437 500 582 626 689 
SCL #err deg : 2444 / 8900
SCL #err weighted degeneracy : 2171 2173 2200 2270 2307 2360 
degeneracy helps : 711 710 747 759 766 777 
degeneracy worse : 439 440 503 585 629 693 
SCL #err deg : 2468 / 9000
SCL #err weighted degeneracy : 2192 2194 2222 2292 2327 2381 
degeneracy helps : 720 719 757 769 776 786 
degeneracy worse : 445 446 511 593 635 699 
SCL #err deg : 2490 / 9100
SCL #err weighted degeneracy : 2208 2210 2237 2311 2347 2403 
degeneracy helps : 728 727 766 777 784 793 
degeneracy worse : 447 448 513 598 641 706 
SCL #err deg : 2521 / 9200
SCL #err weighted degeneracy : 2233 2235 2260 2334 2372 2430 
degeneracy helps : 738 737 779 790 796 805 
degeneracy worse : 451 452 518 603 647 714 
SCL #err deg : 2560 / 9300
SCL #err weighted degeneracy : 2268 2270 2296 2370 2407 2464 
degeneracy helps : 746 745 789 801 808 819 
degeneracy worse : 455 456 525 611 655 723 
SCL #err deg : 2589 / 9400
SCL #err weighted degeneracy : 2293 2295 2318 2391 2429 2485 
degeneracy helps : 757 756 801 813 820 832 
degeneracy worse : 462 463 530 615 660 728 
SCL #err deg : 2621 / 9500
SCL #err weighted degeneracy : 2320 2322 2346 2418 2455 2511 
degeneracy helps : 765 764 809 823 831 844 
degeneracy worse : 465 466 534 620 665 734 
SCL #err deg : 2644 / 9600
SCL #err weighted degeneracy : 2338 2340 2363 2434 2473 2530 
degeneracy helps : 770 769 815 832 839 852 
degeneracy worse : 465 466 534 622 668 738 
SCL #err deg : 2671 / 9700
SCL #err weighted degeneracy : 2366 2368 2390 2459 2498 2555 
degeneracy helps : 773 772 819 838 845 857 
degeneracy worse : 469 470 538 626 672 741 
SCL #err deg : 2695 / 9800
SCL #err weighted degeneracy : 2389 2391 2409 2479 2518 2576 
degeneracy helps : 781 780 830 847 854 866 
degeneracy worse : 476 477 544 631 677 747 
SCL #err deg : 2723 / 9900
SCL #err weighted degeneracy : 2415 2417 2433 2504 2543 2604 
degeneracy helps : 789 788 839 857 864 875 
degeneracy worse : 482 483 549 638 684 756 
SCL #err deg : 2748 / 10000
SCL #err weighted degeneracy : 2437 2439 2458 2533 2573 2635 
degeneracy helps : 798 797 846 863 870 881 
degeneracy worse : 488 489 556 648 695 768 
average #flips: 52.7652
SCL #err considering degeneracy: 2748
error due to equal 658
error due to SCL smaller 2083
Finish in 5017 s
