Simulation Polar syndrome FASTER N=512, K=257, l=128, pz=0.15, #samples=10000, seed=77
PW construction
Event generator random seed: 77
SCL #err deg : 69 / 100
SCL #err weighted degeneracy : 74 73 74 71 71 72 
degeneracy helps : 4 5 4 7 8 8 
degeneracy worse : 9 9 9 9 10 11 
SCL #err deg : 144 / 200
SCL #err weighted degeneracy : 144 144 143 144 142 144 
degeneracy helps : 14 14 15 17 20 19 
degeneracy worse : 14 14 14 17 18 19 
SCL #err deg : 215 / 300
SCL #err weighted degeneracy : 218 219 212 212 209 212 
degeneracy helps : 19 18 25 29 33 32 
degeneracy worse : 22 22 22 26 27 29 
SCL #err deg : 281 / 400
SCL #err weighted degeneracy : 291 292 285 283 283 286 
degeneracy helps : 22 21 29 35 38 37 
degeneracy worse : 32 32 33 37 40 42 
SCL #err deg : 356 / 500
SCL #err weighted degeneracy : 361 363 355 353 352 353 
degeneracy helps : 35 33 41 48 51 53 
degeneracy worse : 40 40 40 45 47 50 
SCL #err deg : 425 / 600
SCL #err weighted degeneracy : 428 431 422 418 417 418 
degeneracy helps : 43 40 50 58 61 64 
degeneracy worse : 46 46 47 51 53 57 
SCL #err deg : 492 / 700
SCL #err weighted degeneracy : 497 501 494 490 491 489 
degeneracy helps : 50 47 57 65 68 73 
degeneracy worse : 55 56 59 63 67 70 
SCL #err deg : 573 / 800
SCL #err weighted degeneracy : 572 575 567 565 565 562 
degeneracy helps : 59 57 67 74 78 84 
degeneracy worse : 58 59 61 66 70 73 
SCL #err deg : 641 / 900
SCL #err weighted degeneracy : 635 640 630 628 631 627 
degeneracy helps : 72 69 82 90 93 99 
degeneracy worse : 66 68 71 77 83 85 
SCL #err deg : 713 / 1000
SCL #err weighted degeneracy : 701 707 702 700 703 698 
degeneracy helps : 85 82 94 101 104 110 
degeneracy worse : 73 76 83 88 94 95 
SCL #err deg : 785 / 1100
SCL #err weighted degeneracy : 777 783 775 774 773 770 
degeneracy helps : 93 90 102 109 114 119 
degeneracy worse : 85 88 92 98 102 104 
SCL #err deg : 849 / 1200
SCL #err weighted degeneracy : 841 848 839 839 836 835 
degeneracy helps : 100 96 110 117 122 127 
degeneracy worse : 92 95 100 107 109 113 
SCL #err deg : 926 / 1300
SCL #err weighted degeneracy : 922 928 917 916 915 912 
degeneracy helps : 102 98 115 122 126 131 
degeneracy worse : 98 100 106 112 115 117 
SCL #err deg : 997 / 1400
SCL #err weighted degeneracy : 995 998 989 984 984 980 
degeneracy helps : 107 106 121 130 133 139 
degeneracy worse : 105 107 113 117 120 122 
SCL #err deg : 1067 / 1500
SCL #err weighted degeneracy : 1066 1070 1063 1055 1052 1050 
degeneracy helps : 116 114 129 142 148 153 
degeneracy worse : 115 117 125 130 133 136 
SCL #err deg : 1137 / 1600
SCL #err weighted degeneracy : 1138 1141 1134 1126 1121 1119 
degeneracy helps : 121 120 135 150 158 163 
degeneracy worse : 122 124 132 139 142 145 
SCL #err deg : 1208 / 1700
SCL #err weighted degeneracy : 1210 1213 1206 1200 1192 1189 
degeneracy helps : 128 127 142 156 166 172 
degeneracy worse : 130 132 140 148 150 153 
SCL #err deg : 1276 / 1800
SCL #err weighted degeneracy : 1274 1279 1273 1265 1257 1256 
degeneracy helps : 139 136 153 169 179 185 
degeneracy worse : 137 139 150 158 160 165 
SCL #err deg : 1339 / 1900
SCL #err weighted degeneracy : 1341 1346 1340 1335 1328 1327 
degeneracy helps : 149 146 164 178 188 195 
degeneracy worse : 151 153 165 174 177 183 
SCL #err deg : 1410 / 2000
SCL #err weighted degeneracy : 1401 1406 1403 1400 1393 1392 
degeneracy helps : 165 162 178 191 202 209 
degeneracy worse : 156 158 171 181 185 191 
SCL #err deg : 1479 / 2100
SCL #err weighted degeneracy : 1468 1473 1469 1467 1460 1458 
degeneracy helps : 178 175 192 206 217 224 
degeneracy worse : 167 169 182 194 198 203 
SCL #err deg : 1555 / 2200
SCL #err weighted degeneracy : 1542 1545 1542 1541 1531 1529 
degeneracy helps : 186 184 201 215 229 237 
degeneracy worse : 173 174 188 201 205 211 
SCL #err deg : 1618 / 2300
SCL #err weighted degeneracy : 1610 1613 1611 1607 1594 1593 
degeneracy helps : 193 191 209 225 242 249 
degeneracy worse : 185 186 202 214 218 224 
SCL #err deg : 1692 / 2400
SCL #err weighted degeneracy : 1684 1685 1686 1682 1666 1665 
degeneracy helps : 202 200 217 234 254 261 
degeneracy worse : 194 193 211 224 228 234 
SCL #err deg : 1768 / 2500
SCL #err weighted degeneracy : 1760 1762 1757 1755 1740 1739 
degeneracy helps : 211 209 230 246 266 274 
degeneracy worse : 203 203 219 233 238 245 
SCL #err deg : 1836 / 2600
SCL #err weighted degeneracy : 1832 1833 1828 1826 1811 1811 
degeneracy helps : 219 217 239 257 278 287 
degeneracy worse : 215 214 231 247 253 262 
SCL #err deg : 1902 / 2700
SCL #err weighted degeneracy : 1900 1900 1896 1894 1877 1875 
degeneracy helps : 227 226 247 266 288 299 
degeneracy worse : 225 224 241 258 263 272 
SCL #err deg : 1974 / 2800
SCL #err weighted degeneracy : 1971 1972 1967 1963 1945 1944 
degeneracy helps : 238 238 256 276 298 308 
degeneracy worse : 235 236 249 265 269 278 
SCL #err deg : 2037 / 2900
SCL #err weighted degeneracy : 2032 2033 2031 2029 2010 2008 
degeneracy helps : 251 250 266 285 308 319 
degeneracy worse : 246 246 260 277 281 290 
SCL #err deg : 2115 / 3000
SCL #err weighted degeneracy : 2107 2109 2104 2104 2085 2084 
degeneracy helps : 259 258 276 294 316 326 
degeneracy worse : 251 252 265 283 286 295 
SCL #err deg : 2183 / 3100
SCL #err weighted degeneracy : 2175 2178 2173 2175 2157 2153 
degeneracy helps : 267 265 284 300 321 334 
degeneracy worse : 259 260 274 292 295 304 
SCL #err deg : 2254 / 3200
SCL #err weighted degeneracy : 2243 2247 2242 2244 2225 2223 
degeneracy helps : 275 272 292 308 330 343 
degeneracy worse : 264 265 280 298 301 312 
SCL #err deg : 2315 / 3300
SCL #err weighted degeneracy : 2305 2307 2305 2310 2290 2288 
degeneracy helps : 282 280 299 315 337 351 
degeneracy worse : 272 272 289 310 312 324 
SCL #err deg : 2394 / 3400
SCL #err weighted degeneracy : 2383 2386 2381 2385 2364 2361 
degeneracy helps : 291 288 309 326 349 365 
degeneracy worse : 280 280 296 317 319 332 
SCL #err deg : 2470 / 3500
SCL #err weighted degeneracy : 2457 2461 2452 2452 2430 2429 
degeneracy helps : 300 296 320 340 364 380 
degeneracy worse : 287 287 302 322 324 339 
SCL #err deg : 2538 / 3600
SCL #err weighted degeneracy : 2524 2527 2519 2520 2498 2497 
degeneracy helps : 309 305 329 349 374 390 
degeneracy worse : 295 294 310 331 334 349 
SCL #err deg : 2610 / 3700
SCL #err weighted degeneracy : 2589 2591 2586 2591 2569 2568 
degeneracy helps : 323 320 341 359 384 400 
degeneracy worse : 302 301 317 340 343 358 
SCL #err deg : 2687 / 3800
SCL #err weighted degeneracy : 2663 2665 2658 2662 2644 2643 
degeneracy helps : 333 330 353 371 395 411 
degeneracy worse : 309 308 324 346 352 367 
SCL #err deg : 2753 / 3900
SCL #err weighted degeneracy : 2739 2741 2732 2738 2720 2719 
degeneracy helps : 337 334 359 380 404 420 
degeneracy worse : 323 322 338 365 371 386 
SCL #err deg : 2828 / 4000
SCL #err weighted degeneracy : 2812 2814 2807 2813 2795 2793 
degeneracy helps : 348 344 369 390 414 431 
degeneracy worse : 332 330 348 375 381 396 
SCL #err deg : 2900 / 4100
SCL #err weighted degeneracy : 2888 2890 2882 2886 2868 2865 
degeneracy helps : 353 349 376 400 424 442 
degeneracy worse : 341 339 358 386 392 407 
SCL #err deg : 2975 / 4200
SCL #err weighted degeneracy : 2963 2964 2955 2959 2940 2938 
degeneracy helps : 362 358 385 410 434 451 
degeneracy worse : 350 347 365 394 399 414 
SCL #err deg : 3041 / 4300
SCL #err weighted degeneracy : 3028 3028 3022 3027 3007 3006 
degeneracy helps : 373 370 395 420 444 462 
degeneracy worse : 360 357 376 406 410 427 
SCL #err deg : 3121 / 4400
SCL #err weighted degeneracy : 3102 3102 3094 3100 3082 3079 
degeneracy helps : 382 379 407 432 454 473 
degeneracy worse : 364 361 380 411 415 431 
SCL #err deg : 3190 / 4500
SCL #err weighted degeneracy : 3172 3169 3164 3171 3152 3148 
degeneracy helps : 391 388 416 441 464 485 
degeneracy worse : 374 368 390 422 426 443 
SCL #err deg : 3258 / 4600
SCL #err weighted degeneracy : 3240 3237 3235 3243 3223 3220 
degeneracy helps : 398 395 425 450 474 495 
degeneracy worse : 381 375 402 435 439 457 
SCL #err deg : 3328 / 4700
SCL #err weighted degeneracy : 3307 3303 3303 3313 3293 3289 
degeneracy helps : 410 407 436 460 484 505 
degeneracy worse : 390 383 411 445 449 466 
SCL #err deg : 3394 / 4800
SCL #err weighted degeneracy : 3375 3371 3370 3378 3357 3353 
degeneracy helps : 419 416 446 471 494 515 
degeneracy worse : 401 394 422 455 457 474 
SCL #err deg : 3460 / 4900
SCL #err weighted degeneracy : 3439 3433 3431 3440 3421 3417 
degeneracy helps : 429 428 457 483 505 526 
degeneracy worse : 409 402 428 463 466 483 
SCL #err deg : 3535 / 5000
SCL #err weighted degeneracy : 3509 3502 3506 3514 3498 3490 
degeneracy helps : 441 440 467 495 515 539 
degeneracy worse : 416 408 438 474 478 494 
SCL #err deg : 3603 / 5100
SCL #err weighted degeneracy : 3578 3571 3577 3584 3568 3560 
degeneracy helps : 452 450 478 505 524 548 
degeneracy worse : 428 419 452 486 489 505 
SCL #err deg : 3677 / 5200
SCL #err weighted degeneracy : 3648 3643 3648 3654 3638 3631 
degeneracy helps : 463 460 489 518 538 561 
degeneracy worse : 435 427 460 495 499 515 
SCL #err deg : 3747 / 5300
SCL #err weighted degeneracy : 3715 3711 3714 3721 3706 3699 
degeneracy helps : 473 469 501 529 549 572 
degeneracy worse : 442 434 468 503 508 524 
SCL #err deg : 3821 / 5400
SCL #err weighted degeneracy : 3787 3782 3785 3793 3777 3771 
degeneracy helps : 482 479 511 539 559 583 
degeneracy worse : 449 441 475 511 515 533 
SCL #err deg : 3893 / 5500
SCL #err weighted degeneracy : 3857 3853 3857 3866 3849 3843 
degeneracy helps : 489 485 517 548 569 593 
degeneracy worse : 455 447 481 521 525 543 
SCL #err deg : 3959 / 5600
SCL #err weighted degeneracy : 3929 3925 3930 3942 3924 3918 
degeneracy helps : 494 490 523 553 574 599 
degeneracy worse : 466 458 494 536 539 558 
SCL #err deg : 4026 / 5700
SCL #err weighted degeneracy : 4008 4001 4011 4020 4002 3994 
degeneracy helps : 497 494 526 559 580 607 
degeneracy worse : 481 471 511 553 556 575 
SCL #err deg : 4097 / 5800
SCL #err weighted degeneracy : 4082 4076 4085 4094 4078 4071 
degeneracy helps : 503 499 532 565 585 611 
degeneracy worse : 490 480 520 562 566 585 
SCL #err deg : 4166 / 5900
SCL #err weighted degeneracy : 4151 4146 4155 4167 4150 4142 
degeneracy helps : 513 508 542 574 595 621 
degeneracy worse : 500 490 531 575 579 597 
SCL #err deg : 4241 / 6000
SCL #err weighted degeneracy : 4218 4213 4220 4230 4213 4205 
degeneracy helps : 524 519 555 588 609 635 
degeneracy worse : 503 493 534 577 581 599 
SCL #err deg : 4317 / 6100
SCL #err weighted degeneracy : 4291 4286 4292 4302 4287 4277 
degeneracy helps : 535 530 567 600 621 647 
degeneracy worse : 511 501 542 585 591 607 
SCL #err deg : 4383 / 6200
SCL #err weighted degeneracy : 4357 4352 4358 4369 4355 4344 
degeneracy helps : 544 539 575 608 629 656 
degeneracy worse : 520 510 550 594 601 617 
SCL #err deg : 4463 / 6300
SCL #err weighted degeneracy : 4437 4431 4438 4447 4433 4419 
degeneracy helps : 548 543 580 615 636 666 
degeneracy worse : 524 513 555 599 606 622 
SCL #err deg : 4541 / 6400
SCL #err weighted degeneracy : 4507 4501 4513 4524 4512 4497 
degeneracy helps : 559 554 589 624 645 676 
degeneracy worse : 527 516 561 607 616 632 
SCL #err deg : 4615 / 6500
SCL #err weighted degeneracy : 4578 4571 4583 4597 4584 4566 
degeneracy helps : 573 567 603 636 658 691 
degeneracy worse : 538 525 571 618 627 642 
SCL #err deg : 4682 / 6600
SCL #err weighted degeneracy : 4651 4645 4655 4668 4653 4634 
degeneracy helps : 578 572 608 641 663 697 
degeneracy worse : 549 537 581 627 634 649 
SCL #err deg : 4751 / 6700
SCL #err weighted degeneracy : 4716 4710 4720 4734 4717 4700 
degeneracy helps : 588 582 620 655 680 713 
degeneracy worse : 555 543 589 638 646 662 
SCL #err deg : 4825 / 6800
SCL #err weighted degeneracy : 4793 4787 4802 4815 4796 4779 
degeneracy helps : 592 586 622 658 685 719 
degeneracy worse : 562 550 599 648 656 673 
SCL #err deg : 4893 / 6900
SCL #err weighted degeneracy : 4861 4854 4870 4886 4866 4846 
degeneracy helps : 603 598 634 669 697 734 
degeneracy worse : 573 561 611 662 670 687 
SCL #err deg : 4967 / 7000
SCL #err weighted degeneracy : 4928 4923 4939 4956 4935 4916 
degeneracy helps : 616 608 647 683 711 746 
degeneracy worse : 579 566 619 672 679 695 
SCL #err deg : 5039 / 7100
SCL #err weighted degeneracy : 5007 5001 5018 5035 5012 4991 
degeneracy helps : 622 614 653 689 719 756 
degeneracy worse : 592 578 632 685 692 708 
SCL #err deg : 5103 / 7200
SCL #err weighted degeneracy : 5076 5071 5083 5097 5076 5054 
degeneracy helps : 630 621 663 702 732 769 
degeneracy worse : 605 591 643 696 705 720 
SCL #err deg : 5177 / 7300
SCL #err weighted degeneracy : 5155 5148 5162 5178 5155 5131 
degeneracy helps : 634 625 668 708 740 777 
degeneracy worse : 614 598 653 709 718 731 
SCL #err deg : 5253 / 7400
SCL #err weighted degeneracy : 5225 5219 5232 5249 5226 5199 
degeneracy helps : 646 636 680 719 752 790 
degeneracy worse : 620 604 659 715 725 736 
SCL #err deg : 5322 / 7500
SCL #err weighted degeneracy : 5299 5294 5304 5320 5298 5270 
degeneracy helps : 651 640 687 727 759 798 
degeneracy worse : 630 614 669 725 735 746 
SCL #err deg : 5397 / 7600
SCL #err weighted degeneracy : 5370 5365 5376 5391 5369 5341 
degeneracy helps : 662 651 697 738 770 808 
degeneracy worse : 637 621 676 732 742 752 
SCL #err deg : 5459 / 7700
SCL #err weighted degeneracy : 5437 5431 5439 5454 5432 5404 
degeneracy helps : 668 657 706 749 783 821 
degeneracy worse : 648 631 686 744 756 766 
SCL #err deg : 5531 / 7800
SCL #err weighted degeneracy : 5502 5498 5504 5518 5496 5468 
degeneracy helps : 684 672 723 767 801 839 
degeneracy worse : 657 641 696 754 766 776 
SCL #err deg : 5605 / 7900
SCL #err weighted degeneracy : 5578 5576 5579 5593 5570 5543 
degeneracy helps : 691 679 731 776 811 849 
degeneracy worse : 666 652 705 764 776 787 
SCL #err deg : 5684 / 8000
SCL #err weighted degeneracy : 5651 5648 5652 5664 5640 5613 
degeneracy helps : 703 691 743 790 825 863 
degeneracy worse : 672 657 711 770 781 792 
SCL #err deg : 5751 / 8100
SCL #err weighted degeneracy : 5719 5716 5721 5734 5711 5682 
degeneracy helps : 707 695 747 793 829 869 
degeneracy worse : 677 662 717 776 789 800 
SCL #err deg : 5820 / 8200
SCL #err weighted degeneracy : 5788 5783 5793 5807 5783 5753 
degeneracy helps : 719 707 759 803 840 879 
degeneracy worse : 689 672 732 790 803 812 
SCL #err deg : 5894 / 8300
SCL #err weighted degeneracy : 5860 5855 5864 5877 5852 5822 
degeneracy helps : 725 713 766 811 849 889 
degeneracy worse : 693 676 736 794 807 817 
SCL #err deg : 5969 / 8400
SCL #err weighted degeneracy : 5931 5926 5936 5949 5923 5894 
degeneracy helps : 736 722 776 822 861 901 
degeneracy worse : 700 681 743 802 815 826 
SCL #err deg : 6040 / 8500
SCL #err weighted degeneracy : 6002 5995 6010 6021 5996 5968 
degeneracy helps : 743 731 783 834 873 913 
degeneracy worse : 707 688 753 815 829 841 
SCL #err deg : 6115 / 8600
SCL #err weighted degeneracy : 6078 6071 6083 6095 6070 6044 
degeneracy helps : 746 734 790 841 881 920 
degeneracy worse : 711 692 758 821 836 849 
SCL #err deg : 6188 / 8700
SCL #err weighted degeneracy : 6150 6142 6156 6168 6138 6112 
degeneracy helps : 754 742 799 851 896 935 
degeneracy worse : 718 698 767 831 846 859 
SCL #err deg : 6250 / 8800
SCL #err weighted degeneracy : 6217 6208 6223 6238 6208 6182 
degeneracy helps : 760 748 806 857 902 941 
degeneracy worse : 729 708 779 845 860 873 
SCL #err deg : 6327 / 8900
SCL #err weighted degeneracy : 6294 6285 6300 6313 6281 6254 
degeneracy helps : 767 755 812 865 911 950 
degeneracy worse : 736 715 785 851 865 877 
SCL #err deg : 6400 / 9000
SCL #err weighted degeneracy : 6371 6362 6374 6386 6354 6328 
degeneracy helps : 775 763 825 878 924 962 
degeneracy worse : 748 727 799 864 878 890 
SCL #err deg : 6465 / 9100
SCL #err weighted degeneracy : 6439 6427 6441 6451 6418 6393 
degeneracy helps : 782 772 833 887 935 972 
degeneracy worse : 758 736 809 873 888 900 
SCL #err deg : 6532 / 9200
SCL #err weighted degeneracy : 6506 6495 6508 6517 6484 6460 
degeneracy helps : 791 780 842 897 946 982 
degeneracy worse : 767 745 818 882 898 910 
SCL #err deg : 6600 / 9300
SCL #err weighted degeneracy : 6576 6564 6578 6589 6557 6535 
degeneracy helps : 797 786 848 904 953 988 
degeneracy worse : 775 752 826 893 910 923 
SCL #err deg : 6668 / 9400
SCL #err weighted degeneracy : 6646 6634 6651 6660 6628 6605 
degeneracy helps : 804 793 851 909 959 996 
degeneracy worse : 784 761 834 901 919 933 
SCL #err deg : 6734 / 9500
SCL #err weighted degeneracy : 6716 6704 6722 6728 6695 6673 
degeneracy helps : 808 797 855 916 967 1004 
degeneracy worse : 792 769 843 910 928 943 
SCL #err deg : 6806 / 9600
SCL #err weighted degeneracy : 6781 6769 6785 6791 6758 6737 
degeneracy helps : 821 810 869 930 981 1017 
degeneracy worse : 798 775 848 915 933 948 
SCL #err deg : 6877 / 9700
SCL #err weighted degeneracy : 6855 6841 6857 6864 6829 6808 
degeneracy helps : 828 818 878 939 992 1028 
degeneracy worse : 808 784 858 926 944 959 
SCL #err deg : 6946 / 9800
SCL #err weighted degeneracy : 6925 6911 6926 6930 6894 6876 
degeneracy helps : 837 826 889 951 1005 1039 
degeneracy worse : 818 793 869 935 953 969 
SCL #err deg : 7017 / 9900
SCL #err weighted degeneracy : 7001 6988 7004 7007 6969 6950 
degeneracy helps : 842 830 895 958 1014 1049 
degeneracy worse : 828 803 882 948 966 982 
SCL #err deg : 7087 / 10000
SCL #err weighted degeneracy : 7065 7054 7070 7075 7036 7016 
degeneracy helps : 855 842 907 969 1025 1061 
degeneracy worse : 835 811 890 957 974 990 
average #flips: 76.6913
SCL #err considering degeneracy: 7087
error due to equal 12
error due to SCL smaller 7075
Finish in 5148 s
