Simulation Polar syndrome FASTER N=512, K=257, l=128, pz=0.16, #samples=10000, seed=77
PW construction
Event generator random seed: 77
SCL #err deg : 71 / 100
SCL #err weighted degeneracy : 83 82 84 84 86 85 
degeneracy helps : 4 4 3 4 3 3 
degeneracy worse : 16 15 16 17 18 17 
SCL #err deg : 148 / 200
SCL #err weighted degeneracy : 153 155 150 150 152 154 
degeneracy helps : 17 15 20 23 22 20 
degeneracy worse : 22 22 22 25 26 26 
SCL #err deg : 222 / 300
SCL #err weighted degeneracy : 227 229 222 221 225 228 
degeneracy helps : 24 23 29 33 32 29 
degeneracy worse : 29 30 29 32 35 35 
SCL #err deg : 294 / 400
SCL #err weighted degeneracy : 300 302 297 295 298 302 
degeneracy helps : 36 35 41 46 45 42 
degeneracy worse : 42 43 44 47 49 50 
SCL #err deg : 367 / 500
SCL #err weighted degeneracy : 375 376 371 370 375 379 
degeneracy helps : 48 48 54 60 57 54 
degeneracy worse : 56 57 58 63 65 66 
SCL #err deg : 439 / 600
SCL #err weighted degeneracy : 441 441 437 437 440 440 
degeneracy helps : 59 59 65 72 71 71 
degeneracy worse : 61 61 63 70 72 72 
SCL #err deg : 521 / 700
SCL #err weighted degeneracy : 518 522 515 514 516 514 
degeneracy helps : 69 67 74 80 80 82 
degeneracy worse : 66 68 68 73 75 75 
SCL #err deg : 595 / 800
SCL #err weighted degeneracy : 592 597 589 586 587 587 
degeneracy helps : 78 76 83 91 92 93 
degeneracy worse : 75 78 77 82 84 85 
SCL #err deg : 670 / 900
SCL #err weighted degeneracy : 667 671 664 660 661 665 
degeneracy helps : 86 84 92 101 102 100 
degeneracy worse : 83 85 86 91 93 95 
SCL #err deg : 744 / 1000
SCL #err weighted degeneracy : 744 747 738 734 737 740 
degeneracy helps : 93 92 102 111 111 109 
degeneracy worse : 93 95 96 101 104 105 
SCL #err deg : 824 / 1100
SCL #err weighted degeneracy : 820 824 814 811 814 816 
degeneracy helps : 103 101 112 120 120 118 
degeneracy worse : 99 101 102 107 110 110 
SCL #err deg : 894 / 1200
SCL #err weighted degeneracy : 892 896 885 884 884 883 
degeneracy helps : 109 106 120 128 129 130 
degeneracy worse : 107 108 111 118 119 119 
SCL #err deg : 968 / 1300
SCL #err weighted degeneracy : 963 967 957 955 955 954 
degeneracy helps : 121 118 133 141 142 142 
degeneracy worse : 116 117 122 128 129 128 
SCL #err deg : 1043 / 1400
SCL #err weighted degeneracy : 1039 1043 1033 1031 1029 1026 
degeneracy helps : 130 126 143 151 154 155 
degeneracy worse : 126 126 133 139 140 138 
SCL #err deg : 1120 / 1500
SCL #err weighted degeneracy : 1115 1117 1111 1105 1104 1102 
degeneracy helps : 140 137 152 164 167 167 
degeneracy worse : 135 134 143 149 151 149 
SCL #err deg : 1191 / 1600
SCL #err weighted degeneracy : 1187 1189 1185 1181 1179 1178 
degeneracy helps : 145 143 156 167 172 172 
degeneracy worse : 141 141 150 157 160 159 
SCL #err deg : 1271 / 1700
SCL #err weighted degeneracy : 1262 1266 1262 1261 1258 1255 
degeneracy helps : 157 153 168 178 184 186 
degeneracy worse : 148 148 159 168 171 170 
SCL #err deg : 1348 / 1800
SCL #err weighted degeneracy : 1335 1339 1336 1336 1335 1331 
degeneracy helps : 167 164 178 185 191 194 
degeneracy worse : 154 155 166 173 178 177 
SCL #err deg : 1416 / 1900
SCL #err weighted degeneracy : 1400 1406 1400 1401 1400 1397 
degeneracy helps : 177 173 190 198 204 209 
degeneracy worse : 161 163 174 183 188 190 
SCL #err deg : 1485 / 2000
SCL #err weighted degeneracy : 1466 1475 1467 1470 1470 1468 
degeneracy helps : 188 181 200 207 212 219 
degeneracy worse : 169 171 182 192 197 202 
SCL #err deg : 1562 / 2100
SCL #err weighted degeneracy : 1543 1552 1543 1545 1544 1541 
degeneracy helps : 193 186 207 216 223 231 
degeneracy worse : 174 176 188 199 205 210 
SCL #err deg : 1635 / 2200
SCL #err weighted degeneracy : 1618 1626 1618 1620 1622 1620 
degeneracy helps : 201 195 217 226 232 238 
degeneracy worse : 184 186 200 211 219 223 
SCL #err deg : 1703 / 2300
SCL #err weighted degeneracy : 1689 1697 1691 1694 1696 1695 
degeneracy helps : 210 204 226 234 239 244 
degeneracy worse : 196 198 214 225 232 236 
SCL #err deg : 1779 / 2400
SCL #err weighted degeneracy : 1760 1768 1764 1765 1767 1764 
degeneracy helps : 220 214 235 245 250 259 
degeneracy worse : 201 203 220 231 238 244 
SCL #err deg : 1846 / 2500
SCL #err weighted degeneracy : 1830 1837 1832 1834 1834 1828 
degeneracy helps : 228 222 246 256 260 270 
degeneracy worse : 212 213 232 244 248 252 
SCL #err deg : 1922 / 2600
SCL #err weighted degeneracy : 1901 1908 1904 1905 1907 1901 
degeneracy helps : 242 235 259 268 272 281 
degeneracy worse : 221 221 241 251 257 260 
SCL #err deg : 2000 / 2700
SCL #err weighted degeneracy : 1976 1982 1980 1981 1988 1983 
degeneracy helps : 250 243 266 277 279 287 
degeneracy worse : 226 225 246 258 267 270 
SCL #err deg : 2069 / 2800
SCL #err weighted degeneracy : 2047 2054 2051 2052 2060 2054 
degeneracy helps : 258 251 276 288 289 297 
degeneracy worse : 236 236 258 271 280 282 
SCL #err deg : 2147 / 2900
SCL #err weighted degeneracy : 2120 2125 2125 2128 2136 2129 
degeneracy helps : 270 265 288 299 300 308 
degeneracy worse : 243 243 266 280 289 290 
SCL #err deg : 2223 / 3000
SCL #err weighted degeneracy : 2196 2202 2202 2205 2214 2206 
degeneracy helps : 279 274 295 307 306 315 
degeneracy worse : 252 253 274 289 297 298 
SCL #err deg : 2300 / 3100
SCL #err weighted degeneracy : 2262 2266 2267 2269 2276 2273 
degeneracy helps : 295 290 312 324 325 329 
degeneracy worse : 257 256 279 293 301 302 
SCL #err deg : 2378 / 3200
SCL #err weighted degeneracy : 2336 2341 2342 2344 2352 2350 
degeneracy helps : 305 299 320 332 333 336 
degeneracy worse : 263 262 284 298 307 308 
SCL #err deg : 2448 / 3300
SCL #err weighted degeneracy : 2405 2411 2411 2416 2423 2423 
degeneracy helps : 314 308 329 341 342 344 
degeneracy worse : 271 271 292 309 317 319 
SCL #err deg : 2524 / 3400
SCL #err weighted degeneracy : 2483 2488 2487 2493 2499 2498 
degeneracy helps : 322 316 339 351 353 356 
degeneracy worse : 281 280 302 320 328 330 
SCL #err deg : 2592 / 3500
SCL #err weighted degeneracy : 2547 2554 2550 2556 2563 2564 
degeneracy helps : 336 328 354 367 369 371 
degeneracy worse : 291 290 312 331 340 343 
SCL #err deg : 2658 / 3600
SCL #err weighted degeneracy : 2615 2622 2619 2627 2636 2635 
degeneracy helps : 346 338 364 379 379 381 
degeneracy worse : 303 302 325 348 357 358 
SCL #err deg : 2733 / 3700
SCL #err weighted degeneracy : 2689 2695 2695 2705 2714 2709 
degeneracy helps : 351 344 368 383 384 389 
degeneracy worse : 307 306 330 355 365 365 
SCL #err deg : 2810 / 3800
SCL #err weighted degeneracy : 2767 2774 2772 2785 2793 2788 
degeneracy helps : 359 352 377 390 393 397 
degeneracy worse : 316 316 339 365 376 375 
SCL #err deg : 2886 / 3900
SCL #err weighted degeneracy : 2837 2844 2844 2857 2866 2862 
degeneracy helps : 367 361 384 398 401 405 
degeneracy worse : 318 319 342 369 381 381 
SCL #err deg : 2957 / 4000
SCL #err weighted degeneracy : 2911 2919 2922 2933 2942 2938 
degeneracy helps : 378 370 394 409 411 416 
degeneracy worse : 332 332 359 385 396 397 
SCL #err deg : 3030 / 4100
SCL #err weighted degeneracy : 2979 2988 2990 3003 3013 3010 
degeneracy helps : 387 378 403 419 420 425 
degeneracy worse : 336 336 363 392 403 405 
SCL #err deg : 3102 / 4200
SCL #err weighted degeneracy : 3056 3066 3066 3077 3085 3081 
degeneracy helps : 394 384 411 427 430 437 
degeneracy worse : 348 348 375 402 413 416 
SCL #err deg : 3169 / 4300
SCL #err weighted degeneracy : 3123 3133 3133 3145 3154 3149 
degeneracy helps : 401 391 417 432 436 444 
degeneracy worse : 355 355 381 408 421 424 
SCL #err deg : 3240 / 4400
SCL #err weighted degeneracy : 3199 3210 3210 3224 3232 3226 
degeneracy helps : 408 397 424 440 443 451 
degeneracy worse : 367 367 394 424 435 437 
SCL #err deg : 3309 / 4500
SCL #err weighted degeneracy : 3266 3276 3277 3288 3294 3292 
degeneracy helps : 419 409 434 453 458 463 
degeneracy worse : 376 376 402 432 443 446 
SCL #err deg : 3379 / 4600
SCL #err weighted degeneracy : 3334 3343 3346 3354 3359 3357 
degeneracy helps : 427 417 442 464 470 476 
degeneracy worse : 382 381 409 439 450 454 
SCL #err deg : 3451 / 4700
SCL #err weighted degeneracy : 3402 3411 3418 3423 3427 3425 
degeneracy helps : 439 429 452 479 486 493 
degeneracy worse : 390 389 419 451 462 467 
SCL #err deg : 3523 / 4800
SCL #err weighted degeneracy : 3470 3478 3488 3493 3496 3495 
degeneracy helps : 453 444 465 492 500 507 
degeneracy worse : 400 399 430 462 473 479 
SCL #err deg : 3600 / 4900
SCL #err weighted degeneracy : 3543 3550 3562 3566 3570 3568 
degeneracy helps : 461 451 473 502 510 518 
degeneracy worse : 404 401 435 468 480 486 
SCL #err deg : 3678 / 5000
SCL #err weighted degeneracy : 3616 3624 3635 3637 3641 3636 
degeneracy helps : 472 462 485 518 527 535 
degeneracy worse : 410 408 442 477 490 493 
SCL #err deg : 3743 / 5100
SCL #err weighted degeneracy : 3684 3692 3703 3706 3709 3701 
degeneracy helps : 481 471 494 529 539 549 
degeneracy worse : 422 420 454 492 505 507 
SCL #err deg : 3808 / 5200
SCL #err weighted degeneracy : 3753 3761 3774 3775 3778 3771 
degeneracy helps : 487 478 499 537 547 557 
degeneracy worse : 432 431 465 504 517 520 
SCL #err deg : 3883 / 5300
SCL #err weighted degeneracy : 3823 3830 3846 3850 3857 3850 
degeneracy helps : 500 491 512 548 555 565 
degeneracy worse : 440 438 475 515 529 532 
SCL #err deg : 3955 / 5400
SCL #err weighted degeneracy : 3902 3907 3922 3923 3931 3921 
degeneracy helps : 507 498 521 558 565 577 
degeneracy worse : 454 450 488 526 541 543 
SCL #err deg : 4025 / 5500
SCL #err weighted degeneracy : 3974 3980 3993 3991 4000 3988 
degeneracy helps : 512 503 527 567 574 589 
degeneracy worse : 461 458 495 533 549 552 
SCL #err deg : 4105 / 5600
SCL #err weighted degeneracy : 4045 4051 4064 4062 4072 4063 
degeneracy helps : 523 514 538 579 586 599 
degeneracy worse : 463 460 497 536 553 557 
SCL #err deg : 4176 / 5700
SCL #err weighted degeneracy : 4109 4116 4127 4128 4139 4132 
degeneracy helps : 538 528 553 594 600 613 
degeneracy worse : 471 468 504 546 563 569 
SCL #err deg : 4245 / 5800
SCL #err weighted degeneracy : 4180 4184 4200 4201 4211 4204 
degeneracy helps : 546 538 561 604 611 625 
degeneracy worse : 481 477 516 560 577 584 
SCL #err deg : 4320 / 5900
SCL #err weighted degeneracy : 4256 4261 4277 4279 4287 4280 
degeneracy helps : 551 543 566 609 618 632 
degeneracy worse : 487 484 523 568 585 592 
SCL #err deg : 4390 / 6000
SCL #err weighted degeneracy : 4323 4328 4344 4344 4353 4347 
degeneracy helps : 563 556 577 621 630 643 
degeneracy worse : 496 494 531 575 593 600 
SCL #err deg : 4463 / 6100
SCL #err weighted degeneracy : 4395 4401 4415 4418 4426 4419 
degeneracy helps : 568 561 583 626 636 650 
degeneracy worse : 500 499 535 581 599 606 
SCL #err deg : 4538 / 6200
SCL #err weighted degeneracy : 4472 4479 4490 4495 4505 4498 
degeneracy helps : 574 566 591 634 645 659 
degeneracy worse : 508 507 543 591 612 619 
SCL #err deg : 4613 / 6300
SCL #err weighted degeneracy : 4543 4550 4561 4562 4575 4568 
degeneracy helps : 587 579 604 649 660 676 
degeneracy worse : 517 516 552 598 622 631 
SCL #err deg : 4685 / 6400
SCL #err weighted degeneracy : 4614 4621 4635 4636 4648 4642 
degeneracy helps : 600 591 615 660 670 685 
degeneracy worse : 529 527 565 611 633 642 
SCL #err deg : 4751 / 6500
SCL #err weighted degeneracy : 4683 4689 4702 4703 4714 4708 
degeneracy helps : 608 599 622 669 679 693 
degeneracy worse : 540 537 573 621 642 650 
SCL #err deg : 4821 / 6600
SCL #err weighted degeneracy : 4761 4768 4777 4774 4783 4778 
degeneracy helps : 614 605 629 678 689 703 
degeneracy worse : 554 552 585 631 651 660 
SCL #err deg : 4896 / 6700
SCL #err weighted degeneracy : 4839 4846 4854 4852 4859 4855 
degeneracy helps : 621 611 637 686 698 710 
degeneracy worse : 564 561 595 642 661 669 
SCL #err deg : 4965 / 6800
SCL #err weighted degeneracy : 4902 4910 4918 4918 4925 4921 
degeneracy helps : 631 621 646 694 707 720 
degeneracy worse : 568 566 599 647 667 676 
SCL #err deg : 5038 / 6900
SCL #err weighted degeneracy : 4975 4985 4986 4987 4994 4989 
degeneracy helps : 639 626 658 704 717 732 
degeneracy worse : 576 574 606 653 673 683 
SCL #err deg : 5112 / 7000
SCL #err weighted degeneracy : 5044 5056 5055 5056 5065 5062 
degeneracy helps : 650 635 669 716 730 744 
degeneracy worse : 582 580 612 660 683 694 
SCL #err deg : 5181 / 7100
SCL #err weighted degeneracy : 5105 5117 5120 5126 5135 5134 
degeneracy helps : 663 648 681 725 740 754 
degeneracy worse : 587 585 620 670 694 707 
SCL #err deg : 5252 / 7200
SCL #err weighted degeneracy : 5179 5191 5194 5196 5206 5204 
degeneracy helps : 670 655 687 734 748 762 
degeneracy worse : 597 595 629 678 702 714 
SCL #err deg : 5327 / 7300
SCL #err weighted degeneracy : 5254 5266 5269 5269 5279 5278 
degeneracy helps : 678 662 695 742 756 770 
degeneracy worse : 605 602 637 684 708 721 
SCL #err deg : 5397 / 7400
SCL #err weighted degeneracy : 5321 5333 5335 5336 5345 5343 
degeneracy helps : 690 673 708 753 767 782 
degeneracy worse : 614 610 646 692 715 728 
SCL #err deg : 5469 / 7500
SCL #err weighted degeneracy : 5394 5407 5403 5398 5407 5401 
degeneracy helps : 698 680 719 770 785 803 
degeneracy worse : 623 619 653 699 723 735 
SCL #err deg : 5540 / 7600
SCL #err weighted degeneracy : 5463 5477 5472 5467 5476 5472 
degeneracy helps : 709 691 730 784 799 815 
degeneracy worse : 632 629 662 711 735 747 
SCL #err deg : 5608 / 7700
SCL #err weighted degeneracy : 5530 5544 5538 5533 5541 5537 
degeneracy helps : 717 699 739 795 811 827 
degeneracy worse : 639 636 669 720 744 756 
SCL #err deg : 5674 / 7800
SCL #err weighted degeneracy : 5600 5615 5610 5602 5610 5606 
degeneracy helps : 721 703 743 801 819 836 
degeneracy worse : 647 645 679 729 755 768 
SCL #err deg : 5747 / 7900
SCL #err weighted degeneracy : 5672 5686 5681 5670 5677 5674 
degeneracy helps : 732 714 757 817 834 850 
degeneracy worse : 657 654 691 740 764 777 
SCL #err deg : 5828 / 8000
SCL #err weighted degeneracy : 5748 5762 5755 5742 5749 5742 
degeneracy helps : 743 725 769 832 849 868 
degeneracy worse : 663 660 696 746 770 782 
SCL #err deg : 5910 / 8100
SCL #err weighted degeneracy : 5826 5839 5832 5816 5824 5817 
degeneracy helps : 750 732 777 842 859 879 
degeneracy worse : 666 662 699 748 773 786 
SCL #err deg : 5983 / 8200
SCL #err weighted degeneracy : 5901 5913 5905 5886 5893 5889 
degeneracy helps : 755 737 784 853 871 888 
degeneracy worse : 673 668 706 756 781 794 
SCL #err deg : 6055 / 8300
SCL #err weighted degeneracy : 5973 5985 5975 5955 5965 5960 
degeneracy helps : 763 745 793 863 881 899 
degeneracy worse : 681 676 713 763 791 804 
SCL #err deg : 6123 / 8400
SCL #err weighted degeneracy : 6044 6056 6046 6031 6040 6035 
degeneracy helps : 771 752 802 870 888 907 
degeneracy worse : 692 686 725 778 805 819 
SCL #err deg : 6193 / 8500
SCL #err weighted degeneracy : 6113 6124 6116 6099 6108 6102 
degeneracy helps : 783 765 813 883 901 922 
degeneracy worse : 703 697 736 789 816 831 
SCL #err deg : 6264 / 8600
SCL #err weighted degeneracy : 6178 6191 6179 6162 6174 6168 
degeneracy helps : 796 777 827 898 914 936 
degeneracy worse : 710 705 742 796 824 840 
SCL #err deg : 6347 / 8700
SCL #err weighted degeneracy : 6255 6267 6255 6239 6252 6246 
degeneracy helps : 806 787 838 909 925 947 
degeneracy worse : 714 708 746 801 830 846 
SCL #err deg : 6419 / 8800
SCL #err weighted degeneracy : 6329 6340 6326 6310 6325 6318 
degeneracy helps : 812 793 848 921 938 961 
degeneracy worse : 722 715 755 812 844 860 
SCL #err deg : 6490 / 8900
SCL #err weighted degeneracy : 6402 6412 6398 6385 6397 6388 
degeneracy helps : 819 801 858 931 950 973 
degeneracy worse : 731 724 766 826 857 871 
SCL #err deg : 6564 / 9000
SCL #err weighted degeneracy : 6472 6483 6468 6455 6465 6453 
degeneracy helps : 826 807 865 939 962 988 
degeneracy worse : 734 727 769 830 863 877 
SCL #err deg : 6642 / 9100
SCL #err weighted degeneracy : 6546 6555 6543 6530 6540 6529 
degeneracy helps : 834 817 874 949 972 998 
degeneracy worse : 738 731 775 837 870 885 
SCL #err deg : 6705 / 9200
SCL #err weighted degeneracy : 6609 6616 6608 6593 6603 6593 
degeneracy helps : 848 832 887 961 986 1012 
degeneracy worse : 752 744 790 849 884 900 
SCL #err deg : 6778 / 9300
SCL #err weighted degeneracy : 6685 6692 6683 6668 6675 6663 
degeneracy helps : 853 837 891 968 997 1025 
degeneracy worse : 760 752 796 858 894 910 
SCL #err deg : 6854 / 9400
SCL #err weighted degeneracy : 6753 6762 6749 6732 6738 6725 
degeneracy helps : 867 849 906 985 1014 1044 
degeneracy worse : 766 758 801 863 898 915 
SCL #err deg : 6930 / 9500
SCL #err weighted degeneracy : 6824 6834 6820 6804 6811 6800 
degeneracy helps : 878 860 918 1000 1029 1059 
degeneracy worse : 772 765 808 874 910 929 
SCL #err deg : 6999 / 9600
SCL #err weighted degeneracy : 6894 6902 6890 6874 6880 6871 
degeneracy helps : 887 870 928 1011 1041 1071 
degeneracy worse : 782 774 819 886 922 943 
SCL #err deg : 7068 / 9700
SCL #err weighted degeneracy : 6962 6968 6960 6948 6953 6942 
degeneracy helps : 894 879 934 1017 1048 1082 
degeneracy worse : 788 780 826 897 933 956 
SCL #err deg : 7143 / 9800
SCL #err weighted degeneracy : 7034 7039 7032 7020 7028 7018 
degeneracy helps : 904 889 945 1031 1060 1093 
degeneracy worse : 795 786 834 908 945 968 
SCL #err deg : 7222 / 9900
SCL #err weighted degeneracy : 7112 7119 7109 7097 7106 7097 
degeneracy helps : 913 896 955 1041 1069 1102 
degeneracy worse : 803 794 842 916 953 977 
SCL #err deg : 7299 / 10000
SCL #err weighted degeneracy : 7192 7197 7187 7175 7184 7173 
degeneracy helps : 921 905 964 1051 1079 1114 
degeneracy worse : 814 804 852 927 964 988 
average #flips: 81.857
SCL #err considering degeneracy: 7299
error due to equal 0
error due to SCL smaller 7299
Finish in 4895 s
