Simulation Polar syndrome FASTER N=512, K=257, l=128, pz=0.18, #samples=10000, seed=77
PW construction
Event generator random seed: 77
SCL #err deg : 72 / 100
SCL #err weighted degeneracy : 78 78 80 81 80 79 
degeneracy helps : 6 5 4 5 7 7 
degeneracy worse : 12 11 12 14 15 14 
SCL #err deg : 138 / 200
SCL #err weighted degeneracy : 146 147 149 153 153 156 
degeneracy helps : 13 11 10 10 12 11 
degeneracy worse : 21 20 21 25 27 29 
SCL #err deg : 216 / 300
SCL #err weighted degeneracy : 222 222 225 233 234 238 
degeneracy helps : 24 23 21 19 21 19 
degeneracy worse : 30 29 30 36 39 41 
SCL #err deg : 291 / 400
SCL #err weighted degeneracy : 298 298 301 308 307 310 
degeneracy helps : 33 32 30 28 31 30 
degeneracy worse : 40 39 40 45 47 49 
SCL #err deg : 365 / 500
SCL #err weighted degeneracy : 373 369 377 385 383 386 
degeneracy helps : 43 42 39 36 40 40 
degeneracy worse : 51 46 51 56 58 61 
SCL #err deg : 433 / 600
SCL #err weighted degeneracy : 446 441 448 458 454 456 
degeneracy helps : 52 51 49 46 51 53 
degeneracy worse : 65 59 64 71 72 76 
SCL #err deg : 509 / 700
SCL #err weighted degeneracy : 518 514 521 533 529 531 
degeneracy helps : 63 61 59 55 60 60 
degeneracy worse : 72 66 71 79 80 82 
SCL #err deg : 583 / 800
SCL #err weighted degeneracy : 593 589 597 608 605 608 
degeneracy helps : 73 69 69 66 70 70 
degeneracy worse : 83 75 83 91 92 95 
SCL #err deg : 656 / 900
SCL #err weighted degeneracy : 670 666 673 679 676 680 
degeneracy helps : 80 75 76 78 82 83 
degeneracy worse : 94 85 93 101 102 107 
SCL #err deg : 733 / 1000
SCL #err weighted degeneracy : 752 748 755 757 752 756 
degeneracy helps : 85 81 81 86 92 93 
degeneracy worse : 104 96 103 110 111 116 
SCL #err deg : 804 / 1100
SCL #err weighted degeneracy : 820 817 824 830 824 829 
degeneracy helps : 95 90 91 94 101 101 
degeneracy worse : 111 103 111 120 121 126 
SCL #err deg : 884 / 1200
SCL #err weighted degeneracy : 891 890 894 899 893 899 
degeneracy helps : 110 103 107 113 120 118 
degeneracy worse : 117 109 117 128 129 133 
SCL #err deg : 964 / 1300
SCL #err weighted degeneracy : 972 973 975 979 972 978 
degeneracy helps : 119 111 116 121 129 127 
degeneracy worse : 127 120 127 136 137 141 
SCL #err deg : 1031 / 1400
SCL #err weighted degeneracy : 1050 1053 1053 1054 1047 1052 
degeneracy helps : 124 115 121 127 135 135 
degeneracy worse : 143 137 143 150 151 156 
SCL #err deg : 1105 / 1500
SCL #err weighted degeneracy : 1121 1122 1124 1126 1119 1127 
degeneracy helps : 134 127 131 137 145 146 
degeneracy worse : 150 144 150 158 159 168 
SCL #err deg : 1178 / 1600
SCL #err weighted degeneracy : 1194 1196 1194 1196 1187 1197 
degeneracy helps : 145 137 144 149 158 159 
degeneracy worse : 161 155 160 167 167 178 
SCL #err deg : 1251 / 1700
SCL #err weighted degeneracy : 1263 1265 1267 1268 1261 1271 
degeneracy helps : 157 150 153 160 168 169 
degeneracy worse : 169 164 169 177 178 189 
SCL #err deg : 1326 / 1800
SCL #err weighted degeneracy : 1337 1339 1342 1337 1332 1345 
degeneracy helps : 166 158 162 175 183 183 
degeneracy worse : 177 171 178 186 189 202 
SCL #err deg : 1400 / 1900
SCL #err weighted degeneracy : 1409 1409 1414 1407 1401 1413 
degeneracy helps : 174 165 171 186 197 198 
degeneracy worse : 183 174 185 193 198 211 
SCL #err deg : 1481 / 2000
SCL #err weighted degeneracy : 1484 1484 1487 1483 1477 1490 
degeneracy helps : 184 175 183 197 208 209 
degeneracy worse : 187 178 189 199 204 218 
SCL #err deg : 1553 / 2100
SCL #err weighted degeneracy : 1564 1565 1567 1564 1554 1567 
degeneracy helps : 188 179 186 202 217 218 
degeneracy worse : 199 191 200 213 218 232 
SCL #err deg : 1627 / 2200
SCL #err weighted degeneracy : 1631 1633 1634 1634 1624 1637 
degeneracy helps : 202 191 201 216 232 234 
degeneracy worse : 206 197 208 223 229 244 
SCL #err deg : 1700 / 2300
SCL #err weighted degeneracy : 1711 1713 1714 1712 1701 1716 
degeneracy helps : 209 197 208 224 241 242 
degeneracy worse : 220 210 222 236 242 258 
SCL #err deg : 1780 / 2400
SCL #err weighted degeneracy : 1786 1788 1793 1792 1780 1794 
degeneracy helps : 219 206 215 229 248 249 
degeneracy worse : 225 214 228 241 248 263 
SCL #err deg : 1848 / 2500
SCL #err weighted degeneracy : 1855 1857 1863 1862 1850 1865 
degeneracy helps : 226 212 222 238 257 258 
degeneracy worse : 233 221 237 252 259 275 
SCL #err deg : 1922 / 2600
SCL #err weighted degeneracy : 1933 1937 1939 1936 1924 1940 
degeneracy helps : 231 216 228 246 265 266 
degeneracy worse : 242 231 245 260 267 284 
SCL #err deg : 2004 / 2700
SCL #err weighted degeneracy : 2013 2014 2016 2014 2001 2019 
degeneracy helps : 241 229 240 258 278 278 
degeneracy worse : 250 239 252 268 275 293 
SCL #err deg : 2073 / 2800
SCL #err weighted degeneracy : 2078 2079 2079 2082 2070 2088 
degeneracy helps : 253 241 253 269 290 290 
degeneracy worse : 258 247 259 278 287 305 
SCL #err deg : 2144 / 2900
SCL #err weighted degeneracy : 2148 2147 2153 2156 2145 2162 
degeneracy helps : 266 254 263 280 300 300 
degeneracy worse : 270 257 272 292 301 318 
SCL #err deg : 2219 / 3000
SCL #err weighted degeneracy : 2220 2222 2227 2229 2218 2237 
degeneracy helps : 277 262 274 294 314 313 
degeneracy worse : 278 265 282 304 313 331 
SCL #err deg : 2299 / 3100
SCL #err weighted degeneracy : 2299 2301 2307 2313 2302 2318 
degeneracy helps : 288 273 284 301 321 321 
degeneracy worse : 288 275 292 315 324 340 
SCL #err deg : 2377 / 3200
SCL #err weighted degeneracy : 2371 2374 2378 2386 2374 2389 
degeneracy helps : 300 284 297 313 334 335 
degeneracy worse : 294 281 298 322 331 347 
SCL #err deg : 2448 / 3300
SCL #err weighted degeneracy : 2444 2449 2451 2458 2443 2459 
degeneracy helps : 311 293 310 327 351 352 
degeneracy worse : 307 294 313 337 346 363 
SCL #err deg : 2524 / 3400
SCL #err weighted degeneracy : 2517 2522 2525 2533 2517 2531 
degeneracy helps : 322 304 320 336 362 364 
degeneracy worse : 315 302 321 345 355 371 
SCL #err deg : 2601 / 3500
SCL #err weighted degeneracy : 2596 2604 2604 2612 2597 2613 
degeneracy helps : 328 308 327 345 372 374 
degeneracy worse : 323 311 330 356 368 386 
SCL #err deg : 2667 / 3600
SCL #err weighted degeneracy : 2662 2673 2670 2681 2663 2679 
degeneracy helps : 339 317 338 355 384 385 
degeneracy worse : 334 323 341 369 380 397 
SCL #err deg : 2736 / 3700
SCL #err weighted degeneracy : 2739 2751 2747 2760 2737 2754 
degeneracy helps : 348 323 348 365 398 399 
degeneracy worse : 351 338 359 389 399 417 
SCL #err deg : 2807 / 3800
SCL #err weighted degeneracy : 2812 2822 2819 2835 2810 2828 
degeneracy helps : 359 337 359 376 409 410 
degeneracy worse : 364 352 371 404 412 431 
SCL #err deg : 2880 / 3900
SCL #err weighted degeneracy : 2889 2900 2897 2912 2889 2910 
degeneracy helps : 367 344 366 385 417 416 
degeneracy worse : 376 364 383 417 426 446 
SCL #err deg : 2950 / 4000
SCL #err weighted degeneracy : 2966 2976 2974 2989 2965 2988 
degeneracy helps : 375 353 375 395 428 428 
degeneracy worse : 391 379 399 434 443 466 
SCL #err deg : 3024 / 4100
SCL #err weighted degeneracy : 3040 3049 3051 3067 3044 3064 
degeneracy helps : 385 362 384 403 436 439 
degeneracy worse : 401 387 411 446 456 479 
SCL #err deg : 3104 / 4200
SCL #err weighted degeneracy : 3122 3133 3133 3151 3127 3143 
degeneracy helps : 392 368 392 408 442 448 
degeneracy worse : 410 397 421 455 465 487 
SCL #err deg : 3176 / 4300
SCL #err weighted degeneracy : 3195 3208 3204 3221 3197 3214 
degeneracy helps : 400 375 402 421 455 460 
degeneracy worse : 419 407 430 466 476 498 
SCL #err deg : 3249 / 4400
SCL #err weighted degeneracy : 3267 3279 3275 3293 3266 3283 
degeneracy helps : 411 386 413 432 468 472 
degeneracy worse : 429 416 439 476 485 506 
SCL #err deg : 3325 / 4500
SCL #err weighted degeneracy : 3343 3355 3349 3364 3336 3351 
degeneracy helps : 417 392 421 445 482 488 
degeneracy worse : 435 422 445 484 493 514 
SCL #err deg : 3398 / 4600
SCL #err weighted degeneracy : 3412 3427 3419 3434 3406 3425 
degeneracy helps : 428 400 432 456 493 498 
degeneracy worse : 442 429 453 492 501 525 
SCL #err deg : 3467 / 4700
SCL #err weighted degeneracy : 3482 3499 3490 3506 3478 3495 
degeneracy helps : 435 406 437 461 498 505 
degeneracy worse : 450 438 460 500 509 533 
SCL #err deg : 3537 / 4800
SCL #err weighted degeneracy : 3554 3573 3560 3578 3550 3567 
degeneracy helps : 445 414 448 470 506 514 
degeneracy worse : 462 450 471 511 519 544 
SCL #err deg : 3607 / 4900
SCL #err weighted degeneracy : 3632 3651 3637 3656 3626 3642 
degeneracy helps : 450 420 454 477 514 521 
degeneracy worse : 475 464 484 526 533 556 
SCL #err deg : 3682 / 5000
SCL #err weighted degeneracy : 3703 3721 3708 3728 3699 3717 
degeneracy helps : 462 431 467 490 526 532 
degeneracy worse : 483 470 493 536 543 567 
SCL #err deg : 3753 / 5100
SCL #err weighted degeneracy : 3777 3797 3782 3802 3774 3797 
degeneracy helps : 470 438 474 498 534 537 
degeneracy worse : 494 482 503 547 555 581 
SCL #err deg : 3828 / 5200
SCL #err weighted degeneracy : 3851 3871 3858 3879 3850 3872 
degeneracy helps : 480 448 484 508 545 549 
degeneracy worse : 503 491 514 559 567 593 
SCL #err deg : 3907 / 5300
SCL #err weighted degeneracy : 3922 3943 3928 3948 3916 3939 
degeneracy helps : 495 462 500 526 565 569 
degeneracy worse : 510 498 521 567 574 601 
SCL #err deg : 3980 / 5400
SCL #err weighted degeneracy : 4001 4022 4006 4023 3990 4011 
degeneracy helps : 503 469 509 536 577 582 
degeneracy worse : 524 511 535 579 587 613 
SCL #err deg : 4049 / 5500
SCL #err weighted degeneracy : 4076 4094 4082 4098 4065 4086 
degeneracy helps : 511 477 517 546 586 593 
degeneracy worse : 538 522 550 595 602 630 
SCL #err deg : 4119 / 5600
SCL #err weighted degeneracy : 4142 4160 4148 4165 4134 4156 
degeneracy helps : 519 485 525 554 595 603 
degeneracy worse : 542 526 554 600 610 640 
SCL #err deg : 4194 / 5700
SCL #err weighted degeneracy : 4216 4235 4220 4238 4206 4228 
degeneracy helps : 527 492 534 563 604 612 
degeneracy worse : 549 533 560 607 616 646 
SCL #err deg : 4266 / 5800
SCL #err weighted degeneracy : 4294 4314 4300 4315 4282 4306 
degeneracy helps : 532 496 537 569 610 618 
degeneracy worse : 560 544 571 618 626 658 
SCL #err deg : 4341 / 5900
SCL #err weighted degeneracy : 4373 4393 4379 4391 4356 4382 
degeneracy helps : 536 498 541 575 618 625 
degeneracy worse : 568 550 579 625 633 666 
SCL #err deg : 4412 / 6000
SCL #err weighted degeneracy : 4442 4460 4453 4468 4434 4457 
degeneracy helps : 547 510 551 584 625 635 
degeneracy worse : 577 558 592 640 647 680 
SCL #err deg : 4491 / 6100
SCL #err weighted degeneracy : 4518 4536 4529 4545 4516 4539 
degeneracy helps : 556 518 560 593 632 642 
degeneracy worse : 583 563 598 647 657 690 
SCL #err deg : 4572 / 6200
SCL #err weighted degeneracy : 4593 4611 4605 4623 4594 4617 
degeneracy helps : 566 528 569 604 644 654 
degeneracy worse : 587 567 602 655 666 699 
SCL #err deg : 4646 / 6300
SCL #err weighted degeneracy : 4666 4685 4678 4693 4663 4687 
degeneracy helps : 577 536 580 618 659 670 
degeneracy worse : 597 575 612 665 676 711 
SCL #err deg : 4719 / 6400
SCL #err weighted degeneracy : 4735 4756 4749 4764 4733 4762 
degeneracy helps : 592 549 593 629 672 681 
degeneracy worse : 608 586 623 674 686 724 
SCL #err deg : 4789 / 6500
SCL #err weighted degeneracy : 4802 4818 4816 4833 4803 4835 
degeneracy helps : 603 563 606 642 685 691 
degeneracy worse : 616 592 633 686 699 737 
SCL #err deg : 4861 / 6600
SCL #err weighted degeneracy : 4875 4892 4889 4904 4874 4906 
degeneracy helps : 609 568 614 652 696 702 
degeneracy worse : 623 599 642 695 709 747 
SCL #err deg : 4939 / 6700
SCL #err weighted degeneracy : 4954 4968 4967 4982 4956 4988 
degeneracy helps : 620 579 626 663 704 710 
degeneracy worse : 635 608 654 706 721 759 
SCL #err deg : 5011 / 6800
SCL #err weighted degeneracy : 5021 5036 5033 5055 5031 5063 
degeneracy helps : 633 592 640 674 714 719 
degeneracy worse : 643 617 662 718 734 771 
SCL #err deg : 5080 / 6900
SCL #err weighted degeneracy : 5095 5109 5107 5125 5100 5130 
degeneracy helps : 641 600 649 685 725 732 
degeneracy worse : 656 629 676 730 745 782 
SCL #err deg : 5162 / 7000
SCL #err weighted degeneracy : 5170 5185 5183 5203 5180 5209 
degeneracy helps : 654 612 661 695 733 742 
degeneracy worse : 662 635 682 736 751 789 
SCL #err deg : 5243 / 7100
SCL #err weighted degeneracy : 5246 5263 5259 5277 5255 5287 
degeneracy helps : 666 621 673 709 746 752 
degeneracy worse : 669 641 689 743 758 796 
SCL #err deg : 5325 / 7200
SCL #err weighted degeneracy : 5329 5345 5342 5359 5336 5364 
degeneracy helps : 674 630 680 717 754 762 
degeneracy worse : 678 650 697 751 765 801 
SCL #err deg : 5404 / 7300
SCL #err weighted degeneracy : 5404 5421 5417 5434 5414 5442 
degeneracy helps : 685 639 691 732 768 776 
degeneracy worse : 685 656 704 762 778 814 
SCL #err deg : 5481 / 7400
SCL #err weighted degeneracy : 5477 5494 5492 5507 5488 5522 
degeneracy helps : 696 650 702 744 780 784 
degeneracy worse : 692 663 713 770 787 825 
SCL #err deg : 5556 / 7500
SCL #err weighted degeneracy : 5556 5573 5571 5589 5570 5602 
degeneracy helps : 702 657 709 751 788 792 
degeneracy worse : 702 674 724 784 802 838 
SCL #err deg : 5624 / 7600
SCL #err weighted degeneracy : 5626 5640 5641 5661 5644 5676 
degeneracy helps : 709 666 716 757 794 799 
degeneracy worse : 711 682 733 794 814 851 
SCL #err deg : 5700 / 7700
SCL #err weighted degeneracy : 5704 5717 5716 5738 5720 5753 
degeneracy helps : 716 673 724 764 802 807 
degeneracy worse : 720 690 740 802 822 860 
SCL #err deg : 5778 / 7800
SCL #err weighted degeneracy : 5776 5790 5789 5812 5795 5831 
degeneracy helps : 730 686 737 778 816 819 
degeneracy worse : 728 698 748 812 833 872 
SCL #err deg : 5847 / 7900
SCL #err weighted degeneracy : 5846 5859 5861 5885 5870 5905 
degeneracy helps : 742 697 748 788 826 830 
degeneracy worse : 741 709 762 826 849 888 
SCL #err deg : 5928 / 8000
SCL #err weighted degeneracy : 5920 5935 5935 5959 5945 5982 
degeneracy helps : 755 709 760 801 839 843 
degeneracy worse : 747 716 767 832 856 897 
SCL #err deg : 6008 / 8100
SCL #err weighted degeneracy : 6003 6018 6016 6040 6027 6062 
degeneracy helps : 763 717 769 809 846 850 
degeneracy worse : 758 727 777 841 865 904 
SCL #err deg : 6087 / 8200
SCL #err weighted degeneracy : 6082 6093 6097 6118 6102 6137 
degeneracy helps : 772 728 777 820 860 863 
degeneracy worse : 767 734 787 851 875 913 
SCL #err deg : 6165 / 8300
SCL #err weighted degeneracy : 6163 6172 6176 6195 6182 6220 
degeneracy helps : 777 735 784 829 869 870 
degeneracy worse : 775 742 795 859 886 925 
SCL #err deg : 6242 / 8400
SCL #err weighted degeneracy : 6240 6249 6254 6271 6257 6295 
degeneracy helps : 786 744 793 839 881 881 
degeneracy worse : 784 751 805 868 896 934 
SCL #err deg : 6308 / 8500
SCL #err weighted degeneracy : 6312 6322 6327 6341 6327 6364 
degeneracy helps : 795 752 802 850 892 893 
degeneracy worse : 799 766 821 883 911 949 
SCL #err deg : 6386 / 8600
SCL #err weighted degeneracy : 6391 6401 6407 6418 6400 6438 
degeneracy helps : 803 760 811 862 905 905 
degeneracy worse : 808 775 832 894 919 957 
SCL #err deg : 6472 / 8700
SCL #err weighted degeneracy : 6469 6480 6485 6495 6478 6513 
degeneracy helps : 813 770 821 873 915 918 
degeneracy worse : 810 778 834 896 921 959 
SCL #err deg : 6544 / 8800
SCL #err weighted degeneracy : 6547 6556 6564 6573 6556 6592 
degeneracy helps : 819 776 827 881 923 926 
degeneracy worse : 822 788 847 910 935 974 
SCL #err deg : 6619 / 8900
SCL #err weighted degeneracy : 6620 6629 6636 6645 6628 6664 
degeneracy helps : 832 789 840 896 936 937 
degeneracy worse : 833 799 857 922 945 982 
SCL #err deg : 6693 / 9000
SCL #err weighted degeneracy : 6694 6701 6708 6716 6699 6737 
degeneracy helps : 843 800 852 909 950 950 
degeneracy worse : 844 808 867 932 956 994 
SCL #err deg : 6764 / 9100
SCL #err weighted degeneracy : 6768 6773 6780 6789 6770 6806 
degeneracy helps : 850 806 860 918 961 963 
degeneracy worse : 854 815 876 943 967 1005 
SCL #err deg : 6845 / 9200
SCL #err weighted degeneracy : 6845 6852 6858 6868 6852 6888 
degeneracy helps : 859 813 869 926 968 970 
degeneracy worse : 859 820 882 949 975 1013 
SCL #err deg : 6921 / 9300
SCL #err weighted degeneracy : 6925 6932 6936 6946 6930 6964 
degeneracy helps : 866 821 877 936 979 982 
degeneracy worse : 870 832 892 961 988 1025 
SCL #err deg : 6997 / 9400
SCL #err weighted degeneracy : 7002 7010 7013 7021 7006 7036 
degeneracy helps : 873 826 885 946 989 994 
degeneracy worse : 878 839 901 970 998 1033 
SCL #err deg : 7066 / 9500
SCL #err weighted degeneracy : 7068 7076 7080 7090 7075 7104 
degeneracy helps : 887 839 900 961 1004 1008 
degeneracy worse : 889 849 914 985 1013 1046 
SCL #err deg : 7142 / 9600
SCL #err weighted degeneracy : 7144 7149 7154 7165 7152 7182 
degeneracy helps : 897 849 912 974 1017 1021 
degeneracy worse : 899 856 924 997 1027 1061 
SCL #err deg : 7223 / 9700
SCL #err weighted degeneracy : 7225 7228 7235 7248 7236 7263 
degeneracy helps : 904 856 920 982 1024 1029 
degeneracy worse : 906 861 932 1007 1037 1069 
SCL #err deg : 7300 / 9800
SCL #err weighted degeneracy : 7302 7305 7314 7326 7310 7337 
degeneracy helps : 912 866 927 989 1034 1040 
degeneracy worse : 914 871 941 1015 1044 1077 
SCL #err deg : 7368 / 9900
SCL #err weighted degeneracy : 7369 7373 7383 7397 7382 7410 
degeneracy helps : 924 877 938 999 1044 1049 
degeneracy worse : 925 882 953 1028 1058 1091 
SCL #err deg : 7439 / 10000
SCL #err weighted degeneracy : 7448 7448 7464 7477 7462 7492 
degeneracy helps : 930 883 944 1007 1052 1056 
degeneracy worse : 939 892 969 1045 1075 1109 
average #flips: 92.0291
SCL #err considering degeneracy: 7439
error due to equal 0
error due to SCL smaller 7439
Finish in 4931 s
