Simulation Polar syndrome FASTER N=512, K=257, l=128, pz=0.12, #samples=10000, seed=45
HPW construction
Event generator random seed: 45
SCL #err deg : 50 / 100
SCL #err weighted degeneracy : 52 52 49 49 51 49 
degeneracy helps : 10 10 11 14 14 15 
degeneracy worse : 12 12 10 13 15 14 
SCL #err deg : 101 / 200
SCL #err weighted degeneracy : 106 106 102 102 103 102 
degeneracy helps : 15 15 20 23 24 25 
degeneracy worse : 20 20 21 24 26 26 
SCL #err deg : 148 / 300
SCL #err weighted degeneracy : 151 151 145 147 150 153 
degeneracy helps : 24 24 33 39 39 38 
degeneracy worse : 28 28 31 38 41 43 
SCL #err deg : 200 / 400
SCL #err weighted degeneracy : 201 201 196 200 203 208 
degeneracy helps : 35 35 44 50 53 52 
degeneracy worse : 37 37 41 50 56 60 
SCL #err deg : 256 / 500
SCL #err weighted degeneracy : 257 257 251 255 260 264 
degeneracy helps : 45 45 55 60 63 63 
degeneracy worse : 47 47 51 59 67 71 
SCL #err deg : 302 / 600
SCL #err weighted degeneracy : 302 302 296 301 309 311 
degeneracy helps : 54 54 65 71 73 75 
degeneracy worse : 55 55 60 70 80 84 
SCL #err deg : 362 / 700
SCL #err weighted degeneracy : 357 356 352 353 366 369 
degeneracy helps : 67 67 78 89 88 91 
degeneracy worse : 63 62 69 80 92 98 
SCL #err deg : 411 / 800
SCL #err weighted degeneracy : 411 410 408 409 423 429 
degeneracy helps : 74 74 84 100 97 99 
degeneracy worse : 75 74 82 98 109 117 
SCL #err deg : 457 / 900
SCL #err weighted degeneracy : 458 457 456 461 477 483 
degeneracy helps : 85 85 95 110 106 108 
degeneracy worse : 87 86 95 114 126 134 
SCL #err deg : 494 / 1000
SCL #err weighted degeneracy : 496 495 496 501 520 529 
degeneracy helps : 93 93 104 121 116 119 
degeneracy worse : 96 95 107 128 142 154 
SCL #err deg : 545 / 1100
SCL #err weighted degeneracy : 544 543 542 543 564 577 
degeneracy helps : 104 104 116 136 130 131 
degeneracy worse : 104 103 114 134 149 163 
SCL #err deg : 594 / 1200
SCL #err weighted degeneracy : 590 589 586 592 614 625 
degeneracy helps : 112 112 127 148 143 146 
degeneracy worse : 109 108 120 146 163 177 
SCL #err deg : 642 / 1300
SCL #err weighted degeneracy : 640 639 636 640 665 676 
degeneracy helps : 122 122 139 164 159 162 
degeneracy worse : 121 120 134 162 182 196 
SCL #err deg : 695 / 1400
SCL #err weighted degeneracy : 691 690 686 693 720 728 
degeneracy helps : 134 134 151 176 170 176 
degeneracy worse : 131 130 143 174 195 209 
SCL #err deg : 744 / 1500
SCL #err weighted degeneracy : 743 742 737 742 770 777 
degeneracy helps : 141 141 159 186 180 189 
degeneracy worse : 141 140 153 184 206 222 
SCL #err deg : 800 / 1600
SCL #err weighted degeneracy : 797 796 791 798 827 835 
degeneracy helps : 150 150 169 197 190 199 
degeneracy worse : 148 147 161 195 217 234 
SCL #err deg : 852 / 1700
SCL #err weighted degeneracy : 845 844 839 848 876 885 
degeneracy helps : 164 164 184 211 207 215 
degeneracy worse : 158 157 172 207 231 248 
SCL #err deg : 903 / 1800
SCL #err weighted degeneracy : 895 894 890 896 923 934 
degeneracy helps : 177 177 194 224 220 228 
degeneracy worse : 170 169 182 217 240 259 
SCL #err deg : 947 / 1900
SCL #err weighted degeneracy : 943 942 940 946 971 981 
degeneracy helps : 183 183 199 229 227 236 
degeneracy worse : 180 179 193 228 251 270 
SCL #err deg : 986 / 2000
SCL #err weighted degeneracy : 988 987 981 991 1015 1023 
degeneracy helps : 189 189 205 235 235 247 
degeneracy worse : 192 191 201 240 264 284 
SCL #err deg : 1037 / 2100
SCL #err weighted degeneracy : 1038 1037 1028 1040 1063 1072 
degeneracy helps : 197 197 217 249 249 262 
degeneracy worse : 199 198 209 252 275 297 
SCL #err deg : 1083 / 2200
SCL #err weighted degeneracy : 1085 1084 1076 1087 1113 1122 
degeneracy helps : 204 204 225 262 261 274 
degeneracy worse : 207 206 219 266 291 313 
SCL #err deg : 1136 / 2300
SCL #err weighted degeneracy : 1133 1131 1127 1136 1160 1170 
degeneracy helps : 216 216 237 276 279 292 
degeneracy worse : 214 212 229 276 303 326 
SCL #err deg : 1187 / 2400
SCL #err weighted degeneracy : 1186 1184 1181 1189 1214 1222 
degeneracy helps : 225 225 246 289 292 305 
degeneracy worse : 225 223 241 291 319 340 
SCL #err deg : 1240 / 2500
SCL #err weighted degeneracy : 1233 1231 1231 1244 1266 1276 
degeneracy helps : 238 238 259 302 309 319 
degeneracy worse : 232 230 251 306 335 355 
SCL #err deg : 1284 / 2600
SCL #err weighted degeneracy : 1283 1281 1283 1294 1317 1326 
degeneracy helps : 242 242 264 309 317 328 
degeneracy worse : 242 240 264 319 350 370 
SCL #err deg : 1334 / 2700
SCL #err weighted degeneracy : 1336 1334 1335 1350 1375 1387 
degeneracy helps : 247 247 269 314 322 333 
degeneracy worse : 250 248 271 330 363 386 
SCL #err deg : 1391 / 2800
SCL #err weighted degeneracy : 1387 1385 1388 1402 1425 1438 
degeneracy helps : 257 257 279 327 337 348 
degeneracy worse : 254 252 277 338 371 395 
SCL #err deg : 1447 / 2900
SCL #err weighted degeneracy : 1438 1436 1440 1459 1485 1497 
degeneracy helps : 271 271 293 338 347 357 
degeneracy worse : 263 261 287 350 385 407 
SCL #err deg : 1505 / 3000
SCL #err weighted degeneracy : 1495 1492 1495 1513 1539 1550 
degeneracy helps : 279 280 304 350 360 372 
degeneracy worse : 270 268 295 358 394 417 
SCL #err deg : 1556 / 3100
SCL #err weighted degeneracy : 1540 1537 1540 1563 1590 1601 
degeneracy helps : 293 294 317 361 371 383 
degeneracy worse : 278 276 302 368 405 428 
SCL #err deg : 1600 / 3200
SCL #err weighted degeneracy : 1578 1575 1579 1605 1629 1641 
degeneracy helps : 309 310 336 381 393 401 
degeneracy worse : 288 286 316 386 422 442 
SCL #err deg : 1658 / 3300
SCL #err weighted degeneracy : 1633 1630 1636 1661 1686 1701 
degeneracy helps : 320 321 347 396 408 416 
degeneracy worse : 296 294 326 399 436 459 
SCL #err deg : 1701 / 3400
SCL #err weighted degeneracy : 1682 1679 1684 1710 1735 1753 
degeneracy helps : 328 329 356 405 417 423 
degeneracy worse : 310 308 340 414 451 475 
SCL #err deg : 1751 / 3500
SCL #err weighted degeneracy : 1726 1723 1730 1760 1788 1809 
degeneracy helps : 341 342 368 416 426 433 
degeneracy worse : 317 315 348 425 463 491 
SCL #err deg : 1794 / 3600
SCL #err weighted degeneracy : 1776 1773 1776 1806 1836 1859 
degeneracy helps : 346 347 375 424 435 443 
degeneracy worse : 329 327 358 436 477 508 
SCL #err deg : 1849 / 3700
SCL #err weighted degeneracy : 1827 1824 1824 1855 1883 1907 
degeneracy helps : 357 358 388 437 450 458 
degeneracy worse : 336 334 364 443 484 516 
SCL #err deg : 1897 / 3800
SCL #err weighted degeneracy : 1874 1871 1871 1901 1928 1951 
degeneracy helps : 369 370 400 450 464 473 
degeneracy worse : 347 345 375 454 495 527 
SCL #err deg : 1950 / 3900
SCL #err weighted degeneracy : 1924 1921 1925 1952 1978 2003 
degeneracy helps : 382 383 412 463 479 487 
degeneracy worse : 357 355 388 465 507 540 
SCL #err deg : 1999 / 4000
SCL #err weighted degeneracy : 1971 1968 1971 1997 2023 2048 
degeneracy helps : 395 396 425 478 495 502 
degeneracy worse : 368 366 398 476 519 551 
SCL #err deg : 2051 / 4100
SCL #err weighted degeneracy : 2016 2013 2018 2047 2073 2097 
degeneracy helps : 407 408 436 488 507 514 
degeneracy worse : 373 371 404 484 529 560 
SCL #err deg : 2107 / 4200
SCL #err weighted degeneracy : 2068 2065 2068 2095 2123 2150 
degeneracy helps : 415 416 447 500 520 526 
degeneracy worse : 377 375 409 488 536 569 
SCL #err deg : 2158 / 4300
SCL #err weighted degeneracy : 2115 2112 2116 2144 2172 2202 
degeneracy helps : 428 429 460 516 536 542 
degeneracy worse : 386 384 419 502 550 586 
SCL #err deg : 2210 / 4400
SCL #err weighted degeneracy : 2166 2163 2168 2197 2228 2258 
degeneracy helps : 441 442 474 531 550 558 
degeneracy worse : 398 396 433 518 568 606 
SCL #err deg : 2265 / 4500
SCL #err weighted degeneracy : 2214 2211 2214 2243 2275 2303 
degeneracy helps : 453 454 488 545 564 574 
degeneracy worse : 403 401 438 523 574 612 
SCL #err deg : 2317 / 4600
SCL #err weighted degeneracy : 2261 2258 2261 2297 2331 2358 
degeneracy helps : 469 470 503 557 576 587 
degeneracy worse : 414 412 448 537 590 628 
SCL #err deg : 2368 / 4700
SCL #err weighted degeneracy : 2307 2304 2307 2345 2378 2405 
degeneracy helps : 480 481 516 570 589 601 
degeneracy worse : 420 418 456 547 599 638 
SCL #err deg : 2418 / 4800
SCL #err weighted degeneracy : 2356 2352 2353 2390 2423 2450 
degeneracy helps : 491 493 529 585 604 615 
degeneracy worse : 430 428 465 557 609 647 
SCL #err deg : 2471 / 4900
SCL #err weighted degeneracy : 2414 2410 2404 2443 2477 2505 
degeneracy helps : 499 501 542 599 619 629 
degeneracy worse : 443 441 476 571 625 663 
SCL #err deg : 2531 / 5000
SCL #err weighted degeneracy : 2470 2466 2459 2496 2530 2559 
degeneracy helps : 510 512 554 614 635 645 
degeneracy worse : 450 448 483 579 634 673 
SCL #err deg : 2583 / 5100
SCL #err weighted degeneracy : 2517 2513 2509 2543 2578 2608 
degeneracy helps : 524 526 568 629 651 661 
degeneracy worse : 459 457 495 589 646 686 
SCL #err deg : 2634 / 5200
SCL #err weighted degeneracy : 2564 2560 2558 2593 2629 2660 
degeneracy helps : 533 535 576 637 660 671 
degeneracy worse : 464 462 501 596 655 697 
SCL #err deg : 2692 / 5300
SCL #err weighted degeneracy : 2615 2611 2610 2644 2682 2716 
degeneracy helps : 548 550 590 653 676 684 
degeneracy worse : 472 470 509 605 666 708 
SCL #err deg : 2740 / 5400
SCL #err weighted degeneracy : 2662 2658 2656 2689 2730 2766 
degeneracy helps : 555 557 599 664 685 693 
degeneracy worse : 478 476 516 613 675 719 
SCL #err deg : 2787 / 5500
SCL #err weighted degeneracy : 2708 2704 2703 2735 2775 2812 
degeneracy helps : 566 568 609 674 696 704 
degeneracy worse : 488 486 526 622 684 729 
SCL #err deg : 2836 / 5600
SCL #err weighted degeneracy : 2762 2758 2761 2791 2831 2869 
degeneracy helps : 572 574 614 683 706 714 
degeneracy worse : 499 497 540 638 701 747 
SCL #err deg : 2880 / 5700
SCL #err weighted degeneracy : 2806 2802 2805 2837 2877 2917 
degeneracy helps : 582 584 625 694 718 726 
degeneracy worse : 509 507 551 651 715 763 
SCL #err deg : 2942 / 5800
SCL #err weighted degeneracy : 2861 2857 2856 2889 2929 2968 
degeneracy helps : 594 596 641 712 736 745 
degeneracy worse : 514 512 556 659 723 771 
SCL #err deg : 2993 / 5900
SCL #err weighted degeneracy : 2915 2911 2911 2943 2983 3023 
degeneracy helps : 602 604 648 719 743 753 
degeneracy worse : 525 523 567 669 733 783 
SCL #err deg : 3039 / 6000
SCL #err weighted degeneracy : 2961 2957 2954 2983 3022 3063 
degeneracy helps : 611 613 660 738 762 771 
degeneracy worse : 534 532 576 682 745 795 
SCL #err deg : 3085 / 6100
SCL #err weighted degeneracy : 3008 3004 3000 3028 3068 3107 
degeneracy helps : 616 618 666 748 773 785 
degeneracy worse : 540 538 582 691 756 807 
SCL #err deg : 3140 / 6200
SCL #err weighted degeneracy : 3058 3054 3048 3078 3117 3158 
degeneracy helps : 628 630 679 760 788 800 
degeneracy worse : 547 545 588 698 765 818 
SCL #err deg : 3193 / 6300
SCL #err weighted degeneracy : 3109 3105 3100 3131 3168 3207 
degeneracy helps : 637 639 689 771 802 815 
degeneracy worse : 554 552 597 709 777 829 
SCL #err deg : 3245 / 6400
SCL #err weighted degeneracy : 3161 3157 3150 3187 3222 3260 
degeneracy helps : 641 643 696 779 811 824 
degeneracy worse : 558 556 602 721 788 839 
SCL #err deg : 3296 / 6500
SCL #err weighted degeneracy : 3212 3208 3198 3232 3266 3307 
degeneracy helps : 651 653 709 795 828 839 
degeneracy worse : 568 566 612 731 798 850 
SCL #err deg : 3344 / 6600
SCL #err weighted degeneracy : 3256 3252 3239 3274 3309 3350 
degeneracy helps : 657 659 718 808 841 852 
degeneracy worse : 570 568 614 738 806 858 
SCL #err deg : 3390 / 6700
SCL #err weighted degeneracy : 3310 3306 3290 3329 3366 3407 
degeneracy helps : 663 665 727 816 850 860 
degeneracy worse : 584 582 628 755 826 877 
SCL #err deg : 3441 / 6800
SCL #err weighted degeneracy : 3354 3350 3337 3375 3410 3453 
degeneracy helps : 678 680 740 830 867 877 
degeneracy worse : 592 590 637 764 836 889 
SCL #err deg : 3489 / 6900
SCL #err weighted degeneracy : 3401 3398 3386 3423 3458 3502 
degeneracy helps : 685 686 747 840 878 887 
degeneracy worse : 598 596 645 774 847 900 
SCL #err deg : 3549 / 7000
SCL #err weighted degeneracy : 3453 3451 3440 3479 3515 3559 
degeneracy helps : 698 698 759 852 889 897 
degeneracy worse : 603 601 651 782 855 907 
SCL #err deg : 3599 / 7100
SCL #err weighted degeneracy : 3500 3498 3488 3528 3565 3610 
degeneracy helps : 708 708 768 863 900 908 
degeneracy worse : 610 608 658 792 866 919 
SCL #err deg : 3656 / 7200
SCL #err weighted degeneracy : 3556 3554 3545 3588 3623 3666 
degeneracy helps : 718 718 779 874 912 923 
degeneracy worse : 619 617 669 806 879 933 
SCL #err deg : 3710 / 7300
SCL #err weighted degeneracy : 3609 3607 3595 3638 3673 3712 
degeneracy helps : 725 725 790 888 928 940 
degeneracy worse : 625 623 676 816 891 942 
SCL #err deg : 3756 / 7400
SCL #err weighted degeneracy : 3655 3653 3639 3684 3719 3759 
degeneracy helps : 736 736 803 902 943 954 
degeneracy worse : 636 634 687 830 906 957 
SCL #err deg : 3805 / 7500
SCL #err weighted degeneracy : 3696 3694 3684 3729 3767 3811 
degeneracy helps : 752 752 818 918 958 966 
degeneracy worse : 644 642 698 842 920 972 
SCL #err deg : 3859 / 7600
SCL #err weighted degeneracy : 3751 3749 3741 3786 3827 3871 
degeneracy helps : 763 763 829 930 969 977 
degeneracy worse : 656 654 712 857 937 989 
SCL #err deg : 3905 / 7700
SCL #err weighted degeneracy : 3800 3798 3791 3834 3877 3924 
degeneracy helps : 773 773 839 944 981 988 
degeneracy worse : 669 667 726 873 953 1007 
SCL #err deg : 3959 / 7800
SCL #err weighted degeneracy : 3842 3840 3836 3884 3927 3974 
degeneracy helps : 788 788 852 956 995 1002 
degeneracy worse : 672 670 730 881 963 1017 
SCL #err deg : 4015 / 7900
SCL #err weighted degeneracy : 3895 3894 3886 3938 3984 4032 
degeneracy helps : 797 796 863 965 1005 1013 
degeneracy worse : 678 676 735 888 974 1030 
SCL #err deg : 4062 / 8000
SCL #err weighted degeneracy : 3942 3941 3937 3987 4035 4084 
degeneracy helps : 808 807 872 976 1016 1023 
degeneracy worse : 689 687 748 901 989 1045 
SCL #err deg : 4108 / 8100
SCL #err weighted degeneracy : 3981 3980 3977 4028 4078 4129 
degeneracy helps : 820 819 885 990 1030 1037 
degeneracy worse : 694 692 755 910 1000 1058 
SCL #err deg : 4155 / 8200
SCL #err weighted degeneracy : 4031 4030 4027 4079 4131 4185 
degeneracy helps : 824 823 890 997 1038 1045 
degeneracy worse : 701 699 763 921 1014 1075 
SCL #err deg : 4201 / 8300
SCL #err weighted degeneracy : 4084 4083 4078 4135 4187 4243 
degeneracy helps : 829 828 896 1001 1045 1052 
degeneracy worse : 713 711 774 935 1031 1094 
SCL #err deg : 4256 / 8400
SCL #err weighted degeneracy : 4132 4131 4125 4183 4234 4294 
degeneracy helps : 842 841 910 1016 1062 1068 
degeneracy worse : 719 717 780 943 1040 1106 
SCL #err deg : 4305 / 8500
SCL #err weighted degeneracy : 4174 4173 4165 4223 4272 4335 
degeneracy helps : 856 855 925 1032 1080 1086 
degeneracy worse : 726 724 786 950 1047 1116 
SCL #err deg : 4346 / 8600
SCL #err weighted degeneracy : 4219 4218 4213 4275 4325 4389 
degeneracy helps : 862 861 932 1038 1085 1091 
degeneracy worse : 736 734 800 967 1064 1134 
SCL #err deg : 4388 / 8700
SCL #err weighted degeneracy : 4261 4260 4257 4322 4374 4438 
degeneracy helps : 872 871 942 1047 1094 1102 
degeneracy worse : 746 744 812 981 1080 1152 
SCL #err deg : 4430 / 8800
SCL #err weighted degeneracy : 4301 4300 4303 4368 4421 4484 
degeneracy helps : 882 881 951 1056 1103 1111 
degeneracy worse : 754 752 825 994 1094 1165 
SCL #err deg : 4475 / 8900
SCL #err weighted degeneracy : 4344 4343 4346 4411 4469 4535 
degeneracy helps : 890 889 960 1065 1112 1121 
degeneracy worse : 760 758 832 1001 1106 1181 
SCL #err deg : 4528 / 9000
SCL #err weighted degeneracy : 4401 4400 4401 4466 4527 4593 
degeneracy helps : 899 898 970 1075 1123 1132 
degeneracy worse : 773 771 844 1013 1122 1197 
SCL #err deg : 4581 / 9100
SCL #err weighted degeneracy : 4450 4449 4450 4517 4581 4645 
degeneracy helps : 909 908 980 1087 1136 1147 
degeneracy worse : 779 777 850 1023 1136 1211 
SCL #err deg : 4638 / 9200
SCL #err weighted degeneracy : 4501 4500 4502 4568 4635 4702 
degeneracy helps : 921 920 992 1103 1153 1164 
degeneracy worse : 785 783 857 1033 1150 1228 
SCL #err deg : 4691 / 9300
SCL #err weighted degeneracy : 4555 4553 4556 4621 4684 4754 
degeneracy helps : 929 929 1001 1116 1169 1179 
degeneracy worse : 794 792 867 1046 1162 1242 
SCL #err deg : 4753 / 9400
SCL #err weighted degeneracy : 4616 4614 4615 4680 4741 4812 
degeneracy helps : 937 937 1011 1129 1182 1192 
degeneracy worse : 801 799 874 1056 1170 1251 
SCL #err deg : 4800 / 9500
SCL #err weighted degeneracy : 4660 4658 4658 4729 4787 4860 
degeneracy helps : 947 947 1022 1138 1195 1203 
degeneracy worse : 808 806 881 1067 1182 1263 
SCL #err deg : 4851 / 9600
SCL #err weighted degeneracy : 4707 4705 4704 4777 4836 4912 
degeneracy helps : 958 958 1034 1150 1208 1215 
degeneracy worse : 815 813 888 1076 1193 1276 
SCL #err deg : 4897 / 9700
SCL #err weighted degeneracy : 4762 4760 4760 4836 4896 4972 
degeneracy helps : 965 965 1041 1157 1215 1222 
degeneracy worse : 831 829 905 1096 1214 1297 
SCL #err deg : 4945 / 9800
SCL #err weighted degeneracy : 4811 4809 4809 4884 4943 5021 
degeneracy helps : 976 976 1052 1169 1226 1232 
degeneracy worse : 843 841 917 1108 1224 1308 
SCL #err deg : 5001 / 9900
SCL #err weighted degeneracy : 4861 4859 4860 4937 4997 5074 
degeneracy helps : 991 991 1067 1184 1241 1249 
degeneracy worse : 852 850 927 1120 1237 1322 
SCL #err deg : 5054 / 10000
SCL #err weighted degeneracy : 4912 4911 4912 4992 5051 5127 
degeneracy helps : 1005 1004 1080 1196 1254 1262 
degeneracy worse : 864 862 939 1134 1251 1335 
average #flips: 61.4345
SCL #err considering degeneracy: 5054
error due to equal 519
error due to SCL smaller 4491
Finish in 5139 s
