Simulation Polar syndrome FASTER N=512, K=257, l=128, pz=0.13, #samples=10000, seed=45
HPW construction
Event generator random seed: 45
SCL #err deg : 62 / 100
SCL #err weighted degeneracy : 65 65 66 66 67 66 
degeneracy helps : 7 7 7 8 8 9 
degeneracy worse : 10 10 11 12 13 13 
SCL #err deg : 128 / 200
SCL #err weighted degeneracy : 125 125 126 128 129 130 
degeneracy helps : 19 19 21 22 21 22 
degeneracy worse : 16 16 19 22 22 24 
SCL #err deg : 193 / 300
SCL #err weighted degeneracy : 191 191 193 192 190 192 
degeneracy helps : 30 30 32 34 36 36 
degeneracy worse : 28 28 32 33 33 35 
SCL #err deg : 262 / 400
SCL #err weighted degeneracy : 260 260 262 257 254 256 
degeneracy helps : 39 39 40 44 47 46 
degeneracy worse : 37 37 40 39 39 40 
SCL #err deg : 324 / 500
SCL #err weighted degeneracy : 324 324 325 322 321 323 
degeneracy helps : 50 50 51 57 58 57 
degeneracy worse : 50 50 52 55 55 56 
SCL #err deg : 383 / 600
SCL #err weighted degeneracy : 380 380 377 371 370 369 
degeneracy helps : 57 57 61 71 72 74 
degeneracy worse : 54 54 55 59 59 60 
SCL #err deg : 445 / 700
SCL #err weighted degeneracy : 444 444 441 435 433 431 
degeneracy helps : 64 64 68 80 83 87 
degeneracy worse : 63 63 64 70 71 73 
SCL #err deg : 514 / 800
SCL #err weighted degeneracy : 512 511 510 501 502 500 
degeneracy helps : 72 72 78 94 96 101 
degeneracy worse : 70 69 74 81 84 87 
SCL #err deg : 566 / 900
SCL #err weighted degeneracy : 568 566 563 557 557 560 
degeneracy helps : 79 79 88 104 108 110 
degeneracy worse : 81 79 85 95 99 104 
SCL #err deg : 627 / 1000
SCL #err weighted degeneracy : 623 621 617 611 609 615 
degeneracy helps : 93 93 104 122 129 129 
degeneracy worse : 89 87 94 106 111 117 
SCL #err deg : 690 / 1100
SCL #err weighted degeneracy : 680 678 677 673 672 678 
degeneracy helps : 104 104 114 132 139 139 
degeneracy worse : 94 92 101 115 121 127 
SCL #err deg : 754 / 1200
SCL #err weighted degeneracy : 737 735 735 732 729 733 
degeneracy helps : 119 119 127 146 155 156 
degeneracy worse : 102 100 108 124 130 135 
SCL #err deg : 807 / 1300
SCL #err weighted degeneracy : 786 784 782 780 776 781 
degeneracy helps : 131 131 141 162 175 176 
degeneracy worse : 110 108 116 135 144 150 
SCL #err deg : 866 / 1400
SCL #err weighted degeneracy : 848 846 844 846 841 848 
degeneracy helps : 138 138 148 171 185 186 
degeneracy worse : 120 118 126 151 160 168 
SCL #err deg : 926 / 1500
SCL #err weighted degeneracy : 900 898 896 898 894 904 
degeneracy helps : 155 155 165 190 206 205 
degeneracy worse : 129 127 135 162 174 183 
SCL #err deg : 992 / 1600
SCL #err weighted degeneracy : 962 959 957 960 959 967 
degeneracy helps : 169 169 180 205 220 219 
degeneracy worse : 139 136 145 173 187 194 
SCL #err deg : 1055 / 1700
SCL #err weighted degeneracy : 1021 1018 1023 1029 1027 1035 
degeneracy helps : 182 182 190 214 231 230 
degeneracy worse : 148 145 158 188 203 210 
SCL #err deg : 1114 / 1800
SCL #err weighted degeneracy : 1077 1074 1080 1089 1085 1093 
degeneracy helps : 194 194 202 223 241 240 
degeneracy worse : 157 154 168 198 212 219 
SCL #err deg : 1167 / 1900
SCL #err weighted degeneracy : 1135 1132 1137 1147 1143 1151 
degeneracy helps : 201 201 210 232 251 250 
degeneracy worse : 169 166 180 212 227 234 
SCL #err deg : 1232 / 2000
SCL #err weighted degeneracy : 1200 1197 1204 1214 1208 1217 
degeneracy helps : 211 211 219 242 262 261 
degeneracy worse : 179 176 191 224 238 246 
SCL #err deg : 1300 / 2100
SCL #err weighted degeneracy : 1263 1259 1268 1276 1273 1282 
degeneracy helps : 223 224 232 256 275 275 
degeneracy worse : 186 183 200 232 248 257 
SCL #err deg : 1356 / 2200
SCL #err weighted degeneracy : 1328 1324 1331 1336 1332 1341 
degeneracy helps : 227 228 238 266 287 287 
degeneracy worse : 199 196 213 246 263 272 
SCL #err deg : 1415 / 2300
SCL #err weighted degeneracy : 1387 1383 1390 1398 1395 1403 
degeneracy helps : 236 237 249 277 298 298 
degeneracy worse : 208 205 224 260 278 286 
SCL #err deg : 1477 / 2400
SCL #err weighted degeneracy : 1450 1446 1452 1461 1457 1465 
degeneracy helps : 244 245 259 288 310 311 
degeneracy worse : 217 214 234 272 290 299 
SCL #err deg : 1541 / 2500
SCL #err weighted degeneracy : 1509 1506 1511 1521 1517 1525 
degeneracy helps : 257 258 274 303 325 327 
degeneracy worse : 225 223 244 283 301 311 
SCL #err deg : 1598 / 2600
SCL #err weighted degeneracy : 1570 1567 1570 1584 1583 1588 
degeneracy helps : 263 264 283 312 334 339 
degeneracy worse : 235 233 255 298 319 329 
SCL #err deg : 1672 / 2700
SCL #err weighted degeneracy : 1636 1633 1635 1649 1647 1652 
degeneracy helps : 277 278 298 328 352 358 
degeneracy worse : 241 239 261 305 327 338 
SCL #err deg : 1732 / 2800
SCL #err weighted degeneracy : 1695 1692 1691 1703 1707 1713 
degeneracy helps : 288 289 311 345 367 372 
degeneracy worse : 251 249 270 316 342 353 
SCL #err deg : 1798 / 2900
SCL #err weighted degeneracy : 1756 1753 1751 1761 1765 1775 
degeneracy helps : 299 300 323 359 381 386 
degeneracy worse : 257 255 276 322 348 363 
SCL #err deg : 1871 / 3000
SCL #err weighted degeneracy : 1817 1814 1811 1822 1830 1841 
degeneracy helps : 318 319 343 380 400 404 
degeneracy worse : 264 262 283 331 359 374 
SCL #err deg : 1931 / 3100
SCL #err weighted degeneracy : 1880 1877 1874 1882 1887 1897 
degeneracy helps : 327 328 352 391 412 417 
degeneracy worse : 276 274 295 342 368 383 
SCL #err deg : 1983 / 3200
SCL #err weighted degeneracy : 1936 1932 1933 1938 1942 1952 
degeneracy helps : 334 335 357 398 420 424 
degeneracy worse : 287 284 307 353 379 393 
SCL #err deg : 2046 / 3300
SCL #err weighted degeneracy : 2003 1999 2001 2008 2013 2021 
degeneracy helps : 342 343 365 406 428 433 
degeneracy worse : 299 296 320 368 395 408 
SCL #err deg : 2109 / 3400
SCL #err weighted degeneracy : 2066 2062 2065 2069 2075 2082 
degeneracy helps : 353 354 377 421 443 449 
degeneracy worse : 310 307 333 381 409 422 
SCL #err deg : 2168 / 3500
SCL #err weighted degeneracy : 2117 2113 2112 2118 2124 2130 
degeneracy helps : 364 365 394 437 460 469 
degeneracy worse : 313 310 338 387 416 431 
SCL #err deg : 2230 / 3600
SCL #err weighted degeneracy : 2176 2172 2172 2183 2186 2194 
degeneracy helps : 373 374 402 446 471 479 
degeneracy worse : 319 316 344 399 427 443 
SCL #err deg : 2293 / 3700
SCL #err weighted degeneracy : 2235 2231 2230 2244 2246 2253 
degeneracy helps : 385 386 414 458 485 494 
degeneracy worse : 327 324 351 409 438 454 
SCL #err deg : 2355 / 3800
SCL #err weighted degeneracy : 2300 2296 2294 2305 2307 2315 
degeneracy helps : 395 396 424 472 500 508 
degeneracy worse : 340 337 363 422 452 468 
SCL #err deg : 2418 / 3900
SCL #err weighted degeneracy : 2360 2356 2354 2365 2363 2373 
degeneracy helps : 411 412 439 489 520 525 
degeneracy worse : 353 350 375 436 465 480 
SCL #err deg : 2478 / 4000
SCL #err weighted degeneracy : 2420 2416 2414 2427 2421 2434 
degeneracy helps : 421 422 450 501 535 537 
degeneracy worse : 363 360 386 450 478 493 
SCL #err deg : 2539 / 4100
SCL #err weighted degeneracy : 2478 2474 2471 2482 2478 2492 
degeneracy helps : 430 431 462 517 550 550 
degeneracy worse : 369 366 394 460 489 503 
SCL #err deg : 2596 / 4200
SCL #err weighted degeneracy : 2537 2533 2528 2541 2536 2550 
degeneracy helps : 438 439 472 527 562 564 
degeneracy worse : 379 376 404 472 502 518 
SCL #err deg : 2659 / 4300
SCL #err weighted degeneracy : 2599 2595 2592 2600 2595 2607 
degeneracy helps : 446 447 480 539 573 578 
degeneracy worse : 386 383 413 480 509 526 
SCL #err deg : 2720 / 4400
SCL #err weighted degeneracy : 2660 2656 2655 2664 2658 2672 
degeneracy helps : 455 456 490 549 584 587 
degeneracy worse : 395 392 425 493 522 539 
SCL #err deg : 2785 / 4500
SCL #err weighted degeneracy : 2726 2722 2721 2729 2722 2735 
degeneracy helps : 460 461 495 557 593 597 
degeneracy worse : 401 398 431 501 530 547 
SCL #err deg : 2849 / 4600
SCL #err weighted degeneracy : 2796 2791 2789 2795 2790 2803 
degeneracy helps : 470 472 507 571 608 612 
degeneracy worse : 417 414 447 517 549 566 
SCL #err deg : 2917 / 4700
SCL #err weighted degeneracy : 2852 2847 2845 2854 2847 2863 
degeneracy helps : 487 489 523 586 625 627 
degeneracy worse : 422 419 451 523 555 573 
SCL #err deg : 2983 / 4800
SCL #err weighted degeneracy : 2913 2908 2905 2917 2911 2925 
degeneracy helps : 503 505 541 603 642 646 
degeneracy worse : 433 430 463 537 570 588 
SCL #err deg : 3041 / 4900
SCL #err weighted degeneracy : 2969 2963 2962 2973 2970 2987 
degeneracy helps : 516 518 554 617 656 659 
degeneracy worse : 444 440 475 549 585 605 
SCL #err deg : 3113 / 5000
SCL #err weighted degeneracy : 3038 3032 3027 3037 3035 3055 
degeneracy helps : 527 529 568 631 669 671 
degeneracy worse : 452 448 482 555 591 613 
SCL #err deg : 3175 / 5100
SCL #err weighted degeneracy : 3094 3088 3083 3092 3092 3113 
degeneracy helps : 543 545 585 650 687 688 
degeneracy worse : 462 458 493 567 604 626 
SCL #err deg : 3229 / 5200
SCL #err weighted degeneracy : 3145 3138 3136 3148 3149 3170 
degeneracy helps : 555 557 598 664 698 699 
degeneracy worse : 471 466 505 583 618 640 
SCL #err deg : 3291 / 5300
SCL #err weighted degeneracy : 3199 3192 3191 3207 3209 3231 
degeneracy helps : 569 571 611 678 713 714 
degeneracy worse : 477 472 511 594 631 654 
SCL #err deg : 3346 / 5400
SCL #err weighted degeneracy : 3254 3246 3249 3262 3263 3286 
degeneracy helps : 578 580 620 690 727 728 
degeneracy worse : 486 480 523 606 644 668 
SCL #err deg : 3406 / 5500
SCL #err weighted degeneracy : 3309 3301 3301 3319 3325 3348 
degeneracy helps : 592 594 636 706 741 742 
degeneracy worse : 495 489 531 619 660 684 
SCL #err deg : 3458 / 5600
SCL #err weighted degeneracy : 3360 3352 3352 3370 3378 3402 
degeneracy helps : 605 607 651 722 755 756 
degeneracy worse : 507 501 545 634 675 700 
SCL #err deg : 3512 / 5700
SCL #err weighted degeneracy : 3419 3411 3412 3429 3438 3459 
degeneracy helps : 614 616 659 732 765 767 
degeneracy worse : 521 515 559 649 691 714 
SCL #err deg : 3579 / 5800
SCL #err weighted degeneracy : 3478 3469 3475 3493 3503 3526 
degeneracy helps : 626 629 670 743 776 777 
degeneracy worse : 525 519 566 657 700 724 
SCL #err deg : 3632 / 5900
SCL #err weighted degeneracy : 3533 3525 3533 3553 3563 3585 
degeneracy helps : 633 636 676 749 782 785 
degeneracy worse : 534 529 577 670 713 738 
SCL #err deg : 3693 / 6000
SCL #err weighted degeneracy : 3593 3585 3589 3609 3618 3643 
degeneracy helps : 644 647 689 763 797 799 
degeneracy worse : 544 539 585 679 722 749 
SCL #err deg : 3758 / 6100
SCL #err weighted degeneracy : 3651 3643 3646 3668 3681 3706 
degeneracy helps : 656 659 702 779 809 812 
degeneracy worse : 549 544 590 689 732 760 
SCL #err deg : 3816 / 6200
SCL #err weighted degeneracy : 3714 3707 3708 3725 3735 3761 
degeneracy helps : 664 667 711 793 826 830 
degeneracy worse : 562 558 603 702 745 775 
SCL #err deg : 3870 / 6300
SCL #err weighted degeneracy : 3763 3756 3758 3777 3789 3815 
degeneracy helps : 679 682 727 810 843 848 
degeneracy worse : 572 568 615 717 762 793 
SCL #err deg : 3940 / 6400
SCL #err weighted degeneracy : 3836 3829 3829 3850 3860 3887 
degeneracy helps : 685 688 735 817 853 859 
degeneracy worse : 581 577 624 727 773 806 
SCL #err deg : 4002 / 6500
SCL #err weighted degeneracy : 3897 3889 3891 3911 3923 3948 
degeneracy helps : 698 702 749 832 866 874 
degeneracy worse : 593 589 638 741 787 820 
SCL #err deg : 4065 / 6600
SCL #err weighted degeneracy : 3959 3951 3953 3974 3987 4012 
degeneracy helps : 704 708 756 840 874 883 
degeneracy worse : 598 594 644 749 796 830 
SCL #err deg : 4123 / 6700
SCL #err weighted degeneracy : 4020 4012 4011 4033 4045 4071 
degeneracy helps : 712 716 766 851 886 894 
degeneracy worse : 609 605 654 761 808 842 
SCL #err deg : 4179 / 6800
SCL #err weighted degeneracy : 4074 4066 4067 4093 4105 4130 
degeneracy helps : 721 725 775 860 896 905 
degeneracy worse : 616 612 663 774 822 856 
SCL #err deg : 4243 / 6900
SCL #err weighted degeneracy : 4133 4125 4127 4153 4166 4193 
degeneracy helps : 735 739 788 874 910 918 
degeneracy worse : 625 621 672 784 833 868 
SCL #err deg : 4314 / 7000
SCL #err weighted degeneracy : 4200 4193 4193 4217 4228 4259 
degeneracy helps : 745 749 798 886 925 931 
degeneracy worse : 631 628 677 789 839 876 
SCL #err deg : 4384 / 7100
SCL #err weighted degeneracy : 4268 4261 4263 4289 4297 4327 
degeneracy helps : 756 760 808 895 937 944 
degeneracy worse : 640 637 687 800 850 887 
SCL #err deg : 4449 / 7200
SCL #err weighted degeneracy : 4331 4325 4326 4352 4363 4393 
degeneracy helps : 765 769 818 908 949 957 
degeneracy worse : 647 645 695 811 863 901 
SCL #err deg : 4511 / 7300
SCL #err weighted degeneracy : 4386 4380 4382 4409 4426 4457 
degeneracy helps : 780 784 833 922 960 967 
degeneracy worse : 655 653 704 820 875 913 
SCL #err deg : 4581 / 7400
SCL #err weighted degeneracy : 4451 4447 4446 4470 4484 4516 
degeneracy helps : 793 795 848 942 983 989 
degeneracy worse : 663 661 713 831 886 924 
SCL #err deg : 4644 / 7500
SCL #err weighted degeneracy : 4522 4518 4517 4540 4553 4582 
degeneracy helps : 797 799 854 950 992 1001 
degeneracy worse : 675 673 727 846 901 939 
SCL #err deg : 4697 / 7600
SCL #err weighted degeneracy : 4587 4583 4579 4598 4610 4639 
degeneracy helps : 803 805 862 962 1005 1015 
degeneracy worse : 693 691 744 863 918 957 
SCL #err deg : 4761 / 7700
SCL #err weighted degeneracy : 4648 4644 4640 4660 4671 4699 
degeneracy helps : 814 816 873 974 1019 1030 
degeneracy worse : 701 699 752 873 929 968 
SCL #err deg : 4822 / 7800
SCL #err weighted degeneracy : 4700 4696 4695 4711 4721 4750 
degeneracy helps : 830 832 890 994 1040 1052 
degeneracy worse : 708 706 763 883 939 980 
SCL #err deg : 4888 / 7900
SCL #err weighted degeneracy : 4759 4756 4758 4775 4786 4815 
degeneracy helps : 843 845 901 1008 1053 1065 
degeneracy worse : 714 713 771 895 951 992 
SCL #err deg : 4956 / 8000
SCL #err weighted degeneracy : 4822 4820 4823 4840 4851 4881 
degeneracy helps : 856 858 914 1023 1070 1079 
degeneracy worse : 722 722 781 907 965 1004 
SCL #err deg : 5015 / 8100
SCL #err weighted degeneracy : 4880 4878 4885 4904 4915 4943 
degeneracy helps : 868 870 924 1032 1079 1091 
degeneracy worse : 733 733 794 921 979 1019 
SCL #err deg : 5082 / 8200
SCL #err weighted degeneracy : 4946 4944 4955 4973 4986 5012 
degeneracy helps : 880 882 933 1043 1089 1104 
degeneracy worse : 744 744 806 934 993 1034 
SCL #err deg : 5137 / 8300
SCL #err weighted degeneracy : 4995 4993 5009 5029 5043 5071 
degeneracy helps : 893 895 943 1053 1099 1113 
degeneracy worse : 751 751 815 945 1005 1047 
SCL #err deg : 5191 / 8400
SCL #err weighted degeneracy : 5051 5049 5066 5089 5104 5131 
degeneracy helps : 903 905 952 1062 1107 1121 
degeneracy worse : 763 763 827 960 1020 1061 
SCL #err deg : 5252 / 8500
SCL #err weighted degeneracy : 5109 5108 5123 5152 5166 5193 
degeneracy helps : 918 919 968 1077 1122 1136 
degeneracy worse : 775 775 839 977 1036 1077 
SCL #err deg : 5313 / 8600
SCL #err weighted degeneracy : 5168 5167 5184 5213 5228 5257 
degeneracy helps : 928 929 977 1089 1135 1148 
degeneracy worse : 783 783 848 989 1050 1092 
SCL #err deg : 5373 / 8700
SCL #err weighted degeneracy : 5227 5226 5239 5269 5282 5313 
degeneracy helps : 937 938 992 1104 1150 1161 
degeneracy worse : 791 791 858 1000 1059 1101 
SCL #err deg : 5435 / 8800
SCL #err weighted degeneracy : 5291 5290 5305 5337 5348 5378 
degeneracy helps : 946 947 1000 1111 1158 1171 
degeneracy worse : 802 802 870 1013 1071 1114 
SCL #err deg : 5501 / 8900
SCL #err weighted degeneracy : 5353 5353 5367 5400 5410 5443 
degeneracy helps : 958 958 1013 1125 1172 1185 
degeneracy worse : 810 810 879 1024 1081 1127 
SCL #err deg : 5567 / 9000
SCL #err weighted degeneracy : 5415 5415 5429 5456 5469 5502 
degeneracy helps : 969 969 1024 1141 1187 1200 
degeneracy worse : 817 817 886 1030 1089 1135 
SCL #err deg : 5629 / 9100
SCL #err weighted degeneracy : 5470 5470 5486 5513 5523 5559 
degeneracy helps : 981 981 1035 1154 1203 1216 
degeneracy worse : 822 822 892 1038 1097 1146 
SCL #err deg : 5683 / 9200
SCL #err weighted degeneracy : 5528 5528 5541 5569 5579 5614 
degeneracy helps : 989 989 1046 1167 1218 1232 
degeneracy worse : 834 834 904 1053 1114 1163 
SCL #err deg : 5752 / 9300
SCL #err weighted degeneracy : 5595 5595 5606 5629 5640 5674 
degeneracy helps : 999 999 1056 1182 1232 1247 
degeneracy worse : 842 842 910 1059 1120 1169 
SCL #err deg : 5817 / 9400
SCL #err weighted degeneracy : 5657 5657 5667 5691 5701 5734 
degeneracy helps : 1011 1011 1067 1193 1245 1262 
degeneracy worse : 851 851 917 1067 1129 1179 
SCL #err deg : 5882 / 9500
SCL #err weighted degeneracy : 5719 5719 5724 5746 5758 5790 
degeneracy helps : 1020 1020 1082 1209 1260 1278 
degeneracy worse : 857 857 924 1073 1136 1186 
SCL #err deg : 5937 / 9600
SCL #err weighted degeneracy : 5774 5775 5778 5799 5809 5843 
degeneracy helps : 1027 1026 1090 1221 1274 1292 
degeneracy worse : 864 864 931 1083 1146 1198 
SCL #err deg : 5997 / 9700
SCL #err weighted degeneracy : 5840 5841 5843 5863 5875 5906 
degeneracy helps : 1033 1032 1096 1228 1282 1302 
degeneracy worse : 876 876 942 1094 1160 1211 
SCL #err deg : 6058 / 9800
SCL #err weighted degeneracy : 5896 5897 5901 5923 5931 5963 
degeneracy helps : 1042 1041 1107 1240 1296 1316 
degeneracy worse : 880 880 950 1105 1169 1221 
SCL #err deg : 6126 / 9900
SCL #err weighted degeneracy : 5961 5962 5966 5986 5995 6025 
degeneracy helps : 1054 1053 1120 1257 1314 1334 
degeneracy worse : 889 889 960 1117 1183 1233 
SCL #err deg : 6190 / 10000
SCL #err weighted degeneracy : 6020 6021 6030 6050 6060 6089 
degeneracy helps : 1070 1069 1134 1272 1328 1348 
degeneracy worse : 900 900 974 1132 1198 1247 
average #flips: 66.536
SCL #err considering degeneracy: 6190
error due to equal 278
error due to SCL smaller 5883
Finish in 5030 s
