Simulation Polar syndrome FASTER N=512, K=257, l=128, pz=0.16, #samples=10000, seed=45
HPW construction
Event generator random seed: 45
SCL #err deg : 74 / 100
SCL #err weighted degeneracy : 74 71 73 70 72 69 
degeneracy helps : 8 9 9 11 11 14 
degeneracy worse : 8 6 8 7 9 9 
SCL #err deg : 143 / 200
SCL #err weighted degeneracy : 142 139 144 140 145 142 
degeneracy helps : 21 22 21 25 24 26 
degeneracy worse : 20 18 22 22 26 25 
SCL #err deg : 212 / 300
SCL #err weighted degeneracy : 212 209 215 211 217 213 
degeneracy helps : 28 29 28 36 34 37 
degeneracy worse : 28 26 31 35 39 38 
SCL #err deg : 282 / 400
SCL #err weighted degeneracy : 284 280 287 288 293 286 
degeneracy helps : 35 37 35 41 39 44 
degeneracy worse : 37 35 40 47 50 48 
SCL #err deg : 358 / 500
SCL #err weighted degeneracy : 362 358 366 372 379 373 
degeneracy helps : 42 44 41 46 43 48 
degeneracy worse : 46 44 49 60 64 63 
SCL #err deg : 428 / 600
SCL #err weighted degeneracy : 426 424 430 439 447 442 
degeneracy helps : 52 53 51 58 55 59 
degeneracy worse : 50 49 53 69 74 73 
SCL #err deg : 497 / 700
SCL #err weighted degeneracy : 492 490 498 507 517 510 
degeneracy helps : 58 59 58 66 64 71 
degeneracy worse : 53 52 59 76 84 84 
SCL #err deg : 575 / 800
SCL #err weighted degeneracy : 569 567 575 586 593 587 
degeneracy helps : 64 65 64 72 73 80 
degeneracy worse : 58 57 64 83 91 92 
SCL #err deg : 643 / 900
SCL #err weighted degeneracy : 640 637 646 659 667 660 
degeneracy helps : 74 75 75 84 85 92 
degeneracy worse : 71 69 78 100 109 109 
SCL #err deg : 718 / 1000
SCL #err weighted degeneracy : 722 718 726 736 743 736 
degeneracy helps : 78 79 80 92 94 103 
degeneracy worse : 82 79 88 110 119 121 
SCL #err deg : 792 / 1100
SCL #err weighted degeneracy : 793 790 799 813 820 813 
degeneracy helps : 90 90 91 101 103 112 
degeneracy worse : 91 88 98 122 131 133 
SCL #err deg : 865 / 1200
SCL #err weighted degeneracy : 864 861 871 884 889 884 
degeneracy helps : 100 100 101 112 115 123 
degeneracy worse : 99 96 107 131 139 142 
SCL #err deg : 937 / 1300
SCL #err weighted degeneracy : 933 931 940 956 959 957 
degeneracy helps : 109 109 110 121 125 130 
degeneracy worse : 105 103 113 140 147 150 
SCL #err deg : 1010 / 1400
SCL #err weighted degeneracy : 1002 999 1012 1027 1027 1024 
degeneracy helps : 120 120 120 133 140 144 
degeneracy worse : 112 109 122 150 157 158 
SCL #err deg : 1087 / 1500
SCL #err weighted degeneracy : 1078 1075 1087 1100 1101 1096 
degeneracy helps : 128 128 129 144 150 156 
degeneracy worse : 119 116 129 157 164 165 
SCL #err deg : 1162 / 1600
SCL #err weighted degeneracy : 1152 1149 1160 1175 1176 1170 
degeneracy helps : 138 138 140 153 158 166 
degeneracy worse : 128 125 138 166 172 174 
SCL #err deg : 1233 / 1700
SCL #err weighted degeneracy : 1228 1224 1236 1251 1251 1243 
degeneracy helps : 141 141 144 159 165 175 
degeneracy worse : 136 132 147 177 183 185 
SCL #err deg : 1302 / 1800
SCL #err weighted degeneracy : 1299 1296 1308 1322 1321 1311 
degeneracy helps : 149 148 154 171 178 190 
degeneracy worse : 146 142 160 191 197 199 
SCL #err deg : 1389 / 1900
SCL #err weighted degeneracy : 1383 1379 1391 1403 1402 1391 
degeneracy helps : 157 157 163 181 188 202 
degeneracy worse : 151 147 165 195 201 204 
SCL #err deg : 1467 / 2000
SCL #err weighted degeneracy : 1465 1461 1471 1483 1481 1471 
degeneracy helps : 163 163 170 189 197 210 
degeneracy worse : 161 157 174 205 211 214 
SCL #err deg : 1534 / 2100
SCL #err weighted degeneracy : 1541 1536 1550 1562 1562 1550 
degeneracy helps : 169 170 174 194 202 217 
degeneracy worse : 176 172 190 222 230 233 
SCL #err deg : 1606 / 2200
SCL #err weighted degeneracy : 1609 1604 1618 1631 1633 1620 
degeneracy helps : 184 185 189 210 216 232 
degeneracy worse : 187 183 201 235 243 246 
SCL #err deg : 1673 / 2300
SCL #err weighted degeneracy : 1672 1668 1679 1695 1696 1682 
degeneracy helps : 194 195 201 221 228 245 
degeneracy worse : 193 190 207 243 251 254 
SCL #err deg : 1744 / 2400
SCL #err weighted degeneracy : 1741 1738 1745 1760 1762 1751 
degeneracy helps : 208 208 216 234 240 254 
degeneracy worse : 205 202 217 250 258 261 
SCL #err deg : 1820 / 2500
SCL #err weighted degeneracy : 1818 1814 1820 1839 1846 1835 
degeneracy helps : 213 213 224 241 245 263 
degeneracy worse : 211 207 224 260 271 278 
SCL #err deg : 1895 / 2600
SCL #err weighted degeneracy : 1886 1881 1893 1916 1924 1910 
degeneracy helps : 226 227 235 251 254 276 
degeneracy worse : 217 213 233 272 283 291 
SCL #err deg : 1964 / 2700
SCL #err weighted degeneracy : 1962 1954 1968 1991 1996 1984 
degeneracy helps : 235 236 244 259 264 286 
degeneracy worse : 233 226 248 286 296 306 
SCL #err deg : 2035 / 2800
SCL #err weighted degeneracy : 2040 2031 2043 2066 2069 2055 
degeneracy helps : 239 240 250 266 271 295 
degeneracy worse : 244 236 258 297 305 315 
SCL #err deg : 2111 / 2900
SCL #err weighted degeneracy : 2113 2104 2117 2140 2142 2128 
degeneracy helps : 251 252 261 278 284 307 
degeneracy worse : 253 245 267 307 315 324 
SCL #err deg : 2183 / 3000
SCL #err weighted degeneracy : 2186 2179 2187 2209 2212 2201 
degeneracy helps : 257 257 269 288 295 318 
degeneracy worse : 260 253 273 314 324 336 
SCL #err deg : 2260 / 3100
SCL #err weighted degeneracy : 2265 2258 2267 2289 2291 2279 
degeneracy helps : 266 266 278 299 306 330 
degeneracy worse : 271 264 285 328 337 349 
SCL #err deg : 2333 / 3200
SCL #err weighted degeneracy : 2337 2329 2342 2365 2366 2356 
degeneracy helps : 275 276 286 307 315 337 
degeneracy worse : 279 272 295 339 348 360 
SCL #err deg : 2412 / 3300
SCL #err weighted degeneracy : 2414 2406 2419 2443 2444 2433 
degeneracy helps : 281 282 293 315 324 347 
degeneracy worse : 283 276 300 346 356 368 
SCL #err deg : 2477 / 3400
SCL #err weighted degeneracy : 2489 2481 2491 2515 2516 2506 
degeneracy helps : 287 288 301 323 331 354 
degeneracy worse : 299 292 315 361 370 383 
SCL #err deg : 2551 / 3500
SCL #err weighted degeneracy : 2560 2551 2562 2586 2586 2577 
degeneracy helps : 297 298 311 334 344 366 
degeneracy worse : 306 298 322 369 379 392 
SCL #err deg : 2621 / 3600
SCL #err weighted degeneracy : 2631 2623 2631 2655 2657 2650 
degeneracy helps : 307 307 321 345 355 375 
degeneracy worse : 317 309 331 379 391 404 
SCL #err deg : 2689 / 3700
SCL #err weighted degeneracy : 2699 2690 2703 2732 2735 2728 
degeneracy helps : 318 318 330 353 364 383 
degeneracy worse : 328 319 344 396 410 422 
SCL #err deg : 2759 / 3800
SCL #err weighted degeneracy : 2773 2764 2775 2807 2808 2802 
degeneracy helps : 323 323 337 360 372 392 
degeneracy worse : 337 328 353 408 421 435 
SCL #err deg : 2828 / 3900
SCL #err weighted degeneracy : 2840 2829 2842 2868 2867 2862 
degeneracy helps : 330 330 345 374 388 408 
degeneracy worse : 342 331 359 414 427 442 
SCL #err deg : 2905 / 4000
SCL #err weighted degeneracy : 2911 2900 2913 2943 2940 2939 
degeneracy helps : 341 341 355 382 399 419 
degeneracy worse : 347 336 363 420 434 453 
SCL #err deg : 2973 / 4100
SCL #err weighted degeneracy : 2985 2972 2986 3017 3013 3014 
degeneracy helps : 348 349 363 392 408 427 
degeneracy worse : 360 348 376 436 448 468 
SCL #err deg : 3050 / 4200
SCL #err weighted degeneracy : 3056 3042 3056 3086 3079 3080 
degeneracy helps : 361 363 378 406 425 445 
degeneracy worse : 367 355 384 442 454 475 
SCL #err deg : 3125 / 4300
SCL #err weighted degeneracy : 3127 3113 3128 3162 3156 3155 
degeneracy helps : 372 374 390 415 434 456 
degeneracy worse : 374 362 393 452 465 486 
SCL #err deg : 3201 / 4400
SCL #err weighted degeneracy : 3200 3186 3199 3232 3226 3225 
degeneracy helps : 380 382 402 429 449 470 
degeneracy worse : 379 367 400 460 474 494 
SCL #err deg : 3280 / 4500
SCL #err weighted degeneracy : 3279 3265 3277 3309 3300 3300 
degeneracy helps : 391 393 414 443 465 485 
degeneracy worse : 390 378 411 472 485 505 
SCL #err deg : 3347 / 4600
SCL #err weighted degeneracy : 3346 3332 3346 3379 3370 3371 
degeneracy helps : 401 403 424 455 477 497 
degeneracy worse : 400 388 423 487 500 521 
SCL #err deg : 3408 / 4700
SCL #err weighted degeneracy : 3404 3391 3408 3440 3434 3438 
degeneracy helps : 410 411 432 464 484 504 
degeneracy worse : 406 394 432 496 510 534 
SCL #err deg : 3485 / 4800
SCL #err weighted degeneracy : 3478 3465 3483 3515 3512 3514 
degeneracy helps : 419 421 442 476 495 517 
degeneracy worse : 412 401 440 506 522 546 
SCL #err deg : 3560 / 4900
SCL #err weighted degeneracy : 3555 3542 3558 3591 3586 3587 
degeneracy helps : 426 428 453 489 510 532 
degeneracy worse : 421 410 451 520 536 559 
SCL #err deg : 3640 / 5000
SCL #err weighted degeneracy : 3628 3617 3629 3665 3662 3664 
degeneracy helps : 438 438 467 500 520 543 
degeneracy worse : 426 415 456 525 542 567 
SCL #err deg : 3717 / 5100
SCL #err weighted degeneracy : 3702 3693 3699 3736 3732 3734 
degeneracy helps : 452 451 484 516 538 562 
degeneracy worse : 437 427 466 535 553 579 
SCL #err deg : 3787 / 5200
SCL #err weighted degeneracy : 3771 3762 3768 3805 3797 3797 
degeneracy helps : 461 460 494 526 550 573 
degeneracy worse : 445 435 475 544 560 583 
SCL #err deg : 3848 / 5300
SCL #err weighted degeneracy : 3838 3829 3834 3871 3861 3863 
degeneracy helps : 466 465 500 532 557 580 
degeneracy worse : 456 446 486 555 570 595 
SCL #err deg : 3924 / 5400
SCL #err weighted degeneracy : 3911 3902 3906 3940 3930 3932 
degeneracy helps : 475 474 510 547 572 596 
degeneracy worse : 462 452 492 563 578 604 
SCL #err deg : 3998 / 5500
SCL #err weighted degeneracy : 3988 3979 3979 4014 4004 4011 
degeneracy helps : 482 481 519 559 583 605 
degeneracy worse : 472 462 500 575 589 618 
SCL #err deg : 4073 / 5600
SCL #err weighted degeneracy : 4065 4056 4054 4091 4080 4088 
degeneracy helps : 487 486 526 567 591 613 
degeneracy worse : 479 469 507 585 598 628 
SCL #err deg : 4144 / 5700
SCL #err weighted degeneracy : 4140 4130 4126 4160 4149 4156 
degeneracy helps : 495 494 535 577 601 624 
degeneracy worse : 491 480 517 593 606 636 
SCL #err deg : 4220 / 5800
SCL #err weighted degeneracy : 4216 4207 4203 4235 4226 4235 
degeneracy helps : 503 503 542 586 611 633 
degeneracy worse : 499 490 525 601 617 648 
SCL #err deg : 4291 / 5900
SCL #err weighted degeneracy : 4288 4278 4275 4307 4298 4307 
degeneracy helps : 510 511 549 594 620 640 
degeneracy worse : 507 498 533 610 627 656 
SCL #err deg : 4366 / 6000
SCL #err weighted degeneracy : 4362 4352 4352 4384 4375 4383 
degeneracy helps : 513 514 552 597 624 646 
degeneracy worse : 509 500 538 615 633 663 
SCL #err deg : 4437 / 6100
SCL #err weighted degeneracy : 4435 4425 4426 4459 4453 4461 
degeneracy helps : 516 517 555 603 630 652 
degeneracy worse : 514 505 544 625 646 676 
SCL #err deg : 4505 / 6200
SCL #err weighted degeneracy : 4507 4495 4500 4533 4528 4537 
degeneracy helps : 522 524 562 611 638 660 
degeneracy worse : 524 514 557 639 661 692 
SCL #err deg : 4577 / 6300
SCL #err weighted degeneracy : 4581 4567 4576 4608 4604 4611 
degeneracy helps : 528 531 569 618 644 667 
degeneracy worse : 532 521 568 649 671 701 
SCL #err deg : 4654 / 6400
SCL #err weighted degeneracy : 4656 4641 4651 4683 4679 4685 
degeneracy helps : 538 542 577 630 656 681 
degeneracy worse : 540 529 574 659 681 712 
SCL #err deg : 4732 / 6500
SCL #err weighted degeneracy : 4730 4715 4725 4757 4752 4758 
degeneracy helps : 547 551 587 641 668 693 
degeneracy worse : 545 534 580 666 688 719 
SCL #err deg : 4807 / 6600
SCL #err weighted degeneracy : 4806 4791 4801 4836 4829 4835 
degeneracy helps : 555 559 596 648 679 704 
degeneracy worse : 554 543 590 677 701 732 
SCL #err deg : 4868 / 6700
SCL #err weighted degeneracy : 4873 4859 4867 4900 4894 4900 
degeneracy helps : 560 564 603 655 686 711 
degeneracy worse : 565 555 602 687 712 743 
SCL #err deg : 4940 / 6800
SCL #err weighted degeneracy : 4941 4927 4934 4968 4962 4968 
degeneracy helps : 567 571 612 665 697 724 
degeneracy worse : 568 558 606 693 719 752 
SCL #err deg : 5005 / 6900
SCL #err weighted degeneracy : 5010 4996 5003 5034 5026 5034 
degeneracy helps : 575 579 620 677 710 736 
degeneracy worse : 580 570 618 706 731 765 
SCL #err deg : 5081 / 7000
SCL #err weighted degeneracy : 5089 5075 5083 5112 5109 5113 
degeneracy helps : 582 586 627 686 717 746 
degeneracy worse : 590 580 629 717 745 778 
SCL #err deg : 5152 / 7100
SCL #err weighted degeneracy : 5166 5152 5163 5193 5189 5192 
degeneracy helps : 586 590 631 691 723 753 
degeneracy worse : 600 590 642 732 760 793 
SCL #err deg : 5228 / 7200
SCL #err weighted degeneracy : 5246 5232 5245 5273 5271 5275 
degeneracy helps : 591 595 636 697 729 759 
degeneracy worse : 609 599 653 742 772 806 
SCL #err deg : 5306 / 7300
SCL #err weighted degeneracy : 5322 5309 5322 5347 5348 5347 
degeneracy helps : 598 601 644 708 739 774 
degeneracy worse : 614 604 660 749 781 815 
SCL #err deg : 5375 / 7400
SCL #err weighted degeneracy : 5389 5376 5388 5417 5417 5415 
degeneracy helps : 609 612 658 721 752 788 
degeneracy worse : 623 613 671 763 794 828 
SCL #err deg : 5445 / 7500
SCL #err weighted degeneracy : 5457 5445 5457 5485 5488 5486 
degeneracy helps : 619 621 668 733 763 799 
degeneracy worse : 631 621 680 773 806 840 
SCL #err deg : 5515 / 7600
SCL #err weighted degeneracy : 5530 5517 5532 5559 5563 5558 
degeneracy helps : 623 626 671 736 767 805 
degeneracy worse : 638 628 688 780 815 848 
SCL #err deg : 5590 / 7700
SCL #err weighted degeneracy : 5602 5590 5603 5629 5635 5630 
degeneracy helps : 635 637 685 750 779 817 
degeneracy worse : 647 637 698 789 824 857 
SCL #err deg : 5667 / 7800
SCL #err weighted degeneracy : 5673 5661 5674 5702 5708 5702 
degeneracy helps : 646 648 696 764 794 832 
degeneracy worse : 652 642 703 799 835 867 
SCL #err deg : 5744 / 7900
SCL #err weighted degeneracy : 5749 5737 5747 5775 5781 5776 
degeneracy helps : 652 654 705 774 804 841 
degeneracy worse : 657 647 708 805 841 873 
SCL #err deg : 5817 / 8000
SCL #err weighted degeneracy : 5822 5810 5820 5846 5854 5849 
degeneracy helps : 660 662 714 787 816 852 
degeneracy worse : 665 655 717 816 853 884 
SCL #err deg : 5889 / 8100
SCL #err weighted degeneracy : 5894 5883 5892 5915 5922 5916 
degeneracy helps : 671 672 725 798 827 863 
degeneracy worse : 676 666 728 824 860 890 
SCL #err deg : 5961 / 8200
SCL #err weighted degeneracy : 5967 5956 5962 5986 5991 5986 
degeneracy helps : 678 679 735 807 837 871 
degeneracy worse : 684 674 736 832 867 896 
SCL #err deg : 6032 / 8300
SCL #err weighted degeneracy : 6042 6030 6034 6056 6063 6057 
degeneracy helps : 684 686 744 817 848 883 
degeneracy worse : 694 684 746 841 879 908 
SCL #err deg : 6105 / 8400
SCL #err weighted degeneracy : 6115 6103 6109 6131 6137 6130 
degeneracy helps : 696 698 756 830 862 897 
degeneracy worse : 706 696 760 856 894 922 
SCL #err deg : 6180 / 8500
SCL #err weighted degeneracy : 6185 6172 6178 6201 6207 6198 
degeneracy helps : 704 708 765 840 872 910 
degeneracy worse : 709 700 763 861 899 928 
SCL #err deg : 6256 / 8600
SCL #err weighted degeneracy : 6257 6244 6251 6278 6284 6273 
degeneracy helps : 715 719 775 850 883 923 
degeneracy worse : 716 707 770 872 911 940 
SCL #err deg : 6323 / 8700
SCL #err weighted degeneracy : 6323 6308 6315 6346 6351 6342 
degeneracy helps : 726 730 788 860 895 934 
degeneracy worse : 726 715 780 883 923 953 
SCL #err deg : 6393 / 8800
SCL #err weighted degeneracy : 6397 6382 6389 6421 6426 6414 
degeneracy helps : 733 737 795 869 905 947 
degeneracy worse : 737 726 791 897 938 968 
SCL #err deg : 6469 / 8900
SCL #err weighted degeneracy : 6475 6460 6465 6496 6503 6493 
degeneracy helps : 740 744 805 882 918 958 
degeneracy worse : 746 735 801 909 952 982 
SCL #err deg : 6546 / 9000
SCL #err weighted degeneracy : 6549 6533 6536 6567 6576 6569 
degeneracy helps : 751 755 819 896 931 970 
degeneracy worse : 754 742 809 917 961 993 
SCL #err deg : 6619 / 9100
SCL #err weighted degeneracy : 6623 6607 6611 6646 6654 6649 
degeneracy helps : 760 764 828 905 940 978 
degeneracy worse : 764 752 820 932 975 1008 
SCL #err deg : 6692 / 9200
SCL #err weighted degeneracy : 6697 6680 6686 6716 6720 6716 
degeneracy helps : 769 773 837 919 960 997 
degeneracy worse : 774 761 831 943 988 1021 
SCL #err deg : 6770 / 9300
SCL #err weighted degeneracy : 6771 6754 6761 6789 6797 6792 
degeneracy helps : 779 783 847 933 973 1010 
degeneracy worse : 780 767 838 952 1000 1032 
SCL #err deg : 6846 / 9400
SCL #err weighted degeneracy : 6838 6822 6830 6859 6869 6867 
degeneracy helps : 790 793 857 945 986 1022 
degeneracy worse : 782 769 841 958 1009 1043 
SCL #err deg : 6929 / 9500
SCL #err weighted degeneracy : 6915 6900 6907 6933 6945 6946 
degeneracy helps : 801 803 868 959 999 1035 
degeneracy worse : 787 774 846 963 1015 1052 
SCL #err deg : 6999 / 9600
SCL #err weighted degeneracy : 6990 6975 6984 7013 7023 7023 
degeneracy helps : 807 809 872 963 1004 1040 
degeneracy worse : 798 785 857 977 1028 1064 
SCL #err deg : 7074 / 9700
SCL #err weighted degeneracy : 7064 7049 7059 7090 7098 7095 
degeneracy helps : 816 818 881 971 1015 1054 
degeneracy worse : 806 793 866 987 1039 1075 
SCL #err deg : 7144 / 9800
SCL #err weighted degeneracy : 7134 7119 7126 7161 7170 7170 
degeneracy helps : 824 826 892 981 1024 1063 
degeneracy worse : 814 801 874 998 1050 1089 
SCL #err deg : 7217 / 9900
SCL #err weighted degeneracy : 7210 7193 7202 7241 7251 7251 
degeneracy helps : 832 834 901 990 1031 1071 
degeneracy worse : 825 810 886 1014 1065 1105 
SCL #err deg : 7287 / 10000
SCL #err weighted degeneracy : 7280 7263 7271 7310 7322 7318 
degeneracy helps : 842 844 912 1003 1044 1084 
degeneracy worse : 835 820 896 1026 1079 1115 
average #flips: 81.9469
SCL #err considering degeneracy: 7287
error due to equal 3
error due to SCL smaller 7282
Finish in 5061 s
