Simulation Polar syndrome FASTER N=512, K=257, l=128, pz=0.18, #samples=10000, seed=45
HPW construction
Event generator random seed: 45
SCL #err deg : 71 / 100
SCL #err weighted degeneracy : 76 73 75 73 73 73 
degeneracy helps : 10 11 11 12 11 12 
degeneracy worse : 15 13 15 14 13 14 
SCL #err deg : 144 / 200
SCL #err weighted degeneracy : 150 146 149 147 146 145 
degeneracy helps : 20 21 22 23 24 25 
degeneracy worse : 26 23 27 26 26 26 
SCL #err deg : 223 / 300
SCL #err weighted degeneracy : 226 223 225 224 222 222 
degeneracy helps : 28 29 31 32 33 33 
degeneracy worse : 31 29 33 33 32 32 
SCL #err deg : 298 / 400
SCL #err weighted degeneracy : 296 293 298 295 296 298 
degeneracy helps : 38 39 39 44 45 45 
degeneracy worse : 36 34 39 41 43 45 
SCL #err deg : 369 / 500
SCL #err weighted degeneracy : 368 365 372 364 366 369 
degeneracy helps : 44 45 44 54 56 56 
degeneracy worse : 43 41 47 49 53 56 
SCL #err deg : 441 / 600
SCL #err weighted degeneracy : 436 434 441 435 441 447 
degeneracy helps : 53 54 51 60 60 60 
degeneracy worse : 48 47 51 54 60 66 
SCL #err deg : 513 / 700
SCL #err weighted degeneracy : 505 506 509 502 507 517 
degeneracy helps : 65 65 64 75 75 73 
degeneracy worse : 57 58 60 64 69 77 
SCL #err deg : 586 / 800
SCL #err weighted degeneracy : 582 583 587 577 581 589 
degeneracy helps : 73 72 72 86 87 86 
degeneracy worse : 69 69 73 77 82 89 
SCL #err deg : 664 / 900
SCL #err weighted degeneracy : 662 663 666 661 665 673 
degeneracy helps : 78 77 78 93 95 94 
degeneracy worse : 76 76 80 90 96 103 
SCL #err deg : 741 / 1000
SCL #err weighted degeneracy : 734 734 738 736 738 745 
degeneracy helps : 89 89 90 104 108 108 
degeneracy worse : 82 82 87 99 105 112 
SCL #err deg : 815 / 1100
SCL #err weighted degeneracy : 805 804 807 806 808 814 
degeneracy helps : 99 99 103 116 120 121 
degeneracy worse : 89 88 95 107 113 120 
SCL #err deg : 894 / 1200
SCL #err weighted degeneracy : 874 873 879 877 881 886 
degeneracy helps : 114 114 115 129 132 133 
degeneracy worse : 94 93 100 112 119 125 
SCL #err deg : 962 / 1300
SCL #err weighted degeneracy : 946 945 950 950 957 962 
degeneracy helps : 120 120 121 135 138 139 
degeneracy worse : 104 103 109 123 133 139 
SCL #err deg : 1040 / 1400
SCL #err weighted degeneracy : 1023 1024 1029 1025 1033 1037 
degeneracy helps : 129 129 128 146 149 151 
degeneracy worse : 112 113 117 131 142 148 
SCL #err deg : 1110 / 1500
SCL #err weighted degeneracy : 1095 1097 1100 1094 1100 1105 
degeneracy helps : 138 137 138 160 164 166 
degeneracy worse : 123 124 128 144 154 161 
SCL #err deg : 1185 / 1600
SCL #err weighted degeneracy : 1171 1174 1177 1168 1174 1178 
degeneracy helps : 144 142 144 169 175 178 
degeneracy worse : 130 131 136 152 164 171 
SCL #err deg : 1256 / 1700
SCL #err weighted degeneracy : 1239 1240 1245 1238 1243 1246 
degeneracy helps : 158 155 158 180 186 190 
degeneracy worse : 141 139 147 162 173 180 
SCL #err deg : 1329 / 1800
SCL #err weighted degeneracy : 1309 1309 1316 1313 1316 1318 
degeneracy helps : 165 163 164 187 195 201 
degeneracy worse : 145 143 151 171 182 190 
SCL #err deg : 1407 / 1900
SCL #err weighted degeneracy : 1390 1388 1398 1391 1393 1396 
degeneracy helps : 170 169 168 196 205 211 
degeneracy worse : 153 150 159 180 191 200 
SCL #err deg : 1475 / 2000
SCL #err weighted degeneracy : 1459 1457 1468 1462 1463 1468 
degeneracy helps : 179 178 178 207 218 223 
degeneracy worse : 163 160 171 194 206 216 
SCL #err deg : 1552 / 2100
SCL #err weighted degeneracy : 1530 1530 1541 1539 1539 1543 
degeneracy helps : 192 189 189 217 229 235 
degeneracy worse : 170 167 178 204 216 226 
SCL #err deg : 1629 / 2200
SCL #err weighted degeneracy : 1611 1609 1621 1622 1621 1626 
degeneracy helps : 197 195 196 223 237 243 
degeneracy worse : 179 175 188 216 229 240 
SCL #err deg : 1701 / 2300
SCL #err weighted degeneracy : 1681 1680 1687 1689 1691 1696 
degeneracy helps : 209 207 210 236 249 256 
degeneracy worse : 189 186 196 224 239 251 
SCL #err deg : 1774 / 2400
SCL #err weighted degeneracy : 1761 1760 1767 1769 1773 1777 
degeneracy helps : 214 212 216 243 254 262 
degeneracy worse : 201 198 209 238 253 265 
SCL #err deg : 1848 / 2500
SCL #err weighted degeneracy : 1834 1836 1841 1844 1848 1850 
degeneracy helps : 221 218 224 251 263 272 
degeneracy worse : 207 206 217 247 263 274 
SCL #err deg : 1923 / 2600
SCL #err weighted degeneracy : 1908 1908 1913 1918 1926 1926 
degeneracy helps : 231 229 236 263 274 284 
degeneracy worse : 216 214 226 258 277 287 
SCL #err deg : 1998 / 2700
SCL #err weighted degeneracy : 1987 1987 1992 1997 2004 2003 
degeneracy helps : 237 235 244 272 284 295 
degeneracy worse : 226 224 238 271 290 300 
SCL #err deg : 2075 / 2800
SCL #err weighted degeneracy : 2060 2060 2064 2071 2079 2077 
degeneracy helps : 247 245 255 283 295 308 
degeneracy worse : 232 230 244 279 299 310 
SCL #err deg : 2149 / 2900
SCL #err weighted degeneracy : 2135 2136 2138 2144 2155 2150 
degeneracy helps : 252 249 260 289 301 317 
degeneracy worse : 238 236 249 284 307 318 
SCL #err deg : 2223 / 3000
SCL #err weighted degeneracy : 2204 2206 2208 2217 2231 2226 
degeneracy helps : 265 261 273 302 311 325 
degeneracy worse : 246 244 258 296 319 328 
SCL #err deg : 2294 / 3100
SCL #err weighted degeneracy : 2273 2274 2280 2289 2302 2296 
degeneracy helps : 274 270 281 312 322 336 
degeneracy worse : 253 250 267 307 330 338 
SCL #err deg : 2369 / 3200
SCL #err weighted degeneracy : 2346 2349 2353 2359 2377 2370 
degeneracy helps : 285 281 291 325 333 347 
degeneracy worse : 262 261 275 315 341 348 
SCL #err deg : 2443 / 3300
SCL #err weighted degeneracy : 2424 2427 2432 2435 2452 2445 
degeneracy helps : 292 288 298 336 343 358 
degeneracy worse : 273 272 287 328 352 360 
SCL #err deg : 2523 / 3400
SCL #err weighted degeneracy : 2505 2508 2511 2511 2528 2520 
degeneracy helps : 298 294 306 346 353 369 
degeneracy worse : 280 279 294 334 358 366 
SCL #err deg : 2593 / 3500
SCL #err weighted degeneracy : 2577 2578 2583 2580 2594 2583 
degeneracy helps : 306 303 314 354 363 382 
degeneracy worse : 290 288 304 341 364 372 
SCL #err deg : 2670 / 3600
SCL #err weighted degeneracy : 2654 2655 2659 2654 2668 2655 
degeneracy helps : 315 312 324 367 376 398 
degeneracy worse : 299 297 313 351 374 383 
SCL #err deg : 2744 / 3700
SCL #err weighted degeneracy : 2730 2731 2735 2730 2745 2731 
degeneracy helps : 326 322 335 379 386 409 
degeneracy worse : 312 309 326 365 387 396 
SCL #err deg : 2824 / 3800
SCL #err weighted degeneracy : 2806 2805 2810 2805 2820 2809 
degeneracy helps : 332 329 344 390 399 420 
degeneracy worse : 314 310 330 371 395 405 
SCL #err deg : 2889 / 3900
SCL #err weighted degeneracy : 2871 2870 2876 2871 2885 2871 
degeneracy helps : 345 342 357 405 416 439 
degeneracy worse : 327 323 344 387 412 421 
SCL #err deg : 2964 / 4000
SCL #err weighted degeneracy : 2947 2945 2953 2950 2965 2950 
degeneracy helps : 349 347 361 408 419 443 
degeneracy worse : 332 328 350 394 420 429 
SCL #err deg : 3040 / 4100
SCL #err weighted degeneracy : 3024 3023 3031 3027 3045 3031 
degeneracy helps : 357 353 368 416 427 452 
degeneracy worse : 341 336 359 403 432 443 
SCL #err deg : 3116 / 4200
SCL #err weighted degeneracy : 3104 3101 3110 3105 3123 3107 
degeneracy helps : 364 361 376 425 437 464 
degeneracy worse : 352 346 370 414 444 455 
SCL #err deg : 3191 / 4300
SCL #err weighted degeneracy : 3180 3177 3185 3181 3196 3178 
degeneracy helps : 372 368 385 434 449 477 
degeneracy worse : 361 354 379 424 454 464 
SCL #err deg : 3261 / 4400
SCL #err weighted degeneracy : 3250 3246 3254 3247 3262 3243 
degeneracy helps : 381 378 396 449 465 493 
degeneracy worse : 370 363 389 435 466 475 
SCL #err deg : 3327 / 4500
SCL #err weighted degeneracy : 3319 3313 3322 3316 3331 3313 
degeneracy helps : 391 388 407 462 477 504 
degeneracy worse : 383 374 402 451 481 490 
SCL #err deg : 3401 / 4600
SCL #err weighted degeneracy : 3387 3379 3392 3386 3401 3384 
degeneracy helps : 401 400 417 474 489 515 
degeneracy worse : 387 378 408 459 489 498 
SCL #err deg : 3477 / 4700
SCL #err weighted degeneracy : 3467 3458 3471 3462 3474 3456 
degeneracy helps : 409 407 426 485 502 530 
degeneracy worse : 399 388 420 470 499 509 
SCL #err deg : 3551 / 4800
SCL #err weighted degeneracy : 3539 3531 3544 3532 3545 3527 
degeneracy helps : 419 416 436 497 513 543 
degeneracy worse : 407 396 429 478 507 519 
SCL #err deg : 3626 / 4900
SCL #err weighted degeneracy : 3617 3607 3621 3609 3624 3604 
degeneracy helps : 425 423 444 507 522 555 
degeneracy worse : 416 404 439 490 520 533 
SCL #err deg : 3692 / 5000
SCL #err weighted degeneracy : 3687 3676 3690 3685 3701 3684 
degeneracy helps : 433 431 452 512 527 560 
degeneracy worse : 428 415 450 505 536 552 
SCL #err deg : 3768 / 5100
SCL #err weighted degeneracy : 3759 3748 3762 3756 3775 3759 
degeneracy helps : 447 445 466 525 539 572 
degeneracy worse : 438 425 460 513 546 563 
SCL #err deg : 3845 / 5200
SCL #err weighted degeneracy : 3835 3824 3838 3835 3854 3838 
degeneracy helps : 454 452 475 534 548 584 
degeneracy worse : 444 431 468 524 557 577 
SCL #err deg : 3919 / 5300
SCL #err weighted degeneracy : 3906 3895 3910 3907 3927 3914 
degeneracy helps : 463 461 484 545 559 594 
degeneracy worse : 450 437 475 533 567 589 
SCL #err deg : 4000 / 5400
SCL #err weighted degeneracy : 3985 3973 3988 3985 4005 3991 
degeneracy helps : 472 470 494 554 569 606 
degeneracy worse : 457 443 482 539 574 597 
SCL #err deg : 4070 / 5500
SCL #err weighted degeneracy : 4049 4037 4051 4048 4070 4057 
degeneracy helps : 485 484 507 568 582 619 
degeneracy worse : 464 451 488 546 582 606 
SCL #err deg : 4149 / 5600
SCL #err weighted degeneracy : 4125 4109 4128 4127 4145 4129 
degeneracy helps : 493 494 514 575 594 634 
degeneracy worse : 469 454 493 553 590 614 
SCL #err deg : 4229 / 5700
SCL #err weighted degeneracy : 4198 4183 4201 4201 4220 4204 
degeneracy helps : 505 505 527 588 606 647 
degeneracy worse : 474 459 499 560 597 622 
SCL #err deg : 4306 / 5800
SCL #err weighted degeneracy : 4276 4261 4279 4281 4301 4285 
degeneracy helps : 511 511 533 594 614 656 
degeneracy worse : 481 466 506 569 609 635 
SCL #err deg : 4386 / 5900
SCL #err weighted degeneracy : 4354 4339 4357 4358 4376 4359 
degeneracy helps : 521 521 544 607 628 671 
degeneracy worse : 489 474 515 579 618 644 
SCL #err deg : 4460 / 6000
SCL #err weighted degeneracy : 4433 4418 4436 4437 4454 4439 
degeneracy helps : 524 524 547 612 634 675 
degeneracy worse : 497 482 523 589 628 654 
SCL #err deg : 4536 / 6100
SCL #err weighted degeneracy : 4508 4494 4512 4513 4530 4517 
degeneracy helps : 533 532 557 625 647 687 
degeneracy worse : 505 490 533 602 641 668 
SCL #err deg : 4596 / 6200
SCL #err weighted degeneracy : 4576 4561 4582 4586 4603 4588 
degeneracy helps : 538 537 563 631 653 695 
degeneracy worse : 518 502 549 621 660 687 
SCL #err deg : 4665 / 6300
SCL #err weighted degeneracy : 4649 4632 4655 4663 4679 4663 
degeneracy helps : 542 543 568 635 657 700 
degeneracy worse : 526 510 558 633 671 698 
SCL #err deg : 4733 / 6400
SCL #err weighted degeneracy : 4725 4707 4732 4742 4756 4739 
degeneracy helps : 551 552 576 643 665 707 
degeneracy worse : 543 526 575 652 688 713 
SCL #err deg : 4806 / 6500
SCL #err weighted degeneracy : 4802 4786 4809 4820 4833 4815 
degeneracy helps : 560 560 585 650 672 714 
degeneracy worse : 556 540 588 664 699 723 
SCL #err deg : 4879 / 6600
SCL #err weighted degeneracy : 4876 4862 4884 4897 4911 4894 
degeneracy helps : 570 568 595 659 680 721 
degeneracy worse : 567 551 600 677 712 736 
SCL #err deg : 4950 / 6700
SCL #err weighted degeneracy : 4941 4928 4951 4966 4983 4966 
degeneracy helps : 584 581 608 671 690 732 
degeneracy worse : 575 559 609 687 723 748 
SCL #err deg : 5022 / 6800
SCL #err weighted degeneracy : 5006 4990 5015 5032 5051 5036 
degeneracy helps : 597 597 623 685 704 745 
degeneracy worse : 581 565 616 695 733 759 
SCL #err deg : 5098 / 6900
SCL #err weighted degeneracy : 5083 5068 5092 5109 5125 5112 
degeneracy helps : 601 600 627 691 714 755 
degeneracy worse : 586 570 621 702 741 769 
SCL #err deg : 5178 / 7000
SCL #err weighted degeneracy : 5161 5148 5167 5182 5198 5186 
degeneracy helps : 608 606 636 703 727 769 
degeneracy worse : 591 576 625 707 747 777 
SCL #err deg : 5249 / 7100
SCL #err weighted degeneracy : 5233 5221 5240 5258 5272 5261 
degeneracy helps : 623 620 651 716 741 782 
degeneracy worse : 607 592 642 725 764 794 
SCL #err deg : 5328 / 7200
SCL #err weighted degeneracy : 5306 5296 5316 5329 5343 5334 
degeneracy helps : 633 628 659 730 756 794 
degeneracy worse : 611 596 647 731 771 800 
SCL #err deg : 5404 / 7300
SCL #err weighted degeneracy : 5383 5375 5394 5401 5415 5404 
degeneracy helps : 641 636 667 745 771 810 
degeneracy worse : 620 607 657 742 782 810 
SCL #err deg : 5480 / 7400
SCL #err weighted degeneracy : 5450 5442 5461 5468 5482 5473 
degeneracy helps : 655 650 683 762 788 828 
degeneracy worse : 625 612 664 750 790 821 
SCL #err deg : 5559 / 7500
SCL #err weighted degeneracy : 5529 5522 5540 5543 5560 5551 
degeneracy helps : 660 655 688 771 795 836 
degeneracy worse : 630 618 669 755 796 828 
SCL #err deg : 5633 / 7600
SCL #err weighted degeneracy : 5590 5584 5602 5608 5629 5619 
degeneracy helps : 677 672 706 789 812 854 
degeneracy worse : 634 623 675 764 808 840 
SCL #err deg : 5706 / 7700
SCL #err weighted degeneracy : 5666 5660 5678 5685 5707 5697 
degeneracy helps : 682 677 712 796 820 862 
degeneracy worse : 642 631 684 775 821 853 
SCL #err deg : 5782 / 7800
SCL #err weighted degeneracy : 5744 5738 5754 5761 5778 5767 
degeneracy helps : 689 684 720 807 835 877 
degeneracy worse : 651 640 692 786 831 862 
SCL #err deg : 5864 / 7900
SCL #err weighted degeneracy : 5822 5816 5830 5839 5857 5848 
degeneracy helps : 701 696 733 819 846 887 
degeneracy worse : 659 648 699 794 839 871 
SCL #err deg : 5943 / 8000
SCL #err weighted degeneracy : 5895 5888 5905 5913 5934 5926 
degeneracy helps : 715 712 745 833 858 898 
degeneracy worse : 667 657 707 803 849 881 
SCL #err deg : 6016 / 8100
SCL #err weighted degeneracy : 5967 5960 5977 5984 6003 5994 
degeneracy helps : 723 721 753 842 868 909 
degeneracy worse : 674 665 714 810 855 887 
SCL #err deg : 6084 / 8200
SCL #err weighted degeneracy : 6034 6026 6045 6055 6076 6068 
degeneracy helps : 734 731 764 852 878 920 
degeneracy worse : 684 673 725 823 870 904 
SCL #err deg : 6161 / 8300
SCL #err weighted degeneracy : 6107 6099 6117 6122 6144 6136 
degeneracy helps : 745 742 776 869 894 939 
degeneracy worse : 691 680 732 830 877 914 
SCL #err deg : 6238 / 8400
SCL #err weighted degeneracy : 6181 6172 6192 6200 6224 6213 
degeneracy helps : 756 754 786 878 902 949 
degeneracy worse : 699 688 740 840 888 924 
SCL #err deg : 6322 / 8500
SCL #err weighted degeneracy : 6254 6245 6264 6273 6296 6288 
degeneracy helps : 771 769 802 895 920 964 
degeneracy worse : 703 692 744 846 894 930 
SCL #err deg : 6398 / 8600
SCL #err weighted degeneracy : 6330 6321 6339 6347 6366 6360 
degeneracy helps : 782 780 814 909 937 981 
degeneracy worse : 714 703 755 858 905 943 
SCL #err deg : 6476 / 8700
SCL #err weighted degeneracy : 6407 6397 6415 6429 6446 6440 
degeneracy helps : 789 788 822 916 946 990 
degeneracy worse : 720 709 761 869 916 954 
SCL #err deg : 6552 / 8800
SCL #err weighted degeneracy : 6482 6473 6492 6507 6521 6517 
degeneracy helps : 797 796 829 922 955 999 
degeneracy worse : 727 717 769 877 924 964 
SCL #err deg : 6632 / 8900
SCL #err weighted degeneracy : 6550 6541 6560 6576 6589 6588 
degeneracy helps : 810 809 843 935 970 1013 
degeneracy worse : 728 718 771 879 927 969 
SCL #err deg : 6706 / 9000
SCL #err weighted degeneracy : 6619 6610 6627 6648 6662 6661 
degeneracy helps : 823 821 858 946 982 1024 
degeneracy worse : 736 725 779 888 938 979 
SCL #err deg : 6782 / 9100
SCL #err weighted degeneracy : 6697 6687 6705 6723 6738 6736 
degeneracy helps : 831 830 866 956 992 1034 
degeneracy worse : 746 735 789 897 948 988 
SCL #err deg : 6860 / 9200
SCL #err weighted degeneracy : 6774 6762 6781 6799 6814 6813 
degeneracy helps : 839 839 876 966 1002 1046 
degeneracy worse : 753 741 797 905 956 999 
SCL #err deg : 6936 / 9300
SCL #err weighted degeneracy : 6845 6833 6851 6871 6885 6886 
degeneracy helps : 852 851 890 979 1016 1059 
degeneracy worse : 761 748 805 914 965 1009 
SCL #err deg : 7010 / 9400
SCL #err weighted degeneracy : 6916 6905 6922 6943 6958 6959 
degeneracy helps : 862 860 900 988 1026 1070 
degeneracy worse : 768 755 812 921 974 1019 
SCL #err deg : 7081 / 9500
SCL #err weighted degeneracy : 6989 6977 6995 7015 7030 7030 
degeneracy helps : 871 870 909 998 1036 1080 
degeneracy worse : 779 766 823 932 985 1029 
SCL #err deg : 7159 / 9600
SCL #err weighted degeneracy : 7063 7053 7068 7089 7107 7107 
degeneracy helps : 881 878 920 1011 1049 1095 
degeneracy worse : 785 772 829 941 997 1043 
SCL #err deg : 7235 / 9700
SCL #err weighted degeneracy : 7144 7133 7149 7169 7190 7188 
degeneracy helps : 887 884 927 1019 1056 1103 
degeneracy worse : 796 782 841 953 1011 1056 
SCL #err deg : 7304 / 9800
SCL #err weighted degeneracy : 7222 7210 7226 7241 7261 7258 
degeneracy helps : 895 892 935 1031 1068 1117 
degeneracy worse : 813 798 857 968 1025 1071 
SCL #err deg : 7379 / 9900
SCL #err weighted degeneracy : 7296 7284 7304 7322 7344 7340 
degeneracy helps : 907 904 945 1040 1075 1125 
degeneracy worse : 824 809 870 983 1040 1086 
SCL #err deg : 7461 / 10000
SCL #err weighted degeneracy : 7377 7362 7387 7401 7423 7419 
degeneracy helps : 916 915 952 1050 1085 1135 
degeneracy worse : 832 816 878 990 1047 1093 
average #flips: 92.2061
SCL #err considering degeneracy: 7461
error due to equal 0
error due to SCL smaller 7461
Finish in 5046 s
