Simulation Polar syndrome FASTER N=512, K=257, l=128, pz=0.15, #samples=10000, seed=87
PW construction
Event generator random seed: 87
SCL #err deg : 69 / 100
SCL #err weighted degeneracy : 68 67 67 67 66 65 
degeneracy helps : 10 10 10 11 13 14 
degeneracy worse : 9 8 8 9 10 10 
SCL #err deg : 140 / 200
SCL #err weighted degeneracy : 141 141 140 138 138 138 
degeneracy helps : 14 13 15 18 19 20 
degeneracy worse : 15 14 15 16 17 18 
SCL #err deg : 212 / 300
SCL #err weighted degeneracy : 209 211 209 208 211 211 
degeneracy helps : 23 21 23 26 27 29 
degeneracy worse : 20 20 20 22 26 28 
SCL #err deg : 289 / 400
SCL #err weighted degeneracy : 285 288 283 281 287 286 
degeneracy helps : 30 27 31 36 34 36 
degeneracy worse : 26 26 25 28 32 33 
SCL #err deg : 357 / 500
SCL #err weighted degeneracy : 349 353 348 345 353 353 
degeneracy helps : 39 35 40 46 43 46 
degeneracy worse : 31 31 31 34 39 42 
SCL #err deg : 428 / 600
SCL #err weighted degeneracy : 415 420 415 410 418 419 
degeneracy helps : 51 47 53 60 58 60 
degeneracy worse : 38 39 40 42 48 51 
SCL #err deg : 505 / 700
SCL #err weighted degeneracy : 493 498 493 486 492 494 
degeneracy helps : 58 54 61 71 71 72 
degeneracy worse : 46 47 49 52 58 61 
SCL #err deg : 578 / 800
SCL #err weighted degeneracy : 566 571 566 555 561 563 
degeneracy helps : 64 60 67 81 81 82 
degeneracy worse : 52 53 55 58 64 67 
SCL #err deg : 649 / 900
SCL #err weighted degeneracy : 644 649 644 633 638 640 
degeneracy helps : 68 64 71 86 86 87 
degeneracy worse : 63 64 66 70 75 78 
SCL #err deg : 717 / 1000
SCL #err weighted degeneracy : 708 715 710 699 703 704 
degeneracy helps : 78 73 80 95 96 98 
degeneracy worse : 70 71 73 77 82 85 
SCL #err deg : 788 / 1100
SCL #err weighted degeneracy : 775 781 777 763 766 767 
degeneracy helps : 91 87 94 111 113 115 
degeneracy worse : 79 80 83 86 91 94 
SCL #err deg : 853 / 1200
SCL #err weighted degeneracy : 839 844 842 829 832 835 
degeneracy helps : 103 98 103 119 121 122 
degeneracy worse : 90 89 92 95 100 104 
SCL #err deg : 920 / 1300
SCL #err weighted degeneracy : 906 911 910 897 901 904 
degeneracy helps : 111 106 111 128 130 131 
degeneracy worse : 98 97 101 105 111 115 
SCL #err deg : 990 / 1400
SCL #err weighted degeneracy : 967 974 974 961 964 968 
degeneracy helps : 125 119 124 141 144 144 
degeneracy worse : 103 103 108 112 118 122 
SCL #err deg : 1056 / 1500
SCL #err weighted degeneracy : 1031 1038 1041 1028 1032 1036 
degeneracy helps : 134 128 131 150 153 154 
degeneracy worse : 110 110 116 122 129 134 
SCL #err deg : 1128 / 1600
SCL #err weighted degeneracy : 1100 1107 1110 1098 1102 1107 
degeneracy helps : 147 141 143 163 166 166 
degeneracy worse : 120 120 125 133 140 145 
SCL #err deg : 1210 / 1700
SCL #err weighted degeneracy : 1181 1188 1190 1179 1183 1188 
degeneracy helps : 152 146 149 169 173 173 
degeneracy worse : 124 124 129 138 146 151 
SCL #err deg : 1288 / 1800
SCL #err weighted degeneracy : 1251 1259 1259 1245 1250 1254 
degeneracy helps : 165 158 163 184 187 187 
degeneracy worse : 129 129 134 141 149 153 
SCL #err deg : 1356 / 1900
SCL #err weighted degeneracy : 1318 1326 1329 1315 1320 1322 
degeneracy helps : 173 166 171 194 197 197 
degeneracy worse : 136 136 144 153 161 163 
SCL #err deg : 1421 / 2000
SCL #err weighted degeneracy : 1384 1395 1395 1379 1382 1384 
degeneracy helps : 181 172 181 204 209 209 
degeneracy worse : 145 146 155 162 170 172 
SCL #err deg : 1486 / 2100
SCL #err weighted degeneracy : 1457 1468 1467 1451 1454 1457 
degeneracy helps : 185 176 185 207 212 213 
degeneracy worse : 157 158 166 172 180 184 
SCL #err deg : 1554 / 2200
SCL #err weighted degeneracy : 1533 1542 1543 1527 1530 1533 
degeneracy helps : 193 185 191 212 217 218 
degeneracy worse : 173 173 180 185 193 197 
SCL #err deg : 1625 / 2300
SCL #err weighted degeneracy : 1601 1608 1614 1601 1603 1605 
degeneracy helps : 204 196 201 221 227 228 
degeneracy worse : 181 179 190 197 205 208 
SCL #err deg : 1692 / 2400
SCL #err weighted degeneracy : 1669 1677 1683 1673 1673 1677 
degeneracy helps : 212 204 209 228 235 235 
degeneracy worse : 190 189 200 209 216 220 
SCL #err deg : 1762 / 2500
SCL #err weighted degeneracy : 1740 1748 1754 1742 1741 1745 
degeneracy helps : 219 211 215 236 243 243 
degeneracy worse : 198 197 207 216 222 226 
SCL #err deg : 1834 / 2600
SCL #err weighted degeneracy : 1816 1824 1829 1817 1814 1816 
degeneracy helps : 224 216 222 245 253 253 
degeneracy worse : 207 206 217 228 233 235 
SCL #err deg : 1894 / 2700
SCL #err weighted degeneracy : 1882 1891 1896 1886 1883 1882 
degeneracy helps : 231 222 228 252 260 263 
degeneracy worse : 220 219 230 244 249 251 
SCL #err deg : 1964 / 2800
SCL #err weighted degeneracy : 1952 1959 1968 1959 1955 1954 
degeneracy helps : 240 232 237 261 269 272 
degeneracy worse : 229 227 241 256 260 262 
SCL #err deg : 2044 / 2900
SCL #err weighted degeneracy : 2029 2038 2047 2038 2032 2031 
degeneracy helps : 248 239 245 269 279 282 
degeneracy worse : 234 233 248 263 267 269 
SCL #err deg : 2111 / 3000
SCL #err weighted degeneracy : 2096 2105 2114 2107 2101 2101 
degeneracy helps : 258 249 256 280 290 293 
degeneracy worse : 244 243 259 276 280 283 
SCL #err deg : 2181 / 3100
SCL #err weighted degeneracy : 2171 2180 2190 2179 2173 2175 
degeneracy helps : 265 256 262 288 298 299 
degeneracy worse : 256 255 271 286 290 293 
SCL #err deg : 2250 / 3200
SCL #err weighted degeneracy : 2239 2247 2258 2248 2244 2245 
degeneracy helps : 275 267 273 299 307 309 
degeneracy worse : 265 264 281 297 301 304 
SCL #err deg : 2315 / 3300
SCL #err weighted degeneracy : 2311 2319 2327 2318 2313 2312 
degeneracy helps : 280 272 279 305 313 315 
degeneracy worse : 277 276 291 308 311 312 
SCL #err deg : 2386 / 3400
SCL #err weighted degeneracy : 2376 2385 2392 2381 2374 2375 
degeneracy helps : 294 285 294 321 330 330 
degeneracy worse : 285 284 300 316 318 319 
SCL #err deg : 2459 / 3500
SCL #err weighted degeneracy : 2450 2460 2466 2455 2448 2449 
degeneracy helps : 304 294 302 329 338 339 
degeneracy worse : 296 295 309 325 327 329 
SCL #err deg : 2537 / 3600
SCL #err weighted degeneracy : 2520 2531 2537 2526 2518 2519 
degeneracy helps : 318 308 315 342 352 354 
degeneracy worse : 302 302 315 331 333 336 
SCL #err deg : 2601 / 3700
SCL #err weighted degeneracy : 2582 2593 2598 2586 2579 2581 
degeneracy helps : 326 316 324 352 362 365 
degeneracy worse : 308 308 321 337 340 345 
SCL #err deg : 2678 / 3800
SCL #err weighted degeneracy : 2653 2664 2664 2652 2645 2646 
degeneracy helps : 337 327 338 366 377 381 
degeneracy worse : 313 313 324 340 344 349 
SCL #err deg : 2738 / 3900
SCL #err weighted degeneracy : 2724 2734 2733 2721 2716 2716 
degeneracy helps : 340 330 341 369 379 383 
degeneracy worse : 327 326 336 352 357 361 
SCL #err deg : 2806 / 4000
SCL #err weighted degeneracy : 2794 2804 2803 2787 2783 2784 
degeneracy helps : 348 338 349 381 390 393 
degeneracy worse : 337 336 346 362 367 371 
SCL #err deg : 2878 / 4100
SCL #err weighted degeneracy : 2863 2873 2874 2857 2853 2855 
degeneracy helps : 357 347 358 392 401 403 
degeneracy worse : 343 342 354 371 376 380 
SCL #err deg : 2955 / 4200
SCL #err weighted degeneracy : 2941 2951 2952 2930 2925 2926 
degeneracy helps : 364 354 366 404 413 416 
degeneracy worse : 351 350 363 379 383 387 
SCL #err deg : 3030 / 4300
SCL #err weighted degeneracy : 3011 3021 3022 3002 2998 3000 
degeneracy helps : 373 363 375 411 419 423 
degeneracy worse : 355 354 367 383 387 393 
SCL #err deg : 3103 / 4400
SCL #err weighted degeneracy : 3080 3088 3093 3074 3065 3067 
degeneracy helps : 386 376 387 423 435 438 
degeneracy worse : 364 361 377 394 397 402 
SCL #err deg : 3172 / 4500
SCL #err weighted degeneracy : 3151 3159 3164 3145 3140 3141 
degeneracy helps : 395 385 396 433 442 445 
degeneracy worse : 375 372 388 406 410 414 
SCL #err deg : 3241 / 4600
SCL #err weighted degeneracy : 3224 3232 3235 3216 3213 3213 
degeneracy helps : 402 393 403 440 448 452 
degeneracy worse : 386 384 397 415 420 424 
SCL #err deg : 3312 / 4700
SCL #err weighted degeneracy : 3295 3303 3309 3285 3281 3283 
degeneracy helps : 413 404 414 455 463 466 
degeneracy worse : 397 395 411 428 432 437 
SCL #err deg : 3384 / 4800
SCL #err weighted degeneracy : 3365 3373 3380 3353 3350 3352 
degeneracy helps : 421 412 422 466 474 477 
degeneracy worse : 403 401 418 435 440 445 
SCL #err deg : 3447 / 4900
SCL #err weighted degeneracy : 3425 3432 3444 3416 3414 3417 
degeneracy helps : 430 421 431 476 483 486 
degeneracy worse : 409 406 428 445 450 456 
SCL #err deg : 3520 / 5000
SCL #err weighted degeneracy : 3501 3506 3522 3494 3491 3496 
degeneracy helps : 440 433 439 484 492 493 
degeneracy worse : 422 419 441 458 463 469 
SCL #err deg : 3591 / 5100
SCL #err weighted degeneracy : 3568 3574 3587 3557 3554 3560 
degeneracy helps : 453 445 453 499 507 507 
degeneracy worse : 431 428 449 465 470 476 
SCL #err deg : 3667 / 5200
SCL #err weighted degeneracy : 3638 3647 3657 3626 3625 3630 
degeneracy helps : 464 453 465 512 520 521 
degeneracy worse : 436 433 455 471 478 484 
SCL #err deg : 3742 / 5300
SCL #err weighted degeneracy : 3712 3720 3731 3699 3698 3703 
degeneracy helps : 476 465 477 525 533 534 
degeneracy worse : 447 443 466 482 489 495 
SCL #err deg : 3801 / 5400
SCL #err weighted degeneracy : 3777 3786 3795 3763 3763 3766 
degeneracy helps : 480 469 482 531 540 541 
degeneracy worse : 457 454 476 493 502 506 
SCL #err deg : 3877 / 5500
SCL #err weighted degeneracy : 3849 3857 3864 3831 3829 3832 
degeneracy helps : 493 483 495 545 555 556 
degeneracy worse : 466 463 482 499 507 511 
SCL #err deg : 3949 / 5600
SCL #err weighted degeneracy : 3920 3929 3935 3901 3899 3904 
degeneracy helps : 502 492 504 556 567 564 
degeneracy worse : 474 472 490 508 517 519 
SCL #err deg : 4013 / 5700
SCL #err weighted degeneracy : 3982 3994 3998 3959 3956 3961 
degeneracy helps : 510 498 512 569 580 577 
degeneracy worse : 480 479 497 515 523 525 
SCL #err deg : 4086 / 5800
SCL #err weighted degeneracy : 4057 4068 4073 4032 4031 4034 
degeneracy helps : 515 504 518 577 588 587 
degeneracy worse : 487 486 505 523 533 535 
SCL #err deg : 4153 / 5900
SCL #err weighted degeneracy : 4122 4132 4140 4101 4100 4103 
degeneracy helps : 524 514 526 583 595 594 
degeneracy worse : 494 493 513 531 542 544 
SCL #err deg : 4224 / 6000
SCL #err weighted degeneracy : 4196 4207 4215 4176 4174 4178 
degeneracy helps : 531 520 533 590 603 601 
degeneracy worse : 504 503 524 542 553 555 
SCL #err deg : 4298 / 6100
SCL #err weighted degeneracy : 4266 4276 4285 4248 4247 4251 
degeneracy helps : 541 530 544 599 612 610 
degeneracy worse : 510 508 531 549 561 563 
SCL #err deg : 4368 / 6200
SCL #err weighted degeneracy : 4337 4345 4355 4317 4314 4319 
degeneracy helps : 550 540 553 610 626 624 
degeneracy worse : 520 517 540 559 572 575 
SCL #err deg : 4437 / 6300
SCL #err weighted degeneracy : 4411 4418 4426 4390 4387 4393 
degeneracy helps : 556 546 562 620 636 632 
degeneracy worse : 531 527 551 573 586 588 
SCL #err deg : 4505 / 6400
SCL #err weighted degeneracy : 4480 4486 4495 4459 4456 4462 
degeneracy helps : 562 553 569 628 644 641 
degeneracy worse : 538 534 559 582 595 598 
SCL #err deg : 4574 / 6500
SCL #err weighted degeneracy : 4548 4554 4562 4521 4520 4527 
degeneracy helps : 570 560 578 642 658 654 
degeneracy worse : 545 540 566 589 604 607 
SCL #err deg : 4642 / 6600
SCL #err weighted degeneracy : 4613 4619 4626 4583 4583 4593 
degeneracy helps : 582 572 591 656 670 664 
degeneracy worse : 554 549 575 597 611 615 
SCL #err deg : 4711 / 6700
SCL #err weighted degeneracy : 4684 4691 4698 4658 4659 4668 
degeneracy helps : 587 577 596 661 675 669 
degeneracy worse : 561 557 583 608 623 626 
SCL #err deg : 4780 / 6800
SCL #err weighted degeneracy : 4751 4758 4766 4729 4734 4745 
degeneracy helps : 597 587 606 672 683 677 
degeneracy worse : 569 565 592 621 637 642 
SCL #err deg : 4850 / 6900
SCL #err weighted degeneracy : 4817 4824 4830 4792 4797 4807 
degeneracy helps : 608 598 621 687 697 692 
degeneracy worse : 576 572 601 629 644 649 
SCL #err deg : 4929 / 7000
SCL #err weighted degeneracy : 4886 4891 4899 4862 4867 4879 
degeneracy helps : 621 612 636 702 712 706 
degeneracy worse : 579 574 606 635 650 656 
SCL #err deg : 4990 / 7100
SCL #err weighted degeneracy : 4945 4950 4957 4919 4924 4936 
degeneracy helps : 630 621 647 712 722 717 
degeneracy worse : 586 581 614 641 656 663 
SCL #err deg : 5060 / 7200
SCL #err weighted degeneracy : 5014 5021 5024 4985 4989 4999 
degeneracy helps : 639 629 658 724 735 731 
degeneracy worse : 594 590 622 649 664 670 
SCL #err deg : 5132 / 7300
SCL #err weighted degeneracy : 5082 5090 5092 5052 5058 5071 
degeneracy helps : 648 637 668 735 746 740 
degeneracy worse : 599 595 628 655 672 679 
SCL #err deg : 5208 / 7400
SCL #err weighted degeneracy : 5150 5160 5162 5122 5130 5144 
degeneracy helps : 661 648 681 749 758 751 
degeneracy worse : 604 600 635 663 680 687 
SCL #err deg : 5279 / 7500
SCL #err weighted degeneracy : 5218 5228 5229 5188 5198 5212 
degeneracy helps : 674 661 697 765 774 768 
degeneracy worse : 614 610 647 674 693 701 
SCL #err deg : 5348 / 7600
SCL #err weighted degeneracy : 5289 5298 5300 5258 5268 5282 
degeneracy helps : 683 670 706 775 785 780 
degeneracy worse : 625 620 658 685 705 714 
SCL #err deg : 5415 / 7700
SCL #err weighted degeneracy : 5361 5369 5371 5328 5338 5352 
degeneracy helps : 689 676 713 783 794 789 
degeneracy worse : 636 630 669 696 717 726 
SCL #err deg : 5485 / 7800
SCL #err weighted degeneracy : 5433 5441 5443 5398 5408 5423 
degeneracy helps : 698 685 723 795 806 800 
degeneracy worse : 647 641 681 708 729 738 
SCL #err deg : 5549 / 7900
SCL #err weighted degeneracy : 5501 5508 5507 5462 5470 5484 
degeneracy helps : 703 690 731 804 816 811 
degeneracy worse : 656 649 689 717 737 746 
SCL #err deg : 5619 / 8000
SCL #err weighted degeneracy : 5572 5579 5574 5526 5535 5554 
degeneracy helps : 712 699 744 820 831 823 
degeneracy worse : 666 659 699 727 747 758 
SCL #err deg : 5693 / 8100
SCL #err weighted degeneracy : 5645 5653 5646 5600 5609 5627 
degeneracy helps : 721 707 754 828 839 831 
degeneracy worse : 674 667 707 735 755 765 
SCL #err deg : 5762 / 8200
SCL #err weighted degeneracy : 5718 5725 5714 5670 5678 5694 
degeneracy helps : 727 713 763 838 850 843 
degeneracy worse : 684 676 715 746 766 775 
SCL #err deg : 5842 / 8300
SCL #err weighted degeneracy : 5794 5801 5791 5745 5752 5766 
degeneracy helps : 736 722 772 850 863 857 
degeneracy worse : 689 681 721 753 773 781 
SCL #err deg : 5912 / 8400
SCL #err weighted degeneracy : 5861 5867 5856 5807 5814 5828 
degeneracy helps : 751 738 788 867 880 874 
degeneracy worse : 701 693 732 762 782 790 
SCL #err deg : 5986 / 8500
SCL #err weighted degeneracy : 5931 5937 5927 5879 5886 5902 
degeneracy helps : 766 753 803 881 894 888 
degeneracy worse : 712 704 744 774 794 804 
SCL #err deg : 6061 / 8600
SCL #err weighted degeneracy : 6006 6013 6002 5953 5959 5976 
degeneracy helps : 771 757 809 888 902 896 
degeneracy worse : 717 709 750 780 800 811 
SCL #err deg : 6135 / 8700
SCL #err weighted degeneracy : 6072 6080 6068 6019 6028 6045 
degeneracy helps : 783 768 821 900 912 907 
degeneracy worse : 721 713 754 784 805 817 
SCL #err deg : 6209 / 8800
SCL #err weighted degeneracy : 6143 6151 6137 6089 6095 6114 
degeneracy helps : 793 778 833 914 929 924 
degeneracy worse : 728 720 761 794 815 829 
SCL #err deg : 6280 / 8900
SCL #err weighted degeneracy : 6217 6225 6212 6163 6169 6188 
degeneracy helps : 799 783 839 922 939 934 
degeneracy worse : 737 728 771 805 828 842 
SCL #err deg : 6348 / 9000
SCL #err weighted degeneracy : 6285 6292 6282 6235 6242 6261 
degeneracy helps : 810 794 849 931 947 941 
degeneracy worse : 748 738 783 818 841 854 
SCL #err deg : 6419 / 9100
SCL #err weighted degeneracy : 6352 6357 6347 6303 6312 6333 
degeneracy helps : 820 805 861 941 956 950 
degeneracy worse : 754 743 789 825 849 864 
SCL #err deg : 6494 / 9200
SCL #err weighted degeneracy : 6422 6429 6417 6373 6382 6402 
degeneracy helps : 832 816 874 954 968 963 
degeneracy worse : 761 751 797 833 856 871 
SCL #err deg : 6568 / 9300
SCL #err weighted degeneracy : 6493 6501 6488 6444 6453 6474 
degeneracy helps : 842 825 885 965 979 974 
degeneracy worse : 768 758 805 841 864 880 
SCL #err deg : 6638 / 9400
SCL #err weighted degeneracy : 6560 6571 6556 6513 6523 6544 
degeneracy helps : 854 835 898 977 990 985 
degeneracy worse : 778 769 816 852 875 891 
SCL #err deg : 6715 / 9500
SCL #err weighted degeneracy : 6632 6642 6628 6586 6596 6617 
degeneracy helps : 865 847 908 988 1001 996 
degeneracy worse : 784 775 821 859 882 898 
SCL #err deg : 6786 / 9600
SCL #err weighted degeneracy : 6708 6717 6703 6659 6668 6690 
degeneracy helps : 871 856 914 995 1008 1003 
degeneracy worse : 795 788 831 868 890 907 
SCL #err deg : 6859 / 9700
SCL #err weighted degeneracy : 6770 6778 6767 6724 6732 6750 
degeneracy helps : 888 873 932 1012 1026 1025 
degeneracy worse : 801 793 840 877 899 916 
SCL #err deg : 6931 / 9800
SCL #err weighted degeneracy : 6838 6846 6833 6790 6798 6816 
degeneracy helps : 899 883 946 1025 1039 1038 
degeneracy worse : 808 799 848 884 906 923 
SCL #err deg : 7002 / 9900
SCL #err weighted degeneracy : 6911 6918 6904 6857 6863 6882 
degeneracy helps : 908 892 957 1040 1055 1054 
degeneracy worse : 819 809 859 895 916 934 
SCL #err deg : 7070 / 10000
SCL #err weighted degeneracy : 6973 6980 6967 6920 6925 6944 
degeneracy helps : 923 907 972 1056 1071 1069 
degeneracy worse : 828 818 869 906 926 943 
average #flips: 76.8073
SCL #err considering degeneracy: 7070
error due to equal 12
error due to SCL smaller 7058
Finish in 5019 s
