Simulation Polar syndrome FASTER N=512, K=257, l=128, pz=0.17, #samples=10000, seed=87
PW construction
Event generator random seed: 87
SCL #err deg : 75 / 100
SCL #err weighted degeneracy : 86 86 86 85 86 85 
degeneracy helps : 3 3 3 4 3 3 
degeneracy worse : 14 14 14 14 14 13 
SCL #err deg : 156 / 200
SCL #err weighted degeneracy : 161 161 160 157 154 152 
degeneracy helps : 15 16 16 19 22 24 
degeneracy worse : 20 21 20 20 20 20 
SCL #err deg : 225 / 300
SCL #err weighted degeneracy : 238 238 237 234 232 231 
degeneracy helps : 23 24 24 28 30 34 
degeneracy worse : 36 37 36 37 37 40 
SCL #err deg : 306 / 400
SCL #err weighted degeneracy : 316 317 316 312 310 309 
degeneracy helps : 34 34 35 41 44 48 
degeneracy worse : 44 45 45 47 48 51 
SCL #err deg : 384 / 500
SCL #err weighted degeneracy : 397 398 398 392 390 388 
degeneracy helps : 39 38 40 48 51 56 
degeneracy worse : 52 52 54 56 57 60 
SCL #err deg : 457 / 600
SCL #err weighted degeneracy : 469 472 469 465 463 461 
degeneracy helps : 46 43 48 57 60 65 
degeneracy worse : 58 58 60 65 66 69 
SCL #err deg : 531 / 700
SCL #err weighted degeneracy : 542 546 543 537 536 529 
degeneracy helps : 55 51 57 69 72 81 
degeneracy worse : 66 66 69 75 77 79 
SCL #err deg : 609 / 800
SCL #err weighted degeneracy : 621 627 619 613 612 604 
degeneracy helps : 63 58 68 80 83 93 
degeneracy worse : 75 76 78 84 86 88 
SCL #err deg : 687 / 900
SCL #err weighted degeneracy : 697 704 696 687 686 678 
degeneracy helps : 73 67 78 93 96 106 
degeneracy worse : 83 84 87 93 95 97 
SCL #err deg : 757 / 1000
SCL #err weighted degeneracy : 771 778 770 765 764 757 
degeneracy helps : 77 71 82 96 99 109 
degeneracy worse : 91 92 95 104 106 109 
SCL #err deg : 830 / 1100
SCL #err weighted degeneracy : 845 851 843 837 836 828 
degeneracy helps : 84 78 90 106 108 119 
degeneracy worse : 99 99 103 113 114 117 
SCL #err deg : 910 / 1200
SCL #err weighted degeneracy : 918 925 917 909 909 899 
degeneracy helps : 99 92 105 122 123 136 
degeneracy worse : 107 107 112 121 122 125 
SCL #err deg : 988 / 1300
SCL #err weighted degeneracy : 991 999 991 985 983 972 
degeneracy helps : 107 99 112 130 134 148 
degeneracy worse : 110 110 115 127 129 132 
SCL #err deg : 1061 / 1400
SCL #err weighted degeneracy : 1053 1059 1051 1050 1045 1037 
degeneracy helps : 123 116 128 146 153 165 
degeneracy worse : 115 114 118 135 137 141 
SCL #err deg : 1136 / 1500
SCL #err weighted degeneracy : 1125 1130 1124 1122 1117 1110 
degeneracy helps : 131 124 137 156 164 176 
degeneracy worse : 120 118 125 142 145 150 
SCL #err deg : 1205 / 1600
SCL #err weighted degeneracy : 1193 1197 1194 1190 1187 1181 
degeneracy helps : 139 132 144 165 173 185 
degeneracy worse : 127 124 133 150 155 161 
SCL #err deg : 1280 / 1700
SCL #err weighted degeneracy : 1264 1269 1265 1260 1259 1254 
degeneracy helps : 149 142 154 176 182 194 
degeneracy worse : 133 131 139 156 161 168 
SCL #err deg : 1355 / 1800
SCL #err weighted degeneracy : 1341 1345 1341 1335 1335 1329 
degeneracy helps : 156 148 162 186 191 204 
degeneracy worse : 142 138 148 166 171 178 
SCL #err deg : 1425 / 1900
SCL #err weighted degeneracy : 1408 1413 1407 1404 1403 1397 
degeneracy helps : 165 156 174 199 204 217 
degeneracy worse : 148 144 156 178 182 189 
SCL #err deg : 1506 / 2000
SCL #err weighted degeneracy : 1484 1490 1481 1476 1474 1466 
degeneracy helps : 175 165 186 212 218 234 
degeneracy worse : 153 149 161 182 186 194 
SCL #err deg : 1582 / 2100
SCL #err weighted degeneracy : 1564 1569 1560 1558 1555 1545 
degeneracy helps : 180 171 192 218 224 243 
degeneracy worse : 162 158 170 194 197 206 
SCL #err deg : 1654 / 2200
SCL #err weighted degeneracy : 1638 1645 1632 1629 1628 1617 
degeneracy helps : 188 179 202 229 234 253 
degeneracy worse : 172 170 180 204 208 216 
SCL #err deg : 1721 / 2300
SCL #err weighted degeneracy : 1711 1719 1707 1704 1702 1690 
degeneracy helps : 194 185 208 236 242 262 
degeneracy worse : 184 183 194 219 223 231 
SCL #err deg : 1787 / 2400
SCL #err weighted degeneracy : 1782 1790 1778 1776 1775 1761 
degeneracy helps : 200 191 214 242 248 268 
degeneracy worse : 195 194 205 231 236 242 
SCL #err deg : 1871 / 2500
SCL #err weighted degeneracy : 1863 1870 1858 1858 1859 1844 
degeneracy helps : 210 202 225 252 258 278 
degeneracy worse : 202 201 212 239 246 251 
SCL #err deg : 1949 / 2600
SCL #err weighted degeneracy : 1939 1947 1935 1933 1935 1920 
degeneracy helps : 217 208 233 262 268 289 
degeneracy worse : 207 206 219 246 254 260 
SCL #err deg : 2028 / 2700
SCL #err weighted degeneracy : 2015 2023 2012 2009 2011 1996 
degeneracy helps : 223 214 240 271 277 298 
degeneracy worse : 210 209 224 252 260 266 
SCL #err deg : 2092 / 2800
SCL #err weighted degeneracy : 2085 2093 2080 2077 2078 2064 
degeneracy helps : 228 218 246 279 285 306 
degeneracy worse : 221 219 234 264 271 278 
SCL #err deg : 2155 / 2900
SCL #err weighted degeneracy : 2153 2159 2147 2145 2147 2132 
degeneracy helps : 235 225 252 285 292 313 
degeneracy worse : 233 229 244 275 284 290 
SCL #err deg : 2221 / 3000
SCL #err weighted degeneracy : 2217 2225 2213 2214 2216 2202 
degeneracy helps : 243 231 261 295 303 324 
degeneracy worse : 239 235 253 288 298 305 
SCL #err deg : 2294 / 3100
SCL #err weighted degeneracy : 2287 2294 2284 2285 2291 2278 
degeneracy helps : 248 237 267 302 309 330 
degeneracy worse : 241 237 257 293 306 314 
SCL #err deg : 2374 / 3200
SCL #err weighted degeneracy : 2359 2368 2355 2355 2360 2348 
degeneracy helps : 259 246 279 314 322 344 
degeneracy worse : 244 240 260 295 308 318 
SCL #err deg : 2451 / 3300
SCL #err weighted degeneracy : 2437 2447 2434 2434 2441 2428 
degeneracy helps : 267 254 286 321 328 351 
degeneracy worse : 253 250 269 304 318 328 
SCL #err deg : 2524 / 3400
SCL #err weighted degeneracy : 2514 2524 2510 2508 2516 2500 
degeneracy helps : 271 258 290 327 333 358 
degeneracy worse : 261 258 276 311 325 334 
SCL #err deg : 2599 / 3500
SCL #err weighted degeneracy : 2590 2600 2586 2579 2589 2573 
degeneracy helps : 280 266 300 341 345 370 
degeneracy worse : 271 267 287 321 335 344 
SCL #err deg : 2674 / 3600
SCL #err weighted degeneracy : 2665 2674 2662 2656 2666 2648 
degeneracy helps : 287 273 306 349 352 379 
degeneracy worse : 278 273 294 331 344 353 
SCL #err deg : 2744 / 3700
SCL #err weighted degeneracy : 2739 2747 2737 2727 2738 2721 
degeneracy helps : 292 278 311 358 361 388 
degeneracy worse : 287 281 304 341 355 365 
SCL #err deg : 2817 / 3800
SCL #err weighted degeneracy : 2812 2821 2810 2800 2809 2792 
degeneracy helps : 300 286 319 365 368 396 
degeneracy worse : 295 290 312 348 360 371 
SCL #err deg : 2885 / 3900
SCL #err weighted degeneracy : 2879 2887 2878 2869 2877 2858 
degeneracy helps : 308 295 328 373 377 407 
degeneracy worse : 302 297 321 357 369 380 
SCL #err deg : 2957 / 4000
SCL #err weighted degeneracy : 2942 2952 2941 2928 2939 2919 
degeneracy helps : 323 309 344 392 395 425 
degeneracy worse : 308 304 328 363 377 387 
SCL #err deg : 3023 / 4100
SCL #err weighted degeneracy : 3013 3023 3014 2999 3007 2990 
degeneracy helps : 328 315 349 397 401 429 
degeneracy worse : 318 315 340 373 385 396 
SCL #err deg : 3110 / 4200
SCL #err weighted degeneracy : 3092 3102 3093 3080 3087 3069 
degeneracy helps : 338 325 359 405 410 439 
degeneracy worse : 320 317 342 375 387 398 
SCL #err deg : 3187 / 4300
SCL #err weighted degeneracy : 3167 3180 3167 3154 3161 3145 
degeneracy helps : 349 334 370 415 421 449 
degeneracy worse : 329 327 350 382 395 407 
SCL #err deg : 3259 / 4400
SCL #err weighted degeneracy : 3235 3249 3236 3224 3234 3219 
degeneracy helps : 359 343 380 425 429 457 
degeneracy worse : 335 333 357 390 404 417 
SCL #err deg : 3337 / 4500
SCL #err weighted degeneracy : 3312 3326 3314 3307 3316 3301 
degeneracy helps : 365 349 386 431 435 463 
degeneracy worse : 340 338 363 401 414 427 
SCL #err deg : 3416 / 4600
SCL #err weighted degeneracy : 3392 3406 3394 3387 3394 3377 
degeneracy helps : 371 355 392 438 444 474 
degeneracy worse : 347 345 370 409 422 435 
SCL #err deg : 3482 / 4700
SCL #err weighted degeneracy : 3456 3469 3460 3451 3460 3442 
degeneracy helps : 381 365 402 449 455 486 
degeneracy worse : 355 352 380 418 433 446 
SCL #err deg : 3552 / 4800
SCL #err weighted degeneracy : 3532 3546 3534 3525 3534 3516 
degeneracy helps : 387 369 409 457 463 495 
degeneracy worse : 367 363 391 430 445 459 
SCL #err deg : 3620 / 4900
SCL #err weighted degeneracy : 3600 3614 3603 3594 3603 3589 
degeneracy helps : 395 376 416 464 471 503 
degeneracy worse : 375 370 399 438 454 472 
SCL #err deg : 3692 / 5000
SCL #err weighted degeneracy : 3675 3689 3679 3671 3681 3667 
degeneracy helps : 398 379 419 468 476 510 
degeneracy worse : 381 376 406 447 465 485 
SCL #err deg : 3768 / 5100
SCL #err weighted degeneracy : 3756 3771 3760 3750 3762 3747 
degeneracy helps : 403 383 424 475 483 517 
degeneracy worse : 391 386 416 457 477 496 
SCL #err deg : 3847 / 5200
SCL #err weighted degeneracy : 3830 3846 3834 3822 3835 3817 
degeneracy helps : 413 392 436 490 497 535 
degeneracy worse : 396 391 423 465 485 505 
SCL #err deg : 3919 / 5300
SCL #err weighted degeneracy : 3903 3917 3905 3892 3906 3885 
degeneracy helps : 419 399 443 499 506 545 
degeneracy worse : 403 397 429 472 493 511 
SCL #err deg : 3988 / 5400
SCL #err weighted degeneracy : 3973 3989 3976 3967 3981 3959 
degeneracy helps : 426 404 450 506 514 554 
degeneracy worse : 411 405 438 485 507 525 
SCL #err deg : 4063 / 5500
SCL #err weighted degeneracy : 4050 4068 4053 4041 4055 4031 
degeneracy helps : 433 409 458 515 523 565 
degeneracy worse : 420 414 448 493 515 533 
SCL #err deg : 4138 / 5600
SCL #err weighted degeneracy : 4123 4140 4128 4118 4133 4110 
degeneracy helps : 444 421 468 526 534 575 
degeneracy worse : 429 423 458 506 529 547 
SCL #err deg : 4210 / 5700
SCL #err weighted degeneracy : 4199 4217 4201 4193 4211 4188 
degeneracy helps : 448 424 473 530 538 579 
degeneracy worse : 437 431 464 513 539 557 
SCL #err deg : 4284 / 5800
SCL #err weighted degeneracy : 4274 4293 4276 4267 4285 4262 
degeneracy helps : 453 428 479 536 544 586 
degeneracy worse : 443 437 471 519 545 564 
SCL #err deg : 4357 / 5900
SCL #err weighted degeneracy : 4342 4362 4347 4336 4353 4330 
degeneracy helps : 468 441 492 552 561 603 
degeneracy worse : 453 446 482 531 557 576 
SCL #err deg : 4433 / 6000
SCL #err weighted degeneracy : 4417 4437 4420 4407 4426 4401 
degeneracy helps : 477 450 503 565 574 617 
degeneracy worse : 461 454 490 539 567 585 
SCL #err deg : 4503 / 6100
SCL #err weighted degeneracy : 4488 4509 4489 4480 4497 4473 
degeneracy helps : 485 457 512 572 582 625 
degeneracy worse : 470 463 498 549 576 595 
SCL #err deg : 4587 / 6200
SCL #err weighted degeneracy : 4568 4589 4565 4557 4573 4549 
degeneracy helps : 493 464 524 584 594 637 
degeneracy worse : 474 466 502 554 580 599 
SCL #err deg : 4660 / 6300
SCL #err weighted degeneracy : 4643 4666 4644 4635 4652 4627 
degeneracy helps : 496 466 527 589 599 643 
degeneracy worse : 479 472 511 564 591 610 
SCL #err deg : 4734 / 6400
SCL #err weighted degeneracy : 4715 4739 4715 4706 4724 4699 
degeneracy helps : 503 472 535 598 608 652 
degeneracy worse : 484 477 516 570 598 617 
SCL #err deg : 4797 / 6500
SCL #err weighted degeneracy : 4787 4811 4784 4776 4791 4764 
degeneracy helps : 508 477 542 605 616 661 
degeneracy worse : 498 491 529 584 610 628 
SCL #err deg : 4870 / 6600
SCL #err weighted degeneracy : 4859 4884 4858 4848 4865 4840 
degeneracy helps : 516 484 549 613 623 667 
degeneracy worse : 505 498 537 591 618 637 
SCL #err deg : 4939 / 6700
SCL #err weighted degeneracy : 4929 4954 4929 4919 4937 4915 
degeneracy helps : 525 493 558 623 632 676 
degeneracy worse : 515 508 548 603 630 652 
SCL #err deg : 5007 / 6800
SCL #err weighted degeneracy : 5004 5028 5004 4994 5013 4990 
degeneracy helps : 530 498 563 628 637 681 
degeneracy worse : 527 519 560 615 643 664 
SCL #err deg : 5085 / 6900
SCL #err weighted degeneracy : 5084 5107 5083 5072 5092 5069 
degeneracy helps : 535 504 569 634 643 687 
degeneracy worse : 534 526 567 621 650 671 
SCL #err deg : 5161 / 7000
SCL #err weighted degeneracy : 5161 5184 5160 5149 5170 5146 
degeneracy helps : 541 511 578 645 653 698 
degeneracy worse : 541 534 577 633 662 683 
SCL #err deg : 5232 / 7100
SCL #err weighted degeneracy : 5238 5260 5235 5223 5243 5217 
degeneracy helps : 546 517 585 654 663 708 
degeneracy worse : 552 545 588 645 674 693 
SCL #err deg : 5308 / 7200
SCL #err weighted degeneracy : 5310 5332 5308 5300 5320 5292 
degeneracy helps : 557 527 595 662 671 717 
degeneracy worse : 559 551 595 654 683 701 
SCL #err deg : 5378 / 7300
SCL #err weighted degeneracy : 5385 5405 5382 5374 5395 5367 
degeneracy helps : 565 535 603 670 679 725 
degeneracy worse : 572 562 607 666 696 714 
SCL #err deg : 5448 / 7400
SCL #err weighted degeneracy : 5450 5471 5446 5437 5459 5431 
degeneracy helps : 578 547 617 685 692 739 
degeneracy worse : 580 570 615 674 703 722 
SCL #err deg : 5519 / 7500
SCL #err weighted degeneracy : 5521 5542 5518 5512 5532 5505 
degeneracy helps : 587 557 626 695 703 749 
degeneracy worse : 589 580 625 688 716 735 
SCL #err deg : 5596 / 7600
SCL #err weighted degeneracy : 5591 5611 5589 5579 5601 5575 
degeneracy helps : 598 569 635 708 716 762 
degeneracy worse : 593 584 628 691 721 741 
SCL #err deg : 5672 / 7700
SCL #err weighted degeneracy : 5657 5678 5650 5642 5666 5641 
degeneracy helps : 616 586 656 729 736 782 
degeneracy worse : 601 592 634 699 730 751 
SCL #err deg : 5743 / 7800
SCL #err weighted degeneracy : 5730 5750 5721 5715 5738 5713 
degeneracy helps : 619 590 661 735 743 789 
degeneracy worse : 606 597 639 707 738 759 
SCL #err deg : 5808 / 7900
SCL #err weighted degeneracy : 5798 5819 5790 5785 5805 5780 
degeneracy helps : 627 597 669 742 752 798 
degeneracy worse : 617 608 651 719 749 770 
SCL #err deg : 5875 / 8000
SCL #err weighted degeneracy : 5865 5887 5860 5858 5877 5851 
degeneracy helps : 637 606 678 750 761 808 
degeneracy worse : 627 618 663 733 763 784 
SCL #err deg : 5947 / 8100
SCL #err weighted degeneracy : 5935 5957 5930 5930 5949 5923 
degeneracy helps : 644 614 685 756 766 814 
degeneracy worse : 632 624 668 739 768 790 
SCL #err deg : 6023 / 8200
SCL #err weighted degeneracy : 6012 6034 6008 6009 6029 6003 
degeneracy helps : 653 623 694 765 775 823 
degeneracy worse : 642 634 679 751 781 803 
SCL #err deg : 6102 / 8300
SCL #err weighted degeneracy : 6089 6112 6085 6083 6103 6080 
degeneracy helps : 662 631 703 777 787 834 
degeneracy worse : 649 641 686 758 788 812 
SCL #err deg : 6178 / 8400
SCL #err weighted degeneracy : 6167 6190 6159 6155 6174 6152 
degeneracy helps : 669 639 714 790 800 846 
degeneracy worse : 658 651 695 767 796 820 
SCL #err deg : 6252 / 8500
SCL #err weighted degeneracy : 6238 6260 6230 6229 6246 6225 
degeneracy helps : 683 653 728 802 813 858 
degeneracy worse : 669 661 706 779 807 831 
SCL #err deg : 6331 / 8600
SCL #err weighted degeneracy : 6319 6342 6311 6310 6328 6307 
degeneracy helps : 687 656 733 808 818 863 
degeneracy worse : 675 667 713 787 815 839 
SCL #err deg : 6402 / 8700
SCL #err weighted degeneracy : 6391 6416 6384 6383 6398 6375 
degeneracy helps : 698 667 744 820 833 879 
degeneracy worse : 687 681 726 801 829 852 
SCL #err deg : 6472 / 8800
SCL #err weighted degeneracy : 6465 6489 6458 6457 6472 6449 
degeneracy helps : 704 673 752 829 844 891 
degeneracy worse : 697 690 738 814 844 868 
SCL #err deg : 6536 / 8900
SCL #err weighted degeneracy : 6532 6557 6524 6522 6538 6516 
degeneracy helps : 712 680 760 837 853 899 
degeneracy worse : 708 701 748 823 855 879 
SCL #err deg : 6614 / 9000
SCL #err weighted degeneracy : 6609 6634 6599 6597 6614 6591 
degeneracy helps : 720 688 769 846 861 908 
degeneracy worse : 715 708 754 829 861 885 
SCL #err deg : 6697 / 9100
SCL #err weighted degeneracy : 6691 6716 6679 6677 6694 6672 
degeneracy helps : 729 697 779 855 870 917 
degeneracy worse : 723 716 761 835 867 892 
SCL #err deg : 6772 / 9200
SCL #err weighted degeneracy : 6765 6789 6751 6748 6765 6742 
degeneracy helps : 735 704 788 864 879 927 
degeneracy worse : 728 721 767 840 872 897 
SCL #err deg : 6850 / 9300
SCL #err weighted degeneracy : 6838 6860 6825 6824 6842 6820 
degeneracy helps : 746 715 798 873 887 934 
degeneracy worse : 734 725 773 847 879 904 
SCL #err deg : 6924 / 9400
SCL #err weighted degeneracy : 6908 6929 6897 6898 6917 6897 
degeneracy helps : 753 723 805 881 895 942 
degeneracy worse : 737 728 778 855 888 915 
SCL #err deg : 6994 / 9500
SCL #err weighted degeneracy : 6976 6996 6964 6966 6987 6967 
degeneracy helps : 760 730 813 889 902 950 
degeneracy worse : 742 732 783 861 895 923 
SCL #err deg : 7063 / 9600
SCL #err weighted degeneracy : 7046 7067 7033 7036 7060 7042 
degeneracy helps : 768 737 822 901 912 960 
degeneracy worse : 751 741 792 874 909 939 
SCL #err deg : 7137 / 9700
SCL #err weighted degeneracy : 7116 7139 7104 7112 7135 7116 
degeneracy helps : 780 748 833 910 921 970 
degeneracy worse : 759 750 800 885 919 949 
SCL #err deg : 7217 / 9800
SCL #err weighted degeneracy : 7195 7217 7182 7183 7208 7188 
degeneracy helps : 787 756 841 925 935 985 
degeneracy worse : 765 756 806 891 926 956 
SCL #err deg : 7293 / 9900
SCL #err weighted degeneracy : 7269 7292 7256 7255 7279 7260 
degeneracy helps : 797 764 852 938 949 998 
degeneracy worse : 773 763 815 900 935 965 
SCL #err deg : 7360 / 10000
SCL #err weighted degeneracy : 7339 7362 7327 7326 7349 7330 
degeneracy helps : 805 772 858 946 957 1006 
degeneracy worse : 784 774 825 912 946 976 
average #flips: 87.0601
SCL #err considering degeneracy: 7360
error due to equal 0
error due to SCL smaller 7360
Finish in 4993 s
