Simulation Polar syndrome FASTER N=2048, K=1025, l=128, pz=0.16, #samples=10000, seed=22
PW construction
Event generator random seed: 22
SCL #err deg : 78 / 100
SCL #err weighted degeneracy : 82 79 81 83 79 79 
degeneracy helps : 2 3 3 3 6 6 
degeneracy worse : 6 4 6 8 7 7 
SCL #err deg : 152 / 200
SCL #err weighted degeneracy : 158 155 156 156 151 151 
degeneracy helps : 5 6 6 6 10 10 
degeneracy worse : 11 9 10 10 9 9 
SCL #err deg : 234 / 300
SCL #err weighted degeneracy : 237 234 237 234 229 230 
degeneracy helps : 9 10 8 11 15 14 
degeneracy worse : 12 10 11 11 10 10 
SCL #err deg : 308 / 400
SCL #err weighted degeneracy : 306 304 305 302 297 299 
degeneracy helps : 19 19 19 21 24 23 
degeneracy worse : 17 15 16 15 13 14 
SCL #err deg : 387 / 500
SCL #err weighted degeneracy : 387 383 387 385 380 382 
degeneracy helps : 21 23 20 22 25 25 
degeneracy worse : 21 19 20 20 18 20 
SCL #err deg : 464 / 600
SCL #err weighted degeneracy : 465 461 465 462 457 456 
degeneracy helps : 24 25 23 26 29 31 
degeneracy worse : 25 22 24 24 22 23 
SCL #err deg : 538 / 700
SCL #err weighted degeneracy : 541 537 542 539 534 533 
degeneracy helps : 28 29 27 30 33 35 
degeneracy worse : 31 28 31 31 29 30 
SCL #err deg : 620 / 800
SCL #err weighted degeneracy : 625 621 625 621 615 613 
degeneracy helps : 30 31 29 32 36 39 
degeneracy worse : 35 32 34 33 31 32 
SCL #err deg : 688 / 900
SCL #err weighted degeneracy : 693 690 695 692 686 684 
degeneracy helps : 34 35 33 35 40 42 
degeneracy worse : 39 37 40 39 38 38 
SCL #err deg : 765 / 1000
SCL #err weighted degeneracy : 766 762 766 765 758 757 
degeneracy helps : 41 43 41 42 47 48 
degeneracy worse : 42 40 42 42 40 40 
SCL #err deg : 833 / 1100
SCL #err weighted degeneracy : 837 833 838 834 829 826 
degeneracy helps : 46 48 45 46 50 52 
degeneracy worse : 50 48 50 47 46 45 
SCL #err deg : 908 / 1200
SCL #err weighted degeneracy : 909 905 909 907 904 901 
degeneracy helps : 54 56 53 52 54 56 
degeneracy worse : 55 53 54 51 50 49 
SCL #err deg : 991 / 1300
SCL #err weighted degeneracy : 989 985 990 988 985 982 
degeneracy helps : 59 61 57 55 58 60 
degeneracy worse : 57 55 56 52 52 51 
SCL #err deg : 1058 / 1400
SCL #err weighted degeneracy : 1055 1051 1056 1058 1053 1051 
degeneracy helps : 64 66 62 58 63 65 
degeneracy worse : 61 59 60 58 58 58 
SCL #err deg : 1140 / 1500
SCL #err weighted degeneracy : 1135 1131 1135 1140 1135 1133 
degeneracy helps : 68 70 67 61 66 67 
degeneracy worse : 63 61 62 61 61 60 
SCL #err deg : 1220 / 1600
SCL #err weighted degeneracy : 1215 1210 1218 1221 1216 1215 
degeneracy helps : 74 76 72 67 72 72 
degeneracy worse : 69 66 70 68 68 67 
SCL #err deg : 1298 / 1700
SCL #err weighted degeneracy : 1289 1284 1293 1296 1291 1291 
degeneracy helps : 81 83 78 72 77 76 
degeneracy worse : 72 69 73 70 70 69 
SCL #err deg : 1371 / 1800
SCL #err weighted degeneracy : 1364 1359 1366 1369 1365 1366 
degeneracy helps : 85 87 83 78 83 82 
degeneracy worse : 78 75 78 76 77 77 
SCL #err deg : 1447 / 1900
SCL #err weighted degeneracy : 1443 1438 1445 1448 1446 1448 
degeneracy helps : 89 90 87 81 86 85 
degeneracy worse : 85 81 85 82 85 86 
SCL #err deg : 1519 / 2000
SCL #err weighted degeneracy : 1515 1511 1518 1522 1517 1519 
degeneracy helps : 94 95 90 84 90 89 
degeneracy worse : 90 87 89 87 88 89 
SCL #err deg : 1601 / 2100
SCL #err weighted degeneracy : 1592 1588 1596 1601 1595 1598 
degeneracy helps : 100 101 95 88 96 94 
degeneracy worse : 91 88 90 88 90 91 
SCL #err deg : 1673 / 2200
SCL #err weighted degeneracy : 1660 1656 1665 1671 1665 1667 
degeneracy helps : 106 107 100 93 101 99 
degeneracy worse : 93 90 92 91 93 93 
SCL #err deg : 1744 / 2300
SCL #err weighted degeneracy : 1727 1722 1734 1739 1735 1739 
degeneracy helps : 114 115 107 101 109 105 
degeneracy worse : 97 93 97 96 100 100 
SCL #err deg : 1824 / 2400
SCL #err weighted degeneracy : 1804 1799 1809 1814 1809 1813 
degeneracy helps : 120 121 114 108 117 113 
degeneracy worse : 100 96 99 98 102 102 
SCL #err deg : 1895 / 2500
SCL #err weighted degeneracy : 1872 1867 1876 1883 1878 1879 
degeneracy helps : 126 127 121 113 122 118 
degeneracy worse : 103 99 102 101 105 102 
SCL #err deg : 1978 / 2600
SCL #err weighted degeneracy : 1952 1947 1957 1965 1960 1961 
degeneracy helps : 131 132 125 116 126 122 
degeneracy worse : 105 101 104 103 108 105 
SCL #err deg : 2054 / 2700
SCL #err weighted degeneracy : 2026 2020 2030 2038 2033 2035 
degeneracy helps : 135 137 130 121 131 126 
degeneracy worse : 107 103 106 105 110 107 
SCL #err deg : 2130 / 2800
SCL #err weighted degeneracy : 2106 2099 2109 2115 2109 2112 
degeneracy helps : 140 141 135 127 138 133 
degeneracy worse : 116 111 114 112 117 115 
SCL #err deg : 2211 / 2900
SCL #err weighted degeneracy : 2186 2179 2189 2194 2188 2191 
degeneracy helps : 143 144 138 131 142 137 
degeneracy worse : 118 113 116 114 119 117 
SCL #err deg : 2290 / 3000
SCL #err weighted degeneracy : 2264 2254 2267 2274 2269 2272 
degeneracy helps : 149 152 144 136 146 141 
degeneracy worse : 123 117 121 120 125 123 
SCL #err deg : 2368 / 3100
SCL #err weighted degeneracy : 2340 2332 2342 2350 2345 2347 
degeneracy helps : 153 155 148 139 150 146 
degeneracy worse : 125 120 122 121 127 125 
SCL #err deg : 2446 / 3200
SCL #err weighted degeneracy : 2414 2407 2417 2425 2421 2425 
degeneracy helps : 159 160 153 144 154 149 
degeneracy worse : 127 122 124 123 129 128 
SCL #err deg : 2524 / 3300
SCL #err weighted degeneracy : 2489 2483 2492 2499 2495 2499 
degeneracy helps : 163 164 157 149 159 154 
degeneracy worse : 128 124 125 124 130 129 
SCL #err deg : 2595 / 3400
SCL #err weighted degeneracy : 2560 2554 2564 2570 2567 2570 
degeneracy helps : 167 169 160 151 161 157 
degeneracy worse : 132 129 129 126 133 132 
SCL #err deg : 2669 / 3500
SCL #err weighted degeneracy : 2631 2624 2635 2642 2639 2644 
degeneracy helps : 173 175 166 156 166 161 
degeneracy worse : 135 131 132 129 136 136 
SCL #err deg : 2752 / 3600
SCL #err weighted degeneracy : 2712 2706 2718 2727 2725 2729 
degeneracy helps : 178 179 169 159 168 164 
degeneracy worse : 138 134 135 134 141 141 
SCL #err deg : 2825 / 3700
SCL #err weighted degeneracy : 2785 2778 2792 2800 2798 2803 
degeneracy helps : 181 182 172 163 172 167 
degeneracy worse : 141 136 139 138 145 145 
SCL #err deg : 2906 / 3800
SCL #err weighted degeneracy : 2866 2858 2872 2880 2878 2883 
degeneracy helps : 186 188 177 168 177 171 
degeneracy worse : 146 141 143 142 149 148 
SCL #err deg : 2975 / 3900
SCL #err weighted degeneracy : 2933 2925 2939 2946 2945 2951 
degeneracy helps : 191 193 182 174 182 176 
degeneracy worse : 149 144 146 145 152 152 
SCL #err deg : 3051 / 4000
SCL #err weighted degeneracy : 3008 2999 3014 3022 3018 3023 
degeneracy helps : 196 199 188 179 189 183 
degeneracy worse : 153 148 151 150 156 155 
SCL #err deg : 3133 / 4100
SCL #err weighted degeneracy : 3083 3075 3089 3097 3094 3100 
degeneracy helps : 205 208 197 188 197 190 
degeneracy worse : 155 151 153 152 158 157 
SCL #err deg : 3213 / 4200
SCL #err weighted degeneracy : 3163 3155 3169 3178 3173 3179 
degeneracy helps : 208 211 200 190 200 193 
degeneracy worse : 158 154 156 155 160 159 
SCL #err deg : 3294 / 4300
SCL #err weighted degeneracy : 3242 3235 3249 3256 3252 3259 
degeneracy helps : 215 217 206 197 206 198 
degeneracy worse : 163 159 161 159 164 163 
SCL #err deg : 3364 / 4400
SCL #err weighted degeneracy : 3312 3306 3318 3322 3318 3326 
degeneracy helps : 222 223 213 207 216 207 
degeneracy worse : 170 166 167 165 170 169 
SCL #err deg : 3442 / 4500
SCL #err weighted degeneracy : 3387 3381 3393 3395 3390 3398 
degeneracy helps : 228 228 219 215 225 216 
degeneracy worse : 173 168 170 168 173 172 
SCL #err deg : 3518 / 4600
SCL #err weighted degeneracy : 3459 3451 3465 3468 3464 3471 
degeneracy helps : 234 235 225 220 230 222 
degeneracy worse : 175 169 172 170 176 175 
SCL #err deg : 3598 / 4700
SCL #err weighted degeneracy : 3534 3526 3540 3546 3542 3548 
degeneracy helps : 241 242 232 224 234 226 
degeneracy worse : 177 171 174 172 178 176 
SCL #err deg : 3678 / 4800
SCL #err weighted degeneracy : 3608 3601 3615 3621 3616 3622 
degeneracy helps : 248 249 238 229 240 232 
degeneracy worse : 178 173 175 172 178 176 
SCL #err deg : 3747 / 4900
SCL #err weighted degeneracy : 3677 3671 3684 3692 3690 3697 
degeneracy helps : 254 255 243 234 244 235 
degeneracy worse : 184 180 180 179 187 185 
SCL #err deg : 3824 / 5000
SCL #err weighted degeneracy : 3753 3747 3761 3769 3768 3776 
degeneracy helps : 258 258 247 238 248 239 
degeneracy worse : 187 182 184 183 192 191 
SCL #err deg : 3899 / 5100
SCL #err weighted degeneracy : 3825 3821 3832 3840 3838 3844 
degeneracy helps : 265 264 255 246 256 248 
degeneracy worse : 191 187 188 187 195 193 
SCL #err deg : 3968 / 5200
SCL #err weighted degeneracy : 3888 3885 3895 3905 3903 3907 
degeneracy helps : 274 272 264 254 264 257 
degeneracy worse : 194 190 191 191 199 196 
SCL #err deg : 4042 / 5300
SCL #err weighted degeneracy : 3967 3964 3973 3982 3978 3982 
degeneracy helps : 277 275 267 258 268 261 
degeneracy worse : 202 198 198 198 204 201 
SCL #err deg : 4117 / 5400
SCL #err weighted degeneracy : 4040 4037 4046 4054 4049 4051 
degeneracy helps : 286 284 275 266 276 271 
degeneracy worse : 209 205 204 203 208 205 
SCL #err deg : 4186 / 5500
SCL #err weighted degeneracy : 4107 4104 4112 4119 4114 4115 
degeneracy helps : 291 289 281 272 282 278 
degeneracy worse : 212 208 207 205 210 207 
SCL #err deg : 4261 / 5600
SCL #err weighted degeneracy : 4178 4175 4182 4190 4185 4187 
degeneracy helps : 297 295 288 278 288 283 
degeneracy worse : 214 210 209 207 212 209 
SCL #err deg : 4348 / 5700
SCL #err weighted degeneracy : 4264 4261 4269 4278 4272 4273 
degeneracy helps : 302 300 293 282 292 288 
degeneracy worse : 218 214 214 212 216 213 
SCL #err deg : 4426 / 5800
SCL #err weighted degeneracy : 4345 4341 4351 4361 4354 4354 
degeneracy helps : 306 305 296 284 295 291 
degeneracy worse : 225 221 221 219 223 219 
SCL #err deg : 4499 / 5900
SCL #err weighted degeneracy : 4416 4414 4424 4433 4426 4427 
degeneracy helps : 310 308 298 288 299 294 
degeneracy worse : 227 224 223 222 226 222 
SCL #err deg : 4579 / 6000
SCL #err weighted degeneracy : 4491 4491 4498 4506 4500 4501 
degeneracy helps : 320 316 308 298 309 304 
degeneracy worse : 232 229 227 225 230 226 
SCL #err deg : 4650 / 6100
SCL #err weighted degeneracy : 4562 4562 4571 4580 4573 4574 
degeneracy helps : 324 320 312 301 312 307 
degeneracy worse : 236 233 233 231 235 231 
SCL #err deg : 4722 / 6200
SCL #err weighted degeneracy : 4634 4634 4641 4649 4642 4644 
degeneracy helps : 330 326 319 309 319 314 
degeneracy worse : 242 239 238 236 239 236 
SCL #err deg : 4791 / 6300
SCL #err weighted degeneracy : 4703 4704 4712 4720 4713 4717 
degeneracy helps : 332 328 321 312 322 316 
degeneracy worse : 244 242 242 241 244 242 
SCL #err deg : 4864 / 6400
SCL #err weighted degeneracy : 4780 4780 4787 4796 4789 4792 
degeneracy helps : 334 331 324 314 324 319 
degeneracy worse : 250 248 247 246 249 247 
SCL #err deg : 4930 / 6500
SCL #err weighted degeneracy : 4849 4850 4855 4863 4855 4858 
degeneracy helps : 338 334 329 319 329 324 
degeneracy worse : 257 255 254 252 254 252 
SCL #err deg : 5003 / 6600
SCL #err weighted degeneracy : 4922 4924 4930 4939 4931 4934 
degeneracy helps : 342 337 332 321 332 326 
degeneracy worse : 261 259 259 257 260 257 
SCL #err deg : 5078 / 6700
SCL #err weighted degeneracy : 4997 5000 5006 5017 5009 5011 
degeneracy helps : 347 341 337 324 334 329 
degeneracy worse : 266 264 265 263 265 262 
SCL #err deg : 5150 / 6800
SCL #err weighted degeneracy : 5071 5074 5080 5091 5084 5087 
degeneracy helps : 348 342 338 325 335 330 
degeneracy worse : 269 267 268 266 269 267 
SCL #err deg : 5218 / 6900
SCL #err weighted degeneracy : 5136 5141 5144 5156 5149 5150 
degeneracy helps : 356 349 346 330 341 338 
degeneracy worse : 274 273 272 268 272 270 
SCL #err deg : 5289 / 7000
SCL #err weighted degeneracy : 5206 5210 5211 5222 5211 5212 
degeneracy helps : 361 356 354 339 350 347 
degeneracy worse : 278 278 276 272 272 270 
SCL #err deg : 5360 / 7100
SCL #err weighted degeneracy : 5282 5285 5288 5298 5288 5288 
degeneracy helps : 365 360 357 342 352 349 
degeneracy worse : 287 286 285 280 280 277 
SCL #err deg : 5431 / 7200
SCL #err weighted degeneracy : 5355 5357 5360 5368 5359 5360 
degeneracy helps : 371 366 364 350 358 353 
degeneracy worse : 295 293 293 287 286 282 
SCL #err deg : 5503 / 7300
SCL #err weighted degeneracy : 5427 5427 5432 5443 5435 5438 
degeneracy helps : 376 372 369 353 360 354 
degeneracy worse : 300 297 298 293 292 289 
SCL #err deg : 5578 / 7400
SCL #err weighted degeneracy : 5502 5502 5508 5522 5515 5517 
degeneracy helps : 381 377 373 355 362 356 
degeneracy worse : 305 302 303 299 299 295 
SCL #err deg : 5651 / 7500
SCL #err weighted degeneracy : 5575 5576 5581 5595 5588 5591 
degeneracy helps : 386 382 379 360 367 360 
degeneracy worse : 310 308 309 304 304 300 
SCL #err deg : 5729 / 7600
SCL #err weighted degeneracy : 5645 5646 5650 5664 5657 5661 
degeneracy helps : 395 391 389 370 377 369 
degeneracy worse : 311 309 310 305 305 301 
SCL #err deg : 5814 / 7700
SCL #err weighted degeneracy : 5728 5729 5733 5748 5742 5746 
degeneracy helps : 399 395 393 373 379 371 
degeneracy worse : 313 311 312 307 307 303 
SCL #err deg : 5888 / 7800
SCL #err weighted degeneracy : 5802 5801 5808 5823 5816 5820 
degeneracy helps : 402 400 396 377 384 377 
degeneracy worse : 316 314 316 312 312 309 
SCL #err deg : 5963 / 7900
SCL #err weighted degeneracy : 5877 5878 5883 5897 5890 5894 
degeneracy helps : 406 404 399 381 388 381 
degeneracy worse : 320 320 319 315 315 312 
SCL #err deg : 6043 / 8000
SCL #err weighted degeneracy : 5960 5961 5965 5980 5973 5975 
degeneracy helps : 408 406 402 384 391 386 
degeneracy worse : 325 325 324 321 321 318 
SCL #err deg : 6126 / 8100
SCL #err weighted degeneracy : 6044 6045 6049 6063 6056 6058 
degeneracy helps : 412 410 406 389 396 391 
degeneracy worse : 330 330 329 326 326 323 
SCL #err deg : 6204 / 8200
SCL #err weighted degeneracy : 6123 6119 6129 6144 6139 6141 
degeneracy helps : 418 419 412 393 398 393 
degeneracy worse : 337 335 337 333 333 330 
SCL #err deg : 6280 / 8300
SCL #err weighted degeneracy : 6198 6194 6204 6219 6214 6216 
degeneracy helps : 423 424 417 397 403 398 
degeneracy worse : 341 339 341 336 337 334 
SCL #err deg : 6355 / 8400
SCL #err weighted degeneracy : 6274 6271 6276 6293 6288 6288 
degeneracy helps : 428 429 423 403 409 406 
degeneracy worse : 347 346 344 341 342 339 
SCL #err deg : 6425 / 8500
SCL #err weighted degeneracy : 6347 6342 6350 6368 6363 6362 
degeneracy helps : 433 435 427 405 411 408 
degeneracy worse : 355 353 352 348 349 345 
SCL #err deg : 6509 / 8600
SCL #err weighted degeneracy : 6431 6425 6435 6454 6449 6446 
degeneracy helps : 440 443 434 409 415 413 
degeneracy worse : 362 360 360 354 355 350 
SCL #err deg : 6585 / 8700
SCL #err weighted degeneracy : 6505 6498 6510 6527 6525 6523 
degeneracy helps : 443 447 437 414 419 417 
degeneracy worse : 363 361 362 356 359 355 
SCL #err deg : 6656 / 8800
SCL #err weighted degeneracy : 6577 6570 6581 6599 6595 6594 
degeneracy helps : 446 449 440 417 423 421 
degeneracy worse : 367 364 365 360 362 359 
SCL #err deg : 6728 / 8900
SCL #err weighted degeneracy : 6644 6637 6646 6667 6663 6663 
degeneracy helps : 456 459 450 426 431 428 
degeneracy worse : 372 369 368 365 366 363 
SCL #err deg : 6793 / 9000
SCL #err weighted degeneracy : 6710 6702 6712 6737 6733 6733 
degeneracy helps : 459 463 453 428 434 431 
degeneracy worse : 376 373 372 372 374 371 
SCL #err deg : 6873 / 9100
SCL #err weighted degeneracy : 6787 6781 6789 6813 6808 6808 
degeneracy helps : 466 470 460 436 443 440 
degeneracy worse : 380 379 376 376 378 375 
SCL #err deg : 6944 / 9200
SCL #err weighted degeneracy : 6862 6855 6863 6887 6881 6882 
degeneracy helps : 468 473 463 439 446 442 
degeneracy worse : 386 385 382 382 383 380 
SCL #err deg : 7017 / 9300
SCL #err weighted degeneracy : 6935 6928 6936 6960 6954 6953 
degeneracy helps : 474 478 469 445 452 449 
degeneracy worse : 392 390 388 388 389 385 
SCL #err deg : 7087 / 9400
SCL #err weighted degeneracy : 7008 7000 7009 7033 7025 7023 
degeneracy helps : 475 479 470 447 454 452 
degeneracy worse : 396 393 392 393 392 388 
SCL #err deg : 7158 / 9500
SCL #err weighted degeneracy : 7083 7075 7083 7104 7094 7094 
degeneracy helps : 478 483 474 452 459 456 
degeneracy worse : 403 401 399 398 395 392 
SCL #err deg : 7236 / 9600
SCL #err weighted degeneracy : 7156 7147 7155 7176 7166 7166 
degeneracy helps : 484 489 481 459 466 464 
degeneracy worse : 404 401 400 399 396 394 
SCL #err deg : 7312 / 9700
SCL #err weighted degeneracy : 7231 7222 7231 7252 7242 7241 
degeneracy helps : 488 493 485 464 471 469 
degeneracy worse : 407 404 404 404 401 398 
SCL #err deg : 7387 / 9800
SCL #err weighted degeneracy : 7309 7302 7309 7328 7320 7317 
degeneracy helps : 493 497 489 469 475 473 
degeneracy worse : 415 413 411 410 408 403 
SCL #err deg : 7467 / 9900
SCL #err weighted degeneracy : 7389 7382 7389 7408 7400 7397 
degeneracy helps : 497 502 493 474 479 478 
degeneracy worse : 419 418 415 415 412 408 
SCL #err deg : 7545 / 10000
SCL #err weighted degeneracy : 7470 7465 7469 7489 7478 7476 
degeneracy helps : 500 505 496 477 484 482 
degeneracy worse : 425 426 420 421 417 413 
average #flips: 327.608
SCL #err considering degeneracy: 7545
error due to equal 0
error due to SCL smaller 7545
Finish in 34160 s
