Simulation Polar syndrome FASTER N=2048, K=1025, l=128, pz=0.08, #samples=10000, seed=22
PW construction
Event generator random seed: 22
SCL #err deg : 0 / 100
SCL #err weighted degeneracy : 0 0 0 0 0 0 
degeneracy helps : 0 0 0 0 0 0 
degeneracy worse : 0 0 0 0 0 0 
SCL #err deg : 0 / 200
SCL #err weighted degeneracy : 0 0 0 0 0 0 
degeneracy helps : 0 0 0 0 0 0 
degeneracy worse : 0 0 0 0 0 0 
SCL #err deg : 0 / 300
SCL #err weighted degeneracy : 0 0 0 0 0 0 
degeneracy helps : 0 0 0 0 0 0 
degeneracy worse : 0 0 0 0 0 0 
SCL #err deg : 0 / 400
SCL #err weighted degeneracy : 0 0 0 1 1 1 
degeneracy helps : 0 0 0 0 0 0 
degeneracy worse : 0 0 0 1 1 1 
SCL #err deg : 0 / 500
SCL #err weighted degeneracy : 0 0 0 1 1 1 
degeneracy helps : 0 0 0 0 0 0 
degeneracy worse : 0 0 0 1 1 1 
SCL #err deg : 0 / 600
SCL #err weighted degeneracy : 0 0 0 1 1 1 
degeneracy helps : 0 0 0 0 0 0 
degeneracy worse : 0 0 0 1 1 1 
SCL #err deg : 0 / 700
SCL #err weighted degeneracy : 0 0 0 1 1 1 
degeneracy helps : 0 0 0 0 0 0 
degeneracy worse : 0 0 0 1 1 1 
SCL #err deg : 0 / 800
SCL #err weighted degeneracy : 0 0 0 1 1 1 
degeneracy helps : 0 0 0 0 0 0 
degeneracy worse : 0 0 0 1 1 1 
SCL #err deg : 0 / 900
SCL #err weighted degeneracy : 0 0 0 1 1 1 
degeneracy helps : 0 0 0 0 0 0 
degeneracy worse : 0 0 0 1 1 1 
SCL #err deg : 1 / 1000
SCL #err weighted degeneracy : 1 1 1 2 2 2 
degeneracy helps : 0 0 0 0 0 0 
degeneracy worse : 0 0 0 1 1 1 
SCL #err deg : 3 / 1100
SCL #err weighted degeneracy : 3 3 3 4 4 4 
degeneracy helps : 0 0 0 0 0 0 
degeneracy worse : 0 0 0 1 1 1 
SCL #err deg : 3 / 1200
SCL #err weighted degeneracy : 3 3 3 4 4 4 
degeneracy helps : 0 0 0 0 0 0 
degeneracy worse : 0 0 0 1 1 1 
SCL #err deg : 3 / 1300
SCL #err weighted degeneracy : 3 3 3 4 4 4 
degeneracy helps : 0 0 0 0 0 0 
degeneracy worse : 0 0 0 1 1 1 
SCL #err deg : 3 / 1400
SCL #err weighted degeneracy : 3 3 3 4 4 4 
degeneracy helps : 0 0 0 0 0 0 
degeneracy worse : 0 0 0 1 1 1 
SCL #err deg : 3 / 1500
SCL #err weighted degeneracy : 3 3 3 4 4 4 
degeneracy helps : 0 0 0 0 0 0 
degeneracy worse : 0 0 0 1 1 1 
SCL #err deg : 3 / 1600
SCL #err weighted degeneracy : 3 3 3 4 4 4 
degeneracy helps : 0 0 0 0 0 0 
degeneracy worse : 0 0 0 1 1 1 
SCL #err deg : 4 / 1700
SCL #err weighted degeneracy : 4 4 5 6 6 6 
degeneracy helps : 0 0 0 0 0 0 
degeneracy worse : 0 0 1 2 2 2 
SCL #err deg : 4 / 1800
SCL #err weighted degeneracy : 4 4 5 6 6 6 
degeneracy helps : 0 0 0 0 0 0 
degeneracy worse : 0 0 1 2 2 2 
SCL #err deg : 4 / 1900
SCL #err weighted degeneracy : 4 4 5 6 6 6 
degeneracy helps : 0 0 0 0 0 0 
degeneracy worse : 0 0 1 2 2 2 
SCL #err deg : 5 / 2000
SCL #err weighted degeneracy : 4 4 5 6 6 6 
degeneracy helps : 1 1 1 1 1 1 
degeneracy worse : 0 0 1 2 2 2 
SCL #err deg : 5 / 2100
SCL #err weighted degeneracy : 4 4 5 6 6 6 
degeneracy helps : 1 1 1 1 1 1 
degeneracy worse : 0 0 1 2 2 2 
SCL #err deg : 5 / 2200
SCL #err weighted degeneracy : 4 4 5 6 6 6 
degeneracy helps : 1 1 1 1 1 1 
degeneracy worse : 0 0 1 2 2 2 
SCL #err deg : 5 / 2300
SCL #err weighted degeneracy : 4 4 5 6 6 6 
degeneracy helps : 1 1 1 1 1 1 
degeneracy worse : 0 0 1 2 2 2 
SCL #err deg : 5 / 2400
SCL #err weighted degeneracy : 5 5 6 7 7 7 
degeneracy helps : 1 1 1 1 1 1 
degeneracy worse : 1 1 2 3 3 3 
SCL #err deg : 5 / 2500
SCL #err weighted degeneracy : 5 5 6 7 7 7 
degeneracy helps : 1 1 1 1 1 1 
degeneracy worse : 1 1 2 3 3 3 
SCL #err deg : 5 / 2600
SCL #err weighted degeneracy : 5 5 6 7 7 7 
degeneracy helps : 1 1 1 1 1 1 
degeneracy worse : 1 1 2 3 3 3 
SCL #err deg : 5 / 2700
SCL #err weighted degeneracy : 5 5 6 7 7 7 
degeneracy helps : 1 1 1 1 1 1 
degeneracy worse : 1 1 2 3 3 3 
SCL #err deg : 5 / 2800
SCL #err weighted degeneracy : 5 5 6 7 7 7 
degeneracy helps : 1 1 1 1 1 1 
degeneracy worse : 1 1 2 3 3 3 
SCL #err deg : 5 / 2900
SCL #err weighted degeneracy : 5 5 6 7 7 7 
degeneracy helps : 1 1 1 1 1 1 
degeneracy worse : 1 1 2 3 3 3 
SCL #err deg : 5 / 3000
SCL #err weighted degeneracy : 5 5 6 7 7 7 
degeneracy helps : 1 1 1 1 1 1 
degeneracy worse : 1 1 2 3 3 3 
SCL #err deg : 5 / 3100
SCL #err weighted degeneracy : 5 5 6 7 7 7 
degeneracy helps : 1 1 1 1 1 1 
degeneracy worse : 1 1 2 3 3 3 
SCL #err deg : 5 / 3200
SCL #err weighted degeneracy : 5 5 6 7 7 7 
degeneracy helps : 1 1 1 1 1 1 
degeneracy worse : 1 1 2 3 3 3 
SCL #err deg : 5 / 3300
SCL #err weighted degeneracy : 5 5 6 7 7 7 
degeneracy helps : 1 1 1 1 1 1 
degeneracy worse : 1 1 2 3 3 3 
SCL #err deg : 5 / 3400
SCL #err weighted degeneracy : 5 5 6 7 8 8 
degeneracy helps : 1 1 1 1 1 1 
degeneracy worse : 1 1 2 3 4 4 
SCL #err deg : 6 / 3500
SCL #err weighted degeneracy : 6 6 7 8 9 9 
degeneracy helps : 1 1 1 1 1 1 
degeneracy worse : 1 1 2 3 4 4 
SCL #err deg : 6 / 3600
SCL #err weighted degeneracy : 6 6 7 8 9 9 
degeneracy helps : 1 1 1 1 1 1 
degeneracy worse : 1 1 2 3 4 4 
SCL #err deg : 6 / 3700
SCL #err weighted degeneracy : 6 6 7 8 9 9 
degeneracy helps : 1 1 1 1 1 1 
degeneracy worse : 1 1 2 3 4 4 
SCL #err deg : 6 / 3800
SCL #err weighted degeneracy : 6 6 7 8 9 9 
degeneracy helps : 1 1 1 1 1 1 
degeneracy worse : 1 1 2 3 4 4 
SCL #err deg : 7 / 3900
SCL #err weighted degeneracy : 7 7 8 9 10 10 
degeneracy helps : 1 1 1 1 1 1 
degeneracy worse : 1 1 2 3 4 4 
SCL #err deg : 9 / 4000
SCL #err weighted degeneracy : 9 9 10 11 12 12 
degeneracy helps : 1 1 1 1 1 1 
degeneracy worse : 1 1 2 3 4 4 
SCL #err deg : 10 / 4100
SCL #err weighted degeneracy : 10 10 11 12 13 13 
degeneracy helps : 1 1 1 1 1 1 
degeneracy worse : 1 1 2 3 4 4 
SCL #err deg : 10 / 4200
SCL #err weighted degeneracy : 10 10 11 12 14 14 
degeneracy helps : 1 1 1 1 1 1 
degeneracy worse : 1 1 2 3 5 5 
SCL #err deg : 12 / 4300
SCL #err weighted degeneracy : 11 11 12 13 15 15 
degeneracy helps : 2 2 2 2 2 2 
degeneracy worse : 1 1 2 3 5 5 
SCL #err deg : 12 / 4400
SCL #err weighted degeneracy : 11 11 12 13 15 15 
degeneracy helps : 2 2 2 2 2 2 
degeneracy worse : 1 1 2 3 5 5 
SCL #err deg : 12 / 4500
SCL #err weighted degeneracy : 11 11 12 13 15 15 
degeneracy helps : 2 2 2 2 2 2 
degeneracy worse : 1 1 2 3 5 5 
SCL #err deg : 12 / 4600
SCL #err weighted degeneracy : 11 11 12 13 15 15 
degeneracy helps : 2 2 2 2 2 2 
degeneracy worse : 1 1 2 3 5 5 
SCL #err deg : 12 / 4700
SCL #err weighted degeneracy : 11 11 12 13 15 15 
degeneracy helps : 2 2 2 2 2 2 
degeneracy worse : 1 1 2 3 5 5 
SCL #err deg : 13 / 4800
SCL #err weighted degeneracy : 12 12 13 14 16 16 
degeneracy helps : 2 2 2 2 2 2 
degeneracy worse : 1 1 2 3 5 5 
SCL #err deg : 13 / 4900
SCL #err weighted degeneracy : 12 12 13 14 16 16 
degeneracy helps : 2 2 2 2 2 2 
degeneracy worse : 1 1 2 3 5 5 
SCL #err deg : 13 / 5000
SCL #err weighted degeneracy : 12 12 13 14 16 16 
degeneracy helps : 2 2 2 2 2 2 
degeneracy worse : 1 1 2 3 5 5 
SCL #err deg : 14 / 5100
SCL #err weighted degeneracy : 13 13 14 15 17 17 
degeneracy helps : 2 2 2 2 2 2 
degeneracy worse : 1 1 2 3 5 5 
SCL #err deg : 14 / 5200
SCL #err weighted degeneracy : 13 13 14 15 17 17 
degeneracy helps : 2 2 2 2 2 2 
degeneracy worse : 1 1 2 3 5 5 
SCL #err deg : 14 / 5300
SCL #err weighted degeneracy : 13 13 14 15 17 17 
degeneracy helps : 2 2 2 2 2 2 
degeneracy worse : 1 1 2 3 5 5 
SCL #err deg : 14 / 5400
SCL #err weighted degeneracy : 13 13 14 15 17 17 
degeneracy helps : 2 2 2 2 2 2 
degeneracy worse : 1 1 2 3 5 5 
SCL #err deg : 15 / 5500
SCL #err weighted degeneracy : 13 13 14 16 18 18 
degeneracy helps : 3 3 3 3 3 3 
degeneracy worse : 1 1 2 4 6 6 
SCL #err deg : 15 / 5600
SCL #err weighted degeneracy : 13 13 14 16 18 18 
degeneracy helps : 3 3 3 3 3 3 
degeneracy worse : 1 1 2 4 6 6 
SCL #err deg : 15 / 5700
SCL #err weighted degeneracy : 13 13 14 16 18 18 
degeneracy helps : 3 3 3 3 3 3 
degeneracy worse : 1 1 2 4 6 6 
SCL #err deg : 15 / 5800
SCL #err weighted degeneracy : 13 13 14 16 18 18 
degeneracy helps : 3 3 3 3 3 3 
degeneracy worse : 1 1 2 4 6 6 
SCL #err deg : 15 / 5900
SCL #err weighted degeneracy : 13 13 14 16 18 18 
degeneracy helps : 3 3 3 3 3 3 
degeneracy worse : 1 1 2 4 6 6 
SCL #err deg : 16 / 6000
SCL #err weighted degeneracy : 14 14 15 17 19 19 
degeneracy helps : 3 3 3 3 3 3 
degeneracy worse : 1 1 2 4 6 6 
SCL #err deg : 17 / 6100
SCL #err weighted degeneracy : 15 15 16 18 20 20 
degeneracy helps : 3 3 3 3 3 3 
degeneracy worse : 1 1 2 4 6 6 
SCL #err deg : 17 / 6200
SCL #err weighted degeneracy : 15 15 16 18 20 20 
degeneracy helps : 3 3 3 3 3 3 
degeneracy worse : 1 1 2 4 6 6 
SCL #err deg : 17 / 6300
SCL #err weighted degeneracy : 15 15 16 18 20 20 
degeneracy helps : 3 3 3 3 3 3 
degeneracy worse : 1 1 2 4 6 6 
SCL #err deg : 17 / 6400
SCL #err weighted degeneracy : 15 15 16 18 20 20 
degeneracy helps : 3 3 3 3 3 3 
degeneracy worse : 1 1 2 4 6 6 
SCL #err deg : 17 / 6500
SCL #err weighted degeneracy : 15 15 16 18 20 20 
degeneracy helps : 3 3 3 3 3 3 
degeneracy worse : 1 1 2 4 6 6 
SCL #err deg : 18 / 6600
SCL #err weighted degeneracy : 16 16 17 19 21 21 
degeneracy helps : 3 3 3 3 3 3 
degeneracy worse : 1 1 2 4 6 6 
SCL #err deg : 18 / 6700
SCL #err weighted degeneracy : 16 16 17 19 21 21 
degeneracy helps : 3 3 3 3 3 3 
degeneracy worse : 1 1 2 4 6 6 
SCL #err deg : 18 / 6800
SCL #err weighted degeneracy : 16 16 17 19 21 21 
degeneracy helps : 3 3 3 3 3 3 
degeneracy worse : 1 1 2 4 6 6 
SCL #err deg : 19 / 6900
SCL #err weighted degeneracy : 17 17 18 20 22 22 
degeneracy helps : 3 3 3 3 3 3 
degeneracy worse : 1 1 2 4 6 6 
SCL #err deg : 19 / 7000
SCL #err weighted degeneracy : 17 17 18 20 22 22 
degeneracy helps : 3 3 3 3 3 3 
degeneracy worse : 1 1 2 4 6 6 
SCL #err deg : 19 / 7100
SCL #err weighted degeneracy : 17 17 18 21 23 23 
degeneracy helps : 3 3 3 3 3 3 
degeneracy worse : 1 1 2 5 7 7 
SCL #err deg : 19 / 7200
SCL #err weighted degeneracy : 18 18 19 21 23 23 
degeneracy helps : 3 3 3 3 3 3 
degeneracy worse : 2 2 3 5 7 7 
SCL #err deg : 19 / 7300
SCL #err weighted degeneracy : 18 18 19 21 23 23 
degeneracy helps : 3 3 3 3 3 3 
degeneracy worse : 2 2 3 5 7 7 
SCL #err deg : 19 / 7400
SCL #err weighted degeneracy : 18 18 19 21 23 23 
degeneracy helps : 3 3 3 3 3 3 
degeneracy worse : 2 2 3 5 7 7 
SCL #err deg : 19 / 7500
SCL #err weighted degeneracy : 18 18 19 21 23 23 
degeneracy helps : 3 3 3 3 3 3 
degeneracy worse : 2 2 3 5 7 7 
SCL #err deg : 20 / 7600
SCL #err weighted degeneracy : 19 19 20 22 24 24 
degeneracy helps : 3 3 3 3 3 3 
degeneracy worse : 2 2 3 5 7 7 
SCL #err deg : 21 / 7700
SCL #err weighted degeneracy : 20 20 21 23 25 25 
degeneracy helps : 3 3 3 3 3 3 
degeneracy worse : 2 2 3 5 7 7 
SCL #err deg : 23 / 7800
SCL #err weighted degeneracy : 22 22 23 25 26 26 
degeneracy helps : 3 3 3 3 4 4 
degeneracy worse : 2 2 3 5 7 7 
SCL #err deg : 23 / 7900
SCL #err weighted degeneracy : 22 22 23 25 26 26 
degeneracy helps : 3 3 3 3 4 4 
degeneracy worse : 2 2 3 5 7 7 
SCL #err deg : 23 / 8000
SCL #err weighted degeneracy : 22 22 23 25 26 26 
degeneracy helps : 3 3 3 3 4 4 
degeneracy worse : 2 2 3 5 7 7 
SCL #err deg : 23 / 8100
SCL #err weighted degeneracy : 22 22 23 25 26 26 
degeneracy helps : 3 3 3 3 4 4 
degeneracy worse : 2 2 3 5 7 7 
SCL #err deg : 24 / 8200
SCL #err weighted degeneracy : 23 23 24 26 27 27 
degeneracy helps : 3 3 3 3 4 4 
degeneracy worse : 2 2 3 5 7 7 
SCL #err deg : 24 / 8300
SCL #err weighted degeneracy : 23 23 24 26 27 27 
degeneracy helps : 3 3 3 3 4 4 
degeneracy worse : 2 2 3 5 7 7 
SCL #err deg : 24 / 8400
SCL #err weighted degeneracy : 23 23 24 26 27 27 
degeneracy helps : 3 3 3 3 4 4 
degeneracy worse : 2 2 3 5 7 7 
SCL #err deg : 24 / 8500
SCL #err weighted degeneracy : 23 23 24 26 27 27 
degeneracy helps : 3 3 3 3 4 4 
degeneracy worse : 2 2 3 5 7 7 
SCL #err deg : 24 / 8600
SCL #err weighted degeneracy : 23 23 24 26 27 27 
degeneracy helps : 3 3 3 3 4 4 
degeneracy worse : 2 2 3 5 7 7 
SCL #err deg : 25 / 8700
SCL #err weighted degeneracy : 23 23 24 26 27 27 
degeneracy helps : 4 4 4 4 5 5 
degeneracy worse : 2 2 3 5 7 7 
SCL #err deg : 25 / 8800
SCL #err weighted degeneracy : 23 23 24 26 27 27 
degeneracy helps : 4 4 4 4 5 5 
degeneracy worse : 2 2 3 5 7 7 
SCL #err deg : 25 / 8900
SCL #err weighted degeneracy : 23 23 24 26 27 27 
degeneracy helps : 4 4 4 4 5 5 
degeneracy worse : 2 2 3 5 7 7 
SCL #err deg : 25 / 9000
SCL #err weighted degeneracy : 23 23 24 26 27 27 
degeneracy helps : 4 4 4 4 5 5 
degeneracy worse : 2 2 3 5 7 7 
SCL #err deg : 25 / 9100
SCL #err weighted degeneracy : 23 23 24 26 27 27 
degeneracy helps : 4 4 4 4 5 5 
degeneracy worse : 2 2 3 5 7 7 
SCL #err deg : 28 / 9200
SCL #err weighted degeneracy : 25 25 26 28 29 29 
degeneracy helps : 5 5 5 5 6 6 
degeneracy worse : 2 2 3 5 7 7 
SCL #err deg : 28 / 9300
SCL #err weighted degeneracy : 25 25 26 28 29 29 
degeneracy helps : 5 5 5 5 6 6 
degeneracy worse : 2 2 3 5 7 7 
SCL #err deg : 28 / 9400
SCL #err weighted degeneracy : 25 25 26 28 29 29 
degeneracy helps : 5 5 5 5 6 6 
degeneracy worse : 2 2 3 5 7 7 
SCL #err deg : 28 / 9500
SCL #err weighted degeneracy : 25 25 26 28 29 29 
degeneracy helps : 5 5 5 5 6 6 
degeneracy worse : 2 2 3 5 7 7 
SCL #err deg : 28 / 9600
SCL #err weighted degeneracy : 25 25 26 28 29 29 
degeneracy helps : 5 5 5 5 6 6 
degeneracy worse : 2 2 3 5 7 7 
SCL #err deg : 28 / 9700
SCL #err weighted degeneracy : 25 25 26 28 29 29 
degeneracy helps : 5 5 5 5 6 6 
degeneracy worse : 2 2 3 5 7 7 
SCL #err deg : 28 / 9800
SCL #err weighted degeneracy : 25 25 27 29 30 30 
degeneracy helps : 5 5 5 5 6 6 
degeneracy worse : 2 2 4 6 8 8 
SCL #err deg : 29 / 9900
SCL #err weighted degeneracy : 26 26 28 30 31 31 
degeneracy helps : 5 5 5 5 6 6 
degeneracy worse : 2 2 4 6 8 8 
SCL #err deg : 29 / 10000
SCL #err weighted degeneracy : 26 26 28 30 31 31 
degeneracy helps : 5 5 5 5 6 6 
degeneracy worse : 2 2 4 6 8 8 
average #flips: 163.854
SCL #err considering degeneracy: 29
error due to equal 9
error due to SCL smaller 17
Finish in 31602 s
