Simulation Polar syndrome FASTER N=128, K=65, l=128, pz=0.15, #samples=10000, seed=943
PW construction
Event generator random seed: 943
SCL #err deg : 59 / 100
SCL #err weighted degeneracy : 55 55 54 55 53 55 
degeneracy helps : 15 15 16 18 20 20 
degeneracy worse : 11 11 11 14 14 16 
SCL #err deg : 120 / 200
SCL #err weighted degeneracy : 121 121 117 118 116 118 
degeneracy helps : 26 26 30 33 35 37 
degeneracy worse : 27 27 27 31 31 35 
SCL #err deg : 179 / 300
SCL #err weighted degeneracy : 174 174 170 169 171 175 
degeneracy helps : 39 39 43 49 48 51 
degeneracy worse : 34 34 34 39 40 47 
SCL #err deg : 244 / 400
SCL #err weighted degeneracy : 232 232 226 227 231 237 
degeneracy helps : 55 55 61 67 65 68 
degeneracy worse : 43 43 43 50 52 61 
SCL #err deg : 306 / 500
SCL #err weighted degeneracy : 286 286 281 285 291 299 
degeneracy helps : 70 70 76 82 79 83 
degeneracy worse : 50 50 51 61 64 76 
SCL #err deg : 370 / 600
SCL #err weighted degeneracy : 345 345 341 343 349 353 
degeneracy helps : 82 82 88 97 95 102 
degeneracy worse : 57 57 59 70 74 85 
SCL #err deg : 428 / 700
SCL #err weighted degeneracy : 403 403 398 400 405 412 
degeneracy helps : 92 92 99 108 107 114 
degeneracy worse : 67 67 69 80 84 98 
SCL #err deg : 490 / 800
SCL #err weighted degeneracy : 468 468 465 467 476 479 
degeneracy helps : 99 99 107 117 115 126 
degeneracy worse : 77 77 82 94 101 115 
SCL #err deg : 544 / 900
SCL #err weighted degeneracy : 525 525 523 524 534 536 
degeneracy helps : 109 109 116 128 125 137 
degeneracy worse : 90 90 95 108 115 129 
SCL #err deg : 598 / 1000
SCL #err weighted degeneracy : 585 585 583 584 596 598 
degeneracy helps : 118 117 126 140 138 151 
degeneracy worse : 105 105 111 126 136 151 
SCL #err deg : 652 / 1100
SCL #err weighted degeneracy : 642 643 639 639 651 653 
degeneracy helps : 129 127 139 156 155 168 
degeneracy worse : 119 119 126 143 154 169 
SCL #err deg : 716 / 1200
SCL #err weighted degeneracy : 703 704 701 702 714 719 
degeneracy helps : 139 137 149 167 167 179 
degeneracy worse : 126 126 134 153 165 182 
SCL #err deg : 778 / 1300
SCL #err weighted degeneracy : 766 766 766 769 782 789 
degeneracy helps : 148 147 158 176 176 188 
degeneracy worse : 136 136 146 167 180 199 
SCL #err deg : 839 / 1400
SCL #err weighted degeneracy : 823 823 825 829 840 851 
degeneracy helps : 160 159 169 188 192 202 
degeneracy worse : 144 144 155 178 193 214 
SCL #err deg : 903 / 1500
SCL #err weighted degeneracy : 890 890 891 893 905 915 
degeneracy helps : 170 169 180 199 202 213 
degeneracy worse : 157 157 168 189 204 225 
SCL #err deg : 963 / 1600
SCL #err weighted degeneracy : 947 947 949 950 966 974 
degeneracy helps : 185 184 196 215 216 228 
degeneracy worse : 169 169 182 202 219 239 
SCL #err deg : 1025 / 1700
SCL #err weighted degeneracy : 1004 1004 1005 1008 1026 1035 
degeneracy helps : 195 194 207 226 228 240 
degeneracy worse : 174 174 187 209 229 250 
SCL #err deg : 1085 / 1800
SCL #err weighted degeneracy : 1066 1066 1067 1070 1086 1100 
degeneracy helps : 206 205 219 238 242 253 
degeneracy worse : 187 187 201 223 243 268 
SCL #err deg : 1144 / 1900
SCL #err weighted degeneracy : 1117 1117 1120 1127 1144 1158 
degeneracy helps : 221 220 233 252 257 268 
degeneracy worse : 194 194 209 235 257 282 
SCL #err deg : 1202 / 2000
SCL #err weighted degeneracy : 1174 1174 1175 1185 1198 1212 
degeneracy helps : 233 232 247 266 272 284 
degeneracy worse : 205 205 220 249 268 294 
SCL #err deg : 1263 / 2100
SCL #err weighted degeneracy : 1233 1233 1234 1244 1258 1274 
degeneracy helps : 242 241 256 277 284 295 
degeneracy worse : 212 212 227 258 279 306 
SCL #err deg : 1325 / 2200
SCL #err weighted degeneracy : 1292 1292 1292 1303 1317 1336 
degeneracy helps : 254 253 269 290 299 310 
degeneracy worse : 221 221 236 268 291 321 
SCL #err deg : 1387 / 2300
SCL #err weighted degeneracy : 1353 1353 1353 1363 1377 1396 
degeneracy helps : 267 266 281 304 314 325 
degeneracy worse : 233 233 247 280 304 334 
SCL #err deg : 1441 / 2400
SCL #err weighted degeneracy : 1407 1408 1406 1415 1429 1450 
degeneracy helps : 278 276 293 318 330 341 
degeneracy worse : 244 244 258 292 318 350 
SCL #err deg : 1505 / 2500
SCL #err weighted degeneracy : 1461 1462 1459 1471 1484 1504 
degeneracy helps : 296 294 312 337 350 362 
degeneracy worse : 252 252 266 303 329 361 
SCL #err deg : 1565 / 2600
SCL #err weighted degeneracy : 1516 1517 1515 1527 1541 1563 
degeneracy helps : 311 309 327 354 367 378 
degeneracy worse : 262 262 277 316 343 376 
SCL #err deg : 1631 / 2700
SCL #err weighted degeneracy : 1570 1572 1572 1584 1598 1621 
degeneracy helps : 327 325 342 371 384 395 
degeneracy worse : 266 267 283 324 351 385 
SCL #err deg : 1681 / 2800
SCL #err weighted degeneracy : 1622 1624 1624 1638 1654 1679 
degeneracy helps : 340 338 355 383 397 408 
degeneracy worse : 281 282 298 340 370 406 
SCL #err deg : 1740 / 2900
SCL #err weighted degeneracy : 1677 1678 1680 1695 1711 1739 
degeneracy helps : 354 352 370 398 412 424 
degeneracy worse : 291 291 310 353 383 423 
SCL #err deg : 1803 / 3000
SCL #err weighted degeneracy : 1735 1736 1738 1754 1771 1802 
degeneracy helps : 368 366 384 412 426 437 
degeneracy worse : 300 300 319 363 394 436 
SCL #err deg : 1856 / 3100
SCL #err weighted degeneracy : 1790 1791 1792 1810 1826 1858 
degeneracy helps : 377 375 394 422 436 447 
degeneracy worse : 311 311 330 376 406 449 
SCL #err deg : 1922 / 3200
SCL #err weighted degeneracy : 1855 1856 1858 1874 1887 1916 
degeneracy helps : 385 383 402 433 449 463 
degeneracy worse : 318 318 338 385 414 457 
SCL #err deg : 1980 / 3300
SCL #err weighted degeneracy : 1918 1919 1922 1940 1953 1984 
degeneracy helps : 392 390 409 441 457 469 
degeneracy worse : 330 330 351 401 430 473 
SCL #err deg : 2040 / 3400
SCL #err weighted degeneracy : 1972 1973 1976 1997 2011 2040 
degeneracy helps : 408 406 425 458 474 487 
degeneracy worse : 340 340 361 415 445 487 
SCL #err deg : 2106 / 3500
SCL #err weighted degeneracy : 2032 2034 2038 2060 2071 2102 
degeneracy helps : 424 421 441 473 492 504 
degeneracy worse : 350 350 373 427 457 500 
SCL #err deg : 2164 / 3600
SCL #err weighted degeneracy : 2087 2089 2091 2114 2122 2151 
degeneracy helps : 437 433 456 488 509 523 
degeneracy worse : 360 360 383 438 467 510 
SCL #err deg : 2228 / 3700
SCL #err weighted degeneracy : 2146 2147 2151 2177 2184 2216 
degeneracy helps : 451 447 471 502 524 539 
degeneracy worse : 369 368 394 451 480 527 
SCL #err deg : 2295 / 3800
SCL #err weighted degeneracy : 2208 2209 2213 2238 2246 2280 
degeneracy helps : 467 463 487 518 540 554 
degeneracy worse : 380 379 405 461 491 539 
SCL #err deg : 2359 / 3900
SCL #err weighted degeneracy : 2268 2269 2273 2301 2307 2345 
degeneracy helps : 481 477 501 532 556 569 
degeneracy worse : 390 389 415 474 504 555 
SCL #err deg : 2419 / 4000
SCL #err weighted degeneracy : 2326 2327 2331 2362 2370 2410 
degeneracy helps : 492 488 513 545 570 583 
degeneracy worse : 399 398 425 488 521 574 
SCL #err deg : 2485 / 4100
SCL #err weighted degeneracy : 2379 2380 2384 2417 2425 2466 
degeneracy helps : 509 505 531 562 588 600 
degeneracy worse : 403 402 430 494 528 581 
SCL #err deg : 2554 / 4200
SCL #err weighted degeneracy : 2435 2436 2441 2475 2483 2525 
degeneracy helps : 526 522 549 580 607 618 
degeneracy worse : 407 406 436 501 536 589 
SCL #err deg : 2612 / 4300
SCL #err weighted degeneracy : 2496 2497 2503 2539 2549 2592 
degeneracy helps : 538 534 562 595 622 635 
degeneracy worse : 422 421 453 522 559 615 
SCL #err deg : 2673 / 4400
SCL #err weighted degeneracy : 2556 2556 2562 2597 2609 2653 
degeneracy helps : 549 546 574 610 638 653 
degeneracy worse : 432 431 463 534 574 633 
SCL #err deg : 2728 / 4500
SCL #err weighted degeneracy : 2607 2607 2611 2648 2662 2709 
degeneracy helps : 560 557 585 619 646 660 
degeneracy worse : 439 438 468 539 580 641 
SCL #err deg : 2783 / 4600
SCL #err weighted degeneracy : 2661 2661 2665 2704 2720 2767 
degeneracy helps : 574 571 599 631 657 671 
degeneracy worse : 452 451 481 552 594 655 
SCL #err deg : 2847 / 4700
SCL #err weighted degeneracy : 2720 2720 2724 2762 2778 2823 
degeneracy helps : 589 586 614 648 675 690 
degeneracy worse : 462 461 491 563 606 666 
SCL #err deg : 2906 / 4800
SCL #err weighted degeneracy : 2774 2774 2778 2815 2832 2874 
degeneracy helps : 604 601 629 666 693 709 
degeneracy worse : 473 472 502 575 619 677 
SCL #err deg : 2966 / 4900
SCL #err weighted degeneracy : 2825 2825 2829 2868 2889 2933 
degeneracy helps : 621 618 646 682 706 723 
degeneracy worse : 481 480 510 584 629 690 
SCL #err deg : 3022 / 5000
SCL #err weighted degeneracy : 2886 2886 2890 2927 2946 2991 
degeneracy helps : 629 626 654 692 718 735 
degeneracy worse : 494 493 523 597 642 704 
SCL #err deg : 3086 / 5100
SCL #err weighted degeneracy : 2950 2950 2952 2988 3007 3054 
degeneracy helps : 635 632 662 702 729 747 
degeneracy worse : 500 499 529 604 650 715 
SCL #err deg : 3143 / 5200
SCL #err weighted degeneracy : 3008 3008 3012 3050 3071 3118 
degeneracy helps : 644 641 670 710 737 755 
degeneracy worse : 510 509 540 617 665 730 
SCL #err deg : 3205 / 5300
SCL #err weighted degeneracy : 3065 3065 3071 3110 3135 3181 
degeneracy helps : 659 656 684 724 751 771 
degeneracy worse : 520 519 551 629 681 747 
SCL #err deg : 3268 / 5400
SCL #err weighted degeneracy : 3131 3131 3136 3173 3196 3238 
degeneracy helps : 670 667 696 738 767 788 
degeneracy worse : 534 533 565 643 695 758 
SCL #err deg : 3330 / 5500
SCL #err weighted degeneracy : 3185 3185 3191 3226 3252 3294 
degeneracy helps : 685 682 710 754 783 804 
degeneracy worse : 541 540 572 650 705 768 
SCL #err deg : 3394 / 5600
SCL #err weighted degeneracy : 3247 3247 3253 3288 3315 3358 
degeneracy helps : 698 695 724 768 798 819 
degeneracy worse : 552 551 584 662 719 783 
SCL #err deg : 3459 / 5700
SCL #err weighted degeneracy : 3304 3303 3310 3346 3375 3416 
degeneracy helps : 712 709 739 788 818 841 
degeneracy worse : 558 556 591 675 734 798 
SCL #err deg : 3516 / 5800
SCL #err weighted degeneracy : 3358 3356 3364 3403 3430 3471 
degeneracy helps : 723 720 751 801 833 856 
degeneracy worse : 566 563 600 688 747 811 
SCL #err deg : 3572 / 5900
SCL #err weighted degeneracy : 3414 3412 3421 3464 3490 3530 
degeneracy helps : 736 733 764 813 845 869 
degeneracy worse : 579 576 614 705 763 827 
SCL #err deg : 3634 / 6000
SCL #err weighted degeneracy : 3468 3466 3474 3520 3546 3589 
degeneracy helps : 752 749 781 830 863 888 
degeneracy worse : 587 584 622 716 775 843 
SCL #err deg : 3693 / 6100
SCL #err weighted degeneracy : 3524 3522 3533 3581 3605 3649 
degeneracy helps : 767 764 795 845 879 903 
degeneracy worse : 599 596 636 733 791 859 
SCL #err deg : 3751 / 6200
SCL #err weighted degeneracy : 3578 3576 3589 3638 3662 3707 
degeneracy helps : 783 780 810 861 897 921 
degeneracy worse : 611 608 649 748 808 877 
SCL #err deg : 3807 / 6300
SCL #err weighted degeneracy : 3641 3638 3651 3698 3721 3767 
degeneracy helps : 793 791 822 877 913 937 
degeneracy worse : 629 626 668 768 827 897 
SCL #err deg : 3868 / 6400
SCL #err weighted degeneracy : 3700 3697 3708 3756 3781 3826 
degeneracy helps : 802 800 834 891 928 953 
degeneracy worse : 636 633 676 779 841 911 
SCL #err deg : 3926 / 6500
SCL #err weighted degeneracy : 3764 3761 3770 3814 3841 3886 
degeneracy helps : 808 806 842 902 937 963 
degeneracy worse : 648 645 688 790 852 923 
SCL #err deg : 3992 / 6600
SCL #err weighted degeneracy : 3827 3823 3834 3876 3904 3949 
degeneracy helps : 819 818 853 915 950 978 
degeneracy worse : 656 653 697 799 862 935 
SCL #err deg : 4045 / 6700
SCL #err weighted degeneracy : 3880 3876 3886 3931 3958 4004 
degeneracy helps : 831 830 865 926 961 988 
degeneracy worse : 668 665 708 812 874 947 
SCL #err deg : 4108 / 6800
SCL #err weighted degeneracy : 3946 3942 3954 3998 4026 4072 
degeneracy helps : 839 838 873 936 970 997 
degeneracy worse : 679 676 721 826 888 961 
SCL #err deg : 4165 / 6900
SCL #err weighted degeneracy : 4008 4004 4017 4057 4084 4131 
degeneracy helps : 845 844 879 944 979 1007 
degeneracy worse : 690 687 733 836 898 973 
SCL #err deg : 4224 / 7000
SCL #err weighted degeneracy : 4067 4063 4077 4118 4145 4195 
degeneracy helps : 856 855 890 957 993 1021 
degeneracy worse : 701 698 745 851 914 992 
SCL #err deg : 4287 / 7100
SCL #err weighted degeneracy : 4129 4125 4140 4179 4205 4254 
degeneracy helps : 868 867 904 974 1011 1040 
degeneracy worse : 712 709 759 866 929 1007 
SCL #err deg : 4350 / 7200
SCL #err weighted degeneracy : 4186 4182 4197 4239 4268 4320 
degeneracy helps : 884 883 921 991 1028 1056 
degeneracy worse : 722 719 770 880 946 1026 
SCL #err deg : 4403 / 7300
SCL #err weighted degeneracy : 4238 4233 4250 4290 4319 4373 
degeneracy helps : 893 892 930 1001 1038 1066 
degeneracy worse : 730 726 779 888 954 1036 
SCL #err deg : 4457 / 7400
SCL #err weighted degeneracy : 4287 4282 4300 4342 4372 4428 
degeneracy helps : 906 905 943 1014 1053 1081 
degeneracy worse : 738 734 788 899 968 1052 
SCL #err deg : 4515 / 7500
SCL #err weighted degeneracy : 4341 4336 4352 4393 4425 4484 
degeneracy helps : 919 917 958 1033 1070 1099 
degeneracy worse : 747 743 797 911 980 1068 
SCL #err deg : 4577 / 7600
SCL #err weighted degeneracy : 4403 4397 4414 4456 4487 4543 
degeneracy helps : 931 929 971 1046 1084 1116 
degeneracy worse : 759 754 810 925 994 1082 
SCL #err deg : 4644 / 7700
SCL #err weighted degeneracy : 4469 4463 4481 4523 4552 4608 
degeneracy helps : 941 939 982 1058 1100 1132 
degeneracy worse : 768 763 821 937 1008 1096 
SCL #err deg : 4704 / 7800
SCL #err weighted degeneracy : 4531 4524 4542 4588 4617 4677 
degeneracy helps : 950 949 992 1068 1111 1140 
degeneracy worse : 780 775 832 952 1024 1113 
SCL #err deg : 4768 / 7900
SCL #err weighted degeneracy : 4593 4586 4604 4651 4676 4738 
degeneracy helps : 962 961 1004 1079 1126 1154 
degeneracy worse : 790 785 842 962 1034 1124 
SCL #err deg : 4836 / 8000
SCL #err weighted degeneracy : 4655 4647 4664 4710 4740 4801 
degeneracy helps : 976 976 1020 1097 1143 1171 
degeneracy worse : 798 793 850 971 1047 1136 
SCL #err deg : 4900 / 8100
SCL #err weighted degeneracy : 4723 4714 4730 4775 4809 4867 
degeneracy helps : 984 984 1030 1109 1154 1184 
degeneracy worse : 810 804 862 984 1063 1151 
SCL #err deg : 4954 / 8200
SCL #err weighted degeneracy : 4777 4768 4787 4831 4863 4923 
degeneracy helps : 996 996 1039 1119 1165 1194 
degeneracy worse : 822 816 874 996 1074 1163 
SCL #err deg : 5014 / 8300
SCL #err weighted degeneracy : 4834 4825 4846 4893 4921 4982 
degeneracy helps : 1009 1009 1052 1133 1183 1212 
degeneracy worse : 833 827 886 1012 1090 1180 
SCL #err deg : 5085 / 8400
SCL #err weighted degeneracy : 4899 4890 4912 4958 4985 5046 
degeneracy helps : 1021 1021 1063 1147 1198 1228 
degeneracy worse : 839 833 892 1020 1098 1189 
SCL #err deg : 5135 / 8500
SCL #err weighted degeneracy : 4949 4940 4962 5009 5037 5097 
degeneracy helps : 1029 1029 1071 1155 1206 1237 
degeneracy worse : 847 841 900 1029 1108 1199 
SCL #err deg : 5204 / 8600
SCL #err weighted degeneracy : 5012 5003 5023 5072 5100 5161 
degeneracy helps : 1045 1045 1089 1171 1222 1253 
degeneracy worse : 857 851 910 1039 1118 1210 
SCL #err deg : 5261 / 8700
SCL #err weighted degeneracy : 5066 5057 5079 5133 5160 5218 
degeneracy helps : 1062 1062 1107 1185 1236 1269 
degeneracy worse : 871 865 927 1057 1135 1226 
SCL #err deg : 5329 / 8800
SCL #err weighted degeneracy : 5133 5124 5146 5200 5228 5288 
degeneracy helps : 1071 1071 1116 1194 1245 1278 
degeneracy worse : 879 873 935 1065 1144 1237 
SCL #err deg : 5387 / 8900
SCL #err weighted degeneracy : 5191 5182 5203 5256 5285 5347 
degeneracy helps : 1082 1082 1128 1208 1259 1291 
degeneracy worse : 890 884 946 1077 1157 1251 
SCL #err deg : 5442 / 9000
SCL #err weighted degeneracy : 5245 5236 5257 5315 5344 5403 
degeneracy helps : 1093 1093 1139 1218 1270 1305 
degeneracy worse : 900 894 956 1091 1172 1266 
SCL #err deg : 5502 / 9100
SCL #err weighted degeneracy : 5302 5293 5315 5376 5404 5462 
degeneracy helps : 1104 1104 1149 1226 1282 1318 
degeneracy worse : 908 902 964 1100 1184 1278 
SCL #err deg : 5565 / 9200
SCL #err weighted degeneracy : 5362 5353 5374 5436 5463 5522 
degeneracy helps : 1117 1117 1163 1242 1299 1335 
degeneracy worse : 918 912 974 1113 1197 1292 
SCL #err deg : 5620 / 9300
SCL #err weighted degeneracy : 5421 5412 5434 5501 5528 5589 
degeneracy helps : 1123 1123 1168 1246 1303 1339 
degeneracy worse : 928 922 984 1127 1211 1308 
SCL #err deg : 5679 / 9400
SCL #err weighted degeneracy : 5486 5477 5498 5564 5592 5656 
degeneracy helps : 1134 1134 1180 1257 1315 1350 
degeneracy worse : 945 939 1001 1142 1228 1327 
SCL #err deg : 5737 / 9500
SCL #err weighted degeneracy : 5550 5541 5561 5630 5658 5723 
degeneracy helps : 1143 1143 1190 1268 1326 1361 
degeneracy worse : 960 954 1016 1161 1247 1347 
SCL #err deg : 5802 / 9600
SCL #err weighted degeneracy : 5609 5600 5620 5691 5721 5785 
degeneracy helps : 1155 1155 1202 1282 1339 1375 
degeneracy worse : 966 960 1022 1171 1258 1358 
SCL #err deg : 5861 / 9700
SCL #err weighted degeneracy : 5669 5660 5680 5753 5782 5844 
degeneracy helps : 1164 1164 1212 1293 1351 1388 
degeneracy worse : 976 970 1033 1185 1272 1371 
SCL #err deg : 5921 / 9800
SCL #err weighted degeneracy : 5731 5722 5742 5812 5838 5901 
degeneracy helps : 1178 1178 1226 1309 1369 1406 
degeneracy worse : 992 986 1049 1200 1286 1386 
SCL #err deg : 5982 / 9900
SCL #err weighted degeneracy : 5793 5785 5801 5875 5900 5964 
degeneracy helps : 1188 1187 1239 1323 1384 1420 
degeneracy worse : 1003 997 1060 1216 1302 1402 
SCL #err deg : 6049 / 10000
SCL #err weighted degeneracy : 5847 5839 5855 5932 5957 6023 
degeneracy helps : 1205 1204 1256 1339 1400 1437 
degeneracy worse : 1007 1001 1064 1222 1308 1411 
average #flips: 19.2338
SCL #err considering degeneracy: 6049
error due to equal 734
error due to SCL smaller 5315
Finish in 1117 s
