Simulation Polar syndrome FASTER N=64, K=33, l=128, pz=0.106, #samples=10000, seed=7348
PW construction
Event generator random seed: 7348
SCL #err deg : 29 / 100
SCL #err weighted degeneracy : 25 25 25 31 30 29 
degeneracy helps : 8 8 8 8 9 9 
degeneracy worse : 4 4 4 10 10 9 
SCL #err deg : 63 / 200
SCL #err weighted degeneracy : 54 54 54 63 63 64 
degeneracy helps : 20 20 20 21 22 21 
degeneracy worse : 11 11 11 21 22 22 
SCL #err deg : 94 / 300
SCL #err weighted degeneracy : 88 88 88 100 101 103 
degeneracy helps : 28 28 28 30 31 30 
degeneracy worse : 22 22 22 36 38 39 
SCL #err deg : 128 / 400
SCL #err weighted degeneracy : 123 123 123 139 140 140 
degeneracy helps : 37 37 37 39 40 39 
degeneracy worse : 32 32 32 50 52 51 
SCL #err deg : 157 / 500
SCL #err weighted degeneracy : 151 151 151 173 175 176 
degeneracy helps : 46 46 46 48 49 49 
degeneracy worse : 40 40 40 64 67 68 
SCL #err deg : 188 / 600
SCL #err weighted degeneracy : 179 179 179 206 209 212 
degeneracy helps : 57 57 58 60 61 61 
degeneracy worse : 49 49 49 78 82 85 
SCL #err deg : 218 / 700
SCL #err weighted degeneracy : 206 206 205 234 238 244 
degeneracy helps : 69 69 71 74 75 75 
degeneracy worse : 58 58 58 90 95 101 
SCL #err deg : 244 / 800
SCL #err weighted degeneracy : 234 234 233 270 275 281 
degeneracy helps : 77 77 79 82 83 83 
degeneracy worse : 68 68 68 108 114 120 
SCL #err deg : 266 / 900
SCL #err weighted degeneracy : 255 255 254 299 305 312 
degeneracy helps : 83 83 85 88 88 88 
degeneracy worse : 73 73 73 121 127 134 
SCL #err deg : 298 / 1000
SCL #err weighted degeneracy : 289 289 289 338 345 353 
degeneracy helps : 91 91 93 96 96 95 
degeneracy worse : 83 83 84 136 143 150 
SCL #err deg : 327 / 1100
SCL #err weighted degeneracy : 315 315 315 370 377 388 
degeneracy helps : 102 102 105 108 108 107 
degeneracy worse : 92 92 93 151 158 168 
SCL #err deg : 350 / 1200
SCL #err weighted degeneracy : 340 340 340 398 406 418 
degeneracy helps : 109 109 112 116 115 113 
degeneracy worse : 101 101 102 164 171 181 
SCL #err deg : 385 / 1300
SCL #err weighted degeneracy : 369 369 369 431 439 451 
degeneracy helps : 116 116 119 124 123 121 
degeneracy worse : 102 102 103 170 177 187 
SCL #err deg : 416 / 1400
SCL #err weighted degeneracy : 398 398 398 467 475 488 
degeneracy helps : 127 127 130 135 134 132 
degeneracy worse : 111 111 112 186 193 204 
SCL #err deg : 447 / 1500
SCL #err weighted degeneracy : 428 428 428 504 512 522 
degeneracy helps : 136 135 139 144 143 142 
degeneracy worse : 119 119 120 201 208 217 
SCL #err deg : 478 / 1600
SCL #err weighted degeneracy : 455 455 455 534 542 552 
degeneracy helps : 147 146 150 156 155 154 
degeneracy worse : 126 126 127 212 219 228 
SCL #err deg : 512 / 1700
SCL #err weighted degeneracy : 490 490 490 569 578 591 
degeneracy helps : 158 157 161 171 170 166 
degeneracy worse : 138 138 139 228 236 245 
SCL #err deg : 538 / 1800
SCL #err weighted degeneracy : 516 516 516 595 603 617 
degeneracy helps : 168 167 171 182 182 177 
degeneracy worse : 148 148 149 239 247 256 
SCL #err deg : 568 / 1900
SCL #err weighted degeneracy : 544 544 544 629 638 653 
degeneracy helps : 177 176 182 193 193 188 
degeneracy worse : 157 157 158 254 263 273 
SCL #err deg : 608 / 2000
SCL #err weighted degeneracy : 580 580 580 672 681 696 
degeneracy helps : 187 186 192 203 203 198 
degeneracy worse : 163 163 164 267 276 286 
SCL #err deg : 644 / 2100
SCL #err weighted degeneracy : 613 613 613 709 720 734 
degeneracy helps : 198 197 204 215 215 210 
degeneracy worse : 172 172 173 280 291 300 
SCL #err deg : 681 / 2200
SCL #err weighted degeneracy : 657 657 657 758 769 783 
degeneracy helps : 204 203 210 221 221 216 
degeneracy worse : 185 185 186 298 309 318 
SCL #err deg : 715 / 2300
SCL #err weighted degeneracy : 687 687 687 789 802 815 
degeneracy helps : 213 212 220 232 231 226 
degeneracy worse : 191 191 192 306 318 326 
SCL #err deg : 745 / 2400
SCL #err weighted degeneracy : 720 720 720 828 842 854 
degeneracy helps : 220 219 227 239 238 233 
degeneracy worse : 201 201 202 322 335 342 
SCL #err deg : 778 / 2500
SCL #err weighted degeneracy : 752 752 752 868 882 894 
degeneracy helps : 230 229 237 249 248 243 
degeneracy worse : 210 210 211 339 352 359 
SCL #err deg : 813 / 2600
SCL #err weighted degeneracy : 783 783 783 901 916 929 
degeneracy helps : 241 241 250 262 260 255 
degeneracy worse : 219 219 220 350 363 371 
SCL #err deg : 839 / 2700
SCL #err weighted degeneracy : 809 809 809 933 950 964 
degeneracy helps : 249 249 258 270 268 262 
degeneracy worse : 227 227 228 364 379 387 
SCL #err deg : 872 / 2800
SCL #err weighted degeneracy : 839 839 839 965 983 1000 
degeneracy helps : 264 264 273 285 282 275 
degeneracy worse : 239 239 240 378 393 403 
SCL #err deg : 898 / 2900
SCL #err weighted degeneracy : 862 862 862 993 1011 1028 
degeneracy helps : 273 273 282 295 292 285 
degeneracy worse : 245 245 246 390 405 415 
SCL #err deg : 927 / 3000
SCL #err weighted degeneracy : 895 895 895 1029 1048 1066 
degeneracy helps : 279 279 288 301 298 291 
degeneracy worse : 255 255 256 403 419 430 
SCL #err deg : 957 / 3100
SCL #err weighted degeneracy : 928 928 928 1063 1082 1100 
degeneracy helps : 283 283 293 309 306 299 
degeneracy worse : 263 263 264 415 431 442 
SCL #err deg : 994 / 3200
SCL #err weighted degeneracy : 966 966 966 1100 1119 1137 
degeneracy helps : 295 295 305 323 320 313 
degeneracy worse : 276 276 277 429 445 456 
SCL #err deg : 1028 / 3300
SCL #err weighted degeneracy : 1002 1002 1002 1140 1160 1177 
degeneracy helps : 300 300 310 329 326 320 
degeneracy worse : 283 283 284 441 458 469 
SCL #err deg : 1060 / 3400
SCL #err weighted degeneracy : 1034 1034 1035 1184 1204 1224 
degeneracy helps : 311 311 321 340 337 330 
degeneracy worse : 294 294 296 464 481 494 
SCL #err deg : 1090 / 3500
SCL #err weighted degeneracy : 1068 1068 1069 1223 1244 1264 
degeneracy helps : 320 320 330 349 346 338 
degeneracy worse : 307 307 309 482 500 512 
SCL #err deg : 1122 / 3600
SCL #err weighted degeneracy : 1092 1092 1093 1253 1274 1295 
degeneracy helps : 335 335 345 364 361 353 
degeneracy worse : 314 314 316 495 513 526 
SCL #err deg : 1153 / 3700
SCL #err weighted degeneracy : 1121 1121 1122 1285 1306 1327 
degeneracy helps : 343 343 353 375 372 364 
degeneracy worse : 320 320 322 507 525 538 
SCL #err deg : 1183 / 3800
SCL #err weighted degeneracy : 1151 1151 1152 1318 1338 1359 
degeneracy helps : 352 352 362 385 382 374 
degeneracy worse : 329 329 331 520 537 550 
SCL #err deg : 1212 / 3900
SCL #err weighted degeneracy : 1184 1184 1185 1358 1379 1397 
degeneracy helps : 358 358 368 390 387 381 
degeneracy worse : 339 339 341 536 554 566 
SCL #err deg : 1233 / 4000
SCL #err weighted degeneracy : 1212 1212 1213 1393 1414 1430 
degeneracy helps : 363 362 374 397 394 388 
degeneracy worse : 352 352 354 557 575 585 
SCL #err deg : 1270 / 4100
SCL #err weighted degeneracy : 1240 1240 1241 1424 1444 1461 
degeneracy helps : 377 376 389 413 411 404 
degeneracy worse : 359 359 361 567 585 595 
SCL #err deg : 1296 / 4200
SCL #err weighted degeneracy : 1269 1269 1270 1458 1478 1496 
degeneracy helps : 381 380 393 419 417 410 
degeneracy worse : 367 367 369 581 599 610 
SCL #err deg : 1327 / 4300
SCL #err weighted degeneracy : 1293 1293 1294 1487 1508 1527 
degeneracy helps : 391 390 403 431 429 423 
degeneracy worse : 371 371 373 591 610 623 
SCL #err deg : 1359 / 4400
SCL #err weighted degeneracy : 1328 1328 1329 1527 1548 1567 
degeneracy helps : 395 394 407 435 433 427 
degeneracy worse : 378 378 380 603 622 635 
SCL #err deg : 1393 / 4500
SCL #err weighted degeneracy : 1366 1366 1367 1567 1587 1606 
degeneracy helps : 402 401 414 442 441 434 
degeneracy worse : 389 389 391 616 635 647 
SCL #err deg : 1429 / 4600
SCL #err weighted degeneracy : 1402 1402 1403 1607 1628 1648 
degeneracy helps : 414 413 426 455 454 447 
degeneracy worse : 401 401 403 633 653 666 
SCL #err deg : 1457 / 4700
SCL #err weighted degeneracy : 1432 1432 1433 1644 1665 1685 
degeneracy helps : 423 422 435 465 464 457 
degeneracy worse : 412 412 414 652 672 685 
SCL #err deg : 1486 / 4800
SCL #err weighted degeneracy : 1460 1460 1461 1675 1696 1716 
degeneracy helps : 432 431 444 474 473 466 
degeneracy worse : 420 420 422 663 683 696 
SCL #err deg : 1513 / 4900
SCL #err weighted degeneracy : 1487 1487 1488 1708 1729 1750 
degeneracy helps : 441 440 453 483 482 475 
degeneracy worse : 429 429 431 678 698 712 
SCL #err deg : 1542 / 5000
SCL #err weighted degeneracy : 1519 1519 1520 1744 1765 1788 
degeneracy helps : 448 447 460 490 489 482 
degeneracy worse : 439 439 441 692 712 728 
SCL #err deg : 1579 / 5100
SCL #err weighted degeneracy : 1555 1555 1556 1782 1806 1829 
degeneracy helps : 458 457 470 502 501 494 
degeneracy worse : 448 448 450 705 728 744 
SCL #err deg : 1602 / 5200
SCL #err weighted degeneracy : 1576 1576 1577 1803 1830 1854 
degeneracy helps : 466 465 478 511 510 503 
degeneracy worse : 454 454 456 712 738 755 
SCL #err deg : 1634 / 5300
SCL #err weighted degeneracy : 1610 1610 1611 1843 1870 1894 
degeneracy helps : 473 472 485 519 518 510 
degeneracy worse : 463 463 465 728 754 770 
SCL #err deg : 1660 / 5400
SCL #err weighted degeneracy : 1640 1640 1641 1877 1904 1929 
degeneracy helps : 478 478 491 525 524 516 
degeneracy worse : 473 473 475 742 768 785 
SCL #err deg : 1686 / 5500
SCL #err weighted degeneracy : 1665 1665 1666 1906 1933 1957 
degeneracy helps : 485 486 499 533 532 524 
degeneracy worse : 480 480 482 753 779 795 
SCL #err deg : 1718 / 5600
SCL #err weighted degeneracy : 1699 1699 1700 1941 1969 1993 
degeneracy helps : 495 496 509 543 542 534 
degeneracy worse : 492 492 494 766 793 809 
SCL #err deg : 1751 / 5700
SCL #err weighted degeneracy : 1729 1729 1730 1976 2005 2029 
degeneracy helps : 506 507 520 556 555 547 
degeneracy worse : 500 500 502 781 809 825 
SCL #err deg : 1782 / 5800
SCL #err weighted degeneracy : 1766 1766 1767 2015 2043 2067 
degeneracy helps : 512 513 526 563 563 556 
degeneracy worse : 512 512 514 796 824 841 
SCL #err deg : 1820 / 5900
SCL #err weighted degeneracy : 1800 1800 1801 2050 2079 2103 
degeneracy helps : 521 522 536 573 573 566 
degeneracy worse : 518 518 520 803 832 849 
SCL #err deg : 1849 / 6000
SCL #err weighted degeneracy : 1828 1828 1829 2082 2112 2134 
degeneracy helps : 532 533 547 585 585 578 
degeneracy worse : 529 529 531 818 848 863 
SCL #err deg : 1889 / 6100
SCL #err weighted degeneracy : 1866 1866 1867 2126 2156 2176 
degeneracy helps : 544 545 559 597 597 591 
degeneracy worse : 539 539 541 834 864 878 
SCL #err deg : 1918 / 6200
SCL #err weighted degeneracy : 1896 1896 1897 2159 2189 2210 
degeneracy helps : 551 552 566 604 604 598 
degeneracy worse : 547 547 549 845 875 890 
SCL #err deg : 1941 / 6300
SCL #err weighted degeneracy : 1923 1923 1924 2190 2221 2244 
degeneracy helps : 557 558 572 610 610 604 
degeneracy worse : 557 557 559 859 890 907 
SCL #err deg : 1970 / 6400
SCL #err weighted degeneracy : 1951 1951 1952 2221 2252 2275 
degeneracy helps : 561 562 577 616 617 611 
degeneracy worse : 561 561 563 867 899 916 
SCL #err deg : 1994 / 6500
SCL #err weighted degeneracy : 1974 1974 1975 2247 2279 2304 
degeneracy helps : 568 569 584 624 625 618 
degeneracy worse : 567 567 569 877 910 928 
SCL #err deg : 2027 / 6600
SCL #err weighted degeneracy : 2006 2006 2007 2282 2314 2342 
degeneracy helps : 579 578 595 634 635 628 
degeneracy worse : 577 577 579 889 922 943 
SCL #err deg : 2053 / 6700
SCL #err weighted degeneracy : 2023 2023 2024 2304 2337 2364 
degeneracy helps : 593 592 609 649 650 643 
degeneracy worse : 582 582 584 900 934 954 
SCL #err deg : 2082 / 6800
SCL #err weighted degeneracy : 2059 2059 2060 2341 2375 2402 
degeneracy helps : 597 596 613 654 655 648 
degeneracy worse : 593 593 595 913 948 968 
SCL #err deg : 2109 / 6900
SCL #err weighted degeneracy : 2080 2080 2081 2364 2399 2426 
degeneracy helps : 606 605 622 662 663 656 
degeneracy worse : 596 596 598 917 953 973 
SCL #err deg : 2141 / 7000
SCL #err weighted degeneracy : 2109 2109 2110 2395 2430 2458 
degeneracy helps : 618 617 634 674 675 668 
degeneracy worse : 605 605 607 928 964 985 
SCL #err deg : 2173 / 7100
SCL #err weighted degeneracy : 2144 2144 2145 2441 2478 2506 
degeneracy helps : 624 623 640 679 680 673 
degeneracy worse : 614 614 616 947 985 1006 
SCL #err deg : 2205 / 7200
SCL #err weighted degeneracy : 2176 2176 2177 2477 2515 2543 
degeneracy helps : 633 632 649 688 688 681 
degeneracy worse : 623 623 625 960 998 1019 
SCL #err deg : 2230 / 7300
SCL #err weighted degeneracy : 2200 2200 2201 2505 2546 2573 
degeneracy helps : 643 642 659 698 697 691 
degeneracy worse : 632 632 634 973 1013 1034 
SCL #err deg : 2264 / 7400
SCL #err weighted degeneracy : 2234 2234 2235 2540 2581 2610 
degeneracy helps : 652 651 668 707 706 699 
degeneracy worse : 641 641 643 983 1023 1045 
SCL #err deg : 2299 / 7500
SCL #err weighted degeneracy : 2264 2264 2266 2573 2615 2645 
degeneracy helps : 662 661 678 718 717 710 
degeneracy worse : 646 646 649 992 1033 1056 
SCL #err deg : 2325 / 7600
SCL #err weighted degeneracy : 2293 2293 2295 2605 2647 2678 
degeneracy helps : 672 671 688 727 726 719 
degeneracy worse : 659 659 662 1007 1048 1072 
SCL #err deg : 2347 / 7700
SCL #err weighted degeneracy : 2318 2318 2320 2634 2677 2709 
degeneracy helps : 679 678 695 734 733 726 
degeneracy worse : 669 669 672 1021 1063 1088 
SCL #err deg : 2378 / 7800
SCL #err weighted degeneracy : 2352 2352 2353 2671 2715 2747 
degeneracy helps : 689 688 706 747 746 739 
degeneracy worse : 682 682 685 1040 1083 1108 
SCL #err deg : 2408 / 7900
SCL #err weighted degeneracy : 2375 2375 2376 2699 2743 2775 
degeneracy helps : 698 697 717 759 758 750 
degeneracy worse : 686 686 689 1050 1093 1117 
SCL #err deg : 2434 / 8000
SCL #err weighted degeneracy : 2396 2396 2397 2724 2769 2802 
degeneracy helps : 706 705 725 767 766 758 
degeneracy worse : 689 689 692 1057 1101 1126 
SCL #err deg : 2476 / 8100
SCL #err weighted degeneracy : 2433 2433 2434 2766 2813 2847 
degeneracy helps : 718 717 737 780 778 769 
degeneracy worse : 696 696 699 1070 1115 1140 
SCL #err deg : 2504 / 8200
SCL #err weighted degeneracy : 2463 2463 2464 2805 2853 2886 
degeneracy helps : 727 726 746 788 786 777 
degeneracy worse : 707 707 710 1089 1135 1159 
SCL #err deg : 2536 / 8300
SCL #err weighted degeneracy : 2496 2496 2497 2843 2891 2924 
degeneracy helps : 731 730 751 795 793 784 
degeneracy worse : 713 713 716 1102 1148 1172 
SCL #err deg : 2565 / 8400
SCL #err weighted degeneracy : 2522 2522 2523 2872 2920 2954 
degeneracy helps : 741 740 761 807 805 795 
degeneracy worse : 720 720 723 1114 1160 1184 
SCL #err deg : 2605 / 8500
SCL #err weighted degeneracy : 2553 2553 2554 2908 2955 2988 
degeneracy helps : 755 754 776 823 822 812 
degeneracy worse : 726 726 729 1126 1172 1195 
SCL #err deg : 2637 / 8600
SCL #err weighted degeneracy : 2584 2584 2585 2942 2988 3021 
degeneracy helps : 762 761 783 830 829 819 
degeneracy worse : 732 732 735 1135 1180 1203 
SCL #err deg : 2662 / 8700
SCL #err weighted degeneracy : 2612 2612 2613 2976 3022 3058 
degeneracy helps : 768 767 789 836 835 825 
degeneracy worse : 741 741 744 1150 1195 1221 
SCL #err deg : 2699 / 8800
SCL #err weighted degeneracy : 2640 2640 2641 3006 3051 3088 
degeneracy helps : 782 781 803 851 851 840 
degeneracy worse : 746 746 749 1158 1203 1229 
SCL #err deg : 2737 / 8900
SCL #err weighted degeneracy : 2674 2674 2675 3047 3093 3132 
degeneracy helps : 793 791 814 862 862 851 
degeneracy worse : 753 753 756 1172 1218 1246 
SCL #err deg : 2769 / 9000
SCL #err weighted degeneracy : 2698 2698 2699 3074 3120 3160 
degeneracy helps : 806 804 827 876 876 865 
degeneracy worse : 759 759 762 1181 1227 1256 
SCL #err deg : 2801 / 9100
SCL #err weighted degeneracy : 2732 2732 2733 3111 3158 3197 
degeneracy helps : 819 817 840 889 888 877 
degeneracy worse : 774 774 777 1199 1245 1273 
SCL #err deg : 2835 / 9200
SCL #err weighted degeneracy : 2765 2765 2766 3147 3194 3231 
degeneracy helps : 830 828 851 901 900 889 
degeneracy worse : 785 785 788 1213 1259 1285 
SCL #err deg : 2858 / 9300
SCL #err weighted degeneracy : 2789 2789 2790 3175 3223 3260 
degeneracy helps : 838 836 859 911 910 899 
degeneracy worse : 794 794 797 1228 1275 1301 
SCL #err deg : 2899 / 9400
SCL #err weighted degeneracy : 2824 2824 2825 3214 3262 3299 
degeneracy helps : 850 848 871 924 923 913 
degeneracy worse : 800 800 803 1239 1286 1313 
SCL #err deg : 2931 / 9500
SCL #err weighted degeneracy : 2857 2857 2858 3251 3299 3336 
degeneracy helps : 859 857 880 933 932 922 
degeneracy worse : 810 810 813 1253 1300 1327 
SCL #err deg : 2955 / 9600
SCL #err weighted degeneracy : 2878 2878 2879 3276 3324 3362 
degeneracy helps : 866 864 887 940 939 930 
degeneracy worse : 814 814 817 1261 1308 1337 
SCL #err deg : 2989 / 9700
SCL #err weighted degeneracy : 2915 2915 2916 3318 3366 3406 
degeneracy helps : 873 870 894 946 945 936 
degeneracy worse : 824 824 827 1275 1322 1353 
SCL #err deg : 3022 / 9800
SCL #err weighted degeneracy : 2945 2945 2946 3352 3401 3443 
degeneracy helps : 886 883 907 958 957 948 
degeneracy worse : 834 834 837 1288 1336 1369 
SCL #err deg : 3059 / 9900
SCL #err weighted degeneracy : 2976 2976 2977 3388 3437 3479 
degeneracy helps : 898 896 920 971 969 960 
degeneracy worse : 841 841 844 1300 1347 1380 
SCL #err deg : 3085 / 10000
SCL #err weighted degeneracy : 3007 3007 3008 3423 3473 3515 
degeneracy helps : 903 901 926 977 975 966 
degeneracy worse : 852 852 855 1315 1363 1396 
average #flips: 6.8313
SCL #err considering degeneracy: 3085
error due to equal 1638
error due to SCL smaller 1447
Finish in 610 s
