Simulation Polar syndrome FASTER N=64, K=33, l=128, pz=0.101, #samples=10000, seed=7348
PW construction
Event generator random seed: 7348
SCL #err deg : 23 / 100
SCL #err weighted degeneracy : 28 28 28 34 33 33 
degeneracy helps : 4 4 4 4 5 5 
degeneracy worse : 9 9 9 15 15 15 
SCL #err deg : 54 / 200
SCL #err weighted degeneracy : 59 59 59 67 67 68 
degeneracy helps : 16 16 16 19 20 19 
degeneracy worse : 21 21 21 32 33 33 
SCL #err deg : 88 / 300
SCL #err weighted degeneracy : 88 88 88 99 99 102 
degeneracy helps : 29 29 29 34 35 34 
degeneracy worse : 29 29 29 45 46 48 
SCL #err deg : 120 / 400
SCL #err weighted degeneracy : 122 122 122 137 137 141 
degeneracy helps : 39 39 39 44 45 44 
degeneracy worse : 41 41 41 61 62 65 
SCL #err deg : 149 / 500
SCL #err weighted degeneracy : 145 145 145 165 166 171 
degeneracy helps : 49 49 50 56 57 56 
degeneracy worse : 46 46 46 72 74 78 
SCL #err deg : 170 / 600
SCL #err weighted degeneracy : 163 163 163 188 190 199 
degeneracy helps : 59 59 60 67 68 67 
degeneracy worse : 53 53 53 85 88 96 
SCL #err deg : 202 / 700
SCL #err weighted degeneracy : 186 186 186 215 217 228 
degeneracy helps : 75 75 77 85 86 83 
degeneracy worse : 61 61 61 98 101 109 
SCL #err deg : 222 / 800
SCL #err weighted degeneracy : 210 210 210 246 248 260 
degeneracy helps : 81 81 83 91 92 89 
degeneracy worse : 71 71 71 115 118 127 
SCL #err deg : 247 / 900
SCL #err weighted degeneracy : 227 227 227 272 275 289 
degeneracy helps : 90 90 92 99 99 96 
degeneracy worse : 72 72 72 124 127 138 
SCL #err deg : 278 / 1000
SCL #err weighted degeneracy : 259 259 260 309 312 328 
degeneracy helps : 98 98 100 107 107 104 
degeneracy worse : 81 81 82 138 141 154 
SCL #err deg : 306 / 1100
SCL #err weighted degeneracy : 285 285 286 341 344 360 
degeneracy helps : 108 108 110 117 117 115 
degeneracy worse : 89 89 90 152 155 169 
SCL #err deg : 328 / 1200
SCL #err weighted degeneracy : 307 307 308 364 367 386 
degeneracy helps : 115 115 117 125 126 122 
degeneracy worse : 96 96 97 161 165 180 
SCL #err deg : 360 / 1300
SCL #err weighted degeneracy : 335 335 336 397 401 421 
degeneracy helps : 123 123 126 135 136 133 
degeneracy worse : 101 101 102 172 177 194 
SCL #err deg : 386 / 1400
SCL #err weighted degeneracy : 363 363 364 429 434 455 
degeneracy helps : 134 134 137 146 146 143 
degeneracy worse : 114 114 115 189 194 212 
SCL #err deg : 415 / 1500
SCL #err weighted degeneracy : 389 389 390 461 467 486 
degeneracy helps : 143 143 147 156 156 153 
degeneracy worse : 121 121 122 202 208 224 
SCL #err deg : 445 / 1600
SCL #err weighted degeneracy : 415 415 416 490 497 517 
degeneracy helps : 152 152 156 165 165 161 
degeneracy worse : 126 126 127 210 217 233 
SCL #err deg : 485 / 1700
SCL #err weighted degeneracy : 450 450 451 528 537 557 
degeneracy helps : 161 161 165 175 175 171 
degeneracy worse : 130 130 131 218 227 243 
SCL #err deg : 514 / 1800
SCL #err weighted degeneracy : 481 481 482 558 567 591 
degeneracy helps : 168 168 172 184 184 178 
degeneracy worse : 139 139 140 228 237 255 
SCL #err deg : 533 / 1900
SCL #err weighted degeneracy : 507 507 508 589 599 624 
degeneracy helps : 174 174 178 191 191 185 
degeneracy worse : 152 152 153 247 257 276 
SCL #err deg : 564 / 2000
SCL #err weighted degeneracy : 538 538 539 626 637 665 
degeneracy helps : 182 182 186 200 200 193 
degeneracy worse : 161 161 162 262 273 294 
SCL #err deg : 593 / 2100
SCL #err weighted degeneracy : 575 575 576 667 680 709 
degeneracy helps : 184 184 188 202 202 195 
degeneracy worse : 171 171 172 276 289 311 
SCL #err deg : 625 / 2200
SCL #err weighted degeneracy : 609 609 610 706 719 749 
degeneracy helps : 190 191 195 209 209 202 
degeneracy worse : 180 180 181 290 303 326 
SCL #err deg : 653 / 2300
SCL #err weighted degeneracy : 642 642 643 746 759 789 
degeneracy helps : 196 197 202 216 216 209 
degeneracy worse : 192 192 193 309 322 345 
SCL #err deg : 688 / 2400
SCL #err weighted degeneracy : 669 669 670 782 795 825 
degeneracy helps : 211 212 217 230 230 223 
degeneracy worse : 199 199 200 324 337 360 
SCL #err deg : 718 / 2500
SCL #err weighted degeneracy : 702 702 703 821 834 863 
degeneracy helps : 219 220 225 238 239 232 
degeneracy worse : 210 210 211 341 355 377 
SCL #err deg : 750 / 2600
SCL #err weighted degeneracy : 730 730 731 852 865 895 
degeneracy helps : 229 230 236 249 250 242 
degeneracy worse : 217 217 218 351 365 387 
SCL #err deg : 779 / 2700
SCL #err weighted degeneracy : 755 755 756 883 896 930 
degeneracy helps : 239 240 246 259 260 251 
degeneracy worse : 223 223 224 363 377 402 
SCL #err deg : 803 / 2800
SCL #err weighted degeneracy : 778 778 779 909 923 960 
degeneracy helps : 248 249 255 268 269 258 
degeneracy worse : 231 231 232 374 389 415 
SCL #err deg : 826 / 2900
SCL #err weighted degeneracy : 797 797 798 932 948 987 
degeneracy helps : 257 258 264 279 279 268 
degeneracy worse : 236 236 237 385 401 429 
SCL #err deg : 857 / 3000
SCL #err weighted degeneracy : 821 821 822 956 974 1014 
degeneracy helps : 267 268 275 291 291 280 
degeneracy worse : 240 240 241 390 408 437 
SCL #err deg : 884 / 3100
SCL #err weighted degeneracy : 851 851 852 988 1007 1047 
degeneracy helps : 274 275 282 300 300 289 
degeneracy worse : 250 250 251 404 423 452 
SCL #err deg : 916 / 3200
SCL #err weighted degeneracy : 884 884 885 1023 1042 1085 
degeneracy helps : 281 282 290 308 308 297 
degeneracy worse : 259 259 260 415 434 466 
SCL #err deg : 951 / 3300
SCL #err weighted degeneracy : 916 916 917 1060 1081 1125 
degeneracy helps : 289 290 298 316 316 305 
degeneracy worse : 264 264 265 425 446 479 
SCL #err deg : 982 / 3400
SCL #err weighted degeneracy : 943 943 945 1097 1117 1165 
degeneracy helps : 299 300 308 326 326 315 
degeneracy worse : 270 270 272 441 461 498 
SCL #err deg : 1011 / 3500
SCL #err weighted degeneracy : 970 970 972 1131 1152 1198 
degeneracy helps : 308 309 317 335 335 324 
degeneracy worse : 277 277 279 455 476 511 
SCL #err deg : 1040 / 3600
SCL #err weighted degeneracy : 995 995 997 1161 1183 1229 
degeneracy helps : 319 320 328 347 347 336 
degeneracy worse : 284 284 286 468 490 525 
SCL #err deg : 1070 / 3700
SCL #err weighted degeneracy : 1022 1022 1024 1189 1209 1260 
degeneracy helps : 327 328 336 357 360 348 
degeneracy worse : 289 289 291 476 499 538 
SCL #err deg : 1097 / 3800
SCL #err weighted degeneracy : 1047 1047 1049 1219 1239 1290 
degeneracy helps : 334 334 343 364 367 355 
degeneracy worse : 294 294 296 486 509 548 
SCL #err deg : 1125 / 3900
SCL #err weighted degeneracy : 1076 1076 1078 1254 1278 1330 
degeneracy helps : 340 340 350 371 372 360 
degeneracy worse : 302 302 304 500 525 565 
SCL #err deg : 1157 / 4000
SCL #err weighted degeneracy : 1105 1105 1107 1287 1312 1365 
degeneracy helps : 349 348 359 381 381 369 
degeneracy worse : 308 308 310 511 536 577 
SCL #err deg : 1188 / 4100
SCL #err weighted degeneracy : 1134 1134 1136 1321 1346 1399 
degeneracy helps : 358 359 370 392 393 380 
degeneracy worse : 317 317 319 525 551 591 
SCL #err deg : 1211 / 4200
SCL #err weighted degeneracy : 1160 1160 1162 1351 1376 1432 
degeneracy helps : 366 367 378 401 401 387 
degeneracy worse : 328 328 330 541 566 608 
SCL #err deg : 1237 / 4300
SCL #err weighted degeneracy : 1183 1183 1185 1382 1407 1463 
degeneracy helps : 371 372 383 408 408 394 
degeneracy worse : 331 331 333 553 578 620 
SCL #err deg : 1271 / 4400
SCL #err weighted degeneracy : 1208 1208 1210 1412 1437 1495 
degeneracy helps : 381 383 394 418 418 404 
degeneracy worse : 333 333 335 559 584 628 
SCL #err deg : 1305 / 4500
SCL #err weighted degeneracy : 1240 1240 1242 1449 1475 1534 
degeneracy helps : 392 394 405 429 429 414 
degeneracy worse : 342 342 344 573 599 643 
SCL #err deg : 1344 / 4600
SCL #err weighted degeneracy : 1272 1272 1274 1485 1511 1571 
degeneracy helps : 406 408 419 444 444 428 
degeneracy worse : 349 349 351 585 611 655 
SCL #err deg : 1370 / 4700
SCL #err weighted degeneracy : 1304 1304 1306 1522 1548 1607 
degeneracy helps : 414 416 427 453 453 437 
degeneracy worse : 363 363 365 605 631 674 
SCL #err deg : 1394 / 4800
SCL #err weighted degeneracy : 1324 1324 1326 1547 1573 1634 
degeneracy helps : 422 424 435 462 462 446 
degeneracy worse : 367 367 369 615 641 686 
SCL #err deg : 1424 / 4900
SCL #err weighted degeneracy : 1350 1350 1352 1577 1603 1663 
degeneracy helps : 431 433 444 473 473 457 
degeneracy worse : 373 373 375 626 652 696 
SCL #err deg : 1451 / 5000
SCL #err weighted degeneracy : 1378 1378 1380 1609 1636 1701 
degeneracy helps : 440 442 453 482 481 465 
degeneracy worse : 383 383 385 640 666 715 
SCL #err deg : 1484 / 5100
SCL #err weighted degeneracy : 1414 1414 1416 1649 1678 1745 
degeneracy helps : 445 448 459 490 489 474 
degeneracy worse : 392 392 394 655 683 735 
SCL #err deg : 1504 / 5200
SCL #err weighted degeneracy : 1433 1433 1435 1669 1700 1771 
degeneracy helps : 453 456 467 499 497 481 
degeneracy worse : 399 399 401 664 693 748 
SCL #err deg : 1532 / 5300
SCL #err weighted degeneracy : 1466 1466 1468 1707 1739 1810 
degeneracy helps : 456 459 470 504 502 486 
degeneracy worse : 408 408 410 679 709 764 
SCL #err deg : 1555 / 5400
SCL #err weighted degeneracy : 1491 1491 1493 1736 1768 1840 
degeneracy helps : 461 464 475 509 507 491 
degeneracy worse : 415 415 417 690 720 776 
SCL #err deg : 1578 / 5500
SCL #err weighted degeneracy : 1512 1512 1514 1760 1793 1867 
degeneracy helps : 471 474 485 518 516 500 
degeneracy worse : 423 423 425 700 731 789 
SCL #err deg : 1612 / 5600
SCL #err weighted degeneracy : 1547 1547 1549 1800 1833 1909 
degeneracy helps : 477 481 492 525 523 507 
degeneracy worse : 431 431 433 713 744 804 
SCL #err deg : 1637 / 5700
SCL #err weighted degeneracy : 1574 1574 1576 1832 1865 1942 
degeneracy helps : 482 486 497 532 530 514 
degeneracy worse : 438 438 440 727 758 819 
SCL #err deg : 1659 / 5800
SCL #err weighted degeneracy : 1606 1606 1608 1869 1903 1982 
degeneracy helps : 486 490 501 536 534 518 
degeneracy worse : 452 452 454 746 778 841 
SCL #err deg : 1693 / 5900
SCL #err weighted degeneracy : 1638 1638 1640 1902 1937 2018 
degeneracy helps : 496 500 512 547 545 528 
degeneracy worse : 461 461 463 756 789 853 
SCL #err deg : 1716 / 6000
SCL #err weighted degeneracy : 1659 1659 1661 1925 1961 2043 
degeneracy helps : 508 512 524 559 557 539 
degeneracy worse : 471 471 473 768 802 866 
SCL #err deg : 1752 / 6100
SCL #err weighted degeneracy : 1699 1699 1701 1971 2007 2087 
degeneracy helps : 513 517 529 564 562 545 
degeneracy worse : 480 480 482 783 817 880 
SCL #err deg : 1775 / 6200
SCL #err weighted degeneracy : 1723 1723 1725 1998 2034 2113 
degeneracy helps : 518 522 534 569 567 551 
degeneracy worse : 486 486 488 792 826 889 
SCL #err deg : 1800 / 6300
SCL #err weighted degeneracy : 1748 1748 1750 2026 2063 2144 
degeneracy helps : 523 527 539 574 572 556 
degeneracy worse : 491 491 493 800 835 900 
SCL #err deg : 1826 / 6400
SCL #err weighted degeneracy : 1774 1774 1776 2056 2093 2174 
degeneracy helps : 526 530 543 578 577 561 
degeneracy worse : 495 495 497 808 844 909 
SCL #err deg : 1851 / 6500
SCL #err weighted degeneracy : 1796 1796 1798 2080 2118 2200 
degeneracy helps : 533 537 550 586 585 570 
degeneracy worse : 499 499 501 815 852 919 
SCL #err deg : 1879 / 6600
SCL #err weighted degeneracy : 1826 1826 1828 2113 2153 2233 
degeneracy helps : 541 545 558 594 593 579 
degeneracy worse : 509 509 511 828 867 933 
SCL #err deg : 1904 / 6700
SCL #err weighted degeneracy : 1848 1848 1850 2138 2178 2261 
degeneracy helps : 551 555 568 604 603 589 
degeneracy worse : 516 516 518 838 877 946 
SCL #err deg : 1929 / 6800
SCL #err weighted degeneracy : 1879 1879 1881 2171 2212 2295 
degeneracy helps : 555 559 572 609 608 594 
degeneracy worse : 526 526 528 851 891 960 
SCL #err deg : 1953 / 6900
SCL #err weighted degeneracy : 1902 1902 1904 2196 2237 2320 
degeneracy helps : 561 565 578 615 614 600 
degeneracy worse : 531 531 533 858 898 967 
SCL #err deg : 1991 / 7000
SCL #err weighted degeneracy : 1932 1932 1934 2230 2271 2357 
degeneracy helps : 575 579 592 629 628 614 
degeneracy worse : 537 537 539 868 908 980 
SCL #err deg : 2020 / 7100
SCL #err weighted degeneracy : 1958 1958 1960 2266 2309 2395 
degeneracy helps : 585 589 602 639 638 624 
degeneracy worse : 544 544 546 885 927 999 
SCL #err deg : 2053 / 7200
SCL #err weighted degeneracy : 1987 1987 1989 2299 2342 2429 
degeneracy helps : 598 602 615 652 651 637 
degeneracy worse : 553 553 555 898 940 1013 
SCL #err deg : 2073 / 7300
SCL #err weighted degeneracy : 2008 2008 2010 2325 2367 2456 
degeneracy helps : 603 608 621 658 658 644 
degeneracy worse : 560 560 562 910 952 1027 
SCL #err deg : 2111 / 7400
SCL #err weighted degeneracy : 2043 2043 2045 2361 2403 2495 
degeneracy helps : 616 620 634 671 671 655 
degeneracy worse : 570 570 572 921 963 1039 
SCL #err deg : 2139 / 7500
SCL #err weighted degeneracy : 2072 2072 2075 2394 2436 2529 
degeneracy helps : 625 629 643 682 682 666 
degeneracy worse : 581 581 584 937 979 1056 
SCL #err deg : 2167 / 7600
SCL #err weighted degeneracy : 2104 2104 2107 2429 2471 2564 
degeneracy helps : 634 638 652 692 692 676 
degeneracy worse : 594 594 597 954 996 1073 
SCL #err deg : 2187 / 7700
SCL #err weighted degeneracy : 2128 2128 2131 2458 2501 2594 
degeneracy helps : 640 644 658 699 699 682 
degeneracy worse : 604 604 607 970 1013 1089 
SCL #err deg : 2216 / 7800
SCL #err weighted degeneracy : 2162 2162 2164 2494 2539 2634 
degeneracy helps : 647 651 666 709 709 691 
degeneracy worse : 616 616 619 987 1032 1109 
SCL #err deg : 2242 / 7900
SCL #err weighted degeneracy : 2185 2185 2187 2523 2568 2661 
degeneracy helps : 654 658 673 717 717 698 
degeneracy worse : 620 620 623 998 1043 1117 
SCL #err deg : 2262 / 8000
SCL #err weighted degeneracy : 2207 2207 2209 2550 2596 2693 
degeneracy helps : 658 662 677 721 721 700 
degeneracy worse : 626 626 629 1009 1055 1131 
SCL #err deg : 2295 / 8100
SCL #err weighted degeneracy : 2244 2244 2246 2592 2639 2738 
degeneracy helps : 664 668 683 729 729 705 
degeneracy worse : 636 636 639 1026 1073 1148 
SCL #err deg : 2320 / 8200
SCL #err weighted degeneracy : 2271 2271 2274 2628 2675 2774 
degeneracy helps : 674 678 694 741 741 716 
degeneracy worse : 649 649 653 1049 1096 1170 
SCL #err deg : 2346 / 8300
SCL #err weighted degeneracy : 2300 2300 2303 2661 2709 2810 
degeneracy helps : 681 685 701 750 750 725 
degeneracy worse : 659 659 663 1065 1113 1189 
SCL #err deg : 2374 / 8400
SCL #err weighted degeneracy : 2323 2323 2326 2686 2734 2840 
degeneracy helps : 691 696 712 763 763 737 
degeneracy worse : 665 665 669 1075 1123 1203 
SCL #err deg : 2410 / 8500
SCL #err weighted degeneracy : 2356 2356 2359 2722 2770 2876 
degeneracy helps : 702 707 724 777 777 751 
degeneracy worse : 674 674 678 1089 1137 1217 
SCL #err deg : 2443 / 8600
SCL #err weighted degeneracy : 2387 2387 2390 2754 2801 2908 
degeneracy helps : 711 716 734 787 788 762 
degeneracy worse : 682 682 686 1098 1146 1227 
SCL #err deg : 2469 / 8700
SCL #err weighted degeneracy : 2413 2413 2416 2786 2834 2943 
degeneracy helps : 716 721 739 792 793 766 
degeneracy worse : 687 687 691 1109 1158 1240 
SCL #err deg : 2498 / 8800
SCL #err weighted degeneracy : 2437 2437 2440 2813 2861 2973 
degeneracy helps : 724 730 748 802 803 775 
degeneracy worse : 691 691 695 1117 1166 1250 
SCL #err deg : 2529 / 8900
SCL #err weighted degeneracy : 2471 2471 2474 2854 2904 3016 
degeneracy helps : 732 737 756 810 811 783 
degeneracy worse : 702 702 706 1135 1186 1270 
SCL #err deg : 2558 / 9000
SCL #err weighted degeneracy : 2499 2499 2502 2886 2937 3051 
degeneracy helps : 739 744 763 817 818 789 
degeneracy worse : 708 708 712 1145 1197 1282 
SCL #err deg : 2588 / 9100
SCL #err weighted degeneracy : 2529 2529 2532 2917 2968 3084 
degeneracy helps : 748 753 772 828 829 799 
degeneracy worse : 717 717 721 1157 1209 1295 
SCL #err deg : 2616 / 9200
SCL #err weighted degeneracy : 2563 2563 2566 2956 3007 3123 
degeneracy helps : 755 760 779 835 836 807 
degeneracy worse : 730 730 734 1175 1227 1314 
SCL #err deg : 2637 / 9300
SCL #err weighted degeneracy : 2582 2582 2585 2980 3031 3149 
degeneracy helps : 763 768 787 844 845 816 
degeneracy worse : 736 736 740 1187 1239 1328 
SCL #err deg : 2678 / 9400
SCL #err weighted degeneracy : 2616 2616 2619 3019 3070 3190 
degeneracy helps : 772 777 796 855 856 826 
degeneracy worse : 739 739 743 1196 1248 1338 
SCL #err deg : 2705 / 9500
SCL #err weighted degeneracy : 2647 2647 2650 3056 3107 3228 
degeneracy helps : 779 784 803 862 863 832 
degeneracy worse : 750 750 754 1213 1265 1355 
SCL #err deg : 2727 / 9600
SCL #err weighted degeneracy : 2665 2665 2668 3079 3131 3253 
degeneracy helps : 786 791 811 870 871 841 
degeneracy worse : 754 754 758 1222 1275 1367 
SCL #err deg : 2761 / 9700
SCL #err weighted degeneracy : 2702 2702 2705 3118 3171 3294 
degeneracy helps : 791 796 816 877 878 848 
degeneracy worse : 762 762 766 1234 1288 1381 
SCL #err deg : 2796 / 9800
SCL #err weighted degeneracy : 2730 2730 2733 3149 3203 3327 
degeneracy helps : 803 808 828 888 889 858 
degeneracy worse : 767 767 771 1241 1296 1389 
SCL #err deg : 2826 / 9900
SCL #err weighted degeneracy : 2759 2759 2762 3184 3240 3366 
degeneracy helps : 809 814 834 894 894 864 
degeneracy worse : 772 772 776 1252 1308 1404 
SCL #err deg : 2853 / 10000
SCL #err weighted degeneracy : 2786 2786 2789 3215 3274 3401 
degeneracy helps : 814 819 840 900 900 869 
degeneracy worse : 778 778 782 1262 1321 1417 
average #flips: 6.5077
SCL #err considering degeneracy: 2853
error due to equal 1627
error due to SCL smaller 1226
Finish in 620 s
