Simulation Polar syndrome FASTER N=64, K=33, l=128, pz=0.102, #samples=10000, seed=7348
PW construction
Event generator random seed: 7348
SCL #err deg : 21 / 100
SCL #err weighted degeneracy : 27 27 27 34 33 33 
degeneracy helps : 5 5 5 5 6 6 
degeneracy worse : 11 11 11 18 18 18 
SCL #err deg : 56 / 200
SCL #err weighted degeneracy : 61 61 61 70 70 70 
degeneracy helps : 16 16 16 18 19 19 
degeneracy worse : 21 21 21 32 33 33 
SCL #err deg : 86 / 300
SCL #err weighted degeneracy : 88 88 88 100 100 100 
degeneracy helps : 28 28 28 31 32 32 
degeneracy worse : 30 30 30 45 46 46 
SCL #err deg : 121 / 400
SCL #err weighted degeneracy : 119 119 119 135 135 134 
degeneracy helps : 40 40 40 43 44 44 
degeneracy worse : 38 38 38 57 58 57 
SCL #err deg : 155 / 500
SCL #err weighted degeneracy : 142 142 142 164 165 167 
degeneracy helps : 55 55 55 58 59 59 
degeneracy worse : 42 42 42 67 69 71 
SCL #err deg : 179 / 600
SCL #err weighted degeneracy : 159 159 159 186 189 193 
degeneracy helps : 67 67 67 71 72 72 
degeneracy worse : 47 47 47 78 82 86 
SCL #err deg : 210 / 700
SCL #err weighted degeneracy : 185 185 185 215 217 223 
degeneracy helps : 81 80 81 86 87 85 
degeneracy worse : 56 56 56 91 94 98 
SCL #err deg : 231 / 800
SCL #err weighted degeneracy : 206 206 206 243 245 254 
degeneracy helps : 88 87 88 93 94 91 
degeneracy worse : 63 63 63 105 108 114 
SCL #err deg : 256 / 900
SCL #err weighted degeneracy : 224 224 224 270 274 284 
degeneracy helps : 97 96 97 101 101 98 
degeneracy worse : 65 65 65 115 119 126 
SCL #err deg : 287 / 1000
SCL #err weighted degeneracy : 258 258 259 309 315 326 
degeneracy helps : 102 101 102 106 105 102 
degeneracy worse : 73 73 74 128 133 141 
SCL #err deg : 315 / 1100
SCL #err weighted degeneracy : 284 284 285 341 347 359 
degeneracy helps : 113 112 113 117 116 113 
degeneracy worse : 82 82 83 143 148 157 
SCL #err deg : 339 / 1200
SCL #err weighted degeneracy : 307 307 308 366 371 385 
degeneracy helps : 120 119 120 125 125 121 
degeneracy worse : 88 88 89 152 157 167 
SCL #err deg : 373 / 1300
SCL #err weighted degeneracy : 337 337 338 400 405 420 
degeneracy helps : 128 127 129 136 136 133 
degeneracy worse : 93 93 94 163 168 180 
SCL #err deg : 403 / 1400
SCL #err weighted degeneracy : 362 362 363 429 435 452 
degeneracy helps : 141 140 142 149 148 145 
degeneracy worse : 101 101 102 175 180 194 
SCL #err deg : 432 / 1500
SCL #err weighted degeneracy : 387 387 388 461 467 484 
degeneracy helps : 151 149 152 159 158 155 
degeneracy worse : 107 107 108 188 193 207 
SCL #err deg : 463 / 1600
SCL #err weighted degeneracy : 413 413 414 491 497 515 
degeneracy helps : 161 159 162 170 169 166 
degeneracy worse : 113 113 114 198 203 218 
SCL #err deg : 498 / 1700
SCL #err weighted degeneracy : 447 447 448 526 534 553 
degeneracy helps : 170 168 171 182 181 177 
degeneracy worse : 121 121 122 210 217 232 
SCL #err deg : 528 / 1800
SCL #err weighted degeneracy : 476 476 477 554 562 583 
degeneracy helps : 178 176 179 192 191 186 
degeneracy worse : 128 128 129 218 225 241 
SCL #err deg : 549 / 1900
SCL #err weighted degeneracy : 506 506 507 589 599 622 
degeneracy helps : 184 182 185 199 198 192 
degeneracy worse : 143 143 144 239 248 265 
SCL #err deg : 579 / 2000
SCL #err weighted degeneracy : 540 540 541 629 640 665 
degeneracy helps : 191 189 192 206 205 198 
degeneracy worse : 154 154 155 256 266 284 
SCL #err deg : 608 / 2100
SCL #err weighted degeneracy : 575 575 576 668 681 707 
degeneracy helps : 196 194 197 211 210 203 
degeneracy worse : 165 165 166 271 283 302 
SCL #err deg : 643 / 2200
SCL #err weighted degeneracy : 610 610 611 708 721 748 
degeneracy helps : 205 203 206 220 219 211 
degeneracy worse : 174 174 175 285 297 316 
SCL #err deg : 672 / 2300
SCL #err weighted degeneracy : 640 640 641 745 758 784 
degeneracy helps : 210 208 212 226 225 217 
degeneracy worse : 181 181 182 299 311 329 
SCL #err deg : 712 / 2400
SCL #err weighted degeneracy : 673 673 674 786 799 825 
degeneracy helps : 225 223 227 240 239 231 
degeneracy worse : 189 189 190 314 326 344 
SCL #err deg : 744 / 2500
SCL #err weighted degeneracy : 705 705 706 825 839 865 
degeneracy helps : 234 232 236 249 248 241 
degeneracy worse : 198 198 199 330 343 362 
SCL #err deg : 774 / 2600
SCL #err weighted degeneracy : 733 733 734 855 869 897 
degeneracy helps : 244 243 248 261 260 251 
degeneracy worse : 208 208 209 342 355 374 
SCL #err deg : 804 / 2700
SCL #err weighted degeneracy : 756 756 757 884 898 929 
degeneracy helps : 256 255 260 273 272 262 
degeneracy worse : 213 213 214 353 366 387 
SCL #err deg : 829 / 2800
SCL #err weighted degeneracy : 780 780 781 911 926 958 
degeneracy helps : 266 265 271 284 283 272 
degeneracy worse : 223 223 224 366 380 401 
SCL #err deg : 849 / 2900
SCL #err weighted degeneracy : 798 798 799 933 950 983 
degeneracy helps : 273 272 278 293 291 280 
degeneracy worse : 229 229 230 377 392 414 
SCL #err deg : 881 / 3000
SCL #err weighted degeneracy : 824 824 825 959 976 1011 
degeneracy helps : 284 283 290 306 304 293 
degeneracy worse : 235 235 236 384 399 423 
SCL #err deg : 911 / 3100
SCL #err weighted degeneracy : 853 853 854 990 1007 1044 
degeneracy helps : 293 292 299 317 315 303 
degeneracy worse : 243 243 244 396 411 436 
SCL #err deg : 945 / 3200
SCL #err weighted degeneracy : 885 885 886 1022 1039 1077 
degeneracy helps : 302 301 308 327 325 313 
degeneracy worse : 250 250 251 404 419 445 
SCL #err deg : 977 / 3300
SCL #err weighted degeneracy : 912 912 913 1055 1074 1114 
degeneracy helps : 310 309 316 335 333 321 
degeneracy worse : 253 253 254 413 430 458 
SCL #err deg : 1004 / 3400
SCL #err weighted degeneracy : 942 942 944 1095 1114 1156 
degeneracy helps : 317 316 323 342 340 328 
degeneracy worse : 263 263 265 433 450 480 
SCL #err deg : 1034 / 3500
SCL #err weighted degeneracy : 972 972 974 1133 1154 1196 
degeneracy helps : 324 323 330 350 348 336 
degeneracy worse : 271 271 273 449 468 498 
SCL #err deg : 1065 / 3600
SCL #err weighted degeneracy : 998 998 1000 1163 1185 1226 
degeneracy helps : 337 336 343 364 362 350 
degeneracy worse : 279 279 281 462 482 511 
SCL #err deg : 1098 / 3700
SCL #err weighted degeneracy : 1027 1027 1029 1194 1215 1258 
degeneracy helps : 348 347 354 376 375 364 
degeneracy worse : 286 286 288 472 492 524 
SCL #err deg : 1125 / 3800
SCL #err weighted degeneracy : 1053 1053 1055 1227 1249 1293 
degeneracy helps : 355 354 361 383 382 371 
degeneracy worse : 292 292 294 485 506 539 
SCL #err deg : 1154 / 3900
SCL #err weighted degeneracy : 1080 1080 1082 1259 1283 1328 
degeneracy helps : 361 360 368 390 387 376 
degeneracy worse : 297 297 299 495 516 550 
SCL #err deg : 1189 / 4000
SCL #err weighted degeneracy : 1108 1108 1110 1291 1317 1362 
degeneracy helps : 373 371 380 403 399 388 
degeneracy worse : 302 302 304 505 527 561 
SCL #err deg : 1216 / 4100
SCL #err weighted degeneracy : 1132 1132 1134 1320 1344 1390 
degeneracy helps : 384 383 392 415 412 400 
degeneracy worse : 311 311 313 519 540 574 
SCL #err deg : 1240 / 4200
SCL #err weighted degeneracy : 1158 1158 1160 1348 1373 1421 
degeneracy helps : 391 390 399 423 419 406 
degeneracy worse : 320 320 322 531 552 587 
SCL #err deg : 1269 / 4300
SCL #err weighted degeneracy : 1181 1181 1183 1378 1403 1451 
degeneracy helps : 399 398 407 433 429 416 
degeneracy worse : 323 323 325 542 563 598 
SCL #err deg : 1302 / 4400
SCL #err weighted degeneracy : 1209 1209 1211 1410 1436 1485 
degeneracy helps : 409 408 417 442 437 424 
degeneracy worse : 328 328 330 550 571 607 
SCL #err deg : 1335 / 4500
SCL #err weighted degeneracy : 1241 1241 1243 1445 1470 1520 
degeneracy helps : 422 421 430 455 451 437 
degeneracy worse : 340 340 342 565 586 622 
SCL #err deg : 1374 / 4600
SCL #err weighted degeneracy : 1274 1274 1276 1482 1507 1557 
degeneracy helps : 435 435 443 470 466 453 
degeneracy worse : 348 348 350 578 599 636 
SCL #err deg : 1399 / 4700
SCL #err weighted degeneracy : 1306 1306 1308 1518 1543 1592 
degeneracy helps : 442 442 450 479 475 462 
degeneracy worse : 362 362 364 598 619 655 
SCL #err deg : 1429 / 4800
SCL #err weighted degeneracy : 1325 1325 1327 1543 1568 1618 
degeneracy helps : 457 457 465 495 491 478 
degeneracy worse : 366 366 368 609 630 667 
SCL #err deg : 1457 / 4900
SCL #err weighted degeneracy : 1349 1349 1351 1572 1597 1648 
degeneracy helps : 466 466 474 505 501 488 
degeneracy worse : 372 372 374 620 641 679 
SCL #err deg : 1487 / 5000
SCL #err weighted degeneracy : 1376 1376 1378 1604 1629 1684 
degeneracy helps : 477 477 485 516 512 498 
degeneracy worse : 380 380 382 633 654 695 
SCL #err deg : 1521 / 5100
SCL #err weighted degeneracy : 1413 1413 1415 1645 1671 1727 
degeneracy helps : 485 485 493 526 522 508 
degeneracy worse : 391 391 393 650 672 714 
SCL #err deg : 1545 / 5200
SCL #err weighted degeneracy : 1433 1433 1435 1666 1693 1752 
degeneracy helps : 495 495 503 537 532 517 
degeneracy worse : 397 397 399 658 680 724 
SCL #err deg : 1571 / 5300
SCL #err weighted degeneracy : 1468 1468 1470 1707 1735 1794 
degeneracy helps : 499 499 507 542 537 521 
degeneracy worse : 410 410 412 678 701 744 
SCL #err deg : 1597 / 5400
SCL #err weighted degeneracy : 1493 1493 1495 1736 1765 1825 
degeneracy helps : 505 505 513 548 543 526 
degeneracy worse : 415 415 417 687 711 754 
SCL #err deg : 1623 / 5500
SCL #err weighted degeneracy : 1516 1516 1518 1762 1792 1855 
degeneracy helps : 514 514 522 556 551 532 
degeneracy worse : 421 421 423 695 720 764 
SCL #err deg : 1655 / 5600
SCL #err weighted degeneracy : 1547 1547 1549 1797 1827 1890 
degeneracy helps : 522 523 531 565 560 541 
degeneracy worse : 429 429 431 707 732 776 
SCL #err deg : 1683 / 5700
SCL #err weighted degeneracy : 1577 1577 1579 1832 1862 1928 
degeneracy helps : 528 529 537 573 568 548 
degeneracy worse : 437 437 439 722 747 793 
SCL #err deg : 1709 / 5800
SCL #err weighted degeneracy : 1608 1608 1610 1867 1897 1966 
degeneracy helps : 533 534 542 578 573 553 
degeneracy worse : 447 447 449 736 761 810 
SCL #err deg : 1743 / 5900
SCL #err weighted degeneracy : 1639 1639 1641 1899 1930 2003 
degeneracy helps : 543 544 553 589 584 563 
degeneracy worse : 455 455 457 745 771 823 
SCL #err deg : 1766 / 6000
SCL #err weighted degeneracy : 1661 1661 1663 1924 1957 2032 
degeneracy helps : 554 555 564 600 594 573 
degeneracy worse : 465 465 467 758 785 839 
SCL #err deg : 1802 / 6100
SCL #err weighted degeneracy : 1701 1701 1703 1969 2002 2075 
degeneracy helps : 561 562 571 608 602 580 
degeneracy worse : 476 476 478 775 802 853 
SCL #err deg : 1827 / 6200
SCL #err weighted degeneracy : 1728 1728 1730 1999 2032 2104 
degeneracy helps : 567 568 577 614 608 587 
degeneracy worse : 484 484 486 786 813 864 
SCL #err deg : 1850 / 6300
SCL #err weighted degeneracy : 1751 1751 1753 2025 2059 2134 
degeneracy helps : 573 574 583 620 614 593 
degeneracy worse : 490 490 492 795 823 877 
SCL #err deg : 1877 / 6400
SCL #err weighted degeneracy : 1777 1777 1779 2056 2089 2165 
degeneracy helps : 576 577 587 624 619 598 
degeneracy worse : 493 493 495 803 831 886 
SCL #err deg : 1898 / 6500
SCL #err weighted degeneracy : 1802 1802 1804 2083 2117 2193 
degeneracy helps : 579 580 590 628 623 603 
degeneracy worse : 500 500 502 813 842 898 
SCL #err deg : 1929 / 6600
SCL #err weighted degeneracy : 1831 1831 1833 2115 2150 2228 
degeneracy helps : 589 590 600 638 633 613 
degeneracy worse : 508 508 510 824 854 912 
SCL #err deg : 1956 / 6700
SCL #err weighted degeneracy : 1843 1843 1845 2131 2167 2246 
degeneracy helps : 607 608 618 656 651 630 
degeneracy worse : 511 511 513 831 862 920 
SCL #err deg : 1983 / 6800
SCL #err weighted degeneracy : 1874 1874 1876 2164 2201 2282 
degeneracy helps : 611 612 622 661 656 635 
degeneracy worse : 519 519 521 842 874 934 
SCL #err deg : 2010 / 6900
SCL #err weighted degeneracy : 1900 1900 1902 2192 2229 2312 
degeneracy helps : 617 618 628 668 663 641 
degeneracy worse : 525 525 527 850 882 943 
SCL #err deg : 2047 / 7000
SCL #err weighted degeneracy : 1933 1933 1935 2228 2265 2351 
degeneracy helps : 628 629 639 680 675 652 
degeneracy worse : 532 532 534 861 893 956 
SCL #err deg : 2076 / 7100
SCL #err weighted degeneracy : 1960 1960 1962 2264 2303 2388 
degeneracy helps : 638 639 649 690 685 662 
degeneracy worse : 540 540 542 878 912 974 
SCL #err deg : 2113 / 7200
SCL #err weighted degeneracy : 1989 1989 1991 2297 2337 2422 
degeneracy helps : 653 654 664 705 700 677 
degeneracy worse : 547 547 549 889 924 986 
SCL #err deg : 2132 / 7300
SCL #err weighted degeneracy : 2010 2010 2012 2321 2363 2448 
degeneracy helps : 658 659 669 710 705 682 
degeneracy worse : 554 554 556 899 936 998 
SCL #err deg : 2174 / 7400
SCL #err weighted degeneracy : 2046 2046 2048 2358 2400 2486 
degeneracy helps : 671 672 683 724 719 695 
degeneracy worse : 562 562 564 908 945 1007 
SCL #err deg : 2201 / 7500
SCL #err weighted degeneracy : 2075 2075 2078 2390 2433 2520 
degeneracy helps : 680 681 692 734 729 705 
degeneracy worse : 573 573 576 923 961 1024 
SCL #err deg : 2229 / 7600
SCL #err weighted degeneracy : 2106 2106 2109 2424 2467 2556 
degeneracy helps : 690 691 702 745 740 716 
degeneracy worse : 586 586 589 940 978 1043 
SCL #err deg : 2248 / 7700
SCL #err weighted degeneracy : 2132 2132 2135 2454 2497 2585 
degeneracy helps : 693 694 705 749 744 720 
degeneracy worse : 596 596 599 955 993 1057 
SCL #err deg : 2279 / 7800
SCL #err weighted degeneracy : 2165 2165 2167 2489 2533 2624 
degeneracy helps : 701 702 714 760 754 729 
degeneracy worse : 606 606 609 970 1008 1074 
SCL #err deg : 2305 / 7900
SCL #err weighted degeneracy : 2189 2189 2191 2518 2562 2655 
degeneracy helps : 707 708 720 769 763 737 
degeneracy worse : 611 611 614 982 1020 1087 
SCL #err deg : 2326 / 8000
SCL #err weighted degeneracy : 2216 2216 2218 2551 2595 2691 
degeneracy helps : 709 710 722 771 765 738 
degeneracy worse : 619 619 622 996 1034 1103 
SCL #err deg : 2362 / 8100
SCL #err weighted degeneracy : 2252 2252 2254 2593 2637 2736 
degeneracy helps : 716 717 729 780 774 745 
degeneracy worse : 626 626 629 1011 1049 1119 
SCL #err deg : 2385 / 8200
SCL #err weighted degeneracy : 2282 2282 2285 2632 2677 2775 
degeneracy helps : 724 725 737 788 782 753 
degeneracy worse : 641 641 645 1035 1074 1143 
SCL #err deg : 2412 / 8300
SCL #err weighted degeneracy : 2313 2313 2316 2666 2711 2810 
degeneracy helps : 731 732 744 797 791 762 
degeneracy worse : 652 652 656 1051 1090 1160 
SCL #err deg : 2440 / 8400
SCL #err weighted degeneracy : 2338 2338 2341 2694 2739 2841 
degeneracy helps : 740 741 753 808 802 772 
degeneracy worse : 658 658 662 1062 1101 1173 
SCL #err deg : 2478 / 8500
SCL #err weighted degeneracy : 2368 2368 2371 2726 2771 2874 
degeneracy helps : 752 754 767 825 819 789 
degeneracy worse : 665 665 669 1073 1112 1185 
SCL #err deg : 2511 / 8600
SCL #err weighted degeneracy : 2401 2401 2404 2761 2806 2910 
degeneracy helps : 760 762 775 833 827 797 
degeneracy worse : 673 673 677 1083 1122 1196 
SCL #err deg : 2540 / 8700
SCL #err weighted degeneracy : 2428 2428 2431 2795 2841 2947 
degeneracy helps : 766 768 781 839 833 802 
degeneracy worse : 677 677 681 1094 1134 1209 
SCL #err deg : 2573 / 8800
SCL #err weighted degeneracy : 2454 2454 2457 2823 2869 2976 
degeneracy helps : 776 779 792 851 845 814 
degeneracy worse : 681 681 685 1101 1141 1217 
SCL #err deg : 2609 / 8900
SCL #err weighted degeneracy : 2487 2487 2490 2864 2911 3019 
degeneracy helps : 786 789 803 862 856 824 
degeneracy worse : 689 689 693 1117 1158 1234 
SCL #err deg : 2641 / 9000
SCL #err weighted degeneracy : 2515 2515 2518 2895 2943 3053 
degeneracy helps : 794 797 811 871 864 831 
degeneracy worse : 694 694 698 1125 1166 1243 
SCL #err deg : 2675 / 9100
SCL #err weighted degeneracy : 2543 2543 2546 2925 2973 3085 
degeneracy helps : 806 810 824 885 878 844 
degeneracy worse : 701 701 705 1135 1176 1254 
SCL #err deg : 2707 / 9200
SCL #err weighted degeneracy : 2575 2575 2578 2962 3010 3122 
degeneracy helps : 814 817 832 893 886 852 
degeneracy worse : 709 709 713 1148 1189 1267 
SCL #err deg : 2727 / 9300
SCL #err weighted degeneracy : 2593 2593 2596 2984 3032 3146 
degeneracy helps : 820 823 838 900 893 859 
degeneracy worse : 713 713 717 1157 1198 1278 
SCL #err deg : 2770 / 9400
SCL #err weighted degeneracy : 2628 2628 2631 3023 3071 3188 
degeneracy helps : 829 832 847 911 904 870 
degeneracy worse : 715 715 719 1164 1205 1288 
SCL #err deg : 2794 / 9500
SCL #err weighted degeneracy : 2662 2662 2665 3062 3111 3228 
degeneracy helps : 836 839 854 918 911 876 
degeneracy worse : 732 732 736 1186 1228 1310 
SCL #err deg : 2816 / 9600
SCL #err weighted degeneracy : 2681 2681 2684 3086 3135 3256 
degeneracy helps : 842 845 861 925 918 883 
degeneracy worse : 736 736 740 1195 1237 1323 
SCL #err deg : 2853 / 9700
SCL #err weighted degeneracy : 2720 2720 2723 3127 3176 3297 
degeneracy helps : 847 850 866 932 925 890 
degeneracy worse : 743 743 747 1206 1248 1334 
SCL #err deg : 2892 / 9800
SCL #err weighted degeneracy : 2748 2748 2751 3159 3209 3332 
degeneracy helps : 860 864 880 945 938 902 
degeneracy worse : 746 746 750 1212 1255 1342 
SCL #err deg : 2921 / 9900
SCL #err weighted degeneracy : 2778 2778 2781 3195 3246 3371 
degeneracy helps : 867 871 887 952 944 909 
degeneracy worse : 754 754 758 1226 1269 1359 
SCL #err deg : 2946 / 10000
SCL #err weighted degeneracy : 2806 2806 2809 3229 3282 3407 
degeneracy helps : 871 874 891 955 947 912 
degeneracy worse : 761 761 765 1238 1283 1373 
average #flips: 6.5721
SCL #err considering degeneracy: 2946
error due to equal 1669
error due to SCL smaller 1277
Finish in 609 s
