Simulation Polar syndrome FASTER N=1024, K=513, l=128, pz=0.18, #samples=10000, seed=77
HPW construction
Event generator random seed: 77
SCL #err deg : 77 / 100
SCL #err weighted degeneracy : 80 79 79 77 74 73 
degeneracy helps : 3 4 4 6 8 8 
degeneracy worse : 6 6 6 6 5 4 
SCL #err deg : 162 / 200
SCL #err weighted degeneracy : 165 162 164 163 159 159 
degeneracy helps : 7 9 8 11 14 14 
degeneracy worse : 10 9 10 12 11 11 
SCL #err deg : 237 / 300
SCL #err weighted degeneracy : 243 237 242 242 238 237 
degeneracy helps : 9 14 11 14 16 16 
degeneracy worse : 15 14 16 19 17 16 
SCL #err deg : 322 / 400
SCL #err weighted degeneracy : 318 313 317 320 322 325 
degeneracy helps : 20 25 22 22 21 18 
degeneracy worse : 16 16 17 20 21 21 
SCL #err deg : 396 / 500
SCL #err weighted degeneracy : 391 386 389 391 395 400 
degeneracy helps : 24 29 27 29 28 25 
degeneracy worse : 19 19 20 24 27 29 
SCL #err deg : 468 / 600
SCL #err weighted degeneracy : 464 461 460 460 462 468 
degeneracy helps : 32 36 35 39 39 36 
degeneracy worse : 28 29 27 31 33 36 
SCL #err deg : 542 / 700
SCL #err weighted degeneracy : 541 536 537 538 539 544 
degeneracy helps : 38 41 41 43 43 40 
degeneracy worse : 37 35 36 39 40 42 
SCL #err deg : 617 / 800
SCL #err weighted degeneracy : 616 611 613 612 615 619 
degeneracy helps : 43 46 46 49 47 44 
degeneracy worse : 42 40 42 44 45 46 
SCL #err deg : 696 / 900
SCL #err weighted degeneracy : 691 685 686 684 688 693 
degeneracy helps : 51 55 56 59 57 54 
degeneracy worse : 46 44 46 47 49 51 
SCL #err deg : 768 / 1000
SCL #err weighted degeneracy : 771 764 764 761 763 768 
degeneracy helps : 54 59 61 65 64 61 
degeneracy worse : 57 55 57 58 59 61 
SCL #err deg : 846 / 1100
SCL #err weighted degeneracy : 846 839 840 835 837 842 
degeneracy helps : 62 67 68 74 73 70 
degeneracy worse : 62 60 62 63 64 66 
SCL #err deg : 922 / 1200
SCL #err weighted degeneracy : 924 916 918 910 911 914 
degeneracy helps : 66 73 72 80 81 81 
degeneracy worse : 68 67 68 68 70 73 
SCL #err deg : 1007 / 1300
SCL #err weighted degeneracy : 1007 1000 1001 997 998 1000 
degeneracy helps : 73 80 79 83 84 84 
degeneracy worse : 73 73 73 73 75 77 
SCL #err deg : 1085 / 1400
SCL #err weighted degeneracy : 1086 1079 1081 1078 1078 1079 
degeneracy helps : 76 83 81 85 87 88 
degeneracy worse : 77 77 77 78 80 82 
SCL #err deg : 1165 / 1500
SCL #err weighted degeneracy : 1168 1162 1162 1158 1160 1160 
degeneracy helps : 80 87 86 91 93 94 
degeneracy worse : 83 84 83 84 88 89 
SCL #err deg : 1238 / 1600
SCL #err weighted degeneracy : 1241 1235 1236 1230 1232 1233 
degeneracy helps : 85 92 90 97 99 100 
degeneracy worse : 88 89 88 89 93 95 
SCL #err deg : 1315 / 1700
SCL #err weighted degeneracy : 1318 1312 1313 1307 1309 1311 
degeneracy helps : 88 95 93 102 105 106 
degeneracy worse : 91 92 91 94 99 102 
SCL #err deg : 1386 / 1800
SCL #err weighted degeneracy : 1392 1385 1387 1381 1383 1384 
degeneracy helps : 94 102 99 107 111 113 
degeneracy worse : 100 101 100 102 108 111 
SCL #err deg : 1458 / 1900
SCL #err weighted degeneracy : 1467 1457 1461 1455 1457 1458 
degeneracy helps : 100 107 105 114 117 119 
degeneracy worse : 109 106 108 111 116 119 
SCL #err deg : 1526 / 2000
SCL #err weighted degeneracy : 1538 1529 1531 1524 1525 1529 
degeneracy helps : 106 113 111 120 123 123 
degeneracy worse : 118 116 116 118 122 126 
SCL #err deg : 1597 / 2100
SCL #err weighted degeneracy : 1611 1604 1605 1597 1599 1603 
degeneracy helps : 108 115 112 122 125 126 
degeneracy worse : 122 122 120 122 127 132 
SCL #err deg : 1675 / 2200
SCL #err weighted degeneracy : 1690 1684 1685 1675 1677 1682 
degeneracy helps : 113 120 118 129 132 132 
degeneracy worse : 128 129 128 129 134 139 
SCL #err deg : 1751 / 2300
SCL #err weighted degeneracy : 1769 1764 1764 1752 1755 1758 
degeneracy helps : 117 122 123 135 138 140 
degeneracy worse : 135 135 136 136 142 147 
SCL #err deg : 1828 / 2400
SCL #err weighted degeneracy : 1847 1845 1841 1829 1831 1833 
degeneracy helps : 122 126 127 139 143 145 
degeneracy worse : 141 143 140 140 146 150 
SCL #err deg : 1910 / 2500
SCL #err weighted degeneracy : 1929 1925 1923 1911 1911 1914 
degeneracy helps : 124 130 129 141 147 149 
degeneracy worse : 143 145 142 142 148 153 
SCL #err deg : 1986 / 2600
SCL #err weighted degeneracy : 2010 2002 2006 1991 1991 1994 
degeneracy helps : 128 137 132 144 150 152 
degeneracy worse : 152 153 152 149 155 160 
SCL #err deg : 2061 / 2700
SCL #err weighted degeneracy : 2083 2074 2079 2064 2066 2069 
degeneracy helps : 138 148 142 154 158 160 
degeneracy worse : 160 161 160 157 163 168 
SCL #err deg : 2138 / 2800
SCL #err weighted degeneracy : 2165 2158 2161 2146 2147 2149 
degeneracy helps : 142 151 146 158 163 165 
degeneracy worse : 169 171 169 166 172 176 
SCL #err deg : 2211 / 2900
SCL #err weighted degeneracy : 2241 2234 2239 2225 2225 2227 
degeneracy helps : 147 156 149 161 167 169 
degeneracy worse : 177 179 177 175 181 185 
SCL #err deg : 2287 / 3000
SCL #err weighted degeneracy : 2317 2311 2315 2302 2302 2302 
degeneracy helps : 154 163 156 168 173 177 
degeneracy worse : 184 187 184 183 188 192 
SCL #err deg : 2359 / 3100
SCL #err weighted degeneracy : 2388 2384 2384 2372 2373 2375 
degeneracy helps : 160 167 163 175 179 182 
degeneracy worse : 189 192 188 188 193 198 
SCL #err deg : 2431 / 3200
SCL #err weighted degeneracy : 2463 2460 2459 2445 2447 2449 
degeneracy helps : 165 172 169 183 187 190 
degeneracy worse : 197 201 197 197 203 208 
SCL #err deg : 2507 / 3300
SCL #err weighted degeneracy : 2542 2538 2537 2518 2521 2523 
degeneracy helps : 170 178 175 192 196 199 
degeneracy worse : 205 209 205 203 210 215 
SCL #err deg : 2579 / 3400
SCL #err weighted degeneracy : 2616 2612 2609 2592 2595 2595 
degeneracy helps : 177 185 183 200 204 207 
degeneracy worse : 214 218 213 213 220 223 
SCL #err deg : 2657 / 3500
SCL #err weighted degeneracy : 2692 2688 2685 2668 2669 2669 
degeneracy helps : 184 192 190 207 213 217 
degeneracy worse : 219 223 218 218 225 229 
SCL #err deg : 2735 / 3600
SCL #err weighted degeneracy : 2770 2765 2763 2747 2751 2749 
degeneracy helps : 190 199 196 213 217 222 
degeneracy worse : 225 229 224 225 233 236 
SCL #err deg : 2812 / 3700
SCL #err weighted degeneracy : 2846 2839 2839 2825 2829 2827 
degeneracy helps : 198 208 206 222 226 231 
degeneracy worse : 232 235 233 235 243 246 
SCL #err deg : 2890 / 3800
SCL #err weighted degeneracy : 2928 2922 2923 2909 2912 2910 
degeneracy helps : 204 213 211 227 232 236 
degeneracy worse : 242 245 244 246 254 256 
SCL #err deg : 2964 / 3900
SCL #err weighted degeneracy : 3001 2992 2998 2984 2987 2985 
degeneracy helps : 209 219 214 230 236 240 
degeneracy worse : 246 247 248 250 259 261 
SCL #err deg : 3039 / 4000
SCL #err weighted degeneracy : 3079 3067 3077 3060 3062 3059 
degeneracy helps : 214 227 219 236 242 247 
degeneracy worse : 254 255 257 257 265 267 
SCL #err deg : 3120 / 4100
SCL #err weighted degeneracy : 3156 3145 3157 3138 3141 3138 
degeneracy helps : 221 235 224 242 248 254 
degeneracy worse : 257 260 261 260 269 272 
SCL #err deg : 3201 / 4200
SCL #err weighted degeneracy : 3232 3221 3231 3213 3219 3215 
degeneracy helps : 227 241 232 249 255 262 
degeneracy worse : 258 261 262 261 273 276 
SCL #err deg : 3278 / 4300
SCL #err weighted degeneracy : 3308 3296 3306 3292 3299 3294 
degeneracy helps : 233 246 238 255 261 268 
degeneracy worse : 263 264 266 269 282 284 
SCL #err deg : 3349 / 4400
SCL #err weighted degeneracy : 3382 3369 3380 3364 3369 3363 
degeneracy helps : 236 249 241 260 267 274 
degeneracy worse : 269 269 272 275 287 288 
SCL #err deg : 3417 / 4500
SCL #err weighted degeneracy : 3451 3436 3450 3432 3436 3430 
degeneracy helps : 241 257 245 266 274 282 
degeneracy worse : 275 276 278 281 293 295 
SCL #err deg : 3489 / 4600
SCL #err weighted degeneracy : 3526 3511 3524 3506 3511 3506 
degeneracy helps : 244 260 248 269 278 287 
degeneracy worse : 281 282 283 286 300 304 
SCL #err deg : 3563 / 4700
SCL #err weighted degeneracy : 3590 3575 3588 3572 3579 3572 
degeneracy helps : 255 271 259 279 286 297 
degeneracy worse : 282 283 284 288 302 306 
SCL #err deg : 3637 / 4800
SCL #err weighted degeneracy : 3672 3657 3666 3646 3653 3646 
degeneracy helps : 257 273 265 287 293 305 
degeneracy worse : 292 293 294 296 309 314 
SCL #err deg : 3717 / 4900
SCL #err weighted degeneracy : 3753 3737 3745 3727 3733 3726 
degeneracy helps : 261 277 271 291 299 312 
degeneracy worse : 297 297 299 301 315 321 
SCL #err deg : 3791 / 5000
SCL #err weighted degeneracy : 3828 3811 3819 3801 3807 3802 
degeneracy helps : 269 285 279 298 305 319 
degeneracy worse : 306 305 307 308 321 330 
SCL #err deg : 3871 / 5100
SCL #err weighted degeneracy : 3913 3895 3904 3883 3888 3884 
degeneracy helps : 270 287 280 301 308 323 
degeneracy worse : 312 311 313 313 325 336 
SCL #err deg : 3948 / 5200
SCL #err weighted degeneracy : 3991 3975 3982 3959 3963 3959 
degeneracy helps : 274 290 284 307 315 330 
degeneracy worse : 317 317 318 318 330 341 
SCL #err deg : 4024 / 5300
SCL #err weighted degeneracy : 4063 4046 4056 4034 4037 4033 
degeneracy helps : 279 296 289 310 319 335 
degeneracy worse : 318 318 321 320 332 344 
SCL #err deg : 4106 / 5400
SCL #err weighted degeneracy : 4142 4126 4134 4112 4115 4113 
degeneracy helps : 286 303 297 317 326 341 
degeneracy worse : 322 323 325 323 335 348 
SCL #err deg : 4182 / 5500
SCL #err weighted degeneracy : 4212 4194 4203 4179 4184 4181 
degeneracy helps : 294 313 306 328 336 352 
degeneracy worse : 324 325 327 325 338 351 
SCL #err deg : 4257 / 5600
SCL #err weighted degeneracy : 4289 4267 4282 4258 4262 4257 
degeneracy helps : 299 320 311 332 340 357 
degeneracy worse : 331 330 336 333 345 357 
SCL #err deg : 4328 / 5700
SCL #err weighted degeneracy : 4361 4338 4351 4327 4333 4327 
degeneracy helps : 307 329 320 343 349 366 
degeneracy worse : 340 339 343 342 354 365 
SCL #err deg : 4413 / 5800
SCL #err weighted degeneracy : 4444 4421 4432 4406 4412 4408 
degeneracy helps : 312 334 327 353 359 375 
degeneracy worse : 343 342 346 346 358 370 
SCL #err deg : 4487 / 5900
SCL #err weighted degeneracy : 4513 4490 4500 4474 4479 4475 
degeneracy helps : 322 344 337 363 371 388 
degeneracy worse : 348 347 350 350 363 376 
SCL #err deg : 4562 / 6000
SCL #err weighted degeneracy : 4585 4562 4575 4548 4554 4551 
degeneracy helps : 329 351 341 367 375 391 
degeneracy worse : 352 351 354 353 367 380 
SCL #err deg : 4637 / 6100
SCL #err weighted degeneracy : 4657 4636 4648 4620 4625 4625 
degeneracy helps : 337 358 348 375 383 397 
degeneracy worse : 357 357 359 358 371 385 
SCL #err deg : 4714 / 6200
SCL #err weighted degeneracy : 4732 4711 4724 4698 4702 4703 
degeneracy helps : 344 366 354 381 389 404 
degeneracy worse : 362 363 364 365 377 393 
SCL #err deg : 4790 / 6300
SCL #err weighted degeneracy : 4805 4785 4797 4770 4774 4775 
degeneracy helps : 352 374 363 391 399 414 
degeneracy worse : 367 369 370 371 383 399 
SCL #err deg : 4868 / 6400
SCL #err weighted degeneracy : 4879 4859 4872 4846 4850 4851 
degeneracy helps : 360 382 372 398 406 421 
degeneracy worse : 371 373 376 376 388 404 
SCL #err deg : 4935 / 6500
SCL #err weighted degeneracy : 4942 4924 4935 4911 4917 4919 
degeneracy helps : 370 391 383 407 413 427 
degeneracy worse : 377 380 383 383 395 411 
SCL #err deg : 5009 / 6600
SCL #err weighted degeneracy : 5013 4997 5005 4981 4986 4989 
degeneracy helps : 377 397 391 414 421 434 
degeneracy worse : 381 385 387 386 398 414 
SCL #err deg : 5077 / 6700
SCL #err weighted degeneracy : 5085 5071 5076 5054 5059 5061 
degeneracy helps : 380 399 394 417 424 437 
degeneracy worse : 388 393 393 394 406 421 
SCL #err deg : 5157 / 6800
SCL #err weighted degeneracy : 5168 5153 5159 5137 5143 5146 
degeneracy helps : 383 403 396 420 427 439 
degeneracy worse : 394 399 398 400 413 428 
SCL #err deg : 5233 / 6900
SCL #err weighted degeneracy : 5241 5227 5232 5212 5216 5220 
degeneracy helps : 393 412 406 428 436 447 
degeneracy worse : 401 406 405 407 419 434 
SCL #err deg : 5313 / 7000
SCL #err weighted degeneracy : 5325 5311 5316 5296 5299 5301 
degeneracy helps : 399 416 413 435 444 455 
degeneracy worse : 411 414 416 418 430 443 
SCL #err deg : 5388 / 7100
SCL #err weighted degeneracy : 5390 5377 5381 5362 5366 5369 
degeneracy helps : 411 428 425 445 454 465 
degeneracy worse : 413 417 418 419 432 446 
SCL #err deg : 5456 / 7200
SCL #err weighted degeneracy : 5459 5446 5453 5434 5438 5441 
degeneracy helps : 414 431 428 449 457 468 
degeneracy worse : 417 421 425 427 439 453 
SCL #err deg : 5529 / 7300
SCL #err weighted degeneracy : 5534 5521 5528 5511 5516 5521 
degeneracy helps : 419 436 433 452 459 470 
degeneracy worse : 424 428 432 434 446 462 
SCL #err deg : 5597 / 7400
SCL #err weighted degeneracy : 5604 5592 5599 5582 5586 5595 
degeneracy helps : 423 438 437 457 465 473 
degeneracy worse : 430 433 439 442 454 471 
SCL #err deg : 5669 / 7500
SCL #err weighted degeneracy : 5674 5663 5666 5648 5653 5664 
degeneracy helps : 429 443 445 466 473 481 
degeneracy worse : 434 437 442 445 457 476 
SCL #err deg : 5745 / 7600
SCL #err weighted degeneracy : 5747 5735 5739 5723 5727 5738 
degeneracy helps : 436 450 452 473 481 489 
degeneracy worse : 438 440 446 451 463 482 
SCL #err deg : 5823 / 7700
SCL #err weighted degeneracy : 5823 5811 5817 5801 5804 5815 
degeneracy helps : 445 460 459 480 489 497 
degeneracy worse : 445 448 453 458 470 489 
SCL #err deg : 5888 / 7800
SCL #err weighted degeneracy : 5892 5880 5886 5870 5874 5883 
degeneracy helps : 453 467 467 488 495 504 
degeneracy worse : 457 459 465 470 481 499 
SCL #err deg : 5970 / 7900
SCL #err weighted degeneracy : 5969 5959 5963 5948 5953 5963 
degeneracy helps : 462 476 475 494 501 510 
degeneracy worse : 461 465 468 472 484 503 
SCL #err deg : 6045 / 8000
SCL #err weighted degeneracy : 6042 6031 6036 6022 6029 6039 
degeneracy helps : 470 484 483 501 508 517 
degeneracy worse : 467 470 474 478 492 511 
SCL #err deg : 6122 / 8100
SCL #err weighted degeneracy : 6114 6103 6109 6095 6105 6114 
degeneracy helps : 479 493 492 510 514 525 
degeneracy worse : 471 474 479 483 497 517 
SCL #err deg : 6199 / 8200
SCL #err weighted degeneracy : 6191 6182 6186 6171 6178 6189 
degeneracy helps : 489 501 500 519 525 535 
degeneracy worse : 481 484 487 491 504 525 
SCL #err deg : 6272 / 8300
SCL #err weighted degeneracy : 6259 6252 6255 6237 6242 6252 
degeneracy helps : 501 511 512 534 542 552 
degeneracy worse : 488 491 495 499 512 532 
SCL #err deg : 6351 / 8400
SCL #err weighted degeneracy : 6339 6331 6334 6315 6318 6327 
degeneracy helps : 507 518 519 541 551 562 
degeneracy worse : 495 498 502 505 518 538 
SCL #err deg : 6434 / 8500
SCL #err weighted degeneracy : 6419 6412 6419 6399 6403 6410 
degeneracy helps : 514 524 523 547 556 569 
degeneracy worse : 499 502 508 512 525 545 
SCL #err deg : 6504 / 8600
SCL #err weighted degeneracy : 6491 6483 6491 6471 6477 6485 
degeneracy helps : 520 530 529 554 562 575 
degeneracy worse : 507 509 516 521 535 556 
SCL #err deg : 6578 / 8700
SCL #err weighted degeneracy : 6569 6561 6568 6550 6556 6565 
degeneracy helps : 524 534 534 558 565 578 
degeneracy worse : 515 517 524 530 543 565 
SCL #err deg : 6650 / 8800
SCL #err weighted degeneracy : 6641 6634 6640 6622 6626 6632 
degeneracy helps : 533 542 542 568 577 592 
degeneracy worse : 524 526 532 540 553 574 
SCL #err deg : 6725 / 8900
SCL #err weighted degeneracy : 6717 6711 6717 6702 6705 6711 
degeneracy helps : 540 548 548 571 581 596 
degeneracy worse : 532 534 540 548 561 582 
SCL #err deg : 6800 / 9000
SCL #err weighted degeneracy : 6788 6783 6788 6775 6779 6785 
degeneracy helps : 549 556 557 578 588 603 
degeneracy worse : 537 539 545 553 567 588 
SCL #err deg : 6872 / 9100
SCL #err weighted degeneracy : 6865 6860 6864 6850 6856 6863 
degeneracy helps : 555 562 564 584 593 607 
degeneracy worse : 548 550 556 562 577 598 
SCL #err deg : 6947 / 9200
SCL #err weighted degeneracy : 6940 6937 6939 6925 6931 6939 
degeneracy helps : 559 566 568 588 597 611 
degeneracy worse : 552 556 560 566 581 603 
SCL #err deg : 7018 / 9300
SCL #err weighted degeneracy : 7014 7014 7013 6999 7005 7013 
degeneracy helps : 565 569 574 593 602 616 
degeneracy worse : 561 565 569 574 589 611 
SCL #err deg : 7097 / 9400
SCL #err weighted degeneracy : 7087 7087 7086 7073 7081 7087 
degeneracy helps : 573 577 584 603 611 625 
degeneracy worse : 563 567 573 579 595 615 
SCL #err deg : 7180 / 9500
SCL #err weighted degeneracy : 7170 7170 7169 7155 7162 7168 
degeneracy helps : 578 582 589 609 618 631 
degeneracy worse : 568 572 578 584 600 619 
SCL #err deg : 7246 / 9600
SCL #err weighted degeneracy : 7238 7238 7238 7224 7231 7238 
degeneracy helps : 584 590 595 616 625 638 
degeneracy worse : 576 582 587 594 610 630 
SCL #err deg : 7314 / 9700
SCL #err weighted degeneracy : 7308 7306 7309 7296 7302 7306 
degeneracy helps : 591 597 602 623 633 647 
degeneracy worse : 585 589 597 605 621 639 
SCL #err deg : 7389 / 9800
SCL #err weighted degeneracy : 7382 7380 7384 7372 7379 7383 
degeneracy helps : 598 604 609 630 639 652 
degeneracy worse : 591 595 604 613 629 646 
SCL #err deg : 7455 / 9900
SCL #err weighted degeneracy : 7447 7445 7449 7439 7447 7451 
degeneracy helps : 608 613 621 642 650 663 
degeneracy worse : 600 603 615 626 642 659 
SCL #err deg : 7528 / 10000
SCL #err weighted degeneracy : 7521 7519 7523 7513 7518 7523 
degeneracy helps : 611 616 625 645 656 669 
degeneracy worse : 604 607 620 630 646 664 
average #flips: 184.146
SCL #err considering degeneracy: 7528
error due to equal 0
error due to SCL smaller 7528
Finish in 11923 s
