Simulation Polar syndrome FASTER N=1024, K=513, l=128, pz=0.19, #samples=10000, seed=77
HPW construction
Event generator random seed: 77
SCL #err deg : 74 / 100
SCL #err weighted degeneracy : 77 76 77 77 77 77 
degeneracy helps : 5 6 5 4 4 4 
degeneracy worse : 8 8 8 7 7 7 
SCL #err deg : 151 / 200
SCL #err weighted degeneracy : 157 156 156 156 157 155 
degeneracy helps : 8 9 8 6 6 8 
degeneracy worse : 14 14 13 11 12 12 
SCL #err deg : 227 / 300
SCL #err weighted degeneracy : 232 231 231 230 232 229 
degeneracy helps : 16 16 16 14 15 17 
degeneracy worse : 21 20 20 17 20 19 
SCL #err deg : 304 / 400
SCL #err weighted degeneracy : 306 306 305 306 309 306 
degeneracy helps : 22 22 22 19 20 22 
degeneracy worse : 24 24 23 21 25 24 
SCL #err deg : 376 / 500
SCL #err weighted degeneracy : 377 380 380 380 380 377 
degeneracy helps : 29 27 28 26 30 32 
degeneracy worse : 30 31 32 30 34 33 
SCL #err deg : 456 / 600
SCL #err weighted degeneracy : 458 459 459 459 457 454 
degeneracy helps : 32 31 33 32 37 40 
degeneracy worse : 34 34 36 35 38 38 
SCL #err deg : 527 / 700
SCL #err weighted degeneracy : 533 531 534 535 531 527 
degeneracy helps : 37 36 38 36 42 45 
degeneracy worse : 43 40 45 44 46 45 
SCL #err deg : 599 / 800
SCL #err weighted degeneracy : 607 604 605 606 600 595 
degeneracy helps : 39 39 42 40 48 52 
degeneracy worse : 47 44 48 47 49 48 
SCL #err deg : 671 / 900
SCL #err weighted degeneracy : 678 676 676 678 671 668 
degeneracy helps : 46 44 50 48 56 58 
degeneracy worse : 53 49 55 55 56 55 
SCL #err deg : 750 / 1000
SCL #err weighted degeneracy : 751 748 750 753 749 747 
degeneracy helps : 54 52 58 55 62 63 
degeneracy worse : 55 50 58 58 61 60 
SCL #err deg : 818 / 1100
SCL #err weighted degeneracy : 825 818 823 824 820 819 
degeneracy helps : 60 58 64 61 68 68 
degeneracy worse : 67 58 69 67 70 69 
SCL #err deg : 892 / 1200
SCL #err weighted degeneracy : 899 891 898 899 897 894 
degeneracy helps : 65 63 68 65 70 72 
degeneracy worse : 72 62 74 72 75 74 
SCL #err deg : 973 / 1300
SCL #err weighted degeneracy : 977 969 977 980 978 972 
degeneracy helps : 70 67 72 69 75 79 
degeneracy worse : 74 63 76 76 80 78 
SCL #err deg : 1052 / 1400
SCL #err weighted degeneracy : 1059 1049 1059 1064 1060 1053 
degeneracy helps : 72 71 74 70 78 85 
degeneracy worse : 79 68 81 82 86 86 
SCL #err deg : 1123 / 1500
SCL #err weighted degeneracy : 1131 1120 1131 1133 1131 1123 
degeneracy helps : 76 75 78 77 84 93 
degeneracy worse : 84 72 86 87 92 93 
SCL #err deg : 1198 / 1600
SCL #err weighted degeneracy : 1206 1195 1206 1206 1203 1196 
degeneracy helps : 81 78 83 84 92 101 
degeneracy worse : 89 75 91 92 97 99 
SCL #err deg : 1275 / 1700
SCL #err weighted degeneracy : 1278 1269 1278 1282 1279 1271 
degeneracy helps : 88 84 90 90 98 109 
degeneracy worse : 91 78 93 97 102 105 
SCL #err deg : 1350 / 1800
SCL #err weighted degeneracy : 1351 1343 1350 1354 1350 1343 
degeneracy helps : 92 86 95 95 106 117 
degeneracy worse : 93 79 95 99 106 110 
SCL #err deg : 1427 / 1900
SCL #err weighted degeneracy : 1427 1419 1426 1431 1426 1417 
degeneracy helps : 99 93 102 101 111 123 
degeneracy worse : 99 85 101 105 110 113 
SCL #err deg : 1500 / 2000
SCL #err weighted degeneracy : 1491 1485 1490 1498 1494 1484 
degeneracy helps : 109 101 112 109 119 132 
degeneracy worse : 100 86 102 107 113 116 
SCL #err deg : 1575 / 2100
SCL #err weighted degeneracy : 1566 1563 1565 1578 1574 1566 
degeneracy helps : 118 108 120 114 125 137 
degeneracy worse : 109 96 110 117 124 128 
SCL #err deg : 1646 / 2200
SCL #err weighted degeneracy : 1639 1634 1637 1648 1642 1636 
degeneracy helps : 124 114 127 122 132 144 
degeneracy worse : 117 102 118 124 128 134 
SCL #err deg : 1724 / 2300
SCL #err weighted degeneracy : 1717 1713 1716 1726 1720 1713 
degeneracy helps : 132 121 135 131 140 152 
degeneracy worse : 125 110 127 133 136 141 
SCL #err deg : 1794 / 2400
SCL #err weighted degeneracy : 1792 1789 1790 1797 1792 1786 
degeneracy helps : 135 124 140 138 147 159 
degeneracy worse : 133 119 136 141 145 151 
SCL #err deg : 1869 / 2500
SCL #err weighted degeneracy : 1863 1862 1861 1868 1864 1857 
degeneracy helps : 141 130 146 145 154 166 
degeneracy worse : 135 123 138 144 149 154 
SCL #err deg : 1945 / 2600
SCL #err weighted degeneracy : 1933 1933 1931 1939 1935 1927 
degeneracy helps : 150 138 155 153 162 175 
degeneracy worse : 138 126 141 147 152 157 
SCL #err deg : 2023 / 2700
SCL #err weighted degeneracy : 2009 2011 2009 2012 2011 2003 
degeneracy helps : 157 144 162 164 171 184 
degeneracy worse : 143 132 148 153 159 164 
SCL #err deg : 2093 / 2800
SCL #err weighted degeneracy : 2088 2089 2091 2096 2096 2086 
degeneracy helps : 159 147 164 166 173 186 
degeneracy worse : 154 143 162 169 176 179 
SCL #err deg : 2162 / 2900
SCL #err weighted degeneracy : 2164 2163 2167 2172 2172 2162 
degeneracy helps : 160 149 165 168 175 188 
degeneracy worse : 162 150 170 178 185 188 
SCL #err deg : 2242 / 3000
SCL #err weighted degeneracy : 2238 2238 2240 2245 2245 2237 
degeneracy helps : 168 156 174 176 183 195 
degeneracy worse : 164 152 172 179 186 190 
SCL #err deg : 2320 / 3100
SCL #err weighted degeneracy : 2310 2311 2312 2318 2317 2309 
degeneracy helps : 176 163 182 184 192 204 
degeneracy worse : 166 154 174 182 189 193 
SCL #err deg : 2404 / 3200
SCL #err weighted degeneracy : 2392 2395 2392 2398 2395 2388 
degeneracy helps : 181 166 189 192 202 213 
degeneracy worse : 169 157 177 186 193 197 
SCL #err deg : 2476 / 3300
SCL #err weighted degeneracy : 2463 2467 2463 2472 2471 2464 
degeneracy helps : 188 174 195 197 207 219 
degeneracy worse : 175 165 182 193 202 207 
SCL #err deg : 2555 / 3400
SCL #err weighted degeneracy : 2543 2547 2545 2555 2553 2545 
degeneracy helps : 193 178 199 201 211 223 
degeneracy worse : 181 170 189 201 209 213 
SCL #err deg : 2633 / 3500
SCL #err weighted degeneracy : 2623 2626 2625 2635 2633 2626 
degeneracy helps : 196 182 202 204 214 226 
degeneracy worse : 186 175 194 206 214 219 
SCL #err deg : 2711 / 3600
SCL #err weighted degeneracy : 2703 2706 2705 2712 2710 2703 
degeneracy helps : 200 186 206 209 219 231 
degeneracy worse : 192 181 200 210 218 223 
SCL #err deg : 2788 / 3700
SCL #err weighted degeneracy : 2775 2780 2778 2784 2781 2774 
degeneracy helps : 207 191 214 220 231 243 
degeneracy worse : 194 183 204 216 224 229 
SCL #err deg : 2862 / 3800
SCL #err weighted degeneracy : 2850 2856 2853 2859 2856 2850 
degeneracy helps : 209 193 216 223 234 246 
degeneracy worse : 197 187 207 220 228 234 
SCL #err deg : 2927 / 3900
SCL #err weighted degeneracy : 2918 2924 2920 2926 2923 2913 
degeneracy helps : 215 198 223 231 242 257 
degeneracy worse : 206 195 216 230 238 243 
SCL #err deg : 3002 / 4000
SCL #err weighted degeneracy : 2993 3001 2996 2998 2995 2985 
degeneracy helps : 221 202 228 237 248 263 
degeneracy worse : 212 201 222 233 241 246 
SCL #err deg : 3075 / 4100
SCL #err weighted degeneracy : 3069 3071 3073 3075 3072 3063 
degeneracy helps : 227 209 234 242 252 267 
degeneracy worse : 221 205 232 242 249 255 
SCL #err deg : 3149 / 4200
SCL #err weighted degeneracy : 3145 3145 3148 3146 3142 3133 
degeneracy helps : 232 215 239 250 261 275 
degeneracy worse : 228 211 238 247 254 259 
SCL #err deg : 3229 / 4300
SCL #err weighted degeneracy : 3227 3228 3229 3227 3223 3214 
degeneracy helps : 235 218 242 254 265 280 
degeneracy worse : 233 217 242 252 259 265 
SCL #err deg : 3309 / 4400
SCL #err weighted degeneracy : 3307 3309 3308 3307 3301 3292 
degeneracy helps : 239 220 247 259 272 288 
degeneracy worse : 237 220 246 257 264 271 
SCL #err deg : 3387 / 4500
SCL #err weighted degeneracy : 3384 3382 3386 3385 3378 3370 
degeneracy helps : 243 228 251 264 278 293 
degeneracy worse : 240 223 250 262 269 276 
SCL #err deg : 3461 / 4600
SCL #err weighted degeneracy : 3458 3454 3459 3458 3451 3443 
degeneracy helps : 248 234 257 269 283 297 
degeneracy worse : 245 227 255 266 273 279 
SCL #err deg : 3538 / 4700
SCL #err weighted degeneracy : 3531 3528 3531 3529 3523 3514 
degeneracy helps : 256 241 265 278 292 305 
degeneracy worse : 249 231 258 269 277 281 
SCL #err deg : 3618 / 4800
SCL #err weighted degeneracy : 3609 3607 3609 3606 3599 3590 
degeneracy helps : 262 247 271 285 300 314 
degeneracy worse : 253 236 262 273 281 286 
SCL #err deg : 3689 / 4900
SCL #err weighted degeneracy : 3686 3684 3686 3683 3675 3664 
degeneracy helps : 265 250 274 288 303 317 
degeneracy worse : 262 245 271 282 289 292 
SCL #err deg : 3764 / 5000
SCL #err weighted degeneracy : 3763 3763 3762 3755 3748 3738 
degeneracy helps : 269 253 279 295 310 324 
degeneracy worse : 268 252 277 286 294 298 
SCL #err deg : 3836 / 5100
SCL #err weighted degeneracy : 3833 3835 3833 3827 3817 3807 
degeneracy helps : 276 259 286 302 319 333 
degeneracy worse : 273 258 283 293 300 304 
SCL #err deg : 3914 / 5200
SCL #err weighted degeneracy : 3906 3907 3908 3903 3893 3882 
degeneracy helps : 285 269 293 308 324 339 
degeneracy worse : 277 262 287 297 303 307 
SCL #err deg : 3999 / 5300
SCL #err weighted degeneracy : 3984 3986 3989 3986 3976 3966 
degeneracy helps : 293 276 298 311 328 342 
degeneracy worse : 278 263 288 298 305 309 
SCL #err deg : 4075 / 5400
SCL #err weighted degeneracy : 4063 4065 4068 4065 4055 4043 
degeneracy helps : 300 282 305 316 333 348 
degeneracy worse : 288 272 298 306 313 316 
SCL #err deg : 4147 / 5500
SCL #err weighted degeneracy : 4136 4142 4141 4135 4126 4113 
degeneracy helps : 306 288 311 325 342 358 
degeneracy worse : 295 283 305 313 321 324 
SCL #err deg : 4222 / 5600
SCL #err weighted degeneracy : 4204 4211 4210 4205 4197 4183 
degeneracy helps : 315 298 319 332 348 364 
degeneracy worse : 297 287 307 315 323 325 
SCL #err deg : 4310 / 5700
SCL #err weighted degeneracy : 4289 4294 4297 4294 4287 4273 
degeneracy helps : 321 305 324 336 352 368 
degeneracy worse : 300 289 311 320 329 331 
SCL #err deg : 4386 / 5800
SCL #err weighted degeneracy : 4363 4370 4372 4369 4363 4349 
degeneracy helps : 331 312 333 344 361 377 
degeneracy worse : 308 296 319 327 338 340 
SCL #err deg : 4469 / 5900
SCL #err weighted degeneracy : 4441 4450 4450 4448 4442 4431 
degeneracy helps : 338 319 340 351 369 382 
degeneracy worse : 310 300 321 330 342 344 
SCL #err deg : 4551 / 6000
SCL #err weighted degeneracy : 4528 4536 4536 4533 4527 4515 
degeneracy helps : 341 322 343 355 374 387 
degeneracy worse : 318 307 328 337 350 351 
SCL #err deg : 4625 / 6100
SCL #err weighted degeneracy : 4601 4609 4610 4606 4600 4590 
degeneracy helps : 349 330 351 364 383 394 
degeneracy worse : 325 314 336 345 358 359 
SCL #err deg : 4711 / 6200
SCL #err weighted degeneracy : 4677 4685 4688 4684 4677 4669 
degeneracy helps : 359 341 360 373 393 402 
degeneracy worse : 325 315 337 346 359 360 
SCL #err deg : 4789 / 6300
SCL #err weighted degeneracy : 4748 4757 4760 4753 4746 4737 
degeneracy helps : 370 351 370 383 403 413 
degeneracy worse : 329 319 341 347 360 361 
SCL #err deg : 4863 / 6400
SCL #err weighted degeneracy : 4818 4828 4830 4823 4815 4805 
degeneracy helps : 378 358 378 392 413 424 
degeneracy worse : 333 323 345 352 365 366 
SCL #err deg : 4944 / 6500
SCL #err weighted degeneracy : 4894 4905 4904 4896 4888 4877 
degeneracy helps : 386 366 388 402 423 435 
degeneracy worse : 336 327 348 354 367 368 
SCL #err deg : 5020 / 6600
SCL #err weighted degeneracy : 4969 4981 4978 4970 4961 4948 
degeneracy helps : 390 371 393 408 431 444 
degeneracy worse : 339 332 351 358 372 372 
SCL #err deg : 5093 / 6700
SCL #err weighted degeneracy : 5042 5051 5051 5044 5033 5022 
degeneracy helps : 396 379 399 414 438 449 
degeneracy worse : 345 337 357 365 378 378 
SCL #err deg : 5166 / 6800
SCL #err weighted degeneracy : 5108 5115 5116 5113 5102 5091 
degeneracy helps : 406 390 410 422 447 458 
degeneracy worse : 348 339 360 369 383 383 
SCL #err deg : 5237 / 6900
SCL #err weighted degeneracy : 5179 5186 5185 5181 5171 5163 
degeneracy helps : 416 400 422 433 458 468 
degeneracy worse : 358 349 370 377 392 394 
SCL #err deg : 5314 / 7000
SCL #err weighted degeneracy : 5259 5266 5266 5261 5252 5246 
degeneracy helps : 422 405 427 438 464 473 
degeneracy worse : 367 357 379 385 402 405 
SCL #err deg : 5384 / 7100
SCL #err weighted degeneracy : 5337 5344 5344 5338 5327 5321 
degeneracy helps : 422 405 427 439 465 475 
degeneracy worse : 375 365 387 393 408 412 
SCL #err deg : 5460 / 7200
SCL #err weighted degeneracy : 5413 5421 5419 5414 5403 5396 
degeneracy helps : 426 409 432 445 471 481 
degeneracy worse : 379 370 391 399 414 417 
SCL #err deg : 5534 / 7300
SCL #err weighted degeneracy : 5487 5495 5494 5490 5481 5473 
degeneracy helps : 433 415 439 450 475 487 
degeneracy worse : 386 376 399 406 422 426 
SCL #err deg : 5608 / 7400
SCL #err weighted degeneracy : 5559 5566 5566 5561 5554 5546 
degeneracy helps : 439 422 445 457 481 494 
degeneracy worse : 390 380 403 410 427 432 
SCL #err deg : 5678 / 7500
SCL #err weighted degeneracy : 5630 5636 5637 5635 5630 5621 
degeneracy helps : 446 429 452 463 486 500 
degeneracy worse : 398 387 411 420 438 443 
SCL #err deg : 5751 / 7600
SCL #err weighted degeneracy : 5703 5710 5711 5706 5702 5693 
degeneracy helps : 452 434 458 471 493 507 
degeneracy worse : 404 393 418 426 444 449 
SCL #err deg : 5832 / 7700
SCL #err weighted degeneracy : 5785 5794 5793 5786 5780 5773 
degeneracy helps : 456 436 462 477 501 514 
degeneracy worse : 409 398 423 431 449 455 
SCL #err deg : 5905 / 7800
SCL #err weighted degeneracy : 5860 5866 5869 5863 5858 5850 
degeneracy helps : 460 440 466 479 503 517 
degeneracy worse : 415 401 430 437 456 462 
SCL #err deg : 5981 / 7900
SCL #err weighted degeneracy : 5940 5946 5951 5945 5941 5932 
degeneracy helps : 463 443 469 482 505 520 
degeneracy worse : 422 408 439 446 465 471 
SCL #err deg : 6054 / 8000
SCL #err weighted degeneracy : 6011 6018 6021 6012 6009 6000 
degeneracy helps : 468 448 475 491 513 528 
degeneracy worse : 425 412 442 449 468 474 
SCL #err deg : 6129 / 8100
SCL #err weighted degeneracy : 6083 6086 6094 6087 6085 6074 
degeneracy helps : 480 461 486 500 521 536 
degeneracy worse : 434 418 451 458 477 481 
SCL #err deg : 6195 / 8200
SCL #err weighted degeneracy : 6153 6157 6164 6157 6153 6142 
degeneracy helps : 484 464 490 506 529 544 
degeneracy worse : 442 426 459 468 487 491 
SCL #err deg : 6278 / 8300
SCL #err weighted degeneracy : 6234 6235 6245 6242 6238 6228 
degeneracy helps : 490 472 496 509 532 546 
degeneracy worse : 446 429 463 473 492 496 
SCL #err deg : 6354 / 8400
SCL #err weighted degeneracy : 6308 6306 6320 6315 6313 6304 
degeneracy helps : 497 479 503 517 539 554 
degeneracy worse : 451 431 469 478 498 504 
SCL #err deg : 6424 / 8500
SCL #err weighted degeneracy : 6381 6379 6392 6392 6390 6382 
degeneracy helps : 501 483 508 522 545 559 
degeneracy worse : 458 438 476 490 511 517 
SCL #err deg : 6501 / 8600
SCL #err weighted degeneracy : 6456 6454 6466 6465 6463 6455 
degeneracy helps : 508 490 516 529 553 568 
degeneracy worse : 463 443 481 493 515 522 
SCL #err deg : 6584 / 8700
SCL #err weighted degeneracy : 6530 6529 6539 6540 6539 6533 
degeneracy helps : 522 502 531 542 564 579 
degeneracy worse : 468 447 486 498 519 528 
SCL #err deg : 6659 / 8800
SCL #err weighted degeneracy : 6607 6606 6614 6614 6612 6608 
degeneracy helps : 525 505 535 548 570 585 
degeneracy worse : 473 452 490 503 523 534 
SCL #err deg : 6739 / 8900
SCL #err weighted degeneracy : 6677 6679 6686 6687 6686 6684 
degeneracy helps : 540 519 549 561 582 595 
degeneracy worse : 478 459 496 509 529 540 
SCL #err deg : 6817 / 9000
SCL #err weighted degeneracy : 6757 6761 6766 6765 6762 6760 
degeneracy helps : 544 522 553 566 588 601 
degeneracy worse : 484 466 502 514 533 544 
SCL #err deg : 6897 / 9100
SCL #err weighted degeneracy : 6836 6841 6846 6845 6839 6837 
degeneracy helps : 550 527 559 572 596 609 
degeneracy worse : 489 471 508 520 538 549 
SCL #err deg : 6960 / 9200
SCL #err weighted degeneracy : 6905 6912 6916 6912 6906 6906 
degeneracy helps : 553 530 562 576 601 613 
degeneracy worse : 498 482 518 528 547 559 
SCL #err deg : 7032 / 9300
SCL #err weighted degeneracy : 6976 6982 6987 6985 6981 6981 
degeneracy helps : 558 535 567 580 605 618 
degeneracy worse : 502 485 522 533 554 567 
SCL #err deg : 7110 / 9400
SCL #err weighted degeneracy : 7054 7062 7064 7061 7058 7059 
degeneracy helps : 566 541 576 589 613 626 
degeneracy worse : 510 493 530 540 561 575 
SCL #err deg : 7187 / 9500
SCL #err weighted degeneracy : 7129 7136 7140 7141 7136 7137 
degeneracy helps : 571 547 580 592 618 631 
degeneracy worse : 513 496 533 546 567 581 
SCL #err deg : 7266 / 9600
SCL #err weighted degeneracy : 7208 7214 7218 7223 7218 7218 
degeneracy helps : 575 552 584 594 621 635 
degeneracy worse : 517 500 536 551 573 587 
SCL #err deg : 7337 / 9700
SCL #err weighted degeneracy : 7285 7289 7294 7297 7291 7292 
degeneracy helps : 579 557 589 599 626 640 
degeneracy worse : 527 509 546 559 580 595 
SCL #err deg : 7417 / 9800
SCL #err weighted degeneracy : 7368 7373 7376 7381 7375 7375 
degeneracy helps : 583 561 595 606 633 647 
degeneracy worse : 534 517 554 570 591 605 
SCL #err deg : 7500 / 9900
SCL #err weighted degeneracy : 7445 7451 7454 7459 7454 7454 
degeneracy helps : 591 568 602 614 640 654 
degeneracy worse : 536 519 556 573 594 608 
SCL #err deg : 7581 / 10000
SCL #err weighted degeneracy : 7521 7528 7530 7535 7531 7531 
degeneracy helps : 600 576 612 625 651 663 
degeneracy worse : 540 523 561 579 601 613 
average #flips: 194.396
SCL #err considering degeneracy: 7581
error due to equal 0
error due to SCL smaller 7581
Finish in 12198 s
