Simulation Polar syndrome FASTER N=512, K=257, l=128, pz=0.18, #samples=10000, seed=22
HPW construction
Event generator random seed: 22
SCL #err deg : 73 / 100
SCL #err weighted degeneracy : 74 75 73 70 70 69 
degeneracy helps : 9 9 9 10 10 12 
degeneracy worse : 10 11 9 7 7 8 
SCL #err deg : 146 / 200
SCL #err weighted degeneracy : 145 146 143 142 144 143 
degeneracy helps : 20 20 21 22 22 24 
degeneracy worse : 19 20 18 18 20 21 
SCL #err deg : 219 / 300
SCL #err weighted degeneracy : 217 220 215 212 214 209 
degeneracy helps : 30 27 31 35 36 41 
degeneracy worse : 28 28 27 28 31 31 
SCL #err deg : 302 / 400
SCL #err weighted degeneracy : 297 300 294 293 295 289 
degeneracy helps : 38 35 40 44 45 51 
degeneracy worse : 33 33 32 35 38 38 
SCL #err deg : 380 / 500
SCL #err weighted degeneracy : 374 378 373 369 372 365 
degeneracy helps : 46 42 47 53 53 59 
degeneracy worse : 40 40 40 42 45 44 
SCL #err deg : 462 / 600
SCL #err weighted degeneracy : 458 461 455 451 451 443 
degeneracy helps : 54 50 57 63 65 72 
degeneracy worse : 50 49 50 52 54 53 
SCL #err deg : 540 / 700
SCL #err weighted degeneracy : 537 538 535 531 530 524 
degeneracy helps : 60 58 64 72 76 82 
degeneracy worse : 57 56 59 63 66 66 
SCL #err deg : 616 / 800
SCL #err weighted degeneracy : 618 619 615 613 611 602 
degeneracy helps : 67 65 72 79 83 90 
degeneracy worse : 69 68 71 76 78 76 
SCL #err deg : 696 / 900
SCL #err weighted degeneracy : 691 693 688 684 684 674 
degeneracy helps : 78 75 83 94 97 106 
degeneracy worse : 73 72 75 82 85 84 
SCL #err deg : 769 / 1000
SCL #err weighted degeneracy : 762 764 762 757 757 747 
degeneracy helps : 88 85 92 104 108 116 
degeneracy worse : 81 80 85 92 96 94 
SCL #err deg : 849 / 1100
SCL #err weighted degeneracy : 837 836 836 829 830 820 
degeneracy helps : 100 99 106 120 124 132 
degeneracy worse : 88 86 93 100 105 103 
SCL #err deg : 924 / 1200
SCL #err weighted degeneracy : 908 909 908 902 902 893 
degeneracy helps : 112 109 118 133 138 147 
degeneracy worse : 96 94 102 111 116 116 
SCL #err deg : 1005 / 1300
SCL #err weighted degeneracy : 983 983 983 973 970 961 
degeneracy helps : 122 119 128 147 155 164 
degeneracy worse : 100 97 106 115 120 120 
SCL #err deg : 1074 / 1400
SCL #err weighted degeneracy : 1050 1051 1051 1041 1039 1032 
degeneracy helps : 130 127 136 157 165 174 
degeneracy worse : 106 104 113 124 130 132 
SCL #err deg : 1149 / 1500
SCL #err weighted degeneracy : 1121 1124 1122 1113 1109 1104 
degeneracy helps : 138 134 144 167 177 186 
degeneracy worse : 110 109 117 131 137 141 
SCL #err deg : 1231 / 1600
SCL #err weighted degeneracy : 1199 1203 1199 1190 1188 1182 
degeneracy helps : 146 141 152 176 185 195 
degeneracy worse : 114 113 120 135 142 146 
SCL #err deg : 1306 / 1700
SCL #err weighted degeneracy : 1280 1284 1280 1271 1268 1258 
degeneracy helps : 151 146 157 182 192 205 
degeneracy worse : 125 124 131 147 154 157 
SCL #err deg : 1375 / 1800
SCL #err weighted degeneracy : 1352 1356 1352 1345 1342 1333 
degeneracy helps : 160 155 167 194 204 217 
degeneracy worse : 137 136 144 164 171 175 
SCL #err deg : 1448 / 1900
SCL #err weighted degeneracy : 1423 1427 1425 1420 1418 1410 
degeneracy helps : 171 165 177 205 214 227 
degeneracy worse : 146 144 154 177 184 189 
SCL #err deg : 1517 / 2000
SCL #err weighted degeneracy : 1496 1500 1501 1495 1490 1484 
degeneracy helps : 180 174 185 214 226 238 
degeneracy worse : 159 157 169 192 199 205 
SCL #err deg : 1596 / 2100
SCL #err weighted degeneracy : 1573 1577 1576 1570 1566 1560 
degeneracy helps : 188 183 193 223 234 246 
degeneracy worse : 165 164 173 197 204 210 
SCL #err deg : 1671 / 2200
SCL #err weighted degeneracy : 1653 1657 1656 1647 1641 1634 
degeneracy helps : 193 188 198 231 243 255 
degeneracy worse : 175 174 183 207 213 218 
SCL #err deg : 1734 / 2300
SCL #err weighted degeneracy : 1718 1722 1723 1715 1711 1707 
degeneracy helps : 201 195 204 237 251 262 
degeneracy worse : 185 183 193 218 228 235 
SCL #err deg : 1803 / 2400
SCL #err weighted degeneracy : 1792 1796 1798 1790 1786 1782 
degeneracy helps : 206 200 209 244 258 269 
degeneracy worse : 195 193 204 231 241 248 
SCL #err deg : 1880 / 2500
SCL #err weighted degeneracy : 1868 1873 1873 1864 1858 1856 
degeneracy helps : 215 208 218 255 272 281 
degeneracy worse : 203 201 211 239 250 257 
SCL #err deg : 1956 / 2600
SCL #err weighted degeneracy : 1939 1944 1944 1935 1931 1927 
degeneracy helps : 227 220 230 266 282 291 
degeneracy worse : 210 208 218 245 257 262 
SCL #err deg : 2028 / 2700
SCL #err weighted degeneracy : 2011 2014 2017 2012 2010 2008 
degeneracy helps : 237 230 241 276 292 301 
degeneracy worse : 220 216 230 260 274 281 
SCL #err deg : 2102 / 2800
SCL #err weighted degeneracy : 2083 2086 2086 2079 2080 2079 
degeneracy helps : 245 239 252 290 307 316 
degeneracy worse : 226 223 236 267 285 293 
SCL #err deg : 2177 / 2900
SCL #err weighted degeneracy : 2146 2151 2147 2145 2146 2143 
degeneracy helps : 260 251 269 305 325 338 
degeneracy worse : 229 225 239 273 294 304 
SCL #err deg : 2249 / 3000
SCL #err weighted degeneracy : 2215 2219 2216 2215 2217 2214 
degeneracy helps : 272 264 281 318 338 351 
degeneracy worse : 238 234 248 284 306 316 
SCL #err deg : 2327 / 3100
SCL #err weighted degeneracy : 2290 2294 2291 2290 2292 2290 
degeneracy helps : 280 272 291 330 351 363 
degeneracy worse : 243 239 255 293 316 326 
SCL #err deg : 2412 / 3200
SCL #err weighted degeneracy : 2365 2371 2365 2366 2367 2364 
degeneracy helps : 293 283 304 342 364 377 
degeneracy worse : 246 242 257 296 319 329 
SCL #err deg : 2491 / 3300
SCL #err weighted degeneracy : 2448 2454 2448 2451 2450 2447 
degeneracy helps : 296 286 308 346 370 383 
degeneracy worse : 253 249 265 306 329 339 
SCL #err deg : 2572 / 3400
SCL #err weighted degeneracy : 2535 2540 2535 2539 2534 2530 
degeneracy helps : 301 291 314 351 379 392 
degeneracy worse : 264 259 277 318 341 350 
SCL #err deg : 2651 / 3500
SCL #err weighted degeneracy : 2606 2611 2605 2607 2605 2603 
degeneracy helps : 317 307 331 370 397 407 
degeneracy worse : 272 267 285 326 351 359 
SCL #err deg : 2733 / 3600
SCL #err weighted degeneracy : 2682 2687 2682 2687 2687 2686 
degeneracy helps : 329 319 342 380 406 415 
degeneracy worse : 278 273 291 334 360 368 
SCL #err deg : 2812 / 3700
SCL #err weighted degeneracy : 2761 2766 2761 2764 2764 2762 
degeneracy helps : 338 328 351 392 418 428 
degeneracy worse : 287 282 300 344 370 378 
SCL #err deg : 2885 / 3800
SCL #err weighted degeneracy : 2829 2833 2831 2835 2840 2838 
degeneracy helps : 347 338 358 400 426 438 
degeneracy worse : 291 286 304 350 381 391 
SCL #err deg : 2956 / 3900
SCL #err weighted degeneracy : 2902 2907 2903 2904 2912 2908 
degeneracy helps : 351 341 363 407 433 446 
degeneracy worse : 297 292 310 355 389 398 
SCL #err deg : 3033 / 4000
SCL #err weighted degeneracy : 2981 2985 2980 2981 2988 2984 
degeneracy helps : 356 346 369 414 440 454 
degeneracy worse : 304 298 316 362 395 405 
SCL #err deg : 3112 / 4100
SCL #err weighted degeneracy : 3062 3064 3062 3065 3073 3067 
degeneracy helps : 359 351 371 417 443 459 
degeneracy worse : 309 303 321 370 404 414 
SCL #err deg : 3189 / 4200
SCL #err weighted degeneracy : 3136 3137 3134 3138 3145 3144 
degeneracy helps : 365 358 378 425 453 469 
degeneracy worse : 312 306 323 374 409 424 
SCL #err deg : 3263 / 4300
SCL #err weighted degeneracy : 3212 3212 3208 3211 3216 3212 
degeneracy helps : 370 363 384 434 464 482 
degeneracy worse : 319 312 329 382 417 431 
SCL #err deg : 3343 / 4400
SCL #err weighted degeneracy : 3290 3292 3288 3288 3293 3288 
degeneracy helps : 378 369 391 444 474 492 
degeneracy worse : 325 318 336 389 424 437 
SCL #err deg : 3416 / 4500
SCL #err weighted degeneracy : 3368 3369 3367 3365 3371 3369 
degeneracy helps : 386 377 398 452 482 498 
degeneracy worse : 338 330 349 401 437 451 
SCL #err deg : 3491 / 4600
SCL #err weighted degeneracy : 3450 3451 3449 3447 3454 3448 
degeneracy helps : 391 382 403 458 488 508 
degeneracy worse : 350 342 361 414 451 465 
SCL #err deg : 3569 / 4700
SCL #err weighted degeneracy : 3519 3521 3517 3519 3527 3523 
degeneracy helps : 402 393 415 468 500 519 
degeneracy worse : 352 345 363 418 458 473 
SCL #err deg : 3645 / 4800
SCL #err weighted degeneracy : 3594 3596 3594 3593 3599 3596 
degeneracy helps : 412 404 425 481 513 533 
degeneracy worse : 361 355 374 429 467 484 
SCL #err deg : 3723 / 4900
SCL #err weighted degeneracy : 3674 3676 3675 3674 3678 3673 
degeneracy helps : 422 414 434 489 522 543 
degeneracy worse : 373 367 386 440 477 493 
SCL #err deg : 3802 / 5000
SCL #err weighted degeneracy : 3740 3743 3740 3736 3739 3734 
degeneracy helps : 438 429 451 509 544 565 
degeneracy worse : 376 370 389 443 481 497 
SCL #err deg : 3874 / 5100
SCL #err weighted degeneracy : 3814 3817 3815 3811 3814 3810 
degeneracy helps : 442 433 455 515 551 573 
degeneracy worse : 382 376 396 452 491 509 
SCL #err deg : 3944 / 5200
SCL #err weighted degeneracy : 3891 3893 3893 3887 3890 3884 
degeneracy helps : 447 438 459 522 558 581 
degeneracy worse : 394 387 408 465 504 521 
SCL #err deg : 4013 / 5300
SCL #err weighted degeneracy : 3958 3958 3963 3962 3964 3959 
degeneracy helps : 453 446 463 525 563 587 
degeneracy worse : 398 391 413 474 514 533 
SCL #err deg : 4089 / 5400
SCL #err weighted degeneracy : 4035 4036 4039 4040 4039 4034 
degeneracy helps : 460 453 470 532 574 599 
degeneracy worse : 406 400 420 483 524 544 
SCL #err deg : 4162 / 5500
SCL #err weighted degeneracy : 4110 4111 4117 4117 4116 4109 
degeneracy helps : 468 461 479 542 583 610 
degeneracy worse : 416 410 434 497 537 557 
SCL #err deg : 4236 / 5600
SCL #err weighted degeneracy : 4184 4185 4195 4196 4193 4186 
degeneracy helps : 477 470 485 549 594 621 
degeneracy worse : 425 419 444 509 551 571 
SCL #err deg : 4318 / 5700
SCL #err weighted degeneracy : 4261 4264 4271 4269 4262 4257 
degeneracy helps : 487 478 497 563 611 636 
degeneracy worse : 430 424 450 514 555 575 
SCL #err deg : 4398 / 5800
SCL #err weighted degeneracy : 4334 4339 4346 4345 4338 4331 
degeneracy helps : 501 491 510 575 623 649 
degeneracy worse : 437 432 458 522 563 582 
SCL #err deg : 4471 / 5900
SCL #err weighted degeneracy : 4403 4408 4416 4416 4408 4400 
degeneracy helps : 512 502 521 586 634 662 
degeneracy worse : 444 439 466 531 571 591 
SCL #err deg : 4543 / 6000
SCL #err weighted degeneracy : 4474 4480 4486 4489 4479 4474 
degeneracy helps : 521 511 531 598 648 675 
degeneracy worse : 452 448 474 544 584 606 
SCL #err deg : 4620 / 6100
SCL #err weighted degeneracy : 4544 4552 4554 4559 4551 4547 
degeneracy helps : 534 522 545 612 662 689 
degeneracy worse : 458 454 479 551 593 616 
SCL #err deg : 4699 / 6200
SCL #err weighted degeneracy : 4619 4627 4630 4638 4629 4626 
degeneracy helps : 539 527 550 617 668 696 
degeneracy worse : 459 455 481 556 598 623 
SCL #err deg : 4772 / 6300
SCL #err weighted degeneracy : 4691 4701 4701 4708 4700 4695 
degeneracy helps : 547 534 559 629 680 711 
degeneracy worse : 466 463 488 565 608 634 
SCL #err deg : 4840 / 6400
SCL #err weighted degeneracy : 4760 4769 4768 4780 4772 4769 
degeneracy helps : 558 545 571 639 690 721 
degeneracy worse : 478 474 499 579 622 650 
SCL #err deg : 4915 / 6500
SCL #err weighted degeneracy : 4835 4844 4841 4850 4842 4840 
degeneracy helps : 567 554 581 652 704 736 
degeneracy worse : 487 483 507 587 631 661 
SCL #err deg : 4987 / 6600
SCL #err weighted degeneracy : 4902 4910 4909 4920 4916 4913 
degeneracy helps : 578 567 591 663 715 748 
degeneracy worse : 493 490 513 596 644 674 
SCL #err deg : 5064 / 6700
SCL #err weighted degeneracy : 4973 4983 4982 4992 4988 4984 
degeneracy helps : 592 580 603 676 728 762 
degeneracy worse : 501 499 521 604 652 682 
SCL #err deg : 5141 / 6800
SCL #err weighted degeneracy : 5050 5060 5056 5066 5065 5058 
degeneracy helps : 598 586 613 689 740 778 
degeneracy worse : 507 505 528 614 664 695 
SCL #err deg : 5211 / 6900
SCL #err weighted degeneracy : 5121 5131 5129 5137 5137 5130 
degeneracy helps : 605 593 619 696 748 786 
degeneracy worse : 515 513 537 622 674 705 
SCL #err deg : 5286 / 7000
SCL #err weighted degeneracy : 5194 5204 5202 5212 5213 5208 
degeneracy helps : 618 606 632 708 759 797 
degeneracy worse : 526 524 548 634 686 719 
SCL #err deg : 5355 / 7100
SCL #err weighted degeneracy : 5265 5274 5273 5282 5283 5279 
degeneracy helps : 630 619 645 723 774 810 
degeneracy worse : 540 538 563 650 702 734 
SCL #err deg : 5432 / 7200
SCL #err weighted degeneracy : 5339 5348 5346 5356 5359 5358 
degeneracy helps : 639 628 655 734 786 820 
degeneracy worse : 546 544 569 658 713 746 
SCL #err deg : 5505 / 7300
SCL #err weighted degeneracy : 5411 5418 5420 5433 5436 5434 
degeneracy helps : 648 639 664 742 795 830 
degeneracy worse : 554 552 579 670 726 759 
SCL #err deg : 5572 / 7400
SCL #err weighted degeneracy : 5481 5488 5488 5502 5505 5503 
degeneracy helps : 657 647 675 753 806 839 
degeneracy worse : 566 563 591 683 739 770 
SCL #err deg : 5644 / 7500
SCL #err weighted degeneracy : 5553 5563 5561 5571 5571 5568 
degeneracy helps : 668 657 685 768 824 859 
degeneracy worse : 577 576 602 695 751 783 
SCL #err deg : 5713 / 7600
SCL #err weighted degeneracy : 5628 5637 5638 5646 5650 5650 
degeneracy helps : 674 664 692 779 833 866 
degeneracy worse : 589 588 617 712 770 803 
SCL #err deg : 5790 / 7700
SCL #err weighted degeneracy : 5708 5715 5721 5728 5733 5732 
degeneracy helps : 682 674 700 788 842 877 
degeneracy worse : 600 599 631 726 785 819 
SCL #err deg : 5861 / 7800
SCL #err weighted degeneracy : 5771 5779 5785 5794 5802 5803 
degeneracy helps : 696 687 713 802 855 888 
degeneracy worse : 606 605 637 735 796 830 
SCL #err deg : 5930 / 7900
SCL #err weighted degeneracy : 5846 5855 5860 5871 5875 5873 
degeneracy helps : 704 694 721 810 865 899 
degeneracy worse : 620 619 651 751 810 842 
SCL #err deg : 6008 / 8000
SCL #err weighted degeneracy : 5919 5928 5933 5945 5948 5947 
degeneracy helps : 715 705 733 822 877 912 
degeneracy worse : 626 625 658 759 817 851 
SCL #err deg : 6090 / 8100
SCL #err weighted degeneracy : 6000 6009 6016 6030 6032 6030 
degeneracy helps : 723 713 740 827 883 919 
degeneracy worse : 633 632 666 767 825 859 
SCL #err deg : 6162 / 8200
SCL #err weighted degeneracy : 6069 6078 6086 6104 6107 6108 
degeneracy helps : 733 722 750 838 893 930 
degeneracy worse : 640 638 674 780 838 876 
SCL #err deg : 6235 / 8300
SCL #err weighted degeneracy : 6141 6150 6160 6176 6177 6180 
degeneracy helps : 738 727 754 845 901 938 
degeneracy worse : 644 642 679 786 843 883 
SCL #err deg : 6311 / 8400
SCL #err weighted degeneracy : 6215 6223 6233 6249 6250 6254 
degeneracy helps : 745 735 761 853 909 945 
degeneracy worse : 649 647 683 791 848 888 
SCL #err deg : 6383 / 8500
SCL #err weighted degeneracy : 6289 6297 6305 6320 6321 6325 
degeneracy helps : 753 742 770 864 921 956 
degeneracy worse : 659 656 692 801 859 898 
SCL #err deg : 6457 / 8600
SCL #err weighted degeneracy : 6357 6366 6373 6387 6390 6397 
degeneracy helps : 764 752 782 878 935 967 
degeneracy worse : 664 661 698 808 868 907 
SCL #err deg : 6529 / 8700
SCL #err weighted degeneracy : 6430 6440 6445 6456 6461 6464 
degeneracy helps : 772 760 790 890 947 981 
degeneracy worse : 673 671 706 817 879 916 
SCL #err deg : 6609 / 8800
SCL #err weighted degeneracy : 6502 6512 6516 6526 6529 6535 
degeneracy helps : 784 772 802 905 965 998 
degeneracy worse : 677 675 709 822 885 924 
SCL #err deg : 6688 / 8900
SCL #err weighted degeneracy : 6578 6588 6592 6595 6600 6604 
degeneracy helps : 793 781 811 919 978 1013 
degeneracy worse : 683 681 715 826 890 929 
SCL #err deg : 6759 / 9000
SCL #err weighted degeneracy : 6648 6658 6662 6664 6670 6675 
degeneracy helps : 801 789 819 929 988 1023 
degeneracy worse : 690 688 722 834 899 939 
SCL #err deg : 6836 / 9100
SCL #err weighted degeneracy : 6727 6735 6740 6745 6751 6757 
degeneracy helps : 810 798 830 939 998 1033 
degeneracy worse : 701 697 734 848 913 954 
SCL #err deg : 6907 / 9200
SCL #err weighted degeneracy : 6802 6810 6816 6819 6828 6833 
degeneracy helps : 816 804 837 947 1005 1040 
degeneracy worse : 711 707 746 859 926 966 
SCL #err deg : 6982 / 9300
SCL #err weighted degeneracy : 6873 6880 6886 6890 6898 6905 
degeneracy helps : 827 814 849 959 1018 1052 
degeneracy worse : 718 712 753 867 934 975 
SCL #err deg : 7055 / 9400
SCL #err weighted degeneracy : 6946 6952 6958 6962 6970 6979 
degeneracy helps : 837 825 860 970 1031 1064 
degeneracy worse : 728 722 763 877 946 988 
SCL #err deg : 7132 / 9500
SCL #err weighted degeneracy : 7024 7030 7036 7039 7047 7054 
degeneracy helps : 848 836 871 983 1043 1077 
degeneracy worse : 740 734 775 890 958 999 
SCL #err deg : 7208 / 9600
SCL #err weighted degeneracy : 7101 7108 7111 7111 7117 7125 
degeneracy helps : 858 845 883 1001 1062 1097 
degeneracy worse : 751 745 786 904 971 1014 
SCL #err deg : 7279 / 9700
SCL #err weighted degeneracy : 7175 7181 7184 7184 7189 7197 
degeneracy helps : 865 852 891 1011 1073 1108 
degeneracy worse : 761 754 796 916 983 1026 
SCL #err deg : 7353 / 9800
SCL #err weighted degeneracy : 7254 7260 7259 7261 7267 7275 
degeneracy helps : 872 859 901 1022 1083 1118 
degeneracy worse : 773 766 807 930 997 1040 
SCL #err deg : 7433 / 9900
SCL #err weighted degeneracy : 7332 7339 7337 7340 7342 7347 
degeneracy helps : 879 865 908 1029 1094 1132 
degeneracy worse : 778 771 812 936 1003 1046 
SCL #err deg : 7509 / 10000
SCL #err weighted degeneracy : 7407 7411 7410 7413 7416 7422 
degeneracy helps : 888 875 919 1040 1105 1143 
degeneracy worse : 786 777 820 944 1012 1056 
average #flips: 92.0278
SCL #err considering degeneracy: 7509
error due to equal 0
error due to SCL smaller 7509
Finish in 5052 s
