Simulation Polar syndrome FASTER N=512, K=257, l=128, pz=0.08, #samples=10000, seed=22
HPW construction
Event generator random seed: 22
SCL #err deg : 4 / 100
SCL #err weighted degeneracy : 2 2 2 2 3 4 
degeneracy helps : 3 3 3 4 4 4 
degeneracy worse : 1 1 1 2 3 4 
SCL #err deg : 11 / 200
SCL #err weighted degeneracy : 7 7 7 7 9 11 
degeneracy helps : 5 5 5 7 7 7 
degeneracy worse : 1 1 1 3 5 7 
SCL #err deg : 18 / 300
SCL #err weighted degeneracy : 14 14 13 13 16 17 
degeneracy helps : 6 6 7 10 10 11 
degeneracy worse : 2 2 2 5 8 10 
SCL #err deg : 21 / 400
SCL #err weighted degeneracy : 16 16 15 18 22 24 
degeneracy helps : 8 8 9 12 12 13 
degeneracy worse : 3 3 3 9 13 16 
SCL #err deg : 25 / 500
SCL #err weighted degeneracy : 17 17 17 22 27 32 
degeneracy helps : 11 11 11 14 14 15 
degeneracy worse : 3 3 3 11 16 22 
SCL #err deg : 31 / 600
SCL #err weighted degeneracy : 21 21 21 27 33 38 
degeneracy helps : 13 13 13 16 16 17 
degeneracy worse : 3 3 3 12 18 24 
SCL #err deg : 35 / 700
SCL #err weighted degeneracy : 26 26 26 32 38 44 
degeneracy helps : 13 13 14 18 18 19 
degeneracy worse : 4 4 5 15 21 28 
SCL #err deg : 39 / 800
SCL #err weighted degeneracy : 31 31 31 39 46 51 
degeneracy helps : 13 13 14 18 18 20 
degeneracy worse : 5 5 6 18 25 32 
SCL #err deg : 45 / 900
SCL #err weighted degeneracy : 34 34 34 45 54 65 
degeneracy helps : 17 17 18 22 22 23 
degeneracy worse : 6 6 7 22 31 43 
SCL #err deg : 50 / 1000
SCL #err weighted degeneracy : 39 39 38 49 62 74 
degeneracy helps : 18 18 20 25 26 27 
degeneracy worse : 7 7 8 24 38 51 
SCL #err deg : 54 / 1100
SCL #err weighted degeneracy : 41 41 40 52 67 81 
degeneracy helps : 21 21 23 28 29 30 
degeneracy worse : 8 8 9 26 42 57 
SCL #err deg : 57 / 1200
SCL #err weighted degeneracy : 45 45 45 59 74 88 
degeneracy helps : 21 21 23 29 30 31 
degeneracy worse : 9 9 11 31 47 62 
SCL #err deg : 57 / 1300
SCL #err weighted degeneracy : 46 46 46 62 78 93 
degeneracy helps : 21 21 23 29 30 31 
degeneracy worse : 10 10 12 34 51 67 
SCL #err deg : 61 / 1400
SCL #err weighted degeneracy : 51 51 52 67 85 101 
degeneracy helps : 22 22 24 30 32 33 
degeneracy worse : 12 12 15 36 56 73 
SCL #err deg : 63 / 1500
SCL #err weighted degeneracy : 53 53 54 69 88 104 
degeneracy helps : 22 22 24 30 32 33 
degeneracy worse : 12 12 15 36 57 74 
SCL #err deg : 66 / 1600
SCL #err weighted degeneracy : 57 57 58 74 94 112 
degeneracy helps : 23 23 25 32 34 35 
degeneracy worse : 14 14 17 40 62 81 
SCL #err deg : 70 / 1700
SCL #err weighted degeneracy : 61 61 63 82 103 121 
degeneracy helps : 24 24 26 33 35 36 
degeneracy worse : 15 15 19 45 68 87 
SCL #err deg : 74 / 1800
SCL #err weighted degeneracy : 67 67 68 89 112 131 
degeneracy helps : 25 25 28 35 37 38 
degeneracy worse : 18 18 22 50 75 95 
SCL #err deg : 76 / 1900
SCL #err weighted degeneracy : 70 70 71 95 119 138 
degeneracy helps : 25 25 28 35 37 38 
degeneracy worse : 19 19 23 54 80 100 
SCL #err deg : 77 / 2000
SCL #err weighted degeneracy : 72 72 73 98 122 143 
degeneracy helps : 26 26 29 36 38 39 
degeneracy worse : 21 21 25 57 83 105 
SCL #err deg : 86 / 2100
SCL #err weighted degeneracy : 82 82 83 108 135 158 
degeneracy helps : 28 28 31 39 41 41 
degeneracy worse : 24 24 28 61 90 113 
SCL #err deg : 92 / 2200
SCL #err weighted degeneracy : 87 87 88 114 145 170 
degeneracy helps : 29 29 32 41 43 42 
degeneracy worse : 24 24 28 63 96 120 
SCL #err deg : 99 / 2300
SCL #err weighted degeneracy : 93 93 95 123 155 181 
degeneracy helps : 32 32 34 44 46 45 
degeneracy worse : 26 26 30 68 102 127 
SCL #err deg : 101 / 2400
SCL #err weighted degeneracy : 95 95 98 128 162 188 
degeneracy helps : 32 32 34 44 46 45 
degeneracy worse : 26 26 31 71 107 132 
SCL #err deg : 105 / 2500
SCL #err weighted degeneracy : 98 98 101 132 167 194 
degeneracy helps : 33 33 35 45 47 46 
degeneracy worse : 26 26 31 72 109 135 
SCL #err deg : 110 / 2600
SCL #err weighted degeneracy : 105 105 108 139 176 203 
degeneracy helps : 34 34 37 48 50 49 
degeneracy worse : 29 29 35 77 116 142 
SCL #err deg : 115 / 2700
SCL #err weighted degeneracy : 112 112 115 147 184 211 
degeneracy helps : 35 35 38 49 51 50 
degeneracy worse : 32 32 38 81 120 146 
SCL #err deg : 120 / 2800
SCL #err weighted degeneracy : 120 120 123 158 197 225 
degeneracy helps : 35 35 39 50 52 51 
degeneracy worse : 35 35 42 88 129 156 
SCL #err deg : 124 / 2900
SCL #err weighted degeneracy : 124 124 127 162 202 230 
degeneracy helps : 36 36 40 52 54 53 
degeneracy worse : 36 36 43 90 132 159 
SCL #err deg : 129 / 3000
SCL #err weighted degeneracy : 126 126 129 166 211 238 
degeneracy helps : 41 41 45 56 58 57 
degeneracy worse : 38 38 45 93 140 166 
SCL #err deg : 136 / 3100
SCL #err weighted degeneracy : 130 130 133 172 220 247 
degeneracy helps : 46 46 50 60 62 61 
degeneracy worse : 40 40 47 96 146 172 
SCL #err deg : 145 / 3200
SCL #err weighted degeneracy : 136 136 139 179 229 257 
degeneracy helps : 51 51 55 65 66 65 
degeneracy worse : 42 42 49 99 150 177 
SCL #err deg : 147 / 3300
SCL #err weighted degeneracy : 139 139 141 182 232 260 
degeneracy helps : 51 51 56 66 67 66 
degeneracy worse : 43 43 50 101 152 179 
SCL #err deg : 153 / 3400
SCL #err weighted degeneracy : 144 144 146 188 243 271 
degeneracy helps : 53 53 58 68 69 68 
degeneracy worse : 44 44 51 103 159 186 
SCL #err deg : 157 / 3500
SCL #err weighted degeneracy : 148 148 150 194 251 280 
degeneracy helps : 53 53 58 68 69 68 
degeneracy worse : 44 44 51 105 163 191 
SCL #err deg : 166 / 3600
SCL #err weighted degeneracy : 153 153 155 202 260 289 
degeneracy helps : 59 59 64 74 75 74 
degeneracy worse : 46 46 53 110 169 197 
SCL #err deg : 169 / 3700
SCL #err weighted degeneracy : 157 157 159 207 269 298 
degeneracy helps : 61 61 66 76 76 75 
degeneracy worse : 49 49 56 114 176 204 
SCL #err deg : 174 / 3800
SCL #err weighted degeneracy : 160 160 162 212 276 306 
degeneracy helps : 65 65 70 80 80 79 
degeneracy worse : 51 51 58 118 182 211 
SCL #err deg : 183 / 3900
SCL #err weighted degeneracy : 168 168 171 224 287 317 
degeneracy helps : 68 68 72 81 81 80 
degeneracy worse : 53 53 60 122 185 214 
SCL #err deg : 188 / 4000
SCL #err weighted degeneracy : 171 171 174 227 293 324 
degeneracy helps : 70 70 74 83 83 82 
degeneracy worse : 53 53 60 122 188 218 
SCL #err deg : 191 / 4100
SCL #err weighted degeneracy : 173 173 176 231 299 330 
degeneracy helps : 73 73 77 86 85 84 
degeneracy worse : 55 55 62 126 193 223 
SCL #err deg : 199 / 4200
SCL #err weighted degeneracy : 181 181 183 239 308 339 
degeneracy helps : 73 73 78 88 87 87 
degeneracy worse : 55 55 62 128 196 227 
SCL #err deg : 203 / 4300
SCL #err weighted degeneracy : 185 185 188 249 319 352 
degeneracy helps : 77 77 82 92 90 90 
degeneracy worse : 59 59 67 138 206 239 
SCL #err deg : 208 / 4400
SCL #err weighted degeneracy : 187 187 191 252 324 360 
degeneracy helps : 81 81 85 95 93 93 
degeneracy worse : 60 60 68 139 209 245 
SCL #err deg : 213 / 4500
SCL #err weighted degeneracy : 190 190 194 259 331 368 
degeneracy helps : 83 83 87 97 95 95 
degeneracy worse : 60 60 68 143 213 250 
SCL #err deg : 218 / 4600
SCL #err weighted degeneracy : 194 194 199 264 338 376 
degeneracy helps : 84 84 88 99 97 97 
degeneracy worse : 60 60 69 145 217 255 
SCL #err deg : 223 / 4700
SCL #err weighted degeneracy : 198 198 203 268 344 381 
degeneracy helps : 85 85 89 100 98 99 
degeneracy worse : 60 60 69 145 219 257 
SCL #err deg : 227 / 4800
SCL #err weighted degeneracy : 199 199 205 272 350 388 
degeneracy helps : 88 88 92 103 101 102 
degeneracy worse : 60 60 70 148 224 263 
SCL #err deg : 232 / 4900
SCL #err weighted degeneracy : 202 202 208 279 358 397 
degeneracy helps : 92 92 96 106 104 105 
degeneracy worse : 62 62 72 153 230 270 
SCL #err deg : 235 / 5000
SCL #err weighted degeneracy : 205 205 211 285 368 408 
degeneracy helps : 94 94 98 108 107 108 
degeneracy worse : 64 64 74 158 240 281 
SCL #err deg : 238 / 5100
SCL #err weighted degeneracy : 208 208 214 294 379 420 
degeneracy helps : 95 95 99 109 108 109 
degeneracy worse : 65 65 75 165 249 291 
SCL #err deg : 243 / 5200
SCL #err weighted degeneracy : 213 213 218 299 384 425 
degeneracy helps : 97 97 102 112 111 112 
degeneracy worse : 67 67 77 168 252 294 
SCL #err deg : 248 / 5300
SCL #err weighted degeneracy : 216 216 221 303 390 433 
degeneracy helps : 100 100 105 115 114 114 
degeneracy worse : 68 68 78 170 256 299 
SCL #err deg : 250 / 5400
SCL #err weighted degeneracy : 218 218 223 305 394 438 
degeneracy helps : 100 100 105 115 114 114 
degeneracy worse : 68 68 78 170 258 302 
SCL #err deg : 257 / 5500
SCL #err weighted degeneracy : 223 223 230 315 407 451 
degeneracy helps : 103 103 107 117 116 116 
degeneracy worse : 69 69 80 175 266 310 
SCL #err deg : 258 / 5600
SCL #err weighted degeneracy : 229 229 235 320 411 456 
degeneracy helps : 103 103 108 118 117 117 
degeneracy worse : 74 74 85 180 270 315 
SCL #err deg : 262 / 5700
SCL #err weighted degeneracy : 234 234 241 328 421 468 
degeneracy helps : 103 103 109 119 119 119 
degeneracy worse : 75 75 88 185 278 325 
SCL #err deg : 265 / 5800
SCL #err weighted degeneracy : 238 238 245 334 428 477 
degeneracy helps : 103 103 110 120 120 120 
degeneracy worse : 76 76 90 189 283 332 
SCL #err deg : 270 / 5900
SCL #err weighted degeneracy : 240 240 247 335 431 485 
degeneracy helps : 107 107 114 125 124 124 
degeneracy worse : 77 77 91 190 285 339 
SCL #err deg : 272 / 6000
SCL #err weighted degeneracy : 243 243 250 340 438 495 
degeneracy helps : 107 107 114 125 124 124 
degeneracy worse : 78 78 92 193 290 347 
SCL #err deg : 278 / 6100
SCL #err weighted degeneracy : 250 250 257 348 448 506 
degeneracy helps : 111 111 118 128 126 126 
degeneracy worse : 83 83 97 198 296 354 
SCL #err deg : 280 / 6200
SCL #err weighted degeneracy : 254 254 261 355 457 516 
degeneracy helps : 112 112 119 129 127 127 
degeneracy worse : 86 86 100 204 304 363 
SCL #err deg : 284 / 6300
SCL #err weighted degeneracy : 257 257 264 358 461 521 
degeneracy helps : 113 113 120 130 128 128 
degeneracy worse : 86 86 100 204 305 365 
SCL #err deg : 288 / 6400
SCL #err weighted degeneracy : 260 260 268 366 470 531 
degeneracy helps : 115 115 122 132 130 130 
degeneracy worse : 87 87 102 210 312 373 
SCL #err deg : 294 / 6500
SCL #err weighted degeneracy : 265 265 274 373 479 540 
degeneracy helps : 117 117 124 135 133 133 
degeneracy worse : 88 88 104 214 318 379 
SCL #err deg : 296 / 6600
SCL #err weighted degeneracy : 268 268 277 380 488 550 
degeneracy helps : 118 118 125 135 133 133 
degeneracy worse : 90 90 106 219 325 387 
SCL #err deg : 304 / 6700
SCL #err weighted degeneracy : 276 276 286 389 499 561 
degeneracy helps : 119 119 125 135 133 133 
degeneracy worse : 91 91 107 220 328 390 
SCL #err deg : 312 / 6800
SCL #err weighted degeneracy : 283 283 293 396 506 568 
degeneracy helps : 120 120 126 136 134 134 
degeneracy worse : 91 91 107 220 328 390 
SCL #err deg : 317 / 6900
SCL #err weighted degeneracy : 286 286 295 400 510 573 
degeneracy helps : 122 122 129 139 137 137 
degeneracy worse : 91 91 107 222 330 393 
SCL #err deg : 317 / 7000
SCL #err weighted degeneracy : 286 286 295 401 511 574 
degeneracy helps : 122 122 129 139 137 137 
degeneracy worse : 91 91 107 223 331 394 
SCL #err deg : 322 / 7100
SCL #err weighted degeneracy : 290 290 299 406 518 581 
degeneracy helps : 124 124 131 141 139 139 
degeneracy worse : 92 92 108 225 335 398 
SCL #err deg : 326 / 7200
SCL #err weighted degeneracy : 294 294 303 410 523 588 
degeneracy helps : 125 125 132 142 140 140 
degeneracy worse : 93 93 109 226 337 402 
SCL #err deg : 333 / 7300
SCL #err weighted degeneracy : 298 298 307 415 528 593 
degeneracy helps : 129 129 136 147 145 145 
degeneracy worse : 94 94 110 229 340 405 
SCL #err deg : 335 / 7400
SCL #err weighted degeneracy : 300 300 309 419 535 601 
degeneracy helps : 130 130 137 149 147 147 
degeneracy worse : 95 95 111 233 347 413 
SCL #err deg : 345 / 7500
SCL #err weighted degeneracy : 308 308 316 426 543 609 
degeneracy helps : 132 132 140 154 152 152 
degeneracy worse : 95 95 111 235 350 416 
SCL #err deg : 348 / 7600
SCL #err weighted degeneracy : 309 309 318 431 549 616 
degeneracy helps : 134 134 142 156 154 154 
degeneracy worse : 95 95 112 239 355 422 
SCL #err deg : 352 / 7700
SCL #err weighted degeneracy : 312 312 321 436 558 627 
degeneracy helps : 136 136 144 158 156 156 
degeneracy worse : 96 96 113 242 362 431 
SCL #err deg : 356 / 7800
SCL #err weighted degeneracy : 318 318 327 441 566 633 
degeneracy helps : 136 136 144 159 157 157 
degeneracy worse : 98 98 115 244 367 434 
SCL #err deg : 364 / 7900
SCL #err weighted degeneracy : 328 328 336 450 580 646 
degeneracy helps : 136 136 145 160 159 160 
degeneracy worse : 100 100 117 246 375 442 
SCL #err deg : 367 / 8000
SCL #err weighted degeneracy : 330 330 339 455 586 653 
degeneracy helps : 137 137 146 161 160 161 
degeneracy worse : 100 100 118 249 379 447 
SCL #err deg : 371 / 8100
SCL #err weighted degeneracy : 337 337 345 462 593 661 
degeneracy helps : 137 137 147 162 161 162 
degeneracy worse : 103 103 121 253 383 452 
SCL #err deg : 378 / 8200
SCL #err weighted degeneracy : 342 342 350 470 603 671 
degeneracy helps : 141 141 151 165 164 165 
degeneracy worse : 105 105 123 257 389 458 
SCL #err deg : 380 / 8300
SCL #err weighted degeneracy : 345 345 355 476 610 679 
degeneracy helps : 141 141 151 165 164 165 
degeneracy worse : 106 106 126 261 394 464 
SCL #err deg : 387 / 8400
SCL #err weighted degeneracy : 348 348 358 485 619 690 
degeneracy helps : 146 146 156 168 167 167 
degeneracy worse : 107 107 127 266 399 470 
SCL #err deg : 387 / 8500
SCL #err weighted degeneracy : 348 348 358 486 622 697 
degeneracy helps : 146 146 156 168 167 167 
degeneracy worse : 107 107 127 267 402 477 
SCL #err deg : 393 / 8600
SCL #err weighted degeneracy : 352 352 362 492 632 707 
degeneracy helps : 149 149 159 170 169 170 
degeneracy worse : 108 108 128 269 408 484 
SCL #err deg : 402 / 8700
SCL #err weighted degeneracy : 358 358 369 502 645 721 
degeneracy helps : 152 152 162 173 172 173 
degeneracy worse : 108 108 129 273 415 492 
SCL #err deg : 405 / 8800
SCL #err weighted degeneracy : 362 362 374 508 653 729 
degeneracy helps : 153 153 163 174 173 174 
degeneracy worse : 110 110 132 277 421 498 
SCL #err deg : 406 / 8900
SCL #err weighted degeneracy : 363 363 375 509 656 734 
degeneracy helps : 153 153 163 174 173 174 
degeneracy worse : 110 110 132 277 423 502 
SCL #err deg : 410 / 9000
SCL #err weighted degeneracy : 368 368 378 512 662 739 
degeneracy helps : 154 154 165 176 175 176 
degeneracy worse : 112 112 133 278 427 505 
SCL #err deg : 413 / 9100
SCL #err weighted degeneracy : 370 370 380 516 666 746 
degeneracy helps : 156 156 167 178 177 178 
degeneracy worse : 113 113 134 281 430 511 
SCL #err deg : 419 / 9200
SCL #err weighted degeneracy : 375 375 387 523 674 756 
degeneracy helps : 158 158 168 179 178 179 
degeneracy worse : 114 114 136 283 433 516 
SCL #err deg : 423 / 9300
SCL #err weighted degeneracy : 380 380 392 528 680 764 
degeneracy helps : 160 160 170 181 180 181 
degeneracy worse : 117 117 139 286 437 522 
SCL #err deg : 427 / 9400
SCL #err weighted degeneracy : 383 383 394 530 683 768 
degeneracy helps : 161 161 172 183 183 184 
degeneracy worse : 117 117 139 286 439 525 
SCL #err deg : 433 / 9500
SCL #err weighted degeneracy : 389 389 399 535 688 775 
degeneracy helps : 162 162 174 185 186 187 
degeneracy worse : 118 118 140 287 441 529 
SCL #err deg : 436 / 9600
SCL #err weighted degeneracy : 392 392 402 540 694 781 
degeneracy helps : 162 162 174 185 186 187 
degeneracy worse : 118 118 140 289 444 532 
SCL #err deg : 443 / 9700
SCL #err weighted degeneracy : 397 397 408 548 703 791 
degeneracy helps : 166 166 177 187 187 187 
degeneracy worse : 120 120 142 292 447 535 
SCL #err deg : 449 / 9800
SCL #err weighted degeneracy : 405 405 416 556 710 799 
degeneracy helps : 167 167 178 188 189 189 
degeneracy worse : 123 123 145 295 450 539 
SCL #err deg : 457 / 9900
SCL #err weighted degeneracy : 414 414 425 565 720 811 
degeneracy helps : 168 168 179 189 190 190 
degeneracy worse : 125 125 147 297 453 544 
SCL #err deg : 460 / 10000
SCL #err weighted degeneracy : 420 420 431 573 732 824 
degeneracy helps : 168 168 179 189 190 190 
degeneracy worse : 128 128 150 302 462 554 
average #flips: 40.9589
SCL #err considering degeneracy: 460
error due to equal 294
error due to SCL smaller 163
Finish in 5190 s
