Simulation Polar syndrome FASTER N=512, K=257, l=128, pz=0.18, #samples=10000, seed=7348
HPW construction
Event generator random seed: 7348
SCL #err deg : 70 / 100
SCL #err weighted degeneracy : 75 75 75 74 76 76 
degeneracy helps : 4 4 4 7 6 8 
degeneracy worse : 9 9 9 11 12 14 
SCL #err deg : 142 / 200
SCL #err weighted degeneracy : 146 147 147 150 154 158 
degeneracy helps : 15 13 15 15 14 13 
degeneracy worse : 19 18 20 23 26 29 
SCL #err deg : 227 / 300
SCL #err weighted degeneracy : 224 225 229 235 240 242 
degeneracy helps : 25 23 24 23 21 21 
degeneracy worse : 22 21 26 31 34 36 
SCL #err deg : 297 / 400
SCL #err weighted degeneracy : 297 298 302 308 312 312 
degeneracy helps : 33 32 32 32 31 32 
degeneracy worse : 33 33 37 43 46 47 
SCL #err deg : 373 / 500
SCL #err weighted degeneracy : 369 369 376 381 385 386 
degeneracy helps : 47 46 44 45 45 45 
degeneracy worse : 43 42 47 53 57 58 
SCL #err deg : 446 / 600
SCL #err weighted degeneracy : 435 436 441 447 451 453 
degeneracy helps : 61 59 59 59 60 59 
degeneracy worse : 50 49 54 60 65 66 
SCL #err deg : 518 / 700
SCL #err weighted degeneracy : 507 507 513 518 524 527 
degeneracy helps : 72 70 69 72 71 68 
degeneracy worse : 61 59 64 72 77 77 
SCL #err deg : 598 / 800
SCL #err weighted degeneracy : 586 585 594 597 602 603 
degeneracy helps : 80 78 76 81 81 79 
degeneracy worse : 68 65 72 80 85 84 
SCL #err deg : 667 / 900
SCL #err weighted degeneracy : 659 657 666 665 675 671 
degeneracy helps : 88 87 85 93 91 92 
degeneracy worse : 80 77 84 91 99 96 
SCL #err deg : 744 / 1000
SCL #err weighted degeneracy : 737 735 746 744 752 745 
degeneracy helps : 93 92 90 99 99 103 
degeneracy worse : 86 83 92 99 107 104 
SCL #err deg : 817 / 1100
SCL #err weighted degeneracy : 813 810 822 814 820 812 
degeneracy helps : 102 100 100 113 116 123 
degeneracy worse : 98 93 105 110 119 118 
SCL #err deg : 890 / 1200
SCL #err weighted degeneracy : 886 884 894 887 890 882 
degeneracy helps : 109 106 109 122 128 135 
degeneracy worse : 105 100 113 119 128 127 
SCL #err deg : 966 / 1300
SCL #err weighted degeneracy : 962 960 971 965 972 964 
degeneracy helps : 116 113 115 129 135 144 
degeneracy worse : 112 107 120 128 141 142 
SCL #err deg : 1041 / 1400
SCL #err weighted degeneracy : 1041 1037 1050 1044 1050 1042 
degeneracy helps : 124 121 123 138 145 153 
degeneracy worse : 124 117 132 141 154 154 
SCL #err deg : 1121 / 1500
SCL #err weighted degeneracy : 1118 1113 1129 1124 1129 1121 
degeneracy helps : 134 132 133 148 156 163 
degeneracy worse : 131 124 141 151 164 163 
SCL #err deg : 1196 / 1600
SCL #err weighted degeneracy : 1191 1186 1202 1198 1206 1195 
degeneracy helps : 143 141 143 158 165 174 
degeneracy worse : 138 131 149 160 175 173 
SCL #err deg : 1274 / 1700
SCL #err weighted degeneracy : 1267 1263 1281 1275 1288 1278 
degeneracy helps : 156 154 155 172 178 187 
degeneracy worse : 149 143 162 173 192 191 
SCL #err deg : 1346 / 1800
SCL #err weighted degeneracy : 1338 1333 1352 1348 1361 1347 
degeneracy helps : 162 160 161 180 186 199 
degeneracy worse : 154 147 167 182 201 200 
SCL #err deg : 1424 / 1900
SCL #err weighted degeneracy : 1412 1406 1427 1426 1439 1426 
degeneracy helps : 174 172 172 189 196 208 
degeneracy worse : 162 154 175 191 211 210 
SCL #err deg : 1492 / 2000
SCL #err weighted degeneracy : 1484 1477 1502 1499 1513 1500 
degeneracy helps : 178 177 177 195 201 213 
degeneracy worse : 171 162 187 202 222 221 
SCL #err deg : 1558 / 2100
SCL #err weighted degeneracy : 1553 1548 1571 1570 1583 1571 
degeneracy helps : 187 185 186 203 210 222 
degeneracy worse : 183 175 199 215 235 235 
SCL #err deg : 1629 / 2200
SCL #err weighted degeneracy : 1626 1623 1646 1648 1662 1647 
degeneracy helps : 196 193 195 213 219 233 
degeneracy worse : 194 187 212 232 252 251 
SCL #err deg : 1694 / 2300
SCL #err weighted degeneracy : 1698 1694 1716 1719 1734 1721 
degeneracy helps : 201 198 202 219 224 236 
degeneracy worse : 206 198 224 244 264 263 
SCL #err deg : 1773 / 2400
SCL #err weighted degeneracy : 1778 1776 1797 1801 1818 1802 
degeneracy helps : 209 204 210 226 230 245 
degeneracy worse : 215 207 234 254 275 274 
SCL #err deg : 1846 / 2500
SCL #err weighted degeneracy : 1845 1843 1866 1872 1889 1876 
degeneracy helps : 223 218 222 240 244 259 
degeneracy worse : 223 215 242 266 287 289 
SCL #err deg : 1922 / 2600
SCL #err weighted degeneracy : 1918 1916 1941 1947 1966 1952 
degeneracy helps : 233 228 231 249 253 270 
degeneracy worse : 230 222 250 274 297 300 
SCL #err deg : 1993 / 2700
SCL #err weighted degeneracy : 1992 1990 2014 2022 2040 2027 
degeneracy helps : 240 234 238 255 260 277 
degeneracy worse : 240 231 259 284 307 311 
SCL #err deg : 2061 / 2800
SCL #err weighted degeneracy : 2062 2062 2086 2094 2111 2099 
degeneracy helps : 248 242 247 264 271 288 
degeneracy worse : 250 243 272 297 321 326 
SCL #err deg : 2128 / 2900
SCL #err weighted degeneracy : 2137 2138 2162 2170 2187 2177 
degeneracy helps : 255 249 254 272 279 295 
degeneracy worse : 265 259 288 314 338 344 
SCL #err deg : 2208 / 3000
SCL #err weighted degeneracy : 2216 2218 2240 2247 2261 2252 
degeneracy helps : 264 258 264 283 294 309 
degeneracy worse : 273 268 296 322 347 353 
SCL #err deg : 2287 / 3100
SCL #err weighted degeneracy : 2299 2301 2321 2328 2340 2330 
degeneracy helps : 270 264 271 291 303 319 
degeneracy worse : 283 278 305 332 356 362 
SCL #err deg : 2357 / 3200
SCL #err weighted degeneracy : 2362 2365 2381 2395 2408 2399 
degeneracy helps : 286 278 288 306 318 334 
degeneracy worse : 292 286 312 344 369 376 
SCL #err deg : 2428 / 3300
SCL #err weighted degeneracy : 2433 2438 2453 2471 2487 2477 
degeneracy helps : 297 288 299 318 328 345 
degeneracy worse : 303 298 324 361 387 394 
SCL #err deg : 2501 / 3400
SCL #err weighted degeneracy : 2501 2506 2524 2539 2556 2546 
degeneracy helps : 308 299 311 334 344 361 
degeneracy worse : 309 304 334 372 399 406 
SCL #err deg : 2576 / 3500
SCL #err weighted degeneracy : 2582 2587 2605 2619 2635 2624 
degeneracy helps : 312 303 314 337 348 366 
degeneracy worse : 319 314 343 380 407 414 
SCL #err deg : 2649 / 3600
SCL #err weighted degeneracy : 2661 2666 2684 2699 2713 2700 
degeneracy helps : 320 311 322 345 358 377 
degeneracy worse : 333 328 357 395 422 428 
SCL #err deg : 2719 / 3700
SCL #err weighted degeneracy : 2735 2741 2757 2769 2783 2772 
degeneracy helps : 330 320 332 358 371 389 
degeneracy worse : 347 342 370 408 435 442 
SCL #err deg : 2789 / 3800
SCL #err weighted degeneracy : 2809 2814 2832 2842 2855 2846 
degeneracy helps : 338 329 340 369 383 399 
degeneracy worse : 359 354 383 422 449 456 
SCL #err deg : 2859 / 3900
SCL #err weighted degeneracy : 2883 2890 2907 2918 2929 2921 
degeneracy helps : 344 334 346 375 391 410 
degeneracy worse : 369 365 394 434 461 472 
SCL #err deg : 2927 / 4000
SCL #err weighted degeneracy : 2951 2957 2974 2982 2991 2985 
degeneracy helps : 356 346 359 391 407 425 
degeneracy worse : 381 376 406 446 471 483 
SCL #err deg : 3006 / 4100
SCL #err weighted degeneracy : 3028 3035 3047 3055 3063 3057 
degeneracy helps : 366 355 372 404 421 439 
degeneracy worse : 389 384 413 453 478 490 
SCL #err deg : 3086 / 4200
SCL #err weighted degeneracy : 3103 3110 3123 3132 3140 3132 
degeneracy helps : 376 365 381 414 432 451 
degeneracy worse : 394 389 418 460 486 497 
SCL #err deg : 3163 / 4300
SCL #err weighted degeneracy : 3176 3181 3195 3208 3214 3209 
degeneracy helps : 388 378 396 428 448 465 
degeneracy worse : 402 396 428 473 499 511 
SCL #err deg : 3226 / 4400
SCL #err weighted degeneracy : 3243 3251 3263 3276 3283 3278 
degeneracy helps : 396 385 406 440 458 478 
degeneracy worse : 414 410 443 490 515 530 
SCL #err deg : 3305 / 4500
SCL #err weighted degeneracy : 3324 3331 3344 3355 3362 3359 
degeneracy helps : 404 393 414 450 468 488 
degeneracy worse : 424 419 453 500 525 542 
SCL #err deg : 3379 / 4600
SCL #err weighted degeneracy : 3397 3403 3418 3427 3436 3432 
degeneracy helps : 414 403 425 464 481 503 
degeneracy worse : 433 427 464 512 538 556 
SCL #err deg : 3451 / 4700
SCL #err weighted degeneracy : 3466 3469 3488 3497 3506 3504 
degeneracy helps : 423 413 434 475 493 513 
degeneracy worse : 439 431 471 521 548 566 
SCL #err deg : 3529 / 4800
SCL #err weighted degeneracy : 3544 3546 3571 3579 3589 3586 
degeneracy helps : 432 424 441 483 501 521 
degeneracy worse : 448 441 483 533 561 578 
SCL #err deg : 3593 / 4900
SCL #err weighted degeneracy : 3610 3611 3637 3650 3661 3660 
degeneracy helps : 442 435 452 493 512 531 
degeneracy worse : 460 453 496 550 580 598 
SCL #err deg : 3662 / 5000
SCL #err weighted degeneracy : 3678 3678 3703 3716 3731 3731 
degeneracy helps : 452 446 464 505 522 541 
degeneracy worse : 469 462 505 559 591 610 
SCL #err deg : 3731 / 5100
SCL #err weighted degeneracy : 3750 3750 3778 3792 3806 3804 
degeneracy helps : 462 456 473 512 529 549 
degeneracy worse : 482 475 520 573 604 622 
SCL #err deg : 3808 / 5200
SCL #err weighted degeneracy : 3829 3828 3854 3867 3885 3880 
degeneracy helps : 469 463 481 523 538 559 
degeneracy worse : 491 483 527 582 615 631 
SCL #err deg : 3876 / 5300
SCL #err weighted degeneracy : 3908 3907 3934 3949 3967 3960 
degeneracy helps : 473 466 485 527 542 563 
degeneracy worse : 506 497 543 600 633 647 
SCL #err deg : 3953 / 5400
SCL #err weighted degeneracy : 3981 3980 4006 4021 4040 4033 
degeneracy helps : 482 475 495 539 553 574 
degeneracy worse : 511 502 548 607 640 654 
SCL #err deg : 4024 / 5500
SCL #err weighted degeneracy : 4058 4055 4082 4097 4116 4109 
degeneracy helps : 488 482 501 546 558 580 
degeneracy worse : 523 513 559 619 650 665 
SCL #err deg : 4105 / 5600
SCL #err weighted degeneracy : 4132 4130 4159 4177 4195 4187 
degeneracy helps : 503 496 514 556 569 592 
degeneracy worse : 531 521 568 628 659 674 
SCL #err deg : 4188 / 5700
SCL #err weighted degeneracy : 4210 4210 4239 4258 4274 4268 
degeneracy helps : 515 507 526 568 582 604 
degeneracy worse : 538 529 577 638 668 684 
SCL #err deg : 4259 / 5800
SCL #err weighted degeneracy : 4283 4281 4314 4333 4347 4340 
degeneracy helps : 523 515 535 580 596 619 
degeneracy worse : 548 537 590 654 684 700 
SCL #err deg : 4330 / 5900
SCL #err weighted degeneracy : 4355 4352 4385 4401 4416 4409 
degeneracy helps : 531 523 544 592 609 630 
degeneracy worse : 557 545 599 663 695 709 
SCL #err deg : 4398 / 6000
SCL #err weighted degeneracy : 4429 4429 4458 4471 4489 4482 
degeneracy helps : 541 531 554 603 619 641 
degeneracy worse : 573 562 614 676 710 725 
SCL #err deg : 4474 / 6100
SCL #err weighted degeneracy : 4506 4506 4535 4545 4564 4555 
degeneracy helps : 547 537 561 612 628 652 
degeneracy worse : 580 569 622 683 718 733 
SCL #err deg : 4552 / 6200
SCL #err weighted degeneracy : 4580 4581 4608 4621 4641 4631 
degeneracy helps : 558 548 572 621 636 662 
degeneracy worse : 587 577 628 690 725 741 
SCL #err deg : 4628 / 6300
SCL #err weighted degeneracy : 4653 4653 4683 4695 4715 4704 
degeneracy helps : 571 561 584 634 651 678 
degeneracy worse : 597 586 639 701 738 754 
SCL #err deg : 4704 / 6400
SCL #err weighted degeneracy : 4731 4732 4760 4773 4794 4782 
degeneracy helps : 579 568 593 644 658 686 
degeneracy worse : 607 596 649 713 748 764 
SCL #err deg : 4778 / 6500
SCL #err weighted degeneracy : 4804 4803 4834 4845 4868 4856 
degeneracy helps : 587 577 601 655 670 697 
degeneracy worse : 614 602 657 722 760 775 
SCL #err deg : 4856 / 6600
SCL #err weighted degeneracy : 4876 4877 4906 4915 4936 4925 
degeneracy helps : 597 586 611 669 687 713 
degeneracy worse : 618 607 661 728 767 782 
SCL #err deg : 4934 / 6700
SCL #err weighted degeneracy : 4953 4953 4983 4994 5015 5004 
degeneracy helps : 606 596 619 676 695 722 
degeneracy worse : 626 615 668 736 776 792 
SCL #err deg : 5010 / 6800
SCL #err weighted degeneracy : 5023 5023 5055 5065 5086 5076 
degeneracy helps : 619 609 631 689 707 733 
degeneracy worse : 633 622 676 744 783 799 
SCL #err deg : 5080 / 6900
SCL #err weighted degeneracy : 5088 5089 5122 5133 5151 5141 
degeneracy helps : 633 622 645 703 723 750 
degeneracy worse : 642 631 687 756 794 811 
SCL #err deg : 5151 / 7000
SCL #err weighted degeneracy : 5154 5154 5188 5199 5220 5210 
degeneracy helps : 645 635 656 716 738 766 
degeneracy worse : 649 638 693 764 807 825 
SCL #err deg : 5223 / 7100
SCL #err weighted degeneracy : 5224 5227 5255 5269 5290 5276 
degeneracy helps : 658 645 671 730 752 783 
degeneracy worse : 660 649 703 776 819 836 
SCL #err deg : 5300 / 7200
SCL #err weighted degeneracy : 5302 5304 5333 5349 5369 5356 
degeneracy helps : 667 655 680 739 763 793 
degeneracy worse : 670 659 713 788 832 849 
SCL #err deg : 5371 / 7300
SCL #err weighted degeneracy : 5379 5383 5409 5425 5443 5428 
degeneracy helps : 674 661 689 748 773 805 
degeneracy worse : 683 673 727 802 845 862 
SCL #err deg : 5448 / 7400
SCL #err weighted degeneracy : 5456 5461 5486 5502 5520 5508 
degeneracy helps : 683 670 698 760 786 817 
degeneracy worse : 692 683 736 814 858 877 
SCL #err deg : 5520 / 7500
SCL #err weighted degeneracy : 5533 5535 5563 5580 5596 5587 
degeneracy helps : 687 675 703 766 794 823 
degeneracy worse : 701 690 746 826 870 890 
SCL #err deg : 5589 / 7600
SCL #err weighted degeneracy : 5603 5605 5634 5652 5664 5657 
degeneracy helps : 695 683 710 775 806 834 
degeneracy worse : 710 699 755 838 881 902 
SCL #err deg : 5659 / 7700
SCL #err weighted degeneracy : 5678 5681 5711 5723 5733 5726 
degeneracy helps : 701 689 716 783 814 842 
degeneracy worse : 721 711 768 847 888 909 
SCL #err deg : 5741 / 7800
SCL #err weighted degeneracy : 5758 5761 5792 5804 5815 5808 
degeneracy helps : 710 697 724 791 823 852 
degeneracy worse : 728 717 775 854 897 919 
SCL #err deg : 5814 / 7900
SCL #err weighted degeneracy : 5837 5841 5870 5884 5893 5883 
degeneracy helps : 716 702 730 796 829 859 
degeneracy worse : 740 729 786 866 908 928 
SCL #err deg : 5893 / 8000
SCL #err weighted degeneracy : 5909 5912 5942 5958 5965 5959 
degeneracy helps : 729 716 744 809 844 870 
degeneracy worse : 746 735 793 874 916 936 
SCL #err deg : 5964 / 8100
SCL #err weighted degeneracy : 5977 5981 6008 6029 6035 6030 
degeneracy helps : 741 728 756 820 855 881 
degeneracy worse : 755 745 800 885 926 947 
SCL #err deg : 6037 / 8200
SCL #err weighted degeneracy : 6052 6056 6084 6103 6111 6106 
degeneracy helps : 748 735 764 831 866 892 
degeneracy worse : 764 754 811 897 940 961 
SCL #err deg : 6108 / 8300
SCL #err weighted degeneracy : 6124 6130 6157 6175 6185 6181 
degeneracy helps : 755 740 770 839 873 900 
degeneracy worse : 772 762 819 906 950 973 
SCL #err deg : 6178 / 8400
SCL #err weighted degeneracy : 6193 6201 6223 6246 6258 6255 
degeneracy helps : 765 748 782 851 884 911 
degeneracy worse : 781 771 827 919 964 988 
SCL #err deg : 6248 / 8500
SCL #err weighted degeneracy : 6272 6281 6300 6319 6326 6326 
degeneracy helps : 772 754 790 861 899 924 
degeneracy worse : 797 787 842 932 977 1002 
SCL #err deg : 6322 / 8600
SCL #err weighted degeneracy : 6346 6354 6377 6396 6401 6402 
degeneracy helps : 780 764 798 870 911 936 
degeneracy worse : 805 796 853 944 990 1016 
SCL #err deg : 6390 / 8700
SCL #err weighted degeneracy : 6417 6423 6447 6470 6476 6477 
degeneracy helps : 787 772 806 878 920 944 
degeneracy worse : 815 805 863 958 1006 1031 
SCL #err deg : 6463 / 8800
SCL #err weighted degeneracy : 6493 6498 6523 6539 6545 6549 
degeneracy helps : 796 781 815 893 934 956 
degeneracy worse : 827 816 875 969 1016 1042 
SCL #err deg : 6540 / 8900
SCL #err weighted degeneracy : 6570 6574 6598 6616 6622 6624 
degeneracy helps : 803 789 824 904 944 967 
degeneracy worse : 834 823 882 980 1026 1051 
SCL #err deg : 6617 / 9000
SCL #err weighted degeneracy : 6648 6654 6675 6695 6701 6702 
degeneracy helps : 809 795 831 910 950 976 
degeneracy worse : 841 832 889 988 1034 1061 
SCL #err deg : 6695 / 9100
SCL #err weighted degeneracy : 6727 6733 6754 6775 6782 6779 
degeneracy helps : 818 804 841 921 960 989 
degeneracy worse : 851 842 900 1001 1047 1073 
SCL #err deg : 6766 / 9200
SCL #err weighted degeneracy : 6803 6809 6830 6853 6861 6859 
degeneracy helps : 827 812 850 928 968 997 
degeneracy worse : 865 855 914 1015 1063 1090 
SCL #err deg : 6840 / 9300
SCL #err weighted degeneracy : 6885 6891 6913 6933 6944 6943 
degeneracy helps : 830 815 853 934 973 1003 
degeneracy worse : 876 866 926 1027 1077 1106 
SCL #err deg : 6914 / 9400
SCL #err weighted degeneracy : 6962 6967 6989 7011 7019 7019 
degeneracy helps : 836 822 860 944 984 1015 
degeneracy worse : 885 875 935 1041 1089 1120 
SCL #err deg : 6989 / 9500
SCL #err weighted degeneracy : 7034 7038 7063 7086 7094 7095 
degeneracy helps : 844 831 867 951 991 1023 
degeneracy worse : 890 880 941 1048 1096 1129 
SCL #err deg : 7066 / 9600
SCL #err weighted degeneracy : 7115 7118 7143 7167 7175 7176 
degeneracy helps : 849 836 873 958 998 1031 
degeneracy worse : 899 888 950 1059 1107 1141 
SCL #err deg : 7138 / 9700
SCL #err weighted degeneracy : 7186 7189 7214 7237 7243 7245 
degeneracy helps : 859 846 883 967 1010 1043 
degeneracy worse : 908 897 959 1066 1115 1150 
SCL #err deg : 7211 / 9800
SCL #err weighted degeneracy : 7256 7257 7285 7312 7320 7321 
degeneracy helps : 871 859 893 975 1018 1052 
degeneracy worse : 917 905 967 1076 1127 1162 
SCL #err deg : 7287 / 9900
SCL #err weighted degeneracy : 7331 7332 7361 7385 7393 7392 
degeneracy helps : 880 868 902 987 1031 1068 
degeneracy worse : 925 913 976 1085 1137 1173 
SCL #err deg : 7366 / 10000
SCL #err weighted degeneracy : 7407 7408 7438 7462 7468 7465 
degeneracy helps : 888 876 910 996 1041 1079 
degeneracy worse : 930 918 982 1092 1143 1178 
average #flips: 92.0474
SCL #err considering degeneracy: 7366
error due to equal 0
error due to SCL smaller 7366
Finish in 5095 s
