Simulation Polar syndrome FASTER N=2048, K=1025, l=128, pz=0.109, #samples=10000, seed=7348
PW construction
Event generator random seed: 7348
SCL #err deg : 42 / 100
SCL #err weighted degeneracy : 42 42 45 46 46 47 
degeneracy helps : 5 5 5 5 5 5 
degeneracy worse : 5 5 8 9 9 10 
SCL #err deg : 83 / 200
SCL #err weighted degeneracy : 80 80 83 85 85 85 
degeneracy helps : 9 9 11 10 10 11 
degeneracy worse : 6 6 11 12 12 13 
SCL #err deg : 128 / 300
SCL #err weighted degeneracy : 123 123 126 127 127 127 
degeneracy helps : 13 13 15 15 15 16 
degeneracy worse : 8 8 13 14 14 15 
SCL #err deg : 173 / 400
SCL #err weighted degeneracy : 166 166 169 170 170 170 
degeneracy helps : 20 20 23 23 23 24 
degeneracy worse : 13 13 19 20 20 21 
SCL #err deg : 209 / 500
SCL #err weighted degeneracy : 202 202 204 203 203 203 
degeneracy helps : 20 20 24 26 26 27 
degeneracy worse : 13 13 19 20 20 21 
SCL #err deg : 249 / 600
SCL #err weighted degeneracy : 241 241 243 241 242 242 
degeneracy helps : 25 25 29 32 31 32 
degeneracy worse : 17 17 23 24 24 25 
SCL #err deg : 289 / 700
SCL #err weighted degeneracy : 281 281 283 281 282 282 
degeneracy helps : 31 31 35 38 37 38 
degeneracy worse : 23 23 29 30 30 31 
SCL #err deg : 332 / 800
SCL #err weighted degeneracy : 330 330 330 326 327 327 
degeneracy helps : 32 32 38 42 41 42 
degeneracy worse : 30 30 36 36 36 37 
SCL #err deg : 369 / 900
SCL #err weighted degeneracy : 368 369 369 365 366 366 
degeneracy helps : 36 35 42 46 45 46 
degeneracy worse : 35 35 42 42 42 43 
SCL #err deg : 406 / 1000
SCL #err weighted degeneracy : 408 409 409 405 405 405 
degeneracy helps : 39 38 45 49 49 50 
degeneracy worse : 41 41 48 48 48 49 
SCL #err deg : 447 / 1100
SCL #err weighted degeneracy : 450 451 451 448 448 448 
degeneracy helps : 41 40 47 51 51 52 
degeneracy worse : 44 44 51 52 52 53 
SCL #err deg : 486 / 1200
SCL #err weighted degeneracy : 485 486 485 482 482 482 
degeneracy helps : 49 48 55 59 59 60 
degeneracy worse : 48 48 54 55 55 56 
SCL #err deg : 523 / 1300
SCL #err weighted degeneracy : 523 524 523 520 519 519 
degeneracy helps : 53 52 59 63 64 65 
degeneracy worse : 53 53 59 60 60 61 
SCL #err deg : 563 / 1400
SCL #err weighted degeneracy : 564 565 564 561 561 560 
degeneracy helps : 60 59 66 70 70 71 
degeneracy worse : 61 61 67 68 68 68 
SCL #err deg : 600 / 1500
SCL #err weighted degeneracy : 604 605 605 601 601 600 
degeneracy helps : 60 59 66 72 72 73 
degeneracy worse : 64 64 71 73 73 73 
SCL #err deg : 647 / 1600
SCL #err weighted degeneracy : 647 648 647 641 641 640 
degeneracy helps : 66 65 73 81 81 82 
degeneracy worse : 66 66 73 75 75 75 
SCL #err deg : 693 / 1700
SCL #err weighted degeneracy : 689 690 688 681 681 679 
degeneracy helps : 72 71 80 89 89 91 
degeneracy worse : 68 68 75 77 77 77 
SCL #err deg : 727 / 1800
SCL #err weighted degeneracy : 720 721 719 712 711 710 
degeneracy helps : 78 77 87 96 96 98 
degeneracy worse : 71 71 79 81 80 81 
SCL #err deg : 762 / 1900
SCL #err weighted degeneracy : 762 763 760 753 752 751 
degeneracy helps : 79 78 88 97 97 99 
degeneracy worse : 79 79 86 88 87 88 
SCL #err deg : 796 / 2000
SCL #err weighted degeneracy : 795 796 792 785 785 784 
degeneracy helps : 85 84 94 103 103 105 
degeneracy worse : 84 84 90 92 92 93 
SCL #err deg : 838 / 2100
SCL #err weighted degeneracy : 837 838 836 829 829 827 
degeneracy helps : 88 87 98 107 107 110 
degeneracy worse : 87 87 96 98 98 99 
SCL #err deg : 879 / 2200
SCL #err weighted degeneracy : 883 884 878 871 871 867 
degeneracy helps : 91 90 105 114 114 119 
degeneracy worse : 95 95 104 106 106 107 
SCL #err deg : 929 / 2300
SCL #err weighted degeneracy : 930 933 924 916 915 911 
degeneracy helps : 96 93 111 121 122 127 
degeneracy worse : 97 97 106 108 108 109 
SCL #err deg : 969 / 2400
SCL #err weighted degeneracy : 971 974 965 956 955 951 
degeneracy helps : 99 96 115 126 128 133 
degeneracy worse : 101 101 111 113 114 115 
SCL #err deg : 1014 / 2500
SCL #err weighted degeneracy : 1013 1016 1008 999 999 995 
degeneracy helps : 104 101 120 133 134 139 
degeneracy worse : 103 103 114 118 119 120 
SCL #err deg : 1043 / 2600
SCL #err weighted degeneracy : 1043 1046 1037 1028 1028 1024 
degeneracy helps : 107 104 124 137 138 143 
degeneracy worse : 107 107 118 122 123 124 
SCL #err deg : 1086 / 2700
SCL #err weighted degeneracy : 1081 1084 1074 1066 1066 1060 
degeneracy helps : 114 111 133 146 147 152 
degeneracy worse : 109 109 121 126 127 126 
SCL #err deg : 1120 / 2800
SCL #err weighted degeneracy : 1117 1120 1109 1101 1101 1094 
degeneracy helps : 115 112 135 148 149 155 
degeneracy worse : 112 112 124 129 130 129 
SCL #err deg : 1163 / 2900
SCL #err weighted degeneracy : 1165 1168 1157 1147 1146 1138 
degeneracy helps : 117 114 138 152 153 159 
degeneracy worse : 119 119 132 136 136 134 
SCL #err deg : 1208 / 3000
SCL #err weighted degeneracy : 1208 1211 1199 1188 1186 1177 
degeneracy helps : 122 119 144 159 161 167 
degeneracy worse : 122 122 135 139 139 136 
SCL #err deg : 1254 / 3100
SCL #err weighted degeneracy : 1251 1254 1242 1231 1228 1218 
degeneracy helps : 126 123 149 164 167 174 
degeneracy worse : 123 123 137 141 141 138 
SCL #err deg : 1303 / 3200
SCL #err weighted degeneracy : 1295 1298 1287 1276 1273 1264 
degeneracy helps : 131 128 155 170 173 180 
degeneracy worse : 123 123 139 143 143 141 
SCL #err deg : 1335 / 3300
SCL #err weighted degeneracy : 1326 1329 1317 1307 1304 1295 
degeneracy helps : 136 133 161 176 179 186 
degeneracy worse : 127 127 143 148 148 146 
SCL #err deg : 1375 / 3400
SCL #err weighted degeneracy : 1364 1367 1356 1345 1341 1331 
degeneracy helps : 142 139 167 183 187 195 
degeneracy worse : 131 131 148 153 153 151 
SCL #err deg : 1406 / 3500
SCL #err weighted degeneracy : 1397 1400 1388 1376 1372 1362 
degeneracy helps : 147 144 172 188 192 201 
degeneracy worse : 138 138 154 158 158 157 
SCL #err deg : 1457 / 3600
SCL #err weighted degeneracy : 1450 1452 1439 1428 1423 1411 
degeneracy helps : 149 146 177 193 198 209 
degeneracy worse : 142 141 159 164 164 163 
SCL #err deg : 1493 / 3700
SCL #err weighted degeneracy : 1485 1487 1473 1464 1460 1449 
degeneracy helps : 153 150 182 197 202 212 
degeneracy worse : 145 144 162 168 169 168 
SCL #err deg : 1535 / 3800
SCL #err weighted degeneracy : 1524 1525 1511 1502 1498 1487 
degeneracy helps : 158 155 188 203 208 218 
degeneracy worse : 147 145 164 170 171 170 
SCL #err deg : 1578 / 3900
SCL #err weighted degeneracy : 1564 1565 1553 1544 1540 1530 
degeneracy helps : 162 159 191 206 211 221 
degeneracy worse : 148 146 166 172 173 173 
SCL #err deg : 1619 / 4000
SCL #err weighted degeneracy : 1600 1601 1589 1582 1577 1567 
degeneracy helps : 168 165 197 212 217 227 
degeneracy worse : 149 147 167 175 175 175 
SCL #err deg : 1669 / 4100
SCL #err weighted degeneracy : 1647 1648 1638 1630 1627 1617 
degeneracy helps : 173 170 203 218 222 232 
degeneracy worse : 151 149 172 179 180 180 
SCL #err deg : 1708 / 4200
SCL #err weighted degeneracy : 1682 1682 1674 1665 1662 1652 
degeneracy helps : 178 175 208 224 228 239 
degeneracy worse : 152 149 174 181 182 183 
SCL #err deg : 1749 / 4300
SCL #err weighted degeneracy : 1721 1721 1714 1704 1701 1691 
degeneracy helps : 183 180 213 229 233 244 
degeneracy worse : 155 152 178 184 185 186 
SCL #err deg : 1794 / 4400
SCL #err weighted degeneracy : 1766 1766 1757 1747 1744 1734 
degeneracy helps : 188 185 219 235 239 251 
degeneracy worse : 160 157 182 188 189 191 
SCL #err deg : 1821 / 4500
SCL #err weighted degeneracy : 1799 1799 1790 1781 1778 1769 
degeneracy helps : 191 188 222 238 242 254 
degeneracy worse : 169 166 191 198 199 202 
SCL #err deg : 1864 / 4600
SCL #err weighted degeneracy : 1838 1838 1827 1818 1815 1807 
degeneracy helps : 199 196 233 249 253 264 
degeneracy worse : 173 170 196 203 204 207 
SCL #err deg : 1901 / 4700
SCL #err weighted degeneracy : 1877 1877 1868 1859 1856 1848 
degeneracy helps : 202 199 237 253 257 268 
degeneracy worse : 178 175 204 211 212 215 
SCL #err deg : 1946 / 4800
SCL #err weighted degeneracy : 1926 1926 1918 1908 1905 1896 
degeneracy helps : 205 202 240 257 261 273 
degeneracy worse : 185 182 212 219 220 223 
SCL #err deg : 1990 / 4900
SCL #err weighted degeneracy : 1970 1970 1961 1951 1948 1938 
degeneracy helps : 208 205 244 261 265 278 
degeneracy worse : 188 185 215 222 223 226 
SCL #err deg : 2035 / 5000
SCL #err weighted degeneracy : 2017 2017 2007 1997 1994 1983 
degeneracy helps : 210 207 248 265 269 283 
degeneracy worse : 192 189 220 227 228 231 
SCL #err deg : 2073 / 5100
SCL #err weighted degeneracy : 2052 2052 2041 2031 2028 2015 
degeneracy helps : 215 212 255 273 277 293 
degeneracy worse : 194 191 223 231 232 235 
SCL #err deg : 2111 / 5200
SCL #err weighted degeneracy : 2092 2092 2082 2073 2069 2057 
degeneracy helps : 218 215 259 277 282 298 
degeneracy worse : 199 196 230 239 240 244 
SCL #err deg : 2154 / 5300
SCL #err weighted degeneracy : 2137 2137 2127 2117 2113 2100 
degeneracy helps : 221 218 262 281 286 303 
degeneracy worse : 204 201 235 244 245 249 
SCL #err deg : 2188 / 5400
SCL #err weighted degeneracy : 2169 2169 2160 2150 2146 2133 
degeneracy helps : 226 223 267 286 291 308 
degeneracy worse : 207 204 239 248 249 253 
SCL #err deg : 2232 / 5500
SCL #err weighted degeneracy : 2211 2211 2203 2194 2189 2176 
degeneracy helps : 230 227 271 290 296 313 
degeneracy worse : 209 206 242 252 253 257 
SCL #err deg : 2275 / 5600
SCL #err weighted degeneracy : 2253 2253 2244 2236 2231 2218 
degeneracy helps : 235 232 278 297 303 320 
degeneracy worse : 213 210 247 258 259 263 
SCL #err deg : 2316 / 5700
SCL #err weighted degeneracy : 2293 2293 2283 2273 2268 2254 
degeneracy helps : 240 237 283 303 309 327 
degeneracy worse : 217 214 250 260 261 265 
SCL #err deg : 2345 / 5800
SCL #err weighted degeneracy : 2324 2324 2314 2303 2298 2284 
degeneracy helps : 243 240 286 306 312 330 
degeneracy worse : 222 219 255 264 265 269 
SCL #err deg : 2388 / 5900
SCL #err weighted degeneracy : 2369 2369 2358 2348 2343 2330 
degeneracy helps : 247 244 290 309 315 333 
degeneracy worse : 228 225 260 269 270 275 
SCL #err deg : 2428 / 6000
SCL #err weighted degeneracy : 2406 2406 2394 2385 2380 2367 
degeneracy helps : 252 249 296 315 321 339 
degeneracy worse : 230 227 262 272 273 278 
SCL #err deg : 2468 / 6100
SCL #err weighted degeneracy : 2445 2445 2432 2423 2418 2405 
degeneracy helps : 259 256 303 322 328 346 
degeneracy worse : 236 233 267 277 278 283 
SCL #err deg : 2509 / 6200
SCL #err weighted degeneracy : 2485 2484 2472 2460 2455 2443 
degeneracy helps : 264 262 307 329 335 352 
degeneracy worse : 240 237 270 280 281 286 
SCL #err deg : 2545 / 6300
SCL #err weighted degeneracy : 2522 2520 2510 2498 2493 2480 
degeneracy helps : 267 265 310 332 338 356 
degeneracy worse : 244 240 275 285 286 291 
SCL #err deg : 2585 / 6400
SCL #err weighted degeneracy : 2562 2560 2549 2537 2531 2518 
degeneracy helps : 269 267 313 335 341 359 
degeneracy worse : 246 242 277 287 287 292 
SCL #err deg : 2628 / 6500
SCL #err weighted degeneracy : 2605 2603 2592 2580 2575 2562 
degeneracy helps : 272 270 316 338 344 362 
degeneracy worse : 249 245 280 290 291 296 
SCL #err deg : 2676 / 6600
SCL #err weighted degeneracy : 2657 2655 2643 2632 2627 2613 
degeneracy helps : 272 270 317 339 345 364 
degeneracy worse : 253 249 284 295 296 301 
SCL #err deg : 2716 / 6700
SCL #err weighted degeneracy : 2694 2692 2681 2670 2667 2653 
degeneracy helps : 279 277 324 346 351 370 
degeneracy worse : 257 253 289 300 302 307 
SCL #err deg : 2764 / 6800
SCL #err weighted degeneracy : 2742 2740 2728 2717 2715 2700 
degeneracy helps : 283 281 329 351 356 376 
degeneracy worse : 261 257 293 304 307 312 
SCL #err deg : 2794 / 6900
SCL #err weighted degeneracy : 2774 2772 2761 2750 2748 2732 
degeneracy helps : 283 281 329 351 356 376 
degeneracy worse : 263 259 296 307 310 314 
SCL #err deg : 2838 / 7000
SCL #err weighted degeneracy : 2819 2817 2804 2793 2791 2776 
degeneracy helps : 286 284 334 357 362 382 
degeneracy worse : 267 263 300 312 315 320 
SCL #err deg : 2874 / 7100
SCL #err weighted degeneracy : 2860 2858 2845 2833 2831 2815 
degeneracy helps : 287 285 335 358 363 383 
degeneracy worse : 273 269 306 317 320 324 
SCL #err deg : 2912 / 7200
SCL #err weighted degeneracy : 2897 2895 2881 2869 2869 2853 
degeneracy helps : 292 290 341 364 368 388 
degeneracy worse : 277 273 310 321 325 329 
SCL #err deg : 2960 / 7300
SCL #err weighted degeneracy : 2937 2935 2922 2911 2909 2893 
degeneracy helps : 301 299 350 373 379 399 
degeneracy worse : 278 274 312 324 328 332 
SCL #err deg : 2992 / 7400
SCL #err weighted degeneracy : 2969 2967 2955 2943 2941 2925 
degeneracy helps : 306 304 355 378 384 404 
degeneracy worse : 283 279 318 329 333 337 
SCL #err deg : 3028 / 7500
SCL #err weighted degeneracy : 3005 3003 2991 2979 2976 2962 
degeneracy helps : 311 309 360 383 389 408 
degeneracy worse : 288 284 323 334 337 342 
SCL #err deg : 3066 / 7600
SCL #err weighted degeneracy : 3043 3041 3029 3016 3014 2999 
degeneracy helps : 314 312 363 386 392 412 
degeneracy worse : 291 287 326 336 340 345 
SCL #err deg : 3107 / 7700
SCL #err weighted degeneracy : 3090 3088 3076 3061 3058 3045 
degeneracy helps : 315 313 365 388 395 415 
degeneracy worse : 298 294 334 342 346 353 
SCL #err deg : 3147 / 7800
SCL #err weighted degeneracy : 3128 3126 3115 3100 3097 3086 
degeneracy helps : 321 319 371 394 401 420 
degeneracy worse : 302 298 339 347 351 359 
SCL #err deg : 3198 / 7900
SCL #err weighted degeneracy : 3178 3176 3165 3150 3147 3135 
degeneracy helps : 327 325 376 399 406 426 
degeneracy worse : 307 303 343 351 355 363 
SCL #err deg : 3240 / 8000
SCL #err weighted degeneracy : 3219 3217 3206 3193 3190 3179 
degeneracy helps : 334 332 383 405 412 432 
degeneracy worse : 313 309 349 358 362 371 
SCL #err deg : 3283 / 8100
SCL #err weighted degeneracy : 3260 3258 3245 3231 3228 3217 
degeneracy helps : 338 336 389 412 419 439 
degeneracy worse : 315 311 351 360 364 373 
SCL #err deg : 3319 / 8200
SCL #err weighted degeneracy : 3296 3294 3281 3267 3264 3252 
degeneracy helps : 343 341 394 417 424 445 
degeneracy worse : 320 316 356 365 369 378 
SCL #err deg : 3359 / 8300
SCL #err weighted degeneracy : 3333 3331 3319 3306 3302 3290 
degeneracy helps : 347 345 398 422 430 451 
degeneracy worse : 321 317 358 369 373 382 
SCL #err deg : 3406 / 8400
SCL #err weighted degeneracy : 3371 3369 3358 3345 3341 3330 
degeneracy helps : 358 356 409 433 441 461 
degeneracy worse : 323 319 361 372 376 385 
SCL #err deg : 3445 / 8500
SCL #err weighted degeneracy : 3409 3407 3396 3383 3378 3367 
degeneracy helps : 365 363 417 441 450 470 
degeneracy worse : 329 325 368 379 383 392 
SCL #err deg : 3486 / 8600
SCL #err weighted degeneracy : 3445 3443 3433 3420 3415 3404 
degeneracy helps : 370 368 422 446 455 475 
degeneracy worse : 329 325 369 380 384 393 
SCL #err deg : 3535 / 8700
SCL #err weighted degeneracy : 3488 3487 3477 3464 3459 3448 
degeneracy helps : 380 377 432 456 465 485 
degeneracy worse : 333 329 374 385 389 398 
SCL #err deg : 3573 / 8800
SCL #err weighted degeneracy : 3522 3521 3511 3498 3494 3483 
degeneracy helps : 386 383 438 463 472 492 
degeneracy worse : 335 331 376 388 393 402 
SCL #err deg : 3618 / 8900
SCL #err weighted degeneracy : 3568 3567 3557 3545 3541 3531 
degeneracy helps : 389 386 442 467 476 496 
degeneracy worse : 339 335 381 394 399 409 
SCL #err deg : 3665 / 9000
SCL #err weighted degeneracy : 3616 3616 3603 3591 3587 3576 
degeneracy helps : 393 389 448 473 482 503 
degeneracy worse : 344 340 386 399 404 414 
SCL #err deg : 3709 / 9100
SCL #err weighted degeneracy : 3661 3660 3649 3637 3633 3620 
degeneracy helps : 397 393 451 477 486 508 
degeneracy worse : 349 344 391 405 410 419 
SCL #err deg : 3755 / 9200
SCL #err weighted degeneracy : 3704 3704 3691 3680 3676 3663 
degeneracy helps : 403 399 459 485 494 516 
degeneracy worse : 352 348 395 410 415 424 
SCL #err deg : 3797 / 9300
SCL #err weighted degeneracy : 3745 3746 3732 3721 3717 3704 
degeneracy helps : 406 402 462 488 497 519 
degeneracy worse : 354 351 397 412 417 426 
SCL #err deg : 3839 / 9400
SCL #err weighted degeneracy : 3786 3787 3775 3764 3760 3747 
degeneracy helps : 411 407 467 493 502 524 
degeneracy worse : 358 355 403 418 423 432 
SCL #err deg : 3884 / 9500
SCL #err weighted degeneracy : 3832 3833 3823 3810 3806 3791 
degeneracy helps : 418 414 474 501 510 534 
degeneracy worse : 366 363 413 427 432 441 
SCL #err deg : 3925 / 9600
SCL #err weighted degeneracy : 3870 3871 3862 3850 3846 3831 
degeneracy helps : 424 420 480 507 516 540 
degeneracy worse : 369 366 417 432 437 446 
SCL #err deg : 3965 / 9700
SCL #err weighted degeneracy : 3906 3907 3898 3886 3882 3867 
degeneracy helps : 431 427 487 514 523 547 
degeneracy worse : 372 369 420 435 440 449 
SCL #err deg : 4006 / 9800
SCL #err weighted degeneracy : 3944 3945 3935 3921 3917 3899 
degeneracy helps : 438 434 494 523 532 559 
degeneracy worse : 376 373 423 438 443 452 
SCL #err deg : 4050 / 9900
SCL #err weighted degeneracy : 3988 3989 3979 3964 3960 3942 
degeneracy helps : 439 435 497 527 536 563 
degeneracy worse : 377 374 426 441 446 455 
SCL #err deg : 4092 / 10000
SCL #err weighted degeneracy : 4027 4028 4018 4004 4000 3982 
degeneracy helps : 445 441 504 533 542 569 
degeneracy worse : 380 377 430 445 450 459 
average #flips: 223.365
SCL #err considering degeneracy: 4092
error due to equal 265
error due to SCL smaller 3579
Finish in 146350 s
