Simulation Polar syndrome FASTER N=1024, K=513, l=128, pz=0.106, #samples=10000, seed=7348
PW construction
Event generator random seed: 7348
SCL #err deg : 32 / 100
SCL #err weighted degeneracy : 35 35 38 36 36 36 
degeneracy helps : 1 1 1 2 2 2 
degeneracy worse : 4 4 7 6 6 6 
SCL #err deg : 67 / 200
SCL #err weighted degeneracy : 68 67 73 70 69 71 
degeneracy helps : 5 6 4 7 8 7 
degeneracy worse : 6 6 10 10 10 11 
SCL #err deg : 93 / 300
SCL #err weighted degeneracy : 94 92 100 96 96 98 
degeneracy helps : 9 11 7 11 11 10 
degeneracy worse : 10 10 14 14 14 15 
SCL #err deg : 121 / 400
SCL #err weighted degeneracy : 118 116 125 123 123 125 
degeneracy helps : 15 17 13 17 17 16 
degeneracy worse : 12 12 17 19 19 20 
SCL #err deg : 148 / 500
SCL #err weighted degeneracy : 148 146 154 153 153 155 
degeneracy helps : 19 21 17 20 20 20 
degeneracy worse : 19 19 23 25 25 27 
SCL #err deg : 172 / 600
SCL #err weighted degeneracy : 176 173 180 178 178 179 
degeneracy helps : 23 26 23 27 27 27 
degeneracy worse : 27 27 31 33 33 34 
SCL #err deg : 211 / 700
SCL #err weighted degeneracy : 211 208 216 213 211 212 
degeneracy helps : 30 33 29 34 36 36 
degeneracy worse : 30 30 34 36 36 37 
SCL #err deg : 246 / 800
SCL #err weighted degeneracy : 244 241 249 243 240 242 
degeneracy helps : 38 41 37 44 47 46 
degeneracy worse : 36 36 40 41 41 42 
SCL #err deg : 271 / 900
SCL #err weighted degeneracy : 267 264 272 266 263 267 
degeneracy helps : 43 46 42 49 52 51 
degeneracy worse : 39 39 43 44 44 47 
SCL #err deg : 297 / 1000
SCL #err weighted degeneracy : 293 290 298 291 290 294 
degeneracy helps : 45 48 44 52 55 54 
degeneracy worse : 41 41 45 46 48 51 
SCL #err deg : 330 / 1100
SCL #err weighted degeneracy : 323 320 328 322 319 323 
degeneracy helps : 50 53 50 57 62 61 
degeneracy worse : 43 43 48 49 51 54 
SCL #err deg : 358 / 1200
SCL #err weighted degeneracy : 349 346 354 352 350 354 
degeneracy helps : 55 58 56 61 65 64 
degeneracy worse : 46 46 52 55 57 60 
SCL #err deg : 385 / 1300
SCL #err weighted degeneracy : 373 370 379 375 374 380 
degeneracy helps : 61 64 62 68 71 68 
degeneracy worse : 49 49 56 58 60 63 
SCL #err deg : 412 / 1400
SCL #err weighted degeneracy : 404 401 410 404 403 409 
degeneracy helps : 63 66 65 72 75 72 
degeneracy worse : 55 55 63 64 66 69 
SCL #err deg : 445 / 1500
SCL #err weighted degeneracy : 435 432 442 436 436 443 
degeneracy helps : 70 73 72 79 81 79 
degeneracy worse : 60 60 69 70 72 77 
SCL #err deg : 469 / 1600
SCL #err weighted degeneracy : 459 456 466 460 461 468 
degeneracy helps : 73 76 77 84 86 84 
degeneracy worse : 63 63 74 75 78 83 
SCL #err deg : 500 / 1700
SCL #err weighted degeneracy : 482 479 490 484 486 493 
degeneracy helps : 82 85 86 93 94 92 
degeneracy worse : 64 64 76 77 80 85 
SCL #err deg : 520 / 1800
SCL #err weighted degeneracy : 499 496 504 497 500 508 
degeneracy helps : 89 92 96 103 104 102 
degeneracy worse : 68 68 80 80 84 90 
SCL #err deg : 553 / 1900
SCL #err weighted degeneracy : 529 526 534 526 530 539 
degeneracy helps : 93 96 100 109 110 108 
degeneracy worse : 69 69 81 82 87 94 
SCL #err deg : 581 / 2000
SCL #err weighted degeneracy : 550 547 556 549 552 560 
degeneracy helps : 101 104 108 116 117 116 
degeneracy worse : 70 70 83 84 88 95 
SCL #err deg : 610 / 2100
SCL #err weighted degeneracy : 579 576 584 577 579 587 
degeneracy helps : 105 108 113 121 123 122 
degeneracy worse : 74 74 87 88 92 99 
SCL #err deg : 645 / 2200
SCL #err weighted degeneracy : 610 607 616 609 610 618 
degeneracy helps : 111 114 118 127 130 129 
degeneracy worse : 76 76 89 91 95 102 
SCL #err deg : 667 / 2300
SCL #err weighted degeneracy : 632 629 637 630 631 640 
degeneracy helps : 115 118 124 132 135 133 
degeneracy worse : 80 80 94 95 99 106 
SCL #err deg : 689 / 2400
SCL #err weighted degeneracy : 653 650 659 650 653 662 
degeneracy helps : 118 121 127 138 141 139 
degeneracy worse : 82 82 97 99 105 112 
SCL #err deg : 711 / 2500
SCL #err weighted degeneracy : 672 669 678 670 673 684 
degeneracy helps : 123 126 132 143 146 145 
degeneracy worse : 84 84 99 102 108 118 
SCL #err deg : 736 / 2600
SCL #err weighted degeneracy : 697 694 703 697 701 712 
degeneracy helps : 125 128 134 145 148 147 
degeneracy worse : 86 86 101 106 113 123 
SCL #err deg : 758 / 2700
SCL #err weighted degeneracy : 716 713 724 720 726 737 
degeneracy helps : 133 136 142 151 154 153 
degeneracy worse : 91 91 108 113 122 132 
SCL #err deg : 789 / 2800
SCL #err weighted degeneracy : 746 743 753 753 757 770 
degeneracy helps : 140 143 150 159 163 160 
degeneracy worse : 97 97 114 123 131 141 
SCL #err deg : 813 / 2900
SCL #err weighted degeneracy : 774 771 781 782 786 799 
degeneracy helps : 142 145 152 161 165 162 
degeneracy worse : 103 103 120 130 138 148 
SCL #err deg : 842 / 3000
SCL #err weighted degeneracy : 805 802 814 815 819 831 
degeneracy helps : 147 150 155 164 168 166 
degeneracy worse : 110 110 127 137 145 155 
SCL #err deg : 874 / 3100
SCL #err weighted degeneracy : 838 835 848 849 853 864 
degeneracy helps : 148 151 158 167 171 169 
degeneracy worse : 112 112 132 142 150 159 
SCL #err deg : 906 / 3200
SCL #err weighted degeneracy : 868 865 880 880 884 896 
degeneracy helps : 154 157 163 171 175 173 
degeneracy worse : 116 116 137 145 153 163 
SCL #err deg : 945 / 3300
SCL #err weighted degeneracy : 900 897 909 907 910 921 
degeneracy helps : 163 166 175 185 190 189 
degeneracy worse : 118 118 139 147 155 165 
SCL #err deg : 972 / 3400
SCL #err weighted degeneracy : 925 922 933 933 938 950 
degeneracy helps : 171 174 184 193 197 195 
degeneracy worse : 124 124 145 154 163 173 
SCL #err deg : 1004 / 3500
SCL #err weighted degeneracy : 955 952 962 964 968 982 
degeneracy helps : 177 180 190 198 202 199 
degeneracy worse : 128 128 148 158 166 177 
SCL #err deg : 1024 / 3600
SCL #err weighted degeneracy : 972 969 981 985 989 1004 
degeneracy helps : 182 185 195 202 206 203 
degeneracy worse : 130 130 152 163 171 183 
SCL #err deg : 1051 / 3700
SCL #err weighted degeneracy : 997 994 1005 1010 1015 1031 
degeneracy helps : 189 192 202 209 212 208 
degeneracy worse : 135 135 156 168 176 188 
SCL #err deg : 1077 / 3800
SCL #err weighted degeneracy : 1024 1022 1032 1038 1044 1060 
degeneracy helps : 193 195 206 213 214 210 
degeneracy worse : 140 140 161 174 181 193 
SCL #err deg : 1108 / 3900
SCL #err weighted degeneracy : 1049 1047 1056 1063 1069 1085 
degeneracy helps : 201 203 214 221 222 218 
degeneracy worse : 142 142 162 176 183 195 
SCL #err deg : 1127 / 4000
SCL #err weighted degeneracy : 1070 1069 1076 1088 1093 1109 
degeneracy helps : 206 208 221 228 229 225 
degeneracy worse : 149 150 170 189 195 207 
SCL #err deg : 1158 / 4100
SCL #err weighted degeneracy : 1098 1097 1105 1116 1122 1137 
degeneracy helps : 210 212 224 232 232 229 
degeneracy worse : 150 151 171 190 196 208 
SCL #err deg : 1176 / 4200
SCL #err weighted degeneracy : 1116 1115 1123 1133 1139 1153 
degeneracy helps : 212 214 227 236 237 234 
degeneracy worse : 152 153 174 193 200 211 
SCL #err deg : 1204 / 4300
SCL #err weighted degeneracy : 1147 1145 1155 1164 1170 1184 
degeneracy helps : 215 217 230 241 241 238 
degeneracy worse : 158 158 181 201 207 218 
SCL #err deg : 1240 / 4400
SCL #err weighted degeneracy : 1181 1179 1187 1195 1201 1216 
degeneracy helps : 220 222 236 247 247 244 
degeneracy worse : 161 161 183 202 208 220 
SCL #err deg : 1270 / 4500
SCL #err weighted degeneracy : 1206 1204 1212 1217 1226 1242 
degeneracy helps : 226 228 242 256 256 252 
degeneracy worse : 162 162 184 203 212 224 
SCL #err deg : 1294 / 4600
SCL #err weighted degeneracy : 1228 1226 1237 1242 1251 1267 
degeneracy helps : 230 232 246 260 260 256 
degeneracy worse : 164 164 189 208 217 229 
SCL #err deg : 1319 / 4700
SCL #err weighted degeneracy : 1250 1248 1257 1265 1274 1292 
degeneracy helps : 235 237 254 266 266 261 
degeneracy worse : 166 166 192 212 221 234 
SCL #err deg : 1345 / 4800
SCL #err weighted degeneracy : 1273 1271 1281 1290 1299 1318 
degeneracy helps : 240 242 259 272 272 266 
degeneracy worse : 168 168 195 217 226 239 
SCL #err deg : 1371 / 4900
SCL #err weighted degeneracy : 1294 1292 1302 1310 1320 1339 
degeneracy helps : 247 249 267 281 280 275 
degeneracy worse : 170 170 198 220 229 243 
SCL #err deg : 1401 / 5000
SCL #err weighted degeneracy : 1321 1319 1331 1339 1348 1367 
degeneracy helps : 253 255 274 287 288 283 
degeneracy worse : 173 173 204 225 235 249 
SCL #err deg : 1429 / 5100
SCL #err weighted degeneracy : 1350 1349 1360 1367 1378 1397 
degeneracy helps : 256 257 277 291 291 286 
degeneracy worse : 177 177 208 229 240 254 
SCL #err deg : 1453 / 5200
SCL #err weighted degeneracy : 1372 1371 1383 1390 1402 1422 
degeneracy helps : 262 263 282 296 295 290 
degeneracy worse : 181 181 212 233 244 259 
SCL #err deg : 1486 / 5300
SCL #err weighted degeneracy : 1398 1397 1411 1420 1434 1456 
degeneracy helps : 271 272 290 303 302 296 
degeneracy worse : 183 183 215 237 250 266 
SCL #err deg : 1512 / 5400
SCL #err weighted degeneracy : 1423 1422 1438 1445 1459 1482 
degeneracy helps : 275 276 294 309 309 303 
degeneracy worse : 186 186 220 242 256 273 
SCL #err deg : 1542 / 5500
SCL #err weighted degeneracy : 1456 1455 1472 1478 1491 1514 
degeneracy helps : 278 279 297 313 314 308 
degeneracy worse : 192 192 227 249 263 280 
SCL #err deg : 1572 / 5600
SCL #err weighted degeneracy : 1484 1483 1500 1507 1520 1542 
degeneracy helps : 285 286 305 321 322 316 
degeneracy worse : 197 197 233 256 270 286 
SCL #err deg : 1595 / 5700
SCL #err weighted degeneracy : 1510 1509 1528 1536 1549 1572 
degeneracy helps : 289 290 309 324 325 319 
degeneracy worse : 204 204 242 265 279 296 
SCL #err deg : 1621 / 5800
SCL #err weighted degeneracy : 1533 1532 1549 1559 1571 1595 
degeneracy helps : 294 295 315 329 331 325 
degeneracy worse : 206 206 243 267 281 299 
SCL #err deg : 1648 / 5900
SCL #err weighted degeneracy : 1563 1562 1577 1588 1599 1622 
degeneracy helps : 297 298 320 334 336 331 
degeneracy worse : 212 212 249 274 287 305 
SCL #err deg : 1682 / 6000
SCL #err weighted degeneracy : 1594 1593 1608 1619 1631 1654 
degeneracy helps : 304 305 327 341 343 338 
degeneracy worse : 216 216 253 278 292 310 
SCL #err deg : 1710 / 6100
SCL #err weighted degeneracy : 1616 1615 1629 1641 1653 1676 
degeneracy helps : 312 313 337 351 353 348 
degeneracy worse : 218 218 256 282 296 314 
SCL #err deg : 1739 / 6200
SCL #err weighted degeneracy : 1644 1643 1657 1668 1681 1707 
degeneracy helps : 319 320 345 359 361 354 
degeneracy worse : 224 224 263 288 303 322 
SCL #err deg : 1772 / 6300
SCL #err weighted degeneracy : 1675 1674 1688 1700 1712 1739 
degeneracy helps : 324 325 350 363 365 358 
degeneracy worse : 227 227 266 291 305 325 
SCL #err deg : 1807 / 6400
SCL #err weighted degeneracy : 1711 1710 1723 1736 1748 1774 
degeneracy helps : 327 328 354 367 369 363 
degeneracy worse : 231 231 270 296 310 330 
SCL #err deg : 1835 / 6500
SCL #err weighted degeneracy : 1738 1737 1747 1759 1771 1797 
degeneracy helps : 331 332 360 373 375 369 
degeneracy worse : 234 234 272 297 311 331 
SCL #err deg : 1866 / 6600
SCL #err weighted degeneracy : 1767 1766 1775 1788 1800 1828 
degeneracy helps : 335 336 365 378 380 374 
degeneracy worse : 236 236 274 300 314 336 
SCL #err deg : 1895 / 6700
SCL #err weighted degeneracy : 1794 1793 1804 1817 1830 1859 
degeneracy helps : 340 341 369 382 384 378 
degeneracy worse : 239 239 278 304 319 342 
SCL #err deg : 1925 / 6800
SCL #err weighted degeneracy : 1823 1822 1832 1847 1862 1892 
degeneracy helps : 345 346 375 387 388 383 
degeneracy worse : 243 243 282 309 325 350 
SCL #err deg : 1955 / 6900
SCL #err weighted degeneracy : 1849 1848 1858 1872 1887 1917 
degeneracy helps : 351 352 381 394 395 390 
degeneracy worse : 245 245 284 311 327 352 
SCL #err deg : 1983 / 7000
SCL #err weighted degeneracy : 1877 1876 1887 1902 1917 1948 
degeneracy helps : 358 359 388 401 402 396 
degeneracy worse : 252 252 292 320 336 361 
SCL #err deg : 2016 / 7100
SCL #err weighted degeneracy : 1907 1906 1917 1931 1946 1977 
degeneracy helps : 364 365 396 410 412 405 
degeneracy worse : 255 255 297 325 342 366 
SCL #err deg : 2044 / 7200
SCL #err weighted degeneracy : 1932 1931 1942 1957 1972 2003 
degeneracy helps : 367 368 400 414 416 409 
degeneracy worse : 255 255 298 327 344 368 
SCL #err deg : 2067 / 7300
SCL #err weighted degeneracy : 1959 1958 1968 1982 1997 2028 
degeneracy helps : 369 370 404 417 419 412 
degeneracy worse : 261 261 305 332 349 373 
SCL #err deg : 2087 / 7400
SCL #err weighted degeneracy : 1986 1985 1995 2009 2024 2053 
degeneracy helps : 369 370 404 417 419 413 
degeneracy worse : 268 268 312 339 356 379 
SCL #err deg : 2111 / 7500
SCL #err weighted degeneracy : 2010 2009 2018 2032 2047 2077 
degeneracy helps : 373 374 408 422 424 417 
degeneracy worse : 272 272 315 343 360 383 
SCL #err deg : 2130 / 7600
SCL #err weighted degeneracy : 2032 2031 2039 2052 2067 2096 
degeneracy helps : 375 376 411 425 427 420 
degeneracy worse : 277 277 320 347 364 386 
SCL #err deg : 2158 / 7700
SCL #err weighted degeneracy : 2059 2058 2065 2080 2094 2123 
degeneracy helps : 379 380 416 431 433 426 
degeneracy worse : 280 280 323 353 369 391 
SCL #err deg : 2189 / 7800
SCL #err weighted degeneracy : 2085 2084 2092 2109 2122 2153 
degeneracy helps : 387 388 423 438 441 432 
degeneracy worse : 283 283 326 358 374 396 
SCL #err deg : 2221 / 7900
SCL #err weighted degeneracy : 2113 2112 2119 2138 2152 2183 
degeneracy helps : 395 396 432 446 448 439 
degeneracy worse : 287 287 330 363 379 401 
SCL #err deg : 2247 / 8000
SCL #err weighted degeneracy : 2138 2137 2144 2165 2179 2210 
degeneracy helps : 399 400 437 451 453 444 
degeneracy worse : 290 290 334 369 385 407 
SCL #err deg : 2272 / 8100
SCL #err weighted degeneracy : 2160 2159 2167 2186 2200 2231 
degeneracy helps : 406 407 444 459 461 452 
degeneracy worse : 294 294 339 373 389 411 
SCL #err deg : 2296 / 8200
SCL #err weighted degeneracy : 2184 2183 2192 2210 2225 2256 
degeneracy helps : 409 410 447 463 465 456 
degeneracy worse : 297 297 343 377 394 416 
SCL #err deg : 2329 / 8300
SCL #err weighted degeneracy : 2214 2213 2224 2241 2256 2288 
degeneracy helps : 415 416 453 470 472 463 
degeneracy worse : 300 300 348 382 399 422 
SCL #err deg : 2353 / 8400
SCL #err weighted degeneracy : 2236 2235 2245 2260 2276 2307 
degeneracy helps : 422 423 461 478 480 472 
degeneracy worse : 305 305 353 385 403 426 
SCL #err deg : 2383 / 8500
SCL #err weighted degeneracy : 2263 2262 2272 2285 2300 2331 
degeneracy helps : 427 428 466 485 488 480 
degeneracy worse : 307 307 355 387 405 428 
SCL #err deg : 2410 / 8600
SCL #err weighted degeneracy : 2289 2288 2300 2314 2329 2360 
degeneracy helps : 433 434 471 490 493 485 
degeneracy worse : 312 312 361 394 412 435 
SCL #err deg : 2429 / 8700
SCL #err weighted degeneracy : 2310 2309 2319 2332 2350 2383 
degeneracy helps : 436 437 475 494 497 488 
degeneracy worse : 317 317 365 397 418 442 
SCL #err deg : 2452 / 8800
SCL #err weighted degeneracy : 2333 2332 2343 2356 2373 2407 
degeneracy helps : 440 441 480 499 503 493 
degeneracy worse : 321 321 371 403 424 448 
SCL #err deg : 2483 / 8900
SCL #err weighted degeneracy : 2358 2357 2367 2384 2399 2434 
degeneracy helps : 448 449 489 506 511 500 
degeneracy worse : 323 323 373 407 427 451 
SCL #err deg : 2513 / 9000
SCL #err weighted degeneracy : 2388 2387 2397 2416 2431 2465 
degeneracy helps : 453 454 494 511 516 506 
degeneracy worse : 328 328 378 414 434 458 
SCL #err deg : 2542 / 9100
SCL #err weighted degeneracy : 2417 2416 2428 2447 2463 2497 
degeneracy helps : 456 457 497 514 520 510 
degeneracy worse : 331 331 383 419 441 465 
SCL #err deg : 2578 / 9200
SCL #err weighted degeneracy : 2453 2452 2463 2480 2497 2533 
degeneracy helps : 461 462 502 520 525 515 
degeneracy worse : 336 336 387 422 444 470 
SCL #err deg : 2604 / 9300
SCL #err weighted degeneracy : 2480 2479 2489 2507 2522 2558 
degeneracy helps : 465 466 507 525 531 521 
degeneracy worse : 341 341 392 428 449 475 
SCL #err deg : 2635 / 9400
SCL #err weighted degeneracy : 2510 2509 2519 2538 2553 2590 
degeneracy helps : 470 471 512 529 535 525 
degeneracy worse : 345 345 396 432 453 480 
SCL #err deg : 2670 / 9500
SCL #err weighted degeneracy : 2542 2542 2552 2571 2587 2625 
degeneracy helps : 475 475 516 533 539 529 
degeneracy worse : 347 347 398 434 456 484 
SCL #err deg : 2694 / 9600
SCL #err weighted degeneracy : 2566 2566 2575 2593 2609 2648 
degeneracy helps : 478 478 520 538 544 534 
degeneracy worse : 350 350 401 437 459 488 
SCL #err deg : 2717 / 9700
SCL #err weighted degeneracy : 2591 2591 2600 2617 2632 2671 
degeneracy helps : 480 480 522 541 548 538 
degeneracy worse : 354 354 405 441 463 492 
SCL #err deg : 2744 / 9800
SCL #err weighted degeneracy : 2618 2619 2627 2645 2659 2699 
degeneracy helps : 484 483 527 546 553 542 
degeneracy worse : 358 358 410 447 468 497 
SCL #err deg : 2779 / 9900
SCL #err weighted degeneracy : 2648 2649 2655 2672 2686 2726 
degeneracy helps : 491 490 535 555 562 552 
degeneracy worse : 360 360 411 448 469 499 
SCL #err deg : 2810 / 10000
SCL #err weighted degeneracy : 2677 2678 2685 2703 2718 2758 
degeneracy helps : 496 495 540 559 566 556 
degeneracy worse : 363 363 415 452 474 504 
average #flips: 108.541
SCL #err considering degeneracy: 2810
error due to equal 310
error due to SCL smaller 2447
Finish in 12360 s
