Simulation Polar syndrome FASTER N=1024, K=513, l=128, pz=0.1, #samples=10000, seed=7348
PW construction
Event generator random seed: 7348
SCL #err deg : 17 / 100
SCL #err weighted degeneracy : 20 19 21 23 24 24 
degeneracy helps : 4 5 4 3 3 3 
degeneracy worse : 7 7 8 9 10 10 
SCL #err deg : 39 / 200
SCL #err weighted degeneracy : 39 38 40 42 43 43 
degeneracy helps : 11 12 10 9 9 9 
degeneracy worse : 11 11 11 12 13 13 
SCL #err deg : 58 / 300
SCL #err weighted degeneracy : 57 56 57 60 63 63 
degeneracy helps : 15 16 15 15 14 14 
degeneracy worse : 14 14 14 17 19 19 
SCL #err deg : 75 / 400
SCL #err weighted degeneracy : 70 69 69 72 76 76 
degeneracy helps : 21 22 21 22 21 21 
degeneracy worse : 16 16 15 19 22 22 
SCL #err deg : 94 / 500
SCL #err weighted degeneracy : 83 82 81 85 91 93 
degeneracy helps : 27 28 28 28 26 26 
degeneracy worse : 16 16 15 19 23 25 
SCL #err deg : 109 / 600
SCL #err weighted degeneracy : 95 94 93 97 103 107 
degeneracy helps : 33 34 34 34 32 30 
degeneracy worse : 19 19 18 22 26 28 
SCL #err deg : 134 / 700
SCL #err weighted degeneracy : 122 121 118 122 128 132 
degeneracy helps : 39 40 42 42 40 38 
degeneracy worse : 27 27 26 30 34 36 
SCL #err deg : 155 / 800
SCL #err weighted degeneracy : 144 143 141 146 153 158 
degeneracy helps : 44 45 48 48 46 43 
degeneracy worse : 33 33 34 39 44 46 
SCL #err deg : 171 / 900
SCL #err weighted degeneracy : 157 156 154 160 165 170 
degeneracy helps : 49 50 53 52 52 49 
degeneracy worse : 35 35 36 41 46 48 
SCL #err deg : 182 / 1000
SCL #err weighted degeneracy : 165 164 164 168 174 181 
degeneracy helps : 54 55 56 57 57 54 
degeneracy worse : 37 37 38 43 49 53 
SCL #err deg : 210 / 1100
SCL #err weighted degeneracy : 195 194 191 193 199 206 
degeneracy helps : 58 59 62 64 64 61 
degeneracy worse : 43 43 43 47 53 57 
SCL #err deg : 229 / 1200
SCL #err weighted degeneracy : 213 212 208 211 217 223 
degeneracy helps : 62 63 66 67 67 65 
degeneracy worse : 46 46 45 49 55 59 
SCL #err deg : 249 / 1300
SCL #err weighted degeneracy : 229 228 225 229 233 238 
degeneracy helps : 68 69 71 72 74 73 
degeneracy worse : 48 48 47 52 58 62 
SCL #err deg : 273 / 1400
SCL #err weighted degeneracy : 253 252 249 253 257 262 
degeneracy helps : 70 71 74 75 77 76 
degeneracy worse : 50 50 50 55 61 65 
SCL #err deg : 287 / 1500
SCL #err weighted degeneracy : 267 266 266 271 276 279 
degeneracy helps : 72 73 75 76 78 79 
degeneracy worse : 52 52 54 60 67 71 
SCL #err deg : 301 / 1600
SCL #err weighted degeneracy : 280 279 280 287 293 295 
degeneracy helps : 76 77 79 79 80 82 
degeneracy worse : 55 55 58 65 72 76 
SCL #err deg : 310 / 1700
SCL #err weighted degeneracy : 289 288 286 295 301 302 
degeneracy helps : 78 79 82 81 82 85 
degeneracy worse : 57 57 58 66 73 77 
SCL #err deg : 322 / 1800
SCL #err weighted degeneracy : 301 300 298 308 315 316 
degeneracy helps : 80 81 84 83 84 87 
degeneracy worse : 59 59 60 69 77 81 
SCL #err deg : 344 / 1900
SCL #err weighted degeneracy : 317 316 315 326 334 335 
degeneracy helps : 87 88 91 89 89 92 
degeneracy worse : 60 60 62 71 79 83 
SCL #err deg : 362 / 2000
SCL #err weighted degeneracy : 338 337 337 349 357 357 
degeneracy helps : 89 90 93 90 90 94 
degeneracy worse : 65 65 68 77 85 89 
SCL #err deg : 377 / 2100
SCL #err weighted degeneracy : 353 352 350 362 370 370 
degeneracy helps : 93 94 99 97 97 101 
degeneracy worse : 69 69 72 82 90 94 
SCL #err deg : 394 / 2200
SCL #err weighted degeneracy : 373 372 368 380 390 388 
degeneracy helps : 96 97 104 102 102 106 
degeneracy worse : 75 75 78 88 98 100 
SCL #err deg : 411 / 2300
SCL #err weighted degeneracy : 389 387 385 398 409 408 
degeneracy helps : 100 101 108 105 104 108 
degeneracy worse : 78 77 82 92 102 105 
SCL #err deg : 421 / 2400
SCL #err weighted degeneracy : 397 395 393 406 418 418 
degeneracy helps : 102 103 111 108 106 110 
degeneracy worse : 78 77 83 93 103 107 
SCL #err deg : 436 / 2500
SCL #err weighted degeneracy : 407 405 404 417 428 429 
degeneracy helps : 108 109 116 114 113 117 
degeneracy worse : 79 78 84 95 105 110 
SCL #err deg : 449 / 2600
SCL #err weighted degeneracy : 417 415 415 429 440 444 
degeneracy helps : 113 114 122 120 119 121 
degeneracy worse : 81 80 88 100 110 116 
SCL #err deg : 466 / 2700
SCL #err weighted degeneracy : 437 435 435 447 459 464 
degeneracy helps : 116 117 125 123 121 123 
degeneracy worse : 87 86 94 104 114 121 
SCL #err deg : 488 / 2800
SCL #err weighted degeneracy : 460 458 458 467 479 486 
degeneracy helps : 119 120 128 128 126 127 
degeneracy worse : 91 90 98 107 117 125 
SCL #err deg : 502 / 2900
SCL #err weighted degeneracy : 476 474 472 481 494 501 
degeneracy helps : 121 122 130 130 127 128 
degeneracy worse : 95 94 100 109 119 127 
SCL #err deg : 520 / 3000
SCL #err weighted degeneracy : 493 491 490 499 512 522 
degeneracy helps : 126 127 133 133 130 130 
degeneracy worse : 99 98 103 112 122 132 
SCL #err deg : 539 / 3100
SCL #err weighted degeneracy : 514 512 512 522 535 545 
degeneracy helps : 128 129 135 134 131 132 
degeneracy worse : 103 102 108 117 127 138 
SCL #err deg : 559 / 3200
SCL #err weighted degeneracy : 535 533 532 539 553 563 
degeneracy helps : 131 132 138 139 135 136 
degeneracy worse : 107 106 111 119 129 140 
SCL #err deg : 575 / 3300
SCL #err weighted degeneracy : 550 548 548 556 571 583 
degeneracy helps : 137 138 144 144 141 141 
degeneracy worse : 112 111 117 125 137 149 
SCL #err deg : 593 / 3400
SCL #err weighted degeneracy : 563 561 561 569 586 599 
degeneracy helps : 143 144 151 151 146 145 
degeneracy worse : 113 112 119 127 139 151 
SCL #err deg : 613 / 3500
SCL #err weighted degeneracy : 581 579 581 588 606 618 
degeneracy helps : 149 150 156 156 150 149 
degeneracy worse : 117 116 124 131 143 154 
SCL #err deg : 629 / 3600
SCL #err weighted degeneracy : 596 594 595 602 621 633 
degeneracy helps : 151 152 159 160 153 152 
degeneracy worse : 118 117 125 133 145 156 
SCL #err deg : 648 / 3700
SCL #err weighted degeneracy : 607 605 608 616 635 647 
degeneracy helps : 160 161 167 167 160 158 
degeneracy worse : 119 118 127 135 147 157 
SCL #err deg : 666 / 3800
SCL #err weighted degeneracy : 622 620 622 632 651 663 
degeneracy helps : 165 166 173 171 164 162 
degeneracy worse : 121 120 129 137 149 159 
SCL #err deg : 681 / 3900
SCL #err weighted degeneracy : 640 639 639 650 669 680 
degeneracy helps : 167 168 176 173 166 164 
degeneracy worse : 126 126 134 142 154 163 
SCL #err deg : 693 / 4000
SCL #err weighted degeneracy : 652 651 651 663 682 693 
degeneracy helps : 170 171 179 176 169 167 
degeneracy worse : 129 129 137 146 158 167 
SCL #err deg : 712 / 4100
SCL #err weighted degeneracy : 664 663 663 675 696 707 
degeneracy helps : 177 178 186 183 174 172 
degeneracy worse : 129 129 137 146 158 167 
SCL #err deg : 724 / 4200
SCL #err weighted degeneracy : 676 675 676 686 707 718 
degeneracy helps : 179 180 187 185 176 174 
degeneracy worse : 131 131 139 147 159 168 
SCL #err deg : 738 / 4300
SCL #err weighted degeneracy : 688 687 688 696 718 731 
degeneracy helps : 185 186 193 191 181 178 
degeneracy worse : 135 135 143 149 161 171 
SCL #err deg : 766 / 4400
SCL #err weighted degeneracy : 709 708 711 719 742 755 
degeneracy helps : 196 197 205 203 192 189 
degeneracy worse : 139 139 150 156 168 178 
SCL #err deg : 781 / 4500
SCL #err weighted degeneracy : 720 719 721 730 755 767 
degeneracy helps : 201 202 211 209 196 193 
degeneracy worse : 140 140 151 158 170 179 
SCL #err deg : 793 / 4600
SCL #err weighted degeneracy : 731 730 732 742 767 780 
degeneracy helps : 203 204 213 211 198 195 
degeneracy worse : 141 141 152 160 172 182 
SCL #err deg : 815 / 4700
SCL #err weighted degeneracy : 747 746 745 756 782 796 
degeneracy helps : 209 210 222 220 207 203 
degeneracy worse : 141 141 152 161 174 184 
SCL #err deg : 825 / 4800
SCL #err weighted degeneracy : 756 755 755 766 793 808 
degeneracy helps : 212 213 225 224 211 207 
degeneracy worse : 143 143 155 165 179 190 
SCL #err deg : 837 / 4900
SCL #err weighted degeneracy : 770 769 770 779 805 820 
degeneracy helps : 213 214 226 226 214 210 
degeneracy worse : 146 146 159 168 182 193 
SCL #err deg : 860 / 5000
SCL #err weighted degeneracy : 791 790 793 800 826 841 
degeneracy helps : 219 220 231 231 219 215 
degeneracy worse : 150 150 164 171 185 196 
SCL #err deg : 875 / 5100
SCL #err weighted degeneracy : 805 804 807 815 841 857 
degeneracy helps : 222 223 234 234 222 218 
degeneracy worse : 152 152 166 174 188 200 
SCL #err deg : 893 / 5200
SCL #err weighted degeneracy : 817 816 821 829 856 872 
degeneracy helps : 228 229 240 241 228 224 
degeneracy worse : 152 152 168 177 191 203 
SCL #err deg : 915 / 5300
SCL #err weighted degeneracy : 837 836 841 849 876 892 
degeneracy helps : 232 233 244 245 233 229 
degeneracy worse : 154 154 170 179 194 206 
SCL #err deg : 932 / 5400
SCL #err weighted degeneracy : 853 852 857 863 889 906 
degeneracy helps : 235 236 247 251 240 236 
degeneracy worse : 156 156 172 182 197 210 
SCL #err deg : 942 / 5500
SCL #err weighted degeneracy : 862 861 868 875 902 919 
degeneracy helps : 236 237 248 252 241 237 
degeneracy worse : 156 156 174 185 201 214 
SCL #err deg : 963 / 5600
SCL #err weighted degeneracy : 880 879 888 895 922 936 
degeneracy helps : 242 243 252 256 245 243 
degeneracy worse : 159 159 177 188 204 216 
SCL #err deg : 979 / 5700
SCL #err weighted degeneracy : 898 897 907 917 944 957 
degeneracy helps : 244 245 254 257 246 244 
degeneracy worse : 163 163 182 195 211 222 
SCL #err deg : 997 / 5800
SCL #err weighted degeneracy : 915 914 924 934 963 976 
degeneracy helps : 247 248 258 261 250 248 
degeneracy worse : 165 165 185 198 216 227 
SCL #err deg : 1012 / 5900
SCL #err weighted degeneracy : 925 924 937 948 977 993 
degeneracy helps : 254 255 264 266 255 253 
degeneracy worse : 167 167 189 202 220 234 
SCL #err deg : 1036 / 6000
SCL #err weighted degeneracy : 941 940 953 964 993 1008 
degeneracy helps : 262 263 272 275 264 263 
degeneracy worse : 167 167 189 203 221 235 
SCL #err deg : 1054 / 6100
SCL #err weighted degeneracy : 955 954 966 978 1007 1021 
degeneracy helps : 269 270 280 282 271 270 
degeneracy worse : 170 170 192 206 224 237 
SCL #err deg : 1065 / 6200
SCL #err weighted degeneracy : 963 962 975 988 1017 1032 
degeneracy helps : 273 274 283 284 273 272 
degeneracy worse : 171 171 193 207 225 239 
SCL #err deg : 1088 / 6300
SCL #err weighted degeneracy : 982 981 994 1007 1035 1051 
degeneracy helps : 278 279 288 289 279 278 
degeneracy worse : 172 172 194 208 226 241 
SCL #err deg : 1106 / 6400
SCL #err weighted degeneracy : 1002 1001 1012 1024 1052 1069 
degeneracy helps : 281 282 293 295 285 284 
degeneracy worse : 177 177 199 213 231 247 
SCL #err deg : 1123 / 6500
SCL #err weighted degeneracy : 1014 1013 1025 1037 1064 1083 
degeneracy helps : 287 288 300 302 293 292 
degeneracy worse : 178 178 202 216 234 252 
SCL #err deg : 1140 / 6600
SCL #err weighted degeneracy : 1027 1026 1039 1051 1080 1098 
degeneracy helps : 292 293 304 307 298 298 
degeneracy worse : 179 179 203 218 238 256 
SCL #err deg : 1154 / 6700
SCL #err weighted degeneracy : 1044 1043 1055 1067 1097 1116 
degeneracy helps : 292 293 304 307 298 299 
degeneracy worse : 182 182 205 220 241 261 
SCL #err deg : 1178 / 6800
SCL #err weighted degeneracy : 1064 1063 1075 1087 1117 1139 
degeneracy helps : 298 299 309 312 303 304 
degeneracy worse : 184 184 206 221 242 265 
SCL #err deg : 1197 / 6900
SCL #err weighted degeneracy : 1081 1080 1093 1105 1135 1157 
degeneracy helps : 302 303 313 318 309 310 
degeneracy worse : 186 186 209 226 247 270 
SCL #err deg : 1220 / 7000
SCL #err weighted degeneracy : 1101 1100 1113 1127 1159 1182 
degeneracy helps : 309 310 320 324 313 313 
degeneracy worse : 190 190 213 231 252 275 
SCL #err deg : 1241 / 7100
SCL #err weighted degeneracy : 1118 1117 1130 1144 1175 1200 
degeneracy helps : 316 317 327 332 321 320 
degeneracy worse : 193 193 216 235 255 279 
SCL #err deg : 1258 / 7200
SCL #err weighted degeneracy : 1133 1133 1146 1159 1190 1215 
degeneracy helps : 319 320 330 336 325 324 
degeneracy worse : 194 195 218 237 257 281 
SCL #err deg : 1270 / 7300
SCL #err weighted degeneracy : 1147 1147 1159 1173 1204 1228 
degeneracy helps : 321 322 332 338 327 326 
degeneracy worse : 198 199 221 241 261 284 
SCL #err deg : 1285 / 7400
SCL #err weighted degeneracy : 1162 1162 1174 1188 1219 1242 
degeneracy helps : 323 324 334 340 329 329 
degeneracy worse : 200 201 223 243 263 286 
SCL #err deg : 1303 / 7500
SCL #err weighted degeneracy : 1178 1178 1190 1205 1236 1260 
degeneracy helps : 326 327 337 343 332 331 
degeneracy worse : 201 202 224 245 265 288 
SCL #err deg : 1318 / 7600
SCL #err weighted degeneracy : 1192 1192 1204 1219 1250 1274 
degeneracy helps : 330 331 342 348 337 336 
degeneracy worse : 204 205 228 249 269 292 
SCL #err deg : 1338 / 7700
SCL #err weighted degeneracy : 1210 1210 1224 1239 1272 1296 
degeneracy helps : 333 334 344 350 339 339 
degeneracy worse : 205 206 230 251 273 297 
SCL #err deg : 1360 / 7800
SCL #err weighted degeneracy : 1234 1235 1249 1263 1295 1320 
degeneracy helps : 335 335 347 355 345 344 
degeneracy worse : 209 210 236 258 280 304 
SCL #err deg : 1375 / 7900
SCL #err weighted degeneracy : 1250 1251 1266 1280 1312 1336 
degeneracy helps : 337 337 348 356 346 345 
degeneracy worse : 212 213 239 261 283 306 
SCL #err deg : 1389 / 8000
SCL #err weighted degeneracy : 1262 1263 1278 1294 1325 1350 
degeneracy helps : 340 340 352 360 351 350 
degeneracy worse : 213 214 241 265 287 311 
SCL #err deg : 1404 / 8100
SCL #err weighted degeneracy : 1272 1273 1288 1304 1336 1361 
degeneracy helps : 346 346 359 367 358 357 
degeneracy worse : 214 215 243 267 290 314 
SCL #err deg : 1422 / 8200
SCL #err weighted degeneracy : 1290 1291 1304 1320 1352 1377 
degeneracy helps : 349 349 363 371 363 362 
degeneracy worse : 217 218 245 269 293 317 
SCL #err deg : 1439 / 8300
SCL #err weighted degeneracy : 1306 1307 1321 1339 1371 1397 
degeneracy helps : 354 354 367 373 365 363 
degeneracy worse : 221 222 249 273 297 321 
SCL #err deg : 1457 / 8400
SCL #err weighted degeneracy : 1320 1321 1337 1355 1387 1415 
degeneracy helps : 360 360 372 379 371 368 
degeneracy worse : 223 224 252 277 301 326 
SCL #err deg : 1471 / 8500
SCL #err weighted degeneracy : 1332 1333 1350 1369 1401 1430 
degeneracy helps : 363 363 374 381 373 370 
degeneracy worse : 224 225 253 279 303 329 
SCL #err deg : 1488 / 8600
SCL #err weighted degeneracy : 1349 1350 1366 1384 1415 1444 
degeneracy helps : 366 366 378 386 378 375 
degeneracy worse : 227 228 256 282 305 331 
SCL #err deg : 1498 / 8700
SCL #err weighted degeneracy : 1358 1359 1372 1391 1422 1453 
degeneracy helps : 368 368 382 390 382 379 
degeneracy worse : 228 229 256 283 306 334 
SCL #err deg : 1515 / 8800
SCL #err weighted degeneracy : 1372 1373 1387 1406 1437 1472 
degeneracy helps : 371 371 384 392 384 380 
degeneracy worse : 228 229 256 283 306 337 
SCL #err deg : 1532 / 8900
SCL #err weighted degeneracy : 1384 1385 1398 1419 1449 1485 
degeneracy helps : 379 379 392 399 392 387 
degeneracy worse : 231 232 258 286 309 340 
SCL #err deg : 1557 / 9000
SCL #err weighted degeneracy : 1405 1406 1418 1439 1470 1507 
degeneracy helps : 386 386 400 407 399 394 
degeneracy worse : 234 235 261 289 312 344 
SCL #err deg : 1570 / 9100
SCL #err weighted degeneracy : 1418 1419 1431 1454 1485 1519 
degeneracy helps : 387 387 401 408 401 398 
degeneracy worse : 235 236 262 292 316 347 
SCL #err deg : 1593 / 9200
SCL #err weighted degeneracy : 1441 1442 1452 1475 1505 1538 
degeneracy helps : 389 389 405 412 406 403 
degeneracy worse : 237 238 264 294 318 348 
SCL #err deg : 1617 / 9300
SCL #err weighted degeneracy : 1462 1463 1473 1493 1523 1556 
degeneracy helps : 395 395 412 422 416 413 
degeneracy worse : 240 241 268 298 322 352 
SCL #err deg : 1634 / 9400
SCL #err weighted degeneracy : 1475 1477 1486 1508 1539 1573 
degeneracy helps : 401 400 419 428 422 418 
degeneracy worse : 242 243 271 302 327 357 
SCL #err deg : 1652 / 9500
SCL #err weighted degeneracy : 1494 1496 1507 1529 1560 1594 
degeneracy helps : 404 403 422 431 425 421 
degeneracy worse : 246 247 277 308 333 363 
SCL #err deg : 1666 / 9600
SCL #err weighted degeneracy : 1510 1512 1522 1544 1575 1608 
degeneracy helps : 404 403 423 432 426 423 
degeneracy worse : 248 249 279 310 335 365 
SCL #err deg : 1680 / 9700
SCL #err weighted degeneracy : 1521 1523 1532 1556 1585 1618 
degeneracy helps : 408 407 428 437 432 430 
degeneracy worse : 249 250 280 313 337 368 
SCL #err deg : 1697 / 9800
SCL #err weighted degeneracy : 1542 1544 1552 1575 1604 1636 
degeneracy helps : 410 409 430 439 434 432 
degeneracy worse : 255 256 285 317 341 371 
SCL #err deg : 1719 / 9900
SCL #err weighted degeneracy : 1561 1563 1573 1598 1628 1661 
degeneracy helps : 417 416 436 443 437 435 
degeneracy worse : 259 260 290 322 346 377 
SCL #err deg : 1740 / 10000
SCL #err weighted degeneracy : 1580 1582 1593 1619 1649 1681 
degeneracy helps : 423 422 442 449 443 441 
degeneracy worse : 263 264 295 328 352 382 
average #flips: 102.371
SCL #err considering degeneracy: 1740
error due to equal 341
error due to SCL smaller 1353
Finish in 11510 s
