Simulation Polar syndrome FASTER N=1024, K=513, l=128, pz=0.108, #samples=10000, seed=7348
PW construction
Event generator random seed: 7348
SCL #err deg : 31 / 100
SCL #err weighted degeneracy : 35 35 37 37 36 37 
degeneracy helps : 1 1 2 2 3 3 
degeneracy worse : 5 5 8 8 8 9 
SCL #err deg : 73 / 200
SCL #err weighted degeneracy : 74 74 74 73 72 74 
degeneracy helps : 6 6 9 10 11 11 
degeneracy worse : 7 7 10 10 10 12 
SCL #err deg : 106 / 300
SCL #err weighted degeneracy : 104 104 104 103 101 104 
degeneracy helps : 14 14 17 18 19 19 
degeneracy worse : 12 12 15 15 14 17 
SCL #err deg : 139 / 400
SCL #err weighted degeneracy : 139 139 137 137 136 140 
degeneracy helps : 14 14 19 20 21 20 
degeneracy worse : 14 14 17 18 18 21 
SCL #err deg : 171 / 500
SCL #err weighted degeneracy : 166 166 163 165 164 168 
degeneracy helps : 21 21 26 26 27 26 
degeneracy worse : 16 16 18 20 20 23 
SCL #err deg : 203 / 600
SCL #err weighted degeneracy : 197 197 192 195 194 199 
degeneracy helps : 24 24 31 31 32 31 
degeneracy worse : 18 18 20 23 23 27 
SCL #err deg : 245 / 700
SCL #err weighted degeneracy : 238 238 234 236 235 240 
degeneracy helps : 29 29 36 37 38 37 
degeneracy worse : 22 22 25 28 28 32 
SCL #err deg : 279 / 800
SCL #err weighted degeneracy : 272 272 268 270 269 273 
degeneracy helps : 34 34 40 41 42 42 
degeneracy worse : 27 27 29 32 32 36 
SCL #err deg : 311 / 900
SCL #err weighted degeneracy : 297 297 293 294 293 297 
degeneracy helps : 41 41 48 51 52 52 
degeneracy worse : 27 27 30 34 34 38 
SCL #err deg : 338 / 1000
SCL #err weighted degeneracy : 325 325 320 324 321 326 
degeneracy helps : 46 46 54 57 60 60 
degeneracy worse : 33 33 36 43 43 48 
SCL #err deg : 373 / 1100
SCL #err weighted degeneracy : 360 360 354 357 354 360 
degeneracy helps : 49 49 58 62 65 65 
degeneracy worse : 36 36 39 46 46 52 
SCL #err deg : 403 / 1200
SCL #err weighted degeneracy : 390 390 383 387 384 390 
degeneracy helps : 54 54 64 69 72 72 
degeneracy worse : 41 41 44 53 53 59 
SCL #err deg : 434 / 1300
SCL #err weighted degeneracy : 418 418 410 414 412 419 
degeneracy helps : 59 59 70 75 77 77 
degeneracy worse : 43 43 46 55 55 62 
SCL #err deg : 470 / 1400
SCL #err weighted degeneracy : 451 451 443 447 445 453 
degeneracy helps : 66 66 77 82 84 84 
degeneracy worse : 47 47 50 59 59 67 
SCL #err deg : 500 / 1500
SCL #err weighted degeneracy : 486 486 477 484 481 488 
degeneracy helps : 70 70 82 88 90 90 
degeneracy worse : 56 56 59 72 71 78 
SCL #err deg : 530 / 1600
SCL #err weighted degeneracy : 515 515 506 512 509 516 
degeneracy helps : 73 73 86 93 95 95 
degeneracy worse : 59 59 62 75 74 81 
SCL #err deg : 555 / 1700
SCL #err weighted degeneracy : 543 543 531 537 534 541 
degeneracy helps : 75 75 91 98 100 100 
degeneracy worse : 64 64 67 80 79 86 
SCL #err deg : 583 / 1800
SCL #err weighted degeneracy : 568 568 555 561 559 566 
degeneracy helps : 78 78 96 104 106 106 
degeneracy worse : 64 64 68 82 82 89 
SCL #err deg : 614 / 1900
SCL #err weighted degeneracy : 601 601 588 595 591 597 
degeneracy helps : 84 84 102 110 114 114 
degeneracy worse : 72 72 76 91 91 97 
SCL #err deg : 645 / 2000
SCL #err weighted degeneracy : 628 628 616 624 620 626 
degeneracy helps : 88 88 106 114 119 119 
degeneracy worse : 72 72 77 93 94 100 
SCL #err deg : 682 / 2100
SCL #err weighted degeneracy : 664 664 651 660 658 664 
degeneracy helps : 95 95 115 123 128 128 
degeneracy worse : 78 78 84 101 104 110 
SCL #err deg : 716 / 2200
SCL #err weighted degeneracy : 696 696 681 690 690 695 
degeneracy helps : 99 99 122 131 136 137 
degeneracy worse : 80 80 87 105 110 116 
SCL #err deg : 746 / 2300
SCL #err weighted degeneracy : 722 723 708 715 716 721 
degeneracy helps : 104 103 127 138 143 144 
degeneracy worse : 81 81 89 107 113 119 
SCL #err deg : 774 / 2400
SCL #err weighted degeneracy : 743 744 728 734 737 742 
degeneracy helps : 112 111 136 148 153 154 
degeneracy worse : 82 82 90 108 116 122 
SCL #err deg : 804 / 2500
SCL #err weighted degeneracy : 775 776 759 763 766 771 
degeneracy helps : 116 115 142 156 161 162 
degeneracy worse : 88 88 97 115 123 129 
SCL #err deg : 839 / 2600
SCL #err weighted degeneracy : 807 808 791 794 797 802 
degeneracy helps : 122 121 149 165 170 171 
degeneracy worse : 91 91 101 120 128 134 
SCL #err deg : 871 / 2700
SCL #err weighted degeneracy : 833 834 818 823 826 832 
degeneracy helps : 128 127 155 171 176 177 
degeneracy worse : 91 91 102 123 131 138 
SCL #err deg : 898 / 2800
SCL #err weighted degeneracy : 861 862 850 854 857 863 
degeneracy helps : 133 132 161 178 183 184 
degeneracy worse : 97 97 113 134 142 149 
SCL #err deg : 937 / 2900
SCL #err weighted degeneracy : 887 889 879 883 886 891 
degeneracy helps : 148 146 176 194 199 201 
degeneracy worse : 99 99 118 140 148 155 
SCL #err deg : 972 / 3000
SCL #err weighted degeneracy : 924 926 916 919 922 928 
degeneracy helps : 153 151 181 199 204 206 
degeneracy worse : 106 106 125 146 154 162 
SCL #err deg : 1008 / 3100
SCL #err weighted degeneracy : 960 962 954 957 960 966 
degeneracy helps : 157 155 185 203 207 209 
degeneracy worse : 110 110 131 152 159 167 
SCL #err deg : 1038 / 3200
SCL #err weighted degeneracy : 985 987 982 986 989 995 
degeneracy helps : 162 160 190 208 212 214 
degeneracy worse : 110 110 134 156 163 171 
SCL #err deg : 1075 / 3300
SCL #err weighted degeneracy : 1018 1020 1013 1019 1022 1027 
degeneracy helps : 169 167 199 217 221 223 
degeneracy worse : 113 113 137 161 168 175 
SCL #err deg : 1105 / 3400
SCL #err weighted degeneracy : 1050 1052 1044 1053 1057 1063 
degeneracy helps : 172 170 203 221 225 226 
degeneracy worse : 118 118 142 169 177 184 
SCL #err deg : 1136 / 3500
SCL #err weighted degeneracy : 1083 1085 1075 1084 1089 1095 
degeneracy helps : 177 175 211 229 233 235 
degeneracy worse : 125 125 150 177 186 194 
SCL #err deg : 1167 / 3600
SCL #err weighted degeneracy : 1110 1112 1102 1110 1115 1122 
degeneracy helps : 185 183 221 239 243 244 
degeneracy worse : 129 129 156 182 191 199 
SCL #err deg : 1200 / 3700
SCL #err weighted degeneracy : 1142 1144 1129 1137 1143 1150 
degeneracy helps : 190 187 230 248 252 253 
degeneracy worse : 133 132 159 185 195 203 
SCL #err deg : 1232 / 3800
SCL #err weighted degeneracy : 1171 1173 1160 1169 1176 1183 
degeneracy helps : 196 193 236 255 259 260 
degeneracy worse : 136 135 164 192 203 211 
SCL #err deg : 1265 / 3900
SCL #err weighted degeneracy : 1200 1202 1189 1199 1206 1212 
degeneracy helps : 201 198 241 260 265 267 
degeneracy worse : 137 136 165 194 206 214 
SCL #err deg : 1294 / 4000
SCL #err weighted degeneracy : 1229 1231 1215 1224 1230 1236 
degeneracy helps : 205 202 248 268 274 277 
degeneracy worse : 141 140 169 198 210 219 
SCL #err deg : 1329 / 4100
SCL #err weighted degeneracy : 1260 1262 1246 1257 1262 1269 
degeneracy helps : 213 210 256 275 282 284 
degeneracy worse : 145 144 173 203 215 224 
SCL #err deg : 1351 / 4200
SCL #err weighted degeneracy : 1285 1287 1270 1281 1286 1293 
degeneracy helps : 214 211 258 277 284 286 
degeneracy worse : 149 148 177 207 219 228 
SCL #err deg : 1384 / 4300
SCL #err weighted degeneracy : 1317 1319 1301 1313 1317 1325 
degeneracy helps : 220 217 264 283 291 292 
degeneracy worse : 154 153 181 212 224 233 
SCL #err deg : 1420 / 4400
SCL #err weighted degeneracy : 1349 1351 1332 1344 1347 1356 
degeneracy helps : 228 225 272 291 300 300 
degeneracy worse : 158 157 184 215 227 236 
SCL #err deg : 1451 / 4500
SCL #err weighted degeneracy : 1375 1377 1356 1369 1372 1380 
degeneracy helps : 236 233 282 300 309 309 
degeneracy worse : 161 160 187 218 230 238 
SCL #err deg : 1476 / 4600
SCL #err weighted degeneracy : 1397 1399 1380 1393 1396 1404 
degeneracy helps : 243 240 289 307 316 316 
degeneracy worse : 165 164 193 224 236 244 
SCL #err deg : 1510 / 4700
SCL #err weighted degeneracy : 1425 1427 1407 1419 1422 1431 
degeneracy helps : 251 248 299 318 327 327 
degeneracy worse : 167 166 196 227 239 248 
SCL #err deg : 1535 / 4800
SCL #err weighted degeneracy : 1448 1450 1430 1442 1445 1454 
degeneracy helps : 255 252 304 323 332 332 
degeneracy worse : 169 168 199 230 242 251 
SCL #err deg : 1562 / 4900
SCL #err weighted degeneracy : 1475 1477 1457 1469 1472 1481 
degeneracy helps : 258 255 307 327 336 336 
degeneracy worse : 172 171 202 234 246 255 
SCL #err deg : 1597 / 5000
SCL #err weighted degeneracy : 1509 1511 1492 1503 1506 1514 
degeneracy helps : 262 259 311 332 341 342 
degeneracy worse : 175 174 206 238 250 259 
SCL #err deg : 1631 / 5100
SCL #err weighted degeneracy : 1544 1546 1529 1541 1543 1552 
degeneracy helps : 267 264 315 336 346 346 
degeneracy worse : 181 180 213 246 258 267 
SCL #err deg : 1662 / 5200
SCL #err weighted degeneracy : 1576 1578 1560 1571 1573 1583 
degeneracy helps : 274 271 324 346 356 355 
degeneracy worse : 189 188 222 255 267 276 
SCL #err deg : 1693 / 5300
SCL #err weighted degeneracy : 1603 1605 1586 1597 1599 1609 
degeneracy helps : 281 278 333 356 366 365 
degeneracy worse : 192 191 226 260 272 281 
SCL #err deg : 1720 / 5400
SCL #err weighted degeneracy : 1631 1633 1613 1623 1625 1635 
degeneracy helps : 288 285 341 364 374 373 
degeneracy worse : 200 199 234 267 279 288 
SCL #err deg : 1759 / 5500
SCL #err weighted degeneracy : 1664 1666 1644 1655 1656 1665 
degeneracy helps : 297 294 352 374 385 385 
degeneracy worse : 203 202 237 270 282 291 
SCL #err deg : 1790 / 5600
SCL #err weighted degeneracy : 1696 1698 1676 1689 1691 1701 
degeneracy helps : 301 298 357 379 389 389 
degeneracy worse : 208 207 243 278 290 300 
SCL #err deg : 1821 / 5700
SCL #err weighted degeneracy : 1727 1729 1707 1719 1721 1732 
degeneracy helps : 304 301 360 383 393 392 
degeneracy worse : 211 210 246 281 293 303 
SCL #err deg : 1852 / 5800
SCL #err weighted degeneracy : 1755 1757 1736 1748 1750 1761 
degeneracy helps : 311 308 367 390 400 399 
degeneracy worse : 215 214 251 286 298 308 
SCL #err deg : 1883 / 5900
SCL #err weighted degeneracy : 1785 1787 1763 1775 1776 1788 
degeneracy helps : 314 311 373 396 407 405 
degeneracy worse : 217 216 253 288 300 310 
SCL #err deg : 1916 / 6000
SCL #err weighted degeneracy : 1814 1817 1792 1804 1806 1819 
degeneracy helps : 322 318 382 405 415 413 
degeneracy worse : 221 220 258 293 305 316 
SCL #err deg : 1945 / 6100
SCL #err weighted degeneracy : 1849 1852 1826 1839 1840 1853 
degeneracy helps : 324 320 386 409 420 418 
degeneracy worse : 229 228 267 303 315 326 
SCL #err deg : 1978 / 6200
SCL #err weighted degeneracy : 1877 1880 1853 1864 1865 1879 
degeneracy helps : 333 329 396 421 432 430 
degeneracy worse : 233 232 271 307 319 331 
SCL #err deg : 2013 / 6300
SCL #err weighted degeneracy : 1908 1911 1884 1898 1898 1910 
degeneracy helps : 340 336 404 430 442 442 
degeneracy worse : 236 235 275 315 327 339 
SCL #err deg : 2053 / 6400
SCL #err weighted degeneracy : 1949 1952 1924 1938 1938 1950 
degeneracy helps : 344 340 410 436 448 448 
degeneracy worse : 241 240 281 321 333 345 
SCL #err deg : 2086 / 6500
SCL #err weighted degeneracy : 1980 1984 1953 1967 1968 1980 
degeneracy helps : 351 346 418 445 457 457 
degeneracy worse : 246 245 285 326 339 351 
SCL #err deg : 2121 / 6600
SCL #err weighted degeneracy : 2014 2018 1988 2000 2002 2014 
degeneracy helps : 354 349 421 451 463 463 
degeneracy worse : 248 247 288 330 344 356 
SCL #err deg : 2156 / 6700
SCL #err weighted degeneracy : 2045 2049 2013 2025 2028 2040 
degeneracy helps : 359 354 432 462 474 474 
degeneracy worse : 249 248 289 331 346 358 
SCL #err deg : 2190 / 6800
SCL #err weighted degeneracy : 2081 2085 2047 2058 2061 2072 
degeneracy helps : 367 362 439 469 481 483 
degeneracy worse : 259 258 296 337 352 365 
SCL #err deg : 2226 / 6900
SCL #err weighted degeneracy : 2109 2113 2076 2088 2091 2102 
degeneracy helps : 378 373 449 478 490 491 
degeneracy worse : 262 261 299 340 355 367 
SCL #err deg : 2258 / 7000
SCL #err weighted degeneracy : 2139 2143 2107 2119 2122 2134 
degeneracy helps : 383 378 454 483 495 496 
degeneracy worse : 265 264 303 344 359 372 
SCL #err deg : 2297 / 7100
SCL #err weighted degeneracy : 2179 2183 2147 2159 2163 2175 
degeneracy helps : 388 383 459 490 502 503 
degeneracy worse : 271 270 309 352 368 381 
SCL #err deg : 2329 / 7200
SCL #err weighted degeneracy : 2209 2213 2176 2189 2194 2207 
degeneracy helps : 394 389 467 498 510 510 
degeneracy worse : 275 274 314 358 375 388 
SCL #err deg : 2357 / 7300
SCL #err weighted degeneracy : 2238 2242 2206 2219 2224 2237 
degeneracy helps : 397 392 471 502 514 514 
degeneracy worse : 279 278 320 364 381 394 
SCL #err deg : 2380 / 7400
SCL #err weighted degeneracy : 2264 2268 2232 2245 2250 2262 
degeneracy helps : 400 395 474 505 517 518 
degeneracy worse : 285 284 326 370 387 400 
SCL #err deg : 2409 / 7500
SCL #err weighted degeneracy : 2294 2298 2260 2272 2277 2289 
degeneracy helps : 404 399 479 511 523 524 
degeneracy worse : 290 289 330 374 391 404 
SCL #err deg : 2443 / 7600
SCL #err weighted degeneracy : 2319 2323 2283 2295 2300 2311 
degeneracy helps : 413 408 490 523 535 537 
degeneracy worse : 290 289 330 375 392 405 
SCL #err deg : 2478 / 7700
SCL #err weighted degeneracy : 2353 2357 2316 2328 2333 2343 
degeneracy helps : 417 412 496 530 542 545 
degeneracy worse : 293 292 334 380 397 410 
SCL #err deg : 2508 / 7800
SCL #err weighted degeneracy : 2382 2386 2346 2359 2363 2373 
degeneracy helps : 425 420 504 539 551 554 
degeneracy worse : 300 299 342 390 406 419 
SCL #err deg : 2543 / 7900
SCL #err weighted degeneracy : 2417 2421 2382 2396 2398 2408 
degeneracy helps : 429 424 508 543 557 560 
degeneracy worse : 304 303 347 396 412 425 
SCL #err deg : 2570 / 8000
SCL #err weighted degeneracy : 2445 2449 2412 2428 2430 2440 
degeneracy helps : 432 427 511 546 560 563 
degeneracy worse : 308 307 353 404 420 433 
SCL #err deg : 2595 / 8100
SCL #err weighted degeneracy : 2470 2474 2436 2453 2455 2465 
degeneracy helps : 436 431 515 550 564 567 
degeneracy worse : 312 311 356 408 424 437 
SCL #err deg : 2625 / 8200
SCL #err weighted degeneracy : 2499 2503 2462 2480 2482 2491 
degeneracy helps : 438 433 520 555 569 572 
degeneracy worse : 313 312 357 410 426 438 
SCL #err deg : 2663 / 8300
SCL #err weighted degeneracy : 2535 2539 2498 2516 2519 2528 
degeneracy helps : 443 438 526 562 576 579 
degeneracy worse : 316 315 361 415 432 444 
SCL #err deg : 2689 / 8400
SCL #err weighted degeneracy : 2560 2564 2524 2543 2547 2556 
degeneracy helps : 447 442 530 567 581 584 
degeneracy worse : 319 318 365 421 439 451 
SCL #err deg : 2720 / 8500
SCL #err weighted degeneracy : 2585 2589 2549 2568 2572 2581 
degeneracy helps : 456 451 539 576 590 593 
degeneracy worse : 322 321 368 424 442 454 
SCL #err deg : 2756 / 8600
SCL #err weighted degeneracy : 2619 2623 2583 2603 2607 2617 
degeneracy helps : 459 454 542 579 593 595 
degeneracy worse : 323 322 369 426 444 456 
SCL #err deg : 2784 / 8700
SCL #err weighted degeneracy : 2649 2653 2613 2633 2637 2647 
degeneracy helps : 463 458 547 584 598 600 
degeneracy worse : 329 328 376 433 451 463 
SCL #err deg : 2809 / 8800
SCL #err weighted degeneracy : 2674 2678 2637 2656 2661 2671 
degeneracy helps : 467 462 552 589 603 605 
degeneracy worse : 333 332 380 436 455 467 
SCL #err deg : 2842 / 8900
SCL #err weighted degeneracy : 2705 2709 2670 2690 2693 2703 
degeneracy helps : 472 467 557 595 611 613 
degeneracy worse : 336 335 385 443 462 474 
SCL #err deg : 2881 / 9000
SCL #err weighted degeneracy : 2740 2744 2703 2724 2728 2738 
degeneracy helps : 478 473 566 604 620 622 
degeneracy worse : 338 337 388 447 467 479 
SCL #err deg : 2907 / 9100
SCL #err weighted degeneracy : 2771 2775 2735 2755 2759 2769 
degeneracy helps : 479 474 567 605 621 623 
degeneracy worse : 344 343 395 453 473 485 
SCL #err deg : 2941 / 9200
SCL #err weighted degeneracy : 2805 2809 2770 2789 2793 2803 
degeneracy helps : 484 479 573 611 627 629 
degeneracy worse : 349 348 402 459 479 491 
SCL #err deg : 2966 / 9300
SCL #err weighted degeneracy : 2832 2836 2798 2816 2820 2829 
degeneracy helps : 485 480 574 614 630 632 
degeneracy worse : 352 351 406 464 484 495 
SCL #err deg : 2999 / 9400
SCL #err weighted degeneracy : 2862 2866 2829 2846 2850 2861 
degeneracy helps : 491 486 580 621 637 639 
degeneracy worse : 355 354 410 468 488 501 
SCL #err deg : 3044 / 9500
SCL #err weighted degeneracy : 2905 2909 2870 2887 2891 2899 
degeneracy helps : 498 493 589 630 646 651 
degeneracy worse : 360 359 415 473 493 506 
SCL #err deg : 3070 / 9600
SCL #err weighted degeneracy : 2928 2932 2893 2909 2913 2921 
degeneracy helps : 503 498 595 637 653 658 
degeneracy worse : 362 361 418 476 496 509 
SCL #err deg : 3097 / 9700
SCL #err weighted degeneracy : 2954 2958 2918 2935 2939 2947 
degeneracy helps : 506 501 599 641 657 662 
degeneracy worse : 364 363 420 479 499 512 
SCL #err deg : 3128 / 9800
SCL #err weighted degeneracy : 2985 2989 2950 2966 2970 2978 
degeneracy helps : 512 507 605 649 666 671 
degeneracy worse : 370 369 427 487 508 521 
SCL #err deg : 3164 / 9900
SCL #err weighted degeneracy : 3022 3026 2987 3003 3004 3010 
degeneracy helps : 517 512 611 656 674 681 
degeneracy worse : 376 375 434 495 514 527 
SCL #err deg : 3195 / 10000
SCL #err weighted degeneracy : 3052 3055 3018 3035 3037 3043 
degeneracy helps : 523 518 617 662 679 686 
degeneracy worse : 381 379 440 502 521 534 
average #flips: 110.572
SCL #err considering degeneracy: 3195
error due to equal 300
error due to SCL smaller 2843
Finish in 12144 s
