Simulation Polar syndrome FASTER N=512, K=257, l=128, pz=0.107, #samples=10000, seed=22
PW construction
Event generator random seed: 22
SCL #err deg : 33 / 100
SCL #err weighted degeneracy : 31 31 33 35 35 36 
degeneracy helps : 7 7 7 8 9 8 
degeneracy worse : 5 5 7 10 11 11 
SCL #err deg : 69 / 200
SCL #err weighted degeneracy : 62 62 61 62 63 64 
degeneracy helps : 16 16 18 18 19 19 
degeneracy worse : 9 9 10 11 13 14 
SCL #err deg : 100 / 300
SCL #err weighted degeneracy : 94 94 90 92 94 96 
degeneracy helps : 21 21 25 26 26 26 
degeneracy worse : 15 15 15 18 20 22 
SCL #err deg : 123 / 400
SCL #err weighted degeneracy : 123 123 119 119 121 124 
degeneracy helps : 23 23 28 31 31 31 
degeneracy worse : 23 23 24 27 29 32 
SCL #err deg : 158 / 500
SCL #err weighted degeneracy : 158 158 155 154 156 161 
degeneracy helps : 29 29 34 39 38 38 
degeneracy worse : 29 29 31 35 36 41 
SCL #err deg : 189 / 600
SCL #err weighted degeneracy : 183 183 181 178 181 186 
degeneracy helps : 39 39 43 50 49 49 
degeneracy worse : 33 33 35 39 41 46 
SCL #err deg : 216 / 700
SCL #err weighted degeneracy : 209 209 206 203 206 211 
degeneracy helps : 44 45 49 57 57 58 
degeneracy worse : 38 38 39 44 47 53 
SCL #err deg : 253 / 800
SCL #err weighted degeneracy : 239 239 236 234 239 245 
degeneracy helps : 54 55 60 68 67 67 
degeneracy worse : 41 41 43 49 53 59 
SCL #err deg : 292 / 900
SCL #err weighted degeneracy : 278 278 276 275 279 283 
degeneracy helps : 60 61 66 75 75 76 
degeneracy worse : 47 47 50 58 62 67 
SCL #err deg : 326 / 1000
SCL #err weighted degeneracy : 313 313 311 309 314 317 
degeneracy helps : 68 69 73 83 84 86 
degeneracy worse : 56 56 58 66 72 77 
SCL #err deg : 367 / 1100
SCL #err weighted degeneracy : 347 347 345 342 346 350 
degeneracy helps : 80 81 85 97 98 99 
degeneracy worse : 61 61 63 72 77 82 
SCL #err deg : 400 / 1200
SCL #err weighted degeneracy : 373 373 370 370 375 378 
degeneracy helps : 87 88 94 106 106 107 
degeneracy worse : 61 61 64 76 81 85 
SCL #err deg : 429 / 1300
SCL #err weighted degeneracy : 403 403 398 398 403 406 
degeneracy helps : 92 93 101 114 114 115 
degeneracy worse : 67 67 70 83 88 92 
SCL #err deg : 461 / 1400
SCL #err weighted degeneracy : 432 432 426 427 430 434 
degeneracy helps : 99 100 109 123 124 124 
degeneracy worse : 71 71 74 89 93 97 
SCL #err deg : 494 / 1500
SCL #err weighted degeneracy : 464 464 457 454 458 462 
degeneracy helps : 104 105 115 134 136 135 
degeneracy worse : 75 75 78 94 100 103 
SCL #err deg : 522 / 1600
SCL #err weighted degeneracy : 489 489 483 482 484 487 
degeneracy helps : 109 110 120 139 143 143 
degeneracy worse : 77 77 81 99 105 108 
SCL #err deg : 557 / 1700
SCL #err weighted degeneracy : 520 521 513 512 514 518 
degeneracy helps : 115 115 128 148 152 152 
degeneracy worse : 79 79 84 103 109 113 
SCL #err deg : 586 / 1800
SCL #err weighted degeneracy : 551 552 543 543 546 550 
degeneracy helps : 121 121 135 154 158 158 
degeneracy worse : 87 87 92 111 118 122 
SCL #err deg : 612 / 1900
SCL #err weighted degeneracy : 576 577 566 568 572 574 
degeneracy helps : 129 129 144 163 167 169 
degeneracy worse : 94 94 98 119 127 131 
SCL #err deg : 646 / 2000
SCL #err weighted degeneracy : 607 608 599 604 606 608 
degeneracy helps : 138 138 154 174 179 181 
degeneracy worse : 100 100 107 132 139 143 
SCL #err deg : 686 / 2100
SCL #err weighted degeneracy : 647 648 640 645 646 649 
degeneracy helps : 143 143 160 181 187 190 
degeneracy worse : 105 105 114 140 147 153 
SCL #err deg : 716 / 2200
SCL #err weighted degeneracy : 675 676 667 673 674 675 
degeneracy helps : 152 152 170 191 198 201 
degeneracy worse : 112 112 121 148 156 160 
SCL #err deg : 747 / 2300
SCL #err weighted degeneracy : 704 705 692 698 698 700 
degeneracy helps : 160 160 181 203 210 213 
degeneracy worse : 118 118 126 154 161 166 
SCL #err deg : 778 / 2400
SCL #err weighted degeneracy : 741 742 730 734 734 737 
degeneracy helps : 163 163 185 210 218 221 
degeneracy worse : 127 127 137 166 174 180 
SCL #err deg : 811 / 2500
SCL #err weighted degeneracy : 770 771 759 766 766 769 
degeneracy helps : 171 171 195 218 226 230 
degeneracy worse : 131 131 143 173 181 188 
SCL #err deg : 843 / 2600
SCL #err weighted degeneracy : 797 798 789 797 798 802 
degeneracy helps : 179 179 203 227 235 239 
degeneracy worse : 134 134 149 181 190 198 
SCL #err deg : 878 / 2700
SCL #err weighted degeneracy : 825 826 816 823 824 829 
degeneracy helps : 192 192 217 242 250 254 
degeneracy worse : 140 140 155 187 196 205 
SCL #err deg : 907 / 2800
SCL #err weighted degeneracy : 852 853 841 848 850 854 
degeneracy helps : 200 200 226 251 258 263 
degeneracy worse : 146 146 160 192 201 210 
SCL #err deg : 938 / 2900
SCL #err weighted degeneracy : 883 884 876 885 887 892 
degeneracy helps : 204 204 229 255 262 267 
degeneracy worse : 150 150 167 202 211 221 
SCL #err deg : 976 / 3000
SCL #err weighted degeneracy : 917 918 909 919 923 927 
degeneracy helps : 215 215 241 266 273 278 
degeneracy worse : 157 157 174 209 220 229 
SCL #err deg : 999 / 3100
SCL #err weighted degeneracy : 941 942 932 944 948 952 
degeneracy helps : 222 222 249 273 280 285 
degeneracy worse : 165 165 182 218 229 238 
SCL #err deg : 1036 / 3200
SCL #err weighted degeneracy : 979 980 969 977 980 984 
degeneracy helps : 230 230 257 286 294 299 
degeneracy worse : 174 174 190 227 238 247 
SCL #err deg : 1068 / 3300
SCL #err weighted degeneracy : 1014 1015 1004 1011 1014 1020 
degeneracy helps : 236 236 265 295 303 306 
degeneracy worse : 183 183 201 238 249 258 
SCL #err deg : 1101 / 3400
SCL #err weighted degeneracy : 1042 1042 1035 1043 1046 1051 
degeneracy helps : 243 243 271 301 309 313 
degeneracy worse : 185 184 205 243 254 263 
SCL #err deg : 1126 / 3500
SCL #err weighted degeneracy : 1067 1067 1060 1071 1074 1080 
degeneracy helps : 248 248 276 305 313 316 
degeneracy worse : 190 189 210 250 261 270 
SCL #err deg : 1155 / 3600
SCL #err weighted degeneracy : 1101 1101 1092 1102 1106 1111 
degeneracy helps : 251 251 280 311 319 323 
degeneracy worse : 198 197 217 258 270 279 
SCL #err deg : 1186 / 3700
SCL #err weighted degeneracy : 1133 1133 1120 1129 1130 1135 
degeneracy helps : 254 254 286 318 329 333 
degeneracy worse : 202 201 220 261 273 282 
SCL #err deg : 1214 / 3800
SCL #err weighted degeneracy : 1164 1164 1150 1158 1158 1164 
degeneracy helps : 259 259 293 326 337 341 
degeneracy worse : 210 209 229 270 281 291 
SCL #err deg : 1246 / 3900
SCL #err weighted degeneracy : 1192 1192 1178 1185 1185 1193 
degeneracy helps : 266 266 300 333 345 349 
degeneracy worse : 213 212 232 272 284 296 
SCL #err deg : 1275 / 4000
SCL #err weighted degeneracy : 1220 1220 1206 1213 1212 1221 
degeneracy helps : 272 272 306 340 353 357 
degeneracy worse : 218 217 237 278 290 303 
SCL #err deg : 1308 / 4100
SCL #err weighted degeneracy : 1249 1249 1236 1245 1244 1251 
degeneracy helps : 281 281 316 350 363 368 
degeneracy worse : 223 222 244 287 299 311 
SCL #err deg : 1334 / 4200
SCL #err weighted degeneracy : 1272 1272 1260 1267 1265 1272 
degeneracy helps : 288 288 325 361 374 379 
degeneracy worse : 227 226 251 294 305 317 
SCL #err deg : 1365 / 4300
SCL #err weighted degeneracy : 1305 1305 1296 1303 1300 1304 
degeneracy helps : 292 292 329 368 382 389 
degeneracy worse : 233 232 260 306 317 328 
SCL #err deg : 1398 / 4400
SCL #err weighted degeneracy : 1338 1338 1327 1335 1332 1336 
degeneracy helps : 298 298 337 376 390 397 
degeneracy worse : 239 238 266 313 324 335 
SCL #err deg : 1431 / 4500
SCL #err weighted degeneracy : 1373 1373 1361 1366 1363 1365 
degeneracy helps : 302 302 341 384 398 407 
degeneracy worse : 245 244 271 319 330 341 
SCL #err deg : 1462 / 4600
SCL #err weighted degeneracy : 1399 1399 1388 1393 1393 1395 
degeneracy helps : 311 311 349 393 405 415 
degeneracy worse : 249 248 275 324 336 348 
SCL #err deg : 1491 / 4700
SCL #err weighted degeneracy : 1429 1429 1415 1421 1421 1424 
degeneracy helps : 316 316 356 401 413 423 
degeneracy worse : 255 254 280 331 343 356 
SCL #err deg : 1525 / 4800
SCL #err weighted degeneracy : 1456 1456 1442 1448 1450 1454 
degeneracy helps : 324 324 365 410 421 431 
degeneracy worse : 256 255 282 333 346 360 
SCL #err deg : 1552 / 4900
SCL #err weighted degeneracy : 1483 1484 1470 1474 1476 1481 
degeneracy helps : 331 330 372 419 430 441 
degeneracy worse : 263 262 290 341 354 370 
SCL #err deg : 1587 / 5000
SCL #err weighted degeneracy : 1509 1510 1496 1503 1505 1510 
degeneracy helps : 341 340 383 430 441 452 
degeneracy worse : 264 263 292 346 359 375 
SCL #err deg : 1615 / 5100
SCL #err weighted degeneracy : 1540 1541 1529 1537 1538 1545 
degeneracy helps : 345 344 389 436 448 459 
degeneracy worse : 271 270 303 358 371 389 
SCL #err deg : 1640 / 5200
SCL #err weighted degeneracy : 1569 1570 1559 1568 1568 1574 
degeneracy helps : 349 348 393 441 454 465 
degeneracy worse : 279 278 312 369 382 399 
SCL #err deg : 1665 / 5300
SCL #err weighted degeneracy : 1593 1594 1583 1591 1590 1597 
degeneracy helps : 355 354 400 451 465 476 
degeneracy worse : 284 283 318 377 390 408 
SCL #err deg : 1697 / 5400
SCL #err weighted degeneracy : 1621 1621 1611 1621 1620 1627 
degeneracy helps : 362 361 407 458 473 484 
degeneracy worse : 287 285 321 382 396 414 
SCL #err deg : 1726 / 5500
SCL #err weighted degeneracy : 1651 1651 1640 1654 1653 1661 
degeneracy helps : 367 366 413 465 480 491 
degeneracy worse : 293 291 327 393 407 426 
SCL #err deg : 1750 / 5600
SCL #err weighted degeneracy : 1677 1676 1666 1678 1676 1684 
degeneracy helps : 371 370 417 471 486 498 
degeneracy worse : 299 296 333 399 412 432 
SCL #err deg : 1782 / 5700
SCL #err weighted degeneracy : 1708 1707 1695 1707 1705 1715 
degeneracy helps : 377 376 424 478 493 505 
degeneracy worse : 304 301 337 403 416 438 
SCL #err deg : 1812 / 5800
SCL #err weighted degeneracy : 1738 1737 1724 1736 1733 1740 
degeneracy helps : 386 385 435 489 505 519 
degeneracy worse : 313 310 347 413 426 447 
SCL #err deg : 1836 / 5900
SCL #err weighted degeneracy : 1766 1764 1752 1764 1761 1768 
degeneracy helps : 390 389 440 496 512 526 
degeneracy worse : 321 317 356 424 437 458 
SCL #err deg : 1866 / 6000
SCL #err weighted degeneracy : 1793 1791 1779 1792 1789 1797 
degeneracy helps : 398 397 448 504 520 534 
degeneracy worse : 326 322 361 430 443 465 
SCL #err deg : 1897 / 6100
SCL #err weighted degeneracy : 1820 1818 1807 1821 1817 1824 
degeneracy helps : 406 405 456 512 529 543 
degeneracy worse : 330 326 366 436 449 470 
SCL #err deg : 1928 / 6200
SCL #err weighted degeneracy : 1846 1844 1833 1846 1844 1852 
degeneracy helps : 414 413 465 521 538 552 
degeneracy worse : 333 329 370 439 454 476 
SCL #err deg : 1960 / 6300
SCL #err weighted degeneracy : 1878 1876 1866 1877 1875 1884 
degeneracy helps : 422 421 473 531 548 561 
degeneracy worse : 341 337 379 448 463 485 
SCL #err deg : 2002 / 6400
SCL #err weighted degeneracy : 1918 1916 1905 1917 1915 1923 
degeneracy helps : 428 427 480 538 555 569 
degeneracy worse : 345 341 383 453 468 490 
SCL #err deg : 2035 / 6500
SCL #err weighted degeneracy : 1948 1946 1932 1941 1938 1949 
degeneracy helps : 436 435 491 552 570 583 
degeneracy worse : 350 346 388 458 473 497 
SCL #err deg : 2062 / 6600
SCL #err weighted degeneracy : 1969 1967 1953 1965 1961 1972 
degeneracy helps : 444 443 500 561 579 592 
degeneracy worse : 352 348 391 464 478 502 
SCL #err deg : 2092 / 6700
SCL #err weighted degeneracy : 1996 1994 1982 1996 1992 2003 
degeneracy helps : 453 452 509 570 589 602 
degeneracy worse : 358 354 399 474 489 513 
SCL #err deg : 2122 / 6800
SCL #err weighted degeneracy : 2022 2020 2010 2023 2019 2030 
degeneracy helps : 464 463 520 581 601 614 
degeneracy worse : 365 361 408 482 498 522 
SCL #err deg : 2153 / 6900
SCL #err weighted degeneracy : 2052 2049 2040 2054 2049 2060 
degeneracy helps : 470 469 526 586 607 621 
degeneracy worse : 370 365 413 487 503 528 
SCL #err deg : 2186 / 7000
SCL #err weighted degeneracy : 2080 2077 2069 2080 2074 2084 
degeneracy helps : 476 475 534 596 618 633 
degeneracy worse : 371 366 417 490 506 531 
SCL #err deg : 2210 / 7100
SCL #err weighted degeneracy : 2104 2101 2092 2104 2098 2109 
degeneracy helps : 482 481 541 603 626 641 
degeneracy worse : 377 372 423 497 514 540 
SCL #err deg : 2229 / 7200
SCL #err weighted degeneracy : 2125 2122 2113 2124 2118 2129 
degeneracy helps : 487 486 547 610 633 648 
degeneracy worse : 384 379 431 505 522 548 
SCL #err deg : 2263 / 7300
SCL #err weighted degeneracy : 2157 2154 2144 2157 2151 2165 
degeneracy helps : 493 492 554 618 642 657 
degeneracy worse : 388 383 435 512 530 559 
SCL #err deg : 2297 / 7400
SCL #err weighted degeneracy : 2186 2183 2171 2185 2178 2191 
degeneracy helps : 502 501 566 630 655 671 
degeneracy worse : 392 387 440 518 536 565 
SCL #err deg : 2315 / 7500
SCL #err weighted degeneracy : 2210 2207 2193 2207 2203 2218 
degeneracy helps : 504 503 570 634 659 676 
degeneracy worse : 400 395 448 526 547 579 
SCL #err deg : 2343 / 7600
SCL #err weighted degeneracy : 2237 2234 2221 2236 2232 2248 
degeneracy helps : 508 507 574 638 663 680 
degeneracy worse : 403 398 452 531 552 585 
SCL #err deg : 2367 / 7700
SCL #err weighted degeneracy : 2262 2259 2249 2266 2264 2280 
degeneracy helps : 515 514 581 644 668 685 
degeneracy worse : 411 406 463 543 565 598 
SCL #err deg : 2400 / 7800
SCL #err weighted degeneracy : 2294 2291 2283 2298 2296 2313 
degeneracy helps : 520 519 587 652 676 693 
degeneracy worse : 415 410 470 550 572 606 
SCL #err deg : 2431 / 7900
SCL #err weighted degeneracy : 2319 2316 2305 2320 2320 2336 
degeneracy helps : 529 528 599 664 688 705 
degeneracy worse : 418 413 473 553 577 610 
SCL #err deg : 2465 / 8000
SCL #err weighted degeneracy : 2352 2349 2338 2351 2352 2368 
degeneracy helps : 538 537 610 677 701 717 
degeneracy worse : 426 421 483 563 588 620 
SCL #err deg : 2494 / 8100
SCL #err weighted degeneracy : 2373 2370 2360 2373 2375 2390 
degeneracy helps : 548 547 619 688 711 728 
degeneracy worse : 428 423 485 567 592 624 
SCL #err deg : 2531 / 8200
SCL #err weighted degeneracy : 2407 2404 2395 2408 2409 2424 
degeneracy helps : 556 555 627 697 721 738 
degeneracy worse : 433 428 491 574 599 631 
SCL #err deg : 2564 / 8300
SCL #err weighted degeneracy : 2441 2438 2430 2445 2445 2460 
degeneracy helps : 562 561 633 703 728 745 
degeneracy worse : 440 435 499 584 609 641 
SCL #err deg : 2599 / 8400
SCL #err weighted degeneracy : 2474 2471 2463 2475 2474 2488 
degeneracy helps : 569 568 640 712 738 756 
degeneracy worse : 445 440 504 588 613 645 
SCL #err deg : 2632 / 8500
SCL #err weighted degeneracy : 2507 2505 2498 2510 2507 2521 
degeneracy helps : 577 576 647 720 748 766 
degeneracy worse : 453 449 513 598 623 655 
SCL #err deg : 2667 / 8600
SCL #err weighted degeneracy : 2537 2535 2525 2538 2533 2548 
degeneracy helps : 589 588 662 734 764 782 
degeneracy worse : 460 456 520 605 630 663 
SCL #err deg : 2696 / 8700
SCL #err weighted degeneracy : 2567 2565 2555 2565 2560 2575 
degeneracy helps : 593 592 667 742 772 790 
degeneracy worse : 465 461 526 611 636 669 
SCL #err deg : 2728 / 8800
SCL #err weighted degeneracy : 2594 2592 2581 2593 2589 2604 
degeneracy helps : 599 598 674 749 779 797 
degeneracy worse : 466 462 527 614 640 673 
SCL #err deg : 2755 / 8900
SCL #err weighted degeneracy : 2624 2622 2609 2620 2616 2631 
degeneracy helps : 601 600 678 754 784 802 
degeneracy worse : 471 467 532 619 645 678 
SCL #err deg : 2791 / 9000
SCL #err weighted degeneracy : 2655 2653 2640 2650 2645 2659 
degeneracy helps : 611 610 688 767 798 817 
degeneracy worse : 476 472 537 626 652 685 
SCL #err deg : 2837 / 9100
SCL #err weighted degeneracy : 2694 2692 2677 2689 2683 2698 
degeneracy helps : 622 621 703 781 812 830 
degeneracy worse : 480 476 543 633 658 691 
SCL #err deg : 2870 / 9200
SCL #err weighted degeneracy : 2718 2716 2700 2711 2705 2720 
degeneracy helps : 633 632 715 794 825 843 
degeneracy worse : 482 478 545 635 660 693 
SCL #err deg : 2897 / 9300
SCL #err weighted degeneracy : 2743 2741 2727 2739 2733 2749 
degeneracy helps : 637 636 720 800 831 849 
degeneracy worse : 484 480 550 642 667 701 
SCL #err deg : 2933 / 9400
SCL #err weighted degeneracy : 2774 2772 2758 2770 2762 2780 
degeneracy helps : 644 643 727 808 841 859 
degeneracy worse : 486 482 552 645 670 706 
SCL #err deg : 2962 / 9500
SCL #err weighted degeneracy : 2799 2797 2782 2792 2786 2807 
degeneracy helps : 651 651 736 819 853 870 
degeneracy worse : 490 486 556 649 677 715 
SCL #err deg : 2989 / 9600
SCL #err weighted degeneracy : 2825 2823 2808 2820 2815 2837 
degeneracy helps : 660 660 746 827 861 878 
degeneracy worse : 498 494 565 658 687 726 
SCL #err deg : 3017 / 9700
SCL #err weighted degeneracy : 2850 2848 2834 2852 2848 2870 
degeneracy helps : 665 665 751 832 866 883 
degeneracy worse : 500 496 568 667 697 736 
SCL #err deg : 3049 / 9800
SCL #err weighted degeneracy : 2878 2876 2858 2877 2874 2894 
degeneracy helps : 675 675 764 845 879 897 
degeneracy worse : 506 502 573 673 704 742 
SCL #err deg : 3076 / 9900
SCL #err weighted degeneracy : 2900 2898 2879 2899 2897 2917 
degeneracy helps : 684 684 774 855 889 907 
degeneracy worse : 510 506 577 678 710 748 
SCL #err deg : 3112 / 10000
SCL #err weighted degeneracy : 2930 2928 2908 2931 2927 2950 
degeneracy helps : 694 694 785 865 901 917 
degeneracy worse : 514 510 581 684 716 755 
average #flips: 54.771
SCL #err considering degeneracy: 3112
error due to equal 529
error due to SCL smaller 2579
Finish in 5053 s
