Simulation Polar syndrome FASTER N=512, K=257, l=128, pz=0.108, #samples=10000, seed=22
PW construction
Event generator random seed: 22
SCL #err deg : 28 / 100
SCL #err weighted degeneracy : 28 28 31 33 34 33 
degeneracy helps : 6 6 6 7 7 7 
degeneracy worse : 6 6 9 12 13 12 
SCL #err deg : 65 / 200
SCL #err weighted degeneracy : 61 61 62 61 63 62 
degeneracy helps : 15 15 17 19 19 19 
degeneracy worse : 11 11 14 15 17 16 
SCL #err deg : 102 / 300
SCL #err weighted degeneracy : 97 97 95 95 98 97 
degeneracy helps : 20 20 24 26 25 25 
degeneracy worse : 15 15 17 19 21 20 
SCL #err deg : 130 / 400
SCL #err weighted degeneracy : 127 127 126 123 126 125 
degeneracy helps : 24 24 29 33 32 33 
degeneracy worse : 21 21 25 26 28 28 
SCL #err deg : 165 / 500
SCL #err weighted degeneracy : 163 163 164 160 163 162 
degeneracy helps : 30 30 35 41 39 41 
degeneracy worse : 28 28 34 36 37 38 
SCL #err deg : 197 / 600
SCL #err weighted degeneracy : 193 193 194 189 191 189 
degeneracy helps : 40 40 45 52 51 54 
degeneracy worse : 36 36 42 44 45 46 
SCL #err deg : 230 / 700
SCL #err weighted degeneracy : 227 227 225 221 224 220 
degeneracy helps : 46 46 52 59 59 64 
degeneracy worse : 43 43 47 50 53 54 
SCL #err deg : 267 / 800
SCL #err weighted degeneracy : 258 258 256 252 257 253 
degeneracy helps : 55 55 62 69 68 73 
degeneracy worse : 46 46 51 54 58 59 
SCL #err deg : 305 / 900
SCL #err weighted degeneracy : 298 298 296 292 297 292 
degeneracy helps : 62 62 70 79 78 84 
degeneracy worse : 55 55 61 66 70 71 
SCL #err deg : 341 / 1000
SCL #err weighted degeneracy : 335 335 332 330 335 330 
degeneracy helps : 67 67 75 84 84 91 
degeneracy worse : 61 61 66 73 78 80 
SCL #err deg : 382 / 1100
SCL #err weighted degeneracy : 372 372 371 368 370 366 
degeneracy helps : 78 78 86 97 98 104 
degeneracy worse : 68 68 75 83 86 88 
SCL #err deg : 414 / 1200
SCL #err weighted degeneracy : 400 400 399 398 401 397 
degeneracy helps : 84 84 94 105 105 111 
degeneracy worse : 70 70 79 89 92 94 
SCL #err deg : 443 / 1300
SCL #err weighted degeneracy : 430 430 427 427 430 427 
degeneracy helps : 89 89 101 112 112 118 
degeneracy worse : 76 76 85 96 99 102 
SCL #err deg : 473 / 1400
SCL #err weighted degeneracy : 459 459 456 456 458 456 
degeneracy helps : 94 94 106 118 118 125 
degeneracy worse : 80 80 89 101 103 108 
SCL #err deg : 506 / 1500
SCL #err weighted degeneracy : 490 490 486 483 484 482 
degeneracy helps : 101 101 114 130 131 137 
degeneracy worse : 85 85 94 107 109 113 
SCL #err deg : 535 / 1600
SCL #err weighted degeneracy : 514 514 510 510 510 508 
degeneracy helps : 108 108 121 137 139 145 
degeneracy worse : 87 87 96 112 114 118 
SCL #err deg : 574 / 1700
SCL #err weighted degeneracy : 547 547 541 540 539 538 
degeneracy helps : 117 117 132 150 153 158 
degeneracy worse : 90 90 99 116 118 122 
SCL #err deg : 602 / 1800
SCL #err weighted degeneracy : 578 578 572 570 569 569 
degeneracy helps : 124 124 139 158 161 166 
degeneracy worse : 100 100 109 126 128 133 
SCL #err deg : 626 / 1900
SCL #err weighted degeneracy : 604 604 597 594 594 593 
degeneracy helps : 129 129 144 165 168 175 
degeneracy worse : 107 107 115 133 136 142 
SCL #err deg : 660 / 2000
SCL #err weighted degeneracy : 638 638 632 631 631 629 
degeneracy helps : 139 139 156 178 181 188 
degeneracy worse : 117 117 128 149 152 157 
SCL #err deg : 698 / 2100
SCL #err weighted degeneracy : 677 677 672 671 671 671 
degeneracy helps : 141 141 158 181 184 191 
degeneracy worse : 120 120 132 154 157 164 
SCL #err deg : 725 / 2200
SCL #err weighted degeneracy : 706 706 701 701 702 700 
degeneracy helps : 146 146 163 186 190 197 
degeneracy worse : 127 127 139 162 167 172 
SCL #err deg : 758 / 2300
SCL #err weighted degeneracy : 738 738 731 732 734 732 
degeneracy helps : 154 154 174 197 201 208 
degeneracy worse : 134 134 147 171 177 182 
SCL #err deg : 791 / 2400
SCL #err weighted degeneracy : 772 772 765 764 767 765 
degeneracy helps : 159 159 181 207 211 218 
degeneracy worse : 140 140 155 180 187 192 
SCL #err deg : 827 / 2500
SCL #err weighted degeneracy : 804 804 797 798 802 800 
degeneracy helps : 169 169 192 215 219 227 
degeneracy worse : 146 146 162 186 194 200 
SCL #err deg : 863 / 2600
SCL #err weighted degeneracy : 835 835 829 828 837 836 
degeneracy helps : 175 175 198 223 227 235 
degeneracy worse : 147 147 164 188 201 208 
SCL #err deg : 900 / 2700
SCL #err weighted degeneracy : 865 865 857 855 865 865 
degeneracy helps : 188 188 213 238 242 250 
degeneracy worse : 153 153 170 193 207 215 
SCL #err deg : 925 / 2800
SCL #err weighted degeneracy : 897 897 883 882 892 891 
degeneracy helps : 192 192 221 246 250 259 
degeneracy worse : 164 164 179 203 217 225 
SCL #err deg : 957 / 2900
SCL #err weighted degeneracy : 922 922 913 916 926 924 
degeneracy helps : 199 199 226 250 254 264 
degeneracy worse : 164 164 182 209 223 231 
SCL #err deg : 1000 / 3000
SCL #err weighted degeneracy : 956 956 946 951 960 959 
degeneracy helps : 215 215 243 265 270 279 
degeneracy worse : 171 171 189 216 230 238 
SCL #err deg : 1024 / 3100
SCL #err weighted degeneracy : 981 981 972 975 985 985 
degeneracy helps : 224 224 252 275 280 288 
degeneracy worse : 181 181 200 226 241 249 
SCL #err deg : 1063 / 3200
SCL #err weighted degeneracy : 1024 1024 1013 1012 1022 1023 
degeneracy helps : 228 228 259 287 292 300 
degeneracy worse : 189 189 209 236 251 260 
SCL #err deg : 1094 / 3300
SCL #err weighted degeneracy : 1059 1059 1049 1048 1058 1060 
degeneracy helps : 235 235 266 294 299 305 
degeneracy worse : 200 200 221 248 263 271 
SCL #err deg : 1121 / 3400
SCL #err weighted degeneracy : 1089 1088 1082 1080 1089 1091 
degeneracy helps : 241 241 272 301 306 312 
degeneracy worse : 209 208 233 260 274 282 
SCL #err deg : 1149 / 3500
SCL #err weighted degeneracy : 1113 1112 1107 1108 1117 1120 
degeneracy helps : 250 250 280 308 313 318 
degeneracy worse : 214 213 238 267 281 289 
SCL #err deg : 1182 / 3600
SCL #err weighted degeneracy : 1149 1148 1141 1139 1148 1149 
degeneracy helps : 255 255 286 317 322 329 
degeneracy worse : 222 221 245 274 288 296 
SCL #err deg : 1215 / 3700
SCL #err weighted degeneracy : 1181 1180 1170 1168 1176 1177 
degeneracy helps : 259 259 292 324 331 338 
degeneracy worse : 225 224 247 277 292 300 
SCL #err deg : 1248 / 3800
SCL #err weighted degeneracy : 1214 1213 1203 1199 1207 1208 
degeneracy helps : 264 264 298 332 339 346 
degeneracy worse : 230 229 253 283 298 306 
SCL #err deg : 1282 / 3900
SCL #err weighted degeneracy : 1243 1242 1232 1227 1235 1239 
degeneracy helps : 276 276 310 344 352 358 
degeneracy worse : 237 236 260 289 305 315 
SCL #err deg : 1311 / 4000
SCL #err weighted degeneracy : 1273 1272 1262 1258 1265 1270 
degeneracy helps : 281 281 317 352 361 367 
degeneracy worse : 243 242 268 299 315 326 
SCL #err deg : 1342 / 4100
SCL #err weighted degeneracy : 1302 1301 1290 1290 1297 1301 
degeneracy helps : 288 288 326 361 370 377 
degeneracy worse : 248 247 274 309 325 336 
SCL #err deg : 1375 / 4200
SCL #err weighted degeneracy : 1328 1327 1315 1313 1320 1325 
degeneracy helps : 297 297 338 375 384 391 
degeneracy worse : 250 249 278 313 329 341 
SCL #err deg : 1404 / 4300
SCL #err weighted degeneracy : 1362 1361 1353 1352 1359 1363 
degeneracy helps : 299 299 341 380 389 396 
degeneracy worse : 257 256 290 328 344 355 
SCL #err deg : 1437 / 4400
SCL #err weighted degeneracy : 1395 1394 1385 1385 1392 1395 
degeneracy helps : 308 308 352 392 401 408 
degeneracy worse : 266 265 300 340 356 366 
SCL #err deg : 1474 / 4500
SCL #err weighted degeneracy : 1431 1430 1421 1418 1425 1426 
degeneracy helps : 312 312 356 401 410 419 
degeneracy worse : 269 268 303 345 361 371 
SCL #err deg : 1507 / 4600
SCL #err weighted degeneracy : 1460 1459 1450 1447 1456 1457 
degeneracy helps : 321 321 365 411 419 429 
degeneracy worse : 274 273 308 351 368 379 
SCL #err deg : 1544 / 4700
SCL #err weighted degeneracy : 1493 1492 1480 1477 1488 1489 
degeneracy helps : 328 328 375 423 430 440 
degeneracy worse : 277 276 311 356 374 385 
SCL #err deg : 1577 / 4800
SCL #err weighted degeneracy : 1523 1522 1510 1509 1520 1523 
degeneracy helps : 335 335 383 430 437 447 
degeneracy worse : 281 280 316 362 380 393 
SCL #err deg : 1607 / 4900
SCL #err weighted degeneracy : 1556 1556 1543 1539 1551 1553 
degeneracy helps : 341 340 389 439 446 457 
degeneracy worse : 290 289 325 371 390 403 
SCL #err deg : 1641 / 5000
SCL #err weighted degeneracy : 1582 1582 1570 1569 1582 1584 
degeneracy helps : 352 351 400 450 456 467 
degeneracy worse : 293 292 329 378 397 410 
SCL #err deg : 1672 / 5100
SCL #err weighted degeneracy : 1608 1608 1599 1598 1611 1614 
degeneracy helps : 363 362 411 462 468 479 
degeneracy worse : 299 298 338 388 407 421 
SCL #err deg : 1695 / 5200
SCL #err weighted degeneracy : 1636 1636 1630 1629 1641 1642 
degeneracy helps : 367 366 415 466 473 485 
degeneracy worse : 308 307 350 400 419 432 
SCL #err deg : 1722 / 5300
SCL #err weighted degeneracy : 1663 1663 1656 1653 1665 1666 
degeneracy helps : 373 372 423 477 484 496 
degeneracy worse : 314 313 357 408 427 440 
SCL #err deg : 1757 / 5400
SCL #err weighted degeneracy : 1694 1693 1688 1685 1695 1696 
degeneracy helps : 380 379 431 485 494 506 
degeneracy worse : 317 315 362 413 432 445 
SCL #err deg : 1789 / 5500
SCL #err weighted degeneracy : 1724 1723 1719 1720 1730 1732 
degeneracy helps : 390 389 440 494 503 515 
degeneracy worse : 325 323 370 425 444 458 
SCL #err deg : 1812 / 5600
SCL #err weighted degeneracy : 1746 1745 1743 1743 1752 1754 
degeneracy helps : 395 394 445 501 510 523 
degeneracy worse : 329 327 376 432 450 465 
SCL #err deg : 1846 / 5700
SCL #err weighted degeneracy : 1783 1782 1778 1780 1789 1789 
degeneracy helps : 401 400 451 506 515 530 
degeneracy worse : 338 336 383 440 458 473 
SCL #err deg : 1882 / 5800
SCL #err weighted degeneracy : 1816 1815 1808 1809 1818 1814 
degeneracy helps : 409 408 462 520 529 547 
degeneracy worse : 343 341 388 447 465 479 
SCL #err deg : 1913 / 5900
SCL #err weighted degeneracy : 1850 1849 1841 1844 1853 1847 
degeneracy helps : 415 414 469 527 536 555 
degeneracy worse : 352 350 397 458 476 489 
SCL #err deg : 1945 / 6000
SCL #err weighted degeneracy : 1876 1875 1868 1871 1880 1875 
degeneracy helps : 424 423 478 537 546 565 
degeneracy worse : 355 353 401 463 481 495 
SCL #err deg : 1979 / 6100
SCL #err weighted degeneracy : 1910 1909 1903 1907 1915 1910 
degeneracy helps : 430 429 484 542 552 571 
degeneracy worse : 361 359 408 470 488 502 
SCL #err deg : 2012 / 6200
SCL #err weighted degeneracy : 1939 1938 1932 1937 1949 1943 
degeneracy helps : 438 437 492 550 560 580 
degeneracy worse : 365 363 412 475 497 511 
SCL #err deg : 2045 / 6300
SCL #err weighted degeneracy : 1968 1967 1961 1967 1978 1974 
degeneracy helps : 447 446 502 560 571 589 
degeneracy worse : 370 368 418 482 504 518 
SCL #err deg : 2092 / 6400
SCL #err weighted degeneracy : 2010 2009 2002 2007 2018 2013 
degeneracy helps : 456 455 512 571 583 603 
degeneracy worse : 374 372 422 486 509 524 
SCL #err deg : 2123 / 6500
SCL #err weighted degeneracy : 2040 2039 2031 2034 2046 2044 
degeneracy helps : 463 462 520 582 593 612 
degeneracy worse : 380 378 428 493 516 533 
SCL #err deg : 2150 / 6600
SCL #err weighted degeneracy : 2064 2063 2056 2060 2071 2068 
degeneracy helps : 472 471 529 591 602 621 
degeneracy worse : 386 384 435 501 523 539 
SCL #err deg : 2183 / 6700
SCL #err weighted degeneracy : 2093 2092 2087 2093 2104 2100 
degeneracy helps : 481 480 538 600 611 631 
degeneracy worse : 391 389 442 510 532 548 
SCL #err deg : 2216 / 6800
SCL #err weighted degeneracy : 2121 2120 2116 2124 2135 2132 
degeneracy helps : 491 490 550 611 623 643 
degeneracy worse : 396 394 450 519 542 559 
SCL #err deg : 2250 / 6900
SCL #err weighted degeneracy : 2153 2152 2148 2157 2168 2163 
degeneracy helps : 498 497 558 619 632 653 
degeneracy worse : 401 399 456 526 550 566 
SCL #err deg : 2282 / 7000
SCL #err weighted degeneracy : 2179 2178 2176 2183 2193 2188 
degeneracy helps : 509 508 569 632 646 667 
degeneracy worse : 406 404 463 533 557 573 
SCL #err deg : 2308 / 7100
SCL #err weighted degeneracy : 2205 2204 2202 2211 2222 2218 
degeneracy helps : 513 512 575 638 652 673 
degeneracy worse : 410 408 469 541 566 583 
SCL #err deg : 2336 / 7200
SCL #err weighted degeneracy : 2228 2227 2227 2236 2247 2242 
degeneracy helps : 524 523 586 650 664 685 
degeneracy worse : 416 414 477 550 575 591 
SCL #err deg : 2371 / 7300
SCL #err weighted degeneracy : 2263 2262 2263 2273 2283 2280 
degeneracy helps : 528 527 590 655 671 692 
degeneracy worse : 420 418 482 557 583 601 
SCL #err deg : 2408 / 7400
SCL #err weighted degeneracy : 2296 2295 2292 2301 2310 2306 
degeneracy helps : 535 534 601 667 684 706 
degeneracy worse : 423 421 485 560 586 604 
SCL #err deg : 2432 / 7500
SCL #err weighted degeneracy : 2323 2322 2317 2325 2337 2333 
degeneracy helps : 541 540 609 677 693 716 
degeneracy worse : 432 430 494 570 598 617 
SCL #err deg : 2461 / 7600
SCL #err weighted degeneracy : 2353 2352 2347 2356 2368 2365 
degeneracy helps : 546 545 615 683 699 722 
degeneracy worse : 438 436 501 578 606 626 
SCL #err deg : 2485 / 7700
SCL #err weighted degeneracy : 2377 2376 2373 2382 2394 2395 
degeneracy helps : 552 551 621 689 705 728 
degeneracy worse : 444 442 509 586 614 638 
SCL #err deg : 2518 / 7800
SCL #err weighted degeneracy : 2406 2405 2403 2411 2423 2425 
degeneracy helps : 559 558 629 699 715 738 
degeneracy worse : 447 445 514 592 620 645 
SCL #err deg : 2549 / 7900
SCL #err weighted degeneracy : 2433 2432 2427 2438 2452 2453 
degeneracy helps : 566 565 639 708 724 747 
degeneracy worse : 450 448 517 597 627 651 
SCL #err deg : 2586 / 8000
SCL #err weighted degeneracy : 2466 2465 2461 2467 2481 2483 
degeneracy helps : 575 574 649 721 738 760 
degeneracy worse : 455 453 524 602 633 657 
SCL #err deg : 2615 / 8100
SCL #err weighted degeneracy : 2489 2488 2484 2492 2507 2508 
degeneracy helps : 584 583 657 730 746 769 
degeneracy worse : 458 456 526 607 638 662 
SCL #err deg : 2651 / 8200
SCL #err weighted degeneracy : 2526 2525 2522 2529 2542 2544 
degeneracy helps : 591 590 664 738 755 777 
degeneracy worse : 466 464 535 616 646 670 
SCL #err deg : 2688 / 8300
SCL #err weighted degeneracy : 2564 2563 2560 2569 2581 2583 
degeneracy helps : 597 596 670 745 763 785 
degeneracy worse : 473 471 542 626 656 680 
SCL #err deg : 2722 / 8400
SCL #err weighted degeneracy : 2596 2595 2592 2597 2609 2611 
degeneracy helps : 604 603 677 755 773 795 
degeneracy worse : 478 476 547 630 660 684 
SCL #err deg : 2755 / 8500
SCL #err weighted degeneracy : 2633 2632 2629 2635 2644 2645 
degeneracy helps : 611 611 684 763 783 806 
degeneracy worse : 489 488 558 643 672 696 
SCL #err deg : 2791 / 8600
SCL #err weighted degeneracy : 2664 2663 2657 2665 2674 2676 
degeneracy helps : 622 622 698 775 795 818 
degeneracy worse : 495 494 564 649 678 703 
SCL #err deg : 2822 / 8700
SCL #err weighted degeneracy : 2690 2689 2682 2691 2700 2702 
degeneracy helps : 630 630 707 784 804 827 
degeneracy worse : 498 497 567 653 682 707 
SCL #err deg : 2851 / 8800
SCL #err weighted degeneracy : 2718 2717 2710 2721 2730 2731 
degeneracy helps : 635 635 713 790 810 833 
degeneracy worse : 502 501 572 660 689 713 
SCL #err deg : 2883 / 8900
SCL #err weighted degeneracy : 2748 2747 2739 2750 2759 2760 
degeneracy helps : 641 641 720 798 818 841 
degeneracy worse : 506 505 576 665 694 718 
SCL #err deg : 2924 / 9000
SCL #err weighted degeneracy : 2778 2777 2770 2781 2791 2793 
degeneracy helps : 654 654 733 813 833 855 
degeneracy worse : 508 507 579 670 700 724 
SCL #err deg : 2967 / 9100
SCL #err weighted degeneracy : 2815 2814 2805 2819 2829 2830 
degeneracy helps : 665 665 748 826 846 869 
degeneracy worse : 513 512 586 678 708 732 
SCL #err deg : 2997 / 9200
SCL #err weighted degeneracy : 2838 2837 2828 2841 2851 2852 
degeneracy helps : 677 677 760 839 859 882 
degeneracy worse : 518 517 591 683 713 737 
SCL #err deg : 3026 / 9300
SCL #err weighted degeneracy : 2864 2863 2854 2867 2877 2879 
degeneracy helps : 682 682 766 847 867 890 
degeneracy worse : 520 519 594 688 718 743 
SCL #err deg : 3058 / 9400
SCL #err weighted degeneracy : 2895 2894 2884 2896 2905 2909 
degeneracy helps : 688 688 773 854 875 898 
degeneracy worse : 525 524 599 692 722 749 
SCL #err deg : 3091 / 9500
SCL #err weighted degeneracy : 2921 2920 2911 2921 2930 2937 
degeneracy helps : 700 700 785 868 890 912 
degeneracy worse : 530 529 605 698 729 758 
SCL #err deg : 3122 / 9600
SCL #err weighted degeneracy : 2951 2950 2940 2950 2958 2965 
degeneracy helps : 708 708 794 877 900 922 
degeneracy worse : 537 536 612 705 736 765 
SCL #err deg : 3153 / 9700
SCL #err weighted degeneracy : 2979 2978 2969 2981 2990 2997 
degeneracy helps : 714 714 800 884 907 929 
degeneracy worse : 540 539 616 712 744 773 
SCL #err deg : 3186 / 9800
SCL #err weighted degeneracy : 3003 3002 2991 3001 3012 3018 
degeneracy helps : 728 728 814 900 923 945 
degeneracy worse : 545 544 619 715 749 777 
SCL #err deg : 3217 / 9900
SCL #err weighted degeneracy : 3025 3024 3012 3022 3034 3039 
degeneracy helps : 740 740 827 913 936 959 
degeneracy worse : 548 547 622 718 753 781 
SCL #err deg : 3252 / 10000
SCL #err weighted degeneracy : 3057 3056 3045 3057 3067 3072 
degeneracy helps : 746 746 833 919 944 967 
degeneracy worse : 551 550 626 724 759 787 
average #flips: 55.2888
SCL #err considering degeneracy: 3252
error due to equal 519
error due to SCL smaller 2730
Finish in 4948 s
