Simulation Polar syndrome FASTER N=1024, K=513, l=128, pz=0.14, #samples=10000, seed=22
PW construction
Event generator random seed: 22
SCL #err deg : 72 / 100
SCL #err weighted degeneracy : 66 65 65 66 66 68 
degeneracy helps : 7 8 8 8 8 7 
degeneracy worse : 1 1 1 2 2 3 
SCL #err deg : 145 / 200
SCL #err weighted degeneracy : 136 134 135 138 140 143 
degeneracy helps : 14 15 16 15 15 13 
degeneracy worse : 5 4 6 8 10 11 
SCL #err deg : 210 / 300
SCL #err weighted degeneracy : 201 200 204 205 209 212 
degeneracy helps : 25 25 25 24 21 19 
degeneracy worse : 16 15 19 19 20 21 
SCL #err deg : 278 / 400
SCL #err weighted degeneracy : 270 269 278 279 284 287 
degeneracy helps : 32 32 29 28 25 23 
degeneracy worse : 24 23 29 29 31 32 
SCL #err deg : 350 / 500
SCL #err weighted degeneracy : 343 344 351 350 355 357 
degeneracy helps : 39 37 36 36 33 31 
degeneracy worse : 32 31 37 36 38 38 
SCL #err deg : 428 / 600
SCL #err weighted degeneracy : 416 417 423 427 431 434 
degeneracy helps : 48 46 45 41 38 35 
degeneracy worse : 36 35 40 40 41 41 
SCL #err deg : 500 / 700
SCL #err weighted degeneracy : 490 490 490 494 498 503 
degeneracy helps : 55 54 57 54 50 45 
degeneracy worse : 45 44 47 48 48 48 
SCL #err deg : 573 / 800
SCL #err weighted degeneracy : 566 565 564 565 568 577 
degeneracy helps : 57 57 61 58 55 50 
degeneracy worse : 50 49 52 50 50 54 
SCL #err deg : 646 / 900
SCL #err weighted degeneracy : 645 643 643 643 644 652 
degeneracy helps : 59 59 63 61 59 55 
degeneracy worse : 58 56 60 58 57 61 
SCL #err deg : 716 / 1000
SCL #err weighted degeneracy : 715 713 713 713 716 725 
degeneracy helps : 64 64 68 66 63 59 
degeneracy worse : 63 61 65 63 63 68 
SCL #err deg : 791 / 1100
SCL #err weighted degeneracy : 790 788 788 788 791 798 
degeneracy helps : 68 68 72 70 67 65 
degeneracy worse : 67 65 69 67 67 72 
SCL #err deg : 863 / 1200
SCL #err weighted degeneracy : 864 862 863 862 865 873 
degeneracy helps : 73 72 77 76 73 70 
degeneracy worse : 74 71 77 75 75 80 
SCL #err deg : 935 / 1300
SCL #err weighted degeneracy : 939 935 937 940 943 952 
degeneracy helps : 76 76 80 78 75 72 
degeneracy worse : 80 76 82 83 83 89 
SCL #err deg : 1007 / 1400
SCL #err weighted degeneracy : 1009 1005 1005 1006 1012 1021 
degeneracy helps : 84 84 89 86 81 78 
degeneracy worse : 86 82 87 85 86 92 
SCL #err deg : 1081 / 1500
SCL #err weighted degeneracy : 1074 1070 1070 1074 1083 1092 
degeneracy helps : 95 95 101 96 89 85 
degeneracy worse : 88 84 90 89 91 96 
SCL #err deg : 1153 / 1600
SCL #err weighted degeneracy : 1145 1140 1143 1146 1156 1165 
degeneracy helps : 102 103 107 103 96 92 
degeneracy worse : 94 90 97 96 99 104 
SCL #err deg : 1222 / 1700
SCL #err weighted degeneracy : 1221 1214 1217 1220 1228 1238 
degeneracy helps : 105 108 112 108 103 99 
degeneracy worse : 104 100 107 106 109 115 
SCL #err deg : 1284 / 1800
SCL #err weighted degeneracy : 1278 1271 1274 1279 1287 1298 
degeneracy helps : 112 115 119 114 110 106 
degeneracy worse : 106 102 109 109 113 120 
SCL #err deg : 1350 / 1900
SCL #err weighted degeneracy : 1348 1341 1346 1351 1359 1370 
degeneracy helps : 115 118 122 119 115 111 
degeneracy worse : 113 109 118 120 124 131 
SCL #err deg : 1423 / 2000
SCL #err weighted degeneracy : 1419 1415 1418 1422 1429 1439 
degeneracy helps : 123 124 130 129 125 121 
degeneracy worse : 119 116 125 128 131 137 
SCL #err deg : 1500 / 2100
SCL #err weighted degeneracy : 1493 1490 1490 1494 1501 1508 
degeneracy helps : 129 129 138 137 133 131 
degeneracy worse : 122 119 128 131 134 139 
SCL #err deg : 1577 / 2200
SCL #err weighted degeneracy : 1568 1564 1564 1569 1576 1582 
degeneracy helps : 138 138 147 145 141 139 
degeneracy worse : 129 125 134 137 140 144 
SCL #err deg : 1658 / 2300
SCL #err weighted degeneracy : 1646 1642 1641 1644 1652 1658 
degeneracy helps : 145 145 155 154 149 147 
degeneracy worse : 133 129 138 140 143 147 
SCL #err deg : 1729 / 2400
SCL #err weighted degeneracy : 1719 1715 1712 1717 1726 1728 
degeneracy helps : 148 147 159 157 152 153 
degeneracy worse : 138 133 142 145 149 152 
SCL #err deg : 1806 / 2500
SCL #err weighted degeneracy : 1796 1793 1790 1792 1802 1802 
degeneracy helps : 155 154 166 167 161 164 
degeneracy worse : 145 141 150 153 157 160 
SCL #err deg : 1883 / 2600
SCL #err weighted degeneracy : 1872 1869 1864 1871 1882 1883 
degeneracy helps : 161 160 174 172 166 168 
degeneracy worse : 150 146 155 160 165 168 
SCL #err deg : 1954 / 2700
SCL #err weighted degeneracy : 1946 1943 1939 1947 1958 1959 
degeneracy helps : 164 163 177 174 169 172 
degeneracy worse : 156 152 162 167 173 177 
SCL #err deg : 2030 / 2800
SCL #err weighted degeneracy : 2019 2015 2013 2019 2032 2034 
degeneracy helps : 170 170 184 183 176 178 
degeneracy worse : 159 155 167 172 178 182 
SCL #err deg : 2102 / 2900
SCL #err weighted degeneracy : 2088 2084 2082 2088 2101 2104 
degeneracy helps : 177 177 191 192 185 186 
degeneracy worse : 163 159 171 178 184 188 
SCL #err deg : 2177 / 3000
SCL #err weighted degeneracy : 2164 2158 2160 2165 2177 2179 
degeneracy helps : 184 184 198 202 195 196 
degeneracy worse : 171 165 181 190 195 198 
SCL #err deg : 2247 / 3100
SCL #err weighted degeneracy : 2239 2233 2232 2238 2250 2251 
degeneracy helps : 189 189 203 207 201 202 
degeneracy worse : 181 175 188 198 204 206 
SCL #err deg : 2330 / 3200
SCL #err weighted degeneracy : 2312 2307 2308 2313 2325 2326 
degeneracy helps : 202 201 213 217 210 212 
degeneracy worse : 184 178 191 200 205 208 
SCL #err deg : 2403 / 3300
SCL #err weighted degeneracy : 2387 2382 2384 2392 2403 2404 
degeneracy helps : 208 207 219 220 213 214 
degeneracy worse : 192 186 200 209 213 215 
SCL #err deg : 2476 / 3400
SCL #err weighted degeneracy : 2462 2456 2459 2465 2475 2477 
degeneracy helps : 211 211 223 225 219 219 
degeneracy worse : 197 191 206 214 218 220 
SCL #err deg : 2549 / 3500
SCL #err weighted degeneracy : 2534 2528 2532 2539 2550 2551 
degeneracy helps : 219 219 231 232 225 226 
degeneracy worse : 204 198 214 222 226 228 
SCL #err deg : 2617 / 3600
SCL #err weighted degeneracy : 2602 2596 2600 2606 2616 2617 
degeneracy helps : 226 226 238 242 236 237 
degeneracy worse : 211 205 221 231 235 237 
SCL #err deg : 2686 / 3700
SCL #err weighted degeneracy : 2669 2663 2669 2675 2684 2688 
degeneracy helps : 232 232 242 246 241 242 
degeneracy worse : 215 209 225 235 239 244 
SCL #err deg : 2763 / 3800
SCL #err weighted degeneracy : 2747 2742 2748 2754 2763 2764 
degeneracy helps : 238 237 247 251 247 250 
degeneracy worse : 222 216 232 242 247 251 
SCL #err deg : 2837 / 3900
SCL #err weighted degeneracy : 2822 2817 2824 2832 2840 2840 
degeneracy helps : 244 243 252 255 251 255 
degeneracy worse : 229 223 239 250 254 258 
SCL #err deg : 2911 / 4000
SCL #err weighted degeneracy : 2894 2888 2896 2905 2913 2912 
degeneracy helps : 251 250 259 262 258 262 
degeneracy worse : 234 227 244 256 260 263 
SCL #err deg : 2988 / 4100
SCL #err weighted degeneracy : 2968 2962 2970 2979 2987 2987 
degeneracy helps : 261 260 270 273 268 272 
degeneracy worse : 241 234 252 264 267 271 
SCL #err deg : 3055 / 4200
SCL #err weighted degeneracy : 3034 3028 3036 3048 3058 3057 
degeneracy helps : 268 267 278 280 274 278 
degeneracy worse : 247 240 259 273 277 280 
SCL #err deg : 3133 / 4300
SCL #err weighted degeneracy : 3115 3108 3116 3128 3137 3136 
degeneracy helps : 270 269 281 285 280 284 
degeneracy worse : 252 244 264 280 284 287 
SCL #err deg : 3205 / 4400
SCL #err weighted degeneracy : 3188 3181 3189 3201 3210 3209 
degeneracy helps : 277 275 288 292 286 290 
degeneracy worse : 260 251 272 288 291 294 
SCL #err deg : 3281 / 4500
SCL #err weighted degeneracy : 3260 3253 3262 3277 3287 3285 
degeneracy helps : 286 283 297 300 293 298 
degeneracy worse : 265 255 278 296 299 302 
SCL #err deg : 3357 / 4600
SCL #err weighted degeneracy : 3332 3326 3335 3351 3364 3361 
degeneracy helps : 295 291 306 308 299 305 
degeneracy worse : 270 260 284 302 306 309 
SCL #err deg : 3437 / 4700
SCL #err weighted degeneracy : 3413 3405 3417 3432 3445 3442 
degeneracy helps : 298 295 309 312 303 309 
degeneracy worse : 274 263 289 307 311 314 
SCL #err deg : 3505 / 4800
SCL #err weighted degeneracy : 3485 3477 3490 3505 3516 3512 
degeneracy helps : 304 300 315 318 310 316 
degeneracy worse : 284 272 300 318 321 323 
SCL #err deg : 3579 / 4900
SCL #err weighted degeneracy : 3557 3548 3563 3579 3590 3583 
degeneracy helps : 310 306 320 323 315 323 
degeneracy worse : 288 275 304 323 326 327 
SCL #err deg : 3658 / 5000
SCL #err weighted degeneracy : 3631 3622 3635 3651 3663 3656 
degeneracy helps : 322 317 334 338 330 338 
degeneracy worse : 295 281 311 331 335 336 
SCL #err deg : 3727 / 5100
SCL #err weighted degeneracy : 3696 3688 3703 3717 3727 3720 
degeneracy helps : 330 325 340 346 340 348 
degeneracy worse : 299 286 316 336 340 341 
SCL #err deg : 3803 / 5200
SCL #err weighted degeneracy : 3771 3763 3780 3794 3803 3798 
degeneracy helps : 335 330 345 350 344 352 
degeneracy worse : 303 290 322 341 344 347 
SCL #err deg : 3878 / 5300
SCL #err weighted degeneracy : 3850 3843 3859 3874 3881 3874 
degeneracy helps : 339 334 348 353 349 358 
degeneracy worse : 311 299 329 349 352 354 
SCL #err deg : 3942 / 5400
SCL #err weighted degeneracy : 3916 3908 3922 3937 3944 3940 
degeneracy helps : 343 339 354 358 353 362 
degeneracy worse : 317 305 334 353 355 360 
SCL #err deg : 4013 / 5500
SCL #err weighted degeneracy : 3988 3980 3992 4005 4015 4011 
degeneracy helps : 348 344 363 369 362 370 
degeneracy worse : 323 311 342 361 364 368 
SCL #err deg : 4090 / 5600
SCL #err weighted degeneracy : 4062 4054 4068 4084 4095 4092 
degeneracy helps : 354 350 369 374 367 375 
degeneracy worse : 326 314 347 368 372 377 
SCL #err deg : 4166 / 5700
SCL #err weighted degeneracy : 4135 4127 4141 4159 4171 4168 
degeneracy helps : 360 356 375 379 371 379 
degeneracy worse : 329 317 350 372 376 381 
SCL #err deg : 4238 / 5800
SCL #err weighted degeneracy : 4207 4198 4214 4230 4246 4244 
degeneracy helps : 367 364 382 388 378 386 
degeneracy worse : 336 324 358 380 386 392 
SCL #err deg : 4310 / 5900
SCL #err weighted degeneracy : 4276 4267 4284 4299 4315 4314 
degeneracy helps : 373 370 388 395 385 392 
degeneracy worse : 339 327 362 384 390 396 
SCL #err deg : 4387 / 6000
SCL #err weighted degeneracy : 4347 4338 4357 4375 4392 4393 
degeneracy helps : 383 380 396 403 392 397 
degeneracy worse : 343 331 366 391 397 403 
SCL #err deg : 4452 / 6100
SCL #err weighted degeneracy : 4413 4404 4424 4445 4461 4461 
degeneracy helps : 389 386 402 408 398 402 
degeneracy worse : 350 338 374 401 407 411 
SCL #err deg : 4527 / 6200
SCL #err weighted degeneracy : 4485 4478 4494 4513 4529 4529 
degeneracy helps : 396 392 410 418 408 412 
degeneracy worse : 354 343 377 404 410 414 
SCL #err deg : 4600 / 6300
SCL #err weighted degeneracy : 4555 4549 4563 4583 4599 4597 
degeneracy helps : 405 401 420 427 417 423 
degeneracy worse : 360 350 383 410 416 420 
SCL #err deg : 4671 / 6400
SCL #err weighted degeneracy : 4633 4627 4643 4660 4675 4673 
degeneracy helps : 407 403 422 431 421 427 
degeneracy worse : 369 359 394 420 425 429 
SCL #err deg : 4750 / 6500
SCL #err weighted degeneracy : 4710 4705 4722 4738 4755 4756 
degeneracy helps : 411 406 426 437 426 431 
degeneracy worse : 371 361 398 425 431 437 
SCL #err deg : 4821 / 6600
SCL #err weighted degeneracy : 4783 4779 4795 4811 4829 4832 
degeneracy helps : 417 411 434 446 434 437 
degeneracy worse : 379 369 408 436 442 448 
SCL #err deg : 4894 / 6700
SCL #err weighted degeneracy : 4855 4851 4867 4884 4901 4904 
degeneracy helps : 424 418 440 452 441 444 
degeneracy worse : 385 375 413 442 448 454 
SCL #err deg : 4963 / 6800
SCL #err weighted degeneracy : 4927 4922 4942 4957 4974 4977 
degeneracy helps : 430 425 444 457 446 450 
degeneracy worse : 394 384 423 451 457 464 
SCL #err deg : 5026 / 6900
SCL #err weighted degeneracy : 4993 4987 5006 5020 5035 5038 
degeneracy helps : 434 430 450 464 454 458 
degeneracy worse : 401 391 430 458 463 470 
SCL #err deg : 5097 / 7000
SCL #err weighted degeneracy : 5062 5055 5080 5091 5106 5107 
degeneracy helps : 440 437 455 471 462 466 
degeneracy worse : 405 395 438 465 471 476 
SCL #err deg : 5167 / 7100
SCL #err weighted degeneracy : 5133 5125 5151 5163 5178 5179 
degeneracy helps : 447 444 462 477 467 471 
degeneracy worse : 413 402 446 473 478 483 
SCL #err deg : 5243 / 7200
SCL #err weighted degeneracy : 5213 5206 5231 5242 5256 5255 
degeneracy helps : 449 446 464 481 472 478 
degeneracy worse : 419 409 452 480 485 490 
SCL #err deg : 5317 / 7300
SCL #err weighted degeneracy : 5285 5278 5303 5313 5327 5326 
degeneracy helps : 459 455 474 492 483 490 
degeneracy worse : 427 416 460 488 493 499 
SCL #err deg : 5391 / 7400
SCL #err weighted degeneracy : 5358 5352 5375 5386 5399 5398 
degeneracy helps : 471 466 486 503 495 501 
degeneracy worse : 438 427 470 498 503 508 
SCL #err deg : 5451 / 7500
SCL #err weighted degeneracy : 5426 5419 5443 5453 5467 5467 
degeneracy helps : 475 471 490 507 498 504 
degeneracy worse : 450 439 482 509 514 520 
SCL #err deg : 5516 / 7600
SCL #err weighted degeneracy : 5485 5480 5504 5514 5529 5529 
degeneracy helps : 486 481 502 518 509 516 
degeneracy worse : 455 445 490 516 522 529 
SCL #err deg : 5589 / 7700
SCL #err weighted degeneracy : 5560 5554 5582 5591 5604 5604 
degeneracy helps : 492 488 506 523 515 521 
degeneracy worse : 463 453 499 525 530 536 
SCL #err deg : 5665 / 7800
SCL #err weighted degeneracy : 5637 5631 5662 5668 5681 5679 
degeneracy helps : 499 495 513 532 524 530 
degeneracy worse : 471 461 510 535 540 544 
SCL #err deg : 5735 / 7900
SCL #err weighted degeneracy : 5703 5696 5725 5730 5743 5744 
degeneracy helps : 507 504 522 542 534 539 
degeneracy worse : 475 465 512 537 542 548 
SCL #err deg : 5806 / 8000
SCL #err weighted degeneracy : 5770 5763 5793 5800 5813 5814 
degeneracy helps : 515 511 529 549 540 544 
degeneracy worse : 479 468 516 543 547 552 
SCL #err deg : 5879 / 8100
SCL #err weighted degeneracy : 5846 5840 5869 5875 5884 5886 
degeneracy helps : 520 515 536 558 550 553 
degeneracy worse : 487 476 526 554 555 560 
SCL #err deg : 5949 / 8200
SCL #err weighted degeneracy : 5915 5909 5936 5943 5949 5951 
degeneracy helps : 528 523 547 569 563 566 
degeneracy worse : 494 483 534 563 563 568 
SCL #err deg : 6021 / 8300
SCL #err weighted degeneracy : 5987 5980 6007 6013 6020 6025 
degeneracy helps : 535 530 554 576 570 570 
degeneracy worse : 501 489 540 568 569 574 
SCL #err deg : 6096 / 8400
SCL #err weighted degeneracy : 6061 6054 6081 6084 6090 6095 
degeneracy helps : 541 536 562 588 583 583 
degeneracy worse : 506 494 547 576 577 582 
SCL #err deg : 6172 / 8500
SCL #err weighted degeneracy : 6138 6132 6160 6162 6168 6172 
degeneracy helps : 545 539 565 592 588 589 
degeneracy worse : 511 499 553 582 584 589 
SCL #err deg : 6246 / 8600
SCL #err weighted degeneracy : 6212 6205 6231 6231 6238 6243 
degeneracy helps : 551 545 571 600 595 595 
degeneracy worse : 517 504 556 585 587 592 
SCL #err deg : 6323 / 8700
SCL #err weighted degeneracy : 6281 6274 6301 6302 6310 6315 
degeneracy helps : 563 556 583 611 606 606 
degeneracy worse : 521 507 561 590 593 598 
SCL #err deg : 6395 / 8800
SCL #err weighted degeneracy : 6354 6347 6376 6375 6384 6388 
degeneracy helps : 569 561 588 616 610 611 
degeneracy worse : 528 513 569 596 599 604 
SCL #err deg : 6465 / 8900
SCL #err weighted degeneracy : 6427 6420 6447 6447 6456 6461 
degeneracy helps : 575 567 594 622 616 617 
degeneracy worse : 537 522 576 604 607 613 
SCL #err deg : 6536 / 9000
SCL #err weighted degeneracy : 6497 6490 6515 6514 6524 6531 
degeneracy helps : 582 574 603 631 623 621 
degeneracy worse : 543 528 582 609 611 616 
SCL #err deg : 6614 / 9100
SCL #err weighted degeneracy : 6571 6564 6591 6589 6601 6609 
degeneracy helps : 589 581 610 638 629 626 
degeneracy worse : 546 531 587 613 616 621 
SCL #err deg : 6682 / 9200
SCL #err weighted degeneracy : 6649 6643 6667 6664 6673 6680 
degeneracy helps : 593 585 615 644 636 633 
degeneracy worse : 560 546 600 626 627 631 
SCL #err deg : 6754 / 9300
SCL #err weighted degeneracy : 6724 6717 6741 6738 6747 6754 
degeneracy helps : 598 591 621 650 642 639 
degeneracy worse : 568 554 608 634 635 639 
SCL #err deg : 6826 / 9400
SCL #err weighted degeneracy : 6792 6786 6810 6807 6817 6822 
degeneracy helps : 606 598 630 659 650 648 
degeneracy worse : 572 558 614 640 641 644 
SCL #err deg : 6895 / 9500
SCL #err weighted degeneracy : 6865 6856 6881 6877 6888 6892 
degeneracy helps : 616 609 641 670 660 659 
degeneracy worse : 586 570 627 652 653 656 
SCL #err deg : 6964 / 9600
SCL #err weighted degeneracy : 6932 6923 6952 6950 6959 6964 
degeneracy helps : 624 617 647 675 666 664 
degeneracy worse : 592 576 635 661 661 664 
SCL #err deg : 7036 / 9700
SCL #err weighted degeneracy : 7002 6993 7023 7021 7029 7033 
degeneracy helps : 632 626 655 682 674 672 
degeneracy worse : 598 583 642 667 667 669 
SCL #err deg : 7109 / 9800
SCL #err weighted degeneracy : 7072 7063 7095 7093 7102 7106 
degeneracy helps : 641 635 662 689 681 679 
degeneracy worse : 604 589 648 673 674 676 
SCL #err deg : 7176 / 9900
SCL #err weighted degeneracy : 7142 7132 7165 7165 7174 7178 
degeneracy helps : 645 639 667 693 685 683 
degeneracy worse : 611 595 656 682 683 685 
SCL #err deg : 7240 / 10000
SCL #err weighted degeneracy : 7209 7197 7231 7230 7237 7238 
degeneracy helps : 650 644 673 700 694 694 
degeneracy worse : 619 601 664 690 691 692 
average #flips: 143.3
SCL #err considering degeneracy: 7240
error due to equal 4
error due to SCL smaller 7236
Finish in 12030 s
