Simulation Polar syndrome FASTER N=64, K=33, l=128, pz=0.07, #samples=10000, seed=45
PW construction
Event generator random seed: 45
SCL #err deg : 7 / 100
SCL #err weighted degeneracy : 10 10 10 12 12 11 
degeneracy helps : 2 3 3 3 3 3 
degeneracy worse : 6 6 6 8 8 7 
SCL #err deg : 20 / 200
SCL #err weighted degeneracy : 18 18 18 22 22 21 
degeneracy helps : 9 10 10 10 10 10 
degeneracy worse : 8 8 8 12 12 11 
SCL #err deg : 31 / 300
SCL #err weighted degeneracy : 27 27 27 34 34 33 
degeneracy helps : 13 14 14 15 15 16 
degeneracy worse : 10 10 10 18 18 18 
SCL #err deg : 39 / 400
SCL #err weighted degeneracy : 37 37 37 48 48 49 
degeneracy helps : 14 15 15 16 16 17 
degeneracy worse : 13 13 13 25 25 27 
SCL #err deg : 51 / 500
SCL #err weighted degeneracy : 47 47 47 68 69 70 
degeneracy helps : 19 20 20 21 20 21 
degeneracy worse : 16 16 16 38 38 40 
SCL #err deg : 58 / 600
SCL #err weighted degeneracy : 56 56 56 82 85 87 
degeneracy helps : 21 22 22 23 22 23 
degeneracy worse : 20 20 20 47 49 52 
SCL #err deg : 71 / 700
SCL #err weighted degeneracy : 71 71 71 97 100 104 
degeneracy helps : 26 27 27 29 28 29 
degeneracy worse : 27 27 27 55 57 62 
SCL #err deg : 75 / 800
SCL #err weighted degeneracy : 79 79 79 111 116 122 
degeneracy helps : 28 29 29 31 30 31 
degeneracy worse : 33 33 33 67 71 78 
SCL #err deg : 84 / 900
SCL #err weighted degeneracy : 92 92 92 125 130 138 
degeneracy helps : 29 30 30 32 31 32 
degeneracy worse : 38 38 38 73 77 86 
SCL #err deg : 96 / 1000
SCL #err weighted degeneracy : 102 102 102 138 144 152 
degeneracy helps : 34 35 35 37 36 37 
degeneracy worse : 41 41 41 79 84 93 
SCL #err deg : 107 / 1100
SCL #err weighted degeneracy : 113 113 114 154 160 171 
degeneracy helps : 37 38 38 40 39 40 
degeneracy worse : 44 44 45 87 92 104 
SCL #err deg : 118 / 1200
SCL #err weighted degeneracy : 119 119 120 165 172 181 
degeneracy helps : 43 44 44 46 45 46 
degeneracy worse : 45 45 46 93 99 109 
SCL #err deg : 131 / 1300
SCL #err weighted degeneracy : 130 130 131 182 189 200 
degeneracy helps : 46 47 47 49 48 49 
degeneracy worse : 46 46 47 100 106 118 
SCL #err deg : 143 / 1400
SCL #err weighted degeneracy : 140 140 141 195 202 214 
degeneracy helps : 49 51 51 54 53 53 
degeneracy worse : 49 49 50 106 112 124 
SCL #err deg : 156 / 1500
SCL #err weighted degeneracy : 157 157 158 216 224 238 
degeneracy helps : 53 55 55 58 57 57 
degeneracy worse : 57 57 58 118 125 139 
SCL #err deg : 166 / 1600
SCL #err weighted degeneracy : 169 169 170 234 242 256 
degeneracy helps : 56 58 58 62 61 61 
degeneracy worse : 62 62 63 130 137 151 
SCL #err deg : 173 / 1700
SCL #err weighted degeneracy : 176 176 177 243 253 268 
degeneracy helps : 58 61 61 66 65 64 
degeneracy worse : 65 65 66 136 145 159 
SCL #err deg : 182 / 1800
SCL #err weighted degeneracy : 185 185 186 255 265 281 
degeneracy helps : 60 63 63 69 68 67 
degeneracy worse : 67 67 68 142 151 166 
SCL #err deg : 191 / 1900
SCL #err weighted degeneracy : 191 191 193 261 272 290 
degeneracy helps : 64 67 68 75 74 73 
degeneracy worse : 69 69 71 145 155 172 
SCL #err deg : 200 / 2000
SCL #err weighted degeneracy : 204 204 206 277 289 306 
degeneracy helps : 67 70 71 78 77 76 
degeneracy worse : 76 76 78 155 166 182 
SCL #err deg : 204 / 2100
SCL #err weighted degeneracy : 208 208 210 285 296 314 
degeneracy helps : 69 72 73 80 79 77 
degeneracy worse : 78 78 80 161 171 187 
SCL #err deg : 211 / 2200
SCL #err weighted degeneracy : 215 215 218 296 308 328 
degeneracy helps : 72 75 76 83 82 80 
degeneracy worse : 81 81 84 168 179 197 
SCL #err deg : 218 / 2300
SCL #err weighted degeneracy : 222 222 225 307 319 341 
degeneracy helps : 75 78 79 86 85 83 
degeneracy worse : 84 84 87 175 186 206 
SCL #err deg : 228 / 2400
SCL #err weighted degeneracy : 230 230 233 316 328 352 
degeneracy helps : 78 82 84 91 90 88 
degeneracy worse : 87 87 90 179 190 212 
SCL #err deg : 236 / 2500
SCL #err weighted degeneracy : 235 235 238 326 339 362 
degeneracy helps : 80 85 87 96 95 93 
degeneracy worse : 89 89 92 186 198 219 
SCL #err deg : 249 / 2600
SCL #err weighted degeneracy : 247 247 250 341 354 376 
degeneracy helps : 83 88 91 100 99 97 
degeneracy worse : 92 92 95 192 204 224 
SCL #err deg : 260 / 2700
SCL #err weighted degeneracy : 256 256 259 355 368 390 
degeneracy helps : 87 92 95 104 103 101 
degeneracy worse : 94 94 97 199 211 231 
SCL #err deg : 270 / 2800
SCL #err weighted degeneracy : 266 266 269 370 383 406 
degeneracy helps : 92 97 100 109 108 106 
degeneracy worse : 99 99 102 209 221 242 
SCL #err deg : 282 / 2900
SCL #err weighted degeneracy : 277 277 280 384 397 421 
degeneracy helps : 96 101 104 113 112 110 
degeneracy worse : 102 102 105 215 227 249 
SCL #err deg : 290 / 3000
SCL #err weighted degeneracy : 285 285 288 394 408 430 
degeneracy helps : 100 105 108 117 116 115 
degeneracy worse : 106 106 109 221 234 255 
SCL #err deg : 308 / 3100
SCL #err weighted degeneracy : 299 299 302 411 426 450 
degeneracy helps : 107 112 115 124 122 120 
degeneracy worse : 109 109 112 227 240 262 
SCL #err deg : 317 / 3200
SCL #err weighted degeneracy : 310 310 313 428 443 468 
degeneracy helps : 108 113 116 125 123 121 
degeneracy worse : 112 112 115 236 249 272 
SCL #err deg : 332 / 3300
SCL #err weighted degeneracy : 324 324 327 447 462 487 
degeneracy helps : 113 118 121 130 128 126 
degeneracy worse : 116 116 119 245 258 281 
SCL #err deg : 344 / 3400
SCL #err weighted degeneracy : 337 337 340 466 481 508 
degeneracy helps : 116 121 124 133 131 129 
degeneracy worse : 120 120 123 255 268 293 
SCL #err deg : 356 / 3500
SCL #err weighted degeneracy : 348 348 351 479 494 522 
degeneracy helps : 122 126 130 139 137 134 
degeneracy worse : 125 125 128 262 275 300 
SCL #err deg : 372 / 3600
SCL #err weighted degeneracy : 365 365 368 498 513 543 
degeneracy helps : 127 131 135 144 142 139 
degeneracy worse : 131 131 134 270 283 310 
SCL #err deg : 386 / 3700
SCL #err weighted degeneracy : 376 376 379 513 528 560 
degeneracy helps : 132 137 141 150 148 144 
degeneracy worse : 135 135 138 277 290 318 
SCL #err deg : 396 / 3800
SCL #err weighted degeneracy : 385 385 388 525 540 572 
degeneracy helps : 133 138 142 152 150 146 
degeneracy worse : 135 135 138 281 294 322 
SCL #err deg : 405 / 3900
SCL #err weighted degeneracy : 394 394 397 537 552 585 
degeneracy helps : 136 141 145 155 153 149 
degeneracy worse : 138 138 141 287 300 329 
SCL #err deg : 412 / 4000
SCL #err weighted degeneracy : 401 401 404 548 563 596 
degeneracy helps : 138 143 147 157 155 151 
degeneracy worse : 140 140 143 293 306 335 
SCL #err deg : 420 / 4100
SCL #err weighted degeneracy : 408 408 411 557 572 606 
degeneracy helps : 141 146 150 161 159 155 
degeneracy worse : 142 142 145 298 311 341 
SCL #err deg : 430 / 4200
SCL #err weighted degeneracy : 416 416 419 567 583 616 
degeneracy helps : 146 151 155 167 165 161 
degeneracy worse : 145 145 148 304 318 347 
SCL #err deg : 439 / 4300
SCL #err weighted degeneracy : 422 422 425 573 589 624 
degeneracy helps : 149 154 158 172 170 165 
degeneracy worse : 145 145 148 306 320 350 
SCL #err deg : 451 / 4400
SCL #err weighted degeneracy : 431 431 434 584 601 638 
degeneracy helps : 153 158 162 176 174 169 
degeneracy worse : 146 146 149 309 324 356 
SCL #err deg : 458 / 4500
SCL #err weighted degeneracy : 435 435 438 590 607 646 
degeneracy helps : 158 163 167 181 179 174 
degeneracy worse : 148 148 151 313 328 362 
SCL #err deg : 470 / 4600
SCL #err weighted degeneracy : 445 445 448 605 623 664 
degeneracy helps : 163 168 172 186 184 178 
degeneracy worse : 151 151 154 321 337 372 
SCL #err deg : 477 / 4700
SCL #err weighted degeneracy : 451 451 454 614 631 672 
degeneracy helps : 165 170 174 188 187 180 
degeneracy worse : 152 152 155 325 341 375 
SCL #err deg : 487 / 4800
SCL #err weighted degeneracy : 458 458 461 622 640 681 
degeneracy helps : 170 175 179 194 193 186 
degeneracy worse : 154 154 157 329 346 380 
SCL #err deg : 498 / 4900
SCL #err weighted degeneracy : 471 471 474 638 656 700 
degeneracy helps : 174 179 183 198 197 190 
degeneracy worse : 160 160 163 338 355 392 
SCL #err deg : 504 / 5000
SCL #err weighted degeneracy : 479 479 482 650 668 712 
degeneracy helps : 176 181 185 200 199 192 
degeneracy worse : 164 164 167 346 363 400 
SCL #err deg : 518 / 5100
SCL #err weighted degeneracy : 489 489 492 662 681 725 
degeneracy helps : 182 187 192 207 205 198 
degeneracy worse : 167 167 170 351 368 405 
SCL #err deg : 528 / 5200
SCL #err weighted degeneracy : 501 501 504 676 693 738 
degeneracy helps : 184 189 194 210 208 201 
degeneracy worse : 171 171 174 358 373 411 
SCL #err deg : 542 / 5300
SCL #err weighted degeneracy : 509 509 512 687 704 750 
degeneracy helps : 191 196 201 217 215 208 
degeneracy worse : 172 172 175 362 377 416 
SCL #err deg : 557 / 5400
SCL #err weighted degeneracy : 521 521 524 703 720 768 
degeneracy helps : 197 202 207 224 222 213 
degeneracy worse : 176 176 179 370 385 424 
SCL #err deg : 565 / 5500
SCL #err weighted degeneracy : 529 529 532 714 731 780 
degeneracy helps : 198 203 208 226 224 215 
degeneracy worse : 178 178 181 375 390 430 
SCL #err deg : 575 / 5600
SCL #err weighted degeneracy : 539 539 542 727 743 794 
degeneracy helps : 200 205 210 229 227 218 
degeneracy worse : 180 180 183 381 395 437 
SCL #err deg : 584 / 5700
SCL #err weighted degeneracy : 549 549 552 744 760 812 
degeneracy helps : 202 207 212 231 229 220 
degeneracy worse : 183 183 186 391 405 448 
SCL #err deg : 594 / 5800
SCL #err weighted degeneracy : 555 555 558 754 769 821 
degeneracy helps : 205 210 216 235 234 224 
degeneracy worse : 183 183 186 395 409 451 
SCL #err deg : 609 / 5900
SCL #err weighted degeneracy : 567 567 570 767 782 838 
degeneracy helps : 211 216 222 242 241 230 
degeneracy worse : 186 186 189 400 414 459 
SCL #err deg : 622 / 6000
SCL #err weighted degeneracy : 579 579 582 782 799 854 
degeneracy helps : 217 222 228 247 246 235 
degeneracy worse : 191 191 194 407 423 467 
SCL #err deg : 632 / 6100
SCL #err weighted degeneracy : 586 586 589 793 810 866 
degeneracy helps : 224 229 235 254 253 241 
degeneracy worse : 195 195 198 415 431 475 
SCL #err deg : 641 / 6200
SCL #err weighted degeneracy : 598 598 601 809 826 882 
degeneracy helps : 226 231 237 257 256 244 
degeneracy worse : 201 201 204 425 441 485 
SCL #err deg : 651 / 6300
SCL #err weighted degeneracy : 609 609 612 823 842 899 
degeneracy helps : 232 237 243 263 262 250 
degeneracy worse : 208 208 211 435 453 498 
SCL #err deg : 665 / 6400
SCL #err weighted degeneracy : 622 622 625 841 860 919 
degeneracy helps : 235 241 247 267 266 252 
degeneracy worse : 211 211 214 443 461 506 
SCL #err deg : 678 / 6500
SCL #err weighted degeneracy : 632 632 635 854 873 933 
degeneracy helps : 240 247 253 273 272 258 
degeneracy worse : 214 214 217 449 467 513 
SCL #err deg : 689 / 6600
SCL #err weighted degeneracy : 638 638 641 866 885 949 
degeneracy helps : 247 254 260 280 279 263 
degeneracy worse : 216 216 219 457 475 523 
SCL #err deg : 698 / 6700
SCL #err weighted degeneracy : 648 648 651 880 900 967 
degeneracy helps : 249 256 262 282 281 264 
degeneracy worse : 219 219 222 464 483 533 
SCL #err deg : 707 / 6800
SCL #err weighted degeneracy : 659 659 662 895 917 985 
degeneracy helps : 252 259 265 285 283 266 
degeneracy worse : 224 224 227 473 493 544 
SCL #err deg : 716 / 6900
SCL #err weighted degeneracy : 667 667 670 906 929 996 
degeneracy helps : 255 262 268 288 286 269 
degeneracy worse : 226 226 229 478 499 549 
SCL #err deg : 729 / 7000
SCL #err weighted degeneracy : 679 679 682 922 947 1015 
degeneracy helps : 258 264 271 291 289 271 
degeneracy worse : 228 228 231 484 507 557 
SCL #err deg : 735 / 7100
SCL #err weighted degeneracy : 683 683 686 928 953 1021 
degeneracy helps : 262 268 276 295 293 275 
degeneracy worse : 231 231 234 488 511 561 
SCL #err deg : 743 / 7200
SCL #err weighted degeneracy : 694 694 697 942 967 1037 
degeneracy helps : 265 271 279 298 296 278 
degeneracy worse : 237 237 240 497 520 572 
SCL #err deg : 756 / 7300
SCL #err weighted degeneracy : 711 711 714 959 984 1055 
degeneracy helps : 266 272 280 299 297 279 
degeneracy worse : 242 242 245 502 525 578 
SCL #err deg : 769 / 7400
SCL #err weighted degeneracy : 724 724 727 973 998 1070 
degeneracy helps : 272 278 286 305 303 285 
degeneracy worse : 248 248 251 509 532 586 
SCL #err deg : 782 / 7500
SCL #err weighted degeneracy : 735 735 738 986 1011 1085 
degeneracy helps : 277 283 291 310 308 290 
degeneracy worse : 251 251 254 514 537 593 
SCL #err deg : 797 / 7600
SCL #err weighted degeneracy : 746 746 749 1001 1026 1103 
degeneracy helps : 285 291 299 318 316 297 
degeneracy worse : 255 255 258 522 545 603 
SCL #err deg : 806 / 7700
SCL #err weighted degeneracy : 757 757 760 1016 1041 1120 
degeneracy helps : 287 292 301 320 318 298 
degeneracy worse : 259 259 262 530 553 612 
SCL #err deg : 818 / 7800
SCL #err weighted degeneracy : 770 770 773 1030 1055 1136 
degeneracy helps : 292 297 306 327 325 304 
degeneracy worse : 265 265 268 539 562 622 
SCL #err deg : 827 / 7900
SCL #err weighted degeneracy : 780 780 783 1044 1069 1148 
degeneracy helps : 295 300 309 330 328 307 
degeneracy worse : 269 269 272 547 570 628 
SCL #err deg : 834 / 8000
SCL #err weighted degeneracy : 788 788 791 1053 1078 1157 
degeneracy helps : 298 303 312 333 331 310 
degeneracy worse : 273 273 276 552 575 633 
SCL #err deg : 842 / 8100
SCL #err weighted degeneracy : 801 801 804 1069 1096 1175 
degeneracy helps : 302 307 316 337 335 314 
degeneracy worse : 282 282 285 564 589 647 
SCL #err deg : 849 / 8200
SCL #err weighted degeneracy : 806 806 809 1079 1106 1187 
degeneracy helps : 307 312 321 342 340 319 
degeneracy worse : 285 285 288 572 597 657 
SCL #err deg : 858 / 8300
SCL #err weighted degeneracy : 814 814 817 1089 1116 1198 
degeneracy helps : 310 315 324 345 343 321 
degeneracy worse : 287 287 290 576 601 661 
SCL #err deg : 871 / 8400
SCL #err weighted degeneracy : 824 824 827 1104 1131 1217 
degeneracy helps : 316 321 330 350 348 324 
degeneracy worse : 290 290 293 583 608 670 
SCL #err deg : 880 / 8500
SCL #err weighted degeneracy : 832 832 835 1120 1147 1231 
degeneracy helps : 322 328 336 358 356 332 
degeneracy worse : 297 297 300 598 623 683 
SCL #err deg : 887 / 8600
SCL #err weighted degeneracy : 841 841 844 1131 1158 1243 
degeneracy helps : 323 329 338 360 358 334 
degeneracy worse : 301 301 304 604 629 690 
SCL #err deg : 905 / 8700
SCL #err weighted degeneracy : 857 857 860 1150 1178 1262 
degeneracy helps : 328 334 343 366 364 340 
degeneracy worse : 304 304 307 611 637 697 
SCL #err deg : 921 / 8800
SCL #err weighted degeneracy : 878 878 881 1172 1200 1284 
degeneracy helps : 329 335 344 368 366 342 
degeneracy worse : 310 310 313 619 645 705 
SCL #err deg : 934 / 8900
SCL #err weighted degeneracy : 886 886 889 1184 1211 1294 
degeneracy helps : 334 342 351 375 373 350 
degeneracy worse : 312 312 315 625 650 710 
SCL #err deg : 953 / 9000
SCL #err weighted degeneracy : 896 896 899 1198 1225 1308 
degeneracy helps : 341 351 360 385 383 360 
degeneracy worse : 313 313 316 630 655 715 
SCL #err deg : 961 / 9100
SCL #err weighted degeneracy : 909 909 912 1216 1244 1328 
degeneracy helps : 343 353 362 387 385 361 
degeneracy worse : 320 320 323 642 668 728 
SCL #err deg : 976 / 9200
SCL #err weighted degeneracy : 922 922 925 1236 1265 1348 
degeneracy helps : 350 360 369 394 392 368 
degeneracy worse : 325 325 328 654 681 740 
SCL #err deg : 983 / 9300
SCL #err weighted degeneracy : 931 931 934 1250 1279 1363 
degeneracy helps : 351 361 370 395 393 369 
degeneracy worse : 328 328 331 662 689 749 
SCL #err deg : 993 / 9400
SCL #err weighted degeneracy : 942 942 945 1266 1295 1379 
degeneracy helps : 352 362 371 396 394 370 
degeneracy worse : 330 330 333 669 696 756 
SCL #err deg : 1002 / 9500
SCL #err weighted degeneracy : 949 949 952 1278 1308 1392 
degeneracy helps : 355 365 374 399 397 373 
degeneracy worse : 331 331 334 675 703 763 
SCL #err deg : 1011 / 9600
SCL #err weighted degeneracy : 955 955 958 1285 1316 1403 
degeneracy helps : 360 370 379 404 402 378 
degeneracy worse : 333 333 336 678 707 770 
SCL #err deg : 1019 / 9700
SCL #err weighted degeneracy : 963 963 966 1297 1329 1416 
degeneracy helps : 364 374 383 408 406 382 
degeneracy worse : 337 337 340 686 716 779 
SCL #err deg : 1029 / 9800
SCL #err weighted degeneracy : 971 971 974 1312 1344 1430 
degeneracy helps : 369 379 388 413 411 387 
degeneracy worse : 340 340 343 696 726 788 
SCL #err deg : 1041 / 9900
SCL #err weighted degeneracy : 980 980 983 1323 1355 1441 
degeneracy helps : 376 386 395 420 418 394 
degeneracy worse : 344 344 347 702 732 794 
SCL #err deg : 1055 / 10000
SCL #err weighted degeneracy : 993 993 996 1340 1373 1461 
degeneracy helps : 384 394 403 429 427 403 
degeneracy worse : 351 351 354 714 745 809 
average #flips: 4.465
SCL #err considering degeneracy: 1055
error due to equal 817
error due to SCL smaller 238
Finish in 646 s
