Simulation Polar syndrome FASTER N=512, K=257, l=128, pz=0.1, #samples=10000, seed=197
PW construction
Event generator random seed: 197
SCL #err deg : 21 / 100
SCL #err weighted degeneracy : 13 12 15 17 18 19 
degeneracy helps : 9 10 9 10 11 12 
degeneracy worse : 1 1 3 6 8 10 
SCL #err deg : 42 / 200
SCL #err weighted degeneracy : 33 32 36 37 38 39 
degeneracy helps : 15 16 14 16 18 19 
degeneracy worse : 6 6 8 11 14 16 
SCL #err deg : 63 / 300
SCL #err weighted degeneracy : 47 46 51 52 53 54 
degeneracy helps : 26 27 25 27 29 30 
degeneracy worse : 10 10 13 16 19 21 
SCL #err deg : 86 / 400
SCL #err weighted degeneracy : 63 62 66 69 72 74 
degeneracy helps : 37 38 36 37 39 40 
degeneracy worse : 14 14 16 20 25 28 
SCL #err deg : 106 / 500
SCL #err weighted degeneracy : 83 82 85 87 91 95 
degeneracy helps : 46 47 45 46 48 47 
degeneracy worse : 23 23 24 27 33 36 
SCL #err deg : 126 / 600
SCL #err weighted degeneracy : 103 102 104 107 111 116 
degeneracy helps : 50 51 50 51 53 52 
degeneracy worse : 27 27 28 32 38 42 
SCL #err deg : 149 / 700
SCL #err weighted degeneracy : 119 118 120 126 132 137 
degeneracy helps : 60 61 60 61 62 62 
degeneracy worse : 30 30 31 38 45 50 
SCL #err deg : 176 / 800
SCL #err weighted degeneracy : 144 143 142 147 153 159 
degeneracy helps : 64 65 67 69 70 69 
degeneracy worse : 32 32 33 40 47 52 
SCL #err deg : 198 / 900
SCL #err weighted degeneracy : 164 163 161 169 177 183 
degeneracy helps : 69 70 73 75 75 74 
degeneracy worse : 35 35 36 46 54 59 
SCL #err deg : 229 / 1000
SCL #err weighted degeneracy : 184 183 181 192 200 208 
degeneracy helps : 84 85 88 88 88 87 
degeneracy worse : 39 39 40 51 59 66 
SCL #err deg : 251 / 1100
SCL #err weighted degeneracy : 203 202 200 211 219 228 
degeneracy helps : 90 91 94 95 95 93 
degeneracy worse : 42 42 43 55 63 70 
SCL #err deg : 274 / 1200
SCL #err weighted degeneracy : 226 225 224 236 242 251 
degeneracy helps : 98 99 101 103 104 102 
degeneracy worse : 50 50 51 65 72 79 
SCL #err deg : 294 / 1300
SCL #err weighted degeneracy : 246 245 246 257 262 272 
degeneracy helps : 106 107 108 111 113 110 
degeneracy worse : 58 58 60 74 81 88 
SCL #err deg : 314 / 1400
SCL #err weighted degeneracy : 261 260 262 275 282 292 
degeneracy helps : 113 114 115 117 119 116 
degeneracy worse : 60 60 63 78 87 94 
SCL #err deg : 338 / 1500
SCL #err weighted degeneracy : 281 280 282 297 305 315 
degeneracy helps : 119 120 123 124 126 122 
degeneracy worse : 62 62 67 83 93 99 
SCL #err deg : 372 / 1600
SCL #err weighted degeneracy : 314 313 315 330 337 346 
degeneracy helps : 126 127 130 131 133 130 
degeneracy worse : 68 68 73 89 98 104 
SCL #err deg : 395 / 1700
SCL #err weighted degeneracy : 335 334 335 347 356 363 
degeneracy helps : 134 135 138 143 144 141 
degeneracy worse : 74 74 78 95 105 109 
SCL #err deg : 418 / 1800
SCL #err weighted degeneracy : 349 348 353 367 377 384 
degeneracy helps : 145 146 147 151 151 148 
degeneracy worse : 76 76 82 100 110 114 
SCL #err deg : 448 / 1900
SCL #err weighted degeneracy : 370 369 372 387 397 405 
degeneracy helps : 155 156 160 163 163 160 
degeneracy worse : 77 77 84 102 112 117 
SCL #err deg : 466 / 2000
SCL #err weighted degeneracy : 387 386 391 407 418 426 
degeneracy helps : 160 161 164 167 167 164 
degeneracy worse : 81 81 89 108 119 124 
SCL #err deg : 480 / 2100
SCL #err weighted degeneracy : 401 400 405 423 435 443 
degeneracy helps : 164 165 169 171 171 168 
degeneracy worse : 85 85 94 114 126 131 
SCL #err deg : 502 / 2200
SCL #err weighted degeneracy : 421 420 423 441 452 464 
degeneracy helps : 171 172 177 179 180 176 
degeneracy worse : 90 90 98 118 130 138 
SCL #err deg : 532 / 2300
SCL #err weighted degeneracy : 443 443 446 466 478 490 
degeneracy helps : 182 182 188 189 189 186 
degeneracy worse : 93 93 102 123 135 144 
SCL #err deg : 549 / 2400
SCL #err weighted degeneracy : 459 459 460 479 493 507 
degeneracy helps : 186 186 194 196 195 191 
degeneracy worse : 96 96 105 126 139 149 
SCL #err deg : 569 / 2500
SCL #err weighted degeneracy : 479 479 479 502 516 530 
degeneracy helps : 191 191 199 201 200 195 
degeneracy worse : 101 101 109 134 147 156 
SCL #err deg : 598 / 2600
SCL #err weighted degeneracy : 501 501 500 524 536 552 
degeneracy helps : 200 200 209 211 213 207 
degeneracy worse : 103 103 111 137 151 161 
SCL #err deg : 627 / 2700
SCL #err weighted degeneracy : 528 528 530 553 564 581 
degeneracy helps : 209 209 219 222 225 218 
degeneracy worse : 110 110 122 148 162 172 
SCL #err deg : 651 / 2800
SCL #err weighted degeneracy : 542 542 546 572 585 605 
degeneracy helps : 221 221 231 233 236 226 
degeneracy worse : 112 112 126 154 170 180 
SCL #err deg : 673 / 2900
SCL #err weighted degeneracy : 562 562 566 592 605 626 
degeneracy helps : 228 228 239 241 244 234 
degeneracy worse : 117 117 132 160 176 187 
SCL #err deg : 694 / 3000
SCL #err weighted degeneracy : 581 581 586 612 626 646 
degeneracy helps : 235 235 246 248 250 240 
degeneracy worse : 122 122 138 166 182 192 
SCL #err deg : 713 / 3100
SCL #err weighted degeneracy : 597 597 603 630 645 665 
degeneracy helps : 241 241 251 253 255 245 
degeneracy worse : 125 125 141 170 187 197 
SCL #err deg : 737 / 3200
SCL #err weighted degeneracy : 617 617 623 652 668 689 
degeneracy helps : 246 246 256 259 260 249 
degeneracy worse : 126 126 142 174 191 201 
SCL #err deg : 758 / 3300
SCL #err weighted degeneracy : 637 637 643 674 690 711 
degeneracy helps : 252 252 262 265 266 256 
degeneracy worse : 131 131 147 181 198 209 
SCL #err deg : 781 / 3400
SCL #err weighted degeneracy : 658 658 667 700 716 737 
degeneracy helps : 255 255 264 266 267 259 
degeneracy worse : 132 132 150 185 202 215 
SCL #err deg : 800 / 3500
SCL #err weighted degeneracy : 677 677 686 723 740 760 
degeneracy helps : 260 260 269 270 271 263 
degeneracy worse : 137 137 155 193 211 223 
SCL #err deg : 821 / 3600
SCL #err weighted degeneracy : 701 701 709 744 761 782 
degeneracy helps : 263 263 273 276 278 270 
degeneracy worse : 143 143 161 199 218 231 
SCL #err deg : 845 / 3700
SCL #err weighted degeneracy : 720 720 729 764 781 803 
degeneracy helps : 270 270 281 285 287 278 
degeneracy worse : 145 145 165 204 223 236 
SCL #err deg : 864 / 3800
SCL #err weighted degeneracy : 739 739 749 786 803 824 
degeneracy helps : 275 275 286 289 291 284 
degeneracy worse : 150 150 171 211 230 244 
SCL #err deg : 883 / 3900
SCL #err weighted degeneracy : 759 759 769 810 827 850 
degeneracy helps : 277 277 288 290 292 284 
degeneracy worse : 153 153 174 217 236 251 
SCL #err deg : 911 / 4000
SCL #err weighted degeneracy : 784 784 794 837 855 878 
degeneracy helps : 283 283 294 295 297 289 
degeneracy worse : 156 156 177 221 241 256 
SCL #err deg : 936 / 4100
SCL #err weighted degeneracy : 807 807 817 861 879 903 
degeneracy helps : 288 288 299 299 302 294 
degeneracy worse : 159 159 180 224 245 261 
SCL #err deg : 960 / 4200
SCL #err weighted degeneracy : 827 827 838 882 902 928 
degeneracy helps : 296 296 307 308 311 302 
degeneracy worse : 163 163 185 230 253 270 
SCL #err deg : 986 / 4300
SCL #err weighted degeneracy : 845 845 858 902 922 947 
degeneracy helps : 306 306 315 316 319 311 
degeneracy worse : 165 165 187 232 255 272 
SCL #err deg : 1016 / 4400
SCL #err weighted degeneracy : 867 867 880 926 948 973 
degeneracy helps : 316 316 326 326 328 320 
degeneracy worse : 167 167 190 236 260 277 
SCL #err deg : 1039 / 4500
SCL #err weighted degeneracy : 882 882 895 941 963 988 
degeneracy helps : 325 325 335 335 337 329 
degeneracy worse : 168 168 191 237 261 278 
SCL #err deg : 1054 / 4600
SCL #err weighted degeneracy : 897 897 913 960 983 1007 
degeneracy helps : 329 329 338 337 339 331 
degeneracy worse : 172 172 197 243 268 284 
SCL #err deg : 1082 / 4700
SCL #err weighted degeneracy : 919 919 935 986 1010 1036 
degeneracy helps : 340 340 349 344 345 335 
degeneracy worse : 177 177 202 248 273 289 
SCL #err deg : 1102 / 4800
SCL #err weighted degeneracy : 940 940 955 1006 1031 1056 
degeneracy helps : 344 344 354 349 350 341 
degeneracy worse : 182 182 207 253 279 295 
SCL #err deg : 1130 / 4900
SCL #err weighted degeneracy : 964 964 981 1030 1054 1078 
degeneracy helps : 353 353 361 357 359 350 
degeneracy worse : 187 187 212 257 283 298 
SCL #err deg : 1155 / 5000
SCL #err weighted degeneracy : 984 984 1001 1051 1075 1103 
degeneracy helps : 362 362 372 367 369 359 
degeneracy worse : 191 191 218 263 289 307 
SCL #err deg : 1178 / 5100
SCL #err weighted degeneracy : 1005 1005 1023 1075 1098 1127 
degeneracy helps : 369 369 379 374 376 366 
degeneracy worse : 196 196 224 271 296 315 
SCL #err deg : 1202 / 5200
SCL #err weighted degeneracy : 1027 1027 1043 1095 1118 1147 
degeneracy helps : 373 373 384 380 382 372 
degeneracy worse : 198 198 225 273 298 317 
SCL #err deg : 1222 / 5300
SCL #err weighted degeneracy : 1042 1042 1058 1111 1134 1164 
degeneracy helps : 379 379 390 386 388 378 
degeneracy worse : 199 199 226 275 300 320 
SCL #err deg : 1257 / 5400
SCL #err weighted degeneracy : 1073 1073 1088 1139 1166 1199 
degeneracy helps : 386 386 399 398 398 386 
degeneracy worse : 202 202 230 280 307 328 
SCL #err deg : 1276 / 5500
SCL #err weighted degeneracy : 1094 1094 1109 1161 1189 1223 
degeneracy helps : 389 389 403 402 402 390 
degeneracy worse : 207 207 236 287 315 337 
SCL #err deg : 1297 / 5600
SCL #err weighted degeneracy : 1113 1113 1130 1183 1211 1247 
degeneracy helps : 396 396 409 408 408 395 
degeneracy worse : 212 212 242 294 322 345 
SCL #err deg : 1318 / 5700
SCL #err weighted degeneracy : 1130 1130 1147 1202 1228 1265 
degeneracy helps : 406 406 419 418 420 406 
degeneracy worse : 218 218 248 302 330 353 
SCL #err deg : 1339 / 5800
SCL #err weighted degeneracy : 1151 1151 1168 1222 1250 1285 
degeneracy helps : 411 411 424 424 425 412 
degeneracy worse : 223 223 253 307 336 358 
SCL #err deg : 1360 / 5900
SCL #err weighted degeneracy : 1168 1168 1185 1240 1268 1304 
degeneracy helps : 417 417 432 432 432 419 
degeneracy worse : 225 225 257 312 340 363 
SCL #err deg : 1377 / 6000
SCL #err weighted degeneracy : 1184 1184 1200 1257 1284 1322 
degeneracy helps : 423 423 439 439 440 428 
degeneracy worse : 230 230 262 319 347 373 
SCL #err deg : 1403 / 6100
SCL #err weighted degeneracy : 1205 1205 1220 1279 1307 1344 
degeneracy helps : 433 433 451 451 452 441 
degeneracy worse : 235 235 268 327 356 382 
SCL #err deg : 1427 / 6200
SCL #err weighted degeneracy : 1223 1223 1238 1298 1329 1368 
degeneracy helps : 442 442 460 461 462 450 
degeneracy worse : 238 238 271 332 364 391 
SCL #err deg : 1458 / 6300
SCL #err weighted degeneracy : 1252 1252 1267 1328 1358 1396 
degeneracy helps : 446 446 466 466 469 458 
degeneracy worse : 240 240 275 336 369 396 
SCL #err deg : 1484 / 6400
SCL #err weighted degeneracy : 1274 1274 1288 1349 1380 1418 
degeneracy helps : 454 454 475 474 477 466 
degeneracy worse : 244 244 279 339 373 400 
SCL #err deg : 1508 / 6500
SCL #err weighted degeneracy : 1297 1297 1310 1372 1401 1441 
degeneracy helps : 460 460 483 482 486 475 
degeneracy worse : 249 249 285 346 379 408 
SCL #err deg : 1537 / 6600
SCL #err weighted degeneracy : 1318 1318 1332 1395 1425 1464 
degeneracy helps : 470 470 493 491 495 485 
degeneracy worse : 251 251 288 349 383 412 
SCL #err deg : 1551 / 6700
SCL #err weighted degeneracy : 1329 1329 1343 1409 1441 1480 
degeneracy helps : 476 476 499 497 501 490 
degeneracy worse : 254 254 291 355 391 419 
SCL #err deg : 1574 / 6800
SCL #err weighted degeneracy : 1350 1350 1364 1431 1465 1507 
degeneracy helps : 482 482 505 503 507 496 
degeneracy worse : 258 258 295 360 398 429 
SCL #err deg : 1595 / 6900
SCL #err weighted degeneracy : 1367 1367 1382 1452 1486 1527 
degeneracy helps : 489 489 512 510 514 504 
degeneracy worse : 261 261 299 367 405 436 
SCL #err deg : 1615 / 7000
SCL #err weighted degeneracy : 1390 1390 1404 1476 1512 1553 
degeneracy helps : 492 492 516 516 521 511 
degeneracy worse : 267 267 305 377 418 449 
SCL #err deg : 1644 / 7100
SCL #err weighted degeneracy : 1415 1415 1432 1505 1541 1584 
degeneracy helps : 500 500 523 522 528 517 
degeneracy worse : 271 271 311 383 425 457 
SCL #err deg : 1664 / 7200
SCL #err weighted degeneracy : 1430 1430 1447 1522 1557 1600 
degeneracy helps : 505 505 528 526 534 523 
degeneracy worse : 271 271 311 384 427 459 
SCL #err deg : 1682 / 7300
SCL #err weighted degeneracy : 1447 1447 1463 1542 1578 1622 
degeneracy helps : 510 510 534 531 539 527 
degeneracy worse : 275 275 315 391 435 467 
SCL #err deg : 1702 / 7400
SCL #err weighted degeneracy : 1464 1464 1481 1558 1593 1635 
degeneracy helps : 515 515 539 538 547 536 
degeneracy worse : 277 277 318 394 438 469 
SCL #err deg : 1727 / 7500
SCL #err weighted degeneracy : 1485 1485 1501 1578 1614 1656 
degeneracy helps : 525 525 549 548 556 545 
degeneracy worse : 283 283 323 399 443 474 
SCL #err deg : 1747 / 7600
SCL #err weighted degeneracy : 1499 1499 1515 1593 1630 1672 
degeneracy helps : 532 532 558 557 565 554 
degeneracy worse : 284 284 326 403 448 479 
SCL #err deg : 1766 / 7700
SCL #err weighted degeneracy : 1521 1521 1533 1611 1651 1691 
degeneracy helps : 535 535 565 565 573 562 
degeneracy worse : 290 290 332 410 458 487 
SCL #err deg : 1786 / 7800
SCL #err weighted degeneracy : 1538 1538 1552 1630 1671 1711 
degeneracy helps : 542 542 570 570 579 568 
degeneracy worse : 294 294 336 414 464 493 
SCL #err deg : 1813 / 7900
SCL #err weighted degeneracy : 1559 1559 1572 1652 1694 1736 
degeneracy helps : 553 553 583 583 592 580 
degeneracy worse : 299 299 342 422 473 503 
SCL #err deg : 1829 / 8000
SCL #err weighted degeneracy : 1574 1574 1588 1669 1713 1756 
degeneracy helps : 559 559 590 590 599 588 
degeneracy worse : 304 304 349 430 483 515 
SCL #err deg : 1847 / 8100
SCL #err weighted degeneracy : 1593 1593 1608 1692 1734 1777 
degeneracy helps : 565 565 596 597 607 596 
degeneracy worse : 311 311 357 442 494 526 
SCL #err deg : 1864 / 8200
SCL #err weighted degeneracy : 1605 1605 1619 1706 1749 1793 
degeneracy helps : 573 573 605 606 616 605 
degeneracy worse : 314 314 360 448 501 534 
SCL #err deg : 1888 / 8300
SCL #err weighted degeneracy : 1625 1625 1640 1725 1769 1814 
degeneracy helps : 580 580 612 615 624 614 
degeneracy worse : 317 317 364 452 505 540 
SCL #err deg : 1911 / 8400
SCL #err weighted degeneracy : 1645 1645 1658 1744 1789 1835 
degeneracy helps : 585 585 618 621 630 620 
degeneracy worse : 319 319 365 454 508 544 
SCL #err deg : 1938 / 8500
SCL #err weighted degeneracy : 1661 1661 1676 1762 1806 1852 
degeneracy helps : 598 598 632 634 644 634 
degeneracy worse : 321 321 370 458 512 548 
SCL #err deg : 1962 / 8600
SCL #err weighted degeneracy : 1681 1681 1698 1784 1829 1874 
degeneracy helps : 605 605 640 641 650 641 
degeneracy worse : 324 324 376 463 517 553 
SCL #err deg : 1984 / 8700
SCL #err weighted degeneracy : 1699 1699 1715 1802 1849 1896 
degeneracy helps : 613 613 648 649 657 647 
degeneracy worse : 328 328 379 467 522 559 
SCL #err deg : 2008 / 8800
SCL #err weighted degeneracy : 1720 1720 1738 1829 1876 1923 
degeneracy helps : 620 620 654 654 662 652 
degeneracy worse : 332 332 384 475 530 567 
SCL #err deg : 2027 / 8900
SCL #err weighted degeneracy : 1736 1736 1753 1845 1892 1939 
degeneracy helps : 628 628 662 662 670 660 
degeneracy worse : 337 337 388 480 535 572 
SCL #err deg : 2049 / 9000
SCL #err weighted degeneracy : 1754 1754 1772 1865 1913 1960 
degeneracy helps : 634 634 668 669 677 666 
degeneracy worse : 339 339 391 485 541 577 
SCL #err deg : 2074 / 9100
SCL #err weighted degeneracy : 1774 1774 1790 1884 1931 1977 
degeneracy helps : 642 642 676 677 686 676 
degeneracy worse : 342 342 392 487 543 579 
SCL #err deg : 2102 / 9200
SCL #err weighted degeneracy : 1798 1798 1815 1912 1960 2008 
degeneracy helps : 651 651 685 686 694 683 
degeneracy worse : 347 347 398 496 552 589 
SCL #err deg : 2126 / 9300
SCL #err weighted degeneracy : 1817 1817 1832 1928 1976 2027 
degeneracy helps : 660 660 697 698 706 695 
degeneracy worse : 351 351 403 500 556 596 
SCL #err deg : 2150 / 9400
SCL #err weighted degeneracy : 1837 1837 1851 1948 1997 2045 
degeneracy helps : 667 667 705 706 714 704 
degeneracy worse : 354 354 406 504 561 599 
SCL #err deg : 2174 / 9500
SCL #err weighted degeneracy : 1860 1860 1874 1972 2021 2069 
degeneracy helps : 673 673 712 712 720 710 
degeneracy worse : 359 359 412 510 567 605 
SCL #err deg : 2205 / 9600
SCL #err weighted degeneracy : 1882 1882 1896 1998 2047 2095 
degeneracy helps : 686 686 725 724 732 722 
degeneracy worse : 364 364 417 517 574 612 
SCL #err deg : 2232 / 9700
SCL #err weighted degeneracy : 1908 1908 1920 2021 2069 2118 
degeneracy helps : 692 692 733 733 741 731 
degeneracy worse : 369 369 422 522 578 617 
SCL #err deg : 2255 / 9800
SCL #err weighted degeneracy : 1926 1926 1938 2041 2091 2138 
degeneracy helps : 700 700 741 740 749 739 
degeneracy worse : 372 372 425 526 585 622 
SCL #err deg : 2274 / 9900
SCL #err weighted degeneracy : 1945 1945 1959 2062 2111 2157 
degeneracy helps : 706 706 747 746 755 747 
degeneracy worse : 378 378 433 534 592 630 
SCL #err deg : 2290 / 10000
SCL #err weighted degeneracy : 1957 1957 1973 2076 2124 2170 
degeneracy helps : 712 712 753 754 764 756 
degeneracy worse : 380 380 437 540 598 636 
average #flips: 51.2219
SCL #err considering degeneracy: 2290
error due to equal 600
error due to SCL smaller 1685
Finish in 5007 s
