Simulation Polar syndrome FASTER N=128, K=65, l=128, pz=0.103, #samples=10000, seed=197
PW construction
Event generator random seed: 197
SCL #err deg : 34 / 100
SCL #err weighted degeneracy : 36 36 40 42 40 42 
degeneracy helps : 7 7 6 6 7 8 
degeneracy worse : 9 9 12 14 13 16 
SCL #err deg : 65 / 200
SCL #err weighted degeneracy : 63 63 67 70 70 74 
degeneracy helps : 17 17 16 18 19 20 
degeneracy worse : 15 15 18 23 24 29 
SCL #err deg : 96 / 300
SCL #err weighted degeneracy : 95 95 100 108 108 112 
degeneracy helps : 27 27 25 26 26 27 
degeneracy worse : 26 26 29 38 38 43 
SCL #err deg : 122 / 400
SCL #err weighted degeneracy : 125 125 130 139 142 144 
degeneracy helps : 31 31 29 31 30 33 
degeneracy worse : 34 34 37 48 50 55 
SCL #err deg : 154 / 500
SCL #err weighted degeneracy : 153 153 157 170 176 177 
degeneracy helps : 41 41 40 44 43 48 
degeneracy worse : 40 40 43 60 65 71 
SCL #err deg : 184 / 600
SCL #err weighted degeneracy : 183 183 188 204 213 212 
degeneracy helps : 51 51 51 55 53 60 
degeneracy worse : 50 50 55 75 82 88 
SCL #err deg : 215 / 700
SCL #err weighted degeneracy : 211 211 214 233 242 243 
degeneracy helps : 61 61 63 68 66 73 
degeneracy worse : 57 57 62 86 93 101 
SCL #err deg : 249 / 800
SCL #err weighted degeneracy : 242 242 245 265 274 278 
degeneracy helps : 71 71 73 79 78 85 
degeneracy worse : 64 64 69 95 103 114 
SCL #err deg : 274 / 900
SCL #err weighted degeneracy : 268 268 271 291 299 303 
degeneracy helps : 79 79 81 89 89 97 
degeneracy worse : 73 73 78 106 114 126 
SCL #err deg : 301 / 1000
SCL #err weighted degeneracy : 295 295 300 318 325 329 
degeneracy helps : 85 85 86 97 99 107 
degeneracy worse : 79 79 85 114 123 135 
SCL #err deg : 327 / 1100
SCL #err weighted degeneracy : 314 314 319 339 350 356 
degeneracy helps : 97 97 98 109 111 120 
degeneracy worse : 84 84 90 121 134 149 
SCL #err deg : 355 / 1200
SCL #err weighted degeneracy : 341 341 348 368 382 386 
degeneracy helps : 102 102 103 115 117 129 
degeneracy worse : 88 88 96 128 144 160 
SCL #err deg : 389 / 1300
SCL #err weighted degeneracy : 376 376 385 407 422 426 
degeneracy helps : 111 111 111 125 127 140 
degeneracy worse : 98 98 107 143 160 177 
SCL #err deg : 416 / 1400
SCL #err weighted degeneracy : 398 398 407 433 452 459 
degeneracy helps : 124 124 124 139 141 153 
degeneracy worse : 107 107 116 156 177 196 
SCL #err deg : 441 / 1500
SCL #err weighted degeneracy : 426 426 435 466 488 497 
degeneracy helps : 128 128 128 143 145 157 
degeneracy worse : 114 114 123 168 192 213 
SCL #err deg : 467 / 1600
SCL #err weighted degeneracy : 449 449 459 490 517 525 
degeneracy helps : 133 133 133 149 151 164 
degeneracy worse : 116 116 126 172 201 222 
SCL #err deg : 496 / 1700
SCL #err weighted degeneracy : 473 473 484 516 541 550 
degeneracy helps : 144 144 143 161 165 179 
degeneracy worse : 123 123 133 181 210 233 
SCL #err deg : 526 / 1800
SCL #err weighted degeneracy : 502 502 513 543 570 582 
degeneracy helps : 149 149 148 168 173 187 
degeneracy worse : 127 127 137 185 217 243 
SCL #err deg : 560 / 1900
SCL #err weighted degeneracy : 541 541 552 584 614 628 
degeneracy helps : 152 152 151 171 176 190 
degeneracy worse : 135 135 145 195 230 258 
SCL #err deg : 598 / 2000
SCL #err weighted degeneracy : 578 578 589 622 654 669 
degeneracy helps : 163 163 162 183 189 203 
degeneracy worse : 145 145 155 207 245 274 
SCL #err deg : 632 / 2100
SCL #err weighted degeneracy : 611 611 623 658 691 708 
degeneracy helps : 172 172 171 193 199 213 
degeneracy worse : 154 154 165 219 258 289 
SCL #err deg : 661 / 2200
SCL #err weighted degeneracy : 637 637 649 684 718 737 
degeneracy helps : 184 184 184 207 213 228 
degeneracy worse : 164 164 175 230 270 304 
SCL #err deg : 686 / 2300
SCL #err weighted degeneracy : 657 657 671 707 743 766 
degeneracy helps : 193 193 191 214 220 235 
degeneracy worse : 168 168 179 235 277 315 
SCL #err deg : 719 / 2400
SCL #err weighted degeneracy : 684 684 698 738 775 799 
degeneracy helps : 204 204 202 225 232 247 
degeneracy worse : 173 173 184 244 288 327 
SCL #err deg : 752 / 2500
SCL #err weighted degeneracy : 714 714 728 768 807 839 
degeneracy helps : 212 212 210 236 243 255 
degeneracy worse : 178 178 189 252 298 342 
SCL #err deg : 779 / 2600
SCL #err weighted degeneracy : 738 738 752 793 832 867 
degeneracy helps : 220 220 218 245 253 265 
degeneracy worse : 183 183 194 259 306 353 
SCL #err deg : 810 / 2700
SCL #err weighted degeneracy : 771 771 785 829 870 907 
degeneracy helps : 227 227 225 252 260 272 
degeneracy worse : 192 192 203 271 320 369 
SCL #err deg : 845 / 2800
SCL #err weighted degeneracy : 806 806 820 866 909 947 
degeneracy helps : 235 235 234 262 271 283 
degeneracy worse : 200 200 212 283 335 385 
SCL #err deg : 869 / 2900
SCL #err weighted degeneracy : 830 830 845 893 935 971 
degeneracy helps : 241 241 240 269 279 291 
degeneracy worse : 206 206 219 293 345 393 
SCL #err deg : 892 / 3000
SCL #err weighted degeneracy : 853 853 868 915 957 998 
degeneracy helps : 245 245 244 276 287 298 
degeneracy worse : 210 210 223 299 352 404 
SCL #err deg : 921 / 3100
SCL #err weighted degeneracy : 881 881 898 946 992 1038 
degeneracy helps : 254 254 252 285 296 304 
degeneracy worse : 218 218 232 310 367 421 
SCL #err deg : 942 / 3200
SCL #err weighted degeneracy : 908 908 926 972 1019 1066 
degeneracy helps : 257 257 255 293 304 313 
degeneracy worse : 228 228 243 323 381 437 
SCL #err deg : 973 / 3300
SCL #err weighted degeneracy : 936 936 954 1001 1050 1097 
degeneracy helps : 266 266 264 302 313 322 
degeneracy worse : 234 234 249 330 390 446 
SCL #err deg : 1008 / 3400
SCL #err weighted degeneracy : 963 963 983 1031 1079 1131 
degeneracy helps : 282 282 280 318 330 338 
degeneracy worse : 242 242 259 341 401 461 
SCL #err deg : 1037 / 3500
SCL #err weighted degeneracy : 993 993 1013 1057 1108 1162 
degeneracy helps : 292 292 290 329 341 349 
degeneracy worse : 253 253 270 349 412 474 
SCL #err deg : 1068 / 3600
SCL #err weighted degeneracy : 1025 1025 1046 1090 1143 1198 
degeneracy helps : 303 303 301 340 351 358 
degeneracy worse : 265 265 283 362 426 488 
SCL #err deg : 1101 / 3700
SCL #err weighted degeneracy : 1047 1047 1068 1115 1169 1225 
degeneracy helps : 318 317 316 354 367 374 
degeneracy worse : 269 269 287 368 435 498 
SCL #err deg : 1133 / 3800
SCL #err weighted degeneracy : 1079 1079 1100 1154 1208 1266 
degeneracy helps : 324 323 323 360 373 380 
degeneracy worse : 276 276 294 381 448 513 
SCL #err deg : 1162 / 3900
SCL #err weighted degeneracy : 1110 1110 1130 1185 1237 1296 
degeneracy helps : 328 327 328 366 380 387 
degeneracy worse : 282 282 300 389 455 521 
SCL #err deg : 1185 / 4000
SCL #err weighted degeneracy : 1139 1139 1159 1211 1265 1328 
degeneracy helps : 333 332 333 375 390 397 
degeneracy worse : 293 293 311 401 470 540 
SCL #err deg : 1206 / 4100
SCL #err weighted degeneracy : 1163 1163 1184 1236 1293 1357 
degeneracy helps : 337 336 337 380 395 403 
degeneracy worse : 300 300 319 410 482 554 
SCL #err deg : 1233 / 4200
SCL #err weighted degeneracy : 1189 1189 1210 1264 1323 1388 
degeneracy helps : 346 345 346 389 403 412 
degeneracy worse : 308 308 327 420 493 567 
SCL #err deg : 1271 / 4300
SCL #err weighted degeneracy : 1222 1222 1244 1301 1359 1426 
degeneracy helps : 358 357 358 400 415 424 
degeneracy worse : 315 315 335 430 503 579 
SCL #err deg : 1297 / 4400
SCL #err weighted degeneracy : 1245 1245 1269 1331 1391 1464 
degeneracy helps : 367 366 367 410 425 432 
degeneracy worse : 321 321 343 444 519 599 
SCL #err deg : 1323 / 4500
SCL #err weighted degeneracy : 1267 1267 1291 1357 1420 1496 
degeneracy helps : 376 375 376 420 434 440 
degeneracy worse : 327 327 349 454 531 613 
SCL #err deg : 1353 / 4600
SCL #err weighted degeneracy : 1295 1295 1319 1385 1450 1529 
degeneracy helps : 384 383 384 429 444 450 
degeneracy worse : 333 333 355 461 541 626 
SCL #err deg : 1378 / 4700
SCL #err weighted degeneracy : 1314 1314 1340 1411 1479 1561 
degeneracy helps : 399 398 399 444 459 465 
degeneracy worse : 342 342 366 477 560 648 
SCL #err deg : 1414 / 4800
SCL #err weighted degeneracy : 1348 1348 1374 1447 1513 1595 
degeneracy helps : 411 410 411 454 471 478 
degeneracy worse : 352 352 376 487 570 659 
SCL #err deg : 1440 / 4900
SCL #err weighted degeneracy : 1372 1372 1397 1471 1539 1622 
degeneracy helps : 418 417 418 462 480 487 
degeneracy worse : 357 357 380 493 579 669 
SCL #err deg : 1466 / 5000
SCL #err weighted degeneracy : 1400 1400 1424 1502 1569 1653 
degeneracy helps : 424 423 425 471 491 499 
degeneracy worse : 365 365 388 507 594 686 
SCL #err deg : 1494 / 5100
SCL #err weighted degeneracy : 1425 1425 1452 1530 1598 1683 
degeneracy helps : 434 433 435 481 501 510 
degeneracy worse : 373 373 398 517 605 699 
SCL #err deg : 1526 / 5200
SCL #err weighted degeneracy : 1453 1453 1479 1559 1629 1716 
degeneracy helps : 445 444 446 493 513 521 
degeneracy worse : 380 380 404 526 616 711 
SCL #err deg : 1548 / 5300
SCL #err weighted degeneracy : 1477 1477 1504 1584 1657 1743 
degeneracy helps : 451 450 453 501 521 531 
degeneracy worse : 388 388 414 537 630 726 
SCL #err deg : 1580 / 5400
SCL #err weighted degeneracy : 1503 1503 1529 1611 1687 1776 
degeneracy helps : 460 459 463 511 532 542 
degeneracy worse : 391 391 417 542 639 738 
SCL #err deg : 1613 / 5500
SCL #err weighted degeneracy : 1532 1532 1557 1637 1715 1806 
degeneracy helps : 469 469 473 524 545 555 
degeneracy worse : 397 397 423 548 647 748 
SCL #err deg : 1645 / 5600
SCL #err weighted degeneracy : 1560 1560 1585 1670 1748 1843 
degeneracy helps : 480 480 484 534 555 566 
degeneracy worse : 404 404 430 559 658 764 
SCL #err deg : 1670 / 5700
SCL #err weighted degeneracy : 1590 1590 1616 1704 1784 1879 
degeneracy helps : 486 486 490 540 561 573 
degeneracy worse : 415 415 442 574 675 782 
SCL #err deg : 1697 / 5800
SCL #err weighted degeneracy : 1612 1612 1639 1727 1811 1907 
degeneracy helps : 493 493 498 550 571 583 
degeneracy worse : 418 418 446 580 685 793 
SCL #err deg : 1731 / 5900
SCL #err weighted degeneracy : 1643 1643 1671 1758 1843 1941 
degeneracy helps : 506 506 511 563 585 597 
degeneracy worse : 428 428 457 590 697 807 
SCL #err deg : 1763 / 6000
SCL #err weighted degeneracy : 1668 1668 1696 1787 1874 1975 
degeneracy helps : 522 522 527 577 599 611 
degeneracy worse : 437 437 466 601 710 823 
SCL #err deg : 1796 / 6100
SCL #err weighted degeneracy : 1699 1699 1728 1820 1908 2010 
degeneracy helps : 531 531 536 586 608 620 
degeneracy worse : 444 444 474 610 720 834 
SCL #err deg : 1825 / 6200
SCL #err weighted degeneracy : 1733 1733 1762 1853 1940 2047 
degeneracy helps : 537 537 542 594 617 629 
degeneracy worse : 455 455 485 622 732 851 
SCL #err deg : 1851 / 6300
SCL #err weighted degeneracy : 1752 1752 1781 1870 1961 2076 
degeneracy helps : 551 551 556 610 632 640 
degeneracy worse : 462 462 492 629 742 865 
SCL #err deg : 1880 / 6400
SCL #err weighted degeneracy : 1781 1781 1810 1905 1997 2114 
degeneracy helps : 558 558 563 616 638 647 
degeneracy worse : 469 469 499 641 755 881 
SCL #err deg : 1905 / 6500
SCL #err weighted degeneracy : 1808 1808 1837 1932 2025 2143 
degeneracy helps : 568 568 573 626 649 658 
degeneracy worse : 481 481 511 653 769 896 
SCL #err deg : 1936 / 6600
SCL #err weighted degeneracy : 1834 1834 1859 1953 2049 2171 
degeneracy helps : 578 578 585 641 664 672 
degeneracy worse : 486 486 514 658 777 907 
SCL #err deg : 1966 / 6700
SCL #err weighted degeneracy : 1867 1867 1891 1989 2086 2208 
degeneracy helps : 583 583 591 647 671 680 
degeneracy worse : 494 494 522 670 791 922 
SCL #err deg : 1994 / 6800
SCL #err weighted degeneracy : 1893 1893 1917 2015 2116 2239 
degeneracy helps : 593 593 601 657 681 689 
degeneracy worse : 502 502 530 678 803 934 
SCL #err deg : 2026 / 6900
SCL #err weighted degeneracy : 1922 1922 1946 2048 2149 2271 
degeneracy helps : 599 599 607 663 688 697 
degeneracy worse : 506 506 534 685 811 942 
SCL #err deg : 2051 / 7000
SCL #err weighted degeneracy : 1951 1951 1975 2083 2183 2304 
degeneracy helps : 603 603 611 667 693 703 
degeneracy worse : 514 514 542 699 825 956 
SCL #err deg : 2082 / 7100
SCL #err weighted degeneracy : 1981 1981 2004 2111 2214 2335 
degeneracy helps : 612 612 621 677 703 713 
degeneracy worse : 522 522 550 706 835 966 
SCL #err deg : 2111 / 7200
SCL #err weighted degeneracy : 1999 1999 2021 2132 2234 2359 
degeneracy helps : 626 626 636 692 719 728 
degeneracy worse : 525 525 553 713 842 976 
SCL #err deg : 2137 / 7300
SCL #err weighted degeneracy : 2025 2025 2048 2161 2264 2389 
degeneracy helps : 632 632 644 700 726 736 
degeneracy worse : 531 531 562 724 853 988 
SCL #err deg : 2166 / 7400
SCL #err weighted degeneracy : 2059 2059 2082 2196 2300 2427 
degeneracy helps : 635 635 647 704 731 741 
degeneracy worse : 539 539 570 734 865 1002 
SCL #err deg : 2191 / 7500
SCL #err weighted degeneracy : 2079 2079 2102 2217 2327 2460 
degeneracy helps : 647 647 659 717 742 751 
degeneracy worse : 546 546 577 743 878 1020 
SCL #err deg : 2221 / 7600
SCL #err weighted degeneracy : 2103 2103 2126 2241 2354 2486 
degeneracy helps : 656 656 668 727 752 763 
degeneracy worse : 549 549 580 747 885 1028 
SCL #err deg : 2254 / 7700
SCL #err weighted degeneracy : 2138 2138 2160 2274 2387 2522 
degeneracy helps : 661 661 674 734 760 771 
degeneracy worse : 556 556 587 754 893 1039 
SCL #err deg : 2281 / 7800
SCL #err weighted degeneracy : 2161 2161 2183 2300 2415 2553 
degeneracy helps : 669 669 682 743 769 781 
degeneracy worse : 561 561 592 762 903 1053 
SCL #err deg : 2306 / 7900
SCL #err weighted degeneracy : 2185 2185 2209 2327 2443 2581 
degeneracy helps : 684 684 696 757 783 795 
degeneracy worse : 575 575 607 778 920 1070 
SCL #err deg : 2322 / 8000
SCL #err weighted degeneracy : 2202 2202 2227 2344 2459 2600 
degeneracy helps : 689 689 701 763 790 802 
degeneracy worse : 581 581 614 785 927 1080 
SCL #err deg : 2343 / 8100
SCL #err weighted degeneracy : 2232 2232 2258 2377 2491 2634 
degeneracy helps : 694 694 706 769 797 807 
degeneracy worse : 595 595 629 803 945 1098 
SCL #err deg : 2367 / 8200
SCL #err weighted degeneracy : 2254 2254 2280 2402 2516 2662 
degeneracy helps : 700 700 712 776 805 815 
degeneracy worse : 600 600 634 811 954 1110 
SCL #err deg : 2393 / 8300
SCL #err weighted degeneracy : 2278 2278 2304 2431 2548 2697 
degeneracy helps : 708 708 720 784 813 824 
degeneracy worse : 606 606 640 822 968 1128 
SCL #err deg : 2423 / 8400
SCL #err weighted degeneracy : 2307 2307 2332 2461 2580 2729 
degeneracy helps : 716 716 729 795 825 838 
degeneracy worse : 614 614 648 833 982 1144 
SCL #err deg : 2457 / 8500
SCL #err weighted degeneracy : 2335 2335 2360 2490 2611 2764 
degeneracy helps : 729 729 743 809 838 850 
degeneracy worse : 621 621 656 842 992 1157 
SCL #err deg : 2485 / 8600
SCL #err weighted degeneracy : 2361 2361 2386 2517 2640 2797 
degeneracy helps : 738 738 752 817 846 858 
degeneracy worse : 628 628 663 849 1001 1170 
SCL #err deg : 2515 / 8700
SCL #err weighted degeneracy : 2386 2386 2411 2540 2666 2826 
degeneracy helps : 748 748 763 830 860 871 
degeneracy worse : 633 633 669 855 1011 1182 
SCL #err deg : 2542 / 8800
SCL #err weighted degeneracy : 2411 2411 2436 2566 2693 2855 
degeneracy helps : 756 756 771 840 872 883 
degeneracy worse : 639 639 675 864 1023 1196 
SCL #err deg : 2569 / 8900
SCL #err weighted degeneracy : 2433 2433 2458 2589 2719 2882 
degeneracy helps : 766 766 781 850 882 892 
degeneracy worse : 644 644 680 870 1032 1205 
SCL #err deg : 2602 / 9000
SCL #err weighted degeneracy : 2463 2463 2488 2620 2749 2912 
degeneracy helps : 775 775 790 859 893 903 
degeneracy worse : 650 650 686 877 1040 1213 
SCL #err deg : 2633 / 9100
SCL #err weighted degeneracy : 2488 2488 2512 2644 2774 2937 
degeneracy helps : 784 784 799 869 904 915 
degeneracy worse : 653 653 688 880 1045 1219 
SCL #err deg : 2667 / 9200
SCL #err weighted degeneracy : 2521 2521 2546 2683 2816 2980 
degeneracy helps : 796 796 811 880 916 928 
degeneracy worse : 664 664 700 896 1065 1241 
SCL #err deg : 2698 / 9300
SCL #err weighted degeneracy : 2545 2545 2570 2706 2844 3010 
degeneracy helps : 809 809 825 896 930 941 
degeneracy worse : 670 670 707 904 1076 1253 
SCL #err deg : 2733 / 9400
SCL #err weighted degeneracy : 2576 2576 2603 2737 2876 3048 
degeneracy helps : 818 818 834 908 942 955 
degeneracy worse : 675 675 714 912 1085 1270 
SCL #err deg : 2766 / 9500
SCL #err weighted degeneracy : 2606 2606 2632 2764 2906 3081 
degeneracy helps : 830 830 847 922 955 968 
degeneracy worse : 684 684 723 920 1095 1283 
SCL #err deg : 2798 / 9600
SCL #err weighted degeneracy : 2635 2635 2660 2793 2937 3114 
degeneracy helps : 840 840 858 932 965 979 
degeneracy worse : 691 691 730 927 1104 1295 
SCL #err deg : 2829 / 9700
SCL #err weighted degeneracy : 2666 2666 2693 2831 2975 3157 
degeneracy helps : 849 849 867 938 972 986 
degeneracy worse : 700 700 741 940 1118 1314 
SCL #err deg : 2859 / 9800
SCL #err weighted degeneracy : 2697 2697 2725 2866 3011 3197 
degeneracy helps : 855 855 873 944 978 992 
degeneracy worse : 707 707 749 951 1130 1330 
SCL #err deg : 2881 / 9900
SCL #err weighted degeneracy : 2720 2720 2747 2891 3038 3224 
degeneracy helps : 861 861 880 952 986 1001 
degeneracy worse : 714 714 756 962 1143 1344 
SCL #err deg : 2910 / 10000
SCL #err weighted degeneracy : 2751 2751 2780 2924 3072 3259 
degeneracy helps : 868 869 887 960 994 1008 
degeneracy worse : 724 724 767 974 1156 1357 
average #flips: 13.2261
SCL #err considering degeneracy: 2910
error due to equal 1366
error due to SCL smaller 1544
Finish in 1146 s
