Simulation Polar syndrome FASTER N=2048, K=1025, l=128, pz=0.1, #samples=10000, seed=87
PW construction
Event generator random seed: 87
SCL #err deg : 20 / 100
SCL #err weighted degeneracy : 23 23 23 21 21 21 
degeneracy helps : 1 1 1 2 2 2 
degeneracy worse : 4 4 4 3 3 3 
SCL #err deg : 36 / 200
SCL #err weighted degeneracy : 40 40 41 38 37 37 
degeneracy helps : 5 5 4 5 6 6 
degeneracy worse : 9 9 9 7 7 7 
SCL #err deg : 51 / 300
SCL #err weighted degeneracy : 56 56 57 53 52 54 
degeneracy helps : 8 8 7 7 8 6 
degeneracy worse : 13 13 13 9 9 9 
SCL #err deg : 69 / 400
SCL #err weighted degeneracy : 75 75 75 72 71 73 
degeneracy helps : 11 11 11 11 12 10 
degeneracy worse : 17 17 17 14 14 14 
SCL #err deg : 93 / 500
SCL #err weighted degeneracy : 98 99 100 98 98 101 
degeneracy helps : 15 14 15 14 15 12 
degeneracy worse : 20 20 22 19 20 20 
SCL #err deg : 120 / 600
SCL #err weighted degeneracy : 124 125 125 123 124 126 
degeneracy helps : 18 17 20 19 20 17 
degeneracy worse : 22 22 25 22 24 23 
SCL #err deg : 136 / 700
SCL #err weighted degeneracy : 141 142 142 139 141 144 
degeneracy helps : 21 20 23 22 23 20 
degeneracy worse : 26 26 29 25 28 28 
SCL #err deg : 149 / 800
SCL #err weighted degeneracy : 151 152 153 149 151 154 
degeneracy helps : 24 23 25 25 26 23 
degeneracy worse : 26 26 29 25 28 28 
SCL #err deg : 163 / 900
SCL #err weighted degeneracy : 169 170 169 165 165 169 
degeneracy helps : 27 26 29 28 29 26 
degeneracy worse : 33 33 35 30 31 32 
SCL #err deg : 181 / 1000
SCL #err weighted degeneracy : 178 179 178 176 177 182 
degeneracy helps : 36 35 38 37 37 34 
degeneracy worse : 33 33 35 32 33 35 
SCL #err deg : 196 / 1100
SCL #err weighted degeneracy : 195 196 196 194 194 198 
degeneracy helps : 40 39 41 40 40 38 
degeneracy worse : 39 39 41 38 38 40 
SCL #err deg : 211 / 1200
SCL #err weighted degeneracy : 210 211 211 211 211 216 
degeneracy helps : 41 40 42 41 41 39 
degeneracy worse : 40 40 42 41 41 44 
SCL #err deg : 230 / 1300
SCL #err weighted degeneracy : 231 232 228 227 227 231 
degeneracy helps : 43 42 49 49 49 47 
degeneracy worse : 44 44 47 46 46 48 
SCL #err deg : 246 / 1400
SCL #err weighted degeneracy : 242 243 239 238 239 244 
degeneracy helps : 50 49 56 56 56 54 
degeneracy worse : 46 46 49 48 49 52 
SCL #err deg : 263 / 1500
SCL #err weighted degeneracy : 263 264 261 259 260 266 
degeneracy helps : 53 52 58 59 59 57 
degeneracy worse : 53 53 56 55 56 60 
SCL #err deg : 290 / 1600
SCL #err weighted degeneracy : 283 284 282 280 281 289 
degeneracy helps : 60 59 65 66 66 63 
degeneracy worse : 53 53 57 56 57 62 
SCL #err deg : 303 / 1700
SCL #err weighted degeneracy : 295 296 294 292 293 302 
degeneracy helps : 62 61 68 69 69 66 
degeneracy worse : 54 54 59 58 59 65 
SCL #err deg : 320 / 1800
SCL #err weighted degeneracy : 312 313 311 307 308 317 
degeneracy helps : 65 64 71 72 73 70 
degeneracy worse : 57 57 62 59 61 67 
SCL #err deg : 340 / 1900
SCL #err weighted degeneracy : 334 335 333 328 328 336 
degeneracy helps : 67 66 73 75 76 74 
degeneracy worse : 61 61 66 63 64 70 
SCL #err deg : 357 / 2000
SCL #err weighted degeneracy : 350 351 348 343 342 349 
degeneracy helps : 70 69 76 78 79 78 
degeneracy worse : 63 63 67 64 64 70 
SCL #err deg : 372 / 2100
SCL #err weighted degeneracy : 370 371 368 362 361 370 
degeneracy helps : 72 71 78 80 81 79 
degeneracy worse : 70 70 74 70 70 77 
SCL #err deg : 387 / 2200
SCL #err weighted degeneracy : 381 382 379 374 375 383 
degeneracy helps : 76 75 82 84 84 83 
degeneracy worse : 70 70 74 71 72 79 
SCL #err deg : 405 / 2300
SCL #err weighted degeneracy : 396 397 392 385 388 395 
degeneracy helps : 81 80 88 92 91 91 
degeneracy worse : 72 72 75 72 74 81 
SCL #err deg : 424 / 2400
SCL #err weighted degeneracy : 417 418 413 404 409 414 
degeneracy helps : 85 84 92 97 94 95 
degeneracy worse : 78 78 81 77 79 85 
SCL #err deg : 433 / 2500
SCL #err weighted degeneracy : 427 428 423 414 420 426 
degeneracy helps : 87 86 94 99 96 97 
degeneracy worse : 81 81 84 80 83 90 
SCL #err deg : 452 / 2600
SCL #err weighted degeneracy : 446 447 443 434 441 447 
degeneracy helps : 91 90 97 102 98 99 
degeneracy worse : 85 85 88 84 87 94 
SCL #err deg : 474 / 2700
SCL #err weighted degeneracy : 466 467 463 457 464 470 
degeneracy helps : 96 95 102 105 100 101 
degeneracy worse : 88 88 91 88 90 97 
SCL #err deg : 495 / 2800
SCL #err weighted degeneracy : 489 490 487 480 487 493 
degeneracy helps : 98 97 103 106 101 102 
degeneracy worse : 92 92 95 91 93 100 
SCL #err deg : 506 / 2900
SCL #err weighted degeneracy : 499 500 496 489 497 503 
degeneracy helps : 101 100 106 109 105 105 
degeneracy worse : 94 94 96 92 96 102 
SCL #err deg : 524 / 3000
SCL #err weighted degeneracy : 516 517 512 506 513 518 
degeneracy helps : 105 104 111 114 111 112 
degeneracy worse : 97 97 99 96 100 106 
SCL #err deg : 547 / 3100
SCL #err weighted degeneracy : 535 536 532 525 533 537 
degeneracy helps : 110 109 116 120 116 118 
degeneracy worse : 98 98 101 98 102 108 
SCL #err deg : 566 / 3200
SCL #err weighted degeneracy : 556 557 552 545 554 560 
degeneracy helps : 111 110 118 122 118 119 
degeneracy worse : 101 101 104 101 106 113 
SCL #err deg : 585 / 3300
SCL #err weighted degeneracy : 575 576 571 563 572 578 
degeneracy helps : 114 113 121 125 121 122 
degeneracy worse : 104 104 107 103 108 115 
SCL #err deg : 605 / 3400
SCL #err weighted degeneracy : 596 597 592 583 591 598 
degeneracy helps : 116 115 123 128 125 126 
degeneracy worse : 107 107 110 106 111 119 
SCL #err deg : 628 / 3500
SCL #err weighted degeneracy : 615 615 612 604 611 620 
degeneracy helps : 123 122 130 134 130 129 
degeneracy worse : 110 109 114 110 113 121 
SCL #err deg : 647 / 3600
SCL #err weighted degeneracy : 633 633 629 621 630 640 
degeneracy helps : 128 127 134 138 132 131 
degeneracy worse : 114 113 116 112 115 124 
SCL #err deg : 667 / 3700
SCL #err weighted degeneracy : 650 650 646 637 645 656 
degeneracy helps : 134 133 140 144 138 136 
degeneracy worse : 117 116 119 114 116 125 
SCL #err deg : 684 / 3800
SCL #err weighted degeneracy : 665 665 660 651 660 671 
degeneracy helps : 139 138 145 149 142 140 
degeneracy worse : 120 119 121 116 118 127 
SCL #err deg : 705 / 3900
SCL #err weighted degeneracy : 686 686 681 671 681 693 
degeneracy helps : 144 143 150 153 146 144 
degeneracy worse : 125 124 126 119 122 132 
SCL #err deg : 720 / 4000
SCL #err weighted degeneracy : 698 698 694 685 695 708 
degeneracy helps : 149 148 155 157 150 147 
degeneracy worse : 127 126 129 122 125 135 
SCL #err deg : 738 / 4100
SCL #err weighted degeneracy : 716 716 712 702 712 725 
degeneracy helps : 151 150 157 160 153 150 
degeneracy worse : 129 128 131 124 127 137 
SCL #err deg : 756 / 4200
SCL #err weighted degeneracy : 731 732 729 720 729 742 
degeneracy helps : 155 153 160 163 156 153 
degeneracy worse : 130 129 133 127 129 139 
SCL #err deg : 774 / 4300
SCL #err weighted degeneracy : 747 748 748 738 747 761 
degeneracy helps : 157 155 161 165 158 154 
degeneracy worse : 130 129 135 129 131 141 
SCL #err deg : 789 / 4400
SCL #err weighted degeneracy : 762 763 763 753 763 776 
degeneracy helps : 162 160 166 168 160 157 
degeneracy worse : 135 134 140 132 134 144 
SCL #err deg : 803 / 4500
SCL #err weighted degeneracy : 776 777 777 768 778 792 
degeneracy helps : 163 161 167 169 161 158 
degeneracy worse : 136 135 141 134 136 147 
SCL #err deg : 818 / 4600
SCL #err weighted degeneracy : 790 792 792 783 792 807 
degeneracy helps : 167 164 169 171 164 161 
degeneracy worse : 139 138 143 136 138 150 
SCL #err deg : 838 / 4700
SCL #err weighted degeneracy : 812 814 815 804 812 827 
degeneracy helps : 170 167 171 174 167 164 
degeneracy worse : 144 143 148 140 141 153 
SCL #err deg : 856 / 4800
SCL #err weighted degeneracy : 826 828 829 818 826 842 
degeneracy helps : 175 172 176 179 172 168 
degeneracy worse : 145 144 149 141 142 154 
SCL #err deg : 869 / 4900
SCL #err weighted degeneracy : 839 841 843 831 839 855 
degeneracy helps : 177 174 177 181 174 170 
degeneracy worse : 147 146 151 143 144 156 
SCL #err deg : 887 / 5000
SCL #err weighted degeneracy : 855 857 859 846 855 872 
degeneracy helps : 181 178 181 186 178 173 
degeneracy worse : 149 148 153 145 146 158 
SCL #err deg : 904 / 5100
SCL #err weighted degeneracy : 867 869 872 859 869 887 
degeneracy helps : 187 184 187 192 183 178 
degeneracy worse : 150 149 155 147 148 161 
SCL #err deg : 917 / 5200
SCL #err weighted degeneracy : 880 882 885 872 881 899 
degeneracy helps : 190 187 191 196 188 182 
degeneracy worse : 153 152 159 151 152 164 
SCL #err deg : 935 / 5300
SCL #err weighted degeneracy : 895 897 903 890 899 917 
degeneracy helps : 194 191 194 199 191 186 
degeneracy worse : 154 153 162 154 155 168 
SCL #err deg : 952 / 5400
SCL #err weighted degeneracy : 912 914 920 907 915 932 
degeneracy helps : 196 193 196 201 193 188 
degeneracy worse : 156 155 164 156 156 168 
SCL #err deg : 966 / 5500
SCL #err weighted degeneracy : 925 927 933 921 929 946 
degeneracy helps : 200 197 199 205 197 192 
degeneracy worse : 159 158 166 160 160 172 
SCL #err deg : 982 / 5600
SCL #err weighted degeneracy : 937 939 946 934 942 959 
degeneracy helps : 204 201 202 208 200 195 
degeneracy worse : 159 158 166 160 160 172 
SCL #err deg : 994 / 5700
SCL #err weighted degeneracy : 949 951 958 947 955 971 
degeneracy helps : 207 204 205 211 203 198 
degeneracy worse : 162 161 169 164 164 175 
SCL #err deg : 1012 / 5800
SCL #err weighted degeneracy : 967 969 975 963 972 988 
degeneracy helps : 211 208 209 215 206 201 
degeneracy worse : 166 165 172 166 166 177 
SCL #err deg : 1034 / 5900
SCL #err weighted degeneracy : 987 989 994 983 991 1007 
degeneracy helps : 217 214 216 221 212 206 
degeneracy worse : 170 169 176 170 169 179 
SCL #err deg : 1053 / 6000
SCL #err weighted degeneracy : 1004 1006 1010 999 1007 1024 
degeneracy helps : 220 217 219 224 215 209 
degeneracy worse : 171 170 176 170 169 180 
SCL #err deg : 1072 / 6100
SCL #err weighted degeneracy : 1021 1023 1026 1014 1023 1040 
degeneracy helps : 224 221 224 229 220 214 
degeneracy worse : 173 172 178 171 171 182 
SCL #err deg : 1086 / 6200
SCL #err weighted degeneracy : 1036 1038 1040 1028 1036 1056 
degeneracy helps : 226 223 227 231 222 216 
degeneracy worse : 176 175 181 173 172 186 
SCL #err deg : 1105 / 6300
SCL #err weighted degeneracy : 1056 1058 1060 1049 1057 1077 
degeneracy helps : 228 225 229 234 225 219 
degeneracy worse : 179 178 184 178 177 191 
SCL #err deg : 1118 / 6400
SCL #err weighted degeneracy : 1067 1069 1072 1060 1069 1091 
degeneracy helps : 232 229 233 238 229 221 
degeneracy worse : 181 180 187 180 180 194 
SCL #err deg : 1132 / 6500
SCL #err weighted degeneracy : 1082 1084 1089 1076 1084 1106 
degeneracy helps : 237 234 237 242 233 225 
degeneracy worse : 187 186 194 186 185 199 
SCL #err deg : 1151 / 6600
SCL #err weighted degeneracy : 1098 1100 1104 1091 1101 1124 
degeneracy helps : 243 240 243 249 238 230 
degeneracy worse : 190 189 196 189 188 203 
SCL #err deg : 1168 / 6700
SCL #err weighted degeneracy : 1111 1113 1116 1103 1113 1136 
degeneracy helps : 248 245 249 255 244 236 
degeneracy worse : 191 190 197 190 189 204 
SCL #err deg : 1187 / 6800
SCL #err weighted degeneracy : 1127 1129 1134 1122 1132 1155 
degeneracy helps : 253 250 253 259 248 240 
degeneracy worse : 193 192 200 194 193 208 
SCL #err deg : 1197 / 6900
SCL #err weighted degeneracy : 1138 1140 1144 1132 1142 1164 
degeneracy helps : 255 252 255 261 250 243 
degeneracy worse : 196 195 202 196 195 210 
SCL #err deg : 1214 / 7000
SCL #err weighted degeneracy : 1154 1156 1160 1148 1158 1180 
degeneracy helps : 258 255 257 263 252 245 
degeneracy worse : 198 197 203 197 196 211 
SCL #err deg : 1233 / 7100
SCL #err weighted degeneracy : 1169 1172 1174 1162 1173 1195 
degeneracy helps : 263 259 263 269 257 251 
degeneracy worse : 199 198 204 198 197 213 
SCL #err deg : 1249 / 7200
SCL #err weighted degeneracy : 1184 1187 1189 1177 1189 1214 
degeneracy helps : 267 263 267 273 261 254 
degeneracy worse : 202 201 207 201 201 219 
SCL #err deg : 1263 / 7300
SCL #err weighted degeneracy : 1201 1204 1205 1193 1205 1230 
degeneracy helps : 267 263 267 273 261 254 
degeneracy worse : 205 204 209 203 203 221 
SCL #err deg : 1282 / 7400
SCL #err weighted degeneracy : 1222 1225 1227 1217 1229 1254 
degeneracy helps : 269 265 269 274 262 255 
degeneracy worse : 209 208 214 209 209 227 
SCL #err deg : 1300 / 7500
SCL #err weighted degeneracy : 1239 1242 1241 1231 1244 1270 
degeneracy helps : 273 269 275 280 267 261 
degeneracy worse : 212 211 216 211 211 231 
SCL #err deg : 1324 / 7600
SCL #err weighted degeneracy : 1262 1265 1266 1255 1269 1296 
degeneracy helps : 277 273 277 282 269 262 
degeneracy worse : 215 214 219 213 214 234 
SCL #err deg : 1345 / 7700
SCL #err weighted degeneracy : 1280 1283 1286 1276 1289 1315 
degeneracy helps : 281 277 280 285 273 266 
degeneracy worse : 216 215 221 216 217 236 
SCL #err deg : 1359 / 7800
SCL #err weighted degeneracy : 1296 1299 1302 1292 1305 1331 
degeneracy helps : 282 278 281 286 274 267 
degeneracy worse : 219 218 224 219 220 239 
SCL #err deg : 1380 / 7900
SCL #err weighted degeneracy : 1317 1320 1323 1312 1326 1353 
degeneracy helps : 284 280 284 289 276 269 
degeneracy worse : 221 220 227 221 222 242 
SCL #err deg : 1394 / 8000
SCL #err weighted degeneracy : 1335 1338 1341 1329 1343 1370 
degeneracy helps : 284 280 284 290 277 270 
degeneracy worse : 225 224 231 225 226 246 
SCL #err deg : 1410 / 8100
SCL #err weighted degeneracy : 1348 1351 1355 1343 1356 1383 
degeneracy helps : 289 285 290 297 284 276 
degeneracy worse : 227 226 235 230 230 249 
SCL #err deg : 1423 / 8200
SCL #err weighted degeneracy : 1361 1364 1368 1355 1368 1396 
degeneracy helps : 292 288 293 300 287 278 
degeneracy worse : 230 229 238 232 232 251 
SCL #err deg : 1448 / 8300
SCL #err weighted degeneracy : 1386 1389 1394 1384 1396 1425 
degeneracy helps : 294 290 295 302 291 282 
degeneracy worse : 232 231 241 238 239 259 
SCL #err deg : 1471 / 8400
SCL #err weighted degeneracy : 1406 1410 1416 1407 1420 1450 
degeneracy helps : 301 296 302 307 296 286 
degeneracy worse : 236 235 247 243 245 265 
SCL #err deg : 1493 / 8500
SCL #err weighted degeneracy : 1423 1427 1433 1424 1437 1469 
degeneracy helps : 307 302 308 313 302 290 
degeneracy worse : 237 236 248 244 246 266 
SCL #err deg : 1505 / 8600
SCL #err weighted degeneracy : 1437 1441 1447 1438 1453 1485 
degeneracy helps : 308 303 308 313 302 290 
degeneracy worse : 240 239 250 246 250 270 
SCL #err deg : 1524 / 8700
SCL #err weighted degeneracy : 1456 1460 1466 1457 1472 1506 
degeneracy helps : 311 306 311 316 305 293 
degeneracy worse : 243 242 253 249 253 275 
SCL #err deg : 1537 / 8800
SCL #err weighted degeneracy : 1474 1478 1483 1473 1488 1521 
degeneracy helps : 314 309 314 319 308 296 
degeneracy worse : 251 250 260 255 259 280 
SCL #err deg : 1548 / 8900
SCL #err weighted degeneracy : 1487 1491 1496 1484 1500 1533 
degeneracy helps : 315 310 316 321 310 298 
degeneracy worse : 254 253 264 257 262 283 
SCL #err deg : 1571 / 9000
SCL #err weighted degeneracy : 1512 1515 1522 1510 1525 1557 
degeneracy helps : 316 312 316 321 311 299 
degeneracy worse : 257 256 267 260 265 285 
SCL #err deg : 1584 / 9100
SCL #err weighted degeneracy : 1525 1528 1534 1523 1538 1572 
degeneracy helps : 319 315 319 324 314 302 
degeneracy worse : 260 259 269 263 268 290 
SCL #err deg : 1601 / 9200
SCL #err weighted degeneracy : 1539 1542 1549 1538 1553 1587 
degeneracy helps : 322 318 322 327 317 305 
degeneracy worse : 260 259 270 264 269 291 
SCL #err deg : 1619 / 9300
SCL #err weighted degeneracy : 1558 1561 1568 1557 1572 1606 
degeneracy helps : 322 318 322 327 317 306 
degeneracy worse : 261 260 271 265 270 293 
SCL #err deg : 1634 / 9400
SCL #err weighted degeneracy : 1572 1575 1580 1568 1583 1618 
degeneracy helps : 326 322 328 333 323 311 
degeneracy worse : 264 263 274 267 272 295 
SCL #err deg : 1657 / 9500
SCL #err weighted degeneracy : 1590 1593 1596 1586 1601 1637 
degeneracy helps : 332 328 335 340 330 318 
degeneracy worse : 265 264 274 269 274 298 
SCL #err deg : 1675 / 9600
SCL #err weighted degeneracy : 1608 1612 1613 1603 1618 1653 
degeneracy helps : 334 330 339 344 334 322 
degeneracy worse : 267 267 277 272 277 300 
SCL #err deg : 1689 / 9700
SCL #err weighted degeneracy : 1625 1629 1627 1617 1632 1667 
degeneracy helps : 335 331 341 345 335 323 
degeneracy worse : 271 271 279 273 278 301 
SCL #err deg : 1705 / 9800
SCL #err weighted degeneracy : 1644 1648 1647 1639 1653 1689 
degeneracy helps : 338 334 344 348 338 326 
degeneracy worse : 277 277 286 282 286 310 
SCL #err deg : 1725 / 9900
SCL #err weighted degeneracy : 1666 1670 1669 1661 1676 1714 
degeneracy helps : 340 336 346 350 340 328 
degeneracy worse : 281 281 290 286 291 317 
SCL #err deg : 1746 / 10000
SCL #err weighted degeneracy : 1685 1689 1688 1681 1696 1734 
degeneracy helps : 344 340 351 354 344 332 
degeneracy worse : 283 283 293 289 294 320 
average #flips: 204.957
SCL #err considering degeneracy: 1746
error due to equal 263
error due to SCL smaller 1213
Finish in 31417 s
