Simulation Polar syndrome FASTER N=2048, K=1025, l=128, pz=0.15, #samples=10000, seed=87
PW construction
Event generator random seed: 87
SCL #err deg : 77 / 100
SCL #err weighted degeneracy : 77 77 79 77 74 75 
degeneracy helps : 5 4 3 5 6 6 
degeneracy worse : 5 4 5 5 3 4 
SCL #err deg : 155 / 200
SCL #err weighted degeneracy : 154 154 155 152 149 151 
degeneracy helps : 7 6 6 9 10 10 
degeneracy worse : 6 5 6 6 4 6 
SCL #err deg : 231 / 300
SCL #err weighted degeneracy : 226 224 227 225 223 225 
degeneracy helps : 14 13 14 17 18 18 
degeneracy worse : 9 6 10 11 10 12 
SCL #err deg : 303 / 400
SCL #err weighted degeneracy : 298 295 298 297 294 296 
degeneracy helps : 17 16 17 20 22 22 
degeneracy worse : 12 8 12 14 13 15 
SCL #err deg : 376 / 500
SCL #err weighted degeneracy : 372 369 372 373 372 375 
degeneracy helps : 22 21 22 25 26 25 
degeneracy worse : 18 14 18 22 22 24 
SCL #err deg : 457 / 600
SCL #err weighted degeneracy : 453 450 452 455 453 457 
degeneracy helps : 26 25 26 29 31 29 
degeneracy worse : 22 18 21 27 27 29 
SCL #err deg : 534 / 700
SCL #err weighted degeneracy : 531 528 531 534 532 536 
degeneracy helps : 28 28 28 31 33 31 
degeneracy worse : 25 22 25 31 31 33 
SCL #err deg : 617 / 800
SCL #err weighted degeneracy : 611 608 611 615 615 619 
degeneracy helps : 34 34 34 36 37 35 
degeneracy worse : 28 25 28 34 35 37 
SCL #err deg : 696 / 900
SCL #err weighted degeneracy : 685 683 686 691 690 694 
degeneracy helps : 42 42 41 42 44 41 
degeneracy worse : 31 29 31 37 38 39 
SCL #err deg : 772 / 1000
SCL #err weighted degeneracy : 762 760 763 769 768 771 
degeneracy helps : 45 45 44 45 47 44 
degeneracy worse : 35 33 35 42 43 43 
SCL #err deg : 842 / 1100
SCL #err weighted degeneracy : 830 828 828 835 833 836 
degeneracy helps : 50 50 51 52 54 52 
degeneracy worse : 38 36 37 45 45 46 
SCL #err deg : 918 / 1200
SCL #err weighted degeneracy : 905 902 903 908 905 907 
degeneracy helps : 58 58 59 61 63 62 
degeneracy worse : 45 42 44 51 50 51 
SCL #err deg : 997 / 1300
SCL #err weighted degeneracy : 983 981 979 984 981 984 
degeneracy helps : 64 63 65 67 69 68 
degeneracy worse : 50 47 47 54 53 55 
SCL #err deg : 1071 / 1400
SCL #err weighted degeneracy : 1056 1054 1051 1055 1052 1054 
degeneracy helps : 69 67 70 73 75 75 
degeneracy worse : 54 50 50 57 56 58 
SCL #err deg : 1140 / 1500
SCL #err weighted degeneracy : 1125 1123 1121 1125 1121 1124 
degeneracy helps : 71 69 73 76 79 79 
degeneracy worse : 56 52 54 61 60 63 
SCL #err deg : 1210 / 1600
SCL #err weighted degeneracy : 1195 1193 1190 1194 1190 1191 
degeneracy helps : 77 75 79 82 85 87 
degeneracy worse : 62 58 59 66 65 68 
SCL #err deg : 1280 / 1700
SCL #err weighted degeneracy : 1267 1265 1264 1263 1259 1259 
degeneracy helps : 79 77 81 87 90 94 
degeneracy worse : 66 62 65 70 69 73 
SCL #err deg : 1352 / 1800
SCL #err weighted degeneracy : 1337 1334 1335 1336 1333 1334 
degeneracy helps : 85 83 87 92 94 98 
degeneracy worse : 70 65 70 76 75 80 
SCL #err deg : 1428 / 1900
SCL #err weighted degeneracy : 1410 1408 1408 1410 1407 1407 
degeneracy helps : 90 87 92 97 99 103 
degeneracy worse : 72 67 72 79 78 82 
SCL #err deg : 1504 / 2000
SCL #err weighted degeneracy : 1482 1481 1483 1486 1485 1484 
degeneracy helps : 96 93 95 100 101 105 
degeneracy worse : 74 70 74 82 82 85 
SCL #err deg : 1576 / 2100
SCL #err weighted degeneracy : 1556 1552 1558 1559 1559 1559 
degeneracy helps : 102 101 101 107 108 112 
degeneracy worse : 82 77 83 90 91 95 
SCL #err deg : 1656 / 2200
SCL #err weighted degeneracy : 1637 1634 1639 1636 1635 1633 
degeneracy helps : 105 104 105 113 116 121 
degeneracy worse : 86 82 88 93 95 98 
SCL #err deg : 1735 / 2300
SCL #err weighted degeneracy : 1714 1713 1717 1712 1710 1709 
degeneracy helps : 111 110 111 121 124 128 
degeneracy worse : 90 88 93 98 99 102 
SCL #err deg : 1816 / 2400
SCL #err weighted degeneracy : 1797 1795 1801 1794 1792 1790 
degeneracy helps : 112 112 111 123 126 131 
degeneracy worse : 93 91 96 101 102 105 
SCL #err deg : 1888 / 2500
SCL #err weighted degeneracy : 1871 1870 1876 1871 1869 1865 
degeneracy helps : 116 116 114 125 128 133 
degeneracy worse : 99 98 102 108 109 110 
SCL #err deg : 1964 / 2600
SCL #err weighted degeneracy : 1947 1946 1953 1948 1944 1939 
degeneracy helps : 122 122 119 128 131 136 
degeneracy worse : 105 104 108 112 111 111 
SCL #err deg : 2040 / 2700
SCL #err weighted degeneracy : 2020 2019 2027 2020 2016 2012 
degeneracy helps : 129 129 126 135 137 142 
degeneracy worse : 109 108 113 115 113 114 
SCL #err deg : 2113 / 2800
SCL #err weighted degeneracy : 2094 2093 2101 2093 2089 2086 
degeneracy helps : 133 133 131 141 143 149 
degeneracy worse : 114 113 119 121 119 122 
SCL #err deg : 2178 / 2900
SCL #err weighted degeneracy : 2161 2160 2167 2160 2156 2153 
degeneracy helps : 134 134 133 143 146 152 
degeneracy worse : 117 116 122 125 124 127 
SCL #err deg : 2258 / 3000
SCL #err weighted degeneracy : 2238 2236 2245 2239 2236 2234 
degeneracy helps : 139 139 137 146 148 153 
degeneracy worse : 119 117 124 127 126 129 
SCL #err deg : 2332 / 3100
SCL #err weighted degeneracy : 2315 2312 2322 2315 2312 2309 
degeneracy helps : 143 143 142 151 153 159 
degeneracy worse : 126 123 132 134 133 136 
SCL #err deg : 2402 / 3200
SCL #err weighted degeneracy : 2379 2376 2387 2382 2380 2377 
degeneracy helps : 151 151 149 158 160 166 
degeneracy worse : 128 125 134 138 138 141 
SCL #err deg : 2472 / 3300
SCL #err weighted degeneracy : 2451 2447 2461 2458 2455 2452 
degeneracy helps : 154 155 152 160 162 168 
degeneracy worse : 133 130 141 146 145 148 
SCL #err deg : 2551 / 3400
SCL #err weighted degeneracy : 2528 2524 2538 2533 2530 2525 
degeneracy helps : 159 160 158 167 169 176 
degeneracy worse : 136 133 145 149 148 150 
SCL #err deg : 2626 / 3500
SCL #err weighted degeneracy : 2605 2601 2615 2610 2607 2602 
degeneracy helps : 160 161 159 169 171 178 
degeneracy worse : 139 136 148 153 152 154 
SCL #err deg : 2699 / 3600
SCL #err weighted degeneracy : 2684 2681 2695 2688 2684 2681 
degeneracy helps : 162 163 161 171 174 180 
degeneracy worse : 147 145 157 160 159 162 
SCL #err deg : 2776 / 3700
SCL #err weighted degeneracy : 2764 2760 2773 2766 2762 2758 
degeneracy helps : 164 166 164 175 178 185 
degeneracy worse : 152 150 161 165 164 167 
SCL #err deg : 2850 / 3800
SCL #err weighted degeneracy : 2836 2831 2844 2839 2835 2831 
degeneracy helps : 169 172 169 179 182 189 
degeneracy worse : 155 153 163 168 167 170 
SCL #err deg : 2918 / 3900
SCL #err weighted degeneracy : 2907 2900 2914 2909 2905 2902 
degeneracy helps : 174 177 173 183 186 192 
degeneracy worse : 163 159 169 174 173 176 
SCL #err deg : 2997 / 4000
SCL #err weighted degeneracy : 2984 2975 2990 2985 2983 2979 
degeneracy helps : 179 183 179 189 192 199 
degeneracy worse : 166 161 172 177 178 181 
SCL #err deg : 3073 / 4100
SCL #err weighted degeneracy : 3058 3049 3065 3061 3058 3054 
degeneracy helps : 183 187 183 193 197 204 
degeneracy worse : 168 163 175 181 182 185 
SCL #err deg : 3147 / 4200
SCL #err weighted degeneracy : 3135 3127 3142 3138 3134 3131 
degeneracy helps : 184 188 184 194 199 206 
degeneracy worse : 172 168 179 185 186 190 
SCL #err deg : 3220 / 4300
SCL #err weighted degeneracy : 3208 3199 3217 3212 3208 3204 
degeneracy helps : 192 196 191 202 207 214 
degeneracy worse : 180 175 188 194 195 198 
SCL #err deg : 3301 / 4400
SCL #err weighted degeneracy : 3281 3273 3290 3287 3285 3282 
degeneracy helps : 202 205 201 211 214 220 
degeneracy worse : 182 177 190 197 198 201 
SCL #err deg : 3373 / 4500
SCL #err weighted degeneracy : 3354 3346 3361 3356 3355 3352 
degeneracy helps : 206 209 206 216 219 225 
degeneracy worse : 187 182 194 199 201 204 
SCL #err deg : 3454 / 4600
SCL #err weighted degeneracy : 3436 3426 3442 3437 3438 3433 
degeneracy helps : 211 216 212 222 224 231 
degeneracy worse : 193 188 200 205 208 210 
SCL #err deg : 3530 / 4700
SCL #err weighted degeneracy : 3513 3503 3519 3513 3514 3509 
degeneracy helps : 215 220 217 226 228 235 
degeneracy worse : 198 193 206 209 212 214 
SCL #err deg : 3605 / 4800
SCL #err weighted degeneracy : 3586 3576 3594 3587 3587 3582 
degeneracy helps : 222 227 222 232 234 241 
degeneracy worse : 203 198 211 214 216 218 
SCL #err deg : 3684 / 4900
SCL #err weighted degeneracy : 3668 3658 3677 3669 3666 3661 
degeneracy helps : 223 228 223 234 238 245 
degeneracy worse : 207 202 216 219 220 222 
SCL #err deg : 3765 / 5000
SCL #err weighted degeneracy : 3750 3739 3758 3750 3746 3741 
degeneracy helps : 225 231 225 236 240 247 
degeneracy worse : 210 205 218 221 221 223 
SCL #err deg : 3844 / 5100
SCL #err weighted degeneracy : 3827 3816 3836 3826 3822 3818 
degeneracy helps : 231 237 231 243 247 253 
degeneracy worse : 214 209 223 225 225 227 
SCL #err deg : 3915 / 5200
SCL #err weighted degeneracy : 3896 3884 3908 3897 3893 3889 
degeneracy helps : 237 242 235 248 252 258 
degeneracy worse : 218 211 228 230 230 232 
SCL #err deg : 3991 / 5300
SCL #err weighted degeneracy : 3973 3961 3986 3976 3974 3969 
degeneracy helps : 241 246 238 251 254 261 
degeneracy worse : 223 216 233 236 237 239 
SCL #err deg : 4061 / 5400
SCL #err weighted degeneracy : 4042 4029 4056 4047 4045 4040 
degeneracy helps : 246 251 242 253 256 263 
degeneracy worse : 227 219 237 239 240 242 
SCL #err deg : 4136 / 5500
SCL #err weighted degeneracy : 4124 4112 4137 4128 4126 4119 
degeneracy helps : 247 252 243 254 257 264 
degeneracy worse : 235 228 244 246 247 247 
SCL #err deg : 4214 / 5600
SCL #err weighted degeneracy : 4203 4191 4216 4207 4206 4200 
degeneracy helps : 251 256 247 259 262 268 
degeneracy worse : 240 233 249 252 254 254 
SCL #err deg : 4285 / 5700
SCL #err weighted degeneracy : 4278 4266 4290 4281 4280 4274 
degeneracy helps : 253 258 250 262 265 271 
degeneracy worse : 246 239 255 258 260 260 
SCL #err deg : 4356 / 5800
SCL #err weighted degeneracy : 4346 4334 4355 4347 4348 4342 
degeneracy helps : 258 263 256 268 270 276 
degeneracy worse : 248 241 255 259 262 262 
SCL #err deg : 4427 / 5900
SCL #err weighted degeneracy : 4418 4405 4428 4421 4422 4416 
degeneracy helps : 259 264 257 269 271 277 
degeneracy worse : 250 242 258 263 266 266 
SCL #err deg : 4495 / 6000
SCL #err weighted degeneracy : 4488 4475 4498 4493 4493 4487 
degeneracy helps : 263 268 261 272 275 281 
degeneracy worse : 256 248 264 270 273 273 
SCL #err deg : 4566 / 6100
SCL #err weighted degeneracy : 4558 4548 4567 4562 4563 4557 
degeneracy helps : 268 271 267 278 280 286 
degeneracy worse : 260 253 268 274 277 277 
SCL #err deg : 4644 / 6200
SCL #err weighted degeneracy : 4636 4627 4644 4638 4639 4635 
degeneracy helps : 271 273 271 283 285 289 
degeneracy worse : 263 256 271 277 280 280 
SCL #err deg : 4721 / 6300
SCL #err weighted degeneracy : 4711 4703 4720 4712 4713 4709 
degeneracy helps : 278 279 277 289 291 295 
degeneracy worse : 268 261 276 280 283 283 
SCL #err deg : 4794 / 6400
SCL #err weighted degeneracy : 4781 4773 4790 4783 4784 4780 
degeneracy helps : 284 285 282 294 296 300 
degeneracy worse : 271 264 278 283 286 286 
SCL #err deg : 4870 / 6500
SCL #err weighted degeneracy : 4856 4850 4867 4861 4862 4859 
degeneracy helps : 290 290 288 301 303 307 
degeneracy worse : 276 270 285 292 295 296 
SCL #err deg : 4950 / 6600
SCL #err weighted degeneracy : 4937 4930 4949 4940 4941 4940 
degeneracy helps : 294 295 292 308 310 313 
degeneracy worse : 281 275 291 298 301 303 
SCL #err deg : 5023 / 6700
SCL #err weighted degeneracy : 5016 5009 5027 5018 5019 5014 
degeneracy helps : 295 296 293 309 312 317 
degeneracy worse : 288 282 297 304 308 308 
SCL #err deg : 5099 / 6800
SCL #err weighted degeneracy : 5095 5087 5107 5097 5098 5094 
degeneracy helps : 299 301 296 313 316 321 
degeneracy worse : 295 289 304 311 315 316 
SCL #err deg : 5169 / 6900
SCL #err weighted degeneracy : 5171 5163 5183 5172 5172 5164 
degeneracy helps : 300 302 297 315 318 325 
degeneracy worse : 302 296 311 318 321 320 
SCL #err deg : 5249 / 7000
SCL #err weighted degeneracy : 5250 5241 5264 5255 5252 5242 
degeneracy helps : 306 309 301 318 324 332 
degeneracy worse : 307 301 316 324 327 325 
SCL #err deg : 5324 / 7100
SCL #err weighted degeneracy : 5328 5320 5342 5333 5330 5321 
degeneracy helps : 310 312 304 321 327 335 
degeneracy worse : 314 308 322 330 333 332 
SCL #err deg : 5395 / 7200
SCL #err weighted degeneracy : 5398 5389 5413 5405 5401 5392 
degeneracy helps : 316 318 309 325 332 339 
degeneracy worse : 319 312 327 335 338 336 
SCL #err deg : 5467 / 7300
SCL #err weighted degeneracy : 5477 5469 5492 5482 5478 5468 
degeneracy helps : 318 320 311 328 335 342 
degeneracy worse : 328 322 336 343 346 343 
SCL #err deg : 5544 / 7400
SCL #err weighted degeneracy : 5554 5547 5569 5559 5556 5546 
degeneracy helps : 321 323 313 330 337 345 
degeneracy worse : 331 326 338 345 349 347 
SCL #err deg : 5618 / 7500
SCL #err weighted degeneracy : 5628 5623 5643 5635 5630 5620 
degeneracy helps : 326 326 318 333 341 350 
degeneracy worse : 336 331 343 350 353 352 
SCL #err deg : 5685 / 7600
SCL #err weighted degeneracy : 5694 5689 5710 5703 5699 5687 
degeneracy helps : 331 331 323 339 346 357 
degeneracy worse : 340 335 348 357 360 359 
SCL #err deg : 5763 / 7700
SCL #err weighted degeneracy : 5772 5768 5787 5781 5777 5764 
degeneracy helps : 337 336 330 345 352 363 
degeneracy worse : 346 341 354 363 366 364 
SCL #err deg : 5837 / 7800
SCL #err weighted degeneracy : 5841 5838 5858 5850 5848 5835 
degeneracy helps : 345 343 337 352 359 370 
degeneracy worse : 349 344 358 365 370 368 
SCL #err deg : 5909 / 7900
SCL #err weighted degeneracy : 5917 5915 5936 5927 5926 5912 
degeneracy helps : 349 347 340 355 361 372 
degeneracy worse : 357 353 367 373 378 375 
SCL #err deg : 5987 / 8000
SCL #err weighted degeneracy : 5995 5996 6014 6005 6004 5990 
degeneracy helps : 352 347 343 358 364 375 
degeneracy worse : 360 356 370 376 381 378 
SCL #err deg : 6064 / 8100
SCL #err weighted degeneracy : 6072 6071 6091 6085 6084 6070 
degeneracy helps : 359 354 350 363 369 380 
degeneracy worse : 367 361 377 384 389 386 
SCL #err deg : 6131 / 8200
SCL #err weighted degeneracy : 6137 6136 6153 6147 6146 6132 
degeneracy helps : 365 360 358 371 377 389 
degeneracy worse : 371 365 380 387 392 390 
SCL #err deg : 6202 / 8300
SCL #err weighted degeneracy : 6213 6212 6230 6224 6225 6208 
degeneracy helps : 367 362 360 373 378 391 
degeneracy worse : 378 372 388 395 401 397 
SCL #err deg : 6272 / 8400
SCL #err weighted degeneracy : 6283 6283 6301 6294 6294 6278 
degeneracy helps : 371 366 364 378 384 397 
degeneracy worse : 382 377 393 400 406 403 
SCL #err deg : 6345 / 8500
SCL #err weighted degeneracy : 6357 6359 6375 6368 6366 6350 
degeneracy helps : 375 370 369 383 389 403 
degeneracy worse : 387 384 399 406 410 408 
SCL #err deg : 6422 / 8600
SCL #err weighted degeneracy : 6431 6434 6449 6441 6440 6423 
degeneracy helps : 383 378 376 390 395 410 
degeneracy worse : 392 390 403 409 413 411 
SCL #err deg : 6494 / 8700
SCL #err weighted degeneracy : 6504 6506 6522 6515 6514 6495 
degeneracy helps : 386 382 379 392 397 413 
degeneracy worse : 396 394 407 413 417 414 
SCL #err deg : 6569 / 8800
SCL #err weighted degeneracy : 6584 6585 6601 6592 6590 6571 
degeneracy helps : 387 384 381 394 399 416 
degeneracy worse : 402 400 413 417 420 418 
SCL #err deg : 6634 / 8900
SCL #err weighted degeneracy : 6651 6652 6669 6660 6657 6638 
degeneracy helps : 388 385 382 395 401 417 
degeneracy worse : 405 403 417 421 424 421 
SCL #err deg : 6714 / 9000
SCL #err weighted degeneracy : 6727 6730 6746 6737 6734 6715 
degeneracy helps : 394 389 387 400 406 422 
degeneracy worse : 407 405 419 423 426 423 
SCL #err deg : 6787 / 9100
SCL #err weighted degeneracy : 6797 6802 6814 6808 6807 6787 
degeneracy helps : 400 393 395 405 410 427 
degeneracy worse : 410 408 422 426 430 427 
SCL #err deg : 6854 / 9200
SCL #err weighted degeneracy : 6869 6873 6886 6880 6878 6859 
degeneracy helps : 401 394 396 406 412 429 
degeneracy worse : 416 413 428 432 436 434 
SCL #err deg : 6933 / 9300
SCL #err weighted degeneracy : 6950 6953 6966 6960 6958 6939 
degeneracy helps : 403 397 399 410 416 433 
degeneracy worse : 420 417 432 437 441 439 
SCL #err deg : 7014 / 9400
SCL #err weighted degeneracy : 7029 7032 7047 7044 7041 7022 
degeneracy helps : 410 404 406 414 421 438 
degeneracy worse : 425 422 439 444 448 446 
SCL #err deg : 7077 / 9500
SCL #err weighted degeneracy : 7093 7093 7110 7108 7106 7086 
degeneracy helps : 415 410 411 419 425 443 
degeneracy worse : 431 426 444 450 454 452 
SCL #err deg : 7147 / 9600
SCL #err weighted degeneracy : 7162 7162 7178 7175 7171 7151 
degeneracy helps : 419 414 416 424 432 450 
degeneracy worse : 434 429 447 452 456 454 
SCL #err deg : 7218 / 9700
SCL #err weighted degeneracy : 7236 7236 7253 7248 7244 7225 
degeneracy helps : 425 419 422 431 439 457 
degeneracy worse : 443 437 457 461 465 464 
SCL #err deg : 7294 / 9800
SCL #err weighted degeneracy : 7312 7313 7327 7321 7317 7298 
degeneracy helps : 431 424 429 438 446 464 
degeneracy worse : 449 443 462 465 469 468 
SCL #err deg : 7370 / 9900
SCL #err weighted degeneracy : 7389 7390 7404 7398 7395 7377 
degeneracy helps : 434 427 432 441 448 466 
degeneracy worse : 453 447 466 469 473 473 
SCL #err deg : 7450 / 10000
SCL #err weighted degeneracy : 7472 7472 7487 7481 7477 7461 
degeneracy helps : 437 430 437 446 452 470 
degeneracy worse : 459 452 474 477 479 481 
average #flips: 307.349
SCL #err considering degeneracy: 7450
error due to equal 0
error due to SCL smaller 7450
Finish in 31997 s
