Simulation Polar syndrome FASTER N=2048, K=1025, l=128, pz=0.2, #samples=10000, seed=87
PW construction
Event generator random seed: 87
SCL #err deg : 77 / 100
SCL #err weighted degeneracy : 75 74 74 73 74 74 
degeneracy helps : 5 6 6 7 7 7 
degeneracy worse : 3 3 3 3 4 4 
SCL #err deg : 148 / 200
SCL #err weighted degeneracy : 148 146 147 147 148 148 
degeneracy helps : 9 10 10 10 10 10 
degeneracy worse : 9 8 9 9 10 10 
SCL #err deg : 222 / 300
SCL #err weighted degeneracy : 221 218 221 218 217 218 
degeneracy helps : 14 16 15 16 18 18 
degeneracy worse : 13 12 14 12 13 14 
SCL #err deg : 293 / 400
SCL #err weighted degeneracy : 295 292 295 291 289 291 
degeneracy helps : 17 19 18 19 21 21 
degeneracy worse : 19 18 20 17 17 19 
SCL #err deg : 367 / 500
SCL #err weighted degeneracy : 372 369 371 369 365 367 
degeneracy helps : 19 21 21 22 25 25 
degeneracy worse : 24 23 25 24 23 25 
SCL #err deg : 438 / 600
SCL #err weighted degeneracy : 445 444 444 442 436 438 
degeneracy helps : 23 24 24 25 29 29 
degeneracy worse : 30 30 30 29 27 29 
SCL #err deg : 517 / 700
SCL #err weighted degeneracy : 522 520 522 519 512 514 
degeneracy helps : 28 30 29 30 35 35 
degeneracy worse : 33 33 34 32 30 32 
SCL #err deg : 592 / 800
SCL #err weighted degeneracy : 598 597 598 594 585 587 
degeneracy helps : 32 32 33 34 39 39 
degeneracy worse : 38 37 39 36 32 34 
SCL #err deg : 663 / 900
SCL #err weighted degeneracy : 678 675 678 674 666 666 
degeneracy helps : 36 36 37 38 43 43 
degeneracy worse : 51 48 52 49 46 46 
SCL #err deg : 743 / 1000
SCL #err weighted degeneracy : 755 751 755 751 744 744 
degeneracy helps : 44 45 45 44 48 47 
degeneracy worse : 56 53 57 52 49 48 
SCL #err deg : 816 / 1100
SCL #err weighted degeneracy : 829 826 829 826 819 820 
degeneracy helps : 47 47 48 46 50 48 
degeneracy worse : 60 57 61 56 53 52 
SCL #err deg : 890 / 1200
SCL #err weighted degeneracy : 898 895 900 896 890 892 
degeneracy helps : 55 55 54 54 57 54 
degeneracy worse : 63 60 64 60 57 56 
SCL #err deg : 966 / 1300
SCL #err weighted degeneracy : 978 971 981 978 973 976 
degeneracy helps : 59 61 57 57 60 56 
degeneracy worse : 71 66 72 69 67 66 
SCL #err deg : 1040 / 1400
SCL #err weighted degeneracy : 1051 1047 1053 1050 1044 1046 
degeneracy helps : 63 62 61 61 65 62 
degeneracy worse : 74 69 74 71 69 68 
SCL #err deg : 1115 / 1500
SCL #err weighted degeneracy : 1129 1124 1131 1128 1122 1124 
degeneracy helps : 66 65 64 64 67 65 
degeneracy worse : 80 74 80 77 74 74 
SCL #err deg : 1194 / 1600
SCL #err weighted degeneracy : 1203 1200 1204 1201 1197 1198 
degeneracy helps : 74 71 72 72 73 72 
degeneracy worse : 83 77 82 79 76 76 
SCL #err deg : 1277 / 1700
SCL #err weighted degeneracy : 1291 1286 1291 1289 1284 1282 
degeneracy helps : 77 74 76 75 76 76 
degeneracy worse : 91 83 90 87 83 81 
SCL #err deg : 1358 / 1800
SCL #err weighted degeneracy : 1368 1364 1368 1366 1361 1361 
degeneracy helps : 85 81 84 83 84 83 
degeneracy worse : 95 87 94 91 87 86 
SCL #err deg : 1436 / 1900
SCL #err weighted degeneracy : 1445 1441 1444 1441 1436 1436 
degeneracy helps : 90 87 90 89 90 89 
degeneracy worse : 99 92 98 94 90 89 
SCL #err deg : 1518 / 2000
SCL #err weighted degeneracy : 1529 1522 1529 1526 1522 1520 
degeneracy helps : 95 94 95 94 94 94 
degeneracy worse : 106 98 106 102 98 96 
SCL #err deg : 1593 / 2100
SCL #err weighted degeneracy : 1602 1595 1604 1599 1597 1595 
degeneracy helps : 100 99 99 100 100 101 
degeneracy worse : 109 101 110 106 104 103 
SCL #err deg : 1666 / 2200
SCL #err weighted degeneracy : 1674 1666 1676 1671 1669 1666 
degeneracy helps : 105 104 104 105 105 108 
degeneracy worse : 113 104 114 110 108 108 
SCL #err deg : 1745 / 2300
SCL #err weighted degeneracy : 1754 1746 1757 1751 1752 1747 
degeneracy helps : 111 110 110 112 110 114 
degeneracy worse : 120 111 122 118 117 116 
SCL #err deg : 1818 / 2400
SCL #err weighted degeneracy : 1827 1819 1831 1825 1825 1818 
degeneracy helps : 116 116 114 116 114 118 
degeneracy worse : 125 117 127 123 121 118 
SCL #err deg : 1891 / 2500
SCL #err weighted degeneracy : 1898 1891 1901 1895 1895 1887 
degeneracy helps : 123 122 122 123 121 125 
degeneracy worse : 130 122 132 127 125 121 
SCL #err deg : 1964 / 2600
SCL #err weighted degeneracy : 1972 1966 1975 1967 1968 1960 
degeneracy helps : 126 125 125 126 124 129 
degeneracy worse : 134 127 136 129 128 125 
SCL #err deg : 2040 / 2700
SCL #err weighted degeneracy : 2049 2044 2052 2043 2045 2036 
degeneracy helps : 128 126 127 129 127 132 
degeneracy worse : 137 130 139 132 132 128 
SCL #err deg : 2108 / 2800
SCL #err weighted degeneracy : 2120 2112 2123 2113 2113 2103 
degeneracy helps : 132 131 131 134 133 139 
degeneracy worse : 144 135 146 139 138 134 
SCL #err deg : 2182 / 2900
SCL #err weighted degeneracy : 2189 2186 2192 2183 2183 2173 
degeneracy helps : 139 135 138 141 140 148 
degeneracy worse : 146 139 148 142 141 139 
SCL #err deg : 2257 / 3000
SCL #err weighted degeneracy : 2264 2260 2267 2258 2260 2253 
degeneracy helps : 144 140 143 147 145 150 
degeneracy worse : 151 143 153 148 148 146 
SCL #err deg : 2330 / 3100
SCL #err weighted degeneracy : 2338 2333 2339 2330 2331 2324 
degeneracy helps : 148 146 149 153 151 156 
degeneracy worse : 156 149 158 153 152 150 
SCL #err deg : 2414 / 3200
SCL #err weighted degeneracy : 2419 2413 2420 2413 2416 2408 
degeneracy helps : 153 152 154 156 153 159 
degeneracy worse : 158 151 160 155 155 153 
SCL #err deg : 2487 / 3300
SCL #err weighted degeneracy : 2497 2489 2499 2493 2495 2486 
degeneracy helps : 156 157 156 157 154 161 
degeneracy worse : 166 159 168 163 162 160 
SCL #err deg : 2559 / 3400
SCL #err weighted degeneracy : 2570 2564 2573 2565 2567 2561 
degeneracy helps : 160 159 160 162 159 166 
degeneracy worse : 171 164 174 168 167 168 
SCL #err deg : 2636 / 3500
SCL #err weighted degeneracy : 2645 2639 2648 2640 2645 2638 
degeneracy helps : 165 164 165 167 163 170 
degeneracy worse : 174 167 177 171 172 172 
SCL #err deg : 2714 / 3600
SCL #err weighted degeneracy : 2720 2712 2724 2716 2720 2713 
degeneracy helps : 172 173 171 173 170 177 
degeneracy worse : 178 171 181 175 176 176 
SCL #err deg : 2788 / 3700
SCL #err weighted degeneracy : 2799 2790 2802 2792 2796 2789 
degeneracy helps : 174 174 174 178 175 182 
degeneracy worse : 185 176 188 182 183 183 
SCL #err deg : 2859 / 3800
SCL #err weighted degeneracy : 2872 2863 2873 2865 2868 2861 
degeneracy helps : 177 177 179 182 179 186 
degeneracy worse : 190 181 193 188 188 188 
SCL #err deg : 2931 / 3900
SCL #err weighted degeneracy : 2943 2932 2944 2936 2939 2931 
degeneracy helps : 183 184 185 189 186 193 
degeneracy worse : 195 185 198 194 194 193 
SCL #err deg : 3007 / 4000
SCL #err weighted degeneracy : 3020 3010 3021 3013 3016 3005 
degeneracy helps : 186 187 188 192 190 199 
degeneracy worse : 199 190 202 198 199 197 
SCL #err deg : 3081 / 4100
SCL #err weighted degeneracy : 3095 3084 3096 3089 3091 3081 
degeneracy helps : 189 191 191 194 192 201 
degeneracy worse : 203 194 206 202 202 201 
SCL #err deg : 3158 / 4200
SCL #err weighted degeneracy : 3169 3158 3169 3163 3164 3154 
degeneracy helps : 194 195 197 200 199 208 
degeneracy worse : 205 195 208 205 205 204 
SCL #err deg : 3228 / 4300
SCL #err weighted degeneracy : 3236 3225 3236 3230 3232 3222 
degeneracy helps : 200 201 203 206 204 213 
degeneracy worse : 208 198 211 208 208 207 
SCL #err deg : 3301 / 4400
SCL #err weighted degeneracy : 3311 3299 3311 3304 3306 3295 
degeneracy helps : 204 206 207 211 209 218 
degeneracy worse : 214 204 217 214 214 212 
SCL #err deg : 3375 / 4500
SCL #err weighted degeneracy : 3386 3375 3387 3379 3383 3371 
degeneracy helps : 209 211 212 217 214 223 
degeneracy worse : 220 211 224 221 222 219 
SCL #err deg : 3451 / 4600
SCL #err weighted degeneracy : 3462 3449 3463 3455 3459 3446 
degeneracy helps : 214 218 217 221 219 228 
degeneracy worse : 225 216 229 225 227 223 
SCL #err deg : 3518 / 4700
SCL #err weighted degeneracy : 3533 3516 3533 3524 3528 3514 
degeneracy helps : 218 225 222 226 224 235 
degeneracy worse : 233 223 237 232 234 231 
SCL #err deg : 3593 / 4800
SCL #err weighted degeneracy : 3608 3593 3608 3600 3603 3590 
degeneracy helps : 222 228 227 230 229 240 
degeneracy worse : 237 228 242 237 239 237 
SCL #err deg : 3663 / 4900
SCL #err weighted degeneracy : 3679 3665 3681 3671 3674 3661 
degeneracy helps : 226 232 230 233 232 243 
degeneracy worse : 242 234 248 241 243 241 
SCL #err deg : 3732 / 5000
SCL #err weighted degeneracy : 3749 3736 3750 3739 3743 3730 
degeneracy helps : 230 236 235 239 238 249 
degeneracy worse : 247 240 253 246 249 247 
SCL #err deg : 3812 / 5100
SCL #err weighted degeneracy : 3827 3812 3828 3818 3822 3810 
degeneracy helps : 236 243 241 245 242 252 
degeneracy worse : 251 243 257 251 252 250 
SCL #err deg : 3890 / 5200
SCL #err weighted degeneracy : 3903 3888 3904 3895 3899 3885 
degeneracy helps : 242 249 247 250 247 258 
degeneracy worse : 255 247 261 255 256 253 
SCL #err deg : 3966 / 5300
SCL #err weighted degeneracy : 3978 3964 3979 3969 3971 3959 
degeneracy helps : 246 253 252 256 254 264 
degeneracy worse : 258 251 265 259 259 257 
SCL #err deg : 4051 / 5400
SCL #err weighted degeneracy : 4063 4049 4065 4055 4057 4045 
degeneracy helps : 248 255 254 258 257 267 
degeneracy worse : 260 253 268 262 263 261 
SCL #err deg : 4122 / 5500
SCL #err weighted degeneracy : 4136 4122 4137 4128 4128 4118 
degeneracy helps : 251 258 258 262 262 271 
degeneracy worse : 265 258 273 268 268 267 
SCL #err deg : 4201 / 5600
SCL #err weighted degeneracy : 4215 4201 4216 4205 4206 4196 
degeneracy helps : 255 263 262 265 264 273 
degeneracy worse : 269 263 277 269 269 268 
SCL #err deg : 4282 / 5700
SCL #err weighted degeneracy : 4299 4284 4300 4287 4285 4275 
degeneracy helps : 257 266 264 268 268 277 
degeneracy worse : 274 268 282 273 271 270 
SCL #err deg : 4359 / 5800
SCL #err weighted degeneracy : 4374 4361 4374 4360 4358 4349 
degeneracy helps : 265 272 272 277 277 286 
degeneracy worse : 280 274 287 278 276 276 
SCL #err deg : 4437 / 5900
SCL #err weighted degeneracy : 4451 4435 4451 4437 4436 4427 
degeneracy helps : 269 277 276 282 282 293 
degeneracy worse : 283 275 290 282 281 283 
SCL #err deg : 4507 / 6000
SCL #err weighted degeneracy : 4522 4507 4522 4508 4507 4499 
degeneracy helps : 273 281 280 284 284 294 
degeneracy worse : 288 281 295 285 284 286 
SCL #err deg : 4569 / 6100
SCL #err weighted degeneracy : 4589 4572 4589 4574 4573 4564 
degeneracy helps : 277 285 284 287 287 298 
degeneracy worse : 297 288 304 292 291 293 
SCL #err deg : 4641 / 6200
SCL #err weighted degeneracy : 4664 4645 4665 4652 4652 4643 
degeneracy helps : 280 290 286 289 289 300 
degeneracy worse : 303 294 310 300 300 302 
SCL #err deg : 4718 / 6300
SCL #err weighted degeneracy : 4745 4726 4746 4731 4730 4721 
degeneracy helps : 283 293 289 294 294 305 
degeneracy worse : 310 301 317 307 306 308 
SCL #err deg : 4789 / 6400
SCL #err weighted degeneracy : 4819 4798 4819 4801 4803 4795 
degeneracy helps : 290 301 296 301 299 309 
degeneracy worse : 320 310 326 313 313 315 
SCL #err deg : 4868 / 6500
SCL #err weighted degeneracy : 4896 4876 4897 4881 4884 4876 
degeneracy helps : 297 307 302 307 304 314 
degeneracy worse : 325 315 331 320 320 322 
SCL #err deg : 4946 / 6600
SCL #err weighted degeneracy : 4970 4952 4971 4953 4956 4947 
degeneracy helps : 306 314 311 318 314 324 
degeneracy worse : 330 320 336 325 324 325 
SCL #err deg : 5024 / 6700
SCL #err weighted degeneracy : 5053 5035 5054 5035 5037 5031 
degeneracy helps : 310 318 315 321 317 326 
degeneracy worse : 339 329 345 332 330 333 
SCL #err deg : 5098 / 6800
SCL #err weighted degeneracy : 5125 5106 5126 5112 5115 5109 
degeneracy helps : 314 323 319 323 319 328 
degeneracy worse : 341 331 347 337 336 339 
SCL #err deg : 5173 / 6900
SCL #err weighted degeneracy : 5203 5184 5204 5187 5191 5185 
degeneracy helps : 317 326 322 327 322 331 
degeneracy worse : 347 337 353 341 340 343 
SCL #err deg : 5245 / 7000
SCL #err weighted degeneracy : 5278 5259 5278 5261 5265 5259 
degeneracy helps : 320 329 325 330 325 334 
degeneracy worse : 353 343 358 346 345 348 
SCL #err deg : 5319 / 7100
SCL #err weighted degeneracy : 5353 5335 5353 5335 5341 5335 
degeneracy helps : 325 333 330 336 331 341 
degeneracy worse : 359 349 364 352 353 357 
SCL #err deg : 5395 / 7200
SCL #err weighted degeneracy : 5428 5410 5428 5411 5416 5410 
degeneracy helps : 334 340 339 345 339 350 
degeneracy worse : 367 355 372 361 360 365 
SCL #err deg : 5470 / 7300
SCL #err weighted degeneracy : 5504 5486 5503 5486 5493 5487 
degeneracy helps : 338 344 343 348 341 352 
degeneracy worse : 372 360 376 364 364 369 
SCL #err deg : 5541 / 7400
SCL #err weighted degeneracy : 5569 5553 5568 5553 5562 5555 
degeneracy helps : 348 353 353 357 348 360 
degeneracy worse : 376 365 380 369 369 374 
SCL #err deg : 5612 / 7500
SCL #err weighted degeneracy : 5638 5623 5637 5622 5630 5623 
degeneracy helps : 353 358 358 362 354 366 
degeneracy worse : 379 369 383 372 372 377 
SCL #err deg : 5692 / 7600
SCL #err weighted degeneracy : 5719 5703 5717 5701 5709 5701 
degeneracy helps : 358 363 364 367 359 372 
degeneracy worse : 385 374 389 376 376 381 
SCL #err deg : 5766 / 7700
SCL #err weighted degeneracy : 5793 5775 5791 5776 5786 5779 
degeneracy helps : 363 369 369 371 362 375 
degeneracy worse : 390 378 394 381 382 388 
SCL #err deg : 5839 / 7800
SCL #err weighted degeneracy : 5869 5850 5867 5853 5862 5855 
degeneracy helps : 367 373 373 373 364 377 
degeneracy worse : 397 384 401 387 387 393 
SCL #err deg : 5912 / 7900
SCL #err weighted degeneracy : 5939 5919 5937 5924 5934 5928 
degeneracy helps : 373 380 379 379 369 381 
degeneracy worse : 400 387 404 391 391 397 
SCL #err deg : 5989 / 8000
SCL #err weighted degeneracy : 6017 5997 6015 6002 6010 6004 
degeneracy helps : 377 383 383 383 373 385 
degeneracy worse : 405 391 409 396 394 400 
SCL #err deg : 6067 / 8100
SCL #err weighted degeneracy : 6095 6075 6093 6080 6087 6081 
degeneracy helps : 380 387 386 386 377 389 
degeneracy worse : 408 395 412 399 397 403 
SCL #err deg : 6149 / 8200
SCL #err weighted degeneracy : 6174 6153 6172 6158 6163 6158 
degeneracy helps : 386 394 392 393 385 396 
degeneracy worse : 411 398 415 402 399 405 
SCL #err deg : 6221 / 8300
SCL #err weighted degeneracy : 6249 6226 6248 6235 6239 6232 
degeneracy helps : 392 400 398 397 390 402 
degeneracy worse : 420 405 425 411 408 413 
SCL #err deg : 6297 / 8400
SCL #err weighted degeneracy : 6323 6302 6322 6308 6314 6307 
degeneracy helps : 398 404 404 403 396 408 
degeneracy worse : 424 409 429 414 413 418 
SCL #err deg : 6365 / 8500
SCL #err weighted degeneracy : 6393 6372 6392 6378 6383 6378 
degeneracy helps : 399 405 405 404 398 410 
degeneracy worse : 427 412 432 417 416 423 
SCL #err deg : 6440 / 8600
SCL #err weighted degeneracy : 6467 6447 6465 6452 6460 6455 
degeneracy helps : 407 413 413 409 401 414 
degeneracy worse : 434 420 438 421 421 429 
SCL #err deg : 6521 / 8700
SCL #err weighted degeneracy : 6548 6529 6546 6532 6540 6536 
degeneracy helps : 409 415 415 412 404 416 
degeneracy worse : 436 423 440 423 423 431 
SCL #err deg : 6595 / 8800
SCL #err weighted degeneracy : 6624 6606 6622 6606 6613 6610 
degeneracy helps : 409 415 415 414 407 419 
degeneracy worse : 438 426 442 425 425 434 
SCL #err deg : 6677 / 8900
SCL #err weighted degeneracy : 6703 6687 6702 6685 6693 6691 
degeneracy helps : 415 420 420 421 413 425 
degeneracy worse : 441 430 445 429 429 439 
SCL #err deg : 6747 / 9000
SCL #err weighted degeneracy : 6771 6756 6770 6752 6760 6758 
degeneracy helps : 419 424 424 427 419 431 
degeneracy worse : 443 433 447 432 432 442 
SCL #err deg : 6813 / 9100
SCL #err weighted degeneracy : 6837 6823 6836 6818 6826 6824 
degeneracy helps : 423 427 428 431 423 435 
degeneracy worse : 447 437 451 436 436 446 
SCL #err deg : 6894 / 9200
SCL #err weighted degeneracy : 6913 6902 6913 6894 6900 6898 
degeneracy helps : 430 432 434 438 431 443 
degeneracy worse : 449 440 453 438 437 447 
SCL #err deg : 6960 / 9300
SCL #err weighted degeneracy : 6984 6974 6984 6964 6971 6966 
degeneracy helps : 432 434 436 440 433 446 
degeneracy worse : 456 448 460 444 444 452 
SCL #err deg : 7025 / 9400
SCL #err weighted degeneracy : 7054 7040 7054 7034 7041 7035 
degeneracy helps : 437 440 441 443 436 449 
degeneracy worse : 466 455 470 452 452 459 
SCL #err deg : 7097 / 9500
SCL #err weighted degeneracy : 7124 7113 7124 7103 7110 7102 
degeneracy helps : 442 443 446 448 441 455 
degeneracy worse : 469 459 473 454 454 460 
SCL #err deg : 7166 / 9600
SCL #err weighted degeneracy : 7191 7181 7193 7173 7181 7173 
degeneracy helps : 449 448 452 454 446 461 
degeneracy worse : 474 463 479 461 461 468 
SCL #err deg : 7239 / 9700
SCL #err weighted degeneracy : 7263 7253 7266 7245 7253 7246 
degeneracy helps : 455 454 458 460 452 467 
degeneracy worse : 479 468 485 466 466 474 
SCL #err deg : 7317 / 9800
SCL #err weighted degeneracy : 7334 7325 7338 7319 7326 7320 
degeneracy helps : 464 462 467 469 462 477 
degeneracy worse : 481 470 488 471 471 480 
SCL #err deg : 7395 / 9900
SCL #err weighted degeneracy : 7409 7400 7412 7393 7399 7393 
degeneracy helps : 470 468 474 476 470 485 
degeneracy worse : 484 473 491 474 474 483 
SCL #err deg : 7469 / 10000
SCL #err weighted degeneracy : 7488 7478 7491 7471 7477 7471 
degeneracy helps : 474 472 478 480 474 488 
degeneracy worse : 493 481 500 482 482 490 
average #flips: 409.806
SCL #err considering degeneracy: 7469
error due to equal 0
error due to SCL smaller 7469
Finish in 32537 s
