Simulation Polar syndrome FASTER N=128, K=65, l=128, pz=0.103, #samples=10000, seed=77
PW construction
Event generator random seed: 77
SCL #err deg : 40 / 100
SCL #err weighted degeneracy : 38 38 37 38 33 36 
degeneracy helps : 10 10 11 13 19 19 
degeneracy worse : 8 8 8 11 12 15 
SCL #err deg : 65 / 200
SCL #err weighted degeneracy : 67 67 66 68 64 68 
degeneracy helps : 18 18 19 20 26 25 
degeneracy worse : 20 20 20 23 25 28 
SCL #err deg : 103 / 300
SCL #err weighted degeneracy : 105 105 104 104 98 104 
degeneracy helps : 24 24 26 30 38 36 
degeneracy worse : 26 26 27 31 33 37 
SCL #err deg : 129 / 400
SCL #err weighted degeneracy : 130 130 129 131 126 137 
degeneracy helps : 33 32 36 40 48 44 
degeneracy worse : 34 34 36 42 45 52 
SCL #err deg : 164 / 500
SCL #err weighted degeneracy : 163 163 162 166 166 175 
degeneracy helps : 41 40 45 49 57 55 
degeneracy worse : 40 40 43 51 59 66 
SCL #err deg : 183 / 600
SCL #err weighted degeneracy : 185 185 185 193 192 202 
degeneracy helps : 46 45 50 56 64 62 
degeneracy worse : 48 48 52 66 73 81 
SCL #err deg : 206 / 700
SCL #err weighted degeneracy : 205 205 206 214 216 227 
degeneracy helps : 56 55 60 67 75 72 
degeneracy worse : 55 55 60 75 85 93 
SCL #err deg : 240 / 800
SCL #err weighted degeneracy : 237 237 238 249 254 264 
degeneracy helps : 67 66 71 77 85 81 
degeneracy worse : 64 64 69 86 99 105 
SCL #err deg : 266 / 900
SCL #err weighted degeneracy : 255 255 256 268 274 284 
degeneracy helps : 79 78 83 88 96 93 
degeneracy worse : 68 68 73 90 104 111 
SCL #err deg : 295 / 1000
SCL #err weighted degeneracy : 278 278 280 295 304 316 
degeneracy helps : 88 87 92 97 105 102 
degeneracy worse : 71 71 77 97 114 123 
SCL #err deg : 332 / 1100
SCL #err weighted degeneracy : 316 316 318 337 346 359 
degeneracy helps : 94 93 98 101 109 106 
degeneracy worse : 78 78 84 106 123 133 
SCL #err deg : 364 / 1200
SCL #err weighted degeneracy : 348 348 351 371 384 395 
degeneracy helps : 102 101 105 109 116 115 
degeneracy worse : 86 86 92 116 136 146 
SCL #err deg : 385 / 1300
SCL #err weighted degeneracy : 366 366 369 391 407 420 
degeneracy helps : 112 111 115 119 125 125 
degeneracy worse : 93 93 99 125 147 160 
SCL #err deg : 417 / 1400
SCL #err weighted degeneracy : 397 397 400 422 438 451 
degeneracy helps : 123 122 126 131 137 137 
degeneracy worse : 103 103 109 136 158 171 
SCL #err deg : 452 / 1500
SCL #err weighted degeneracy : 431 431 435 457 472 485 
degeneracy helps : 130 129 133 138 146 149 
degeneracy worse : 109 109 116 143 166 182 
SCL #err deg : 481 / 1600
SCL #err weighted degeneracy : 455 455 459 485 500 515 
degeneracy helps : 144 143 147 150 159 162 
degeneracy worse : 118 118 125 154 178 196 
SCL #err deg : 513 / 1700
SCL #err weighted degeneracy : 486 486 493 519 535 555 
degeneracy helps : 155 154 158 163 172 173 
degeneracy worse : 128 128 138 169 194 215 
SCL #err deg : 535 / 1800
SCL #err weighted degeneracy : 509 509 515 543 560 582 
degeneracy helps : 162 161 165 170 179 180 
degeneracy worse : 136 136 145 178 204 227 
SCL #err deg : 559 / 1900
SCL #err weighted degeneracy : 539 539 545 576 595 619 
degeneracy helps : 168 167 171 177 186 187 
degeneracy worse : 149 149 158 194 222 247 
SCL #err deg : 589 / 2000
SCL #err weighted degeneracy : 567 567 573 605 627 654 
degeneracy helps : 180 179 183 188 196 197 
degeneracy worse : 159 159 168 204 234 262 
SCL #err deg : 612 / 2100
SCL #err weighted degeneracy : 593 593 600 631 650 678 
degeneracy helps : 185 184 188 194 204 205 
degeneracy worse : 168 168 177 213 242 271 
SCL #err deg : 640 / 2200
SCL #err weighted degeneracy : 620 620 627 665 687 719 
degeneracy helps : 194 193 197 203 212 211 
degeneracy worse : 176 176 185 228 259 290 
SCL #err deg : 665 / 2300
SCL #err weighted degeneracy : 641 641 648 689 714 754 
degeneracy helps : 203 202 206 211 219 216 
degeneracy worse : 181 181 190 235 268 305 
SCL #err deg : 691 / 2400
SCL #err weighted degeneracy : 666 666 674 717 743 785 
degeneracy helps : 211 210 214 219 226 223 
degeneracy worse : 188 188 198 245 278 317 
SCL #err deg : 725 / 2500
SCL #err weighted degeneracy : 692 692 700 746 772 816 
degeneracy helps : 224 223 228 233 240 237 
degeneracy worse : 193 193 204 254 287 328 
SCL #err deg : 752 / 2600
SCL #err weighted degeneracy : 722 722 730 779 806 849 
degeneracy helps : 232 231 236 240 248 245 
degeneracy worse : 204 204 215 267 302 342 
SCL #err deg : 780 / 2700
SCL #err weighted degeneracy : 747 747 755 807 835 878 
degeneracy helps : 243 242 247 250 258 256 
degeneracy worse : 212 212 223 277 313 354 
SCL #err deg : 811 / 2800
SCL #err weighted degeneracy : 775 775 782 834 863 906 
degeneracy helps : 253 252 258 262 270 271 
degeneracy worse : 219 219 230 285 322 366 
SCL #err deg : 837 / 2900
SCL #err weighted degeneracy : 795 795 803 857 885 932 
degeneracy helps : 266 265 271 275 284 285 
degeneracy worse : 226 226 238 295 332 380 
SCL #err deg : 861 / 3000
SCL #err weighted degeneracy : 821 821 830 885 914 961 
degeneracy helps : 272 271 277 280 290 292 
degeneracy worse : 234 234 247 304 343 392 
SCL #err deg : 892 / 3100
SCL #err weighted degeneracy : 845 845 856 913 945 995 
degeneracy helps : 284 283 289 291 299 300 
degeneracy worse : 239 239 254 312 352 403 
SCL #err deg : 910 / 3200
SCL #err weighted degeneracy : 864 864 876 936 970 1022 
degeneracy helps : 288 287 293 294 301 303 
degeneracy worse : 244 244 260 320 361 415 
SCL #err deg : 937 / 3300
SCL #err weighted degeneracy : 893 893 905 969 1005 1057 
degeneracy helps : 295 294 300 301 308 311 
degeneracy worse : 253 253 269 333 376 431 
SCL #err deg : 970 / 3400
SCL #err weighted degeneracy : 927 927 939 1007 1043 1096 
degeneracy helps : 302 301 307 309 316 319 
degeneracy worse : 261 261 277 346 389 445 
SCL #err deg : 1001 / 3500
SCL #err weighted degeneracy : 950 950 964 1032 1070 1125 
degeneracy helps : 315 314 320 322 328 333 
degeneracy worse : 266 266 284 353 397 457 
SCL #err deg : 1024 / 3600
SCL #err weighted degeneracy : 973 973 985 1054 1093 1150 
degeneracy helps : 319 318 326 328 335 339 
degeneracy worse : 270 270 288 358 404 465 
SCL #err deg : 1055 / 3700
SCL #err weighted degeneracy : 1007 1007 1019 1088 1126 1183 
degeneracy helps : 324 323 331 335 343 348 
degeneracy worse : 279 279 297 368 414 476 
SCL #err deg : 1081 / 3800
SCL #err weighted degeneracy : 1032 1032 1045 1116 1155 1214 
degeneracy helps : 330 329 337 341 349 354 
degeneracy worse : 284 284 303 376 423 487 
SCL #err deg : 1112 / 3900
SCL #err weighted degeneracy : 1061 1061 1073 1149 1188 1252 
degeneracy helps : 338 337 346 348 356 361 
degeneracy worse : 290 290 309 385 432 501 
SCL #err deg : 1137 / 4000
SCL #err weighted degeneracy : 1081 1081 1093 1171 1209 1280 
degeneracy helps : 345 344 354 355 363 367 
degeneracy worse : 293 293 312 389 435 510 
SCL #err deg : 1166 / 4100
SCL #err weighted degeneracy : 1111 1111 1122 1200 1238 1311 
degeneracy helps : 352 351 362 365 373 376 
degeneracy worse : 301 301 320 399 445 521 
SCL #err deg : 1194 / 4200
SCL #err weighted degeneracy : 1141 1141 1152 1230 1273 1346 
degeneracy helps : 361 360 371 376 384 386 
degeneracy worse : 312 312 331 412 463 538 
SCL #err deg : 1224 / 4300
SCL #err weighted degeneracy : 1173 1173 1183 1263 1308 1382 
degeneracy helps : 365 364 377 383 392 394 
degeneracy worse : 318 318 338 422 476 552 
SCL #err deg : 1244 / 4400
SCL #err weighted degeneracy : 1189 1189 1201 1283 1330 1406 
degeneracy helps : 374 373 386 393 401 403 
degeneracy worse : 323 323 345 432 487 565 
SCL #err deg : 1272 / 4500
SCL #err weighted degeneracy : 1218 1218 1233 1317 1363 1439 
degeneracy helps : 381 381 394 402 410 411 
degeneracy worse : 332 332 357 447 501 578 
SCL #err deg : 1304 / 4600
SCL #err weighted degeneracy : 1245 1245 1261 1345 1395 1472 
degeneracy helps : 394 394 407 416 424 425 
degeneracy worse : 340 340 366 457 515 593 
SCL #err deg : 1329 / 4700
SCL #err weighted degeneracy : 1269 1269 1287 1372 1424 1502 
degeneracy helps : 402 402 414 422 430 432 
degeneracy worse : 347 347 374 465 525 605 
SCL #err deg : 1360 / 4800
SCL #err weighted degeneracy : 1296 1296 1316 1403 1460 1539 
degeneracy helps : 409 409 422 429 438 440 
degeneracy worse : 352 352 381 472 538 619 
SCL #err deg : 1387 / 4900
SCL #err weighted degeneracy : 1327 1327 1345 1438 1503 1580 
degeneracy helps : 417 417 431 437 445 447 
degeneracy worse : 364 364 392 488 561 640 
SCL #err deg : 1421 / 5000
SCL #err weighted degeneracy : 1357 1357 1375 1469 1537 1615 
degeneracy helps : 424 424 438 446 454 455 
degeneracy worse : 367 367 395 494 570 649 
SCL #err deg : 1450 / 5100
SCL #err weighted degeneracy : 1387 1387 1405 1509 1578 1653 
degeneracy helps : 428 428 443 451 459 461 
degeneracy worse : 372 372 401 510 587 664 
SCL #err deg : 1477 / 5200
SCL #err weighted degeneracy : 1421 1421 1439 1541 1611 1689 
degeneracy helps : 434 434 449 458 465 466 
degeneracy worse : 385 385 414 522 599 678 
SCL #err deg : 1513 / 5300
SCL #err weighted degeneracy : 1455 1455 1472 1572 1644 1723 
degeneracy helps : 443 443 458 470 477 478 
degeneracy worse : 392 392 420 529 608 688 
SCL #err deg : 1550 / 5400
SCL #err weighted degeneracy : 1492 1492 1508 1613 1685 1766 
degeneracy helps : 454 454 469 480 488 489 
degeneracy worse : 403 403 430 543 623 705 
SCL #err deg : 1583 / 5500
SCL #err weighted degeneracy : 1518 1518 1534 1639 1714 1798 
degeneracy helps : 470 470 485 496 504 503 
degeneracy worse : 412 412 439 552 635 718 
SCL #err deg : 1617 / 5600
SCL #err weighted degeneracy : 1548 1548 1563 1668 1745 1830 
degeneracy helps : 478 478 494 506 514 514 
degeneracy worse : 416 416 443 557 642 727 
SCL #err deg : 1641 / 5700
SCL #err weighted degeneracy : 1565 1565 1580 1689 1765 1853 
degeneracy helps : 491 490 506 518 528 528 
degeneracy worse : 422 422 448 566 652 740 
SCL #err deg : 1679 / 5800
SCL #err weighted degeneracy : 1598 1598 1612 1723 1797 1882 
degeneracy helps : 501 500 517 530 543 545 
degeneracy worse : 427 427 453 574 661 748 
SCL #err deg : 1712 / 5900
SCL #err weighted degeneracy : 1627 1627 1641 1752 1826 1914 
degeneracy helps : 510 509 526 540 554 558 
degeneracy worse : 432 432 458 580 668 760 
SCL #err deg : 1739 / 6000
SCL #err weighted degeneracy : 1652 1652 1667 1781 1857 1945 
degeneracy helps : 519 518 535 549 562 566 
degeneracy worse : 439 439 466 591 680 772 
SCL #err deg : 1758 / 6100
SCL #err weighted degeneracy : 1675 1675 1691 1808 1887 1977 
degeneracy helps : 524 523 539 553 566 572 
degeneracy worse : 448 448 475 603 695 791 
SCL #err deg : 1782 / 6200
SCL #err weighted degeneracy : 1708 1708 1724 1839 1919 2011 
degeneracy helps : 525 524 540 557 570 577 
degeneracy worse : 458 458 485 614 707 806 
SCL #err deg : 1813 / 6300
SCL #err weighted degeneracy : 1744 1744 1760 1877 1959 2052 
degeneracy helps : 530 529 545 563 576 583 
degeneracy worse : 468 468 495 627 722 822 
SCL #err deg : 1852 / 6400
SCL #err weighted degeneracy : 1779 1779 1794 1913 1995 2087 
degeneracy helps : 540 538 555 573 587 596 
degeneracy worse : 474 474 500 634 730 831 
SCL #err deg : 1882 / 6500
SCL #err weighted degeneracy : 1808 1808 1822 1941 2025 2121 
degeneracy helps : 545 543 561 580 595 604 
degeneracy worse : 478 478 504 639 738 843 
SCL #err deg : 1913 / 6600
SCL #err weighted degeneracy : 1836 1836 1851 1972 2055 2155 
degeneracy helps : 554 552 570 588 605 613 
degeneracy worse : 484 484 511 647 747 855 
SCL #err deg : 1943 / 6700
SCL #err weighted degeneracy : 1864 1864 1880 2004 2086 2185 
degeneracy helps : 562 560 577 596 615 624 
degeneracy worse : 490 490 517 657 758 866 
SCL #err deg : 1967 / 6800
SCL #err weighted degeneracy : 1889 1889 1907 2033 2117 2216 
degeneracy helps : 569 567 584 603 622 632 
degeneracy worse : 499 499 527 669 772 881 
SCL #err deg : 1999 / 6900
SCL #err weighted degeneracy : 1918 1918 1937 2064 2147 2250 
degeneracy helps : 580 578 594 612 632 642 
degeneracy worse : 507 507 535 677 780 893 
SCL #err deg : 2025 / 7000
SCL #err weighted degeneracy : 1945 1945 1965 2091 2176 2281 
degeneracy helps : 588 586 602 621 641 651 
degeneracy worse : 516 516 545 687 792 907 
SCL #err deg : 2053 / 7100
SCL #err weighted degeneracy : 1975 1975 1994 2119 2205 2307 
degeneracy helps : 596 594 611 629 649 662 
degeneracy worse : 526 526 555 695 801 916 
SCL #err deg : 2081 / 7200
SCL #err weighted degeneracy : 1999 1999 2021 2150 2239 2346 
degeneracy helps : 607 605 621 639 659 670 
degeneracy worse : 533 533 564 708 817 935 
SCL #err deg : 2109 / 7300
SCL #err weighted degeneracy : 2029 2029 2050 2179 2271 2381 
degeneracy helps : 616 614 631 649 669 680 
degeneracy worse : 544 544 575 719 831 952 
SCL #err deg : 2132 / 7400
SCL #err weighted degeneracy : 2054 2054 2075 2207 2299 2413 
degeneracy helps : 623 621 638 656 676 688 
degeneracy worse : 553 553 584 731 843 969 
SCL #err deg : 2155 / 7500
SCL #err weighted degeneracy : 2082 2082 2103 2236 2329 2446 
degeneracy helps : 630 628 645 666 686 698 
degeneracy worse : 565 565 596 747 860 989 
SCL #err deg : 2182 / 7600
SCL #err weighted degeneracy : 2101 2101 2122 2256 2349 2466 
degeneracy helps : 642 640 657 677 697 709 
degeneracy worse : 569 569 600 751 864 993 
SCL #err deg : 2211 / 7700
SCL #err weighted degeneracy : 2120 2120 2141 2278 2373 2492 
degeneracy helps : 655 653 670 690 710 722 
degeneracy worse : 572 572 603 757 872 1003 
SCL #err deg : 2241 / 7800
SCL #err weighted degeneracy : 2144 2144 2164 2302 2399 2524 
degeneracy helps : 669 667 684 705 726 735 
degeneracy worse : 580 580 610 766 884 1018 
SCL #err deg : 2270 / 7900
SCL #err weighted degeneracy : 2168 2168 2188 2328 2427 2556 
degeneracy helps : 679 678 695 716 737 745 
degeneracy worse : 586 586 616 774 894 1031 
SCL #err deg : 2301 / 8000
SCL #err weighted degeneracy : 2197 2197 2217 2359 2457 2590 
degeneracy helps : 690 689 706 726 749 757 
degeneracy worse : 595 595 625 784 905 1046 
SCL #err deg : 2335 / 8100
SCL #err weighted degeneracy : 2235 2235 2255 2398 2497 2631 
degeneracy helps : 695 694 711 731 755 763 
degeneracy worse : 604 604 634 794 917 1059 
SCL #err deg : 2364 / 8200
SCL #err weighted degeneracy : 2260 2260 2282 2427 2526 2661 
degeneracy helps : 705 704 721 742 766 773 
degeneracy worse : 610 610 642 805 928 1070 
SCL #err deg : 2399 / 8300
SCL #err weighted degeneracy : 2291 2291 2313 2458 2558 2693 
degeneracy helps : 714 713 730 752 777 785 
degeneracy worse : 615 615 647 811 936 1079 
SCL #err deg : 2424 / 8400
SCL #err weighted degeneracy : 2313 2313 2336 2481 2584 2721 
degeneracy helps : 723 722 739 762 787 796 
degeneracy worse : 621 621 654 819 947 1093 
SCL #err deg : 2459 / 8500
SCL #err weighted degeneracy : 2339 2339 2362 2511 2615 2756 
degeneracy helps : 738 737 755 777 802 810 
degeneracy worse : 627 627 661 829 958 1107 
SCL #err deg : 2487 / 8600
SCL #err weighted degeneracy : 2365 2365 2388 2539 2646 2791 
degeneracy helps : 744 743 761 785 810 818 
degeneracy worse : 631 631 665 837 969 1122 
SCL #err deg : 2509 / 8700
SCL #err weighted degeneracy : 2385 2385 2408 2562 2668 2815 
degeneracy helps : 751 750 769 793 818 826 
degeneracy worse : 636 636 671 846 977 1132 
SCL #err deg : 2539 / 8800
SCL #err weighted degeneracy : 2419 2419 2441 2596 2704 2851 
degeneracy helps : 759 758 778 802 827 834 
degeneracy worse : 648 648 683 859 992 1146 
SCL #err deg : 2563 / 8900
SCL #err weighted degeneracy : 2443 2443 2465 2623 2731 2880 
degeneracy helps : 766 765 785 809 835 842 
degeneracy worse : 655 655 690 869 1003 1159 
SCL #err deg : 2597 / 9000
SCL #err weighted degeneracy : 2469 2469 2490 2650 2760 2909 
degeneracy helps : 782 781 802 824 849 856 
degeneracy worse : 663 663 698 877 1012 1168 
SCL #err deg : 2620 / 9100
SCL #err weighted degeneracy : 2490 2490 2513 2682 2793 2943 
degeneracy helps : 790 789 810 830 855 862 
degeneracy worse : 669 669 706 892 1028 1185 
SCL #err deg : 2646 / 9200
SCL #err weighted degeneracy : 2507 2507 2531 2701 2815 2966 
degeneracy helps : 804 803 823 844 869 875 
degeneracy worse : 674 674 711 899 1038 1195 
SCL #err deg : 2676 / 9300
SCL #err weighted degeneracy : 2535 2535 2557 2728 2843 2994 
degeneracy helps : 812 811 833 853 877 883 
degeneracy worse : 680 680 717 905 1044 1201 
SCL #err deg : 2711 / 9400
SCL #err weighted degeneracy : 2568 2568 2590 2760 2876 3028 
degeneracy helps : 822 821 844 867 891 897 
degeneracy worse : 689 689 726 916 1056 1214 
SCL #err deg : 2738 / 9500
SCL #err weighted degeneracy : 2591 2591 2613 2784 2900 3053 
degeneracy helps : 829 828 851 874 899 907 
degeneracy worse : 692 692 729 920 1061 1222 
SCL #err deg : 2773 / 9600
SCL #err weighted degeneracy : 2621 2621 2643 2816 2932 3090 
degeneracy helps : 837 836 859 881 906 913 
degeneracy worse : 695 695 732 924 1065 1230 
SCL #err deg : 2798 / 9700
SCL #err weighted degeneracy : 2644 2644 2665 2843 2959 3117 
degeneracy helps : 847 846 871 893 918 924 
degeneracy worse : 703 703 741 938 1079 1243 
SCL #err deg : 2831 / 9800
SCL #err weighted degeneracy : 2673 2673 2696 2875 2993 3151 
degeneracy helps : 857 856 880 902 927 935 
degeneracy worse : 709 709 748 946 1089 1255 
SCL #err deg : 2860 / 9900
SCL #err weighted degeneracy : 2700 2700 2723 2903 3023 3183 
degeneracy helps : 866 865 889 911 937 945 
degeneracy worse : 716 716 755 954 1100 1268 
SCL #err deg : 2889 / 10000
SCL #err weighted degeneracy : 2727 2727 2748 2932 3055 3216 
degeneracy helps : 876 875 901 923 949 957 
degeneracy worse : 724 724 763 966 1115 1284 
average #flips: 13.1968
SCL #err considering degeneracy: 2889
error due to equal 1359
error due to SCL smaller 1530
Finish in 1141 s
