Simulation Polar syndrome FASTER N=128, K=65, l=128, pz=0.11, #samples=10000, seed=77
PW construction
Event generator random seed: 77
SCL #err deg : 44 / 100
SCL #err weighted degeneracy : 43 43 42 45 44 41 
degeneracy helps : 8 8 9 10 12 15 
degeneracy worse : 7 7 7 11 12 12 
SCL #err deg : 73 / 200
SCL #err weighted degeneracy : 71 71 71 82 79 77 
degeneracy helps : 20 20 21 23 26 30 
degeneracy worse : 18 18 19 32 32 34 
SCL #err deg : 111 / 300
SCL #err weighted degeneracy : 114 114 115 123 120 119 
degeneracy helps : 26 26 27 32 35 38 
degeneracy worse : 29 29 31 44 44 46 
SCL #err deg : 147 / 400
SCL #err weighted degeneracy : 143 143 147 155 155 156 
degeneracy helps : 37 37 37 43 46 50 
degeneracy worse : 33 33 37 51 54 59 
SCL #err deg : 179 / 500
SCL #err weighted degeneracy : 177 177 181 190 190 193 
degeneracy helps : 45 45 45 51 55 59 
degeneracy worse : 43 43 47 62 66 73 
SCL #err deg : 210 / 600
SCL #err weighted degeneracy : 206 206 213 226 229 235 
degeneracy helps : 54 54 52 59 63 68 
degeneracy worse : 50 50 55 75 82 93 
SCL #err deg : 245 / 700
SCL #err weighted degeneracy : 238 238 246 259 267 273 
degeneracy helps : 63 63 61 68 72 78 
degeneracy worse : 56 56 62 82 94 106 
SCL #err deg : 285 / 800
SCL #err weighted degeneracy : 282 282 289 303 310 315 
degeneracy helps : 70 70 69 77 82 90 
degeneracy worse : 67 67 73 95 107 120 
SCL #err deg : 316 / 900
SCL #err weighted degeneracy : 312 312 318 331 342 347 
degeneracy helps : 78 78 77 86 92 102 
degeneracy worse : 74 74 79 101 118 133 
SCL #err deg : 355 / 1000
SCL #err weighted degeneracy : 345 345 351 365 380 384 
degeneracy helps : 89 89 88 98 103 114 
degeneracy worse : 79 79 84 108 128 143 
SCL #err deg : 399 / 1100
SCL #err weighted degeneracy : 384 384 391 405 419 423 
degeneracy helps : 101 101 100 112 118 130 
degeneracy worse : 86 86 92 118 138 154 
SCL #err deg : 437 / 1200
SCL #err weighted degeneracy : 416 416 422 437 455 461 
degeneracy helps : 110 111 111 123 128 141 
degeneracy worse : 90 90 96 123 146 165 
SCL #err deg : 467 / 1300
SCL #err weighted degeneracy : 445 445 450 467 490 494 
degeneracy helps : 115 116 116 129 134 151 
degeneracy worse : 94 94 99 129 157 178 
SCL #err deg : 510 / 1400
SCL #err weighted degeneracy : 477 477 482 502 526 531 
degeneracy helps : 129 130 130 143 148 165 
degeneracy worse : 97 97 102 135 164 186 
SCL #err deg : 550 / 1500
SCL #err weighted degeneracy : 520 520 525 545 566 572 
degeneracy helps : 137 138 138 151 160 178 
degeneracy worse : 108 108 113 146 176 200 
SCL #err deg : 584 / 1600
SCL #err weighted degeneracy : 546 546 551 569 591 598 
degeneracy helps : 149 150 150 164 174 192 
degeneracy worse : 112 112 117 149 181 206 
SCL #err deg : 622 / 1700
SCL #err weighted degeneracy : 587 587 594 610 632 641 
degeneracy helps : 158 159 158 174 187 203 
degeneracy worse : 124 124 130 162 197 222 
SCL #err deg : 653 / 1800
SCL #err weighted degeneracy : 617 617 623 638 661 671 
degeneracy helps : 166 168 167 184 197 213 
degeneracy worse : 132 132 137 169 205 231 
SCL #err deg : 689 / 1900
SCL #err weighted degeneracy : 653 653 660 676 700 713 
degeneracy helps : 177 179 179 197 211 224 
degeneracy worse : 144 144 150 184 222 248 
SCL #err deg : 726 / 2000
SCL #err weighted degeneracy : 684 684 690 705 730 742 
degeneracy helps : 189 191 193 213 226 240 
degeneracy worse : 151 151 157 192 230 256 
SCL #err deg : 758 / 2100
SCL #err weighted degeneracy : 720 720 728 743 768 779 
degeneracy helps : 197 199 201 221 237 252 
degeneracy worse : 163 163 171 206 247 273 
SCL #err deg : 795 / 2200
SCL #err weighted degeneracy : 755 755 763 782 809 821 
degeneracy helps : 207 209 211 233 248 261 
degeneracy worse : 172 172 180 220 262 287 
SCL #err deg : 821 / 2300
SCL #err weighted degeneracy : 779 779 786 809 838 851 
degeneracy helps : 217 219 222 243 258 270 
degeneracy worse : 180 180 188 231 275 300 
SCL #err deg : 856 / 2400
SCL #err weighted degeneracy : 811 811 818 843 872 885 
degeneracy helps : 226 228 231 253 268 279 
degeneracy worse : 187 187 195 240 284 308 
SCL #err deg : 891 / 2500
SCL #err weighted degeneracy : 840 840 850 876 909 924 
degeneracy helps : 236 239 241 262 277 288 
degeneracy worse : 192 192 202 247 295 321 
SCL #err deg : 924 / 2600
SCL #err weighted degeneracy : 869 869 879 907 941 961 
degeneracy helps : 246 249 251 272 287 299 
degeneracy worse : 198 198 208 255 304 336 
SCL #err deg : 964 / 2700
SCL #err weighted degeneracy : 902 902 912 938 972 994 
degeneracy helps : 257 261 263 286 302 314 
degeneracy worse : 203 203 213 260 310 344 
SCL #err deg : 1005 / 2800
SCL #err weighted degeneracy : 937 937 946 976 1008 1037 
degeneracy helps : 267 271 274 296 314 326 
degeneracy worse : 207 207 217 267 317 358 
SCL #err deg : 1037 / 2900
SCL #err weighted degeneracy : 967 967 977 1013 1045 1074 
degeneracy helps : 277 281 284 303 322 335 
degeneracy worse : 215 215 226 279 330 372 
SCL #err deg : 1072 / 3000
SCL #err weighted degeneracy : 993 993 1003 1043 1076 1105 
degeneracy helps : 287 291 295 312 332 345 
degeneracy worse : 216 216 228 283 336 378 
SCL #err deg : 1108 / 3100
SCL #err weighted degeneracy : 1021 1021 1031 1074 1109 1142 
degeneracy helps : 301 305 309 324 344 356 
degeneracy worse : 222 222 234 290 345 390 
SCL #err deg : 1137 / 3200
SCL #err weighted degeneracy : 1048 1048 1058 1100 1135 1170 
degeneracy helps : 310 314 318 334 354 368 
degeneracy worse : 229 229 241 297 352 401 
SCL #err deg : 1172 / 3300
SCL #err weighted degeneracy : 1082 1082 1093 1137 1174 1209 
degeneracy helps : 319 323 327 345 365 379 
degeneracy worse : 237 237 250 310 367 416 
SCL #err deg : 1210 / 3400
SCL #err weighted degeneracy : 1124 1124 1133 1179 1217 1255 
degeneracy helps : 328 332 337 355 375 388 
degeneracy worse : 250 250 262 324 382 433 
SCL #err deg : 1244 / 3500
SCL #err weighted degeneracy : 1153 1153 1162 1211 1251 1295 
degeneracy helps : 338 342 347 364 384 396 
degeneracy worse : 255 255 267 331 391 447 
SCL #err deg : 1275 / 3600
SCL #err weighted degeneracy : 1187 1187 1197 1249 1288 1330 
degeneracy helps : 344 348 353 371 392 407 
degeneracy worse : 264 264 277 345 405 462 
SCL #err deg : 1305 / 3700
SCL #err weighted degeneracy : 1221 1221 1231 1283 1323 1364 
degeneracy helps : 351 355 360 381 402 418 
degeneracy worse : 275 275 288 359 420 477 
SCL #err deg : 1335 / 3800
SCL #err weighted degeneracy : 1249 1249 1260 1316 1359 1404 
degeneracy helps : 360 364 370 391 412 428 
degeneracy worse : 283 283 297 372 436 497 
SCL #err deg : 1374 / 3900
SCL #err weighted degeneracy : 1282 1282 1294 1354 1398 1446 
degeneracy helps : 373 377 383 404 425 442 
degeneracy worse : 290 290 305 384 449 514 
SCL #err deg : 1405 / 4000
SCL #err weighted degeneracy : 1312 1312 1325 1385 1428 1479 
degeneracy helps : 383 387 393 415 438 455 
degeneracy worse : 299 299 315 395 461 529 
SCL #err deg : 1444 / 4100
SCL #err weighted degeneracy : 1349 1349 1363 1424 1466 1518 
degeneracy helps : 394 398 404 427 452 469 
degeneracy worse : 308 308 325 407 474 543 
SCL #err deg : 1480 / 4200
SCL #err weighted degeneracy : 1379 1379 1393 1457 1500 1553 
degeneracy helps : 406 410 416 439 465 484 
degeneracy worse : 314 314 331 416 485 557 
SCL #err deg : 1511 / 4300
SCL #err weighted degeneracy : 1415 1415 1429 1497 1539 1591 
degeneracy helps : 413 417 424 448 476 494 
degeneracy worse : 326 326 344 434 504 574 
SCL #err deg : 1541 / 4400
SCL #err weighted degeneracy : 1449 1449 1461 1532 1576 1627 
degeneracy helps : 416 420 429 455 483 502 
degeneracy worse : 334 334 352 446 518 588 
SCL #err deg : 1581 / 4500
SCL #err weighted degeneracy : 1488 1488 1502 1576 1616 1667 
degeneracy helps : 422 426 436 464 494 515 
degeneracy worse : 339 339 360 459 529 601 
SCL #err deg : 1624 / 4600
SCL #err weighted degeneracy : 1522 1522 1536 1612 1655 1706 
degeneracy helps : 436 440 450 478 509 531 
degeneracy worse : 344 344 365 466 540 613 
SCL #err deg : 1654 / 4700
SCL #err weighted degeneracy : 1550 1550 1566 1644 1688 1738 
degeneracy helps : 444 448 458 485 516 538 
degeneracy worse : 350 350 373 475 550 622 
SCL #err deg : 1689 / 4800
SCL #err weighted degeneracy : 1582 1582 1599 1679 1724 1780 
degeneracy helps : 454 458 469 496 527 549 
degeneracy worse : 358 358 382 486 562 640 
SCL #err deg : 1718 / 4900
SCL #err weighted degeneracy : 1618 1618 1637 1718 1767 1827 
degeneracy helps : 460 464 475 502 533 554 
degeneracy worse : 371 371 397 502 582 663 
SCL #err deg : 1755 / 5000
SCL #err weighted degeneracy : 1656 1656 1675 1757 1806 1866 
degeneracy helps : 464 468 480 509 540 563 
degeneracy worse : 377 377 404 511 591 674 
SCL #err deg : 1796 / 5100
SCL #err weighted degeneracy : 1693 1693 1712 1799 1849 1910 
degeneracy helps : 473 477 489 520 550 571 
degeneracy worse : 382 382 409 523 603 685 
SCL #err deg : 1835 / 5200
SCL #err weighted degeneracy : 1725 1725 1744 1831 1883 1947 
degeneracy helps : 486 490 502 534 564 585 
degeneracy worse : 388 388 415 530 612 697 
SCL #err deg : 1872 / 5300
SCL #err weighted degeneracy : 1764 1764 1783 1869 1925 1992 
degeneracy helps : 495 499 511 545 574 596 
degeneracy worse : 399 399 426 542 627 716 
SCL #err deg : 1906 / 5400
SCL #err weighted degeneracy : 1799 1799 1819 1906 1962 2032 
degeneracy helps : 503 507 519 553 582 602 
degeneracy worse : 408 408 436 553 638 728 
SCL #err deg : 1941 / 5500
SCL #err weighted degeneracy : 1832 1832 1853 1939 1995 2065 
degeneracy helps : 514 518 530 566 597 617 
degeneracy worse : 417 417 446 564 651 741 
SCL #err deg : 1975 / 5600
SCL #err weighted degeneracy : 1863 1863 1883 1967 2026 2100 
degeneracy helps : 524 528 540 579 609 627 
degeneracy worse : 424 424 452 571 660 752 
SCL #err deg : 2006 / 5700
SCL #err weighted degeneracy : 1882 1882 1905 1990 2052 2129 
degeneracy helps : 543 547 559 598 627 645 
degeneracy worse : 431 431 462 582 673 768 
SCL #err deg : 2039 / 5800
SCL #err weighted degeneracy : 1915 1915 1938 2025 2086 2166 
degeneracy helps : 550 554 568 607 636 655 
degeneracy worse : 439 439 471 593 683 782 
SCL #err deg : 2074 / 5900
SCL #err weighted degeneracy : 1946 1946 1969 2059 2121 2201 
degeneracy helps : 559 563 577 616 646 666 
degeneracy worse : 444 444 476 601 693 793 
SCL #err deg : 2110 / 6000
SCL #err weighted degeneracy : 1980 1980 2003 2095 2159 2242 
degeneracy helps : 570 574 588 627 656 676 
degeneracy worse : 453 453 485 612 705 808 
SCL #err deg : 2140 / 6100
SCL #err weighted degeneracy : 2008 2008 2031 2125 2191 2276 
degeneracy helps : 580 584 598 636 664 684 
degeneracy worse : 461 461 493 621 715 820 
SCL #err deg : 2176 / 6200
SCL #err weighted degeneracy : 2043 2043 2065 2161 2226 2312 
degeneracy helps : 589 593 608 644 673 694 
degeneracy worse : 469 469 501 629 723 830 
SCL #err deg : 2217 / 6300
SCL #err weighted degeneracy : 2084 2084 2103 2201 2269 2357 
degeneracy helps : 599 603 621 656 685 705 
degeneracy worse : 479 479 511 640 737 845 
SCL #err deg : 2259 / 6400
SCL #err weighted degeneracy : 2125 2125 2143 2242 2314 2403 
degeneracy helps : 608 612 631 669 697 717 
degeneracy worse : 488 488 520 652 752 861 
SCL #err deg : 2292 / 6500
SCL #err weighted degeneracy : 2158 2158 2175 2278 2351 2442 
degeneracy helps : 617 621 641 677 705 726 
degeneracy worse : 497 497 529 663 764 876 
SCL #err deg : 2325 / 6600
SCL #err weighted degeneracy : 2188 2188 2206 2310 2386 2477 
degeneracy helps : 630 634 654 690 718 738 
degeneracy worse : 507 507 540 675 779 890 
SCL #err deg : 2362 / 6700
SCL #err weighted degeneracy : 2225 2225 2244 2348 2422 2515 
degeneracy helps : 636 640 660 698 728 748 
degeneracy worse : 513 513 547 684 788 901 
SCL #err deg : 2389 / 6800
SCL #err weighted degeneracy : 2260 2260 2280 2382 2458 2550 
degeneracy helps : 642 646 665 705 735 756 
degeneracy worse : 527 527 561 698 804 917 
SCL #err deg : 2418 / 6900
SCL #err weighted degeneracy : 2290 2290 2310 2413 2488 2582 
degeneracy helps : 653 657 676 715 745 765 
degeneracy worse : 539 539 573 710 815 929 
SCL #err deg : 2454 / 7000
SCL #err weighted degeneracy : 2319 2319 2340 2444 2519 2613 
degeneracy helps : 666 670 689 728 758 777 
degeneracy worse : 545 545 580 718 823 936 
SCL #err deg : 2487 / 7100
SCL #err weighted degeneracy : 2354 2354 2374 2478 2554 2650 
degeneracy helps : 673 677 697 738 769 787 
degeneracy worse : 554 554 589 729 836 950 
SCL #err deg : 2524 / 7200
SCL #err weighted degeneracy : 2386 2386 2408 2514 2591 2685 
degeneracy helps : 684 688 708 749 782 801 
degeneracy worse : 560 560 597 739 849 962 
SCL #err deg : 2562 / 7300
SCL #err weighted degeneracy : 2425 2425 2447 2557 2637 2730 
degeneracy helps : 691 695 716 757 789 811 
degeneracy worse : 569 569 606 752 864 979 
SCL #err deg : 2596 / 7400
SCL #err weighted degeneracy : 2453 2453 2475 2586 2666 2762 
degeneracy helps : 701 705 726 769 801 823 
degeneracy worse : 573 573 610 759 871 989 
SCL #err deg : 2633 / 7500
SCL #err weighted degeneracy : 2487 2487 2509 2622 2701 2799 
degeneracy helps : 712 716 737 780 812 834 
degeneracy worse : 581 581 618 769 880 1000 
SCL #err deg : 2658 / 7600
SCL #err weighted degeneracy : 2516 2516 2536 2651 2730 2827 
degeneracy helps : 721 725 746 789 821 844 
degeneracy worse : 594 594 629 782 893 1013 
SCL #err deg : 2689 / 7700
SCL #err weighted degeneracy : 2540 2540 2560 2678 2759 2856 
degeneracy helps : 736 740 761 803 834 857 
degeneracy worse : 602 602 637 792 904 1024 
SCL #err deg : 2727 / 7800
SCL #err weighted degeneracy : 2565 2565 2584 2704 2789 2889 
degeneracy helps : 751 755 777 820 852 873 
degeneracy worse : 604 604 639 797 914 1035 
SCL #err deg : 2760 / 7900
SCL #err weighted degeneracy : 2599 2599 2617 2738 2826 2928 
degeneracy helps : 760 764 787 832 862 883 
degeneracy worse : 614 614 649 810 928 1051 
SCL #err deg : 2797 / 8000
SCL #err weighted degeneracy : 2632 2632 2649 2773 2862 2965 
degeneracy helps : 770 774 798 844 874 895 
degeneracy worse : 621 621 656 820 939 1063 
SCL #err deg : 2828 / 8100
SCL #err weighted degeneracy : 2666 2666 2683 2806 2900 3006 
degeneracy helps : 775 779 803 850 880 901 
degeneracy worse : 629 629 664 828 952 1079 
SCL #err deg : 2861 / 8200
SCL #err weighted degeneracy : 2695 2695 2714 2841 2934 3039 
degeneracy helps : 787 791 815 863 892 913 
degeneracy worse : 637 637 674 843 965 1091 
SCL #err deg : 2896 / 8300
SCL #err weighted degeneracy : 2729 2729 2748 2875 2970 3075 
degeneracy helps : 796 800 824 873 902 922 
degeneracy worse : 645 645 682 852 976 1101 
SCL #err deg : 2927 / 8400
SCL #err weighted degeneracy : 2758 2758 2776 2907 2997 3104 
degeneracy helps : 804 808 833 884 916 935 
degeneracy worse : 651 651 688 864 986 1112 
SCL #err deg : 2958 / 8500
SCL #err weighted degeneracy : 2789 2789 2809 2942 3032 3143 
degeneracy helps : 809 813 837 888 922 941 
degeneracy worse : 656 656 694 872 996 1126 
SCL #err deg : 2995 / 8600
SCL #err weighted degeneracy : 2821 2821 2840 2977 3067 3179 
degeneracy helps : 819 823 848 899 935 957 
degeneracy worse : 661 661 699 881 1007 1141 
SCL #err deg : 3024 / 8700
SCL #err weighted degeneracy : 2850 2850 2870 3009 3098 3213 
degeneracy helps : 830 834 859 910 946 968 
degeneracy worse : 672 672 711 895 1020 1157 
SCL #err deg : 3062 / 8800
SCL #err weighted degeneracy : 2889 2889 2908 3048 3138 3252 
degeneracy helps : 839 843 868 920 957 980 
degeneracy worse : 682 682 720 906 1033 1170 
SCL #err deg : 3096 / 8900
SCL #err weighted degeneracy : 2923 2923 2941 3087 3181 3295 
degeneracy helps : 849 853 878 928 965 989 
degeneracy worse : 692 692 729 919 1050 1188 
SCL #err deg : 3128 / 9000
SCL #err weighted degeneracy : 2956 2956 2972 3118 3215 3331 
degeneracy helps : 862 866 892 943 979 1004 
degeneracy worse : 706 706 742 933 1066 1207 
SCL #err deg : 3155 / 9100
SCL #err weighted degeneracy : 2979 2979 2997 3147 3244 3361 
degeneracy helps : 872 876 901 951 988 1014 
degeneracy worse : 713 713 749 943 1077 1220 
SCL #err deg : 3185 / 9200
SCL #err weighted degeneracy : 3008 3008 3026 3179 3280 3396 
degeneracy helps : 883 887 912 962 999 1025 
degeneracy worse : 723 723 759 956 1094 1236 
SCL #err deg : 3219 / 9300
SCL #err weighted degeneracy : 3048 3048 3063 3217 3318 3436 
degeneracy helps : 886 890 917 967 1006 1032 
degeneracy worse : 732 732 767 965 1105 1249 
SCL #err deg : 3257 / 9400
SCL #err weighted degeneracy : 3088 3088 3102 3263 3362 3482 
degeneracy helps : 895 899 927 976 1018 1044 
degeneracy worse : 743 743 778 982 1123 1269 
SCL #err deg : 3282 / 9500
SCL #err weighted degeneracy : 3112 3112 3128 3289 3391 3516 
degeneracy helps : 905 909 937 987 1028 1054 
degeneracy worse : 752 752 789 994 1137 1288 
SCL #err deg : 3314 / 9600
SCL #err weighted degeneracy : 3141 3141 3159 3322 3426 3552 
degeneracy helps : 914 918 946 996 1038 1064 
degeneracy worse : 758 758 797 1004 1150 1302 
SCL #err deg : 3346 / 9700
SCL #err weighted degeneracy : 3165 3165 3183 3350 3452 3581 
degeneracy helps : 928 932 962 1010 1055 1080 
degeneracy worse : 764 764 805 1014 1161 1315 
SCL #err deg : 3384 / 9800
SCL #err weighted degeneracy : 3197 3197 3218 3388 3489 3618 
degeneracy helps : 942 946 974 1022 1066 1092 
degeneracy worse : 772 772 814 1026 1171 1326 
SCL #err deg : 3423 / 9900
SCL #err weighted degeneracy : 3230 3230 3253 3424 3526 3658 
degeneracy helps : 956 960 988 1037 1081 1107 
degeneracy worse : 780 780 824 1038 1184 1342 
SCL #err deg : 3456 / 10000
SCL #err weighted degeneracy : 3263 3263 3284 3460 3564 3696 
degeneracy helps : 965 969 1000 1050 1094 1120 
degeneracy worse : 789 789 834 1054 1202 1360 
average #flips: 14.0971
SCL #err considering degeneracy: 3456
error due to equal 1412
error due to SCL smaller 2044
Finish in 1150 s
