Simulation Polar syndrome FASTER N=128, K=65, l=128, pz=0.15, #samples=10000, seed=87
HPW construction
Event generator random seed: 87
SCL #err deg : 52 / 100
SCL #err weighted degeneracy : 57 58 59 65 65 65 
degeneracy helps : 11 10 11 11 13 14 
degeneracy worse : 16 16 18 24 26 27 
SCL #err deg : 110 / 200
SCL #err weighted degeneracy : 113 115 115 122 123 124 
degeneracy helps : 23 21 25 28 32 35 
degeneracy worse : 27 27 31 40 45 49 
SCL #err deg : 168 / 300
SCL #err weighted degeneracy : 172 175 169 180 185 185 
degeneracy helps : 31 28 36 40 45 50 
degeneracy worse : 36 36 38 52 62 67 
SCL #err deg : 235 / 400
SCL #err weighted degeneracy : 232 235 229 244 251 248 
degeneracy helps : 48 45 53 58 65 73 
degeneracy worse : 46 46 48 67 81 86 
SCL #err deg : 299 / 500
SCL #err weighted degeneracy : 289 293 288 303 312 307 
degeneracy helps : 61 57 66 74 81 92 
degeneracy worse : 52 52 56 78 94 100 
SCL #err deg : 363 / 600
SCL #err weighted degeneracy : 346 350 343 355 360 357 
degeneracy helps : 75 71 82 95 107 118 
degeneracy worse : 59 59 63 87 104 112 
SCL #err deg : 421 / 700
SCL #err weighted degeneracy : 403 408 400 412 423 417 
degeneracy helps : 88 83 95 111 122 137 
degeneracy worse : 71 71 75 102 124 133 
SCL #err deg : 481 / 800
SCL #err weighted degeneracy : 459 465 457 471 478 476 
degeneracy helps : 101 95 109 126 141 156 
degeneracy worse : 80 80 86 116 138 151 
SCL #err deg : 535 / 900
SCL #err weighted degeneracy : 518 523 517 530 536 534 
degeneracy helps : 112 106 120 141 156 172 
degeneracy worse : 96 95 103 136 157 171 
SCL #err deg : 601 / 1000
SCL #err weighted degeneracy : 585 590 581 588 594 591 
degeneracy helps : 118 112 128 154 171 187 
degeneracy worse : 103 102 109 141 164 177 
SCL #err deg : 661 / 1100
SCL #err weighted degeneracy : 646 651 641 648 656 658 
degeneracy helps : 130 124 141 170 187 202 
degeneracy worse : 116 115 122 157 182 199 
SCL #err deg : 718 / 1200
SCL #err weighted degeneracy : 707 712 704 712 723 724 
degeneracy helps : 138 132 148 179 196 211 
degeneracy worse : 128 127 135 173 201 217 
SCL #err deg : 777 / 1300
SCL #err weighted degeneracy : 768 773 764 775 788 788 
degeneracy helps : 151 145 161 192 208 224 
degeneracy worse : 143 142 149 190 219 235 
SCL #err deg : 833 / 1400
SCL #err weighted degeneracy : 817 822 813 827 838 843 
degeneracy helps : 165 159 176 209 228 242 
degeneracy worse : 151 150 158 203 233 252 
SCL #err deg : 887 / 1500
SCL #err weighted degeneracy : 874 879 872 887 900 907 
degeneracy helps : 177 171 188 223 241 256 
degeneracy worse : 166 165 175 223 254 276 
SCL #err deg : 951 / 1600
SCL #err weighted degeneracy : 934 939 932 948 963 970 
degeneracy helps : 193 187 204 242 259 275 
degeneracy worse : 178 177 187 239 271 294 
SCL #err deg : 1022 / 1700
SCL #err weighted degeneracy : 995 999 994 1012 1027 1035 
degeneracy helps : 211 205 222 259 276 293 
degeneracy worse : 186 184 196 249 281 306 
SCL #err deg : 1089 / 1800
SCL #err weighted degeneracy : 1057 1061 1056 1077 1094 1101 
degeneracy helps : 225 219 237 277 293 311 
degeneracy worse : 195 193 206 265 298 323 
SCL #err deg : 1155 / 1900
SCL #err weighted degeneracy : 1113 1117 1113 1136 1152 1155 
degeneracy helps : 243 236 255 299 317 338 
degeneracy worse : 203 200 215 280 314 338 
SCL #err deg : 1220 / 2000
SCL #err weighted degeneracy : 1169 1173 1167 1190 1207 1214 
degeneracy helps : 262 255 276 322 340 360 
degeneracy worse : 213 210 225 292 327 354 
SCL #err deg : 1285 / 2100
SCL #err weighted degeneracy : 1231 1235 1228 1253 1270 1278 
degeneracy helps : 275 268 289 337 355 375 
degeneracy worse : 223 220 234 305 340 368 
SCL #err deg : 1344 / 2200
SCL #err weighted degeneracy : 1289 1293 1286 1309 1321 1330 
degeneracy helps : 287 280 303 354 376 398 
degeneracy worse : 234 231 247 319 353 384 
SCL #err deg : 1395 / 2300
SCL #err weighted degeneracy : 1343 1348 1343 1370 1383 1392 
degeneracy helps : 297 289 313 363 385 407 
degeneracy worse : 247 244 263 338 373 404 
SCL #err deg : 1455 / 2400
SCL #err weighted degeneracy : 1400 1405 1398 1425 1438 1450 
degeneracy helps : 310 302 329 378 401 423 
degeneracy worse : 257 254 274 348 384 418 
SCL #err deg : 1512 / 2500
SCL #err weighted degeneracy : 1452 1456 1452 1479 1496 1511 
degeneracy helps : 325 317 344 394 415 438 
degeneracy worse : 267 263 286 361 399 437 
SCL #err deg : 1565 / 2600
SCL #err weighted degeneracy : 1500 1504 1497 1526 1544 1559 
degeneracy helps : 338 330 359 409 432 457 
degeneracy worse : 275 271 293 370 411 451 
SCL #err deg : 1624 / 2700
SCL #err weighted degeneracy : 1563 1567 1560 1589 1608 1622 
degeneracy helps : 347 339 368 420 443 471 
degeneracy worse : 288 284 306 385 427 469 
SCL #err deg : 1673 / 2800
SCL #err weighted degeneracy : 1618 1622 1616 1645 1661 1675 
degeneracy helps : 355 347 375 429 453 483 
degeneracy worse : 302 298 320 401 441 485 
SCL #err deg : 1739 / 2900
SCL #err weighted degeneracy : 1672 1676 1669 1699 1718 1736 
degeneracy helps : 375 367 396 452 477 506 
degeneracy worse : 310 306 328 412 456 503 
SCL #err deg : 1802 / 3000
SCL #err weighted degeneracy : 1737 1741 1736 1768 1784 1798 
degeneracy helps : 384 376 405 461 491 525 
degeneracy worse : 321 317 341 427 473 521 
SCL #err deg : 1859 / 3100
SCL #err weighted degeneracy : 1790 1794 1789 1821 1838 1850 
degeneracy helps : 399 391 421 479 509 545 
degeneracy worse : 332 328 353 441 488 536 
SCL #err deg : 1919 / 3200
SCL #err weighted degeneracy : 1853 1857 1852 1885 1902 1916 
degeneracy helps : 409 401 430 490 521 557 
degeneracy worse : 345 341 365 456 504 554 
SCL #err deg : 1977 / 3300
SCL #err weighted degeneracy : 1916 1919 1912 1949 1964 1980 
degeneracy helps : 419 411 442 501 533 569 
degeneracy worse : 360 355 379 473 520 572 
SCL #err deg : 2039 / 3400
SCL #err weighted degeneracy : 1979 1982 1972 2008 2025 2039 
degeneracy helps : 430 422 454 517 550 588 
degeneracy worse : 372 367 389 486 536 588 
SCL #err deg : 2114 / 3500
SCL #err weighted degeneracy : 2047 2049 2042 2080 2095 2111 
degeneracy helps : 444 437 466 528 563 600 
degeneracy worse : 379 374 396 494 544 597 
SCL #err deg : 2166 / 3600
SCL #err weighted degeneracy : 2103 2106 2100 2134 2148 2163 
degeneracy helps : 455 447 478 542 580 618 
degeneracy worse : 395 390 414 510 562 615 
SCL #err deg : 2227 / 3700
SCL #err weighted degeneracy : 2153 2157 2151 2189 2203 2219 
degeneracy helps : 471 462 493 557 597 637 
degeneracy worse : 400 395 419 519 573 629 
SCL #err deg : 2289 / 3800
SCL #err weighted degeneracy : 2206 2211 2203 2247 2262 2279 
degeneracy helps : 486 476 509 571 612 652 
degeneracy worse : 406 401 425 529 585 642 
SCL #err deg : 2345 / 3900
SCL #err weighted degeneracy : 2266 2271 2263 2310 2324 2341 
degeneracy helps : 498 487 521 580 624 663 
degeneracy worse : 422 417 441 545 603 659 
SCL #err deg : 2413 / 4000
SCL #err weighted degeneracy : 2334 2338 2331 2380 2396 2412 
degeneracy helps : 510 500 533 591 635 676 
degeneracy worse : 434 429 453 558 618 675 
SCL #err deg : 2471 / 4100
SCL #err weighted degeneracy : 2396 2400 2391 2440 2457 2475 
degeneracy helps : 520 510 545 604 649 692 
degeneracy worse : 448 443 467 573 635 696 
SCL #err deg : 2531 / 4200
SCL #err weighted degeneracy : 2459 2463 2452 2504 2520 2539 
degeneracy helps : 529 519 556 615 664 707 
degeneracy worse : 460 455 479 588 653 715 
SCL #err deg : 2594 / 4300
SCL #err weighted degeneracy : 2523 2527 2514 2566 2584 2600 
degeneracy helps : 537 528 567 627 677 722 
degeneracy worse : 470 465 489 599 667 728 
SCL #err deg : 2655 / 4400
SCL #err weighted degeneracy : 2575 2578 2568 2619 2638 2658 
degeneracy helps : 552 543 581 647 698 742 
degeneracy worse : 476 470 496 611 681 745 
SCL #err deg : 2710 / 4500
SCL #err weighted degeneracy : 2635 2638 2627 2683 2701 2722 
degeneracy helps : 562 553 591 655 709 753 
degeneracy worse : 491 485 510 628 700 765 
SCL #err deg : 2772 / 4600
SCL #err weighted degeneracy : 2691 2695 2684 2743 2759 2780 
degeneracy helps : 577 567 606 669 726 771 
degeneracy worse : 500 494 520 640 713 779 
SCL #err deg : 2822 / 4700
SCL #err weighted degeneracy : 2745 2749 2737 2802 2817 2834 
degeneracy helps : 586 575 616 679 738 787 
degeneracy worse : 513 506 533 659 733 799 
SCL #err deg : 2884 / 4800
SCL #err weighted degeneracy : 2803 2807 2798 2867 2879 2896 
degeneracy helps : 603 592 633 695 756 805 
degeneracy worse : 526 519 549 678 751 817 
SCL #err deg : 2949 / 4900
SCL #err weighted degeneracy : 2863 2866 2858 2927 2939 2959 
degeneracy helps : 619 609 649 714 777 824 
degeneracy worse : 537 530 560 692 767 834 
SCL #err deg : 3010 / 5000
SCL #err weighted degeneracy : 2920 2922 2917 2989 3006 3029 
degeneracy helps : 634 624 662 729 790 836 
degeneracy worse : 548 540 571 708 786 855 
SCL #err deg : 3072 / 5100
SCL #err weighted degeneracy : 2984 2986 2981 3049 3065 3087 
degeneracy helps : 641 631 670 743 806 854 
degeneracy worse : 557 549 581 720 799 869 
SCL #err deg : 3133 / 5200
SCL #err weighted degeneracy : 3040 3042 3036 3106 3130 3156 
degeneracy helps : 657 647 686 761 823 868 
degeneracy worse : 568 560 591 734 820 891 
SCL #err deg : 3193 / 5300
SCL #err weighted degeneracy : 3093 3095 3088 3154 3178 3208 
degeneracy helps : 674 664 704 781 845 889 
degeneracy worse : 578 570 601 742 830 904 
SCL #err deg : 3257 / 5400
SCL #err weighted degeneracy : 3156 3157 3149 3217 3244 3272 
degeneracy helps : 686 676 718 796 858 904 
degeneracy worse : 589 580 612 756 845 919 
SCL #err deg : 3314 / 5500
SCL #err weighted degeneracy : 3213 3214 3204 3272 3300 3328 
degeneracy helps : 697 687 731 813 875 921 
degeneracy worse : 600 591 623 771 861 935 
SCL #err deg : 3377 / 5600
SCL #err weighted degeneracy : 3268 3269 3259 3330 3358 3390 
degeneracy helps : 713 703 747 830 893 938 
degeneracy worse : 608 599 631 783 874 951 
SCL #err deg : 3436 / 5700
SCL #err weighted degeneracy : 3326 3327 3318 3393 3420 3451 
degeneracy helps : 725 714 760 843 909 955 
degeneracy worse : 619 609 644 800 893 970 
SCL #err deg : 3505 / 5800
SCL #err weighted degeneracy : 3394 3395 3385 3460 3489 3518 
degeneracy helps : 737 726 773 856 922 970 
degeneracy worse : 630 620 655 811 906 983 
SCL #err deg : 3574 / 5900
SCL #err weighted degeneracy : 3459 3459 3448 3522 3552 3580 
degeneracy helps : 755 744 792 876 941 991 
degeneracy worse : 644 633 668 824 919 997 
SCL #err deg : 3631 / 6000
SCL #err weighted degeneracy : 3516 3516 3505 3576 3606 3631 
degeneracy helps : 765 754 802 889 956 1007 
degeneracy worse : 654 643 678 834 931 1007 
SCL #err deg : 3688 / 6100
SCL #err weighted degeneracy : 3569 3570 3558 3633 3660 3684 
degeneracy helps : 781 769 818 903 975 1027 
degeneracy worse : 666 655 690 848 947 1023 
SCL #err deg : 3751 / 6200
SCL #err weighted degeneracy : 3630 3631 3621 3697 3728 3754 
degeneracy helps : 790 778 827 912 985 1038 
degeneracy worse : 673 662 699 858 962 1041 
SCL #err deg : 3809 / 6300
SCL #err weighted degeneracy : 3687 3688 3676 3751 3783 3809 
degeneracy helps : 803 791 841 929 1005 1057 
degeneracy worse : 685 674 710 871 979 1057 
SCL #err deg : 3869 / 6400
SCL #err weighted degeneracy : 3749 3750 3738 3813 3846 3873 
degeneracy helps : 811 799 849 940 1016 1069 
degeneracy worse : 695 684 720 884 993 1073 
SCL #err deg : 3934 / 6500
SCL #err weighted degeneracy : 3817 3818 3804 3881 3911 3941 
degeneracy helps : 820 808 859 951 1030 1084 
degeneracy worse : 707 696 731 898 1007 1091 
SCL #err deg : 3997 / 6600
SCL #err weighted degeneracy : 3882 3883 3871 3950 3980 4010 
degeneracy helps : 833 821 871 962 1043 1098 
degeneracy worse : 722 711 747 915 1026 1111 
SCL #err deg : 4051 / 6700
SCL #err weighted degeneracy : 3938 3939 3928 4008 4037 4066 
degeneracy helps : 845 833 883 974 1057 1113 
degeneracy worse : 736 725 762 931 1043 1128 
SCL #err deg : 4113 / 6800
SCL #err weighted degeneracy : 4004 4005 3994 4078 4108 4136 
degeneracy helps : 851 839 890 981 1062 1121 
degeneracy worse : 746 735 773 946 1057 1144 
SCL #err deg : 4174 / 6900
SCL #err weighted degeneracy : 4067 4069 4057 4142 4169 4197 
degeneracy helps : 858 846 899 991 1076 1137 
degeneracy worse : 755 745 784 959 1071 1160 
SCL #err deg : 4243 / 7000
SCL #err weighted degeneracy : 4127 4129 4118 4203 4230 4256 
degeneracy helps : 875 863 915 1008 1095 1158 
degeneracy worse : 763 753 792 968 1082 1171 
SCL #err deg : 4300 / 7100
SCL #err weighted degeneracy : 4179 4181 4171 4255 4283 4309 
degeneracy helps : 890 878 931 1025 1112 1176 
degeneracy worse : 773 763 804 980 1095 1185 
SCL #err deg : 4364 / 7200
SCL #err weighted degeneracy : 4240 4242 4233 4317 4347 4370 
degeneracy helps : 905 893 947 1041 1127 1194 
degeneracy worse : 785 775 818 994 1110 1200 
SCL #err deg : 4423 / 7300
SCL #err weighted degeneracy : 4301 4303 4296 4379 4410 4433 
degeneracy helps : 912 900 955 1050 1136 1205 
degeneracy worse : 794 784 830 1006 1123 1215 
SCL #err deg : 4478 / 7400
SCL #err weighted degeneracy : 4355 4358 4352 4434 4472 4496 
degeneracy helps : 930 917 974 1071 1153 1222 
degeneracy worse : 811 801 850 1027 1147 1240 
SCL #err deg : 4540 / 7500
SCL #err weighted degeneracy : 4418 4421 4413 4490 4528 4552 
degeneracy helps : 944 931 990 1091 1173 1241 
degeneracy worse : 826 816 865 1041 1161 1253 
SCL #err deg : 4602 / 7600
SCL #err weighted degeneracy : 4469 4472 4465 4543 4582 4603 
degeneracy helps : 961 948 1008 1111 1194 1268 
degeneracy worse : 832 822 873 1052 1174 1269 
SCL #err deg : 4668 / 7700
SCL #err weighted degeneracy : 4532 4536 4528 4604 4648 4670 
degeneracy helps : 973 959 1020 1125 1209 1284 
degeneracy worse : 841 831 882 1061 1189 1286 
SCL #err deg : 4733 / 7800
SCL #err weighted degeneracy : 4598 4601 4595 4673 4716 4737 
degeneracy helps : 985 971 1031 1136 1222 1298 
degeneracy worse : 854 843 895 1076 1205 1302 
SCL #err deg : 4794 / 7900
SCL #err weighted degeneracy : 4661 4664 4659 4737 4780 4803 
degeneracy helps : 995 981 1042 1146 1234 1310 
degeneracy worse : 866 855 909 1089 1220 1319 
SCL #err deg : 4853 / 8000
SCL #err weighted degeneracy : 4723 4726 4720 4800 4842 4866 
degeneracy helps : 1004 990 1054 1160 1249 1325 
degeneracy worse : 878 867 923 1107 1238 1338 
SCL #err deg : 4913 / 8100
SCL #err weighted degeneracy : 4785 4788 4784 4865 4906 4930 
degeneracy helps : 1015 1001 1065 1174 1266 1343 
degeneracy worse : 891 880 938 1126 1259 1360 
SCL #err deg : 4977 / 8200
SCL #err weighted degeneracy : 4854 4857 4852 4936 4981 5005 
degeneracy helps : 1022 1008 1073 1182 1274 1350 
degeneracy worse : 903 892 950 1141 1278 1378 
SCL #err deg : 5043 / 8300
SCL #err weighted degeneracy : 4920 4923 4916 4997 5041 5061 
degeneracy helps : 1033 1019 1086 1199 1291 1372 
degeneracy worse : 914 903 961 1153 1289 1390 
SCL #err deg : 5103 / 8400
SCL #err weighted degeneracy : 4985 4989 4980 5062 5107 5129 
degeneracy helps : 1040 1026 1094 1207 1298 1380 
degeneracy worse : 926 916 973 1166 1302 1406 
SCL #err deg : 5156 / 8500
SCL #err weighted degeneracy : 5048 5053 5042 5125 5169 5192 
degeneracy helps : 1050 1036 1104 1220 1311 1393 
degeneracy worse : 946 937 992 1189 1324 1429 
SCL #err deg : 5209 / 8600
SCL #err weighted degeneracy : 5108 5113 5103 5186 5230 5252 
degeneracy helps : 1059 1045 1112 1229 1321 1405 
degeneracy worse : 962 953 1008 1206 1342 1448 
SCL #err deg : 5264 / 8700
SCL #err weighted degeneracy : 5165 5170 5160 5245 5289 5311 
degeneracy helps : 1072 1058 1126 1243 1335 1419 
degeneracy worse : 977 968 1024 1224 1360 1466 
SCL #err deg : 5323 / 8800
SCL #err weighted degeneracy : 5230 5235 5226 5309 5354 5377 
degeneracy helps : 1082 1068 1136 1257 1349 1433 
degeneracy worse : 993 984 1041 1243 1380 1487 
SCL #err deg : 5393 / 8900
SCL #err weighted degeneracy : 5295 5300 5293 5381 5429 5450 
degeneracy helps : 1093 1079 1146 1266 1358 1444 
degeneracy worse : 999 990 1048 1254 1394 1501 
SCL #err deg : 5448 / 9000
SCL #err weighted degeneracy : 5341 5346 5341 5433 5481 5508 
degeneracy helps : 1110 1096 1162 1283 1375 1462 
degeneracy worse : 1007 998 1057 1268 1408 1522 
SCL #err deg : 5506 / 9100
SCL #err weighted degeneracy : 5398 5404 5397 5489 5538 5568 
degeneracy helps : 1122 1107 1176 1298 1391 1478 
degeneracy worse : 1018 1009 1069 1281 1423 1540 
SCL #err deg : 5568 / 9200
SCL #err weighted degeneracy : 5461 5467 5459 5551 5602 5630 
degeneracy helps : 1133 1118 1187 1311 1405 1495 
degeneracy worse : 1030 1021 1080 1294 1439 1557 
SCL #err deg : 5635 / 9300
SCL #err weighted degeneracy : 5527 5534 5524 5616 5668 5697 
degeneracy helps : 1146 1130 1200 1323 1419 1511 
degeneracy worse : 1042 1033 1091 1304 1452 1573 
SCL #err deg : 5687 / 9400
SCL #err weighted degeneracy : 5581 5588 5581 5670 5725 5756 
degeneracy helps : 1153 1137 1206 1330 1429 1523 
degeneracy worse : 1051 1042 1102 1313 1467 1592 
SCL #err deg : 5750 / 9500
SCL #err weighted degeneracy : 5639 5645 5640 5724 5779 5814 
degeneracy helps : 1165 1150 1218 1348 1450 1544 
degeneracy worse : 1058 1049 1110 1322 1479 1608 
SCL #err deg : 5802 / 9600
SCL #err weighted degeneracy : 5691 5697 5691 5778 5834 5871 
degeneracy helps : 1173 1158 1228 1357 1461 1555 
degeneracy worse : 1066 1057 1119 1333 1493 1624 
SCL #err deg : 5870 / 9700
SCL #err weighted degeneracy : 5753 5759 5750 5837 5892 5930 
degeneracy helps : 1189 1174 1247 1378 1484 1579 
degeneracy worse : 1076 1067 1129 1345 1506 1639 
SCL #err deg : 5931 / 9800
SCL #err weighted degeneracy : 5813 5819 5810 5899 5954 5998 
degeneracy helps : 1201 1186 1261 1392 1500 1594 
degeneracy worse : 1087 1078 1142 1360 1523 1661 
SCL #err deg : 5998 / 9900
SCL #err weighted degeneracy : 5877 5883 5874 5960 6013 6056 
degeneracy helps : 1213 1198 1272 1408 1518 1613 
degeneracy worse : 1096 1087 1150 1370 1533 1671 
SCL #err deg : 6069 / 10000
SCL #err weighted degeneracy : 5942 5948 5940 6030 6082 6123 
degeneracy helps : 1226 1211 1286 1423 1534 1631 
degeneracy worse : 1103 1094 1159 1384 1547 1685 
average #flips: 19.2061
SCL #err considering degeneracy: 6069
error due to equal 742
error due to SCL smaller 5327
Finish in 1097 s
