Simulation Polar syndrome FASTER N=128, K=65, l=128, pz=0.2, #samples=10000, seed=87
HPW construction
Event generator random seed: 87
SCL #err deg : 65 / 100
SCL #err weighted degeneracy : 73 73 72 69 68 67 
degeneracy helps : 9 9 10 14 15 16 
degeneracy worse : 17 17 17 18 18 18 
SCL #err deg : 135 / 200
SCL #err weighted degeneracy : 145 144 142 137 134 137 
degeneracy helps : 21 22 23 31 34 32 
degeneracy worse : 31 31 30 33 33 34 
SCL #err deg : 206 / 300
SCL #err weighted degeneracy : 210 209 207 204 204 208 
degeneracy helps : 33 33 34 42 45 45 
degeneracy worse : 37 36 35 40 43 47 
SCL #err deg : 275 / 400
SCL #err weighted degeneracy : 275 276 271 267 268 272 
degeneracy helps : 47 45 49 59 61 61 
degeneracy worse : 47 46 45 51 54 58 
SCL #err deg : 344 / 500
SCL #err weighted degeneracy : 350 349 345 339 339 340 
degeneracy helps : 53 52 56 72 76 78 
degeneracy worse : 59 57 57 67 71 74 
SCL #err deg : 419 / 600
SCL #err weighted degeneracy : 421 419 416 413 413 414 
degeneracy helps : 66 64 70 86 91 92 
degeneracy worse : 68 64 67 80 85 87 
SCL #err deg : 486 / 700
SCL #err weighted degeneracy : 482 481 476 479 480 480 
degeneracy helps : 81 78 85 99 105 106 
degeneracy worse : 77 73 75 92 99 100 
SCL #err deg : 565 / 800
SCL #err weighted degeneracy : 559 558 552 557 559 558 
degeneracy helps : 91 88 96 110 118 120 
degeneracy worse : 85 81 83 102 112 113 
SCL #err deg : 633 / 900
SCL #err weighted degeneracy : 625 625 616 620 626 630 
degeneracy helps : 99 96 106 124 130 130 
degeneracy worse : 91 88 89 111 123 127 
SCL #err deg : 704 / 1000
SCL #err weighted degeneracy : 700 702 693 692 699 708 
degeneracy helps : 108 103 115 139 144 142 
degeneracy worse : 104 101 104 127 139 146 
SCL #err deg : 776 / 1100
SCL #err weighted degeneracy : 767 767 760 757 768 778 
degeneracy helps : 124 119 131 156 159 157 
degeneracy worse : 115 111 115 137 151 159 
SCL #err deg : 843 / 1200
SCL #err weighted degeneracy : 840 840 833 833 844 851 
degeneracy helps : 136 130 143 166 168 168 
degeneracy worse : 133 128 133 156 169 176 
SCL #err deg : 913 / 1300
SCL #err weighted degeneracy : 907 906 900 905 919 924 
degeneracy helps : 151 145 158 179 181 182 
degeneracy worse : 145 139 145 171 187 193 
SCL #err deg : 988 / 1400
SCL #err weighted degeneracy : 973 971 967 976 988 993 
degeneracy helps : 169 162 176 194 198 200 
degeneracy worse : 154 146 155 182 198 205 
SCL #err deg : 1062 / 1500
SCL #err weighted degeneracy : 1044 1043 1038 1051 1064 1071 
degeneracy helps : 183 175 191 208 211 213 
degeneracy worse : 165 157 167 197 213 222 
SCL #err deg : 1136 / 1600
SCL #err weighted degeneracy : 1117 1116 1108 1120 1135 1141 
degeneracy helps : 195 187 205 224 227 230 
degeneracy worse : 176 168 177 208 226 235 
SCL #err deg : 1206 / 1700
SCL #err weighted degeneracy : 1184 1183 1174 1187 1202 1206 
degeneracy helps : 209 201 220 239 244 250 
degeneracy worse : 187 179 188 220 240 250 
SCL #err deg : 1283 / 1800
SCL #err weighted degeneracy : 1259 1257 1248 1263 1278 1283 
degeneracy helps : 218 210 230 248 255 262 
degeneracy worse : 194 186 195 228 250 262 
SCL #err deg : 1359 / 1900
SCL #err weighted degeneracy : 1334 1332 1323 1337 1348 1356 
degeneracy helps : 228 220 240 262 271 275 
degeneracy worse : 203 195 204 240 260 272 
SCL #err deg : 1420 / 2000
SCL #err weighted degeneracy : 1397 1392 1386 1401 1415 1421 
degeneracy helps : 239 232 251 275 282 288 
degeneracy worse : 216 206 217 256 277 289 
SCL #err deg : 1485 / 2100
SCL #err weighted degeneracy : 1462 1457 1451 1471 1484 1491 
degeneracy helps : 249 242 262 286 294 300 
degeneracy worse : 226 216 228 272 293 306 
SCL #err deg : 1559 / 2200
SCL #err weighted degeneracy : 1536 1532 1525 1547 1561 1568 
degeneracy helps : 260 252 273 297 304 310 
degeneracy worse : 237 227 239 285 306 319 
SCL #err deg : 1636 / 2300
SCL #err weighted degeneracy : 1608 1604 1597 1614 1631 1636 
degeneracy helps : 273 265 286 316 322 330 
degeneracy worse : 245 235 247 294 317 330 
SCL #err deg : 1712 / 2400
SCL #err weighted degeneracy : 1679 1675 1667 1687 1702 1708 
degeneracy helps : 287 279 301 332 340 348 
degeneracy worse : 254 244 256 307 330 344 
SCL #err deg : 1788 / 2500
SCL #err weighted degeneracy : 1757 1753 1745 1763 1779 1786 
degeneracy helps : 295 287 309 343 351 358 
degeneracy worse : 264 254 266 318 342 356 
SCL #err deg : 1854 / 2600
SCL #err weighted degeneracy : 1823 1819 1811 1827 1846 1854 
degeneracy helps : 309 300 323 357 364 371 
degeneracy worse : 278 267 280 330 356 371 
SCL #err deg : 1929 / 2700
SCL #err weighted degeneracy : 1898 1893 1885 1904 1922 1930 
degeneracy helps : 319 310 334 367 375 382 
degeneracy worse : 288 277 290 342 368 383 
SCL #err deg : 1998 / 2800
SCL #err weighted degeneracy : 1966 1962 1953 1976 1995 2001 
degeneracy helps : 336 326 351 383 391 400 
degeneracy worse : 304 293 306 361 388 403 
SCL #err deg : 2067 / 2900
SCL #err weighted degeneracy : 2044 2040 2030 2052 2074 2076 
degeneracy helps : 344 332 360 394 401 411 
degeneracy worse : 321 308 323 379 408 420 
SCL #err deg : 2143 / 3000
SCL #err weighted degeneracy : 2111 2107 2098 2122 2143 2145 
degeneracy helps : 359 346 375 409 418 428 
degeneracy worse : 327 314 330 388 418 430 
SCL #err deg : 2219 / 3100
SCL #err weighted degeneracy : 2187 2183 2171 2194 2213 2217 
degeneracy helps : 370 357 389 424 434 445 
degeneracy worse : 338 325 341 399 428 443 
SCL #err deg : 2297 / 3200
SCL #err weighted degeneracy : 2260 2258 2243 2266 2288 2292 
degeneracy helps : 383 368 401 440 450 461 
degeneracy worse : 346 334 348 409 441 456 
SCL #err deg : 2370 / 3300
SCL #err weighted degeneracy : 2328 2326 2310 2336 2355 2362 
degeneracy helps : 400 384 418 456 469 479 
degeneracy worse : 358 345 359 422 454 471 
SCL #err deg : 2447 / 3400
SCL #err weighted degeneracy : 2404 2400 2387 2413 2434 2439 
degeneracy helps : 412 397 429 467 479 491 
degeneracy worse : 369 355 370 433 466 483 
SCL #err deg : 2512 / 3500
SCL #err weighted degeneracy : 2471 2468 2454 2481 2507 2515 
degeneracy helps : 422 406 439 479 490 501 
degeneracy worse : 381 367 382 448 485 504 
SCL #err deg : 2596 / 3600
SCL #err weighted degeneracy : 2551 2547 2533 2560 2585 2591 
degeneracy helps : 432 417 450 490 502 516 
degeneracy worse : 387 373 388 454 491 511 
SCL #err deg : 2662 / 3700
SCL #err weighted degeneracy : 2620 2617 2602 2629 2655 2665 
degeneracy helps : 442 425 460 501 515 529 
degeneracy worse : 400 385 401 468 508 532 
SCL #err deg : 2737 / 3800
SCL #err weighted degeneracy : 2696 2694 2678 2702 2730 2732 
degeneracy helps : 451 433 469 513 526 544 
degeneracy worse : 410 395 411 478 519 539 
SCL #err deg : 2807 / 3900
SCL #err weighted degeneracy : 2766 2763 2747 2768 2798 2802 
degeneracy helps : 461 443 480 529 541 559 
degeneracy worse : 420 404 421 490 532 554 
SCL #err deg : 2880 / 4000
SCL #err weighted degeneracy : 2829 2826 2809 2831 2862 2869 
degeneracy helps : 478 460 498 548 560 577 
degeneracy worse : 427 411 428 499 542 566 
SCL #err deg : 2945 / 4100
SCL #err weighted degeneracy : 2890 2888 2871 2898 2928 2936 
degeneracy helps : 496 478 516 563 576 595 
degeneracy worse : 441 426 443 516 559 586 
SCL #err deg : 3019 / 4200
SCL #err weighted degeneracy : 2960 2960 2940 2967 2999 3007 
degeneracy helps : 507 488 528 576 590 611 
degeneracy worse : 448 434 450 524 570 599 
SCL #err deg : 3090 / 4300
SCL #err weighted degeneracy : 3025 3026 3006 3034 3070 3076 
degeneracy helps : 525 505 546 595 605 627 
degeneracy worse : 460 446 463 539 585 613 
SCL #err deg : 3157 / 4400
SCL #err weighted degeneracy : 3098 3099 3078 3108 3146 3151 
degeneracy helps : 535 515 558 608 617 639 
degeneracy worse : 476 462 480 559 606 633 
SCL #err deg : 3232 / 4500
SCL #err weighted degeneracy : 3169 3171 3151 3185 3224 3231 
degeneracy helps : 550 530 572 621 629 650 
degeneracy worse : 487 474 492 574 621 649 
SCL #err deg : 3302 / 4600
SCL #err weighted degeneracy : 3236 3237 3219 3254 3294 3299 
degeneracy helps : 563 544 586 634 642 666 
degeneracy worse : 497 484 504 586 634 663 
SCL #err deg : 3376 / 4700
SCL #err weighted degeneracy : 3308 3310 3290 3327 3366 3369 
degeneracy helps : 575 555 599 648 657 682 
degeneracy worse : 507 494 514 599 647 675 
SCL #err deg : 3443 / 4800
SCL #err weighted degeneracy : 3385 3388 3367 3403 3440 3444 
degeneracy helps : 585 564 609 659 671 695 
degeneracy worse : 527 514 534 619 668 696 
SCL #err deg : 3512 / 4900
SCL #err weighted degeneracy : 3459 3461 3440 3472 3509 3514 
degeneracy helps : 593 572 618 673 686 709 
degeneracy worse : 540 526 547 633 683 711 
SCL #err deg : 3584 / 5000
SCL #err weighted degeneracy : 3536 3538 3517 3551 3590 3595 
degeneracy helps : 601 580 627 681 693 716 
degeneracy worse : 553 539 561 648 699 727 
SCL #err deg : 3662 / 5100
SCL #err weighted degeneracy : 3610 3612 3590 3627 3666 3666 
degeneracy helps : 611 590 638 691 704 733 
degeneracy worse : 559 545 567 656 708 737 
SCL #err deg : 3733 / 5200
SCL #err weighted degeneracy : 3686 3687 3665 3698 3735 3734 
degeneracy helps : 622 601 650 707 721 751 
degeneracy worse : 575 560 583 672 723 752 
SCL #err deg : 3802 / 5300
SCL #err weighted degeneracy : 3752 3754 3730 3762 3799 3802 
degeneracy helps : 634 612 663 723 737 768 
degeneracy worse : 584 569 592 683 734 768 
SCL #err deg : 3875 / 5400
SCL #err weighted degeneracy : 3819 3821 3797 3827 3866 3871 
degeneracy helps : 646 623 675 738 752 783 
degeneracy worse : 590 575 598 690 743 779 
SCL #err deg : 3946 / 5500
SCL #err weighted degeneracy : 3890 3893 3868 3894 3936 3942 
degeneracy helps : 658 633 687 755 769 800 
degeneracy worse : 602 586 610 703 759 796 
SCL #err deg : 4022 / 5600
SCL #err weighted degeneracy : 3963 3967 3942 3966 4010 4018 
degeneracy helps : 671 645 700 771 785 814 
degeneracy worse : 612 596 621 715 773 810 
SCL #err deg : 4099 / 5700
SCL #err weighted degeneracy : 4034 4040 4013 4037 4080 4088 
degeneracy helps : 688 660 717 787 803 831 
degeneracy worse : 623 607 632 725 784 820 
SCL #err deg : 4171 / 5800
SCL #err weighted degeneracy : 4103 4109 4083 4108 4149 4156 
degeneracy helps : 700 672 729 799 817 845 
degeneracy worse : 632 616 642 736 795 830 
SCL #err deg : 4240 / 5900
SCL #err weighted degeneracy : 4169 4175 4148 4177 4222 4229 
degeneracy helps : 714 686 744 813 830 858 
degeneracy worse : 643 627 653 750 812 847 
SCL #err deg : 4303 / 6000
SCL #err weighted degeneracy : 4234 4240 4210 4241 4289 4297 
degeneracy helps : 725 697 758 827 843 870 
degeneracy worse : 656 640 666 765 829 864 
SCL #err deg : 4379 / 6100
SCL #err weighted degeneracy : 4304 4310 4280 4307 4361 4370 
degeneracy helps : 738 710 771 846 859 885 
degeneracy worse : 663 647 673 774 841 876 
SCL #err deg : 4449 / 6200
SCL #err weighted degeneracy : 4367 4373 4344 4372 4430 4441 
degeneracy helps : 753 725 786 861 871 897 
degeneracy worse : 671 655 682 784 852 889 
SCL #err deg : 4526 / 6300
SCL #err weighted degeneracy : 4435 4442 4412 4439 4497 4510 
degeneracy helps : 769 740 802 878 888 914 
degeneracy worse : 678 662 689 791 859 898 
SCL #err deg : 4603 / 6400
SCL #err weighted degeneracy : 4511 4519 4490 4517 4575 4586 
degeneracy helps : 783 753 814 892 901 928 
degeneracy worse : 691 675 702 806 873 911 
SCL #err deg : 4675 / 6500
SCL #err weighted degeneracy : 4583 4591 4560 4590 4646 4655 
degeneracy helps : 792 762 825 902 914 943 
degeneracy worse : 700 684 711 817 885 923 
SCL #err deg : 4746 / 6600
SCL #err weighted degeneracy : 4646 4654 4623 4654 4707 4721 
degeneracy helps : 807 777 840 918 934 961 
degeneracy worse : 707 691 718 826 895 936 
SCL #err deg : 4819 / 6700
SCL #err weighted degeneracy : 4714 4722 4691 4724 4779 4792 
degeneracy helps : 819 789 853 931 946 975 
degeneracy worse : 714 698 726 836 906 948 
SCL #err deg : 4898 / 6800
SCL #err weighted degeneracy : 4787 4795 4764 4795 4848 4858 
degeneracy helps : 831 801 865 947 964 995 
degeneracy worse : 720 704 732 844 914 955 
SCL #err deg : 4967 / 6900
SCL #err weighted degeneracy : 4853 4862 4830 4860 4913 4923 
degeneracy helps : 847 816 881 965 982 1015 
degeneracy worse : 733 717 745 858 928 971 
SCL #err deg : 5040 / 7000
SCL #err weighted degeneracy : 4924 4932 4901 4936 4988 5002 
degeneracy helps : 861 829 896 977 995 1025 
degeneracy worse : 745 728 758 873 943 987 
SCL #err deg : 5117 / 7100
SCL #err weighted degeneracy : 4996 5004 4974 5008 5059 5074 
degeneracy helps : 872 840 907 990 1009 1040 
degeneracy worse : 751 734 765 881 951 997 
SCL #err deg : 5194 / 7200
SCL #err weighted degeneracy : 5066 5075 5046 5079 5132 5148 
degeneracy helps : 887 855 920 1006 1024 1054 
degeneracy worse : 759 743 773 891 962 1008 
SCL #err deg : 5270 / 7300
SCL #err weighted degeneracy : 5149 5158 5128 5162 5214 5228 
degeneracy helps : 896 864 929 1016 1036 1065 
degeneracy worse : 775 759 788 908 980 1023 
SCL #err deg : 5349 / 7400
SCL #err weighted degeneracy : 5228 5240 5206 5234 5285 5300 
degeneracy helps : 906 873 940 1031 1052 1079 
degeneracy worse : 785 771 798 916 988 1030 
SCL #err deg : 5427 / 7500
SCL #err weighted degeneracy : 5303 5316 5281 5311 5359 5373 
degeneracy helps : 916 884 950 1042 1066 1094 
degeneracy worse : 792 780 805 926 998 1040 
SCL #err deg : 5493 / 7600
SCL #err weighted degeneracy : 5373 5385 5352 5382 5428 5442 
degeneracy helps : 931 899 965 1058 1083 1111 
degeneracy worse : 811 798 825 947 1018 1060 
SCL #err deg : 5562 / 7700
SCL #err weighted degeneracy : 5454 5463 5433 5459 5507 5520 
degeneracy helps : 939 908 973 1067 1092 1122 
degeneracy worse : 831 816 845 964 1037 1080 
SCL #err deg : 5637 / 7800
SCL #err weighted degeneracy : 5517 5526 5497 5520 5570 5587 
degeneracy helps : 957 925 991 1088 1113 1141 
degeneracy worse : 837 821 852 971 1046 1091 
SCL #err deg : 5717 / 7900
SCL #err weighted degeneracy : 5590 5599 5570 5595 5645 5657 
degeneracy helps : 972 939 1007 1103 1127 1159 
degeneracy worse : 845 829 861 981 1055 1099 
SCL #err deg : 5789 / 8000
SCL #err weighted degeneracy : 5668 5676 5649 5672 5720 5733 
degeneracy helps : 978 945 1013 1112 1138 1170 
degeneracy worse : 857 840 874 995 1069 1114 
SCL #err deg : 5859 / 8100
SCL #err weighted degeneracy : 5740 5746 5720 5741 5784 5796 
degeneracy helps : 989 957 1025 1127 1156 1190 
degeneracy worse : 870 852 887 1009 1081 1127 
SCL #err deg : 5931 / 8200
SCL #err weighted degeneracy : 5810 5816 5790 5809 5851 5864 
degeneracy helps : 999 967 1035 1138 1168 1203 
degeneracy worse : 878 860 895 1016 1088 1136 
SCL #err deg : 6012 / 8300
SCL #err weighted degeneracy : 5890 5896 5868 5884 5926 5940 
degeneracy helps : 1010 978 1048 1153 1183 1218 
degeneracy worse : 888 870 905 1025 1097 1146 
SCL #err deg : 6090 / 8400
SCL #err weighted degeneracy : 5962 5968 5940 5958 6001 6015 
degeneracy helps : 1022 990 1060 1164 1194 1231 
degeneracy worse : 894 876 911 1032 1105 1156 
SCL #err deg : 6160 / 8500
SCL #err weighted degeneracy : 6042 6045 6019 6037 6080 6098 
degeneracy helps : 1031 1001 1069 1174 1204 1239 
degeneracy worse : 913 894 929 1051 1124 1177 
SCL #err deg : 6227 / 8600
SCL #err weighted degeneracy : 6110 6115 6087 6107 6147 6165 
degeneracy helps : 1040 1008 1079 1184 1218 1253 
degeneracy worse : 923 904 940 1064 1138 1191 
SCL #err deg : 6297 / 8700
SCL #err weighted degeneracy : 6181 6184 6156 6175 6216 6233 
degeneracy helps : 1055 1024 1096 1202 1235 1270 
degeneracy worse : 939 919 956 1080 1154 1206 
SCL #err deg : 6367 / 8800
SCL #err weighted degeneracy : 6252 6255 6226 6239 6279 6298 
degeneracy helps : 1067 1036 1108 1221 1255 1288 
degeneracy worse : 952 932 968 1093 1167 1219 
SCL #err deg : 6443 / 8900
SCL #err weighted degeneracy : 6318 6322 6293 6307 6345 6364 
degeneracy helps : 1084 1052 1125 1239 1275 1309 
degeneracy worse : 959 939 976 1103 1177 1230 
SCL #err deg : 6518 / 9000
SCL #err weighted degeneracy : 6387 6391 6361 6372 6414 6433 
degeneracy helps : 1100 1068 1142 1259 1292 1326 
degeneracy worse : 969 949 986 1113 1188 1241 
SCL #err deg : 6585 / 9100
SCL #err weighted degeneracy : 6457 6463 6429 6443 6484 6502 
degeneracy helps : 1110 1077 1154 1271 1306 1340 
degeneracy worse : 982 963 999 1129 1205 1257 
SCL #err deg : 6658 / 9200
SCL #err weighted degeneracy : 6525 6532 6496 6514 6561 6579 
degeneracy helps : 1119 1086 1164 1281 1314 1349 
degeneracy worse : 986 968 1003 1137 1217 1270 
SCL #err deg : 6739 / 9300
SCL #err weighted degeneracy : 6599 6606 6570 6593 6641 6663 
degeneracy helps : 1131 1098 1176 1291 1324 1357 
degeneracy worse : 991 973 1008 1145 1226 1281 
SCL #err deg : 6807 / 9400
SCL #err weighted degeneracy : 6664 6670 6635 6661 6710 6735 
degeneracy helps : 1146 1114 1191 1308 1340 1373 
degeneracy worse : 1003 985 1020 1162 1243 1301 
SCL #err deg : 6873 / 9500
SCL #err weighted degeneracy : 6731 6737 6702 6729 6776 6805 
degeneracy helps : 1156 1124 1201 1320 1354 1386 
degeneracy worse : 1014 996 1031 1176 1257 1318 
SCL #err deg : 6945 / 9600
SCL #err weighted degeneracy : 6796 6802 6767 6794 6844 6875 
degeneracy helps : 1175 1142 1220 1338 1371 1404 
degeneracy worse : 1026 1007 1043 1187 1270 1334 
SCL #err deg : 7017 / 9700
SCL #err weighted degeneracy : 6866 6873 6837 6867 6912 6945 
degeneracy helps : 1189 1155 1234 1353 1391 1423 
degeneracy worse : 1038 1019 1055 1203 1286 1351 
SCL #err deg : 7092 / 9800
SCL #err weighted degeneracy : 6940 6947 6912 6944 6989 7021 
degeneracy helps : 1204 1169 1249 1367 1405 1438 
degeneracy worse : 1052 1032 1070 1219 1302 1367 
SCL #err deg : 7157 / 9900
SCL #err weighted degeneracy : 7009 7016 6980 7014 7061 7096 
degeneracy helps : 1217 1182 1263 1380 1417 1449 
degeneracy worse : 1069 1049 1087 1237 1321 1388 
SCL #err deg : 7227 / 10000
SCL #err weighted degeneracy : 7077 7085 7048 7085 7135 7168 
degeneracy helps : 1232 1196 1278 1394 1431 1464 
degeneracy worse : 1082 1062 1100 1252 1339 1405 
average #flips: 25.5921
SCL #err considering degeneracy: 7227
error due to equal 87
error due to SCL smaller 7140
Finish in 1043 s
