Simulation Polar syndrome FASTER N=128, K=65, l=128, pz=0.08, #samples=10000, seed=87
HPW construction
Event generator random seed: 87
SCL #err deg : 16 / 100
SCL #err weighted degeneracy : 15 15 15 18 16 22 
degeneracy helps : 6 6 6 7 10 10 
degeneracy worse : 5 5 5 9 10 16 
SCL #err deg : 30 / 200
SCL #err weighted degeneracy : 27 27 27 34 34 44 
degeneracy helps : 10 10 10 12 16 16 
degeneracy worse : 7 7 7 16 20 30 
SCL #err deg : 46 / 300
SCL #err weighted degeneracy : 40 40 39 46 54 67 
degeneracy helps : 15 15 16 20 24 24 
degeneracy worse : 9 9 9 20 32 45 
SCL #err deg : 58 / 400
SCL #err weighted degeneracy : 51 51 50 58 72 87 
degeneracy helps : 22 22 23 27 31 31 
degeneracy worse : 15 15 15 27 45 60 
SCL #err deg : 70 / 500
SCL #err weighted degeneracy : 68 68 65 77 92 111 
degeneracy helps : 27 27 29 33 37 37 
degeneracy worse : 25 25 24 40 59 78 
SCL #err deg : 87 / 600
SCL #err weighted degeneracy : 79 79 76 94 117 138 
degeneracy helps : 36 36 39 43 47 47 
degeneracy worse : 28 28 28 50 77 98 
SCL #err deg : 101 / 700
SCL #err weighted degeneracy : 91 91 88 110 139 164 
degeneracy helps : 41 41 44 49 53 54 
degeneracy worse : 31 31 31 58 91 117 
SCL #err deg : 116 / 800
SCL #err weighted degeneracy : 105 105 103 124 155 185 
degeneracy helps : 45 45 48 55 59 59 
degeneracy worse : 34 34 35 63 98 128 
SCL #err deg : 129 / 900
SCL #err weighted degeneracy : 121 121 119 139 176 212 
degeneracy helps : 47 47 50 58 63 62 
degeneracy worse : 39 39 40 68 110 145 
SCL #err deg : 147 / 1000
SCL #err weighted degeneracy : 132 132 130 154 196 236 
degeneracy helps : 56 56 59 66 73 72 
degeneracy worse : 41 41 42 73 122 161 
SCL #err deg : 158 / 1100
SCL #err weighted degeneracy : 143 143 141 169 213 260 
degeneracy helps : 58 58 61 68 75 74 
degeneracy worse : 43 43 44 79 130 176 
SCL #err deg : 173 / 1200
SCL #err weighted degeneracy : 154 154 152 183 231 282 
degeneracy helps : 64 64 67 75 82 80 
degeneracy worse : 45 45 46 85 140 189 
SCL #err deg : 185 / 1300
SCL #err weighted degeneracy : 164 164 164 197 252 308 
degeneracy helps : 70 70 73 81 88 84 
degeneracy worse : 49 49 52 93 155 207 
SCL #err deg : 196 / 1400
SCL #err weighted degeneracy : 173 173 172 208 266 326 
degeneracy helps : 75 75 79 87 94 90 
degeneracy worse : 52 52 55 99 164 220 
SCL #err deg : 212 / 1500
SCL #err weighted degeneracy : 186 186 185 223 286 352 
degeneracy helps : 82 82 86 95 102 98 
degeneracy worse : 56 56 59 106 176 238 
SCL #err deg : 222 / 1600
SCL #err weighted degeneracy : 193 193 192 232 300 372 
degeneracy helps : 87 87 91 101 108 105 
degeneracy worse : 59 59 62 111 186 255 
SCL #err deg : 232 / 1700
SCL #err weighted degeneracy : 209 209 207 249 322 398 
degeneracy helps : 90 90 94 104 112 109 
degeneracy worse : 68 68 70 121 202 275 
SCL #err deg : 243 / 1800
SCL #err weighted degeneracy : 216 216 214 257 335 416 
degeneracy helps : 96 96 100 110 118 115 
degeneracy worse : 70 70 72 124 210 288 
SCL #err deg : 257 / 1900
SCL #err weighted degeneracy : 229 229 228 272 353 440 
degeneracy helps : 99 99 103 114 123 120 
degeneracy worse : 72 72 75 129 219 303 
SCL #err deg : 268 / 2000
SCL #err weighted degeneracy : 241 241 240 286 372 463 
degeneracy helps : 102 102 106 116 126 123 
degeneracy worse : 76 76 79 134 230 318 
SCL #err deg : 281 / 2100
SCL #err weighted degeneracy : 252 252 250 299 392 488 
degeneracy helps : 107 107 112 122 132 129 
degeneracy worse : 79 79 82 140 243 336 
SCL #err deg : 292 / 2200
SCL #err weighted degeneracy : 260 260 259 312 410 513 
degeneracy helps : 112 112 117 127 136 134 
degeneracy worse : 81 81 85 147 254 355 
SCL #err deg : 306 / 2300
SCL #err weighted degeneracy : 271 271 270 323 427 538 
degeneracy helps : 119 119 124 134 143 140 
degeneracy worse : 85 85 89 151 264 372 
SCL #err deg : 314 / 2400
SCL #err weighted degeneracy : 280 280 279 337 449 562 
degeneracy helps : 121 121 126 136 145 141 
degeneracy worse : 88 88 92 159 280 389 
SCL #err deg : 324 / 2500
SCL #err weighted degeneracy : 289 289 289 348 463 579 
degeneracy helps : 125 125 130 140 149 145 
degeneracy worse : 91 91 96 164 288 400 
SCL #err deg : 332 / 2600
SCL #err weighted degeneracy : 299 299 299 357 478 600 
degeneracy helps : 126 126 131 143 153 150 
degeneracy worse : 94 94 99 168 299 418 
SCL #err deg : 340 / 2700
SCL #err weighted degeneracy : 309 309 310 370 496 624 
degeneracy helps : 131 131 136 148 158 154 
degeneracy worse : 101 101 107 178 314 438 
SCL #err deg : 347 / 2800
SCL #err weighted degeneracy : 317 317 318 382 511 644 
degeneracy helps : 135 135 140 152 162 158 
degeneracy worse : 107 107 113 187 326 455 
SCL #err deg : 356 / 2900
SCL #err weighted degeneracy : 330 330 330 397 529 665 
degeneracy helps : 135 135 141 154 164 160 
degeneracy worse : 111 111 117 195 337 469 
SCL #err deg : 364 / 3000
SCL #err weighted degeneracy : 340 340 338 411 550 693 
degeneracy helps : 138 138 145 157 168 164 
degeneracy worse : 116 116 121 204 354 493 
SCL #err deg : 373 / 3100
SCL #err weighted degeneracy : 351 351 349 425 567 715 
degeneracy helps : 141 141 148 160 172 168 
degeneracy worse : 121 121 126 212 366 510 
SCL #err deg : 382 / 3200
SCL #err weighted degeneracy : 360 360 359 435 580 732 
degeneracy helps : 147 147 154 166 179 174 
degeneracy worse : 127 127 133 219 377 524 
SCL #err deg : 397 / 3300
SCL #err weighted degeneracy : 375 375 374 447 597 756 
degeneracy helps : 150 150 157 171 184 178 
degeneracy worse : 130 130 136 221 384 537 
SCL #err deg : 409 / 3400
SCL #err weighted degeneracy : 387 387 386 465 621 784 
degeneracy helps : 154 154 161 174 188 182 
degeneracy worse : 134 134 140 230 400 557 
SCL #err deg : 422 / 3500
SCL #err weighted degeneracy : 401 401 401 481 644 810 
degeneracy helps : 156 156 163 177 191 185 
degeneracy worse : 137 137 144 236 413 573 
SCL #err deg : 440 / 3600
SCL #err weighted degeneracy : 414 414 414 495 663 834 
degeneracy helps : 164 164 171 187 201 195 
degeneracy worse : 140 140 147 242 424 589 
SCL #err deg : 455 / 3700
SCL #err weighted degeneracy : 423 423 422 506 678 853 
degeneracy helps : 171 171 179 195 210 204 
degeneracy worse : 141 141 148 246 433 602 
SCL #err deg : 467 / 3800
SCL #err weighted degeneracy : 435 435 434 520 697 876 
degeneracy helps : 175 175 183 201 217 211 
degeneracy worse : 145 145 152 254 447 620 
SCL #err deg : 470 / 3900
SCL #err weighted degeneracy : 441 441 441 531 715 894 
degeneracy helps : 177 177 184 202 218 213 
degeneracy worse : 150 150 157 263 463 637 
SCL #err deg : 479 / 4000
SCL #err weighted degeneracy : 451 451 450 542 731 916 
degeneracy helps : 183 183 191 209 225 218 
degeneracy worse : 157 157 164 272 477 655 
SCL #err deg : 492 / 4100
SCL #err weighted degeneracy : 465 465 465 558 760 950 
degeneracy helps : 186 186 194 214 230 222 
degeneracy worse : 161 161 169 280 498 680 
SCL #err deg : 500 / 4200
SCL #err weighted degeneracy : 473 473 474 570 778 975 
degeneracy helps : 188 188 195 215 231 223 
degeneracy worse : 163 163 171 285 509 698 
SCL #err deg : 507 / 4300
SCL #err weighted degeneracy : 479 479 480 577 790 993 
degeneracy helps : 190 190 197 217 233 225 
degeneracy worse : 164 164 172 287 516 711 
SCL #err deg : 517 / 4400
SCL #err weighted degeneracy : 490 490 491 591 810 1019 
degeneracy helps : 192 192 200 220 236 228 
degeneracy worse : 168 168 176 294 529 730 
SCL #err deg : 526 / 4500
SCL #err weighted degeneracy : 503 503 504 608 830 1043 
degeneracy helps : 192 192 200 220 237 229 
degeneracy worse : 172 172 180 302 541 746 
SCL #err deg : 535 / 4600
SCL #err weighted degeneracy : 513 513 514 618 844 1062 
degeneracy helps : 196 196 204 225 242 234 
degeneracy worse : 177 177 185 308 551 761 
SCL #err deg : 548 / 4700
SCL #err weighted degeneracy : 522 522 523 631 861 1086 
degeneracy helps : 202 202 210 231 248 239 
degeneracy worse : 180 180 188 314 561 777 
SCL #err deg : 557 / 4800
SCL #err weighted degeneracy : 528 528 529 638 875 1105 
degeneracy helps : 207 207 215 236 253 244 
degeneracy worse : 182 182 190 317 571 792 
SCL #err deg : 571 / 4900
SCL #err weighted degeneracy : 539 539 539 648 889 1123 
degeneracy helps : 212 212 221 245 261 252 
degeneracy worse : 184 184 192 322 579 804 
SCL #err deg : 584 / 5000
SCL #err weighted degeneracy : 547 547 547 659 904 1141 
degeneracy helps : 220 220 229 253 269 260 
degeneracy worse : 187 187 195 328 589 817 
SCL #err deg : 604 / 5100
SCL #err weighted degeneracy : 564 564 564 677 928 1169 
degeneracy helps : 228 228 237 261 276 267 
degeneracy worse : 192 192 200 334 600 832 
SCL #err deg : 616 / 5200
SCL #err weighted degeneracy : 578 578 578 693 947 1196 
degeneracy helps : 232 232 241 264 279 271 
degeneracy worse : 198 198 206 341 610 851 
SCL #err deg : 625 / 5300
SCL #err weighted degeneracy : 591 591 591 711 966 1217 
degeneracy helps : 236 236 245 266 282 274 
degeneracy worse : 206 206 214 352 623 866 
SCL #err deg : 635 / 5400
SCL #err weighted degeneracy : 600 600 600 722 981 1237 
degeneracy helps : 242 242 251 272 288 280 
degeneracy worse : 211 211 219 359 634 882 
SCL #err deg : 646 / 5500
SCL #err weighted degeneracy : 611 611 611 736 998 1260 
degeneracy helps : 244 244 253 274 291 283 
degeneracy worse : 213 213 221 364 643 897 
SCL #err deg : 652 / 5600
SCL #err weighted degeneracy : 616 616 616 742 1011 1274 
degeneracy helps : 246 246 255 276 292 285 
degeneracy worse : 214 214 222 366 651 907 
SCL #err deg : 668 / 5700
SCL #err weighted degeneracy : 627 627 626 756 1029 1298 
degeneracy helps : 253 253 262 282 298 291 
degeneracy worse : 216 216 223 370 659 921 
SCL #err deg : 679 / 5800
SCL #err weighted degeneracy : 641 641 641 773 1051 1324 
degeneracy helps : 259 259 268 288 304 297 
degeneracy worse : 225 225 233 382 676 942 
SCL #err deg : 695 / 5900
SCL #err weighted degeneracy : 654 654 654 788 1072 1347 
degeneracy helps : 267 267 276 296 312 305 
degeneracy worse : 230 230 238 389 689 957 
SCL #err deg : 710 / 6000
SCL #err weighted degeneracy : 665 665 666 802 1089 1370 
degeneracy helps : 275 275 284 305 322 315 
degeneracy worse : 234 234 243 397 701 975 
SCL #err deg : 723 / 6100
SCL #err weighted degeneracy : 676 676 676 814 1105 1393 
degeneracy helps : 283 283 292 313 330 323 
degeneracy worse : 240 240 248 404 712 993 
SCL #err deg : 740 / 6200
SCL #err weighted degeneracy : 688 688 687 828 1123 1413 
degeneracy helps : 292 292 301 322 339 332 
degeneracy worse : 244 244 251 410 722 1005 
SCL #err deg : 752 / 6300
SCL #err weighted degeneracy : 698 698 697 841 1143 1434 
degeneracy helps : 297 297 306 326 343 336 
degeneracy worse : 247 247 254 415 734 1018 
SCL #err deg : 763 / 6400
SCL #err weighted degeneracy : 710 710 709 852 1163 1456 
degeneracy helps : 301 301 310 331 347 342 
degeneracy worse : 252 252 259 420 747 1035 
SCL #err deg : 777 / 6500
SCL #err weighted degeneracy : 720 720 720 865 1180 1479 
degeneracy helps : 307 307 316 340 356 351 
degeneracy worse : 254 254 262 428 759 1053 
SCL #err deg : 791 / 6600
SCL #err weighted degeneracy : 735 735 736 883 1202 1509 
degeneracy helps : 309 309 318 343 359 354 
degeneracy worse : 257 257 266 435 770 1072 
SCL #err deg : 800 / 6700
SCL #err weighted degeneracy : 744 744 748 899 1219 1530 
degeneracy helps : 314 314 322 347 363 358 
degeneracy worse : 262 262 273 446 782 1088 
SCL #err deg : 812 / 6800
SCL #err weighted degeneracy : 758 758 762 915 1241 1554 
degeneracy helps : 316 316 324 351 367 364 
degeneracy worse : 267 267 278 454 796 1106 
SCL #err deg : 829 / 6900
SCL #err weighted degeneracy : 769 769 775 933 1265 1585 
degeneracy helps : 322 322 329 357 372 370 
degeneracy worse : 268 268 280 461 808 1126 
SCL #err deg : 844 / 7000
SCL #err weighted degeneracy : 782 782 788 947 1283 1608 
degeneracy helps : 327 327 334 364 380 378 
degeneracy worse : 271 271 283 467 819 1142 
SCL #err deg : 865 / 7100
SCL #err weighted degeneracy : 801 801 807 966 1304 1636 
degeneracy helps : 332 332 339 370 386 384 
degeneracy worse : 274 274 286 471 825 1155 
SCL #err deg : 879 / 7200
SCL #err weighted degeneracy : 814 814 820 981 1320 1661 
degeneracy helps : 338 338 345 376 392 390 
degeneracy worse : 279 279 291 478 833 1172 
SCL #err deg : 887 / 7300
SCL #err weighted degeneracy : 826 826 832 995 1343 1688 
degeneracy helps : 340 340 347 378 394 392 
degeneracy worse : 285 285 297 486 850 1193 
SCL #err deg : 904 / 7400
SCL #err weighted degeneracy : 839 839 844 1008 1359 1706 
degeneracy helps : 345 345 353 384 402 401 
degeneracy worse : 286 286 298 488 857 1203 
SCL #err deg : 913 / 7500
SCL #err weighted degeneracy : 847 847 852 1019 1372 1725 
degeneracy helps : 350 350 358 389 409 407 
degeneracy worse : 290 290 302 495 868 1219 
SCL #err deg : 921 / 7600
SCL #err weighted degeneracy : 854 854 860 1029 1389 1745 
degeneracy helps : 355 355 363 393 413 411 
degeneracy worse : 294 294 307 501 881 1235 
SCL #err deg : 936 / 7700
SCL #err weighted degeneracy : 866 866 873 1045 1409 1772 
degeneracy helps : 360 360 368 398 418 416 
degeneracy worse : 296 296 310 507 891 1252 
SCL #err deg : 944 / 7800
SCL #err weighted degeneracy : 873 873 882 1054 1422 1791 
degeneracy helps : 364 364 372 402 422 420 
degeneracy worse : 299 299 315 512 900 1267 
SCL #err deg : 959 / 7900
SCL #err weighted degeneracy : 889 889 898 1072 1442 1817 
degeneracy helps : 369 369 377 407 428 427 
degeneracy worse : 305 305 321 520 911 1285 
SCL #err deg : 971 / 8000
SCL #err weighted degeneracy : 905 905 914 1089 1461 1841 
degeneracy helps : 371 371 379 409 430 429 
degeneracy worse : 311 311 327 527 920 1299 
SCL #err deg : 989 / 8100
SCL #err weighted degeneracy : 917 917 926 1103 1479 1862 
degeneracy helps : 378 378 386 416 435 434 
degeneracy worse : 312 312 328 530 925 1307 
SCL #err deg : 1003 / 8200
SCL #err weighted degeneracy : 932 932 941 1121 1499 1887 
degeneracy helps : 382 382 390 420 439 438 
degeneracy worse : 317 317 333 538 935 1322 
SCL #err deg : 1014 / 8300
SCL #err weighted degeneracy : 944 944 953 1134 1516 1910 
degeneracy helps : 385 385 393 424 443 441 
degeneracy worse : 321 321 337 544 945 1337 
SCL #err deg : 1028 / 8400
SCL #err weighted degeneracy : 955 955 964 1146 1530 1928 
degeneracy helps : 391 391 399 430 450 450 
degeneracy worse : 324 324 340 548 952 1350 
SCL #err deg : 1044 / 8500
SCL #err weighted degeneracy : 976 976 986 1169 1557 1962 
degeneracy helps : 394 394 402 433 453 453 
degeneracy worse : 332 332 349 558 966 1371 
SCL #err deg : 1055 / 8600
SCL #err weighted degeneracy : 985 985 994 1178 1568 1978 
degeneracy helps : 399 399 407 437 457 457 
degeneracy worse : 335 335 351 560 970 1380 
SCL #err deg : 1065 / 8700
SCL #err weighted degeneracy : 997 997 1007 1195 1593 2011 
degeneracy helps : 402 402 409 440 460 460 
degeneracy worse : 340 340 356 570 988 1406 
SCL #err deg : 1077 / 8800
SCL #err weighted degeneracy : 1005 1005 1015 1203 1603 2028 
degeneracy helps : 407 407 414 448 469 469 
degeneracy worse : 341 341 357 574 995 1420 
SCL #err deg : 1091 / 8900
SCL #err weighted degeneracy : 1020 1020 1029 1217 1627 2057 
degeneracy helps : 409 409 417 452 473 473 
degeneracy worse : 344 344 360 578 1009 1439 
SCL #err deg : 1098 / 9000
SCL #err weighted degeneracy : 1029 1029 1038 1227 1639 2073 
degeneracy helps : 411 411 419 455 476 476 
degeneracy worse : 348 348 364 584 1017 1451 
SCL #err deg : 1112 / 9100
SCL #err weighted degeneracy : 1035 1035 1044 1235 1650 2087 
degeneracy helps : 421 421 429 465 486 485 
degeneracy worse : 350 350 366 588 1024 1460 
SCL #err deg : 1126 / 9200
SCL #err weighted degeneracy : 1050 1050 1060 1251 1669 2117 
degeneracy helps : 426 426 434 471 492 490 
degeneracy worse : 356 356 373 596 1035 1481 
SCL #err deg : 1137 / 9300
SCL #err weighted degeneracy : 1062 1062 1071 1264 1688 2139 
degeneracy helps : 430 430 439 476 497 495 
degeneracy worse : 361 361 378 603 1048 1497 
SCL #err deg : 1147 / 9400
SCL #err weighted degeneracy : 1074 1074 1084 1280 1712 2168 
degeneracy helps : 431 431 440 477 498 496 
degeneracy worse : 364 364 382 610 1063 1517 
SCL #err deg : 1157 / 9500
SCL #err weighted degeneracy : 1080 1080 1091 1291 1728 2188 
degeneracy helps : 436 436 446 482 503 501 
degeneracy worse : 366 366 385 616 1074 1532 
SCL #err deg : 1168 / 9600
SCL #err weighted degeneracy : 1088 1088 1099 1304 1743 2207 
degeneracy helps : 439 439 449 486 508 506 
degeneracy worse : 366 366 385 622 1083 1545 
SCL #err deg : 1177 / 9700
SCL #err weighted degeneracy : 1096 1096 1108 1315 1762 2230 
degeneracy helps : 441 441 450 487 509 507 
degeneracy worse : 367 367 386 625 1094 1560 
SCL #err deg : 1189 / 9800
SCL #err weighted degeneracy : 1112 1112 1124 1330 1782 2257 
degeneracy helps : 445 445 454 493 515 513 
degeneracy worse : 375 375 394 634 1108 1581 
SCL #err deg : 1200 / 9900
SCL #err weighted degeneracy : 1124 1124 1134 1344 1801 2287 
degeneracy helps : 448 448 458 496 518 516 
degeneracy worse : 379 379 397 640 1119 1603 
SCL #err deg : 1212 / 10000
SCL #err weighted degeneracy : 1130 1130 1141 1353 1813 2305 
degeneracy helps : 454 454 463 501 524 521 
degeneracy worse : 379 379 397 642 1125 1614 
average #flips: 10.2489
SCL #err considering degeneracy: 1212
error due to equal 811
error due to SCL smaller 401
Finish in 1168 s
