Simulation Polar syndrome FASTER N=1024, K=513, l=128, pz=0.103, #samples=10000, seed=37
PW construction
Event generator random seed: 37
SCL #err deg : 28 / 100
SCL #err weighted degeneracy : 25 25 22 22 22 20 
degeneracy helps : 4 4 7 8 8 9 
degeneracy worse : 1 1 1 2 2 1 
SCL #err deg : 54 / 200
SCL #err weighted degeneracy : 49 49 47 45 45 44 
degeneracy helps : 11 11 14 15 15 16 
degeneracy worse : 6 6 7 6 6 6 
SCL #err deg : 74 / 300
SCL #err weighted degeneracy : 64 64 66 63 62 60 
degeneracy helps : 20 20 20 22 22 24 
degeneracy worse : 10 10 12 11 10 10 
SCL #err deg : 95 / 400
SCL #err weighted degeneracy : 80 80 85 81 80 79 
degeneracy helps : 28 28 27 31 32 33 
degeneracy worse : 13 13 17 17 17 17 
SCL #err deg : 119 / 500
SCL #err weighted degeneracy : 97 97 102 98 97 96 
degeneracy helps : 35 35 34 40 41 41 
degeneracy worse : 13 13 17 19 19 18 
SCL #err deg : 142 / 600
SCL #err weighted degeneracy : 114 114 118 115 114 117 
degeneracy helps : 44 44 43 48 49 48 
degeneracy worse : 16 16 19 21 21 23 
SCL #err deg : 166 / 700
SCL #err weighted degeneracy : 135 135 139 136 134 136 
degeneracy helps : 51 51 50 56 58 58 
degeneracy worse : 20 20 23 26 26 28 
SCL #err deg : 186 / 800
SCL #err weighted degeneracy : 156 156 161 159 157 159 
degeneracy helps : 55 55 54 59 61 61 
degeneracy worse : 25 25 29 32 32 34 
SCL #err deg : 214 / 900
SCL #err weighted degeneracy : 182 182 187 183 181 185 
degeneracy helps : 61 61 61 68 70 69 
degeneracy worse : 29 29 34 37 37 40 
SCL #err deg : 240 / 1000
SCL #err weighted degeneracy : 206 207 212 207 205 208 
degeneracy helps : 68 67 68 75 77 77 
degeneracy worse : 34 34 40 42 42 45 
SCL #err deg : 265 / 1100
SCL #err weighted degeneracy : 225 226 230 226 224 230 
degeneracy helps : 74 73 75 81 83 82 
degeneracy worse : 34 34 40 42 42 47 
SCL #err deg : 277 / 1200
SCL #err weighted degeneracy : 240 241 244 241 238 243 
degeneracy helps : 75 74 77 83 86 85 
degeneracy worse : 38 38 44 47 47 51 
SCL #err deg : 294 / 1300
SCL #err weighted degeneracy : 254 255 258 253 251 258 
degeneracy helps : 80 79 82 90 93 91 
degeneracy worse : 40 40 46 49 50 55 
SCL #err deg : 316 / 1400
SCL #err weighted degeneracy : 274 275 278 275 275 279 
degeneracy helps : 86 85 88 95 98 99 
degeneracy worse : 44 44 50 54 57 62 
SCL #err deg : 340 / 1500
SCL #err weighted degeneracy : 299 300 301 298 298 302 
degeneracy helps : 88 87 91 99 102 103 
degeneracy worse : 47 47 52 57 60 65 
SCL #err deg : 364 / 1600
SCL #err weighted degeneracy : 319 321 321 318 319 325 
degeneracy helps : 95 93 99 106 108 107 
degeneracy worse : 50 50 56 60 63 68 
SCL #err deg : 393 / 1700
SCL #err weighted degeneracy : 347 349 349 344 345 349 
degeneracy helps : 99 97 104 112 114 114 
degeneracy worse : 53 53 60 63 66 70 
SCL #err deg : 416 / 1800
SCL #err weighted degeneracy : 368 370 369 367 369 374 
degeneracy helps : 102 100 108 116 118 117 
degeneracy worse : 54 54 61 67 71 75 
SCL #err deg : 443 / 1900
SCL #err weighted degeneracy : 390 392 389 388 390 395 
degeneracy helps : 109 107 116 123 125 124 
degeneracy worse : 56 56 62 68 72 76 
SCL #err deg : 469 / 2000
SCL #err weighted degeneracy : 415 417 414 413 415 420 
degeneracy helps : 114 112 121 128 131 130 
degeneracy worse : 60 60 66 72 77 81 
SCL #err deg : 493 / 2100
SCL #err weighted degeneracy : 436 438 433 434 434 440 
degeneracy helps : 120 118 128 134 139 138 
degeneracy worse : 63 63 68 75 80 85 
SCL #err deg : 519 / 2200
SCL #err weighted degeneracy : 454 455 453 453 454 465 
degeneracy helps : 130 129 137 143 147 143 
degeneracy worse : 65 65 71 77 82 89 
SCL #err deg : 540 / 2300
SCL #err weighted degeneracy : 474 475 470 469 472 483 
degeneracy helps : 135 134 144 151 154 150 
degeneracy worse : 69 69 74 80 86 93 
SCL #err deg : 556 / 2400
SCL #err weighted degeneracy : 491 491 486 487 490 503 
degeneracy helps : 140 139 149 154 157 152 
degeneracy worse : 75 74 79 85 91 99 
SCL #err deg : 581 / 2500
SCL #err weighted degeneracy : 516 516 510 512 515 530 
degeneracy helps : 147 146 157 161 164 158 
degeneracy worse : 82 81 86 92 98 107 
SCL #err deg : 607 / 2600
SCL #err weighted degeneracy : 538 539 533 534 537 553 
degeneracy helps : 154 152 164 168 171 165 
degeneracy worse : 85 84 90 95 101 111 
SCL #err deg : 625 / 2700
SCL #err weighted degeneracy : 560 561 551 552 555 571 
degeneracy helps : 158 156 170 174 177 171 
degeneracy worse : 93 92 96 101 107 117 
SCL #err deg : 637 / 2800
SCL #err weighted degeneracy : 569 569 561 563 565 583 
degeneracy helps : 163 161 174 177 180 173 
degeneracy worse : 95 93 98 103 108 119 
SCL #err deg : 652 / 2900
SCL #err weighted degeneracy : 586 586 577 580 583 601 
degeneracy helps : 164 162 175 178 181 174 
degeneracy worse : 98 96 100 106 112 123 
SCL #err deg : 676 / 3000
SCL #err weighted degeneracy : 610 610 600 603 604 623 
degeneracy helps : 168 166 180 184 188 180 
degeneracy worse : 102 100 104 111 116 127 
SCL #err deg : 697 / 3100
SCL #err weighted degeneracy : 627 627 618 622 625 645 
degeneracy helps : 173 171 185 189 192 183 
degeneracy worse : 103 101 106 114 120 131 
SCL #err deg : 718 / 3200
SCL #err weighted degeneracy : 651 651 644 647 650 670 
degeneracy helps : 175 173 188 192 195 186 
degeneracy worse : 108 106 114 121 127 138 
SCL #err deg : 737 / 3300
SCL #err weighted degeneracy : 670 670 662 665 668 687 
degeneracy helps : 178 176 191 195 198 190 
degeneracy worse : 111 109 116 123 129 140 
SCL #err deg : 758 / 3400
SCL #err weighted degeneracy : 690 690 682 685 691 710 
degeneracy helps : 183 181 197 202 204 195 
degeneracy worse : 115 113 121 129 137 147 
SCL #err deg : 780 / 3500
SCL #err weighted degeneracy : 713 713 703 707 713 732 
degeneracy helps : 187 185 202 207 209 199 
degeneracy worse : 120 118 125 134 142 151 
SCL #err deg : 807 / 3600
SCL #err weighted degeneracy : 738 738 727 732 739 758 
degeneracy helps : 193 191 208 212 214 204 
degeneracy worse : 124 122 128 137 146 155 
SCL #err deg : 828 / 3700
SCL #err weighted degeneracy : 752 752 741 748 757 777 
degeneracy helps : 201 199 217 220 221 210 
degeneracy worse : 125 123 130 140 150 159 
SCL #err deg : 847 / 3800
SCL #err weighted degeneracy : 772 772 760 767 775 796 
degeneracy helps : 206 204 224 227 228 216 
degeneracy worse : 131 129 137 147 156 165 
SCL #err deg : 880 / 3900
SCL #err weighted degeneracy : 795 795 784 793 802 824 
degeneracy helps : 216 214 233 235 235 223 
degeneracy worse : 131 129 137 148 157 167 
SCL #err deg : 903 / 4000
SCL #err weighted degeneracy : 816 817 806 816 825 848 
degeneracy helps : 223 220 240 242 242 229 
degeneracy worse : 136 134 143 155 164 174 
SCL #err deg : 920 / 4100
SCL #err weighted degeneracy : 830 832 822 834 843 866 
degeneracy helps : 226 222 243 245 245 232 
degeneracy worse : 136 134 145 159 168 178 
SCL #err deg : 949 / 4200
SCL #err weighted degeneracy : 856 858 846 858 868 894 
degeneracy helps : 231 227 250 252 252 238 
degeneracy worse : 138 136 147 161 171 183 
SCL #err deg : 968 / 4300
SCL #err weighted degeneracy : 871 873 865 877 889 915 
degeneracy helps : 236 232 253 256 256 242 
degeneracy worse : 139 137 150 165 177 189 
SCL #err deg : 990 / 4400
SCL #err weighted degeneracy : 890 892 885 896 908 935 
degeneracy helps : 241 237 258 262 262 248 
degeneracy worse : 141 139 153 168 180 193 
SCL #err deg : 1021 / 4500
SCL #err weighted degeneracy : 915 917 910 921 933 959 
degeneracy helps : 248 244 266 270 270 258 
degeneracy worse : 142 140 155 170 182 196 
SCL #err deg : 1045 / 4600
SCL #err weighted degeneracy : 937 938 931 942 954 979 
degeneracy helps : 254 250 273 278 278 267 
degeneracy worse : 146 143 159 175 187 201 
SCL #err deg : 1073 / 4700
SCL #err weighted degeneracy : 959 960 952 962 975 1003 
degeneracy helps : 260 256 281 287 287 274 
degeneracy worse : 146 143 160 176 189 204 
SCL #err deg : 1102 / 4800
SCL #err weighted degeneracy : 989 990 982 992 1006 1034 
degeneracy helps : 266 262 287 292 292 280 
degeneracy worse : 153 150 167 182 196 212 
SCL #err deg : 1122 / 4900
SCL #err weighted degeneracy : 1007 1008 999 1010 1024 1053 
degeneracy helps : 273 269 295 299 298 286 
degeneracy worse : 158 155 172 187 200 217 
SCL #err deg : 1142 / 5000
SCL #err weighted degeneracy : 1024 1025 1018 1027 1040 1069 
degeneracy helps : 277 273 298 304 304 292 
degeneracy worse : 159 156 174 189 202 219 
SCL #err deg : 1168 / 5100
SCL #err weighted degeneracy : 1047 1048 1041 1051 1064 1094 
degeneracy helps : 283 279 304 310 310 297 
degeneracy worse : 162 159 177 193 206 223 
SCL #err deg : 1189 / 5200
SCL #err weighted degeneracy : 1063 1064 1058 1070 1083 1114 
degeneracy helps : 290 286 311 316 317 303 
degeneracy worse : 164 161 180 197 211 228 
SCL #err deg : 1221 / 5300
SCL #err weighted degeneracy : 1093 1094 1087 1100 1114 1144 
degeneracy helps : 296 292 317 321 322 308 
degeneracy worse : 168 165 183 200 215 231 
SCL #err deg : 1247 / 5400
SCL #err weighted degeneracy : 1115 1116 1111 1124 1139 1170 
degeneracy helps : 301 297 322 326 326 312 
degeneracy worse : 169 166 186 203 218 235 
SCL #err deg : 1274 / 5500
SCL #err weighted degeneracy : 1139 1140 1132 1145 1159 1191 
degeneracy helps : 305 301 329 333 333 319 
degeneracy worse : 170 167 187 204 218 236 
SCL #err deg : 1297 / 5600
SCL #err weighted degeneracy : 1156 1157 1149 1162 1175 1206 
degeneracy helps : 311 307 335 339 340 327 
degeneracy worse : 170 167 187 204 218 236 
SCL #err deg : 1316 / 5700
SCL #err weighted degeneracy : 1176 1177 1165 1179 1193 1225 
degeneracy helps : 313 309 339 343 343 330 
degeneracy worse : 173 170 188 206 220 239 
SCL #err deg : 1333 / 5800
SCL #err weighted degeneracy : 1193 1194 1181 1195 1206 1238 
degeneracy helps : 316 312 343 347 348 335 
degeneracy worse : 176 173 191 209 221 240 
SCL #err deg : 1362 / 5900
SCL #err weighted degeneracy : 1219 1220 1207 1221 1233 1265 
degeneracy helps : 323 319 349 353 353 340 
degeneracy worse : 180 177 194 212 224 243 
SCL #err deg : 1390 / 6000
SCL #err weighted degeneracy : 1243 1244 1230 1243 1255 1288 
degeneracy helps : 329 325 355 359 359 345 
degeneracy worse : 182 179 195 212 224 243 
SCL #err deg : 1417 / 6100
SCL #err weighted degeneracy : 1271 1272 1255 1269 1281 1314 
degeneracy helps : 332 328 360 364 365 351 
degeneracy worse : 186 183 198 216 229 248 
SCL #err deg : 1445 / 6200
SCL #err weighted degeneracy : 1296 1297 1280 1294 1308 1341 
degeneracy helps : 337 333 366 370 370 356 
degeneracy worse : 188 185 201 219 233 252 
SCL #err deg : 1465 / 6300
SCL #err weighted degeneracy : 1315 1316 1299 1315 1329 1361 
degeneracy helps : 343 339 372 376 376 361 
degeneracy worse : 193 190 206 226 240 257 
SCL #err deg : 1482 / 6400
SCL #err weighted degeneracy : 1332 1333 1318 1336 1350 1382 
degeneracy helps : 347 343 375 379 379 364 
degeneracy worse : 197 194 211 233 247 264 
SCL #err deg : 1499 / 6500
SCL #err weighted degeneracy : 1346 1347 1332 1351 1364 1398 
degeneracy helps : 351 347 380 384 385 369 
degeneracy worse : 198 195 213 236 250 268 
SCL #err deg : 1512 / 6600
SCL #err weighted degeneracy : 1357 1358 1343 1363 1377 1411 
degeneracy helps : 354 350 383 387 388 372 
degeneracy worse : 199 196 214 238 253 271 
SCL #err deg : 1529 / 6700
SCL #err weighted degeneracy : 1373 1375 1359 1379 1393 1429 
degeneracy helps : 359 354 389 394 395 378 
degeneracy worse : 203 200 219 244 259 278 
SCL #err deg : 1555 / 6800
SCL #err weighted degeneracy : 1400 1402 1385 1406 1421 1457 
degeneracy helps : 361 356 392 397 398 381 
degeneracy worse : 206 203 222 248 264 283 
SCL #err deg : 1577 / 6900
SCL #err weighted degeneracy : 1426 1429 1412 1433 1448 1483 
degeneracy helps : 363 357 394 399 400 383 
degeneracy worse : 212 209 229 255 271 289 
SCL #err deg : 1609 / 7000
SCL #err weighted degeneracy : 1453 1456 1438 1459 1476 1510 
degeneracy helps : 370 364 402 407 406 390 
degeneracy worse : 214 211 231 257 273 291 
SCL #err deg : 1630 / 7100
SCL #err weighted degeneracy : 1471 1474 1455 1478 1496 1531 
degeneracy helps : 375 369 408 412 411 394 
degeneracy worse : 216 213 233 260 277 295 
SCL #err deg : 1653 / 7200
SCL #err weighted degeneracy : 1485 1488 1470 1495 1512 1547 
degeneracy helps : 384 378 417 420 420 403 
degeneracy worse : 216 213 234 262 279 297 
SCL #err deg : 1673 / 7300
SCL #err weighted degeneracy : 1506 1509 1492 1517 1534 1569 
degeneracy helps : 389 383 422 425 425 408 
degeneracy worse : 222 219 241 269 286 304 
SCL #err deg : 1694 / 7400
SCL #err weighted degeneracy : 1525 1528 1510 1538 1554 1589 
degeneracy helps : 395 389 429 431 431 414 
degeneracy worse : 226 223 245 275 291 309 
SCL #err deg : 1723 / 7500
SCL #err weighted degeneracy : 1550 1553 1535 1563 1579 1617 
degeneracy helps : 403 397 439 440 440 420 
degeneracy worse : 230 227 251 280 296 314 
SCL #err deg : 1743 / 7600
SCL #err weighted degeneracy : 1570 1573 1556 1585 1599 1640 
degeneracy helps : 405 399 441 442 444 422 
degeneracy worse : 232 229 254 284 300 319 
SCL #err deg : 1770 / 7700
SCL #err weighted degeneracy : 1589 1592 1576 1608 1624 1667 
degeneracy helps : 413 407 448 449 450 427 
degeneracy worse : 232 229 254 287 304 324 
SCL #err deg : 1788 / 7800
SCL #err weighted degeneracy : 1606 1609 1593 1626 1643 1685 
degeneracy helps : 416 410 451 452 453 431 
degeneracy worse : 234 231 256 290 308 328 
SCL #err deg : 1813 / 7900
SCL #err weighted degeneracy : 1627 1630 1611 1645 1662 1704 
degeneracy helps : 421 415 459 460 461 440 
degeneracy worse : 235 232 257 292 310 331 
SCL #err deg : 1837 / 8000
SCL #err weighted degeneracy : 1649 1653 1633 1667 1682 1724 
degeneracy helps : 425 418 463 465 467 446 
degeneracy worse : 237 234 259 295 312 333 
SCL #err deg : 1858 / 8100
SCL #err weighted degeneracy : 1670 1675 1653 1689 1704 1746 
degeneracy helps : 427 419 466 467 469 449 
degeneracy worse : 239 236 261 298 315 337 
SCL #err deg : 1883 / 8200
SCL #err weighted degeneracy : 1687 1692 1671 1709 1723 1765 
degeneracy helps : 435 427 473 474 477 457 
degeneracy worse : 239 236 261 300 317 339 
SCL #err deg : 1906 / 8300
SCL #err weighted degeneracy : 1707 1712 1691 1729 1744 1785 
degeneracy helps : 441 433 481 482 484 465 
degeneracy worse : 242 239 266 305 322 344 
SCL #err deg : 1927 / 8400
SCL #err weighted degeneracy : 1725 1730 1708 1746 1762 1803 
degeneracy helps : 446 438 488 489 490 471 
degeneracy worse : 244 241 269 308 325 347 
SCL #err deg : 1945 / 8500
SCL #err weighted degeneracy : 1744 1749 1728 1766 1782 1823 
degeneracy helps : 450 442 492 493 494 475 
degeneracy worse : 249 246 275 314 331 353 
SCL #err deg : 1966 / 8600
SCL #err weighted degeneracy : 1765 1770 1747 1785 1801 1843 
degeneracy helps : 453 445 497 498 499 479 
degeneracy worse : 252 249 278 317 334 356 
SCL #err deg : 1984 / 8700
SCL #err weighted degeneracy : 1784 1789 1767 1804 1821 1862 
degeneracy helps : 456 448 500 500 501 481 
degeneracy worse : 256 253 283 320 338 359 
SCL #err deg : 2003 / 8800
SCL #err weighted degeneracy : 1807 1812 1787 1823 1838 1879 
degeneracy helps : 459 451 504 505 506 486 
degeneracy worse : 263 260 288 325 341 362 
SCL #err deg : 2031 / 8900
SCL #err weighted degeneracy : 1825 1831 1805 1842 1859 1901 
degeneracy helps : 472 463 517 517 516 495 
degeneracy worse : 266 263 291 328 344 365 
SCL #err deg : 2055 / 9000
SCL #err weighted degeneracy : 1848 1854 1829 1866 1882 1924 
degeneracy helps : 478 469 523 523 522 501 
degeneracy worse : 271 268 297 334 349 370 
SCL #err deg : 2075 / 9100
SCL #err weighted degeneracy : 1869 1875 1849 1886 1902 1945 
degeneracy helps : 479 470 525 526 526 505 
degeneracy worse : 273 270 299 337 353 375 
SCL #err deg : 2095 / 9200
SCL #err weighted degeneracy : 1887 1893 1868 1905 1922 1964 
degeneracy helps : 482 473 528 529 528 508 
degeneracy worse : 274 271 301 339 355 377 
SCL #err deg : 2116 / 9300
SCL #err weighted degeneracy : 1911 1917 1891 1927 1943 1984 
degeneracy helps : 487 478 534 536 536 516 
degeneracy worse : 282 279 309 347 363 384 
SCL #err deg : 2140 / 9400
SCL #err weighted degeneracy : 1932 1938 1909 1944 1960 2001 
degeneracy helps : 495 486 542 545 546 526 
degeneracy worse : 287 284 311 349 366 387 
SCL #err deg : 2163 / 9500
SCL #err weighted degeneracy : 1957 1963 1933 1966 1982 2023 
degeneracy helps : 499 490 547 551 551 532 
degeneracy worse : 293 290 317 354 370 392 
SCL #err deg : 2179 / 9600
SCL #err weighted degeneracy : 1969 1975 1942 1976 1993 2034 
degeneracy helps : 506 497 557 560 559 540 
degeneracy worse : 296 293 320 357 373 395 
SCL #err deg : 2203 / 9700
SCL #err weighted degeneracy : 1990 1996 1964 1996 2016 2056 
degeneracy helps : 512 503 563 567 564 545 
degeneracy worse : 299 296 324 360 377 398 
SCL #err deg : 2226 / 9800
SCL #err weighted degeneracy : 2009 2015 1984 2017 2039 2080 
degeneracy helps : 519 510 570 573 568 549 
degeneracy worse : 302 299 328 364 381 403 
SCL #err deg : 2248 / 9900
SCL #err weighted degeneracy : 2030 2036 2007 2040 2061 2103 
degeneracy helps : 525 516 575 578 573 554 
degeneracy worse : 307 304 334 370 386 409 
SCL #err deg : 2269 / 10000
SCL #err weighted degeneracy : 2045 2051 2018 2050 2072 2116 
degeneracy helps : 533 524 586 590 585 564 
degeneracy worse : 309 306 335 371 388 411 
average #flips: 105.39
SCL #err considering degeneracy: 2269
error due to equal 342
error due to SCL smaller 1864
Finish in 11900 s
