Simulation Polar syndrome FASTER N=2048, K=1025, l=1, pz=0.12, #samples=10000, seed=0
PW construction
Event generator random seed: 0
SCL #err deg : 67 / 100
SCL #err weighted degeneracy : 67 67 67 67 67 67 
degeneracy helps : 0 0 0 0 0 0 
degeneracy worse : 0 0 0 0 0 0 
SCL #err deg : 139 / 200
SCL #err weighted degeneracy : 139 139 139 139 139 139 
degeneracy helps : 0 0 0 0 0 0 
degeneracy worse : 0 0 0 0 0 0 
SCL #err deg : 218 / 300
SCL #err weighted degeneracy : 218 218 218 218 218 218 
degeneracy helps : 0 0 0 0 0 0 
degeneracy worse : 0 0 0 0 0 0 
SCL #err deg : 289 / 400
SCL #err weighted degeneracy : 289 289 289 289 289 289 
degeneracy helps : 0 0 0 0 0 0 
degeneracy worse : 0 0 0 0 0 0 
SCL #err deg : 351 / 500
SCL #err weighted degeneracy : 351 351 351 351 351 351 
degeneracy helps : 0 0 0 0 0 0 
degeneracy worse : 0 0 0 0 0 0 
SCL #err deg : 425 / 600
SCL #err weighted degeneracy : 425 425 425 425 425 425 
degeneracy helps : 0 0 0 0 0 0 
degeneracy worse : 0 0 0 0 0 0 
SCL #err deg : 503 / 700
SCL #err weighted degeneracy : 503 503 503 503 503 503 
degeneracy helps : 0 0 0 0 0 0 
degeneracy worse : 0 0 0 0 0 0 
SCL #err deg : 574 / 800
SCL #err weighted degeneracy : 574 574 574 574 574 574 
degeneracy helps : 0 0 0 0 0 0 
degeneracy worse : 0 0 0 0 0 0 
SCL #err deg : 648 / 900
SCL #err weighted degeneracy : 648 648 648 648 648 648 
degeneracy helps : 0 0 0 0 0 0 
degeneracy worse : 0 0 0 0 0 0 
SCL #err deg : 715 / 1000
SCL #err weighted degeneracy : 715 715 715 715 715 715 
degeneracy helps : 0 0 0 0 0 0 
degeneracy worse : 0 0 0 0 0 0 
SCL #err deg : 778 / 1100
SCL #err weighted degeneracy : 778 778 778 778 778 778 
degeneracy helps : 0 0 0 0 0 0 
degeneracy worse : 0 0 0 0 0 0 
SCL #err deg : 850 / 1200
SCL #err weighted degeneracy : 850 850 850 850 850 850 
degeneracy helps : 0 0 0 0 0 0 
degeneracy worse : 0 0 0 0 0 0 
SCL #err deg : 927 / 1300
SCL #err weighted degeneracy : 927 927 927 927 927 927 
degeneracy helps : 0 0 0 0 0 0 
degeneracy worse : 0 0 0 0 0 0 
SCL #err deg : 1005 / 1400
SCL #err weighted degeneracy : 1005 1005 1005 1005 1005 1005 
degeneracy helps : 0 0 0 0 0 0 
degeneracy worse : 0 0 0 0 0 0 
SCL #err deg : 1077 / 1500
SCL #err weighted degeneracy : 1077 1077 1077 1077 1077 1077 
degeneracy helps : 0 0 0 0 0 0 
degeneracy worse : 0 0 0 0 0 0 
SCL #err deg : 1149 / 1600
SCL #err weighted degeneracy : 1149 1149 1149 1149 1149 1149 
degeneracy helps : 0 0 0 0 0 0 
degeneracy worse : 0 0 0 0 0 0 
SCL #err deg : 1222 / 1700
SCL #err weighted degeneracy : 1222 1222 1222 1222 1222 1222 
degeneracy helps : 0 0 0 0 0 0 
degeneracy worse : 0 0 0 0 0 0 
SCL #err deg : 1289 / 1800
SCL #err weighted degeneracy : 1289 1289 1289 1289 1289 1289 
degeneracy helps : 0 0 0 0 0 0 
degeneracy worse : 0 0 0 0 0 0 
SCL #err deg : 1367 / 1900
SCL #err weighted degeneracy : 1367 1367 1367 1367 1367 1367 
degeneracy helps : 0 0 0 0 0 0 
degeneracy worse : 0 0 0 0 0 0 
SCL #err deg : 1440 / 2000
SCL #err weighted degeneracy : 1440 1440 1440 1440 1440 1440 
degeneracy helps : 0 0 0 0 0 0 
degeneracy worse : 0 0 0 0 0 0 
SCL #err deg : 1501 / 2100
SCL #err weighted degeneracy : 1501 1501 1501 1501 1501 1501 
degeneracy helps : 0 0 0 0 0 0 
degeneracy worse : 0 0 0 0 0 0 
SCL #err deg : 1572 / 2200
SCL #err weighted degeneracy : 1572 1572 1572 1572 1572 1572 
degeneracy helps : 0 0 0 0 0 0 
degeneracy worse : 0 0 0 0 0 0 
SCL #err deg : 1643 / 2300
SCL #err weighted degeneracy : 1643 1643 1643 1643 1643 1643 
degeneracy helps : 0 0 0 0 0 0 
degeneracy worse : 0 0 0 0 0 0 
SCL #err deg : 1714 / 2400
SCL #err weighted degeneracy : 1714 1714 1714 1714 1714 1714 
degeneracy helps : 0 0 0 0 0 0 
degeneracy worse : 0 0 0 0 0 0 
SCL #err deg : 1794 / 2500
SCL #err weighted degeneracy : 1794 1794 1794 1794 1794 1794 
degeneracy helps : 0 0 0 0 0 0 
degeneracy worse : 0 0 0 0 0 0 
SCL #err deg : 1865 / 2600
SCL #err weighted degeneracy : 1865 1865 1865 1865 1865 1865 
degeneracy helps : 0 0 0 0 0 0 
degeneracy worse : 0 0 0 0 0 0 
SCL #err deg : 1926 / 2700
SCL #err weighted degeneracy : 1926 1926 1926 1926 1926 1926 
degeneracy helps : 0 0 0 0 0 0 
degeneracy worse : 0 0 0 0 0 0 
SCL #err deg : 1990 / 2800
SCL #err weighted degeneracy : 1990 1990 1990 1990 1990 1990 
degeneracy helps : 0 0 0 0 0 0 
degeneracy worse : 0 0 0 0 0 0 
SCL #err deg : 2065 / 2900
SCL #err weighted degeneracy : 2065 2065 2065 2065 2065 2065 
degeneracy helps : 0 0 0 0 0 0 
degeneracy worse : 0 0 0 0 0 0 
SCL #err deg : 2145 / 3000
SCL #err weighted degeneracy : 2145 2145 2145 2145 2145 2145 
degeneracy helps : 0 0 0 0 0 0 
degeneracy worse : 0 0 0 0 0 0 
SCL #err deg : 2218 / 3100
SCL #err weighted degeneracy : 2218 2218 2218 2218 2218 2218 
degeneracy helps : 0 0 0 0 0 0 
degeneracy worse : 0 0 0 0 0 0 
SCL #err deg : 2280 / 3200
SCL #err weighted degeneracy : 2280 2280 2280 2280 2280 2280 
degeneracy helps : 0 0 0 0 0 0 
degeneracy worse : 0 0 0 0 0 0 
SCL #err deg : 2350 / 3300
SCL #err weighted degeneracy : 2350 2350 2350 2350 2350 2350 
degeneracy helps : 0 0 0 0 0 0 
degeneracy worse : 0 0 0 0 0 0 
SCL #err deg : 2419 / 3400
SCL #err weighted degeneracy : 2419 2419 2419 2419 2419 2419 
degeneracy helps : 0 0 0 0 0 0 
degeneracy worse : 0 0 0 0 0 0 
SCL #err deg : 2488 / 3500
SCL #err weighted degeneracy : 2488 2488 2488 2488 2488 2488 
degeneracy helps : 0 0 0 0 0 0 
degeneracy worse : 0 0 0 0 0 0 
SCL #err deg : 2554 / 3600
SCL #err weighted degeneracy : 2554 2554 2554 2554 2554 2554 
degeneracy helps : 0 0 0 0 0 0 
degeneracy worse : 0 0 0 0 0 0 
SCL #err deg : 2629 / 3700
SCL #err weighted degeneracy : 2629 2629 2629 2629 2629 2629 
degeneracy helps : 0 0 0 0 0 0 
degeneracy worse : 0 0 0 0 0 0 
SCL #err deg : 2705 / 3800
SCL #err weighted degeneracy : 2705 2705 2705 2705 2705 2705 
degeneracy helps : 0 0 0 0 0 0 
degeneracy worse : 0 0 0 0 0 0 
SCL #err deg : 2778 / 3900
SCL #err weighted degeneracy : 2778 2778 2778 2778 2778 2778 
degeneracy helps : 0 0 0 0 0 0 
degeneracy worse : 0 0 0 0 0 0 
SCL #err deg : 2847 / 4000
SCL #err weighted degeneracy : 2847 2847 2847 2847 2847 2847 
degeneracy helps : 0 0 0 0 0 0 
degeneracy worse : 0 0 0 0 0 0 
SCL #err deg : 2919 / 4100
SCL #err weighted degeneracy : 2919 2919 2919 2919 2919 2919 
degeneracy helps : 0 0 0 0 0 0 
degeneracy worse : 0 0 0 0 0 0 
SCL #err deg : 2993 / 4200
SCL #err weighted degeneracy : 2993 2993 2993 2993 2993 2993 
degeneracy helps : 0 0 0 0 0 0 
degeneracy worse : 0 0 0 0 0 0 
SCL #err deg : 3066 / 4300
SCL #err weighted degeneracy : 3066 3066 3066 3066 3066 3066 
degeneracy helps : 0 0 0 0 0 0 
degeneracy worse : 0 0 0 0 0 0 
SCL #err deg : 3131 / 4400
SCL #err weighted degeneracy : 3131 3131 3131 3131 3131 3131 
degeneracy helps : 0 0 0 0 0 0 
degeneracy worse : 0 0 0 0 0 0 
SCL #err deg : 3204 / 4500
SCL #err weighted degeneracy : 3204 3204 3204 3204 3204 3204 
degeneracy helps : 0 0 0 0 0 0 
degeneracy worse : 0 0 0 0 0 0 
SCL #err deg : 3273 / 4600
SCL #err weighted degeneracy : 3273 3273 3273 3273 3273 3273 
degeneracy helps : 0 0 0 0 0 0 
degeneracy worse : 0 0 0 0 0 0 
SCL #err deg : 3346 / 4700
SCL #err weighted degeneracy : 3346 3346 3346 3346 3346 3346 
degeneracy helps : 0 0 0 0 0 0 
degeneracy worse : 0 0 0 0 0 0 
SCL #err deg : 3406 / 4800
SCL #err weighted degeneracy : 3406 3406 3406 3406 3406 3406 
degeneracy helps : 0 0 0 0 0 0 
degeneracy worse : 0 0 0 0 0 0 
SCL #err deg : 3475 / 4900
SCL #err weighted degeneracy : 3475 3475 3475 3475 3475 3475 
degeneracy helps : 0 0 0 0 0 0 
degeneracy worse : 0 0 0 0 0 0 
SCL #err deg : 3546 / 5000
SCL #err weighted degeneracy : 3546 3546 3546 3546 3546 3546 
degeneracy helps : 0 0 0 0 0 0 
degeneracy worse : 0 0 0 0 0 0 
SCL #err deg : 3614 / 5100
SCL #err weighted degeneracy : 3614 3614 3614 3614 3614 3614 
degeneracy helps : 0 0 0 0 0 0 
degeneracy worse : 0 0 0 0 0 0 
SCL #err deg : 3687 / 5200
SCL #err weighted degeneracy : 3687 3687 3687 3687 3687 3687 
degeneracy helps : 0 0 0 0 0 0 
degeneracy worse : 0 0 0 0 0 0 
SCL #err deg : 3758 / 5300
SCL #err weighted degeneracy : 3758 3758 3758 3758 3758 3758 
degeneracy helps : 0 0 0 0 0 0 
degeneracy worse : 0 0 0 0 0 0 
SCL #err deg : 3828 / 5400
SCL #err weighted degeneracy : 3828 3828 3828 3828 3828 3828 
degeneracy helps : 0 0 0 0 0 0 
degeneracy worse : 0 0 0 0 0 0 
SCL #err deg : 3892 / 5500
SCL #err weighted degeneracy : 3892 3892 3892 3892 3892 3892 
degeneracy helps : 0 0 0 0 0 0 
degeneracy worse : 0 0 0 0 0 0 
SCL #err deg : 3960 / 5600
SCL #err weighted degeneracy : 3960 3960 3960 3960 3960 3960 
degeneracy helps : 0 0 0 0 0 0 
degeneracy worse : 0 0 0 0 0 0 
SCL #err deg : 4041 / 5700
SCL #err weighted degeneracy : 4041 4041 4041 4041 4041 4041 
degeneracy helps : 0 0 0 0 0 0 
degeneracy worse : 0 0 0 0 0 0 
SCL #err deg : 4105 / 5800
SCL #err weighted degeneracy : 4105 4105 4105 4105 4105 4105 
degeneracy helps : 0 0 0 0 0 0 
degeneracy worse : 0 0 0 0 0 0 
SCL #err deg : 4174 / 5900
SCL #err weighted degeneracy : 4174 4174 4174 4174 4174 4174 
degeneracy helps : 0 0 0 0 0 0 
degeneracy worse : 0 0 0 0 0 0 
SCL #err deg : 4241 / 6000
SCL #err weighted degeneracy : 4241 4241 4241 4241 4241 4241 
degeneracy helps : 0 0 0 0 0 0 
degeneracy worse : 0 0 0 0 0 0 
SCL #err deg : 4314 / 6100
SCL #err weighted degeneracy : 4314 4314 4314 4314 4314 4314 
degeneracy helps : 0 0 0 0 0 0 
degeneracy worse : 0 0 0 0 0 0 
SCL #err deg : 4381 / 6200
SCL #err weighted degeneracy : 4381 4381 4381 4381 4381 4381 
degeneracy helps : 0 0 0 0 0 0 
degeneracy worse : 0 0 0 0 0 0 
SCL #err deg : 4454 / 6300
SCL #err weighted degeneracy : 4454 4454 4454 4454 4454 4454 
degeneracy helps : 0 0 0 0 0 0 
degeneracy worse : 0 0 0 0 0 0 
SCL #err deg : 4531 / 6400
SCL #err weighted degeneracy : 4531 4531 4531 4531 4531 4531 
degeneracy helps : 0 0 0 0 0 0 
degeneracy worse : 0 0 0 0 0 0 
SCL #err deg : 4599 / 6500
SCL #err weighted degeneracy : 4599 4599 4599 4599 4599 4599 
degeneracy helps : 0 0 0 0 0 0 
degeneracy worse : 0 0 0 0 0 0 
SCL #err deg : 4670 / 6600
SCL #err weighted degeneracy : 4670 4670 4670 4670 4670 4670 
degeneracy helps : 0 0 0 0 0 0 
degeneracy worse : 0 0 0 0 0 0 
SCL #err deg : 4738 / 6700
SCL #err weighted degeneracy : 4738 4738 4738 4738 4738 4738 
degeneracy helps : 0 0 0 0 0 0 
degeneracy worse : 0 0 0 0 0 0 
SCL #err deg : 4807 / 6800
SCL #err weighted degeneracy : 4807 4807 4807 4807 4807 4807 
degeneracy helps : 0 0 0 0 0 0 
degeneracy worse : 0 0 0 0 0 0 
SCL #err deg : 4876 / 6900
SCL #err weighted degeneracy : 4876 4876 4876 4876 4876 4876 
degeneracy helps : 0 0 0 0 0 0 
degeneracy worse : 0 0 0 0 0 0 
SCL #err deg : 4947 / 7000
SCL #err weighted degeneracy : 4947 4947 4947 4947 4947 4947 
degeneracy helps : 0 0 0 0 0 0 
degeneracy worse : 0 0 0 0 0 0 
SCL #err deg : 5024 / 7100
SCL #err weighted degeneracy : 5024 5024 5024 5024 5024 5024 
degeneracy helps : 0 0 0 0 0 0 
degeneracy worse : 0 0 0 0 0 0 
SCL #err deg : 5089 / 7200
SCL #err weighted degeneracy : 5089 5089 5089 5089 5089 5089 
degeneracy helps : 0 0 0 0 0 0 
degeneracy worse : 0 0 0 0 0 0 
SCL #err deg : 5164 / 7300
SCL #err weighted degeneracy : 5164 5164 5164 5164 5164 5164 
degeneracy helps : 0 0 0 0 0 0 
degeneracy worse : 0 0 0 0 0 0 
SCL #err deg : 5237 / 7400
SCL #err weighted degeneracy : 5237 5237 5237 5237 5237 5237 
degeneracy helps : 0 0 0 0 0 0 
degeneracy worse : 0 0 0 0 0 0 
SCL #err deg : 5305 / 7500
SCL #err weighted degeneracy : 5305 5305 5305 5305 5305 5305 
degeneracy helps : 0 0 0 0 0 0 
degeneracy worse : 0 0 0 0 0 0 
SCL #err deg : 5373 / 7600
SCL #err weighted degeneracy : 5373 5373 5373 5373 5373 5373 
degeneracy helps : 0 0 0 0 0 0 
degeneracy worse : 0 0 0 0 0 0 
SCL #err deg : 5445 / 7700
SCL #err weighted degeneracy : 5445 5445 5445 5445 5445 5445 
degeneracy helps : 0 0 0 0 0 0 
degeneracy worse : 0 0 0 0 0 0 
SCL #err deg : 5516 / 7800
SCL #err weighted degeneracy : 5516 5516 5516 5516 5516 5516 
degeneracy helps : 0 0 0 0 0 0 
degeneracy worse : 0 0 0 0 0 0 
SCL #err deg : 5585 / 7900
SCL #err weighted degeneracy : 5585 5585 5585 5585 5585 5585 
degeneracy helps : 0 0 0 0 0 0 
degeneracy worse : 0 0 0 0 0 0 
SCL #err deg : 5653 / 8000
SCL #err weighted degeneracy : 5653 5653 5653 5653 5653 5653 
degeneracy helps : 0 0 0 0 0 0 
degeneracy worse : 0 0 0 0 0 0 
SCL #err deg : 5717 / 8100
SCL #err weighted degeneracy : 5717 5717 5717 5717 5717 5717 
degeneracy helps : 0 0 0 0 0 0 
degeneracy worse : 0 0 0 0 0 0 
SCL #err deg : 5793 / 8200
SCL #err weighted degeneracy : 5793 5793 5793 5793 5793 5793 
degeneracy helps : 0 0 0 0 0 0 
degeneracy worse : 0 0 0 0 0 0 
SCL #err deg : 5859 / 8300
SCL #err weighted degeneracy : 5859 5859 5859 5859 5859 5859 
degeneracy helps : 0 0 0 0 0 0 
degeneracy worse : 0 0 0 0 0 0 
SCL #err deg : 5929 / 8400
SCL #err weighted degeneracy : 5929 5929 5929 5929 5929 5929 
degeneracy helps : 0 0 0 0 0 0 
degeneracy worse : 0 0 0 0 0 0 
SCL #err deg : 5998 / 8500
SCL #err weighted degeneracy : 5998 5998 5998 5998 5998 5998 
degeneracy helps : 0 0 0 0 0 0 
degeneracy worse : 0 0 0 0 0 0 
SCL #err deg : 6070 / 8600
SCL #err weighted degeneracy : 6070 6070 6070 6070 6070 6070 
degeneracy helps : 0 0 0 0 0 0 
degeneracy worse : 0 0 0 0 0 0 
SCL #err deg : 6141 / 8700
SCL #err weighted degeneracy : 6141 6141 6141 6141 6141 6141 
degeneracy helps : 0 0 0 0 0 0 
degeneracy worse : 0 0 0 0 0 0 
SCL #err deg : 6210 / 8800
SCL #err weighted degeneracy : 6210 6210 6210 6210 6210 6210 
degeneracy helps : 0 0 0 0 0 0 
degeneracy worse : 0 0 0 0 0 0 
SCL #err deg : 6281 / 8900
SCL #err weighted degeneracy : 6281 6281 6281 6281 6281 6281 
degeneracy helps : 0 0 0 0 0 0 
degeneracy worse : 0 0 0 0 0 0 
SCL #err deg : 6350 / 9000
SCL #err weighted degeneracy : 6350 6350 6350 6350 6350 6350 
degeneracy helps : 0 0 0 0 0 0 
degeneracy worse : 0 0 0 0 0 0 
SCL #err deg : 6426 / 9100
SCL #err weighted degeneracy : 6426 6426 6426 6426 6426 6426 
degeneracy helps : 0 0 0 0 0 0 
degeneracy worse : 0 0 0 0 0 0 
SCL #err deg : 6489 / 9200
SCL #err weighted degeneracy : 6489 6489 6489 6489 6489 6489 
degeneracy helps : 0 0 0 0 0 0 
degeneracy worse : 0 0 0 0 0 0 
SCL #err deg : 6551 / 9300
SCL #err weighted degeneracy : 6551 6551 6551 6551 6551 6551 
degeneracy helps : 0 0 0 0 0 0 
degeneracy worse : 0 0 0 0 0 0 
SCL #err deg : 6614 / 9400
SCL #err weighted degeneracy : 6614 6614 6614 6614 6614 6614 
degeneracy helps : 0 0 0 0 0 0 
degeneracy worse : 0 0 0 0 0 0 
SCL #err deg : 6683 / 9500
SCL #err weighted degeneracy : 6683 6683 6683 6683 6683 6683 
degeneracy helps : 0 0 0 0 0 0 
degeneracy worse : 0 0 0 0 0 0 
SCL #err deg : 6752 / 9600
SCL #err weighted degeneracy : 6752 6752 6752 6752 6752 6752 
degeneracy helps : 0 0 0 0 0 0 
degeneracy worse : 0 0 0 0 0 0 
SCL #err deg : 6824 / 9700
SCL #err weighted degeneracy : 6824 6824 6824 6824 6824 6824 
degeneracy helps : 0 0 0 0 0 0 
degeneracy worse : 0 0 0 0 0 0 
SCL #err deg : 6896 / 9800
SCL #err weighted degeneracy : 6896 6896 6896 6896 6896 6896 
degeneracy helps : 0 0 0 0 0 0 
degeneracy worse : 0 0 0 0 0 0 
SCL #err deg : 6961 / 9900
SCL #err weighted degeneracy : 6961 6961 6961 6961 6961 6961 
degeneracy helps : 0 0 0 0 0 0 
degeneracy worse : 0 0 0 0 0 0 
SCL #err deg : 7038 / 10000
SCL #err weighted degeneracy : 7038 7038 7038 7038 7038 7038 
degeneracy helps : 0 0 0 0 0 0 
degeneracy worse : 0 0 0 0 0 0 
average #flips: 245.88
SCL #err considering degeneracy: 7038
error due to equal 436
error due to SCL smaller 3282
Finish in 146 s
