Simulation Polar syndrome FASTER N=2048, K=1025, l=1, pz=0.13, #samples=10000, seed=0
PW construction
Event generator random seed: 0
SCL #err deg : 80 / 100
SCL #err weighted degeneracy : 80 80 80 80 80 80 
degeneracy helps : 0 0 0 0 0 0 
degeneracy worse : 0 0 0 0 0 0 
SCL #err deg : 153 / 200
SCL #err weighted degeneracy : 153 153 153 153 153 153 
degeneracy helps : 0 0 0 0 0 0 
degeneracy worse : 0 0 0 0 0 0 
SCL #err deg : 226 / 300
SCL #err weighted degeneracy : 226 226 226 226 226 226 
degeneracy helps : 0 0 0 0 0 0 
degeneracy worse : 0 0 0 0 0 0 
SCL #err deg : 298 / 400
SCL #err weighted degeneracy : 298 298 298 298 298 298 
degeneracy helps : 0 0 0 0 0 0 
degeneracy worse : 0 0 0 0 0 0 
SCL #err deg : 375 / 500
SCL #err weighted degeneracy : 375 375 375 375 375 375 
degeneracy helps : 0 0 0 0 0 0 
degeneracy worse : 0 0 0 0 0 0 
SCL #err deg : 449 / 600
SCL #err weighted degeneracy : 449 449 449 449 449 449 
degeneracy helps : 0 0 0 0 0 0 
degeneracy worse : 0 0 0 0 0 0 
SCL #err deg : 524 / 700
SCL #err weighted degeneracy : 524 524 524 524 524 524 
degeneracy helps : 0 0 0 0 0 0 
degeneracy worse : 0 0 0 0 0 0 
SCL #err deg : 589 / 800
SCL #err weighted degeneracy : 589 589 589 589 589 589 
degeneracy helps : 0 0 0 0 0 0 
degeneracy worse : 0 0 0 0 0 0 
SCL #err deg : 656 / 900
SCL #err weighted degeneracy : 656 656 656 656 656 656 
degeneracy helps : 0 0 0 0 0 0 
degeneracy worse : 0 0 0 0 0 0 
SCL #err deg : 727 / 1000
SCL #err weighted degeneracy : 727 727 727 727 727 727 
degeneracy helps : 0 0 0 0 0 0 
degeneracy worse : 0 0 0 0 0 0 
SCL #err deg : 796 / 1100
SCL #err weighted degeneracy : 796 796 796 796 796 796 
degeneracy helps : 0 0 0 0 0 0 
degeneracy worse : 0 0 0 0 0 0 
SCL #err deg : 873 / 1200
SCL #err weighted degeneracy : 873 873 873 873 873 873 
degeneracy helps : 0 0 0 0 0 0 
degeneracy worse : 0 0 0 0 0 0 
SCL #err deg : 950 / 1300
SCL #err weighted degeneracy : 950 950 950 950 950 950 
degeneracy helps : 0 0 0 0 0 0 
degeneracy worse : 0 0 0 0 0 0 
SCL #err deg : 1031 / 1400
SCL #err weighted degeneracy : 1031 1031 1031 1031 1031 1031 
degeneracy helps : 0 0 0 0 0 0 
degeneracy worse : 0 0 0 0 0 0 
SCL #err deg : 1110 / 1500
SCL #err weighted degeneracy : 1110 1110 1110 1110 1110 1110 
degeneracy helps : 0 0 0 0 0 0 
degeneracy worse : 0 0 0 0 0 0 
SCL #err deg : 1177 / 1600
SCL #err weighted degeneracy : 1177 1177 1177 1177 1177 1177 
degeneracy helps : 0 0 0 0 0 0 
degeneracy worse : 0 0 0 0 0 0 
SCL #err deg : 1255 / 1700
SCL #err weighted degeneracy : 1255 1255 1255 1255 1255 1255 
degeneracy helps : 0 0 0 0 0 0 
degeneracy worse : 0 0 0 0 0 0 
SCL #err deg : 1325 / 1800
SCL #err weighted degeneracy : 1325 1325 1325 1325 1325 1325 
degeneracy helps : 0 0 0 0 0 0 
degeneracy worse : 0 0 0 0 0 0 
SCL #err deg : 1394 / 1900
SCL #err weighted degeneracy : 1394 1394 1394 1394 1394 1394 
degeneracy helps : 0 0 0 0 0 0 
degeneracy worse : 0 0 0 0 0 0 
SCL #err deg : 1478 / 2000
SCL #err weighted degeneracy : 1478 1478 1478 1478 1478 1478 
degeneracy helps : 0 0 0 0 0 0 
degeneracy worse : 0 0 0 0 0 0 
SCL #err deg : 1557 / 2100
SCL #err weighted degeneracy : 1557 1557 1557 1557 1557 1557 
degeneracy helps : 0 0 0 0 0 0 
degeneracy worse : 0 0 0 0 0 0 
SCL #err deg : 1633 / 2200
SCL #err weighted degeneracy : 1633 1633 1633 1633 1633 1633 
degeneracy helps : 0 0 0 0 0 0 
degeneracy worse : 0 0 0 0 0 0 
SCL #err deg : 1705 / 2300
SCL #err weighted degeneracy : 1705 1705 1705 1705 1705 1705 
degeneracy helps : 0 0 0 0 0 0 
degeneracy worse : 0 0 0 0 0 0 
SCL #err deg : 1783 / 2400
SCL #err weighted degeneracy : 1783 1783 1783 1783 1783 1783 
degeneracy helps : 0 0 0 0 0 0 
degeneracy worse : 0 0 0 0 0 0 
SCL #err deg : 1857 / 2500
SCL #err weighted degeneracy : 1857 1857 1857 1857 1857 1857 
degeneracy helps : 0 0 0 0 0 0 
degeneracy worse : 0 0 0 0 0 0 
SCL #err deg : 1933 / 2600
SCL #err weighted degeneracy : 1933 1933 1933 1933 1933 1933 
degeneracy helps : 0 0 0 0 0 0 
degeneracy worse : 0 0 0 0 0 0 
SCL #err deg : 2001 / 2700
SCL #err weighted degeneracy : 2001 2001 2001 2001 2001 2001 
degeneracy helps : 0 0 0 0 0 0 
degeneracy worse : 0 0 0 0 0 0 
SCL #err deg : 2069 / 2800
SCL #err weighted degeneracy : 2069 2069 2069 2069 2069 2069 
degeneracy helps : 0 0 0 0 0 0 
degeneracy worse : 0 0 0 0 0 0 
SCL #err deg : 2144 / 2900
SCL #err weighted degeneracy : 2144 2144 2144 2144 2144 2144 
degeneracy helps : 0 0 0 0 0 0 
degeneracy worse : 0 0 0 0 0 0 
SCL #err deg : 2218 / 3000
SCL #err weighted degeneracy : 2218 2218 2218 2218 2218 2218 
degeneracy helps : 0 0 0 0 0 0 
degeneracy worse : 0 0 0 0 0 0 
SCL #err deg : 2291 / 3100
SCL #err weighted degeneracy : 2291 2291 2291 2291 2291 2291 
degeneracy helps : 0 0 0 0 0 0 
degeneracy worse : 0 0 0 0 0 0 
SCL #err deg : 2365 / 3200
SCL #err weighted degeneracy : 2365 2365 2365 2365 2365 2365 
degeneracy helps : 0 0 0 0 0 0 
degeneracy worse : 0 0 0 0 0 0 
SCL #err deg : 2443 / 3300
SCL #err weighted degeneracy : 2443 2443 2443 2443 2443 2443 
degeneracy helps : 0 0 0 0 0 0 
degeneracy worse : 0 0 0 0 0 0 
SCL #err deg : 2520 / 3400
SCL #err weighted degeneracy : 2520 2520 2520 2520 2520 2520 
degeneracy helps : 0 0 0 0 0 0 
degeneracy worse : 0 0 0 0 0 0 
SCL #err deg : 2591 / 3500
SCL #err weighted degeneracy : 2591 2591 2591 2591 2591 2591 
degeneracy helps : 0 0 0 0 0 0 
degeneracy worse : 0 0 0 0 0 0 
SCL #err deg : 2669 / 3600
SCL #err weighted degeneracy : 2669 2669 2669 2669 2669 2669 
degeneracy helps : 0 0 0 0 0 0 
degeneracy worse : 0 0 0 0 0 0 
SCL #err deg : 2745 / 3700
SCL #err weighted degeneracy : 2745 2745 2745 2745 2745 2745 
degeneracy helps : 0 0 0 0 0 0 
degeneracy worse : 0 0 0 0 0 0 
SCL #err deg : 2819 / 3800
SCL #err weighted degeneracy : 2819 2819 2819 2819 2819 2819 
degeneracy helps : 0 0 0 0 0 0 
degeneracy worse : 0 0 0 0 0 0 
SCL #err deg : 2892 / 3900
SCL #err weighted degeneracy : 2892 2892 2892 2892 2892 2892 
degeneracy helps : 0 0 0 0 0 0 
degeneracy worse : 0 0 0 0 0 0 
SCL #err deg : 2967 / 4000
SCL #err weighted degeneracy : 2967 2967 2967 2967 2967 2967 
degeneracy helps : 0 0 0 0 0 0 
degeneracy worse : 0 0 0 0 0 0 
SCL #err deg : 3031 / 4100
SCL #err weighted degeneracy : 3031 3031 3031 3031 3031 3031 
degeneracy helps : 0 0 0 0 0 0 
degeneracy worse : 0 0 0 0 0 0 
SCL #err deg : 3105 / 4200
SCL #err weighted degeneracy : 3105 3105 3105 3105 3105 3105 
degeneracy helps : 0 0 0 0 0 0 
degeneracy worse : 0 0 0 0 0 0 
SCL #err deg : 3173 / 4300
SCL #err weighted degeneracy : 3173 3173 3173 3173 3173 3173 
degeneracy helps : 0 0 0 0 0 0 
degeneracy worse : 0 0 0 0 0 0 
SCL #err deg : 3253 / 4400
SCL #err weighted degeneracy : 3253 3253 3253 3253 3253 3253 
degeneracy helps : 0 0 0 0 0 0 
degeneracy worse : 0 0 0 0 0 0 
SCL #err deg : 3334 / 4500
SCL #err weighted degeneracy : 3334 3334 3334 3334 3334 3334 
degeneracy helps : 0 0 0 0 0 0 
degeneracy worse : 0 0 0 0 0 0 
SCL #err deg : 3408 / 4600
SCL #err weighted degeneracy : 3408 3408 3408 3408 3408 3408 
degeneracy helps : 0 0 0 0 0 0 
degeneracy worse : 0 0 0 0 0 0 
SCL #err deg : 3490 / 4700
SCL #err weighted degeneracy : 3490 3490 3490 3490 3490 3490 
degeneracy helps : 0 0 0 0 0 0 
degeneracy worse : 0 0 0 0 0 0 
SCL #err deg : 3564 / 4800
SCL #err weighted degeneracy : 3564 3564 3564 3564 3564 3564 
degeneracy helps : 0 0 0 0 0 0 
degeneracy worse : 0 0 0 0 0 0 
SCL #err deg : 3640 / 4900
SCL #err weighted degeneracy : 3640 3640 3640 3640 3640 3640 
degeneracy helps : 0 0 0 0 0 0 
degeneracy worse : 0 0 0 0 0 0 
SCL #err deg : 3713 / 5000
SCL #err weighted degeneracy : 3713 3713 3713 3713 3713 3713 
degeneracy helps : 0 0 0 0 0 0 
degeneracy worse : 0 0 0 0 0 0 
SCL #err deg : 3789 / 5100
SCL #err weighted degeneracy : 3789 3789 3789 3789 3789 3789 
degeneracy helps : 0 0 0 0 0 0 
degeneracy worse : 0 0 0 0 0 0 
SCL #err deg : 3862 / 5200
SCL #err weighted degeneracy : 3862 3862 3862 3862 3862 3862 
degeneracy helps : 0 0 0 0 0 0 
degeneracy worse : 0 0 0 0 0 0 
SCL #err deg : 3939 / 5300
SCL #err weighted degeneracy : 3939 3939 3939 3939 3939 3939 
degeneracy helps : 0 0 0 0 0 0 
degeneracy worse : 0 0 0 0 0 0 
SCL #err deg : 4008 / 5400
SCL #err weighted degeneracy : 4008 4008 4008 4008 4008 4008 
degeneracy helps : 0 0 0 0 0 0 
degeneracy worse : 0 0 0 0 0 0 
SCL #err deg : 4077 / 5500
SCL #err weighted degeneracy : 4077 4077 4077 4077 4077 4077 
degeneracy helps : 0 0 0 0 0 0 
degeneracy worse : 0 0 0 0 0 0 
SCL #err deg : 4149 / 5600
SCL #err weighted degeneracy : 4149 4149 4149 4149 4149 4149 
degeneracy helps : 0 0 0 0 0 0 
degeneracy worse : 0 0 0 0 0 0 
SCL #err deg : 4229 / 5700
SCL #err weighted degeneracy : 4229 4229 4229 4229 4229 4229 
degeneracy helps : 0 0 0 0 0 0 
degeneracy worse : 0 0 0 0 0 0 
SCL #err deg : 4310 / 5800
SCL #err weighted degeneracy : 4310 4310 4310 4310 4310 4310 
degeneracy helps : 0 0 0 0 0 0 
degeneracy worse : 0 0 0 0 0 0 
SCL #err deg : 4388 / 5900
SCL #err weighted degeneracy : 4388 4388 4388 4388 4388 4388 
degeneracy helps : 0 0 0 0 0 0 
degeneracy worse : 0 0 0 0 0 0 
SCL #err deg : 4459 / 6000
SCL #err weighted degeneracy : 4459 4459 4459 4459 4459 4459 
degeneracy helps : 0 0 0 0 0 0 
degeneracy worse : 0 0 0 0 0 0 
SCL #err deg : 4523 / 6100
SCL #err weighted degeneracy : 4523 4523 4523 4523 4523 4523 
degeneracy helps : 0 0 0 0 0 0 
degeneracy worse : 0 0 0 0 0 0 
SCL #err deg : 4597 / 6200
SCL #err weighted degeneracy : 4597 4597 4597 4597 4597 4597 
degeneracy helps : 0 0 0 0 0 0 
degeneracy worse : 0 0 0 0 0 0 
SCL #err deg : 4673 / 6300
SCL #err weighted degeneracy : 4673 4673 4673 4673 4673 4673 
degeneracy helps : 0 0 0 0 0 0 
degeneracy worse : 0 0 0 0 0 0 
SCL #err deg : 4750 / 6400
SCL #err weighted degeneracy : 4750 4750 4750 4750 4750 4750 
degeneracy helps : 0 0 0 0 0 0 
degeneracy worse : 0 0 0 0 0 0 
SCL #err deg : 4828 / 6500
SCL #err weighted degeneracy : 4828 4828 4828 4828 4828 4828 
degeneracy helps : 0 0 0 0 0 0 
degeneracy worse : 0 0 0 0 0 0 
SCL #err deg : 4898 / 6600
SCL #err weighted degeneracy : 4898 4898 4898 4898 4898 4898 
degeneracy helps : 0 0 0 0 0 0 
degeneracy worse : 0 0 0 0 0 0 
SCL #err deg : 4972 / 6700
SCL #err weighted degeneracy : 4972 4972 4972 4972 4972 4972 
degeneracy helps : 0 0 0 0 0 0 
degeneracy worse : 0 0 0 0 0 0 
SCL #err deg : 5046 / 6800
SCL #err weighted degeneracy : 5046 5046 5046 5046 5046 5046 
degeneracy helps : 0 0 0 0 0 0 
degeneracy worse : 0 0 0 0 0 0 
SCL #err deg : 5124 / 6900
SCL #err weighted degeneracy : 5124 5124 5124 5124 5124 5124 
degeneracy helps : 0 0 0 0 0 0 
degeneracy worse : 0 0 0 0 0 0 
SCL #err deg : 5192 / 7000
SCL #err weighted degeneracy : 5192 5192 5192 5192 5192 5192 
degeneracy helps : 0 0 0 0 0 0 
degeneracy worse : 0 0 0 0 0 0 
SCL #err deg : 5269 / 7100
SCL #err weighted degeneracy : 5269 5269 5269 5269 5269 5269 
degeneracy helps : 0 0 0 0 0 0 
degeneracy worse : 0 0 0 0 0 0 
SCL #err deg : 5335 / 7200
SCL #err weighted degeneracy : 5335 5335 5335 5335 5335 5335 
degeneracy helps : 0 0 0 0 0 0 
degeneracy worse : 0 0 0 0 0 0 
SCL #err deg : 5402 / 7300
SCL #err weighted degeneracy : 5402 5402 5402 5402 5402 5402 
degeneracy helps : 0 0 0 0 0 0 
degeneracy worse : 0 0 0 0 0 0 
SCL #err deg : 5477 / 7400
SCL #err weighted degeneracy : 5477 5477 5477 5477 5477 5477 
degeneracy helps : 0 0 0 0 0 0 
degeneracy worse : 0 0 0 0 0 0 
SCL #err deg : 5548 / 7500
SCL #err weighted degeneracy : 5548 5548 5548 5548 5548 5548 
degeneracy helps : 0 0 0 0 0 0 
degeneracy worse : 0 0 0 0 0 0 
SCL #err deg : 5625 / 7600
SCL #err weighted degeneracy : 5625 5625 5625 5625 5625 5625 
degeneracy helps : 0 0 0 0 0 0 
degeneracy worse : 0 0 0 0 0 0 
SCL #err deg : 5701 / 7700
SCL #err weighted degeneracy : 5701 5701 5701 5701 5701 5701 
degeneracy helps : 0 0 0 0 0 0 
degeneracy worse : 0 0 0 0 0 0 
SCL #err deg : 5778 / 7800
SCL #err weighted degeneracy : 5778 5778 5778 5778 5778 5778 
degeneracy helps : 0 0 0 0 0 0 
degeneracy worse : 0 0 0 0 0 0 
SCL #err deg : 5847 / 7900
SCL #err weighted degeneracy : 5847 5847 5847 5847 5847 5847 
degeneracy helps : 0 0 0 0 0 0 
degeneracy worse : 0 0 0 0 0 0 
SCL #err deg : 5929 / 8000
SCL #err weighted degeneracy : 5929 5929 5929 5929 5929 5929 
degeneracy helps : 0 0 0 0 0 0 
degeneracy worse : 0 0 0 0 0 0 
SCL #err deg : 6006 / 8100
SCL #err weighted degeneracy : 6006 6006 6006 6006 6006 6006 
degeneracy helps : 0 0 0 0 0 0 
degeneracy worse : 0 0 0 0 0 0 
SCL #err deg : 6084 / 8200
SCL #err weighted degeneracy : 6084 6084 6084 6084 6084 6084 
degeneracy helps : 0 0 0 0 0 0 
degeneracy worse : 0 0 0 0 0 0 
SCL #err deg : 6161 / 8300
SCL #err weighted degeneracy : 6161 6161 6161 6161 6161 6161 
degeneracy helps : 0 0 0 0 0 0 
degeneracy worse : 0 0 0 0 0 0 
SCL #err deg : 6233 / 8400
SCL #err weighted degeneracy : 6233 6233 6233 6233 6233 6233 
degeneracy helps : 0 0 0 0 0 0 
degeneracy worse : 0 0 0 0 0 0 
SCL #err deg : 6301 / 8500
SCL #err weighted degeneracy : 6301 6301 6301 6301 6301 6301 
degeneracy helps : 0 0 0 0 0 0 
degeneracy worse : 0 0 0 0 0 0 
SCL #err deg : 6370 / 8600
SCL #err weighted degeneracy : 6370 6370 6370 6370 6370 6370 
degeneracy helps : 0 0 0 0 0 0 
degeneracy worse : 0 0 0 0 0 0 
SCL #err deg : 6442 / 8700
SCL #err weighted degeneracy : 6442 6442 6442 6442 6442 6442 
degeneracy helps : 0 0 0 0 0 0 
degeneracy worse : 0 0 0 0 0 0 
SCL #err deg : 6506 / 8800
SCL #err weighted degeneracy : 6506 6506 6506 6506 6506 6506 
degeneracy helps : 0 0 0 0 0 0 
degeneracy worse : 0 0 0 0 0 0 
SCL #err deg : 6580 / 8900
SCL #err weighted degeneracy : 6580 6580 6580 6580 6580 6580 
degeneracy helps : 0 0 0 0 0 0 
degeneracy worse : 0 0 0 0 0 0 
SCL #err deg : 6656 / 9000
SCL #err weighted degeneracy : 6656 6656 6656 6656 6656 6656 
degeneracy helps : 0 0 0 0 0 0 
degeneracy worse : 0 0 0 0 0 0 
SCL #err deg : 6735 / 9100
SCL #err weighted degeneracy : 6735 6735 6735 6735 6735 6735 
degeneracy helps : 0 0 0 0 0 0 
degeneracy worse : 0 0 0 0 0 0 
SCL #err deg : 6805 / 9200
SCL #err weighted degeneracy : 6805 6805 6805 6805 6805 6805 
degeneracy helps : 0 0 0 0 0 0 
degeneracy worse : 0 0 0 0 0 0 
SCL #err deg : 6874 / 9300
SCL #err weighted degeneracy : 6874 6874 6874 6874 6874 6874 
degeneracy helps : 0 0 0 0 0 0 
degeneracy worse : 0 0 0 0 0 0 
SCL #err deg : 6950 / 9400
SCL #err weighted degeneracy : 6950 6950 6950 6950 6950 6950 
degeneracy helps : 0 0 0 0 0 0 
degeneracy worse : 0 0 0 0 0 0 
SCL #err deg : 7021 / 9500
SCL #err weighted degeneracy : 7021 7021 7021 7021 7021 7021 
degeneracy helps : 0 0 0 0 0 0 
degeneracy worse : 0 0 0 0 0 0 
SCL #err deg : 7096 / 9600
SCL #err weighted degeneracy : 7096 7096 7096 7096 7096 7096 
degeneracy helps : 0 0 0 0 0 0 
degeneracy worse : 0 0 0 0 0 0 
SCL #err deg : 7170 / 9700
SCL #err weighted degeneracy : 7170 7170 7170 7170 7170 7170 
degeneracy helps : 0 0 0 0 0 0 
degeneracy worse : 0 0 0 0 0 0 
SCL #err deg : 7246 / 9800
SCL #err weighted degeneracy : 7246 7246 7246 7246 7246 7246 
degeneracy helps : 0 0 0 0 0 0 
degeneracy worse : 0 0 0 0 0 0 
SCL #err deg : 7316 / 9900
SCL #err weighted degeneracy : 7316 7316 7316 7316 7316 7316 
degeneracy helps : 0 0 0 0 0 0 
degeneracy worse : 0 0 0 0 0 0 
SCL #err deg : 7387 / 10000
SCL #err weighted degeneracy : 7387 7387 7387 7387 7387 7387 
degeneracy helps : 0 0 0 0 0 0 
degeneracy worse : 0 0 0 0 0 0 
average #flips: 266.367
SCL #err considering degeneracy: 7387
error due to equal 231
error due to SCL smaller 6408
Finish in 148 s
