Simulation Polar syndrome FASTER N=2048, K=1025, l=1, pz=0.18, #samples=10000, seed=0
PW construction
Event generator random seed: 0
SCL #err deg : 76 / 100
SCL #err weighted degeneracy : 76 76 76 76 76 76 
degeneracy helps : 0 0 0 0 0 0 
degeneracy worse : 0 0 0 0 0 0 
SCL #err deg : 143 / 200
SCL #err weighted degeneracy : 143 143 143 143 143 143 
degeneracy helps : 0 0 0 0 0 0 
degeneracy worse : 0 0 0 0 0 0 
SCL #err deg : 222 / 300
SCL #err weighted degeneracy : 222 222 222 222 222 222 
degeneracy helps : 0 0 0 0 0 0 
degeneracy worse : 0 0 0 0 0 0 
SCL #err deg : 294 / 400
SCL #err weighted degeneracy : 294 294 294 294 294 294 
degeneracy helps : 0 0 0 0 0 0 
degeneracy worse : 0 0 0 0 0 0 
SCL #err deg : 377 / 500
SCL #err weighted degeneracy : 377 377 377 377 377 377 
degeneracy helps : 0 0 0 0 0 0 
degeneracy worse : 0 0 0 0 0 0 
SCL #err deg : 449 / 600
SCL #err weighted degeneracy : 449 449 449 449 449 449 
degeneracy helps : 0 0 0 0 0 0 
degeneracy worse : 0 0 0 0 0 0 
SCL #err deg : 531 / 700
SCL #err weighted degeneracy : 531 531 531 531 531 531 
degeneracy helps : 0 0 0 0 0 0 
degeneracy worse : 0 0 0 0 0 0 
SCL #err deg : 606 / 800
SCL #err weighted degeneracy : 606 606 606 606 606 606 
degeneracy helps : 0 0 0 0 0 0 
degeneracy worse : 0 0 0 0 0 0 
SCL #err deg : 684 / 900
SCL #err weighted degeneracy : 684 684 684 684 684 684 
degeneracy helps : 0 0 0 0 0 0 
degeneracy worse : 0 0 0 0 0 0 
SCL #err deg : 762 / 1000
SCL #err weighted degeneracy : 762 762 762 762 762 762 
degeneracy helps : 0 0 0 0 0 0 
degeneracy worse : 0 0 0 0 0 0 
SCL #err deg : 834 / 1100
SCL #err weighted degeneracy : 834 834 834 834 834 834 
degeneracy helps : 0 0 0 0 0 0 
degeneracy worse : 0 0 0 0 0 0 
SCL #err deg : 911 / 1200
SCL #err weighted degeneracy : 911 911 911 911 911 911 
degeneracy helps : 0 0 0 0 0 0 
degeneracy worse : 0 0 0 0 0 0 
SCL #err deg : 990 / 1300
SCL #err weighted degeneracy : 990 990 990 990 990 990 
degeneracy helps : 0 0 0 0 0 0 
degeneracy worse : 0 0 0 0 0 0 
SCL #err deg : 1072 / 1400
SCL #err weighted degeneracy : 1072 1072 1072 1072 1072 1072 
degeneracy helps : 0 0 0 0 0 0 
degeneracy worse : 0 0 0 0 0 0 
SCL #err deg : 1149 / 1500
SCL #err weighted degeneracy : 1149 1149 1149 1149 1149 1149 
degeneracy helps : 0 0 0 0 0 0 
degeneracy worse : 0 0 0 0 0 0 
SCL #err deg : 1226 / 1600
SCL #err weighted degeneracy : 1226 1226 1226 1226 1226 1226 
degeneracy helps : 0 0 0 0 0 0 
degeneracy worse : 0 0 0 0 0 0 
SCL #err deg : 1308 / 1700
SCL #err weighted degeneracy : 1308 1308 1308 1308 1308 1308 
degeneracy helps : 0 0 0 0 0 0 
degeneracy worse : 0 0 0 0 0 0 
SCL #err deg : 1383 / 1800
SCL #err weighted degeneracy : 1383 1383 1383 1383 1383 1383 
degeneracy helps : 0 0 0 0 0 0 
degeneracy worse : 0 0 0 0 0 0 
SCL #err deg : 1464 / 1900
SCL #err weighted degeneracy : 1464 1464 1464 1464 1464 1464 
degeneracy helps : 0 0 0 0 0 0 
degeneracy worse : 0 0 0 0 0 0 
SCL #err deg : 1540 / 2000
SCL #err weighted degeneracy : 1540 1540 1540 1540 1540 1540 
degeneracy helps : 0 0 0 0 0 0 
degeneracy worse : 0 0 0 0 0 0 
SCL #err deg : 1614 / 2100
SCL #err weighted degeneracy : 1614 1614 1614 1614 1614 1614 
degeneracy helps : 0 0 0 0 0 0 
degeneracy worse : 0 0 0 0 0 0 
SCL #err deg : 1682 / 2200
SCL #err weighted degeneracy : 1682 1682 1682 1682 1682 1682 
degeneracy helps : 0 0 0 0 0 0 
degeneracy worse : 0 0 0 0 0 0 
SCL #err deg : 1749 / 2300
SCL #err weighted degeneracy : 1749 1749 1749 1749 1749 1749 
degeneracy helps : 0 0 0 0 0 0 
degeneracy worse : 0 0 0 0 0 0 
SCL #err deg : 1823 / 2400
SCL #err weighted degeneracy : 1823 1823 1823 1823 1823 1823 
degeneracy helps : 0 0 0 0 0 0 
degeneracy worse : 0 0 0 0 0 0 
SCL #err deg : 1901 / 2500
SCL #err weighted degeneracy : 1901 1901 1901 1901 1901 1901 
degeneracy helps : 0 0 0 0 0 0 
degeneracy worse : 0 0 0 0 0 0 
SCL #err deg : 1972 / 2600
SCL #err weighted degeneracy : 1972 1972 1972 1972 1972 1972 
degeneracy helps : 0 0 0 0 0 0 
degeneracy worse : 0 0 0 0 0 0 
SCL #err deg : 2054 / 2700
SCL #err weighted degeneracy : 2054 2054 2054 2054 2054 2054 
degeneracy helps : 0 0 0 0 0 0 
degeneracy worse : 0 0 0 0 0 0 
SCL #err deg : 2133 / 2800
SCL #err weighted degeneracy : 2133 2133 2133 2133 2133 2133 
degeneracy helps : 0 0 0 0 0 0 
degeneracy worse : 0 0 0 0 0 0 
SCL #err deg : 2215 / 2900
SCL #err weighted degeneracy : 2215 2215 2215 2215 2215 2215 
degeneracy helps : 0 0 0 0 0 0 
degeneracy worse : 0 0 0 0 0 0 
SCL #err deg : 2290 / 3000
SCL #err weighted degeneracy : 2290 2290 2290 2290 2290 2290 
degeneracy helps : 0 0 0 0 0 0 
degeneracy worse : 0 0 0 0 0 0 
SCL #err deg : 2363 / 3100
SCL #err weighted degeneracy : 2363 2363 2363 2363 2363 2363 
degeneracy helps : 0 0 0 0 0 0 
degeneracy worse : 0 0 0 0 0 0 
SCL #err deg : 2436 / 3200
SCL #err weighted degeneracy : 2436 2436 2436 2436 2436 2436 
degeneracy helps : 0 0 0 0 0 0 
degeneracy worse : 0 0 0 0 0 0 
SCL #err deg : 2515 / 3300
SCL #err weighted degeneracy : 2515 2515 2515 2515 2515 2515 
degeneracy helps : 0 0 0 0 0 0 
degeneracy worse : 0 0 0 0 0 0 
SCL #err deg : 2591 / 3400
SCL #err weighted degeneracy : 2591 2591 2591 2591 2591 2591 
degeneracy helps : 0 0 0 0 0 0 
degeneracy worse : 0 0 0 0 0 0 
SCL #err deg : 2668 / 3500
SCL #err weighted degeneracy : 2668 2668 2668 2668 2668 2668 
degeneracy helps : 0 0 0 0 0 0 
degeneracy worse : 0 0 0 0 0 0 
SCL #err deg : 2744 / 3600
SCL #err weighted degeneracy : 2744 2744 2744 2744 2744 2744 
degeneracy helps : 0 0 0 0 0 0 
degeneracy worse : 0 0 0 0 0 0 
SCL #err deg : 2818 / 3700
SCL #err weighted degeneracy : 2818 2818 2818 2818 2818 2818 
degeneracy helps : 0 0 0 0 0 0 
degeneracy worse : 0 0 0 0 0 0 
SCL #err deg : 2900 / 3800
SCL #err weighted degeneracy : 2900 2900 2900 2900 2900 2900 
degeneracy helps : 0 0 0 0 0 0 
degeneracy worse : 0 0 0 0 0 0 
SCL #err deg : 2977 / 3900
SCL #err weighted degeneracy : 2977 2977 2977 2977 2977 2977 
degeneracy helps : 0 0 0 0 0 0 
degeneracy worse : 0 0 0 0 0 0 
SCL #err deg : 3052 / 4000
SCL #err weighted degeneracy : 3052 3052 3052 3052 3052 3052 
degeneracy helps : 0 0 0 0 0 0 
degeneracy worse : 0 0 0 0 0 0 
SCL #err deg : 3127 / 4100
SCL #err weighted degeneracy : 3127 3127 3127 3127 3127 3127 
degeneracy helps : 0 0 0 0 0 0 
degeneracy worse : 0 0 0 0 0 0 
SCL #err deg : 3202 / 4200
SCL #err weighted degeneracy : 3202 3202 3202 3202 3202 3202 
degeneracy helps : 0 0 0 0 0 0 
degeneracy worse : 0 0 0 0 0 0 
SCL #err deg : 3273 / 4300
SCL #err weighted degeneracy : 3273 3273 3273 3273 3273 3273 
degeneracy helps : 0 0 0 0 0 0 
degeneracy worse : 0 0 0 0 0 0 
SCL #err deg : 3354 / 4400
SCL #err weighted degeneracy : 3354 3354 3354 3354 3354 3354 
degeneracy helps : 0 0 0 0 0 0 
degeneracy worse : 0 0 0 0 0 0 
SCL #err deg : 3432 / 4500
SCL #err weighted degeneracy : 3432 3432 3432 3432 3432 3432 
degeneracy helps : 0 0 0 0 0 0 
degeneracy worse : 0 0 0 0 0 0 
SCL #err deg : 3507 / 4600
SCL #err weighted degeneracy : 3507 3507 3507 3507 3507 3507 
degeneracy helps : 0 0 0 0 0 0 
degeneracy worse : 0 0 0 0 0 0 
SCL #err deg : 3581 / 4700
SCL #err weighted degeneracy : 3581 3581 3581 3581 3581 3581 
degeneracy helps : 0 0 0 0 0 0 
degeneracy worse : 0 0 0 0 0 0 
SCL #err deg : 3662 / 4800
SCL #err weighted degeneracy : 3662 3662 3662 3662 3662 3662 
degeneracy helps : 0 0 0 0 0 0 
degeneracy worse : 0 0 0 0 0 0 
SCL #err deg : 3738 / 4900
SCL #err weighted degeneracy : 3738 3738 3738 3738 3738 3738 
degeneracy helps : 0 0 0 0 0 0 
degeneracy worse : 0 0 0 0 0 0 
SCL #err deg : 3817 / 5000
SCL #err weighted degeneracy : 3817 3817 3817 3817 3817 3817 
degeneracy helps : 0 0 0 0 0 0 
degeneracy worse : 0 0 0 0 0 0 
SCL #err deg : 3898 / 5100
SCL #err weighted degeneracy : 3898 3898 3898 3898 3898 3898 
degeneracy helps : 0 0 0 0 0 0 
degeneracy worse : 0 0 0 0 0 0 
SCL #err deg : 3974 / 5200
SCL #err weighted degeneracy : 3974 3974 3974 3974 3974 3974 
degeneracy helps : 0 0 0 0 0 0 
degeneracy worse : 0 0 0 0 0 0 
SCL #err deg : 4057 / 5300
SCL #err weighted degeneracy : 4057 4057 4057 4057 4057 4057 
degeneracy helps : 0 0 0 0 0 0 
degeneracy worse : 0 0 0 0 0 0 
SCL #err deg : 4131 / 5400
SCL #err weighted degeneracy : 4131 4131 4131 4131 4131 4131 
degeneracy helps : 0 0 0 0 0 0 
degeneracy worse : 0 0 0 0 0 0 
SCL #err deg : 4207 / 5500
SCL #err weighted degeneracy : 4207 4207 4207 4207 4207 4207 
degeneracy helps : 0 0 0 0 0 0 
degeneracy worse : 0 0 0 0 0 0 
SCL #err deg : 4279 / 5600
SCL #err weighted degeneracy : 4279 4279 4279 4279 4279 4279 
degeneracy helps : 0 0 0 0 0 0 
degeneracy worse : 0 0 0 0 0 0 
SCL #err deg : 4357 / 5700
SCL #err weighted degeneracy : 4357 4357 4357 4357 4357 4357 
degeneracy helps : 0 0 0 0 0 0 
degeneracy worse : 0 0 0 0 0 0 
SCL #err deg : 4425 / 5800
SCL #err weighted degeneracy : 4425 4425 4425 4425 4425 4425 
degeneracy helps : 0 0 0 0 0 0 
degeneracy worse : 0 0 0 0 0 0 
SCL #err deg : 4496 / 5900
SCL #err weighted degeneracy : 4496 4496 4496 4496 4496 4496 
degeneracy helps : 0 0 0 0 0 0 
degeneracy worse : 0 0 0 0 0 0 
SCL #err deg : 4575 / 6000
SCL #err weighted degeneracy : 4575 4575 4575 4575 4575 4575 
degeneracy helps : 0 0 0 0 0 0 
degeneracy worse : 0 0 0 0 0 0 
SCL #err deg : 4650 / 6100
SCL #err weighted degeneracy : 4650 4650 4650 4650 4650 4650 
degeneracy helps : 0 0 0 0 0 0 
degeneracy worse : 0 0 0 0 0 0 
SCL #err deg : 4729 / 6200
SCL #err weighted degeneracy : 4729 4729 4729 4729 4729 4729 
degeneracy helps : 0 0 0 0 0 0 
degeneracy worse : 0 0 0 0 0 0 
SCL #err deg : 4795 / 6300
SCL #err weighted degeneracy : 4795 4795 4795 4795 4795 4795 
degeneracy helps : 0 0 0 0 0 0 
degeneracy worse : 0 0 0 0 0 0 
SCL #err deg : 4872 / 6400
SCL #err weighted degeneracy : 4872 4872 4872 4872 4872 4872 
degeneracy helps : 0 0 0 0 0 0 
degeneracy worse : 0 0 0 0 0 0 
SCL #err deg : 4949 / 6500
SCL #err weighted degeneracy : 4949 4949 4949 4949 4949 4949 
degeneracy helps : 0 0 0 0 0 0 
degeneracy worse : 0 0 0 0 0 0 
SCL #err deg : 5024 / 6600
SCL #err weighted degeneracy : 5024 5024 5024 5024 5024 5024 
degeneracy helps : 0 0 0 0 0 0 
degeneracy worse : 0 0 0 0 0 0 
SCL #err deg : 5102 / 6700
SCL #err weighted degeneracy : 5102 5102 5102 5102 5102 5102 
degeneracy helps : 0 0 0 0 0 0 
degeneracy worse : 0 0 0 0 0 0 
SCL #err deg : 5181 / 6800
SCL #err weighted degeneracy : 5181 5181 5181 5181 5181 5181 
degeneracy helps : 0 0 0 0 0 0 
degeneracy worse : 0 0 0 0 0 0 
SCL #err deg : 5254 / 6900
SCL #err weighted degeneracy : 5254 5254 5254 5254 5254 5254 
degeneracy helps : 0 0 0 0 0 0 
degeneracy worse : 0 0 0 0 0 0 
SCL #err deg : 5331 / 7000
SCL #err weighted degeneracy : 5331 5331 5331 5331 5331 5331 
degeneracy helps : 0 0 0 0 0 0 
degeneracy worse : 0 0 0 0 0 0 
SCL #err deg : 5390 / 7100
SCL #err weighted degeneracy : 5390 5390 5390 5390 5390 5390 
degeneracy helps : 0 0 0 0 0 0 
degeneracy worse : 0 0 0 0 0 0 
SCL #err deg : 5467 / 7200
SCL #err weighted degeneracy : 5467 5467 5467 5467 5467 5467 
degeneracy helps : 0 0 0 0 0 0 
degeneracy worse : 0 0 0 0 0 0 
SCL #err deg : 5542 / 7300
SCL #err weighted degeneracy : 5542 5542 5542 5542 5542 5542 
degeneracy helps : 0 0 0 0 0 0 
degeneracy worse : 0 0 0 0 0 0 
SCL #err deg : 5618 / 7400
SCL #err weighted degeneracy : 5618 5618 5618 5618 5618 5618 
degeneracy helps : 0 0 0 0 0 0 
degeneracy worse : 0 0 0 0 0 0 
SCL #err deg : 5697 / 7500
SCL #err weighted degeneracy : 5697 5697 5697 5697 5697 5697 
degeneracy helps : 0 0 0 0 0 0 
degeneracy worse : 0 0 0 0 0 0 
SCL #err deg : 5777 / 7600
SCL #err weighted degeneracy : 5777 5777 5777 5777 5777 5777 
degeneracy helps : 0 0 0 0 0 0 
degeneracy worse : 0 0 0 0 0 0 
SCL #err deg : 5841 / 7700
SCL #err weighted degeneracy : 5841 5841 5841 5841 5841 5841 
degeneracy helps : 0 0 0 0 0 0 
degeneracy worse : 0 0 0 0 0 0 
SCL #err deg : 5920 / 7800
SCL #err weighted degeneracy : 5920 5920 5920 5920 5920 5920 
degeneracy helps : 0 0 0 0 0 0 
degeneracy worse : 0 0 0 0 0 0 
SCL #err deg : 5996 / 7900
SCL #err weighted degeneracy : 5996 5996 5996 5996 5996 5996 
degeneracy helps : 0 0 0 0 0 0 
degeneracy worse : 0 0 0 0 0 0 
SCL #err deg : 6068 / 8000
SCL #err weighted degeneracy : 6068 6068 6068 6068 6068 6068 
degeneracy helps : 0 0 0 0 0 0 
degeneracy worse : 0 0 0 0 0 0 
SCL #err deg : 6141 / 8100
SCL #err weighted degeneracy : 6141 6141 6141 6141 6141 6141 
degeneracy helps : 0 0 0 0 0 0 
degeneracy worse : 0 0 0 0 0 0 
SCL #err deg : 6212 / 8200
SCL #err weighted degeneracy : 6212 6212 6212 6212 6212 6212 
degeneracy helps : 0 0 0 0 0 0 
degeneracy worse : 0 0 0 0 0 0 
SCL #err deg : 6290 / 8300
SCL #err weighted degeneracy : 6290 6290 6290 6290 6290 6290 
degeneracy helps : 0 0 0 0 0 0 
degeneracy worse : 0 0 0 0 0 0 
SCL #err deg : 6365 / 8400
SCL #err weighted degeneracy : 6365 6365 6365 6365 6365 6365 
degeneracy helps : 0 0 0 0 0 0 
degeneracy worse : 0 0 0 0 0 0 
SCL #err deg : 6441 / 8500
SCL #err weighted degeneracy : 6441 6441 6441 6441 6441 6441 
degeneracy helps : 0 0 0 0 0 0 
degeneracy worse : 0 0 0 0 0 0 
SCL #err deg : 6514 / 8600
SCL #err weighted degeneracy : 6514 6514 6514 6514 6514 6514 
degeneracy helps : 0 0 0 0 0 0 
degeneracy worse : 0 0 0 0 0 0 
SCL #err deg : 6581 / 8700
SCL #err weighted degeneracy : 6581 6581 6581 6581 6581 6581 
degeneracy helps : 0 0 0 0 0 0 
degeneracy worse : 0 0 0 0 0 0 
SCL #err deg : 6656 / 8800
SCL #err weighted degeneracy : 6656 6656 6656 6656 6656 6656 
degeneracy helps : 0 0 0 0 0 0 
degeneracy worse : 0 0 0 0 0 0 
SCL #err deg : 6725 / 8900
SCL #err weighted degeneracy : 6725 6725 6725 6725 6725 6725 
degeneracy helps : 0 0 0 0 0 0 
degeneracy worse : 0 0 0 0 0 0 
SCL #err deg : 6804 / 9000
SCL #err weighted degeneracy : 6804 6804 6804 6804 6804 6804 
degeneracy helps : 0 0 0 0 0 0 
degeneracy worse : 0 0 0 0 0 0 
SCL #err deg : 6879 / 9100
SCL #err weighted degeneracy : 6879 6879 6879 6879 6879 6879 
degeneracy helps : 0 0 0 0 0 0 
degeneracy worse : 0 0 0 0 0 0 
SCL #err deg : 6954 / 9200
SCL #err weighted degeneracy : 6954 6954 6954 6954 6954 6954 
degeneracy helps : 0 0 0 0 0 0 
degeneracy worse : 0 0 0 0 0 0 
SCL #err deg : 7031 / 9300
SCL #err weighted degeneracy : 7031 7031 7031 7031 7031 7031 
degeneracy helps : 0 0 0 0 0 0 
degeneracy worse : 0 0 0 0 0 0 
SCL #err deg : 7099 / 9400
SCL #err weighted degeneracy : 7099 7099 7099 7099 7099 7099 
degeneracy helps : 0 0 0 0 0 0 
degeneracy worse : 0 0 0 0 0 0 
SCL #err deg : 7171 / 9500
SCL #err weighted degeneracy : 7171 7171 7171 7171 7171 7171 
degeneracy helps : 0 0 0 0 0 0 
degeneracy worse : 0 0 0 0 0 0 
SCL #err deg : 7253 / 9600
SCL #err weighted degeneracy : 7253 7253 7253 7253 7253 7253 
degeneracy helps : 0 0 0 0 0 0 
degeneracy worse : 0 0 0 0 0 0 
SCL #err deg : 7330 / 9700
SCL #err weighted degeneracy : 7330 7330 7330 7330 7330 7330 
degeneracy helps : 0 0 0 0 0 0 
degeneracy worse : 0 0 0 0 0 0 
SCL #err deg : 7412 / 9800
SCL #err weighted degeneracy : 7412 7412 7412 7412 7412 7412 
degeneracy helps : 0 0 0 0 0 0 
degeneracy worse : 0 0 0 0 0 0 
SCL #err deg : 7479 / 9900
SCL #err weighted degeneracy : 7479 7479 7479 7479 7479 7479 
degeneracy helps : 0 0 0 0 0 0 
degeneracy worse : 0 0 0 0 0 0 
SCL #err deg : 7551 / 10000
SCL #err weighted degeneracy : 7551 7551 7551 7551 7551 7551 
degeneracy helps : 0 0 0 0 0 0 
degeneracy worse : 0 0 0 0 0 0 
average #flips: 368.749
SCL #err considering degeneracy: 7551
error due to equal 0
error due to SCL smaller 7551
Finish in 156 s
