Simulation Polar syndrome FASTER N=2048, K=1025, l=1, pz=0.2, #samples=10000, seed=0
PW construction
Event generator random seed: 0
SCL #err deg : 72 / 100
SCL #err weighted degeneracy : 72 72 72 72 72 72 
degeneracy helps : 0 0 0 0 0 0 
degeneracy worse : 0 0 0 0 0 0 
SCL #err deg : 147 / 200
SCL #err weighted degeneracy : 147 147 147 147 147 147 
degeneracy helps : 0 0 0 0 0 0 
degeneracy worse : 0 0 0 0 0 0 
SCL #err deg : 220 / 300
SCL #err weighted degeneracy : 220 220 220 220 220 220 
degeneracy helps : 0 0 0 0 0 0 
degeneracy worse : 0 0 0 0 0 0 
SCL #err deg : 301 / 400
SCL #err weighted degeneracy : 301 301 301 301 301 301 
degeneracy helps : 0 0 0 0 0 0 
degeneracy worse : 0 0 0 0 0 0 
SCL #err deg : 377 / 500
SCL #err weighted degeneracy : 377 377 377 377 377 377 
degeneracy helps : 0 0 0 0 0 0 
degeneracy worse : 0 0 0 0 0 0 
SCL #err deg : 443 / 600
SCL #err weighted degeneracy : 443 443 443 443 443 443 
degeneracy helps : 0 0 0 0 0 0 
degeneracy worse : 0 0 0 0 0 0 
SCL #err deg : 520 / 700
SCL #err weighted degeneracy : 520 520 520 520 520 520 
degeneracy helps : 0 0 0 0 0 0 
degeneracy worse : 0 0 0 0 0 0 
SCL #err deg : 591 / 800
SCL #err weighted degeneracy : 591 591 591 591 591 591 
degeneracy helps : 0 0 0 0 0 0 
degeneracy worse : 0 0 0 0 0 0 
SCL #err deg : 662 / 900
SCL #err weighted degeneracy : 662 662 662 662 662 662 
degeneracy helps : 0 0 0 0 0 0 
degeneracy worse : 0 0 0 0 0 0 
SCL #err deg : 730 / 1000
SCL #err weighted degeneracy : 730 730 730 730 730 730 
degeneracy helps : 0 0 0 0 0 0 
degeneracy worse : 0 0 0 0 0 0 
SCL #err deg : 803 / 1100
SCL #err weighted degeneracy : 803 803 803 803 803 803 
degeneracy helps : 0 0 0 0 0 0 
degeneracy worse : 0 0 0 0 0 0 
SCL #err deg : 877 / 1200
SCL #err weighted degeneracy : 877 877 877 877 877 877 
degeneracy helps : 0 0 0 0 0 0 
degeneracy worse : 0 0 0 0 0 0 
SCL #err deg : 947 / 1300
SCL #err weighted degeneracy : 947 947 947 947 947 947 
degeneracy helps : 0 0 0 0 0 0 
degeneracy worse : 0 0 0 0 0 0 
SCL #err deg : 1023 / 1400
SCL #err weighted degeneracy : 1023 1023 1023 1023 1023 1023 
degeneracy helps : 0 0 0 0 0 0 
degeneracy worse : 0 0 0 0 0 0 
SCL #err deg : 1096 / 1500
SCL #err weighted degeneracy : 1096 1096 1096 1096 1096 1096 
degeneracy helps : 0 0 0 0 0 0 
degeneracy worse : 0 0 0 0 0 0 
SCL #err deg : 1166 / 1600
SCL #err weighted degeneracy : 1166 1166 1166 1166 1166 1166 
degeneracy helps : 0 0 0 0 0 0 
degeneracy worse : 0 0 0 0 0 0 
SCL #err deg : 1252 / 1700
SCL #err weighted degeneracy : 1252 1252 1252 1252 1252 1252 
degeneracy helps : 0 0 0 0 0 0 
degeneracy worse : 0 0 0 0 0 0 
SCL #err deg : 1328 / 1800
SCL #err weighted degeneracy : 1328 1328 1328 1328 1328 1328 
degeneracy helps : 0 0 0 0 0 0 
degeneracy worse : 0 0 0 0 0 0 
SCL #err deg : 1404 / 1900
SCL #err weighted degeneracy : 1404 1404 1404 1404 1404 1404 
degeneracy helps : 0 0 0 0 0 0 
degeneracy worse : 0 0 0 0 0 0 
SCL #err deg : 1480 / 2000
SCL #err weighted degeneracy : 1480 1480 1480 1480 1480 1480 
degeneracy helps : 0 0 0 0 0 0 
degeneracy worse : 0 0 0 0 0 0 
SCL #err deg : 1554 / 2100
SCL #err weighted degeneracy : 1554 1554 1554 1554 1554 1554 
degeneracy helps : 0 0 0 0 0 0 
degeneracy worse : 0 0 0 0 0 0 
SCL #err deg : 1624 / 2200
SCL #err weighted degeneracy : 1624 1624 1624 1624 1624 1624 
degeneracy helps : 0 0 0 0 0 0 
degeneracy worse : 0 0 0 0 0 0 
SCL #err deg : 1697 / 2300
SCL #err weighted degeneracy : 1697 1697 1697 1697 1697 1697 
degeneracy helps : 0 0 0 0 0 0 
degeneracy worse : 0 0 0 0 0 0 
SCL #err deg : 1775 / 2400
SCL #err weighted degeneracy : 1775 1775 1775 1775 1775 1775 
degeneracy helps : 0 0 0 0 0 0 
degeneracy worse : 0 0 0 0 0 0 
SCL #err deg : 1849 / 2500
SCL #err weighted degeneracy : 1849 1849 1849 1849 1849 1849 
degeneracy helps : 0 0 0 0 0 0 
degeneracy worse : 0 0 0 0 0 0 
SCL #err deg : 1930 / 2600
SCL #err weighted degeneracy : 1930 1930 1930 1930 1930 1930 
degeneracy helps : 0 0 0 0 0 0 
degeneracy worse : 0 0 0 0 0 0 
SCL #err deg : 2007 / 2700
SCL #err weighted degeneracy : 2007 2007 2007 2007 2007 2007 
degeneracy helps : 0 0 0 0 0 0 
degeneracy worse : 0 0 0 0 0 0 
SCL #err deg : 2081 / 2800
SCL #err weighted degeneracy : 2081 2081 2081 2081 2081 2081 
degeneracy helps : 0 0 0 0 0 0 
degeneracy worse : 0 0 0 0 0 0 
SCL #err deg : 2160 / 2900
SCL #err weighted degeneracy : 2160 2160 2160 2160 2160 2160 
degeneracy helps : 0 0 0 0 0 0 
degeneracy worse : 0 0 0 0 0 0 
SCL #err deg : 2245 / 3000
SCL #err weighted degeneracy : 2245 2245 2245 2245 2245 2245 
degeneracy helps : 0 0 0 0 0 0 
degeneracy worse : 0 0 0 0 0 0 
SCL #err deg : 2317 / 3100
SCL #err weighted degeneracy : 2317 2317 2317 2317 2317 2317 
degeneracy helps : 0 0 0 0 0 0 
degeneracy worse : 0 0 0 0 0 0 
SCL #err deg : 2391 / 3200
SCL #err weighted degeneracy : 2391 2391 2391 2391 2391 2391 
degeneracy helps : 0 0 0 0 0 0 
degeneracy worse : 0 0 0 0 0 0 
SCL #err deg : 2459 / 3300
SCL #err weighted degeneracy : 2459 2459 2459 2459 2459 2459 
degeneracy helps : 0 0 0 0 0 0 
degeneracy worse : 0 0 0 0 0 0 
SCL #err deg : 2535 / 3400
SCL #err weighted degeneracy : 2535 2535 2535 2535 2535 2535 
degeneracy helps : 0 0 0 0 0 0 
degeneracy worse : 0 0 0 0 0 0 
SCL #err deg : 2613 / 3500
SCL #err weighted degeneracy : 2613 2613 2613 2613 2613 2613 
degeneracy helps : 0 0 0 0 0 0 
degeneracy worse : 0 0 0 0 0 0 
SCL #err deg : 2680 / 3600
SCL #err weighted degeneracy : 2680 2680 2680 2680 2680 2680 
degeneracy helps : 0 0 0 0 0 0 
degeneracy worse : 0 0 0 0 0 0 
SCL #err deg : 2760 / 3700
SCL #err weighted degeneracy : 2760 2760 2760 2760 2760 2760 
degeneracy helps : 0 0 0 0 0 0 
degeneracy worse : 0 0 0 0 0 0 
SCL #err deg : 2825 / 3800
SCL #err weighted degeneracy : 2825 2825 2825 2825 2825 2825 
degeneracy helps : 0 0 0 0 0 0 
degeneracy worse : 0 0 0 0 0 0 
SCL #err deg : 2903 / 3900
SCL #err weighted degeneracy : 2903 2903 2903 2903 2903 2903 
degeneracy helps : 0 0 0 0 0 0 
degeneracy worse : 0 0 0 0 0 0 
SCL #err deg : 2972 / 4000
SCL #err weighted degeneracy : 2972 2972 2972 2972 2972 2972 
degeneracy helps : 0 0 0 0 0 0 
degeneracy worse : 0 0 0 0 0 0 
SCL #err deg : 3054 / 4100
SCL #err weighted degeneracy : 3054 3054 3054 3054 3054 3054 
degeneracy helps : 0 0 0 0 0 0 
degeneracy worse : 0 0 0 0 0 0 
SCL #err deg : 3130 / 4200
SCL #err weighted degeneracy : 3130 3130 3130 3130 3130 3130 
degeneracy helps : 0 0 0 0 0 0 
degeneracy worse : 0 0 0 0 0 0 
SCL #err deg : 3206 / 4300
SCL #err weighted degeneracy : 3206 3206 3206 3206 3206 3206 
degeneracy helps : 0 0 0 0 0 0 
degeneracy worse : 0 0 0 0 0 0 
SCL #err deg : 3276 / 4400
SCL #err weighted degeneracy : 3276 3276 3276 3276 3276 3276 
degeneracy helps : 0 0 0 0 0 0 
degeneracy worse : 0 0 0 0 0 0 
SCL #err deg : 3361 / 4500
SCL #err weighted degeneracy : 3361 3361 3361 3361 3361 3361 
degeneracy helps : 0 0 0 0 0 0 
degeneracy worse : 0 0 0 0 0 0 
SCL #err deg : 3430 / 4600
SCL #err weighted degeneracy : 3430 3430 3430 3430 3430 3430 
degeneracy helps : 0 0 0 0 0 0 
degeneracy worse : 0 0 0 0 0 0 
SCL #err deg : 3498 / 4700
SCL #err weighted degeneracy : 3498 3498 3498 3498 3498 3498 
degeneracy helps : 0 0 0 0 0 0 
degeneracy worse : 0 0 0 0 0 0 
SCL #err deg : 3585 / 4800
SCL #err weighted degeneracy : 3585 3585 3585 3585 3585 3585 
degeneracy helps : 0 0 0 0 0 0 
degeneracy worse : 0 0 0 0 0 0 
SCL #err deg : 3663 / 4900
SCL #err weighted degeneracy : 3663 3663 3663 3663 3663 3663 
degeneracy helps : 0 0 0 0 0 0 
degeneracy worse : 0 0 0 0 0 0 
SCL #err deg : 3744 / 5000
SCL #err weighted degeneracy : 3744 3744 3744 3744 3744 3744 
degeneracy helps : 0 0 0 0 0 0 
degeneracy worse : 0 0 0 0 0 0 
SCL #err deg : 3818 / 5100
SCL #err weighted degeneracy : 3818 3818 3818 3818 3818 3818 
degeneracy helps : 0 0 0 0 0 0 
degeneracy worse : 0 0 0 0 0 0 
SCL #err deg : 3892 / 5200
SCL #err weighted degeneracy : 3892 3892 3892 3892 3892 3892 
degeneracy helps : 0 0 0 0 0 0 
degeneracy worse : 0 0 0 0 0 0 
SCL #err deg : 3968 / 5300
SCL #err weighted degeneracy : 3968 3968 3968 3968 3968 3968 
degeneracy helps : 0 0 0 0 0 0 
degeneracy worse : 0 0 0 0 0 0 
SCL #err deg : 4044 / 5400
SCL #err weighted degeneracy : 4044 4044 4044 4044 4044 4044 
degeneracy helps : 0 0 0 0 0 0 
degeneracy worse : 0 0 0 0 0 0 
SCL #err deg : 4119 / 5500
SCL #err weighted degeneracy : 4119 4119 4119 4119 4119 4119 
degeneracy helps : 0 0 0 0 0 0 
degeneracy worse : 0 0 0 0 0 0 
SCL #err deg : 4194 / 5600
SCL #err weighted degeneracy : 4194 4194 4194 4194 4194 4194 
degeneracy helps : 0 0 0 0 0 0 
degeneracy worse : 0 0 0 0 0 0 
SCL #err deg : 4271 / 5700
SCL #err weighted degeneracy : 4271 4271 4271 4271 4271 4271 
degeneracy helps : 0 0 0 0 0 0 
degeneracy worse : 0 0 0 0 0 0 
SCL #err deg : 4347 / 5800
SCL #err weighted degeneracy : 4347 4347 4347 4347 4347 4347 
degeneracy helps : 0 0 0 0 0 0 
degeneracy worse : 0 0 0 0 0 0 
SCL #err deg : 4419 / 5900
SCL #err weighted degeneracy : 4419 4419 4419 4419 4419 4419 
degeneracy helps : 0 0 0 0 0 0 
degeneracy worse : 0 0 0 0 0 0 
SCL #err deg : 4501 / 6000
SCL #err weighted degeneracy : 4501 4501 4501 4501 4501 4501 
degeneracy helps : 0 0 0 0 0 0 
degeneracy worse : 0 0 0 0 0 0 
SCL #err deg : 4575 / 6100
SCL #err weighted degeneracy : 4575 4575 4575 4575 4575 4575 
degeneracy helps : 0 0 0 0 0 0 
degeneracy worse : 0 0 0 0 0 0 
SCL #err deg : 4649 / 6200
SCL #err weighted degeneracy : 4649 4649 4649 4649 4649 4649 
degeneracy helps : 0 0 0 0 0 0 
degeneracy worse : 0 0 0 0 0 0 
SCL #err deg : 4724 / 6300
SCL #err weighted degeneracy : 4724 4724 4724 4724 4724 4724 
degeneracy helps : 0 0 0 0 0 0 
degeneracy worse : 0 0 0 0 0 0 
SCL #err deg : 4802 / 6400
SCL #err weighted degeneracy : 4802 4802 4802 4802 4802 4802 
degeneracy helps : 0 0 0 0 0 0 
degeneracy worse : 0 0 0 0 0 0 
SCL #err deg : 4876 / 6500
SCL #err weighted degeneracy : 4876 4876 4876 4876 4876 4876 
degeneracy helps : 0 0 0 0 0 0 
degeneracy worse : 0 0 0 0 0 0 
SCL #err deg : 4958 / 6600
SCL #err weighted degeneracy : 4958 4958 4958 4958 4958 4958 
degeneracy helps : 0 0 0 0 0 0 
degeneracy worse : 0 0 0 0 0 0 
SCL #err deg : 5029 / 6700
SCL #err weighted degeneracy : 5029 5029 5029 5029 5029 5029 
degeneracy helps : 0 0 0 0 0 0 
degeneracy worse : 0 0 0 0 0 0 
SCL #err deg : 5108 / 6800
SCL #err weighted degeneracy : 5108 5108 5108 5108 5108 5108 
degeneracy helps : 0 0 0 0 0 0 
degeneracy worse : 0 0 0 0 0 0 
SCL #err deg : 5183 / 6900
SCL #err weighted degeneracy : 5183 5183 5183 5183 5183 5183 
degeneracy helps : 0 0 0 0 0 0 
degeneracy worse : 0 0 0 0 0 0 
SCL #err deg : 5261 / 7000
SCL #err weighted degeneracy : 5261 5261 5261 5261 5261 5261 
degeneracy helps : 0 0 0 0 0 0 
degeneracy worse : 0 0 0 0 0 0 
SCL #err deg : 5343 / 7100
SCL #err weighted degeneracy : 5343 5343 5343 5343 5343 5343 
degeneracy helps : 0 0 0 0 0 0 
degeneracy worse : 0 0 0 0 0 0 
SCL #err deg : 5417 / 7200
SCL #err weighted degeneracy : 5417 5417 5417 5417 5417 5417 
degeneracy helps : 0 0 0 0 0 0 
degeneracy worse : 0 0 0 0 0 0 
SCL #err deg : 5487 / 7300
SCL #err weighted degeneracy : 5487 5487 5487 5487 5487 5487 
degeneracy helps : 0 0 0 0 0 0 
degeneracy worse : 0 0 0 0 0 0 
SCL #err deg : 5560 / 7400
SCL #err weighted degeneracy : 5560 5560 5560 5560 5560 5560 
degeneracy helps : 0 0 0 0 0 0 
degeneracy worse : 0 0 0 0 0 0 
SCL #err deg : 5634 / 7500
SCL #err weighted degeneracy : 5634 5634 5634 5634 5634 5634 
degeneracy helps : 0 0 0 0 0 0 
degeneracy worse : 0 0 0 0 0 0 
SCL #err deg : 5705 / 7600
SCL #err weighted degeneracy : 5705 5705 5705 5705 5705 5705 
degeneracy helps : 0 0 0 0 0 0 
degeneracy worse : 0 0 0 0 0 0 
SCL #err deg : 5783 / 7700
SCL #err weighted degeneracy : 5783 5783 5783 5783 5783 5783 
degeneracy helps : 0 0 0 0 0 0 
degeneracy worse : 0 0 0 0 0 0 
SCL #err deg : 5866 / 7800
SCL #err weighted degeneracy : 5866 5866 5866 5866 5866 5866 
degeneracy helps : 0 0 0 0 0 0 
degeneracy worse : 0 0 0 0 0 0 
SCL #err deg : 5940 / 7900
SCL #err weighted degeneracy : 5940 5940 5940 5940 5940 5940 
degeneracy helps : 0 0 0 0 0 0 
degeneracy worse : 0 0 0 0 0 0 
SCL #err deg : 6013 / 8000
SCL #err weighted degeneracy : 6013 6013 6013 6013 6013 6013 
degeneracy helps : 0 0 0 0 0 0 
degeneracy worse : 0 0 0 0 0 0 
SCL #err deg : 6092 / 8100
SCL #err weighted degeneracy : 6092 6092 6092 6092 6092 6092 
degeneracy helps : 0 0 0 0 0 0 
degeneracy worse : 0 0 0 0 0 0 
SCL #err deg : 6168 / 8200
SCL #err weighted degeneracy : 6168 6168 6168 6168 6168 6168 
degeneracy helps : 0 0 0 0 0 0 
degeneracy worse : 0 0 0 0 0 0 
SCL #err deg : 6241 / 8300
SCL #err weighted degeneracy : 6241 6241 6241 6241 6241 6241 
degeneracy helps : 0 0 0 0 0 0 
degeneracy worse : 0 0 0 0 0 0 
SCL #err deg : 6317 / 8400
SCL #err weighted degeneracy : 6317 6317 6317 6317 6317 6317 
degeneracy helps : 0 0 0 0 0 0 
degeneracy worse : 0 0 0 0 0 0 
SCL #err deg : 6389 / 8500
SCL #err weighted degeneracy : 6389 6389 6389 6389 6389 6389 
degeneracy helps : 0 0 0 0 0 0 
degeneracy worse : 0 0 0 0 0 0 
SCL #err deg : 6457 / 8600
SCL #err weighted degeneracy : 6457 6457 6457 6457 6457 6457 
degeneracy helps : 0 0 0 0 0 0 
degeneracy worse : 0 0 0 0 0 0 
SCL #err deg : 6532 / 8700
SCL #err weighted degeneracy : 6532 6532 6532 6532 6532 6532 
degeneracy helps : 0 0 0 0 0 0 
degeneracy worse : 0 0 0 0 0 0 
SCL #err deg : 6599 / 8800
SCL #err weighted degeneracy : 6599 6599 6599 6599 6599 6599 
degeneracy helps : 0 0 0 0 0 0 
degeneracy worse : 0 0 0 0 0 0 
SCL #err deg : 6670 / 8900
SCL #err weighted degeneracy : 6670 6670 6670 6670 6670 6670 
degeneracy helps : 0 0 0 0 0 0 
degeneracy worse : 0 0 0 0 0 0 
SCL #err deg : 6739 / 9000
SCL #err weighted degeneracy : 6739 6739 6739 6739 6739 6739 
degeneracy helps : 0 0 0 0 0 0 
degeneracy worse : 0 0 0 0 0 0 
SCL #err deg : 6811 / 9100
SCL #err weighted degeneracy : 6811 6811 6811 6811 6811 6811 
degeneracy helps : 0 0 0 0 0 0 
degeneracy worse : 0 0 0 0 0 0 
SCL #err deg : 6888 / 9200
SCL #err weighted degeneracy : 6888 6888 6888 6888 6888 6888 
degeneracy helps : 0 0 0 0 0 0 
degeneracy worse : 0 0 0 0 0 0 
SCL #err deg : 6969 / 9300
SCL #err weighted degeneracy : 6969 6969 6969 6969 6969 6969 
degeneracy helps : 0 0 0 0 0 0 
degeneracy worse : 0 0 0 0 0 0 
SCL #err deg : 7043 / 9400
SCL #err weighted degeneracy : 7043 7043 7043 7043 7043 7043 
degeneracy helps : 0 0 0 0 0 0 
degeneracy worse : 0 0 0 0 0 0 
SCL #err deg : 7111 / 9500
SCL #err weighted degeneracy : 7111 7111 7111 7111 7111 7111 
degeneracy helps : 0 0 0 0 0 0 
degeneracy worse : 0 0 0 0 0 0 
SCL #err deg : 7188 / 9600
SCL #err weighted degeneracy : 7188 7188 7188 7188 7188 7188 
degeneracy helps : 0 0 0 0 0 0 
degeneracy worse : 0 0 0 0 0 0 
SCL #err deg : 7267 / 9700
SCL #err weighted degeneracy : 7267 7267 7267 7267 7267 7267 
degeneracy helps : 0 0 0 0 0 0 
degeneracy worse : 0 0 0 0 0 0 
SCL #err deg : 7341 / 9800
SCL #err weighted degeneracy : 7341 7341 7341 7341 7341 7341 
degeneracy helps : 0 0 0 0 0 0 
degeneracy worse : 0 0 0 0 0 0 
SCL #err deg : 7415 / 9900
SCL #err weighted degeneracy : 7415 7415 7415 7415 7415 7415 
degeneracy helps : 0 0 0 0 0 0 
degeneracy worse : 0 0 0 0 0 0 
SCL #err deg : 7492 / 10000
SCL #err weighted degeneracy : 7492 7492 7492 7492 7492 7492 
degeneracy helps : 0 0 0 0 0 0 
degeneracy worse : 0 0 0 0 0 0 
average #flips: 409.623
SCL #err considering degeneracy: 7492
error due to equal 0
error due to SCL smaller 7492
Finish in 156 s
