Simulation Polar syndrome FASTER N=64, K=33, l=128, pz=0.09, #samples=10000, seed=37
HPW construction
Event generator random seed: 37
SCL #err deg : 18 / 100
SCL #err weighted degeneracy : 16 16 16 23 24 23 
degeneracy helps : 9 9 9 9 8 8 
degeneracy worse : 7 7 7 14 14 13 
SCL #err deg : 35 / 200
SCL #err weighted degeneracy : 32 32 32 44 45 43 
degeneracy helps : 11 11 11 12 11 11 
degeneracy worse : 8 8 8 21 21 19 
SCL #err deg : 58 / 300
SCL #err weighted degeneracy : 56 56 56 70 71 70 
degeneracy helps : 20 20 20 21 20 19 
degeneracy worse : 18 18 18 33 33 31 
SCL #err deg : 79 / 400
SCL #err weighted degeneracy : 81 81 81 96 97 96 
degeneracy helps : 23 23 23 24 23 22 
degeneracy worse : 25 25 25 41 41 39 
SCL #err deg : 99 / 500
SCL #err weighted degeneracy : 101 101 101 125 127 125 
degeneracy helps : 31 31 31 32 31 30 
degeneracy worse : 33 33 33 58 59 56 
SCL #err deg : 124 / 600
SCL #err weighted degeneracy : 124 124 124 149 153 152 
degeneracy helps : 38 38 38 40 38 37 
degeneracy worse : 38 38 38 65 67 65 
SCL #err deg : 149 / 700
SCL #err weighted degeneracy : 147 147 147 178 183 182 
degeneracy helps : 43 44 44 46 44 43 
degeneracy worse : 42 42 42 75 78 76 
SCL #err deg : 173 / 800
SCL #err weighted degeneracy : 162 162 162 194 199 198 
degeneracy helps : 56 57 57 60 58 57 
degeneracy worse : 46 46 46 81 84 82 
SCL #err deg : 195 / 900
SCL #err weighted degeneracy : 180 180 180 217 224 226 
degeneracy helps : 63 64 64 67 65 64 
degeneracy worse : 49 49 49 89 94 95 
SCL #err deg : 223 / 1000
SCL #err weighted degeneracy : 206 206 206 246 253 254 
degeneracy helps : 73 74 74 79 77 76 
degeneracy worse : 57 57 57 102 107 107 
SCL #err deg : 243 / 1100
SCL #err weighted degeneracy : 222 222 222 269 276 279 
degeneracy helps : 81 82 82 87 85 84 
degeneracy worse : 61 61 61 113 118 120 
SCL #err deg : 264 / 1200
SCL #err weighted degeneracy : 243 243 243 297 304 307 
degeneracy helps : 86 87 88 93 91 90 
degeneracy worse : 67 67 67 126 131 133 
SCL #err deg : 282 / 1300
SCL #err weighted degeneracy : 258 258 258 314 321 327 
degeneracy helps : 93 94 95 100 98 97 
degeneracy worse : 71 71 71 132 137 142 
SCL #err deg : 296 / 1400
SCL #err weighted degeneracy : 278 278 278 343 350 357 
degeneracy helps : 99 100 101 106 104 103 
degeneracy worse : 83 83 83 153 158 164 
SCL #err deg : 319 / 1500
SCL #err weighted degeneracy : 304 304 304 370 377 385 
degeneracy helps : 104 105 106 113 111 110 
degeneracy worse : 91 91 91 164 169 176 
SCL #err deg : 349 / 1600
SCL #err weighted degeneracy : 327 327 327 398 405 416 
degeneracy helps : 116 117 118 126 124 123 
degeneracy worse : 96 96 96 175 180 190 
SCL #err deg : 370 / 1700
SCL #err weighted degeneracy : 348 348 348 424 431 443 
degeneracy helps : 123 124 126 134 132 130 
degeneracy worse : 104 104 104 188 193 203 
SCL #err deg : 391 / 1800
SCL #err weighted degeneracy : 366 366 366 451 458 466 
degeneracy helps : 129 129 132 140 138 137 
degeneracy worse : 107 107 107 200 205 212 
SCL #err deg : 413 / 1900
SCL #err weighted degeneracy : 392 392 392 481 488 496 
degeneracy helps : 131 131 134 142 140 139 
degeneracy worse : 113 113 113 210 215 222 
SCL #err deg : 440 / 2000
SCL #err weighted degeneracy : 410 410 410 503 510 519 
degeneracy helps : 144 144 148 157 155 153 
degeneracy worse : 118 118 118 220 225 232 
SCL #err deg : 464 / 2100
SCL #err weighted degeneracy : 434 434 434 530 537 546 
degeneracy helps : 150 150 154 164 162 160 
degeneracy worse : 124 124 124 230 235 242 
SCL #err deg : 491 / 2200
SCL #err weighted degeneracy : 457 457 457 555 563 573 
degeneracy helps : 162 162 166 177 175 173 
degeneracy worse : 132 132 132 241 247 255 
SCL #err deg : 517 / 2300
SCL #err weighted degeneracy : 481 481 481 586 595 604 
degeneracy helps : 173 172 177 188 186 185 
degeneracy worse : 141 141 141 257 264 272 
SCL #err deg : 547 / 2400
SCL #err weighted degeneracy : 517 517 517 621 632 644 
degeneracy helps : 178 177 182 195 193 191 
degeneracy worse : 152 152 152 269 278 288 
SCL #err deg : 562 / 2500
SCL #err weighted degeneracy : 537 537 537 642 654 668 
degeneracy helps : 183 182 187 200 198 196 
degeneracy worse : 162 162 162 280 290 302 
SCL #err deg : 576 / 2600
SCL #err weighted degeneracy : 554 554 554 662 674 688 
degeneracy helps : 186 185 190 205 203 201 
degeneracy worse : 168 168 168 291 301 313 
SCL #err deg : 605 / 2700
SCL #err weighted degeneracy : 579 579 579 692 705 718 
degeneracy helps : 198 197 202 217 214 213 
degeneracy worse : 176 176 176 304 314 326 
SCL #err deg : 633 / 2800
SCL #err weighted degeneracy : 600 600 600 718 731 746 
degeneracy helps : 211 210 215 231 228 225 
degeneracy worse : 182 182 182 316 326 338 
SCL #err deg : 648 / 2900
SCL #err weighted degeneracy : 610 610 610 733 747 765 
degeneracy helps : 221 220 225 240 237 234 
degeneracy worse : 187 187 187 325 336 351 
SCL #err deg : 673 / 3000
SCL #err weighted degeneracy : 635 635 635 762 776 796 
degeneracy helps : 226 225 231 247 244 239 
degeneracy worse : 193 193 193 336 347 362 
SCL #err deg : 689 / 3100
SCL #err weighted degeneracy : 654 654 654 785 799 818 
degeneracy helps : 229 228 235 251 248 243 
degeneracy worse : 200 200 200 347 358 372 
SCL #err deg : 707 / 3200
SCL #err weighted degeneracy : 674 674 674 810 825 844 
degeneracy helps : 234 233 240 257 254 249 
degeneracy worse : 207 207 207 360 372 386 
SCL #err deg : 728 / 3300
SCL #err weighted degeneracy : 692 692 692 835 850 868 
degeneracy helps : 242 241 248 266 263 258 
degeneracy worse : 213 213 213 373 385 398 
SCL #err deg : 753 / 3400
SCL #err weighted degeneracy : 712 712 712 854 869 888 
degeneracy helps : 249 248 256 277 274 269 
degeneracy worse : 216 216 216 378 390 404 
SCL #err deg : 774 / 3500
SCL #err weighted degeneracy : 731 731 731 875 891 911 
degeneracy helps : 258 257 265 286 283 277 
degeneracy worse : 223 223 223 387 400 414 
SCL #err deg : 793 / 3600
SCL #err weighted degeneracy : 744 744 744 893 910 930 
degeneracy helps : 269 268 276 297 294 288 
degeneracy worse : 228 228 228 397 411 425 
SCL #err deg : 820 / 3700
SCL #err weighted degeneracy : 768 768 768 919 936 957 
degeneracy helps : 277 276 285 308 305 299 
degeneracy worse : 234 234 234 407 421 436 
SCL #err deg : 843 / 3800
SCL #err weighted degeneracy : 786 786 786 944 961 982 
degeneracy helps : 283 282 291 316 313 308 
degeneracy worse : 236 236 236 417 431 447 
SCL #err deg : 868 / 3900
SCL #err weighted degeneracy : 804 804 804 969 986 1010 
degeneracy helps : 292 291 300 325 322 317 
degeneracy worse : 238 238 238 426 440 459 
SCL #err deg : 891 / 4000
SCL #err weighted degeneracy : 830 830 830 1000 1019 1042 
degeneracy helps : 296 295 304 329 326 321 
degeneracy worse : 245 245 245 438 454 472 
SCL #err deg : 914 / 4100
SCL #err weighted degeneracy : 853 853 853 1025 1045 1069 
degeneracy helps : 301 300 309 336 333 327 
degeneracy worse : 250 250 250 447 464 482 
SCL #err deg : 933 / 4200
SCL #err weighted degeneracy : 871 871 871 1049 1070 1092 
degeneracy helps : 309 308 317 344 340 334 
degeneracy worse : 257 257 257 460 477 493 
SCL #err deg : 951 / 4300
SCL #err weighted degeneracy : 891 891 891 1075 1096 1119 
degeneracy helps : 318 317 326 352 348 342 
degeneracy worse : 268 268 268 476 493 510 
SCL #err deg : 976 / 4400
SCL #err weighted degeneracy : 907 907 907 1094 1114 1138 
degeneracy helps : 328 327 336 364 361 355 
degeneracy worse : 269 269 269 482 499 517 
SCL #err deg : 1000 / 4500
SCL #err weighted degeneracy : 935 935 935 1130 1150 1174 
degeneracy helps : 334 333 342 370 367 361 
degeneracy worse : 279 279 279 500 517 535 
SCL #err deg : 1022 / 4600
SCL #err weighted degeneracy : 963 963 963 1161 1181 1206 
degeneracy helps : 338 337 346 374 371 365 
degeneracy worse : 289 289 289 513 530 549 
SCL #err deg : 1044 / 4700
SCL #err weighted degeneracy : 983 983 984 1188 1208 1234 
degeneracy helps : 344 343 352 380 377 371 
degeneracy worse : 293 293 294 524 541 561 
SCL #err deg : 1065 / 4800
SCL #err weighted degeneracy : 999 999 1000 1213 1233 1259 
degeneracy helps : 353 352 362 390 387 381 
degeneracy worse : 298 298 299 538 555 575 
SCL #err deg : 1084 / 4900
SCL #err weighted degeneracy : 1017 1017 1018 1235 1256 1285 
degeneracy helps : 358 357 368 397 394 387 
degeneracy worse : 303 303 304 548 566 588 
SCL #err deg : 1103 / 5000
SCL #err weighted degeneracy : 1031 1031 1032 1257 1278 1307 
degeneracy helps : 370 369 380 409 406 399 
degeneracy worse : 310 310 311 563 581 603 
SCL #err deg : 1121 / 5100
SCL #err weighted degeneracy : 1048 1048 1049 1281 1302 1328 
degeneracy helps : 378 377 388 417 414 408 
degeneracy worse : 317 317 318 577 595 615 
SCL #err deg : 1146 / 5200
SCL #err weighted degeneracy : 1068 1068 1069 1306 1328 1356 
degeneracy helps : 386 385 396 425 423 417 
degeneracy worse : 320 320 321 585 605 627 
SCL #err deg : 1168 / 5300
SCL #err weighted degeneracy : 1085 1085 1086 1328 1350 1383 
degeneracy helps : 396 395 406 435 433 427 
degeneracy worse : 325 325 326 595 615 642 
SCL #err deg : 1189 / 5400
SCL #err weighted degeneracy : 1098 1098 1099 1342 1365 1398 
degeneracy helps : 406 406 417 447 444 438 
degeneracy worse : 328 328 329 600 620 647 
SCL #err deg : 1210 / 5500
SCL #err weighted degeneracy : 1116 1116 1117 1362 1386 1420 
degeneracy helps : 412 412 423 454 451 446 
degeneracy worse : 331 331 332 606 627 656 
SCL #err deg : 1234 / 5600
SCL #err weighted degeneracy : 1138 1138 1139 1387 1411 1445 
degeneracy helps : 420 420 431 464 461 456 
degeneracy worse : 337 337 338 617 638 667 
SCL #err deg : 1252 / 5700
SCL #err weighted degeneracy : 1152 1152 1153 1405 1429 1465 
degeneracy helps : 429 429 440 473 470 465 
degeneracy worse : 342 342 343 626 647 678 
SCL #err deg : 1283 / 5800
SCL #err weighted degeneracy : 1173 1173 1174 1433 1457 1494 
degeneracy helps : 439 439 451 485 482 476 
degeneracy worse : 343 343 344 635 656 687 
SCL #err deg : 1297 / 5900
SCL #err weighted degeneracy : 1186 1186 1187 1453 1477 1515 
degeneracy helps : 443 443 455 489 486 480 
degeneracy worse : 346 346 347 645 666 698 
SCL #err deg : 1322 / 6000
SCL #err weighted degeneracy : 1213 1213 1214 1487 1511 1550 
degeneracy helps : 451 451 463 497 494 487 
degeneracy worse : 356 356 357 662 683 715 
SCL #err deg : 1338 / 6100
SCL #err weighted degeneracy : 1230 1230 1231 1510 1534 1574 
degeneracy helps : 459 459 471 505 502 495 
degeneracy worse : 365 365 366 677 698 731 
SCL #err deg : 1360 / 6200
SCL #err weighted degeneracy : 1253 1253 1254 1539 1563 1604 
degeneracy helps : 463 463 476 511 508 500 
degeneracy worse : 371 371 372 690 711 744 
SCL #err deg : 1381 / 6300
SCL #err weighted degeneracy : 1272 1272 1273 1564 1588 1630 
degeneracy helps : 472 472 486 521 518 510 
degeneracy worse : 379 379 380 704 725 759 
SCL #err deg : 1400 / 6400
SCL #err weighted degeneracy : 1285 1285 1286 1582 1606 1649 
degeneracy helps : 484 484 498 533 530 522 
degeneracy worse : 385 385 386 715 736 771 
SCL #err deg : 1418 / 6500
SCL #err weighted degeneracy : 1303 1303 1305 1607 1631 1674 
degeneracy helps : 490 490 504 539 536 528 
degeneracy worse : 391 391 393 728 749 784 
SCL #err deg : 1437 / 6600
SCL #err weighted degeneracy : 1321 1321 1323 1631 1655 1699 
degeneracy helps : 496 496 510 545 542 533 
degeneracy worse : 396 396 398 739 760 795 
SCL #err deg : 1459 / 6700
SCL #err weighted degeneracy : 1341 1341 1343 1654 1678 1722 
degeneracy helps : 502 502 516 554 551 541 
degeneracy worse : 400 400 402 749 770 804 
SCL #err deg : 1476 / 6800
SCL #err weighted degeneracy : 1361 1361 1363 1677 1701 1745 
degeneracy helps : 506 506 521 559 556 547 
degeneracy worse : 408 408 410 760 781 816 
SCL #err deg : 1499 / 6900
SCL #err weighted degeneracy : 1385 1385 1387 1710 1734 1777 
degeneracy helps : 511 511 526 564 561 552 
degeneracy worse : 414 414 416 775 796 830 
SCL #err deg : 1520 / 7000
SCL #err weighted degeneracy : 1406 1406 1408 1734 1758 1802 
degeneracy helps : 516 516 531 569 566 557 
degeneracy worse : 419 419 421 783 804 839 
SCL #err deg : 1540 / 7100
SCL #err weighted degeneracy : 1426 1426 1428 1758 1782 1826 
degeneracy helps : 522 522 537 575 572 563 
degeneracy worse : 425 425 427 793 814 849 
SCL #err deg : 1557 / 7200
SCL #err weighted degeneracy : 1445 1445 1447 1785 1808 1853 
degeneracy helps : 525 525 540 579 577 568 
degeneracy worse : 431 431 433 807 828 864 
SCL #err deg : 1578 / 7300
SCL #err weighted degeneracy : 1463 1463 1465 1809 1832 1879 
degeneracy helps : 536 536 552 591 589 579 
degeneracy worse : 440 440 442 822 843 880 
SCL #err deg : 1597 / 7400
SCL #err weighted degeneracy : 1483 1483 1485 1837 1859 1905 
degeneracy helps : 543 543 559 598 597 587 
degeneracy worse : 448 448 450 838 859 895 
SCL #err deg : 1620 / 7500
SCL #err weighted degeneracy : 1506 1506 1508 1862 1884 1930 
degeneracy helps : 549 549 565 605 604 594 
degeneracy worse : 454 454 456 847 868 904 
SCL #err deg : 1649 / 7600
SCL #err weighted degeneracy : 1539 1539 1541 1902 1925 1970 
degeneracy helps : 556 556 572 613 611 602 
degeneracy worse : 465 465 467 866 887 923 
SCL #err deg : 1669 / 7700
SCL #err weighted degeneracy : 1554 1554 1556 1919 1943 1990 
degeneracy helps : 564 564 580 621 619 610 
degeneracy worse : 468 468 470 871 893 931 
SCL #err deg : 1692 / 7800
SCL #err weighted degeneracy : 1573 1573 1575 1938 1962 2011 
degeneracy helps : 573 573 589 633 631 621 
degeneracy worse : 473 473 475 879 901 940 
SCL #err deg : 1711 / 7900
SCL #err weighted degeneracy : 1590 1590 1592 1961 1985 2034 
degeneracy helps : 578 578 594 639 637 627 
degeneracy worse : 477 477 479 889 911 950 
SCL #err deg : 1738 / 8000
SCL #err weighted degeneracy : 1613 1613 1615 1988 2012 2062 
degeneracy helps : 586 586 602 647 645 635 
degeneracy worse : 481 481 483 897 919 959 
SCL #err deg : 1758 / 8100
SCL #err weighted degeneracy : 1630 1630 1632 2012 2038 2087 
degeneracy helps : 595 595 611 656 653 643 
degeneracy worse : 487 487 489 910 933 972 
SCL #err deg : 1777 / 8200
SCL #err weighted degeneracy : 1649 1649 1651 2038 2064 2114 
degeneracy helps : 603 603 619 664 661 651 
degeneracy worse : 495 495 497 925 948 988 
SCL #err deg : 1803 / 8300
SCL #err weighted degeneracy : 1671 1671 1673 2066 2093 2142 
degeneracy helps : 611 611 627 672 669 659 
degeneracy worse : 499 499 501 935 959 998 
SCL #err deg : 1826 / 8400
SCL #err weighted degeneracy : 1689 1689 1691 2091 2118 2168 
degeneracy helps : 619 619 635 681 678 667 
degeneracy worse : 502 502 504 946 970 1009 
SCL #err deg : 1845 / 8500
SCL #err weighted degeneracy : 1712 1712 1714 2119 2148 2196 
degeneracy helps : 624 625 641 687 684 673 
degeneracy worse : 512 512 514 961 987 1024 
SCL #err deg : 1864 / 8600
SCL #err weighted degeneracy : 1732 1732 1734 2142 2171 2220 
degeneracy helps : 630 631 647 694 691 680 
degeneracy worse : 519 519 521 972 998 1036 
SCL #err deg : 1885 / 8700
SCL #err weighted degeneracy : 1753 1753 1755 2170 2200 2246 
degeneracy helps : 635 636 652 699 696 686 
degeneracy worse : 524 524 526 984 1011 1047 
SCL #err deg : 1906 / 8800
SCL #err weighted degeneracy : 1772 1772 1774 2192 2222 2270 
degeneracy helps : 641 642 659 707 704 693 
degeneracy worse : 529 529 531 993 1020 1057 
SCL #err deg : 1928 / 8900
SCL #err weighted degeneracy : 1791 1791 1793 2217 2247 2293 
degeneracy helps : 647 648 665 713 710 699 
degeneracy worse : 532 532 534 1002 1029 1064 
SCL #err deg : 1950 / 9000
SCL #err weighted degeneracy : 1815 1815 1817 2244 2275 2321 
degeneracy helps : 652 653 670 719 716 705 
degeneracy worse : 539 539 541 1013 1041 1076 
SCL #err deg : 1967 / 9100
SCL #err weighted degeneracy : 1836 1836 1838 2272 2303 2349 
degeneracy helps : 658 659 676 727 724 713 
degeneracy worse : 549 549 551 1032 1060 1095 
SCL #err deg : 1981 / 9200
SCL #err weighted degeneracy : 1852 1852 1854 2295 2326 2371 
degeneracy helps : 663 664 681 733 730 718 
degeneracy worse : 556 556 558 1047 1075 1108 
SCL #err deg : 2001 / 9300
SCL #err weighted degeneracy : 1869 1869 1871 2323 2354 2395 
degeneracy helps : 671 672 689 740 737 726 
degeneracy worse : 561 561 563 1062 1090 1120 
SCL #err deg : 2016 / 9400
SCL #err weighted degeneracy : 1893 1893 1895 2353 2385 2427 
degeneracy helps : 674 675 692 743 740 729 
degeneracy worse : 573 573 575 1080 1109 1140 
SCL #err deg : 2031 / 9500
SCL #err weighted degeneracy : 1907 1907 1909 2365 2397 2442 
degeneracy helps : 676 677 694 748 745 734 
degeneracy worse : 574 574 576 1082 1111 1145 
SCL #err deg : 2050 / 9600
SCL #err weighted degeneracy : 1928 1928 1930 2391 2424 2471 
degeneracy helps : 681 682 699 755 752 741 
degeneracy worse : 582 582 584 1096 1126 1162 
SCL #err deg : 2073 / 9700
SCL #err weighted degeneracy : 1950 1950 1952 2419 2452 2500 
degeneracy helps : 685 686 703 760 757 747 
degeneracy worse : 586 586 588 1106 1136 1174 
SCL #err deg : 2098 / 9800
SCL #err weighted degeneracy : 1977 1977 1979 2451 2485 2531 
degeneracy helps : 688 689 706 764 761 752 
degeneracy worse : 592 592 594 1117 1148 1185 
SCL #err deg : 2116 / 9900
SCL #err weighted degeneracy : 1994 1994 1996 2474 2508 2556 
degeneracy helps : 696 697 714 773 770 759 
degeneracy worse : 599 599 601 1131 1162 1199 
SCL #err deg : 2141 / 10000
SCL #err weighted degeneracy : 2019 2019 2021 2499 2536 2586 
degeneracy helps : 704 705 722 781 778 765 
degeneracy worse : 607 607 609 1139 1173 1210 
average #flips: 5.7682
SCL #err considering degeneracy: 2141
error due to equal 1373
error due to SCL smaller 768
Finish in 633 s
