Simulation Polar syndrome FASTER N=64, K=33, l=128, pz=0.12, #samples=10000, seed=543
PW construction
Event generator random seed: 543
SCL #err deg : 34 / 100
SCL #err weighted degeneracy : 38 38 38 43 47 47 
degeneracy helps : 9 9 9 10 10 10 
degeneracy worse : 13 13 13 19 23 23 
SCL #err deg : 69 / 200
SCL #err weighted degeneracy : 81 81 81 90 95 94 
degeneracy helps : 16 16 16 17 17 17 
degeneracy worse : 28 28 28 38 43 42 
SCL #err deg : 104 / 300
SCL #err weighted degeneracy : 117 117 117 129 134 135 
degeneracy helps : 25 25 25 28 28 27 
degeneracy worse : 38 38 38 53 58 58 
SCL #err deg : 142 / 400
SCL #err weighted degeneracy : 148 148 148 163 168 168 
degeneracy helps : 40 40 41 46 46 45 
degeneracy worse : 47 47 47 67 72 71 
SCL #err deg : 187 / 500
SCL #err weighted degeneracy : 190 190 190 209 215 218 
degeneracy helps : 47 47 48 53 53 52 
degeneracy worse : 51 51 51 75 81 83 
SCL #err deg : 228 / 600
SCL #err weighted degeneracy : 228 228 228 254 261 263 
degeneracy helps : 57 57 58 64 63 62 
degeneracy worse : 58 58 58 90 96 97 
SCL #err deg : 267 / 700
SCL #err weighted degeneracy : 268 268 268 298 306 308 
degeneracy helps : 63 63 64 71 70 69 
degeneracy worse : 65 65 65 102 109 110 
SCL #err deg : 304 / 800
SCL #err weighted degeneracy : 301 301 301 339 347 349 
degeneracy helps : 73 73 74 82 81 80 
degeneracy worse : 71 71 71 117 124 125 
SCL #err deg : 338 / 900
SCL #err weighted degeneracy : 334 334 334 376 385 385 
degeneracy helps : 83 83 84 94 93 92 
degeneracy worse : 80 80 80 132 140 139 
SCL #err deg : 384 / 1000
SCL #err weighted degeneracy : 376 376 376 420 430 430 
degeneracy helps : 99 99 101 111 109 108 
degeneracy worse : 93 93 93 147 155 154 
SCL #err deg : 425 / 1100
SCL #err weighted degeneracy : 419 419 419 463 475 475 
degeneracy helps : 106 106 109 121 119 119 
degeneracy worse : 103 103 103 159 169 169 
SCL #err deg : 463 / 1200
SCL #err weighted degeneracy : 457 457 457 501 515 515 
degeneracy helps : 118 118 122 135 133 133 
degeneracy worse : 116 116 116 173 185 185 
SCL #err deg : 504 / 1300
SCL #err weighted degeneracy : 498 498 498 545 558 558 
degeneracy helps : 130 130 134 151 150 149 
degeneracy worse : 129 129 129 192 204 203 
SCL #err deg : 542 / 1400
SCL #err weighted degeneracy : 542 542 542 590 603 603 
degeneracy helps : 135 135 139 156 155 154 
degeneracy worse : 140 140 140 204 216 215 
SCL #err deg : 576 / 1500
SCL #err weighted degeneracy : 576 576 575 626 639 638 
degeneracy helps : 143 143 148 166 165 165 
degeneracy worse : 148 148 148 216 228 227 
SCL #err deg : 616 / 1600
SCL #err weighted degeneracy : 607 607 606 663 675 674 
degeneracy helps : 157 157 162 182 182 182 
degeneracy worse : 153 153 153 229 241 240 
SCL #err deg : 664 / 1700
SCL #err weighted degeneracy : 650 650 649 704 716 716 
degeneracy helps : 168 168 173 197 197 197 
degeneracy worse : 159 159 159 237 249 249 
SCL #err deg : 705 / 1800
SCL #err weighted degeneracy : 696 696 696 755 768 768 
degeneracy helps : 176 176 181 206 206 206 
degeneracy worse : 172 172 173 256 269 269 
SCL #err deg : 736 / 1900
SCL #err weighted degeneracy : 719 719 719 783 797 796 
degeneracy helps : 191 191 196 221 221 221 
degeneracy worse : 179 179 180 268 282 281 
SCL #err deg : 770 / 2000
SCL #err weighted degeneracy : 753 753 752 823 837 836 
degeneracy helps : 200 200 206 232 232 231 
degeneracy worse : 188 188 189 285 299 297 
SCL #err deg : 807 / 2100
SCL #err weighted degeneracy : 797 797 797 868 882 883 
degeneracy helps : 208 208 214 241 241 239 
degeneracy worse : 203 203 205 302 316 315 
SCL #err deg : 854 / 2200
SCL #err weighted degeneracy : 839 839 839 912 925 928 
degeneracy helps : 221 221 228 257 258 256 
degeneracy worse : 212 212 214 315 329 330 
SCL #err deg : 892 / 2300
SCL #err weighted degeneracy : 878 878 878 956 969 973 
degeneracy helps : 231 231 238 267 268 266 
degeneracy worse : 223 223 225 331 345 347 
SCL #err deg : 927 / 2400
SCL #err weighted degeneracy : 910 910 910 994 1007 1010 
degeneracy helps : 242 242 250 279 280 278 
degeneracy worse : 232 232 234 346 360 361 
SCL #err deg : 963 / 2500
SCL #err weighted degeneracy : 944 944 944 1035 1049 1051 
degeneracy helps : 254 254 262 291 291 289 
degeneracy worse : 242 242 244 363 377 377 
SCL #err deg : 1003 / 2600
SCL #err weighted degeneracy : 982 982 982 1074 1088 1092 
degeneracy helps : 267 267 275 304 304 302 
degeneracy worse : 253 253 255 375 389 391 
SCL #err deg : 1047 / 2700
SCL #err weighted degeneracy : 1025 1025 1025 1121 1135 1140 
degeneracy helps : 275 275 283 312 312 310 
degeneracy worse : 260 260 262 386 400 403 
SCL #err deg : 1095 / 2800
SCL #err weighted degeneracy : 1068 1068 1068 1168 1182 1188 
degeneracy helps : 288 288 296 328 328 325 
degeneracy worse : 268 268 270 401 415 418 
SCL #err deg : 1135 / 2900
SCL #err weighted degeneracy : 1104 1104 1105 1207 1222 1228 
degeneracy helps : 302 301 310 344 344 341 
degeneracy worse : 278 278 281 416 431 434 
SCL #err deg : 1169 / 3000
SCL #err weighted degeneracy : 1145 1145 1146 1251 1266 1272 
degeneracy helps : 308 307 316 352 352 350 
degeneracy worse : 291 291 294 434 449 453 
SCL #err deg : 1212 / 3100
SCL #err weighted degeneracy : 1190 1190 1191 1296 1311 1319 
degeneracy helps : 318 317 326 365 365 361 
degeneracy worse : 303 303 306 449 464 468 
SCL #err deg : 1261 / 3200
SCL #err weighted degeneracy : 1233 1233 1234 1343 1358 1367 
degeneracy helps : 331 330 339 380 380 375 
degeneracy worse : 311 311 314 462 477 481 
SCL #err deg : 1300 / 3300
SCL #err weighted degeneracy : 1269 1269 1270 1386 1401 1410 
degeneracy helps : 342 341 352 394 394 389 
degeneracy worse : 321 321 324 480 495 499 
SCL #err deg : 1344 / 3400
SCL #err weighted degeneracy : 1309 1309 1311 1432 1446 1458 
degeneracy helps : 351 350 362 404 404 398 
degeneracy worse : 327 327 331 492 506 512 
SCL #err deg : 1386 / 3500
SCL #err weighted degeneracy : 1350 1350 1353 1478 1493 1504 
degeneracy helps : 363 362 374 417 416 410 
degeneracy worse : 339 339 344 509 523 528 
SCL #err deg : 1426 / 3600
SCL #err weighted degeneracy : 1389 1389 1392 1521 1537 1547 
degeneracy helps : 371 370 382 425 424 418 
degeneracy worse : 346 346 351 520 535 539 
SCL #err deg : 1469 / 3700
SCL #err weighted degeneracy : 1430 1430 1433 1567 1583 1593 
degeneracy helps : 380 378 391 436 435 429 
degeneracy worse : 354 354 359 534 549 553 
SCL #err deg : 1508 / 3800
SCL #err weighted degeneracy : 1465 1465 1468 1601 1618 1629 
degeneracy helps : 394 392 405 454 453 446 
degeneracy worse : 364 364 369 547 563 567 
SCL #err deg : 1549 / 3900
SCL #err weighted degeneracy : 1502 1502 1505 1640 1658 1670 
degeneracy helps : 405 403 416 466 464 457 
degeneracy worse : 371 371 376 557 573 578 
SCL #err deg : 1586 / 4000
SCL #err weighted degeneracy : 1539 1539 1542 1682 1699 1710 
degeneracy helps : 415 413 426 477 477 470 
degeneracy worse : 381 381 386 573 590 594 
SCL #err deg : 1627 / 4100
SCL #err weighted degeneracy : 1577 1577 1580 1723 1741 1749 
degeneracy helps : 427 425 438 490 490 483 
degeneracy worse : 390 390 395 586 604 605 
SCL #err deg : 1660 / 4200
SCL #err weighted degeneracy : 1609 1609 1612 1758 1776 1785 
degeneracy helps : 436 434 447 499 499 492 
degeneracy worse : 398 398 403 597 615 617 
SCL #err deg : 1701 / 4300
SCL #err weighted degeneracy : 1642 1642 1645 1792 1811 1823 
degeneracy helps : 449 447 460 515 515 507 
degeneracy worse : 403 403 408 606 625 629 
SCL #err deg : 1747 / 4400
SCL #err weighted degeneracy : 1678 1678 1681 1830 1849 1861 
degeneracy helps : 466 464 477 532 532 524 
degeneracy worse : 410 410 415 615 634 638 
SCL #err deg : 1791 / 4500
SCL #err weighted degeneracy : 1715 1715 1718 1871 1890 1900 
degeneracy helps : 480 477 491 545 545 538 
degeneracy worse : 417 417 422 625 644 647 
SCL #err deg : 1833 / 4600
SCL #err weighted degeneracy : 1759 1759 1762 1917 1936 1947 
degeneracy helps : 492 489 503 562 562 553 
degeneracy worse : 432 432 437 646 665 667 
SCL #err deg : 1875 / 4700
SCL #err weighted degeneracy : 1796 1796 1800 1956 1976 1988 
degeneracy helps : 502 499 513 573 572 563 
degeneracy worse : 437 437 443 654 673 676 
SCL #err deg : 1912 / 4800
SCL #err weighted degeneracy : 1832 1832 1836 1997 2017 2033 
degeneracy helps : 514 511 525 586 585 575 
degeneracy worse : 448 448 454 671 690 696 
SCL #err deg : 1955 / 4900
SCL #err weighted degeneracy : 1876 1876 1880 2045 2065 2081 
degeneracy helps : 522 519 534 595 594 584 
degeneracy worse : 458 458 464 685 704 710 
SCL #err deg : 2001 / 5000
SCL #err weighted degeneracy : 1917 1917 1921 2084 2103 2120 
degeneracy helps : 534 531 546 611 611 600 
degeneracy worse : 465 465 471 694 713 719 
SCL #err deg : 2039 / 5100
SCL #err weighted degeneracy : 1957 1957 1961 2125 2145 2162 
degeneracy helps : 545 541 557 624 624 613 
degeneracy worse : 478 478 484 710 730 736 
SCL #err deg : 2091 / 5200
SCL #err weighted degeneracy : 2001 2001 2004 2169 2190 2206 
degeneracy helps : 562 558 576 644 644 633 
degeneracy worse : 488 488 494 722 743 748 
SCL #err deg : 2124 / 5300
SCL #err weighted degeneracy : 2032 2032 2035 2204 2225 2240 
degeneracy helps : 573 569 587 654 654 644 
degeneracy worse : 497 497 503 734 755 760 
SCL #err deg : 2171 / 5400
SCL #err weighted degeneracy : 2079 2079 2082 2256 2277 2292 
degeneracy helps : 581 577 595 663 663 653 
degeneracy worse : 505 505 511 748 769 774 
SCL #err deg : 2214 / 5500
SCL #err weighted degeneracy : 2120 2120 2123 2295 2316 2335 
degeneracy helps : 590 586 606 676 676 666 
degeneracy worse : 514 514 520 757 778 787 
SCL #err deg : 2250 / 5600
SCL #err weighted degeneracy : 2149 2149 2152 2324 2345 2367 
degeneracy helps : 604 600 621 692 692 681 
degeneracy worse : 522 522 528 766 787 798 
SCL #err deg : 2291 / 5700
SCL #err weighted degeneracy : 2191 2191 2194 2375 2396 2420 
degeneracy helps : 614 610 631 702 702 690 
degeneracy worse : 533 533 539 786 807 819 
SCL #err deg : 2331 / 5800
SCL #err weighted degeneracy : 2228 2228 2231 2414 2435 2458 
degeneracy helps : 625 620 643 715 715 703 
degeneracy worse : 542 542 548 798 819 830 
SCL #err deg : 2371 / 5900
SCL #err weighted degeneracy : 2262 2262 2265 2454 2475 2495 
degeneracy helps : 640 635 658 732 732 720 
degeneracy worse : 551 551 557 815 836 844 
SCL #err deg : 2406 / 6000
SCL #err weighted degeneracy : 2301 2301 2304 2496 2518 2535 
degeneracy helps : 650 645 668 743 743 732 
degeneracy worse : 565 565 571 833 855 861 
SCL #err deg : 2450 / 6100
SCL #err weighted degeneracy : 2350 2350 2353 2546 2568 2585 
degeneracy helps : 656 651 674 751 752 741 
degeneracy worse : 576 576 582 847 870 876 
SCL #err deg : 2490 / 6200
SCL #err weighted degeneracy : 2388 2388 2391 2584 2606 2623 
degeneracy helps : 667 662 685 763 764 753 
degeneracy worse : 585 585 591 857 880 886 
SCL #err deg : 2534 / 6300
SCL #err weighted degeneracy : 2422 2422 2425 2622 2646 2663 
degeneracy helps : 684 679 702 781 781 770 
degeneracy worse : 592 592 598 869 893 899 
SCL #err deg : 2580 / 6400
SCL #err weighted degeneracy : 2476 2476 2479 2678 2702 2718 
degeneracy helps : 688 683 706 788 787 776 
degeneracy worse : 604 604 610 886 909 914 
SCL #err deg : 2619 / 6500
SCL #err weighted degeneracy : 2514 2514 2517 2719 2743 2758 
degeneracy helps : 700 695 718 800 799 789 
degeneracy worse : 615 615 621 900 923 928 
SCL #err deg : 2657 / 6600
SCL #err weighted degeneracy : 2549 2549 2552 2761 2784 2801 
degeneracy helps : 712 707 730 812 812 801 
degeneracy worse : 624 624 630 916 939 945 
SCL #err deg : 2703 / 6700
SCL #err weighted degeneracy : 2588 2588 2591 2805 2828 2846 
degeneracy helps : 726 721 744 827 827 814 
degeneracy worse : 631 631 637 929 952 957 
SCL #err deg : 2741 / 6800
SCL #err weighted degeneracy : 2621 2621 2625 2842 2866 2881 
degeneracy helps : 737 732 756 841 841 828 
degeneracy worse : 638 638 645 942 966 968 
SCL #err deg : 2784 / 6900
SCL #err weighted degeneracy : 2658 2658 2662 2884 2909 2921 
degeneracy helps : 754 749 773 856 856 843 
degeneracy worse : 649 649 656 956 981 980 
SCL #err deg : 2823 / 7000
SCL #err weighted degeneracy : 2696 2696 2700 2927 2953 2964 
degeneracy helps : 762 757 781 866 865 852 
degeneracy worse : 657 657 664 970 995 993 
SCL #err deg : 2864 / 7100
SCL #err weighted degeneracy : 2730 2730 2734 2962 2988 3001 
degeneracy helps : 776 771 795 882 881 867 
degeneracy worse : 664 664 671 980 1005 1004 
SCL #err deg : 2905 / 7200
SCL #err weighted degeneracy : 2772 2772 2776 3008 3033 3044 
degeneracy helps : 785 780 804 892 893 880 
degeneracy worse : 674 674 681 995 1021 1019 
SCL #err deg : 2936 / 7300
SCL #err weighted degeneracy : 2803 2803 2807 3041 3066 3080 
degeneracy helps : 792 787 811 899 900 888 
degeneracy worse : 681 681 688 1004 1030 1032 
SCL #err deg : 2973 / 7400
SCL #err weighted degeneracy : 2841 2841 2845 3084 3111 3124 
degeneracy helps : 799 794 818 906 907 896 
degeneracy worse : 689 689 696 1017 1045 1047 
SCL #err deg : 3010 / 7500
SCL #err weighted degeneracy : 2877 2877 2881 3123 3151 3164 
degeneracy helps : 812 807 831 921 922 910 
degeneracy worse : 701 701 708 1034 1063 1064 
SCL #err deg : 3048 / 7600
SCL #err weighted degeneracy : 2915 2915 2919 3162 3191 3204 
degeneracy helps : 824 819 845 937 937 925 
degeneracy worse : 715 715 722 1051 1080 1081 
SCL #err deg : 3082 / 7700
SCL #err weighted degeneracy : 2947 2947 2951 3198 3228 3242 
degeneracy helps : 836 831 857 950 949 937 
degeneracy worse : 725 725 732 1066 1095 1097 
SCL #err deg : 3119 / 7800
SCL #err weighted degeneracy : 2979 2979 2983 3231 3261 3277 
degeneracy helps : 849 844 870 964 963 950 
degeneracy worse : 733 733 740 1076 1105 1108 
SCL #err deg : 3167 / 7900
SCL #err weighted degeneracy : 3027 3027 3031 3280 3308 3326 
degeneracy helps : 859 854 880 976 975 962 
degeneracy worse : 743 743 750 1089 1116 1121 
SCL #err deg : 3213 / 8000
SCL #err weighted degeneracy : 3075 3075 3079 3333 3361 3380 
degeneracy helps : 872 867 894 990 989 975 
degeneracy worse : 760 760 767 1110 1137 1142 
SCL #err deg : 3251 / 8100
SCL #err weighted degeneracy : 3106 3106 3110 3369 3397 3416 
degeneracy helps : 888 883 910 1007 1006 992 
degeneracy worse : 769 769 776 1125 1152 1157 
SCL #err deg : 3287 / 8200
SCL #err weighted degeneracy : 3149 3149 3153 3413 3442 3463 
degeneracy helps : 896 891 918 1018 1017 1003 
degeneracy worse : 784 784 791 1144 1172 1179 
SCL #err deg : 3324 / 8300
SCL #err weighted degeneracy : 3187 3187 3191 3452 3483 3505 
degeneracy helps : 905 900 927 1031 1030 1016 
degeneracy worse : 794 794 801 1159 1189 1197 
SCL #err deg : 3369 / 8400
SCL #err weighted degeneracy : 3229 3229 3233 3494 3525 3549 
degeneracy helps : 917 912 941 1046 1045 1031 
degeneracy worse : 805 805 812 1171 1201 1211 
SCL #err deg : 3405 / 8500
SCL #err weighted degeneracy : 3262 3262 3266 3530 3562 3586 
degeneracy helps : 930 925 954 1059 1057 1043 
degeneracy worse : 815 815 822 1184 1214 1224 
SCL #err deg : 3447 / 8600
SCL #err weighted degeneracy : 3301 3301 3305 3575 3607 3631 
degeneracy helps : 945 940 969 1074 1072 1058 
degeneracy worse : 827 827 834 1202 1232 1242 
SCL #err deg : 3487 / 8700
SCL #err weighted degeneracy : 3327 3327 3331 3605 3638 3662 
degeneracy helps : 962 957 987 1091 1089 1075 
degeneracy worse : 831 831 838 1209 1240 1250 
SCL #err deg : 3531 / 8800
SCL #err weighted degeneracy : 3366 3366 3370 3647 3682 3707 
degeneracy helps : 972 967 997 1101 1098 1086 
degeneracy worse : 836 836 843 1217 1249 1262 
SCL #err deg : 3567 / 8900
SCL #err weighted degeneracy : 3395 3395 3399 3677 3713 3739 
degeneracy helps : 985 980 1013 1118 1115 1102 
degeneracy worse : 845 845 852 1228 1261 1274 
SCL #err deg : 3605 / 9000
SCL #err weighted degeneracy : 3438 3438 3442 3723 3758 3783 
degeneracy helps : 995 990 1023 1130 1127 1115 
degeneracy worse : 860 860 867 1248 1280 1293 
SCL #err deg : 3644 / 9100
SCL #err weighted degeneracy : 3475 3475 3479 3760 3796 3821 
degeneracy helps : 1004 999 1032 1142 1139 1127 
degeneracy worse : 867 867 874 1258 1291 1304 
SCL #err deg : 3683 / 9200
SCL #err weighted degeneracy : 3514 3514 3518 3800 3836 3861 
degeneracy helps : 1017 1012 1045 1156 1153 1142 
degeneracy worse : 880 880 887 1273 1306 1320 
SCL #err deg : 3725 / 9300
SCL #err weighted degeneracy : 3552 3552 3556 3847 3883 3906 
degeneracy helps : 1028 1023 1056 1167 1164 1154 
degeneracy worse : 887 887 894 1289 1322 1335 
SCL #err deg : 3763 / 9400
SCL #err weighted degeneracy : 3592 3592 3596 3888 3925 3948 
degeneracy helps : 1035 1030 1063 1175 1172 1163 
degeneracy worse : 896 896 903 1300 1334 1348 
SCL #err deg : 3804 / 9500
SCL #err weighted degeneracy : 3634 3634 3638 3932 3970 3992 
degeneracy helps : 1044 1039 1072 1187 1184 1176 
degeneracy worse : 907 907 914 1315 1350 1364 
SCL #err deg : 3841 / 9600
SCL #err weighted degeneracy : 3673 3673 3677 3975 4012 4034 
degeneracy helps : 1053 1048 1081 1196 1194 1186 
degeneracy worse : 918 918 925 1330 1365 1379 
SCL #err deg : 3876 / 9700
SCL #err weighted degeneracy : 3710 3710 3714 4012 4049 4072 
degeneracy helps : 1060 1055 1088 1208 1206 1197 
degeneracy worse : 928 928 935 1344 1379 1393 
SCL #err deg : 3925 / 9800
SCL #err weighted degeneracy : 3749 3749 3753 4053 4091 4113 
degeneracy helps : 1076 1071 1104 1227 1224 1215 
degeneracy worse : 934 934 941 1355 1390 1403 
SCL #err deg : 3958 / 9900
SCL #err weighted degeneracy : 3784 3784 3788 4091 4129 4151 
degeneracy helps : 1084 1079 1113 1237 1234 1225 
degeneracy worse : 945 945 952 1370 1405 1418 
SCL #err deg : 3993 / 10000
SCL #err weighted degeneracy : 3819 3819 3825 4130 4168 4190 
degeneracy helps : 1094 1089 1123 1251 1247 1238 
degeneracy worse : 957 957 966 1388 1422 1435 
average #flips: 7.6832
SCL #err considering degeneracy: 3993
error due to equal 1820
error due to SCL smaller 2173
Finish in 610 s
