Simulation Polar syndrome FASTER N=64, K=33, l=128, pz=0.15, #samples=10000, seed=543
PW construction
Event generator random seed: 543
SCL #err deg : 52 / 100
SCL #err weighted degeneracy : 53 53 53 58 57 56 
degeneracy helps : 12 12 12 13 14 14 
degeneracy worse : 13 13 13 19 19 18 
SCL #err deg : 111 / 200
SCL #err weighted degeneracy : 109 109 109 115 115 116 
degeneracy helps : 29 28 29 31 31 30 
degeneracy worse : 27 27 27 35 35 35 
SCL #err deg : 162 / 300
SCL #err weighted degeneracy : 152 152 152 160 161 162 
degeneracy helps : 44 43 44 49 49 48 
degeneracy worse : 34 34 34 47 48 48 
SCL #err deg : 210 / 400
SCL #err weighted degeneracy : 200 200 201 210 210 213 
degeneracy helps : 58 58 59 65 66 63 
degeneracy worse : 49 49 50 65 66 66 
SCL #err deg : 270 / 500
SCL #err weighted degeneracy : 252 252 253 262 261 265 
degeneracy helps : 73 73 74 81 83 80 
degeneracy worse : 56 56 57 73 74 75 
SCL #err deg : 324 / 600
SCL #err weighted degeneracy : 304 304 305 311 311 315 
degeneracy helps : 90 90 91 102 103 100 
degeneracy worse : 71 71 72 89 90 91 
SCL #err deg : 376 / 700
SCL #err weighted degeneracy : 363 363 364 375 376 379 
degeneracy helps : 96 96 97 109 110 107 
degeneracy worse : 84 84 85 108 110 110 
SCL #err deg : 427 / 800
SCL #err weighted degeneracy : 414 414 415 425 427 432 
degeneracy helps : 103 103 105 123 124 120 
degeneracy worse : 92 92 93 121 124 125 
SCL #err deg : 480 / 900
SCL #err weighted degeneracy : 462 462 463 477 480 486 
degeneracy helps : 116 116 118 136 137 132 
degeneracy worse : 100 100 101 133 137 138 
SCL #err deg : 535 / 1000
SCL #err weighted degeneracy : 520 520 521 535 538 543 
degeneracy helps : 126 126 128 146 147 143 
degeneracy worse : 113 113 114 146 150 151 
SCL #err deg : 586 / 1100
SCL #err weighted degeneracy : 571 571 572 589 593 598 
degeneracy helps : 141 140 143 160 160 156 
degeneracy worse : 128 128 129 163 167 168 
SCL #err deg : 637 / 1200
SCL #err weighted degeneracy : 616 616 617 635 642 647 
degeneracy helps : 156 155 159 176 175 171 
degeneracy worse : 138 138 139 174 180 181 
SCL #err deg : 695 / 1300
SCL #err weighted degeneracy : 673 673 674 694 701 704 
degeneracy helps : 171 169 174 192 191 187 
degeneracy worse : 152 152 153 191 197 196 
SCL #err deg : 753 / 1400
SCL #err weighted degeneracy : 725 725 726 748 753 757 
degeneracy helps : 189 187 192 210 210 205 
degeneracy worse : 164 164 165 205 210 209 
SCL #err deg : 801 / 1500
SCL #err weighted degeneracy : 774 774 774 797 802 805 
degeneracy helps : 201 199 205 224 225 221 
degeneracy worse : 177 177 178 220 226 225 
SCL #err deg : 849 / 1600
SCL #err weighted degeneracy : 814 814 815 840 844 849 
degeneracy helps : 216 214 220 240 241 237 
degeneracy worse : 184 184 186 231 236 237 
SCL #err deg : 906 / 1700
SCL #err weighted degeneracy : 872 872 873 899 903 906 
degeneracy helps : 229 227 233 254 255 253 
degeneracy worse : 198 198 200 247 252 253 
SCL #err deg : 962 / 1800
SCL #err weighted degeneracy : 929 929 930 956 961 962 
degeneracy helps : 237 235 241 264 265 265 
degeneracy worse : 207 207 209 258 264 265 
SCL #err deg : 1021 / 1900
SCL #err weighted degeneracy : 976 976 977 1008 1015 1017 
degeneracy helps : 256 252 260 283 284 283 
degeneracy worse : 214 214 216 270 278 279 
SCL #err deg : 1072 / 2000
SCL #err weighted degeneracy : 1029 1029 1030 1065 1072 1076 
degeneracy helps : 270 266 275 299 300 297 
degeneracy worse : 231 231 233 292 300 301 
SCL #err deg : 1116 / 2100
SCL #err weighted degeneracy : 1079 1079 1080 1117 1127 1131 
degeneracy helps : 282 278 287 312 313 310 
degeneracy worse : 250 250 252 313 324 325 
SCL #err deg : 1174 / 2200
SCL #err weighted degeneracy : 1130 1130 1131 1169 1179 1184 
degeneracy helps : 298 294 303 329 330 328 
degeneracy worse : 259 259 261 324 335 338 
SCL #err deg : 1225 / 2300
SCL #err weighted degeneracy : 1183 1183 1184 1224 1234 1240 
degeneracy helps : 310 306 315 341 342 339 
degeneracy worse : 273 273 275 340 351 354 
SCL #err deg : 1264 / 2400
SCL #err weighted degeneracy : 1232 1232 1233 1279 1289 1295 
degeneracy helps : 316 312 321 347 348 345 
degeneracy worse : 289 289 291 362 373 376 
SCL #err deg : 1318 / 2500
SCL #err weighted degeneracy : 1287 1287 1288 1332 1343 1349 
degeneracy helps : 330 326 335 364 364 362 
degeneracy worse : 304 304 306 378 389 393 
SCL #err deg : 1362 / 2600
SCL #err weighted degeneracy : 1339 1339 1340 1389 1399 1407 
degeneracy helps : 335 331 340 369 370 368 
degeneracy worse : 317 317 319 396 407 413 
SCL #err deg : 1421 / 2700
SCL #err weighted degeneracy : 1386 1386 1387 1435 1446 1457 
degeneracy helps : 351 347 356 388 389 386 
degeneracy worse : 322 322 324 402 414 422 
SCL #err deg : 1484 / 2800
SCL #err weighted degeneracy : 1451 1451 1452 1500 1510 1520 
degeneracy helps : 363 359 368 401 403 400 
degeneracy worse : 336 336 338 417 429 436 
SCL #err deg : 1538 / 2900
SCL #err weighted degeneracy : 1505 1505 1506 1558 1569 1579 
degeneracy helps : 378 374 384 417 418 415 
degeneracy worse : 352 352 354 437 449 456 
SCL #err deg : 1596 / 3000
SCL #err weighted degeneracy : 1556 1556 1557 1608 1619 1629 
degeneracy helps : 392 388 398 435 436 433 
degeneracy worse : 359 359 361 447 459 466 
SCL #err deg : 1648 / 3100
SCL #err weighted degeneracy : 1615 1615 1616 1667 1679 1689 
degeneracy helps : 401 397 407 446 447 444 
degeneracy worse : 375 375 377 465 478 485 
SCL #err deg : 1705 / 3200
SCL #err weighted degeneracy : 1678 1678 1679 1730 1742 1751 
degeneracy helps : 410 406 416 458 459 457 
degeneracy worse : 390 390 392 483 496 503 
SCL #err deg : 1766 / 3300
SCL #err weighted degeneracy : 1731 1731 1732 1784 1796 1810 
degeneracy helps : 424 420 431 475 476 473 
degeneracy worse : 397 397 399 493 506 517 
SCL #err deg : 1821 / 3400
SCL #err weighted degeneracy : 1785 1785 1786 1840 1852 1869 
degeneracy helps : 439 435 446 490 491 487 
degeneracy worse : 411 411 413 509 522 535 
SCL #err deg : 1881 / 3500
SCL #err weighted degeneracy : 1839 1839 1840 1898 1910 1927 
degeneracy helps : 454 450 461 507 508 504 
degeneracy worse : 421 421 423 524 537 550 
SCL #err deg : 1941 / 3600
SCL #err weighted degeneracy : 1894 1894 1895 1954 1965 1981 
degeneracy helps : 465 461 472 519 520 517 
degeneracy worse : 427 427 429 532 544 557 
SCL #err deg : 1999 / 3700
SCL #err weighted degeneracy : 1948 1948 1949 2012 2021 2035 
degeneracy helps : 478 474 485 532 535 533 
degeneracy worse : 436 436 438 545 557 569 
SCL #err deg : 2049 / 3800
SCL #err weighted degeneracy : 2006 2006 2007 2070 2080 2097 
degeneracy helps : 483 479 490 541 544 542 
degeneracy worse : 449 449 451 562 575 590 
SCL #err deg : 2100 / 3900
SCL #err weighted degeneracy : 2056 2056 2057 2123 2134 2152 
degeneracy helps : 498 494 505 556 558 556 
degeneracy worse : 463 463 465 579 592 608 
SCL #err deg : 2151 / 4000
SCL #err weighted degeneracy : 2108 2108 2109 2178 2189 2205 
degeneracy helps : 505 501 513 565 567 567 
degeneracy worse : 472 472 474 592 605 621 
SCL #err deg : 2210 / 4100
SCL #err weighted degeneracy : 2168 2168 2169 2241 2253 2269 
degeneracy helps : 515 511 524 576 578 578 
degeneracy worse : 484 484 486 607 621 637 
SCL #err deg : 2263 / 4200
SCL #err weighted degeneracy : 2216 2216 2217 2292 2305 2319 
degeneracy helps : 529 525 538 590 592 593 
degeneracy worse : 493 493 495 619 634 649 
SCL #err deg : 2319 / 4300
SCL #err weighted degeneracy : 2266 2266 2267 2342 2354 2370 
degeneracy helps : 547 543 556 609 612 612 
degeneracy worse : 505 505 507 632 647 663 
SCL #err deg : 2370 / 4400
SCL #err weighted degeneracy : 2314 2314 2315 2390 2405 2420 
degeneracy helps : 562 558 571 624 624 625 
degeneracy worse : 517 517 519 644 659 675 
SCL #err deg : 2417 / 4500
SCL #err weighted degeneracy : 2368 2368 2369 2445 2460 2474 
degeneracy helps : 572 568 581 635 635 636 
degeneracy worse : 534 534 536 663 678 693 
SCL #err deg : 2479 / 4600
SCL #err weighted degeneracy : 2423 2423 2423 2497 2512 2531 
degeneracy helps : 589 585 599 656 656 654 
degeneracy worse : 544 544 546 674 689 706 
SCL #err deg : 2536 / 4700
SCL #err weighted degeneracy : 2475 2475 2476 2553 2568 2587 
degeneracy helps : 603 598 613 672 672 670 
degeneracy worse : 553 553 556 689 704 721 
SCL #err deg : 2594 / 4800
SCL #err weighted degeneracy : 2528 2528 2529 2611 2626 2650 
degeneracy helps : 614 609 624 684 684 682 
degeneracy worse : 560 560 563 701 716 738 
SCL #err deg : 2655 / 4900
SCL #err weighted degeneracy : 2593 2593 2595 2675 2690 2714 
degeneracy helps : 624 618 634 699 699 695 
degeneracy worse : 575 575 579 719 734 754 
SCL #err deg : 2718 / 5000
SCL #err weighted degeneracy : 2652 2652 2654 2732 2747 2772 
degeneracy helps : 636 630 646 714 714 710 
degeneracy worse : 583 583 587 728 743 764 
SCL #err deg : 2776 / 5100
SCL #err weighted degeneracy : 2710 2710 2713 2792 2807 2832 
degeneracy helps : 647 641 657 728 728 725 
degeneracy worse : 594 594 599 744 759 781 
SCL #err deg : 2831 / 5200
SCL #err weighted degeneracy : 2766 2766 2768 2849 2864 2891 
degeneracy helps : 660 653 672 744 744 741 
degeneracy worse : 609 609 614 762 777 801 
SCL #err deg : 2881 / 5300
SCL #err weighted degeneracy : 2816 2816 2818 2898 2914 2941 
degeneracy helps : 672 664 684 761 761 759 
degeneracy worse : 621 621 626 778 794 819 
SCL #err deg : 2937 / 5400
SCL #err weighted degeneracy : 2875 2875 2877 2960 2977 3005 
degeneracy helps : 683 675 695 772 771 769 
degeneracy worse : 635 635 640 795 811 837 
SCL #err deg : 2985 / 5500
SCL #err weighted degeneracy : 2926 2926 2928 3012 3029 3058 
degeneracy helps : 694 686 706 785 784 783 
degeneracy worse : 650 650 655 812 828 856 
SCL #err deg : 3038 / 5600
SCL #err weighted degeneracy : 2970 2970 2972 3058 3075 3103 
degeneracy helps : 711 702 723 805 804 802 
degeneracy worse : 658 658 663 825 841 867 
SCL #err deg : 3094 / 5700
SCL #err weighted degeneracy : 3022 3022 3024 3116 3133 3164 
degeneracy helps : 726 717 738 820 819 816 
degeneracy worse : 669 669 674 842 858 886 
SCL #err deg : 3144 / 5800
SCL #err weighted degeneracy : 3075 3075 3077 3174 3191 3221 
degeneracy helps : 739 730 751 833 832 828 
degeneracy worse : 685 685 690 863 879 905 
SCL #err deg : 3197 / 5900
SCL #err weighted degeneracy : 3122 3122 3124 3224 3241 3274 
degeneracy helps : 756 747 769 854 853 847 
degeneracy worse : 697 697 702 881 897 924 
SCL #err deg : 3246 / 6000
SCL #err weighted degeneracy : 3175 3175 3177 3279 3297 3328 
degeneracy helps : 770 761 783 869 868 862 
degeneracy worse : 715 715 720 902 919 944 
SCL #err deg : 3301 / 6100
SCL #err weighted degeneracy : 3229 3229 3231 3334 3354 3387 
degeneracy helps : 783 774 796 884 882 876 
degeneracy worse : 727 727 732 917 935 962 
SCL #err deg : 3352 / 6200
SCL #err weighted degeneracy : 3275 3275 3277 3380 3400 3434 
degeneracy helps : 797 788 810 899 897 890 
degeneracy worse : 736 736 741 927 945 972 
SCL #err deg : 3403 / 6300
SCL #err weighted degeneracy : 3324 3324 3326 3428 3450 3486 
degeneracy helps : 808 799 821 912 909 901 
degeneracy worse : 745 745 750 937 956 984 
SCL #err deg : 3458 / 6400
SCL #err weighted degeneracy : 3382 3382 3384 3489 3510 3547 
degeneracy helps : 819 808 832 924 922 912 
degeneracy worse : 759 759 764 955 974 1001 
SCL #err deg : 3516 / 6500
SCL #err weighted degeneracy : 3433 3433 3435 3543 3566 3601 
degeneracy helps : 837 826 850 941 938 929 
degeneracy worse : 770 770 775 968 988 1014 
SCL #err deg : 3573 / 6600
SCL #err weighted degeneracy : 3490 3490 3492 3601 3625 3660 
degeneracy helps : 850 839 864 955 952 943 
degeneracy worse : 784 784 789 983 1004 1030 
SCL #err deg : 3632 / 6700
SCL #err weighted degeneracy : 3549 3549 3551 3661 3686 3722 
degeneracy helps : 861 850 875 967 964 954 
degeneracy worse : 795 795 800 996 1018 1044 
SCL #err deg : 3688 / 6800
SCL #err weighted degeneracy : 3606 3606 3608 3719 3745 3782 
degeneracy helps : 874 862 888 982 979 968 
degeneracy worse : 809 809 814 1013 1036 1062 
SCL #err deg : 3748 / 6900
SCL #err weighted degeneracy : 3659 3659 3661 3771 3798 3835 
degeneracy helps : 890 878 904 1000 996 985 
degeneracy worse : 818 818 823 1023 1046 1072 
SCL #err deg : 3805 / 7000
SCL #err weighted degeneracy : 3711 3711 3713 3825 3855 3891 
degeneracy helps : 903 891 917 1015 1009 998 
degeneracy worse : 827 827 832 1035 1059 1084 
SCL #err deg : 3852 / 7100
SCL #err weighted degeneracy : 3767 3767 3769 3881 3912 3948 
degeneracy helps : 910 898 924 1025 1019 1009 
degeneracy worse : 843 843 848 1054 1079 1105 
SCL #err deg : 3904 / 7200
SCL #err weighted degeneracy : 3818 3818 3820 3936 3966 4003 
degeneracy helps : 926 913 940 1041 1035 1025 
degeneracy worse : 858 858 863 1073 1097 1124 
SCL #err deg : 3954 / 7300
SCL #err weighted degeneracy : 3871 3871 3873 3989 4019 4055 
degeneracy helps : 933 920 947 1050 1044 1036 
degeneracy worse : 868 868 873 1085 1109 1137 
SCL #err deg : 4005 / 7400
SCL #err weighted degeneracy : 3921 3921 3923 4046 4076 4110 
degeneracy helps : 946 932 960 1063 1058 1050 
degeneracy worse : 880 880 885 1104 1129 1155 
SCL #err deg : 4057 / 7500
SCL #err weighted degeneracy : 3979 3979 3980 4107 4138 4173 
degeneracy helps : 953 939 968 1072 1067 1059 
degeneracy worse : 893 893 898 1122 1148 1175 
SCL #err deg : 4108 / 7600
SCL #err weighted degeneracy : 4035 4035 4036 4165 4196 4232 
degeneracy helps : 959 945 974 1079 1074 1066 
degeneracy worse : 904 904 909 1136 1162 1190 
SCL #err deg : 4164 / 7700
SCL #err weighted degeneracy : 4092 4092 4093 4223 4254 4291 
degeneracy helps : 972 958 987 1093 1088 1079 
degeneracy worse : 918 918 923 1152 1178 1206 
SCL #err deg : 4217 / 7800
SCL #err weighted degeneracy : 4138 4138 4139 4272 4303 4342 
degeneracy helps : 992 978 1007 1114 1109 1099 
degeneracy worse : 931 931 936 1169 1195 1224 
SCL #err deg : 4285 / 7900
SCL #err weighted degeneracy : 4196 4196 4197 4333 4364 4402 
degeneracy helps : 1007 993 1022 1129 1124 1115 
degeneracy worse : 936 936 941 1177 1203 1232 
SCL #err deg : 4340 / 8000
SCL #err weighted degeneracy : 4255 4255 4256 4395 4427 4464 
degeneracy helps : 1020 1006 1035 1141 1136 1127 
degeneracy worse : 953 953 958 1196 1223 1251 
SCL #err deg : 4396 / 8100
SCL #err weighted degeneracy : 4306 4306 4307 4451 4483 4521 
degeneracy helps : 1035 1021 1051 1158 1153 1143 
degeneracy worse : 964 964 969 1213 1240 1268 
SCL #err deg : 4458 / 8200
SCL #err weighted degeneracy : 4367 4367 4368 4510 4542 4581 
degeneracy helps : 1048 1034 1064 1175 1170 1161 
degeneracy worse : 976 976 981 1227 1254 1284 
SCL #err deg : 4515 / 8300
SCL #err weighted degeneracy : 4423 4423 4423 4566 4599 4639 
degeneracy helps : 1058 1044 1075 1187 1182 1173 
degeneracy worse : 985 985 990 1238 1266 1297 
SCL #err deg : 4556 / 8400
SCL #err weighted degeneracy : 4474 4474 4475 4624 4656 4695 
degeneracy helps : 1062 1047 1079 1191 1186 1177 
degeneracy worse : 999 999 1005 1259 1286 1316 
SCL #err deg : 4610 / 8500
SCL #err weighted degeneracy : 4525 4525 4526 4674 4706 4745 
degeneracy helps : 1076 1061 1093 1207 1202 1194 
degeneracy worse : 1010 1010 1016 1271 1298 1329 
SCL #err deg : 4667 / 8600
SCL #err weighted degeneracy : 4577 4577 4578 4732 4763 4801 
degeneracy helps : 1092 1076 1109 1223 1219 1211 
degeneracy worse : 1021 1021 1027 1288 1315 1345 
SCL #err deg : 4719 / 8700
SCL #err weighted degeneracy : 4627 4627 4628 4783 4814 4857 
degeneracy helps : 1103 1087 1120 1237 1233 1225 
degeneracy worse : 1030 1030 1036 1301 1328 1363 
SCL #err deg : 4776 / 8800
SCL #err weighted degeneracy : 4693 4693 4694 4847 4878 4922 
degeneracy helps : 1110 1094 1128 1247 1243 1235 
degeneracy worse : 1047 1047 1053 1318 1345 1381 
SCL #err deg : 4819 / 8900
SCL #err weighted degeneracy : 4731 4731 4731 4883 4915 4959 
degeneracy helps : 1126 1110 1145 1266 1261 1253 
degeneracy worse : 1058 1058 1064 1330 1357 1393 
SCL #err deg : 4871 / 9000
SCL #err weighted degeneracy : 4789 4789 4789 4941 4973 5017 
degeneracy helps : 1136 1120 1155 1278 1273 1266 
degeneracy worse : 1074 1074 1080 1348 1375 1412 
SCL #err deg : 4931 / 9100
SCL #err weighted degeneracy : 4844 4844 4844 4994 5026 5071 
degeneracy helps : 1149 1133 1168 1295 1290 1282 
degeneracy worse : 1082 1082 1088 1358 1385 1422 
SCL #err deg : 4988 / 9200
SCL #err weighted degeneracy : 4897 4897 4898 5050 5082 5125 
degeneracy helps : 1163 1146 1182 1308 1303 1296 
degeneracy worse : 1092 1092 1099 1370 1397 1433 
SCL #err deg : 5049 / 9300
SCL #err weighted degeneracy : 4957 4957 4958 5110 5142 5186 
degeneracy helps : 1177 1160 1196 1324 1319 1311 
degeneracy worse : 1105 1105 1112 1385 1412 1448 
SCL #err deg : 5105 / 9400
SCL #err weighted degeneracy : 5019 5019 5020 5173 5207 5252 
degeneracy helps : 1186 1169 1205 1335 1330 1322 
degeneracy worse : 1120 1120 1127 1403 1432 1469 
SCL #err deg : 5157 / 9500
SCL #err weighted degeneracy : 5073 5073 5074 5227 5261 5306 
degeneracy helps : 1202 1185 1221 1353 1348 1340 
degeneracy worse : 1138 1138 1145 1423 1452 1489 
SCL #err deg : 5209 / 9600
SCL #err weighted degeneracy : 5124 5124 5125 5282 5315 5359 
degeneracy helps : 1215 1198 1234 1369 1365 1357 
degeneracy worse : 1150 1150 1157 1442 1471 1507 
SCL #err deg : 5256 / 9700
SCL #err weighted degeneracy : 5172 5172 5173 5330 5363 5407 
degeneracy helps : 1227 1210 1246 1384 1380 1372 
degeneracy worse : 1163 1163 1170 1458 1487 1523 
SCL #err deg : 5316 / 9800
SCL #err weighted degeneracy : 5231 5231 5232 5391 5425 5469 
degeneracy helps : 1239 1222 1258 1399 1395 1387 
degeneracy worse : 1174 1174 1181 1474 1504 1540 
SCL #err deg : 5366 / 9900
SCL #err weighted degeneracy : 5284 5284 5285 5449 5484 5528 
degeneracy helps : 1250 1233 1269 1410 1405 1398 
degeneracy worse : 1188 1188 1195 1493 1523 1560 
SCL #err deg : 5416 / 10000
SCL #err weighted degeneracy : 5331 5331 5333 5497 5533 5577 
degeneracy helps : 1265 1248 1284 1427 1421 1414 
degeneracy worse : 1200 1200 1208 1508 1538 1575 
average #flips: 9.6014
SCL #err considering degeneracy: 5416
error due to equal 1479
error due to SCL smaller 3937
Finish in 604 s
