Simulation Polar syndrome FASTER N=64, K=33, l=128, pz=0.11, #samples=10000, seed=22
HPW construction
Event generator random seed: 22
SCL #err deg : 32 / 100
SCL #err weighted degeneracy : 35 35 35 39 41 44 
degeneracy helps : 9 9 9 11 11 11 
degeneracy worse : 13 13 13 18 20 23 
SCL #err deg : 61 / 200
SCL #err weighted degeneracy : 68 68 68 78 81 84 
degeneracy helps : 19 19 19 22 21 21 
degeneracy worse : 27 27 27 39 41 44 
SCL #err deg : 94 / 300
SCL #err weighted degeneracy : 101 101 102 115 118 120 
degeneracy helps : 29 29 29 34 33 33 
degeneracy worse : 37 37 38 55 57 59 
SCL #err deg : 127 / 400
SCL #err weighted degeneracy : 127 127 128 142 145 147 
degeneracy helps : 40 40 40 46 45 45 
degeneracy worse : 41 41 42 61 63 65 
SCL #err deg : 165 / 500
SCL #err weighted degeneracy : 155 155 156 174 178 183 
degeneracy helps : 57 57 57 62 60 60 
degeneracy worse : 48 48 49 71 73 78 
SCL #err deg : 202 / 600
SCL #err weighted degeneracy : 188 188 189 211 215 221 
degeneracy helps : 70 70 70 77 75 75 
degeneracy worse : 59 59 60 86 88 94 
SCL #err deg : 237 / 700
SCL #err weighted degeneracy : 222 222 222 249 253 259 
degeneracy helps : 81 81 82 90 88 88 
degeneracy worse : 69 69 70 102 104 110 
SCL #err deg : 277 / 800
SCL #err weighted degeneracy : 248 248 248 279 283 289 
degeneracy helps : 100 100 101 110 108 108 
degeneracy worse : 74 74 75 112 114 120 
SCL #err deg : 313 / 900
SCL #err weighted degeneracy : 279 279 279 314 319 325 
degeneracy helps : 109 109 111 121 119 119 
degeneracy worse : 79 79 80 122 125 131 
SCL #err deg : 347 / 1000
SCL #err weighted degeneracy : 314 314 314 350 355 361 
degeneracy helps : 118 118 120 131 129 129 
degeneracy worse : 89 89 90 134 137 143 
SCL #err deg : 378 / 1100
SCL #err weighted degeneracy : 341 341 341 382 388 393 
degeneracy helps : 130 130 133 145 143 143 
degeneracy worse : 98 98 99 149 153 158 
SCL #err deg : 405 / 1200
SCL #err weighted degeneracy : 374 374 374 416 421 429 
degeneracy helps : 138 138 141 155 154 153 
degeneracy worse : 112 112 113 166 170 177 
SCL #err deg : 439 / 1300
SCL #err weighted degeneracy : 404 404 404 448 454 463 
degeneracy helps : 147 148 151 165 164 163 
degeneracy worse : 118 118 119 174 179 187 
SCL #err deg : 476 / 1400
SCL #err weighted degeneracy : 437 437 437 487 493 503 
degeneracy helps : 158 160 163 178 177 177 
degeneracy worse : 126 126 127 189 194 204 
SCL #err deg : 508 / 1500
SCL #err weighted degeneracy : 468 468 468 526 532 543 
degeneracy helps : 168 170 173 188 187 185 
degeneracy worse : 135 135 136 206 211 220 
SCL #err deg : 546 / 1600
SCL #err weighted degeneracy : 496 496 496 560 567 577 
degeneracy helps : 184 186 189 205 203 201 
degeneracy worse : 141 141 142 219 224 232 
SCL #err deg : 575 / 1700
SCL #err weighted degeneracy : 528 528 528 598 606 616 
degeneracy helps : 192 194 197 212 210 208 
degeneracy worse : 152 152 153 235 241 249 
SCL #err deg : 607 / 1800
SCL #err weighted degeneracy : 568 568 568 642 650 660 
degeneracy helps : 200 202 205 220 218 216 
degeneracy worse : 168 168 169 255 261 269 
SCL #err deg : 636 / 1900
SCL #err weighted degeneracy : 598 598 598 678 687 699 
degeneracy helps : 204 206 209 225 223 221 
degeneracy worse : 174 174 175 267 274 284 
SCL #err deg : 677 / 2000
SCL #err weighted degeneracy : 631 631 631 717 726 739 
degeneracy helps : 217 219 222 239 237 235 
degeneracy worse : 179 179 180 279 286 297 
SCL #err deg : 717 / 2100
SCL #err weighted degeneracy : 665 665 665 757 766 778 
degeneracy helps : 231 233 236 253 251 249 
degeneracy worse : 187 187 188 293 300 310 
SCL #err deg : 752 / 2200
SCL #err weighted degeneracy : 701 701 701 800 809 821 
degeneracy helps : 237 239 242 258 256 254 
degeneracy worse : 194 194 195 306 313 323 
SCL #err deg : 780 / 2300
SCL #err weighted degeneracy : 734 734 734 839 847 859 
degeneracy helps : 241 243 247 263 261 259 
degeneracy worse : 204 204 205 322 328 338 
SCL #err deg : 813 / 2400
SCL #err weighted degeneracy : 765 765 765 876 885 896 
degeneracy helps : 254 256 260 275 274 272 
degeneracy worse : 215 215 216 338 346 355 
SCL #err deg : 855 / 2500
SCL #err weighted degeneracy : 794 794 794 908 917 928 
degeneracy helps : 270 272 276 293 292 291 
degeneracy worse : 218 218 219 346 354 364 
SCL #err deg : 893 / 2600
SCL #err weighted degeneracy : 826 826 827 943 953 964 
degeneracy helps : 283 285 288 305 303 302 
degeneracy worse : 225 225 226 355 363 373 
SCL #err deg : 931 / 2700
SCL #err weighted degeneracy : 866 866 867 986 995 1007 
degeneracy helps : 294 296 299 317 315 314 
degeneracy worse : 238 238 239 372 379 390 
SCL #err deg : 967 / 2800
SCL #err weighted degeneracy : 900 900 901 1026 1036 1045 
degeneracy helps : 306 308 313 332 330 329 
degeneracy worse : 251 251 252 391 399 407 
SCL #err deg : 997 / 2900
SCL #err weighted degeneracy : 934 934 935 1066 1076 1087 
degeneracy helps : 313 315 320 339 337 336 
degeneracy worse : 262 262 263 408 416 426 
SCL #err deg : 1026 / 3000
SCL #err weighted degeneracy : 967 967 968 1102 1112 1123 
degeneracy helps : 319 321 326 345 343 342 
degeneracy worse : 272 272 273 421 429 439 
SCL #err deg : 1059 / 3100
SCL #err weighted degeneracy : 992 992 993 1127 1137 1149 
degeneracy helps : 333 335 341 361 359 358 
degeneracy worse : 279 279 280 429 437 448 
SCL #err deg : 1087 / 3200
SCL #err weighted degeneracy : 1020 1020 1021 1158 1168 1180 
degeneracy helps : 342 344 350 371 369 368 
degeneracy worse : 288 288 289 442 450 461 
SCL #err deg : 1113 / 3300
SCL #err weighted degeneracy : 1052 1052 1053 1199 1209 1222 
degeneracy helps : 353 355 361 382 380 379 
degeneracy worse : 305 305 306 468 476 488 
SCL #err deg : 1157 / 3400
SCL #err weighted degeneracy : 1092 1092 1093 1243 1253 1265 
degeneracy helps : 367 369 375 396 394 393 
degeneracy worse : 315 315 316 482 490 501 
SCL #err deg : 1186 / 3500
SCL #err weighted degeneracy : 1117 1117 1118 1272 1283 1295 
degeneracy helps : 376 378 384 405 403 402 
degeneracy worse : 320 320 321 491 500 511 
SCL #err deg : 1220 / 3600
SCL #err weighted degeneracy : 1143 1143 1144 1302 1313 1326 
degeneracy helps : 391 393 400 423 421 418 
degeneracy worse : 328 328 329 505 514 524 
SCL #err deg : 1253 / 3700
SCL #err weighted degeneracy : 1174 1174 1175 1342 1354 1367 
degeneracy helps : 402 404 411 435 433 430 
degeneracy worse : 337 337 338 524 534 544 
SCL #err deg : 1283 / 3800
SCL #err weighted degeneracy : 1208 1208 1209 1377 1389 1401 
degeneracy helps : 409 411 418 443 441 438 
degeneracy worse : 348 348 349 537 547 556 
SCL #err deg : 1316 / 3900
SCL #err weighted degeneracy : 1235 1235 1236 1410 1422 1436 
degeneracy helps : 422 424 431 456 454 451 
degeneracy worse : 355 355 356 550 560 571 
SCL #err deg : 1358 / 4000
SCL #err weighted degeneracy : 1273 1273 1274 1449 1461 1476 
degeneracy helps : 435 437 444 472 470 467 
degeneracy worse : 364 364 365 563 573 585 
SCL #err deg : 1395 / 4100
SCL #err weighted degeneracy : 1305 1305 1306 1483 1495 1512 
degeneracy helps : 446 448 456 485 483 479 
degeneracy worse : 371 371 372 573 583 596 
SCL #err deg : 1431 / 4200
SCL #err weighted degeneracy : 1338 1338 1339 1516 1528 1543 
degeneracy helps : 457 460 468 499 497 494 
degeneracy worse : 380 380 381 584 594 606 
SCL #err deg : 1461 / 4300
SCL #err weighted degeneracy : 1369 1369 1370 1551 1563 1577 
degeneracy helps : 465 468 476 507 505 502 
degeneracy worse : 389 389 390 597 607 618 
SCL #err deg : 1492 / 4400
SCL #err weighted degeneracy : 1393 1393 1394 1584 1596 1610 
degeneracy helps : 480 483 491 522 519 516 
degeneracy worse : 397 397 398 614 623 634 
SCL #err deg : 1527 / 4500
SCL #err weighted degeneracy : 1431 1431 1432 1628 1640 1653 
degeneracy helps : 487 491 499 530 527 524 
degeneracy worse : 408 408 409 631 640 650 
SCL #err deg : 1561 / 4600
SCL #err weighted degeneracy : 1462 1462 1463 1663 1675 1688 
degeneracy helps : 497 501 509 540 537 533 
degeneracy worse : 415 415 416 642 651 660 
SCL #err deg : 1594 / 4700
SCL #err weighted degeneracy : 1488 1488 1489 1696 1708 1722 
degeneracy helps : 507 511 519 551 548 544 
degeneracy worse : 419 419 420 653 662 672 
SCL #err deg : 1625 / 4800
SCL #err weighted degeneracy : 1514 1514 1515 1726 1739 1754 
degeneracy helps : 518 522 531 564 560 555 
degeneracy worse : 426 426 427 665 674 684 
SCL #err deg : 1651 / 4900
SCL #err weighted degeneracy : 1544 1544 1544 1757 1770 1785 
degeneracy helps : 523 527 537 570 566 561 
degeneracy worse : 435 435 436 676 685 695 
SCL #err deg : 1690 / 5000
SCL #err weighted degeneracy : 1577 1577 1577 1794 1808 1824 
degeneracy helps : 535 538 550 584 580 575 
degeneracy worse : 442 442 443 688 698 709 
SCL #err deg : 1721 / 5100
SCL #err weighted degeneracy : 1605 1605 1605 1827 1841 1858 
degeneracy helps : 542 545 558 592 588 583 
degeneracy worse : 447 447 448 698 708 720 
SCL #err deg : 1759 / 5200
SCL #err weighted degeneracy : 1637 1637 1637 1863 1877 1893 
degeneracy helps : 553 556 569 604 600 595 
degeneracy worse : 452 452 453 708 718 729 
SCL #err deg : 1794 / 5300
SCL #err weighted degeneracy : 1667 1667 1667 1896 1910 1926 
degeneracy helps : 563 566 579 616 612 607 
degeneracy worse : 457 457 458 718 728 739 
SCL #err deg : 1828 / 5400
SCL #err weighted degeneracy : 1706 1706 1707 1941 1956 1971 
degeneracy helps : 571 574 587 625 621 616 
degeneracy worse : 470 470 472 738 749 759 
SCL #err deg : 1860 / 5500
SCL #err weighted degeneracy : 1735 1735 1736 1976 1994 2006 
degeneracy helps : 581 584 597 635 631 627 
degeneracy worse : 477 477 479 751 765 773 
SCL #err deg : 1893 / 5600
SCL #err weighted degeneracy : 1773 1773 1774 2018 2037 2049 
degeneracy helps : 589 592 605 642 638 634 
degeneracy worse : 490 490 492 767 782 790 
SCL #err deg : 1928 / 5700
SCL #err weighted degeneracy : 1807 1807 1808 2055 2075 2087 
degeneracy helps : 596 599 613 651 647 643 
degeneracy worse : 497 497 499 778 794 802 
SCL #err deg : 1962 / 5800
SCL #err weighted degeneracy : 1838 1838 1839 2093 2113 2126 
degeneracy helps : 603 607 621 661 657 653 
degeneracy worse : 502 502 504 792 808 817 
SCL #err deg : 1989 / 5900
SCL #err weighted degeneracy : 1871 1871 1872 2134 2154 2169 
degeneracy helps : 608 612 626 666 662 659 
degeneracy worse : 514 514 516 811 827 839 
SCL #err deg : 2016 / 6000
SCL #err weighted degeneracy : 1904 1904 1905 2170 2190 2204 
degeneracy helps : 610 614 628 667 663 660 
degeneracy worse : 522 522 524 821 837 848 
SCL #err deg : 2048 / 6100
SCL #err weighted degeneracy : 1937 1937 1938 2205 2225 2241 
degeneracy helps : 620 624 638 679 675 672 
degeneracy worse : 533 533 535 836 852 865 
SCL #err deg : 2083 / 6200
SCL #err weighted degeneracy : 1973 1973 1974 2245 2265 2281 
degeneracy helps : 627 630 645 685 681 678 
degeneracy worse : 541 541 543 847 863 876 
SCL #err deg : 2122 / 6300
SCL #err weighted degeneracy : 1998 1998 1999 2273 2294 2313 
degeneracy helps : 645 648 663 703 699 695 
degeneracy worse : 545 545 547 854 871 886 
SCL #err deg : 2157 / 6400
SCL #err weighted degeneracy : 2035 2035 2036 2315 2337 2358 
degeneracy helps : 656 658 674 714 710 706 
degeneracy worse : 558 558 560 872 890 907 
SCL #err deg : 2195 / 6500
SCL #err weighted degeneracy : 2069 2069 2070 2354 2376 2398 
degeneracy helps : 666 668 684 724 720 716 
degeneracy worse : 564 564 566 883 901 919 
SCL #err deg : 2238 / 6600
SCL #err weighted degeneracy : 2105 2105 2106 2395 2417 2440 
degeneracy helps : 679 681 697 737 733 728 
degeneracy worse : 570 570 572 894 912 930 
SCL #err deg : 2267 / 6700
SCL #err weighted degeneracy : 2134 2134 2135 2430 2452 2477 
degeneracy helps : 686 688 704 745 741 736 
degeneracy worse : 577 577 579 908 926 946 
SCL #err deg : 2296 / 6800
SCL #err weighted degeneracy : 2157 2157 2158 2456 2479 2505 
degeneracy helps : 698 700 716 760 756 751 
degeneracy worse : 584 584 586 920 939 960 
SCL #err deg : 2329 / 6900
SCL #err weighted degeneracy : 2196 2196 2197 2497 2521 2546 
degeneracy helps : 705 708 724 769 764 759 
degeneracy worse : 598 598 600 937 956 976 
SCL #err deg : 2365 / 7000
SCL #err weighted degeneracy : 2231 2231 2232 2535 2559 2584 
degeneracy helps : 714 717 733 779 774 770 
degeneracy worse : 606 606 608 949 968 989 
SCL #err deg : 2400 / 7100
SCL #err weighted degeneracy : 2258 2258 2259 2569 2594 2620 
degeneracy helps : 730 733 749 794 788 784 
degeneracy worse : 614 614 616 963 982 1004 
SCL #err deg : 2437 / 7200
SCL #err weighted degeneracy : 2293 2293 2293 2609 2635 2659 
degeneracy helps : 739 742 759 805 799 795 
degeneracy worse : 621 621 623 977 997 1017 
SCL #err deg : 2476 / 7300
SCL #err weighted degeneracy : 2330 2330 2330 2648 2673 2700 
degeneracy helps : 750 753 770 818 813 807 
degeneracy worse : 630 630 632 990 1010 1031 
SCL #err deg : 2501 / 7400
SCL #err weighted degeneracy : 2360 2360 2360 2682 2707 2737 
degeneracy helps : 756 759 776 825 820 814 
degeneracy worse : 641 641 643 1006 1026 1050 
SCL #err deg : 2544 / 7500
SCL #err weighted degeneracy : 2399 2399 2399 2727 2752 2784 
degeneracy helps : 764 767 784 834 829 823 
degeneracy worse : 645 645 647 1017 1037 1063 
SCL #err deg : 2577 / 7600
SCL #err weighted degeneracy : 2434 2434 2434 2764 2789 2823 
degeneracy helps : 774 777 794 845 840 833 
degeneracy worse : 657 657 659 1032 1052 1079 
SCL #err deg : 2613 / 7700
SCL #err weighted degeneracy : 2465 2465 2465 2800 2826 2859 
degeneracy helps : 786 788 806 858 853 848 
degeneracy worse : 664 664 666 1045 1066 1094 
SCL #err deg : 2646 / 7800
SCL #err weighted degeneracy : 2502 2502 2502 2840 2865 2900 
degeneracy helps : 792 794 812 865 861 856 
degeneracy worse : 674 674 676 1059 1080 1110 
SCL #err deg : 2673 / 7900
SCL #err weighted degeneracy : 2529 2529 2529 2873 2899 2934 
degeneracy helps : 802 804 822 876 871 866 
degeneracy worse : 684 684 686 1076 1097 1127 
SCL #err deg : 2703 / 8000
SCL #err weighted degeneracy : 2562 2562 2562 2916 2943 2976 
degeneracy helps : 806 808 826 881 876 871 
degeneracy worse : 691 691 693 1094 1116 1144 
SCL #err deg : 2747 / 8100
SCL #err weighted degeneracy : 2606 2606 2606 2959 2986 3018 
degeneracy helps : 815 817 835 893 888 883 
degeneracy worse : 700 700 702 1105 1127 1154 
SCL #err deg : 2777 / 8200
SCL #err weighted degeneracy : 2644 2644 2644 3000 3027 3060 
degeneracy helps : 818 820 838 898 893 887 
degeneracy worse : 711 711 713 1121 1143 1170 
SCL #err deg : 2819 / 8300
SCL #err weighted degeneracy : 2682 2682 2682 3041 3068 3105 
degeneracy helps : 830 832 850 911 906 899 
degeneracy worse : 719 719 721 1133 1155 1185 
SCL #err deg : 2852 / 8400
SCL #err weighted degeneracy : 2712 2712 2712 3075 3103 3144 
degeneracy helps : 836 838 856 917 912 905 
degeneracy worse : 722 722 724 1140 1163 1197 
SCL #err deg : 2885 / 8500
SCL #err weighted degeneracy : 2743 2743 2743 3108 3136 3177 
degeneracy helps : 844 846 864 926 921 914 
degeneracy worse : 728 728 730 1149 1172 1206 
SCL #err deg : 2924 / 8600
SCL #err weighted degeneracy : 2779 2779 2779 3147 3175 3216 
degeneracy helps : 856 858 878 941 936 929 
degeneracy worse : 739 739 741 1164 1187 1221 
SCL #err deg : 2959 / 8700
SCL #err weighted degeneracy : 2809 2809 2809 3179 3207 3247 
degeneracy helps : 868 870 890 955 950 943 
degeneracy worse : 746 746 748 1175 1198 1231 
SCL #err deg : 2995 / 8800
SCL #err weighted degeneracy : 2848 2848 2847 3222 3250 3288 
degeneracy helps : 875 877 900 966 961 956 
degeneracy worse : 758 758 760 1193 1216 1249 
SCL #err deg : 3033 / 8900
SCL #err weighted degeneracy : 2877 2877 2876 3255 3283 3324 
degeneracy helps : 889 892 916 982 977 969 
degeneracy worse : 765 765 767 1204 1227 1260 
SCL #err deg : 3064 / 9000
SCL #err weighted degeneracy : 2910 2910 2909 3293 3320 3361 
degeneracy helps : 896 898 923 990 985 977 
degeneracy worse : 774 774 776 1219 1241 1274 
SCL #err deg : 3105 / 9100
SCL #err weighted degeneracy : 2948 2948 2947 3332 3359 3402 
degeneracy helps : 907 908 934 1002 997 990 
degeneracy worse : 782 782 784 1229 1251 1287 
SCL #err deg : 3144 / 9200
SCL #err weighted degeneracy : 2990 2990 2989 3374 3400 3443 
degeneracy helps : 916 918 944 1013 1009 1002 
degeneracy worse : 795 795 797 1243 1265 1301 
SCL #err deg : 3172 / 9300
SCL #err weighted degeneracy : 3020 3020 3019 3407 3434 3478 
degeneracy helps : 925 927 953 1022 1018 1011 
degeneracy worse : 806 806 808 1257 1280 1317 
SCL #err deg : 3206 / 9400
SCL #err weighted degeneracy : 3056 3056 3055 3447 3474 3520 
degeneracy helps : 932 934 960 1029 1025 1018 
degeneracy worse : 815 815 817 1270 1293 1332 
SCL #err deg : 3241 / 9500
SCL #err weighted degeneracy : 3087 3087 3086 3484 3512 3559 
degeneracy helps : 945 947 973 1042 1037 1030 
degeneracy worse : 824 824 826 1285 1308 1348 
SCL #err deg : 3271 / 9600
SCL #err weighted degeneracy : 3123 3123 3122 3523 3552 3600 
degeneracy helps : 948 950 976 1044 1039 1032 
degeneracy worse : 833 833 835 1296 1320 1361 
SCL #err deg : 3297 / 9700
SCL #err weighted degeneracy : 3154 3154 3153 3554 3583 3632 
degeneracy helps : 956 958 984 1054 1049 1042 
degeneracy worse : 846 846 848 1311 1335 1377 
SCL #err deg : 3325 / 9800
SCL #err weighted degeneracy : 3182 3182 3181 3587 3619 3668 
degeneracy helps : 966 968 994 1064 1058 1052 
degeneracy worse : 856 856 858 1326 1352 1395 
SCL #err deg : 3355 / 9900
SCL #err weighted degeneracy : 3210 3210 3209 3620 3653 3704 
degeneracy helps : 976 978 1005 1077 1071 1064 
degeneracy worse : 865 865 867 1342 1369 1413 
SCL #err deg : 3383 / 10000
SCL #err weighted degeneracy : 3241 3241 3239 3656 3689 3740 
degeneracy helps : 980 982 1010 1084 1078 1071 
degeneracy worse : 873 873 875 1357 1384 1428 
average #flips: 7.0572
SCL #err considering degeneracy: 3383
error due to equal 1739
error due to SCL smaller 1644
Finish in 615 s
