Simulation Polar syndrome FASTER N=64, K=33, l=128, pz=0.15, #samples=10000, seed=22
HPW construction
Event generator random seed: 22
SCL #err deg : 55 / 100
SCL #err weighted degeneracy : 50 50 50 57 57 57 
degeneracy helps : 13 13 13 12 12 12 
degeneracy worse : 8 8 8 14 14 14 
SCL #err deg : 102 / 200
SCL #err weighted degeneracy : 106 106 106 114 115 116 
degeneracy helps : 26 26 26 26 25 25 
degeneracy worse : 30 30 30 38 38 39 
SCL #err deg : 152 / 300
SCL #err weighted degeneracy : 154 154 154 165 167 169 
degeneracy helps : 41 41 41 40 39 38 
degeneracy worse : 43 43 43 53 54 55 
SCL #err deg : 205 / 400
SCL #err weighted degeneracy : 207 207 206 217 218 221 
degeneracy helps : 54 54 55 57 56 55 
degeneracy worse : 56 56 56 69 69 71 
SCL #err deg : 262 / 500
SCL #err weighted degeneracy : 264 264 263 274 276 279 
degeneracy helps : 63 63 65 69 67 66 
degeneracy worse : 66 66 66 81 81 83 
SCL #err deg : 315 / 600
SCL #err weighted degeneracy : 321 321 320 332 334 336 
degeneracy helps : 75 76 78 85 83 82 
degeneracy worse : 83 83 83 102 102 103 
SCL #err deg : 367 / 700
SCL #err weighted degeneracy : 378 378 377 391 393 397 
degeneracy helps : 89 90 92 99 97 96 
degeneracy worse : 102 102 102 123 123 126 
SCL #err deg : 432 / 800
SCL #err weighted degeneracy : 432 432 431 443 445 450 
degeneracy helps : 108 108 111 120 118 116 
degeneracy worse : 110 110 110 131 131 134 
SCL #err deg : 485 / 900
SCL #err weighted degeneracy : 482 482 481 494 497 501 
degeneracy helps : 118 118 121 133 130 129 
degeneracy worse : 118 118 118 142 142 145 
SCL #err deg : 540 / 1000
SCL #err weighted degeneracy : 535 535 534 548 551 555 
degeneracy helps : 131 131 134 147 144 143 
degeneracy worse : 129 129 129 155 155 158 
SCL #err deg : 589 / 1100
SCL #err weighted degeneracy : 582 582 581 597 600 608 
degeneracy helps : 144 144 147 161 158 156 
degeneracy worse : 140 140 140 169 169 175 
SCL #err deg : 643 / 1200
SCL #err weighted degeneracy : 632 632 630 648 651 659 
degeneracy helps : 159 159 163 177 174 173 
degeneracy worse : 151 151 151 182 182 189 
SCL #err deg : 696 / 1300
SCL #err weighted degeneracy : 687 687 685 705 708 719 
degeneracy helps : 169 169 173 188 185 184 
degeneracy worse : 163 163 163 197 197 207 
SCL #err deg : 751 / 1400
SCL #err weighted degeneracy : 742 742 740 762 766 776 
degeneracy helps : 183 183 187 202 199 199 
degeneracy worse : 177 177 177 213 214 224 
SCL #err deg : 799 / 1500
SCL #err weighted degeneracy : 798 798 796 821 824 836 
degeneracy helps : 193 192 198 214 212 211 
degeneracy worse : 195 195 196 236 237 248 
SCL #err deg : 863 / 1600
SCL #err weighted degeneracy : 855 855 853 884 887 897 
degeneracy helps : 210 209 215 231 230 229 
degeneracy worse : 205 205 206 252 254 263 
SCL #err deg : 914 / 1700
SCL #err weighted degeneracy : 912 912 910 940 943 953 
degeneracy helps : 220 219 225 243 242 241 
degeneracy worse : 221 221 222 269 271 280 
SCL #err deg : 967 / 1800
SCL #err weighted degeneracy : 959 959 957 991 993 1005 
degeneracy helps : 239 238 244 264 264 261 
degeneracy worse : 234 234 235 288 290 299 
SCL #err deg : 1017 / 1900
SCL #err weighted degeneracy : 1011 1011 1009 1044 1047 1060 
degeneracy helps : 247 246 252 273 273 270 
degeneracy worse : 244 244 245 300 303 313 
SCL #err deg : 1077 / 2000
SCL #err weighted degeneracy : 1069 1069 1067 1100 1103 1117 
degeneracy helps : 258 257 263 288 289 285 
degeneracy worse : 253 253 254 311 315 325 
SCL #err deg : 1137 / 2100
SCL #err weighted degeneracy : 1123 1123 1121 1155 1159 1174 
degeneracy helps : 270 269 275 301 302 298 
degeneracy worse : 259 259 260 319 324 335 
SCL #err deg : 1191 / 2200
SCL #err weighted degeneracy : 1178 1178 1176 1210 1214 1231 
degeneracy helps : 282 281 287 314 315 310 
degeneracy worse : 272 272 273 333 338 350 
SCL #err deg : 1247 / 2300
SCL #err weighted degeneracy : 1234 1234 1232 1268 1272 1289 
degeneracy helps : 294 293 299 327 328 323 
degeneracy worse : 284 284 285 348 353 365 
SCL #err deg : 1307 / 2400
SCL #err weighted degeneracy : 1296 1296 1294 1329 1333 1350 
degeneracy helps : 302 301 307 338 339 334 
degeneracy worse : 294 294 295 360 365 377 
SCL #err deg : 1349 / 2500
SCL #err weighted degeneracy : 1338 1338 1336 1374 1377 1394 
degeneracy helps : 316 315 321 353 355 350 
degeneracy worse : 308 308 309 378 383 395 
SCL #err deg : 1404 / 2600
SCL #err weighted degeneracy : 1391 1391 1390 1429 1433 1449 
degeneracy helps : 326 325 331 365 366 362 
degeneracy worse : 317 317 318 390 395 407 
SCL #err deg : 1456 / 2700
SCL #err weighted degeneracy : 1447 1447 1446 1486 1490 1506 
degeneracy helps : 336 336 344 381 382 380 
degeneracy worse : 334 334 335 411 416 430 
SCL #err deg : 1508 / 2800
SCL #err weighted degeneracy : 1498 1498 1497 1540 1543 1558 
degeneracy helps : 350 350 358 395 396 394 
degeneracy worse : 347 347 348 427 431 444 
SCL #err deg : 1559 / 2900
SCL #err weighted degeneracy : 1554 1554 1553 1601 1604 1618 
degeneracy helps : 358 357 366 405 406 404 
degeneracy worse : 360 360 361 447 451 463 
SCL #err deg : 1610 / 3000
SCL #err weighted degeneracy : 1607 1607 1606 1656 1659 1673 
degeneracy helps : 371 370 379 418 419 417 
degeneracy worse : 375 375 376 464 468 480 
SCL #err deg : 1667 / 3100
SCL #err weighted degeneracy : 1658 1658 1657 1707 1710 1726 
degeneracy helps : 386 385 394 436 437 434 
degeneracy worse : 385 385 386 476 480 493 
SCL #err deg : 1718 / 3200
SCL #err weighted degeneracy : 1713 1713 1712 1764 1767 1785 
degeneracy helps : 395 394 403 446 447 445 
degeneracy worse : 398 398 399 492 496 512 
SCL #err deg : 1774 / 3300
SCL #err weighted degeneracy : 1765 1765 1765 1822 1825 1844 
degeneracy helps : 412 411 420 462 463 460 
degeneracy worse : 411 411 413 510 514 530 
SCL #err deg : 1834 / 3400
SCL #err weighted degeneracy : 1826 1826 1825 1882 1884 1904 
degeneracy helps : 420 419 429 472 474 470 
degeneracy worse : 420 420 422 520 524 540 
SCL #err deg : 1884 / 3500
SCL #err weighted degeneracy : 1869 1869 1869 1927 1929 1950 
degeneracy helps : 438 437 447 491 493 489 
degeneracy worse : 431 431 434 534 538 555 
SCL #err deg : 1936 / 3600
SCL #err weighted degeneracy : 1916 1916 1916 1972 1974 1996 
degeneracy helps : 452 451 461 510 511 507 
degeneracy worse : 440 440 443 546 549 567 
SCL #err deg : 1994 / 3700
SCL #err weighted degeneracy : 1966 1966 1966 2022 2025 2046 
degeneracy helps : 471 470 480 531 531 527 
degeneracy worse : 451 451 454 559 562 579 
SCL #err deg : 2052 / 3800
SCL #err weighted degeneracy : 2022 2022 2022 2078 2082 2102 
degeneracy helps : 480 479 489 541 541 538 
degeneracy worse : 458 458 461 567 571 588 
SCL #err deg : 2109 / 3900
SCL #err weighted degeneracy : 2078 2078 2077 2139 2145 2165 
degeneracy helps : 490 489 501 552 552 549 
degeneracy worse : 468 468 471 582 588 605 
SCL #err deg : 2165 / 4000
SCL #err weighted degeneracy : 2133 2133 2132 2198 2203 2226 
degeneracy helps : 502 501 513 565 566 562 
degeneracy worse : 479 479 482 598 604 623 
SCL #err deg : 2213 / 4100
SCL #err weighted degeneracy : 2181 2181 2180 2249 2254 2277 
degeneracy helps : 514 513 525 579 580 577 
degeneracy worse : 492 492 495 615 621 641 
SCL #err deg : 2262 / 4200
SCL #err weighted degeneracy : 2232 2232 2231 2298 2303 2326 
degeneracy helps : 529 527 540 596 597 594 
degeneracy worse : 509 509 512 632 638 658 
SCL #err deg : 2324 / 4300
SCL #err weighted degeneracy : 2285 2285 2284 2353 2358 2383 
degeneracy helps : 545 543 556 611 613 610 
degeneracy worse : 516 516 519 640 647 669 
SCL #err deg : 2378 / 4400
SCL #err weighted degeneracy : 2338 2338 2337 2408 2413 2438 
degeneracy helps : 557 555 568 624 626 624 
degeneracy worse : 528 528 531 654 661 684 
SCL #err deg : 2432 / 4500
SCL #err weighted degeneracy : 2391 2391 2390 2465 2470 2493 
degeneracy helps : 567 565 578 634 636 635 
degeneracy worse : 537 537 540 667 674 696 
SCL #err deg : 2478 / 4600
SCL #err weighted degeneracy : 2435 2435 2434 2513 2519 2544 
degeneracy helps : 580 578 591 646 648 647 
degeneracy worse : 549 549 552 681 689 713 
SCL #err deg : 2538 / 4700
SCL #err weighted degeneracy : 2495 2495 2494 2577 2584 2609 
degeneracy helps : 589 586 600 655 657 656 
degeneracy worse : 558 558 561 694 703 727 
SCL #err deg : 2583 / 4800
SCL #err weighted degeneracy : 2544 2544 2543 2632 2638 2662 
degeneracy helps : 600 597 611 664 666 665 
degeneracy worse : 573 573 576 713 721 744 
SCL #err deg : 2630 / 4900
SCL #err weighted degeneracy : 2592 2592 2591 2683 2689 2713 
degeneracy helps : 609 606 620 673 675 674 
degeneracy worse : 583 583 586 726 734 757 
SCL #err deg : 2686 / 5000
SCL #err weighted degeneracy : 2649 2649 2648 2740 2747 2772 
degeneracy helps : 618 615 629 682 684 682 
degeneracy worse : 593 593 596 736 745 768 
SCL #err deg : 2737 / 5100
SCL #err weighted degeneracy : 2709 2709 2708 2803 2810 2837 
degeneracy helps : 624 621 635 688 690 688 
degeneracy worse : 608 608 611 754 763 788 
SCL #err deg : 2790 / 5200
SCL #err weighted degeneracy : 2758 2758 2757 2854 2861 2887 
degeneracy helps : 639 635 650 706 709 709 
degeneracy worse : 619 619 622 770 780 806 
SCL #err deg : 2842 / 5300
SCL #err weighted degeneracy : 2805 2805 2804 2903 2912 2939 
degeneracy helps : 654 650 665 722 725 725 
degeneracy worse : 629 629 632 783 795 822 
SCL #err deg : 2899 / 5400
SCL #err weighted degeneracy : 2866 2866 2865 2965 2973 3001 
degeneracy helps : 663 659 675 734 738 737 
degeneracy worse : 643 643 646 800 812 839 
SCL #err deg : 2955 / 5500
SCL #err weighted degeneracy : 2915 2915 2914 3016 3025 3053 
degeneracy helps : 677 673 689 749 753 752 
degeneracy worse : 650 650 653 810 823 850 
SCL #err deg : 3007 / 5600
SCL #err weighted degeneracy : 2964 2964 2963 3065 3075 3103 
degeneracy helps : 690 685 704 765 769 769 
degeneracy worse : 662 662 665 823 837 865 
SCL #err deg : 3057 / 5700
SCL #err weighted degeneracy : 3016 3016 3015 3123 3133 3162 
degeneracy helps : 700 695 714 776 780 779 
degeneracy worse : 674 674 677 842 856 884 
SCL #err deg : 3110 / 5800
SCL #err weighted degeneracy : 3069 3069 3068 3180 3190 3218 
degeneracy helps : 716 711 730 792 796 796 
degeneracy worse : 690 690 693 862 876 904 
SCL #err deg : 3155 / 5900
SCL #err weighted degeneracy : 3119 3119 3118 3234 3244 3273 
degeneracy helps : 725 720 739 800 804 804 
degeneracy worse : 704 704 707 879 893 922 
SCL #err deg : 3204 / 6000
SCL #err weighted degeneracy : 3172 3172 3170 3288 3299 3329 
degeneracy helps : 736 731 751 812 816 816 
degeneracy worse : 719 719 722 896 911 941 
SCL #err deg : 3256 / 6100
SCL #err weighted degeneracy : 3225 3225 3223 3347 3358 3388 
degeneracy helps : 748 743 763 822 826 827 
degeneracy worse : 732 732 735 913 928 959 
SCL #err deg : 3303 / 6200
SCL #err weighted degeneracy : 3269 3269 3267 3394 3406 3434 
degeneracy helps : 758 753 773 833 837 838 
degeneracy worse : 739 739 742 924 940 969 
SCL #err deg : 3354 / 6300
SCL #err weighted degeneracy : 3322 3322 3320 3448 3459 3487 
degeneracy helps : 766 761 781 844 849 851 
degeneracy worse : 749 749 752 938 954 984 
SCL #err deg : 3415 / 6400
SCL #err weighted degeneracy : 3379 3379 3377 3504 3515 3545 
degeneracy helps : 782 777 797 861 866 869 
degeneracy worse : 761 761 764 950 966 999 
SCL #err deg : 3472 / 6500
SCL #err weighted degeneracy : 3436 3436 3434 3562 3573 3605 
degeneracy helps : 792 787 807 873 878 880 
degeneracy worse : 771 771 774 963 979 1013 
SCL #err deg : 3525 / 6600
SCL #err weighted degeneracy : 3485 3485 3482 3610 3621 3653 
degeneracy helps : 807 802 823 890 895 897 
degeneracy worse : 782 782 785 975 991 1025 
SCL #err deg : 3577 / 6700
SCL #err weighted degeneracy : 3535 3535 3532 3663 3674 3706 
degeneracy helps : 820 815 836 905 910 913 
degeneracy worse : 793 793 796 991 1007 1042 
SCL #err deg : 3632 / 6800
SCL #err weighted degeneracy : 3577 3577 3574 3708 3721 3754 
degeneracy helps : 839 834 855 927 930 932 
degeneracy worse : 799 799 802 1003 1019 1054 
SCL #err deg : 3684 / 6900
SCL #err weighted degeneracy : 3625 3625 3622 3760 3772 3805 
degeneracy helps : 853 848 869 941 944 947 
degeneracy worse : 809 809 812 1017 1032 1068 
SCL #err deg : 3742 / 7000
SCL #err weighted degeneracy : 3679 3679 3676 3815 3827 3859 
degeneracy helps : 864 861 883 958 961 965 
degeneracy worse : 819 819 822 1031 1046 1082 
SCL #err deg : 3795 / 7100
SCL #err weighted degeneracy : 3737 3737 3734 3874 3887 3920 
degeneracy helps : 871 869 891 968 970 973 
degeneracy worse : 832 832 835 1047 1062 1098 
SCL #err deg : 3850 / 7200
SCL #err weighted degeneracy : 3793 3793 3789 3932 3945 3980 
degeneracy helps : 880 878 903 981 983 984 
degeneracy worse : 844 844 847 1063 1078 1114 
SCL #err deg : 3903 / 7300
SCL #err weighted degeneracy : 3847 3847 3842 3987 4000 4037 
degeneracy helps : 892 890 916 995 997 997 
degeneracy worse : 857 857 860 1079 1094 1131 
SCL #err deg : 3950 / 7400
SCL #err weighted degeneracy : 3901 3901 3896 4043 4056 4093 
degeneracy helps : 902 900 926 1006 1008 1007 
degeneracy worse : 874 874 877 1099 1114 1150 
SCL #err deg : 4014 / 7500
SCL #err weighted degeneracy : 3962 3962 3957 4104 4118 4155 
degeneracy helps : 914 912 939 1021 1023 1022 
degeneracy worse : 884 884 887 1111 1127 1163 
SCL #err deg : 4076 / 7600
SCL #err weighted degeneracy : 4024 4024 4019 4167 4181 4219 
degeneracy helps : 923 921 948 1031 1033 1031 
degeneracy worse : 893 893 896 1122 1138 1174 
SCL #err deg : 4136 / 7700
SCL #err weighted degeneracy : 4074 4074 4069 4226 4239 4276 
degeneracy helps : 939 937 966 1047 1050 1048 
degeneracy worse : 901 901 904 1137 1153 1188 
SCL #err deg : 4195 / 7800
SCL #err weighted degeneracy : 4132 4132 4127 4288 4301 4340 
degeneracy helps : 952 950 979 1061 1064 1062 
degeneracy worse : 913 913 916 1154 1170 1207 
SCL #err deg : 4245 / 7900
SCL #err weighted degeneracy : 4186 4186 4181 4344 4357 4397 
degeneracy helps : 961 959 988 1072 1075 1072 
degeneracy worse : 926 926 929 1171 1187 1224 
SCL #err deg : 4307 / 8000
SCL #err weighted degeneracy : 4242 4242 4237 4405 4418 4458 
degeneracy helps : 976 973 1005 1089 1093 1091 
degeneracy worse : 937 937 940 1187 1204 1242 
SCL #err deg : 4360 / 8100
SCL #err weighted degeneracy : 4297 4297 4292 4463 4477 4517 
degeneracy helps : 986 983 1015 1103 1107 1105 
degeneracy worse : 949 949 952 1206 1224 1262 
SCL #err deg : 4419 / 8200
SCL #err weighted degeneracy : 4351 4351 4346 4516 4532 4572 
degeneracy helps : 1000 997 1030 1119 1123 1121 
degeneracy worse : 959 959 962 1216 1236 1274 
SCL #err deg : 4477 / 8300
SCL #err weighted degeneracy : 4414 4414 4409 4581 4597 4638 
degeneracy helps : 1012 1009 1042 1132 1136 1134 
degeneracy worse : 976 976 979 1236 1256 1295 
SCL #err deg : 4526 / 8400
SCL #err weighted degeneracy : 4462 4462 4457 4630 4646 4687 
degeneracy helps : 1024 1021 1054 1145 1149 1148 
degeneracy worse : 987 987 990 1249 1269 1309 
SCL #err deg : 4565 / 8500
SCL #err weighted degeneracy : 4509 4509 4504 4682 4698 4736 
degeneracy helps : 1032 1029 1062 1153 1157 1158 
degeneracy worse : 1003 1003 1006 1270 1290 1329 
SCL #err deg : 4622 / 8600
SCL #err weighted degeneracy : 4553 4553 4548 4730 4747 4785 
degeneracy helps : 1053 1050 1083 1174 1177 1178 
degeneracy worse : 1011 1011 1014 1282 1302 1341 
SCL #err deg : 4676 / 8700
SCL #err weighted degeneracy : 4605 4605 4600 4784 4801 4839 
degeneracy helps : 1066 1063 1096 1192 1195 1196 
degeneracy worse : 1024 1024 1027 1300 1320 1359 
SCL #err deg : 4738 / 8800
SCL #err weighted degeneracy : 4658 4658 4653 4838 4855 4893 
degeneracy helps : 1080 1076 1110 1207 1210 1210 
degeneracy worse : 1029 1029 1032 1307 1327 1365 
SCL #err deg : 4790 / 8900
SCL #err weighted degeneracy : 4718 4718 4712 4898 4915 4952 
degeneracy helps : 1087 1083 1118 1217 1220 1221 
degeneracy worse : 1044 1044 1047 1325 1345 1383 
SCL #err deg : 4849 / 9000
SCL #err weighted degeneracy : 4771 4771 4765 4954 4971 5009 
degeneracy helps : 1100 1095 1131 1231 1234 1235 
degeneracy worse : 1051 1051 1054 1336 1356 1395 
SCL #err deg : 4904 / 9100
SCL #err weighted degeneracy : 4835 4835 4829 5016 5033 5070 
degeneracy helps : 1108 1103 1139 1242 1245 1247 
degeneracy worse : 1068 1068 1071 1354 1374 1413 
SCL #err deg : 4957 / 9200
SCL #err weighted degeneracy : 4891 4891 4885 5069 5087 5121 
degeneracy helps : 1118 1113 1149 1256 1259 1264 
degeneracy worse : 1081 1081 1084 1368 1389 1428 
SCL #err deg : 5007 / 9300
SCL #err weighted degeneracy : 4943 4943 4937 5121 5140 5175 
degeneracy helps : 1130 1125 1161 1269 1271 1276 
degeneracy worse : 1095 1095 1098 1383 1404 1444 
SCL #err deg : 5062 / 9400
SCL #err weighted degeneracy : 4997 4997 4991 5171 5190 5226 
degeneracy helps : 1141 1136 1172 1285 1287 1291 
degeneracy worse : 1105 1105 1108 1394 1415 1455 
SCL #err deg : 5122 / 9500
SCL #err weighted degeneracy : 5053 5053 5047 5230 5250 5285 
degeneracy helps : 1149 1144 1181 1294 1295 1300 
degeneracy worse : 1110 1110 1113 1402 1423 1463 
SCL #err deg : 5174 / 9600
SCL #err weighted degeneracy : 5101 5101 5095 5283 5304 5339 
degeneracy helps : 1159 1154 1192 1305 1305 1310 
degeneracy worse : 1117 1117 1120 1414 1435 1475 
SCL #err deg : 5224 / 9700
SCL #err weighted degeneracy : 5145 5145 5139 5328 5350 5389 
degeneracy helps : 1176 1171 1209 1324 1323 1326 
degeneracy worse : 1128 1128 1131 1428 1449 1491 
SCL #err deg : 5274 / 9800
SCL #err weighted degeneracy : 5196 5196 5190 5377 5400 5440 
degeneracy helps : 1186 1181 1220 1337 1336 1338 
degeneracy worse : 1139 1139 1143 1440 1462 1504 
SCL #err deg : 5331 / 9900
SCL #err weighted degeneracy : 5254 5254 5248 5436 5459 5500 
degeneracy helps : 1195 1190 1229 1349 1348 1349 
degeneracy worse : 1149 1149 1153 1454 1476 1518 
SCL #err deg : 5392 / 10000
SCL #err weighted degeneracy : 5310 5310 5304 5493 5518 5559 
degeneracy helps : 1212 1207 1246 1365 1362 1363 
degeneracy worse : 1161 1161 1165 1466 1488 1530 
average #flips: 9.5983
SCL #err considering degeneracy: 5392
error due to equal 1521
error due to SCL smaller 3871
Finish in 594 s
