Simulation Polar syndrome FASTER N=128, K=65, l=128, pz=0.14, #samples=10000, seed=7348
HPW construction
Event generator random seed: 7348
SCL #err deg : 59 / 100
SCL #err weighted degeneracy : 63 63 62 67 69 71 
degeneracy helps : 10 10 10 11 11 10 
degeneracy worse : 14 14 13 19 21 22 
SCL #err deg : 111 / 200
SCL #err weighted degeneracy : 113 113 109 115 120 123 
degeneracy helps : 24 24 27 28 28 29 
degeneracy worse : 26 26 25 32 37 41 
SCL #err deg : 166 / 300
SCL #err weighted degeneracy : 174 174 169 175 185 186 
degeneracy helps : 32 32 37 40 39 42 
degeneracy worse : 40 40 40 49 58 62 
SCL #err deg : 222 / 400
SCL #err weighted degeneracy : 225 224 218 228 241 244 
degeneracy helps : 42 42 49 51 50 53 
degeneracy worse : 45 44 45 57 69 75 
SCL #err deg : 273 / 500
SCL #err weighted degeneracy : 284 283 275 285 302 304 
degeneracy helps : 50 50 59 63 61 65 
degeneracy worse : 61 60 61 75 90 96 
SCL #err deg : 330 / 600
SCL #err weighted degeneracy : 335 333 325 334 348 358 
degeneracy helps : 65 66 74 81 82 83 
degeneracy worse : 70 69 69 85 100 111 
SCL #err deg : 382 / 700
SCL #err weighted degeneracy : 388 386 377 386 402 413 
degeneracy helps : 76 77 86 95 95 96 
degeneracy worse : 82 81 81 99 115 127 
SCL #err deg : 436 / 800
SCL #err weighted degeneracy : 449 447 439 449 468 478 
degeneracy helps : 85 86 96 107 109 112 
degeneracy worse : 98 97 99 120 141 154 
SCL #err deg : 496 / 900
SCL #err weighted degeneracy : 507 506 497 511 531 542 
degeneracy helps : 98 98 109 121 126 129 
degeneracy worse : 109 108 110 136 161 175 
SCL #err deg : 548 / 1000
SCL #err weighted degeneracy : 548 547 541 561 584 598 
degeneracy helps : 115 115 125 138 143 145 
degeneracy worse : 115 114 118 151 179 195 
SCL #err deg : 614 / 1100
SCL #err weighted degeneracy : 601 600 593 612 634 651 
degeneracy helps : 132 132 143 157 165 167 
degeneracy worse : 119 118 122 155 185 204 
SCL #err deg : 673 / 1200
SCL #err weighted degeneracy : 647 646 642 666 688 709 
degeneracy helps : 154 154 163 179 189 188 
degeneracy worse : 128 127 132 172 204 224 
SCL #err deg : 726 / 1300
SCL #err weighted degeneracy : 700 699 694 720 742 763 
degeneracy helps : 165 165 175 192 204 205 
degeneracy worse : 139 138 143 186 220 242 
SCL #err deg : 792 / 1400
SCL #err weighted degeneracy : 762 761 753 779 801 820 
degeneracy helps : 174 174 188 208 220 224 
degeneracy worse : 144 143 149 195 229 252 
SCL #err deg : 846 / 1500
SCL #err weighted degeneracy : 809 808 800 829 856 874 
degeneracy helps : 189 189 205 226 237 243 
degeneracy worse : 152 151 159 209 247 271 
SCL #err deg : 902 / 1600
SCL #err weighted degeneracy : 862 861 851 881 911 929 
degeneracy helps : 199 199 217 240 251 258 
degeneracy worse : 159 158 166 219 260 285 
SCL #err deg : 950 / 1700
SCL #err weighted degeneracy : 909 907 897 926 958 976 
degeneracy helps : 211 211 229 253 264 273 
degeneracy worse : 170 168 176 229 272 299 
SCL #err deg : 1010 / 1800
SCL #err weighted degeneracy : 966 964 955 985 1016 1034 
degeneracy helps : 222 222 239 267 279 289 
degeneracy worse : 178 176 184 242 285 313 
SCL #err deg : 1066 / 1900
SCL #err weighted degeneracy : 1024 1022 1012 1043 1071 1087 
degeneracy helps : 228 228 246 275 291 303 
degeneracy worse : 186 184 192 252 296 324 
SCL #err deg : 1126 / 2000
SCL #err weighted degeneracy : 1083 1082 1067 1102 1134 1150 
degeneracy helps : 241 240 262 292 306 319 
degeneracy worse : 198 196 203 268 314 343 
SCL #err deg : 1184 / 2100
SCL #err weighted degeneracy : 1139 1138 1122 1157 1193 1209 
degeneracy helps : 254 253 276 308 319 335 
degeneracy worse : 209 207 214 281 328 360 
SCL #err deg : 1231 / 2200
SCL #err weighted degeneracy : 1181 1180 1169 1211 1248 1264 
degeneracy helps : 269 268 290 322 334 350 
degeneracy worse : 219 217 228 302 351 383 
SCL #err deg : 1291 / 2300
SCL #err weighted degeneracy : 1238 1237 1225 1264 1302 1319 
degeneracy helps : 285 284 307 343 355 372 
degeneracy worse : 232 230 241 316 366 400 
SCL #err deg : 1341 / 2400
SCL #err weighted degeneracy : 1290 1289 1277 1316 1351 1373 
degeneracy helps : 294 293 316 354 370 385 
degeneracy worse : 243 241 252 329 380 417 
SCL #err deg : 1393 / 2500
SCL #err weighted degeneracy : 1346 1345 1332 1370 1403 1427 
degeneracy helps : 302 301 324 365 382 399 
degeneracy worse : 255 253 263 342 392 433 
SCL #err deg : 1446 / 2600
SCL #err weighted degeneracy : 1399 1398 1384 1420 1453 1477 
degeneracy helps : 315 314 338 380 397 413 
degeneracy worse : 268 266 276 354 404 444 
SCL #err deg : 1504 / 2700
SCL #err weighted degeneracy : 1460 1459 1446 1478 1513 1540 
degeneracy helps : 320 319 343 391 412 427 
degeneracy worse : 276 274 285 365 421 463 
SCL #err deg : 1562 / 2800
SCL #err weighted degeneracy : 1519 1518 1507 1541 1578 1604 
degeneracy helps : 331 330 356 406 426 444 
degeneracy worse : 288 286 301 385 442 486 
SCL #err deg : 1613 / 2900
SCL #err weighted degeneracy : 1567 1566 1554 1588 1627 1654 
degeneracy helps : 346 344 371 422 443 463 
degeneracy worse : 300 298 312 397 457 504 
SCL #err deg : 1666 / 3000
SCL #err weighted degeneracy : 1616 1616 1605 1643 1680 1712 
degeneracy helps : 360 357 385 435 458 478 
degeneracy worse : 310 308 324 412 472 524 
SCL #err deg : 1724 / 3100
SCL #err weighted degeneracy : 1680 1680 1668 1704 1740 1775 
degeneracy helps : 370 367 396 448 472 491 
degeneracy worse : 326 324 340 428 488 542 
SCL #err deg : 1774 / 3200
SCL #err weighted degeneracy : 1729 1729 1719 1760 1795 1828 
degeneracy helps : 383 380 409 461 485 507 
degeneracy worse : 338 336 354 447 506 561 
SCL #err deg : 1836 / 3300
SCL #err weighted degeneracy : 1787 1787 1777 1820 1856 1889 
degeneracy helps : 394 391 421 474 499 524 
degeneracy worse : 345 343 362 458 519 577 
SCL #err deg : 1885 / 3400
SCL #err weighted degeneracy : 1833 1833 1824 1869 1905 1937 
degeneracy helps : 408 405 436 489 515 543 
degeneracy worse : 356 354 375 473 535 595 
SCL #err deg : 1935 / 3500
SCL #err weighted degeneracy : 1891 1891 1882 1927 1963 2001 
degeneracy helps : 416 413 444 498 524 551 
degeneracy worse : 372 370 391 490 552 617 
SCL #err deg : 1997 / 3600
SCL #err weighted degeneracy : 1945 1945 1933 1983 2017 2059 
degeneracy helps : 430 427 460 512 539 566 
degeneracy worse : 378 376 396 498 559 628 
SCL #err deg : 2046 / 3700
SCL #err weighted degeneracy : 2000 2000 1988 2039 2076 2120 
degeneracy helps : 438 435 469 524 550 576 
degeneracy worse : 392 390 411 517 580 650 
SCL #err deg : 2098 / 3800
SCL #err weighted degeneracy : 2052 2051 2041 2093 2129 2173 
degeneracy helps : 449 447 482 538 568 596 
degeneracy worse : 403 401 425 533 599 671 
SCL #err deg : 2151 / 3900
SCL #err weighted degeneracy : 2107 2106 2096 2152 2190 2239 
degeneracy helps : 457 455 491 546 576 603 
degeneracy worse : 413 411 436 547 615 691 
SCL #err deg : 2208 / 4000
SCL #err weighted degeneracy : 2158 2157 2144 2203 2240 2291 
degeneracy helps : 468 466 504 560 594 620 
degeneracy worse : 418 416 440 555 626 703 
SCL #err deg : 2268 / 4100
SCL #err weighted degeneracy : 2213 2212 2198 2257 2297 2346 
degeneracy helps : 481 479 518 576 610 638 
degeneracy worse : 426 424 448 565 639 716 
SCL #err deg : 2316 / 4200
SCL #err weighted degeneracy : 2259 2258 2244 2302 2348 2399 
degeneracy helps : 496 494 533 594 627 655 
degeneracy worse : 439 437 461 580 659 738 
SCL #err deg : 2373 / 4300
SCL #err weighted degeneracy : 2320 2319 2302 2358 2405 2454 
degeneracy helps : 502 500 540 604 639 669 
degeneracy worse : 449 447 469 589 671 750 
SCL #err deg : 2428 / 4400
SCL #err weighted degeneracy : 2384 2383 2366 2424 2474 2523 
degeneracy helps : 508 506 545 610 643 675 
degeneracy worse : 464 462 483 606 689 770 
SCL #err deg : 2479 / 4500
SCL #err weighted degeneracy : 2433 2432 2416 2476 2531 2586 
degeneracy helps : 516 513 554 620 653 686 
degeneracy worse : 470 468 491 617 705 793 
SCL #err deg : 2543 / 4600
SCL #err weighted degeneracy : 2487 2486 2474 2534 2588 2645 
degeneracy helps : 531 528 569 639 673 705 
degeneracy worse : 475 473 500 630 718 807 
SCL #err deg : 2595 / 4700
SCL #err weighted degeneracy : 2540 2539 2527 2590 2646 2707 
degeneracy helps : 542 539 580 649 684 714 
degeneracy worse : 487 485 512 644 735 826 
SCL #err deg : 2652 / 4800
SCL #err weighted degeneracy : 2591 2590 2580 2646 2704 2764 
degeneracy helps : 557 554 595 665 701 733 
degeneracy worse : 496 494 523 659 753 845 
SCL #err deg : 2708 / 4900
SCL #err weighted degeneracy : 2650 2650 2638 2707 2769 2825 
degeneracy helps : 570 566 608 678 716 751 
degeneracy worse : 512 510 538 677 777 868 
SCL #err deg : 2765 / 5000
SCL #err weighted degeneracy : 2702 2702 2687 2757 2820 2879 
degeneracy helps : 583 579 623 694 732 766 
degeneracy worse : 520 518 545 686 787 880 
SCL #err deg : 2807 / 5100
SCL #err weighted degeneracy : 2741 2740 2728 2800 2868 2930 
degeneracy helps : 597 593 637 708 746 779 
degeneracy worse : 531 528 558 701 807 902 
SCL #err deg : 2865 / 5200
SCL #err weighted degeneracy : 2801 2800 2786 2856 2923 2991 
degeneracy helps : 609 605 649 723 762 793 
degeneracy worse : 545 542 570 714 820 919 
SCL #err deg : 2920 / 5300
SCL #err weighted degeneracy : 2848 2847 2831 2902 2971 3040 
degeneracy helps : 624 620 667 742 780 811 
degeneracy worse : 552 549 578 724 831 931 
SCL #err deg : 2979 / 5400
SCL #err weighted degeneracy : 2907 2905 2888 2961 3031 3100 
degeneracy helps : 631 628 676 752 794 826 
degeneracy worse : 559 556 585 734 846 947 
SCL #err deg : 3032 / 5500
SCL #err weighted degeneracy : 2960 2958 2940 3015 3086 3156 
degeneracy helps : 640 637 687 765 808 840 
degeneracy worse : 568 565 595 748 862 964 
SCL #err deg : 3093 / 5600
SCL #err weighted degeneracy : 3015 3013 2993 3067 3141 3213 
degeneracy helps : 655 652 704 786 826 860 
degeneracy worse : 578 575 604 760 874 980 
SCL #err deg : 3154 / 5700
SCL #err weighted degeneracy : 3065 3063 3045 3121 3196 3268 
degeneracy helps : 672 669 720 800 843 877 
degeneracy worse : 584 581 611 767 885 991 
SCL #err deg : 3215 / 5800
SCL #err weighted degeneracy : 3120 3118 3100 3179 3256 3327 
degeneracy helps : 687 684 736 816 857 893 
degeneracy worse : 594 591 622 780 898 1005 
SCL #err deg : 3263 / 5900
SCL #err weighted degeneracy : 3171 3170 3151 3227 3303 3377 
degeneracy helps : 695 692 745 829 873 908 
degeneracy worse : 605 603 634 793 913 1022 
SCL #err deg : 3320 / 6000
SCL #err weighted degeneracy : 3224 3223 3205 3280 3358 3435 
degeneracy helps : 706 703 756 844 891 926 
degeneracy worse : 612 610 642 804 929 1041 
SCL #err deg : 3366 / 6100
SCL #err weighted degeneracy : 3267 3266 3249 3328 3406 3489 
degeneracy helps : 719 716 769 858 906 942 
degeneracy worse : 622 620 653 820 946 1065 
SCL #err deg : 3425 / 6200
SCL #err weighted degeneracy : 3319 3318 3303 3384 3462 3552 
degeneracy helps : 734 731 785 875 925 959 
degeneracy worse : 631 629 664 834 962 1086 
SCL #err deg : 3481 / 6300
SCL #err weighted degeneracy : 3371 3370 3353 3435 3515 3611 
degeneracy helps : 747 744 799 891 942 974 
degeneracy worse : 640 638 672 845 976 1104 
SCL #err deg : 3544 / 6400
SCL #err weighted degeneracy : 3426 3426 3412 3498 3578 3678 
degeneracy helps : 762 758 815 906 959 988 
degeneracy worse : 647 645 684 860 993 1122 
SCL #err deg : 3592 / 6500
SCL #err weighted degeneracy : 3473 3473 3462 3548 3630 3729 
degeneracy helps : 775 771 827 921 974 1004 
degeneracy worse : 659 657 698 877 1012 1141 
SCL #err deg : 3644 / 6600
SCL #err weighted degeneracy : 3524 3525 3512 3603 3684 3787 
degeneracy helps : 786 781 840 933 987 1016 
degeneracy worse : 669 667 709 892 1027 1159 
SCL #err deg : 3695 / 6700
SCL #err weighted degeneracy : 3575 3576 3564 3656 3737 3843 
degeneracy helps : 799 794 853 949 1004 1033 
degeneracy worse : 682 680 723 910 1046 1181 
SCL #err deg : 3750 / 6800
SCL #err weighted degeneracy : 3627 3628 3617 3711 3791 3897 
degeneracy helps : 814 809 868 965 1020 1051 
degeneracy worse : 694 692 736 926 1061 1198 
SCL #err deg : 3808 / 6900
SCL #err weighted degeneracy : 3683 3684 3674 3772 3856 3965 
degeneracy helps : 825 820 880 979 1033 1062 
degeneracy worse : 703 701 747 943 1081 1219 
SCL #err deg : 3859 / 7000
SCL #err weighted degeneracy : 3734 3734 3724 3826 3910 4020 
degeneracy helps : 838 834 895 997 1052 1081 
degeneracy worse : 716 714 761 964 1103 1242 
SCL #err deg : 3910 / 7100
SCL #err weighted degeneracy : 3788 3788 3778 3883 3968 4083 
degeneracy helps : 850 846 907 1011 1067 1094 
degeneracy worse : 731 729 776 984 1125 1267 
SCL #err deg : 3970 / 7200
SCL #err weighted degeneracy : 3845 3845 3836 3940 4028 4142 
degeneracy helps : 861 857 918 1025 1081 1112 
degeneracy worse : 739 737 785 995 1139 1284 
SCL #err deg : 4029 / 7300
SCL #err weighted degeneracy : 3898 3898 3893 3999 4091 4207 
degeneracy helps : 875 871 930 1038 1095 1126 
degeneracy worse : 747 745 795 1008 1157 1304 
SCL #err deg : 4092 / 7400
SCL #err weighted degeneracy : 3955 3955 3951 4060 4151 4267 
degeneracy helps : 888 884 943 1053 1113 1146 
degeneracy worse : 754 752 803 1021 1172 1321 
SCL #err deg : 4150 / 7500
SCL #err weighted degeneracy : 4009 4010 4003 4110 4202 4318 
degeneracy helps : 901 896 959 1070 1130 1163 
degeneracy worse : 763 761 813 1030 1182 1331 
SCL #err deg : 4208 / 7600
SCL #err weighted degeneracy : 4064 4066 4058 4168 4262 4381 
degeneracy helps : 917 911 975 1088 1149 1181 
degeneracy worse : 776 774 826 1048 1203 1354 
SCL #err deg : 4262 / 7700
SCL #err weighted degeneracy : 4118 4120 4111 4227 4326 4445 
degeneracy helps : 928 922 987 1103 1164 1196 
degeneracy worse : 787 785 837 1068 1228 1379 
SCL #err deg : 4320 / 7800
SCL #err weighted degeneracy : 4173 4175 4166 4279 4382 4504 
degeneracy helps : 943 937 1004 1122 1183 1214 
degeneracy worse : 799 797 851 1081 1245 1398 
SCL #err deg : 4372 / 7900
SCL #err weighted degeneracy : 4223 4225 4219 4336 4438 4561 
degeneracy helps : 952 946 1013 1130 1195 1226 
degeneracy worse : 806 804 861 1094 1261 1415 
SCL #err deg : 4426 / 8000
SCL #err weighted degeneracy : 4273 4275 4269 4389 4493 4617 
degeneracy helps : 965 959 1027 1144 1209 1241 
degeneracy worse : 815 813 871 1107 1276 1432 
SCL #err deg : 4488 / 8100
SCL #err weighted degeneracy : 4333 4335 4326 4445 4550 4675 
degeneracy helps : 980 974 1045 1166 1231 1264 
degeneracy worse : 828 826 884 1123 1293 1451 
SCL #err deg : 4540 / 8200
SCL #err weighted degeneracy : 4390 4392 4383 4503 4608 4730 
degeneracy helps : 989 983 1054 1177 1244 1279 
degeneracy worse : 842 840 898 1140 1312 1469 
SCL #err deg : 4595 / 8300
SCL #err weighted degeneracy : 4443 4445 4436 4557 4666 4794 
degeneracy helps : 1003 997 1068 1191 1257 1293 
degeneracy worse : 854 852 910 1153 1328 1492 
SCL #err deg : 4650 / 8400
SCL #err weighted degeneracy : 4497 4500 4488 4619 4731 4858 
degeneracy helps : 1014 1007 1082 1202 1270 1306 
degeneracy worse : 864 862 921 1171 1351 1514 
SCL #err deg : 4711 / 8500
SCL #err weighted degeneracy : 4556 4559 4544 4675 4786 4911 
degeneracy helps : 1025 1018 1096 1218 1287 1327 
degeneracy worse : 873 871 930 1182 1362 1527 
SCL #err deg : 4765 / 8600
SCL #err weighted degeneracy : 4607 4610 4592 4729 4842 4968 
degeneracy helps : 1037 1030 1110 1234 1303 1344 
degeneracy worse : 882 880 938 1198 1380 1547 
SCL #err deg : 4823 / 8700
SCL #err weighted degeneracy : 4660 4663 4644 4780 4893 5023 
degeneracy helps : 1052 1045 1127 1254 1324 1365 
degeneracy worse : 892 890 949 1211 1394 1565 
SCL #err deg : 4882 / 8800
SCL #err weighted degeneracy : 4716 4719 4702 4830 4943 5076 
degeneracy helps : 1062 1055 1137 1271 1343 1385 
degeneracy worse : 899 897 958 1219 1404 1579 
SCL #err deg : 4938 / 8900
SCL #err weighted degeneracy : 4774 4777 4760 4891 5002 5136 
degeneracy helps : 1069 1062 1144 1279 1353 1397 
degeneracy worse : 908 906 967 1232 1417 1595 
SCL #err deg : 4990 / 9000
SCL #err weighted degeneracy : 4822 4825 4809 4937 5052 5188 
degeneracy helps : 1084 1077 1160 1298 1372 1416 
degeneracy worse : 919 917 980 1245 1434 1614 
SCL #err deg : 5042 / 9100
SCL #err weighted degeneracy : 4874 4877 4862 4988 5108 5245 
degeneracy helps : 1092 1085 1168 1309 1382 1427 
degeneracy worse : 928 926 990 1255 1448 1630 
SCL #err deg : 5097 / 9200
SCL #err weighted degeneracy : 4923 4925 4909 5037 5158 5294 
degeneracy helps : 1106 1100 1184 1326 1401 1447 
degeneracy worse : 936 934 998 1266 1462 1644 
SCL #err deg : 5149 / 9300
SCL #err weighted degeneracy : 4972 4975 4959 5086 5209 5348 
degeneracy helps : 1116 1109 1196 1342 1418 1464 
degeneracy worse : 944 942 1008 1279 1478 1663 
SCL #err deg : 5206 / 9400
SCL #err weighted degeneracy : 5026 5029 5014 5141 5268 5405 
degeneracy helps : 1128 1121 1208 1356 1432 1482 
degeneracy worse : 953 951 1018 1291 1494 1681 
SCL #err deg : 5264 / 9500
SCL #err weighted degeneracy : 5084 5088 5077 5205 5330 5466 
degeneracy helps : 1139 1131 1217 1366 1444 1494 
degeneracy worse : 964 962 1032 1307 1510 1696 
SCL #err deg : 5325 / 9600
SCL #err weighted degeneracy : 5141 5144 5135 5265 5391 5528 
degeneracy helps : 1152 1144 1230 1383 1461 1510 
degeneracy worse : 973 970 1042 1323 1527 1713 
SCL #err deg : 5382 / 9700
SCL #err weighted degeneracy : 5197 5200 5191 5322 5450 5589 
degeneracy helps : 1165 1157 1244 1398 1475 1523 
degeneracy worse : 985 982 1055 1338 1543 1730 
SCL #err deg : 5438 / 9800
SCL #err weighted degeneracy : 5252 5255 5246 5380 5509 5647 
degeneracy helps : 1177 1169 1257 1410 1488 1536 
degeneracy worse : 996 993 1067 1352 1559 1745 
SCL #err deg : 5491 / 9900
SCL #err weighted degeneracy : 5298 5301 5294 5433 5561 5699 
degeneracy helps : 1194 1186 1275 1429 1509 1557 
degeneracy worse : 1006 1003 1080 1371 1579 1765 
SCL #err deg : 5546 / 10000
SCL #err weighted degeneracy : 5352 5355 5349 5488 5617 5756 
degeneracy helps : 1203 1195 1285 1441 1521 1571 
degeneracy worse : 1014 1011 1090 1383 1592 1781 
average #flips: 17.9575
SCL #err considering degeneracy: 5546
error due to equal 946
error due to SCL smaller 4600
Finish in 1099 s
