Simulation Polar syndrome FASTER N=128, K=65, l=128, pz=0.06, #samples=10000, seed=7348
HPW construction
Event generator random seed: 7348
SCL #err deg : 3 / 100
SCL #err weighted degeneracy : 3 3 3 3 8 15 
degeneracy helps : 2 2 2 2 2 2 
degeneracy worse : 2 2 2 2 7 14 
SCL #err deg : 6 / 200
SCL #err weighted degeneracy : 6 6 6 7 15 26 
degeneracy helps : 3 3 3 3 4 4 
degeneracy worse : 3 3 3 4 13 24 
SCL #err deg : 13 / 300
SCL #err weighted degeneracy : 11 11 12 15 26 42 
degeneracy helps : 7 7 7 7 8 7 
degeneracy worse : 5 5 6 9 21 36 
SCL #err deg : 17 / 400
SCL #err weighted degeneracy : 17 17 18 21 34 54 
degeneracy helps : 7 7 7 7 8 7 
degeneracy worse : 7 7 8 11 25 44 
SCL #err deg : 26 / 500
SCL #err weighted degeneracy : 23 23 24 27 42 63 
degeneracy helps : 11 11 11 11 12 11 
degeneracy worse : 8 8 9 12 28 48 
SCL #err deg : 30 / 600
SCL #err weighted degeneracy : 28 28 29 32 49 76 
degeneracy helps : 11 11 11 11 13 12 
degeneracy worse : 9 9 10 13 32 58 
SCL #err deg : 31 / 700
SCL #err weighted degeneracy : 29 29 30 36 56 89 
degeneracy helps : 12 12 12 12 14 13 
degeneracy worse : 10 10 11 17 39 71 
SCL #err deg : 36 / 800
SCL #err weighted degeneracy : 33 33 34 40 61 98 
degeneracy helps : 14 14 14 14 16 16 
degeneracy worse : 11 11 12 18 41 78 
SCL #err deg : 40 / 900
SCL #err weighted degeneracy : 35 35 36 42 65 111 
degeneracy helps : 16 16 16 16 18 18 
degeneracy worse : 11 11 12 18 43 89 
SCL #err deg : 45 / 1000
SCL #err weighted degeneracy : 42 42 42 50 75 125 
degeneracy helps : 17 17 18 18 20 21 
degeneracy worse : 15 15 15 23 50 101 
SCL #err deg : 49 / 1100
SCL #err weighted degeneracy : 45 45 45 53 82 139 
degeneracy helps : 19 19 20 20 22 22 
degeneracy worse : 16 16 16 24 55 112 
SCL #err deg : 49 / 1200
SCL #err weighted degeneracy : 46 46 46 54 86 145 
degeneracy helps : 19 19 20 20 22 22 
degeneracy worse : 17 17 17 25 59 118 
SCL #err deg : 51 / 1300
SCL #err weighted degeneracy : 48 48 48 56 96 157 
degeneracy helps : 20 20 21 21 23 23 
degeneracy worse : 18 18 18 26 68 129 
SCL #err deg : 56 / 1400
SCL #err weighted degeneracy : 51 51 51 58 101 169 
degeneracy helps : 22 22 23 24 26 26 
degeneracy worse : 18 18 18 26 71 139 
SCL #err deg : 59 / 1500
SCL #err weighted degeneracy : 53 53 53 60 105 178 
degeneracy helps : 24 24 25 26 28 28 
degeneracy worse : 19 19 19 27 74 147 
SCL #err deg : 69 / 1600
SCL #err weighted degeneracy : 59 59 59 67 116 193 
degeneracy helps : 28 28 29 30 32 32 
degeneracy worse : 19 19 19 28 79 156 
SCL #err deg : 76 / 1700
SCL #err weighted degeneracy : 61 61 62 71 123 205 
degeneracy helps : 33 33 34 35 37 36 
degeneracy worse : 19 19 20 30 84 165 
SCL #err deg : 80 / 1800
SCL #err weighted degeneracy : 64 64 65 75 129 215 
degeneracy helps : 34 34 35 36 38 38 
degeneracy worse : 19 19 20 31 87 173 
SCL #err deg : 82 / 1900
SCL #err weighted degeneracy : 65 65 66 78 137 227 
degeneracy helps : 36 36 37 38 40 40 
degeneracy worse : 20 20 21 34 95 185 
SCL #err deg : 85 / 2000
SCL #err weighted degeneracy : 66 66 67 80 145 240 
degeneracy helps : 38 38 39 40 42 43 
degeneracy worse : 20 20 21 35 102 198 
SCL #err deg : 89 / 2100
SCL #err weighted degeneracy : 68 68 69 84 153 255 
degeneracy helps : 39 40 41 43 45 46 
degeneracy worse : 21 21 22 38 109 212 
SCL #err deg : 95 / 2200
SCL #err weighted degeneracy : 73 73 74 91 160 266 
degeneracy helps : 42 43 44 45 48 49 
degeneracy worse : 23 23 24 41 113 220 
SCL #err deg : 100 / 2300
SCL #err weighted degeneracy : 78 78 79 96 167 281 
degeneracy helps : 45 46 47 48 51 51 
degeneracy worse : 26 26 27 44 118 232 
SCL #err deg : 105 / 2400
SCL #err weighted degeneracy : 82 82 83 100 175 297 
degeneracy helps : 47 48 49 50 53 53 
degeneracy worse : 27 27 28 45 123 245 
SCL #err deg : 110 / 2500
SCL #err weighted degeneracy : 86 86 87 105 181 308 
degeneracy helps : 47 48 50 51 54 54 
degeneracy worse : 27 27 28 46 125 252 
SCL #err deg : 116 / 2600
SCL #err weighted degeneracy : 91 91 92 110 192 323 
degeneracy helps : 49 50 52 53 56 56 
degeneracy worse : 28 28 29 47 132 263 
SCL #err deg : 119 / 2700
SCL #err weighted degeneracy : 99 99 100 120 204 339 
degeneracy helps : 49 50 52 53 56 56 
degeneracy worse : 33 33 34 54 141 276 
SCL #err deg : 124 / 2800
SCL #err weighted degeneracy : 104 104 105 125 212 352 
degeneracy helps : 50 51 53 54 57 57 
degeneracy worse : 34 34 35 55 145 285 
SCL #err deg : 126 / 2900
SCL #err weighted degeneracy : 106 106 107 129 220 367 
degeneracy helps : 52 53 55 56 59 59 
degeneracy worse : 36 36 37 59 153 300 
SCL #err deg : 129 / 3000
SCL #err weighted degeneracy : 109 109 110 132 225 378 
degeneracy helps : 53 54 56 57 60 60 
degeneracy worse : 37 37 38 60 156 309 
SCL #err deg : 133 / 3100
SCL #err weighted degeneracy : 112 112 113 135 233 392 
degeneracy helps : 56 56 59 60 62 62 
degeneracy worse : 39 39 40 62 162 321 
SCL #err deg : 139 / 3200
SCL #err weighted degeneracy : 115 115 116 139 238 402 
degeneracy helps : 59 59 62 62 65 65 
degeneracy worse : 39 39 40 62 164 328 
SCL #err deg : 143 / 3300
SCL #err weighted degeneracy : 119 119 120 146 251 422 
degeneracy helps : 60 60 63 63 66 66 
degeneracy worse : 40 40 41 66 174 345 
SCL #err deg : 147 / 3400
SCL #err weighted degeneracy : 124 124 125 152 259 431 
degeneracy helps : 61 61 64 64 67 67 
degeneracy worse : 42 42 43 69 179 351 
SCL #err deg : 151 / 3500
SCL #err weighted degeneracy : 126 126 127 155 265 442 
degeneracy helps : 63 63 66 66 69 69 
degeneracy worse : 42 42 43 70 183 360 
SCL #err deg : 155 / 3600
SCL #err weighted degeneracy : 131 131 132 164 282 462 
degeneracy helps : 66 66 69 68 71 72 
degeneracy worse : 46 46 47 77 198 379 
SCL #err deg : 159 / 3700
SCL #err weighted degeneracy : 135 135 136 169 288 471 
degeneracy helps : 66 66 69 68 71 73 
degeneracy worse : 46 46 47 78 200 385 
SCL #err deg : 163 / 3800
SCL #err weighted degeneracy : 139 139 140 174 298 483 
degeneracy helps : 67 67 70 69 72 74 
degeneracy worse : 47 47 48 80 207 394 
SCL #err deg : 166 / 3900
SCL #err weighted degeneracy : 141 141 142 176 302 496 
degeneracy helps : 68 68 71 70 73 75 
degeneracy worse : 47 47 48 80 209 405 
SCL #err deg : 167 / 4000
SCL #err weighted degeneracy : 142 142 143 178 307 508 
degeneracy helps : 69 69 72 71 74 76 
degeneracy worse : 48 48 49 82 214 417 
SCL #err deg : 171 / 4100
SCL #err weighted degeneracy : 145 145 146 181 315 516 
degeneracy helps : 72 72 75 74 77 79 
degeneracy worse : 50 50 51 84 221 424 
SCL #err deg : 174 / 4200
SCL #err weighted degeneracy : 147 147 148 184 321 528 
degeneracy helps : 74 74 77 76 79 81 
degeneracy worse : 51 51 52 86 226 435 
SCL #err deg : 179 / 4300
SCL #err weighted degeneracy : 152 152 153 189 328 539 
degeneracy helps : 75 75 78 77 80 84 
degeneracy worse : 52 52 53 87 229 444 
SCL #err deg : 182 / 4400
SCL #err weighted degeneracy : 155 155 156 193 336 554 
degeneracy helps : 77 77 80 79 82 86 
degeneracy worse : 54 54 55 90 236 458 
SCL #err deg : 185 / 4500
SCL #err weighted degeneracy : 159 159 160 197 346 569 
degeneracy helps : 78 78 81 81 84 88 
degeneracy worse : 56 56 57 93 245 472 
SCL #err deg : 187 / 4600
SCL #err weighted degeneracy : 163 163 164 201 353 582 
degeneracy helps : 78 78 81 81 85 89 
degeneracy worse : 58 58 59 95 251 484 
SCL #err deg : 193 / 4700
SCL #err weighted degeneracy : 169 169 170 209 364 597 
degeneracy helps : 79 79 82 82 86 90 
degeneracy worse : 59 59 60 98 257 494 
SCL #err deg : 197 / 4800
SCL #err weighted degeneracy : 170 170 171 211 371 605 
degeneracy helps : 82 82 85 85 89 93 
degeneracy worse : 59 59 60 99 263 501 
SCL #err deg : 205 / 4900
SCL #err weighted degeneracy : 178 178 178 217 381 620 
degeneracy helps : 84 84 88 88 91 95 
degeneracy worse : 61 61 62 100 267 510 
SCL #err deg : 206 / 5000
SCL #err weighted degeneracy : 179 179 179 219 385 627 
degeneracy helps : 84 84 88 88 91 95 
degeneracy worse : 61 61 62 101 270 516 
SCL #err deg : 209 / 5100
SCL #err weighted degeneracy : 183 183 183 223 394 641 
degeneracy helps : 85 85 89 89 92 97 
degeneracy worse : 63 63 64 103 277 529 
SCL #err deg : 213 / 5200
SCL #err weighted degeneracy : 185 185 185 225 398 650 
degeneracy helps : 87 87 91 91 94 100 
degeneracy worse : 63 63 64 103 279 537 
SCL #err deg : 219 / 5300
SCL #err weighted degeneracy : 187 187 187 228 405 661 
degeneracy helps : 91 91 95 95 98 104 
degeneracy worse : 63 63 64 104 284 546 
SCL #err deg : 227 / 5400
SCL #err weighted degeneracy : 194 194 194 235 418 677 
degeneracy helps : 94 94 98 98 102 108 
degeneracy worse : 65 65 66 106 293 558 
SCL #err deg : 228 / 5500
SCL #err weighted degeneracy : 196 196 196 237 424 688 
degeneracy helps : 94 94 98 98 102 108 
degeneracy worse : 66 66 67 107 298 568 
SCL #err deg : 233 / 5600
SCL #err weighted degeneracy : 201 201 201 242 431 698 
degeneracy helps : 97 97 101 101 106 111 
degeneracy worse : 69 69 70 110 304 576 
SCL #err deg : 235 / 5700
SCL #err weighted degeneracy : 203 203 203 245 434 708 
degeneracy helps : 98 98 103 103 108 113 
degeneracy worse : 71 71 72 113 307 586 
SCL #err deg : 238 / 5800
SCL #err weighted degeneracy : 205 205 205 247 443 723 
degeneracy helps : 101 101 106 106 110 115 
degeneracy worse : 73 73 74 115 315 600 
SCL #err deg : 243 / 5900
SCL #err weighted degeneracy : 209 209 209 251 449 734 
degeneracy helps : 104 104 109 109 113 118 
degeneracy worse : 75 75 76 117 319 609 
SCL #err deg : 248 / 6000
SCL #err weighted degeneracy : 215 215 216 261 463 755 
degeneracy helps : 107 107 111 111 115 120 
degeneracy worse : 79 79 80 124 330 627 
SCL #err deg : 252 / 6100
SCL #err weighted degeneracy : 220 220 221 266 472 766 
degeneracy helps : 107 107 111 111 116 121 
degeneracy worse : 80 80 81 125 336 635 
SCL #err deg : 255 / 6200
SCL #err weighted degeneracy : 224 224 225 270 478 775 
degeneracy helps : 108 108 112 112 117 122 
degeneracy worse : 82 82 83 127 340 642 
SCL #err deg : 262 / 6300
SCL #err weighted degeneracy : 228 228 229 274 485 787 
degeneracy helps : 111 111 115 115 120 125 
degeneracy worse : 82 82 83 127 343 650 
SCL #err deg : 267 / 6400
SCL #err weighted degeneracy : 229 229 230 275 493 801 
degeneracy helps : 116 116 119 120 125 129 
degeneracy worse : 83 83 84 128 351 663 
SCL #err deg : 268 / 6500
SCL #err weighted degeneracy : 231 231 231 276 497 810 
degeneracy helps : 116 116 119 120 125 129 
degeneracy worse : 84 84 84 128 354 671 
SCL #err deg : 271 / 6600
SCL #err weighted degeneracy : 235 235 235 281 507 822 
degeneracy helps : 116 116 119 120 125 129 
degeneracy worse : 85 85 85 130 361 680 
SCL #err deg : 271 / 6700
SCL #err weighted degeneracy : 236 236 236 283 511 832 
degeneracy helps : 116 116 119 120 125 129 
degeneracy worse : 86 86 86 132 365 690 
SCL #err deg : 275 / 6800
SCL #err weighted degeneracy : 240 240 240 287 519 849 
degeneracy helps : 117 117 120 122 127 131 
degeneracy worse : 88 88 88 134 371 705 
SCL #err deg : 275 / 6900
SCL #err weighted degeneracy : 240 240 240 288 525 859 
degeneracy helps : 117 117 120 122 127 131 
degeneracy worse : 88 88 88 135 377 715 
SCL #err deg : 280 / 7000
SCL #err weighted degeneracy : 240 240 240 289 529 874 
degeneracy helps : 122 122 125 127 132 136 
degeneracy worse : 88 88 88 136 381 730 
SCL #err deg : 283 / 7100
SCL #err weighted degeneracy : 244 244 244 293 535 883 
degeneracy helps : 122 122 125 128 133 137 
degeneracy worse : 89 89 89 138 385 737 
SCL #err deg : 289 / 7200
SCL #err weighted degeneracy : 248 248 248 297 544 901 
degeneracy helps : 125 125 128 131 135 139 
degeneracy worse : 90 90 90 139 390 751 
SCL #err deg : 291 / 7300
SCL #err weighted degeneracy : 250 250 250 299 551 913 
degeneracy helps : 125 125 128 132 136 140 
degeneracy worse : 91 91 91 140 396 762 
SCL #err deg : 296 / 7400
SCL #err weighted degeneracy : 255 255 255 306 561 925 
degeneracy helps : 127 127 130 134 139 143 
degeneracy worse : 93 93 93 144 404 772 
SCL #err deg : 298 / 7500
SCL #err weighted degeneracy : 256 256 256 308 568 939 
degeneracy helps : 127 127 130 135 140 144 
degeneracy worse : 93 93 93 145 410 785 
SCL #err deg : 300 / 7600
SCL #err weighted degeneracy : 262 262 262 313 574 953 
degeneracy helps : 127 127 130 136 141 145 
degeneracy worse : 97 97 97 149 415 798 
SCL #err deg : 300 / 7700
SCL #err weighted degeneracy : 264 264 265 317 581 967 
degeneracy helps : 127 127 130 136 141 145 
degeneracy worse : 99 99 100 153 422 812 
SCL #err deg : 302 / 7800
SCL #err weighted degeneracy : 266 266 267 321 587 978 
degeneracy helps : 128 128 131 137 142 146 
degeneracy worse : 100 100 101 156 427 822 
SCL #err deg : 305 / 7900
SCL #err weighted degeneracy : 271 271 272 327 598 993 
degeneracy helps : 129 129 132 138 143 148 
degeneracy worse : 103 103 104 160 436 836 
SCL #err deg : 310 / 8000
SCL #err weighted degeneracy : 273 273 274 330 602 999 
degeneracy helps : 133 133 136 142 147 152 
degeneracy worse : 104 104 105 162 439 841 
SCL #err deg : 313 / 8100
SCL #err weighted degeneracy : 276 276 277 335 612 1012 
degeneracy helps : 134 134 137 143 148 153 
degeneracy worse : 105 105 106 165 447 852 
SCL #err deg : 317 / 8200
SCL #err weighted degeneracy : 280 280 281 339 620 1024 
degeneracy helps : 136 136 139 146 151 156 
degeneracy worse : 108 108 109 168 454 863 
SCL #err deg : 324 / 8300
SCL #err weighted degeneracy : 285 285 286 345 630 1033 
degeneracy helps : 139 139 142 149 153 158 
degeneracy worse : 109 109 110 170 459 867 
SCL #err deg : 327 / 8400
SCL #err weighted degeneracy : 289 289 290 348 638 1046 
degeneracy helps : 140 140 143 151 155 160 
degeneracy worse : 111 111 112 172 466 879 
SCL #err deg : 335 / 8500
SCL #err weighted degeneracy : 298 298 299 358 653 1065 
degeneracy helps : 142 142 145 153 157 163 
degeneracy worse : 114 114 115 176 475 893 
SCL #err deg : 343 / 8600
SCL #err weighted degeneracy : 305 305 306 367 671 1085 
degeneracy helps : 143 143 146 155 159 165 
degeneracy worse : 114 114 115 179 487 907 
SCL #err deg : 348 / 8700
SCL #err weighted degeneracy : 312 312 313 374 680 1095 
degeneracy helps : 143 143 146 155 159 165 
degeneracy worse : 116 116 117 181 491 912 
SCL #err deg : 351 / 8800
SCL #err weighted degeneracy : 316 316 317 377 685 1103 
degeneracy helps : 145 145 148 157 161 166 
degeneracy worse : 119 119 120 183 495 918 
SCL #err deg : 354 / 8900
SCL #err weighted degeneracy : 320 320 321 382 693 1113 
degeneracy helps : 145 145 148 157 161 166 
degeneracy worse : 120 120 121 185 500 925 
SCL #err deg : 358 / 9000
SCL #err weighted degeneracy : 322 322 323 385 701 1127 
degeneracy helps : 147 147 150 159 163 167 
degeneracy worse : 120 120 121 186 506 936 
SCL #err deg : 365 / 9100
SCL #err weighted degeneracy : 328 328 329 391 712 1146 
degeneracy helps : 148 148 151 160 164 168 
degeneracy worse : 120 120 121 186 511 949 
SCL #err deg : 366 / 9200
SCL #err weighted degeneracy : 330 330 331 394 718 1154 
degeneracy helps : 148 148 151 160 164 168 
degeneracy worse : 121 121 122 188 516 956 
SCL #err deg : 369 / 9300
SCL #err weighted degeneracy : 336 336 337 400 727 1172 
degeneracy helps : 148 148 151 160 165 169 
degeneracy worse : 124 124 125 191 523 972 
SCL #err deg : 371 / 9400
SCL #err weighted degeneracy : 337 337 338 401 732 1180 
degeneracy helps : 149 149 152 161 166 170 
degeneracy worse : 124 124 125 191 527 979 
SCL #err deg : 376 / 9500
SCL #err weighted degeneracy : 338 338 339 402 740 1192 
degeneracy helps : 151 152 156 165 170 174 
degeneracy worse : 124 124 125 191 534 990 
SCL #err deg : 381 / 9600
SCL #err weighted degeneracy : 341 341 342 406 747 1202 
degeneracy helps : 154 155 160 169 174 178 
degeneracy worse : 126 126 127 194 540 999 
SCL #err deg : 384 / 9700
SCL #err weighted degeneracy : 349 349 349 413 757 1214 
degeneracy helps : 156 157 162 171 176 180 
degeneracy worse : 133 133 133 200 549 1010 
SCL #err deg : 388 / 9800
SCL #err weighted degeneracy : 352 352 352 418 765 1226 
degeneracy helps : 158 159 164 173 178 182 
degeneracy worse : 134 134 134 203 555 1020 
SCL #err deg : 391 / 9900
SCL #err weighted degeneracy : 354 354 354 421 769 1233 
degeneracy helps : 160 161 166 175 180 185 
degeneracy worse : 135 135 135 205 558 1027 
SCL #err deg : 392 / 10000
SCL #err weighted degeneracy : 355 355 355 423 778 1251 
degeneracy helps : 161 162 167 176 181 186 
degeneracy worse : 136 136 136 207 567 1045 
average #flips: 7.7132
SCL #err considering degeneracy: 392
error due to equal 332
error due to SCL smaller 60
Finish in 1195 s
