Simulation Polar syndrome FASTER N=2048, K=1025, l=128, pz=0.102, #samples=10000, seed=197
PW construction
Event generator random seed: 197
SCL #err deg : 25 / 100
SCL #err weighted degeneracy : 25 25 24 25 22 22 
degeneracy helps : 5 5 6 5 7 8 
degeneracy worse : 5 5 5 5 4 5 
SCL #err deg : 58 / 200
SCL #err weighted degeneracy : 55 55 54 56 53 52 
degeneracy helps : 11 11 12 10 12 14 
degeneracy worse : 8 8 8 8 7 8 
SCL #err deg : 82 / 300
SCL #err weighted degeneracy : 80 80 77 79 77 77 
degeneracy helps : 18 18 19 17 17 18 
degeneracy worse : 16 16 14 14 12 13 
SCL #err deg : 101 / 400
SCL #err weighted degeneracy : 94 94 91 94 93 95 
degeneracy helps : 23 23 24 21 20 21 
degeneracy worse : 16 16 14 14 12 15 
SCL #err deg : 118 / 500
SCL #err weighted degeneracy : 110 110 108 110 108 112 
degeneracy helps : 27 27 28 25 26 25 
degeneracy worse : 19 19 18 17 16 19 
SCL #err deg : 142 / 600
SCL #err weighted degeneracy : 134 134 131 134 132 137 
degeneracy helps : 30 30 33 30 31 30 
degeneracy worse : 22 22 22 22 21 25 
SCL #err deg : 163 / 700
SCL #err weighted degeneracy : 154 155 150 154 154 159 
degeneracy helps : 33 32 37 34 34 33 
degeneracy worse : 24 24 24 25 25 29 
SCL #err deg : 183 / 800
SCL #err weighted degeneracy : 176 177 173 175 174 178 
degeneracy helps : 35 34 38 36 37 36 
degeneracy worse : 28 28 28 28 28 31 
SCL #err deg : 207 / 900
SCL #err weighted degeneracy : 201 202 201 202 201 206 
degeneracy helps : 38 37 39 38 39 38 
degeneracy worse : 32 32 33 33 33 37 
SCL #err deg : 233 / 1000
SCL #err weighted degeneracy : 227 227 226 228 229 233 
degeneracy helps : 43 43 44 43 42 41 
degeneracy worse : 37 37 37 38 38 41 
SCL #err deg : 262 / 1100
SCL #err weighted degeneracy : 254 254 255 258 260 262 
degeneracy helps : 50 50 50 49 48 48 
degeneracy worse : 42 42 43 45 46 48 
SCL #err deg : 289 / 1200
SCL #err weighted degeneracy : 279 279 279 283 285 287 
degeneracy helps : 54 54 55 53 52 53 
degeneracy worse : 44 44 45 47 48 51 
SCL #err deg : 307 / 1300
SCL #err weighted degeneracy : 299 299 300 302 305 308 
degeneracy helps : 57 57 58 57 56 57 
degeneracy worse : 49 49 51 52 54 58 
SCL #err deg : 329 / 1400
SCL #err weighted degeneracy : 321 321 323 322 326 329 
degeneracy helps : 62 62 63 63 62 63 
degeneracy worse : 54 54 57 56 59 63 
SCL #err deg : 352 / 1500
SCL #err weighted degeneracy : 341 341 343 341 344 349 
degeneracy helps : 67 67 69 70 69 69 
degeneracy worse : 56 56 60 59 61 66 
SCL #err deg : 372 / 1600
SCL #err weighted degeneracy : 364 364 368 366 366 371 
degeneracy helps : 69 69 71 72 73 73 
degeneracy worse : 61 61 67 66 67 72 
SCL #err deg : 393 / 1700
SCL #err weighted degeneracy : 384 384 388 387 388 392 
degeneracy helps : 72 72 74 75 75 74 
degeneracy worse : 63 63 69 69 70 73 
SCL #err deg : 409 / 1800
SCL #err weighted degeneracy : 401 401 404 403 404 408 
degeneracy helps : 75 75 77 78 78 78 
degeneracy worse : 67 67 72 72 73 77 
SCL #err deg : 430 / 1900
SCL #err weighted degeneracy : 422 422 423 422 422 427 
degeneracy helps : 76 76 79 81 82 82 
degeneracy worse : 68 68 72 73 74 79 
SCL #err deg : 452 / 2000
SCL #err weighted degeneracy : 442 442 443 444 444 448 
degeneracy helps : 81 81 84 85 85 86 
degeneracy worse : 71 71 75 77 77 82 
SCL #err deg : 476 / 2100
SCL #err weighted degeneracy : 468 468 468 474 474 478 
degeneracy helps : 85 85 89 87 87 88 
degeneracy worse : 77 77 81 85 85 90 
SCL #err deg : 501 / 2200
SCL #err weighted degeneracy : 490 490 486 493 494 498 
degeneracy helps : 92 92 98 95 94 95 
degeneracy worse : 81 81 83 87 87 92 
SCL #err deg : 525 / 2300
SCL #err weighted degeneracy : 515 515 509 516 515 519 
degeneracy helps : 93 93 101 98 98 100 
degeneracy worse : 83 83 85 89 88 94 
SCL #err deg : 548 / 2400
SCL #err weighted degeneracy : 536 536 530 539 539 543 
degeneracy helps : 97 97 104 101 100 102 
degeneracy worse : 85 85 86 92 91 97 
SCL #err deg : 573 / 2500
SCL #err weighted degeneracy : 560 560 554 563 564 569 
degeneracy helps : 102 102 109 106 104 106 
degeneracy worse : 89 89 90 96 95 102 
SCL #err deg : 596 / 2600
SCL #err weighted degeneracy : 579 579 574 585 586 592 
degeneracy helps : 108 108 114 109 107 109 
degeneracy worse : 91 91 92 98 97 105 
SCL #err deg : 624 / 2700
SCL #err weighted degeneracy : 601 601 595 606 605 611 
degeneracy helps : 115 115 122 117 116 118 
degeneracy worse : 92 92 93 99 97 105 
SCL #err deg : 650 / 2800
SCL #err weighted degeneracy : 625 625 618 631 630 635 
degeneracy helps : 119 119 127 120 119 121 
degeneracy worse : 94 94 95 101 99 106 
SCL #err deg : 677 / 2900
SCL #err weighted degeneracy : 648 648 641 655 654 659 
degeneracy helps : 125 125 133 126 125 127 
degeneracy worse : 96 96 97 104 102 109 
SCL #err deg : 692 / 3000
SCL #err weighted degeneracy : 663 663 656 672 671 676 
degeneracy helps : 131 131 139 130 130 132 
degeneracy worse : 102 102 103 110 109 116 
SCL #err deg : 720 / 3100
SCL #err weighted degeneracy : 692 692 684 700 698 703 
degeneracy helps : 134 134 143 134 134 136 
degeneracy worse : 106 106 107 114 112 119 
SCL #err deg : 747 / 3200
SCL #err weighted degeneracy : 712 712 705 720 718 724 
degeneracy helps : 144 144 152 144 144 145 
degeneracy worse : 109 109 110 117 115 122 
SCL #err deg : 777 / 3300
SCL #err weighted degeneracy : 738 738 731 744 741 748 
degeneracy helps : 150 150 158 151 152 154 
degeneracy worse : 111 111 112 118 116 125 
SCL #err deg : 796 / 3400
SCL #err weighted degeneracy : 757 757 748 760 757 765 
degeneracy helps : 154 154 163 156 157 158 
degeneracy worse : 115 115 115 120 118 127 
SCL #err deg : 818 / 3500
SCL #err weighted degeneracy : 782 783 771 782 779 787 
degeneracy helps : 158 158 167 160 162 163 
degeneracy worse : 122 123 120 124 123 132 
SCL #err deg : 842 / 3600
SCL #err weighted degeneracy : 806 807 795 807 805 813 
degeneracy helps : 161 161 171 163 164 165 
degeneracy worse : 125 126 124 128 127 136 
SCL #err deg : 868 / 3700
SCL #err weighted degeneracy : 827 828 817 830 828 836 
degeneracy helps : 168 168 177 169 170 172 
degeneracy worse : 127 128 126 131 130 140 
SCL #err deg : 888 / 3800
SCL #err weighted degeneracy : 846 847 837 850 848 856 
degeneracy helps : 172 172 181 173 174 176 
degeneracy worse : 130 131 130 135 134 144 
SCL #err deg : 904 / 3900
SCL #err weighted degeneracy : 864 865 855 867 865 873 
degeneracy helps : 175 175 184 176 177 179 
degeneracy worse : 135 136 135 139 138 148 
SCL #err deg : 920 / 4000
SCL #err weighted degeneracy : 882 883 872 883 881 888 
degeneracy helps : 176 176 185 178 179 182 
degeneracy worse : 138 139 137 141 140 150 
SCL #err deg : 937 / 4100
SCL #err weighted degeneracy : 900 901 890 899 897 904 
degeneracy helps : 177 177 187 181 182 185 
degeneracy worse : 140 141 140 143 142 152 
SCL #err deg : 964 / 4200
SCL #err weighted degeneracy : 924 925 911 920 919 925 
degeneracy helps : 183 183 195 189 189 194 
degeneracy worse : 143 144 142 145 144 155 
SCL #err deg : 989 / 4300
SCL #err weighted degeneracy : 945 946 930 940 941 948 
degeneracy helps : 188 188 202 195 193 198 
degeneracy worse : 144 145 143 146 145 157 
SCL #err deg : 1014 / 4400
SCL #err weighted degeneracy : 971 972 955 963 961 968 
degeneracy helps : 192 192 207 202 202 206 
degeneracy worse : 149 150 148 151 149 160 
SCL #err deg : 1035 / 4500
SCL #err weighted degeneracy : 990 991 974 983 982 990 
degeneracy helps : 196 196 210 204 204 207 
degeneracy worse : 151 152 149 152 151 162 
SCL #err deg : 1054 / 4600
SCL #err weighted degeneracy : 1012 1013 997 1005 1003 1012 
degeneracy helps : 198 198 212 207 207 210 
degeneracy worse : 156 157 155 158 156 168 
SCL #err deg : 1077 / 4700
SCL #err weighted degeneracy : 1033 1034 1018 1024 1022 1031 
degeneracy helps : 202 202 216 212 212 215 
degeneracy worse : 158 159 157 159 157 169 
SCL #err deg : 1090 / 4800
SCL #err weighted degeneracy : 1046 1046 1031 1035 1035 1045 
degeneracy helps : 206 206 220 216 215 217 
degeneracy worse : 162 162 161 161 160 172 
SCL #err deg : 1111 / 4900
SCL #err weighted degeneracy : 1068 1068 1052 1056 1057 1066 
degeneracy helps : 210 210 223 218 217 220 
degeneracy worse : 167 167 164 163 163 175 
SCL #err deg : 1134 / 5000
SCL #err weighted degeneracy : 1088 1088 1072 1076 1077 1087 
degeneracy helps : 213 213 226 221 220 222 
degeneracy worse : 167 167 164 163 163 175 
SCL #err deg : 1162 / 5100
SCL #err weighted degeneracy : 1114 1114 1096 1099 1099 1111 
degeneracy helps : 217 217 232 227 227 227 
degeneracy worse : 169 169 166 164 164 176 
SCL #err deg : 1185 / 5200
SCL #err weighted degeneracy : 1134 1134 1116 1118 1118 1132 
degeneracy helps : 221 221 236 231 232 232 
degeneracy worse : 170 170 167 164 165 179 
SCL #err deg : 1216 / 5300
SCL #err weighted degeneracy : 1167 1167 1148 1149 1148 1162 
degeneracy helps : 223 223 239 234 236 236 
degeneracy worse : 174 174 171 167 168 182 
SCL #err deg : 1238 / 5400
SCL #err weighted degeneracy : 1188 1188 1170 1171 1169 1182 
degeneracy helps : 229 229 244 239 242 243 
degeneracy worse : 179 179 176 172 173 187 
SCL #err deg : 1259 / 5500
SCL #err weighted degeneracy : 1209 1209 1192 1194 1191 1206 
degeneracy helps : 232 232 247 241 244 244 
degeneracy worse : 182 182 180 176 176 191 
SCL #err deg : 1281 / 5600
SCL #err weighted degeneracy : 1230 1230 1214 1217 1213 1228 
degeneracy helps : 238 238 253 246 249 249 
degeneracy worse : 187 187 186 182 181 196 
SCL #err deg : 1299 / 5700
SCL #err weighted degeneracy : 1249 1249 1233 1237 1233 1250 
degeneracy helps : 240 240 255 247 250 249 
degeneracy worse : 190 190 189 185 184 200 
SCL #err deg : 1323 / 5800
SCL #err weighted degeneracy : 1272 1272 1256 1260 1256 1272 
degeneracy helps : 243 243 259 251 254 254 
degeneracy worse : 192 192 192 188 187 203 
SCL #err deg : 1354 / 5900
SCL #err weighted degeneracy : 1295 1295 1281 1285 1281 1297 
degeneracy helps : 251 251 265 257 261 261 
degeneracy worse : 192 192 192 188 188 204 
SCL #err deg : 1382 / 6000
SCL #err weighted degeneracy : 1318 1318 1304 1307 1303 1319 
degeneracy helps : 257 257 271 264 269 269 
degeneracy worse : 193 193 193 189 190 206 
SCL #err deg : 1403 / 6100
SCL #err weighted degeneracy : 1338 1338 1322 1326 1322 1337 
degeneracy helps : 263 263 277 269 274 275 
degeneracy worse : 198 198 196 192 193 209 
SCL #err deg : 1428 / 6200
SCL #err weighted degeneracy : 1361 1361 1346 1354 1350 1366 
degeneracy helps : 267 267 281 271 276 277 
degeneracy worse : 200 200 199 197 198 215 
SCL #err deg : 1444 / 6300
SCL #err weighted degeneracy : 1377 1377 1362 1370 1366 1382 
degeneracy helps : 271 271 285 275 280 281 
degeneracy worse : 204 204 203 201 202 219 
SCL #err deg : 1469 / 6400
SCL #err weighted degeneracy : 1400 1400 1386 1394 1390 1406 
degeneracy helps : 276 276 292 282 287 287 
degeneracy worse : 207 207 209 207 208 224 
SCL #err deg : 1491 / 6500
SCL #err weighted degeneracy : 1418 1418 1405 1414 1411 1428 
degeneracy helps : 284 284 299 288 292 292 
degeneracy worse : 211 211 213 211 212 229 
SCL #err deg : 1514 / 6600
SCL #err weighted degeneracy : 1441 1441 1427 1435 1432 1449 
degeneracy helps : 286 286 301 291 295 295 
degeneracy worse : 213 213 214 212 213 230 
SCL #err deg : 1532 / 6700
SCL #err weighted degeneracy : 1459 1459 1446 1453 1450 1467 
degeneracy helps : 289 289 304 293 297 297 
degeneracy worse : 216 216 218 214 215 232 
SCL #err deg : 1555 / 6800
SCL #err weighted degeneracy : 1486 1486 1473 1479 1476 1494 
degeneracy helps : 289 289 304 294 298 298 
degeneracy worse : 220 220 222 218 219 237 
SCL #err deg : 1569 / 6900
SCL #err weighted degeneracy : 1499 1499 1488 1494 1491 1510 
degeneracy helps : 292 292 306 296 300 300 
degeneracy worse : 222 222 225 221 222 241 
SCL #err deg : 1590 / 7000
SCL #err weighted degeneracy : 1516 1516 1505 1511 1508 1528 
degeneracy helps : 298 298 312 302 306 307 
degeneracy worse : 224 224 227 223 224 245 
SCL #err deg : 1613 / 7100
SCL #err weighted degeneracy : 1539 1539 1528 1535 1531 1551 
degeneracy helps : 300 300 314 305 309 310 
degeneracy worse : 226 226 229 227 227 248 
SCL #err deg : 1632 / 7200
SCL #err weighted degeneracy : 1557 1557 1549 1554 1550 1570 
degeneracy helps : 303 303 317 309 313 315 
degeneracy worse : 228 228 234 231 231 253 
SCL #err deg : 1652 / 7300
SCL #err weighted degeneracy : 1574 1574 1567 1575 1572 1590 
degeneracy helps : 309 309 322 313 317 321 
degeneracy worse : 231 231 237 236 237 259 
SCL #err deg : 1670 / 7400
SCL #err weighted degeneracy : 1591 1591 1582 1589 1587 1607 
degeneracy helps : 314 314 328 319 322 325 
degeneracy worse : 235 235 240 238 239 262 
SCL #err deg : 1696 / 7500
SCL #err weighted degeneracy : 1615 1615 1605 1611 1611 1631 
degeneracy helps : 318 318 333 325 328 330 
degeneracy worse : 237 237 242 240 243 265 
SCL #err deg : 1717 / 7600
SCL #err weighted degeneracy : 1633 1633 1622 1632 1634 1655 
degeneracy helps : 325 325 341 333 334 334 
degeneracy worse : 241 241 246 248 251 272 
SCL #err deg : 1734 / 7700
SCL #err weighted degeneracy : 1649 1649 1639 1649 1651 1670 
degeneracy helps : 330 330 346 338 339 341 
degeneracy worse : 245 245 251 253 256 277 
SCL #err deg : 1756 / 7800
SCL #err weighted degeneracy : 1674 1675 1663 1673 1675 1694 
degeneracy helps : 331 330 348 340 341 343 
degeneracy worse : 249 249 255 257 260 281 
SCL #err deg : 1775 / 7900
SCL #err weighted degeneracy : 1695 1696 1683 1692 1695 1713 
degeneracy helps : 331 330 349 342 343 346 
degeneracy worse : 251 251 257 259 263 284 
SCL #err deg : 1799 / 8000
SCL #err weighted degeneracy : 1718 1719 1706 1715 1719 1737 
degeneracy helps : 335 334 353 346 346 349 
degeneracy worse : 254 254 260 262 266 287 
SCL #err deg : 1818 / 8100
SCL #err weighted degeneracy : 1737 1738 1723 1731 1737 1755 
degeneracy helps : 337 336 357 351 351 354 
degeneracy worse : 256 256 262 264 270 291 
SCL #err deg : 1838 / 8200
SCL #err weighted degeneracy : 1757 1758 1743 1752 1758 1776 
degeneracy helps : 339 338 360 354 354 357 
degeneracy worse : 258 258 265 268 274 295 
SCL #err deg : 1858 / 8300
SCL #err weighted degeneracy : 1779 1780 1765 1774 1780 1798 
degeneracy helps : 341 340 364 359 359 362 
degeneracy worse : 262 262 271 275 281 302 
SCL #err deg : 1881 / 8400
SCL #err weighted degeneracy : 1801 1802 1789 1798 1805 1823 
degeneracy helps : 347 346 368 363 362 365 
degeneracy worse : 267 267 276 280 286 307 
SCL #err deg : 1900 / 8500
SCL #err weighted degeneracy : 1821 1822 1806 1816 1823 1841 
degeneracy helps : 350 349 373 367 366 369 
degeneracy worse : 271 271 279 283 289 310 
SCL #err deg : 1918 / 8600
SCL #err weighted degeneracy : 1840 1841 1827 1836 1845 1863 
degeneracy helps : 351 350 374 368 366 369 
degeneracy worse : 273 273 283 286 293 314 
SCL #err deg : 1935 / 8700
SCL #err weighted degeneracy : 1854 1855 1843 1852 1861 1880 
degeneracy helps : 355 354 377 372 370 372 
degeneracy worse : 274 274 285 289 296 317 
SCL #err deg : 1960 / 8800
SCL #err weighted degeneracy : 1876 1877 1864 1874 1884 1903 
degeneracy helps : 360 359 383 377 374 376 
degeneracy worse : 276 276 287 291 298 319 
SCL #err deg : 1984 / 8900
SCL #err weighted degeneracy : 1893 1894 1882 1894 1902 1921 
degeneracy helps : 368 367 391 384 382 384 
degeneracy worse : 277 277 289 294 300 321 
SCL #err deg : 2010 / 9000
SCL #err weighted degeneracy : 1915 1916 1904 1916 1923 1943 
degeneracy helps : 372 371 395 388 387 389 
degeneracy worse : 277 277 289 294 300 322 
SCL #err deg : 2032 / 9100
SCL #err weighted degeneracy : 1936 1937 1925 1938 1945 1966 
degeneracy helps : 375 374 398 391 390 392 
degeneracy worse : 279 279 291 297 303 326 
SCL #err deg : 2059 / 9200
SCL #err weighted degeneracy : 1960 1961 1949 1964 1973 1992 
degeneracy helps : 379 378 402 394 392 395 
degeneracy worse : 280 280 292 299 306 328 
SCL #err deg : 2092 / 9300
SCL #err weighted degeneracy : 1994 1995 1979 1994 2002 2020 
degeneracy helps : 384 383 407 399 398 402 
degeneracy worse : 286 286 294 301 308 330 
SCL #err deg : 2117 / 9400
SCL #err weighted degeneracy : 2026 2027 2009 2024 2032 2049 
degeneracy helps : 385 384 409 401 400 404 
degeneracy worse : 294 294 301 308 315 336 
SCL #err deg : 2134 / 9500
SCL #err weighted degeneracy : 2047 2048 2029 2044 2053 2072 
degeneracy helps : 390 389 415 407 406 408 
degeneracy worse : 303 303 310 317 325 346 
SCL #err deg : 2159 / 9600
SCL #err weighted degeneracy : 2068 2069 2048 2067 2077 2096 
degeneracy helps : 395 394 422 413 411 414 
degeneracy worse : 304 304 311 321 329 351 
SCL #err deg : 2181 / 9700
SCL #err weighted degeneracy : 2090 2091 2071 2091 2099 2118 
degeneracy helps : 400 399 426 416 414 417 
degeneracy worse : 309 309 316 326 332 354 
SCL #err deg : 2202 / 9800
SCL #err weighted degeneracy : 2112 2113 2092 2112 2120 2140 
degeneracy helps : 404 403 431 419 417 419 
degeneracy worse : 314 314 321 329 335 357 
SCL #err deg : 2217 / 9900
SCL #err weighted degeneracy : 2126 2127 2106 2125 2135 2155 
degeneracy helps : 408 407 435 423 419 421 
degeneracy worse : 317 317 324 331 337 359 
SCL #err deg : 2243 / 10000
SCL #err weighted degeneracy : 2150 2151 2131 2149 2158 2180 
degeneracy helps : 413 412 440 428 424 426 
degeneracy worse : 320 320 328 334 339 363 
average #flips: 208.837
SCL #err considering degeneracy: 2243
error due to equal 316
error due to SCL smaller 1676
Finish in 131026 s
