Simulation Polar syndrome FASTER N=2048, K=1025, l=128, pz=0.104, #samples=10000, seed=197
PW construction
Event generator random seed: 197
SCL #err deg : 25 / 100
SCL #err weighted degeneracy : 23 23 24 24 24 24 
degeneracy helps : 6 6 6 6 6 6 
degeneracy worse : 4 4 5 5 5 5 
SCL #err deg : 57 / 200
SCL #err weighted degeneracy : 54 54 57 57 57 57 
degeneracy helps : 9 9 9 9 9 9 
degeneracy worse : 6 6 9 9 9 9 
SCL #err deg : 84 / 300
SCL #err weighted degeneracy : 82 82 87 87 88 88 
degeneracy helps : 13 13 13 13 13 13 
degeneracy worse : 11 11 16 16 17 17 
SCL #err deg : 102 / 400
SCL #err weighted degeneracy : 99 99 103 104 104 104 
degeneracy helps : 15 15 17 17 18 18 
degeneracy worse : 12 12 18 19 20 20 
SCL #err deg : 126 / 500
SCL #err weighted degeneracy : 118 118 122 124 124 124 
degeneracy helps : 22 22 24 24 25 25 
degeneracy worse : 14 14 20 22 23 23 
SCL #err deg : 161 / 600
SCL #err weighted degeneracy : 152 152 155 157 154 153 
degeneracy helps : 25 25 28 29 31 32 
degeneracy worse : 16 16 22 25 24 24 
SCL #err deg : 188 / 700
SCL #err weighted degeneracy : 179 179 182 183 180 180 
degeneracy helps : 27 27 30 32 34 35 
degeneracy worse : 18 18 24 27 26 27 
SCL #err deg : 220 / 800
SCL #err weighted degeneracy : 207 207 210 211 210 211 
degeneracy helps : 31 31 34 36 37 38 
degeneracy worse : 18 18 24 27 27 29 
SCL #err deg : 247 / 900
SCL #err weighted degeneracy : 234 234 236 237 236 237 
degeneracy helps : 33 33 36 38 39 40 
degeneracy worse : 20 20 25 28 28 30 
SCL #err deg : 281 / 1000
SCL #err weighted degeneracy : 265 266 267 268 267 269 
degeneracy helps : 36 35 39 41 42 43 
degeneracy worse : 20 20 25 28 28 31 
SCL #err deg : 309 / 1100
SCL #err weighted degeneracy : 292 293 294 295 294 296 
degeneracy helps : 41 40 44 46 47 48 
degeneracy worse : 24 24 29 32 32 35 
SCL #err deg : 340 / 1200
SCL #err weighted degeneracy : 323 324 328 330 329 331 
degeneracy helps : 44 43 46 48 49 50 
degeneracy worse : 27 27 34 38 38 41 
SCL #err deg : 356 / 1300
SCL #err weighted degeneracy : 341 342 345 348 347 349 
degeneracy helps : 45 44 47 49 50 51 
degeneracy worse : 30 30 36 41 41 44 
SCL #err deg : 388 / 1400
SCL #err weighted degeneracy : 373 374 376 382 380 383 
degeneracy helps : 48 47 51 53 55 55 
degeneracy worse : 33 33 39 47 47 50 
SCL #err deg : 414 / 1500
SCL #err weighted degeneracy : 397 398 402 409 408 411 
degeneracy helps : 52 51 55 57 59 59 
degeneracy worse : 35 35 43 52 53 56 
SCL #err deg : 443 / 1600
SCL #err weighted degeneracy : 427 428 431 437 436 439 
degeneracy helps : 55 54 59 62 64 64 
degeneracy worse : 39 39 47 56 57 60 
SCL #err deg : 469 / 1700
SCL #err weighted degeneracy : 450 451 452 459 459 462 
degeneracy helps : 60 59 66 69 71 71 
degeneracy worse : 41 41 49 59 61 64 
SCL #err deg : 495 / 1800
SCL #err weighted degeneracy : 476 477 478 482 482 484 
degeneracy helps : 62 61 68 74 76 77 
degeneracy worse : 43 43 51 61 63 66 
SCL #err deg : 522 / 1900
SCL #err weighted degeneracy : 503 504 506 511 510 513 
degeneracy helps : 65 64 71 77 80 80 
degeneracy worse : 46 46 55 66 68 71 
SCL #err deg : 543 / 2000
SCL #err weighted degeneracy : 526 527 529 535 534 537 
degeneracy helps : 66 65 72 78 81 81 
degeneracy worse : 49 49 58 70 72 75 
SCL #err deg : 571 / 2100
SCL #err weighted degeneracy : 554 555 556 562 561 564 
degeneracy helps : 67 66 74 81 84 84 
degeneracy worse : 50 50 59 72 74 77 
SCL #err deg : 597 / 2200
SCL #err weighted degeneracy : 576 577 578 586 587 590 
degeneracy helps : 71 70 79 85 88 88 
degeneracy worse : 50 50 60 74 78 81 
SCL #err deg : 628 / 2300
SCL #err weighted degeneracy : 607 608 608 615 616 619 
degeneracy helps : 74 73 83 90 93 93 
degeneracy worse : 53 53 63 77 81 84 
SCL #err deg : 658 / 2400
SCL #err weighted degeneracy : 635 636 634 642 643 647 
degeneracy helps : 79 78 90 97 101 100 
degeneracy worse : 56 56 66 81 86 89 
SCL #err deg : 686 / 2500
SCL #err weighted degeneracy : 663 664 660 666 667 671 
degeneracy helps : 83 82 95 104 108 107 
degeneracy worse : 60 60 69 84 89 92 
SCL #err deg : 707 / 2600
SCL #err weighted degeneracy : 686 687 683 688 689 693 
degeneracy helps : 86 85 98 108 112 111 
degeneracy worse : 65 65 74 89 94 97 
SCL #err deg : 732 / 2700
SCL #err weighted degeneracy : 712 713 710 716 717 722 
degeneracy helps : 89 88 101 111 115 114 
degeneracy worse : 69 69 79 95 100 104 
SCL #err deg : 763 / 2800
SCL #err weighted degeneracy : 739 740 737 744 745 750 
degeneracy helps : 93 92 105 114 118 117 
degeneracy worse : 69 69 79 95 100 104 
SCL #err deg : 787 / 2900
SCL #err weighted degeneracy : 764 765 762 769 770 775 
degeneracy helps : 94 93 106 115 119 118 
degeneracy worse : 71 71 81 97 102 106 
SCL #err deg : 807 / 3000
SCL #err weighted degeneracy : 782 784 780 787 788 793 
degeneracy helps : 97 95 109 118 122 121 
degeneracy worse : 72 72 82 98 103 107 
SCL #err deg : 834 / 3100
SCL #err weighted degeneracy : 808 810 806 812 813 818 
degeneracy helps : 101 99 113 123 127 126 
degeneracy worse : 75 75 85 101 106 110 
SCL #err deg : 858 / 3200
SCL #err weighted degeneracy : 832 834 830 836 837 843 
degeneracy helps : 102 100 114 124 128 127 
degeneracy worse : 76 76 86 102 107 112 
SCL #err deg : 885 / 3300
SCL #err weighted degeneracy : 858 860 856 861 862 869 
degeneracy helps : 105 103 118 130 134 132 
degeneracy worse : 78 78 89 106 111 116 
SCL #err deg : 917 / 3400
SCL #err weighted degeneracy : 890 892 887 893 894 902 
degeneracy helps : 108 106 122 134 138 136 
degeneracy worse : 81 81 92 110 115 121 
SCL #err deg : 944 / 3500
SCL #err weighted degeneracy : 917 919 915 922 924 931 
degeneracy helps : 110 108 124 136 140 139 
degeneracy worse : 83 83 95 114 120 126 
SCL #err deg : 975 / 3600
SCL #err weighted degeneracy : 944 946 941 948 950 958 
degeneracy helps : 115 113 130 142 146 145 
degeneracy worse : 84 84 96 115 121 128 
SCL #err deg : 1006 / 3700
SCL #err weighted degeneracy : 975 977 972 978 979 987 
degeneracy helps : 117 115 132 144 149 148 
degeneracy worse : 86 86 98 116 122 129 
SCL #err deg : 1029 / 3800
SCL #err weighted degeneracy : 999 1002 997 1002 1003 1011 
degeneracy helps : 119 117 134 147 152 151 
degeneracy worse : 89 90 102 120 126 133 
SCL #err deg : 1055 / 3900
SCL #err weighted degeneracy : 1022 1025 1021 1026 1027 1034 
degeneracy helps : 122 120 137 150 155 155 
degeneracy worse : 89 90 103 121 127 134 
SCL #err deg : 1073 / 4000
SCL #err weighted degeneracy : 1042 1045 1041 1047 1046 1052 
degeneracy helps : 123 121 139 152 159 160 
degeneracy worse : 92 93 107 126 132 139 
SCL #err deg : 1093 / 4100
SCL #err weighted degeneracy : 1063 1066 1061 1067 1066 1073 
degeneracy helps : 125 123 142 155 162 163 
degeneracy worse : 95 96 110 129 135 143 
SCL #err deg : 1115 / 4200
SCL #err weighted degeneracy : 1083 1086 1082 1087 1086 1092 
degeneracy helps : 127 125 145 159 166 168 
degeneracy worse : 95 96 112 131 137 145 
SCL #err deg : 1142 / 4300
SCL #err weighted degeneracy : 1110 1113 1112 1116 1115 1122 
degeneracy helps : 129 127 146 161 168 170 
degeneracy worse : 97 98 116 135 141 150 
SCL #err deg : 1172 / 4400
SCL #err weighted degeneracy : 1139 1142 1141 1144 1143 1150 
degeneracy helps : 134 132 152 168 175 177 
degeneracy worse : 101 102 121 140 146 155 
SCL #err deg : 1195 / 4500
SCL #err weighted degeneracy : 1163 1166 1165 1168 1168 1175 
degeneracy helps : 137 135 155 171 178 180 
degeneracy worse : 105 106 125 144 151 160 
SCL #err deg : 1220 / 4600
SCL #err weighted degeneracy : 1189 1192 1189 1193 1193 1200 
degeneracy helps : 138 136 158 174 181 183 
degeneracy worse : 107 108 127 147 154 163 
SCL #err deg : 1245 / 4700
SCL #err weighted degeneracy : 1213 1216 1213 1218 1218 1225 
degeneracy helps : 142 140 162 177 184 186 
degeneracy worse : 110 111 130 150 157 166 
SCL #err deg : 1261 / 4800
SCL #err weighted degeneracy : 1225 1228 1224 1229 1229 1236 
degeneracy helps : 148 146 168 183 190 192 
degeneracy worse : 112 113 131 151 158 167 
SCL #err deg : 1293 / 4900
SCL #err weighted degeneracy : 1256 1259 1255 1260 1259 1266 
degeneracy helps : 152 150 173 188 196 198 
degeneracy worse : 115 116 135 155 162 171 
SCL #err deg : 1322 / 5000
SCL #err weighted degeneracy : 1284 1287 1285 1289 1288 1295 
degeneracy helps : 155 153 175 191 199 201 
degeneracy worse : 117 118 138 158 165 174 
SCL #err deg : 1353 / 5100
SCL #err weighted degeneracy : 1311 1314 1312 1316 1315 1322 
degeneracy helps : 160 158 181 197 205 207 
degeneracy worse : 118 119 140 160 167 176 
SCL #err deg : 1381 / 5200
SCL #err weighted degeneracy : 1341 1344 1339 1343 1342 1349 
degeneracy helps : 162 160 186 202 210 212 
degeneracy worse : 122 123 144 164 171 180 
SCL #err deg : 1408 / 5300
SCL #err weighted degeneracy : 1367 1370 1365 1370 1368 1374 
degeneracy helps : 165 163 189 204 212 215 
degeneracy worse : 124 125 146 166 172 181 
SCL #err deg : 1437 / 5400
SCL #err weighted degeneracy : 1396 1399 1392 1397 1395 1401 
degeneracy helps : 167 165 194 209 217 220 
degeneracy worse : 126 127 149 169 175 184 
SCL #err deg : 1468 / 5500
SCL #err weighted degeneracy : 1422 1425 1418 1424 1423 1429 
degeneracy helps : 173 171 200 215 223 226 
degeneracy worse : 127 128 150 171 178 187 
SCL #err deg : 1492 / 5600
SCL #err weighted degeneracy : 1447 1450 1443 1450 1449 1455 
degeneracy helps : 174 172 201 216 224 227 
degeneracy worse : 129 130 152 174 181 190 
SCL #err deg : 1512 / 5700
SCL #err weighted degeneracy : 1467 1470 1463 1471 1470 1474 
degeneracy helps : 175 173 202 217 225 230 
degeneracy worse : 130 131 153 176 183 192 
SCL #err deg : 1539 / 5800
SCL #err weighted degeneracy : 1496 1499 1493 1501 1501 1503 
degeneracy helps : 177 175 204 219 227 234 
degeneracy worse : 134 135 158 181 189 198 
SCL #err deg : 1568 / 5900
SCL #err weighted degeneracy : 1523 1526 1520 1526 1525 1528 
degeneracy helps : 183 181 210 227 236 243 
degeneracy worse : 138 139 162 185 193 203 
SCL #err deg : 1591 / 6000
SCL #err weighted degeneracy : 1549 1552 1543 1550 1549 1551 
degeneracy helps : 185 183 214 231 240 247 
degeneracy worse : 143 144 166 190 198 207 
SCL #err deg : 1615 / 6100
SCL #err weighted degeneracy : 1574 1577 1569 1576 1575 1576 
degeneracy helps : 190 188 218 235 244 252 
degeneracy worse : 149 150 172 196 204 213 
SCL #err deg : 1642 / 6200
SCL #err weighted degeneracy : 1600 1603 1595 1599 1598 1599 
degeneracy helps : 193 191 221 239 248 256 
degeneracy worse : 151 152 174 196 204 213 
SCL #err deg : 1667 / 6300
SCL #err weighted degeneracy : 1625 1628 1619 1622 1621 1622 
degeneracy helps : 195 193 223 242 251 259 
degeneracy worse : 153 154 175 197 205 214 
SCL #err deg : 1695 / 6400
SCL #err weighted degeneracy : 1653 1655 1645 1648 1648 1648 
degeneracy helps : 200 198 230 249 258 266 
degeneracy worse : 158 158 180 202 211 219 
SCL #err deg : 1724 / 6500
SCL #err weighted degeneracy : 1679 1681 1671 1674 1674 1676 
degeneracy helps : 204 202 234 253 262 269 
degeneracy worse : 159 159 181 203 212 221 
SCL #err deg : 1751 / 6600
SCL #err weighted degeneracy : 1701 1703 1694 1696 1696 1698 
degeneracy helps : 209 207 239 259 268 275 
degeneracy worse : 159 159 182 204 213 222 
SCL #err deg : 1771 / 6700
SCL #err weighted degeneracy : 1726 1728 1719 1722 1722 1724 
degeneracy helps : 210 208 241 261 270 277 
degeneracy worse : 165 165 189 212 221 230 
SCL #err deg : 1796 / 6800
SCL #err weighted degeneracy : 1753 1755 1746 1748 1747 1748 
degeneracy helps : 211 209 243 264 274 281 
degeneracy worse : 168 168 193 216 225 233 
SCL #err deg : 1824 / 6900
SCL #err weighted degeneracy : 1779 1781 1772 1775 1775 1775 
degeneracy helps : 214 212 246 266 276 284 
degeneracy worse : 169 169 194 217 227 235 
SCL #err deg : 1847 / 7000
SCL #err weighted degeneracy : 1798 1800 1791 1796 1796 1796 
degeneracy helps : 219 217 251 270 281 289 
degeneracy worse : 170 170 195 219 230 238 
SCL #err deg : 1882 / 7100
SCL #err weighted degeneracy : 1832 1834 1825 1830 1830 1830 
degeneracy helps : 223 221 255 274 285 293 
degeneracy worse : 173 173 198 222 233 241 
SCL #err deg : 1913 / 7200
SCL #err weighted degeneracy : 1859 1861 1850 1855 1855 1855 
degeneracy helps : 229 227 263 282 293 301 
degeneracy worse : 175 175 200 224 235 243 
SCL #err deg : 1933 / 7300
SCL #err weighted degeneracy : 1882 1884 1873 1879 1878 1878 
degeneracy helps : 233 231 267 286 297 305 
degeneracy worse : 182 182 207 232 242 250 
SCL #err deg : 1964 / 7400
SCL #err weighted degeneracy : 1914 1916 1904 1910 1909 1910 
degeneracy helps : 235 233 270 289 300 308 
degeneracy worse : 185 185 210 235 245 254 
SCL #err deg : 1993 / 7500
SCL #err weighted degeneracy : 1940 1942 1929 1935 1934 1935 
degeneracy helps : 239 237 274 293 304 312 
degeneracy worse : 186 186 210 235 245 254 
SCL #err deg : 2020 / 7600
SCL #err weighted degeneracy : 1964 1966 1953 1959 1958 1959 
degeneracy helps : 245 243 280 299 310 318 
degeneracy worse : 189 189 213 238 248 257 
SCL #err deg : 2045 / 7700
SCL #err weighted degeneracy : 1993 1995 1981 1986 1984 1985 
degeneracy helps : 247 245 283 303 315 323 
degeneracy worse : 195 195 219 244 254 263 
SCL #err deg : 2066 / 7800
SCL #err weighted degeneracy : 2016 2018 2008 2012 2009 2011 
degeneracy helps : 247 245 283 303 316 324 
degeneracy worse : 197 197 225 249 259 269 
SCL #err deg : 2090 / 7900
SCL #err weighted degeneracy : 2037 2039 2028 2033 2030 2031 
degeneracy helps : 251 249 288 307 320 329 
degeneracy worse : 198 198 226 250 260 270 
SCL #err deg : 2119 / 8000
SCL #err weighted degeneracy : 2066 2068 2057 2059 2056 2057 
degeneracy helps : 254 252 292 313 326 335 
degeneracy worse : 201 201 230 253 263 273 
SCL #err deg : 2145 / 8100
SCL #err weighted degeneracy : 2091 2093 2082 2083 2080 2081 
degeneracy helps : 256 254 294 316 329 338 
degeneracy worse : 202 202 231 254 264 274 
SCL #err deg : 2169 / 8200
SCL #err weighted degeneracy : 2113 2115 2105 2106 2103 2104 
degeneracy helps : 260 258 297 319 332 341 
degeneracy worse : 204 204 233 256 266 276 
SCL #err deg : 2193 / 8300
SCL #err weighted degeneracy : 2135 2137 2125 2126 2123 2124 
degeneracy helps : 263 261 302 324 337 346 
degeneracy worse : 205 205 234 257 267 277 
SCL #err deg : 2215 / 8400
SCL #err weighted degeneracy : 2157 2159 2148 2149 2147 2148 
degeneracy helps : 267 265 305 327 339 348 
degeneracy worse : 209 209 238 261 271 281 
SCL #err deg : 2237 / 8500
SCL #err weighted degeneracy : 2176 2178 2167 2169 2167 2169 
degeneracy helps : 270 268 309 331 343 352 
degeneracy worse : 209 209 239 263 273 284 
SCL #err deg : 2261 / 8600
SCL #err weighted degeneracy : 2199 2201 2190 2192 2190 2192 
degeneracy helps : 274 272 313 335 347 356 
degeneracy worse : 212 212 242 266 276 287 
SCL #err deg : 2280 / 8700
SCL #err weighted degeneracy : 2218 2220 2210 2213 2211 2211 
degeneracy helps : 275 273 314 336 348 358 
degeneracy worse : 213 213 244 269 279 289 
SCL #err deg : 2303 / 8800
SCL #err weighted degeneracy : 2241 2243 2233 2236 2233 2232 
degeneracy helps : 277 275 317 339 352 362 
degeneracy worse : 215 215 247 272 282 291 
SCL #err deg : 2330 / 8900
SCL #err weighted degeneracy : 2266 2268 2258 2262 2260 2259 
degeneracy helps : 280 278 321 343 355 365 
degeneracy worse : 216 216 249 275 285 294 
SCL #err deg : 2363 / 9000
SCL #err weighted degeneracy : 2297 2299 2287 2291 2290 2290 
degeneracy helps : 284 282 327 349 360 369 
degeneracy worse : 218 218 251 277 287 296 
SCL #err deg : 2395 / 9100
SCL #err weighted degeneracy : 2330 2332 2321 2324 2323 2323 
degeneracy helps : 284 282 327 350 361 370 
degeneracy worse : 219 219 253 279 289 298 
SCL #err deg : 2423 / 9200
SCL #err weighted degeneracy : 2355 2357 2348 2351 2351 2352 
degeneracy helps : 289 287 333 356 367 375 
degeneracy worse : 221 221 258 284 295 304 
SCL #err deg : 2457 / 9300
SCL #err weighted degeneracy : 2391 2392 2386 2389 2388 2388 
degeneracy helps : 291 290 335 358 370 380 
degeneracy worse : 225 225 264 290 301 311 
SCL #err deg : 2486 / 9400
SCL #err weighted degeneracy : 2418 2419 2412 2415 2413 2413 
degeneracy helps : 298 297 343 366 379 389 
degeneracy worse : 230 230 269 295 306 316 
SCL #err deg : 2508 / 9500
SCL #err weighted degeneracy : 2443 2444 2437 2440 2437 2434 
degeneracy helps : 300 299 345 368 383 396 
degeneracy worse : 235 235 274 300 312 322 
SCL #err deg : 2541 / 9600
SCL #err weighted degeneracy : 2477 2478 2472 2475 2472 2469 
degeneracy helps : 302 301 347 370 385 398 
degeneracy worse : 238 238 278 304 316 326 
SCL #err deg : 2572 / 9700
SCL #err weighted degeneracy : 2508 2509 2502 2504 2501 2497 
degeneracy helps : 304 303 350 374 389 403 
degeneracy worse : 240 240 280 306 318 328 
SCL #err deg : 2603 / 9800
SCL #err weighted degeneracy : 2538 2539 2532 2533 2529 2525 
degeneracy helps : 307 306 353 377 393 407 
degeneracy worse : 242 242 282 307 319 329 
SCL #err deg : 2624 / 9900
SCL #err weighted degeneracy : 2561 2563 2554 2554 2550 2547 
degeneracy helps : 309 307 355 380 396 409 
degeneracy worse : 246 246 285 310 322 332 
SCL #err deg : 2652 / 10000
SCL #err weighted degeneracy : 2591 2593 2582 2582 2578 2575 
degeneracy helps : 309 307 357 382 398 411 
degeneracy worse : 248 248 287 312 324 334 
average #flips: 212.913
SCL #err considering degeneracy: 2652
error due to equal 317
error due to SCL smaller 2086
Finish in 141346 s
