Simulation Polar syndrome FASTER N=2048, K=1025, l=128, pz=0.109, #samples=10000, seed=197
PW construction
Event generator random seed: 197
SCL #err deg : 43 / 100
SCL #err weighted degeneracy : 40 40 38 38 39 37 
degeneracy helps : 5 5 6 6 5 7 
degeneracy worse : 2 2 1 1 1 1 
SCL #err deg : 82 / 200
SCL #err weighted degeneracy : 76 76 74 73 74 72 
degeneracy helps : 12 12 13 13 12 14 
degeneracy worse : 6 6 5 4 4 4 
SCL #err deg : 122 / 300
SCL #err weighted degeneracy : 111 111 107 107 110 108 
degeneracy helps : 20 20 24 24 23 25 
degeneracy worse : 9 9 9 9 11 11 
SCL #err deg : 149 / 400
SCL #err weighted degeneracy : 141 141 137 140 143 141 
degeneracy helps : 22 22 26 25 24 26 
degeneracy worse : 14 14 14 16 18 18 
SCL #err deg : 187 / 500
SCL #err weighted degeneracy : 180 180 175 178 181 179 
degeneracy helps : 27 27 32 31 30 32 
degeneracy worse : 20 20 20 22 24 24 
SCL #err deg : 238 / 600
SCL #err weighted degeneracy : 227 227 223 225 228 224 
degeneracy helps : 32 32 36 36 35 39 
degeneracy worse : 21 21 21 23 25 25 
SCL #err deg : 280 / 700
SCL #err weighted degeneracy : 270 270 265 267 269 265 
degeneracy helps : 37 37 42 42 42 46 
degeneracy worse : 27 27 27 29 31 31 
SCL #err deg : 316 / 800
SCL #err weighted degeneracy : 310 310 303 305 307 302 
degeneracy helps : 38 38 46 46 46 50 
degeneracy worse : 32 32 33 35 37 36 
SCL #err deg : 352 / 900
SCL #err weighted degeneracy : 346 346 339 341 343 337 
degeneracy helps : 42 42 50 50 50 55 
degeneracy worse : 36 36 37 39 41 40 
SCL #err deg : 383 / 1000
SCL #err weighted degeneracy : 379 379 373 373 375 370 
degeneracy helps : 45 45 54 56 56 61 
degeneracy worse : 41 41 44 46 48 48 
SCL #err deg : 423 / 1100
SCL #err weighted degeneracy : 418 418 411 413 415 411 
degeneracy helps : 50 50 60 61 61 66 
degeneracy worse : 45 45 48 51 53 54 
SCL #err deg : 470 / 1200
SCL #err weighted degeneracy : 463 463 455 456 458 455 
degeneracy helps : 54 54 65 67 67 71 
degeneracy worse : 47 47 50 53 55 56 
SCL #err deg : 508 / 1300
SCL #err weighted degeneracy : 498 498 489 490 492 489 
degeneracy helps : 58 58 70 72 72 76 
degeneracy worse : 48 48 51 54 56 57 
SCL #err deg : 547 / 1400
SCL #err weighted degeneracy : 538 538 529 530 532 527 
degeneracy helps : 62 62 74 76 76 82 
degeneracy worse : 53 53 56 59 61 62 
SCL #err deg : 591 / 1500
SCL #err weighted degeneracy : 578 578 570 571 574 569 
degeneracy helps : 68 68 81 83 82 88 
degeneracy worse : 55 55 60 63 65 66 
SCL #err deg : 637 / 1600
SCL #err weighted degeneracy : 621 621 610 608 612 607 
degeneracy helps : 75 75 91 94 93 99 
degeneracy worse : 59 59 64 65 68 69 
SCL #err deg : 674 / 1700
SCL #err weighted degeneracy : 656 656 643 640 644 638 
degeneracy helps : 78 78 96 100 99 106 
degeneracy worse : 60 60 65 66 69 70 
SCL #err deg : 702 / 1800
SCL #err weighted degeneracy : 685 685 672 670 675 669 
degeneracy helps : 81 81 99 103 102 110 
degeneracy worse : 64 64 69 71 75 77 
SCL #err deg : 745 / 1900
SCL #err weighted degeneracy : 724 724 710 708 713 707 
degeneracy helps : 88 88 108 112 111 119 
degeneracy worse : 67 67 73 75 79 81 
SCL #err deg : 786 / 2000
SCL #err weighted degeneracy : 763 763 749 746 751 745 
degeneracy helps : 91 91 111 116 115 123 
degeneracy worse : 68 68 74 76 80 82 
SCL #err deg : 823 / 2100
SCL #err weighted degeneracy : 798 798 784 781 789 784 
degeneracy helps : 94 94 114 120 117 124 
degeneracy worse : 69 69 75 78 83 85 
SCL #err deg : 866 / 2200
SCL #err weighted degeneracy : 836 836 822 821 829 825 
degeneracy helps : 100 100 120 124 121 127 
degeneracy worse : 70 70 76 79 84 86 
SCL #err deg : 903 / 2300
SCL #err weighted degeneracy : 871 871 859 857 865 860 
degeneracy helps : 106 106 125 130 128 135 
degeneracy worse : 74 74 81 84 90 92 
SCL #err deg : 939 / 2400
SCL #err weighted degeneracy : 909 909 897 894 902 897 
degeneracy helps : 109 109 128 134 132 139 
degeneracy worse : 79 79 86 89 95 97 
SCL #err deg : 979 / 2500
SCL #err weighted degeneracy : 946 946 933 930 938 933 
degeneracy helps : 116 116 136 142 140 147 
degeneracy worse : 83 83 90 93 99 101 
SCL #err deg : 1030 / 2600
SCL #err weighted degeneracy : 991 991 980 977 986 981 
degeneracy helps : 123 123 143 149 147 154 
degeneracy worse : 84 84 93 96 103 105 
SCL #err deg : 1074 / 2700
SCL #err weighted degeneracy : 1034 1035 1024 1020 1029 1022 
degeneracy helps : 127 126 147 154 152 160 
degeneracy worse : 87 87 97 100 107 108 
SCL #err deg : 1110 / 2800
SCL #err weighted degeneracy : 1067 1068 1058 1055 1063 1056 
degeneracy helps : 130 129 150 157 156 164 
degeneracy worse : 87 87 98 102 109 110 
SCL #err deg : 1152 / 2900
SCL #err weighted degeneracy : 1107 1108 1098 1095 1103 1095 
degeneracy helps : 135 134 155 162 162 171 
degeneracy worse : 90 90 101 105 113 114 
SCL #err deg : 1187 / 3000
SCL #err weighted degeneracy : 1144 1144 1136 1133 1143 1135 
degeneracy helps : 137 136 157 164 164 173 
degeneracy worse : 94 93 106 110 120 121 
SCL #err deg : 1223 / 3100
SCL #err weighted degeneracy : 1179 1179 1168 1165 1176 1168 
degeneracy helps : 139 138 161 168 168 177 
degeneracy worse : 95 94 106 110 121 122 
SCL #err deg : 1268 / 3200
SCL #err weighted degeneracy : 1225 1225 1214 1213 1224 1217 
degeneracy helps : 143 142 165 171 171 180 
degeneracy worse : 100 99 111 116 127 129 
SCL #err deg : 1309 / 3300
SCL #err weighted degeneracy : 1264 1264 1254 1252 1261 1254 
degeneracy helps : 149 148 170 177 178 187 
degeneracy worse : 104 103 115 120 130 132 
SCL #err deg : 1345 / 3400
SCL #err weighted degeneracy : 1299 1299 1289 1288 1297 1290 
degeneracy helps : 154 153 175 182 183 192 
degeneracy worse : 108 107 119 125 135 137 
SCL #err deg : 1384 / 3500
SCL #err weighted degeneracy : 1338 1338 1329 1327 1336 1330 
degeneracy helps : 159 158 180 188 189 198 
degeneracy worse : 113 112 125 131 141 144 
SCL #err deg : 1426 / 3600
SCL #err weighted degeneracy : 1385 1385 1377 1374 1384 1377 
degeneracy helps : 159 158 180 189 190 200 
degeneracy worse : 118 117 131 137 148 151 
SCL #err deg : 1472 / 3700
SCL #err weighted degeneracy : 1429 1430 1421 1417 1427 1421 
degeneracy helps : 164 162 186 196 197 206 
degeneracy worse : 121 120 135 141 152 155 
SCL #err deg : 1510 / 3800
SCL #err weighted degeneracy : 1459 1460 1453 1449 1458 1453 
degeneracy helps : 174 172 193 203 205 213 
degeneracy worse : 123 122 136 142 153 156 
SCL #err deg : 1549 / 3900
SCL #err weighted degeneracy : 1497 1498 1490 1487 1497 1492 
degeneracy helps : 178 176 198 207 209 217 
degeneracy worse : 126 125 139 145 157 160 
SCL #err deg : 1590 / 4000
SCL #err weighted degeneracy : 1532 1534 1522 1520 1530 1525 
degeneracy helps : 185 182 208 216 218 226 
degeneracy worse : 127 126 140 146 158 161 
SCL #err deg : 1635 / 4100
SCL #err weighted degeneracy : 1577 1579 1567 1564 1574 1569 
degeneracy helps : 191 188 215 224 226 234 
degeneracy worse : 133 132 147 153 165 168 
SCL #err deg : 1668 / 4200
SCL #err weighted degeneracy : 1608 1610 1600 1595 1607 1602 
degeneracy helps : 197 194 221 230 232 240 
degeneracy worse : 137 136 153 157 171 174 
SCL #err deg : 1707 / 4300
SCL #err weighted degeneracy : 1643 1645 1633 1629 1640 1634 
degeneracy helps : 204 201 230 239 242 251 
degeneracy worse : 140 139 156 161 175 178 
SCL #err deg : 1743 / 4400
SCL #err weighted degeneracy : 1676 1678 1667 1665 1675 1669 
degeneracy helps : 211 208 237 246 250 259 
degeneracy worse : 144 143 161 168 182 185 
SCL #err deg : 1787 / 4500
SCL #err weighted degeneracy : 1714 1716 1706 1704 1714 1708 
degeneracy helps : 218 215 245 255 259 268 
degeneracy worse : 145 144 164 172 186 189 
SCL #err deg : 1824 / 4600
SCL #err weighted degeneracy : 1752 1754 1743 1740 1750 1744 
degeneracy helps : 223 220 250 262 266 275 
degeneracy worse : 151 150 169 178 192 195 
SCL #err deg : 1861 / 4700
SCL #err weighted degeneracy : 1784 1786 1776 1772 1782 1777 
degeneracy helps : 231 228 259 271 275 283 
degeneracy worse : 154 153 174 182 196 199 
SCL #err deg : 1903 / 4800
SCL #err weighted degeneracy : 1824 1826 1816 1811 1821 1817 
degeneracy helps : 236 233 264 276 280 287 
degeneracy worse : 157 156 177 184 198 201 
SCL #err deg : 1948 / 4900
SCL #err weighted degeneracy : 1871 1873 1862 1857 1867 1862 
degeneracy helps : 237 234 268 281 285 293 
degeneracy worse : 160 159 182 190 204 207 
SCL #err deg : 1993 / 5000
SCL #err weighted degeneracy : 1913 1915 1904 1899 1909 1905 
degeneracy helps : 242 239 274 288 292 300 
degeneracy worse : 162 161 185 194 208 212 
SCL #err deg : 2032 / 5100
SCL #err weighted degeneracy : 1955 1957 1944 1939 1949 1945 
degeneracy helps : 248 245 282 296 300 308 
degeneracy worse : 171 170 194 203 217 221 
SCL #err deg : 2075 / 5200
SCL #err weighted degeneracy : 1998 2000 1988 1983 1993 1989 
degeneracy helps : 250 247 285 299 304 312 
degeneracy worse : 173 172 198 207 222 226 
SCL #err deg : 2113 / 5300
SCL #err weighted degeneracy : 2041 2043 2029 2024 2033 2029 
degeneracy helps : 253 250 290 304 309 317 
degeneracy worse : 181 180 206 215 229 233 
SCL #err deg : 2156 / 5400
SCL #err weighted degeneracy : 2085 2087 2073 2068 2078 2073 
degeneracy helps : 256 253 293 307 312 321 
degeneracy worse : 185 184 210 219 234 238 
SCL #err deg : 2192 / 5500
SCL #err weighted degeneracy : 2121 2123 2108 2103 2113 2107 
degeneracy helps : 258 255 296 310 315 325 
degeneracy worse : 187 186 212 221 236 240 
SCL #err deg : 2230 / 5600
SCL #err weighted degeneracy : 2163 2165 2146 2142 2152 2147 
degeneracy helps : 263 260 303 316 321 331 
degeneracy worse : 196 195 219 228 243 248 
SCL #err deg : 2263 / 5700
SCL #err weighted degeneracy : 2195 2197 2179 2175 2185 2180 
degeneracy helps : 268 265 308 321 326 336 
degeneracy worse : 200 199 224 233 248 253 
SCL #err deg : 2304 / 5800
SCL #err weighted degeneracy : 2236 2238 2219 2216 2226 2221 
degeneracy helps : 273 270 314 327 332 342 
degeneracy worse : 205 204 229 239 254 259 
SCL #err deg : 2341 / 5900
SCL #err weighted degeneracy : 2274 2276 2258 2254 2264 2258 
degeneracy helps : 277 274 318 331 336 346 
degeneracy worse : 210 209 235 244 259 263 
SCL #err deg : 2383 / 6000
SCL #err weighted degeneracy : 2313 2315 2294 2292 2302 2297 
degeneracy helps : 284 281 327 339 344 354 
degeneracy worse : 214 213 238 248 263 268 
SCL #err deg : 2422 / 6100
SCL #err weighted degeneracy : 2357 2359 2336 2331 2340 2335 
degeneracy helps : 286 283 331 345 351 361 
degeneracy worse : 221 220 245 254 269 274 
SCL #err deg : 2466 / 6200
SCL #err weighted degeneracy : 2397 2399 2376 2371 2380 2375 
degeneracy helps : 291 288 336 350 356 366 
degeneracy worse : 222 221 246 255 270 275 
SCL #err deg : 2510 / 6300
SCL #err weighted degeneracy : 2437 2439 2417 2410 2420 2414 
degeneracy helps : 298 295 343 359 365 376 
degeneracy worse : 225 224 250 259 275 280 
SCL #err deg : 2544 / 6400
SCL #err weighted degeneracy : 2476 2477 2457 2451 2461 2453 
degeneracy helps : 298 295 344 360 366 377 
degeneracy worse : 230 228 257 267 283 286 
SCL #err deg : 2584 / 6500
SCL #err weighted degeneracy : 2514 2515 2494 2488 2498 2490 
degeneracy helps : 303 300 351 367 373 384 
degeneracy worse : 233 231 261 271 287 290 
SCL #err deg : 2634 / 6600
SCL #err weighted degeneracy : 2561 2562 2540 2534 2544 2537 
degeneracy helps : 307 304 357 373 379 390 
degeneracy worse : 234 232 263 273 289 293 
SCL #err deg : 2671 / 6700
SCL #err weighted degeneracy : 2597 2598 2577 2570 2580 2572 
degeneracy helps : 313 310 363 379 385 397 
degeneracy worse : 239 237 269 278 294 298 
SCL #err deg : 2712 / 6800
SCL #err weighted degeneracy : 2638 2639 2618 2611 2619 2614 
degeneracy helps : 318 315 369 385 393 404 
degeneracy worse : 244 242 275 284 300 306 
SCL #err deg : 2756 / 6900
SCL #err weighted degeneracy : 2680 2681 2657 2652 2661 2656 
degeneracy helps : 323 320 377 392 400 411 
degeneracy worse : 247 245 278 288 305 311 
SCL #err deg : 2799 / 7000
SCL #err weighted degeneracy : 2721 2722 2700 2697 2707 2701 
degeneracy helps : 329 326 383 397 406 418 
degeneracy worse : 251 249 284 295 314 320 
SCL #err deg : 2840 / 7100
SCL #err weighted degeneracy : 2762 2763 2741 2737 2747 2742 
degeneracy helps : 332 329 386 402 411 422 
degeneracy worse : 254 252 287 299 318 324 
SCL #err deg : 2880 / 7200
SCL #err weighted degeneracy : 2798 2799 2778 2773 2783 2778 
degeneracy helps : 339 336 392 409 418 429 
degeneracy worse : 257 255 290 302 321 327 
SCL #err deg : 2917 / 7300
SCL #err weighted degeneracy : 2838 2839 2815 2810 2820 2814 
degeneracy helps : 343 340 398 415 424 436 
degeneracy worse : 264 262 296 308 327 333 
SCL #err deg : 2960 / 7400
SCL #err weighted degeneracy : 2882 2883 2860 2855 2866 2860 
degeneracy helps : 350 347 405 422 431 443 
degeneracy worse : 272 270 305 317 337 343 
SCL #err deg : 2997 / 7500
SCL #err weighted degeneracy : 2913 2914 2891 2886 2898 2892 
degeneracy helps : 359 356 414 431 439 451 
degeneracy worse : 275 273 308 320 340 346 
SCL #err deg : 3032 / 7600
SCL #err weighted degeneracy : 2946 2947 2925 2921 2932 2926 
degeneracy helps : 365 362 420 437 446 458 
degeneracy worse : 279 277 313 326 346 352 
SCL #err deg : 3068 / 7700
SCL #err weighted degeneracy : 2981 2982 2959 2956 2967 2961 
degeneracy helps : 369 366 425 442 451 463 
degeneracy worse : 282 280 316 330 350 356 
SCL #err deg : 3111 / 7800
SCL #err weighted degeneracy : 3024 3025 3002 2998 3009 3003 
degeneracy helps : 373 370 429 446 455 467 
degeneracy worse : 286 284 320 333 353 359 
SCL #err deg : 3149 / 7900
SCL #err weighted degeneracy : 3065 3066 3043 3042 3053 3046 
degeneracy helps : 375 372 431 448 457 470 
degeneracy worse : 291 289 325 341 361 367 
SCL #err deg : 3188 / 8000
SCL #err weighted degeneracy : 3105 3106 3081 3082 3092 3085 
degeneracy helps : 380 377 437 453 462 475 
degeneracy worse : 297 295 330 347 366 372 
SCL #err deg : 3226 / 8100
SCL #err weighted degeneracy : 3140 3141 3117 3119 3129 3121 
degeneracy helps : 387 384 445 460 469 483 
degeneracy worse : 301 299 336 353 372 378 
SCL #err deg : 3266 / 8200
SCL #err weighted degeneracy : 3186 3187 3164 3165 3174 3166 
degeneracy helps : 388 385 446 461 470 484 
degeneracy worse : 308 306 344 360 378 384 
SCL #err deg : 3301 / 8300
SCL #err weighted degeneracy : 3220 3221 3198 3199 3208 3201 
degeneracy helps : 393 390 451 466 475 488 
degeneracy worse : 312 310 348 364 382 388 
SCL #err deg : 3337 / 8400
SCL #err weighted degeneracy : 3256 3257 3234 3235 3243 3237 
degeneracy helps : 397 394 455 470 480 493 
degeneracy worse : 316 314 352 368 386 393 
SCL #err deg : 3369 / 8500
SCL #err weighted degeneracy : 3287 3288 3265 3264 3272 3268 
degeneracy helps : 400 397 458 474 484 497 
degeneracy worse : 318 316 354 369 387 396 
SCL #err deg : 3404 / 8600
SCL #err weighted degeneracy : 3325 3326 3303 3301 3310 3306 
degeneracy helps : 403 400 461 477 486 499 
degeneracy worse : 324 322 360 374 392 401 
SCL #err deg : 3451 / 8700
SCL #err weighted degeneracy : 3366 3367 3344 3342 3351 3347 
degeneracy helps : 412 409 471 486 495 508 
degeneracy worse : 327 325 364 377 395 404 
SCL #err deg : 3487 / 8800
SCL #err weighted degeneracy : 3401 3402 3379 3378 3387 3383 
degeneracy helps : 415 412 475 490 499 512 
degeneracy worse : 329 327 367 381 399 408 
SCL #err deg : 3528 / 8900
SCL #err weighted degeneracy : 3441 3442 3418 3418 3428 3424 
degeneracy helps : 420 417 481 496 504 517 
degeneracy worse : 333 331 371 386 404 413 
SCL #err deg : 3567 / 9000
SCL #err weighted degeneracy : 3481 3482 3457 3457 3466 3462 
degeneracy helps : 425 422 487 502 511 524 
degeneracy worse : 339 337 377 392 410 419 
SCL #err deg : 3601 / 9100
SCL #err weighted degeneracy : 3516 3517 3494 3494 3502 3497 
degeneracy helps : 429 426 491 506 516 530 
degeneracy worse : 344 342 384 399 417 426 
SCL #err deg : 3641 / 9200
SCL #err weighted degeneracy : 3551 3552 3529 3527 3534 3530 
degeneracy helps : 436 433 498 515 526 540 
degeneracy worse : 346 344 386 401 419 429 
SCL #err deg : 3688 / 9300
SCL #err weighted degeneracy : 3597 3597 3578 3578 3585 3581 
degeneracy helps : 440 438 502 518 529 543 
degeneracy worse : 349 347 392 408 426 436 
SCL #err deg : 3728 / 9400
SCL #err weighted degeneracy : 3638 3638 3617 3619 3626 3622 
degeneracy helps : 444 442 507 523 534 548 
degeneracy worse : 354 352 396 414 432 442 
SCL #err deg : 3765 / 9500
SCL #err weighted degeneracy : 3673 3673 3652 3654 3662 3658 
degeneracy helps : 448 446 511 528 538 552 
degeneracy worse : 356 354 398 417 435 445 
SCL #err deg : 3807 / 9600
SCL #err weighted degeneracy : 3712 3712 3691 3694 3702 3700 
degeneracy helps : 452 450 516 533 543 556 
degeneracy worse : 357 355 400 420 438 449 
SCL #err deg : 3847 / 9700
SCL #err weighted degeneracy : 3752 3752 3730 3732 3741 3739 
degeneracy helps : 455 453 520 538 548 561 
degeneracy worse : 360 358 403 423 442 453 
SCL #err deg : 3897 / 9800
SCL #err weighted degeneracy : 3795 3795 3772 3774 3782 3780 
degeneracy helps : 465 463 530 548 559 572 
degeneracy worse : 363 361 405 425 444 455 
SCL #err deg : 3935 / 9900
SCL #err weighted degeneracy : 3831 3831 3808 3810 3817 3815 
degeneracy helps : 470 468 535 553 565 578 
degeneracy worse : 366 364 408 428 447 458 
SCL #err deg : 3980 / 10000
SCL #err weighted degeneracy : 3877 3878 3854 3855 3862 3860 
degeneracy helps : 473 470 539 558 570 583 
degeneracy worse : 370 368 413 433 452 463 
average #flips: 223.168
SCL #err considering degeneracy: 3980
error due to equal 237
error due to SCL smaller 3531
Finish in 146337 s
