Simulation Polar syndrome FASTER N=256, K=129, l=128, pz=0.19, #samples=10000, seed=22
PW construction
Event generator random seed: 22
SCL #err deg : 72 / 100
SCL #err weighted degeneracy : 77 77 77 79 80 79 
degeneracy helps : 6 5 7 7 8 9 
degeneracy worse : 11 10 12 14 16 16 
SCL #err deg : 151 / 200
SCL #err weighted degeneracy : 147 146 147 147 149 148 
degeneracy helps : 18 17 19 21 22 22 
degeneracy worse : 14 12 15 17 20 19 
SCL #err deg : 220 / 300
SCL #err weighted degeneracy : 220 220 221 220 226 225 
degeneracy helps : 26 24 28 30 30 31 
degeneracy worse : 26 24 29 30 36 36 
SCL #err deg : 298 / 400
SCL #err weighted degeneracy : 297 298 299 296 302 303 
degeneracy helps : 36 33 37 41 41 42 
degeneracy worse : 35 33 38 39 45 47 
SCL #err deg : 370 / 500
SCL #err weighted degeneracy : 372 375 375 373 377 380 
degeneracy helps : 46 42 46 51 53 52 
degeneracy worse : 48 47 51 54 60 62 
SCL #err deg : 439 / 600
SCL #err weighted degeneracy : 437 441 441 439 443 450 
degeneracy helps : 60 55 60 65 67 66 
degeneracy worse : 58 57 62 65 71 77 
SCL #err deg : 515 / 700
SCL #err weighted degeneracy : 515 520 517 516 523 530 
degeneracy helps : 68 62 70 75 74 73 
degeneracy worse : 68 67 72 76 82 88 
SCL #err deg : 590 / 800
SCL #err weighted degeneracy : 589 592 593 591 599 609 
degeneracy helps : 78 73 79 86 84 81 
degeneracy worse : 77 75 82 87 93 100 
SCL #err deg : 665 / 900
SCL #err weighted degeneracy : 652 656 658 656 667 678 
degeneracy helps : 92 86 92 101 97 94 
degeneracy worse : 79 77 85 92 99 107 
SCL #err deg : 743 / 1000
SCL #err weighted degeneracy : 716 721 723 720 730 744 
degeneracy helps : 109 102 109 120 117 112 
degeneracy worse : 82 80 89 97 104 113 
SCL #err deg : 816 / 1100
SCL #err weighted degeneracy : 787 789 797 792 802 815 
degeneracy helps : 121 115 121 133 130 125 
degeneracy worse : 92 88 102 109 116 124 
SCL #err deg : 891 / 1200
SCL #err weighted degeneracy : 866 870 876 871 879 894 
degeneracy helps : 129 120 129 141 139 132 
degeneracy worse : 104 99 114 121 127 135 
SCL #err deg : 954 / 1300
SCL #err weighted degeneracy : 934 937 945 939 950 963 
degeneracy helps : 136 127 136 151 148 143 
degeneracy worse : 116 110 127 136 144 152 
SCL #err deg : 1033 / 1400
SCL #err weighted degeneracy : 1014 1017 1025 1017 1026 1039 
degeneracy helps : 143 135 143 160 158 153 
degeneracy worse : 124 119 135 144 151 159 
SCL #err deg : 1102 / 1500
SCL #err weighted degeneracy : 1092 1097 1103 1094 1101 1115 
degeneracy helps : 150 141 150 169 169 164 
degeneracy worse : 140 136 151 161 168 177 
SCL #err deg : 1183 / 1600
SCL #err weighted degeneracy : 1171 1176 1179 1167 1176 1190 
degeneracy helps : 158 149 161 182 182 177 
degeneracy worse : 146 142 157 166 175 184 
SCL #err deg : 1260 / 1700
SCL #err weighted degeneracy : 1251 1256 1258 1245 1254 1267 
degeneracy helps : 167 156 171 193 193 187 
degeneracy worse : 158 152 169 178 187 194 
SCL #err deg : 1338 / 1800
SCL #err weighted degeneracy : 1319 1325 1326 1313 1322 1337 
degeneracy helps : 182 169 186 208 209 202 
degeneracy worse : 163 156 174 183 193 201 
SCL #err deg : 1411 / 1900
SCL #err weighted degeneracy : 1392 1397 1400 1386 1398 1413 
degeneracy helps : 191 178 195 218 218 212 
degeneracy worse : 172 164 184 193 205 214 
SCL #err deg : 1489 / 2000
SCL #err weighted degeneracy : 1459 1469 1469 1458 1471 1484 
degeneracy helps : 206 188 209 231 232 228 
degeneracy worse : 176 168 189 200 214 223 
SCL #err deg : 1564 / 2100
SCL #err weighted degeneracy : 1535 1546 1545 1532 1543 1558 
degeneracy helps : 212 194 216 241 244 239 
degeneracy worse : 183 176 197 209 223 233 
SCL #err deg : 1638 / 2200
SCL #err weighted degeneracy : 1619 1629 1630 1613 1623 1636 
degeneracy helps : 216 198 220 249 255 250 
degeneracy worse : 197 189 212 224 240 248 
SCL #err deg : 1709 / 2300
SCL #err weighted degeneracy : 1686 1699 1697 1683 1693 1705 
degeneracy helps : 228 207 232 262 267 263 
degeneracy worse : 205 197 220 236 251 259 
SCL #err deg : 1786 / 2400
SCL #err weighted degeneracy : 1764 1776 1775 1763 1771 1782 
degeneracy helps : 237 217 241 270 276 273 
degeneracy worse : 215 207 230 247 261 269 
SCL #err deg : 1860 / 2500
SCL #err weighted degeneracy : 1834 1845 1847 1834 1839 1849 
degeneracy helps : 247 228 250 282 290 287 
degeneracy worse : 221 213 237 256 269 276 
SCL #err deg : 1937 / 2600
SCL #err weighted degeneracy : 1909 1920 1923 1907 1912 1926 
degeneracy helps : 257 238 260 295 303 297 
degeneracy worse : 229 221 246 265 278 286 
SCL #err deg : 2009 / 2700
SCL #err weighted degeneracy : 1977 1986 1992 1979 1984 1997 
degeneracy helps : 268 251 271 306 314 309 
degeneracy worse : 236 228 254 276 289 297 
SCL #err deg : 2088 / 2800
SCL #err weighted degeneracy : 2052 2061 2069 2057 2060 2071 
degeneracy helps : 279 261 282 317 327 325 
degeneracy worse : 243 234 263 286 299 308 
SCL #err deg : 2152 / 2900
SCL #err weighted degeneracy : 2127 2135 2144 2134 2136 2146 
degeneracy helps : 285 267 288 324 335 334 
degeneracy worse : 260 250 280 306 319 328 
SCL #err deg : 2223 / 3000
SCL #err weighted degeneracy : 2200 2207 2218 2212 2213 2222 
degeneracy helps : 290 273 293 330 343 343 
degeneracy worse : 267 257 288 319 333 342 
SCL #err deg : 2300 / 3100
SCL #err weighted degeneracy : 2276 2286 2295 2287 2290 2300 
degeneracy helps : 304 284 307 346 358 357 
degeneracy worse : 280 270 302 333 348 357 
SCL #err deg : 2376 / 3200
SCL #err weighted degeneracy : 2355 2363 2375 2364 2367 2376 
degeneracy helps : 310 292 312 353 365 365 
degeneracy worse : 289 279 311 341 356 365 
SCL #err deg : 2444 / 3300
SCL #err weighted degeneracy : 2424 2433 2445 2434 2437 2445 
degeneracy helps : 318 298 320 361 374 374 
degeneracy worse : 298 287 321 351 367 375 
SCL #err deg : 2522 / 3400
SCL #err weighted degeneracy : 2503 2512 2523 2514 2518 2527 
degeneracy helps : 324 304 328 369 382 381 
degeneracy worse : 305 294 329 361 378 386 
SCL #err deg : 2597 / 3500
SCL #err weighted degeneracy : 2584 2592 2603 2593 2596 2607 
degeneracy helps : 328 308 333 375 389 388 
degeneracy worse : 315 303 339 371 388 398 
SCL #err deg : 2674 / 3600
SCL #err weighted degeneracy : 2656 2668 2676 2667 2672 2683 
degeneracy helps : 341 318 346 387 401 400 
degeneracy worse : 323 312 348 380 399 409 
SCL #err deg : 2753 / 3700
SCL #err weighted degeneracy : 2731 2743 2749 2741 2746 2760 
degeneracy helps : 351 328 358 402 416 415 
degeneracy worse : 329 318 354 390 409 422 
SCL #err deg : 2822 / 3800
SCL #err weighted degeneracy : 2801 2811 2817 2811 2814 2826 
degeneracy helps : 357 336 365 410 426 426 
degeneracy worse : 336 325 360 399 418 430 
SCL #err deg : 2894 / 3900
SCL #err weighted degeneracy : 2881 2889 2895 2887 2891 2902 
degeneracy helps : 362 342 371 418 434 435 
degeneracy worse : 349 337 372 411 431 443 
SCL #err deg : 2969 / 4000
SCL #err weighted degeneracy : 2950 2956 2965 2955 2961 2972 
degeneracy helps : 373 354 381 431 445 446 
degeneracy worse : 354 341 377 417 437 449 
SCL #err deg : 3050 / 4100
SCL #err weighted degeneracy : 3028 3033 3044 3034 3043 3053 
degeneracy helps : 380 362 387 439 453 455 
degeneracy worse : 358 345 381 423 446 458 
SCL #err deg : 3136 / 4200
SCL #err weighted degeneracy : 3108 3116 3124 3114 3123 3133 
degeneracy helps : 392 371 399 450 464 467 
degeneracy worse : 364 351 387 428 451 464 
SCL #err deg : 3210 / 4300
SCL #err weighted degeneracy : 3187 3193 3202 3194 3203 3213 
degeneracy helps : 401 380 409 460 474 476 
degeneracy worse : 378 363 401 444 467 479 
SCL #err deg : 3285 / 4400
SCL #err weighted degeneracy : 3265 3270 3279 3269 3278 3289 
degeneracy helps : 407 386 416 469 483 485 
degeneracy worse : 387 371 410 453 476 489 
SCL #err deg : 3361 / 4500
SCL #err weighted degeneracy : 3338 3344 3351 3341 3349 3358 
degeneracy helps : 417 393 426 480 495 500 
degeneracy worse : 394 376 416 460 483 497 
SCL #err deg : 3438 / 4600
SCL #err weighted degeneracy : 3417 3423 3429 3420 3428 3435 
degeneracy helps : 425 399 433 487 502 509 
degeneracy worse : 404 384 424 469 492 506 
SCL #err deg : 3514 / 4700
SCL #err weighted degeneracy : 3494 3500 3506 3498 3508 3514 
degeneracy helps : 428 402 437 493 507 515 
degeneracy worse : 409 389 429 477 501 515 
SCL #err deg : 3589 / 4800
SCL #err weighted degeneracy : 3572 3575 3584 3576 3585 3591 
degeneracy helps : 435 410 444 502 517 525 
degeneracy worse : 419 397 439 489 513 527 
SCL #err deg : 3658 / 4900
SCL #err weighted degeneracy : 3643 3644 3656 3647 3657 3663 
degeneracy helps : 446 419 455 514 529 538 
degeneracy worse : 432 406 453 503 528 543 
SCL #err deg : 3731 / 5000
SCL #err weighted degeneracy : 3712 3714 3726 3719 3729 3736 
degeneracy helps : 457 429 466 525 539 547 
degeneracy worse : 439 413 461 513 537 552 
SCL #err deg : 3805 / 5100
SCL #err weighted degeneracy : 3789 3791 3800 3794 3805 3811 
degeneracy helps : 468 439 479 538 551 560 
degeneracy worse : 453 426 474 527 551 566 
SCL #err deg : 3874 / 5200
SCL #err weighted degeneracy : 3862 3864 3873 3865 3876 3881 
degeneracy helps : 473 444 484 546 559 570 
degeneracy worse : 462 435 483 537 561 577 
SCL #err deg : 3940 / 5300
SCL #err weighted degeneracy : 3923 3927 3937 3935 3947 3953 
degeneracy helps : 487 457 497 557 569 580 
degeneracy worse : 471 445 494 552 576 593 
SCL #err deg : 4017 / 5400
SCL #err weighted degeneracy : 3996 4001 4008 4004 4015 4021 
degeneracy helps : 494 463 506 570 583 594 
degeneracy worse : 474 448 497 557 581 598 
SCL #err deg : 4091 / 5500
SCL #err weighted degeneracy : 4064 4069 4078 4074 4087 4092 
degeneracy helps : 504 473 516 583 596 607 
degeneracy worse : 478 452 503 566 592 608 
SCL #err deg : 4163 / 5600
SCL #err weighted degeneracy : 4140 4142 4153 4149 4163 4168 
degeneracy helps : 514 483 527 596 609 619 
degeneracy worse : 492 463 517 582 609 624 
SCL #err deg : 4242 / 5700
SCL #err weighted degeneracy : 4208 4210 4221 4219 4232 4240 
degeneracy helps : 528 497 542 610 624 633 
degeneracy worse : 495 466 521 587 614 631 
SCL #err deg : 4316 / 5800
SCL #err weighted degeneracy : 4283 4284 4294 4293 4305 4312 
degeneracy helps : 535 505 551 620 635 645 
degeneracy worse : 503 474 529 597 624 641 
SCL #err deg : 4390 / 5900
SCL #err weighted degeneracy : 4352 4354 4365 4366 4377 4384 
degeneracy helps : 546 515 563 632 647 658 
degeneracy worse : 509 480 538 608 634 652 
SCL #err deg : 4467 / 6000
SCL #err weighted degeneracy : 4426 4431 4440 4443 4454 4462 
degeneracy helps : 556 521 573 644 659 671 
degeneracy worse : 516 486 546 620 646 666 
SCL #err deg : 4535 / 6100
SCL #err weighted degeneracy : 4499 4504 4513 4519 4530 4538 
degeneracy helps : 564 528 582 651 665 677 
degeneracy worse : 530 499 560 635 660 680 
SCL #err deg : 4613 / 6200
SCL #err weighted degeneracy : 4576 4581 4591 4598 4608 4616 
degeneracy helps : 574 537 591 660 676 689 
degeneracy worse : 539 507 569 645 671 692 
SCL #err deg : 4691 / 6300
SCL #err weighted degeneracy : 4649 4653 4663 4672 4684 4690 
degeneracy helps : 586 550 605 674 689 704 
degeneracy worse : 546 514 577 655 682 703 
SCL #err deg : 4769 / 6400
SCL #err weighted degeneracy : 4720 4724 4737 4744 4755 4760 
degeneracy helps : 600 564 618 688 704 721 
degeneracy worse : 553 521 586 663 690 712 
SCL #err deg : 4847 / 6500
SCL #err weighted degeneracy : 4795 4800 4810 4816 4825 4830 
degeneracy helps : 610 573 630 704 722 740 
degeneracy worse : 560 528 593 673 700 723 
SCL #err deg : 4921 / 6600
SCL #err weighted degeneracy : 4863 4868 4879 4888 4897 4901 
degeneracy helps : 621 584 641 714 734 753 
degeneracy worse : 565 533 599 681 710 733 
SCL #err deg : 4995 / 6700
SCL #err weighted degeneracy : 4939 4943 4955 4961 4968 4972 
degeneracy helps : 630 592 650 726 749 768 
degeneracy worse : 576 542 610 692 722 745 
SCL #err deg : 5068 / 6800
SCL #err weighted degeneracy : 5013 5015 5030 5036 5045 5049 
degeneracy helps : 639 602 659 736 760 780 
degeneracy worse : 586 551 621 704 737 761 
SCL #err deg : 5139 / 6900
SCL #err weighted degeneracy : 5085 5085 5101 5107 5117 5119 
degeneracy helps : 648 613 669 744 767 788 
degeneracy worse : 596 561 631 712 745 768 
SCL #err deg : 5202 / 7000
SCL #err weighted degeneracy : 5150 5150 5165 5173 5180 5183 
degeneracy helps : 658 623 679 754 778 799 
degeneracy worse : 608 573 642 725 756 780 
SCL #err deg : 5269 / 7100
SCL #err weighted degeneracy : 5213 5216 5228 5237 5243 5248 
degeneracy helps : 669 634 690 767 792 814 
degeneracy worse : 615 583 649 735 766 793 
SCL #err deg : 5341 / 7200
SCL #err weighted degeneracy : 5288 5291 5304 5317 5324 5328 
degeneracy helps : 681 646 701 775 799 822 
degeneracy worse : 630 598 664 751 782 809 
SCL #err deg : 5417 / 7300
SCL #err weighted degeneracy : 5357 5360 5372 5388 5394 5400 
degeneracy helps : 692 656 713 785 810 833 
degeneracy worse : 634 601 668 756 787 816 
SCL #err deg : 5486 / 7400
SCL #err weighted degeneracy : 5436 5436 5451 5465 5469 5476 
degeneracy helps : 695 660 716 791 818 841 
degeneracy worse : 647 612 681 770 801 831 
SCL #err deg : 5558 / 7500
SCL #err weighted degeneracy : 5510 5511 5527 5540 5544 5550 
degeneracy helps : 700 664 720 797 825 849 
degeneracy worse : 654 619 689 779 811 841 
SCL #err deg : 5630 / 7600
SCL #err weighted degeneracy : 5584 5585 5600 5614 5621 5628 
degeneracy helps : 706 669 728 805 831 854 
degeneracy worse : 662 626 698 789 822 852 
SCL #err deg : 5704 / 7700
SCL #err weighted degeneracy : 5660 5663 5677 5690 5695 5702 
degeneracy helps : 714 675 736 815 841 864 
degeneracy worse : 672 636 709 801 832 862 
SCL #err deg : 5782 / 7800
SCL #err weighted degeneracy : 5736 5740 5753 5766 5771 5779 
degeneracy helps : 721 681 743 825 852 874 
degeneracy worse : 677 641 714 809 841 871 
SCL #err deg : 5860 / 7900
SCL #err weighted degeneracy : 5807 5812 5825 5834 5836 5846 
degeneracy helps : 733 692 755 842 872 893 
degeneracy worse : 682 646 720 816 848 879 
SCL #err deg : 5929 / 8000
SCL #err weighted degeneracy : 5879 5884 5897 5906 5911 5923 
degeneracy helps : 740 699 762 849 880 901 
degeneracy worse : 692 656 730 826 862 895 
SCL #err deg : 6005 / 8100
SCL #err weighted degeneracy : 5953 5957 5972 5981 5985 5994 
degeneracy helps : 748 707 770 858 890 914 
degeneracy worse : 698 661 737 834 870 903 
SCL #err deg : 6079 / 8200
SCL #err weighted degeneracy : 6019 6025 6040 6049 6052 6061 
degeneracy helps : 758 716 778 867 901 927 
degeneracy worse : 700 664 739 837 874 909 
SCL #err deg : 6166 / 8300
SCL #err weighted degeneracy : 6105 6111 6126 6131 6131 6140 
degeneracy helps : 764 721 784 877 913 940 
degeneracy worse : 705 668 744 842 878 914 
SCL #err deg : 6234 / 8400
SCL #err weighted degeneracy : 6176 6183 6198 6208 6209 6219 
degeneracy helps : 771 727 790 882 918 946 
degeneracy worse : 715 678 754 856 893 931 
SCL #err deg : 6311 / 8500
SCL #err weighted degeneracy : 6257 6263 6280 6285 6286 6299 
degeneracy helps : 775 732 794 890 926 953 
degeneracy worse : 723 686 763 864 901 941 
SCL #err deg : 6380 / 8600
SCL #err weighted degeneracy : 6325 6333 6348 6353 6354 6368 
degeneracy helps : 787 742 806 902 938 964 
degeneracy worse : 734 697 774 875 912 952 
SCL #err deg : 6453 / 8700
SCL #err weighted degeneracy : 6397 6404 6420 6425 6426 6440 
degeneracy helps : 796 751 815 912 949 975 
degeneracy worse : 742 704 782 884 922 962 
SCL #err deg : 6522 / 8800
SCL #err weighted degeneracy : 6466 6473 6489 6492 6493 6506 
degeneracy helps : 801 756 820 921 959 987 
degeneracy worse : 747 709 787 891 930 971 
SCL #err deg : 6606 / 8900
SCL #err weighted degeneracy : 6547 6555 6569 6567 6569 6580 
degeneracy helps : 813 768 833 936 973 1003 
degeneracy worse : 756 719 796 897 936 977 
SCL #err deg : 6680 / 9000
SCL #err weighted degeneracy : 6621 6632 6643 6643 6646 6658 
degeneracy helps : 822 775 842 945 982 1011 
degeneracy worse : 765 729 805 908 948 989 
SCL #err deg : 6762 / 9100
SCL #err weighted degeneracy : 6700 6714 6723 6721 6720 6733 
degeneracy helps : 834 785 854 959 1000 1028 
degeneracy worse : 774 739 815 918 958 999 
SCL #err deg : 6826 / 9200
SCL #err weighted degeneracy : 6768 6782 6790 6787 6788 6799 
degeneracy helps : 839 790 860 966 1006 1035 
degeneracy worse : 783 748 824 927 968 1008 
SCL #err deg : 6899 / 9300
SCL #err weighted degeneracy : 6839 6853 6862 6861 6862 6874 
degeneracy helps : 848 799 869 976 1016 1045 
degeneracy worse : 790 755 832 938 979 1020 
SCL #err deg : 6969 / 9400
SCL #err weighted degeneracy : 6910 6925 6935 6934 6934 6946 
degeneracy helps : 858 807 878 985 1026 1056 
degeneracy worse : 801 765 844 950 991 1033 
SCL #err deg : 7045 / 9500
SCL #err weighted degeneracy : 6985 6999 7010 7011 7007 7020 
degeneracy helps : 867 817 887 994 1039 1068 
degeneracy worse : 809 773 852 960 1001 1043 
SCL #err deg : 7124 / 9600
SCL #err weighted degeneracy : 7059 7074 7084 7085 7081 7093 
degeneracy helps : 878 827 898 1005 1050 1080 
degeneracy worse : 815 779 858 966 1007 1049 
SCL #err deg : 7206 / 9700
SCL #err weighted degeneracy : 7137 7152 7161 7157 7154 7170 
degeneracy helps : 889 838 910 1021 1065 1095 
degeneracy worse : 822 786 865 972 1013 1059 
SCL #err deg : 7285 / 9800
SCL #err weighted degeneracy : 7214 7229 7236 7231 7228 7243 
degeneracy helps : 899 847 922 1035 1079 1111 
degeneracy worse : 830 793 873 981 1022 1069 
SCL #err deg : 7364 / 9900
SCL #err weighted degeneracy : 7293 7309 7315 7307 7303 7316 
degeneracy helps : 906 853 929 1046 1091 1125 
degeneracy worse : 837 800 880 989 1030 1077 
SCL #err deg : 7444 / 10000
SCL #err weighted degeneracy : 7366 7382 7387 7382 7378 7391 
degeneracy helps : 917 864 941 1057 1103 1138 
degeneracy worse : 841 804 884 995 1037 1085 
average #flips: 48.6074
SCL #err considering degeneracy: 7444
error due to equal 4
error due to SCL smaller 7440
Finish in 2209 s
