Simulation Polar syndrome FASTER N=256, K=129, l=128, pz=0.2, #samples=10000, seed=22
PW construction
Event generator random seed: 22
SCL #err deg : 78 / 100
SCL #err weighted degeneracy : 69 70 68 73 73 71 
degeneracy helps : 17 15 18 14 14 16 
degeneracy worse : 8 7 8 9 9 9 
SCL #err deg : 150 / 200
SCL #err weighted degeneracy : 143 144 142 148 148 147 
degeneracy helps : 28 27 30 24 25 26 
degeneracy worse : 21 21 22 22 23 23 
SCL #err deg : 219 / 300
SCL #err weighted degeneracy : 216 219 216 223 224 221 
degeneracy helps : 36 32 38 31 31 33 
degeneracy worse : 33 32 35 35 36 35 
SCL #err deg : 287 / 400
SCL #err weighted degeneracy : 290 292 290 295 294 294 
degeneracy helps : 44 40 46 41 43 44 
degeneracy worse : 47 45 49 49 50 51 
SCL #err deg : 361 / 500
SCL #err weighted degeneracy : 366 371 367 369 370 372 
degeneracy helps : 53 47 55 54 53 52 
degeneracy worse : 58 57 61 62 62 63 
SCL #err deg : 433 / 600
SCL #err weighted degeneracy : 438 443 441 442 445 447 
degeneracy helps : 65 59 67 68 65 66 
degeneracy worse : 70 69 75 77 77 80 
SCL #err deg : 518 / 700
SCL #err weighted degeneracy : 515 521 518 516 518 522 
degeneracy helps : 77 70 79 82 80 81 
degeneracy worse : 74 73 79 80 80 85 
SCL #err deg : 585 / 800
SCL #err weighted degeneracy : 585 593 587 583 586 588 
degeneracy helps : 86 79 89 93 90 92 
degeneracy worse : 86 87 91 91 91 95 
SCL #err deg : 664 / 900
SCL #err weighted degeneracy : 662 671 660 659 659 663 
degeneracy helps : 94 86 101 102 102 104 
degeneracy worse : 92 93 97 97 97 103 
SCL #err deg : 749 / 1000
SCL #err weighted degeneracy : 742 750 739 737 736 741 
degeneracy helps : 104 97 112 114 114 117 
degeneracy worse : 97 98 102 102 101 109 
SCL #err deg : 821 / 1100
SCL #err weighted degeneracy : 822 830 819 819 817 823 
degeneracy helps : 110 102 118 122 123 126 
degeneracy worse : 111 111 116 120 119 128 
SCL #err deg : 897 / 1200
SCL #err weighted degeneracy : 894 903 891 893 891 897 
degeneracy helps : 121 113 129 131 133 136 
degeneracy worse : 118 119 123 127 127 136 
SCL #err deg : 966 / 1300
SCL #err weighted degeneracy : 965 975 961 966 964 967 
degeneracy helps : 131 123 140 141 144 150 
degeneracy worse : 130 132 135 141 142 151 
SCL #err deg : 1044 / 1400
SCL #err weighted degeneracy : 1039 1049 1035 1043 1041 1041 
degeneracy helps : 141 133 150 151 155 163 
degeneracy worse : 136 138 141 150 152 160 
SCL #err deg : 1111 / 1500
SCL #err weighted degeneracy : 1112 1122 1107 1116 1114 1115 
degeneracy helps : 152 144 162 163 166 175 
degeneracy worse : 153 155 158 168 169 179 
SCL #err deg : 1184 / 1600
SCL #err weighted degeneracy : 1191 1200 1186 1193 1190 1192 
degeneracy helps : 162 154 171 173 176 185 
degeneracy worse : 169 170 173 182 182 193 
SCL #err deg : 1256 / 1700
SCL #err weighted degeneracy : 1269 1275 1265 1273 1271 1271 
degeneracy helps : 170 164 179 183 184 193 
degeneracy worse : 183 183 188 200 199 208 
SCL #err deg : 1329 / 1800
SCL #err weighted degeneracy : 1344 1348 1342 1349 1346 1349 
degeneracy helps : 179 173 187 191 194 201 
degeneracy worse : 194 192 200 211 211 221 
SCL #err deg : 1402 / 1900
SCL #err weighted degeneracy : 1419 1420 1417 1423 1422 1428 
degeneracy helps : 189 183 197 203 206 212 
degeneracy worse : 206 201 212 224 226 238 
SCL #err deg : 1471 / 2000
SCL #err weighted degeneracy : 1486 1488 1483 1493 1489 1494 
degeneracy helps : 203 197 212 216 220 227 
degeneracy worse : 218 214 224 238 238 250 
SCL #err deg : 1542 / 2100
SCL #err weighted degeneracy : 1558 1560 1555 1560 1558 1567 
degeneracy helps : 212 206 222 230 232 237 
degeneracy worse : 228 224 235 248 248 262 
SCL #err deg : 1618 / 2200
SCL #err weighted degeneracy : 1642 1643 1639 1643 1642 1651 
degeneracy helps : 218 212 228 239 240 245 
degeneracy worse : 242 237 249 264 264 278 
SCL #err deg : 1686 / 2300
SCL #err weighted degeneracy : 1713 1714 1710 1716 1714 1724 
degeneracy helps : 226 220 236 246 248 254 
degeneracy worse : 253 248 260 276 276 292 
SCL #err deg : 1763 / 2400
SCL #err weighted degeneracy : 1789 1790 1786 1790 1788 1799 
degeneracy helps : 237 231 247 258 260 264 
degeneracy worse : 263 258 270 285 285 300 
SCL #err deg : 1833 / 2500
SCL #err weighted degeneracy : 1860 1857 1857 1859 1853 1866 
degeneracy helps : 248 243 258 270 276 278 
degeneracy worse : 275 267 282 296 296 311 
SCL #err deg : 1906 / 2600
SCL #err weighted degeneracy : 1932 1930 1932 1937 1932 1945 
degeneracy helps : 258 251 268 281 286 288 
degeneracy worse : 284 275 294 312 312 327 
SCL #err deg : 1985 / 2700
SCL #err weighted degeneracy : 2012 2010 2012 2017 2013 2026 
degeneracy helps : 265 258 275 289 293 295 
degeneracy worse : 292 283 302 321 321 336 
SCL #err deg : 2061 / 2800
SCL #err weighted degeneracy : 2088 2087 2087 2093 2088 2101 
degeneracy helps : 275 267 285 298 304 306 
degeneracy worse : 302 293 311 330 331 346 
SCL #err deg : 2128 / 2900
SCL #err weighted degeneracy : 2154 2149 2155 2158 2151 2165 
degeneracy helps : 289 283 298 314 320 321 
degeneracy worse : 315 304 325 344 343 358 
SCL #err deg : 2203 / 3000
SCL #err weighted degeneracy : 2226 2222 2227 2225 2220 2235 
degeneracy helps : 301 294 310 332 337 338 
degeneracy worse : 324 313 334 354 354 370 
SCL #err deg : 2279 / 3100
SCL #err weighted degeneracy : 2298 2297 2299 2301 2294 2311 
degeneracy helps : 311 302 320 341 347 349 
degeneracy worse : 330 320 340 363 362 381 
SCL #err deg : 2354 / 3200
SCL #err weighted degeneracy : 2376 2374 2378 2379 2372 2387 
degeneracy helps : 318 309 326 348 355 360 
degeneracy worse : 340 329 350 373 373 393 
SCL #err deg : 2426 / 3300
SCL #err weighted degeneracy : 2445 2444 2446 2448 2440 2455 
degeneracy helps : 328 318 336 359 367 372 
degeneracy worse : 347 336 356 381 381 401 
SCL #err deg : 2500 / 3400
SCL #err weighted degeneracy : 2517 2516 2518 2522 2513 2528 
degeneracy helps : 339 329 347 368 379 386 
degeneracy worse : 356 345 365 390 392 414 
SCL #err deg : 2580 / 3500
SCL #err weighted degeneracy : 2593 2593 2593 2593 2588 2601 
degeneracy helps : 353 342 362 387 397 405 
degeneracy worse : 366 355 375 400 405 426 
SCL #err deg : 2655 / 3600
SCL #err weighted degeneracy : 2664 2664 2665 2663 2658 2673 
degeneracy helps : 363 353 370 400 411 417 
degeneracy worse : 372 362 380 408 414 435 
SCL #err deg : 2735 / 3700
SCL #err weighted degeneracy : 2750 2750 2748 2744 2735 2749 
degeneracy helps : 366 356 373 407 423 432 
degeneracy worse : 381 371 386 416 423 446 
SCL #err deg : 2811 / 3800
SCL #err weighted degeneracy : 2827 2826 2825 2824 2813 2826 
degeneracy helps : 374 364 381 413 430 440 
degeneracy worse : 390 379 395 426 432 455 
SCL #err deg : 2889 / 3900
SCL #err weighted degeneracy : 2899 2899 2896 2892 2882 2895 
degeneracy helps : 387 377 394 429 446 456 
degeneracy worse : 397 387 401 432 439 462 
SCL #err deg : 2964 / 4000
SCL #err weighted degeneracy : 2970 2970 2966 2963 2952 2965 
degeneracy helps : 399 388 407 443 462 473 
degeneracy worse : 405 394 409 442 450 474 
SCL #err deg : 3042 / 4100
SCL #err weighted degeneracy : 3049 3048 3047 3041 3030 3045 
degeneracy helps : 406 396 414 453 472 483 
degeneracy worse : 413 402 419 452 460 486 
SCL #err deg : 3120 / 4200
SCL #err weighted degeneracy : 3133 3132 3133 3126 3118 3126 
degeneracy helps : 414 404 423 465 482 498 
degeneracy worse : 427 416 436 471 480 504 
SCL #err deg : 3197 / 4300
SCL #err weighted degeneracy : 3211 3210 3211 3205 3197 3204 
degeneracy helps : 424 413 433 475 492 510 
degeneracy worse : 438 426 447 483 492 517 
SCL #err deg : 3274 / 4400
SCL #err weighted degeneracy : 3292 3290 3294 3289 3281 3287 
degeneracy helps : 433 422 441 484 500 519 
degeneracy worse : 451 438 461 499 507 532 
SCL #err deg : 3348 / 4500
SCL #err weighted degeneracy : 3361 3361 3361 3355 3345 3354 
degeneracy helps : 447 434 457 501 519 539 
degeneracy worse : 460 447 470 508 516 545 
SCL #err deg : 3425 / 4600
SCL #err weighted degeneracy : 3439 3440 3443 3433 3420 3429 
degeneracy helps : 455 441 463 511 534 554 
degeneracy worse : 469 456 481 519 529 558 
SCL #err deg : 3503 / 4700
SCL #err weighted degeneracy : 3519 3519 3524 3516 3502 3513 
degeneracy helps : 462 449 469 516 541 561 
degeneracy worse : 478 465 490 529 540 571 
SCL #err deg : 3580 / 4800
SCL #err weighted degeneracy : 3593 3593 3595 3585 3570 3584 
degeneracy helps : 473 460 483 532 559 578 
degeneracy worse : 486 473 498 537 549 582 
SCL #err deg : 3652 / 4900
SCL #err weighted degeneracy : 3673 3673 3674 3663 3646 3661 
degeneracy helps : 480 466 491 540 570 589 
degeneracy worse : 501 487 513 551 564 598 
SCL #err deg : 3725 / 5000
SCL #err weighted degeneracy : 3741 3742 3743 3732 3715 3733 
degeneracy helps : 489 474 500 550 580 598 
degeneracy worse : 505 491 518 557 570 606 
SCL #err deg : 3794 / 5100
SCL #err weighted degeneracy : 3814 3815 3815 3809 3791 3811 
degeneracy helps : 496 481 507 557 586 604 
degeneracy worse : 516 502 528 572 583 621 
SCL #err deg : 3868 / 5200
SCL #err weighted degeneracy : 3888 3891 3888 3882 3866 3887 
degeneracy helps : 504 486 516 568 598 617 
degeneracy worse : 524 509 536 582 596 636 
SCL #err deg : 3943 / 5300
SCL #err weighted degeneracy : 3968 3970 3969 3963 3946 3965 
degeneracy helps : 514 497 526 577 608 629 
degeneracy worse : 539 524 552 597 611 651 
SCL #err deg : 4019 / 5400
SCL #err weighted degeneracy : 4039 4040 4041 4036 4018 4041 
degeneracy helps : 526 509 538 589 621 640 
degeneracy worse : 546 530 560 606 620 662 
SCL #err deg : 4088 / 5500
SCL #err weighted degeneracy : 4111 4113 4113 4108 4089 4111 
degeneracy helps : 534 515 547 598 630 650 
degeneracy worse : 557 540 572 618 631 673 
SCL #err deg : 4166 / 5600
SCL #err weighted degeneracy : 4189 4191 4190 4182 4166 4187 
degeneracy helps : 546 527 559 614 644 665 
degeneracy worse : 569 552 583 630 644 686 
SCL #err deg : 4239 / 5700
SCL #err weighted degeneracy : 4266 4268 4266 4259 4243 4262 
degeneracy helps : 553 533 567 622 653 676 
degeneracy worse : 580 562 594 642 657 699 
SCL #err deg : 4312 / 5800
SCL #err weighted degeneracy : 4341 4344 4340 4328 4316 4336 
degeneracy helps : 561 539 575 632 661 684 
degeneracy worse : 590 571 603 648 665 708 
SCL #err deg : 4383 / 5900
SCL #err weighted degeneracy : 4416 4419 4416 4404 4392 4411 
degeneracy helps : 568 545 582 638 667 691 
degeneracy worse : 601 581 615 659 676 719 
SCL #err deg : 4459 / 6000
SCL #err weighted degeneracy : 4495 4497 4494 4482 4468 4488 
degeneracy helps : 579 555 594 651 681 706 
degeneracy worse : 615 593 629 674 690 735 
SCL #err deg : 4533 / 6100
SCL #err weighted degeneracy : 4572 4570 4572 4558 4544 4566 
degeneracy helps : 591 569 606 663 693 716 
degeneracy worse : 630 606 645 688 704 749 
SCL #err deg : 4607 / 6200
SCL #err weighted degeneracy : 4639 4639 4642 4632 4618 4639 
degeneracy helps : 607 583 619 675 705 729 
degeneracy worse : 639 615 654 700 716 761 
SCL #err deg : 4682 / 6300
SCL #err weighted degeneracy : 4715 4713 4719 4709 4696 4718 
degeneracy helps : 615 592 626 683 714 739 
degeneracy worse : 648 623 663 710 728 775 
SCL #err deg : 4755 / 6400
SCL #err weighted degeneracy : 4786 4783 4791 4786 4777 4797 
degeneracy helps : 627 605 638 694 721 748 
degeneracy worse : 658 633 674 725 743 790 
SCL #err deg : 4829 / 6500
SCL #err weighted degeneracy : 4862 4864 4868 4861 4852 4870 
degeneracy helps : 634 611 645 704 732 762 
degeneracy worse : 667 646 684 736 755 803 
SCL #err deg : 4902 / 6600
SCL #err weighted degeneracy : 4934 4935 4940 4935 4926 4945 
degeneracy helps : 644 622 656 716 744 774 
degeneracy worse : 676 655 694 749 768 817 
SCL #err deg : 4973 / 6700
SCL #err weighted degeneracy : 5003 5002 5009 5006 5000 5021 
degeneracy helps : 657 636 669 728 756 785 
degeneracy worse : 687 665 705 761 783 833 
SCL #err deg : 5048 / 6800
SCL #err weighted degeneracy : 5079 5078 5085 5085 5083 5105 
degeneracy helps : 665 645 677 739 766 795 
degeneracy worse : 696 675 714 776 801 852 
SCL #err deg : 5127 / 6900
SCL #err weighted degeneracy : 5156 5153 5160 5156 5154 5178 
degeneracy helps : 675 657 688 752 779 807 
degeneracy worse : 704 683 721 781 806 858 
SCL #err deg : 5195 / 7000
SCL #err weighted degeneracy : 5222 5219 5226 5219 5215 5244 
degeneracy helps : 688 670 702 769 799 826 
degeneracy worse : 715 694 733 793 819 875 
SCL #err deg : 5267 / 7100
SCL #err weighted degeneracy : 5291 5290 5297 5289 5285 5315 
degeneracy helps : 700 681 714 781 814 840 
degeneracy worse : 724 704 744 803 832 888 
SCL #err deg : 5340 / 7200
SCL #err weighted degeneracy : 5358 5355 5365 5361 5359 5390 
degeneracy helps : 712 694 725 790 822 847 
degeneracy worse : 730 709 750 811 841 897 
SCL #err deg : 5412 / 7300
SCL #err weighted degeneracy : 5431 5427 5437 5437 5437 5465 
degeneracy helps : 718 699 732 796 829 858 
degeneracy worse : 737 714 757 821 854 911 
SCL #err deg : 5488 / 7400
SCL #err weighted degeneracy : 5508 5506 5514 5514 5514 5544 
degeneracy helps : 727 706 741 806 839 867 
degeneracy worse : 747 724 767 832 865 923 
SCL #err deg : 5563 / 7500
SCL #err weighted degeneracy : 5585 5584 5591 5593 5593 5622 
degeneracy helps : 737 716 751 817 849 878 
degeneracy worse : 759 737 779 847 879 937 
SCL #err deg : 5631 / 7600
SCL #err weighted degeneracy : 5654 5652 5660 5662 5664 5693 
degeneracy helps : 747 724 762 828 861 889 
degeneracy worse : 770 746 791 859 894 951 
SCL #err deg : 5715 / 7700
SCL #err weighted degeneracy : 5740 5734 5745 5744 5745 5774 
degeneracy helps : 755 733 771 839 873 900 
degeneracy worse : 780 753 801 868 903 959 
SCL #err deg : 5794 / 7800
SCL #err weighted degeneracy : 5819 5814 5823 5818 5817 5847 
degeneracy helps : 766 743 783 854 890 917 
degeneracy worse : 791 764 812 878 913 970 
SCL #err deg : 5873 / 7900
SCL #err weighted degeneracy : 5896 5893 5901 5899 5898 5928 
degeneracy helps : 779 753 796 865 902 930 
degeneracy worse : 802 774 824 891 927 985 
SCL #err deg : 5952 / 8000
SCL #err weighted degeneracy : 5974 5972 5979 5977 5975 6005 
degeneracy helps : 789 760 806 875 913 943 
degeneracy worse : 811 781 833 900 936 996 
SCL #err deg : 6026 / 8100
SCL #err weighted degeneracy : 6050 6047 6053 6050 6045 6072 
degeneracy helps : 797 770 815 885 926 957 
degeneracy worse : 821 792 842 909 945 1003 
SCL #err deg : 6100 / 8200
SCL #err weighted degeneracy : 6121 6119 6122 6118 6113 6141 
degeneracy helps : 811 782 830 901 944 976 
degeneracy worse : 832 802 852 919 957 1017 
SCL #err deg : 6182 / 8300
SCL #err weighted degeneracy : 6201 6200 6202 6201 6195 6223 
degeneracy helps : 820 790 839 908 953 986 
degeneracy worse : 839 809 859 927 966 1027 
SCL #err deg : 6255 / 8400
SCL #err weighted degeneracy : 6272 6270 6274 6274 6268 6295 
degeneracy helps : 828 799 848 918 964 998 
degeneracy worse : 845 815 867 937 977 1038 
SCL #err deg : 6335 / 8500
SCL #err weighted degeneracy : 6356 6354 6356 6352 6342 6369 
degeneracy helps : 834 805 856 931 981 1016 
degeneracy worse : 855 825 877 948 988 1050 
SCL #err deg : 6411 / 8600
SCL #err weighted degeneracy : 6424 6423 6425 6426 6415 6443 
degeneracy helps : 848 820 870 942 994 1030 
degeneracy worse : 861 833 884 957 998 1062 
SCL #err deg : 6488 / 8700
SCL #err weighted degeneracy : 6499 6499 6501 6500 6488 6517 
degeneracy helps : 855 826 877 951 1005 1041 
degeneracy worse : 866 839 890 963 1005 1070 
SCL #err deg : 6558 / 8800
SCL #err weighted degeneracy : 6565 6564 6570 6574 6562 6589 
degeneracy helps : 869 839 889 960 1014 1055 
degeneracy worse : 876 847 901 976 1018 1086 
SCL #err deg : 6635 / 8900
SCL #err weighted degeneracy : 6645 6644 6649 6654 6645 6674 
degeneracy helps : 877 846 898 969 1022 1062 
degeneracy worse : 887 857 912 988 1032 1101 
SCL #err deg : 6710 / 9000
SCL #err weighted degeneracy : 6724 6723 6728 6735 6727 6756 
degeneracy helps : 884 852 905 978 1031 1072 
degeneracy worse : 898 867 923 1003 1048 1118 
SCL #err deg : 6785 / 9100
SCL #err weighted degeneracy : 6796 6797 6803 6811 6803 6832 
degeneracy helps : 895 862 914 987 1040 1081 
degeneracy worse : 906 876 932 1013 1058 1128 
SCL #err deg : 6862 / 9200
SCL #err weighted degeneracy : 6877 6879 6885 6889 6880 6909 
degeneracy helps : 901 867 920 994 1047 1090 
degeneracy worse : 916 886 943 1021 1065 1137 
SCL #err deg : 6936 / 9300
SCL #err weighted degeneracy : 6953 6953 6961 6968 6959 6988 
degeneracy helps : 912 879 931 1005 1059 1102 
degeneracy worse : 929 898 956 1037 1082 1154 
SCL #err deg : 7011 / 9400
SCL #err weighted degeneracy : 7026 7023 7032 7034 7026 7054 
degeneracy helps : 924 890 946 1025 1080 1125 
degeneracy worse : 939 904 967 1048 1095 1168 
SCL #err deg : 7087 / 9500
SCL #err weighted degeneracy : 7103 7099 7108 7111 7103 7130 
degeneracy helps : 931 898 954 1034 1090 1136 
degeneracy worse : 947 912 975 1058 1106 1179 
SCL #err deg : 7162 / 9600
SCL #err weighted degeneracy : 7178 7173 7183 7187 7182 7210 
degeneracy helps : 943 910 966 1044 1100 1146 
degeneracy worse : 959 923 987 1069 1120 1194 
SCL #err deg : 7230 / 9700
SCL #err weighted degeneracy : 7247 7243 7252 7261 7256 7285 
degeneracy helps : 953 919 976 1053 1111 1158 
degeneracy worse : 970 934 998 1084 1137 1213 
SCL #err deg : 7305 / 9800
SCL #err weighted degeneracy : 7322 7320 7326 7335 7333 7360 
degeneracy helps : 964 928 988 1065 1121 1170 
degeneracy worse : 981 945 1009 1095 1149 1225 
SCL #err deg : 7386 / 9900
SCL #err weighted degeneracy : 7407 7404 7411 7415 7411 7435 
degeneracy helps : 972 935 996 1076 1134 1184 
degeneracy worse : 993 955 1021 1105 1159 1233 
SCL #err deg : 7462 / 10000
SCL #err weighted degeneracy : 7489 7484 7492 7497 7493 7517 
degeneracy helps : 979 942 1004 1084 1144 1194 
degeneracy worse : 1006 966 1034 1119 1175 1249 
average #flips: 51.1535
SCL #err considering degeneracy: 7462
error due to equal 0
error due to SCL smaller 7462
Finish in 2204 s
