Simulation Polar syndrome FASTER N=128, K=65, l=128, pz=0.17, #samples=10000, seed=87
PW construction
Event generator random seed: 87
SCL #err deg : 71 / 100
SCL #err weighted degeneracy : 69 69 69 64 65 64 
degeneracy helps : 12 12 12 17 16 18 
degeneracy worse : 10 10 10 10 10 11 
SCL #err deg : 140 / 200
SCL #err weighted degeneracy : 135 135 135 131 136 133 
degeneracy helps : 23 23 23 30 28 34 
degeneracy worse : 18 18 18 21 24 27 
SCL #err deg : 210 / 300
SCL #err weighted degeneracy : 204 203 203 199 205 202 
degeneracy helps : 36 36 38 47 44 51 
degeneracy worse : 30 29 31 36 39 43 
SCL #err deg : 276 / 400
SCL #err weighted degeneracy : 272 271 272 270 275 272 
degeneracy helps : 52 51 53 62 60 67 
degeneracy worse : 48 46 49 56 59 63 
SCL #err deg : 348 / 500
SCL #err weighted degeneracy : 342 341 342 340 345 342 
degeneracy helps : 66 65 67 77 75 83 
degeneracy worse : 60 58 61 69 72 77 
SCL #err deg : 419 / 600
SCL #err weighted degeneracy : 412 410 411 409 415 414 
degeneracy helps : 78 78 80 90 87 95 
degeneracy worse : 71 69 72 80 83 90 
SCL #err deg : 492 / 700
SCL #err weighted degeneracy : 478 476 477 475 478 477 
degeneracy helps : 94 94 96 106 106 114 
degeneracy worse : 80 78 81 89 92 99 
SCL #err deg : 558 / 800
SCL #err weighted degeneracy : 549 547 549 545 547 546 
degeneracy helps : 101 101 102 115 117 126 
degeneracy worse : 92 90 93 102 106 114 
SCL #err deg : 627 / 900
SCL #err weighted degeneracy : 621 619 622 621 623 620 
degeneracy helps : 109 109 109 120 122 132 
degeneracy worse : 103 101 104 114 118 125 
SCL #err deg : 695 / 1000
SCL #err weighted degeneracy : 686 684 686 687 688 684 
degeneracy helps : 125 125 126 138 141 153 
degeneracy worse : 116 114 117 130 134 142 
SCL #err deg : 764 / 1100
SCL #err weighted degeneracy : 745 744 744 742 746 744 
degeneracy helps : 139 138 141 156 158 170 
degeneracy worse : 120 118 121 134 140 150 
SCL #err deg : 832 / 1200
SCL #err weighted degeneracy : 816 816 814 813 815 813 
degeneracy helps : 148 146 152 167 170 182 
degeneracy worse : 132 130 134 148 153 163 
SCL #err deg : 895 / 1300
SCL #err weighted degeneracy : 887 887 885 885 889 884 
degeneracy helps : 156 154 160 175 176 192 
degeneracy worse : 148 146 150 165 170 181 
SCL #err deg : 959 / 1400
SCL #err weighted degeneracy : 955 954 953 956 960 955 
degeneracy helps : 164 162 169 184 186 202 
degeneracy worse : 160 157 163 181 187 198 
SCL #err deg : 1019 / 1500
SCL #err weighted degeneracy : 1018 1017 1016 1021 1027 1021 
degeneracy helps : 173 171 180 195 197 213 
degeneracy worse : 172 169 177 197 205 215 
SCL #err deg : 1088 / 1600
SCL #err weighted degeneracy : 1084 1083 1081 1085 1089 1082 
degeneracy helps : 187 184 194 211 214 230 
degeneracy worse : 183 180 188 208 215 224 
SCL #err deg : 1155 / 1700
SCL #err weighted degeneracy : 1155 1154 1153 1160 1164 1158 
degeneracy helps : 196 193 203 219 222 239 
degeneracy worse : 196 193 202 224 231 242 
SCL #err deg : 1219 / 1800
SCL #err weighted degeneracy : 1221 1221 1218 1223 1227 1225 
degeneracy helps : 207 203 215 232 236 252 
degeneracy worse : 209 206 215 236 244 258 
SCL #err deg : 1292 / 1900
SCL #err weighted degeneracy : 1294 1293 1291 1297 1299 1297 
degeneracy helps : 215 211 225 243 250 266 
degeneracy worse : 217 213 225 248 257 271 
SCL #err deg : 1360 / 2000
SCL #err weighted degeneracy : 1352 1351 1350 1359 1359 1359 
degeneracy helps : 230 226 240 258 268 285 
degeneracy worse : 222 218 231 257 267 284 
SCL #err deg : 1430 / 2100
SCL #err weighted degeneracy : 1423 1422 1421 1427 1427 1429 
degeneracy helps : 238 234 249 270 280 297 
degeneracy worse : 231 227 241 267 277 296 
SCL #err deg : 1490 / 2200
SCL #err weighted degeneracy : 1491 1490 1489 1494 1493 1493 
degeneracy helps : 246 242 257 281 293 311 
degeneracy worse : 247 243 257 285 296 314 
SCL #err deg : 1557 / 2300
SCL #err weighted degeneracy : 1554 1553 1554 1555 1556 1558 
degeneracy helps : 259 255 271 299 311 329 
degeneracy worse : 256 252 269 297 310 330 
SCL #err deg : 1632 / 2400
SCL #err weighted degeneracy : 1626 1625 1626 1626 1628 1630 
degeneracy helps : 272 268 284 313 324 344 
degeneracy worse : 266 262 279 307 320 342 
SCL #err deg : 1694 / 2500
SCL #err weighted degeneracy : 1681 1681 1678 1677 1680 1687 
degeneracy helps : 285 281 300 332 342 360 
degeneracy worse : 272 269 285 315 328 353 
SCL #err deg : 1759 / 2600
SCL #err weighted degeneracy : 1744 1744 1740 1741 1741 1749 
degeneracy helps : 297 293 314 346 358 378 
degeneracy worse : 283 280 296 328 340 368 
SCL #err deg : 1820 / 2700
SCL #err weighted degeneracy : 1809 1810 1803 1804 1804 1814 
degeneracy helps : 309 304 328 362 377 397 
degeneracy worse : 299 296 312 346 361 391 
SCL #err deg : 1887 / 2800
SCL #err weighted degeneracy : 1872 1874 1866 1868 1869 1880 
degeneracy helps : 325 319 345 379 394 413 
degeneracy worse : 311 308 325 360 376 406 
SCL #err deg : 1950 / 2900
SCL #err weighted degeneracy : 1941 1944 1931 1930 1931 1944 
degeneracy helps : 335 327 358 395 409 428 
degeneracy worse : 327 324 340 375 390 422 
SCL #err deg : 2023 / 3000
SCL #err weighted degeneracy : 2013 2018 2004 2004 2008 2021 
degeneracy helps : 350 340 372 407 419 440 
degeneracy worse : 341 338 354 388 404 438 
SCL #err deg : 2089 / 3100
SCL #err weighted degeneracy : 2077 2083 2068 2068 2074 2089 
degeneracy helps : 362 351 385 421 432 452 
degeneracy worse : 351 348 365 400 417 452 
SCL #err deg : 2154 / 3200
SCL #err weighted degeneracy : 2143 2150 2134 2133 2141 2156 
degeneracy helps : 375 363 398 436 446 465 
degeneracy worse : 365 362 379 415 433 467 
SCL #err deg : 2232 / 3300
SCL #err weighted degeneracy : 2210 2218 2198 2197 2202 2218 
degeneracy helps : 391 378 418 457 471 490 
degeneracy worse : 370 367 385 422 441 476 
SCL #err deg : 2301 / 3400
SCL #err weighted degeneracy : 2271 2279 2263 2265 2271 2288 
degeneracy helps : 407 394 433 470 485 503 
degeneracy worse : 378 375 396 434 455 490 
SCL #err deg : 2367 / 3500
SCL #err weighted degeneracy : 2340 2348 2333 2331 2334 2351 
degeneracy helps : 414 401 440 481 499 518 
degeneracy worse : 388 385 407 445 466 502 
SCL #err deg : 2440 / 3600
SCL #err weighted degeneracy : 2407 2415 2399 2395 2397 2414 
degeneracy helps : 426 413 453 498 518 538 
degeneracy worse : 394 391 413 453 475 512 
SCL #err deg : 2504 / 3700
SCL #err weighted degeneracy : 2468 2476 2461 2458 2464 2481 
degeneracy helps : 437 424 465 510 530 551 
degeneracy worse : 402 399 423 464 490 528 
SCL #err deg : 2575 / 3800
SCL #err weighted degeneracy : 2542 2550 2534 2528 2535 2550 
degeneracy helps : 446 433 475 522 542 565 
degeneracy worse : 414 411 435 475 502 540 
SCL #err deg : 2641 / 3900
SCL #err weighted degeneracy : 2598 2606 2591 2583 2591 2606 
degeneracy helps : 463 450 492 542 561 584 
degeneracy worse : 421 418 443 484 511 549 
SCL #err deg : 2709 / 4000
SCL #err weighted degeneracy : 2667 2676 2659 2650 2659 2673 
degeneracy helps : 478 464 508 558 577 601 
degeneracy worse : 437 434 459 499 527 565 
SCL #err deg : 2784 / 4100
SCL #err weighted degeneracy : 2732 2741 2725 2714 2720 2736 
degeneracy helps : 501 487 530 581 603 627 
degeneracy worse : 450 447 472 511 539 579 
SCL #err deg : 2848 / 4200
SCL #err weighted degeneracy : 2794 2802 2785 2773 2780 2799 
degeneracy helps : 516 502 547 601 623 646 
degeneracy worse : 463 460 485 526 555 597 
SCL #err deg : 2910 / 4300
SCL #err weighted degeneracy : 2852 2860 2845 2833 2841 2862 
degeneracy helps : 530 516 560 616 638 661 
degeneracy worse : 473 470 496 539 569 613 
SCL #err deg : 2976 / 4400
SCL #err weighted degeneracy : 2918 2926 2912 2904 2912 2935 
degeneracy helps : 542 528 572 626 649 672 
degeneracy worse : 485 482 509 554 585 631 
SCL #err deg : 3045 / 4500
SCL #err weighted degeneracy : 2984 2992 2978 2966 2976 3000 
degeneracy helps : 556 542 586 643 665 688 
degeneracy worse : 496 493 520 564 596 643 
SCL #err deg : 3114 / 4600
SCL #err weighted degeneracy : 3048 3056 3041 3030 3039 3063 
degeneracy helps : 569 555 599 657 681 704 
degeneracy worse : 505 502 528 573 606 653 
SCL #err deg : 3183 / 4700
SCL #err weighted degeneracy : 3114 3121 3107 3096 3104 3130 
degeneracy helps : 580 566 610 670 695 716 
degeneracy worse : 513 509 536 583 616 663 
SCL #err deg : 3258 / 4800
SCL #err weighted degeneracy : 3183 3190 3176 3165 3173 3199 
degeneracy helps : 597 583 627 688 713 734 
degeneracy worse : 524 520 547 595 628 675 
SCL #err deg : 3326 / 4900
SCL #err weighted degeneracy : 3250 3259 3243 3228 3235 3264 
degeneracy helps : 611 595 642 707 733 754 
degeneracy worse : 537 533 561 609 642 692 
SCL #err deg : 3397 / 5000
SCL #err weighted degeneracy : 3319 3328 3313 3298 3304 3333 
degeneracy helps : 622 606 652 718 745 766 
degeneracy worse : 546 542 570 619 652 702 
SCL #err deg : 3467 / 5100
SCL #err weighted degeneracy : 3378 3388 3372 3354 3360 3391 
degeneracy helps : 637 620 668 737 764 786 
degeneracy worse : 550 546 575 624 657 710 
SCL #err deg : 3533 / 5200
SCL #err weighted degeneracy : 3435 3445 3432 3415 3424 3458 
degeneracy helps : 654 637 683 753 779 801 
degeneracy worse : 558 554 584 635 670 726 
SCL #err deg : 3585 / 5300
SCL #err weighted degeneracy : 3491 3500 3488 3470 3481 3514 
degeneracy helps : 671 654 700 770 796 818 
degeneracy worse : 579 574 605 655 692 747 
SCL #err deg : 3650 / 5400
SCL #err weighted degeneracy : 3556 3566 3552 3532 3544 3580 
degeneracy helps : 683 665 713 783 809 831 
degeneracy worse : 591 586 617 665 703 761 
SCL #err deg : 3714 / 5500
SCL #err weighted degeneracy : 3618 3629 3615 3597 3612 3647 
degeneracy helps : 695 676 725 796 822 846 
degeneracy worse : 601 596 628 679 720 779 
SCL #err deg : 3785 / 5600
SCL #err weighted degeneracy : 3680 3691 3678 3661 3677 3712 
degeneracy helps : 710 691 740 811 836 860 
degeneracy worse : 607 602 635 687 728 787 
SCL #err deg : 3855 / 5700
SCL #err weighted degeneracy : 3749 3761 3747 3727 3742 3778 
degeneracy helps : 719 699 749 823 849 873 
degeneracy worse : 615 610 643 695 736 796 
SCL #err deg : 3925 / 5800
SCL #err weighted degeneracy : 3821 3833 3819 3798 3813 3850 
degeneracy helps : 729 709 760 835 861 885 
degeneracy worse : 627 622 656 708 749 810 
SCL #err deg : 3992 / 5900
SCL #err weighted degeneracy : 3886 3900 3883 3865 3882 3918 
degeneracy helps : 739 718 771 846 871 897 
degeneracy worse : 635 631 664 719 761 823 
SCL #err deg : 4068 / 6000
SCL #err weighted degeneracy : 3961 3975 3958 3938 3953 3987 
degeneracy helps : 743 722 775 852 879 907 
degeneracy worse : 638 634 667 722 764 826 
SCL #err deg : 4140 / 6100
SCL #err weighted degeneracy : 4026 4041 4025 4005 4020 4052 
degeneracy helps : 760 738 792 869 896 926 
degeneracy worse : 648 644 679 734 776 838 
SCL #err deg : 4207 / 6200
SCL #err weighted degeneracy : 4093 4108 4093 4072 4087 4120 
degeneracy helps : 770 748 802 882 910 943 
degeneracy worse : 658 654 690 747 790 856 
SCL #err deg : 4270 / 6300
SCL #err weighted degeneracy : 4150 4165 4153 4132 4147 4181 
degeneracy helps : 782 760 813 896 925 959 
degeneracy worse : 664 660 698 758 802 870 
SCL #err deg : 4329 / 6400
SCL #err weighted degeneracy : 4213 4229 4217 4195 4210 4243 
degeneracy helps : 790 767 821 906 935 970 
degeneracy worse : 676 672 711 772 816 884 
SCL #err deg : 4394 / 6500
SCL #err weighted degeneracy : 4286 4301 4289 4268 4284 4318 
degeneracy helps : 798 776 830 914 942 978 
degeneracy worse : 692 688 727 788 832 902 
SCL #err deg : 4464 / 6600
SCL #err weighted degeneracy : 4350 4365 4351 4328 4345 4381 
degeneracy helps : 809 787 843 928 956 992 
degeneracy worse : 697 693 732 792 837 909 
SCL #err deg : 4523 / 6700
SCL #err weighted degeneracy : 4418 4433 4419 4395 4410 4446 
degeneracy helps : 813 790 849 935 966 1002 
degeneracy worse : 710 705 747 807 853 925 
SCL #err deg : 4593 / 6800
SCL #err weighted degeneracy : 4491 4506 4491 4463 4479 4517 
degeneracy helps : 822 799 859 950 984 1020 
degeneracy worse : 722 717 759 820 870 944 
SCL #err deg : 4661 / 6900
SCL #err weighted degeneracy : 4559 4573 4556 4530 4545 4584 
degeneracy helps : 835 812 874 964 1000 1036 
degeneracy worse : 735 729 771 833 884 959 
SCL #err deg : 4730 / 7000
SCL #err weighted degeneracy : 4630 4644 4625 4600 4617 4657 
degeneracy helps : 842 819 883 973 1008 1044 
degeneracy worse : 744 738 780 843 895 971 
SCL #err deg : 4800 / 7100
SCL #err weighted degeneracy : 4696 4710 4691 4665 4682 4723 
degeneracy helps : 857 834 898 989 1024 1059 
degeneracy worse : 755 749 791 854 906 982 
SCL #err deg : 4872 / 7200
SCL #err weighted degeneracy : 4762 4776 4756 4731 4749 4789 
degeneracy helps : 872 849 915 1005 1040 1077 
degeneracy worse : 764 758 801 864 917 994 
SCL #err deg : 4942 / 7300
SCL #err weighted degeneracy : 4834 4848 4829 4800 4819 4859 
degeneracy helps : 882 859 925 1018 1053 1090 
degeneracy worse : 776 770 814 876 930 1007 
SCL #err deg : 5002 / 7400
SCL #err weighted degeneracy : 4901 4916 4896 4866 4884 4923 
degeneracy helps : 889 865 932 1027 1062 1100 
degeneracy worse : 790 784 828 891 944 1021 
SCL #err deg : 5073 / 7500
SCL #err weighted degeneracy : 4972 4987 4966 4938 4957 4996 
degeneracy helps : 898 874 942 1038 1073 1111 
degeneracy worse : 799 793 837 903 957 1034 
SCL #err deg : 5143 / 7600
SCL #err weighted degeneracy : 5038 5053 5031 5000 5019 5058 
degeneracy helps : 910 886 956 1055 1092 1132 
degeneracy worse : 807 801 846 912 968 1047 
SCL #err deg : 5206 / 7700
SCL #err weighted degeneracy : 5107 5122 5102 5069 5089 5128 
degeneracy helps : 916 892 962 1063 1102 1142 
degeneracy worse : 819 813 860 926 985 1064 
SCL #err deg : 5279 / 7800
SCL #err weighted degeneracy : 5179 5194 5174 5139 5160 5199 
degeneracy helps : 929 905 975 1079 1117 1156 
degeneracy worse : 831 825 872 939 998 1076 
SCL #err deg : 5343 / 7900
SCL #err weighted degeneracy : 5244 5259 5240 5207 5229 5267 
degeneracy helps : 942 918 987 1092 1130 1168 
degeneracy worse : 845 839 886 956 1016 1092 
SCL #err deg : 5408 / 8000
SCL #err weighted degeneracy : 5311 5328 5306 5271 5291 5330 
degeneracy helps : 955 929 1001 1109 1149 1187 
degeneracy worse : 860 854 901 972 1032 1109 
SCL #err deg : 5484 / 8100
SCL #err weighted degeneracy : 5378 5395 5373 5336 5356 5399 
degeneracy helps : 973 947 1019 1129 1169 1206 
degeneracy worse : 869 863 910 981 1041 1121 
SCL #err deg : 5551 / 8200
SCL #err weighted degeneracy : 5443 5461 5438 5403 5423 5465 
degeneracy helps : 986 959 1033 1144 1185 1222 
degeneracy worse : 880 874 922 996 1057 1136 
SCL #err deg : 5612 / 8300
SCL #err weighted degeneracy : 5511 5529 5504 5470 5491 5530 
degeneracy helps : 995 968 1044 1154 1195 1233 
degeneracy worse : 896 890 938 1012 1074 1151 
SCL #err deg : 5678 / 8400
SCL #err weighted degeneracy : 5575 5592 5569 5540 5565 5602 
degeneracy helps : 1012 985 1061 1169 1207 1247 
degeneracy worse : 911 904 954 1031 1094 1171 
SCL #err deg : 5745 / 8500
SCL #err weighted degeneracy : 5640 5657 5632 5601 5629 5670 
degeneracy helps : 1025 997 1076 1187 1223 1262 
degeneracy worse : 922 915 965 1043 1107 1187 
SCL #err deg : 5817 / 8600
SCL #err weighted degeneracy : 5703 5720 5695 5664 5693 5733 
degeneracy helps : 1040 1012 1091 1204 1239 1278 
degeneracy worse : 928 921 971 1051 1115 1194 
SCL #err deg : 5885 / 8700
SCL #err weighted degeneracy : 5774 5790 5766 5737 5765 5805 
degeneracy helps : 1048 1020 1100 1213 1249 1289 
degeneracy worse : 939 931 983 1065 1129 1209 
SCL #err deg : 5951 / 8800
SCL #err weighted degeneracy : 5845 5861 5837 5808 5837 5876 
degeneracy helps : 1056 1028 1109 1223 1259 1298 
degeneracy worse : 952 944 997 1080 1145 1223 
SCL #err deg : 6017 / 8900
SCL #err weighted degeneracy : 5914 5929 5907 5878 5902 5944 
degeneracy helps : 1064 1036 1117 1232 1272 1309 
degeneracy worse : 963 954 1009 1093 1157 1236 
SCL #err deg : 6087 / 9000
SCL #err weighted degeneracy : 5980 5995 5977 5946 5969 6010 
degeneracy helps : 1076 1048 1130 1248 1290 1328 
degeneracy worse : 971 962 1022 1107 1172 1251 
SCL #err deg : 6154 / 9100
SCL #err weighted degeneracy : 6044 6058 6041 6009 6032 6072 
degeneracy helps : 1086 1058 1140 1259 1302 1341 
degeneracy worse : 978 968 1029 1114 1180 1259 
SCL #err deg : 6224 / 9200
SCL #err weighted degeneracy : 6104 6119 6102 6067 6092 6130 
degeneracy helps : 1107 1078 1161 1283 1326 1368 
degeneracy worse : 989 979 1041 1126 1194 1274 
SCL #err deg : 6295 / 9300
SCL #err weighted degeneracy : 6166 6182 6165 6130 6157 6192 
degeneracy helps : 1128 1098 1183 1305 1346 1390 
degeneracy worse : 1001 991 1055 1140 1208 1287 
SCL #err deg : 6356 / 9400
SCL #err weighted degeneracy : 6225 6240 6223 6187 6217 6252 
degeneracy helps : 1147 1117 1203 1326 1366 1411 
degeneracy worse : 1018 1007 1072 1157 1227 1307 
SCL #err deg : 6431 / 9500
SCL #err weighted degeneracy : 6298 6312 6295 6256 6286 6320 
degeneracy helps : 1158 1128 1215 1343 1382 1429 
degeneracy worse : 1027 1015 1082 1168 1237 1318 
SCL #err deg : 6491 / 9600
SCL #err weighted degeneracy : 6363 6377 6359 6321 6353 6387 
degeneracy helps : 1171 1141 1228 1358 1396 1444 
degeneracy worse : 1045 1033 1099 1188 1258 1340 
SCL #err deg : 6557 / 9700
SCL #err weighted degeneracy : 6423 6437 6418 6384 6416 6450 
degeneracy helps : 1186 1156 1244 1374 1413 1461 
degeneracy worse : 1054 1042 1108 1201 1272 1354 
SCL #err deg : 6626 / 9800
SCL #err weighted degeneracy : 6488 6500 6483 6448 6480 6512 
degeneracy helps : 1203 1173 1262 1391 1430 1480 
degeneracy worse : 1067 1053 1122 1213 1284 1366 
SCL #err deg : 6688 / 9900
SCL #err weighted degeneracy : 6549 6562 6544 6515 6548 6580 
degeneracy helps : 1213 1183 1271 1400 1438 1489 
degeneracy worse : 1076 1063 1130 1227 1298 1381 
SCL #err deg : 6759 / 10000
SCL #err weighted degeneracy : 6617 6629 6612 6584 6618 6648 
degeneracy helps : 1224 1195 1282 1413 1450 1503 
degeneracy worse : 1084 1071 1138 1238 1309 1392 
average #flips: 21.7605
SCL #err considering degeneracy: 6759
error due to equal 335
error due to SCL smaller 6424
Finish in 1095 s
