Simulation Polar syndrome FASTER N=128, K=65, l=128, pz=0.1, #samples=10000, seed=7348
PW construction
Event generator random seed: 7348
SCL #err deg : 26 / 100
SCL #err weighted degeneracy : 24 24 26 28 30 31 
degeneracy helps : 8 8 7 7 6 6 
degeneracy worse : 6 6 7 9 10 11 
SCL #err deg : 53 / 200
SCL #err weighted degeneracy : 49 49 52 56 56 58 
degeneracy helps : 15 15 14 15 14 14 
degeneracy worse : 11 11 13 18 17 19 
SCL #err deg : 78 / 300
SCL #err weighted degeneracy : 70 70 73 79 80 84 
degeneracy helps : 26 26 26 29 28 28 
degeneracy worse : 19 19 21 30 30 34 
SCL #err deg : 108 / 400
SCL #err weighted degeneracy : 98 98 102 111 112 116 
degeneracy helps : 33 33 33 37 36 37 
degeneracy worse : 24 24 27 40 40 45 
SCL #err deg : 136 / 500
SCL #err weighted degeneracy : 123 123 126 135 139 144 
degeneracy helps : 43 44 45 49 47 48 
degeneracy worse : 33 33 36 48 50 56 
SCL #err deg : 160 / 600
SCL #err weighted degeneracy : 143 143 146 157 162 169 
degeneracy helps : 53 54 55 60 58 59 
degeneracy worse : 39 39 42 57 60 68 
SCL #err deg : 193 / 700
SCL #err weighted degeneracy : 170 170 174 184 188 195 
degeneracy helps : 65 66 67 73 72 72 
degeneracy worse : 45 45 49 64 67 74 
SCL #err deg : 222 / 800
SCL #err weighted degeneracy : 195 195 200 214 219 227 
degeneracy helps : 76 77 76 81 80 81 
degeneracy worse : 52 52 56 73 77 86 
SCL #err deg : 250 / 900
SCL #err weighted degeneracy : 222 222 227 242 250 259 
degeneracy helps : 82 83 82 88 87 87 
degeneracy worse : 57 57 61 80 87 96 
SCL #err deg : 277 / 1000
SCL #err weighted degeneracy : 248 248 253 268 278 286 
degeneracy helps : 90 91 91 97 96 97 
degeneracy worse : 64 64 69 88 97 106 
SCL #err deg : 309 / 1100
SCL #err weighted degeneracy : 272 272 277 295 305 311 
degeneracy helps : 103 104 104 110 109 111 
degeneracy worse : 69 69 74 96 105 113 
SCL #err deg : 335 / 1200
SCL #err weighted degeneracy : 301 301 304 323 334 342 
degeneracy helps : 110 111 114 120 119 122 
degeneracy worse : 79 79 85 108 118 129 
SCL #err deg : 363 / 1300
SCL #err weighted degeneracy : 329 329 332 355 365 373 
degeneracy helps : 118 119 122 126 126 131 
degeneracy worse : 87 87 93 118 128 141 
SCL #err deg : 391 / 1400
SCL #err weighted degeneracy : 358 358 361 383 394 405 
degeneracy helps : 123 124 127 132 133 137 
degeneracy worse : 93 93 99 124 136 151 
SCL #err deg : 409 / 1500
SCL #err weighted degeneracy : 376 376 378 400 414 427 
degeneracy helps : 129 130 135 142 143 147 
degeneracy worse : 100 100 106 133 148 165 
SCL #err deg : 443 / 1600
SCL #err weighted degeneracy : 405 405 407 431 443 459 
degeneracy helps : 140 141 146 152 156 158 
degeneracy worse : 106 106 112 140 156 174 
SCL #err deg : 473 / 1700
SCL #err weighted degeneracy : 430 430 433 457 471 488 
degeneracy helps : 151 152 157 165 169 170 
degeneracy worse : 112 112 119 149 167 185 
SCL #err deg : 500 / 1800
SCL #err weighted degeneracy : 454 454 459 481 493 512 
degeneracy helps : 161 162 166 176 182 183 
degeneracy worse : 119 119 127 157 175 195 
SCL #err deg : 529 / 1900
SCL #err weighted degeneracy : 481 481 486 511 524 544 
degeneracy helps : 168 169 173 183 189 191 
degeneracy worse : 124 124 132 165 184 206 
SCL #err deg : 559 / 2000
SCL #err weighted degeneracy : 503 503 508 538 551 573 
degeneracy helps : 181 182 187 197 204 208 
degeneracy worse : 130 130 138 176 196 222 
SCL #err deg : 589 / 2100
SCL #err weighted degeneracy : 526 526 532 564 575 597 
degeneracy helps : 191 192 197 207 217 222 
degeneracy worse : 133 133 142 182 203 230 
SCL #err deg : 613 / 2200
SCL #err weighted degeneracy : 547 547 553 586 601 623 
degeneracy helps : 201 202 207 218 228 232 
degeneracy worse : 140 140 149 191 216 242 
SCL #err deg : 638 / 2300
SCL #err weighted degeneracy : 571 571 576 611 628 652 
degeneracy helps : 211 212 217 228 237 242 
degeneracy worse : 149 149 157 201 227 256 
SCL #err deg : 655 / 2400
SCL #err weighted degeneracy : 594 594 599 635 653 677 
degeneracy helps : 217 218 223 234 243 248 
degeneracy worse : 161 161 169 214 241 270 
SCL #err deg : 681 / 2500
SCL #err weighted degeneracy : 618 618 625 660 677 704 
degeneracy helps : 227 228 232 244 254 258 
degeneracy worse : 169 169 178 223 250 281 
SCL #err deg : 712 / 2600
SCL #err weighted degeneracy : 645 645 652 688 706 732 
degeneracy helps : 237 238 242 255 267 274 
degeneracy worse : 175 175 184 231 261 294 
SCL #err deg : 739 / 2700
SCL #err weighted degeneracy : 674 674 681 720 739 767 
degeneracy helps : 242 243 247 260 272 280 
degeneracy worse : 182 182 191 241 272 308 
SCL #err deg : 770 / 2800
SCL #err weighted degeneracy : 701 701 709 751 772 801 
degeneracy helps : 252 253 257 270 282 291 
degeneracy worse : 188 188 198 251 284 322 
SCL #err deg : 801 / 2900
SCL #err weighted degeneracy : 720 720 730 776 797 827 
degeneracy helps : 265 266 268 281 294 302 
degeneracy worse : 189 189 199 256 290 328 
SCL #err deg : 828 / 3000
SCL #err weighted degeneracy : 746 746 757 804 826 857 
degeneracy helps : 274 275 277 292 305 312 
degeneracy worse : 197 197 208 268 303 341 
SCL #err deg : 854 / 3100
SCL #err weighted degeneracy : 765 765 777 824 846 884 
degeneracy helps : 285 286 288 304 317 323 
degeneracy worse : 201 201 213 274 309 353 
SCL #err deg : 883 / 3200
SCL #err weighted degeneracy : 789 789 801 850 875 913 
degeneracy helps : 294 295 297 314 325 331 
degeneracy worse : 205 205 217 281 317 361 
SCL #err deg : 906 / 3300
SCL #err weighted degeneracy : 811 811 823 875 900 940 
degeneracy helps : 301 302 304 321 333 340 
degeneracy worse : 211 211 223 290 327 374 
SCL #err deg : 926 / 3400
SCL #err weighted degeneracy : 836 836 846 900 926 968 
degeneracy helps : 306 307 310 327 339 346 
degeneracy worse : 221 221 232 301 339 388 
SCL #err deg : 944 / 3500
SCL #err weighted degeneracy : 857 857 869 927 956 998 
degeneracy helps : 312 313 315 331 343 350 
degeneracy worse : 230 230 242 314 355 404 
SCL #err deg : 973 / 3600
SCL #err weighted degeneracy : 888 888 900 961 992 1036 
degeneracy helps : 322 323 325 341 353 360 
degeneracy worse : 243 243 255 329 372 423 
SCL #err deg : 999 / 3700
SCL #err weighted degeneracy : 913 913 925 989 1019 1064 
degeneracy helps : 333 335 337 353 366 371 
degeneracy worse : 254 254 266 343 386 436 
SCL #err deg : 1024 / 3800
SCL #err weighted degeneracy : 944 944 956 1019 1051 1098 
degeneracy helps : 341 343 344 361 375 380 
degeneracy worse : 268 268 279 356 402 454 
SCL #err deg : 1038 / 3900
SCL #err weighted degeneracy : 956 956 968 1035 1071 1119 
degeneracy helps : 348 350 351 367 380 384 
degeneracy worse : 273 273 284 364 413 465 
SCL #err deg : 1059 / 4000
SCL #err weighted degeneracy : 981 981 992 1060 1099 1150 
degeneracy helps : 354 356 358 374 387 390 
degeneracy worse : 283 283 294 375 427 481 
SCL #err deg : 1094 / 4100
SCL #err weighted degeneracy : 1014 1014 1025 1094 1134 1187 
degeneracy helps : 363 365 367 383 396 399 
degeneracy worse : 290 290 301 383 436 492 
SCL #err deg : 1114 / 4200
SCL #err weighted degeneracy : 1031 1031 1042 1112 1155 1213 
degeneracy helps : 369 371 373 389 401 402 
degeneracy worse : 293 293 304 387 442 501 
SCL #err deg : 1146 / 4300
SCL #err weighted degeneracy : 1058 1058 1070 1142 1187 1248 
degeneracy helps : 381 383 385 402 414 413 
degeneracy worse : 300 300 312 398 455 515 
SCL #err deg : 1168 / 4400
SCL #err weighted degeneracy : 1082 1082 1094 1166 1214 1277 
degeneracy helps : 387 389 391 409 421 421 
degeneracy worse : 308 308 320 407 467 530 
SCL #err deg : 1200 / 4500
SCL #err weighted degeneracy : 1109 1109 1122 1199 1248 1314 
degeneracy helps : 400 402 404 422 434 433 
degeneracy worse : 316 316 329 421 482 547 
SCL #err deg : 1229 / 4600
SCL #err weighted degeneracy : 1134 1134 1147 1228 1280 1346 
degeneracy helps : 409 411 413 431 442 443 
degeneracy worse : 321 321 334 430 493 560 
SCL #err deg : 1254 / 4700
SCL #err weighted degeneracy : 1157 1157 1170 1252 1306 1373 
degeneracy helps : 417 419 421 439 452 454 
degeneracy worse : 327 327 340 437 504 573 
SCL #err deg : 1286 / 4800
SCL #err weighted degeneracy : 1181 1181 1193 1277 1335 1402 
degeneracy helps : 429 431 434 452 465 467 
degeneracy worse : 331 331 344 443 514 583 
SCL #err deg : 1308 / 4900
SCL #err weighted degeneracy : 1210 1210 1222 1306 1366 1434 
degeneracy helps : 435 437 440 458 470 472 
degeneracy worse : 344 344 357 456 528 598 
SCL #err deg : 1338 / 5000
SCL #err weighted degeneracy : 1236 1236 1248 1334 1394 1465 
degeneracy helps : 442 444 447 466 479 480 
degeneracy worse : 347 347 360 462 535 607 
SCL #err deg : 1364 / 5100
SCL #err weighted degeneracy : 1259 1259 1271 1359 1419 1491 
degeneracy helps : 449 451 455 474 490 491 
degeneracy worse : 352 352 365 469 545 618 
SCL #err deg : 1398 / 5200
SCL #err weighted degeneracy : 1284 1284 1296 1386 1447 1521 
degeneracy helps : 461 463 468 488 505 505 
degeneracy worse : 356 356 370 476 554 628 
SCL #err deg : 1424 / 5300
SCL #err weighted degeneracy : 1310 1310 1323 1415 1476 1553 
degeneracy helps : 467 469 474 494 511 512 
degeneracy worse : 362 362 377 485 563 641 
SCL #err deg : 1453 / 5400
SCL #err weighted degeneracy : 1338 1338 1352 1444 1506 1585 
degeneracy helps : 474 476 480 501 518 519 
degeneracy worse : 368 368 383 492 571 651 
SCL #err deg : 1478 / 5500
SCL #err weighted degeneracy : 1360 1360 1375 1467 1529 1607 
degeneracy helps : 486 488 492 514 531 533 
degeneracy worse : 377 377 393 503 582 662 
SCL #err deg : 1503 / 5600
SCL #err weighted degeneracy : 1390 1390 1405 1499 1562 1641 
degeneracy helps : 490 492 497 519 535 538 
degeneracy worse : 386 386 403 515 594 676 
SCL #err deg : 1534 / 5700
SCL #err weighted degeneracy : 1416 1416 1431 1524 1586 1666 
degeneracy helps : 499 501 506 529 546 550 
degeneracy worse : 390 390 407 519 598 682 
SCL #err deg : 1565 / 5800
SCL #err weighted degeneracy : 1438 1438 1453 1547 1610 1693 
degeneracy helps : 515 517 522 546 563 567 
degeneracy worse : 397 397 414 528 608 695 
SCL #err deg : 1594 / 5900
SCL #err weighted degeneracy : 1466 1466 1483 1577 1642 1726 
degeneracy helps : 520 522 527 551 569 572 
degeneracy worse : 401 401 420 534 617 704 
SCL #err deg : 1624 / 6000
SCL #err weighted degeneracy : 1493 1493 1511 1606 1671 1753 
degeneracy helps : 529 531 536 560 579 582 
degeneracy worse : 407 407 427 542 626 711 
SCL #err deg : 1643 / 6100
SCL #err weighted degeneracy : 1512 1512 1531 1628 1695 1777 
degeneracy helps : 537 539 544 568 587 590 
degeneracy worse : 415 415 436 553 639 724 
SCL #err deg : 1666 / 6200
SCL #err weighted degeneracy : 1534 1534 1553 1651 1719 1801 
degeneracy helps : 545 547 554 578 597 600 
degeneracy worse : 423 423 445 563 650 735 
SCL #err deg : 1688 / 6300
SCL #err weighted degeneracy : 1551 1551 1570 1671 1740 1824 
degeneracy helps : 554 556 563 588 607 611 
degeneracy worse : 427 427 449 571 659 747 
SCL #err deg : 1714 / 6400
SCL #err weighted degeneracy : 1571 1571 1593 1696 1767 1852 
degeneracy helps : 564 566 572 597 616 620 
degeneracy worse : 431 431 455 579 669 758 
SCL #err deg : 1742 / 6500
SCL #err weighted degeneracy : 1594 1594 1616 1722 1794 1880 
degeneracy helps : 573 575 581 605 625 629 
degeneracy worse : 435 435 459 585 677 767 
SCL #err deg : 1765 / 6600
SCL #err weighted degeneracy : 1615 1615 1638 1747 1817 1903 
degeneracy helps : 581 583 589 613 635 640 
degeneracy worse : 441 441 466 595 687 778 
SCL #err deg : 1791 / 6700
SCL #err weighted degeneracy : 1631 1631 1654 1765 1838 1927 
degeneracy helps : 595 597 603 626 648 652 
degeneracy worse : 445 445 470 600 695 788 
SCL #err deg : 1818 / 6800
SCL #err weighted degeneracy : 1656 1656 1680 1794 1871 1959 
degeneracy helps : 604 606 612 635 657 662 
degeneracy worse : 452 452 478 611 710 803 
SCL #err deg : 1848 / 6900
SCL #err weighted degeneracy : 1684 1684 1706 1818 1897 1990 
degeneracy helps : 613 615 622 648 670 674 
degeneracy worse : 459 459 484 618 719 816 
SCL #err deg : 1874 / 7000
SCL #err weighted degeneracy : 1704 1704 1727 1841 1921 2018 
degeneracy helps : 621 623 629 655 676 679 
degeneracy worse : 461 461 486 622 723 823 
SCL #err deg : 1898 / 7100
SCL #err weighted degeneracy : 1722 1722 1745 1860 1944 2043 
degeneracy helps : 633 636 642 667 687 690 
degeneracy worse : 468 468 493 629 733 835 
SCL #err deg : 1924 / 7200
SCL #err weighted degeneracy : 1744 1744 1765 1883 1969 2068 
degeneracy helps : 646 649 657 681 700 702 
degeneracy worse : 477 477 502 640 745 846 
SCL #err deg : 1947 / 7300
SCL #err weighted degeneracy : 1772 1772 1792 1909 1996 2098 
degeneracy helps : 648 651 660 685 704 706 
degeneracy worse : 484 484 509 647 753 857 
SCL #err deg : 1976 / 7400
SCL #err weighted degeneracy : 1796 1796 1817 1937 2024 2129 
degeneracy helps : 657 660 669 693 713 715 
degeneracy worse : 488 488 514 654 761 868 
SCL #err deg : 1998 / 7500
SCL #err weighted degeneracy : 1821 1821 1843 1963 2051 2159 
degeneracy helps : 664 667 676 701 720 722 
degeneracy worse : 498 498 525 666 773 883 
SCL #err deg : 2024 / 7600
SCL #err weighted degeneracy : 1852 1852 1875 2000 2093 2197 
degeneracy helps : 666 669 678 703 722 726 
degeneracy worse : 505 505 533 679 791 899 
SCL #err deg : 2050 / 7700
SCL #err weighted degeneracy : 1877 1877 1898 2024 2119 2225 
degeneracy helps : 671 674 684 711 731 735 
degeneracy worse : 510 510 536 685 800 910 
SCL #err deg : 2067 / 7800
SCL #err weighted degeneracy : 1895 1895 1916 2042 2138 2247 
degeneracy helps : 676 679 690 717 738 742 
degeneracy worse : 516 516 543 692 809 922 
SCL #err deg : 2089 / 7900
SCL #err weighted degeneracy : 1915 1915 1937 2068 2163 2274 
degeneracy helps : 682 685 696 725 747 749 
degeneracy worse : 521 521 549 704 821 934 
SCL #err deg : 2125 / 8000
SCL #err weighted degeneracy : 1945 1945 1967 2098 2193 2304 
degeneracy helps : 693 697 708 738 760 762 
degeneracy worse : 527 527 555 711 828 941 
SCL #err deg : 2153 / 8100
SCL #err weighted degeneracy : 1970 1970 1993 2126 2224 2336 
degeneracy helps : 704 708 719 748 770 772 
degeneracy worse : 535 535 564 721 841 955 
SCL #err deg : 2179 / 8200
SCL #err weighted degeneracy : 1993 1993 2017 2150 2247 2362 
degeneracy helps : 711 715 726 757 780 781 
degeneracy worse : 540 540 570 728 848 964 
SCL #err deg : 2207 / 8300
SCL #err weighted degeneracy : 2015 2015 2040 2172 2272 2388 
degeneracy helps : 719 723 735 768 790 792 
degeneracy worse : 544 544 575 733 855 973 
SCL #err deg : 2235 / 8400
SCL #err weighted degeneracy : 2047 2047 2072 2202 2299 2417 
degeneracy helps : 726 730 742 777 801 803 
degeneracy worse : 555 555 586 744 865 985 
SCL #err deg : 2265 / 8500
SCL #err weighted degeneracy : 2077 2077 2102 2233 2332 2452 
degeneracy helps : 735 739 751 786 809 811 
degeneracy worse : 564 564 595 754 876 998 
SCL #err deg : 2296 / 8600
SCL #err weighted degeneracy : 2108 2108 2133 2262 2363 2485 
degeneracy helps : 745 749 761 798 821 823 
degeneracy worse : 574 574 605 764 888 1012 
SCL #err deg : 2322 / 8700
SCL #err weighted degeneracy : 2130 2130 2155 2285 2386 2509 
degeneracy helps : 755 759 771 808 832 833 
degeneracy worse : 580 580 611 771 896 1020 
SCL #err deg : 2348 / 8800
SCL #err weighted degeneracy : 2154 2154 2178 2312 2413 2540 
degeneracy helps : 761 765 778 816 841 841 
degeneracy worse : 584 584 615 780 906 1033 
SCL #err deg : 2375 / 8900
SCL #err weighted degeneracy : 2183 2183 2208 2343 2447 2577 
degeneracy helps : 767 771 784 822 847 846 
degeneracy worse : 592 592 624 790 919 1048 
SCL #err deg : 2400 / 9000
SCL #err weighted degeneracy : 2207 2207 2233 2369 2474 2604 
degeneracy helps : 778 782 795 833 857 856 
degeneracy worse : 602 602 635 802 931 1060 
SCL #err deg : 2429 / 9100
SCL #err weighted degeneracy : 2239 2239 2264 2402 2510 2639 
degeneracy helps : 784 788 801 839 862 862 
degeneracy worse : 611 611 643 812 943 1072 
SCL #err deg : 2458 / 9200
SCL #err weighted degeneracy : 2264 2264 2289 2428 2536 2663 
degeneracy helps : 798 802 815 852 876 878 
degeneracy worse : 621 621 653 822 954 1083 
SCL #err deg : 2491 / 9300
SCL #err weighted degeneracy : 2295 2295 2319 2457 2566 2691 
degeneracy helps : 807 811 826 863 887 889 
degeneracy worse : 628 628 661 829 962 1089 
SCL #err deg : 2509 / 9400
SCL #err weighted degeneracy : 2313 2313 2338 2480 2591 2716 
degeneracy helps : 813 817 832 869 893 895 
degeneracy worse : 634 634 668 840 975 1102 
SCL #err deg : 2535 / 9500
SCL #err weighted degeneracy : 2334 2334 2359 2501 2612 2738 
degeneracy helps : 823 827 842 879 904 906 
degeneracy worse : 639 639 673 845 981 1109 
SCL #err deg : 2562 / 9600
SCL #err weighted degeneracy : 2357 2357 2382 2530 2641 2769 
degeneracy helps : 834 838 853 889 915 917 
degeneracy worse : 646 646 680 857 994 1124 
SCL #err deg : 2597 / 9700
SCL #err weighted degeneracy : 2391 2391 2418 2565 2677 2806 
degeneracy helps : 843 847 862 899 925 926 
degeneracy worse : 654 654 690 867 1005 1135 
SCL #err deg : 2621 / 9800
SCL #err weighted degeneracy : 2411 2411 2436 2585 2700 2833 
degeneracy helps : 850 854 871 908 934 936 
degeneracy worse : 657 657 693 872 1013 1148 
SCL #err deg : 2641 / 9900
SCL #err weighted degeneracy : 2436 2436 2463 2617 2732 2867 
degeneracy helps : 855 859 876 913 938 940 
degeneracy worse : 667 667 705 889 1029 1166 
SCL #err deg : 2665 / 10000
SCL #err weighted degeneracy : 2463 2463 2489 2640 2755 2891 
degeneracy helps : 861 865 882 921 947 948 
degeneracy worse : 676 676 713 896 1037 1174 
average #flips: 12.8332
SCL #err considering degeneracy: 2665
error due to equal 1330
error due to SCL smaller 1335
Finish in 1078 s
