Simulation Polar syndrome FASTER N=128, K=65, l=128, pz=0.16, #samples=10000, seed=7348
PW construction
Event generator random seed: 7348
SCL #err deg : 58 / 100
SCL #err weighted degeneracy : 68 68 67 65 67 69 
degeneracy helps : 8 8 9 10 10 9 
degeneracy worse : 18 18 18 17 19 20 
SCL #err deg : 119 / 200
SCL #err weighted degeneracy : 134 134 133 128 134 136 
degeneracy helps : 15 15 16 21 20 19 
degeneracy worse : 30 30 30 30 35 36 
SCL #err deg : 181 / 300
SCL #err weighted degeneracy : 203 203 202 197 202 205 
degeneracy helps : 23 23 25 33 33 31 
degeneracy worse : 45 45 46 49 54 55 
SCL #err deg : 246 / 400
SCL #err weighted degeneracy : 268 268 267 262 267 270 
degeneracy helps : 35 35 38 48 48 47 
degeneracy worse : 57 57 59 64 69 71 
SCL #err deg : 317 / 500
SCL #err weighted degeneracy : 332 332 330 326 328 331 
degeneracy helps : 50 50 54 64 66 65 
degeneracy worse : 65 65 67 73 77 79 
SCL #err deg : 374 / 600
SCL #err weighted degeneracy : 389 389 386 383 386 391 
degeneracy helps : 64 64 69 79 82 79 
degeneracy worse : 79 79 81 88 94 96 
SCL #err deg : 443 / 700
SCL #err weighted degeneracy : 457 457 451 450 451 455 
degeneracy helps : 74 74 82 92 97 95 
degeneracy worse : 88 88 90 99 105 107 
SCL #err deg : 503 / 800
SCL #err weighted degeneracy : 515 515 510 508 510 513 
degeneracy helps : 85 85 93 105 111 111 
degeneracy worse : 97 97 100 110 118 121 
SCL #err deg : 567 / 900
SCL #err weighted degeneracy : 574 573 571 571 574 576 
degeneracy helps : 101 102 108 120 126 126 
degeneracy worse : 108 108 112 124 133 135 
SCL #err deg : 634 / 1000
SCL #err weighted degeneracy : 639 638 638 638 639 641 
degeneracy helps : 111 112 117 130 138 138 
degeneracy worse : 116 116 121 134 143 145 
SCL #err deg : 694 / 1100
SCL #err weighted degeneracy : 700 700 698 701 700 702 
degeneracy helps : 122 122 130 143 153 154 
degeneracy worse : 128 128 134 150 159 162 
SCL #err deg : 755 / 1200
SCL #err weighted degeneracy : 760 760 755 756 756 762 
degeneracy helps : 137 137 146 160 169 168 
degeneracy worse : 142 142 146 161 170 175 
SCL #err deg : 820 / 1300
SCL #err weighted degeneracy : 820 820 815 816 815 822 
degeneracy helps : 154 154 164 178 188 187 
degeneracy worse : 154 154 159 174 183 189 
SCL #err deg : 875 / 1400
SCL #err weighted degeneracy : 876 876 873 874 872 880 
degeneracy helps : 163 163 173 190 202 201 
degeneracy worse : 164 164 171 189 199 206 
SCL #err deg : 942 / 1500
SCL #err weighted degeneracy : 935 935 931 933 931 939 
degeneracy helps : 180 180 192 209 222 222 
degeneracy worse : 173 173 181 200 211 219 
SCL #err deg : 1006 / 1600
SCL #err weighted degeneracy : 991 991 986 987 983 994 
degeneracy helps : 196 196 209 229 245 245 
degeneracy worse : 181 181 189 210 222 233 
SCL #err deg : 1070 / 1700
SCL #err weighted degeneracy : 1047 1047 1042 1044 1041 1052 
degeneracy helps : 216 216 229 250 266 264 
degeneracy worse : 193 193 201 224 237 246 
SCL #err deg : 1143 / 1800
SCL #err weighted degeneracy : 1114 1114 1110 1112 1108 1119 
degeneracy helps : 229 229 242 264 282 281 
degeneracy worse : 200 200 209 233 247 257 
SCL #err deg : 1201 / 1900
SCL #err weighted degeneracy : 1176 1177 1171 1175 1172 1186 
degeneracy helps : 237 236 250 272 290 286 
degeneracy worse : 212 212 220 246 261 271 
SCL #err deg : 1273 / 2000
SCL #err weighted degeneracy : 1244 1244 1240 1248 1243 1256 
degeneracy helps : 249 249 262 284 304 301 
degeneracy worse : 220 220 229 259 274 284 
SCL #err deg : 1334 / 2100
SCL #err weighted degeneracy : 1299 1300 1297 1302 1297 1308 
degeneracy helps : 263 263 275 300 321 319 
degeneracy worse : 228 229 238 268 284 293 
SCL #err deg : 1396 / 2200
SCL #err weighted degeneracy : 1360 1362 1358 1368 1364 1374 
degeneracy helps : 276 275 288 314 336 334 
degeneracy worse : 240 241 250 286 304 312 
SCL #err deg : 1467 / 2300
SCL #err weighted degeneracy : 1429 1431 1425 1434 1431 1444 
degeneracy helps : 290 289 304 333 355 352 
degeneracy worse : 252 253 262 300 319 329 
SCL #err deg : 1527 / 2400
SCL #err weighted degeneracy : 1486 1489 1483 1495 1495 1508 
degeneracy helps : 307 305 321 350 372 369 
degeneracy worse : 266 267 277 318 340 350 
SCL #err deg : 1581 / 2500
SCL #err weighted degeneracy : 1548 1550 1546 1555 1557 1571 
degeneracy helps : 314 314 328 360 381 379 
degeneracy worse : 282 283 293 334 357 369 
SCL #err deg : 1646 / 2600
SCL #err weighted degeneracy : 1608 1610 1604 1612 1611 1625 
degeneracy helps : 328 328 344 378 401 401 
degeneracy worse : 291 292 302 344 366 380 
SCL #err deg : 1710 / 2700
SCL #err weighted degeneracy : 1667 1669 1664 1673 1670 1683 
degeneracy helps : 346 346 361 395 421 420 
degeneracy worse : 304 305 315 358 381 393 
SCL #err deg : 1773 / 2800
SCL #err weighted degeneracy : 1735 1736 1731 1739 1735 1749 
degeneracy helps : 356 356 371 406 433 432 
degeneracy worse : 319 319 329 372 395 408 
SCL #err deg : 1839 / 2900
SCL #err weighted degeneracy : 1801 1803 1798 1806 1800 1812 
degeneracy helps : 368 367 384 418 447 448 
degeneracy worse : 331 331 343 385 408 421 
SCL #err deg : 1903 / 3000
SCL #err weighted degeneracy : 1865 1867 1860 1868 1861 1874 
degeneracy helps : 376 375 394 431 462 462 
degeneracy worse : 339 339 351 396 420 433 
SCL #err deg : 1971 / 3100
SCL #err weighted degeneracy : 1928 1930 1922 1931 1925 1938 
degeneracy helps : 391 390 410 449 479 480 
degeneracy worse : 349 349 361 409 433 447 
SCL #err deg : 2036 / 3200
SCL #err weighted degeneracy : 1987 1989 1983 1995 1988 2001 
degeneracy helps : 402 401 421 460 491 492 
degeneracy worse : 354 354 368 419 443 457 
SCL #err deg : 2093 / 3300
SCL #err weighted degeneracy : 2042 2045 2039 2052 2047 2059 
degeneracy helps : 415 413 434 472 501 505 
degeneracy worse : 365 365 380 431 455 471 
SCL #err deg : 2157 / 3400
SCL #err weighted degeneracy : 2098 2102 2095 2108 2103 2117 
degeneracy helps : 431 428 450 490 519 524 
degeneracy worse : 373 373 388 441 465 484 
SCL #err deg : 2224 / 3500
SCL #err weighted degeneracy : 2162 2166 2159 2170 2164 2177 
degeneracy helps : 444 441 464 507 540 546 
degeneracy worse : 384 384 399 453 480 499 
SCL #err deg : 2293 / 3600
SCL #err weighted degeneracy : 2226 2232 2222 2233 2227 2240 
degeneracy helps : 458 453 479 524 558 565 
degeneracy worse : 393 393 408 464 492 512 
SCL #err deg : 2357 / 3700
SCL #err weighted degeneracy : 2288 2293 2286 2294 2288 2302 
degeneracy helps : 470 466 490 537 571 578 
degeneracy worse : 403 403 419 474 502 523 
SCL #err deg : 2420 / 3800
SCL #err weighted degeneracy : 2354 2358 2352 2362 2356 2372 
degeneracy helps : 481 477 501 548 582 590 
degeneracy worse : 417 416 433 490 518 542 
SCL #err deg : 2491 / 3900
SCL #err weighted degeneracy : 2424 2428 2420 2427 2420 2435 
degeneracy helps : 494 490 517 567 601 610 
degeneracy worse : 429 428 446 503 530 554 
SCL #err deg : 2553 / 4000
SCL #err weighted degeneracy : 2484 2487 2480 2491 2486 2501 
degeneracy helps : 507 504 531 582 616 625 
degeneracy worse : 441 439 458 520 549 573 
SCL #err deg : 2624 / 4100
SCL #err weighted degeneracy : 2550 2552 2545 2557 2551 2568 
degeneracy helps : 519 516 544 596 632 639 
degeneracy worse : 448 445 465 529 559 583 
SCL #err deg : 2690 / 4200
SCL #err weighted degeneracy : 2604 2606 2598 2610 2605 2625 
degeneracy helps : 538 534 564 619 655 660 
degeneracy worse : 455 452 472 539 570 595 
SCL #err deg : 2751 / 4300
SCL #err weighted degeneracy : 2669 2671 2663 2674 2670 2688 
degeneracy helps : 548 544 574 631 667 674 
degeneracy worse : 469 466 486 554 586 611 
SCL #err deg : 2816 / 4400
SCL #err weighted degeneracy : 2726 2727 2720 2732 2730 2748 
degeneracy helps : 564 561 590 647 683 690 
degeneracy worse : 478 475 494 563 597 622 
SCL #err deg : 2884 / 4500
SCL #err weighted degeneracy : 2787 2788 2781 2793 2791 2811 
degeneracy helps : 579 576 605 663 699 704 
degeneracy worse : 486 483 502 572 606 631 
SCL #err deg : 2950 / 4600
SCL #err weighted degeneracy : 2852 2853 2846 2859 2857 2873 
degeneracy helps : 593 590 620 678 715 720 
degeneracy worse : 499 496 516 587 622 643 
SCL #err deg : 3004 / 4700
SCL #err weighted degeneracy : 2907 2908 2903 2917 2917 2933 
degeneracy helps : 605 602 632 692 728 733 
degeneracy worse : 512 509 531 605 641 662 
SCL #err deg : 3071 / 4800
SCL #err weighted degeneracy : 2966 2967 2964 2974 2974 2990 
degeneracy helps : 619 616 645 708 744 749 
degeneracy worse : 518 515 538 611 647 668 
SCL #err deg : 3139 / 4900
SCL #err weighted degeneracy : 3032 3033 3031 3039 3040 3059 
degeneracy helps : 633 629 658 723 760 764 
degeneracy worse : 530 526 550 623 661 684 
SCL #err deg : 3204 / 5000
SCL #err weighted degeneracy : 3094 3095 3091 3101 3104 3125 
degeneracy helps : 645 640 672 736 773 779 
degeneracy worse : 539 534 559 633 673 700 
SCL #err deg : 3270 / 5100
SCL #err weighted degeneracy : 3152 3153 3147 3156 3158 3181 
degeneracy helps : 659 654 687 752 789 794 
degeneracy worse : 545 540 564 638 677 705 
SCL #err deg : 3340 / 5200
SCL #err weighted degeneracy : 3216 3217 3211 3219 3221 3243 
degeneracy helps : 675 670 703 770 807 814 
degeneracy worse : 555 550 574 649 688 717 
SCL #err deg : 3412 / 5300
SCL #err weighted degeneracy : 3285 3286 3280 3286 3287 3311 
degeneracy helps : 689 684 717 787 826 832 
degeneracy worse : 566 561 585 661 701 731 
SCL #err deg : 3469 / 5400
SCL #err weighted degeneracy : 3346 3347 3343 3350 3351 3374 
degeneracy helps : 699 694 726 796 837 844 
degeneracy worse : 580 575 600 677 719 749 
SCL #err deg : 3536 / 5500
SCL #err weighted degeneracy : 3414 3415 3411 3416 3414 3439 
degeneracy helps : 706 701 734 806 850 858 
degeneracy worse : 588 583 609 686 728 761 
SCL #err deg : 3593 / 5600
SCL #err weighted degeneracy : 3476 3477 3472 3477 3478 3503 
degeneracy helps : 714 709 742 816 860 869 
degeneracy worse : 601 596 621 700 745 779 
SCL #err deg : 3668 / 5700
SCL #err weighted degeneracy : 3540 3542 3536 3541 3542 3566 
degeneracy helps : 730 724 758 833 878 888 
degeneracy worse : 606 601 626 706 752 786 
SCL #err deg : 3735 / 5800
SCL #err weighted degeneracy : 3604 3606 3599 3606 3604 3629 
degeneracy helps : 743 737 772 846 894 903 
degeneracy worse : 616 611 636 717 763 797 
SCL #err deg : 3800 / 5900
SCL #err weighted degeneracy : 3660 3662 3656 3661 3661 3688 
degeneracy helps : 762 756 792 869 917 926 
degeneracy worse : 626 621 648 730 778 814 
SCL #err deg : 3861 / 6000
SCL #err weighted degeneracy : 3716 3718 3710 3715 3714 3742 
degeneracy helps : 779 773 810 887 937 947 
degeneracy worse : 638 633 659 741 790 828 
SCL #err deg : 3924 / 6100
SCL #err weighted degeneracy : 3781 3783 3776 3781 3782 3811 
degeneracy helps : 788 782 818 897 947 956 
degeneracy worse : 649 644 670 754 805 843 
SCL #err deg : 3992 / 6200
SCL #err weighted degeneracy : 3840 3842 3834 3839 3841 3871 
degeneracy helps : 805 799 837 917 968 978 
degeneracy worse : 657 652 679 764 817 857 
SCL #err deg : 4056 / 6300
SCL #err weighted degeneracy : 3904 3905 3896 3901 3903 3934 
degeneracy helps : 821 815 853 932 983 992 
degeneracy worse : 673 667 693 777 830 870 
SCL #err deg : 4123 / 6400
SCL #err weighted degeneracy : 3965 3966 3958 3960 3960 3990 
degeneracy helps : 835 829 867 949 1002 1014 
degeneracy worse : 681 675 702 786 839 881 
SCL #err deg : 4192 / 6500
SCL #err weighted degeneracy : 4034 4036 4027 4031 4030 4059 
degeneracy helps : 844 837 877 960 1015 1029 
degeneracy worse : 690 684 712 799 853 896 
SCL #err deg : 4263 / 6600
SCL #err weighted degeneracy : 4102 4104 4094 4096 4096 4123 
degeneracy helps : 859 852 892 977 1032 1048 
degeneracy worse : 702 696 723 810 865 908 
SCL #err deg : 4320 / 6700
SCL #err weighted degeneracy : 4163 4165 4156 4155 4159 4186 
degeneracy helps : 873 866 906 993 1047 1063 
degeneracy worse : 720 714 742 828 886 929 
SCL #err deg : 4385 / 6800
SCL #err weighted degeneracy : 4228 4230 4220 4220 4225 4251 
degeneracy helps : 884 877 918 1004 1059 1076 
degeneracy worse : 731 725 753 839 899 942 
SCL #err deg : 4452 / 6900
SCL #err weighted degeneracy : 4294 4296 4288 4291 4299 4324 
degeneracy helps : 898 891 931 1017 1071 1091 
degeneracy worse : 744 738 767 856 918 963 
SCL #err deg : 4521 / 7000
SCL #err weighted degeneracy : 4362 4364 4356 4360 4368 4394 
degeneracy helps : 909 902 942 1028 1083 1103 
degeneracy worse : 754 748 777 867 930 976 
SCL #err deg : 4591 / 7100
SCL #err weighted degeneracy : 4429 4431 4423 4428 4435 4458 
degeneracy helps : 923 916 958 1044 1101 1124 
degeneracy worse : 765 759 790 881 945 991 
SCL #err deg : 4660 / 7200
SCL #err weighted degeneracy : 4493 4495 4486 4492 4499 4523 
degeneracy helps : 939 931 975 1060 1117 1141 
degeneracy worse : 776 770 801 892 956 1004 
SCL #err deg : 4717 / 7300
SCL #err weighted degeneracy : 4543 4545 4537 4542 4550 4579 
degeneracy helps : 955 946 991 1078 1136 1159 
degeneracy worse : 785 779 811 903 969 1021 
SCL #err deg : 4788 / 7400
SCL #err weighted degeneracy : 4605 4609 4601 4606 4613 4641 
degeneracy helps : 969 958 1005 1095 1155 1180 
degeneracy worse : 790 784 818 913 980 1033 
SCL #err deg : 4854 / 7500
SCL #err weighted degeneracy : 4665 4669 4661 4671 4677 4703 
degeneracy helps : 984 973 1021 1109 1170 1197 
degeneracy worse : 799 793 828 926 993 1046 
SCL #err deg : 4922 / 7600
SCL #err weighted degeneracy : 4728 4732 4725 4734 4740 4765 
degeneracy helps : 1002 991 1038 1129 1190 1219 
degeneracy worse : 812 806 841 941 1008 1062 
SCL #err deg : 4990 / 7700
SCL #err weighted degeneracy : 4791 4795 4787 4799 4805 4829 
degeneracy helps : 1015 1004 1052 1141 1202 1232 
degeneracy worse : 820 814 849 950 1017 1071 
SCL #err deg : 5050 / 7800
SCL #err weighted degeneracy : 4849 4853 4846 4860 4870 4893 
degeneracy helps : 1028 1017 1064 1153 1214 1246 
degeneracy worse : 831 825 860 963 1034 1089 
SCL #err deg : 5114 / 7900
SCL #err weighted degeneracy : 4914 4918 4910 4923 4932 4956 
degeneracy helps : 1035 1024 1072 1163 1225 1257 
degeneracy worse : 839 833 868 972 1043 1099 
SCL #err deg : 5184 / 8000
SCL #err weighted degeneracy : 4983 4987 4978 4993 5005 5026 
degeneracy helps : 1044 1033 1082 1174 1236 1270 
degeneracy worse : 847 841 876 983 1057 1112 
SCL #err deg : 5252 / 8100
SCL #err weighted degeneracy : 5052 5056 5048 5065 5077 5100 
degeneracy helps : 1054 1043 1092 1184 1247 1281 
degeneracy worse : 858 852 888 997 1072 1129 
SCL #err deg : 5315 / 8200
SCL #err weighted degeneracy : 5117 5121 5112 5128 5139 5164 
degeneracy helps : 1067 1056 1105 1198 1263 1295 
degeneracy worse : 873 867 902 1011 1087 1144 
SCL #err deg : 5380 / 8300
SCL #err weighted degeneracy : 5180 5184 5174 5188 5201 5226 
degeneracy helps : 1077 1066 1118 1213 1277 1310 
degeneracy worse : 881 875 912 1021 1098 1156 
SCL #err deg : 5443 / 8400
SCL #err weighted degeneracy : 5246 5250 5239 5252 5262 5288 
degeneracy helps : 1088 1077 1131 1228 1294 1327 
degeneracy worse : 895 889 927 1037 1113 1172 
SCL #err deg : 5504 / 8500
SCL #err weighted degeneracy : 5304 5308 5299 5310 5320 5347 
degeneracy helps : 1102 1091 1143 1243 1309 1341 
degeneracy worse : 906 900 938 1049 1125 1184 
SCL #err deg : 5567 / 8600
SCL #err weighted degeneracy : 5366 5370 5363 5370 5382 5410 
degeneracy helps : 1114 1103 1154 1259 1324 1356 
degeneracy worse : 917 911 950 1062 1139 1199 
SCL #err deg : 5630 / 8700
SCL #err weighted degeneracy : 5428 5432 5425 5434 5446 5473 
degeneracy helps : 1128 1117 1170 1275 1340 1373 
degeneracy worse : 930 924 965 1079 1156 1216 
SCL #err deg : 5691 / 8800
SCL #err weighted degeneracy : 5484 5488 5482 5494 5506 5536 
degeneracy helps : 1140 1129 1183 1288 1353 1385 
degeneracy worse : 937 931 974 1091 1168 1230 
SCL #err deg : 5751 / 8900
SCL #err weighted degeneracy : 5539 5543 5536 5555 5572 5601 
degeneracy helps : 1155 1144 1199 1302 1366 1398 
degeneracy worse : 947 941 984 1106 1187 1248 
SCL #err deg : 5812 / 9000
SCL #err weighted degeneracy : 5599 5603 5597 5616 5630 5661 
degeneracy helps : 1167 1155 1211 1314 1381 1414 
degeneracy worse : 958 952 996 1118 1199 1263 
SCL #err deg : 5870 / 9100
SCL #err weighted degeneracy : 5661 5666 5657 5676 5692 5725 
degeneracy helps : 1176 1163 1222 1327 1393 1426 
degeneracy worse : 971 965 1009 1133 1215 1281 
SCL #err deg : 5933 / 9200
SCL #err weighted degeneracy : 5719 5724 5714 5733 5750 5782 
degeneracy helps : 1192 1179 1239 1343 1409 1444 
degeneracy worse : 982 976 1020 1143 1226 1293 
SCL #err deg : 5992 / 9300
SCL #err weighted degeneracy : 5779 5784 5773 5793 5811 5845 
degeneracy helps : 1200 1186 1247 1354 1420 1456 
degeneracy worse : 991 985 1028 1155 1239 1309 
SCL #err deg : 6057 / 9400
SCL #err weighted degeneracy : 5846 5851 5838 5857 5879 5914 
degeneracy helps : 1210 1196 1258 1366 1431 1466 
degeneracy worse : 1003 997 1039 1166 1253 1323 
SCL #err deg : 6124 / 9500
SCL #err weighted degeneracy : 5908 5914 5899 5919 5942 5978 
degeneracy helps : 1224 1210 1273 1382 1447 1482 
degeneracy worse : 1012 1007 1048 1177 1265 1336 
SCL #err deg : 6190 / 9600
SCL #err weighted degeneracy : 5975 5981 5966 5988 6011 6048 
degeneracy helps : 1234 1220 1283 1390 1456 1492 
degeneracy worse : 1023 1018 1059 1188 1277 1350 
SCL #err deg : 6258 / 9700
SCL #err weighted degeneracy : 6041 6047 6033 6053 6076 6113 
degeneracy helps : 1246 1232 1294 1403 1470 1507 
degeneracy worse : 1033 1028 1069 1198 1288 1362 
SCL #err deg : 6321 / 9800
SCL #err weighted degeneracy : 6103 6109 6094 6110 6134 6169 
degeneracy helps : 1255 1241 1304 1417 1485 1524 
degeneracy worse : 1041 1036 1077 1206 1298 1372 
SCL #err deg : 6387 / 9900
SCL #err weighted degeneracy : 6170 6177 6161 6176 6199 6233 
degeneracy helps : 1267 1253 1317 1431 1501 1542 
degeneracy worse : 1054 1050 1091 1220 1313 1388 
SCL #err deg : 6455 / 10000
SCL #err weighted degeneracy : 6234 6240 6226 6238 6261 6296 
degeneracy helps : 1278 1264 1328 1445 1515 1557 
degeneracy worse : 1061 1056 1099 1228 1321 1398 
average #flips: 20.5012
SCL #err considering degeneracy: 6455
error due to equal 530
error due to SCL smaller 5925
Finish in 1067 s
