Simulation Polar syndrome FASTER N=128, K=65, l=128, pz=0.07, #samples=10000, seed=7348
PW construction
Event generator random seed: 7348
SCL #err deg : 6 / 100
SCL #err weighted degeneracy : 7 7 7 10 10 11 
degeneracy helps : 2 2 2 2 2 2 
degeneracy worse : 3 3 3 6 6 7 
SCL #err deg : 13 / 200
SCL #err weighted degeneracy : 16 16 16 19 18 20 
degeneracy helps : 3 3 3 3 4 4 
degeneracy worse : 6 6 6 9 9 11 
SCL #err deg : 18 / 300
SCL #err weighted degeneracy : 23 23 23 26 26 29 
degeneracy helps : 4 4 4 4 5 5 
degeneracy worse : 9 9 9 12 13 16 
SCL #err deg : 28 / 400
SCL #err weighted degeneracy : 30 30 30 34 36 42 
degeneracy helps : 9 9 9 9 10 9 
degeneracy worse : 11 11 11 15 18 23 
SCL #err deg : 40 / 500
SCL #err weighted degeneracy : 42 42 42 46 49 54 
degeneracy helps : 12 12 12 12 12 12 
degeneracy worse : 14 14 14 18 21 26 
SCL #err deg : 46 / 600
SCL #err weighted degeneracy : 50 50 50 57 60 65 
degeneracy helps : 14 14 14 14 14 14 
degeneracy worse : 18 18 18 25 28 33 
SCL #err deg : 52 / 700
SCL #err weighted degeneracy : 58 58 58 66 68 73 
degeneracy helps : 16 16 16 16 17 17 
degeneracy worse : 22 22 22 30 33 38 
SCL #err deg : 63 / 800
SCL #err weighted degeneracy : 67 67 67 78 82 88 
degeneracy helps : 21 21 21 20 21 21 
degeneracy worse : 25 25 25 35 40 46 
SCL #err deg : 74 / 900
SCL #err weighted degeneracy : 78 78 78 90 96 102 
degeneracy helps : 23 23 23 23 24 24 
degeneracy worse : 28 28 28 39 46 52 
SCL #err deg : 82 / 1000
SCL #err weighted degeneracy : 90 90 90 102 109 116 
degeneracy helps : 25 25 25 25 26 26 
degeneracy worse : 34 34 34 45 53 60 
SCL #err deg : 86 / 1100
SCL #err weighted degeneracy : 94 94 94 107 118 125 
degeneracy helps : 27 27 27 27 28 28 
degeneracy worse : 36 36 36 48 60 67 
SCL #err deg : 99 / 1200
SCL #err weighted degeneracy : 101 101 100 114 127 135 
degeneracy helps : 34 34 35 35 36 36 
degeneracy worse : 37 37 37 50 64 72 
SCL #err deg : 106 / 1300
SCL #err weighted degeneracy : 107 107 106 121 135 143 
degeneracy helps : 36 36 37 37 38 38 
degeneracy worse : 38 38 38 52 67 75 
SCL #err deg : 118 / 1400
SCL #err weighted degeneracy : 117 117 116 131 146 155 
degeneracy helps : 41 41 42 43 44 44 
degeneracy worse : 42 42 42 56 72 81 
SCL #err deg : 122 / 1500
SCL #err weighted degeneracy : 122 122 121 136 153 164 
degeneracy helps : 42 42 43 44 45 45 
degeneracy worse : 44 44 44 58 76 87 
SCL #err deg : 130 / 1600
SCL #err weighted degeneracy : 129 129 128 146 165 177 
degeneracy helps : 45 45 46 47 48 48 
degeneracy worse : 46 46 46 63 83 95 
SCL #err deg : 145 / 1700
SCL #err weighted degeneracy : 138 138 138 157 176 188 
degeneracy helps : 51 51 52 54 55 55 
degeneracy worse : 46 46 47 66 86 98 
SCL #err deg : 156 / 1800
SCL #err weighted degeneracy : 145 145 145 167 187 202 
degeneracy helps : 57 57 58 61 62 62 
degeneracy worse : 48 48 49 72 93 108 
SCL #err deg : 159 / 1900
SCL #err weighted degeneracy : 149 149 149 172 192 209 
degeneracy helps : 59 59 60 63 64 63 
degeneracy worse : 51 51 52 76 97 113 
SCL #err deg : 171 / 2000
SCL #err weighted degeneracy : 160 160 160 184 204 224 
degeneracy helps : 65 65 67 70 71 69 
degeneracy worse : 57 57 58 83 104 122 
SCL #err deg : 178 / 2100
SCL #err weighted degeneracy : 170 170 170 195 216 238 
degeneracy helps : 67 67 69 71 72 70 
degeneracy worse : 62 62 63 88 110 130 
SCL #err deg : 186 / 2200
SCL #err weighted degeneracy : 173 173 173 199 220 246 
degeneracy helps : 72 72 74 75 76 74 
degeneracy worse : 62 62 63 88 110 134 
SCL #err deg : 193 / 2300
SCL #err weighted degeneracy : 183 183 183 211 232 258 
degeneracy helps : 72 72 74 76 77 75 
degeneracy worse : 66 66 67 94 116 140 
SCL #err deg : 202 / 2400
SCL #err weighted degeneracy : 187 187 187 218 239 268 
degeneracy helps : 77 77 79 81 82 79 
degeneracy worse : 66 66 67 97 119 145 
SCL #err deg : 207 / 2500
SCL #err weighted degeneracy : 192 192 192 224 245 274 
degeneracy helps : 77 77 79 81 82 79 
degeneracy worse : 66 66 67 98 120 146 
SCL #err deg : 215 / 2600
SCL #err weighted degeneracy : 200 200 200 232 253 283 
degeneracy helps : 79 79 81 83 84 81 
degeneracy worse : 68 68 69 100 122 149 
SCL #err deg : 225 / 2700
SCL #err weighted degeneracy : 210 210 210 245 266 297 
degeneracy helps : 82 82 84 86 87 84 
degeneracy worse : 71 71 72 106 128 156 
SCL #err deg : 233 / 2800
SCL #err weighted degeneracy : 219 219 219 255 276 309 
degeneracy helps : 84 84 86 89 90 86 
degeneracy worse : 74 74 75 111 133 162 
SCL #err deg : 241 / 2900
SCL #err weighted degeneracy : 227 227 227 264 286 321 
degeneracy helps : 88 88 90 92 93 89 
degeneracy worse : 78 78 79 115 138 169 
SCL #err deg : 244 / 3000
SCL #err weighted degeneracy : 230 230 230 268 291 326 
degeneracy helps : 90 90 92 94 95 92 
degeneracy worse : 80 80 81 118 142 174 
SCL #err deg : 247 / 3100
SCL #err weighted degeneracy : 232 232 232 272 295 333 
degeneracy helps : 93 93 95 97 98 94 
degeneracy worse : 82 82 83 122 146 180 
SCL #err deg : 254 / 3200
SCL #err weighted degeneracy : 238 238 238 280 304 343 
degeneracy helps : 95 95 97 100 101 97 
degeneracy worse : 84 84 85 126 151 186 
SCL #err deg : 264 / 3300
SCL #err weighted degeneracy : 248 248 248 291 316 357 
degeneracy helps : 98 98 100 102 103 99 
degeneracy worse : 87 87 88 129 155 192 
SCL #err deg : 269 / 3400
SCL #err weighted degeneracy : 253 253 253 297 327 367 
degeneracy helps : 100 100 102 104 104 100 
degeneracy worse : 89 89 90 132 162 198 
SCL #err deg : 274 / 3500
SCL #err weighted degeneracy : 257 257 257 304 334 371 
degeneracy helps : 102 102 104 106 106 104 
degeneracy worse : 90 90 91 136 166 201 
SCL #err deg : 286 / 3600
SCL #err weighted degeneracy : 267 267 268 316 346 387 
degeneracy helps : 107 107 109 111 111 108 
degeneracy worse : 93 93 95 141 171 209 
SCL #err deg : 297 / 3700
SCL #err weighted degeneracy : 278 278 280 328 360 402 
degeneracy helps : 110 110 112 115 115 112 
degeneracy worse : 96 96 99 146 178 217 
SCL #err deg : 304 / 3800
SCL #err weighted degeneracy : 287 287 288 337 371 415 
degeneracy helps : 112 113 116 120 120 117 
degeneracy worse : 102 102 105 153 187 228 
SCL #err deg : 305 / 3900
SCL #err weighted degeneracy : 290 290 291 340 376 421 
degeneracy helps : 113 114 117 121 121 118 
degeneracy worse : 105 105 108 156 192 234 
SCL #err deg : 316 / 4000
SCL #err weighted degeneracy : 297 297 298 347 384 430 
degeneracy helps : 118 119 122 126 126 123 
degeneracy worse : 106 106 109 157 194 237 
SCL #err deg : 325 / 4100
SCL #err weighted degeneracy : 305 305 306 357 394 439 
degeneracy helps : 121 122 125 129 129 127 
degeneracy worse : 108 108 111 161 198 241 
SCL #err deg : 331 / 4200
SCL #err weighted degeneracy : 314 314 315 367 404 451 
degeneracy helps : 122 123 126 130 130 128 
degeneracy worse : 112 112 115 166 203 248 
SCL #err deg : 340 / 4300
SCL #err weighted degeneracy : 322 322 322 374 413 461 
degeneracy helps : 125 126 130 134 133 131 
degeneracy worse : 114 114 117 168 206 252 
SCL #err deg : 347 / 4400
SCL #err weighted degeneracy : 328 328 328 382 423 472 
degeneracy helps : 128 129 133 136 135 132 
degeneracy worse : 116 116 119 171 211 257 
SCL #err deg : 359 / 4500
SCL #err weighted degeneracy : 339 339 340 395 436 486 
degeneracy helps : 134 135 138 142 141 138 
degeneracy worse : 121 121 124 178 218 265 
SCL #err deg : 371 / 4600
SCL #err weighted degeneracy : 349 349 350 409 450 500 
degeneracy helps : 138 139 142 146 145 142 
degeneracy worse : 123 123 126 184 224 271 
SCL #err deg : 379 / 4700
SCL #err weighted degeneracy : 355 355 356 415 455 511 
degeneracy helps : 142 143 146 150 150 147 
degeneracy worse : 125 125 128 186 226 279 
SCL #err deg : 388 / 4800
SCL #err weighted degeneracy : 361 361 362 422 463 520 
degeneracy helps : 147 148 151 155 155 151 
degeneracy worse : 127 127 130 189 230 283 
SCL #err deg : 393 / 4900
SCL #err weighted degeneracy : 366 366 367 428 470 529 
degeneracy helps : 148 149 152 156 156 152 
degeneracy worse : 129 129 132 191 233 288 
SCL #err deg : 399 / 5000
SCL #err weighted degeneracy : 371 371 372 434 478 540 
degeneracy helps : 150 151 154 159 159 155 
degeneracy worse : 131 131 134 194 238 296 
SCL #err deg : 405 / 5100
SCL #err weighted degeneracy : 374 374 375 439 483 545 
degeneracy helps : 154 155 158 162 162 158 
degeneracy worse : 132 132 135 196 240 298 
SCL #err deg : 409 / 5200
SCL #err weighted degeneracy : 378 378 379 443 487 549 
degeneracy helps : 156 157 160 164 164 160 
degeneracy worse : 134 134 137 198 242 300 
SCL #err deg : 417 / 5300
SCL #err weighted degeneracy : 384 384 385 451 498 560 
degeneracy helps : 160 161 164 168 168 164 
degeneracy worse : 136 136 139 202 249 307 
SCL #err deg : 429 / 5400
SCL #err weighted degeneracy : 393 393 394 462 509 573 
degeneracy helps : 167 168 171 175 175 170 
degeneracy worse : 140 140 143 208 255 314 
SCL #err deg : 436 / 5500
SCL #err weighted degeneracy : 398 398 400 467 514 578 
degeneracy helps : 169 170 173 178 178 173 
degeneracy worse : 140 140 144 209 256 315 
SCL #err deg : 442 / 5600
SCL #err weighted degeneracy : 405 405 407 475 521 585 
degeneracy helps : 173 174 177 182 183 178 
degeneracy worse : 145 145 149 215 262 321 
SCL #err deg : 448 / 5700
SCL #err weighted degeneracy : 414 414 417 486 532 596 
degeneracy helps : 175 177 180 184 185 180 
degeneracy worse : 151 151 156 222 269 328 
SCL #err deg : 455 / 5800
SCL #err weighted degeneracy : 421 421 424 493 539 604 
degeneracy helps : 178 180 183 187 188 183 
degeneracy worse : 154 154 159 225 272 332 
SCL #err deg : 465 / 5900
SCL #err weighted degeneracy : 431 431 434 502 547 615 
degeneracy helps : 181 183 186 192 193 188 
degeneracy worse : 157 157 162 229 275 338 
SCL #err deg : 475 / 6000
SCL #err weighted degeneracy : 439 439 443 514 561 629 
degeneracy helps : 186 188 191 197 199 194 
degeneracy worse : 160 160 166 236 285 348 
SCL #err deg : 482 / 6100
SCL #err weighted degeneracy : 443 443 447 519 569 639 
degeneracy helps : 191 193 196 202 204 199 
degeneracy worse : 162 162 168 239 291 356 
SCL #err deg : 489 / 6200
SCL #err weighted degeneracy : 452 452 456 528 579 650 
degeneracy helps : 193 195 198 204 206 201 
degeneracy worse : 166 166 172 243 296 362 
SCL #err deg : 492 / 6300
SCL #err weighted degeneracy : 456 456 460 534 586 659 
degeneracy helps : 194 196 199 205 207 202 
degeneracy worse : 168 168 174 247 301 369 
SCL #err deg : 499 / 6400
SCL #err weighted degeneracy : 462 462 466 541 594 666 
degeneracy helps : 197 199 202 208 210 206 
degeneracy worse : 170 170 176 250 305 373 
SCL #err deg : 507 / 6500
SCL #err weighted degeneracy : 465 465 468 544 597 670 
degeneracy helps : 202 204 208 215 217 212 
degeneracy worse : 171 171 177 252 307 375 
SCL #err deg : 516 / 6600
SCL #err weighted degeneracy : 471 471 474 553 608 682 
degeneracy helps : 206 208 212 219 221 215 
degeneracy worse : 172 172 178 256 313 381 
SCL #err deg : 524 / 6700
SCL #err weighted degeneracy : 480 480 483 563 617 690 
degeneracy helps : 209 211 215 222 225 219 
degeneracy worse : 176 176 182 261 318 385 
SCL #err deg : 537 / 6800
SCL #err weighted degeneracy : 492 492 495 575 629 703 
degeneracy helps : 213 215 219 226 230 225 
degeneracy worse : 179 179 185 264 322 391 
SCL #err deg : 542 / 6900
SCL #err weighted degeneracy : 495 495 499 580 635 712 
degeneracy helps : 216 218 221 227 231 225 
degeneracy worse : 180 180 186 265 324 395 
SCL #err deg : 550 / 7000
SCL #err weighted degeneracy : 500 500 504 586 643 720 
degeneracy helps : 221 223 226 232 236 229 
degeneracy worse : 182 182 188 268 329 399 
SCL #err deg : 556 / 7100
SCL #err weighted degeneracy : 504 504 509 592 651 731 
degeneracy helps : 225 227 229 235 239 231 
degeneracy worse : 184 184 190 271 334 406 
SCL #err deg : 565 / 7200
SCL #err weighted degeneracy : 512 512 517 600 659 740 
degeneracy helps : 229 231 233 239 243 235 
degeneracy worse : 187 187 193 274 337 410 
SCL #err deg : 576 / 7300
SCL #err weighted degeneracy : 523 523 528 611 671 755 
degeneracy helps : 231 233 235 241 245 237 
degeneracy worse : 189 189 195 276 340 416 
SCL #err deg : 588 / 7400
SCL #err weighted degeneracy : 529 529 534 617 677 761 
degeneracy helps : 236 239 241 248 252 244 
degeneracy worse : 189 189 195 277 341 417 
SCL #err deg : 598 / 7500
SCL #err weighted degeneracy : 539 539 544 627 687 773 
degeneracy helps : 239 242 244 251 255 247 
degeneracy worse : 192 192 198 280 344 422 
SCL #err deg : 606 / 7600
SCL #err weighted degeneracy : 546 546 551 636 697 784 
degeneracy helps : 243 246 248 255 259 251 
degeneracy worse : 195 195 201 285 350 429 
SCL #err deg : 613 / 7700
SCL #err weighted degeneracy : 550 550 556 641 702 792 
degeneracy helps : 246 249 251 259 263 254 
degeneracy worse : 195 195 202 287 352 433 
SCL #err deg : 616 / 7800
SCL #err weighted degeneracy : 554 554 560 646 707 797 
degeneracy helps : 246 249 251 259 263 254 
degeneracy worse : 196 196 203 289 354 435 
SCL #err deg : 625 / 7900
SCL #err weighted degeneracy : 560 560 566 652 712 801 
degeneracy helps : 250 253 255 263 268 260 
degeneracy worse : 197 197 204 290 355 436 
SCL #err deg : 634 / 8000
SCL #err weighted degeneracy : 567 567 574 661 720 809 
degeneracy helps : 254 257 259 267 273 266 
degeneracy worse : 199 199 207 294 359 441 
SCL #err deg : 641 / 8100
SCL #err weighted degeneracy : 572 572 579 666 726 815 
degeneracy helps : 260 263 265 273 279 272 
degeneracy worse : 203 203 211 298 364 446 
SCL #err deg : 648 / 8200
SCL #err weighted degeneracy : 576 576 583 672 731 823 
degeneracy helps : 263 266 268 275 282 276 
degeneracy worse : 203 203 211 299 365 451 
SCL #err deg : 652 / 8300
SCL #err weighted degeneracy : 583 583 590 682 743 837 
degeneracy helps : 264 267 269 276 283 277 
degeneracy worse : 207 207 215 306 374 462 
SCL #err deg : 659 / 8400
SCL #err weighted degeneracy : 588 588 595 688 750 846 
degeneracy helps : 266 269 271 279 286 280 
degeneracy worse : 208 208 216 308 377 467 
SCL #err deg : 673 / 8500
SCL #err weighted degeneracy : 597 597 604 699 762 858 
degeneracy helps : 271 274 277 285 292 286 
degeneracy worse : 209 209 217 311 381 471 
SCL #err deg : 686 / 8600
SCL #err weighted degeneracy : 605 605 612 709 773 869 
degeneracy helps : 278 281 284 292 299 293 
degeneracy worse : 211 211 219 315 386 476 
SCL #err deg : 695 / 8700
SCL #err weighted degeneracy : 615 615 622 720 784 882 
degeneracy helps : 281 284 287 295 302 296 
degeneracy worse : 215 215 223 320 391 483 
SCL #err deg : 699 / 8800
SCL #err weighted degeneracy : 622 622 629 728 792 891 
degeneracy helps : 281 284 287 295 302 296 
degeneracy worse : 218 218 226 324 395 488 
SCL #err deg : 710 / 8900
SCL #err weighted degeneracy : 629 629 636 736 801 899 
degeneracy helps : 286 289 292 300 308 303 
degeneracy worse : 219 219 227 326 399 492 
SCL #err deg : 719 / 9000
SCL #err weighted degeneracy : 635 635 642 744 809 912 
degeneracy helps : 290 293 296 304 312 306 
degeneracy worse : 220 220 228 329 402 499 
SCL #err deg : 727 / 9100
SCL #err weighted degeneracy : 641 641 651 754 819 924 
degeneracy helps : 294 297 300 308 316 310 
degeneracy worse : 222 222 233 335 408 507 
SCL #err deg : 739 / 9200
SCL #err weighted degeneracy : 651 651 661 764 829 936 
degeneracy helps : 298 301 304 312 320 314 
degeneracy worse : 224 224 235 337 410 511 
SCL #err deg : 747 / 9300
SCL #err weighted degeneracy : 658 658 668 774 841 949 
degeneracy helps : 300 303 307 315 323 317 
degeneracy worse : 226 226 237 342 417 519 
SCL #err deg : 757 / 9400
SCL #err weighted degeneracy : 664 664 674 780 846 954 
degeneracy helps : 305 308 312 320 329 323 
degeneracy worse : 227 227 238 343 418 520 
SCL #err deg : 767 / 9500
SCL #err weighted degeneracy : 676 676 686 792 858 966 
degeneracy helps : 306 309 313 321 331 325 
degeneracy worse : 230 230 241 346 422 524 
SCL #err deg : 773 / 9600
SCL #err weighted degeneracy : 682 682 692 799 865 974 
degeneracy helps : 307 310 314 322 333 327 
degeneracy worse : 231 231 242 348 425 528 
SCL #err deg : 780 / 9700
SCL #err weighted degeneracy : 693 693 703 813 879 989 
degeneracy helps : 309 312 316 324 335 329 
degeneracy worse : 237 237 248 357 434 538 
SCL #err deg : 782 / 9800
SCL #err weighted degeneracy : 695 695 705 816 883 993 
degeneracy helps : 309 312 316 324 335 329 
degeneracy worse : 237 237 248 358 436 540 
SCL #err deg : 786 / 9900
SCL #err weighted degeneracy : 696 696 706 817 886 998 
degeneracy helps : 312 315 319 327 338 332 
degeneracy worse : 237 237 248 358 438 544 
SCL #err deg : 794 / 10000
SCL #err weighted degeneracy : 699 699 710 821 890 1001 
degeneracy helps : 316 320 323 333 344 339 
degeneracy worse : 238 238 250 360 440 546 
average #flips: 8.9984
SCL #err considering degeneracy: 794
error due to equal 603
error due to SCL smaller 191
Finish in 1180 s
