Simulation Polar syndrome FASTER N=128, K=65, l=128, pz=0.08, #samples=10000, seed=7348
PW construction
Event generator random seed: 7348
SCL #err deg : 7 / 100
SCL #err weighted degeneracy : 5 5 5 11 14 15 
degeneracy helps : 4 4 4 4 3 3 
degeneracy worse : 2 2 2 8 10 11 
SCL #err deg : 20 / 200
SCL #err weighted degeneracy : 17 17 17 25 28 32 
degeneracy helps : 8 8 10 10 9 9 
degeneracy worse : 6 6 7 15 17 21 
SCL #err deg : 32 / 300
SCL #err weighted degeneracy : 28 28 28 38 42 46 
degeneracy helps : 12 12 14 14 14 14 
degeneracy worse : 9 9 10 20 24 28 
SCL #err deg : 44 / 400
SCL #err weighted degeneracy : 39 39 40 52 57 60 
degeneracy helps : 18 18 19 18 18 19 
degeneracy worse : 14 14 15 26 31 35 
SCL #err deg : 59 / 500
SCL #err weighted degeneracy : 53 53 54 67 72 77 
degeneracy helps : 21 21 22 20 20 22 
degeneracy worse : 16 16 17 28 33 40 
SCL #err deg : 70 / 600
SCL #err weighted degeneracy : 58 58 60 76 81 86 
degeneracy helps : 29 29 30 28 27 28 
degeneracy worse : 18 18 20 34 38 44 
SCL #err deg : 79 / 700
SCL #err weighted degeneracy : 67 67 69 85 90 96 
degeneracy helps : 32 32 33 32 32 33 
degeneracy worse : 21 21 23 38 43 50 
SCL #err deg : 89 / 800
SCL #err weighted degeneracy : 78 78 80 97 103 108 
degeneracy helps : 36 36 37 35 35 36 
degeneracy worse : 26 26 28 43 49 55 
SCL #err deg : 103 / 900
SCL #err weighted degeneracy : 90 90 92 111 117 122 
degeneracy helps : 42 42 43 40 41 42 
degeneracy worse : 30 30 32 48 55 61 
SCL #err deg : 121 / 1000
SCL #err weighted degeneracy : 108 108 109 129 136 141 
degeneracy helps : 46 46 48 46 47 47 
degeneracy worse : 34 34 36 54 62 67 
SCL #err deg : 135 / 1100
SCL #err weighted degeneracy : 117 117 117 136 143 148 
degeneracy helps : 53 53 56 55 56 56 
degeneracy worse : 36 36 38 56 64 69 
SCL #err deg : 149 / 1200
SCL #err weighted degeneracy : 138 138 137 154 163 171 
degeneracy helps : 56 55 59 59 60 59 
degeneracy worse : 46 46 47 64 74 81 
SCL #err deg : 161 / 1300
SCL #err weighted degeneracy : 147 147 146 166 176 185 
degeneracy helps : 62 61 65 65 66 65 
degeneracy worse : 49 49 50 70 81 89 
SCL #err deg : 178 / 1400
SCL #err weighted degeneracy : 162 162 161 183 195 210 
degeneracy helps : 67 66 70 70 71 68 
degeneracy worse : 52 52 53 75 88 100 
SCL #err deg : 185 / 1500
SCL #err weighted degeneracy : 171 171 170 194 207 222 
degeneracy helps : 67 66 70 70 71 68 
degeneracy worse : 54 54 55 79 93 105 
SCL #err deg : 199 / 1600
SCL #err weighted degeneracy : 183 183 182 207 222 238 
degeneracy helps : 74 73 77 77 79 77 
degeneracy worse : 59 59 60 85 102 116 
SCL #err deg : 217 / 1700
SCL #err weighted degeneracy : 202 202 202 227 243 260 
degeneracy helps : 76 75 79 82 85 84 
degeneracy worse : 62 62 64 92 111 127 
SCL #err deg : 228 / 1800
SCL #err weighted degeneracy : 213 213 214 242 259 277 
degeneracy helps : 82 81 84 86 89 87 
degeneracy worse : 68 68 70 100 120 136 
SCL #err deg : 236 / 1900
SCL #err weighted degeneracy : 219 219 220 248 265 285 
degeneracy helps : 85 84 87 90 94 92 
degeneracy worse : 69 69 71 102 123 141 
SCL #err deg : 255 / 2000
SCL #err weighted degeneracy : 238 238 239 267 285 303 
degeneracy helps : 89 88 91 95 99 99 
degeneracy worse : 73 73 75 107 129 147 
SCL #err deg : 274 / 2100
SCL #err weighted degeneracy : 252 252 253 282 301 324 
degeneracy helps : 98 97 100 105 108 108 
degeneracy worse : 77 77 79 113 135 158 
SCL #err deg : 286 / 2200
SCL #err weighted degeneracy : 265 265 267 297 315 343 
degeneracy helps : 102 101 104 109 113 113 
degeneracy worse : 82 82 85 120 142 170 
SCL #err deg : 301 / 2300
SCL #err weighted degeneracy : 280 280 282 312 333 368 
degeneracy helps : 106 105 108 113 116 116 
degeneracy worse : 86 86 89 124 148 183 
SCL #err deg : 309 / 2400
SCL #err weighted degeneracy : 290 290 292 325 347 382 
degeneracy helps : 106 105 108 113 116 116 
degeneracy worse : 88 88 91 129 154 189 
SCL #err deg : 322 / 2500
SCL #err weighted degeneracy : 300 300 302 338 359 394 
degeneracy helps : 110 109 113 117 121 121 
degeneracy worse : 90 90 93 133 158 193 
SCL #err deg : 334 / 2600
SCL #err weighted degeneracy : 308 308 310 347 368 404 
degeneracy helps : 114 113 117 122 126 126 
degeneracy worse : 90 90 93 135 160 196 
SCL #err deg : 347 / 2700
SCL #err weighted degeneracy : 319 319 321 359 382 420 
degeneracy helps : 119 118 122 127 131 132 
degeneracy worse : 93 93 96 139 166 205 
SCL #err deg : 362 / 2800
SCL #err weighted degeneracy : 332 332 334 372 396 434 
degeneracy helps : 123 122 126 132 136 136 
degeneracy worse : 95 95 98 142 170 208 
SCL #err deg : 372 / 2900
SCL #err weighted degeneracy : 338 338 340 380 407 451 
degeneracy helps : 128 127 132 136 139 139 
degeneracy worse : 97 97 100 144 174 218 
SCL #err deg : 384 / 3000
SCL #err weighted degeneracy : 346 346 348 390 420 464 
degeneracy helps : 134 133 138 142 144 144 
degeneracy worse : 100 100 103 148 180 224 
SCL #err deg : 392 / 3100
SCL #err weighted degeneracy : 354 354 356 400 431 476 
degeneracy helps : 137 136 141 145 147 147 
degeneracy worse : 103 103 106 153 186 231 
SCL #err deg : 404 / 3200
SCL #err weighted degeneracy : 364 364 366 408 440 490 
degeneracy helps : 142 141 146 152 154 152 
degeneracy worse : 106 106 109 156 190 238 
SCL #err deg : 417 / 3300
SCL #err weighted degeneracy : 375 375 377 424 457 507 
degeneracy helps : 147 146 151 157 159 157 
degeneracy worse : 109 109 112 164 199 247 
SCL #err deg : 431 / 3400
SCL #err weighted degeneracy : 387 387 390 439 474 527 
degeneracy helps : 151 150 155 161 163 161 
degeneracy worse : 111 111 115 169 206 257 
SCL #err deg : 441 / 3500
SCL #err weighted degeneracy : 398 398 401 451 488 541 
degeneracy helps : 155 154 159 165 167 165 
degeneracy worse : 116 116 120 175 214 265 
SCL #err deg : 459 / 3600
SCL #err weighted degeneracy : 411 411 415 465 505 562 
degeneracy helps : 164 163 168 175 178 174 
degeneracy worse : 120 120 125 181 224 277 
SCL #err deg : 479 / 3700
SCL #err weighted degeneracy : 430 430 434 488 529 587 
degeneracy helps : 172 171 176 181 184 180 
degeneracy worse : 127 127 132 190 234 288 
SCL #err deg : 497 / 3800
SCL #err weighted degeneracy : 448 448 452 508 551 612 
degeneracy helps : 178 177 182 186 190 185 
degeneracy worse : 133 133 138 197 244 300 
SCL #err deg : 507 / 3900
SCL #err weighted degeneracy : 454 454 458 516 561 624 
degeneracy helps : 183 182 187 190 194 189 
degeneracy worse : 134 134 139 199 248 306 
SCL #err deg : 524 / 4000
SCL #err weighted degeneracy : 468 468 472 531 576 640 
degeneracy helps : 189 188 193 196 200 195 
degeneracy worse : 137 137 142 203 252 311 
SCL #err deg : 534 / 4100
SCL #err weighted degeneracy : 482 482 485 544 590 655 
degeneracy helps : 190 189 194 198 202 197 
degeneracy worse : 142 142 146 208 258 318 
SCL #err deg : 548 / 4200
SCL #err weighted degeneracy : 497 497 500 558 605 672 
degeneracy helps : 195 194 199 204 208 203 
degeneracy worse : 148 148 152 214 265 327 
SCL #err deg : 564 / 4300
SCL #err weighted degeneracy : 508 508 510 569 619 685 
degeneracy helps : 204 203 209 214 216 212 
degeneracy worse : 152 152 156 219 271 333 
SCL #err deg : 576 / 4400
SCL #err weighted degeneracy : 518 518 520 579 630 696 
degeneracy helps : 208 207 213 219 221 218 
degeneracy worse : 154 154 158 222 275 338 
SCL #err deg : 594 / 4500
SCL #err weighted degeneracy : 534 534 537 598 649 717 
degeneracy helps : 215 214 220 226 228 224 
degeneracy worse : 159 159 164 230 283 347 
SCL #err deg : 608 / 4600
SCL #err weighted degeneracy : 543 543 546 609 659 728 
degeneracy helps : 225 224 230 236 238 235 
degeneracy worse : 164 164 169 237 289 355 
SCL #err deg : 618 / 4700
SCL #err weighted degeneracy : 554 554 557 620 672 742 
degeneracy helps : 231 230 236 241 242 239 
degeneracy worse : 171 171 176 243 296 363 
SCL #err deg : 629 / 4800
SCL #err weighted degeneracy : 564 564 567 633 688 759 
degeneracy helps : 235 234 240 246 246 243 
degeneracy worse : 174 174 179 250 305 373 
SCL #err deg : 643 / 4900
SCL #err weighted degeneracy : 579 579 584 652 708 780 
degeneracy helps : 238 237 243 249 249 246 
degeneracy worse : 178 178 185 258 314 383 
SCL #err deg : 655 / 5000
SCL #err weighted degeneracy : 594 594 599 669 726 800 
degeneracy helps : 242 241 247 253 253 250 
degeneracy worse : 185 185 192 267 324 395 
SCL #err deg : 662 / 5100
SCL #err weighted degeneracy : 604 604 609 680 738 814 
degeneracy helps : 244 243 249 256 256 252 
degeneracy worse : 190 190 197 274 332 404 
SCL #err deg : 676 / 5200
SCL #err weighted degeneracy : 616 616 622 693 752 827 
degeneracy helps : 250 249 254 261 261 258 
degeneracy worse : 194 194 201 278 337 409 
SCL #err deg : 688 / 5300
SCL #err weighted degeneracy : 625 625 631 702 761 839 
degeneracy helps : 258 257 262 269 269 265 
degeneracy worse : 199 199 206 283 342 416 
SCL #err deg : 704 / 5400
SCL #err weighted degeneracy : 639 639 645 719 779 859 
degeneracy helps : 264 263 269 276 276 272 
degeneracy worse : 203 203 211 291 351 427 
SCL #err deg : 716 / 5500
SCL #err weighted degeneracy : 651 651 658 732 792 871 
degeneracy helps : 269 268 273 282 283 280 
degeneracy worse : 208 208 216 298 359 435 
SCL #err deg : 733 / 5600
SCL #err weighted degeneracy : 663 663 670 748 812 892 
degeneracy helps : 277 276 281 290 289 286 
degeneracy worse : 211 211 219 305 368 445 
SCL #err deg : 742 / 5700
SCL #err weighted degeneracy : 674 674 682 760 828 907 
degeneracy helps : 282 281 286 295 293 291 
degeneracy worse : 218 218 227 313 379 456 
SCL #err deg : 756 / 5800
SCL #err weighted degeneracy : 684 684 691 771 838 919 
degeneracy helps : 288 287 293 302 300 298 
degeneracy worse : 220 220 229 317 382 461 
SCL #err deg : 772 / 5900
SCL #err weighted degeneracy : 701 701 709 790 860 940 
degeneracy helps : 292 291 297 305 303 302 
degeneracy worse : 225 225 235 323 391 470 
SCL #err deg : 786 / 6000
SCL #err weighted degeneracy : 714 714 723 804 878 960 
degeneracy helps : 297 296 302 311 309 308 
degeneracy worse : 229 229 240 329 401 482 
SCL #err deg : 793 / 6100
SCL #err weighted degeneracy : 724 724 733 817 895 978 
degeneracy helps : 298 297 303 312 310 310 
degeneracy worse : 233 233 244 336 412 495 
SCL #err deg : 809 / 6200
SCL #err weighted degeneracy : 741 741 750 836 913 999 
degeneracy helps : 303 302 308 317 317 317 
degeneracy worse : 239 239 250 344 421 507 
SCL #err deg : 819 / 6300
SCL #err weighted degeneracy : 754 754 763 850 928 1015 
degeneracy helps : 305 304 311 320 321 322 
degeneracy worse : 245 245 256 351 430 518 
SCL #err deg : 829 / 6400
SCL #err weighted degeneracy : 765 765 774 863 940 1028 
degeneracy helps : 308 307 314 323 325 326 
degeneracy worse : 249 249 260 357 436 525 
SCL #err deg : 838 / 6500
SCL #err weighted degeneracy : 773 773 782 871 949 1038 
degeneracy helps : 311 310 317 326 328 329 
degeneracy worse : 251 251 262 359 439 529 
SCL #err deg : 847 / 6600
SCL #err weighted degeneracy : 782 782 791 883 963 1051 
degeneracy helps : 314 313 320 329 331 332 
degeneracy worse : 254 254 265 365 447 536 
SCL #err deg : 858 / 6700
SCL #err weighted degeneracy : 790 790 799 895 978 1065 
degeneracy helps : 318 317 324 333 335 337 
degeneracy worse : 255 255 266 370 455 544 
SCL #err deg : 875 / 6800
SCL #err weighted degeneracy : 806 806 816 912 996 1083 
degeneracy helps : 320 319 327 337 339 343 
degeneracy worse : 257 257 269 374 460 551 
SCL #err deg : 886 / 6900
SCL #err weighted degeneracy : 818 818 828 926 1011 1101 
degeneracy helps : 323 322 330 341 343 347 
degeneracy worse : 261 261 273 381 468 562 
SCL #err deg : 895 / 7000
SCL #err weighted degeneracy : 824 824 835 932 1018 1110 
degeneracy helps : 327 326 333 345 347 350 
degeneracy worse : 262 262 274 382 470 565 
SCL #err deg : 910 / 7100
SCL #err weighted degeneracy : 836 836 850 948 1036 1129 
degeneracy helps : 332 331 338 351 353 355 
degeneracy worse : 264 264 279 389 479 574 
SCL #err deg : 923 / 7200
SCL #err weighted degeneracy : 849 849 863 962 1051 1147 
degeneracy helps : 338 337 344 357 358 360 
degeneracy worse : 270 270 285 396 486 584 
SCL #err deg : 937 / 7300
SCL #err weighted degeneracy : 863 863 879 980 1069 1170 
degeneracy helps : 340 339 346 359 360 362 
degeneracy worse : 272 272 289 402 492 595 
SCL #err deg : 953 / 7400
SCL #err weighted degeneracy : 874 874 890 992 1084 1184 
degeneracy helps : 346 345 352 365 366 368 
degeneracy worse : 273 273 290 404 497 599 
SCL #err deg : 966 / 7500
SCL #err weighted degeneracy : 887 887 903 1005 1097 1197 
degeneracy helps : 351 350 357 370 371 373 
degeneracy worse : 278 278 295 409 502 604 
SCL #err deg : 984 / 7600
SCL #err weighted degeneracy : 906 906 922 1026 1118 1219 
degeneracy helps : 356 355 362 374 375 377 
degeneracy worse : 284 284 301 416 509 612 
SCL #err deg : 996 / 7700
SCL #err weighted degeneracy : 917 917 933 1037 1132 1234 
degeneracy helps : 359 358 366 378 379 381 
degeneracy worse : 286 286 304 419 515 619 
SCL #err deg : 1004 / 7800
SCL #err weighted degeneracy : 924 924 941 1045 1140 1244 
degeneracy helps : 361 360 368 380 381 383 
degeneracy worse : 287 287 306 421 517 623 
SCL #err deg : 1015 / 7900
SCL #err weighted degeneracy : 935 935 952 1057 1155 1260 
degeneracy helps : 365 364 372 384 385 387 
degeneracy worse : 291 291 310 426 525 632 
SCL #err deg : 1030 / 8000
SCL #err weighted degeneracy : 948 948 964 1067 1165 1271 
degeneracy helps : 372 371 380 394 395 397 
degeneracy worse : 296 296 315 431 530 638 
SCL #err deg : 1039 / 8100
SCL #err weighted degeneracy : 958 958 974 1076 1174 1282 
degeneracy helps : 376 375 384 399 400 401 
degeneracy worse : 301 301 320 436 535 644 
SCL #err deg : 1052 / 8200
SCL #err weighted degeneracy : 965 965 981 1086 1184 1293 
degeneracy helps : 383 382 391 405 406 408 
degeneracy worse : 302 302 321 439 538 649 
SCL #err deg : 1067 / 8300
SCL #err weighted degeneracy : 978 978 994 1101 1201 1312 
degeneracy helps : 388 387 396 410 411 413 
degeneracy worse : 305 305 324 444 545 658 
SCL #err deg : 1085 / 8400
SCL #err weighted degeneracy : 992 992 1009 1119 1223 1332 
degeneracy helps : 396 395 403 416 417 420 
degeneracy worse : 309 309 328 450 555 667 
SCL #err deg : 1102 / 8500
SCL #err weighted degeneracy : 1007 1007 1024 1136 1239 1348 
degeneracy helps : 403 402 410 423 425 428 
degeneracy worse : 314 314 333 457 562 674 
SCL #err deg : 1118 / 8600
SCL #err weighted degeneracy : 1023 1023 1040 1151 1253 1365 
degeneracy helps : 409 408 416 431 434 437 
degeneracy worse : 320 320 339 464 569 684 
SCL #err deg : 1135 / 8700
SCL #err weighted degeneracy : 1034 1034 1051 1163 1266 1378 
degeneracy helps : 416 415 423 438 442 446 
degeneracy worse : 321 321 340 466 573 689 
SCL #err deg : 1149 / 8800
SCL #err weighted degeneracy : 1045 1045 1062 1179 1282 1395 
degeneracy helps : 422 421 429 443 447 451 
degeneracy worse : 324 324 343 473 580 697 
SCL #err deg : 1161 / 8900
SCL #err weighted degeneracy : 1054 1054 1071 1190 1294 1410 
degeneracy helps : 427 426 434 448 452 456 
degeneracy worse : 326 326 345 477 585 705 
SCL #err deg : 1173 / 9000
SCL #err weighted degeneracy : 1064 1064 1081 1200 1308 1424 
degeneracy helps : 432 431 439 453 457 461 
degeneracy worse : 329 329 348 480 592 712 
SCL #err deg : 1193 / 9100
SCL #err weighted degeneracy : 1081 1081 1099 1220 1328 1445 
degeneracy helps : 438 437 446 459 463 467 
degeneracy worse : 333 333 353 486 598 719 
SCL #err deg : 1204 / 9200
SCL #err weighted degeneracy : 1094 1094 1112 1233 1341 1461 
degeneracy helps : 442 441 450 463 467 470 
degeneracy worse : 339 339 359 492 604 727 
SCL #err deg : 1216 / 9300
SCL #err weighted degeneracy : 1105 1105 1124 1248 1357 1479 
degeneracy helps : 448 447 456 469 473 476 
degeneracy worse : 344 344 365 501 614 739 
SCL #err deg : 1228 / 9400
SCL #err weighted degeneracy : 1111 1111 1130 1252 1361 1484 
degeneracy helps : 454 453 462 477 481 483 
degeneracy worse : 344 344 365 501 614 739 
SCL #err deg : 1241 / 9500
SCL #err weighted degeneracy : 1125 1125 1144 1267 1375 1499 
degeneracy helps : 458 457 466 481 487 489 
degeneracy worse : 349 349 370 507 621 747 
SCL #err deg : 1253 / 9600
SCL #err weighted degeneracy : 1137 1137 1157 1280 1394 1520 
degeneracy helps : 463 462 471 486 492 494 
degeneracy worse : 354 354 376 513 633 761 
SCL #err deg : 1270 / 9700
SCL #err weighted degeneracy : 1154 1154 1174 1298 1413 1540 
degeneracy helps : 468 467 476 491 497 498 
degeneracy worse : 359 359 381 519 640 768 
SCL #err deg : 1277 / 9800
SCL #err weighted degeneracy : 1160 1160 1180 1307 1423 1550 
degeneracy helps : 470 469 478 494 499 500 
degeneracy worse : 360 360 382 524 645 773 
SCL #err deg : 1287 / 9900
SCL #err weighted degeneracy : 1165 1165 1185 1312 1431 1562 
degeneracy helps : 475 474 483 499 503 503 
degeneracy worse : 360 360 382 524 647 778 
SCL #err deg : 1299 / 10000
SCL #err weighted degeneracy : 1173 1173 1195 1322 1443 1577 
degeneracy helps : 481 480 489 505 509 510 
degeneracy worse : 362 362 386 528 653 788 
average #flips: 10.274
SCL #err considering degeneracy: 1299
error due to equal 902
error due to SCL smaller 397
Finish in 1179 s
