Simulation Polar syndrome FASTER N=1024, K=513, l=128, pz=0.06, #samples=10000
RM construction
SCL #err deg : 2 / 100
SCL #err weighted degeneracy : 2 2 2 2 2 1 
degeneracy helps : 0 0 0 0 0 1 
degeneracy worse : 0 0 0 0 0 0 
SCL #err deg : 5 / 200
SCL #err weighted degeneracy : 5 5 5 5 5 5 
degeneracy helps : 0 0 0 0 0 1 
degeneracy worse : 0 0 0 0 0 1 
SCL #err deg : 6 / 300
SCL #err weighted degeneracy : 8 8 8 7 7 7 
degeneracy helps : 0 0 0 0 0 1 
degeneracy worse : 2 2 2 1 1 2 
SCL #err deg : 15 / 400
SCL #err weighted degeneracy : 17 17 17 16 18 18 
degeneracy helps : 1 1 1 1 0 1 
degeneracy worse : 3 3 3 2 3 4 
SCL #err deg : 18 / 500
SCL #err weighted degeneracy : 20 20 20 19 21 21 
degeneracy helps : 1 1 1 1 0 1 
degeneracy worse : 3 3 3 2 3 4 
SCL #err deg : 21 / 600
SCL #err weighted degeneracy : 21 21 21 19 21 22 
degeneracy helps : 3 3 3 4 3 3 
degeneracy worse : 3 3 3 2 3 4 
SCL #err deg : 23 / 700
SCL #err weighted degeneracy : 23 23 23 21 23 24 
degeneracy helps : 3 3 3 4 3 3 
degeneracy worse : 3 3 3 2 3 4 
SCL #err deg : 27 / 800
SCL #err weighted degeneracy : 26 26 26 24 25 27 
degeneracy helps : 4 4 4 5 5 4 
degeneracy worse : 3 3 3 2 3 4 
SCL #err deg : 31 / 900
SCL #err weighted degeneracy : 30 30 30 27 26 28 
degeneracy helps : 4 4 4 6 8 7 
degeneracy worse : 3 3 3 2 3 4 
SCL #err deg : 36 / 1000
SCL #err weighted degeneracy : 35 35 35 32 30 32 
degeneracy helps : 4 4 4 6 9 8 
degeneracy worse : 3 3 3 2 3 4 
SCL #err deg : 43 / 1100
SCL #err weighted degeneracy : 42 42 42 38 36 37 
degeneracy helps : 4 4 4 7 10 10 
degeneracy worse : 3 3 3 2 3 4 
SCL #err deg : 44 / 1200
SCL #err weighted degeneracy : 43 43 43 39 37 38 
degeneracy helps : 4 4 4 7 10 10 
degeneracy worse : 3 3 3 2 3 4 
SCL #err deg : 44 / 1300
SCL #err weighted degeneracy : 43 43 43 39 37 39 
degeneracy helps : 4 4 4 7 10 10 
degeneracy worse : 3 3 3 2 3 5 
SCL #err deg : 46 / 1400
SCL #err weighted degeneracy : 45 45 45 41 40 42 
degeneracy helps : 4 4 4 8 11 11 
degeneracy worse : 3 3 3 3 5 7 
SCL #err deg : 51 / 1500
SCL #err weighted degeneracy : 51 51 51 46 45 47 
degeneracy helps : 4 4 4 9 12 12 
degeneracy worse : 4 4 4 4 6 8 
SCL #err deg : 54 / 1600
SCL #err weighted degeneracy : 54 54 54 49 48 51 
degeneracy helps : 4 4 4 9 12 12 
degeneracy worse : 4 4 4 4 6 9 
SCL #err deg : 59 / 1700
SCL #err weighted degeneracy : 60 60 60 54 53 56 
degeneracy helps : 4 4 4 10 13 13 
degeneracy worse : 5 5 5 5 7 10 
SCL #err deg : 64 / 1800
SCL #err weighted degeneracy : 64 64 64 58 57 59 
degeneracy helps : 5 5 5 11 14 15 
degeneracy worse : 5 5 5 5 7 10 
SCL #err deg : 67 / 1900
SCL #err weighted degeneracy : 67 67 67 61 60 62 
degeneracy helps : 5 5 5 11 14 15 
degeneracy worse : 5 5 5 5 7 10 
SCL #err deg : 74 / 2000
SCL #err weighted degeneracy : 74 74 74 68 66 68 
degeneracy helps : 6 6 6 12 16 17 
degeneracy worse : 6 6 6 6 8 11 
SCL #err deg : 77 / 2100
SCL #err weighted degeneracy : 77 77 77 71 69 71 
degeneracy helps : 6 6 6 12 16 17 
degeneracy worse : 6 6 6 6 8 11 
SCL #err deg : 79 / 2200
SCL #err weighted degeneracy : 79 79 79 73 70 72 
degeneracy helps : 6 6 6 12 17 18 
degeneracy worse : 6 6 6 6 8 11 
SCL #err deg : 83 / 2300
SCL #err weighted degeneracy : 82 82 82 76 73 75 
degeneracy helps : 7 7 7 13 18 19 
degeneracy worse : 6 6 6 6 8 11 
SCL #err deg : 87 / 2400
SCL #err weighted degeneracy : 86 86 86 78 75 77 
degeneracy helps : 7 7 7 15 20 21 
degeneracy worse : 6 6 6 6 8 11 
SCL #err deg : 88 / 2500
SCL #err weighted degeneracy : 88 88 88 80 77 78 
degeneracy helps : 7 7 7 15 20 21 
degeneracy worse : 7 7 7 7 9 11 
SCL #err deg : 94 / 2600
SCL #err weighted degeneracy : 93 93 93 85 82 83 
degeneracy helps : 8 8 8 17 22 23 
degeneracy worse : 7 7 7 8 10 12 
SCL #err deg : 100 / 2700
SCL #err weighted degeneracy : 100 100 100 92 89 90 
degeneracy helps : 8 8 8 17 22 23 
degeneracy worse : 8 8 8 9 11 13 
SCL #err deg : 103 / 2800
SCL #err weighted degeneracy : 103 103 103 95 93 93 
degeneracy helps : 8 8 8 17 22 24 
degeneracy worse : 8 8 8 9 12 14 
SCL #err deg : 104 / 2900
SCL #err weighted degeneracy : 105 105 105 97 95 95 
degeneracy helps : 8 8 8 17 22 24 
degeneracy worse : 9 9 9 10 13 15 
SCL #err deg : 109 / 3000
SCL #err weighted degeneracy : 110 110 109 101 99 99 
degeneracy helps : 8 8 9 18 23 25 
degeneracy worse : 9 9 9 10 13 15 
SCL #err deg : 113 / 3100
SCL #err weighted degeneracy : 114 114 113 104 102 101 
degeneracy helps : 8 8 9 19 24 27 
degeneracy worse : 9 9 9 10 13 15 
SCL #err deg : 114 / 3200
SCL #err weighted degeneracy : 115 115 114 105 103 102 
degeneracy helps : 8 8 9 19 24 27 
degeneracy worse : 9 9 9 10 13 15 
SCL #err deg : 118 / 3300
SCL #err weighted degeneracy : 119 119 118 109 108 105 
degeneracy helps : 8 8 9 19 24 28 
degeneracy worse : 9 9 9 10 14 15 
SCL #err deg : 123 / 3400
SCL #err weighted degeneracy : 124 124 123 114 113 110 
degeneracy helps : 8 8 9 20 25 30 
degeneracy worse : 9 9 9 11 15 17 
SCL #err deg : 125 / 3500
SCL #err weighted degeneracy : 126 126 125 117 116 113 
degeneracy helps : 8 8 9 20 25 30 
degeneracy worse : 9 9 9 12 16 18 
SCL #err deg : 129 / 3600
SCL #err weighted degeneracy : 130 130 129 121 121 117 
degeneracy helps : 8 8 9 20 25 31 
degeneracy worse : 9 9 9 12 17 19 
SCL #err deg : 133 / 3700
SCL #err weighted degeneracy : 135 135 134 126 124 120 
degeneracy helps : 8 8 9 20 27 33 
degeneracy worse : 10 10 10 13 18 20 
SCL #err deg : 137 / 3800
SCL #err weighted degeneracy : 138 138 137 128 128 124 
degeneracy helps : 9 9 10 22 29 35 
degeneracy worse : 10 10 10 13 20 22 
SCL #err deg : 141 / 3900
SCL #err weighted degeneracy : 141 141 140 131 131 127 
degeneracy helps : 10 10 11 23 30 36 
degeneracy worse : 10 10 10 13 20 22 
SCL #err deg : 148 / 4000
SCL #err weighted degeneracy : 149 149 148 138 138 134 
degeneracy helps : 10 10 11 24 31 37 
degeneracy worse : 11 11 11 14 21 23 
SCL #err deg : 158 / 4100
SCL #err weighted degeneracy : 158 158 157 147 145 141 
degeneracy helps : 11 11 12 25 34 40 
degeneracy worse : 11 11 11 14 21 23 
SCL #err deg : 160 / 4200
SCL #err weighted degeneracy : 161 161 160 150 148 144 
degeneracy helps : 11 11 12 25 34 40 
degeneracy worse : 12 12 12 15 22 24 
SCL #err deg : 162 / 4300
SCL #err weighted degeneracy : 163 163 162 152 150 146 
degeneracy helps : 11 11 12 25 34 40 
degeneracy worse : 12 12 12 15 22 24 
SCL #err deg : 166 / 4400
SCL #err weighted degeneracy : 167 167 166 156 154 150 
degeneracy helps : 11 11 12 25 34 40 
degeneracy worse : 12 12 12 15 22 24 
SCL #err deg : 173 / 4500
SCL #err weighted degeneracy : 174 174 173 163 162 158 
degeneracy helps : 11 11 12 25 34 40 
degeneracy worse : 12 12 12 15 23 25 
SCL #err deg : 179 / 4600
SCL #err weighted degeneracy : 180 180 179 168 166 162 
degeneracy helps : 11 11 12 26 36 42 
degeneracy worse : 12 12 12 15 23 25 
SCL #err deg : 183 / 4700
SCL #err weighted degeneracy : 184 184 183 173 170 166 
degeneracy helps : 11 11 12 26 37 43 
degeneracy worse : 12 12 12 16 24 26 
SCL #err deg : 185 / 4800
SCL #err weighted degeneracy : 186 186 185 174 171 167 
degeneracy helps : 11 11 12 27 38 44 
degeneracy worse : 12 12 12 16 24 26 
SCL #err deg : 190 / 4900
SCL #err weighted degeneracy : 191 191 190 178 175 171 
degeneracy helps : 11 11 12 28 39 45 
degeneracy worse : 12 12 12 16 24 26 
SCL #err deg : 195 / 5000
SCL #err weighted degeneracy : 195 195 195 183 179 175 
degeneracy helps : 12 12 13 29 41 47 
degeneracy worse : 12 12 13 17 25 27 
SCL #err deg : 197 / 5100
SCL #err weighted degeneracy : 197 197 196 184 180 176 
degeneracy helps : 12 12 14 30 42 48 
degeneracy worse : 12 12 13 17 25 27 
SCL #err deg : 201 / 5200
SCL #err weighted degeneracy : 200 200 199 187 182 178 
degeneracy helps : 12 12 15 31 44 50 
degeneracy worse : 12 12 13 17 25 27 
SCL #err deg : 204 / 5300
SCL #err weighted degeneracy : 202 202 202 191 186 182 
degeneracy helps : 13 13 16 31 44 50 
degeneracy worse : 12 12 14 18 26 28 
SCL #err deg : 207 / 5400
SCL #err weighted degeneracy : 205 205 205 193 187 183 
degeneracy helps : 13 13 16 32 46 52 
degeneracy worse : 12 12 14 18 26 28 
SCL #err deg : 213 / 5500
SCL #err weighted degeneracy : 209 209 209 197 190 186 
degeneracy helps : 15 15 18 34 49 55 
degeneracy worse : 12 12 14 18 26 28 
SCL #err deg : 217 / 5600
SCL #err weighted degeneracy : 215 215 215 201 195 190 
degeneracy helps : 15 15 18 36 51 57 
degeneracy worse : 14 14 16 20 29 30 
SCL #err deg : 222 / 5700
SCL #err weighted degeneracy : 221 221 221 207 201 196 
degeneracy helps : 15 15 18 36 51 57 
degeneracy worse : 15 15 17 21 30 31 
SCL #err deg : 227 / 5800
SCL #err weighted degeneracy : 225 225 225 213 207 201 
degeneracy helps : 16 16 19 37 52 58 
degeneracy worse : 15 15 17 23 32 32 
SCL #err deg : 232 / 5900
SCL #err weighted degeneracy : 229 229 229 216 210 205 
degeneracy helps : 18 18 21 40 55 61 
degeneracy worse : 16 16 18 24 33 34 
SCL #err deg : 236 / 6000
SCL #err weighted degeneracy : 233 233 233 220 214 209 
degeneracy helps : 18 18 21 40 55 61 
degeneracy worse : 16 16 18 24 33 34 
SCL #err deg : 239 / 6100
SCL #err weighted degeneracy : 236 236 236 223 217 211 
degeneracy helps : 18 18 21 40 55 62 
degeneracy worse : 16 16 18 24 33 34 
SCL #err deg : 242 / 6200
SCL #err weighted degeneracy : 239 239 239 226 220 214 
degeneracy helps : 18 18 21 40 55 62 
degeneracy worse : 16 16 18 24 33 34 
SCL #err deg : 247 / 6300
SCL #err weighted degeneracy : 244 244 244 231 225 219 
degeneracy helps : 18 18 21 40 55 62 
degeneracy worse : 16 16 18 24 33 34 
SCL #err deg : 248 / 6400
SCL #err weighted degeneracy : 246 246 246 233 226 220 
degeneracy helps : 18 18 21 40 55 62 
degeneracy worse : 17 17 19 25 33 34 
SCL #err deg : 253 / 6500
SCL #err weighted degeneracy : 251 251 251 237 230 224 
degeneracy helps : 19 19 22 42 57 64 
degeneracy worse : 18 18 20 26 34 35 
SCL #err deg : 259 / 6600
SCL #err weighted degeneracy : 257 257 257 242 234 228 
degeneracy helps : 19 19 22 43 59 66 
degeneracy worse : 18 18 20 26 34 35 
SCL #err deg : 262 / 6700
SCL #err weighted degeneracy : 260 260 260 244 236 230 
degeneracy helps : 19 19 22 44 60 67 
degeneracy worse : 18 18 20 26 34 35 
SCL #err deg : 267 / 6800
SCL #err weighted degeneracy : 264 264 264 249 241 236 
degeneracy helps : 20 20 23 45 61 68 
degeneracy worse : 18 18 20 27 35 37 
SCL #err deg : 269 / 6900
SCL #err weighted degeneracy : 267 267 267 251 243 238 
degeneracy helps : 20 20 23 45 61 68 
degeneracy worse : 19 19 21 27 35 37 
SCL #err deg : 271 / 7000
SCL #err weighted degeneracy : 269 269 269 253 245 241 
degeneracy helps : 20 20 23 45 61 68 
degeneracy worse : 19 19 21 27 35 38 
SCL #err deg : 274 / 7100
SCL #err weighted degeneracy : 271 271 271 255 248 244 
degeneracy helps : 20 21 24 46 62 69 
degeneracy worse : 19 19 21 27 36 39 
SCL #err deg : 278 / 7200
SCL #err weighted degeneracy : 275 275 275 259 252 247 
degeneracy helps : 20 21 24 46 62 70 
degeneracy worse : 19 19 21 27 36 39 
SCL #err deg : 282 / 7300
SCL #err weighted degeneracy : 279 279 279 263 256 251 
degeneracy helps : 20 21 24 46 62 70 
degeneracy worse : 19 19 21 27 36 39 
SCL #err deg : 288 / 7400
SCL #err weighted degeneracy : 283 283 283 266 260 255 
degeneracy helps : 22 23 26 49 64 72 
degeneracy worse : 19 19 21 27 36 39 
SCL #err deg : 293 / 7500
SCL #err weighted degeneracy : 288 288 288 272 266 261 
degeneracy helps : 22 23 27 50 65 73 
degeneracy worse : 20 20 22 29 38 41 
SCL #err deg : 298 / 7600
SCL #err weighted degeneracy : 293 293 293 277 269 264 
degeneracy helps : 22 23 27 50 67 75 
degeneracy worse : 20 20 22 29 38 41 
SCL #err deg : 304 / 7700
SCL #err weighted degeneracy : 299 299 299 283 275 270 
degeneracy helps : 22 23 27 50 67 75 
degeneracy worse : 20 20 22 29 38 41 
SCL #err deg : 310 / 7800
SCL #err weighted degeneracy : 306 306 306 290 280 275 
degeneracy helps : 22 23 27 50 68 76 
degeneracy worse : 21 21 23 30 38 41 
SCL #err deg : 319 / 7900
SCL #err weighted degeneracy : 315 315 315 299 290 284 
degeneracy helps : 22 23 27 50 68 77 
degeneracy worse : 21 21 23 30 39 42 
SCL #err deg : 323 / 8000
SCL #err weighted degeneracy : 319 319 319 304 295 289 
degeneracy helps : 22 23 27 50 68 77 
degeneracy worse : 21 21 23 31 40 43 
SCL #err deg : 328 / 8100
SCL #err weighted degeneracy : 324 324 324 309 301 295 
degeneracy helps : 22 23 27 50 68 77 
degeneracy worse : 21 21 23 31 41 44 
SCL #err deg : 330 / 8200
SCL #err weighted degeneracy : 326 326 326 310 302 296 
degeneracy helps : 22 23 27 51 69 78 
degeneracy worse : 21 21 23 31 41 44 
SCL #err deg : 333 / 8300
SCL #err weighted degeneracy : 328 328 328 313 304 298 
degeneracy helps : 23 24 28 51 70 80 
degeneracy worse : 21 21 23 31 41 45 
SCL #err deg : 337 / 8400
SCL #err weighted degeneracy : 332 332 332 317 309 304 
degeneracy helps : 23 24 28 51 71 81 
degeneracy worse : 21 21 23 31 43 48 
SCL #err deg : 342 / 8500
SCL #err weighted degeneracy : 338 338 338 323 315 310 
degeneracy helps : 23 24 28 51 71 81 
degeneracy worse : 22 22 24 32 44 49 
SCL #err deg : 346 / 8600
SCL #err weighted degeneracy : 343 343 343 327 319 314 
degeneracy helps : 23 24 28 51 71 81 
degeneracy worse : 23 23 25 32 44 49 
SCL #err deg : 347 / 8700
SCL #err weighted degeneracy : 344 344 344 328 320 315 
degeneracy helps : 23 24 28 51 71 81 
degeneracy worse : 23 23 25 32 44 49 
SCL #err deg : 351 / 8800
SCL #err weighted degeneracy : 348 348 348 332 323 317 
degeneracy helps : 23 24 28 51 72 83 
degeneracy worse : 23 23 25 32 44 49 
SCL #err deg : 356 / 8900
SCL #err weighted degeneracy : 351 351 351 335 328 321 
degeneracy helps : 24 25 30 53 72 84 
degeneracy worse : 23 23 25 32 44 49 
SCL #err deg : 361 / 9000
SCL #err weighted degeneracy : 357 357 357 341 332 325 
degeneracy helps : 24 25 30 53 73 85 
degeneracy worse : 24 24 26 33 44 49 
SCL #err deg : 367 / 9100
SCL #err weighted degeneracy : 364 364 364 348 339 331 
degeneracy helps : 24 25 30 53 73 86 
degeneracy worse : 25 25 27 34 45 50 
SCL #err deg : 370 / 9200
SCL #err weighted degeneracy : 366 366 366 350 340 332 
degeneracy helps : 25 26 31 54 75 88 
degeneracy worse : 25 25 27 34 45 50 
SCL #err deg : 375 / 9300
SCL #err weighted degeneracy : 370 370 370 354 345 337 
degeneracy helps : 26 27 32 55 76 89 
degeneracy worse : 25 25 27 34 46 51 
SCL #err deg : 380 / 9400
SCL #err weighted degeneracy : 376 376 376 360 350 341 
degeneracy helps : 26 27 32 55 77 90 
degeneracy worse : 26 26 28 35 47 51 
SCL #err deg : 385 / 9500
SCL #err weighted degeneracy : 382 382 382 365 356 346 
degeneracy helps : 26 27 32 56 78 92 
degeneracy worse : 27 27 29 36 49 53 
SCL #err deg : 392 / 9600
SCL #err weighted degeneracy : 389 389 389 372 363 353 
degeneracy helps : 26 27 32 56 78 92 
degeneracy worse : 27 27 29 36 49 53 
SCL #err deg : 396 / 9700
SCL #err weighted degeneracy : 393 393 393 376 368 358 
degeneracy helps : 26 27 32 56 78 92 
degeneracy worse : 27 27 29 36 50 54 
SCL #err deg : 401 / 9800
SCL #err weighted degeneracy : 398 398 398 381 373 363 
degeneracy helps : 26 27 32 56 78 92 
degeneracy worse : 27 27 29 36 50 54 
SCL #err deg : 402 / 9900
SCL #err weighted degeneracy : 398 398 398 381 373 363 
degeneracy helps : 27 28 33 57 79 93 
degeneracy worse : 27 27 29 36 50 54 
SCL #err deg : 403 / 10000
SCL #err weighted degeneracy : 399 399 399 382 374 363 
degeneracy helps : 27 28 33 57 79 94 
degeneracy worse : 27 27 29 36 50 54 
average #flips: 61.4737
SCL #err considering degeneracy: 403
error due to equal 0
error due to SCL smaller 0
Finish in 12157 s
