Simulation Polar syndrome FASTER N=512, K=257, l=128, pz=0.11, #samples=10000, seed=37
HPW construction
Event generator random seed: 37
SCL #err deg : 34 / 100
SCL #err weighted degeneracy : 44 44 40 41 41 38 
degeneracy helps : 3 3 6 10 9 12 
degeneracy worse : 13 13 12 17 16 16 
SCL #err deg : 70 / 200
SCL #err weighted degeneracy : 78 78 74 76 76 75 
degeneracy helps : 10 10 14 19 21 24 
degeneracy worse : 18 18 18 25 27 29 
SCL #err deg : 110 / 300
SCL #err weighted degeneracy : 122 122 119 123 122 122 
degeneracy helps : 16 16 20 24 28 31 
degeneracy worse : 28 28 29 37 40 43 
SCL #err deg : 148 / 400
SCL #err weighted degeneracy : 159 159 160 160 158 161 
degeneracy helps : 24 24 28 35 40 43 
degeneracy worse : 35 35 40 47 50 56 
SCL #err deg : 184 / 500
SCL #err weighted degeneracy : 192 192 192 191 190 196 
degeneracy helps : 30 30 36 46 52 53 
degeneracy worse : 38 38 44 53 58 65 
SCL #err deg : 224 / 600
SCL #err weighted degeneracy : 224 224 224 222 221 228 
degeneracy helps : 43 43 51 62 70 71 
degeneracy worse : 43 43 51 60 67 75 
SCL #err deg : 263 / 700
SCL #err weighted degeneracy : 258 258 255 253 255 264 
degeneracy helps : 54 54 66 79 86 87 
degeneracy worse : 49 49 58 69 78 88 
SCL #err deg : 306 / 800
SCL #err weighted degeneracy : 299 299 295 291 292 301 
degeneracy helps : 64 64 77 91 100 102 
degeneracy worse : 57 57 66 76 86 97 
SCL #err deg : 340 / 900
SCL #err weighted degeneracy : 331 331 328 324 325 331 
degeneracy helps : 73 73 87 101 111 116 
degeneracy worse : 64 64 75 85 96 107 
SCL #err deg : 380 / 1000
SCL #err weighted degeneracy : 370 370 365 364 366 372 
degeneracy helps : 80 80 96 110 118 123 
degeneracy worse : 70 70 81 94 104 115 
SCL #err deg : 412 / 1100
SCL #err weighted degeneracy : 402 402 399 398 401 410 
degeneracy helps : 87 87 103 118 126 130 
degeneracy worse : 77 77 90 104 115 128 
SCL #err deg : 448 / 1200
SCL #err weighted degeneracy : 442 442 435 431 436 447 
degeneracy helps : 92 92 111 130 138 141 
degeneracy worse : 86 86 98 113 126 140 
SCL #err deg : 495 / 1300
SCL #err weighted degeneracy : 486 486 478 475 480 491 
degeneracy helps : 102 102 123 143 151 154 
degeneracy worse : 93 93 106 123 136 150 
SCL #err deg : 534 / 1400
SCL #err weighted degeneracy : 524 524 516 516 520 531 
degeneracy helps : 109 109 131 151 159 162 
degeneracy worse : 99 99 113 133 145 159 
SCL #err deg : 580 / 1500
SCL #err weighted degeneracy : 565 565 558 556 555 565 
degeneracy helps : 118 118 141 162 174 179 
degeneracy worse : 103 103 119 138 149 164 
SCL #err deg : 620 / 1600
SCL #err weighted degeneracy : 601 601 595 594 594 602 
degeneracy helps : 125 125 148 170 183 190 
degeneracy worse : 106 106 123 144 157 172 
SCL #err deg : 667 / 1700
SCL #err weighted degeneracy : 645 645 636 638 639 646 
degeneracy helps : 135 135 161 183 196 204 
degeneracy worse : 113 113 130 154 168 183 
SCL #err deg : 701 / 1800
SCL #err weighted degeneracy : 681 681 674 675 678 686 
degeneracy helps : 141 141 166 190 203 213 
degeneracy worse : 121 121 139 164 180 198 
SCL #err deg : 731 / 1900
SCL #err weighted degeneracy : 719 719 710 711 716 725 
degeneracy helps : 145 145 172 196 209 218 
degeneracy worse : 133 133 151 176 194 212 
SCL #err deg : 774 / 2000
SCL #err weighted degeneracy : 760 760 749 752 757 767 
degeneracy helps : 158 158 187 210 224 232 
degeneracy worse : 144 144 162 188 207 225 
SCL #err deg : 806 / 2100
SCL #err weighted degeneracy : 790 790 782 791 799 808 
degeneracy helps : 165 165 193 216 229 239 
degeneracy worse : 149 149 169 201 222 241 
SCL #err deg : 838 / 2200
SCL #err weighted degeneracy : 819 819 814 826 835 844 
degeneracy helps : 172 172 201 224 238 248 
degeneracy worse : 153 153 177 212 235 254 
SCL #err deg : 869 / 2300
SCL #err weighted degeneracy : 848 848 845 857 867 881 
degeneracy helps : 180 180 208 235 248 258 
degeneracy worse : 159 159 184 223 246 270 
SCL #err deg : 898 / 2400
SCL #err weighted degeneracy : 879 879 876 888 901 913 
degeneracy helps : 188 188 216 244 256 267 
degeneracy worse : 169 169 194 234 259 282 
SCL #err deg : 932 / 2500
SCL #err weighted degeneracy : 915 915 913 927 943 954 
degeneracy helps : 192 192 220 249 261 272 
degeneracy worse : 175 175 201 244 272 294 
SCL #err deg : 962 / 2600
SCL #err weighted degeneracy : 947 947 946 962 976 983 
degeneracy helps : 198 198 226 256 268 282 
degeneracy worse : 183 183 210 256 282 303 
SCL #err deg : 995 / 2700
SCL #err weighted degeneracy : 981 981 979 998 1017 1022 
degeneracy helps : 207 207 236 268 279 294 
degeneracy worse : 193 193 220 271 301 321 
SCL #err deg : 1030 / 2800
SCL #err weighted degeneracy : 1015 1015 1011 1028 1046 1050 
degeneracy helps : 215 215 247 282 294 308 
degeneracy worse : 200 200 228 280 310 328 
SCL #err deg : 1064 / 2900
SCL #err weighted degeneracy : 1044 1044 1040 1058 1083 1087 
degeneracy helps : 225 225 258 296 305 320 
degeneracy worse : 205 205 234 290 324 343 
SCL #err deg : 1108 / 3000
SCL #err weighted degeneracy : 1087 1087 1085 1105 1128 1131 
degeneracy helps : 233 233 267 305 316 333 
degeneracy worse : 212 212 244 302 336 356 
SCL #err deg : 1147 / 3100
SCL #err weighted degeneracy : 1123 1123 1123 1147 1170 1174 
degeneracy helps : 241 241 275 313 325 343 
degeneracy worse : 217 217 251 313 348 370 
SCL #err deg : 1193 / 3200
SCL #err weighted degeneracy : 1159 1159 1159 1188 1211 1217 
degeneracy helps : 256 256 290 326 339 358 
degeneracy worse : 222 222 256 321 357 382 
SCL #err deg : 1236 / 3300
SCL #err weighted degeneracy : 1195 1195 1195 1220 1245 1252 
degeneracy helps : 269 269 303 343 355 375 
degeneracy worse : 228 228 262 327 364 391 
SCL #err deg : 1273 / 3400
SCL #err weighted degeneracy : 1228 1228 1228 1253 1282 1289 
degeneracy helps : 279 279 313 353 363 383 
degeneracy worse : 234 234 268 333 372 399 
SCL #err deg : 1314 / 3500
SCL #err weighted degeneracy : 1265 1265 1263 1288 1317 1326 
degeneracy helps : 290 290 328 369 380 399 
degeneracy worse : 241 241 277 343 383 411 
SCL #err deg : 1360 / 3600
SCL #err weighted degeneracy : 1307 1307 1306 1331 1361 1371 
degeneracy helps : 303 303 340 383 395 416 
degeneracy worse : 250 250 286 354 396 427 
SCL #err deg : 1396 / 3700
SCL #err weighted degeneracy : 1348 1348 1346 1374 1405 1416 
degeneracy helps : 308 308 345 388 400 422 
degeneracy worse : 260 260 295 366 409 442 
SCL #err deg : 1433 / 3800
SCL #err weighted degeneracy : 1380 1380 1381 1408 1440 1458 
degeneracy helps : 317 317 354 400 411 431 
degeneracy worse : 264 264 302 375 418 456 
SCL #err deg : 1474 / 3900
SCL #err weighted degeneracy : 1422 1422 1421 1445 1479 1496 
degeneracy helps : 324 324 362 412 423 443 
degeneracy worse : 272 272 309 383 428 465 
SCL #err deg : 1509 / 4000
SCL #err weighted degeneracy : 1460 1460 1462 1486 1520 1537 
degeneracy helps : 329 329 367 418 430 450 
degeneracy worse : 280 280 320 395 441 478 
SCL #err deg : 1536 / 4100
SCL #err weighted degeneracy : 1494 1494 1495 1523 1560 1578 
degeneracy helps : 332 332 371 425 438 458 
degeneracy worse : 290 290 330 412 462 500 
SCL #err deg : 1567 / 4200
SCL #err weighted degeneracy : 1520 1520 1524 1556 1593 1612 
degeneracy helps : 343 343 381 435 449 468 
degeneracy worse : 296 296 338 424 475 513 
SCL #err deg : 1597 / 4300
SCL #err weighted degeneracy : 1548 1548 1554 1587 1627 1645 
degeneracy helps : 351 351 389 445 459 480 
degeneracy worse : 302 302 346 435 489 528 
SCL #err deg : 1637 / 4400
SCL #err weighted degeneracy : 1585 1585 1594 1630 1672 1692 
degeneracy helps : 368 368 405 461 475 494 
degeneracy worse : 316 316 362 454 510 549 
SCL #err deg : 1673 / 4500
SCL #err weighted degeneracy : 1618 1618 1626 1661 1702 1721 
degeneracy helps : 375 375 413 473 488 509 
degeneracy worse : 320 320 366 461 517 557 
SCL #err deg : 1716 / 4600
SCL #err weighted degeneracy : 1659 1659 1665 1703 1744 1763 
degeneracy helps : 383 383 423 482 497 519 
degeneracy worse : 326 326 372 469 525 566 
SCL #err deg : 1749 / 4700
SCL #err weighted degeneracy : 1692 1692 1699 1740 1783 1802 
degeneracy helps : 387 387 427 485 500 524 
degeneracy worse : 330 330 377 476 534 577 
SCL #err deg : 1784 / 4800
SCL #err weighted degeneracy : 1722 1722 1730 1771 1819 1840 
degeneracy helps : 395 395 436 496 510 534 
degeneracy worse : 333 333 382 483 545 590 
SCL #err deg : 1823 / 4900
SCL #err weighted degeneracy : 1758 1758 1764 1810 1858 1877 
degeneracy helps : 401 401 444 505 520 546 
degeneracy worse : 336 336 385 492 555 600 
SCL #err deg : 1861 / 5000
SCL #err weighted degeneracy : 1795 1795 1803 1848 1895 1917 
degeneracy helps : 412 412 455 520 537 563 
degeneracy worse : 346 346 397 507 571 619 
SCL #err deg : 1902 / 5100
SCL #err weighted degeneracy : 1832 1832 1839 1885 1931 1954 
degeneracy helps : 420 420 464 529 548 574 
degeneracy worse : 350 350 401 512 577 626 
SCL #err deg : 1941 / 5200
SCL #err weighted degeneracy : 1873 1873 1877 1922 1966 1989 
degeneracy helps : 428 428 473 542 564 590 
degeneracy worse : 360 360 409 523 589 638 
SCL #err deg : 1969 / 5300
SCL #err weighted degeneracy : 1904 1904 1910 1957 2001 2024 
degeneracy helps : 435 435 481 551 574 600 
degeneracy worse : 370 370 422 539 606 655 
SCL #err deg : 2009 / 5400
SCL #err weighted degeneracy : 1942 1942 1946 1994 2036 2060 
degeneracy helps : 443 443 491 563 588 613 
degeneracy worse : 376 376 428 548 615 664 
SCL #err deg : 2038 / 5500
SCL #err weighted degeneracy : 1970 1970 1973 2020 2065 2093 
degeneracy helps : 453 453 502 577 603 627 
degeneracy worse : 385 385 437 559 630 682 
SCL #err deg : 2070 / 5600
SCL #err weighted degeneracy : 2001 2001 2008 2055 2103 2131 
degeneracy helps : 461 461 507 583 609 633 
degeneracy worse : 392 392 445 568 642 694 
SCL #err deg : 2106 / 5700
SCL #err weighted degeneracy : 2029 2029 2038 2088 2137 2165 
degeneracy helps : 473 473 520 596 622 646 
degeneracy worse : 396 396 452 578 653 705 
SCL #err deg : 2140 / 5800
SCL #err weighted degeneracy : 2065 2065 2073 2125 2177 2205 
degeneracy helps : 483 483 530 607 631 655 
degeneracy worse : 408 408 463 592 668 720 
SCL #err deg : 2180 / 5900
SCL #err weighted degeneracy : 2101 2101 2107 2162 2213 2242 
degeneracy helps : 491 491 540 617 642 666 
degeneracy worse : 412 412 467 599 675 728 
SCL #err deg : 2227 / 6000
SCL #err weighted degeneracy : 2143 2143 2146 2201 2248 2277 
degeneracy helps : 503 503 556 635 664 688 
degeneracy worse : 419 419 475 609 685 738 
SCL #err deg : 2257 / 6100
SCL #err weighted degeneracy : 2171 2171 2174 2235 2280 2310 
degeneracy helps : 507 507 562 642 674 699 
degeneracy worse : 421 421 479 620 697 752 
SCL #err deg : 2298 / 6200
SCL #err weighted degeneracy : 2207 2207 2208 2275 2318 2347 
degeneracy helps : 519 519 577 655 689 714 
degeneracy worse : 428 428 487 632 709 763 
SCL #err deg : 2329 / 6300
SCL #err weighted degeneracy : 2234 2234 2236 2304 2348 2378 
degeneracy helps : 527 527 584 663 697 722 
degeneracy worse : 432 432 491 638 716 771 
SCL #err deg : 2367 / 6400
SCL #err weighted degeneracy : 2274 2274 2274 2344 2388 2418 
degeneracy helps : 533 533 592 674 709 734 
degeneracy worse : 440 440 499 651 730 785 
SCL #err deg : 2405 / 6500
SCL #err weighted degeneracy : 2306 2306 2305 2376 2422 2455 
degeneracy helps : 545 545 604 688 723 748 
degeneracy worse : 446 446 504 659 740 798 
SCL #err deg : 2447 / 6600
SCL #err weighted degeneracy : 2349 2349 2346 2417 2462 2496 
degeneracy helps : 555 555 617 702 737 763 
degeneracy worse : 457 457 516 672 752 812 
SCL #err deg : 2486 / 6700
SCL #err weighted degeneracy : 2385 2385 2382 2453 2498 2532 
degeneracy helps : 562 562 625 713 748 775 
degeneracy worse : 461 461 521 680 760 821 
SCL #err deg : 2522 / 6800
SCL #err weighted degeneracy : 2418 2418 2415 2490 2535 2568 
degeneracy helps : 571 571 635 723 758 786 
degeneracy worse : 467 467 528 691 771 832 
SCL #err deg : 2561 / 6900
SCL #err weighted degeneracy : 2456 2456 2453 2529 2576 2609 
degeneracy helps : 575 575 640 731 767 795 
degeneracy worse : 470 470 532 699 782 843 
SCL #err deg : 2597 / 7000
SCL #err weighted degeneracy : 2489 2489 2487 2568 2616 2649 
degeneracy helps : 583 583 650 740 775 803 
degeneracy worse : 475 475 540 711 794 855 
SCL #err deg : 2630 / 7100
SCL #err weighted degeneracy : 2523 2522 2523 2604 2655 2690 
degeneracy helps : 589 589 657 748 783 812 
degeneracy worse : 482 481 550 722 808 872 
SCL #err deg : 2659 / 7200
SCL #err weighted degeneracy : 2560 2559 2557 2633 2692 2729 
degeneracy helps : 594 594 664 758 792 821 
degeneracy worse : 495 494 562 732 825 891 
SCL #err deg : 2697 / 7300
SCL #err weighted degeneracy : 2589 2588 2584 2658 2718 2755 
degeneracy helps : 607 607 678 775 810 842 
degeneracy worse : 499 498 565 736 831 900 
SCL #err deg : 2729 / 7400
SCL #err weighted degeneracy : 2618 2617 2613 2688 2751 2790 
degeneracy helps : 616 616 688 786 820 851 
degeneracy worse : 505 504 572 745 842 912 
SCL #err deg : 2772 / 7500
SCL #err weighted degeneracy : 2656 2655 2651 2733 2798 2836 
degeneracy helps : 625 625 700 797 829 860 
degeneracy worse : 509 508 579 758 855 924 
SCL #err deg : 2808 / 7600
SCL #err weighted degeneracy : 2690 2689 2684 2766 2831 2871 
degeneracy helps : 632 632 707 806 838 868 
degeneracy worse : 514 513 583 764 861 931 
SCL #err deg : 2847 / 7700
SCL #err weighted degeneracy : 2720 2719 2715 2797 2864 2907 
degeneracy helps : 646 646 721 821 853 882 
degeneracy worse : 519 518 589 771 870 942 
SCL #err deg : 2881 / 7800
SCL #err weighted degeneracy : 2755 2754 2751 2833 2904 2947 
degeneracy helps : 652 652 729 831 862 892 
degeneracy worse : 526 525 599 783 885 958 
SCL #err deg : 2908 / 7900
SCL #err weighted degeneracy : 2779 2778 2772 2861 2934 2977 
degeneracy helps : 660 660 739 841 872 902 
degeneracy worse : 531 530 603 794 898 971 
SCL #err deg : 2938 / 8000
SCL #err weighted degeneracy : 2811 2810 2805 2896 2968 3013 
degeneracy helps : 664 664 743 847 881 911 
degeneracy worse : 537 536 610 805 911 986 
SCL #err deg : 2976 / 8100
SCL #err weighted degeneracy : 2843 2842 2840 2932 3007 3050 
degeneracy helps : 672 672 751 856 889 923 
degeneracy worse : 539 538 615 812 920 997 
SCL #err deg : 3009 / 8200
SCL #err weighted degeneracy : 2878 2877 2875 2968 3044 3087 
degeneracy helps : 680 680 760 867 900 933 
degeneracy worse : 549 548 626 826 935 1011 
SCL #err deg : 3039 / 8300
SCL #err weighted degeneracy : 2912 2911 2907 3000 3073 3120 
degeneracy helps : 684 684 767 875 910 943 
degeneracy worse : 557 556 635 836 944 1024 
SCL #err deg : 3084 / 8400
SCL #err weighted degeneracy : 2953 2952 2948 3044 3115 3162 
degeneracy helps : 694 694 779 887 924 957 
degeneracy worse : 563 562 643 847 955 1035 
SCL #err deg : 3117 / 8500
SCL #err weighted degeneracy : 2984 2983 2985 3081 3153 3199 
degeneracy helps : 701 701 786 895 933 966 
degeneracy worse : 568 567 654 859 969 1048 
SCL #err deg : 3156 / 8600
SCL #err weighted degeneracy : 3015 3014 3016 3113 3186 3234 
degeneracy helps : 712 712 798 909 948 981 
degeneracy worse : 571 570 658 866 978 1059 
SCL #err deg : 3192 / 8700
SCL #err weighted degeneracy : 3050 3049 3048 3145 3216 3266 
degeneracy helps : 719 719 807 922 963 995 
degeneracy worse : 577 576 663 875 987 1069 
SCL #err deg : 3230 / 8800
SCL #err weighted degeneracy : 3090 3089 3086 3179 3251 3303 
degeneracy helps : 726 726 815 934 975 1006 
degeneracy worse : 586 585 671 883 996 1079 
SCL #err deg : 3267 / 8900
SCL #err weighted degeneracy : 3120 3119 3118 3207 3276 3329 
degeneracy helps : 739 739 827 948 991 1023 
degeneracy worse : 592 591 678 888 1000 1085 
SCL #err deg : 3305 / 9000
SCL #err weighted degeneracy : 3153 3152 3152 3245 3317 3368 
degeneracy helps : 751 751 838 957 1000 1033 
degeneracy worse : 599 598 685 897 1012 1096 
SCL #err deg : 3335 / 9100
SCL #err weighted degeneracy : 3187 3186 3187 3279 3349 3402 
degeneracy helps : 757 757 843 962 1007 1039 
degeneracy worse : 609 608 695 906 1021 1106 
SCL #err deg : 3365 / 9200
SCL #err weighted degeneracy : 3219 3218 3221 3314 3382 3435 
degeneracy helps : 764 764 850 972 1017 1050 
degeneracy worse : 618 617 706 921 1034 1120 
SCL #err deg : 3406 / 9300
SCL #err weighted degeneracy : 3257 3256 3257 3355 3426 3478 
degeneracy helps : 774 774 862 982 1027 1061 
degeneracy worse : 625 624 713 931 1047 1133 
SCL #err deg : 3443 / 9400
SCL #err weighted degeneracy : 3288 3287 3289 3388 3463 3513 
degeneracy helps : 786 786 872 991 1035 1070 
degeneracy worse : 631 630 718 936 1055 1140 
SCL #err deg : 3481 / 9500
SCL #err weighted degeneracy : 3325 3324 3327 3426 3499 3552 
degeneracy helps : 795 795 882 1001 1047 1081 
degeneracy worse : 639 638 728 946 1065 1152 
SCL #err deg : 3517 / 9600
SCL #err weighted degeneracy : 3360 3359 3364 3465 3538 3594 
degeneracy helps : 801 801 888 1007 1056 1091 
degeneracy worse : 644 643 735 955 1077 1168 
SCL #err deg : 3559 / 9700
SCL #err weighted degeneracy : 3397 3396 3401 3500 3573 3629 
degeneracy helps : 812 812 900 1021 1070 1105 
degeneracy worse : 650 649 742 962 1084 1175 
SCL #err deg : 3594 / 9800
SCL #err weighted degeneracy : 3432 3431 3434 3535 3608 3668 
degeneracy helps : 819 819 908 1031 1080 1115 
degeneracy worse : 657 656 748 972 1094 1189 
SCL #err deg : 3635 / 9900
SCL #err weighted degeneracy : 3469 3468 3474 3575 3648 3707 
degeneracy helps : 829 829 917 1041 1093 1129 
degeneracy worse : 663 662 756 981 1106 1201 
SCL #err deg : 3673 / 10000
SCL #err weighted degeneracy : 3509 3508 3515 3617 3689 3749 
degeneracy helps : 836 836 925 1050 1103 1140 
degeneracy worse : 672 671 767 994 1119 1216 
average #flips: 56.1817
SCL #err considering degeneracy: 3673
error due to equal 776
error due to SCL smaller 2859
Finish in 5207 s
