Simulation Polar syndrome FASTER N=512, K=257, l=128, pz=0.2, #samples=10000, seed=37
HPW construction
Event generator random seed: 37
SCL #err deg : 77 / 100
SCL #err weighted degeneracy : 75 72 77 76 76 74 
degeneracy helps : 10 11 9 10 11 14 
degeneracy worse : 8 6 9 9 10 11 
SCL #err deg : 152 / 200
SCL #err weighted degeneracy : 150 148 153 151 153 151 
degeneracy helps : 19 18 18 19 19 22 
degeneracy worse : 17 14 19 18 20 21 
SCL #err deg : 225 / 300
SCL #err weighted degeneracy : 221 222 225 224 228 225 
degeneracy helps : 29 27 27 29 28 33 
degeneracy worse : 25 24 27 28 31 33 
SCL #err deg : 301 / 400
SCL #err weighted degeneracy : 295 296 301 301 305 300 
degeneracy helps : 39 36 35 37 36 42 
degeneracy worse : 33 31 35 37 40 41 
SCL #err deg : 378 / 500
SCL #err weighted degeneracy : 368 370 374 374 381 378 
degeneracy helps : 49 45 45 47 43 47 
degeneracy worse : 39 37 41 43 46 47 
SCL #err deg : 448 / 600
SCL #err weighted degeneracy : 439 440 442 442 448 449 
degeneracy helps : 58 54 57 60 56 57 
degeneracy worse : 49 46 51 54 56 58 
SCL #err deg : 519 / 700
SCL #err weighted degeneracy : 509 510 513 515 523 525 
degeneracy helps : 66 63 65 68 64 65 
degeneracy worse : 56 54 59 64 68 71 
SCL #err deg : 596 / 800
SCL #err weighted degeneracy : 583 587 587 592 601 606 
degeneracy helps : 76 73 76 80 75 73 
degeneracy worse : 63 64 67 76 80 83 
SCL #err deg : 673 / 900
SCL #err weighted degeneracy : 662 667 666 666 676 681 
degeneracy helps : 82 78 82 89 84 83 
degeneracy worse : 71 72 75 82 87 91 
SCL #err deg : 752 / 1000
SCL #err weighted degeneracy : 740 743 742 741 750 756 
degeneracy helps : 89 85 90 97 93 92 
degeneracy worse : 77 76 80 86 91 96 
SCL #err deg : 827 / 1100
SCL #err weighted degeneracy : 815 817 816 816 828 834 
degeneracy helps : 97 92 99 107 100 99 
degeneracy worse : 85 82 88 96 101 106 
SCL #err deg : 900 / 1200
SCL #err weighted degeneracy : 890 891 892 890 902 908 
degeneracy helps : 108 103 110 119 112 110 
degeneracy worse : 98 94 102 109 114 118 
SCL #err deg : 981 / 1300
SCL #err weighted degeneracy : 965 968 968 969 981 984 
degeneracy helps : 120 114 123 131 125 125 
degeneracy worse : 104 101 110 119 125 128 
SCL #err deg : 1065 / 1400
SCL #err weighted degeneracy : 1043 1049 1046 1044 1055 1059 
degeneracy helps : 131 122 134 144 139 138 
degeneracy worse : 109 106 115 123 129 132 
SCL #err deg : 1145 / 1500
SCL #err weighted degeneracy : 1122 1126 1125 1122 1132 1136 
degeneracy helps : 140 131 143 153 150 150 
degeneracy worse : 117 112 123 130 137 141 
SCL #err deg : 1211 / 1600
SCL #err weighted degeneracy : 1185 1188 1188 1188 1199 1205 
degeneracy helps : 153 143 156 165 163 162 
degeneracy worse : 127 120 133 142 151 156 
SCL #err deg : 1284 / 1700
SCL #err weighted degeneracy : 1260 1261 1263 1266 1279 1283 
degeneracy helps : 161 151 164 171 169 171 
degeneracy worse : 137 128 143 153 164 170 
SCL #err deg : 1362 / 1800
SCL #err weighted degeneracy : 1339 1341 1343 1346 1359 1364 
degeneracy helps : 166 155 169 177 176 178 
degeneracy worse : 143 134 150 161 173 180 
SCL #err deg : 1440 / 1900
SCL #err weighted degeneracy : 1413 1416 1417 1424 1436 1442 
degeneracy helps : 178 166 181 188 189 191 
degeneracy worse : 151 142 158 172 185 193 
SCL #err deg : 1515 / 2000
SCL #err weighted degeneracy : 1489 1492 1493 1501 1513 1521 
degeneracy helps : 184 172 187 194 195 197 
degeneracy worse : 158 149 165 180 193 203 
SCL #err deg : 1581 / 2100
SCL #err weighted degeneracy : 1558 1560 1563 1572 1582 1593 
degeneracy helps : 189 177 192 201 204 206 
degeneracy worse : 166 156 174 192 205 218 
SCL #err deg : 1663 / 2200
SCL #err weighted degeneracy : 1635 1635 1642 1648 1656 1668 
degeneracy helps : 200 189 201 212 217 218 
degeneracy worse : 172 161 180 197 210 223 
SCL #err deg : 1733 / 2300
SCL #err weighted degeneracy : 1711 1711 1717 1719 1725 1738 
degeneracy helps : 206 194 207 221 227 230 
degeneracy worse : 184 172 191 207 219 235 
SCL #err deg : 1806 / 2400
SCL #err weighted degeneracy : 1790 1790 1795 1794 1799 1806 
degeneracy helps : 213 201 215 232 239 244 
degeneracy worse : 197 185 204 220 232 244 
SCL #err deg : 1884 / 2500
SCL #err weighted degeneracy : 1866 1867 1873 1874 1880 1889 
degeneracy helps : 223 211 224 239 246 251 
degeneracy worse : 205 194 213 229 242 256 
SCL #err deg : 1962 / 2600
SCL #err weighted degeneracy : 1941 1940 1949 1952 1956 1966 
degeneracy helps : 233 221 233 249 258 264 
degeneracy worse : 212 199 220 239 252 268 
SCL #err deg : 2040 / 2700
SCL #err weighted degeneracy : 2021 2021 2028 2029 2035 2043 
degeneracy helps : 243 231 243 261 268 275 
degeneracy worse : 224 212 231 250 263 278 
SCL #err deg : 2114 / 2800
SCL #err weighted degeneracy : 2097 2095 2101 2104 2111 2120 
degeneracy helps : 254 243 255 271 278 285 
degeneracy worse : 237 224 242 261 275 291 
SCL #err deg : 2187 / 2900
SCL #err weighted degeneracy : 2169 2165 2174 2175 2183 2189 
degeneracy helps : 263 253 264 283 291 301 
degeneracy worse : 245 231 251 271 287 303 
SCL #err deg : 2263 / 3000
SCL #err weighted degeneracy : 2246 2244 2250 2252 2257 2267 
degeneracy helps : 272 261 274 294 305 313 
degeneracy worse : 255 242 261 283 299 317 
SCL #err deg : 2331 / 3100
SCL #err weighted degeneracy : 2316 2315 2318 2318 2324 2334 
degeneracy helps : 280 268 283 304 316 323 
degeneracy worse : 265 252 270 291 309 326 
SCL #err deg : 2407 / 3200
SCL #err weighted degeneracy : 2394 2394 2396 2394 2399 2407 
degeneracy helps : 288 273 291 314 329 337 
degeneracy worse : 275 260 280 301 321 337 
SCL #err deg : 2477 / 3300
SCL #err weighted degeneracy : 2465 2463 2466 2467 2473 2480 
degeneracy helps : 299 285 303 324 339 347 
degeneracy worse : 287 271 292 314 335 350 
SCL #err deg : 2554 / 3400
SCL #err weighted degeneracy : 2548 2546 2550 2551 2556 2560 
degeneracy helps : 306 292 310 331 347 355 
degeneracy worse : 300 284 306 328 349 361 
SCL #err deg : 2636 / 3500
SCL #err weighted degeneracy : 2626 2623 2630 2632 2638 2643 
degeneracy helps : 315 302 318 339 354 362 
degeneracy worse : 305 289 312 335 356 369 
SCL #err deg : 2714 / 3600
SCL #err weighted degeneracy : 2701 2697 2705 2710 2716 2721 
degeneracy helps : 324 312 329 350 365 373 
degeneracy worse : 311 295 320 346 367 380 
SCL #err deg : 2796 / 3700
SCL #err weighted degeneracy : 2779 2776 2782 2784 2790 2798 
degeneracy helps : 335 322 341 366 382 386 
degeneracy worse : 318 302 327 354 376 388 
SCL #err deg : 2869 / 3800
SCL #err weighted degeneracy : 2847 2848 2849 2853 2860 2868 
degeneracy helps : 347 332 354 383 398 403 
degeneracy worse : 325 311 334 367 389 402 
SCL #err deg : 2938 / 3900
SCL #err weighted degeneracy : 2921 2920 2925 2926 2934 2944 
degeneracy helps : 354 342 362 394 409 412 
degeneracy worse : 337 324 349 382 405 418 
SCL #err deg : 3014 / 4000
SCL #err weighted degeneracy : 3000 2999 3005 3007 3015 3021 
degeneracy helps : 360 348 368 402 416 422 
degeneracy worse : 346 333 359 395 417 429 
SCL #err deg : 3090 / 4100
SCL #err weighted degeneracy : 3075 3076 3081 3081 3088 3095 
degeneracy helps : 368 353 376 413 427 433 
degeneracy worse : 353 339 367 404 425 438 
SCL #err deg : 3161 / 4200
SCL #err weighted degeneracy : 3157 3159 3163 3165 3172 3177 
degeneracy helps : 373 357 381 421 435 441 
degeneracy worse : 369 355 383 425 446 457 
SCL #err deg : 3230 / 4300
SCL #err weighted degeneracy : 3235 3236 3242 3241 3248 3251 
degeneracy helps : 375 360 384 427 442 448 
degeneracy worse : 380 366 396 438 460 469 
SCL #err deg : 3306 / 4400
SCL #err weighted degeneracy : 3311 3312 3319 3315 3327 3330 
degeneracy helps : 383 368 392 437 450 457 
degeneracy worse : 388 374 405 446 471 481 
SCL #err deg : 3381 / 4500
SCL #err weighted degeneracy : 3389 3387 3397 3390 3401 3405 
degeneracy helps : 392 379 402 450 464 470 
degeneracy worse : 400 385 418 459 484 494 
SCL #err deg : 3458 / 4600
SCL #err weighted degeneracy : 3471 3467 3479 3472 3480 3483 
degeneracy helps : 397 384 407 456 472 480 
degeneracy worse : 410 393 428 470 494 505 
SCL #err deg : 3537 / 4700
SCL #err weighted degeneracy : 3549 3547 3558 3553 3559 3559 
degeneracy helps : 406 392 415 466 483 492 
degeneracy worse : 418 402 436 482 505 514 
SCL #err deg : 3614 / 4800
SCL #err weighted degeneracy : 3619 3619 3626 3621 3630 3630 
degeneracy helps : 419 403 430 484 499 506 
degeneracy worse : 424 408 442 491 515 522 
SCL #err deg : 3691 / 4900
SCL #err weighted degeneracy : 3700 3700 3705 3699 3710 3713 
degeneracy helps : 425 409 438 493 509 513 
degeneracy worse : 434 418 452 501 528 535 
SCL #err deg : 3765 / 5000
SCL #err weighted degeneracy : 3768 3768 3774 3771 3784 3787 
degeneracy helps : 437 420 450 505 520 526 
degeneracy worse : 440 423 459 511 539 548 
SCL #err deg : 3843 / 5100
SCL #err weighted degeneracy : 3842 3842 3846 3844 3855 3858 
degeneracy helps : 447 430 462 518 536 544 
degeneracy worse : 446 429 465 519 548 559 
SCL #err deg : 3919 / 5200
SCL #err weighted degeneracy : 3915 3915 3919 3915 3927 3931 
degeneracy helps : 457 440 472 529 548 556 
degeneracy worse : 453 436 472 525 556 568 
SCL #err deg : 3992 / 5300
SCL #err weighted degeneracy : 3996 3997 4000 3991 4002 4007 
degeneracy helps : 460 442 475 535 555 563 
degeneracy worse : 464 447 483 534 565 578 
SCL #err deg : 4070 / 5400
SCL #err weighted degeneracy : 4075 4075 4082 4071 4085 4090 
degeneracy helps : 466 449 481 545 562 570 
degeneracy worse : 471 454 493 546 577 590 
SCL #err deg : 4142 / 5500
SCL #err weighted degeneracy : 4149 4151 4157 4145 4158 4165 
degeneracy helps : 472 455 487 551 570 577 
degeneracy worse : 479 464 502 554 586 600 
SCL #err deg : 4222 / 5600
SCL #err weighted degeneracy : 4229 4230 4238 4229 4240 4246 
degeneracy helps : 482 465 497 561 581 588 
degeneracy worse : 489 473 513 568 599 612 
SCL #err deg : 4295 / 5700
SCL #err weighted degeneracy : 4310 4310 4321 4313 4324 4332 
degeneracy helps : 488 471 503 567 588 595 
degeneracy worse : 503 486 529 585 617 632 
SCL #err deg : 4375 / 5800
SCL #err weighted degeneracy : 4383 4386 4396 4388 4398 4406 
degeneracy helps : 499 480 512 577 601 609 
degeneracy worse : 507 491 533 590 624 640 
SCL #err deg : 4455 / 5900
SCL #err weighted degeneracy : 4455 4460 4469 4462 4473 4480 
degeneracy helps : 514 493 528 593 617 625 
degeneracy worse : 514 498 542 600 635 650 
SCL #err deg : 4521 / 6000
SCL #err weighted degeneracy : 4523 4529 4537 4531 4546 4552 
degeneracy helps : 525 504 539 603 627 637 
degeneracy worse : 527 512 555 613 652 668 
SCL #err deg : 4596 / 6100
SCL #err weighted degeneracy : 4596 4602 4612 4607 4623 4630 
degeneracy helps : 534 513 546 609 635 644 
degeneracy worse : 534 519 562 620 662 678 
SCL #err deg : 4679 / 6200
SCL #err weighted degeneracy : 4676 4681 4690 4684 4700 4706 
degeneracy helps : 542 522 557 622 650 661 
degeneracy worse : 539 524 568 627 671 688 
SCL #err deg : 4756 / 6300
SCL #err weighted degeneracy : 4755 4761 4769 4762 4776 4781 
degeneracy helps : 550 529 565 630 659 671 
degeneracy worse : 549 534 578 636 679 696 
SCL #err deg : 4835 / 6400
SCL #err weighted degeneracy : 4826 4831 4840 4832 4849 4857 
degeneracy helps : 565 545 579 644 673 682 
degeneracy worse : 556 541 584 641 687 704 
SCL #err deg : 4900 / 6500
SCL #err weighted degeneracy : 4894 4898 4908 4899 4916 4924 
degeneracy helps : 574 554 589 654 684 692 
degeneracy worse : 568 552 597 653 700 716 
SCL #err deg : 4973 / 6600
SCL #err weighted degeneracy : 4967 4970 4981 4971 4988 4995 
degeneracy helps : 581 562 596 664 693 703 
degeneracy worse : 575 559 604 662 708 725 
SCL #err deg : 5048 / 6700
SCL #err weighted degeneracy : 5049 5052 5062 5053 5071 5078 
degeneracy helps : 587 568 602 671 699 708 
degeneracy worse : 588 572 616 676 722 738 
SCL #err deg : 5123 / 6800
SCL #err weighted degeneracy : 5121 5125 5134 5127 5145 5153 
degeneracy helps : 596 576 612 680 710 718 
degeneracy worse : 594 578 623 684 732 748 
SCL #err deg : 5200 / 6900
SCL #err weighted degeneracy : 5196 5202 5210 5199 5217 5224 
degeneracy helps : 605 583 620 691 721 730 
degeneracy worse : 601 585 630 690 738 754 
SCL #err deg : 5269 / 7000
SCL #err weighted degeneracy : 5269 5276 5283 5270 5286 5294 
degeneracy helps : 612 589 627 699 731 740 
degeneracy worse : 612 596 641 700 748 765 
SCL #err deg : 5343 / 7100
SCL #err weighted degeneracy : 5351 5355 5365 5349 5363 5370 
degeneracy helps : 615 594 631 707 742 753 
degeneracy worse : 623 606 653 713 762 780 
SCL #err deg : 5420 / 7200
SCL #err weighted degeneracy : 5421 5427 5435 5421 5434 5443 
degeneracy helps : 631 607 648 724 759 769 
degeneracy worse : 632 614 663 725 773 792 
SCL #err deg : 5497 / 7300
SCL #err weighted degeneracy : 5501 5507 5515 5501 5515 5524 
degeneracy helps : 638 614 656 733 769 779 
degeneracy worse : 642 624 674 737 787 806 
SCL #err deg : 5573 / 7400
SCL #err weighted degeneracy : 5576 5579 5590 5576 5590 5600 
degeneracy helps : 647 625 665 744 779 788 
degeneracy worse : 650 631 682 747 796 815 
SCL #err deg : 5654 / 7500
SCL #err weighted degeneracy : 5652 5652 5665 5646 5662 5672 
degeneracy helps : 657 637 676 759 794 805 
degeneracy worse : 655 635 687 751 802 823 
SCL #err deg : 5724 / 7600
SCL #err weighted degeneracy : 5723 5723 5736 5718 5734 5745 
degeneracy helps : 665 644 684 770 805 816 
degeneracy worse : 664 643 696 764 815 837 
SCL #err deg : 5798 / 7700
SCL #err weighted degeneracy : 5799 5802 5811 5792 5810 5822 
degeneracy helps : 671 649 690 777 812 822 
degeneracy worse : 672 653 703 771 824 846 
SCL #err deg : 5872 / 7800
SCL #err weighted degeneracy : 5872 5875 5885 5864 5884 5897 
degeneracy helps : 677 655 696 785 820 830 
degeneracy worse : 677 658 709 777 832 855 
SCL #err deg : 5952 / 7900
SCL #err weighted degeneracy : 5949 5949 5963 5945 5961 5976 
degeneracy helps : 688 667 707 795 833 841 
degeneracy worse : 685 664 718 788 842 865 
SCL #err deg : 6028 / 8000
SCL #err weighted degeneracy : 6027 6026 6040 6022 6036 6052 
degeneracy helps : 696 676 716 805 845 850 
degeneracy worse : 695 674 728 799 853 874 
SCL #err deg : 6102 / 8100
SCL #err weighted degeneracy : 6098 6098 6111 6091 6109 6125 
degeneracy helps : 702 681 722 812 852 857 
degeneracy worse : 698 677 731 801 859 880 
SCL #err deg : 6174 / 8200
SCL #err weighted degeneracy : 6167 6168 6178 6155 6173 6193 
degeneracy helps : 712 690 734 827 868 871 
degeneracy worse : 705 684 738 808 867 890 
SCL #err deg : 6250 / 8300
SCL #err weighted degeneracy : 6246 6244 6257 6233 6250 6272 
degeneracy helps : 720 701 742 837 878 880 
degeneracy worse : 716 695 749 820 878 902 
SCL #err deg : 6325 / 8400
SCL #err weighted degeneracy : 6319 6317 6330 6306 6322 6344 
degeneracy helps : 731 713 753 850 892 894 
degeneracy worse : 725 705 758 831 889 913 
SCL #err deg : 6403 / 8500
SCL #err weighted degeneracy : 6390 6392 6401 6377 6392 6413 
degeneracy helps : 744 724 766 861 904 907 
degeneracy worse : 731 713 764 835 893 917 
SCL #err deg : 6475 / 8600
SCL #err weighted degeneracy : 6460 6461 6470 6451 6464 6486 
degeneracy helps : 753 734 775 869 913 917 
degeneracy worse : 738 720 770 845 902 928 
SCL #err deg : 6545 / 8700
SCL #err weighted degeneracy : 6539 6537 6549 6531 6545 6568 
degeneracy helps : 754 735 776 873 917 920 
degeneracy worse : 748 727 780 859 917 943 
SCL #err deg : 6625 / 8800
SCL #err weighted degeneracy : 6618 6617 6628 6611 6623 6646 
degeneracy helps : 758 738 781 880 925 928 
degeneracy worse : 751 730 784 866 923 949 
SCL #err deg : 6702 / 8900
SCL #err weighted degeneracy : 6696 6697 6707 6689 6699 6719 
degeneracy helps : 764 743 787 886 932 936 
degeneracy worse : 758 738 792 873 929 953 
SCL #err deg : 6782 / 9000
SCL #err weighted degeneracy : 6775 6776 6786 6766 6775 6793 
degeneracy helps : 772 750 795 896 943 949 
degeneracy worse : 765 744 799 880 936 960 
SCL #err deg : 6862 / 9100
SCL #err weighted degeneracy : 6847 6850 6858 6838 6847 6868 
degeneracy helps : 788 763 811 911 958 961 
degeneracy worse : 773 751 807 887 943 967 
SCL #err deg : 6932 / 9200
SCL #err weighted degeneracy : 6914 6919 6928 6908 6917 6940 
degeneracy helps : 800 773 821 921 968 971 
degeneracy worse : 782 760 817 897 953 979 
SCL #err deg : 7006 / 9300
SCL #err weighted degeneracy : 6993 6998 7009 6990 7000 7023 
degeneracy helps : 807 779 826 927 975 978 
degeneracy worse : 794 771 829 911 969 995 
SCL #err deg : 7084 / 9400
SCL #err weighted degeneracy : 7067 7072 7082 7061 7068 7089 
degeneracy helps : 815 788 835 937 988 992 
degeneracy worse : 798 776 833 914 972 997 
SCL #err deg : 7156 / 9500
SCL #err weighted degeneracy : 7133 7139 7149 7134 7139 7159 
degeneracy helps : 830 802 850 949 1001 1006 
degeneracy worse : 807 785 843 927 984 1009 
SCL #err deg : 7228 / 9600
SCL #err weighted degeneracy : 7209 7216 7227 7213 7218 7235 
degeneracy helps : 838 808 857 957 1009 1016 
degeneracy worse : 819 796 856 942 999 1023 
SCL #err deg : 7303 / 9700
SCL #err weighted degeneracy : 7284 7292 7302 7290 7298 7314 
degeneracy helps : 849 818 869 971 1022 1029 
degeneracy worse : 830 807 868 958 1017 1040 
SCL #err deg : 7378 / 9800
SCL #err weighted degeneracy : 7361 7369 7379 7366 7376 7391 
degeneracy helps : 859 828 879 982 1032 1040 
degeneracy worse : 842 819 880 970 1030 1053 
SCL #err deg : 7455 / 9900
SCL #err weighted degeneracy : 7438 7445 7456 7442 7455 7471 
degeneracy helps : 865 834 884 990 1040 1047 
degeneracy worse : 848 824 885 977 1040 1063 
SCL #err deg : 7533 / 10000
SCL #err weighted degeneracy : 7516 7522 7531 7516 7528 7547 
degeneracy helps : 875 844 895 1002 1053 1058 
degeneracy worse : 858 833 893 985 1048 1072 
average #flips: 102.325
SCL #err considering degeneracy: 7533
error due to equal 0
error due to SCL smaller 7533
Finish in 5030 s
