Simulation Polar syndrome FASTER N=512, K=257, l=128, pz=0.1, #samples=10000, seed=87
HPW construction
Event generator random seed: 87
SCL #err deg : 21 / 100
SCL #err weighted degeneracy : 23 23 25 26 30 32 
degeneracy helps : 8 8 7 7 5 5 
degeneracy worse : 10 10 11 12 14 16 
SCL #err deg : 42 / 200
SCL #err weighted degeneracy : 43 43 47 46 51 56 
degeneracy helps : 14 14 12 12 11 11 
degeneracy worse : 15 15 17 16 20 25 
SCL #err deg : 75 / 300
SCL #err weighted degeneracy : 68 68 74 74 80 83 
degeneracy helps : 25 25 23 24 26 27 
degeneracy worse : 18 18 22 23 31 35 
SCL #err deg : 94 / 400
SCL #err weighted degeneracy : 85 85 91 94 100 102 
degeneracy helps : 31 31 29 31 33 34 
degeneracy worse : 22 22 26 31 39 42 
SCL #err deg : 114 / 500
SCL #err weighted degeneracy : 97 97 104 111 119 123 
degeneracy helps : 39 39 37 40 42 42 
degeneracy worse : 22 22 27 37 47 51 
SCL #err deg : 137 / 600
SCL #err weighted degeneracy : 117 117 124 133 144 147 
degeneracy helps : 48 48 46 49 52 54 
degeneracy worse : 28 28 33 45 59 64 
SCL #err deg : 165 / 700
SCL #err weighted degeneracy : 142 142 150 159 173 178 
degeneracy helps : 55 55 52 56 58 60 
degeneracy worse : 32 32 37 50 66 73 
SCL #err deg : 185 / 800
SCL #err weighted degeneracy : 160 160 169 181 199 204 
degeneracy helps : 60 60 57 61 62 65 
degeneracy worse : 35 35 41 57 76 84 
SCL #err deg : 210 / 900
SCL #err weighted degeneracy : 181 181 187 205 223 230 
degeneracy helps : 68 68 68 69 70 73 
degeneracy worse : 39 39 45 64 83 93 
SCL #err deg : 232 / 1000
SCL #err weighted degeneracy : 206 206 212 232 250 255 
degeneracy helps : 70 70 70 72 73 78 
degeneracy worse : 44 44 50 72 91 101 
SCL #err deg : 251 / 1100
SCL #err weighted degeneracy : 221 221 227 247 267 273 
degeneracy helps : 78 78 78 81 83 88 
degeneracy worse : 48 48 54 77 99 110 
SCL #err deg : 263 / 1200
SCL #err weighted degeneracy : 234 234 242 269 290 297 
degeneracy helps : 82 82 82 84 87 91 
degeneracy worse : 53 53 61 90 114 125 
SCL #err deg : 292 / 1300
SCL #err weighted degeneracy : 259 259 267 296 319 327 
degeneracy helps : 88 88 88 91 94 98 
degeneracy worse : 55 55 63 95 121 133 
SCL #err deg : 312 / 1400
SCL #err weighted degeneracy : 275 275 284 314 337 345 
degeneracy helps : 95 95 94 97 102 107 
degeneracy worse : 58 58 66 99 127 140 
SCL #err deg : 336 / 1500
SCL #err weighted degeneracy : 296 296 306 340 367 378 
degeneracy helps : 103 103 102 107 113 117 
degeneracy worse : 63 63 72 111 144 159 
SCL #err deg : 357 / 1600
SCL #err weighted degeneracy : 314 314 324 358 385 395 
degeneracy helps : 109 109 109 115 122 126 
degeneracy worse : 66 66 76 116 150 164 
SCL #err deg : 375 / 1700
SCL #err weighted degeneracy : 334 334 344 382 410 422 
degeneracy helps : 113 113 114 120 127 130 
degeneracy worse : 72 72 83 127 162 177 
SCL #err deg : 407 / 1800
SCL #err weighted degeneracy : 360 360 371 412 442 455 
degeneracy helps : 123 123 123 130 137 139 
degeneracy worse : 76 76 87 135 172 187 
SCL #err deg : 434 / 1900
SCL #err weighted degeneracy : 380 380 390 434 466 478 
degeneracy helps : 135 135 136 143 150 152 
degeneracy worse : 81 81 92 143 182 196 
SCL #err deg : 455 / 2000
SCL #err weighted degeneracy : 401 401 410 453 486 500 
degeneracy helps : 138 138 140 149 158 160 
degeneracy worse : 84 84 95 147 189 205 
SCL #err deg : 480 / 2100
SCL #err weighted degeneracy : 424 424 434 479 513 527 
degeneracy helps : 148 148 150 160 168 171 
degeneracy worse : 92 92 104 159 201 218 
SCL #err deg : 509 / 2200
SCL #err weighted degeneracy : 448 448 457 508 542 557 
degeneracy helps : 155 155 158 169 176 181 
degeneracy worse : 94 94 106 168 209 229 
SCL #err deg : 530 / 2300
SCL #err weighted degeneracy : 468 468 478 532 565 583 
degeneracy helps : 161 161 166 178 185 190 
degeneracy worse : 99 99 114 180 220 243 
SCL #err deg : 556 / 2400
SCL #err weighted degeneracy : 491 491 503 559 593 613 
degeneracy helps : 169 169 172 185 193 197 
degeneracy worse : 104 104 119 188 230 254 
SCL #err deg : 574 / 2500
SCL #err weighted degeneracy : 509 509 520 579 614 636 
degeneracy helps : 173 173 179 192 200 204 
degeneracy worse : 108 108 125 197 240 266 
SCL #err deg : 606 / 2600
SCL #err weighted degeneracy : 536 536 544 606 642 666 
degeneracy helps : 181 181 190 202 209 213 
degeneracy worse : 111 111 128 202 245 273 
SCL #err deg : 631 / 2700
SCL #err weighted degeneracy : 556 556 562 624 664 691 
degeneracy helps : 190 190 200 214 219 223 
degeneracy worse : 115 115 131 207 252 283 
SCL #err deg : 655 / 2800
SCL #err weighted degeneracy : 572 572 579 644 687 718 
degeneracy helps : 200 200 210 223 228 230 
degeneracy worse : 117 117 134 212 260 293 
SCL #err deg : 687 / 2900
SCL #err weighted degeneracy : 594 594 604 673 718 748 
degeneracy helps : 216 216 224 235 239 241 
degeneracy worse : 123 123 141 221 270 302 
SCL #err deg : 701 / 3000
SCL #err weighted degeneracy : 608 608 618 688 734 765 
degeneracy helps : 220 220 230 241 245 247 
degeneracy worse : 127 127 147 228 278 311 
SCL #err deg : 726 / 3100
SCL #err weighted degeneracy : 635 635 647 715 759 792 
degeneracy helps : 224 224 234 246 253 255 
degeneracy worse : 133 133 155 235 286 321 
SCL #err deg : 746 / 3200
SCL #err weighted degeneracy : 654 654 665 737 785 819 
degeneracy helps : 227 227 239 253 259 260 
degeneracy worse : 135 135 158 244 298 333 
SCL #err deg : 773 / 3300
SCL #err weighted degeneracy : 677 677 687 762 809 843 
degeneracy helps : 236 236 249 262 269 271 
degeneracy worse : 140 140 163 251 305 341 
SCL #err deg : 791 / 3400
SCL #err weighted degeneracy : 692 692 704 781 831 865 
degeneracy helps : 240 240 253 266 272 274 
degeneracy worse : 141 141 166 256 312 348 
SCL #err deg : 819 / 3500
SCL #err weighted degeneracy : 719 719 731 809 858 893 
degeneracy helps : 248 248 263 277 284 286 
degeneracy worse : 148 148 175 267 323 360 
SCL #err deg : 846 / 3600
SCL #err weighted degeneracy : 739 739 751 830 882 918 
degeneracy helps : 257 257 272 288 295 297 
degeneracy worse : 150 150 177 272 331 369 
SCL #err deg : 859 / 3700
SCL #err weighted degeneracy : 752 752 762 841 894 932 
degeneracy helps : 262 262 278 296 303 304 
degeneracy worse : 155 155 181 278 338 377 
SCL #err deg : 885 / 3800
SCL #err weighted degeneracy : 774 774 785 864 920 959 
degeneracy helps : 271 271 287 306 312 313 
degeneracy worse : 160 160 187 285 347 387 
SCL #err deg : 910 / 3900
SCL #err weighted degeneracy : 797 797 808 892 951 991 
degeneracy helps : 277 277 293 311 317 318 
degeneracy worse : 164 164 191 293 358 399 
SCL #err deg : 932 / 4000
SCL #err weighted degeneracy : 818 818 830 915 975 1016 
degeneracy helps : 284 284 301 320 326 327 
degeneracy worse : 170 170 199 303 369 411 
SCL #err deg : 965 / 4100
SCL #err weighted degeneracy : 841 841 855 946 1007 1050 
degeneracy helps : 297 297 314 332 338 338 
degeneracy worse : 173 173 204 313 380 423 
SCL #err deg : 990 / 4200
SCL #err weighted degeneracy : 863 863 876 969 1031 1077 
degeneracy helps : 304 304 321 340 347 345 
degeneracy worse : 177 177 207 319 388 432 
SCL #err deg : 1011 / 4300
SCL #err weighted degeneracy : 883 883 897 990 1050 1097 
degeneracy helps : 310 310 327 346 353 352 
degeneracy worse : 182 182 213 325 392 438 
SCL #err deg : 1035 / 4400
SCL #err weighted degeneracy : 903 903 919 1018 1080 1127 
degeneracy helps : 318 318 335 356 363 362 
degeneracy worse : 186 186 219 339 408 454 
SCL #err deg : 1058 / 4500
SCL #err weighted degeneracy : 925 925 943 1039 1105 1155 
degeneracy helps : 326 326 343 368 374 372 
degeneracy worse : 193 193 228 349 421 469 
SCL #err deg : 1084 / 4600
SCL #err weighted degeneracy : 949 949 970 1065 1133 1182 
degeneracy helps : 339 339 354 380 385 382 
degeneracy worse : 204 204 240 361 434 480 
SCL #err deg : 1114 / 4700
SCL #err weighted degeneracy : 975 975 995 1092 1160 1208 
degeneracy helps : 348 348 365 392 398 395 
degeneracy worse : 209 209 246 370 444 489 
SCL #err deg : 1131 / 4800
SCL #err weighted degeneracy : 989 989 1009 1106 1177 1228 
degeneracy helps : 355 355 372 401 406 402 
degeneracy worse : 213 213 250 376 452 499 
SCL #err deg : 1146 / 4900
SCL #err weighted degeneracy : 1007 1007 1026 1123 1195 1248 
degeneracy helps : 359 359 376 406 411 407 
degeneracy worse : 220 220 256 383 460 509 
SCL #err deg : 1168 / 5000
SCL #err weighted degeneracy : 1027 1027 1046 1143 1217 1276 
degeneracy helps : 365 365 382 413 418 414 
degeneracy worse : 224 224 260 388 467 522 
SCL #err deg : 1193 / 5100
SCL #err weighted degeneracy : 1050 1050 1071 1167 1242 1301 
degeneracy helps : 373 373 389 421 425 422 
degeneracy worse : 230 230 267 395 474 530 
SCL #err deg : 1220 / 5200
SCL #err weighted degeneracy : 1074 1074 1096 1197 1272 1332 
degeneracy helps : 381 381 397 428 433 431 
degeneracy worse : 235 235 273 405 485 543 
SCL #err deg : 1246 / 5300
SCL #err weighted degeneracy : 1103 1103 1126 1229 1306 1366 
degeneracy helps : 387 387 402 433 439 437 
degeneracy worse : 244 244 282 416 499 557 
SCL #err deg : 1271 / 5400
SCL #err weighted degeneracy : 1126 1126 1148 1254 1331 1392 
degeneracy helps : 392 392 407 439 445 442 
degeneracy worse : 247 247 284 422 505 563 
SCL #err deg : 1296 / 5500
SCL #err weighted degeneracy : 1147 1147 1169 1277 1354 1417 
degeneracy helps : 400 400 415 448 455 452 
degeneracy worse : 251 251 288 429 513 573 
SCL #err deg : 1313 / 5600
SCL #err weighted degeneracy : 1162 1162 1186 1294 1376 1441 
degeneracy helps : 404 404 418 452 459 456 
degeneracy worse : 253 253 291 433 522 584 
SCL #err deg : 1337 / 5700
SCL #err weighted degeneracy : 1182 1182 1207 1317 1399 1464 
degeneracy helps : 413 413 427 460 467 464 
degeneracy worse : 258 258 297 440 529 591 
SCL #err deg : 1363 / 5800
SCL #err weighted degeneracy : 1203 1203 1229 1340 1423 1489 
degeneracy helps : 422 422 435 468 475 472 
degeneracy worse : 262 262 301 445 535 598 
SCL #err deg : 1395 / 5900
SCL #err weighted degeneracy : 1232 1232 1258 1367 1452 1519 
degeneracy helps : 428 428 442 478 486 483 
degeneracy worse : 265 265 305 450 543 607 
SCL #err deg : 1425 / 6000
SCL #err weighted degeneracy : 1259 1259 1285 1396 1482 1549 
degeneracy helps : 436 436 451 489 497 494 
degeneracy worse : 270 270 311 460 554 618 
SCL #err deg : 1450 / 6100
SCL #err weighted degeneracy : 1283 1283 1310 1422 1507 1576 
degeneracy helps : 442 442 456 495 505 501 
degeneracy worse : 275 275 316 467 562 627 
SCL #err deg : 1477 / 6200
SCL #err weighted degeneracy : 1308 1308 1333 1444 1528 1599 
degeneracy helps : 447 448 462 503 515 513 
degeneracy worse : 279 279 319 470 566 635 
SCL #err deg : 1503 / 6300
SCL #err weighted degeneracy : 1334 1334 1359 1469 1555 1626 
degeneracy helps : 453 454 469 511 523 522 
degeneracy worse : 285 285 326 477 575 645 
SCL #err deg : 1528 / 6400
SCL #err weighted degeneracy : 1362 1362 1386 1497 1585 1656 
degeneracy helps : 458 459 474 517 528 527 
degeneracy worse : 293 293 333 486 585 655 
SCL #err deg : 1558 / 6500
SCL #err weighted degeneracy : 1388 1388 1410 1520 1608 1682 
degeneracy helps : 467 468 485 530 542 541 
degeneracy worse : 298 298 338 492 592 665 
SCL #err deg : 1578 / 6600
SCL #err weighted degeneracy : 1407 1407 1433 1543 1631 1705 
degeneracy helps : 473 474 490 537 550 549 
degeneracy worse : 303 303 346 502 603 676 
SCL #err deg : 1596 / 6700
SCL #err weighted degeneracy : 1431 1431 1459 1571 1661 1736 
degeneracy helps : 474 475 491 539 552 551 
degeneracy worse : 310 310 355 514 617 691 
SCL #err deg : 1623 / 6800
SCL #err weighted degeneracy : 1454 1454 1483 1603 1693 1769 
degeneracy helps : 482 483 499 544 558 558 
degeneracy worse : 314 314 360 524 628 704 
SCL #err deg : 1645 / 6900
SCL #err weighted degeneracy : 1474 1474 1505 1625 1716 1791 
degeneracy helps : 486 487 501 547 561 563 
degeneracy worse : 316 316 362 527 632 709 
SCL #err deg : 1666 / 7000
SCL #err weighted degeneracy : 1497 1497 1528 1651 1743 1817 
degeneracy helps : 490 491 506 553 567 571 
degeneracy worse : 322 322 369 538 644 722 
SCL #err deg : 1692 / 7100
SCL #err weighted degeneracy : 1519 1519 1550 1677 1772 1845 
degeneracy helps : 498 499 514 561 574 578 
degeneracy worse : 326 326 373 546 654 731 
SCL #err deg : 1713 / 7200
SCL #err weighted degeneracy : 1534 1534 1565 1697 1795 1869 
degeneracy helps : 506 507 523 569 583 586 
degeneracy worse : 328 328 376 553 665 742 
SCL #err deg : 1736 / 7300
SCL #err weighted degeneracy : 1556 1556 1590 1728 1829 1903 
degeneracy helps : 510 511 526 571 586 590 
degeneracy worse : 331 331 381 563 679 757 
SCL #err deg : 1748 / 7400
SCL #err weighted degeneracy : 1576 1576 1609 1749 1851 1925 
degeneracy helps : 511 512 528 574 589 593 
degeneracy worse : 340 340 390 575 692 770 
SCL #err deg : 1765 / 7500
SCL #err weighted degeneracy : 1594 1594 1628 1769 1872 1948 
degeneracy helps : 516 517 535 582 597 602 
degeneracy worse : 346 346 399 586 704 785 
SCL #err deg : 1782 / 7600
SCL #err weighted degeneracy : 1615 1615 1646 1791 1895 1973 
degeneracy helps : 521 522 541 588 603 607 
degeneracy worse : 355 355 406 597 716 798 
SCL #err deg : 1801 / 7700
SCL #err weighted degeneracy : 1632 1632 1665 1813 1917 1995 
degeneracy helps : 528 529 548 595 610 615 
degeneracy worse : 360 360 413 607 726 809 
SCL #err deg : 1820 / 7800
SCL #err weighted degeneracy : 1649 1649 1682 1831 1942 2021 
degeneracy helps : 538 539 558 605 618 623 
degeneracy worse : 368 368 421 616 740 824 
SCL #err deg : 1836 / 7900
SCL #err weighted degeneracy : 1663 1663 1694 1846 1958 2039 
degeneracy helps : 542 543 564 612 625 631 
degeneracy worse : 370 370 423 622 747 834 
SCL #err deg : 1855 / 8000
SCL #err weighted degeneracy : 1684 1684 1713 1869 1983 2066 
degeneracy helps : 545 546 569 618 630 634 
degeneracy worse : 375 375 428 632 758 845 
SCL #err deg : 1881 / 8100
SCL #err weighted degeneracy : 1707 1707 1737 1895 2010 2093 
degeneracy helps : 551 552 574 622 634 638 
degeneracy worse : 378 378 431 636 763 850 
SCL #err deg : 1903 / 8200
SCL #err weighted degeneracy : 1731 1731 1759 1916 2032 2118 
degeneracy helps : 554 555 579 629 641 644 
degeneracy worse : 383 383 436 642 770 859 
SCL #err deg : 1925 / 8300
SCL #err weighted degeneracy : 1745 1745 1776 1934 2054 2140 
degeneracy helps : 565 566 590 642 653 656 
degeneracy worse : 386 386 442 651 782 871 
SCL #err deg : 1949 / 8400
SCL #err weighted degeneracy : 1761 1761 1795 1954 2078 2165 
degeneracy helps : 574 575 598 651 660 663 
degeneracy worse : 387 387 445 656 789 879 
SCL #err deg : 1979 / 8500
SCL #err weighted degeneracy : 1787 1787 1818 1979 2104 2192 
degeneracy helps : 581 582 607 662 671 674 
degeneracy worse : 390 390 447 662 796 887 
SCL #err deg : 2001 / 8600
SCL #err weighted degeneracy : 1810 1810 1839 2005 2131 2219 
degeneracy helps : 584 585 612 666 676 679 
degeneracy worse : 394 394 451 670 806 897 
SCL #err deg : 2019 / 8700
SCL #err weighted degeneracy : 1825 1825 1857 2026 2153 2241 
degeneracy helps : 590 591 618 671 680 684 
degeneracy worse : 397 397 457 678 814 906 
SCL #err deg : 2038 / 8800
SCL #err weighted degeneracy : 1840 1840 1872 2044 2175 2264 
degeneracy helps : 596 597 624 678 686 692 
degeneracy worse : 399 399 459 684 823 918 
SCL #err deg : 2061 / 8900
SCL #err weighted degeneracy : 1861 1861 1890 2065 2197 2288 
degeneracy helps : 601 602 632 687 696 702 
degeneracy worse : 402 402 462 691 832 929 
SCL #err deg : 2078 / 9000
SCL #err weighted degeneracy : 1876 1876 1903 2079 2213 2304 
degeneracy helps : 604 605 636 692 700 707 
degeneracy worse : 403 403 462 693 835 933 
SCL #err deg : 2095 / 9100
SCL #err weighted degeneracy : 1890 1890 1916 2095 2231 2320 
degeneracy helps : 609 610 642 698 706 715 
degeneracy worse : 405 405 464 698 842 940 
SCL #err deg : 2126 / 9200
SCL #err weighted degeneracy : 1914 1914 1941 2123 2259 2350 
degeneracy helps : 620 621 654 710 718 725 
degeneracy worse : 409 409 470 707 851 949 
SCL #err deg : 2151 / 9300
SCL #err weighted degeneracy : 1932 1932 1961 2143 2281 2371 
degeneracy helps : 631 632 664 721 729 736 
degeneracy worse : 413 413 475 713 859 956 
SCL #err deg : 2172 / 9400
SCL #err weighted degeneracy : 1948 1948 1977 2161 2301 2391 
degeneracy helps : 641 642 674 733 740 747 
degeneracy worse : 418 418 480 722 869 966 
SCL #err deg : 2196 / 9500
SCL #err weighted degeneracy : 1967 1967 1996 2186 2329 2420 
degeneracy helps : 648 649 681 740 747 753 
degeneracy worse : 420 420 482 730 880 977 
SCL #err deg : 2217 / 9600
SCL #err weighted degeneracy : 1990 1990 2023 2215 2359 2451 
degeneracy helps : 653 654 685 744 753 759 
degeneracy worse : 427 427 492 742 895 993 
SCL #err deg : 2242 / 9700
SCL #err weighted degeneracy : 2012 2012 2047 2242 2386 2479 
degeneracy helps : 660 661 692 749 758 765 
degeneracy worse : 431 431 498 749 902 1002 
SCL #err deg : 2269 / 9800
SCL #err weighted degeneracy : 2040 2040 2073 2267 2416 2508 
degeneracy helps : 663 664 697 756 764 772 
degeneracy worse : 435 435 502 754 911 1011 
SCL #err deg : 2288 / 9900
SCL #err weighted degeneracy : 2059 2059 2091 2288 2441 2530 
degeneracy helps : 669 670 704 764 772 783 
degeneracy worse : 441 441 508 764 925 1025 
SCL #err deg : 2305 / 10000
SCL #err weighted degeneracy : 2075 2075 2105 2306 2463 2553 
degeneracy helps : 674 675 711 770 777 788 
degeneracy worse : 445 445 512 771 935 1036 
average #flips: 51.2443
SCL #err considering degeneracy: 2305
error due to equal 779
error due to SCL smaller 1475
Finish in 5023 s
