Simulation Polar syndrome FASTER N=512, K=257, l=128, pz=0.15, #samples=10000, seed=87
HPW construction
Event generator random seed: 87
SCL #err deg : 73 / 100
SCL #err weighted degeneracy : 72 72 72 72 75 73 
degeneracy helps : 9 9 10 10 10 12 
degeneracy worse : 8 8 9 9 12 12 
SCL #err deg : 146 / 200
SCL #err weighted degeneracy : 144 144 142 141 144 141 
degeneracy helps : 17 17 20 22 23 27 
degeneracy worse : 15 15 16 17 21 22 
SCL #err deg : 221 / 300
SCL #err weighted degeneracy : 220 220 217 210 213 208 
degeneracy helps : 24 24 28 34 36 41 
degeneracy worse : 23 23 24 23 28 28 
SCL #err deg : 295 / 400
SCL #err weighted degeneracy : 300 300 295 287 290 284 
degeneracy helps : 32 32 38 43 45 50 
degeneracy worse : 37 37 38 35 40 39 
SCL #err deg : 369 / 500
SCL #err weighted degeneracy : 374 374 366 356 358 354 
degeneracy helps : 42 42 50 59 61 63 
degeneracy worse : 47 47 47 46 50 48 
SCL #err deg : 435 / 600
SCL #err weighted degeneracy : 439 440 430 421 425 423 
degeneracy helps : 54 54 63 73 73 75 
degeneracy worse : 58 59 58 59 63 63 
SCL #err deg : 499 / 700
SCL #err weighted degeneracy : 506 507 495 488 494 493 
degeneracy helps : 61 61 74 85 84 87 
degeneracy worse : 68 69 70 74 79 81 
SCL #err deg : 569 / 800
SCL #err weighted degeneracy : 571 570 561 556 563 561 
degeneracy helps : 73 74 86 97 96 102 
degeneracy worse : 75 75 78 84 90 94 
SCL #err deg : 647 / 900
SCL #err weighted degeneracy : 646 646 635 629 640 637 
degeneracy helps : 82 82 97 111 108 116 
degeneracy worse : 81 81 85 93 101 106 
SCL #err deg : 719 / 1000
SCL #err weighted degeneracy : 719 719 710 703 712 713 
degeneracy helps : 90 91 103 118 117 124 
degeneracy worse : 90 91 94 102 110 118 
SCL #err deg : 781 / 1100
SCL #err weighted degeneracy : 791 791 780 765 771 773 
degeneracy helps : 93 94 107 128 130 137 
degeneracy worse : 103 104 106 112 120 129 
SCL #err deg : 854 / 1200
SCL #err weighted degeneracy : 863 862 851 834 842 842 
degeneracy helps : 103 104 118 142 142 150 
degeneracy worse : 112 112 115 122 130 138 
SCL #err deg : 930 / 1300
SCL #err weighted degeneracy : 936 934 923 906 916 913 
degeneracy helps : 113 115 128 151 151 162 
degeneracy worse : 119 119 121 127 137 145 
SCL #err deg : 1002 / 1400
SCL #err weighted degeneracy : 1002 1000 990 977 989 988 
degeneracy helps : 124 126 140 163 164 173 
degeneracy worse : 124 124 128 138 151 159 
SCL #err deg : 1070 / 1500
SCL #err weighted degeneracy : 1071 1069 1058 1041 1056 1053 
degeneracy helps : 132 134 149 174 173 185 
degeneracy worse : 133 133 137 145 159 168 
SCL #err deg : 1133 / 1600
SCL #err weighted degeneracy : 1136 1134 1123 1106 1121 1119 
degeneracy helps : 141 143 160 186 184 195 
degeneracy worse : 144 144 150 159 172 181 
SCL #err deg : 1208 / 1700
SCL #err weighted degeneracy : 1208 1205 1195 1179 1196 1197 
degeneracy helps : 154 156 173 199 196 205 
degeneracy worse : 154 153 160 170 184 194 
SCL #err deg : 1280 / 1800
SCL #err weighted degeneracy : 1278 1275 1264 1248 1264 1267 
degeneracy helps : 163 165 183 210 210 218 
degeneracy worse : 161 160 167 178 194 205 
SCL #err deg : 1345 / 1900
SCL #err weighted degeneracy : 1345 1342 1331 1316 1335 1337 
degeneracy helps : 169 171 189 216 214 222 
degeneracy worse : 169 168 175 187 204 214 
SCL #err deg : 1408 / 2000
SCL #err weighted degeneracy : 1411 1409 1394 1379 1399 1402 
degeneracy helps : 176 177 199 228 226 235 
degeneracy worse : 179 178 185 199 217 229 
SCL #err deg : 1487 / 2100
SCL #err weighted degeneracy : 1493 1492 1478 1460 1478 1479 
degeneracy helps : 181 181 205 237 237 248 
degeneracy worse : 187 186 196 210 228 240 
SCL #err deg : 1552 / 2200
SCL #err weighted degeneracy : 1560 1559 1542 1526 1543 1543 
degeneracy helps : 188 188 214 246 248 260 
degeneracy worse : 196 195 204 220 239 251 
SCL #err deg : 1627 / 2300
SCL #err weighted degeneracy : 1633 1632 1612 1595 1612 1614 
degeneracy helps : 198 198 227 260 262 273 
degeneracy worse : 204 203 212 228 247 260 
SCL #err deg : 1699 / 2400
SCL #err weighted degeneracy : 1708 1707 1687 1667 1683 1684 
degeneracy helps : 206 206 237 274 277 290 
degeneracy worse : 215 214 225 242 261 275 
SCL #err deg : 1767 / 2500
SCL #err weighted degeneracy : 1778 1777 1758 1739 1754 1756 
degeneracy helps : 214 214 245 282 287 301 
degeneracy worse : 225 224 236 254 274 290 
SCL #err deg : 1839 / 2600
SCL #err weighted degeneracy : 1850 1849 1829 1809 1817 1822 
degeneracy helps : 222 222 255 293 303 316 
degeneracy worse : 233 232 245 263 281 299 
SCL #err deg : 1903 / 2700
SCL #err weighted degeneracy : 1915 1914 1896 1878 1886 1892 
degeneracy helps : 230 230 264 300 310 323 
degeneracy worse : 242 241 257 275 293 312 
SCL #err deg : 1972 / 2800
SCL #err weighted degeneracy : 1982 1982 1963 1948 1955 1962 
degeneracy helps : 238 238 273 308 318 331 
degeneracy worse : 248 248 264 284 301 321 
SCL #err deg : 2045 / 2900
SCL #err weighted degeneracy : 2057 2057 2038 2025 2033 2039 
degeneracy helps : 249 249 285 319 329 344 
degeneracy worse : 261 261 278 299 317 338 
SCL #err deg : 2123 / 3000
SCL #err weighted degeneracy : 2136 2136 2122 2108 2115 2118 
degeneracy helps : 257 257 291 325 336 353 
degeneracy worse : 270 270 290 310 328 348 
SCL #err deg : 2189 / 3100
SCL #err weighted degeneracy : 2208 2208 2193 2176 2184 2187 
degeneracy helps : 262 262 299 336 347 365 
degeneracy worse : 281 281 303 323 342 363 
SCL #err deg : 2258 / 3200
SCL #err weighted degeneracy : 2274 2275 2256 2241 2247 2250 
degeneracy helps : 276 275 316 351 364 383 
degeneracy worse : 292 292 314 334 353 375 
SCL #err deg : 2335 / 3300
SCL #err weighted degeneracy : 2347 2348 2327 2311 2318 2320 
degeneracy helps : 288 287 330 368 381 400 
degeneracy worse : 300 300 322 344 364 385 
SCL #err deg : 2403 / 3400
SCL #err weighted degeneracy : 2418 2420 2399 2382 2390 2390 
degeneracy helps : 294 292 337 374 388 409 
degeneracy worse : 309 309 333 353 375 396 
SCL #err deg : 2472 / 3500
SCL #err weighted degeneracy : 2488 2490 2472 2451 2456 2458 
degeneracy helps : 301 299 342 383 400 421 
degeneracy worse : 317 317 342 362 384 407 
SCL #err deg : 2534 / 3600
SCL #err weighted degeneracy : 2553 2557 2536 2517 2522 2527 
degeneracy helps : 311 308 353 395 411 433 
degeneracy worse : 330 331 355 378 399 426 
SCL #err deg : 2601 / 3700
SCL #err weighted degeneracy : 2625 2629 2608 2590 2596 2602 
degeneracy helps : 317 314 360 404 421 442 
degeneracy worse : 341 342 367 393 416 443 
SCL #err deg : 2669 / 3800
SCL #err weighted degeneracy : 2691 2694 2678 2662 2667 2674 
degeneracy helps : 327 325 368 411 430 451 
degeneracy worse : 349 350 377 404 428 456 
SCL #err deg : 2744 / 3900
SCL #err weighted degeneracy : 2765 2767 2750 2732 2740 2745 
degeneracy helps : 338 337 381 425 443 465 
degeneracy worse : 359 360 387 413 439 466 
SCL #err deg : 2818 / 4000
SCL #err weighted degeneracy : 2830 2831 2819 2800 2808 2813 
degeneracy helps : 350 350 391 437 455 478 
degeneracy worse : 362 363 392 419 445 473 
SCL #err deg : 2888 / 4100
SCL #err weighted degeneracy : 2899 2900 2889 2874 2881 2885 
degeneracy helps : 358 358 399 443 462 486 
degeneracy worse : 369 370 400 429 455 483 
SCL #err deg : 2966 / 4200
SCL #err weighted degeneracy : 2975 2976 2965 2947 2951 2956 
degeneracy helps : 364 364 407 454 476 499 
degeneracy worse : 373 374 406 435 461 489 
SCL #err deg : 3034 / 4300
SCL #err weighted degeneracy : 3044 3045 3036 3015 3018 3020 
degeneracy helps : 372 372 413 466 489 515 
degeneracy worse : 382 383 415 447 473 501 
SCL #err deg : 3111 / 4400
SCL #err weighted degeneracy : 3116 3118 3109 3087 3091 3093 
degeneracy helps : 386 385 427 481 502 529 
degeneracy worse : 391 392 425 457 482 511 
SCL #err deg : 3181 / 4500
SCL #err weighted degeneracy : 3188 3190 3178 3154 3155 3158 
degeneracy helps : 396 395 440 496 519 546 
degeneracy worse : 403 404 437 469 493 523 
SCL #err deg : 3253 / 4600
SCL #err weighted degeneracy : 3255 3258 3245 3220 3221 3225 
degeneracy helps : 409 408 454 511 534 562 
degeneracy worse : 411 413 446 478 502 534 
SCL #err deg : 3330 / 4700
SCL #err weighted degeneracy : 3330 3333 3317 3289 3289 3293 
degeneracy helps : 419 418 469 530 556 584 
degeneracy worse : 419 421 456 489 515 547 
SCL #err deg : 3400 / 4800
SCL #err weighted degeneracy : 3405 3408 3394 3368 3370 3369 
degeneracy helps : 427 426 476 537 561 593 
degeneracy worse : 432 434 470 505 531 562 
SCL #err deg : 3475 / 4900
SCL #err weighted degeneracy : 3477 3480 3466 3440 3440 3438 
degeneracy helps : 435 434 486 547 573 606 
degeneracy worse : 437 439 477 512 538 569 
SCL #err deg : 3546 / 5000
SCL #err weighted degeneracy : 3549 3553 3537 3510 3512 3511 
degeneracy helps : 445 443 499 561 586 619 
degeneracy worse : 448 450 490 525 552 584 
SCL #err deg : 3620 / 5100
SCL #err weighted degeneracy : 3626 3630 3617 3590 3590 3589 
degeneracy helps : 450 448 503 566 593 626 
degeneracy worse : 456 458 500 536 563 595 
SCL #err deg : 3688 / 5200
SCL #err weighted degeneracy : 3699 3703 3689 3662 3662 3659 
degeneracy helps : 457 455 512 576 603 637 
degeneracy worse : 468 470 513 550 577 608 
SCL #err deg : 3755 / 5300
SCL #err weighted degeneracy : 3765 3768 3755 3728 3728 3727 
degeneracy helps : 465 463 521 588 616 651 
degeneracy worse : 475 476 521 561 589 623 
SCL #err deg : 3827 / 5400
SCL #err weighted degeneracy : 3831 3835 3822 3794 3796 3795 
degeneracy helps : 476 473 531 603 629 664 
degeneracy worse : 480 481 526 570 598 632 
SCL #err deg : 3911 / 5500
SCL #err weighted degeneracy : 3906 3908 3899 3870 3873 3871 
degeneracy helps : 488 487 543 617 644 681 
degeneracy worse : 483 484 531 576 606 641 
SCL #err deg : 3982 / 5600
SCL #err weighted degeneracy : 3971 3972 3965 3933 3934 3934 
degeneracy helps : 499 499 554 630 659 695 
degeneracy worse : 488 489 537 581 611 647 
SCL #err deg : 4053 / 5700
SCL #err weighted degeneracy : 4045 4047 4037 4007 4007 4003 
degeneracy helps : 504 504 561 639 669 707 
degeneracy worse : 496 498 545 593 623 657 
SCL #err deg : 4120 / 5800
SCL #err weighted degeneracy : 4115 4117 4105 4074 4074 4072 
degeneracy helps : 513 513 573 655 685 723 
degeneracy worse : 508 510 558 609 639 675 
SCL #err deg : 4186 / 5900
SCL #err weighted degeneracy : 4184 4185 4173 4141 4141 4141 
degeneracy helps : 519 519 580 664 695 733 
degeneracy worse : 517 518 567 619 650 688 
SCL #err deg : 4248 / 6000
SCL #err weighted degeneracy : 4244 4245 4234 4203 4207 4209 
degeneracy helps : 527 527 589 675 705 742 
degeneracy worse : 523 524 575 630 664 703 
SCL #err deg : 4317 / 6100
SCL #err weighted degeneracy : 4310 4311 4302 4273 4278 4281 
degeneracy helps : 538 538 599 686 715 752 
degeneracy worse : 531 532 584 642 676 716 
SCL #err deg : 4388 / 6200
SCL #err weighted degeneracy : 4372 4371 4363 4336 4343 4347 
degeneracy helps : 552 553 613 701 728 767 
degeneracy worse : 536 536 588 649 683 726 
SCL #err deg : 4460 / 6300
SCL #err weighted degeneracy : 4440 4438 4431 4405 4414 4417 
degeneracy helps : 561 562 624 712 739 779 
degeneracy worse : 541 540 595 657 693 736 
SCL #err deg : 4520 / 6400
SCL #err weighted degeneracy : 4508 4506 4499 4473 4486 4489 
degeneracy helps : 570 571 633 720 745 786 
degeneracy worse : 558 557 612 673 711 755 
SCL #err deg : 4590 / 6500
SCL #err weighted degeneracy : 4578 4577 4572 4548 4559 4563 
degeneracy helps : 579 580 643 730 758 799 
degeneracy worse : 567 567 625 688 727 772 
SCL #err deg : 4660 / 6600
SCL #err weighted degeneracy : 4647 4645 4643 4620 4630 4634 
degeneracy helps : 588 590 651 738 768 810 
degeneracy worse : 575 575 634 698 738 784 
SCL #err deg : 4724 / 6700
SCL #err weighted degeneracy : 4716 4713 4707 4689 4699 4706 
degeneracy helps : 596 599 663 751 781 822 
degeneracy worse : 588 588 646 716 756 804 
SCL #err deg : 4796 / 6800
SCL #err weighted degeneracy : 4787 4783 4777 4756 4767 4776 
degeneracy helps : 606 610 676 767 796 835 
degeneracy worse : 597 597 657 727 767 815 
SCL #err deg : 4864 / 6900
SCL #err weighted degeneracy : 4855 4850 4845 4824 4834 4844 
degeneracy helps : 615 620 686 778 808 845 
degeneracy worse : 606 606 667 738 778 825 
SCL #err deg : 4937 / 7000
SCL #err weighted degeneracy : 4920 4916 4911 4891 4906 4920 
degeneracy helps : 626 630 697 791 819 854 
degeneracy worse : 609 609 671 745 788 837 
SCL #err deg : 5011 / 7100
SCL #err weighted degeneracy : 4995 4991 4987 4966 4981 4993 
degeneracy helps : 633 637 705 799 827 863 
degeneracy worse : 617 617 681 754 797 845 
SCL #err deg : 5085 / 7200
SCL #err weighted degeneracy : 5064 5060 5058 5038 5052 5066 
degeneracy helps : 644 648 715 810 839 874 
degeneracy worse : 623 623 688 763 806 855 
SCL #err deg : 5143 / 7300
SCL #err weighted degeneracy : 5124 5120 5119 5102 5116 5131 
degeneracy helps : 653 657 724 819 848 883 
degeneracy worse : 634 634 700 778 821 871 
SCL #err deg : 5214 / 7400
SCL #err weighted degeneracy : 5199 5195 5192 5173 5187 5201 
degeneracy helps : 658 662 732 828 857 893 
degeneracy worse : 643 643 710 787 830 880 
SCL #err deg : 5280 / 7500
SCL #err weighted degeneracy : 5261 5256 5254 5236 5248 5261 
degeneracy helps : 668 673 744 840 873 911 
degeneracy worse : 649 649 718 796 841 892 
SCL #err deg : 5347 / 7600
SCL #err weighted degeneracy : 5332 5327 5323 5305 5317 5328 
degeneracy helps : 673 678 751 849 882 920 
degeneracy worse : 658 658 727 807 852 901 
SCL #err deg : 5421 / 7700
SCL #err weighted degeneracy : 5404 5399 5397 5379 5388 5401 
degeneracy helps : 682 687 761 860 896 932 
degeneracy worse : 665 665 737 818 863 912 
SCL #err deg : 5499 / 7800
SCL #err weighted degeneracy : 5476 5471 5467 5450 5461 5473 
degeneracy helps : 694 699 774 873 908 944 
degeneracy worse : 671 671 742 824 870 918 
SCL #err deg : 5570 / 7900
SCL #err weighted degeneracy : 5546 5543 5537 5522 5533 5542 
degeneracy helps : 703 707 784 885 920 959 
degeneracy worse : 679 680 751 837 883 931 
SCL #err deg : 5640 / 8000
SCL #err weighted degeneracy : 5618 5616 5609 5593 5603 5611 
degeneracy helps : 709 712 791 893 929 970 
degeneracy worse : 687 688 760 846 892 941 
SCL #err deg : 5712 / 8100
SCL #err weighted degeneracy : 5693 5691 5682 5666 5677 5684 
degeneracy helps : 715 718 797 901 937 980 
degeneracy worse : 696 697 767 855 902 952 
SCL #err deg : 5776 / 8200
SCL #err weighted degeneracy : 5770 5767 5760 5746 5758 5763 
degeneracy helps : 719 723 801 903 940 985 
degeneracy worse : 713 714 785 873 922 972 
SCL #err deg : 5831 / 8300
SCL #err weighted degeneracy : 5834 5830 5821 5804 5816 5823 
degeneracy helps : 725 729 809 914 950 995 
degeneracy worse : 728 728 799 887 935 987 
SCL #err deg : 5899 / 8400
SCL #err weighted degeneracy : 5903 5899 5889 5871 5887 5896 
degeneracy helps : 734 738 819 926 963 1006 
degeneracy worse : 738 738 809 898 951 1003 
SCL #err deg : 5972 / 8500
SCL #err weighted degeneracy : 5965 5961 5952 5936 5951 5962 
degeneracy helps : 749 753 833 939 979 1022 
degeneracy worse : 742 742 813 903 958 1012 
SCL #err deg : 6043 / 8600
SCL #err weighted degeneracy : 6037 6033 6024 6008 6024 6037 
degeneracy helps : 757 761 841 948 988 1029 
degeneracy worse : 751 751 822 913 969 1023 
SCL #err deg : 6107 / 8700
SCL #err weighted degeneracy : 6104 6101 6093 6078 6092 6104 
degeneracy helps : 764 768 847 956 997 1039 
degeneracy worse : 761 762 833 927 982 1036 
SCL #err deg : 6175 / 8800
SCL #err weighted degeneracy : 6172 6169 6162 6148 6159 6166 
degeneracy helps : 772 776 854 962 1005 1049 
degeneracy worse : 769 770 841 935 989 1040 
SCL #err deg : 6240 / 8900
SCL #err weighted degeneracy : 6243 6240 6235 6221 6234 6241 
degeneracy helps : 776 780 858 968 1010 1055 
degeneracy worse : 779 780 853 949 1004 1056 
SCL #err deg : 6311 / 9000
SCL #err weighted degeneracy : 6321 6319 6308 6291 6307 6314 
degeneracy helps : 780 783 865 978 1020 1065 
degeneracy worse : 790 791 862 958 1016 1068 
SCL #err deg : 6378 / 9100
SCL #err weighted degeneracy : 6389 6385 6376 6357 6373 6381 
degeneracy helps : 789 793 874 988 1030 1076 
degeneracy worse : 800 800 872 967 1025 1079 
SCL #err deg : 6449 / 9200
SCL #err weighted degeneracy : 6458 6455 6445 6426 6442 6451 
degeneracy helps : 798 801 884 999 1040 1085 
degeneracy worse : 807 807 880 976 1033 1087 
SCL #err deg : 6517 / 9300
SCL #err weighted degeneracy : 6521 6518 6508 6490 6505 6515 
degeneracy helps : 809 812 897 1013 1055 1100 
degeneracy worse : 813 813 888 986 1043 1098 
SCL #err deg : 6593 / 9400
SCL #err weighted degeneracy : 6595 6592 6581 6566 6582 6593 
degeneracy helps : 816 819 905 1022 1063 1107 
degeneracy worse : 818 818 893 995 1052 1107 
SCL #err deg : 6662 / 9500
SCL #err weighted degeneracy : 6662 6659 6649 6630 6647 6660 
degeneracy helps : 823 826 915 1036 1078 1122 
degeneracy worse : 823 823 902 1004 1063 1120 
SCL #err deg : 6732 / 9600
SCL #err weighted degeneracy : 6726 6723 6714 6693 6708 6723 
degeneracy helps : 835 838 926 1050 1094 1136 
degeneracy worse : 829 829 908 1011 1070 1127 
SCL #err deg : 6805 / 9700
SCL #err weighted degeneracy : 6797 6794 6788 6764 6780 6795 
degeneracy helps : 845 848 933 1062 1107 1150 
degeneracy worse : 838 838 917 1021 1082 1140 
SCL #err deg : 6878 / 9800
SCL #err weighted degeneracy : 6863 6860 6855 6829 6846 6863 
degeneracy helps : 859 861 949 1081 1126 1168 
degeneracy worse : 845 844 927 1032 1094 1153 
SCL #err deg : 6947 / 9900
SCL #err weighted degeneracy : 6941 6938 6932 6907 6924 6938 
degeneracy helps : 864 866 954 1088 1134 1179 
degeneracy worse : 859 858 940 1048 1111 1170 
SCL #err deg : 7010 / 10000
SCL #err weighted degeneracy : 7007 7003 7000 6972 6988 7002 
degeneracy helps : 871 873 961 1100 1146 1190 
degeneracy worse : 869 867 952 1062 1124 1182 
average #flips: 76.8073
SCL #err considering degeneracy: 7010
error due to equal 21
error due to SCL smaller 6988
Finish in 5162 s
