Simulation Polar syndrome FASTER N=512, K=257, l=128, pz=0.19, #samples=10000, seed=87
HPW construction
Event generator random seed: 87
SCL #err deg : 73 / 100
SCL #err weighted degeneracy : 72 72 71 70 67 63 
degeneracy helps : 8 8 9 13 16 20 
degeneracy worse : 7 7 7 10 10 10 
SCL #err deg : 151 / 200
SCL #err weighted degeneracy : 149 149 148 145 142 137 
degeneracy helps : 14 14 17 24 28 33 
degeneracy worse : 12 12 14 18 19 19 
SCL #err deg : 214 / 300
SCL #err weighted degeneracy : 216 215 217 212 210 207 
degeneracy helps : 19 20 22 33 37 41 
degeneracy worse : 21 21 25 31 33 34 
SCL #err deg : 289 / 400
SCL #err weighted degeneracy : 289 286 289 282 282 279 
degeneracy helps : 29 31 33 47 48 51 
degeneracy worse : 29 28 33 40 41 41 
SCL #err deg : 362 / 500
SCL #err weighted degeneracy : 357 353 358 352 353 346 
degeneracy helps : 39 41 42 57 58 63 
degeneracy worse : 34 32 38 47 49 47 
SCL #err deg : 433 / 600
SCL #err weighted degeneracy : 432 429 431 424 423 415 
degeneracy helps : 46 47 50 66 68 74 
degeneracy worse : 45 43 48 57 58 56 
SCL #err deg : 507 / 700
SCL #err weighted degeneracy : 506 503 503 497 498 492 
degeneracy helps : 52 53 57 75 74 79 
degeneracy worse : 51 49 53 65 65 64 
SCL #err deg : 579 / 800
SCL #err weighted degeneracy : 579 574 578 574 575 570 
degeneracy helps : 57 59 62 80 80 84 
degeneracy worse : 57 54 61 75 76 75 
SCL #err deg : 656 / 900
SCL #err weighted degeneracy : 661 654 658 654 655 650 
degeneracy helps : 60 64 66 85 85 89 
degeneracy worse : 65 62 68 83 84 83 
SCL #err deg : 727 / 1000
SCL #err weighted degeneracy : 735 728 730 727 729 721 
degeneracy helps : 66 70 73 92 92 99 
degeneracy worse : 74 71 76 92 94 93 
SCL #err deg : 800 / 1100
SCL #err weighted degeneracy : 809 805 803 802 805 798 
degeneracy helps : 76 79 84 104 103 109 
degeneracy worse : 85 84 87 106 108 107 
SCL #err deg : 873 / 1200
SCL #err weighted degeneracy : 881 877 875 875 878 872 
degeneracy helps : 86 87 94 115 115 121 
degeneracy worse : 94 91 96 117 120 120 
SCL #err deg : 948 / 1300
SCL #err weighted degeneracy : 954 950 949 953 954 947 
degeneracy helps : 95 96 103 124 126 133 
degeneracy worse : 101 98 104 129 132 132 
SCL #err deg : 1019 / 1400
SCL #err weighted degeneracy : 1025 1020 1021 1028 1028 1018 
degeneracy helps : 104 106 111 132 135 144 
degeneracy worse : 110 107 113 141 144 143 
SCL #err deg : 1091 / 1500
SCL #err weighted degeneracy : 1107 1101 1103 1108 1108 1099 
degeneracy helps : 108 110 116 140 143 152 
degeneracy worse : 124 120 128 157 160 160 
SCL #err deg : 1163 / 1600
SCL #err weighted degeneracy : 1179 1173 1175 1183 1183 1176 
degeneracy helps : 119 121 127 152 155 164 
degeneracy worse : 135 131 139 172 175 177 
SCL #err deg : 1240 / 1700
SCL #err weighted degeneracy : 1253 1248 1248 1256 1253 1247 
degeneracy helps : 126 128 136 162 169 178 
degeneracy worse : 139 136 144 178 182 185 
SCL #err deg : 1312 / 1800
SCL #err weighted degeneracy : 1331 1325 1326 1332 1327 1321 
degeneracy helps : 130 133 140 169 177 186 
degeneracy worse : 149 146 154 189 192 195 
SCL #err deg : 1381 / 1900
SCL #err weighted degeneracy : 1403 1398 1401 1407 1401 1396 
degeneracy helps : 136 138 145 174 185 196 
degeneracy worse : 158 155 165 200 205 211 
SCL #err deg : 1453 / 2000
SCL #err weighted degeneracy : 1480 1475 1481 1486 1478 1472 
degeneracy helps : 144 146 150 180 192 205 
degeneracy worse : 171 168 178 213 217 224 
SCL #err deg : 1523 / 2100
SCL #err weighted degeneracy : 1550 1545 1552 1558 1550 1545 
degeneracy helps : 152 154 157 186 199 214 
degeneracy worse : 179 176 186 221 226 236 
SCL #err deg : 1603 / 2200
SCL #err weighted degeneracy : 1633 1627 1633 1637 1630 1625 
degeneracy helps : 156 158 163 194 206 221 
degeneracy worse : 186 182 193 228 233 243 
SCL #err deg : 1674 / 2300
SCL #err weighted degeneracy : 1705 1700 1706 1713 1705 1705 
degeneracy helps : 161 162 168 198 211 225 
degeneracy worse : 192 188 200 237 242 256 
SCL #err deg : 1747 / 2400
SCL #err weighted degeneracy : 1776 1773 1776 1783 1774 1776 
degeneracy helps : 171 170 179 210 224 237 
degeneracy worse : 200 196 208 246 251 266 
SCL #err deg : 1819 / 2500
SCL #err weighted degeneracy : 1854 1851 1853 1858 1846 1849 
degeneracy helps : 178 176 188 222 239 253 
degeneracy worse : 213 208 222 261 266 283 
SCL #err deg : 1888 / 2600
SCL #err weighted degeneracy : 1922 1920 1925 1928 1916 1920 
degeneracy helps : 187 184 197 233 250 264 
degeneracy worse : 221 216 234 273 278 296 
SCL #err deg : 1961 / 2700
SCL #err weighted degeneracy : 1993 1995 1997 2001 1986 1990 
degeneracy helps : 199 192 209 245 267 281 
degeneracy worse : 231 226 245 285 292 310 
SCL #err deg : 2038 / 2800
SCL #err weighted degeneracy : 2068 2073 2073 2076 2061 2065 
degeneracy helps : 206 197 216 256 279 292 
degeneracy worse : 236 232 251 294 302 319 
SCL #err deg : 2112 / 2900
SCL #err weighted degeneracy : 2143 2147 2148 2154 2142 2146 
degeneracy helps : 217 208 227 266 287 300 
degeneracy worse : 248 243 263 308 317 334 
SCL #err deg : 2183 / 3000
SCL #err weighted degeneracy : 2217 2222 2227 2232 2221 2222 
degeneracy helps : 222 213 232 274 295 310 
degeneracy worse : 256 252 276 323 333 349 
SCL #err deg : 2260 / 3100
SCL #err weighted degeneracy : 2289 2292 2300 2309 2301 2304 
degeneracy helps : 233 225 243 283 300 314 
degeneracy worse : 262 257 283 332 341 358 
SCL #err deg : 2331 / 3200
SCL #err weighted degeneracy : 2362 2369 2371 2381 2372 2374 
degeneracy helps : 242 231 253 294 313 328 
degeneracy worse : 273 269 293 344 354 371 
SCL #err deg : 2404 / 3300
SCL #err weighted degeneracy : 2435 2442 2443 2454 2445 2448 
degeneracy helps : 252 241 263 303 323 337 
degeneracy worse : 283 279 302 353 364 381 
SCL #err deg : 2478 / 3400
SCL #err weighted degeneracy : 2511 2519 2518 2531 2523 2526 
degeneracy helps : 259 247 271 310 331 346 
degeneracy worse : 292 288 311 363 376 394 
SCL #err deg : 2538 / 3500
SCL #err weighted degeneracy : 2579 2589 2584 2593 2587 2586 
degeneracy helps : 265 252 278 319 340 359 
degeneracy worse : 306 303 324 374 389 407 
SCL #err deg : 2611 / 3600
SCL #err weighted degeneracy : 2657 2666 2664 2671 2665 2663 
degeneracy helps : 270 257 283 327 348 368 
degeneracy worse : 316 312 336 387 402 420 
SCL #err deg : 2688 / 3700
SCL #err weighted degeneracy : 2734 2743 2742 2747 2741 2738 
degeneracy helps : 278 265 290 336 358 379 
degeneracy worse : 324 320 344 395 411 429 
SCL #err deg : 2771 / 3800
SCL #err weighted degeneracy : 2812 2818 2819 2821 2814 2812 
degeneracy helps : 289 278 302 354 377 398 
degeneracy worse : 330 325 350 404 420 439 
SCL #err deg : 2853 / 3900
SCL #err weighted degeneracy : 2893 2899 2902 2907 2900 2897 
degeneracy helps : 295 284 307 358 382 404 
degeneracy worse : 335 330 356 412 429 448 
SCL #err deg : 2929 / 4000
SCL #err weighted degeneracy : 2966 2972 2968 2970 2965 2963 
degeneracy helps : 306 294 323 378 401 422 
degeneracy worse : 343 337 362 419 437 456 
SCL #err deg : 3010 / 4100
SCL #err weighted degeneracy : 3040 3046 3042 3045 3044 3039 
degeneracy helps : 315 303 332 386 408 432 
degeneracy worse : 345 339 364 421 442 461 
SCL #err deg : 3085 / 4200
SCL #err weighted degeneracy : 3115 3119 3116 3113 3111 3104 
degeneracy helps : 325 314 344 404 427 454 
degeneracy worse : 355 348 375 432 453 473 
SCL #err deg : 3158 / 4300
SCL #err weighted degeneracy : 3198 3201 3198 3194 3192 3185 
degeneracy helps : 329 318 348 410 433 460 
degeneracy worse : 369 361 388 446 467 487 
SCL #err deg : 3230 / 4400
SCL #err weighted degeneracy : 3272 3276 3271 3265 3264 3255 
degeneracy helps : 337 324 357 421 444 471 
degeneracy worse : 379 370 398 456 478 496 
SCL #err deg : 3304 / 4500
SCL #err weighted degeneracy : 3342 3345 3343 3340 3338 3327 
degeneracy helps : 347 334 367 432 456 485 
degeneracy worse : 385 375 406 468 490 508 
SCL #err deg : 3383 / 4600
SCL #err weighted degeneracy : 3424 3428 3422 3417 3413 3402 
degeneracy helps : 353 338 376 443 469 499 
degeneracy worse : 394 383 415 477 499 518 
SCL #err deg : 3459 / 4700
SCL #err weighted degeneracy : 3498 3502 3494 3487 3480 3468 
degeneracy helps : 363 349 387 456 484 514 
degeneracy worse : 402 392 422 484 505 523 
SCL #err deg : 3536 / 4800
SCL #err weighted degeneracy : 3571 3576 3567 3563 3553 3541 
degeneracy helps : 372 356 396 466 496 525 
degeneracy worse : 407 397 428 493 513 530 
SCL #err deg : 3618 / 4900
SCL #err weighted degeneracy : 3654 3660 3647 3642 3629 3617 
degeneracy helps : 379 362 404 476 508 537 
degeneracy worse : 415 405 434 500 519 536 
SCL #err deg : 3696 / 5000
SCL #err weighted degeneracy : 3729 3733 3721 3715 3702 3688 
degeneracy helps : 389 372 415 488 520 550 
degeneracy worse : 422 410 441 507 526 542 
SCL #err deg : 3774 / 5100
SCL #err weighted degeneracy : 3801 3801 3793 3788 3780 3764 
degeneracy helps : 400 386 426 499 529 561 
degeneracy worse : 427 414 446 513 535 551 
SCL #err deg : 3848 / 5200
SCL #err weighted degeneracy : 3874 3874 3868 3864 3857 3842 
degeneracy helps : 412 397 437 512 541 572 
degeneracy worse : 438 424 458 528 550 566 
SCL #err deg : 3928 / 5300
SCL #err weighted degeneracy : 3950 3954 3943 3941 3933 3921 
degeneracy helps : 423 404 449 524 555 586 
degeneracy worse : 445 431 465 537 560 579 
SCL #err deg : 4000 / 5400
SCL #err weighted degeneracy : 4025 4028 4018 4019 4010 3994 
degeneracy helps : 428 409 455 530 562 596 
degeneracy worse : 453 438 474 549 572 590 
SCL #err deg : 4078 / 5500
SCL #err weighted degeneracy : 4105 4105 4099 4099 4088 4072 
degeneracy helps : 432 415 459 537 570 604 
degeneracy worse : 459 443 481 558 580 598 
SCL #err deg : 4149 / 5600
SCL #err weighted degeneracy : 4172 4176 4165 4169 4157 4139 
degeneracy helps : 444 424 472 551 586 619 
degeneracy worse : 467 452 489 571 594 609 
SCL #err deg : 4223 / 5700
SCL #err weighted degeneracy : 4241 4246 4233 4239 4226 4211 
degeneracy helps : 454 433 484 562 598 630 
degeneracy worse : 472 457 495 578 601 618 
SCL #err deg : 4304 / 5800
SCL #err weighted degeneracy : 4320 4326 4310 4315 4303 4293 
degeneracy helps : 460 438 493 572 610 640 
degeneracy worse : 476 461 500 583 609 629 
SCL #err deg : 4381 / 5900
SCL #err weighted degeneracy : 4389 4394 4377 4378 4367 4357 
degeneracy helps : 472 450 507 588 626 657 
degeneracy worse : 480 464 504 585 612 633 
SCL #err deg : 4457 / 6000
SCL #err weighted degeneracy : 4464 4469 4452 4451 4440 4430 
degeneracy helps : 480 458 516 599 637 668 
degeneracy worse : 487 471 512 593 620 641 
SCL #err deg : 4536 / 6100
SCL #err weighted degeneracy : 4542 4548 4531 4529 4516 4507 
degeneracy helps : 487 464 523 609 649 680 
degeneracy worse : 493 477 519 602 629 651 
SCL #err deg : 4611 / 6200
SCL #err weighted degeneracy : 4613 4618 4603 4599 4585 4578 
degeneracy helps : 501 479 537 624 665 693 
degeneracy worse : 503 487 530 612 639 660 
SCL #err deg : 4686 / 6300
SCL #err weighted degeneracy : 4690 4696 4680 4678 4663 4659 
degeneracy helps : 503 480 540 627 667 695 
degeneracy worse : 508 492 535 619 644 668 
SCL #err deg : 4758 / 6400
SCL #err weighted degeneracy : 4762 4767 4752 4755 4740 4738 
degeneracy helps : 512 490 549 638 678 706 
degeneracy worse : 517 501 544 635 660 686 
SCL #err deg : 4830 / 6500
SCL #err weighted degeneracy : 4845 4848 4834 4836 4819 4814 
degeneracy helps : 517 496 555 645 686 718 
degeneracy worse : 533 516 560 651 675 702 
SCL #err deg : 4907 / 6600
SCL #err weighted degeneracy : 4925 4927 4913 4918 4900 4895 
degeneracy helps : 522 502 561 650 692 724 
degeneracy worse : 541 524 568 661 685 712 
SCL #err deg : 4989 / 6700
SCL #err weighted degeneracy : 5002 5008 4989 4993 4976 4971 
degeneracy helps : 531 507 571 663 705 739 
degeneracy worse : 545 528 572 667 692 721 
SCL #err deg : 5069 / 6800
SCL #err weighted degeneracy : 5076 5082 5061 5068 5051 5045 
degeneracy helps : 542 518 583 674 717 752 
degeneracy worse : 550 533 576 673 699 728 
SCL #err deg : 5141 / 6900
SCL #err weighted degeneracy : 5146 5155 5131 5137 5118 5111 
degeneracy helps : 556 530 597 687 730 766 
degeneracy worse : 562 546 588 683 707 736 
SCL #err deg : 5212 / 7000
SCL #err weighted degeneracy : 5219 5230 5203 5205 5188 5182 
degeneracy helps : 564 536 606 699 740 776 
degeneracy worse : 572 556 598 692 716 746 
SCL #err deg : 5284 / 7100
SCL #err weighted degeneracy : 5296 5306 5279 5284 5265 5261 
degeneracy helps : 572 543 614 706 750 785 
degeneracy worse : 585 567 610 706 731 762 
SCL #err deg : 5354 / 7200
SCL #err weighted degeneracy : 5364 5377 5347 5349 5330 5326 
degeneracy helps : 585 553 627 721 765 799 
degeneracy worse : 596 578 621 716 741 771 
SCL #err deg : 5428 / 7300
SCL #err weighted degeneracy : 5441 5454 5425 5431 5414 5409 
degeneracy helps : 590 558 633 726 769 804 
degeneracy worse : 604 586 631 729 755 785 
SCL #err deg : 5502 / 7400
SCL #err weighted degeneracy : 5515 5527 5500 5505 5486 5480 
degeneracy helps : 601 568 642 736 780 816 
degeneracy worse : 615 595 641 739 764 794 
SCL #err deg : 5576 / 7500
SCL #err weighted degeneracy : 5588 5599 5575 5585 5564 5561 
degeneracy helps : 607 574 648 740 786 821 
degeneracy worse : 620 599 648 749 774 806 
SCL #err deg : 5653 / 7600
SCL #err weighted degeneracy : 5664 5674 5650 5662 5643 5640 
degeneracy helps : 613 580 655 747 793 828 
degeneracy worse : 625 603 653 756 783 815 
SCL #err deg : 5726 / 7700
SCL #err weighted degeneracy : 5743 5751 5729 5739 5717 5713 
degeneracy helps : 616 584 658 752 801 837 
degeneracy worse : 634 611 662 765 792 824 
SCL #err deg : 5796 / 7800
SCL #err weighted degeneracy : 5819 5827 5804 5815 5794 5788 
degeneracy helps : 625 593 667 763 812 849 
degeneracy worse : 649 626 676 782 810 841 
SCL #err deg : 5873 / 7900
SCL #err weighted degeneracy : 5892 5898 5875 5885 5862 5857 
degeneracy helps : 637 607 681 777 828 865 
degeneracy worse : 657 634 684 789 817 849 
SCL #err deg : 5951 / 8000
SCL #err weighted degeneracy : 5974 5981 5956 5966 5940 5938 
degeneracy helps : 640 610 686 783 835 873 
degeneracy worse : 664 642 692 798 824 860 
SCL #err deg : 6024 / 8100
SCL #err weighted degeneracy : 6046 6053 6026 6036 6011 6011 
degeneracy helps : 647 617 694 792 845 882 
degeneracy worse : 670 648 697 804 832 869 
SCL #err deg : 6098 / 8200
SCL #err weighted degeneracy : 6122 6127 6101 6112 6087 6088 
degeneracy helps : 653 623 701 799 853 889 
degeneracy worse : 678 654 705 813 842 879 
SCL #err deg : 6171 / 8300
SCL #err weighted degeneracy : 6198 6203 6177 6186 6162 6163 
degeneracy helps : 657 627 705 803 857 894 
degeneracy worse : 685 661 712 818 848 886 
SCL #err deg : 6255 / 8400
SCL #err weighted degeneracy : 6277 6282 6256 6262 6238 6236 
degeneracy helps : 667 637 715 817 871 911 
degeneracy worse : 690 666 717 824 854 892 
SCL #err deg : 6337 / 8500
SCL #err weighted degeneracy : 6359 6366 6338 6342 6319 6314 
degeneracy helps : 672 641 721 825 879 922 
degeneracy worse : 695 672 723 830 861 899 
SCL #err deg : 6409 / 8600
SCL #err weighted degeneracy : 6428 6436 6406 6412 6388 6384 
degeneracy helps : 684 653 735 839 895 940 
degeneracy worse : 704 682 733 842 874 915 
SCL #err deg : 6488 / 8700
SCL #err weighted degeneracy : 6506 6516 6482 6483 6460 6456 
degeneracy helps : 695 662 746 853 909 954 
degeneracy worse : 714 692 741 848 881 922 
SCL #err deg : 6560 / 8800
SCL #err weighted degeneracy : 6578 6586 6555 6556 6535 6530 
degeneracy helps : 707 674 757 866 922 968 
degeneracy worse : 726 702 753 862 897 938 
SCL #err deg : 6637 / 8900
SCL #err weighted degeneracy : 6654 6662 6630 6626 6606 6602 
degeneracy helps : 714 681 765 878 934 980 
degeneracy worse : 732 708 759 867 903 945 
SCL #err deg : 6707 / 9000
SCL #err weighted degeneracy : 6721 6729 6695 6696 6679 6673 
degeneracy helps : 724 691 778 890 945 992 
degeneracy worse : 739 715 767 879 917 958 
SCL #err deg : 6781 / 9100
SCL #err weighted degeneracy : 6796 6804 6768 6767 6750 6744 
degeneracy helps : 731 698 786 901 956 1003 
degeneracy worse : 747 723 774 887 925 966 
SCL #err deg : 6854 / 9200
SCL #err weighted degeneracy : 6866 6877 6836 6837 6818 6810 
degeneracy helps : 737 703 794 910 967 1016 
degeneracy worse : 750 728 777 893 931 972 
SCL #err deg : 6919 / 9300
SCL #err weighted degeneracy : 6933 6945 6902 6900 6884 6879 
degeneracy helps : 745 710 804 924 981 1029 
degeneracy worse : 760 738 788 905 946 989 
SCL #err deg : 6995 / 9400
SCL #err weighted degeneracy : 7007 7020 6974 6970 6952 6947 
degeneracy helps : 755 719 816 938 997 1046 
degeneracy worse : 768 746 796 913 954 998 
SCL #err deg : 7073 / 9500
SCL #err weighted degeneracy : 7088 7099 7055 7046 7030 7025 
degeneracy helps : 761 725 822 947 1006 1055 
degeneracy worse : 777 753 805 920 963 1007 
SCL #err deg : 7138 / 9600
SCL #err weighted degeneracy : 7158 7169 7125 7114 7101 7099 
degeneracy helps : 766 730 828 957 1016 1065 
degeneracy worse : 787 763 816 933 979 1026 
SCL #err deg : 7212 / 9700
SCL #err weighted degeneracy : 7231 7242 7199 7185 7172 7173 
degeneracy helps : 775 739 837 969 1030 1079 
degeneracy worse : 795 771 825 942 990 1040 
SCL #err deg : 7288 / 9800
SCL #err weighted degeneracy : 7309 7318 7276 7263 7251 7254 
degeneracy helps : 782 748 845 977 1039 1086 
degeneracy worse : 804 780 834 952 1002 1052 
SCL #err deg : 7364 / 9900
SCL #err weighted degeneracy : 7385 7393 7353 7340 7327 7335 
degeneracy helps : 790 756 853 988 1051 1096 
degeneracy worse : 812 787 843 964 1014 1067 
SCL #err deg : 7442 / 10000
SCL #err weighted degeneracy : 7454 7462 7423 7410 7400 7409 
degeneracy helps : 805 771 868 1005 1065 1111 
degeneracy worse : 818 793 850 973 1023 1078 
average #flips: 97.3006
SCL #err considering degeneracy: 7442
error due to equal 0
error due to SCL smaller 7442
Finish in 5195 s
