Simulation Polar syndrome FASTER N=128, K=65, l=128, pz=0.19, #samples=10000, seed=37
HPW construction
Event generator random seed: 37
SCL #err deg : 75 / 100
SCL #err weighted degeneracy : 74 72 74 74 73 75 
degeneracy helps : 6 8 6 8 9 9 
degeneracy worse : 5 5 5 7 7 9 
SCL #err deg : 145 / 200
SCL #err weighted degeneracy : 147 146 144 140 142 146 
degeneracy helps : 14 15 17 24 24 25 
degeneracy worse : 16 16 16 19 21 26 
SCL #err deg : 223 / 300
SCL #err weighted degeneracy : 220 220 216 211 218 217 
degeneracy helps : 29 29 34 43 40 46 
degeneracy worse : 26 26 27 31 35 40 
SCL #err deg : 294 / 400
SCL #err weighted degeneracy : 290 289 285 281 285 281 
degeneracy helps : 46 46 51 59 59 66 
degeneracy worse : 42 41 42 46 50 53 
SCL #err deg : 369 / 500
SCL #err weighted degeneracy : 365 365 359 355 359 356 
degeneracy helps : 53 53 60 70 70 77 
degeneracy worse : 49 49 50 56 60 64 
SCL #err deg : 438 / 600
SCL #err weighted degeneracy : 425 425 419 417 424 422 
degeneracy helps : 68 66 75 85 86 93 
degeneracy worse : 55 53 56 64 72 77 
SCL #err deg : 506 / 700
SCL #err weighted degeneracy : 496 496 490 488 494 491 
degeneracy helps : 77 75 84 97 99 107 
degeneracy worse : 67 65 68 79 87 92 
SCL #err deg : 580 / 800
SCL #err weighted degeneracy : 565 566 561 555 561 560 
degeneracy helps : 89 87 96 115 117 125 
degeneracy worse : 74 73 77 90 98 105 
SCL #err deg : 646 / 900
SCL #err weighted degeneracy : 636 635 632 625 629 629 
degeneracy helps : 95 93 104 125 130 137 
degeneracy worse : 85 82 90 104 113 120 
SCL #err deg : 716 / 1000
SCL #err weighted degeneracy : 704 704 699 691 696 698 
degeneracy helps : 107 104 117 141 147 153 
degeneracy worse : 95 92 100 116 127 135 
SCL #err deg : 782 / 1100
SCL #err weighted degeneracy : 781 776 775 767 776 777 
degeneracy helps : 110 107 121 148 155 163 
degeneracy worse : 109 101 114 133 149 158 
SCL #err deg : 856 / 1200
SCL #err weighted degeneracy : 850 843 844 837 845 846 
degeneracy helps : 127 126 138 164 172 179 
degeneracy worse : 121 113 126 145 161 169 
SCL #err deg : 925 / 1300
SCL #err weighted degeneracy : 921 913 916 907 917 918 
degeneracy helps : 135 134 145 172 181 189 
degeneracy worse : 131 122 136 154 173 182 
SCL #err deg : 1002 / 1400
SCL #err weighted degeneracy : 988 981 983 975 984 987 
degeneracy helps : 152 151 162 190 200 207 
degeneracy worse : 138 130 143 163 182 192 
SCL #err deg : 1068 / 1500
SCL #err weighted degeneracy : 1055 1048 1050 1040 1050 1054 
degeneracy helps : 162 161 172 203 213 222 
degeneracy worse : 149 141 154 175 195 208 
SCL #err deg : 1133 / 1600
SCL #err weighted degeneracy : 1125 1118 1120 1109 1120 1128 
degeneracy helps : 170 169 180 213 223 231 
degeneracy worse : 162 154 167 189 210 226 
SCL #err deg : 1206 / 1700
SCL #err weighted degeneracy : 1195 1187 1190 1181 1193 1205 
degeneracy helps : 182 182 192 225 236 242 
degeneracy worse : 171 163 176 200 223 241 
SCL #err deg : 1279 / 1800
SCL #err weighted degeneracy : 1268 1263 1263 1254 1265 1276 
degeneracy helps : 193 191 203 238 250 257 
degeneracy worse : 182 175 187 213 236 254 
SCL #err deg : 1344 / 1900
SCL #err weighted degeneracy : 1331 1326 1325 1318 1328 1341 
degeneracy helps : 203 201 215 254 267 274 
degeneracy worse : 190 183 196 228 251 271 
SCL #err deg : 1417 / 2000
SCL #err weighted degeneracy : 1405 1399 1399 1395 1405 1416 
degeneracy helps : 217 215 229 268 283 291 
degeneracy worse : 205 197 211 246 271 290 
SCL #err deg : 1483 / 2100
SCL #err weighted degeneracy : 1470 1464 1460 1458 1468 1479 
degeneracy helps : 231 229 246 285 301 310 
degeneracy worse : 218 210 223 260 286 306 
SCL #err deg : 1554 / 2200
SCL #err weighted degeneracy : 1536 1530 1525 1527 1540 1553 
degeneracy helps : 245 242 261 299 315 323 
degeneracy worse : 227 219 233 272 301 322 
SCL #err deg : 1629 / 2300
SCL #err weighted degeneracy : 1614 1608 1601 1597 1611 1624 
degeneracy helps : 255 251 273 317 333 342 
degeneracy worse : 240 231 246 285 315 337 
SCL #err deg : 1704 / 2400
SCL #err weighted degeneracy : 1690 1683 1677 1670 1684 1694 
degeneracy helps : 266 262 285 332 348 360 
degeneracy worse : 252 242 259 298 328 350 
SCL #err deg : 1771 / 2500
SCL #err weighted degeneracy : 1756 1747 1746 1736 1750 1758 
degeneracy helps : 278 274 295 347 365 379 
degeneracy worse : 263 251 271 312 344 366 
SCL #err deg : 1843 / 2600
SCL #err weighted degeneracy : 1819 1810 1808 1801 1815 1826 
degeneracy helps : 295 291 313 363 381 395 
degeneracy worse : 271 259 279 321 353 378 
SCL #err deg : 1906 / 2700
SCL #err weighted degeneracy : 1882 1873 1871 1857 1874 1885 
degeneracy helps : 304 300 322 379 396 412 
degeneracy worse : 280 268 288 330 364 391 
SCL #err deg : 1978 / 2800
SCL #err weighted degeneracy : 1951 1942 1941 1926 1943 1954 
degeneracy helps : 319 314 336 394 413 431 
degeneracy worse : 292 279 300 342 378 407 
SCL #err deg : 2048 / 2900
SCL #err weighted degeneracy : 2016 2007 2007 1992 2012 2027 
degeneracy helps : 332 327 351 410 428 443 
degeneracy worse : 300 287 311 354 392 422 
SCL #err deg : 2118 / 3000
SCL #err weighted degeneracy : 2087 2080 2078 2065 2089 2102 
degeneracy helps : 341 334 360 417 434 452 
degeneracy worse : 310 297 321 364 405 436 
SCL #err deg : 2196 / 3100
SCL #err weighted degeneracy : 2155 2147 2146 2134 2155 2169 
degeneracy helps : 358 350 377 436 457 473 
degeneracy worse : 317 303 328 374 416 446 
SCL #err deg : 2269 / 3200
SCL #err weighted degeneracy : 2229 2222 2219 2207 2226 2240 
degeneracy helps : 368 359 388 449 471 486 
degeneracy worse : 328 314 339 387 428 457 
SCL #err deg : 2342 / 3300
SCL #err weighted degeneracy : 2308 2300 2298 2280 2298 2312 
degeneracy helps : 375 366 395 462 485 500 
degeneracy worse : 341 326 352 400 441 470 
SCL #err deg : 2408 / 3400
SCL #err weighted degeneracy : 2369 2359 2358 2340 2358 2379 
degeneracy helps : 386 378 409 478 502 514 
degeneracy worse : 347 331 360 410 452 485 
SCL #err deg : 2480 / 3500
SCL #err weighted degeneracy : 2430 2417 2419 2400 2418 2445 
degeneracy helps : 406 399 430 502 527 537 
degeneracy worse : 356 338 370 422 465 502 
SCL #err deg : 2554 / 3600
SCL #err weighted degeneracy : 2507 2495 2496 2478 2492 2516 
degeneracy helps : 415 407 439 513 543 555 
degeneracy worse : 368 350 382 437 481 517 
SCL #err deg : 2626 / 3700
SCL #err weighted degeneracy : 2578 2566 2567 2550 2565 2591 
degeneracy helps : 425 417 449 525 555 566 
degeneracy worse : 377 359 391 449 494 531 
SCL #err deg : 2706 / 3800
SCL #err weighted degeneracy : 2656 2644 2644 2628 2639 2666 
degeneracy helps : 434 427 459 536 569 580 
degeneracy worse : 384 367 398 458 502 540 
SCL #err deg : 2777 / 3900
SCL #err weighted degeneracy : 2724 2712 2710 2694 2707 2736 
degeneracy helps : 448 441 475 555 588 599 
degeneracy worse : 395 378 409 472 518 558 
SCL #err deg : 2851 / 4000
SCL #err weighted degeneracy : 2794 2781 2781 2764 2780 2809 
degeneracy helps : 459 452 486 570 602 613 
degeneracy worse : 402 384 417 483 531 571 
SCL #err deg : 2923 / 4100
SCL #err weighted degeneracy : 2869 2854 2855 2838 2852 2880 
degeneracy helps : 468 462 496 582 614 627 
degeneracy worse : 414 395 429 497 543 584 
SCL #err deg : 2997 / 4200
SCL #err weighted degeneracy : 2937 2924 2923 2906 2922 2949 
degeneracy helps : 482 474 511 597 627 641 
degeneracy worse : 422 403 438 506 552 593 
SCL #err deg : 3068 / 4300
SCL #err weighted degeneracy : 3011 2999 2997 2978 2993 3018 
degeneracy helps : 492 483 521 610 643 659 
degeneracy worse : 435 416 451 520 568 609 
SCL #err deg : 3140 / 4400
SCL #err weighted degeneracy : 3087 3076 3073 3053 3069 3094 
degeneracy helps : 503 492 533 624 655 672 
degeneracy worse : 450 430 467 537 584 626 
SCL #err deg : 3210 / 4500
SCL #err weighted degeneracy : 3152 3140 3138 3122 3137 3163 
degeneracy helps : 516 505 547 638 670 689 
degeneracy worse : 458 437 476 550 597 642 
SCL #err deg : 3280 / 4600
SCL #err weighted degeneracy : 3223 3209 3210 3193 3209 3233 
degeneracy helps : 528 516 559 651 685 706 
degeneracy worse : 471 448 490 564 614 659 
SCL #err deg : 3349 / 4700
SCL #err weighted degeneracy : 3290 3276 3276 3264 3279 3303 
degeneracy helps : 539 526 571 662 697 718 
degeneracy worse : 480 456 499 577 627 672 
SCL #err deg : 3430 / 4800
SCL #err weighted degeneracy : 3364 3351 3349 3338 3350 3377 
degeneracy helps : 552 538 586 679 717 737 
degeneracy worse : 486 462 506 587 637 684 
SCL #err deg : 3503 / 4900
SCL #err weighted degeneracy : 3435 3422 3418 3406 3419 3446 
degeneracy helps : 559 545 595 690 728 749 
degeneracy worse : 491 467 511 593 644 692 
SCL #err deg : 3581 / 5000
SCL #err weighted degeneracy : 3500 3488 3485 3470 3481 3510 
degeneracy helps : 579 564 615 713 753 773 
degeneracy worse : 498 474 520 602 653 702 
SCL #err deg : 3654 / 5100
SCL #err weighted degeneracy : 3571 3556 3553 3538 3550 3579 
degeneracy helps : 594 578 632 729 767 787 
degeneracy worse : 511 484 532 613 663 712 
SCL #err deg : 3728 / 5200
SCL #err weighted degeneracy : 3644 3630 3623 3609 3622 3653 
degeneracy helps : 603 586 644 742 780 798 
degeneracy worse : 519 492 540 623 674 723 
SCL #err deg : 3798 / 5300
SCL #err weighted degeneracy : 3709 3695 3686 3672 3688 3719 
degeneracy helps : 618 601 662 761 797 815 
degeneracy worse : 529 502 551 635 687 736 
SCL #err deg : 3869 / 5400
SCL #err weighted degeneracy : 3782 3767 3759 3745 3761 3790 
degeneracy helps : 627 610 671 771 806 828 
degeneracy worse : 540 513 562 647 698 749 
SCL #err deg : 3939 / 5500
SCL #err weighted degeneracy : 3855 3840 3831 3810 3827 3856 
degeneracy helps : 635 618 680 786 822 844 
degeneracy worse : 551 524 573 657 710 761 
SCL #err deg : 4014 / 5600
SCL #err weighted degeneracy : 3926 3913 3900 3881 3896 3925 
degeneracy helps : 646 627 695 802 839 863 
degeneracy worse : 558 531 582 669 721 774 
SCL #err deg : 4082 / 5700
SCL #err weighted degeneracy : 4000 3989 3973 3955 3970 3996 
degeneracy helps : 650 631 702 811 849 875 
degeneracy worse : 568 543 594 684 737 789 
SCL #err deg : 4153 / 5800
SCL #err weighted degeneracy : 4073 4061 4046 4032 4046 4073 
degeneracy helps : 655 637 708 817 857 883 
degeneracy worse : 575 550 602 696 750 803 
SCL #err deg : 4217 / 5900
SCL #err weighted degeneracy : 4134 4122 4106 4095 4112 4142 
degeneracy helps : 667 649 721 831 870 896 
degeneracy worse : 584 559 611 709 765 821 
SCL #err deg : 4286 / 6000
SCL #err weighted degeneracy : 4209 4198 4178 4166 4183 4213 
degeneracy helps : 675 657 733 845 885 911 
degeneracy worse : 598 574 626 725 782 838 
SCL #err deg : 4358 / 6100
SCL #err weighted degeneracy : 4283 4270 4252 4236 4255 4288 
degeneracy helps : 684 666 743 859 900 926 
degeneracy worse : 609 584 638 737 797 856 
SCL #err deg : 4435 / 6200
SCL #err weighted degeneracy : 4357 4344 4325 4311 4328 4361 
degeneracy helps : 694 676 754 870 913 940 
degeneracy worse : 616 591 645 746 806 866 
SCL #err deg : 4502 / 6300
SCL #err weighted degeneracy : 4426 4413 4396 4381 4395 4430 
degeneracy helps : 704 686 764 881 926 953 
degeneracy worse : 628 603 659 760 819 881 
SCL #err deg : 4570 / 6400
SCL #err weighted degeneracy : 4496 4484 4468 4454 4465 4503 
degeneracy helps : 717 697 777 893 940 967 
degeneracy worse : 643 617 676 777 835 900 
SCL #err deg : 4643 / 6500
SCL #err weighted degeneracy : 4563 4553 4535 4517 4530 4570 
degeneracy helps : 735 713 795 913 961 988 
degeneracy worse : 655 629 688 787 848 915 
SCL #err deg : 4710 / 6600
SCL #err weighted degeneracy : 4627 4618 4600 4584 4596 4637 
degeneracy helps : 749 726 810 927 977 1004 
degeneracy worse : 666 640 701 801 863 931 
SCL #err deg : 4779 / 6700
SCL #err weighted degeneracy : 4697 4689 4669 4657 4663 4702 
degeneracy helps : 758 734 820 938 994 1023 
degeneracy worse : 676 650 711 816 878 946 
SCL #err deg : 4859 / 6800
SCL #err weighted degeneracy : 4773 4765 4743 4732 4739 4778 
degeneracy helps : 769 745 832 949 1006 1036 
degeneracy worse : 683 657 717 822 886 955 
SCL #err deg : 4930 / 6900
SCL #err weighted degeneracy : 4849 4840 4820 4811 4815 4851 
degeneracy helps : 778 754 840 959 1017 1048 
degeneracy worse : 697 670 731 840 902 969 
SCL #err deg : 5004 / 7000
SCL #err weighted degeneracy : 4922 4913 4891 4886 4890 4924 
degeneracy helps : 789 765 853 972 1032 1065 
degeneracy worse : 707 680 741 854 918 985 
SCL #err deg : 5071 / 7100
SCL #err weighted degeneracy : 4989 4979 4956 4951 4958 4991 
degeneracy helps : 800 777 866 986 1046 1080 
degeneracy worse : 718 691 752 866 933 1000 
SCL #err deg : 5150 / 7200
SCL #err weighted degeneracy : 5058 5048 5024 5020 5030 5062 
degeneracy helps : 813 790 880 1001 1059 1094 
degeneracy worse : 721 694 755 871 939 1006 
SCL #err deg : 5230 / 7300
SCL #err weighted degeneracy : 5130 5121 5096 5093 5103 5133 
degeneracy helps : 827 803 894 1018 1077 1114 
degeneracy worse : 727 700 761 881 950 1017 
SCL #err deg : 5305 / 7400
SCL #err weighted degeneracy : 5202 5193 5169 5169 5177 5204 
degeneracy helps : 839 814 906 1030 1091 1131 
degeneracy worse : 736 708 771 894 963 1030 
SCL #err deg : 5375 / 7500
SCL #err weighted degeneracy : 5269 5261 5238 5238 5250 5280 
degeneracy helps : 852 826 918 1043 1103 1142 
degeneracy worse : 746 718 782 906 978 1047 
SCL #err deg : 5446 / 7600
SCL #err weighted degeneracy : 5349 5340 5318 5319 5327 5357 
degeneracy helps : 858 832 924 1052 1116 1155 
degeneracy worse : 761 732 797 925 997 1066 
SCL #err deg : 5517 / 7700
SCL #err weighted degeneracy : 5424 5413 5393 5392 5401 5427 
degeneracy helps : 866 840 932 1062 1126 1170 
degeneracy worse : 773 742 809 937 1010 1080 
SCL #err deg : 5584 / 7800
SCL #err weighted degeneracy : 5495 5485 5464 5465 5477 5500 
degeneracy helps : 875 848 941 1069 1133 1181 
degeneracy worse : 786 755 822 950 1026 1097 
SCL #err deg : 5653 / 7900
SCL #err weighted degeneracy : 5564 5554 5534 5536 5546 5568 
degeneracy helps : 885 858 951 1080 1147 1195 
degeneracy worse : 796 765 833 963 1040 1110 
SCL #err deg : 5721 / 8000
SCL #err weighted degeneracy : 5636 5626 5606 5606 5616 5639 
degeneracy helps : 891 864 957 1088 1155 1204 
degeneracy worse : 806 775 843 973 1050 1122 
SCL #err deg : 5793 / 8100
SCL #err weighted degeneracy : 5710 5702 5680 5679 5689 5711 
degeneracy helps : 900 871 966 1100 1169 1218 
degeneracy worse : 817 786 854 986 1065 1136 
SCL #err deg : 5866 / 8200
SCL #err weighted degeneracy : 5776 5768 5747 5746 5758 5781 
degeneracy helps : 914 885 981 1116 1184 1233 
degeneracy worse : 824 793 863 996 1076 1148 
SCL #err deg : 5937 / 8300
SCL #err weighted degeneracy : 5849 5839 5820 5820 5832 5853 
degeneracy helps : 923 895 991 1126 1195 1245 
degeneracy worse : 835 803 875 1009 1090 1161 
SCL #err deg : 5997 / 8400
SCL #err weighted degeneracy : 5910 5899 5881 5881 5896 5922 
degeneracy helps : 931 903 999 1135 1204 1255 
degeneracy worse : 844 811 884 1019 1103 1180 
SCL #err deg : 6063 / 8500
SCL #err weighted degeneracy : 5974 5963 5945 5941 5960 5987 
degeneracy helps : 943 915 1012 1152 1221 1271 
degeneracy worse : 854 821 895 1030 1118 1195 
SCL #err deg : 6125 / 8600
SCL #err weighted degeneracy : 6039 6027 6009 6010 6030 6057 
degeneracy helps : 954 926 1024 1164 1233 1284 
degeneracy worse : 868 834 909 1049 1138 1216 
SCL #err deg : 6188 / 8700
SCL #err weighted degeneracy : 6103 6090 6075 6072 6090 6120 
degeneracy helps : 961 933 1032 1178 1249 1299 
degeneracy worse : 876 841 920 1062 1151 1231 
SCL #err deg : 6260 / 8800
SCL #err weighted degeneracy : 6170 6158 6144 6137 6158 6189 
degeneracy helps : 977 947 1047 1196 1267 1317 
degeneracy worse : 887 851 932 1073 1165 1246 
SCL #err deg : 6330 / 8900
SCL #err weighted degeneracy : 6247 6234 6220 6211 6232 6262 
degeneracy helps : 984 954 1055 1205 1278 1330 
degeneracy worse : 901 864 946 1086 1180 1262 
SCL #err deg : 6405 / 9000
SCL #err weighted degeneracy : 6317 6305 6288 6280 6303 6331 
degeneracy helps : 998 967 1072 1223 1297 1351 
degeneracy worse : 910 873 956 1098 1195 1277 
SCL #err deg : 6479 / 9100
SCL #err weighted degeneracy : 6387 6376 6357 6345 6368 6395 
degeneracy helps : 1014 982 1089 1242 1317 1372 
degeneracy worse : 922 885 968 1108 1206 1288 
SCL #err deg : 6553 / 9200
SCL #err weighted degeneracy : 6460 6450 6430 6413 6436 6463 
degeneracy helps : 1026 993 1103 1259 1336 1392 
degeneracy worse : 933 896 981 1119 1219 1302 
SCL #err deg : 6623 / 9300
SCL #err weighted degeneracy : 6532 6521 6503 6486 6509 6535 
degeneracy helps : 1040 1008 1115 1274 1352 1408 
degeneracy worse : 949 912 996 1137 1238 1320 
SCL #err deg : 6698 / 9400
SCL #err weighted degeneracy : 6596 6586 6568 6553 6575 6600 
degeneracy helps : 1057 1024 1132 1290 1370 1427 
degeneracy worse : 955 918 1003 1145 1247 1329 
SCL #err deg : 6778 / 9500
SCL #err weighted degeneracy : 6672 6660 6644 6630 6652 6676 
degeneracy helps : 1069 1036 1145 1303 1384 1442 
degeneracy worse : 963 924 1012 1155 1258 1340 
SCL #err deg : 6852 / 9600
SCL #err weighted degeneracy : 6746 6733 6717 6704 6727 6752 
degeneracy helps : 1080 1047 1157 1316 1396 1453 
degeneracy worse : 974 934 1023 1168 1271 1353 
SCL #err deg : 6927 / 9700
SCL #err weighted degeneracy : 6816 6803 6787 6779 6803 6827 
degeneracy helps : 1092 1059 1170 1327 1409 1467 
degeneracy worse : 981 941 1031 1179 1285 1367 
SCL #err deg : 7001 / 9800
SCL #err weighted degeneracy : 6892 6878 6864 6856 6880 6903 
degeneracy helps : 1098 1064 1176 1336 1419 1478 
degeneracy worse : 989 947 1040 1191 1298 1380 
SCL #err deg : 7073 / 9900
SCL #err weighted degeneracy : 6965 6950 6937 6932 6957 6980 
degeneracy helps : 1111 1077 1189 1348 1431 1490 
degeneracy worse : 1003 960 1054 1207 1315 1397 
SCL #err deg : 7145 / 10000
SCL #err weighted degeneracy : 7032 7015 7005 7002 7024 7047 
degeneracy helps : 1125 1091 1203 1363 1449 1509 
degeneracy worse : 1012 967 1064 1220 1328 1411 
average #flips: 24.361
SCL #err considering degeneracy: 7145
error due to equal 136
error due to SCL smaller 7009
Finish in 1099 s
