Simulation Polar syndrome FASTER N=512, K=257, l=128, pz=0.06, #samples=10000, seed=543
HPW construction
Event generator random seed: 543
SCL #err deg : 1 / 100
SCL #err weighted degeneracy : 0 0 0 0 1 1 
degeneracy helps : 1 1 1 1 1 1 
degeneracy worse : 0 0 0 0 1 1 
SCL #err deg : 1 / 200
SCL #err weighted degeneracy : 0 0 0 0 1 1 
degeneracy helps : 1 1 1 1 1 1 
degeneracy worse : 0 0 0 0 1 1 
SCL #err deg : 1 / 300
SCL #err weighted degeneracy : 0 0 0 0 2 2 
degeneracy helps : 1 1 1 1 1 1 
degeneracy worse : 0 0 0 0 2 2 
SCL #err deg : 2 / 400
SCL #err weighted degeneracy : 1 1 1 1 4 5 
degeneracy helps : 1 1 1 1 1 1 
degeneracy worse : 0 0 0 0 3 4 
SCL #err deg : 2 / 500
SCL #err weighted degeneracy : 1 1 1 1 6 8 
degeneracy helps : 1 1 1 1 1 1 
degeneracy worse : 0 0 0 0 5 7 
SCL #err deg : 3 / 600
SCL #err weighted degeneracy : 1 1 1 1 8 10 
degeneracy helps : 2 2 2 2 1 1 
degeneracy worse : 0 0 0 0 6 8 
SCL #err deg : 3 / 700
SCL #err weighted degeneracy : 1 1 1 1 10 12 
degeneracy helps : 2 2 2 2 1 1 
degeneracy worse : 0 0 0 0 8 10 
SCL #err deg : 4 / 800
SCL #err weighted degeneracy : 2 2 2 4 13 15 
degeneracy helps : 2 2 2 2 1 1 
degeneracy worse : 0 0 0 2 10 12 
SCL #err deg : 5 / 900
SCL #err weighted degeneracy : 3 3 3 5 14 17 
degeneracy helps : 2 2 2 2 1 1 
degeneracy worse : 0 0 0 2 10 13 
SCL #err deg : 5 / 1000
SCL #err weighted degeneracy : 3 3 3 5 15 19 
degeneracy helps : 2 2 2 2 1 1 
degeneracy worse : 0 0 0 2 11 15 
SCL #err deg : 5 / 1100
SCL #err weighted degeneracy : 3 3 3 5 15 19 
degeneracy helps : 2 2 2 2 1 1 
degeneracy worse : 0 0 0 2 11 15 
SCL #err deg : 5 / 1200
SCL #err weighted degeneracy : 3 3 3 5 15 19 
degeneracy helps : 2 2 2 2 1 1 
degeneracy worse : 0 0 0 2 11 15 
SCL #err deg : 5 / 1300
SCL #err weighted degeneracy : 3 3 3 5 19 23 
degeneracy helps : 2 2 2 2 1 1 
degeneracy worse : 0 0 0 2 15 19 
SCL #err deg : 6 / 1400
SCL #err weighted degeneracy : 3 3 3 6 21 27 
degeneracy helps : 3 3 3 2 1 1 
degeneracy worse : 0 0 0 2 16 22 
SCL #err deg : 6 / 1500
SCL #err weighted degeneracy : 3 3 3 6 22 28 
degeneracy helps : 3 3 3 2 1 1 
degeneracy worse : 0 0 0 2 17 23 
SCL #err deg : 7 / 1600
SCL #err weighted degeneracy : 4 4 4 8 27 35 
degeneracy helps : 3 3 3 2 1 1 
degeneracy worse : 0 0 0 3 21 29 
SCL #err deg : 7 / 1700
SCL #err weighted degeneracy : 5 5 5 8 27 35 
degeneracy helps : 3 3 3 2 1 1 
degeneracy worse : 1 1 1 3 21 29 
SCL #err deg : 7 / 1800
SCL #err weighted degeneracy : 5 5 5 8 27 35 
degeneracy helps : 3 3 3 2 1 1 
degeneracy worse : 1 1 1 3 21 29 
SCL #err deg : 8 / 1900
SCL #err weighted degeneracy : 5 5 5 8 30 40 
degeneracy helps : 4 4 4 3 2 1 
degeneracy worse : 1 1 1 3 24 33 
SCL #err deg : 8 / 2000
SCL #err weighted degeneracy : 5 5 5 8 32 42 
degeneracy helps : 4 4 4 3 2 1 
degeneracy worse : 1 1 1 3 26 35 
SCL #err deg : 9 / 2100
SCL #err weighted degeneracy : 6 6 6 9 33 44 
degeneracy helps : 4 4 4 3 2 1 
degeneracy worse : 1 1 1 3 26 36 
SCL #err deg : 10 / 2200
SCL #err weighted degeneracy : 6 6 6 9 34 45 
degeneracy helps : 5 5 5 4 3 2 
degeneracy worse : 1 1 1 3 27 37 
SCL #err deg : 10 / 2300
SCL #err weighted degeneracy : 6 6 6 9 35 48 
degeneracy helps : 5 5 5 4 3 2 
degeneracy worse : 1 1 1 3 28 40 
SCL #err deg : 10 / 2400
SCL #err weighted degeneracy : 6 6 6 9 35 48 
degeneracy helps : 5 5 5 4 3 2 
degeneracy worse : 1 1 1 3 28 40 
SCL #err deg : 11 / 2500
SCL #err weighted degeneracy : 6 6 6 9 35 50 
degeneracy helps : 6 6 6 5 4 3 
degeneracy worse : 1 1 1 3 28 42 
SCL #err deg : 11 / 2600
SCL #err weighted degeneracy : 6 6 6 11 39 54 
degeneracy helps : 6 6 6 5 4 3 
degeneracy worse : 1 1 1 5 32 46 
SCL #err deg : 11 / 2700
SCL #err weighted degeneracy : 6 6 6 11 39 56 
degeneracy helps : 6 6 6 5 4 3 
degeneracy worse : 1 1 1 5 32 48 
SCL #err deg : 11 / 2800
SCL #err weighted degeneracy : 6 6 6 11 39 56 
degeneracy helps : 6 6 6 5 4 3 
degeneracy worse : 1 1 1 5 32 48 
SCL #err deg : 11 / 2900
SCL #err weighted degeneracy : 6 6 6 11 39 56 
degeneracy helps : 6 6 6 5 4 3 
degeneracy worse : 1 1 1 5 32 48 
SCL #err deg : 12 / 3000
SCL #err weighted degeneracy : 7 7 7 12 40 58 
degeneracy helps : 6 6 6 5 4 3 
degeneracy worse : 1 1 1 5 32 49 
SCL #err deg : 12 / 3100
SCL #err weighted degeneracy : 7 7 7 12 42 62 
degeneracy helps : 6 6 6 5 4 3 
degeneracy worse : 1 1 1 5 34 53 
SCL #err deg : 14 / 3200
SCL #err weighted degeneracy : 8 8 8 13 43 63 
degeneracy helps : 7 7 7 6 5 4 
degeneracy worse : 1 1 1 5 34 53 
SCL #err deg : 14 / 3300
SCL #err weighted degeneracy : 8 8 8 14 46 67 
degeneracy helps : 7 7 7 6 5 4 
degeneracy worse : 1 1 1 6 37 57 
SCL #err deg : 17 / 3400
SCL #err weighted degeneracy : 12 12 12 18 51 73 
degeneracy helps : 7 7 7 6 5 4 
degeneracy worse : 2 2 2 7 39 60 
SCL #err deg : 18 / 3500
SCL #err weighted degeneracy : 14 14 14 19 51 73 
degeneracy helps : 7 7 7 7 6 5 
degeneracy worse : 3 3 3 8 39 60 
SCL #err deg : 18 / 3600
SCL #err weighted degeneracy : 14 14 14 19 51 73 
degeneracy helps : 7 7 7 7 6 5 
degeneracy worse : 3 3 3 8 39 60 
SCL #err deg : 20 / 3700
SCL #err weighted degeneracy : 15 15 15 20 52 73 
degeneracy helps : 8 8 8 8 7 7 
degeneracy worse : 3 3 3 8 39 60 
SCL #err deg : 20 / 3800
SCL #err weighted degeneracy : 15 15 15 20 54 75 
degeneracy helps : 8 8 8 8 7 7 
degeneracy worse : 3 3 3 8 41 62 
SCL #err deg : 20 / 3900
SCL #err weighted degeneracy : 16 16 16 21 55 75 
degeneracy helps : 8 8 8 8 7 7 
degeneracy worse : 4 4 4 9 42 62 
SCL #err deg : 22 / 4000
SCL #err weighted degeneracy : 16 16 16 21 55 76 
degeneracy helps : 9 9 9 10 9 9 
degeneracy worse : 4 4 4 9 42 63 
SCL #err deg : 23 / 4100
SCL #err weighted degeneracy : 16 16 16 21 55 76 
degeneracy helps : 10 10 10 11 10 10 
degeneracy worse : 4 4 4 9 42 63 
SCL #err deg : 24 / 4200
SCL #err weighted degeneracy : 17 17 17 25 61 84 
degeneracy helps : 10 10 10 11 10 10 
degeneracy worse : 4 4 4 12 47 70 
SCL #err deg : 24 / 4300
SCL #err weighted degeneracy : 17 17 17 25 61 84 
degeneracy helps : 10 10 10 11 10 10 
degeneracy worse : 4 4 4 12 47 70 
SCL #err deg : 24 / 4400
SCL #err weighted degeneracy : 17 17 17 25 61 84 
degeneracy helps : 10 10 10 11 10 10 
degeneracy worse : 4 4 4 12 47 70 
SCL #err deg : 25 / 4500
SCL #err weighted degeneracy : 18 18 17 25 62 85 
degeneracy helps : 10 10 11 12 11 11 
degeneracy worse : 4 4 4 12 48 71 
SCL #err deg : 26 / 4600
SCL #err weighted degeneracy : 19 19 18 26 63 86 
degeneracy helps : 10 10 11 12 11 11 
degeneracy worse : 4 4 4 12 48 71 
SCL #err deg : 27 / 4700
SCL #err weighted degeneracy : 19 19 18 27 68 91 
degeneracy helps : 11 11 12 13 11 11 
degeneracy worse : 4 4 4 13 52 75 
SCL #err deg : 28 / 4800
SCL #err weighted degeneracy : 21 21 20 29 70 95 
degeneracy helps : 11 11 12 13 11 11 
degeneracy worse : 5 5 5 14 53 78 
SCL #err deg : 28 / 4900
SCL #err weighted degeneracy : 21 21 20 30 71 97 
degeneracy helps : 11 11 12 13 11 11 
degeneracy worse : 5 5 5 15 54 80 
SCL #err deg : 28 / 5000
SCL #err weighted degeneracy : 21 21 20 31 72 98 
degeneracy helps : 11 11 12 13 11 11 
degeneracy worse : 5 5 5 16 55 81 
SCL #err deg : 28 / 5100
SCL #err weighted degeneracy : 21 21 20 32 73 99 
degeneracy helps : 11 11 12 13 11 11 
degeneracy worse : 5 5 5 17 56 82 
SCL #err deg : 28 / 5200
SCL #err weighted degeneracy : 21 21 20 33 74 100 
degeneracy helps : 11 11 12 13 11 11 
degeneracy worse : 5 5 5 18 57 83 
SCL #err deg : 28 / 5300
SCL #err weighted degeneracy : 21 21 20 33 75 101 
degeneracy helps : 11 11 12 13 11 11 
degeneracy worse : 5 5 5 18 58 84 
SCL #err deg : 28 / 5400
SCL #err weighted degeneracy : 21 21 20 33 76 102 
degeneracy helps : 11 11 12 13 11 11 
degeneracy worse : 5 5 5 18 59 85 
SCL #err deg : 28 / 5500
SCL #err weighted degeneracy : 21 21 20 33 76 102 
degeneracy helps : 11 11 12 13 11 11 
degeneracy worse : 5 5 5 18 59 85 
SCL #err deg : 28 / 5600
SCL #err weighted degeneracy : 21 21 20 33 77 103 
degeneracy helps : 11 11 12 13 11 11 
degeneracy worse : 5 5 5 18 60 86 
SCL #err deg : 28 / 5700
SCL #err weighted degeneracy : 21 21 20 34 78 104 
degeneracy helps : 11 11 12 13 11 11 
degeneracy worse : 5 5 5 19 61 87 
SCL #err deg : 28 / 5800
SCL #err weighted degeneracy : 21 21 20 34 79 106 
degeneracy helps : 11 11 12 13 11 11 
degeneracy worse : 5 5 5 19 62 89 
SCL #err deg : 28 / 5900
SCL #err weighted degeneracy : 21 21 20 34 79 106 
degeneracy helps : 11 11 12 13 11 11 
degeneracy worse : 5 5 5 19 62 89 
SCL #err deg : 28 / 6000
SCL #err weighted degeneracy : 21 21 20 34 80 107 
degeneracy helps : 11 11 12 13 11 11 
degeneracy worse : 5 5 5 19 63 90 
SCL #err deg : 28 / 6100
SCL #err weighted degeneracy : 21 21 20 34 80 107 
degeneracy helps : 11 11 12 13 11 11 
degeneracy worse : 5 5 5 19 63 90 
SCL #err deg : 28 / 6200
SCL #err weighted degeneracy : 21 21 20 34 81 108 
degeneracy helps : 11 11 12 13 11 11 
degeneracy worse : 5 5 5 19 64 91 
SCL #err deg : 28 / 6300
SCL #err weighted degeneracy : 21 21 20 35 83 110 
degeneracy helps : 11 11 12 13 11 11 
degeneracy worse : 5 5 5 20 66 93 
SCL #err deg : 31 / 6400
SCL #err weighted degeneracy : 23 23 22 37 86 114 
degeneracy helps : 12 12 13 14 12 12 
degeneracy worse : 5 5 5 20 67 95 
SCL #err deg : 33 / 6500
SCL #err weighted degeneracy : 24 24 23 39 89 117 
degeneracy helps : 13 13 14 15 13 13 
degeneracy worse : 5 5 5 21 69 97 
SCL #err deg : 33 / 6600
SCL #err weighted degeneracy : 24 24 23 39 90 118 
degeneracy helps : 13 13 14 15 13 13 
degeneracy worse : 5 5 5 21 70 98 
SCL #err deg : 33 / 6700
SCL #err weighted degeneracy : 24 24 23 39 91 119 
degeneracy helps : 13 13 14 15 13 13 
degeneracy worse : 5 5 5 21 71 99 
SCL #err deg : 33 / 6800
SCL #err weighted degeneracy : 24 24 23 39 91 120 
degeneracy helps : 13 13 14 15 13 13 
degeneracy worse : 5 5 5 21 71 100 
SCL #err deg : 34 / 6900
SCL #err weighted degeneracy : 24 24 23 39 91 120 
degeneracy helps : 14 14 15 16 14 14 
degeneracy worse : 5 5 5 21 71 100 
SCL #err deg : 36 / 7000
SCL #err weighted degeneracy : 25 25 24 41 93 123 
degeneracy helps : 15 15 16 17 15 15 
degeneracy worse : 5 5 5 22 72 102 
SCL #err deg : 36 / 7100
SCL #err weighted degeneracy : 25 25 24 41 93 123 
degeneracy helps : 15 15 16 17 15 15 
degeneracy worse : 5 5 5 22 72 102 
SCL #err deg : 36 / 7200
SCL #err weighted degeneracy : 25 25 24 41 94 124 
degeneracy helps : 15 15 16 17 15 15 
degeneracy worse : 5 5 5 22 73 103 
SCL #err deg : 37 / 7300
SCL #err weighted degeneracy : 26 26 25 42 95 125 
degeneracy helps : 15 15 16 17 15 15 
degeneracy worse : 5 5 5 22 73 103 
SCL #err deg : 37 / 7400
SCL #err weighted degeneracy : 26 26 25 42 97 128 
degeneracy helps : 15 15 16 17 15 15 
degeneracy worse : 5 5 5 22 75 106 
SCL #err deg : 37 / 7500
SCL #err weighted degeneracy : 26 26 25 42 97 129 
degeneracy helps : 15 15 16 17 15 15 
degeneracy worse : 5 5 5 22 75 107 
SCL #err deg : 37 / 7600
SCL #err weighted degeneracy : 26 26 25 42 99 131 
degeneracy helps : 15 15 16 17 15 15 
degeneracy worse : 5 5 5 22 77 109 
SCL #err deg : 38 / 7700
SCL #err weighted degeneracy : 26 26 25 42 100 132 
degeneracy helps : 16 16 17 18 16 16 
degeneracy worse : 5 5 5 22 78 110 
SCL #err deg : 38 / 7800
SCL #err weighted degeneracy : 28 28 27 44 105 137 
degeneracy helps : 16 16 17 18 16 16 
degeneracy worse : 7 7 7 24 83 115 
SCL #err deg : 38 / 7900
SCL #err weighted degeneracy : 28 28 27 44 105 137 
degeneracy helps : 16 16 17 18 16 16 
degeneracy worse : 7 7 7 24 83 115 
SCL #err deg : 38 / 8000
SCL #err weighted degeneracy : 29 29 29 46 107 139 
degeneracy helps : 16 16 17 18 16 16 
degeneracy worse : 8 8 9 26 85 117 
SCL #err deg : 40 / 8100
SCL #err weighted degeneracy : 30 30 30 47 109 142 
degeneracy helps : 17 17 18 19 17 17 
degeneracy worse : 8 8 9 26 86 119 
SCL #err deg : 42 / 8200
SCL #err weighted degeneracy : 31 31 31 48 110 143 
degeneracy helps : 19 19 20 21 19 19 
degeneracy worse : 9 9 10 27 87 120 
SCL #err deg : 42 / 8300
SCL #err weighted degeneracy : 31 31 31 48 110 143 
degeneracy helps : 19 19 20 21 19 19 
degeneracy worse : 9 9 10 27 87 120 
SCL #err deg : 43 / 8400
SCL #err weighted degeneracy : 31 31 31 48 111 144 
degeneracy helps : 20 20 21 22 20 20 
degeneracy worse : 9 9 10 27 88 121 
SCL #err deg : 43 / 8500
SCL #err weighted degeneracy : 31 31 31 48 111 145 
degeneracy helps : 20 20 21 22 20 20 
degeneracy worse : 9 9 10 27 88 122 
SCL #err deg : 43 / 8600
SCL #err weighted degeneracy : 31 31 31 49 113 147 
degeneracy helps : 20 20 21 22 20 20 
degeneracy worse : 9 9 10 28 90 124 
SCL #err deg : 44 / 8700
SCL #err weighted degeneracy : 32 32 32 51 116 151 
degeneracy helps : 21 21 22 23 21 21 
degeneracy worse : 10 10 11 30 93 128 
SCL #err deg : 44 / 8800
SCL #err weighted degeneracy : 32 32 32 51 118 153 
degeneracy helps : 21 21 22 23 21 21 
degeneracy worse : 10 10 11 30 95 130 
SCL #err deg : 44 / 8900
SCL #err weighted degeneracy : 32 32 32 51 118 153 
degeneracy helps : 21 21 22 23 21 21 
degeneracy worse : 10 10 11 30 95 130 
SCL #err deg : 45 / 9000
SCL #err weighted degeneracy : 34 34 34 53 120 156 
degeneracy helps : 21 21 22 23 21 21 
degeneracy worse : 11 11 12 31 96 132 
SCL #err deg : 45 / 9100
SCL #err weighted degeneracy : 34 34 34 53 123 159 
degeneracy helps : 21 21 22 23 21 21 
degeneracy worse : 11 11 12 31 99 135 
SCL #err deg : 45 / 9200
SCL #err weighted degeneracy : 35 35 35 54 126 163 
degeneracy helps : 21 21 22 23 21 21 
degeneracy worse : 12 12 13 32 102 139 
SCL #err deg : 46 / 9300
SCL #err weighted degeneracy : 35 35 35 55 127 166 
degeneracy helps : 22 22 23 24 22 21 
degeneracy worse : 12 12 13 33 103 141 
SCL #err deg : 46 / 9400
SCL #err weighted degeneracy : 35 35 35 55 129 168 
degeneracy helps : 22 22 23 24 22 21 
degeneracy worse : 12 12 13 33 105 143 
SCL #err deg : 46 / 9500
SCL #err weighted degeneracy : 35 35 35 55 132 171 
degeneracy helps : 22 22 23 24 22 21 
degeneracy worse : 12 12 13 33 108 146 
SCL #err deg : 47 / 9600
SCL #err weighted degeneracy : 36 36 36 56 134 173 
degeneracy helps : 22 22 23 24 22 21 
degeneracy worse : 12 12 13 33 109 147 
SCL #err deg : 47 / 9700
SCL #err weighted degeneracy : 36 36 37 57 135 174 
degeneracy helps : 22 22 23 24 22 21 
degeneracy worse : 12 12 14 34 110 148 
SCL #err deg : 48 / 9800
SCL #err weighted degeneracy : 36 36 37 57 136 175 
degeneracy helps : 23 23 24 25 23 22 
degeneracy worse : 12 12 14 34 111 149 
SCL #err deg : 48 / 9900
SCL #err weighted degeneracy : 36 36 37 57 137 177 
degeneracy helps : 23 23 24 25 23 22 
degeneracy worse : 12 12 14 34 112 151 
SCL #err deg : 49 / 10000
SCL #err weighted degeneracy : 36 36 37 57 137 177 
degeneracy helps : 24 24 25 26 24 23 
degeneracy worse : 12 12 14 34 112 151 
average #flips: 30.724
SCL #err considering degeneracy: 49
error due to equal 43
error due to SCL smaller 6
Finish in 5137 s
