Simulation Polar syndrome FASTER N=256, K=129, l=128, pz=0.16, #samples=10000, seed=87
PW construction
Event generator random seed: 87
SCL #err deg : 62 / 100
SCL #err weighted degeneracy : 61 61 60 59 61 63 
degeneracy helps : 11 11 11 16 15 15 
degeneracy worse : 10 10 9 13 14 16 
SCL #err deg : 134 / 200
SCL #err weighted degeneracy : 125 126 124 122 124 131 
degeneracy helps : 26 26 26 32 30 29 
degeneracy worse : 17 18 16 20 20 26 
SCL #err deg : 202 / 300
SCL #err weighted degeneracy : 194 193 192 193 197 204 
degeneracy helps : 36 37 35 41 39 38 
degeneracy worse : 28 28 25 32 34 40 
SCL #err deg : 275 / 400
SCL #err weighted degeneracy : 268 268 267 264 271 279 
degeneracy helps : 42 42 42 53 51 50 
degeneracy worse : 35 35 34 42 47 54 
SCL #err deg : 351 / 500
SCL #err weighted degeneracy : 337 337 338 336 345 354 
degeneracy helps : 57 56 56 68 66 65 
degeneracy worse : 43 42 43 53 60 68 
SCL #err deg : 425 / 600
SCL #err weighted degeneracy : 406 407 408 406 416 424 
degeneracy helps : 69 66 68 79 78 79 
degeneracy worse : 50 48 51 60 69 78 
SCL #err deg : 497 / 700
SCL #err weighted degeneracy : 471 474 474 473 482 492 
degeneracy helps : 86 82 84 96 96 97 
degeneracy worse : 60 59 61 72 81 92 
SCL #err deg : 568 / 800
SCL #err weighted degeneracy : 544 548 547 548 554 564 
degeneracy helps : 93 88 92 104 107 108 
degeneracy worse : 69 68 71 84 93 104 
SCL #err deg : 642 / 900
SCL #err weighted degeneracy : 617 620 621 622 629 636 
degeneracy helps : 104 100 103 115 118 121 
degeneracy worse : 79 78 82 95 105 115 
SCL #err deg : 714 / 1000
SCL #err weighted degeneracy : 689 692 689 691 696 702 
degeneracy helps : 113 110 115 127 131 134 
degeneracy worse : 88 88 90 104 113 122 
SCL #err deg : 782 / 1100
SCL #err weighted degeneracy : 756 757 756 762 768 772 
degeneracy helps : 124 121 126 134 137 142 
degeneracy worse : 98 96 100 114 123 132 
SCL #err deg : 847 / 1200
SCL #err weighted degeneracy : 827 826 823 829 834 839 
degeneracy helps : 134 133 137 146 150 153 
degeneracy worse : 114 112 113 128 137 145 
SCL #err deg : 905 / 1300
SCL #err weighted degeneracy : 892 892 890 895 901 906 
degeneracy helps : 142 138 144 156 160 164 
degeneracy worse : 129 125 129 146 156 165 
SCL #err deg : 974 / 1400
SCL #err weighted degeneracy : 964 964 961 966 973 980 
degeneracy helps : 151 147 153 165 170 174 
degeneracy worse : 141 137 140 157 169 180 
SCL #err deg : 1042 / 1500
SCL #err weighted degeneracy : 1033 1033 1028 1034 1042 1050 
degeneracy helps : 159 155 163 176 181 186 
degeneracy worse : 150 146 149 168 181 194 
SCL #err deg : 1118 / 1600
SCL #err weighted degeneracy : 1103 1104 1099 1104 1111 1116 
degeneracy helps : 169 165 172 186 193 201 
degeneracy worse : 154 151 153 172 186 199 
SCL #err deg : 1188 / 1700
SCL #err weighted degeneracy : 1176 1177 1172 1176 1181 1186 
degeneracy helps : 177 173 181 196 204 213 
degeneracy worse : 165 162 165 184 197 211 
SCL #err deg : 1258 / 1800
SCL #err weighted degeneracy : 1239 1240 1233 1241 1249 1257 
degeneracy helps : 191 187 196 211 218 226 
degeneracy worse : 172 169 171 194 209 225 
SCL #err deg : 1332 / 1900
SCL #err weighted degeneracy : 1310 1311 1302 1311 1318 1328 
degeneracy helps : 198 194 208 224 233 242 
degeneracy worse : 176 173 178 203 219 238 
SCL #err deg : 1403 / 2000
SCL #err weighted degeneracy : 1386 1387 1378 1386 1394 1400 
degeneracy helps : 205 201 216 235 243 256 
degeneracy worse : 188 185 191 218 234 253 
SCL #err deg : 1480 / 2100
SCL #err weighted degeneracy : 1458 1459 1449 1457 1468 1471 
degeneracy helps : 218 214 229 249 256 272 
degeneracy worse : 196 193 198 226 244 263 
SCL #err deg : 1546 / 2200
SCL #err weighted degeneracy : 1528 1528 1517 1523 1535 1539 
degeneracy helps : 228 224 241 263 268 284 
degeneracy worse : 210 206 212 240 257 277 
SCL #err deg : 1616 / 2300
SCL #err weighted degeneracy : 1595 1595 1584 1591 1602 1609 
degeneracy helps : 238 234 252 276 281 296 
degeneracy worse : 217 213 220 251 267 289 
SCL #err deg : 1688 / 2400
SCL #err weighted degeneracy : 1660 1660 1653 1663 1675 1682 
degeneracy helps : 253 249 266 288 292 306 
degeneracy worse : 225 221 231 263 279 300 
SCL #err deg : 1755 / 2500
SCL #err weighted degeneracy : 1728 1728 1722 1738 1752 1759 
degeneracy helps : 262 258 276 294 297 312 
degeneracy worse : 235 231 243 277 294 316 
SCL #err deg : 1833 / 2600
SCL #err weighted degeneracy : 1796 1797 1792 1808 1823 1831 
degeneracy helps : 276 271 289 309 311 326 
degeneracy worse : 239 235 248 284 301 324 
SCL #err deg : 1909 / 2700
SCL #err weighted degeneracy : 1865 1868 1861 1878 1894 1901 
degeneracy helps : 288 281 301 320 321 339 
degeneracy worse : 244 240 253 289 306 331 
SCL #err deg : 1982 / 2800
SCL #err weighted degeneracy : 1928 1931 1924 1943 1960 1968 
degeneracy helps : 304 298 316 335 336 355 
degeneracy worse : 250 247 258 296 314 341 
SCL #err deg : 2054 / 2900
SCL #err weighted degeneracy : 1994 1998 1987 2005 2020 2029 
degeneracy helps : 316 310 330 351 355 374 
degeneracy worse : 257 254 263 302 321 349 
SCL #err deg : 2116 / 3000
SCL #err weighted degeneracy : 2064 2070 2055 2075 2090 2103 
degeneracy helps : 320 312 335 357 363 382 
degeneracy worse : 269 266 274 316 337 369 
SCL #err deg : 2194 / 3100
SCL #err weighted degeneracy : 2139 2145 2132 2152 2166 2181 
degeneracy helps : 331 323 345 367 374 393 
degeneracy worse : 277 274 283 325 346 380 
SCL #err deg : 2267 / 3200
SCL #err weighted degeneracy : 2210 2218 2203 2225 2238 2249 
degeneracy helps : 342 333 356 379 388 412 
degeneracy worse : 286 284 292 337 359 394 
SCL #err deg : 2343 / 3300
SCL #err weighted degeneracy : 2282 2289 2275 2296 2305 2315 
degeneracy helps : 354 346 367 391 403 427 
degeneracy worse : 294 292 299 344 365 399 
SCL #err deg : 2412 / 3400
SCL #err weighted degeneracy : 2351 2358 2344 2365 2370 2379 
degeneracy helps : 364 356 377 401 416 442 
degeneracy worse : 304 302 309 354 374 409 
SCL #err deg : 2484 / 3500
SCL #err weighted degeneracy : 2422 2429 2416 2433 2437 2447 
degeneracy helps : 376 367 389 417 432 457 
degeneracy worse : 315 312 321 366 385 420 
SCL #err deg : 2554 / 3600
SCL #err weighted degeneracy : 2489 2496 2484 2501 2507 2521 
degeneracy helps : 389 379 402 431 447 470 
degeneracy worse : 325 321 332 378 400 437 
SCL #err deg : 2620 / 3700
SCL #err weighted degeneracy : 2551 2560 2548 2565 2572 2585 
degeneracy helps : 400 389 412 442 458 482 
degeneracy worse : 332 329 340 387 410 447 
SCL #err deg : 2689 / 3800
SCL #err weighted degeneracy : 2619 2628 2616 2633 2640 2651 
degeneracy helps : 410 399 422 454 472 497 
degeneracy worse : 341 338 349 398 423 459 
SCL #err deg : 2756 / 3900
SCL #err weighted degeneracy : 2682 2690 2681 2699 2707 2717 
degeneracy helps : 423 413 435 467 484 511 
degeneracy worse : 350 347 360 410 435 472 
SCL #err deg : 2828 / 4000
SCL #err weighted degeneracy : 2752 2759 2751 2768 2774 2784 
degeneracy helps : 433 423 445 478 497 525 
degeneracy worse : 358 354 368 418 443 481 
SCL #err deg : 2901 / 4100
SCL #err weighted degeneracy : 2820 2827 2820 2836 2839 2853 
degeneracy helps : 445 435 458 493 515 541 
degeneracy worse : 365 361 377 428 453 493 
SCL #err deg : 2973 / 4200
SCL #err weighted degeneracy : 2892 2899 2891 2908 2908 2922 
degeneracy helps : 452 441 467 503 528 555 
degeneracy worse : 372 367 385 438 463 504 
SCL #err deg : 3049 / 4300
SCL #err weighted degeneracy : 2958 2965 2961 2980 2981 2996 
degeneracy helps : 465 454 479 516 542 568 
degeneracy worse : 375 370 391 447 474 515 
SCL #err deg : 3115 / 4400
SCL #err weighted degeneracy : 3022 3030 3028 3048 3052 3066 
degeneracy helps : 477 464 490 529 555 582 
degeneracy worse : 385 379 403 462 492 533 
SCL #err deg : 3188 / 4500
SCL #err weighted degeneracy : 3097 3104 3103 3121 3126 3143 
degeneracy helps : 482 470 495 537 563 590 
degeneracy worse : 392 386 410 470 501 545 
SCL #err deg : 3260 / 4600
SCL #err weighted degeneracy : 3165 3172 3169 3188 3191 3212 
degeneracy helps : 496 484 510 553 580 605 
degeneracy worse : 402 396 419 481 511 557 
SCL #err deg : 3326 / 4700
SCL #err weighted degeneracy : 3235 3242 3239 3258 3261 3282 
degeneracy helps : 507 495 523 567 593 619 
degeneracy worse : 417 411 436 499 528 575 
SCL #err deg : 3394 / 4800
SCL #err weighted degeneracy : 3302 3309 3305 3323 3326 3343 
degeneracy helps : 518 506 535 580 606 635 
degeneracy worse : 427 421 446 509 538 584 
SCL #err deg : 3465 / 4900
SCL #err weighted degeneracy : 3365 3372 3367 3386 3389 3406 
degeneracy helps : 530 518 548 594 621 652 
degeneracy worse : 431 425 450 515 545 593 
SCL #err deg : 3541 / 5000
SCL #err weighted degeneracy : 3440 3447 3440 3458 3461 3478 
degeneracy helps : 542 529 562 610 638 670 
degeneracy worse : 442 435 461 527 558 607 
SCL #err deg : 3608 / 5100
SCL #err weighted degeneracy : 3507 3515 3507 3527 3532 3547 
degeneracy helps : 554 540 575 622 650 685 
degeneracy worse : 454 447 474 541 574 624 
SCL #err deg : 3682 / 5200
SCL #err weighted degeneracy : 3574 3583 3572 3593 3599 3619 
degeneracy helps : 570 555 592 639 668 699 
degeneracy worse : 463 456 482 550 585 636 
SCL #err deg : 3752 / 5300
SCL #err weighted degeneracy : 3639 3649 3639 3661 3667 3684 
degeneracy helps : 589 573 610 657 687 721 
degeneracy worse : 477 470 497 566 602 653 
SCL #err deg : 3826 / 5400
SCL #err weighted degeneracy : 3714 3725 3713 3736 3744 3760 
degeneracy helps : 597 580 620 669 698 733 
degeneracy worse : 486 479 507 579 616 667 
SCL #err deg : 3896 / 5500
SCL #err weighted degeneracy : 3782 3794 3783 3803 3811 3823 
degeneracy helps : 604 587 627 680 710 750 
degeneracy worse : 491 485 514 587 625 677 
SCL #err deg : 3969 / 5600
SCL #err weighted degeneracy : 3858 3871 3859 3877 3888 3898 
degeneracy helps : 611 593 635 690 719 763 
degeneracy worse : 501 495 525 598 638 692 
SCL #err deg : 4044 / 5700
SCL #err weighted degeneracy : 3930 3943 3929 3946 3959 3970 
degeneracy helps : 620 602 645 701 731 775 
degeneracy worse : 507 501 530 603 646 701 
SCL #err deg : 4124 / 5800
SCL #err weighted degeneracy : 4004 4018 4004 4021 4033 4043 
degeneracy helps : 634 615 657 713 744 789 
degeneracy worse : 515 509 537 610 653 708 
SCL #err deg : 4191 / 5900
SCL #err weighted degeneracy : 4080 4094 4080 4102 4113 4123 
degeneracy helps : 640 621 663 718 750 795 
degeneracy worse : 530 524 552 629 672 727 
SCL #err deg : 4261 / 6000
SCL #err weighted degeneracy : 4144 4159 4146 4170 4181 4193 
degeneracy helps : 656 636 681 735 766 809 
degeneracy worse : 540 534 566 644 686 741 
SCL #err deg : 4331 / 6100
SCL #err weighted degeneracy : 4218 4232 4219 4241 4247 4262 
degeneracy helps : 664 644 688 746 780 823 
degeneracy worse : 552 545 576 656 696 754 
SCL #err deg : 4410 / 6200
SCL #err weighted degeneracy : 4291 4306 4293 4314 4322 4336 
degeneracy helps : 679 658 702 761 794 839 
degeneracy worse : 561 554 585 665 706 765 
SCL #err deg : 4481 / 6300
SCL #err weighted degeneracy : 4361 4377 4362 4381 4391 4407 
degeneracy helps : 688 666 712 775 808 853 
degeneracy worse : 569 562 593 675 718 779 
SCL #err deg : 4560 / 6400
SCL #err weighted degeneracy : 4430 4446 4433 4449 4459 4476 
degeneracy helps : 704 683 727 792 825 869 
degeneracy worse : 575 569 600 681 724 785 
SCL #err deg : 4636 / 6500
SCL #err weighted degeneracy : 4505 4522 4507 4521 4534 4552 
degeneracy helps : 713 690 737 805 837 880 
degeneracy worse : 583 577 608 690 735 796 
SCL #err deg : 4710 / 6600
SCL #err weighted degeneracy : 4576 4594 4576 4590 4605 4622 
degeneracy helps : 724 700 750 818 849 892 
degeneracy worse : 591 585 616 698 744 804 
SCL #err deg : 4781 / 6700
SCL #err weighted degeneracy : 4641 4658 4641 4657 4675 4694 
degeneracy helps : 739 716 766 834 862 905 
degeneracy worse : 600 594 626 710 756 818 
SCL #err deg : 4855 / 6800
SCL #err weighted degeneracy : 4707 4725 4708 4724 4746 4766 
degeneracy helps : 752 728 779 847 874 918 
degeneracy worse : 605 599 632 716 765 829 
SCL #err deg : 4926 / 6900
SCL #err weighted degeneracy : 4780 4797 4780 4798 4821 4841 
degeneracy helps : 759 736 787 856 884 928 
degeneracy worse : 614 608 641 728 779 843 
SCL #err deg : 4999 / 7000
SCL #err weighted degeneracy : 4854 4871 4849 4866 4888 4904 
degeneracy helps : 768 745 800 872 900 950 
degeneracy worse : 624 618 650 739 789 855 
SCL #err deg : 5061 / 7100
SCL #err weighted degeneracy : 4921 4937 4917 4934 4957 4974 
degeneracy helps : 777 754 810 883 911 962 
degeneracy worse : 638 631 666 756 807 875 
SCL #err deg : 5139 / 7200
SCL #err weighted degeneracy : 4994 5012 4985 4999 5023 5041 
degeneracy helps : 792 767 830 905 933 984 
degeneracy worse : 648 641 676 765 817 886 
SCL #err deg : 5206 / 7300
SCL #err weighted degeneracy : 5060 5079 5052 5066 5088 5107 
degeneracy helps : 799 773 837 914 944 997 
degeneracy worse : 654 647 683 774 826 898 
SCL #err deg : 5278 / 7400
SCL #err weighted degeneracy : 5127 5149 5119 5131 5155 5173 
degeneracy helps : 813 784 853 932 960 1014 
degeneracy worse : 663 656 694 785 837 909 
SCL #err deg : 5350 / 7500
SCL #err weighted degeneracy : 5194 5218 5185 5197 5220 5238 
degeneracy helps : 825 795 868 948 976 1030 
degeneracy worse : 670 664 703 795 846 918 
SCL #err deg : 5414 / 7600
SCL #err weighted degeneracy : 5261 5287 5253 5262 5285 5307 
degeneracy helps : 835 802 878 960 987 1040 
degeneracy worse : 683 676 717 808 858 933 
SCL #err deg : 5478 / 7700
SCL #err weighted degeneracy : 5328 5355 5322 5330 5354 5379 
degeneracy helps : 845 812 889 970 997 1049 
degeneracy worse : 696 690 733 822 873 950 
SCL #err deg : 5549 / 7800
SCL #err weighted degeneracy : 5399 5425 5394 5400 5425 5447 
degeneracy helps : 856 825 899 980 1008 1063 
degeneracy worse : 707 702 744 831 884 961 
SCL #err deg : 5619 / 7900
SCL #err weighted degeneracy : 5466 5493 5460 5465 5491 5512 
degeneracy helps : 870 839 913 996 1024 1079 
degeneracy worse : 718 714 754 842 896 972 
SCL #err deg : 5682 / 8000
SCL #err weighted degeneracy : 5527 5554 5518 5525 5550 5573 
degeneracy helps : 882 851 928 1012 1039 1093 
degeneracy worse : 728 724 764 855 907 984 
SCL #err deg : 5753 / 8100
SCL #err weighted degeneracy : 5597 5625 5587 5592 5618 5643 
degeneracy helps : 893 861 941 1027 1052 1104 
degeneracy worse : 738 734 775 866 917 994 
SCL #err deg : 5829 / 8200
SCL #err weighted degeneracy : 5664 5693 5654 5661 5689 5712 
degeneracy helps : 909 875 958 1043 1067 1121 
degeneracy worse : 745 740 783 875 927 1004 
SCL #err deg : 5897 / 8300
SCL #err weighted degeneracy : 5730 5762 5718 5724 5750 5777 
degeneracy helps : 924 889 975 1059 1084 1136 
degeneracy worse : 758 755 796 886 937 1016 
SCL #err deg : 5966 / 8400
SCL #err weighted degeneracy : 5797 5829 5785 5791 5820 5849 
degeneracy helps : 934 899 986 1070 1094 1145 
degeneracy worse : 766 763 805 895 948 1028 
SCL #err deg : 6049 / 8500
SCL #err weighted degeneracy : 5874 5907 5862 5862 5892 5922 
degeneracy helps : 946 910 998 1087 1112 1162 
degeneracy worse : 772 769 811 900 955 1035 
SCL #err deg : 6119 / 8600
SCL #err weighted degeneracy : 5946 5980 5932 5934 5965 5995 
degeneracy helps : 954 917 1009 1099 1124 1173 
degeneracy worse : 782 779 822 914 970 1049 
SCL #err deg : 6181 / 8700
SCL #err weighted degeneracy : 6006 6043 5993 5996 6029 6059 
degeneracy helps : 966 927 1020 1111 1135 1184 
degeneracy worse : 792 790 832 926 983 1062 
SCL #err deg : 6250 / 8800
SCL #err weighted degeneracy : 6073 6112 6060 6063 6096 6126 
degeneracy helps : 976 935 1030 1122 1146 1196 
degeneracy worse : 800 798 840 935 992 1072 
SCL #err deg : 6318 / 8900
SCL #err weighted degeneracy : 6139 6179 6127 6129 6164 6195 
degeneracy helps : 983 941 1037 1131 1154 1205 
degeneracy worse : 805 803 846 942 1000 1082 
SCL #err deg : 6390 / 9000
SCL #err weighted degeneracy : 6209 6250 6197 6201 6236 6265 
degeneracy helps : 995 952 1051 1145 1170 1222 
degeneracy worse : 815 813 858 956 1016 1097 
SCL #err deg : 6453 / 9100
SCL #err weighted degeneracy : 6266 6307 6256 6263 6299 6326 
degeneracy helps : 1010 967 1066 1159 1184 1239 
degeneracy worse : 824 822 869 969 1030 1112 
SCL #err deg : 6528 / 9200
SCL #err weighted degeneracy : 6337 6377 6328 6337 6375 6401 
degeneracy helps : 1022 980 1077 1170 1195 1253 
degeneracy worse : 832 830 877 979 1042 1126 
SCL #err deg : 6598 / 9300
SCL #err weighted degeneracy : 6403 6443 6393 6402 6438 6466 
degeneracy helps : 1037 995 1094 1188 1215 1271 
degeneracy worse : 843 841 889 992 1055 1139 
SCL #err deg : 6666 / 9400
SCL #err weighted degeneracy : 6472 6511 6462 6469 6507 6532 
degeneracy helps : 1047 1005 1105 1200 1226 1284 
degeneracy worse : 854 851 901 1003 1067 1150 
SCL #err deg : 6740 / 9500
SCL #err weighted degeneracy : 6544 6584 6533 6537 6578 6602 
degeneracy helps : 1061 1019 1120 1218 1241 1302 
degeneracy worse : 866 864 913 1015 1079 1164 
SCL #err deg : 6805 / 9600
SCL #err weighted degeneracy : 6605 6645 6594 6597 6640 6661 
degeneracy helps : 1076 1034 1135 1235 1256 1319 
degeneracy worse : 877 875 924 1027 1091 1175 
SCL #err deg : 6874 / 9700
SCL #err weighted degeneracy : 6672 6712 6662 6665 6711 6734 
degeneracy helps : 1088 1046 1147 1250 1268 1330 
degeneracy worse : 887 885 935 1041 1105 1190 
SCL #err deg : 6953 / 9800
SCL #err weighted degeneracy : 6738 6777 6730 6734 6778 6802 
degeneracy helps : 1106 1065 1166 1267 1287 1348 
degeneracy worse : 892 890 943 1048 1112 1197 
SCL #err deg : 7020 / 9900
SCL #err weighted degeneracy : 6806 6843 6797 6801 6845 6869 
degeneracy helps : 1113 1073 1175 1276 1297 1358 
degeneracy worse : 900 897 952 1057 1122 1207 
SCL #err deg : 7094 / 10000
SCL #err weighted degeneracy : 6876 6912 6869 6874 6916 6942 
degeneracy helps : 1127 1087 1189 1289 1308 1369 
degeneracy worse : 910 906 964 1069 1130 1217 
average #flips: 40.9215
SCL #err considering degeneracy: 7094
error due to equal 74
error due to SCL smaller 7020
Finish in 2182 s
