Simulation Polar syndrome FASTER N=256, K=129, l=128, pz=0.07, #samples=10000, seed=87
PW construction
Event generator random seed: 87
SCL #err deg : 7 / 100
SCL #err weighted degeneracy : 4 4 4 5 5 5 
degeneracy helps : 4 4 4 4 4 4 
degeneracy worse : 1 1 1 2 2 2 
SCL #err deg : 9 / 200
SCL #err weighted degeneracy : 5 5 4 6 7 7 
degeneracy helps : 6 6 6 6 6 6 
degeneracy worse : 2 2 1 3 4 4 
SCL #err deg : 15 / 300
SCL #err weighted degeneracy : 7 7 6 10 11 11 
degeneracy helps : 10 10 10 10 10 10 
degeneracy worse : 2 2 1 5 6 6 
SCL #err deg : 16 / 400
SCL #err weighted degeneracy : 9 9 8 12 14 14 
degeneracy helps : 10 10 10 10 10 10 
degeneracy worse : 3 3 2 6 8 8 
SCL #err deg : 19 / 500
SCL #err weighted degeneracy : 12 12 11 15 18 21 
degeneracy helps : 11 11 11 11 11 11 
degeneracy worse : 4 4 3 7 10 13 
SCL #err deg : 25 / 600
SCL #err weighted degeneracy : 17 17 18 21 25 27 
degeneracy helps : 12 12 11 12 12 12 
degeneracy worse : 4 4 4 8 12 14 
SCL #err deg : 26 / 700
SCL #err weighted degeneracy : 18 18 19 22 26 29 
degeneracy helps : 12 12 11 12 12 12 
degeneracy worse : 4 4 4 8 12 15 
SCL #err deg : 26 / 800
SCL #err weighted degeneracy : 20 20 21 25 31 36 
degeneracy helps : 12 12 11 12 12 12 
degeneracy worse : 6 6 6 11 17 22 
SCL #err deg : 31 / 900
SCL #err weighted degeneracy : 23 23 24 28 34 39 
degeneracy helps : 14 14 13 14 15 15 
degeneracy worse : 6 6 6 11 18 23 
SCL #err deg : 32 / 1000
SCL #err weighted degeneracy : 25 25 26 30 35 40 
degeneracy helps : 14 14 13 14 15 15 
degeneracy worse : 7 7 7 12 18 23 
SCL #err deg : 33 / 1100
SCL #err weighted degeneracy : 25 25 27 32 37 42 
degeneracy helps : 15 15 14 15 16 16 
degeneracy worse : 7 7 8 14 20 25 
SCL #err deg : 37 / 1200
SCL #err weighted degeneracy : 29 29 31 37 42 46 
degeneracy helps : 16 16 15 16 17 17 
degeneracy worse : 8 8 9 16 22 26 
SCL #err deg : 38 / 1300
SCL #err weighted degeneracy : 30 30 32 38 43 47 
degeneracy helps : 16 16 15 16 17 17 
degeneracy worse : 8 8 9 16 22 26 
SCL #err deg : 42 / 1400
SCL #err weighted degeneracy : 33 33 36 42 49 53 
degeneracy helps : 18 18 17 18 18 18 
degeneracy worse : 9 9 11 18 25 29 
SCL #err deg : 44 / 1500
SCL #err weighted degeneracy : 35 35 38 45 52 55 
degeneracy helps : 18 18 17 18 18 19 
degeneracy worse : 9 9 11 19 26 30 
SCL #err deg : 49 / 1600
SCL #err weighted degeneracy : 38 38 42 49 57 60 
degeneracy helps : 20 20 19 20 20 21 
degeneracy worse : 9 9 12 20 28 32 
SCL #err deg : 53 / 1700
SCL #err weighted degeneracy : 41 41 45 55 63 67 
degeneracy helps : 21 21 20 21 21 22 
degeneracy worse : 9 9 12 23 31 36 
SCL #err deg : 56 / 1800
SCL #err weighted degeneracy : 43 43 48 58 67 71 
degeneracy helps : 22 22 21 22 22 23 
degeneracy worse : 9 9 13 24 33 38 
SCL #err deg : 59 / 1900
SCL #err weighted degeneracy : 44 44 49 60 69 73 
degeneracy helps : 24 24 23 23 23 24 
degeneracy worse : 9 9 13 24 33 38 
SCL #err deg : 59 / 2000
SCL #err weighted degeneracy : 44 44 49 60 69 73 
degeneracy helps : 24 24 23 23 23 24 
degeneracy worse : 9 9 13 24 33 38 
SCL #err deg : 61 / 2100
SCL #err weighted degeneracy : 44 44 49 60 70 74 
degeneracy helps : 26 26 25 25 25 26 
degeneracy worse : 9 9 13 24 34 39 
SCL #err deg : 62 / 2200
SCL #err weighted degeneracy : 46 46 51 61 72 76 
degeneracy helps : 26 26 25 26 26 27 
degeneracy worse : 10 10 14 25 36 41 
SCL #err deg : 66 / 2300
SCL #err weighted degeneracy : 47 47 52 62 73 77 
degeneracy helps : 30 30 29 30 30 31 
degeneracy worse : 11 11 15 26 37 42 
SCL #err deg : 67 / 2400
SCL #err weighted degeneracy : 48 48 54 66 78 82 
degeneracy helps : 31 31 29 30 30 31 
degeneracy worse : 12 12 16 29 41 46 
SCL #err deg : 69 / 2500
SCL #err weighted degeneracy : 50 50 56 68 80 85 
degeneracy helps : 31 31 29 30 31 32 
degeneracy worse : 12 12 16 29 42 48 
SCL #err deg : 72 / 2600
SCL #err weighted degeneracy : 53 53 59 71 84 90 
degeneracy helps : 32 32 30 31 32 32 
degeneracy worse : 13 13 17 30 44 50 
SCL #err deg : 72 / 2700
SCL #err weighted degeneracy : 53 53 59 71 85 92 
degeneracy helps : 32 32 30 31 32 32 
degeneracy worse : 13 13 17 30 45 52 
SCL #err deg : 73 / 2800
SCL #err weighted degeneracy : 53 53 59 71 85 92 
degeneracy helps : 33 33 31 32 33 33 
degeneracy worse : 13 13 17 30 45 52 
SCL #err deg : 77 / 2900
SCL #err weighted degeneracy : 55 55 62 74 90 98 
degeneracy helps : 35 35 33 34 34 34 
degeneracy worse : 13 13 18 31 47 55 
SCL #err deg : 83 / 3000
SCL #err weighted degeneracy : 57 57 64 76 93 101 
degeneracy helps : 39 39 37 38 38 38 
degeneracy worse : 13 13 18 31 48 56 
SCL #err deg : 87 / 3100
SCL #err weighted degeneracy : 61 61 68 80 98 106 
degeneracy helps : 40 40 38 39 38 39 
degeneracy worse : 14 14 19 32 49 58 
SCL #err deg : 89 / 3200
SCL #err weighted degeneracy : 62 62 71 84 102 109 
degeneracy helps : 41 41 39 40 39 40 
degeneracy worse : 14 14 21 35 52 60 
SCL #err deg : 92 / 3300
SCL #err weighted degeneracy : 64 64 73 86 104 111 
degeneracy helps : 43 43 41 43 42 43 
degeneracy worse : 15 15 22 37 54 62 
SCL #err deg : 94 / 3400
SCL #err weighted degeneracy : 66 66 75 89 108 115 
degeneracy helps : 43 43 41 43 42 43 
degeneracy worse : 15 15 22 38 56 64 
SCL #err deg : 97 / 3500
SCL #err weighted degeneracy : 68 68 78 93 113 120 
degeneracy helps : 45 45 42 43 42 43 
degeneracy worse : 16 16 23 39 58 66 
SCL #err deg : 100 / 3600
SCL #err weighted degeneracy : 69 69 79 94 113 121 
degeneracy helps : 47 47 44 45 45 45 
degeneracy worse : 16 16 23 39 58 66 
SCL #err deg : 105 / 3700
SCL #err weighted degeneracy : 74 74 85 100 119 128 
degeneracy helps : 48 48 45 46 46 46 
degeneracy worse : 17 17 25 41 60 69 
SCL #err deg : 112 / 3800
SCL #err weighted degeneracy : 77 77 89 104 124 133 
degeneracy helps : 52 52 48 49 49 49 
degeneracy worse : 17 17 25 41 61 70 
SCL #err deg : 116 / 3900
SCL #err weighted degeneracy : 82 82 94 109 128 137 
degeneracy helps : 54 54 50 51 51 51 
degeneracy worse : 20 20 28 44 63 72 
SCL #err deg : 120 / 4000
SCL #err weighted degeneracy : 86 86 98 114 132 141 
degeneracy helps : 56 56 52 53 53 53 
degeneracy worse : 22 22 30 47 65 74 
SCL #err deg : 125 / 4100
SCL #err weighted degeneracy : 89 89 102 118 136 145 
degeneracy helps : 59 59 55 56 56 56 
degeneracy worse : 23 23 32 49 67 76 
SCL #err deg : 125 / 4200
SCL #err weighted degeneracy : 90 90 103 120 139 148 
degeneracy helps : 59 59 55 56 56 56 
degeneracy worse : 24 24 33 51 70 79 
SCL #err deg : 126 / 4300
SCL #err weighted degeneracy : 93 93 107 125 144 153 
degeneracy helps : 59 59 55 56 56 56 
degeneracy worse : 26 26 36 55 74 83 
SCL #err deg : 131 / 4400
SCL #err weighted degeneracy : 96 96 110 127 146 156 
degeneracy helps : 61 61 57 59 60 60 
degeneracy worse : 26 26 36 55 75 85 
SCL #err deg : 134 / 4500
SCL #err weighted degeneracy : 99 99 113 130 150 160 
degeneracy helps : 61 61 57 59 60 60 
degeneracy worse : 26 26 36 55 76 86 
SCL #err deg : 135 / 4600
SCL #err weighted degeneracy : 101 101 115 133 152 163 
degeneracy helps : 61 61 57 59 61 61 
degeneracy worse : 27 27 37 57 78 89 
SCL #err deg : 138 / 4700
SCL #err weighted degeneracy : 104 104 118 137 158 169 
degeneracy helps : 62 62 58 60 62 62 
degeneracy worse : 28 28 38 59 82 93 
SCL #err deg : 141 / 4800
SCL #err weighted degeneracy : 106 106 119 138 159 170 
degeneracy helps : 63 63 60 62 64 64 
degeneracy worse : 28 28 38 59 82 93 
SCL #err deg : 143 / 4900
SCL #err weighted degeneracy : 108 108 121 140 161 173 
degeneracy helps : 64 64 61 63 65 65 
degeneracy worse : 29 29 39 60 83 95 
SCL #err deg : 145 / 5000
SCL #err weighted degeneracy : 110 110 123 143 164 176 
degeneracy helps : 64 64 61 63 65 65 
degeneracy worse : 29 29 39 61 84 96 
SCL #err deg : 147 / 5100
SCL #err weighted degeneracy : 110 110 124 144 165 177 
degeneracy helps : 66 66 63 65 67 67 
degeneracy worse : 29 29 40 62 85 97 
SCL #err deg : 151 / 5200
SCL #err weighted degeneracy : 112 112 125 146 167 182 
degeneracy helps : 68 68 66 68 69 68 
degeneracy worse : 29 29 40 63 85 99 
SCL #err deg : 154 / 5300
SCL #err weighted degeneracy : 113 113 126 150 172 188 
degeneracy helps : 70 70 68 70 71 70 
degeneracy worse : 29 29 40 66 89 104 
SCL #err deg : 154 / 5400
SCL #err weighted degeneracy : 114 114 126 150 172 189 
degeneracy helps : 70 70 68 70 71 70 
degeneracy worse : 30 30 40 66 89 105 
SCL #err deg : 155 / 5500
SCL #err weighted degeneracy : 114 114 127 152 176 192 
degeneracy helps : 71 71 69 71 72 71 
degeneracy worse : 30 30 41 68 93 108 
SCL #err deg : 157 / 5600
SCL #err weighted degeneracy : 116 116 129 154 178 194 
degeneracy helps : 71 71 69 71 72 71 
degeneracy worse : 30 30 41 68 93 108 
SCL #err deg : 158 / 5700
SCL #err weighted degeneracy : 119 119 132 156 183 200 
degeneracy helps : 71 71 69 72 73 72 
degeneracy worse : 32 32 43 70 98 114 
SCL #err deg : 161 / 5800
SCL #err weighted degeneracy : 123 123 136 161 188 205 
degeneracy helps : 71 71 69 72 73 72 
degeneracy worse : 33 33 44 72 100 116 
SCL #err deg : 164 / 5900
SCL #err weighted degeneracy : 126 126 139 166 193 211 
degeneracy helps : 72 72 70 72 73 72 
degeneracy worse : 34 34 45 74 102 119 
SCL #err deg : 165 / 6000
SCL #err weighted degeneracy : 128 128 141 168 195 213 
degeneracy helps : 72 72 70 72 73 72 
degeneracy worse : 35 35 46 75 103 120 
SCL #err deg : 166 / 6100
SCL #err weighted degeneracy : 129 129 142 170 197 217 
degeneracy helps : 72 72 70 72 73 72 
degeneracy worse : 35 35 46 76 104 123 
SCL #err deg : 169 / 6200
SCL #err weighted degeneracy : 130 130 143 171 199 220 
degeneracy helps : 74 74 72 74 75 74 
degeneracy worse : 35 35 46 76 105 125 
SCL #err deg : 173 / 6300
SCL #err weighted degeneracy : 131 131 144 172 200 223 
degeneracy helps : 77 77 75 77 78 76 
degeneracy worse : 35 35 46 76 105 126 
SCL #err deg : 173 / 6400
SCL #err weighted degeneracy : 131 131 144 173 201 225 
degeneracy helps : 77 77 75 77 78 76 
degeneracy worse : 35 35 46 77 106 128 
SCL #err deg : 175 / 6500
SCL #err weighted degeneracy : 132 132 145 176 204 228 
degeneracy helps : 78 78 76 78 80 78 
degeneracy worse : 35 35 46 79 109 131 
SCL #err deg : 178 / 6600
SCL #err weighted degeneracy : 135 135 148 180 209 233 
degeneracy helps : 78 78 76 78 80 78 
degeneracy worse : 35 35 46 80 111 133 
SCL #err deg : 181 / 6700
SCL #err weighted degeneracy : 139 139 152 184 214 237 
degeneracy helps : 78 78 76 78 80 79 
degeneracy worse : 36 36 47 81 113 135 
SCL #err deg : 183 / 6800
SCL #err weighted degeneracy : 141 141 156 187 217 240 
degeneracy helps : 79 79 76 79 81 80 
degeneracy worse : 37 37 49 83 115 137 
SCL #err deg : 185 / 6900
SCL #err weighted degeneracy : 145 145 160 191 221 244 
degeneracy helps : 79 79 76 80 82 81 
degeneracy worse : 39 39 51 86 118 140 
SCL #err deg : 190 / 7000
SCL #err weighted degeneracy : 149 149 164 195 226 249 
degeneracy helps : 81 81 78 82 84 83 
degeneracy worse : 40 40 52 87 120 142 
SCL #err deg : 193 / 7100
SCL #err weighted degeneracy : 152 152 167 199 231 255 
degeneracy helps : 81 81 78 82 84 83 
degeneracy worse : 40 40 52 88 122 145 
SCL #err deg : 199 / 7200
SCL #err weighted degeneracy : 157 157 174 206 238 262 
degeneracy helps : 83 83 78 82 84 83 
degeneracy worse : 41 41 53 89 123 146 
SCL #err deg : 201 / 7300
SCL #err weighted degeneracy : 159 159 176 209 241 265 
degeneracy helps : 83 83 78 82 84 83 
degeneracy worse : 41 41 53 90 124 147 
SCL #err deg : 203 / 7400
SCL #err weighted degeneracy : 161 161 179 212 243 269 
degeneracy helps : 83 83 78 82 85 84 
degeneracy worse : 41 41 54 91 125 150 
SCL #err deg : 206 / 7500
SCL #err weighted degeneracy : 162 162 180 213 246 274 
degeneracy helps : 85 85 80 84 87 86 
degeneracy worse : 41 41 54 91 127 154 
SCL #err deg : 206 / 7600
SCL #err weighted degeneracy : 164 164 182 217 250 279 
degeneracy helps : 85 85 80 84 87 86 
degeneracy worse : 43 43 56 95 131 159 
SCL #err deg : 209 / 7700
SCL #err weighted degeneracy : 166 166 184 220 253 283 
degeneracy helps : 86 86 81 85 88 87 
degeneracy worse : 43 43 56 96 132 161 
SCL #err deg : 210 / 7800
SCL #err weighted degeneracy : 167 167 186 221 255 285 
degeneracy helps : 86 86 81 86 89 88 
degeneracy worse : 43 43 57 97 134 163 
SCL #err deg : 212 / 7900
SCL #err weighted degeneracy : 168 168 187 224 258 289 
degeneracy helps : 87 87 82 87 90 89 
degeneracy worse : 43 43 57 99 136 166 
SCL #err deg : 215 / 8000
SCL #err weighted degeneracy : 169 169 188 226 260 292 
degeneracy helps : 89 89 84 89 92 90 
degeneracy worse : 43 43 57 100 137 167 
SCL #err deg : 215 / 8100
SCL #err weighted degeneracy : 172 172 191 230 265 298 
degeneracy helps : 89 89 84 89 92 90 
degeneracy worse : 46 46 60 104 142 173 
SCL #err deg : 218 / 8200
SCL #err weighted degeneracy : 173 173 192 232 268 301 
degeneracy helps : 92 92 87 92 95 93 
degeneracy worse : 47 47 61 106 145 176 
SCL #err deg : 221 / 8300
SCL #err weighted degeneracy : 176 176 195 235 271 304 
degeneracy helps : 93 93 88 93 96 94 
degeneracy worse : 48 48 62 107 146 177 
SCL #err deg : 224 / 8400
SCL #err weighted degeneracy : 177 177 196 236 272 305 
degeneracy helps : 95 95 90 95 98 96 
degeneracy worse : 48 48 62 107 146 177 
SCL #err deg : 229 / 8500
SCL #err weighted degeneracy : 178 178 197 239 276 308 
degeneracy helps : 99 99 94 98 101 99 
degeneracy worse : 48 48 62 108 148 178 
SCL #err deg : 231 / 8600
SCL #err weighted degeneracy : 179 179 198 240 279 312 
degeneracy helps : 100 100 95 99 102 99 
degeneracy worse : 48 48 62 108 150 180 
SCL #err deg : 232 / 8700
SCL #err weighted degeneracy : 180 180 199 241 282 314 
degeneracy helps : 101 101 96 100 103 100 
degeneracy worse : 49 49 63 109 153 182 
SCL #err deg : 237 / 8800
SCL #err weighted degeneracy : 184 184 203 244 286 319 
degeneracy helps : 102 102 97 102 105 102 
degeneracy worse : 49 49 63 109 154 184 
SCL #err deg : 238 / 8900
SCL #err weighted degeneracy : 186 186 205 246 288 322 
degeneracy helps : 102 102 97 102 105 102 
degeneracy worse : 50 50 64 110 155 186 
SCL #err deg : 242 / 9000
SCL #err weighted degeneracy : 188 188 207 250 292 326 
degeneracy helps : 104 104 99 104 107 104 
degeneracy worse : 50 50 64 112 157 188 
SCL #err deg : 244 / 9100
SCL #err weighted degeneracy : 189 189 209 252 294 328 
degeneracy helps : 105 105 100 105 108 105 
degeneracy worse : 50 50 65 113 158 189 
SCL #err deg : 246 / 9200
SCL #err weighted degeneracy : 190 190 209 252 294 328 
degeneracy helps : 107 107 102 107 110 107 
degeneracy worse : 51 51 65 113 158 189 
SCL #err deg : 247 / 9300
SCL #err weighted degeneracy : 190 190 209 253 296 330 
degeneracy helps : 108 108 103 108 111 108 
degeneracy worse : 51 51 65 114 160 191 
SCL #err deg : 248 / 9400
SCL #err weighted degeneracy : 191 191 210 256 300 336 
degeneracy helps : 108 108 103 108 111 108 
degeneracy worse : 51 51 65 116 163 196 
SCL #err deg : 249 / 9500
SCL #err weighted degeneracy : 191 191 210 257 301 338 
degeneracy helps : 109 109 104 108 111 108 
degeneracy worse : 51 51 65 116 163 197 
SCL #err deg : 251 / 9600
SCL #err weighted degeneracy : 195 195 215 261 305 342 
degeneracy helps : 110 110 105 109 112 109 
degeneracy worse : 54 54 69 119 166 200 
SCL #err deg : 253 / 9700
SCL #err weighted degeneracy : 196 196 216 263 307 344 
degeneracy helps : 111 111 106 110 113 110 
degeneracy worse : 54 54 69 120 167 201 
SCL #err deg : 259 / 9800
SCL #err weighted degeneracy : 197 197 218 265 309 347 
degeneracy helps : 116 116 110 114 117 113 
degeneracy worse : 54 54 69 120 167 201 
SCL #err deg : 262 / 9900
SCL #err weighted degeneracy : 200 200 221 268 312 350 
degeneracy helps : 117 117 111 115 118 114 
degeneracy worse : 55 55 70 121 168 202 
SCL #err deg : 265 / 10000
SCL #err weighted degeneracy : 202 202 223 270 315 352 
degeneracy helps : 118 118 112 116 119 116 
degeneracy worse : 55 55 70 121 169 203 
average #flips: 17.9198
SCL #err considering degeneracy: 265
error due to equal 194
error due to SCL smaller 71
Finish in 2298 s
