Simulation Polar syndrome FASTER N=256, K=129, l=128, pz=0.08, #samples=10000, seed=87
PW construction
Event generator random seed: 87
SCL #err deg : 9 / 100
SCL #err weighted degeneracy : 8 8 9 10 10 10 
degeneracy helps : 3 3 2 2 2 2 
degeneracy worse : 2 2 2 3 3 3 
SCL #err deg : 15 / 200
SCL #err weighted degeneracy : 15 15 16 15 15 16 
degeneracy helps : 4 4 3 4 4 4 
degeneracy worse : 4 4 4 4 4 5 
SCL #err deg : 23 / 300
SCL #err weighted degeneracy : 21 21 22 21 23 24 
degeneracy helps : 7 7 6 7 7 7 
degeneracy worse : 5 5 5 5 7 8 
SCL #err deg : 32 / 400
SCL #err weighted degeneracy : 27 27 27 25 26 27 
degeneracy helps : 12 12 11 13 14 14 
degeneracy worse : 7 7 6 6 8 9 
SCL #err deg : 43 / 500
SCL #err weighted degeneracy : 34 34 34 34 37 37 
degeneracy helps : 18 18 17 18 19 20 
degeneracy worse : 9 9 8 9 13 14 
SCL #err deg : 53 / 600
SCL #err weighted degeneracy : 42 42 42 42 46 47 
degeneracy helps : 21 21 20 21 22 23 
degeneracy worse : 10 10 9 10 15 17 
SCL #err deg : 57 / 700
SCL #err weighted degeneracy : 45 45 45 46 50 51 
degeneracy helps : 23 23 22 23 24 25 
degeneracy worse : 11 11 10 12 17 19 
SCL #err deg : 65 / 800
SCL #err weighted degeneracy : 50 50 50 53 57 58 
degeneracy helps : 28 28 27 28 29 30 
degeneracy worse : 13 13 12 16 21 23 
SCL #err deg : 70 / 900
SCL #err weighted degeneracy : 53 53 53 57 61 63 
degeneracy helps : 31 31 30 30 31 32 
degeneracy worse : 14 14 13 17 22 25 
SCL #err deg : 75 / 1000
SCL #err weighted degeneracy : 59 59 59 63 68 69 
degeneracy helps : 32 32 31 31 32 34 
degeneracy worse : 16 16 15 19 25 28 
SCL #err deg : 76 / 1100
SCL #err weighted degeneracy : 60 60 61 66 72 73 
degeneracy helps : 33 33 32 32 33 35 
degeneracy worse : 17 17 17 22 29 32 
SCL #err deg : 86 / 1200
SCL #err weighted degeneracy : 72 72 73 79 85 87 
degeneracy helps : 33 33 32 32 33 35 
degeneracy worse : 19 19 19 25 32 36 
SCL #err deg : 88 / 1300
SCL #err weighted degeneracy : 75 75 77 85 91 93 
degeneracy helps : 34 34 33 33 34 36 
degeneracy worse : 21 21 22 30 37 41 
SCL #err deg : 98 / 1400
SCL #err weighted degeneracy : 83 83 86 94 100 102 
degeneracy helps : 39 39 38 38 38 40 
degeneracy worse : 24 24 26 34 40 44 
SCL #err deg : 102 / 1500
SCL #err weighted degeneracy : 89 89 92 99 105 108 
degeneracy helps : 40 40 39 40 40 42 
degeneracy worse : 27 27 29 37 43 48 
SCL #err deg : 110 / 1600
SCL #err weighted degeneracy : 96 96 99 107 113 116 
degeneracy helps : 44 44 43 44 44 46 
degeneracy worse : 30 30 32 41 47 52 
SCL #err deg : 116 / 1700
SCL #err weighted degeneracy : 103 103 108 116 123 127 
degeneracy helps : 45 45 43 44 44 46 
degeneracy worse : 32 32 35 44 51 57 
SCL #err deg : 126 / 1800
SCL #err weighted degeneracy : 111 111 117 125 134 138 
degeneracy helps : 47 47 45 46 46 48 
degeneracy worse : 32 32 36 45 54 60 
SCL #err deg : 135 / 1900
SCL #err weighted degeneracy : 122 122 126 137 146 150 
degeneracy helps : 49 49 48 48 48 50 
degeneracy worse : 36 36 39 50 59 65 
SCL #err deg : 144 / 2000
SCL #err weighted degeneracy : 126 126 131 144 153 158 
degeneracy helps : 56 56 54 53 53 54 
degeneracy worse : 38 38 41 53 62 68 
SCL #err deg : 145 / 2100
SCL #err weighted degeneracy : 129 129 133 147 156 160 
degeneracy helps : 56 56 54 53 53 54 
degeneracy worse : 40 40 42 55 64 69 
SCL #err deg : 149 / 2200
SCL #err weighted degeneracy : 135 135 139 154 162 167 
degeneracy helps : 56 56 54 53 54 55 
degeneracy worse : 42 42 44 58 67 73 
SCL #err deg : 155 / 2300
SCL #err weighted degeneracy : 138 138 142 158 168 173 
degeneracy helps : 59 59 57 56 57 58 
degeneracy worse : 42 42 44 59 70 76 
SCL #err deg : 159 / 2400
SCL #err weighted degeneracy : 141 141 147 163 174 179 
degeneracy helps : 60 60 58 58 59 60 
degeneracy worse : 42 42 46 62 74 80 
SCL #err deg : 167 / 2500
SCL #err weighted degeneracy : 143 143 149 167 179 184 
degeneracy helps : 66 66 64 63 64 65 
degeneracy worse : 42 42 46 63 76 82 
SCL #err deg : 173 / 2600
SCL #err weighted degeneracy : 148 148 154 173 185 190 
degeneracy helps : 68 68 66 65 66 67 
degeneracy worse : 43 43 47 65 78 84 
SCL #err deg : 174 / 2700
SCL #err weighted degeneracy : 151 151 158 178 190 195 
degeneracy helps : 68 68 66 65 66 67 
degeneracy worse : 45 45 50 69 82 88 
SCL #err deg : 177 / 2800
SCL #err weighted degeneracy : 153 153 160 181 194 199 
degeneracy helps : 69 69 67 66 66 67 
degeneracy worse : 45 45 50 70 83 89 
SCL #err deg : 184 / 2900
SCL #err weighted degeneracy : 158 158 166 187 200 206 
degeneracy helps : 71 71 69 69 69 70 
degeneracy worse : 45 45 51 72 85 92 
SCL #err deg : 188 / 3000
SCL #err weighted degeneracy : 165 165 173 195 206 212 
degeneracy helps : 71 71 69 69 69 70 
degeneracy worse : 48 48 54 76 87 94 
SCL #err deg : 190 / 3100
SCL #err weighted degeneracy : 170 170 178 203 214 222 
degeneracy helps : 71 71 69 69 69 70 
degeneracy worse : 51 51 57 82 93 102 
SCL #err deg : 197 / 3200
SCL #err weighted degeneracy : 175 175 184 212 223 232 
degeneracy helps : 74 74 72 72 72 72 
degeneracy worse : 52 52 59 87 98 107 
SCL #err deg : 207 / 3300
SCL #err weighted degeneracy : 183 183 192 220 233 241 
degeneracy helps : 76 76 74 75 75 76 
degeneracy worse : 52 52 59 88 101 110 
SCL #err deg : 210 / 3400
SCL #err weighted degeneracy : 186 186 195 225 239 248 
degeneracy helps : 77 77 75 76 76 77 
degeneracy worse : 53 53 60 91 105 115 
SCL #err deg : 221 / 3500
SCL #err weighted degeneracy : 195 195 204 234 248 257 
degeneracy helps : 82 82 80 81 81 82 
degeneracy worse : 56 56 63 94 108 118 
SCL #err deg : 228 / 3600
SCL #err weighted degeneracy : 203 203 212 242 256 265 
degeneracy helps : 83 83 81 83 83 84 
degeneracy worse : 58 58 65 97 111 121 
SCL #err deg : 236 / 3700
SCL #err weighted degeneracy : 212 212 220 252 267 276 
degeneracy helps : 85 85 84 86 85 86 
degeneracy worse : 61 61 68 102 116 126 
SCL #err deg : 242 / 3800
SCL #err weighted degeneracy : 219 219 227 258 274 283 
degeneracy helps : 86 86 85 87 85 86 
degeneracy worse : 63 63 70 103 117 127 
SCL #err deg : 256 / 3900
SCL #err weighted degeneracy : 228 228 236 266 283 291 
degeneracy helps : 92 92 91 94 92 94 
degeneracy worse : 64 64 71 104 119 129 
SCL #err deg : 264 / 4000
SCL #err weighted degeneracy : 234 234 242 275 291 300 
degeneracy helps : 96 96 95 97 95 96 
degeneracy worse : 66 66 73 108 122 132 
SCL #err deg : 270 / 4100
SCL #err weighted degeneracy : 239 239 248 282 298 307 
degeneracy helps : 100 100 98 99 97 98 
degeneracy worse : 69 69 76 111 125 135 
SCL #err deg : 275 / 4200
SCL #err weighted degeneracy : 242 242 251 286 303 313 
degeneracy helps : 103 103 101 101 99 100 
degeneracy worse : 70 70 77 112 127 138 
SCL #err deg : 282 / 4300
SCL #err weighted degeneracy : 249 249 262 298 316 325 
degeneracy helps : 104 104 102 102 100 101 
degeneracy worse : 71 71 82 118 134 144 
SCL #err deg : 290 / 4400
SCL #err weighted degeneracy : 254 254 267 305 322 332 
degeneracy helps : 108 108 106 106 104 105 
degeneracy worse : 72 72 83 121 136 147 
SCL #err deg : 296 / 4500
SCL #err weighted degeneracy : 261 261 274 311 329 340 
degeneracy helps : 110 110 108 108 106 107 
degeneracy worse : 75 75 86 123 139 151 
SCL #err deg : 299 / 4600
SCL #err weighted degeneracy : 265 265 278 317 336 348 
degeneracy helps : 112 112 110 110 108 109 
degeneracy worse : 78 78 89 128 145 158 
SCL #err deg : 305 / 4700
SCL #err weighted degeneracy : 271 271 284 326 345 360 
degeneracy helps : 112 112 111 111 110 111 
degeneracy worse : 78 78 90 132 150 166 
SCL #err deg : 312 / 4800
SCL #err weighted degeneracy : 277 277 291 332 351 367 
degeneracy helps : 113 113 112 113 113 114 
degeneracy worse : 78 78 91 133 152 169 
SCL #err deg : 316 / 4900
SCL #err weighted degeneracy : 279 279 293 334 355 371 
degeneracy helps : 115 115 114 115 114 115 
degeneracy worse : 78 78 91 133 153 170 
SCL #err deg : 327 / 5000
SCL #err weighted degeneracy : 290 290 304 347 367 382 
degeneracy helps : 118 118 117 118 118 119 
degeneracy worse : 81 81 94 138 158 174 
SCL #err deg : 332 / 5100
SCL #err weighted degeneracy : 293 293 307 350 371 386 
degeneracy helps : 120 120 119 120 120 121 
degeneracy worse : 81 81 94 138 159 175 
SCL #err deg : 339 / 5200
SCL #err weighted degeneracy : 296 296 310 355 376 391 
degeneracy helps : 124 124 123 123 123 124 
degeneracy worse : 81 81 94 139 160 176 
SCL #err deg : 347 / 5300
SCL #err weighted degeneracy : 300 300 314 359 381 397 
degeneracy helps : 131 131 130 130 130 131 
degeneracy worse : 84 84 97 142 164 181 
SCL #err deg : 353 / 5400
SCL #err weighted degeneracy : 306 306 320 366 388 404 
degeneracy helps : 132 132 131 130 130 131 
degeneracy worse : 85 85 98 143 165 182 
SCL #err deg : 362 / 5500
SCL #err weighted degeneracy : 313 313 329 376 398 414 
degeneracy helps : 134 134 133 132 132 133 
degeneracy worse : 85 85 100 146 168 185 
SCL #err deg : 367 / 5600
SCL #err weighted degeneracy : 318 318 334 382 404 420 
degeneracy helps : 136 136 135 134 134 135 
degeneracy worse : 87 87 102 149 171 188 
SCL #err deg : 376 / 5700
SCL #err weighted degeneracy : 330 330 346 395 418 433 
degeneracy helps : 138 138 137 136 136 137 
degeneracy worse : 92 92 107 155 178 194 
SCL #err deg : 389 / 5800
SCL #err weighted degeneracy : 338 338 351 403 426 442 
degeneracy helps : 145 145 147 145 145 146 
degeneracy worse : 94 94 109 159 182 199 
SCL #err deg : 394 / 5900
SCL #err weighted degeneracy : 342 342 356 412 435 451 
degeneracy helps : 147 147 149 147 147 148 
degeneracy worse : 95 95 111 165 188 205 
SCL #err deg : 400 / 6000
SCL #err weighted degeneracy : 347 347 360 417 441 457 
degeneracy helps : 150 150 152 150 150 151 
degeneracy worse : 97 97 112 167 191 208 
SCL #err deg : 406 / 6100
SCL #err weighted degeneracy : 353 353 367 425 449 465 
degeneracy helps : 150 150 152 151 151 152 
degeneracy worse : 97 97 113 170 194 211 
SCL #err deg : 418 / 6200
SCL #err weighted degeneracy : 364 364 377 433 458 477 
degeneracy helps : 155 155 157 157 157 157 
degeneracy worse : 101 101 116 172 197 216 
SCL #err deg : 426 / 6300
SCL #err weighted degeneracy : 367 367 380 437 463 484 
degeneracy helps : 161 161 163 162 162 161 
degeneracy worse : 102 102 117 173 199 219 
SCL #err deg : 430 / 6400
SCL #err weighted degeneracy : 373 373 386 442 469 490 
degeneracy helps : 161 161 163 163 162 161 
degeneracy worse : 104 104 119 175 201 221 
SCL #err deg : 435 / 6500
SCL #err weighted degeneracy : 379 379 392 448 475 497 
degeneracy helps : 163 163 165 165 164 163 
degeneracy worse : 107 107 122 178 204 225 
SCL #err deg : 442 / 6600
SCL #err weighted degeneracy : 383 383 396 453 480 503 
degeneracy helps : 166 166 168 168 167 166 
degeneracy worse : 107 107 122 179 205 227 
SCL #err deg : 446 / 6700
SCL #err weighted degeneracy : 387 387 400 458 486 510 
degeneracy helps : 167 167 169 169 168 167 
degeneracy worse : 108 108 123 181 208 231 
SCL #err deg : 454 / 6800
SCL #err weighted degeneracy : 393 393 406 465 493 518 
degeneracy helps : 171 171 174 173 172 171 
degeneracy worse : 110 110 126 184 211 235 
SCL #err deg : 461 / 6900
SCL #err weighted degeneracy : 406 406 419 476 504 529 
degeneracy helps : 171 171 174 174 173 172 
degeneracy worse : 116 116 132 189 216 240 
SCL #err deg : 465 / 7000
SCL #err weighted degeneracy : 412 412 425 482 511 536 
degeneracy helps : 172 172 175 175 174 173 
degeneracy worse : 119 119 135 192 220 244 
SCL #err deg : 470 / 7100
SCL #err weighted degeneracy : 416 416 430 487 517 542 
degeneracy helps : 174 174 176 176 175 174 
degeneracy worse : 120 120 136 193 222 246 
SCL #err deg : 479 / 7200
SCL #err weighted degeneracy : 426 426 441 496 526 550 
degeneracy helps : 175 175 177 179 178 177 
degeneracy worse : 122 122 139 196 225 248 
SCL #err deg : 485 / 7300
SCL #err weighted degeneracy : 431 431 446 502 532 557 
degeneracy helps : 177 177 179 181 180 179 
degeneracy worse : 123 123 140 198 227 251 
SCL #err deg : 493 / 7400
SCL #err weighted degeneracy : 439 439 454 511 541 566 
degeneracy helps : 178 178 180 183 182 181 
degeneracy worse : 124 124 141 201 230 254 
SCL #err deg : 503 / 7500
SCL #err weighted degeneracy : 446 446 460 520 550 575 
degeneracy helps : 181 181 184 186 185 184 
degeneracy worse : 124 124 141 203 232 256 
SCL #err deg : 506 / 7600
SCL #err weighted degeneracy : 450 450 464 526 556 581 
degeneracy helps : 184 184 187 189 188 187 
degeneracy worse : 128 128 145 209 238 262 
SCL #err deg : 511 / 7700
SCL #err weighted degeneracy : 453 453 467 530 560 586 
degeneracy helps : 187 187 190 192 191 190 
degeneracy worse : 129 129 146 211 240 265 
SCL #err deg : 516 / 7800
SCL #err weighted degeneracy : 456 456 470 535 565 592 
degeneracy helps : 189 189 193 195 194 193 
degeneracy worse : 129 129 147 214 243 269 
SCL #err deg : 521 / 7900
SCL #err weighted degeneracy : 461 461 477 543 572 598 
degeneracy helps : 191 191 195 197 196 195 
degeneracy worse : 131 131 151 219 247 272 
SCL #err deg : 525 / 8000
SCL #err weighted degeneracy : 465 465 481 549 579 606 
degeneracy helps : 192 192 196 198 197 196 
degeneracy worse : 132 132 152 222 251 277 
SCL #err deg : 532 / 8100
SCL #err weighted degeneracy : 469 469 486 557 589 616 
degeneracy helps : 196 196 199 200 198 197 
degeneracy worse : 133 133 153 225 255 281 
SCL #err deg : 536 / 8200
SCL #err weighted degeneracy : 472 472 490 561 593 620 
degeneracy helps : 198 198 201 202 200 199 
degeneracy worse : 134 134 155 227 257 283 
SCL #err deg : 540 / 8300
SCL #err weighted degeneracy : 475 475 493 565 597 624 
degeneracy helps : 200 200 203 204 202 201 
degeneracy worse : 135 135 156 229 259 285 
SCL #err deg : 544 / 8400
SCL #err weighted degeneracy : 476 476 495 569 601 628 
degeneracy helps : 203 203 206 206 204 203 
degeneracy worse : 135 135 157 231 261 287 
SCL #err deg : 552 / 8500
SCL #err weighted degeneracy : 482 482 501 576 609 637 
degeneracy helps : 207 207 210 210 208 207 
degeneracy worse : 137 137 159 234 265 292 
SCL #err deg : 557 / 8600
SCL #err weighted degeneracy : 487 487 506 582 616 644 
degeneracy helps : 208 208 211 212 210 209 
degeneracy worse : 138 138 160 237 269 296 
SCL #err deg : 564 / 8700
SCL #err weighted degeneracy : 491 491 510 586 620 647 
degeneracy helps : 212 212 215 217 216 215 
degeneracy worse : 139 139 161 239 272 298 
SCL #err deg : 572 / 8800
SCL #err weighted degeneracy : 498 498 519 598 632 658 
degeneracy helps : 214 214 216 218 217 217 
degeneracy worse : 140 140 163 244 277 303 
SCL #err deg : 577 / 8900
SCL #err weighted degeneracy : 501 501 522 602 636 662 
degeneracy helps : 216 216 218 220 219 219 
degeneracy worse : 140 140 163 245 278 304 
SCL #err deg : 584 / 9000
SCL #err weighted degeneracy : 508 508 529 610 644 672 
degeneracy helps : 217 217 219 221 220 220 
degeneracy worse : 141 141 164 247 280 308 
SCL #err deg : 590 / 9100
SCL #err weighted degeneracy : 515 515 535 616 649 677 
degeneracy helps : 219 219 222 224 223 223 
degeneracy worse : 144 144 167 250 282 310 
SCL #err deg : 596 / 9200
SCL #err weighted degeneracy : 522 522 542 624 659 687 
degeneracy helps : 221 221 224 225 224 224 
degeneracy worse : 147 147 170 253 287 315 
SCL #err deg : 599 / 9300
SCL #err weighted degeneracy : 526 526 546 629 664 692 
degeneracy helps : 222 222 225 226 225 225 
degeneracy worse : 149 149 172 256 290 318 
SCL #err deg : 607 / 9400
SCL #err weighted degeneracy : 530 530 550 633 668 696 
degeneracy helps : 226 226 230 232 231 231 
degeneracy worse : 149 149 173 258 292 320 
SCL #err deg : 611 / 9500
SCL #err weighted degeneracy : 532 532 552 635 672 700 
degeneracy helps : 228 228 232 234 233 233 
degeneracy worse : 149 149 173 258 294 322 
SCL #err deg : 615 / 9600
SCL #err weighted degeneracy : 537 537 558 641 680 707 
degeneracy helps : 229 229 233 235 234 235 
degeneracy worse : 151 151 176 261 299 327 
SCL #err deg : 622 / 9700
SCL #err weighted degeneracy : 542 542 563 649 688 715 
degeneracy helps : 231 231 235 237 236 237 
degeneracy worse : 151 151 176 264 302 330 
SCL #err deg : 632 / 9800
SCL #err weighted degeneracy : 548 548 569 655 694 721 
degeneracy helps : 237 237 241 244 243 244 
degeneracy worse : 153 153 178 267 305 333 
SCL #err deg : 639 / 9900
SCL #err weighted degeneracy : 552 552 573 660 700 727 
degeneracy helps : 240 240 244 247 246 247 
degeneracy worse : 153 153 178 268 307 335 
SCL #err deg : 644 / 10000
SCL #err weighted degeneracy : 557 557 579 665 705 732 
degeneracy helps : 241 241 245 248 247 248 
degeneracy worse : 154 154 180 269 308 336 
average #flips: 20.4676
SCL #err considering degeneracy: 644
error due to equal 392
error due to SCL smaller 252
Finish in 2369 s
