Simulation Polar syndrome FASTER N=1024, K=513, l=128, pz=0.12, #samples=10000, seed=943
PW construction
Event generator random seed: 943
SCL #err deg : 47 / 100
SCL #err weighted degeneracy : 51 50 51 49 50 50 
degeneracy helps : 7 7 8 10 8 8 
degeneracy worse : 11 10 12 12 11 11 
SCL #err deg : 104 / 200
SCL #err weighted degeneracy : 114 112 114 113 113 114 
degeneracy helps : 9 10 12 14 13 12 
degeneracy worse : 19 18 22 23 22 22 
SCL #err deg : 161 / 300
SCL #err weighted degeneracy : 170 169 170 172 172 172 
degeneracy helps : 18 18 21 21 21 20 
degeneracy worse : 27 26 30 32 32 31 
SCL #err deg : 221 / 400
SCL #err weighted degeneracy : 231 230 232 234 234 233 
degeneracy helps : 22 22 25 26 27 27 
degeneracy worse : 32 31 36 39 40 39 
SCL #err deg : 279 / 500
SCL #err weighted degeneracy : 285 284 285 291 292 293 
degeneracy helps : 31 31 35 33 34 33 
degeneracy worse : 37 36 41 45 47 47 
SCL #err deg : 336 / 600
SCL #err weighted degeneracy : 342 341 342 346 346 346 
degeneracy helps : 37 37 41 41 42 41 
degeneracy worse : 43 42 47 51 52 51 
SCL #err deg : 387 / 700
SCL #err weighted degeneracy : 395 394 395 398 400 399 
degeneracy helps : 43 43 49 51 52 51 
degeneracy worse : 51 50 57 62 65 63 
SCL #err deg : 437 / 800
SCL #err weighted degeneracy : 441 440 440 441 443 443 
degeneracy helps : 55 55 62 65 67 65 
degeneracy worse : 59 58 65 69 73 71 
SCL #err deg : 494 / 900
SCL #err weighted degeneracy : 498 497 496 496 497 495 
degeneracy helps : 62 62 69 72 75 76 
degeneracy worse : 66 65 71 74 78 77 
SCL #err deg : 559 / 1000
SCL #err weighted degeneracy : 557 556 556 554 557 554 
degeneracy helps : 70 70 77 82 83 85 
degeneracy worse : 68 67 74 77 81 80 
SCL #err deg : 621 / 1100
SCL #err weighted degeneracy : 617 617 616 614 617 614 
degeneracy helps : 76 75 83 87 88 90 
degeneracy worse : 72 71 78 80 84 83 
SCL #err deg : 677 / 1200
SCL #err weighted degeneracy : 668 667 665 664 667 666 
degeneracy helps : 85 85 93 97 97 98 
degeneracy worse : 76 75 81 84 87 87 
SCL #err deg : 735 / 1300
SCL #err weighted degeneracy : 720 719 718 714 718 717 
degeneracy helps : 94 94 101 107 107 107 
degeneracy worse : 79 78 84 86 90 89 
SCL #err deg : 786 / 1400
SCL #err weighted degeneracy : 773 771 776 771 775 776 
degeneracy helps : 99 99 105 112 112 112 
degeneracy worse : 86 84 95 97 101 102 
SCL #err deg : 842 / 1500
SCL #err weighted degeneracy : 820 819 824 816 820 821 
degeneracy helps : 111 111 116 126 126 126 
degeneracy worse : 89 88 98 100 104 105 
SCL #err deg : 899 / 1600
SCL #err weighted degeneracy : 871 870 880 872 876 876 
degeneracy helps : 120 120 123 133 133 134 
degeneracy worse : 92 91 104 106 110 111 
SCL #err deg : 960 / 1700
SCL #err weighted degeneracy : 927 927 936 929 933 932 
degeneracy helps : 131 130 134 144 144 145 
degeneracy worse : 98 97 110 113 117 117 
SCL #err deg : 1017 / 1800
SCL #err weighted degeneracy : 979 978 988 982 984 984 
degeneracy helps : 143 142 146 155 157 158 
degeneracy worse : 105 103 117 120 124 125 
SCL #err deg : 1078 / 1900
SCL #err weighted degeneracy : 1036 1036 1046 1044 1046 1048 
degeneracy helps : 153 151 155 162 164 164 
degeneracy worse : 111 109 123 128 132 134 
SCL #err deg : 1131 / 2000
SCL #err weighted degeneracy : 1092 1091 1100 1094 1097 1099 
degeneracy helps : 158 157 163 174 176 175 
degeneracy worse : 119 117 132 137 142 143 
SCL #err deg : 1186 / 2100
SCL #err weighted degeneracy : 1149 1148 1153 1145 1147 1152 
degeneracy helps : 165 164 173 185 187 183 
degeneracy worse : 128 126 140 144 148 149 
SCL #err deg : 1244 / 2200
SCL #err weighted degeneracy : 1202 1202 1206 1200 1202 1208 
degeneracy helps : 174 172 183 196 198 194 
degeneracy worse : 132 130 145 152 156 158 
SCL #err deg : 1297 / 2300
SCL #err weighted degeneracy : 1248 1248 1252 1244 1247 1252 
degeneracy helps : 185 183 193 209 210 206 
degeneracy worse : 136 134 148 156 160 161 
SCL #err deg : 1351 / 2400
SCL #err weighted degeneracy : 1302 1302 1308 1299 1303 1308 
degeneracy helps : 189 187 197 213 214 210 
degeneracy worse : 140 138 154 161 166 167 
SCL #err deg : 1407 / 2500
SCL #err weighted degeneracy : 1353 1353 1362 1351 1357 1363 
degeneracy helps : 198 196 206 224 223 218 
degeneracy worse : 144 142 161 168 173 174 
SCL #err deg : 1465 / 2600
SCL #err weighted degeneracy : 1410 1410 1422 1411 1417 1420 
degeneracy helps : 206 204 213 231 230 228 
degeneracy worse : 151 149 170 177 182 183 
SCL #err deg : 1520 / 2700
SCL #err weighted degeneracy : 1467 1467 1479 1469 1475 1479 
degeneracy helps : 209 207 217 235 234 232 
degeneracy worse : 156 154 176 184 189 191 
SCL #err deg : 1584 / 2800
SCL #err weighted degeneracy : 1531 1531 1545 1535 1542 1547 
degeneracy helps : 214 212 222 241 240 238 
degeneracy worse : 161 159 183 192 198 201 
SCL #err deg : 1637 / 2900
SCL #err weighted degeneracy : 1583 1583 1597 1589 1597 1602 
degeneracy helps : 220 218 228 245 244 241 
degeneracy worse : 166 164 188 197 204 206 
SCL #err deg : 1682 / 3000
SCL #err weighted degeneracy : 1627 1627 1641 1633 1642 1647 
degeneracy helps : 226 224 234 252 251 248 
degeneracy worse : 171 169 193 203 211 213 
SCL #err deg : 1735 / 3100
SCL #err weighted degeneracy : 1680 1681 1693 1687 1696 1702 
degeneracy helps : 233 230 243 259 258 254 
degeneracy worse : 178 176 201 211 219 221 
SCL #err deg : 1794 / 3200
SCL #err weighted degeneracy : 1736 1737 1747 1740 1747 1753 
degeneracy helps : 242 239 252 269 269 265 
degeneracy worse : 184 182 205 215 222 224 
SCL #err deg : 1852 / 3300
SCL #err weighted degeneracy : 1794 1796 1802 1793 1801 1808 
degeneracy helps : 247 244 261 280 280 275 
degeneracy worse : 189 188 211 221 229 231 
SCL #err deg : 1907 / 3400
SCL #err weighted degeneracy : 1844 1846 1852 1842 1851 1857 
degeneracy helps : 253 250 267 287 287 283 
degeneracy worse : 190 189 212 222 231 233 
SCL #err deg : 1962 / 3500
SCL #err weighted degeneracy : 1896 1898 1904 1893 1906 1915 
degeneracy helps : 260 257 274 293 293 287 
degeneracy worse : 194 193 216 224 237 240 
SCL #err deg : 2014 / 3600
SCL #err weighted degeneracy : 1946 1949 1954 1944 1957 1967 
degeneracy helps : 268 264 282 302 302 295 
degeneracy worse : 200 199 222 232 245 248 
SCL #err deg : 2071 / 3700
SCL #err weighted degeneracy : 1995 2000 2002 1993 2008 2021 
degeneracy helps : 278 273 293 312 311 303 
degeneracy worse : 202 202 224 234 248 253 
SCL #err deg : 2124 / 3800
SCL #err weighted degeneracy : 2047 2052 2054 2047 2063 2077 
degeneracy helps : 286 281 302 322 322 314 
degeneracy worse : 209 209 232 245 261 267 
SCL #err deg : 2181 / 3900
SCL #err weighted degeneracy : 2105 2110 2111 2107 2123 2139 
degeneracy helps : 290 285 307 325 325 317 
degeneracy worse : 214 214 237 251 267 275 
SCL #err deg : 2230 / 4000
SCL #err weighted degeneracy : 2156 2161 2161 2156 2174 2189 
degeneracy helps : 296 290 313 331 329 322 
degeneracy worse : 222 221 244 257 273 281 
SCL #err deg : 2287 / 4100
SCL #err weighted degeneracy : 2209 2214 2214 2207 2226 2242 
degeneracy helps : 303 297 320 340 338 332 
degeneracy worse : 225 224 247 260 277 287 
SCL #err deg : 2347 / 4200
SCL #err weighted degeneracy : 2265 2270 2269 2262 2281 2296 
degeneracy helps : 311 305 329 349 347 342 
degeneracy worse : 229 228 251 264 281 291 
SCL #err deg : 2409 / 4300
SCL #err weighted degeneracy : 2329 2333 2333 2327 2348 2361 
degeneracy helps : 315 309 335 354 352 350 
degeneracy worse : 235 233 259 272 291 302 
SCL #err deg : 2467 / 4400
SCL #err weighted degeneracy : 2386 2389 2388 2382 2404 2417 
degeneracy helps : 321 315 344 363 361 359 
degeneracy worse : 240 237 265 278 298 309 
SCL #err deg : 2521 / 4500
SCL #err weighted degeneracy : 2439 2442 2437 2432 2455 2467 
degeneracy helps : 328 322 354 374 371 369 
degeneracy worse : 246 243 270 285 305 315 
SCL #err deg : 2580 / 4600
SCL #err weighted degeneracy : 2495 2497 2494 2488 2511 2524 
degeneracy helps : 335 329 362 382 379 376 
degeneracy worse : 250 246 276 290 310 320 
SCL #err deg : 2640 / 4700
SCL #err weighted degeneracy : 2553 2557 2553 2544 2568 2582 
degeneracy helps : 342 336 369 391 387 385 
degeneracy worse : 255 253 282 295 315 327 
SCL #err deg : 2699 / 4800
SCL #err weighted degeneracy : 2608 2611 2606 2599 2622 2635 
degeneracy helps : 349 344 377 399 396 394 
degeneracy worse : 258 256 284 299 319 330 
SCL #err deg : 2744 / 4900
SCL #err weighted degeneracy : 2651 2654 2650 2643 2667 2680 
degeneracy helps : 355 350 382 403 400 398 
degeneracy worse : 262 260 288 302 323 334 
SCL #err deg : 2803 / 5000
SCL #err weighted degeneracy : 2713 2716 2711 2704 2727 2740 
degeneracy helps : 360 355 388 409 405 403 
degeneracy worse : 270 268 296 310 329 340 
SCL #err deg : 2862 / 5100
SCL #err weighted degeneracy : 2764 2767 2761 2753 2775 2787 
degeneracy helps : 372 366 402 424 421 419 
degeneracy worse : 274 271 301 315 334 344 
SCL #err deg : 2915 / 5200
SCL #err weighted degeneracy : 2815 2819 2813 2805 2826 2838 
degeneracy helps : 378 372 407 428 427 425 
degeneracy worse : 278 276 305 318 338 348 
SCL #err deg : 2972 / 5300
SCL #err weighted degeneracy : 2867 2870 2864 2861 2885 2895 
degeneracy helps : 386 380 415 434 432 431 
degeneracy worse : 281 278 307 323 345 354 
SCL #err deg : 3031 / 5400
SCL #err weighted degeneracy : 2926 2930 2921 2917 2939 2948 
degeneracy helps : 391 385 421 442 441 441 
degeneracy worse : 286 284 311 328 349 358 
SCL #err deg : 3079 / 5500
SCL #err weighted degeneracy : 2977 2981 2973 2967 2989 2998 
degeneracy helps : 395 389 427 450 449 449 
degeneracy worse : 293 291 321 338 359 368 
SCL #err deg : 3130 / 5600
SCL #err weighted degeneracy : 3028 3032 3027 3020 3043 3053 
degeneracy helps : 402 396 432 456 454 453 
degeneracy worse : 300 298 329 346 367 376 
SCL #err deg : 3194 / 5700
SCL #err weighted degeneracy : 3088 3091 3087 3077 3099 3112 
degeneracy helps : 411 406 442 468 466 463 
degeneracy worse : 305 303 335 351 371 381 
SCL #err deg : 3243 / 5800
SCL #err weighted degeneracy : 3139 3143 3139 3128 3152 3164 
degeneracy helps : 418 413 449 477 474 472 
degeneracy worse : 314 313 345 362 383 393 
SCL #err deg : 3297 / 5900
SCL #err weighted degeneracy : 3195 3199 3195 3183 3207 3218 
degeneracy helps : 421 416 452 481 477 476 
degeneracy worse : 319 318 350 367 387 397 
SCL #err deg : 3355 / 6000
SCL #err weighted degeneracy : 3253 3255 3254 3245 3267 3278 
degeneracy helps : 426 422 457 487 484 482 
degeneracy worse : 324 322 356 377 396 405 
SCL #err deg : 3416 / 6100
SCL #err weighted degeneracy : 3311 3313 3311 3301 3320 3331 
degeneracy helps : 433 429 465 496 495 493 
degeneracy worse : 328 326 360 381 399 408 
SCL #err deg : 3478 / 6200
SCL #err weighted degeneracy : 3380 3382 3378 3367 3387 3396 
degeneracy helps : 434 430 468 500 499 498 
degeneracy worse : 336 334 368 389 408 416 
SCL #err deg : 3543 / 6300
SCL #err weighted degeneracy : 3445 3447 3443 3430 3452 3461 
degeneracy helps : 438 434 472 506 506 505 
degeneracy worse : 340 338 372 393 415 423 
SCL #err deg : 3599 / 6400
SCL #err weighted degeneracy : 3501 3503 3497 3484 3509 3515 
degeneracy helps : 445 441 480 516 514 516 
degeneracy worse : 347 345 378 401 424 432 
SCL #err deg : 3657 / 6500
SCL #err weighted degeneracy : 3557 3558 3552 3541 3566 3571 
degeneracy helps : 452 449 488 522 520 523 
degeneracy worse : 352 350 383 406 429 437 
SCL #err deg : 3719 / 6600
SCL #err weighted degeneracy : 3619 3620 3613 3601 3626 3628 
degeneracy helps : 458 455 495 530 529 534 
degeneracy worse : 358 356 389 412 436 443 
SCL #err deg : 3773 / 6700
SCL #err weighted degeneracy : 3671 3674 3666 3654 3681 3683 
degeneracy helps : 463 459 500 535 533 538 
degeneracy worse : 361 360 393 416 441 448 
SCL #err deg : 3826 / 6800
SCL #err weighted degeneracy : 3721 3724 3716 3701 3728 3730 
degeneracy helps : 469 465 506 543 541 546 
degeneracy worse : 364 363 396 418 443 450 
SCL #err deg : 3880 / 6900
SCL #err weighted degeneracy : 3777 3780 3772 3756 3783 3787 
degeneracy helps : 475 471 513 550 548 553 
degeneracy worse : 372 371 405 426 451 460 
SCL #err deg : 3937 / 7000
SCL #err weighted degeneracy : 3830 3833 3829 3816 3844 3849 
degeneracy helps : 482 478 519 555 554 558 
degeneracy worse : 375 374 411 434 461 470 
SCL #err deg : 3991 / 7100
SCL #err weighted degeneracy : 3878 3880 3879 3870 3896 3902 
degeneracy helps : 490 487 528 563 563 566 
degeneracy worse : 377 376 416 442 468 477 
SCL #err deg : 4048 / 7200
SCL #err weighted degeneracy : 3931 3933 3932 3923 3949 3954 
degeneracy helps : 499 496 539 573 573 576 
degeneracy worse : 382 381 423 448 474 482 
SCL #err deg : 4104 / 7300
SCL #err weighted degeneracy : 3987 3990 3988 3979 4005 4010 
degeneracy helps : 503 500 542 576 577 580 
degeneracy worse : 386 386 426 451 478 486 
SCL #err deg : 4164 / 7400
SCL #err weighted degeneracy : 4047 4049 4047 4037 4064 4070 
degeneracy helps : 511 508 551 586 586 588 
degeneracy worse : 394 393 434 459 486 494 
SCL #err deg : 4214 / 7500
SCL #err weighted degeneracy : 4095 4096 4092 4079 4106 4114 
degeneracy helps : 518 515 561 597 597 598 
degeneracy worse : 399 397 439 462 489 498 
SCL #err deg : 4267 / 7600
SCL #err weighted degeneracy : 4148 4149 4146 4136 4160 4167 
degeneracy helps : 524 521 566 600 601 602 
degeneracy worse : 405 403 445 469 494 502 
SCL #err deg : 4311 / 7700
SCL #err weighted degeneracy : 4190 4191 4190 4182 4204 4211 
degeneracy helps : 532 529 574 608 609 610 
degeneracy worse : 411 409 453 479 502 510 
SCL #err deg : 4363 / 7800
SCL #err weighted degeneracy : 4236 4237 4239 4232 4255 4262 
degeneracy helps : 543 540 583 617 617 619 
degeneracy worse : 416 414 459 486 509 518 
SCL #err deg : 4423 / 7900
SCL #err weighted degeneracy : 4290 4291 4295 4287 4310 4318 
degeneracy helps : 553 550 593 629 630 631 
degeneracy worse : 420 418 465 493 517 526 
SCL #err deg : 4487 / 8000
SCL #err weighted degeneracy : 4350 4351 4353 4343 4366 4375 
degeneracy helps : 563 560 606 644 646 646 
degeneracy worse : 426 424 472 500 525 534 
SCL #err deg : 4546 / 8100
SCL #err weighted degeneracy : 4408 4408 4411 4402 4426 4433 
degeneracy helps : 572 569 615 652 653 655 
degeneracy worse : 434 431 480 508 533 542 
SCL #err deg : 4608 / 8200
SCL #err weighted degeneracy : 4474 4474 4474 4463 4487 4493 
degeneracy helps : 577 574 622 660 661 662 
degeneracy worse : 443 440 488 515 540 547 
SCL #err deg : 4667 / 8300
SCL #err weighted degeneracy : 4538 4538 4538 4527 4549 4555 
degeneracy helps : 583 579 628 667 668 669 
degeneracy worse : 454 450 499 527 550 557 
SCL #err deg : 4722 / 8400
SCL #err weighted degeneracy : 4597 4594 4596 4585 4607 4612 
degeneracy helps : 590 587 637 675 676 677 
degeneracy worse : 465 459 511 538 561 567 
SCL #err deg : 4781 / 8500
SCL #err weighted degeneracy : 4652 4649 4646 4637 4658 4661 
degeneracy helps : 599 596 650 688 689 691 
degeneracy worse : 470 464 515 544 566 571 
SCL #err deg : 4840 / 8600
SCL #err weighted degeneracy : 4703 4700 4697 4689 4711 4715 
degeneracy helps : 611 608 663 700 700 701 
degeneracy worse : 474 468 520 549 571 576 
SCL #err deg : 4896 / 8700
SCL #err weighted degeneracy : 4755 4752 4747 4739 4762 4767 
degeneracy helps : 619 616 673 710 710 710 
degeneracy worse : 478 472 524 553 576 581 
SCL #err deg : 4952 / 8800
SCL #err weighted degeneracy : 4807 4803 4800 4792 4815 4821 
degeneracy helps : 626 623 679 716 716 716 
degeneracy worse : 481 474 527 556 579 585 
SCL #err deg : 5015 / 8900
SCL #err weighted degeneracy : 4869 4866 4863 4854 4878 4884 
degeneracy helps : 631 628 684 721 721 721 
degeneracy worse : 485 479 532 560 584 590 
SCL #err deg : 5064 / 9000
SCL #err weighted degeneracy : 4923 4919 4916 4907 4930 4937 
degeneracy helps : 635 632 688 725 725 725 
degeneracy worse : 494 487 540 568 591 598 
SCL #err deg : 5123 / 9100
SCL #err weighted degeneracy : 4980 4976 4976 4965 4988 4994 
degeneracy helps : 642 639 695 732 732 732 
degeneracy worse : 499 492 548 574 597 603 
SCL #err deg : 5182 / 9200
SCL #err weighted degeneracy : 5038 5034 5035 5025 5051 5057 
degeneracy helps : 649 646 702 738 737 737 
degeneracy worse : 505 498 555 581 606 612 
SCL #err deg : 5241 / 9300
SCL #err weighted degeneracy : 5090 5086 5087 5076 5101 5107 
degeneracy helps : 660 657 714 751 751 753 
degeneracy worse : 509 502 560 586 611 619 
SCL #err deg : 5293 / 9400
SCL #err weighted degeneracy : 5144 5141 5141 5128 5154 5161 
degeneracy helps : 665 661 719 756 756 757 
degeneracy worse : 516 509 567 591 617 625 
SCL #err deg : 5346 / 9500
SCL #err weighted degeneracy : 5198 5195 5195 5182 5207 5215 
degeneracy helps : 672 668 725 763 764 764 
degeneracy worse : 524 517 574 599 625 633 
SCL #err deg : 5391 / 9600
SCL #err weighted degeneracy : 5241 5239 5239 5228 5252 5260 
degeneracy helps : 680 675 732 768 769 769 
degeneracy worse : 530 523 580 605 630 638 
SCL #err deg : 5449 / 9700
SCL #err weighted degeneracy : 5295 5293 5292 5282 5306 5317 
degeneracy helps : 689 684 742 777 777 776 
degeneracy worse : 535 528 585 610 634 644 
SCL #err deg : 5499 / 9800
SCL #err weighted degeneracy : 5340 5338 5339 5330 5355 5366 
degeneracy helps : 699 694 751 785 785 784 
degeneracy worse : 540 533 591 616 641 651 
SCL #err deg : 5555 / 9900
SCL #err weighted degeneracy : 5390 5388 5387 5377 5402 5414 
degeneracy helps : 710 705 764 800 800 799 
degeneracy worse : 545 538 596 622 647 658 
SCL #err deg : 5610 / 10000
SCL #err weighted degeneracy : 5442 5441 5439 5427 5451 5463 
degeneracy helps : 717 712 771 807 808 808 
degeneracy worse : 549 543 600 624 649 661 
average #flips: 122.801
SCL #err considering degeneracy: 5610
error due to equal 124
error due to SCL smaller 5466
Finish in 12059 s
