Simulation Polar syndrome FASTER N=1024, K=513, l=128, pz=0.15, #samples=10000, seed=943
PW construction
Event generator random seed: 943
SCL #err deg : 67 / 100
SCL #err weighted degeneracy : 70 70 72 72 71 74 
degeneracy helps : 6 6 6 6 7 5 
degeneracy worse : 9 9 11 11 11 12 
SCL #err deg : 138 / 200
SCL #err weighted degeneracy : 145 143 144 145 142 144 
degeneracy helps : 12 12 13 12 15 13 
degeneracy worse : 19 17 19 19 19 19 
SCL #err deg : 216 / 300
SCL #err weighted degeneracy : 222 219 220 222 218 220 
degeneracy helps : 18 19 20 18 21 20 
degeneracy worse : 24 22 24 24 23 24 
SCL #err deg : 289 / 400
SCL #err weighted degeneracy : 291 289 291 296 291 294 
degeneracy helps : 27 27 28 26 30 30 
degeneracy worse : 29 27 30 33 32 35 
SCL #err deg : 366 / 500
SCL #err weighted degeneracy : 365 363 361 365 361 363 
degeneracy helps : 35 35 38 36 39 39 
degeneracy worse : 34 32 33 35 34 36 
SCL #err deg : 439 / 600
SCL #err weighted degeneracy : 440 438 437 439 434 438 
degeneracy helps : 41 41 45 44 48 48 
degeneracy worse : 42 40 43 44 43 47 
SCL #err deg : 520 / 700
SCL #err weighted degeneracy : 520 519 515 515 508 514 
degeneracy helps : 46 46 52 52 57 56 
degeneracy worse : 46 45 47 47 45 50 
SCL #err deg : 593 / 800
SCL #err weighted degeneracy : 592 593 588 587 580 587 
degeneracy helps : 54 53 59 59 64 62 
degeneracy worse : 53 53 54 53 51 56 
SCL #err deg : 669 / 900
SCL #err weighted degeneracy : 669 670 665 665 658 665 
degeneracy helps : 56 55 62 62 67 65 
degeneracy worse : 56 56 58 58 56 61 
SCL #err deg : 740 / 1000
SCL #err weighted degeneracy : 744 745 739 738 730 737 
degeneracy helps : 60 58 66 66 71 69 
degeneracy worse : 64 63 65 64 61 66 
SCL #err deg : 816 / 1100
SCL #err weighted degeneracy : 818 820 814 812 805 811 
degeneracy helps : 68 65 74 75 79 78 
degeneracy worse : 70 69 72 71 68 73 
SCL #err deg : 890 / 1200
SCL #err weighted degeneracy : 893 895 887 883 875 883 
degeneracy helps : 73 70 81 83 88 86 
degeneracy worse : 76 75 78 76 73 79 
SCL #err deg : 967 / 1300
SCL #err weighted degeneracy : 972 973 966 961 951 959 
degeneracy helps : 76 73 84 87 94 92 
degeneracy worse : 81 79 83 81 78 84 
SCL #err deg : 1046 / 1400
SCL #err weighted degeneracy : 1051 1052 1045 1039 1032 1041 
degeneracy helps : 80 77 88 93 99 96 
degeneracy worse : 85 83 87 86 85 91 
SCL #err deg : 1115 / 1500
SCL #err weighted degeneracy : 1124 1126 1118 1113 1107 1116 
degeneracy helps : 86 83 93 96 101 98 
degeneracy worse : 95 94 96 94 93 99 
SCL #err deg : 1194 / 1600
SCL #err weighted degeneracy : 1203 1206 1196 1190 1185 1194 
degeneracy helps : 90 86 97 100 104 101 
degeneracy worse : 99 98 99 96 95 101 
SCL #err deg : 1266 / 1700
SCL #err weighted degeneracy : 1276 1278 1271 1266 1263 1272 
degeneracy helps : 98 94 102 105 109 107 
degeneracy worse : 108 106 107 105 106 113 
SCL #err deg : 1331 / 1800
SCL #err weighted degeneracy : 1342 1345 1334 1331 1330 1339 
degeneracy helps : 105 101 109 114 116 114 
degeneracy worse : 116 115 112 114 115 122 
SCL #err deg : 1403 / 1900
SCL #err weighted degeneracy : 1414 1417 1405 1401 1401 1413 
degeneracy helps : 110 106 115 122 123 119 
degeneracy worse : 121 120 117 120 121 129 
SCL #err deg : 1485 / 2000
SCL #err weighted degeneracy : 1486 1486 1480 1478 1480 1494 
degeneracy helps : 121 120 125 130 129 124 
degeneracy worse : 122 121 120 123 124 133 
SCL #err deg : 1561 / 2100
SCL #err weighted degeneracy : 1563 1562 1557 1556 1559 1574 
degeneracy helps : 129 128 132 135 133 127 
degeneracy worse : 131 129 128 130 131 140 
SCL #err deg : 1629 / 2200
SCL #err weighted degeneracy : 1629 1627 1623 1624 1628 1643 
degeneracy helps : 137 136 139 141 138 132 
degeneracy worse : 137 134 133 136 137 146 
SCL #err deg : 1705 / 2300
SCL #err weighted degeneracy : 1705 1702 1699 1702 1705 1718 
degeneracy helps : 145 145 147 148 146 140 
degeneracy worse : 145 142 141 145 146 153 
SCL #err deg : 1786 / 2400
SCL #err weighted degeneracy : 1778 1775 1771 1778 1782 1795 
degeneracy helps : 159 159 162 159 157 151 
degeneracy worse : 151 148 147 151 153 160 
SCL #err deg : 1856 / 2500
SCL #err weighted degeneracy : 1845 1842 1837 1848 1852 1866 
degeneracy helps : 170 170 173 167 165 158 
degeneracy worse : 159 156 154 159 161 168 
SCL #err deg : 1933 / 2600
SCL #err weighted degeneracy : 1923 1920 1914 1926 1927 1942 
degeneracy helps : 173 173 179 172 171 164 
degeneracy worse : 163 160 160 165 165 173 
SCL #err deg : 2000 / 2700
SCL #err weighted degeneracy : 1990 1988 1978 1990 1989 2003 
degeneracy helps : 181 180 188 182 182 175 
degeneracy worse : 171 168 166 172 171 178 
SCL #err deg : 2077 / 2800
SCL #err weighted degeneracy : 2070 2067 2059 2069 2066 2079 
degeneracy helps : 187 187 193 187 189 183 
degeneracy worse : 180 177 175 179 178 185 
SCL #err deg : 2150 / 2900
SCL #err weighted degeneracy : 2146 2144 2135 2144 2140 2153 
degeneracy helps : 190 190 196 189 192 186 
degeneracy worse : 186 184 181 183 182 189 
SCL #err deg : 2223 / 3000
SCL #err weighted degeneracy : 2219 2217 2208 2217 2212 2225 
degeneracy helps : 200 200 207 201 202 196 
degeneracy worse : 196 194 192 195 191 198 
SCL #err deg : 2295 / 3100
SCL #err weighted degeneracy : 2291 2288 2281 2291 2285 2297 
degeneracy helps : 207 207 213 207 208 203 
degeneracy worse : 203 200 199 203 198 205 
SCL #err deg : 2368 / 3200
SCL #err weighted degeneracy : 2362 2359 2353 2363 2356 2368 
degeneracy helps : 216 216 221 215 217 212 
degeneracy worse : 210 207 206 210 205 212 
SCL #err deg : 2433 / 3300
SCL #err weighted degeneracy : 2428 2425 2419 2429 2423 2436 
degeneracy helps : 220 220 225 218 219 213 
degeneracy worse : 215 212 211 214 209 216 
SCL #err deg : 2505 / 3400
SCL #err weighted degeneracy : 2502 2498 2494 2503 2496 2506 
degeneracy helps : 229 231 234 227 228 224 
degeneracy worse : 226 224 223 225 219 225 
SCL #err deg : 2575 / 3500
SCL #err weighted degeneracy : 2572 2569 2562 2573 2566 2570 
degeneracy helps : 237 238 243 236 239 241 
degeneracy worse : 234 232 230 234 230 236 
SCL #err deg : 2648 / 3600
SCL #err weighted degeneracy : 2647 2644 2640 2655 2648 2649 
degeneracy helps : 242 243 246 239 243 246 
degeneracy worse : 241 239 238 246 243 247 
SCL #err deg : 2728 / 3700
SCL #err weighted degeneracy : 2720 2714 2714 2733 2726 2728 
degeneracy helps : 253 256 257 247 250 252 
degeneracy worse : 245 242 243 252 248 252 
SCL #err deg : 2798 / 3800
SCL #err weighted degeneracy : 2790 2784 2785 2805 2797 2800 
degeneracy helps : 261 263 265 256 258 260 
degeneracy worse : 253 249 252 263 257 262 
SCL #err deg : 2873 / 3900
SCL #err weighted degeneracy : 2859 2854 2855 2877 2871 2875 
degeneracy helps : 277 278 280 270 270 272 
degeneracy worse : 263 259 262 274 268 274 
SCL #err deg : 2948 / 4000
SCL #err weighted degeneracy : 2929 2925 2922 2945 2939 2945 
degeneracy helps : 289 289 293 282 283 283 
degeneracy worse : 270 266 267 279 274 280 
SCL #err deg : 3017 / 4100
SCL #err weighted degeneracy : 2998 2995 2993 3017 3011 3016 
degeneracy helps : 292 292 296 285 286 287 
degeneracy worse : 273 270 272 285 280 286 
SCL #err deg : 3093 / 4200
SCL #err weighted degeneracy : 3075 3072 3066 3087 3082 3087 
degeneracy helps : 298 299 303 293 294 296 
degeneracy worse : 280 278 276 287 283 290 
SCL #err deg : 3166 / 4300
SCL #err weighted degeneracy : 3150 3149 3142 3162 3156 3162 
degeneracy helps : 304 304 308 299 301 302 
degeneracy worse : 288 287 284 295 291 298 
SCL #err deg : 3246 / 4400
SCL #err weighted degeneracy : 3227 3224 3220 3243 3233 3240 
degeneracy helps : 314 314 318 306 311 311 
degeneracy worse : 295 292 292 303 298 305 
SCL #err deg : 3323 / 4500
SCL #err weighted degeneracy : 3304 3301 3298 3322 3314 3321 
degeneracy helps : 320 320 324 312 315 314 
degeneracy worse : 301 298 299 311 306 312 
SCL #err deg : 3394 / 4600
SCL #err weighted degeneracy : 3376 3374 3369 3393 3387 3392 
degeneracy helps : 322 322 327 317 319 319 
degeneracy worse : 304 302 302 316 312 317 
SCL #err deg : 3466 / 4700
SCL #err weighted degeneracy : 3451 3447 3442 3467 3459 3464 
degeneracy helps : 327 328 335 325 329 329 
degeneracy worse : 312 309 311 326 322 327 
SCL #err deg : 3544 / 4800
SCL #err weighted degeneracy : 3533 3529 3525 3551 3543 3548 
degeneracy helps : 329 330 337 327 331 331 
degeneracy worse : 318 315 318 334 330 335 
SCL #err deg : 3615 / 4900
SCL #err weighted degeneracy : 3610 3605 3601 3624 3617 3623 
degeneracy helps : 331 332 340 332 335 335 
degeneracy worse : 326 322 326 341 337 343 
SCL #err deg : 3691 / 5000
SCL #err weighted degeneracy : 3688 3683 3678 3701 3696 3705 
degeneracy helps : 336 337 345 337 339 337 
degeneracy worse : 333 329 332 347 344 351 
SCL #err deg : 3768 / 5100
SCL #err weighted degeneracy : 3764 3760 3754 3781 3773 3782 
degeneracy helps : 343 344 352 344 348 346 
degeneracy worse : 339 336 338 357 353 360 
SCL #err deg : 3842 / 5200
SCL #err weighted degeneracy : 3839 3837 3830 3855 3849 3857 
degeneracy helps : 348 349 356 349 352 350 
degeneracy worse : 345 344 344 362 359 365 
SCL #err deg : 3914 / 5300
SCL #err weighted degeneracy : 3911 3908 3901 3928 3922 3929 
degeneracy helps : 352 352 360 353 356 356 
degeneracy worse : 349 346 347 367 364 371 
SCL #err deg : 3995 / 5400
SCL #err weighted degeneracy : 3990 3990 3979 4007 3999 4006 
degeneracy helps : 359 358 368 360 364 363 
degeneracy worse : 354 353 352 372 368 374 
SCL #err deg : 4071 / 5500
SCL #err weighted degeneracy : 4060 4061 4050 4080 4072 4078 
degeneracy helps : 371 369 379 370 374 373 
degeneracy worse : 360 359 358 379 375 380 
SCL #err deg : 4148 / 5600
SCL #err weighted degeneracy : 4132 4133 4122 4152 4145 4152 
degeneracy helps : 378 376 385 377 380 379 
degeneracy worse : 362 361 359 381 377 383 
SCL #err deg : 4221 / 5700
SCL #err weighted degeneracy : 4203 4206 4194 4226 4220 4225 
degeneracy helps : 384 382 390 381 383 384 
degeneracy worse : 366 367 363 386 382 388 
SCL #err deg : 4294 / 5800
SCL #err weighted degeneracy : 4280 4281 4270 4302 4294 4299 
degeneracy helps : 389 389 395 386 389 390 
degeneracy worse : 375 376 371 394 389 395 
SCL #err deg : 4371 / 5900
SCL #err weighted degeneracy : 4352 4354 4343 4378 4372 4378 
degeneracy helps : 399 397 404 394 395 396 
degeneracy worse : 380 380 376 401 396 403 
SCL #err deg : 4441 / 6000
SCL #err weighted degeneracy : 4425 4426 4415 4450 4446 4453 
degeneracy helps : 403 402 408 398 398 398 
degeneracy worse : 387 387 382 407 403 410 
SCL #err deg : 4516 / 6100
SCL #err weighted degeneracy : 4498 4501 4488 4522 4519 4525 
degeneracy helps : 412 409 417 406 406 407 
degeneracy worse : 394 394 389 412 409 416 
SCL #err deg : 4588 / 6200
SCL #err weighted degeneracy : 4572 4576 4562 4596 4593 4599 
degeneracy helps : 417 412 425 414 414 415 
degeneracy worse : 401 400 399 422 419 426 
SCL #err deg : 4663 / 6300
SCL #err weighted degeneracy : 4647 4652 4637 4672 4669 4676 
degeneracy helps : 423 418 431 419 419 420 
degeneracy worse : 407 407 405 428 425 433 
SCL #err deg : 4738 / 6400
SCL #err weighted degeneracy : 4726 4731 4714 4753 4750 4756 
degeneracy helps : 428 421 438 424 424 425 
degeneracy worse : 417 415 414 439 436 443 
SCL #err deg : 4810 / 6500
SCL #err weighted degeneracy : 4801 4806 4791 4831 4828 4831 
degeneracy helps : 436 428 444 430 431 432 
degeneracy worse : 428 425 425 451 449 453 
SCL #err deg : 4883 / 6600
SCL #err weighted degeneracy : 4875 4880 4866 4907 4904 4906 
degeneracy helps : 444 436 452 438 438 438 
degeneracy worse : 437 434 435 462 459 461 
SCL #err deg : 4953 / 6700
SCL #err weighted degeneracy : 4945 4950 4938 4979 4974 4977 
degeneracy helps : 450 442 457 443 445 445 
degeneracy worse : 443 440 442 469 466 469 
SCL #err deg : 5029 / 6800
SCL #err weighted degeneracy : 5018 5022 5011 5054 5052 5054 
degeneracy helps : 461 453 467 451 452 452 
degeneracy worse : 451 447 449 476 475 477 
SCL #err deg : 5107 / 6900
SCL #err weighted degeneracy : 5096 5100 5089 5132 5131 5133 
degeneracy helps : 469 460 475 459 459 458 
degeneracy worse : 459 454 457 484 483 484 
SCL #err deg : 5176 / 7000
SCL #err weighted degeneracy : 5166 5170 5159 5206 5205 5207 
degeneracy helps : 475 466 481 466 466 463 
degeneracy worse : 466 461 464 496 495 494 
SCL #err deg : 5247 / 7100
SCL #err weighted degeneracy : 5240 5245 5233 5282 5280 5281 
degeneracy helps : 482 472 488 471 472 469 
degeneracy worse : 476 471 474 506 505 503 
SCL #err deg : 5324 / 7200
SCL #err weighted degeneracy : 5309 5319 5302 5352 5350 5352 
degeneracy helps : 494 480 499 482 483 479 
degeneracy worse : 480 476 477 510 509 507 
SCL #err deg : 5391 / 7300
SCL #err weighted degeneracy : 5377 5386 5368 5421 5425 5425 
degeneracy helps : 502 489 507 488 487 484 
degeneracy worse : 489 485 484 518 521 518 
SCL #err deg : 5465 / 7400
SCL #err weighted degeneracy : 5451 5460 5442 5496 5501 5501 
degeneracy helps : 509 496 514 495 494 492 
degeneracy worse : 496 492 491 526 530 528 
SCL #err deg : 5540 / 7500
SCL #err weighted degeneracy : 5525 5532 5520 5575 5578 5578 
degeneracy helps : 514 503 517 498 498 495 
degeneracy worse : 500 496 497 533 536 533 
SCL #err deg : 5612 / 7600
SCL #err weighted degeneracy : 5597 5604 5593 5647 5651 5652 
degeneracy helps : 519 507 522 503 504 501 
degeneracy worse : 505 500 503 538 543 541 
SCL #err deg : 5689 / 7700
SCL #err weighted degeneracy : 5676 5684 5672 5726 5727 5730 
degeneracy helps : 523 510 527 508 512 508 
degeneracy worse : 511 506 510 545 550 549 
SCL #err deg : 5761 / 7800
SCL #err weighted degeneracy : 5746 5754 5740 5797 5799 5799 
degeneracy helps : 532 519 538 517 520 518 
degeneracy worse : 518 513 517 553 558 556 
SCL #err deg : 5835 / 7900
SCL #err weighted degeneracy : 5814 5822 5808 5864 5867 5866 
degeneracy helps : 541 527 547 527 529 528 
degeneracy worse : 521 515 520 556 561 559 
SCL #err deg : 5908 / 8000
SCL #err weighted degeneracy : 5886 5892 5881 5938 5940 5940 
degeneracy helps : 550 536 555 534 536 535 
degeneracy worse : 529 521 528 564 568 567 
SCL #err deg : 5980 / 8100
SCL #err weighted degeneracy : 5955 5963 5949 6005 6007 6007 
degeneracy helps : 560 545 565 544 545 543 
degeneracy worse : 536 529 534 569 572 570 
SCL #err deg : 6054 / 8200
SCL #err weighted degeneracy : 6032 6040 6026 6084 6085 6083 
degeneracy helps : 564 549 569 548 549 548 
degeneracy worse : 543 536 541 578 580 577 
SCL #err deg : 6130 / 8300
SCL #err weighted degeneracy : 6112 6120 6104 6162 6164 6160 
degeneracy helps : 571 556 576 554 554 553 
degeneracy worse : 554 547 550 586 588 583 
SCL #err deg : 6211 / 8400
SCL #err weighted degeneracy : 6191 6199 6181 6238 6240 6236 
degeneracy helps : 576 562 584 563 563 561 
degeneracy worse : 558 551 554 590 592 586 
SCL #err deg : 6287 / 8500
SCL #err weighted degeneracy : 6264 6272 6250 6309 6312 6309 
degeneracy helps : 585 570 596 575 575 572 
degeneracy worse : 564 556 559 597 600 594 
SCL #err deg : 6361 / 8600
SCL #err weighted degeneracy : 6336 6344 6321 6380 6381 6378 
degeneracy helps : 594 578 606 585 585 582 
degeneracy worse : 571 562 566 604 605 599 
SCL #err deg : 6433 / 8700
SCL #err weighted degeneracy : 6409 6417 6390 6450 6451 6451 
degeneracy helps : 598 582 613 590 590 586 
degeneracy worse : 576 567 570 607 608 604 
SCL #err deg : 6505 / 8800
SCL #err weighted degeneracy : 6481 6489 6462 6523 6524 6523 
degeneracy helps : 606 590 623 598 598 595 
degeneracy worse : 584 575 580 616 617 613 
SCL #err deg : 6579 / 8900
SCL #err weighted degeneracy : 6556 6565 6537 6599 6600 6599 
degeneracy helps : 614 597 631 606 607 603 
degeneracy worse : 593 584 589 626 628 623 
SCL #err deg : 6655 / 9000
SCL #err weighted degeneracy : 6627 6637 6606 6670 6671 6672 
degeneracy helps : 625 608 644 616 617 611 
degeneracy worse : 599 591 595 631 633 628 
SCL #err deg : 6730 / 9100
SCL #err weighted degeneracy : 6702 6712 6680 6745 6748 6748 
degeneracy helps : 628 611 648 619 620 616 
degeneracy worse : 602 594 598 634 638 634 
SCL #err deg : 6800 / 9200
SCL #err weighted degeneracy : 6773 6783 6750 6817 6822 6824 
degeneracy helps : 634 617 656 625 625 621 
degeneracy worse : 609 601 606 642 647 645 
SCL #err deg : 6875 / 9300
SCL #err weighted degeneracy : 6848 6860 6826 6893 6897 6899 
degeneracy helps : 639 621 661 630 632 628 
degeneracy worse : 614 607 612 648 654 652 
SCL #err deg : 6940 / 9400
SCL #err weighted degeneracy : 6922 6935 6898 6965 6969 6972 
degeneracy helps : 640 621 662 632 634 630 
degeneracy worse : 624 617 620 657 663 662 
SCL #err deg : 7016 / 9500
SCL #err weighted degeneracy : 6992 7006 6967 7036 7041 7043 
degeneracy helps : 648 628 671 641 643 640 
degeneracy worse : 626 619 622 661 668 667 
SCL #err deg : 7092 / 9600
SCL #err weighted degeneracy : 7069 7084 7044 7109 7114 7118 
degeneracy helps : 654 634 676 649 651 647 
degeneracy worse : 633 627 628 666 673 673 
SCL #err deg : 7167 / 9700
SCL #err weighted degeneracy : 7138 7155 7115 7179 7186 7190 
degeneracy helps : 666 644 687 661 661 656 
degeneracy worse : 639 633 635 673 680 679 
SCL #err deg : 7242 / 9800
SCL #err weighted degeneracy : 7214 7230 7188 7250 7259 7264 
degeneracy helps : 673 653 698 672 671 667 
degeneracy worse : 647 642 644 680 688 689 
SCL #err deg : 7325 / 9900
SCL #err weighted degeneracy : 7295 7311 7267 7331 7342 7348 
degeneracy helps : 678 658 705 676 674 669 
degeneracy worse : 650 645 647 682 691 692 
SCL #err deg : 7400 / 10000
SCL #err weighted degeneracy : 7370 7386 7342 7408 7420 7423 
degeneracy helps : 683 663 710 682 679 677 
degeneracy worse : 655 650 652 690 699 700 
average #flips: 153.537
SCL #err considering degeneracy: 7400
error due to equal 0
error due to SCL smaller 7400
Finish in 12167 s
