Simulation Polar syndrome FASTER N=1024, K=513, l=128, pz=0.18, #samples=10000, seed=943
PW construction
Event generator random seed: 943
SCL #err deg : 76 / 100
SCL #err weighted degeneracy : 75 77 75 74 73 73 
degeneracy helps : 8 8 8 9 9 8 
degeneracy worse : 7 9 7 7 6 5 
SCL #err deg : 149 / 200
SCL #err weighted degeneracy : 152 155 152 151 149 149 
degeneracy helps : 12 11 12 14 15 14 
degeneracy worse : 15 17 15 16 15 14 
SCL #err deg : 220 / 300
SCL #err weighted degeneracy : 223 227 224 222 223 222 
degeneracy helps : 18 15 18 21 22 21 
degeneracy worse : 21 22 22 23 25 23 
SCL #err deg : 288 / 400
SCL #err weighted degeneracy : 290 295 289 290 291 291 
degeneracy helps : 26 23 25 26 26 24 
degeneracy worse : 28 30 26 28 29 27 
SCL #err deg : 360 / 500
SCL #err weighted degeneracy : 367 371 365 363 363 364 
degeneracy helps : 29 26 29 33 34 31 
degeneracy worse : 36 37 34 36 37 35 
SCL #err deg : 437 / 600
SCL #err weighted degeneracy : 445 449 446 444 443 444 
degeneracy helps : 36 33 35 39 41 38 
degeneracy worse : 44 45 44 46 47 45 
SCL #err deg : 516 / 700
SCL #err weighted degeneracy : 520 523 522 520 520 520 
degeneracy helps : 43 41 43 47 48 46 
degeneracy worse : 47 48 49 51 52 50 
SCL #err deg : 583 / 800
SCL #err weighted degeneracy : 592 596 595 592 593 590 
degeneracy helps : 49 47 49 52 52 51 
degeneracy worse : 58 60 61 61 62 58 
SCL #err deg : 661 / 900
SCL #err weighted degeneracy : 669 673 671 668 668 666 
degeneracy helps : 56 54 56 59 60 60 
degeneracy worse : 64 66 66 66 67 65 
SCL #err deg : 734 / 1000
SCL #err weighted degeneracy : 746 751 749 745 744 743 
degeneracy helps : 61 59 61 64 65 64 
degeneracy worse : 73 76 76 75 75 73 
SCL #err deg : 805 / 1100
SCL #err weighted degeneracy : 820 824 823 819 818 817 
degeneracy helps : 65 64 65 68 69 68 
degeneracy worse : 80 83 83 82 82 80 
SCL #err deg : 881 / 1200
SCL #err weighted degeneracy : 894 898 899 896 895 896 
degeneracy helps : 72 71 70 73 74 72 
degeneracy worse : 85 88 88 88 88 87 
SCL #err deg : 957 / 1300
SCL #err weighted degeneracy : 972 974 977 975 974 975 
degeneracy helps : 74 75 72 75 76 73 
degeneracy worse : 89 92 92 93 93 91 
SCL #err deg : 1026 / 1400
SCL #err weighted degeneracy : 1042 1046 1049 1048 1049 1053 
degeneracy helps : 81 81 78 79 80 76 
degeneracy worse : 97 101 101 101 103 103 
SCL #err deg : 1099 / 1500
SCL #err weighted degeneracy : 1113 1118 1121 1119 1124 1127 
degeneracy helps : 88 87 85 87 85 83 
degeneracy worse : 102 106 107 107 110 111 
SCL #err deg : 1177 / 1600
SCL #err weighted degeneracy : 1191 1196 1199 1197 1202 1204 
degeneracy helps : 91 90 88 91 89 88 
degeneracy worse : 105 109 110 111 114 115 
SCL #err deg : 1251 / 1700
SCL #err weighted degeneracy : 1266 1270 1274 1273 1277 1279 
degeneracy helps : 96 96 93 96 94 93 
degeneracy worse : 111 115 116 118 120 121 
SCL #err deg : 1326 / 1800
SCL #err weighted degeneracy : 1340 1343 1352 1349 1352 1354 
degeneracy helps : 104 104 99 104 104 104 
degeneracy worse : 119 122 125 127 130 132 
SCL #err deg : 1401 / 1900
SCL #err weighted degeneracy : 1415 1418 1428 1426 1431 1433 
degeneracy helps : 113 113 107 111 112 112 
degeneracy worse : 128 131 134 136 142 144 
SCL #err deg : 1474 / 2000
SCL #err weighted degeneracy : 1492 1495 1505 1504 1507 1508 
degeneracy helps : 117 117 111 115 116 117 
degeneracy worse : 136 139 142 145 149 151 
SCL #err deg : 1552 / 2100
SCL #err weighted degeneracy : 1570 1576 1584 1582 1584 1584 
degeneracy helps : 124 122 118 122 123 124 
degeneracy worse : 143 147 150 152 155 156 
SCL #err deg : 1632 / 2200
SCL #err weighted degeneracy : 1649 1655 1663 1661 1661 1661 
degeneracy helps : 129 127 123 127 131 132 
degeneracy worse : 147 151 154 156 160 161 
SCL #err deg : 1710 / 2300
SCL #err weighted degeneracy : 1730 1735 1743 1739 1738 1738 
degeneracy helps : 131 129 125 130 135 136 
degeneracy worse : 152 155 158 159 163 164 
SCL #err deg : 1786 / 2400
SCL #err weighted degeneracy : 1811 1816 1823 1821 1819 1814 
degeneracy helps : 135 133 130 135 141 146 
degeneracy worse : 161 164 167 170 174 174 
SCL #err deg : 1856 / 2500
SCL #err weighted degeneracy : 1875 1882 1887 1888 1889 1886 
degeneracy helps : 145 141 141 144 149 153 
degeneracy worse : 165 168 172 176 182 183 
SCL #err deg : 1935 / 2600
SCL #err weighted degeneracy : 1952 1958 1964 1964 1966 1963 
degeneracy helps : 151 148 147 150 155 159 
degeneracy worse : 169 172 176 179 186 187 
SCL #err deg : 2014 / 2700
SCL #err weighted degeneracy : 2029 2036 2041 2042 2045 2042 
degeneracy helps : 161 155 157 160 165 169 
degeneracy worse : 177 178 184 188 196 197 
SCL #err deg : 2093 / 2800
SCL #err weighted degeneracy : 2105 2113 2117 2121 2124 2120 
degeneracy helps : 169 162 165 167 172 177 
degeneracy worse : 182 183 189 195 203 204 
SCL #err deg : 2170 / 2900
SCL #err weighted degeneracy : 2175 2184 2190 2197 2201 2197 
degeneracy helps : 179 171 173 174 177 182 
degeneracy worse : 185 186 193 201 208 209 
SCL #err deg : 2245 / 3000
SCL #err weighted degeneracy : 2250 2259 2267 2271 2275 2270 
degeneracy helps : 184 176 177 181 184 189 
degeneracy worse : 190 191 199 207 214 214 
SCL #err deg : 2318 / 3100
SCL #err weighted degeneracy : 2320 2331 2336 2341 2346 2343 
degeneracy helps : 193 183 187 191 193 197 
degeneracy worse : 196 197 205 214 221 222 
SCL #err deg : 2404 / 3200
SCL #err weighted degeneracy : 2404 2417 2420 2427 2434 2430 
degeneracy helps : 199 188 193 194 196 201 
degeneracy worse : 200 202 209 217 226 227 
SCL #err deg : 2477 / 3300
SCL #err weighted degeneracy : 2478 2493 2495 2501 2509 2504 
degeneracy helps : 203 191 197 199 201 206 
degeneracy worse : 205 208 215 223 233 233 
SCL #err deg : 2548 / 3400
SCL #err weighted degeneracy : 2548 2564 2563 2570 2578 2574 
degeneracy helps : 210 196 204 206 208 212 
degeneracy worse : 211 213 219 228 238 238 
SCL #err deg : 2624 / 3500
SCL #err weighted degeneracy : 2621 2637 2634 2640 2648 2645 
degeneracy helps : 217 204 213 216 218 221 
degeneracy worse : 215 218 223 232 242 242 
SCL #err deg : 2701 / 3600
SCL #err weighted degeneracy : 2697 2711 2712 2720 2729 2728 
degeneracy helps : 225 212 221 222 223 224 
degeneracy worse : 222 223 232 241 251 251 
SCL #err deg : 2769 / 3700
SCL #err weighted degeneracy : 2772 2787 2783 2786 2795 2796 
degeneracy helps : 233 220 231 232 233 232 
degeneracy worse : 237 239 245 249 259 259 
SCL #err deg : 2844 / 3800
SCL #err weighted degeneracy : 2849 2866 2861 2864 2872 2870 
degeneracy helps : 239 225 236 237 239 239 
degeneracy worse : 245 248 253 257 267 265 
SCL #err deg : 2925 / 3900
SCL #err weighted degeneracy : 2928 2945 2940 2941 2948 2944 
degeneracy helps : 246 232 244 246 248 251 
degeneracy worse : 250 253 259 262 271 270 
SCL #err deg : 3005 / 4000
SCL #err weighted degeneracy : 3005 3021 3017 3020 3026 3022 
degeneracy helps : 255 242 252 254 256 259 
degeneracy worse : 256 259 264 269 277 276 
SCL #err deg : 3081 / 4100
SCL #err weighted degeneracy : 3078 3091 3092 3100 3106 3102 
degeneracy helps : 263 250 259 259 261 264 
degeneracy worse : 261 261 270 278 286 285 
SCL #err deg : 3152 / 4200
SCL #err weighted degeneracy : 3149 3161 3162 3171 3176 3171 
degeneracy helps : 267 254 264 264 266 270 
degeneracy worse : 265 264 274 283 290 289 
SCL #err deg : 3228 / 4300
SCL #err weighted degeneracy : 3227 3237 3239 3247 3253 3249 
degeneracy helps : 273 262 271 271 273 278 
degeneracy worse : 273 272 282 290 298 299 
SCL #err deg : 3297 / 4400
SCL #err weighted degeneracy : 3307 3315 3316 3321 3328 3323 
degeneracy helps : 275 264 275 277 280 285 
degeneracy worse : 286 283 294 301 311 311 
SCL #err deg : 3380 / 4500
SCL #err weighted degeneracy : 3393 3399 3402 3407 3415 3411 
degeneracy helps : 278 268 278 280 282 286 
degeneracy worse : 292 288 300 307 317 317 
SCL #err deg : 3453 / 4600
SCL #err weighted degeneracy : 3463 3466 3473 3480 3488 3484 
degeneracy helps : 287 278 287 287 290 293 
degeneracy worse : 298 292 307 314 325 324 
SCL #err deg : 3531 / 4700
SCL #err weighted degeneracy : 3544 3547 3553 3560 3567 3564 
degeneracy helps : 291 282 291 290 294 296 
degeneracy worse : 305 299 313 319 330 329 
SCL #err deg : 3615 / 4800
SCL #err weighted degeneracy : 3628 3632 3636 3642 3651 3648 
degeneracy helps : 296 285 296 296 299 301 
degeneracy worse : 310 303 317 323 335 334 
SCL #err deg : 3689 / 4900
SCL #err weighted degeneracy : 3701 3706 3711 3716 3724 3719 
degeneracy helps : 303 292 302 302 306 310 
degeneracy worse : 316 310 324 329 341 340 
SCL #err deg : 3757 / 5000
SCL #err weighted degeneracy : 3773 3779 3785 3791 3800 3794 
degeneracy helps : 308 296 306 307 311 316 
degeneracy worse : 325 319 334 341 354 353 
SCL #err deg : 3833 / 5100
SCL #err weighted degeneracy : 3850 3858 3861 3869 3877 3872 
degeneracy helps : 312 299 311 311 316 321 
degeneracy worse : 330 325 339 347 360 360 
SCL #err deg : 3901 / 5200
SCL #err weighted degeneracy : 3921 3929 3933 3941 3950 3947 
degeneracy helps : 317 304 315 315 320 325 
degeneracy worse : 338 333 347 355 369 371 
SCL #err deg : 3974 / 5300
SCL #err weighted degeneracy : 3992 4003 4004 4012 4021 4018 
degeneracy helps : 326 311 324 324 329 334 
degeneracy worse : 345 341 354 362 376 378 
SCL #err deg : 4051 / 5400
SCL #err weighted degeneracy : 4069 4082 4081 4089 4098 4095 
degeneracy helps : 330 313 328 328 333 338 
degeneracy worse : 349 345 358 366 380 382 
SCL #err deg : 4119 / 5500
SCL #err weighted degeneracy : 4138 4148 4153 4162 4174 4170 
degeneracy helps : 340 324 335 334 338 344 
degeneracy worse : 360 354 369 377 393 395 
SCL #err deg : 4193 / 5600
SCL #err weighted degeneracy : 4212 4224 4225 4232 4244 4243 
degeneracy helps : 349 331 345 346 351 355 
degeneracy worse : 369 363 377 385 402 405 
SCL #err deg : 4264 / 5700
SCL #err weighted degeneracy : 4288 4301 4301 4307 4318 4318 
degeneracy helps : 354 336 350 351 356 359 
degeneracy worse : 379 374 387 394 410 413 
SCL #err deg : 4329 / 5800
SCL #err weighted degeneracy : 4360 4374 4372 4376 4389 4387 
degeneracy helps : 356 338 353 355 360 364 
degeneracy worse : 388 384 396 402 420 422 
SCL #err deg : 4405 / 5900
SCL #err weighted degeneracy : 4434 4446 4446 4451 4460 4458 
degeneracy helps : 361 345 358 359 367 371 
degeneracy worse : 391 387 399 405 422 424 
SCL #err deg : 4480 / 6000
SCL #err weighted degeneracy : 4504 4516 4516 4522 4530 4532 
degeneracy helps : 368 352 365 365 374 377 
degeneracy worse : 393 389 401 407 424 429 
SCL #err deg : 4557 / 6100
SCL #err weighted degeneracy : 4584 4597 4596 4600 4607 4609 
degeneracy helps : 370 354 367 368 378 381 
degeneracy worse : 398 395 406 411 428 433 
SCL #err deg : 4633 / 6200
SCL #err weighted degeneracy : 4662 4673 4674 4678 4686 4686 
degeneracy helps : 375 358 372 373 383 388 
degeneracy worse : 405 399 413 418 436 441 
SCL #err deg : 4713 / 6300
SCL #err weighted degeneracy : 4744 4754 4756 4758 4762 4762 
degeneracy helps : 382 366 379 380 391 396 
degeneracy worse : 414 408 422 425 440 445 
SCL #err deg : 4788 / 6400
SCL #err weighted degeneracy : 4818 4827 4829 4835 4839 4837 
degeneracy helps : 389 372 387 385 396 402 
degeneracy worse : 420 412 428 432 447 451 
SCL #err deg : 4861 / 6500
SCL #err weighted degeneracy : 4893 4902 4903 4908 4911 4908 
degeneracy helps : 393 378 392 390 402 409 
degeneracy worse : 426 420 434 437 452 456 
SCL #err deg : 4937 / 6600
SCL #err weighted degeneracy : 4967 4976 4977 4981 4984 4985 
degeneracy helps : 401 386 400 398 410 416 
degeneracy worse : 432 426 440 442 457 464 
SCL #err deg : 5009 / 6700
SCL #err weighted degeneracy : 5044 5051 5055 5059 5063 5065 
degeneracy helps : 405 390 404 402 414 419 
degeneracy worse : 441 433 450 452 468 475 
SCL #err deg : 5082 / 6800
SCL #err weighted degeneracy : 5123 5128 5134 5141 5146 5145 
degeneracy helps : 410 396 410 407 419 426 
degeneracy worse : 452 443 462 466 483 489 
SCL #err deg : 5156 / 6900
SCL #err weighted degeneracy : 5196 5204 5209 5217 5223 5220 
degeneracy helps : 420 405 419 415 427 436 
degeneracy worse : 461 454 472 476 494 500 
SCL #err deg : 5233 / 7000
SCL #err weighted degeneracy : 5269 5277 5280 5289 5296 5292 
degeneracy helps : 430 414 431 427 438 447 
degeneracy worse : 467 459 478 483 501 506 
SCL #err deg : 5314 / 7100
SCL #err weighted degeneracy : 5346 5355 5357 5366 5374 5371 
degeneracy helps : 438 422 439 435 445 453 
degeneracy worse : 471 464 482 487 505 510 
SCL #err deg : 5383 / 7200
SCL #err weighted degeneracy : 5418 5429 5429 5440 5450 5446 
degeneracy helps : 446 428 447 443 451 460 
degeneracy worse : 482 475 493 500 518 523 
SCL #err deg : 5463 / 7300
SCL #err weighted degeneracy : 5495 5506 5508 5518 5527 5521 
degeneracy helps : 452 433 453 450 459 469 
degeneracy worse : 485 477 498 505 523 527 
SCL #err deg : 5536 / 7400
SCL #err weighted degeneracy : 5571 5580 5585 5595 5606 5602 
degeneracy helps : 461 444 461 459 466 474 
degeneracy worse : 497 489 510 518 536 540 
SCL #err deg : 5609 / 7500
SCL #err weighted degeneracy : 5643 5652 5656 5666 5677 5676 
degeneracy helps : 466 448 466 465 472 480 
degeneracy worse : 501 492 513 522 540 547 
SCL #err deg : 5685 / 7600
SCL #err weighted degeneracy : 5717 5725 5730 5740 5752 5752 
degeneracy helps : 473 455 473 472 479 487 
degeneracy worse : 506 496 518 527 546 554 
SCL #err deg : 5755 / 7700
SCL #err weighted degeneracy : 5785 5794 5798 5808 5820 5819 
degeneracy helps : 481 463 481 480 486 496 
degeneracy worse : 512 503 524 533 551 560 
SCL #err deg : 5832 / 7800
SCL #err weighted degeneracy : 5867 5875 5878 5888 5899 5899 
degeneracy helps : 484 466 484 483 491 500 
degeneracy worse : 520 510 530 539 558 567 
SCL #err deg : 5907 / 7900
SCL #err weighted degeneracy : 5946 5953 5957 5968 5979 5980 
degeneracy helps : 487 469 488 487 495 503 
degeneracy worse : 527 516 538 548 567 576 
SCL #err deg : 5972 / 8000
SCL #err weighted degeneracy : 6018 6022 6028 6039 6051 6051 
degeneracy helps : 492 474 492 491 500 508 
degeneracy worse : 539 525 548 558 579 587 
SCL #err deg : 6056 / 8100
SCL #err weighted degeneracy : 6096 6098 6106 6120 6135 6136 
degeneracy helps : 501 485 501 498 505 512 
degeneracy worse : 542 528 551 562 584 592 
SCL #err deg : 6131 / 8200
SCL #err weighted degeneracy : 6169 6170 6179 6194 6209 6210 
degeneracy helps : 507 492 507 503 510 517 
degeneracy worse : 546 532 555 566 588 596 
SCL #err deg : 6206 / 8300
SCL #err weighted degeneracy : 6239 6239 6249 6268 6282 6282 
degeneracy helps : 518 503 518 512 520 527 
degeneracy worse : 552 537 561 574 596 603 
SCL #err deg : 6281 / 8400
SCL #err weighted degeneracy : 6312 6313 6323 6342 6356 6356 
degeneracy helps : 528 512 529 524 531 536 
degeneracy worse : 560 545 571 585 606 611 
SCL #err deg : 6357 / 8500
SCL #err weighted degeneracy : 6389 6390 6399 6415 6429 6429 
degeneracy helps : 532 516 534 532 539 544 
degeneracy worse : 565 550 576 590 611 616 
SCL #err deg : 6434 / 8600
SCL #err weighted degeneracy : 6462 6464 6473 6488 6506 6502 
degeneracy helps : 543 526 544 541 546 555 
degeneracy worse : 572 557 583 595 618 623 
SCL #err deg : 6515 / 8700
SCL #err weighted degeneracy : 6540 6543 6550 6565 6584 6582 
degeneracy helps : 548 529 550 547 551 561 
degeneracy worse : 574 558 585 597 620 628 
SCL #err deg : 6587 / 8800
SCL #err weighted degeneracy : 6611 6615 6622 6638 6656 6655 
degeneracy helps : 555 536 557 554 559 568 
degeneracy worse : 580 565 592 605 628 636 
SCL #err deg : 6666 / 8900
SCL #err weighted degeneracy : 6689 6692 6700 6719 6737 6735 
degeneracy helps : 560 541 562 558 563 573 
degeneracy worse : 584 568 596 611 634 642 
SCL #err deg : 6745 / 9000
SCL #err weighted degeneracy : 6775 6776 6787 6805 6821 6818 
degeneracy helps : 560 543 562 558 564 575 
degeneracy worse : 591 575 604 618 640 648 
SCL #err deg : 6825 / 9100
SCL #err weighted degeneracy : 6851 6850 6864 6883 6900 6897 
degeneracy helps : 567 551 568 564 570 581 
degeneracy worse : 594 577 607 622 645 653 
SCL #err deg : 6899 / 9200
SCL #err weighted degeneracy : 6928 6930 6942 6959 6976 6973 
degeneracy helps : 574 556 574 571 576 587 
degeneracy worse : 604 588 617 631 653 661 
SCL #err deg : 6979 / 9300
SCL #err weighted degeneracy : 7006 7008 7021 7039 7055 7054 
degeneracy helps : 580 562 579 575 580 591 
degeneracy worse : 608 592 621 635 656 666 
SCL #err deg : 7057 / 9400
SCL #err weighted degeneracy : 7080 7082 7096 7115 7129 7128 
degeneracy helps : 588 569 586 581 588 598 
degeneracy worse : 612 595 625 639 660 669 
SCL #err deg : 7131 / 9500
SCL #err weighted degeneracy : 7155 7157 7168 7187 7201 7202 
degeneracy helps : 593 575 593 588 594 604 
degeneracy worse : 618 602 630 644 664 675 
SCL #err deg : 7205 / 9600
SCL #err weighted degeneracy : 7230 7233 7241 7258 7272 7274 
degeneracy helps : 596 578 598 596 602 613 
degeneracy worse : 622 607 634 649 669 682 
SCL #err deg : 7285 / 9700
SCL #err weighted degeneracy : 7313 7317 7323 7339 7350 7351 
degeneracy helps : 601 582 603 601 608 619 
degeneracy worse : 630 615 641 655 673 685 
SCL #err deg : 7358 / 9800
SCL #err weighted degeneracy : 7383 7390 7394 7410 7421 7422 
degeneracy helps : 609 587 611 609 616 627 
degeneracy worse : 635 620 647 661 679 691 
SCL #err deg : 7427 / 9900
SCL #err weighted degeneracy : 7448 7456 7459 7476 7487 7489 
degeneracy helps : 619 597 620 619 626 637 
degeneracy worse : 641 627 652 668 686 699 
SCL #err deg : 7500 / 10000
SCL #err weighted degeneracy : 7518 7526 7529 7547 7558 7560 
degeneracy helps : 625 603 626 624 631 642 
degeneracy worse : 644 630 655 671 689 702 
average #flips: 184.287
SCL #err considering degeneracy: 7500
error due to equal 0
error due to SCL smaller 7500
Finish in 11849 s
