Simulation Polar syndrome FASTER N=128, K=65, l=128, pz=0.2, #samples=10000
PW construction
SCL #err deg : 71 / 100
SCL #err weighted degeneracy : 71 71 73 73 73 73 
degeneracy helps : 11 11 11 13 13 13 
degeneracy worse : 11 11 13 15 15 15 
SCL #err deg : 140 / 200
SCL #err weighted degeneracy : 137 138 139 141 141 140 
degeneracy helps : 24 23 24 25 27 28 
degeneracy worse : 21 21 23 26 28 28 
SCL #err deg : 211 / 300
SCL #err weighted degeneracy : 203 205 206 211 213 210 
degeneracy helps : 38 36 37 36 38 40 
degeneracy worse : 30 30 32 36 40 39 
SCL #err deg : 287 / 400
SCL #err weighted degeneracy : 276 278 279 282 285 280 
degeneracy helps : 51 49 50 52 54 58 
degeneracy worse : 40 40 42 47 52 51 
SCL #err deg : 356 / 500
SCL #err weighted degeneracy : 346 346 349 353 357 354 
degeneracy helps : 61 59 60 63 64 67 
degeneracy worse : 51 49 53 60 65 65 
SCL #err deg : 432 / 600
SCL #err weighted degeneracy : 426 425 430 435 440 436 
degeneracy helps : 69 66 68 72 74 78 
degeneracy worse : 63 59 66 75 82 82 
SCL #err deg : 508 / 700
SCL #err weighted degeneracy : 494 494 498 501 510 502 
degeneracy helps : 87 83 86 92 91 98 
degeneracy worse : 73 69 76 85 93 92 
SCL #err deg : 574 / 800
SCL #err weighted degeneracy : 562 562 566 571 581 572 
degeneracy helps : 96 92 95 102 101 109 
degeneracy worse : 84 80 87 99 108 107 
SCL #err deg : 647 / 900
SCL #err weighted degeneracy : 629 629 632 635 646 639 
degeneracy helps : 108 105 107 117 115 123 
degeneracy worse : 90 87 92 105 114 115 
SCL #err deg : 718 / 1000
SCL #err weighted degeneracy : 698 695 701 709 721 716 
degeneracy helps : 122 121 121 129 127 135 
degeneracy worse : 102 98 104 120 130 133 
SCL #err deg : 787 / 1100
SCL #err weighted degeneracy : 769 766 772 781 795 789 
degeneracy helps : 133 132 132 140 137 146 
degeneracy worse : 115 111 117 134 145 148 
SCL #err deg : 862 / 1200
SCL #err weighted degeneracy : 841 839 843 853 869 865 
degeneracy helps : 147 145 147 155 151 159 
degeneracy worse : 126 122 128 146 158 162 
SCL #err deg : 935 / 1300
SCL #err weighted degeneracy : 915 913 917 929 943 937 
degeneracy helps : 156 154 156 163 161 171 
degeneracy worse : 136 132 138 157 169 173 
SCL #err deg : 1003 / 1400
SCL #err weighted degeneracy : 985 984 986 999 1017 1012 
degeneracy helps : 169 166 170 177 175 184 
degeneracy worse : 151 147 153 173 189 193 
SCL #err deg : 1072 / 1500
SCL #err weighted degeneracy : 1058 1057 1058 1070 1087 1083 
degeneracy helps : 178 175 180 188 186 195 
degeneracy worse : 164 160 166 186 201 206 
SCL #err deg : 1139 / 1600
SCL #err weighted degeneracy : 1118 1117 1118 1130 1150 1150 
degeneracy helps : 193 189 195 206 204 211 
degeneracy worse : 172 168 174 197 215 222 
SCL #err deg : 1209 / 1700
SCL #err weighted degeneracy : 1191 1191 1191 1202 1224 1223 
degeneracy helps : 204 199 206 219 216 224 
degeneracy worse : 186 182 188 212 231 238 
SCL #err deg : 1288 / 1800
SCL #err weighted degeneracy : 1265 1266 1265 1274 1297 1295 
degeneracy helps : 218 212 220 236 232 240 
degeneracy worse : 195 191 197 222 241 247 
SCL #err deg : 1360 / 1900
SCL #err weighted degeneracy : 1332 1332 1333 1338 1361 1363 
degeneracy helps : 233 227 234 254 251 259 
degeneracy worse : 205 200 207 232 252 262 
SCL #err deg : 1431 / 2000
SCL #err weighted degeneracy : 1400 1401 1400 1403 1425 1429 
degeneracy helps : 245 240 246 267 264 272 
degeneracy worse : 214 211 215 239 258 270 
SCL #err deg : 1504 / 2100
SCL #err weighted degeneracy : 1478 1479 1477 1479 1501 1507 
degeneracy helps : 252 247 254 277 274 281 
degeneracy worse : 226 223 227 252 271 284 
SCL #err deg : 1574 / 2200
SCL #err weighted degeneracy : 1550 1551 1549 1550 1574 1578 
degeneracy helps : 263 258 265 289 285 294 
degeneracy worse : 239 236 240 265 285 298 
SCL #err deg : 1643 / 2300
SCL #err weighted degeneracy : 1615 1617 1613 1614 1637 1643 
degeneracy helps : 276 271 279 306 304 313 
degeneracy worse : 248 246 249 277 298 313 
SCL #err deg : 1722 / 2400
SCL #err weighted degeneracy : 1680 1681 1678 1679 1702 1712 
degeneracy helps : 296 290 299 329 327 335 
degeneracy worse : 254 250 255 286 307 325 
SCL #err deg : 1794 / 2500
SCL #err weighted degeneracy : 1753 1753 1750 1749 1774 1786 
degeneracy helps : 306 300 310 342 339 348 
degeneracy worse : 265 260 266 297 319 340 
SCL #err deg : 1866 / 2600
SCL #err weighted degeneracy : 1824 1824 1821 1817 1842 1852 
degeneracy helps : 321 315 326 360 358 369 
degeneracy worse : 279 274 281 311 334 355 
SCL #err deg : 1940 / 2700
SCL #err weighted degeneracy : 1888 1889 1886 1882 1908 1917 
degeneracy helps : 339 332 343 378 376 387 
degeneracy worse : 287 282 289 320 344 364 
SCL #err deg : 2019 / 2800
SCL #err weighted degeneracy : 1957 1959 1954 1950 1976 1986 
degeneracy helps : 355 347 360 396 393 404 
degeneracy worse : 293 288 295 327 350 371 
SCL #err deg : 2101 / 2900
SCL #err weighted degeneracy : 2035 2037 2031 2024 2052 2062 
degeneracy helps : 367 359 374 412 409 419 
degeneracy worse : 301 296 304 335 360 380 
SCL #err deg : 2175 / 3000
SCL #err weighted degeneracy : 2109 2112 2103 2096 2122 2134 
degeneracy helps : 379 369 388 427 426 436 
degeneracy worse : 313 308 316 348 373 395 
SCL #err deg : 2237 / 3100
SCL #err weighted degeneracy : 2175 2178 2170 2164 2192 2204 
degeneracy helps : 390 380 399 438 437 447 
degeneracy worse : 328 323 332 365 392 414 
SCL #err deg : 2315 / 3200
SCL #err weighted degeneracy : 2245 2249 2238 2232 2262 2274 
degeneracy helps : 406 396 417 457 455 464 
degeneracy worse : 336 332 340 374 402 423 
SCL #err deg : 2384 / 3300
SCL #err weighted degeneracy : 2317 2322 2310 2303 2335 2348 
degeneracy helps : 421 409 432 474 472 480 
degeneracy worse : 354 349 358 393 423 444 
SCL #err deg : 2450 / 3400
SCL #err weighted degeneracy : 2390 2395 2383 2379 2414 2428 
degeneracy helps : 430 418 441 482 478 486 
degeneracy worse : 370 365 374 411 442 464 
SCL #err deg : 2522 / 3500
SCL #err weighted degeneracy : 2464 2469 2456 2456 2490 2502 
degeneracy helps : 441 429 453 493 490 501 
degeneracy worse : 383 378 387 427 458 481 
SCL #err deg : 2592 / 3600
SCL #err weighted degeneracy : 2535 2539 2528 2525 2558 2572 
degeneracy helps : 453 441 464 507 505 515 
degeneracy worse : 396 390 400 440 471 495 
SCL #err deg : 2663 / 3700
SCL #err weighted degeneracy : 2607 2610 2602 2597 2628 2642 
degeneracy helps : 464 452 474 518 520 532 
degeneracy worse : 408 401 413 452 485 511 
SCL #err deg : 2737 / 3800
SCL #err weighted degeneracy : 2676 2679 2668 2662 2692 2706 
degeneracy helps : 479 466 491 537 540 552 
degeneracy worse : 418 411 422 462 495 521 
SCL #err deg : 2812 / 3900
SCL #err weighted degeneracy : 2752 2754 2744 2741 2771 2787 
degeneracy helps : 488 475 500 546 551 562 
degeneracy worse : 428 420 432 475 510 537 
SCL #err deg : 2878 / 4000
SCL #err weighted degeneracy : 2819 2820 2812 2809 2837 2853 
degeneracy helps : 495 483 507 555 562 572 
degeneracy worse : 436 428 441 486 521 547 
SCL #err deg : 2949 / 4100
SCL #err weighted degeneracy : 2899 2899 2891 2886 2912 2929 
degeneracy helps : 501 489 514 565 572 581 
degeneracy worse : 451 442 456 502 535 561 
SCL #err deg : 3022 / 4200
SCL #err weighted degeneracy : 2971 2971 2963 2957 2982 3001 
degeneracy helps : 512 499 527 579 587 595 
degeneracy worse : 461 452 468 514 547 574 
SCL #err deg : 3100 / 4300
SCL #err weighted degeneracy : 3046 3046 3039 3033 3056 3074 
degeneracy helps : 522 509 537 588 597 607 
degeneracy worse : 468 459 476 521 553 581 
SCL #err deg : 3167 / 4400
SCL #err weighted degeneracy : 3119 3119 3112 3108 3129 3148 
degeneracy helps : 534 521 549 599 609 619 
degeneracy worse : 486 477 494 540 571 600 
SCL #err deg : 3241 / 4500
SCL #err weighted degeneracy : 3194 3194 3187 3184 3204 3222 
degeneracy helps : 541 528 556 607 617 628 
degeneracy worse : 494 485 502 550 580 609 
SCL #err deg : 3316 / 4600
SCL #err weighted degeneracy : 3265 3264 3257 3253 3272 3291 
degeneracy helps : 556 543 572 624 635 647 
degeneracy worse : 505 495 513 561 591 622 
SCL #err deg : 3389 / 4700
SCL #err weighted degeneracy : 3336 3335 3329 3326 3345 3361 
degeneracy helps : 573 560 589 641 652 667 
degeneracy worse : 520 510 529 578 608 639 
SCL #err deg : 3458 / 4800
SCL #err weighted degeneracy : 3406 3405 3399 3395 3416 3434 
degeneracy helps : 585 571 601 655 666 681 
degeneracy worse : 533 523 542 592 624 657 
SCL #err deg : 3533 / 4900
SCL #err weighted degeneracy : 3479 3480 3471 3467 3489 3506 
degeneracy helps : 595 579 612 668 679 695 
degeneracy worse : 541 531 550 602 635 668 
SCL #err deg : 3603 / 5000
SCL #err weighted degeneracy : 3545 3545 3536 3534 3554 3568 
degeneracy helps : 605 590 623 680 693 712 
degeneracy worse : 547 537 556 611 644 677 
SCL #err deg : 3676 / 5100
SCL #err weighted degeneracy : 3618 3618 3609 3608 3629 3642 
degeneracy helps : 614 599 633 691 704 724 
degeneracy worse : 556 546 566 623 657 690 
SCL #err deg : 3748 / 5200
SCL #err weighted degeneracy : 3688 3689 3679 3681 3704 3716 
degeneracy helps : 627 611 646 704 715 736 
degeneracy worse : 567 557 577 637 671 704 
SCL #err deg : 3824 / 5300
SCL #err weighted degeneracy : 3765 3764 3757 3760 3784 3795 
degeneracy helps : 637 622 656 714 725 748 
degeneracy worse : 578 567 589 650 685 719 
SCL #err deg : 3896 / 5400
SCL #err weighted degeneracy : 3838 3837 3830 3834 3857 3869 
degeneracy helps : 650 634 669 726 738 760 
degeneracy worse : 592 581 603 664 699 733 
SCL #err deg : 3971 / 5500
SCL #err weighted degeneracy : 3907 3906 3899 3904 3928 3942 
degeneracy helps : 662 647 681 738 749 769 
degeneracy worse : 598 588 609 671 706 740 
SCL #err deg : 4044 / 5600
SCL #err weighted degeneracy : 3982 3980 3973 3979 4004 4019 
degeneracy helps : 670 655 690 746 757 777 
degeneracy worse : 608 597 619 681 717 752 
SCL #err deg : 4109 / 5700
SCL #err weighted degeneracy : 4050 4050 4040 4041 4068 4080 
degeneracy helps : 676 659 697 758 768 791 
degeneracy worse : 617 606 628 690 727 762 
SCL #err deg : 4182 / 5800
SCL #err weighted degeneracy : 4126 4126 4116 4115 4143 4155 
degeneracy helps : 684 667 705 768 778 802 
degeneracy worse : 628 617 639 701 739 775 
SCL #err deg : 4247 / 5900
SCL #err weighted degeneracy : 4196 4198 4185 4183 4214 4226 
degeneracy helps : 692 673 714 779 788 813 
degeneracy worse : 641 630 652 715 755 792 
SCL #err deg : 4319 / 6000
SCL #err weighted degeneracy : 4266 4269 4255 4254 4287 4297 
degeneracy helps : 702 682 724 790 799 826 
degeneracy worse : 649 638 660 725 767 804 
SCL #err deg : 4394 / 6100
SCL #err weighted degeneracy : 4332 4335 4320 4321 4355 4368 
degeneracy helps : 718 698 741 807 816 841 
degeneracy worse : 656 645 667 734 777 815 
SCL #err deg : 4465 / 6200
SCL #err weighted degeneracy : 4406 4408 4394 4395 4430 4443 
degeneracy helps : 726 706 749 817 825 850 
degeneracy worse : 667 655 678 747 790 828 
SCL #err deg : 4544 / 6300
SCL #err weighted degeneracy : 4480 4483 4467 4467 4502 4515 
degeneracy helps : 737 715 761 831 839 864 
degeneracy worse : 673 661 684 754 797 835 
SCL #err deg : 4617 / 6400
SCL #err weighted degeneracy : 4553 4556 4541 4539 4575 4590 
degeneracy helps : 750 727 773 846 854 878 
degeneracy worse : 686 673 697 768 812 851 
SCL #err deg : 4688 / 6500
SCL #err weighted degeneracy : 4635 4638 4623 4619 4655 4671 
degeneracy helps : 755 732 779 855 865 889 
degeneracy worse : 702 689 714 786 832 872 
SCL #err deg : 4761 / 6600
SCL #err weighted degeneracy : 4710 4713 4698 4691 4730 4746 
degeneracy helps : 769 746 793 870 878 902 
degeneracy worse : 718 705 730 800 847 887 
SCL #err deg : 4837 / 6700
SCL #err weighted degeneracy : 4784 4788 4770 4760 4797 4813 
degeneracy helps : 781 757 807 887 898 922 
degeneracy worse : 728 715 740 810 858 898 
SCL #err deg : 4908 / 6800
SCL #err weighted degeneracy : 4852 4855 4837 4825 4865 4880 
degeneracy helps : 791 767 818 899 909 935 
degeneracy worse : 735 721 747 816 866 907 
SCL #err deg : 4971 / 6900
SCL #err weighted degeneracy : 4920 4922 4904 4893 4933 4946 
degeneracy helps : 800 777 829 911 922 951 
degeneracy worse : 749 735 762 833 884 926 
SCL #err deg : 5038 / 7000
SCL #err weighted degeneracy : 4983 4986 4969 4958 4998 5009 
degeneracy helps : 812 789 842 924 936 966 
degeneracy worse : 757 744 773 844 896 937 
SCL #err deg : 5114 / 7100
SCL #err weighted degeneracy : 5059 5060 5045 5032 5069 5080 
degeneracy helps : 824 802 855 940 954 983 
degeneracy worse : 769 755 786 858 909 949 
SCL #err deg : 5184 / 7200
SCL #err weighted degeneracy : 5134 5134 5121 5108 5141 5151 
degeneracy helps : 834 812 865 952 969 999 
degeneracy worse : 784 769 802 876 926 966 
SCL #err deg : 5254 / 7300
SCL #err weighted degeneracy : 5202 5202 5189 5176 5209 5220 
degeneracy helps : 847 825 878 966 984 1014 
degeneracy worse : 795 780 813 888 939 980 
SCL #err deg : 5329 / 7400
SCL #err weighted degeneracy : 5270 5270 5256 5241 5276 5288 
degeneracy helps : 863 842 894 983 1001 1031 
degeneracy worse : 804 790 821 895 948 990 
SCL #err deg : 5400 / 7500
SCL #err weighted degeneracy : 5346 5346 5331 5315 5348 5359 
degeneracy helps : 869 848 900 990 1010 1041 
degeneracy worse : 815 801 831 905 958 1000 
SCL #err deg : 5474 / 7600
SCL #err weighted degeneracy : 5425 5423 5408 5393 5425 5435 
degeneracy helps : 876 855 908 998 1019 1050 
degeneracy worse : 827 811 842 917 970 1011 
SCL #err deg : 5549 / 7700
SCL #err weighted degeneracy : 5501 5497 5485 5469 5499 5507 
degeneracy helps : 886 864 918 1010 1032 1065 
degeneracy worse : 838 819 854 930 982 1023 
SCL #err deg : 5615 / 7800
SCL #err weighted degeneracy : 5570 5566 5553 5535 5566 5573 
degeneracy helps : 899 877 932 1026 1047 1082 
degeneracy worse : 854 835 870 946 998 1040 
SCL #err deg : 5694 / 7900
SCL #err weighted degeneracy : 5646 5641 5629 5610 5641 5650 
degeneracy helps : 913 891 947 1043 1064 1097 
degeneracy worse : 865 845 882 959 1011 1053 
SCL #err deg : 5771 / 8000
SCL #err weighted degeneracy : 5712 5709 5695 5675 5706 5714 
degeneracy helps : 933 909 967 1064 1086 1120 
degeneracy worse : 874 854 891 968 1021 1063 
SCL #err deg : 5849 / 8100
SCL #err weighted degeneracy : 5777 5774 5760 5741 5772 5780 
degeneracy helps : 951 927 985 1083 1106 1141 
degeneracy worse : 879 859 896 975 1029 1072 
SCL #err deg : 5923 / 8200
SCL #err weighted degeneracy : 5850 5848 5833 5812 5846 5855 
degeneracy helps : 959 934 993 1093 1114 1149 
degeneracy worse : 886 866 903 982 1037 1081 
SCL #err deg : 5991 / 8300
SCL #err weighted degeneracy : 5921 5918 5904 5886 5921 5927 
degeneracy helps : 968 944 1002 1101 1120 1155 
degeneracy worse : 898 878 915 996 1050 1091 
SCL #err deg : 6065 / 8400
SCL #err weighted degeneracy : 5994 5991 5977 5958 5995 6000 
degeneracy helps : 978 954 1012 1113 1133 1170 
degeneracy worse : 907 887 924 1006 1063 1105 
SCL #err deg : 6135 / 8500
SCL #err weighted degeneracy : 6065 6063 6048 6027 6065 6071 
degeneracy helps : 991 966 1025 1129 1148 1184 
degeneracy worse : 921 901 938 1021 1078 1120 
SCL #err deg : 6203 / 8600
SCL #err weighted degeneracy : 6134 6134 6116 6093 6131 6132 
degeneracy helps : 1004 977 1039 1144 1164 1203 
degeneracy worse : 935 915 952 1034 1092 1132 
SCL #err deg : 6269 / 8700
SCL #err weighted degeneracy : 6200 6199 6180 6158 6194 6198 
degeneracy helps : 1014 987 1051 1157 1178 1217 
degeneracy worse : 945 924 962 1046 1103 1146 
SCL #err deg : 6344 / 8800
SCL #err weighted degeneracy : 6273 6273 6254 6230 6266 6269 
degeneracy helps : 1028 1000 1065 1174 1196 1236 
degeneracy worse : 957 936 975 1060 1118 1161 
SCL #err deg : 6419 / 8900
SCL #err weighted degeneracy : 6347 6346 6329 6303 6339 6342 
degeneracy helps : 1037 1008 1074 1185 1207 1247 
degeneracy worse : 965 943 984 1069 1127 1170 
SCL #err deg : 6492 / 9000
SCL #err weighted degeneracy : 6420 6418 6403 6377 6414 6417 
degeneracy helps : 1049 1021 1086 1197 1219 1260 
degeneracy worse : 977 955 997 1082 1141 1185 
SCL #err deg : 6567 / 9100
SCL #err weighted degeneracy : 6499 6496 6484 6456 6495 6497 
degeneracy helps : 1058 1030 1094 1207 1228 1269 
degeneracy worse : 990 967 1011 1096 1156 1199 
SCL #err deg : 6637 / 9200
SCL #err weighted degeneracy : 6572 6568 6558 6530 6570 6576 
degeneracy helps : 1066 1038 1102 1215 1236 1278 
degeneracy worse : 1001 977 1023 1108 1169 1217 
SCL #err deg : 6703 / 9300
SCL #err weighted degeneracy : 6640 6637 6627 6603 6644 6651 
degeneracy helps : 1074 1046 1110 1222 1242 1284 
degeneracy worse : 1011 988 1034 1122 1183 1232 
SCL #err deg : 6773 / 9400
SCL #err weighted degeneracy : 6715 6713 6701 6679 6720 6729 
degeneracy helps : 1080 1051 1117 1229 1250 1292 
degeneracy worse : 1022 999 1045 1135 1197 1248 
SCL #err deg : 6836 / 9500
SCL #err weighted degeneracy : 6790 6786 6775 6757 6798 6808 
degeneracy helps : 1088 1060 1126 1237 1258 1300 
degeneracy worse : 1042 1018 1065 1158 1220 1272 
SCL #err deg : 6911 / 9600
SCL #err weighted degeneracy : 6867 6863 6851 6830 6868 6880 
degeneracy helps : 1099 1071 1138 1252 1276 1316 
degeneracy worse : 1055 1031 1078 1171 1233 1285 
SCL #err deg : 6980 / 9700
SCL #err weighted degeneracy : 6932 6928 6917 6895 6934 6946 
degeneracy helps : 1113 1085 1152 1267 1291 1331 
degeneracy worse : 1065 1041 1089 1182 1245 1297 
SCL #err deg : 7059 / 9800
SCL #err weighted degeneracy : 7007 7003 6992 6971 7008 7020 
degeneracy helps : 1126 1098 1165 1281 1306 1346 
degeneracy worse : 1074 1050 1098 1193 1255 1307 
SCL #err deg : 7135 / 9900
SCL #err weighted degeneracy : 7076 7071 7061 7041 7080 7094 
degeneracy helps : 1139 1111 1178 1293 1317 1357 
degeneracy worse : 1080 1055 1104 1199 1262 1316 
SCL #err deg : 7205 / 10000
SCL #err weighted degeneracy : 7146 7139 7131 7111 7151 7165 
degeneracy helps : 1149 1121 1188 1304 1328 1368 
degeneracy worse : 1090 1063 1114 1210 1274 1328 
average #flips: 25.5962
SCL #err considering degeneracy: 7205
error due to equal 66
error due to SCL smaller 7139
Finish in 1032 s
