Simulation Polar syndrome FASTER N=256, K=129, l=1, pz=0.11, #samples=10000, seed=0
PW construction
Event generator random seed: 0
SCL #err deg : 52 / 100
SCL #err weighted degeneracy : 52 52 52 52 52 52 
degeneracy helps : 0 0 0 0 0 0 
degeneracy worse : 0 0 0 0 0 0 
SCL #err deg : 102 / 200
SCL #err weighted degeneracy : 102 102 102 102 102 102 
degeneracy helps : 0 0 0 0 0 0 
degeneracy worse : 0 0 0 0 0 0 
SCL #err deg : 145 / 300
SCL #err weighted degeneracy : 145 145 145 145 145 145 
degeneracy helps : 0 0 0 0 0 0 
degeneracy worse : 0 0 0 0 0 0 
SCL #err deg : 183 / 400
SCL #err weighted degeneracy : 183 183 183 183 183 183 
degeneracy helps : 0 0 0 0 0 0 
degeneracy worse : 0 0 0 0 0 0 
SCL #err deg : 227 / 500
SCL #err weighted degeneracy : 227 227 227 227 227 227 
degeneracy helps : 0 0 0 0 0 0 
degeneracy worse : 0 0 0 0 0 0 
SCL #err deg : 274 / 600
SCL #err weighted degeneracy : 274 274 274 274 274 274 
degeneracy helps : 0 0 0 0 0 0 
degeneracy worse : 0 0 0 0 0 0 
SCL #err deg : 313 / 700
SCL #err weighted degeneracy : 313 313 313 313 313 313 
degeneracy helps : 0 0 0 0 0 0 
degeneracy worse : 0 0 0 0 0 0 
SCL #err deg : 362 / 800
SCL #err weighted degeneracy : 362 362 362 362 362 362 
degeneracy helps : 0 0 0 0 0 0 
degeneracy worse : 0 0 0 0 0 0 
SCL #err deg : 403 / 900
SCL #err weighted degeneracy : 403 403 403 403 403 403 
degeneracy helps : 0 0 0 0 0 0 
degeneracy worse : 0 0 0 0 0 0 
SCL #err deg : 448 / 1000
SCL #err weighted degeneracy : 448 448 448 448 448 448 
degeneracy helps : 0 0 0 0 0 0 
degeneracy worse : 0 0 0 0 0 0 
SCL #err deg : 487 / 1100
SCL #err weighted degeneracy : 487 487 487 487 487 487 
degeneracy helps : 0 0 0 0 0 0 
degeneracy worse : 0 0 0 0 0 0 
SCL #err deg : 534 / 1200
SCL #err weighted degeneracy : 534 534 534 534 534 534 
degeneracy helps : 0 0 0 0 0 0 
degeneracy worse : 0 0 0 0 0 0 
SCL #err deg : 579 / 1300
SCL #err weighted degeneracy : 579 579 579 579 579 579 
degeneracy helps : 0 0 0 0 0 0 
degeneracy worse : 0 0 0 0 0 0 
SCL #err deg : 613 / 1400
SCL #err weighted degeneracy : 613 613 613 613 613 613 
degeneracy helps : 0 0 0 0 0 0 
degeneracy worse : 0 0 0 0 0 0 
SCL #err deg : 661 / 1500
SCL #err weighted degeneracy : 661 661 661 661 661 661 
degeneracy helps : 0 0 0 0 0 0 
degeneracy worse : 0 0 0 0 0 0 
SCL #err deg : 710 / 1600
SCL #err weighted degeneracy : 710 710 710 710 710 710 
degeneracy helps : 0 0 0 0 0 0 
degeneracy worse : 0 0 0 0 0 0 
SCL #err deg : 762 / 1700
SCL #err weighted degeneracy : 762 762 762 762 762 762 
degeneracy helps : 0 0 0 0 0 0 
degeneracy worse : 0 0 0 0 0 0 
SCL #err deg : 823 / 1800
SCL #err weighted degeneracy : 823 823 823 823 823 823 
degeneracy helps : 0 0 0 0 0 0 
degeneracy worse : 0 0 0 0 0 0 
SCL #err deg : 869 / 1900
SCL #err weighted degeneracy : 869 869 869 869 869 869 
degeneracy helps : 0 0 0 0 0 0 
degeneracy worse : 0 0 0 0 0 0 
SCL #err deg : 914 / 2000
SCL #err weighted degeneracy : 914 914 914 914 914 914 
degeneracy helps : 0 0 0 0 0 0 
degeneracy worse : 0 0 0 0 0 0 
SCL #err deg : 957 / 2100
SCL #err weighted degeneracy : 957 957 957 957 957 957 
degeneracy helps : 0 0 0 0 0 0 
degeneracy worse : 0 0 0 0 0 0 
SCL #err deg : 1009 / 2200
SCL #err weighted degeneracy : 1009 1009 1009 1009 1009 1009 
degeneracy helps : 0 0 0 0 0 0 
degeneracy worse : 0 0 0 0 0 0 
SCL #err deg : 1046 / 2300
SCL #err weighted degeneracy : 1046 1046 1046 1046 1046 1046 
degeneracy helps : 0 0 0 0 0 0 
degeneracy worse : 0 0 0 0 0 0 
SCL #err deg : 1078 / 2400
SCL #err weighted degeneracy : 1078 1078 1078 1078 1078 1078 
degeneracy helps : 0 0 0 0 0 0 
degeneracy worse : 0 0 0 0 0 0 
SCL #err deg : 1126 / 2500
SCL #err weighted degeneracy : 1126 1126 1126 1126 1126 1126 
degeneracy helps : 0 0 0 0 0 0 
degeneracy worse : 0 0 0 0 0 0 
SCL #err deg : 1173 / 2600
SCL #err weighted degeneracy : 1173 1173 1173 1173 1173 1173 
degeneracy helps : 0 0 0 0 0 0 
degeneracy worse : 0 0 0 0 0 0 
SCL #err deg : 1217 / 2700
SCL #err weighted degeneracy : 1217 1217 1217 1217 1217 1217 
degeneracy helps : 0 0 0 0 0 0 
degeneracy worse : 0 0 0 0 0 0 
SCL #err deg : 1263 / 2800
SCL #err weighted degeneracy : 1263 1263 1263 1263 1263 1263 
degeneracy helps : 0 0 0 0 0 0 
degeneracy worse : 0 0 0 0 0 0 
SCL #err deg : 1308 / 2900
SCL #err weighted degeneracy : 1308 1308 1308 1308 1308 1308 
degeneracy helps : 0 0 0 0 0 0 
degeneracy worse : 0 0 0 0 0 0 
SCL #err deg : 1345 / 3000
SCL #err weighted degeneracy : 1345 1345 1345 1345 1345 1345 
degeneracy helps : 0 0 0 0 0 0 
degeneracy worse : 0 0 0 0 0 0 
SCL #err deg : 1390 / 3100
SCL #err weighted degeneracy : 1390 1390 1390 1390 1390 1390 
degeneracy helps : 0 0 0 0 0 0 
degeneracy worse : 0 0 0 0 0 0 
SCL #err deg : 1430 / 3200
SCL #err weighted degeneracy : 1430 1430 1430 1430 1430 1430 
degeneracy helps : 0 0 0 0 0 0 
degeneracy worse : 0 0 0 0 0 0 
SCL #err deg : 1474 / 3300
SCL #err weighted degeneracy : 1474 1474 1474 1474 1474 1474 
degeneracy helps : 0 0 0 0 0 0 
degeneracy worse : 0 0 0 0 0 0 
SCL #err deg : 1516 / 3400
SCL #err weighted degeneracy : 1516 1516 1516 1516 1516 1516 
degeneracy helps : 0 0 0 0 0 0 
degeneracy worse : 0 0 0 0 0 0 
SCL #err deg : 1565 / 3500
SCL #err weighted degeneracy : 1565 1565 1565 1565 1565 1565 
degeneracy helps : 0 0 0 0 0 0 
degeneracy worse : 0 0 0 0 0 0 
SCL #err deg : 1608 / 3600
SCL #err weighted degeneracy : 1608 1608 1608 1608 1608 1608 
degeneracy helps : 0 0 0 0 0 0 
degeneracy worse : 0 0 0 0 0 0 
SCL #err deg : 1651 / 3700
SCL #err weighted degeneracy : 1651 1651 1651 1651 1651 1651 
degeneracy helps : 0 0 0 0 0 0 
degeneracy worse : 0 0 0 0 0 0 
SCL #err deg : 1688 / 3800
SCL #err weighted degeneracy : 1688 1688 1688 1688 1688 1688 
degeneracy helps : 0 0 0 0 0 0 
degeneracy worse : 0 0 0 0 0 0 
SCL #err deg : 1725 / 3900
SCL #err weighted degeneracy : 1725 1725 1725 1725 1725 1725 
degeneracy helps : 0 0 0 0 0 0 
degeneracy worse : 0 0 0 0 0 0 
SCL #err deg : 1760 / 4000
SCL #err weighted degeneracy : 1760 1760 1760 1760 1760 1760 
degeneracy helps : 0 0 0 0 0 0 
degeneracy worse : 0 0 0 0 0 0 
SCL #err deg : 1803 / 4100
SCL #err weighted degeneracy : 1803 1803 1803 1803 1803 1803 
degeneracy helps : 0 0 0 0 0 0 
degeneracy worse : 0 0 0 0 0 0 
SCL #err deg : 1848 / 4200
SCL #err weighted degeneracy : 1848 1848 1848 1848 1848 1848 
degeneracy helps : 0 0 0 0 0 0 
degeneracy worse : 0 0 0 0 0 0 
SCL #err deg : 1894 / 4300
SCL #err weighted degeneracy : 1894 1894 1894 1894 1894 1894 
degeneracy helps : 0 0 0 0 0 0 
degeneracy worse : 0 0 0 0 0 0 
SCL #err deg : 1949 / 4400
SCL #err weighted degeneracy : 1949 1949 1949 1949 1949 1949 
degeneracy helps : 0 0 0 0 0 0 
degeneracy worse : 0 0 0 0 0 0 
SCL #err deg : 1992 / 4500
SCL #err weighted degeneracy : 1992 1992 1992 1992 1992 1992 
degeneracy helps : 0 0 0 0 0 0 
degeneracy worse : 0 0 0 0 0 0 
SCL #err deg : 2039 / 4600
SCL #err weighted degeneracy : 2039 2039 2039 2039 2039 2039 
degeneracy helps : 0 0 0 0 0 0 
degeneracy worse : 0 0 0 0 0 0 
SCL #err deg : 2080 / 4700
SCL #err weighted degeneracy : 2080 2080 2080 2080 2080 2080 
degeneracy helps : 0 0 0 0 0 0 
degeneracy worse : 0 0 0 0 0 0 
SCL #err deg : 2123 / 4800
SCL #err weighted degeneracy : 2123 2123 2123 2123 2123 2123 
degeneracy helps : 0 0 0 0 0 0 
degeneracy worse : 0 0 0 0 0 0 
SCL #err deg : 2173 / 4900
SCL #err weighted degeneracy : 2173 2173 2173 2173 2173 2173 
degeneracy helps : 0 0 0 0 0 0 
degeneracy worse : 0 0 0 0 0 0 
SCL #err deg : 2214 / 5000
SCL #err weighted degeneracy : 2214 2214 2214 2214 2214 2214 
degeneracy helps : 0 0 0 0 0 0 
degeneracy worse : 0 0 0 0 0 0 
SCL #err deg : 2266 / 5100
SCL #err weighted degeneracy : 2266 2266 2266 2266 2266 2266 
degeneracy helps : 0 0 0 0 0 0 
degeneracy worse : 0 0 0 0 0 0 
SCL #err deg : 2309 / 5200
SCL #err weighted degeneracy : 2309 2309 2309 2309 2309 2309 
degeneracy helps : 0 0 0 0 0 0 
degeneracy worse : 0 0 0 0 0 0 
SCL #err deg : 2348 / 5300
SCL #err weighted degeneracy : 2348 2348 2348 2348 2348 2348 
degeneracy helps : 0 0 0 0 0 0 
degeneracy worse : 0 0 0 0 0 0 
SCL #err deg : 2397 / 5400
SCL #err weighted degeneracy : 2397 2397 2397 2397 2397 2397 
degeneracy helps : 0 0 0 0 0 0 
degeneracy worse : 0 0 0 0 0 0 
SCL #err deg : 2441 / 5500
SCL #err weighted degeneracy : 2441 2441 2441 2441 2441 2441 
degeneracy helps : 0 0 0 0 0 0 
degeneracy worse : 0 0 0 0 0 0 
SCL #err deg : 2489 / 5600
SCL #err weighted degeneracy : 2489 2489 2489 2489 2489 2489 
degeneracy helps : 0 0 0 0 0 0 
degeneracy worse : 0 0 0 0 0 0 
SCL #err deg : 2534 / 5700
SCL #err weighted degeneracy : 2534 2534 2534 2534 2534 2534 
degeneracy helps : 0 0 0 0 0 0 
degeneracy worse : 0 0 0 0 0 0 
SCL #err deg : 2580 / 5800
SCL #err weighted degeneracy : 2580 2580 2580 2580 2580 2580 
degeneracy helps : 0 0 0 0 0 0 
degeneracy worse : 0 0 0 0 0 0 
SCL #err deg : 2624 / 5900
SCL #err weighted degeneracy : 2624 2624 2624 2624 2624 2624 
degeneracy helps : 0 0 0 0 0 0 
degeneracy worse : 0 0 0 0 0 0 
SCL #err deg : 2677 / 6000
SCL #err weighted degeneracy : 2677 2677 2677 2677 2677 2677 
degeneracy helps : 0 0 0 0 0 0 
degeneracy worse : 0 0 0 0 0 0 
SCL #err deg : 2724 / 6100
SCL #err weighted degeneracy : 2724 2724 2724 2724 2724 2724 
degeneracy helps : 0 0 0 0 0 0 
degeneracy worse : 0 0 0 0 0 0 
SCL #err deg : 2766 / 6200
SCL #err weighted degeneracy : 2766 2766 2766 2766 2766 2766 
degeneracy helps : 0 0 0 0 0 0 
degeneracy worse : 0 0 0 0 0 0 
SCL #err deg : 2804 / 6300
SCL #err weighted degeneracy : 2804 2804 2804 2804 2804 2804 
degeneracy helps : 0 0 0 0 0 0 
degeneracy worse : 0 0 0 0 0 0 
SCL #err deg : 2845 / 6400
SCL #err weighted degeneracy : 2845 2845 2845 2845 2845 2845 
degeneracy helps : 0 0 0 0 0 0 
degeneracy worse : 0 0 0 0 0 0 
SCL #err deg : 2892 / 6500
SCL #err weighted degeneracy : 2892 2892 2892 2892 2892 2892 
degeneracy helps : 0 0 0 0 0 0 
degeneracy worse : 0 0 0 0 0 0 
SCL #err deg : 2930 / 6600
SCL #err weighted degeneracy : 2930 2930 2930 2930 2930 2930 
degeneracy helps : 0 0 0 0 0 0 
degeneracy worse : 0 0 0 0 0 0 
SCL #err deg : 2977 / 6700
SCL #err weighted degeneracy : 2977 2977 2977 2977 2977 2977 
degeneracy helps : 0 0 0 0 0 0 
degeneracy worse : 0 0 0 0 0 0 
SCL #err deg : 3017 / 6800
SCL #err weighted degeneracy : 3017 3017 3017 3017 3017 3017 
degeneracy helps : 0 0 0 0 0 0 
degeneracy worse : 0 0 0 0 0 0 
SCL #err deg : 3066 / 6900
SCL #err weighted degeneracy : 3066 3066 3066 3066 3066 3066 
degeneracy helps : 0 0 0 0 0 0 
degeneracy worse : 0 0 0 0 0 0 
SCL #err deg : 3111 / 7000
SCL #err weighted degeneracy : 3111 3111 3111 3111 3111 3111 
degeneracy helps : 0 0 0 0 0 0 
degeneracy worse : 0 0 0 0 0 0 
SCL #err deg : 3154 / 7100
SCL #err weighted degeneracy : 3154 3154 3154 3154 3154 3154 
degeneracy helps : 0 0 0 0 0 0 
degeneracy worse : 0 0 0 0 0 0 
SCL #err deg : 3205 / 7200
SCL #err weighted degeneracy : 3205 3205 3205 3205 3205 3205 
degeneracy helps : 0 0 0 0 0 0 
degeneracy worse : 0 0 0 0 0 0 
SCL #err deg : 3246 / 7300
SCL #err weighted degeneracy : 3246 3246 3246 3246 3246 3246 
degeneracy helps : 0 0 0 0 0 0 
degeneracy worse : 0 0 0 0 0 0 
SCL #err deg : 3289 / 7400
SCL #err weighted degeneracy : 3289 3289 3289 3289 3289 3289 
degeneracy helps : 0 0 0 0 0 0 
degeneracy worse : 0 0 0 0 0 0 
SCL #err deg : 3328 / 7500
SCL #err weighted degeneracy : 3328 3328 3328 3328 3328 3328 
degeneracy helps : 0 0 0 0 0 0 
degeneracy worse : 0 0 0 0 0 0 
SCL #err deg : 3366 / 7600
SCL #err weighted degeneracy : 3366 3366 3366 3366 3366 3366 
degeneracy helps : 0 0 0 0 0 0 
degeneracy worse : 0 0 0 0 0 0 
SCL #err deg : 3416 / 7700
SCL #err weighted degeneracy : 3416 3416 3416 3416 3416 3416 
degeneracy helps : 0 0 0 0 0 0 
degeneracy worse : 0 0 0 0 0 0 
SCL #err deg : 3468 / 7800
SCL #err weighted degeneracy : 3468 3468 3468 3468 3468 3468 
degeneracy helps : 0 0 0 0 0 0 
degeneracy worse : 0 0 0 0 0 0 
SCL #err deg : 3513 / 7900
SCL #err weighted degeneracy : 3513 3513 3513 3513 3513 3513 
degeneracy helps : 0 0 0 0 0 0 
degeneracy worse : 0 0 0 0 0 0 
SCL #err deg : 3560 / 8000
SCL #err weighted degeneracy : 3560 3560 3560 3560 3560 3560 
degeneracy helps : 0 0 0 0 0 0 
degeneracy worse : 0 0 0 0 0 0 
SCL #err deg : 3596 / 8100
SCL #err weighted degeneracy : 3596 3596 3596 3596 3596 3596 
degeneracy helps : 0 0 0 0 0 0 
degeneracy worse : 0 0 0 0 0 0 
SCL #err deg : 3640 / 8200
SCL #err weighted degeneracy : 3640 3640 3640 3640 3640 3640 
degeneracy helps : 0 0 0 0 0 0 
degeneracy worse : 0 0 0 0 0 0 
SCL #err deg : 3675 / 8300
SCL #err weighted degeneracy : 3675 3675 3675 3675 3675 3675 
degeneracy helps : 0 0 0 0 0 0 
degeneracy worse : 0 0 0 0 0 0 
SCL #err deg : 3716 / 8400
SCL #err weighted degeneracy : 3716 3716 3716 3716 3716 3716 
degeneracy helps : 0 0 0 0 0 0 
degeneracy worse : 0 0 0 0 0 0 
SCL #err deg : 3767 / 8500
SCL #err weighted degeneracy : 3767 3767 3767 3767 3767 3767 
degeneracy helps : 0 0 0 0 0 0 
degeneracy worse : 0 0 0 0 0 0 
SCL #err deg : 3813 / 8600
SCL #err weighted degeneracy : 3813 3813 3813 3813 3813 3813 
degeneracy helps : 0 0 0 0 0 0 
degeneracy worse : 0 0 0 0 0 0 
SCL #err deg : 3853 / 8700
SCL #err weighted degeneracy : 3853 3853 3853 3853 3853 3853 
degeneracy helps : 0 0 0 0 0 0 
degeneracy worse : 0 0 0 0 0 0 
SCL #err deg : 3893 / 8800
SCL #err weighted degeneracy : 3893 3893 3893 3893 3893 3893 
degeneracy helps : 0 0 0 0 0 0 
degeneracy worse : 0 0 0 0 0 0 
SCL #err deg : 3942 / 8900
SCL #err weighted degeneracy : 3942 3942 3942 3942 3942 3942 
degeneracy helps : 0 0 0 0 0 0 
degeneracy worse : 0 0 0 0 0 0 
SCL #err deg : 3984 / 9000
SCL #err weighted degeneracy : 3984 3984 3984 3984 3984 3984 
degeneracy helps : 0 0 0 0 0 0 
degeneracy worse : 0 0 0 0 0 0 
SCL #err deg : 4031 / 9100
SCL #err weighted degeneracy : 4031 4031 4031 4031 4031 4031 
degeneracy helps : 0 0 0 0 0 0 
degeneracy worse : 0 0 0 0 0 0 
SCL #err deg : 4074 / 9200
SCL #err weighted degeneracy : 4074 4074 4074 4074 4074 4074 
degeneracy helps : 0 0 0 0 0 0 
degeneracy worse : 0 0 0 0 0 0 
SCL #err deg : 4119 / 9300
SCL #err weighted degeneracy : 4119 4119 4119 4119 4119 4119 
degeneracy helps : 0 0 0 0 0 0 
degeneracy worse : 0 0 0 0 0 0 
SCL #err deg : 4156 / 9400
SCL #err weighted degeneracy : 4156 4156 4156 4156 4156 4156 
degeneracy helps : 0 0 0 0 0 0 
degeneracy worse : 0 0 0 0 0 0 
SCL #err deg : 4198 / 9500
SCL #err weighted degeneracy : 4198 4198 4198 4198 4198 4198 
degeneracy helps : 0 0 0 0 0 0 
degeneracy worse : 0 0 0 0 0 0 
SCL #err deg : 4241 / 9600
SCL #err weighted degeneracy : 4241 4241 4241 4241 4241 4241 
degeneracy helps : 0 0 0 0 0 0 
degeneracy worse : 0 0 0 0 0 0 
SCL #err deg : 4280 / 9700
SCL #err weighted degeneracy : 4280 4280 4280 4280 4280 4280 
degeneracy helps : 0 0 0 0 0 0 
degeneracy worse : 0 0 0 0 0 0 
SCL #err deg : 4322 / 9800
SCL #err weighted degeneracy : 4322 4322 4322 4322 4322 4322 
degeneracy helps : 0 0 0 0 0 0 
degeneracy worse : 0 0 0 0 0 0 
SCL #err deg : 4373 / 9900
SCL #err weighted degeneracy : 4373 4373 4373 4373 4373 4373 
degeneracy helps : 0 0 0 0 0 0 
degeneracy worse : 0 0 0 0 0 0 
SCL #err deg : 4404 / 10000
SCL #err weighted degeneracy : 4404 4404 4404 4404 4404 4404 
degeneracy helps : 0 0 0 0 0 0 
degeneracy worse : 0 0 0 0 0 0 
average #flips: 28.1351
SCL #err considering degeneracy: 4404
error due to equal 1040
error due to SCL smaller 1365
Finish in 7 s
