Simulation Polar syndrome FASTER N=256, K=129, l=1, pz=0.12, #samples=10000, seed=0
PW construction
Event generator random seed: 0
SCL #err deg : 62 / 100
SCL #err weighted degeneracy : 62 62 62 62 62 62 
degeneracy helps : 0 0 0 0 0 0 
degeneracy worse : 0 0 0 0 0 0 
SCL #err deg : 115 / 200
SCL #err weighted degeneracy : 115 115 115 115 115 115 
degeneracy helps : 0 0 0 0 0 0 
degeneracy worse : 0 0 0 0 0 0 
SCL #err deg : 167 / 300
SCL #err weighted degeneracy : 167 167 167 167 167 167 
degeneracy helps : 0 0 0 0 0 0 
degeneracy worse : 0 0 0 0 0 0 
SCL #err deg : 216 / 400
SCL #err weighted degeneracy : 216 216 216 216 216 216 
degeneracy helps : 0 0 0 0 0 0 
degeneracy worse : 0 0 0 0 0 0 
SCL #err deg : 273 / 500
SCL #err weighted degeneracy : 273 273 273 273 273 273 
degeneracy helps : 0 0 0 0 0 0 
degeneracy worse : 0 0 0 0 0 0 
SCL #err deg : 323 / 600
SCL #err weighted degeneracy : 323 323 323 323 323 323 
degeneracy helps : 0 0 0 0 0 0 
degeneracy worse : 0 0 0 0 0 0 
SCL #err deg : 372 / 700
SCL #err weighted degeneracy : 372 372 372 372 372 372 
degeneracy helps : 0 0 0 0 0 0 
degeneracy worse : 0 0 0 0 0 0 
SCL #err deg : 423 / 800
SCL #err weighted degeneracy : 423 423 423 423 423 423 
degeneracy helps : 0 0 0 0 0 0 
degeneracy worse : 0 0 0 0 0 0 
SCL #err deg : 473 / 900
SCL #err weighted degeneracy : 473 473 473 473 473 473 
degeneracy helps : 0 0 0 0 0 0 
degeneracy worse : 0 0 0 0 0 0 
SCL #err deg : 522 / 1000
SCL #err weighted degeneracy : 522 522 522 522 522 522 
degeneracy helps : 0 0 0 0 0 0 
degeneracy worse : 0 0 0 0 0 0 
SCL #err deg : 578 / 1100
SCL #err weighted degeneracy : 578 578 578 578 578 578 
degeneracy helps : 0 0 0 0 0 0 
degeneracy worse : 0 0 0 0 0 0 
SCL #err deg : 631 / 1200
SCL #err weighted degeneracy : 631 631 631 631 631 631 
degeneracy helps : 0 0 0 0 0 0 
degeneracy worse : 0 0 0 0 0 0 
SCL #err deg : 681 / 1300
SCL #err weighted degeneracy : 681 681 681 681 681 681 
degeneracy helps : 0 0 0 0 0 0 
degeneracy worse : 0 0 0 0 0 0 
SCL #err deg : 730 / 1400
SCL #err weighted degeneracy : 730 730 730 730 730 730 
degeneracy helps : 0 0 0 0 0 0 
degeneracy worse : 0 0 0 0 0 0 
SCL #err deg : 790 / 1500
SCL #err weighted degeneracy : 790 790 790 790 790 790 
degeneracy helps : 0 0 0 0 0 0 
degeneracy worse : 0 0 0 0 0 0 
SCL #err deg : 847 / 1600
SCL #err weighted degeneracy : 847 847 847 847 847 847 
degeneracy helps : 0 0 0 0 0 0 
degeneracy worse : 0 0 0 0 0 0 
SCL #err deg : 904 / 1700
SCL #err weighted degeneracy : 904 904 904 904 904 904 
degeneracy helps : 0 0 0 0 0 0 
degeneracy worse : 0 0 0 0 0 0 
SCL #err deg : 976 / 1800
SCL #err weighted degeneracy : 976 976 976 976 976 976 
degeneracy helps : 0 0 0 0 0 0 
degeneracy worse : 0 0 0 0 0 0 
SCL #err deg : 1035 / 1900
SCL #err weighted degeneracy : 1035 1035 1035 1035 1035 1035 
degeneracy helps : 0 0 0 0 0 0 
degeneracy worse : 0 0 0 0 0 0 
SCL #err deg : 1084 / 2000
SCL #err weighted degeneracy : 1084 1084 1084 1084 1084 1084 
degeneracy helps : 0 0 0 0 0 0 
degeneracy worse : 0 0 0 0 0 0 
SCL #err deg : 1138 / 2100
SCL #err weighted degeneracy : 1138 1138 1138 1138 1138 1138 
degeneracy helps : 0 0 0 0 0 0 
degeneracy worse : 0 0 0 0 0 0 
SCL #err deg : 1194 / 2200
SCL #err weighted degeneracy : 1194 1194 1194 1194 1194 1194 
degeneracy helps : 0 0 0 0 0 0 
degeneracy worse : 0 0 0 0 0 0 
SCL #err deg : 1247 / 2300
SCL #err weighted degeneracy : 1247 1247 1247 1247 1247 1247 
degeneracy helps : 0 0 0 0 0 0 
degeneracy worse : 0 0 0 0 0 0 
SCL #err deg : 1291 / 2400
SCL #err weighted degeneracy : 1291 1291 1291 1291 1291 1291 
degeneracy helps : 0 0 0 0 0 0 
degeneracy worse : 0 0 0 0 0 0 
SCL #err deg : 1348 / 2500
SCL #err weighted degeneracy : 1348 1348 1348 1348 1348 1348 
degeneracy helps : 0 0 0 0 0 0 
degeneracy worse : 0 0 0 0 0 0 
SCL #err deg : 1400 / 2600
SCL #err weighted degeneracy : 1400 1400 1400 1400 1400 1400 
degeneracy helps : 0 0 0 0 0 0 
degeneracy worse : 0 0 0 0 0 0 
SCL #err deg : 1448 / 2700
SCL #err weighted degeneracy : 1448 1448 1448 1448 1448 1448 
degeneracy helps : 0 0 0 0 0 0 
degeneracy worse : 0 0 0 0 0 0 
SCL #err deg : 1499 / 2800
SCL #err weighted degeneracy : 1499 1499 1499 1499 1499 1499 
degeneracy helps : 0 0 0 0 0 0 
degeneracy worse : 0 0 0 0 0 0 
SCL #err deg : 1552 / 2900
SCL #err weighted degeneracy : 1552 1552 1552 1552 1552 1552 
degeneracy helps : 0 0 0 0 0 0 
degeneracy worse : 0 0 0 0 0 0 
SCL #err deg : 1597 / 3000
SCL #err weighted degeneracy : 1597 1597 1597 1597 1597 1597 
degeneracy helps : 0 0 0 0 0 0 
degeneracy worse : 0 0 0 0 0 0 
SCL #err deg : 1653 / 3100
SCL #err weighted degeneracy : 1653 1653 1653 1653 1653 1653 
degeneracy helps : 0 0 0 0 0 0 
degeneracy worse : 0 0 0 0 0 0 
SCL #err deg : 1706 / 3200
SCL #err weighted degeneracy : 1706 1706 1706 1706 1706 1706 
degeneracy helps : 0 0 0 0 0 0 
degeneracy worse : 0 0 0 0 0 0 
SCL #err deg : 1761 / 3300
SCL #err weighted degeneracy : 1761 1761 1761 1761 1761 1761 
degeneracy helps : 0 0 0 0 0 0 
degeneracy worse : 0 0 0 0 0 0 
SCL #err deg : 1812 / 3400
SCL #err weighted degeneracy : 1812 1812 1812 1812 1812 1812 
degeneracy helps : 0 0 0 0 0 0 
degeneracy worse : 0 0 0 0 0 0 
SCL #err deg : 1867 / 3500
SCL #err weighted degeneracy : 1867 1867 1867 1867 1867 1867 
degeneracy helps : 0 0 0 0 0 0 
degeneracy worse : 0 0 0 0 0 0 
SCL #err deg : 1918 / 3600
SCL #err weighted degeneracy : 1918 1918 1918 1918 1918 1918 
degeneracy helps : 0 0 0 0 0 0 
degeneracy worse : 0 0 0 0 0 0 
SCL #err deg : 1973 / 3700
SCL #err weighted degeneracy : 1973 1973 1973 1973 1973 1973 
degeneracy helps : 0 0 0 0 0 0 
degeneracy worse : 0 0 0 0 0 0 
SCL #err deg : 2020 / 3800
SCL #err weighted degeneracy : 2020 2020 2020 2020 2020 2020 
degeneracy helps : 0 0 0 0 0 0 
degeneracy worse : 0 0 0 0 0 0 
SCL #err deg : 2073 / 3900
SCL #err weighted degeneracy : 2073 2073 2073 2073 2073 2073 
degeneracy helps : 0 0 0 0 0 0 
degeneracy worse : 0 0 0 0 0 0 
SCL #err deg : 2126 / 4000
SCL #err weighted degeneracy : 2126 2126 2126 2126 2126 2126 
degeneracy helps : 0 0 0 0 0 0 
degeneracy worse : 0 0 0 0 0 0 
SCL #err deg : 2178 / 4100
SCL #err weighted degeneracy : 2178 2178 2178 2178 2178 2178 
degeneracy helps : 0 0 0 0 0 0 
degeneracy worse : 0 0 0 0 0 0 
SCL #err deg : 2232 / 4200
SCL #err weighted degeneracy : 2232 2232 2232 2232 2232 2232 
degeneracy helps : 0 0 0 0 0 0 
degeneracy worse : 0 0 0 0 0 0 
SCL #err deg : 2287 / 4300
SCL #err weighted degeneracy : 2287 2287 2287 2287 2287 2287 
degeneracy helps : 0 0 0 0 0 0 
degeneracy worse : 0 0 0 0 0 0 
SCL #err deg : 2340 / 4400
SCL #err weighted degeneracy : 2340 2340 2340 2340 2340 2340 
degeneracy helps : 0 0 0 0 0 0 
degeneracy worse : 0 0 0 0 0 0 
SCL #err deg : 2390 / 4500
SCL #err weighted degeneracy : 2390 2390 2390 2390 2390 2390 
degeneracy helps : 0 0 0 0 0 0 
degeneracy worse : 0 0 0 0 0 0 
SCL #err deg : 2448 / 4600
SCL #err weighted degeneracy : 2448 2448 2448 2448 2448 2448 
degeneracy helps : 0 0 0 0 0 0 
degeneracy worse : 0 0 0 0 0 0 
SCL #err deg : 2501 / 4700
SCL #err weighted degeneracy : 2501 2501 2501 2501 2501 2501 
degeneracy helps : 0 0 0 0 0 0 
degeneracy worse : 0 0 0 0 0 0 
SCL #err deg : 2548 / 4800
SCL #err weighted degeneracy : 2548 2548 2548 2548 2548 2548 
degeneracy helps : 0 0 0 0 0 0 
degeneracy worse : 0 0 0 0 0 0 
SCL #err deg : 2605 / 4900
SCL #err weighted degeneracy : 2605 2605 2605 2605 2605 2605 
degeneracy helps : 0 0 0 0 0 0 
degeneracy worse : 0 0 0 0 0 0 
SCL #err deg : 2658 / 5000
SCL #err weighted degeneracy : 2658 2658 2658 2658 2658 2658 
degeneracy helps : 0 0 0 0 0 0 
degeneracy worse : 0 0 0 0 0 0 
SCL #err deg : 2718 / 5100
SCL #err weighted degeneracy : 2718 2718 2718 2718 2718 2718 
degeneracy helps : 0 0 0 0 0 0 
degeneracy worse : 0 0 0 0 0 0 
SCL #err deg : 2775 / 5200
SCL #err weighted degeneracy : 2775 2775 2775 2775 2775 2775 
degeneracy helps : 0 0 0 0 0 0 
degeneracy worse : 0 0 0 0 0 0 
SCL #err deg : 2822 / 5300
SCL #err weighted degeneracy : 2822 2822 2822 2822 2822 2822 
degeneracy helps : 0 0 0 0 0 0 
degeneracy worse : 0 0 0 0 0 0 
SCL #err deg : 2883 / 5400
SCL #err weighted degeneracy : 2883 2883 2883 2883 2883 2883 
degeneracy helps : 0 0 0 0 0 0 
degeneracy worse : 0 0 0 0 0 0 
SCL #err deg : 2941 / 5500
SCL #err weighted degeneracy : 2941 2941 2941 2941 2941 2941 
degeneracy helps : 0 0 0 0 0 0 
degeneracy worse : 0 0 0 0 0 0 
SCL #err deg : 2992 / 5600
SCL #err weighted degeneracy : 2992 2992 2992 2992 2992 2992 
degeneracy helps : 0 0 0 0 0 0 
degeneracy worse : 0 0 0 0 0 0 
SCL #err deg : 3047 / 5700
SCL #err weighted degeneracy : 3047 3047 3047 3047 3047 3047 
degeneracy helps : 0 0 0 0 0 0 
degeneracy worse : 0 0 0 0 0 0 
SCL #err deg : 3104 / 5800
SCL #err weighted degeneracy : 3104 3104 3104 3104 3104 3104 
degeneracy helps : 0 0 0 0 0 0 
degeneracy worse : 0 0 0 0 0 0 
SCL #err deg : 3162 / 5900
SCL #err weighted degeneracy : 3162 3162 3162 3162 3162 3162 
degeneracy helps : 0 0 0 0 0 0 
degeneracy worse : 0 0 0 0 0 0 
SCL #err deg : 3214 / 6000
SCL #err weighted degeneracy : 3214 3214 3214 3214 3214 3214 
degeneracy helps : 0 0 0 0 0 0 
degeneracy worse : 0 0 0 0 0 0 
SCL #err deg : 3264 / 6100
SCL #err weighted degeneracy : 3264 3264 3264 3264 3264 3264 
degeneracy helps : 0 0 0 0 0 0 
degeneracy worse : 0 0 0 0 0 0 
SCL #err deg : 3317 / 6200
SCL #err weighted degeneracy : 3317 3317 3317 3317 3317 3317 
degeneracy helps : 0 0 0 0 0 0 
degeneracy worse : 0 0 0 0 0 0 
SCL #err deg : 3368 / 6300
SCL #err weighted degeneracy : 3368 3368 3368 3368 3368 3368 
degeneracy helps : 0 0 0 0 0 0 
degeneracy worse : 0 0 0 0 0 0 
SCL #err deg : 3412 / 6400
SCL #err weighted degeneracy : 3412 3412 3412 3412 3412 3412 
degeneracy helps : 0 0 0 0 0 0 
degeneracy worse : 0 0 0 0 0 0 
SCL #err deg : 3468 / 6500
SCL #err weighted degeneracy : 3468 3468 3468 3468 3468 3468 
degeneracy helps : 0 0 0 0 0 0 
degeneracy worse : 0 0 0 0 0 0 
SCL #err deg : 3517 / 6600
SCL #err weighted degeneracy : 3517 3517 3517 3517 3517 3517 
degeneracy helps : 0 0 0 0 0 0 
degeneracy worse : 0 0 0 0 0 0 
SCL #err deg : 3571 / 6700
SCL #err weighted degeneracy : 3571 3571 3571 3571 3571 3571 
degeneracy helps : 0 0 0 0 0 0 
degeneracy worse : 0 0 0 0 0 0 
SCL #err deg : 3626 / 6800
SCL #err weighted degeneracy : 3626 3626 3626 3626 3626 3626 
degeneracy helps : 0 0 0 0 0 0 
degeneracy worse : 0 0 0 0 0 0 
SCL #err deg : 3685 / 6900
SCL #err weighted degeneracy : 3685 3685 3685 3685 3685 3685 
degeneracy helps : 0 0 0 0 0 0 
degeneracy worse : 0 0 0 0 0 0 
SCL #err deg : 3734 / 7000
SCL #err weighted degeneracy : 3734 3734 3734 3734 3734 3734 
degeneracy helps : 0 0 0 0 0 0 
degeneracy worse : 0 0 0 0 0 0 
SCL #err deg : 3782 / 7100
SCL #err weighted degeneracy : 3782 3782 3782 3782 3782 3782 
degeneracy helps : 0 0 0 0 0 0 
degeneracy worse : 0 0 0 0 0 0 
SCL #err deg : 3841 / 7200
SCL #err weighted degeneracy : 3841 3841 3841 3841 3841 3841 
degeneracy helps : 0 0 0 0 0 0 
degeneracy worse : 0 0 0 0 0 0 
SCL #err deg : 3895 / 7300
SCL #err weighted degeneracy : 3895 3895 3895 3895 3895 3895 
degeneracy helps : 0 0 0 0 0 0 
degeneracy worse : 0 0 0 0 0 0 
SCL #err deg : 3940 / 7400
SCL #err weighted degeneracy : 3940 3940 3940 3940 3940 3940 
degeneracy helps : 0 0 0 0 0 0 
degeneracy worse : 0 0 0 0 0 0 
SCL #err deg : 3999 / 7500
SCL #err weighted degeneracy : 3999 3999 3999 3999 3999 3999 
degeneracy helps : 0 0 0 0 0 0 
degeneracy worse : 0 0 0 0 0 0 
SCL #err deg : 4047 / 7600
SCL #err weighted degeneracy : 4047 4047 4047 4047 4047 4047 
degeneracy helps : 0 0 0 0 0 0 
degeneracy worse : 0 0 0 0 0 0 
SCL #err deg : 4107 / 7700
SCL #err weighted degeneracy : 4107 4107 4107 4107 4107 4107 
degeneracy helps : 0 0 0 0 0 0 
degeneracy worse : 0 0 0 0 0 0 
SCL #err deg : 4157 / 7800
SCL #err weighted degeneracy : 4157 4157 4157 4157 4157 4157 
degeneracy helps : 0 0 0 0 0 0 
degeneracy worse : 0 0 0 0 0 0 
SCL #err deg : 4210 / 7900
SCL #err weighted degeneracy : 4210 4210 4210 4210 4210 4210 
degeneracy helps : 0 0 0 0 0 0 
degeneracy worse : 0 0 0 0 0 0 
SCL #err deg : 4267 / 8000
SCL #err weighted degeneracy : 4267 4267 4267 4267 4267 4267 
degeneracy helps : 0 0 0 0 0 0 
degeneracy worse : 0 0 0 0 0 0 
SCL #err deg : 4318 / 8100
SCL #err weighted degeneracy : 4318 4318 4318 4318 4318 4318 
degeneracy helps : 0 0 0 0 0 0 
degeneracy worse : 0 0 0 0 0 0 
SCL #err deg : 4365 / 8200
SCL #err weighted degeneracy : 4365 4365 4365 4365 4365 4365 
degeneracy helps : 0 0 0 0 0 0 
degeneracy worse : 0 0 0 0 0 0 
SCL #err deg : 4414 / 8300
SCL #err weighted degeneracy : 4414 4414 4414 4414 4414 4414 
degeneracy helps : 0 0 0 0 0 0 
degeneracy worse : 0 0 0 0 0 0 
SCL #err deg : 4466 / 8400
SCL #err weighted degeneracy : 4466 4466 4466 4466 4466 4466 
degeneracy helps : 0 0 0 0 0 0 
degeneracy worse : 0 0 0 0 0 0 
SCL #err deg : 4532 / 8500
SCL #err weighted degeneracy : 4532 4532 4532 4532 4532 4532 
degeneracy helps : 0 0 0 0 0 0 
degeneracy worse : 0 0 0 0 0 0 
SCL #err deg : 4586 / 8600
SCL #err weighted degeneracy : 4586 4586 4586 4586 4586 4586 
degeneracy helps : 0 0 0 0 0 0 
degeneracy worse : 0 0 0 0 0 0 
SCL #err deg : 4635 / 8700
SCL #err weighted degeneracy : 4635 4635 4635 4635 4635 4635 
degeneracy helps : 0 0 0 0 0 0 
degeneracy worse : 0 0 0 0 0 0 
SCL #err deg : 4688 / 8800
SCL #err weighted degeneracy : 4688 4688 4688 4688 4688 4688 
degeneracy helps : 0 0 0 0 0 0 
degeneracy worse : 0 0 0 0 0 0 
SCL #err deg : 4747 / 8900
SCL #err weighted degeneracy : 4747 4747 4747 4747 4747 4747 
degeneracy helps : 0 0 0 0 0 0 
degeneracy worse : 0 0 0 0 0 0 
SCL #err deg : 4802 / 9000
SCL #err weighted degeneracy : 4802 4802 4802 4802 4802 4802 
degeneracy helps : 0 0 0 0 0 0 
degeneracy worse : 0 0 0 0 0 0 
SCL #err deg : 4857 / 9100
SCL #err weighted degeneracy : 4857 4857 4857 4857 4857 4857 
degeneracy helps : 0 0 0 0 0 0 
degeneracy worse : 0 0 0 0 0 0 
SCL #err deg : 4917 / 9200
SCL #err weighted degeneracy : 4917 4917 4917 4917 4917 4917 
degeneracy helps : 0 0 0 0 0 0 
degeneracy worse : 0 0 0 0 0 0 
SCL #err deg : 4971 / 9300
SCL #err weighted degeneracy : 4971 4971 4971 4971 4971 4971 
degeneracy helps : 0 0 0 0 0 0 
degeneracy worse : 0 0 0 0 0 0 
SCL #err deg : 5012 / 9400
SCL #err weighted degeneracy : 5012 5012 5012 5012 5012 5012 
degeneracy helps : 0 0 0 0 0 0 
degeneracy worse : 0 0 0 0 0 0 
SCL #err deg : 5066 / 9500
SCL #err weighted degeneracy : 5066 5066 5066 5066 5066 5066 
degeneracy helps : 0 0 0 0 0 0 
degeneracy worse : 0 0 0 0 0 0 
SCL #err deg : 5114 / 9600
SCL #err weighted degeneracy : 5114 5114 5114 5114 5114 5114 
degeneracy helps : 0 0 0 0 0 0 
degeneracy worse : 0 0 0 0 0 0 
SCL #err deg : 5164 / 9700
SCL #err weighted degeneracy : 5164 5164 5164 5164 5164 5164 
degeneracy helps : 0 0 0 0 0 0 
degeneracy worse : 0 0 0 0 0 0 
SCL #err deg : 5219 / 9800
SCL #err weighted degeneracy : 5219 5219 5219 5219 5219 5219 
degeneracy helps : 0 0 0 0 0 0 
degeneracy worse : 0 0 0 0 0 0 
SCL #err deg : 5277 / 9900
SCL #err weighted degeneracy : 5277 5277 5277 5277 5277 5277 
degeneracy helps : 0 0 0 0 0 0 
degeneracy worse : 0 0 0 0 0 0 
SCL #err deg : 5324 / 10000
SCL #err weighted degeneracy : 5324 5324 5324 5324 5324 5324 
degeneracy helps : 0 0 0 0 0 0 
degeneracy worse : 0 0 0 0 0 0 
average #flips: 30.6936
SCL #err considering degeneracy: 5324
error due to equal 1093
error due to SCL smaller 2341
Finish in 7 s
