Simulation Polar syndrome FASTER N=256, K=129, l=1, pz=0.14, #samples=10000, seed=0
PW construction
Event generator random seed: 0
SCL #err deg : 65 / 100
SCL #err weighted degeneracy : 65 65 65 65 65 65 
degeneracy helps : 0 0 0 0 0 0 
degeneracy worse : 0 0 0 0 0 0 
SCL #err deg : 133 / 200
SCL #err weighted degeneracy : 133 133 133 133 133 133 
degeneracy helps : 0 0 0 0 0 0 
degeneracy worse : 0 0 0 0 0 0 
SCL #err deg : 203 / 300
SCL #err weighted degeneracy : 203 203 203 203 203 203 
degeneracy helps : 0 0 0 0 0 0 
degeneracy worse : 0 0 0 0 0 0 
SCL #err deg : 267 / 400
SCL #err weighted degeneracy : 267 267 267 267 267 267 
degeneracy helps : 0 0 0 0 0 0 
degeneracy worse : 0 0 0 0 0 0 
SCL #err deg : 333 / 500
SCL #err weighted degeneracy : 333 333 333 333 333 333 
degeneracy helps : 0 0 0 0 0 0 
degeneracy worse : 0 0 0 0 0 0 
SCL #err deg : 394 / 600
SCL #err weighted degeneracy : 394 394 394 394 394 394 
degeneracy helps : 0 0 0 0 0 0 
degeneracy worse : 0 0 0 0 0 0 
SCL #err deg : 460 / 700
SCL #err weighted degeneracy : 460 460 460 460 460 460 
degeneracy helps : 0 0 0 0 0 0 
degeneracy worse : 0 0 0 0 0 0 
SCL #err deg : 522 / 800
SCL #err weighted degeneracy : 522 522 522 522 522 522 
degeneracy helps : 0 0 0 0 0 0 
degeneracy worse : 0 0 0 0 0 0 
SCL #err deg : 582 / 900
SCL #err weighted degeneracy : 582 582 582 582 582 582 
degeneracy helps : 0 0 0 0 0 0 
degeneracy worse : 0 0 0 0 0 0 
SCL #err deg : 650 / 1000
SCL #err weighted degeneracy : 650 650 650 650 650 650 
degeneracy helps : 0 0 0 0 0 0 
degeneracy worse : 0 0 0 0 0 0 
SCL #err deg : 720 / 1100
SCL #err weighted degeneracy : 720 720 720 720 720 720 
degeneracy helps : 0 0 0 0 0 0 
degeneracy worse : 0 0 0 0 0 0 
SCL #err deg : 791 / 1200
SCL #err weighted degeneracy : 791 791 791 791 791 791 
degeneracy helps : 0 0 0 0 0 0 
degeneracy worse : 0 0 0 0 0 0 
SCL #err deg : 854 / 1300
SCL #err weighted degeneracy : 854 854 854 854 854 854 
degeneracy helps : 0 0 0 0 0 0 
degeneracy worse : 0 0 0 0 0 0 
SCL #err deg : 922 / 1400
SCL #err weighted degeneracy : 922 922 922 922 922 922 
degeneracy helps : 0 0 0 0 0 0 
degeneracy worse : 0 0 0 0 0 0 
SCL #err deg : 978 / 1500
SCL #err weighted degeneracy : 978 978 978 978 978 978 
degeneracy helps : 0 0 0 0 0 0 
degeneracy worse : 0 0 0 0 0 0 
SCL #err deg : 1040 / 1600
SCL #err weighted degeneracy : 1040 1040 1040 1040 1040 1040 
degeneracy helps : 0 0 0 0 0 0 
degeneracy worse : 0 0 0 0 0 0 
SCL #err deg : 1113 / 1700
SCL #err weighted degeneracy : 1113 1113 1113 1113 1113 1113 
degeneracy helps : 0 0 0 0 0 0 
degeneracy worse : 0 0 0 0 0 0 
SCL #err deg : 1190 / 1800
SCL #err weighted degeneracy : 1190 1190 1190 1190 1190 1190 
degeneracy helps : 0 0 0 0 0 0 
degeneracy worse : 0 0 0 0 0 0 
SCL #err deg : 1259 / 1900
SCL #err weighted degeneracy : 1259 1259 1259 1259 1259 1259 
degeneracy helps : 0 0 0 0 0 0 
degeneracy worse : 0 0 0 0 0 0 
SCL #err deg : 1321 / 2000
SCL #err weighted degeneracy : 1321 1321 1321 1321 1321 1321 
degeneracy helps : 0 0 0 0 0 0 
degeneracy worse : 0 0 0 0 0 0 
SCL #err deg : 1386 / 2100
SCL #err weighted degeneracy : 1386 1386 1386 1386 1386 1386 
degeneracy helps : 0 0 0 0 0 0 
degeneracy worse : 0 0 0 0 0 0 
SCL #err deg : 1454 / 2200
SCL #err weighted degeneracy : 1454 1454 1454 1454 1454 1454 
degeneracy helps : 0 0 0 0 0 0 
degeneracy worse : 0 0 0 0 0 0 
SCL #err deg : 1516 / 2300
SCL #err weighted degeneracy : 1516 1516 1516 1516 1516 1516 
degeneracy helps : 0 0 0 0 0 0 
degeneracy worse : 0 0 0 0 0 0 
SCL #err deg : 1587 / 2400
SCL #err weighted degeneracy : 1587 1587 1587 1587 1587 1587 
degeneracy helps : 0 0 0 0 0 0 
degeneracy worse : 0 0 0 0 0 0 
SCL #err deg : 1662 / 2500
SCL #err weighted degeneracy : 1662 1662 1662 1662 1662 1662 
degeneracy helps : 0 0 0 0 0 0 
degeneracy worse : 0 0 0 0 0 0 
SCL #err deg : 1733 / 2600
SCL #err weighted degeneracy : 1733 1733 1733 1733 1733 1733 
degeneracy helps : 0 0 0 0 0 0 
degeneracy worse : 0 0 0 0 0 0 
SCL #err deg : 1793 / 2700
SCL #err weighted degeneracy : 1793 1793 1793 1793 1793 1793 
degeneracy helps : 0 0 0 0 0 0 
degeneracy worse : 0 0 0 0 0 0 
SCL #err deg : 1858 / 2800
SCL #err weighted degeneracy : 1858 1858 1858 1858 1858 1858 
degeneracy helps : 0 0 0 0 0 0 
degeneracy worse : 0 0 0 0 0 0 
SCL #err deg : 1920 / 2900
SCL #err weighted degeneracy : 1920 1920 1920 1920 1920 1920 
degeneracy helps : 0 0 0 0 0 0 
degeneracy worse : 0 0 0 0 0 0 
SCL #err deg : 1977 / 3000
SCL #err weighted degeneracy : 1977 1977 1977 1977 1977 1977 
degeneracy helps : 0 0 0 0 0 0 
degeneracy worse : 0 0 0 0 0 0 
SCL #err deg : 2042 / 3100
SCL #err weighted degeneracy : 2042 2042 2042 2042 2042 2042 
degeneracy helps : 0 0 0 0 0 0 
degeneracy worse : 0 0 0 0 0 0 
SCL #err deg : 2102 / 3200
SCL #err weighted degeneracy : 2102 2102 2102 2102 2102 2102 
degeneracy helps : 0 0 0 0 0 0 
degeneracy worse : 0 0 0 0 0 0 
SCL #err deg : 2169 / 3300
SCL #err weighted degeneracy : 2169 2169 2169 2169 2169 2169 
degeneracy helps : 0 0 0 0 0 0 
degeneracy worse : 0 0 0 0 0 0 
SCL #err deg : 2229 / 3400
SCL #err weighted degeneracy : 2229 2229 2229 2229 2229 2229 
degeneracy helps : 0 0 0 0 0 0 
degeneracy worse : 0 0 0 0 0 0 
SCL #err deg : 2292 / 3500
SCL #err weighted degeneracy : 2292 2292 2292 2292 2292 2292 
degeneracy helps : 0 0 0 0 0 0 
degeneracy worse : 0 0 0 0 0 0 
SCL #err deg : 2359 / 3600
SCL #err weighted degeneracy : 2359 2359 2359 2359 2359 2359 
degeneracy helps : 0 0 0 0 0 0 
degeneracy worse : 0 0 0 0 0 0 
SCL #err deg : 2430 / 3700
SCL #err weighted degeneracy : 2430 2430 2430 2430 2430 2430 
degeneracy helps : 0 0 0 0 0 0 
degeneracy worse : 0 0 0 0 0 0 
SCL #err deg : 2487 / 3800
SCL #err weighted degeneracy : 2487 2487 2487 2487 2487 2487 
degeneracy helps : 0 0 0 0 0 0 
degeneracy worse : 0 0 0 0 0 0 
SCL #err deg : 2551 / 3900
SCL #err weighted degeneracy : 2551 2551 2551 2551 2551 2551 
degeneracy helps : 0 0 0 0 0 0 
degeneracy worse : 0 0 0 0 0 0 
SCL #err deg : 2614 / 4000
SCL #err weighted degeneracy : 2614 2614 2614 2614 2614 2614 
degeneracy helps : 0 0 0 0 0 0 
degeneracy worse : 0 0 0 0 0 0 
SCL #err deg : 2678 / 4100
SCL #err weighted degeneracy : 2678 2678 2678 2678 2678 2678 
degeneracy helps : 0 0 0 0 0 0 
degeneracy worse : 0 0 0 0 0 0 
SCL #err deg : 2738 / 4200
SCL #err weighted degeneracy : 2738 2738 2738 2738 2738 2738 
degeneracy helps : 0 0 0 0 0 0 
degeneracy worse : 0 0 0 0 0 0 
SCL #err deg : 2808 / 4300
SCL #err weighted degeneracy : 2808 2808 2808 2808 2808 2808 
degeneracy helps : 0 0 0 0 0 0 
degeneracy worse : 0 0 0 0 0 0 
SCL #err deg : 2880 / 4400
SCL #err weighted degeneracy : 2880 2880 2880 2880 2880 2880 
degeneracy helps : 0 0 0 0 0 0 
degeneracy worse : 0 0 0 0 0 0 
SCL #err deg : 2944 / 4500
SCL #err weighted degeneracy : 2944 2944 2944 2944 2944 2944 
degeneracy helps : 0 0 0 0 0 0 
degeneracy worse : 0 0 0 0 0 0 
SCL #err deg : 3012 / 4600
SCL #err weighted degeneracy : 3012 3012 3012 3012 3012 3012 
degeneracy helps : 0 0 0 0 0 0 
degeneracy worse : 0 0 0 0 0 0 
SCL #err deg : 3069 / 4700
SCL #err weighted degeneracy : 3069 3069 3069 3069 3069 3069 
degeneracy helps : 0 0 0 0 0 0 
degeneracy worse : 0 0 0 0 0 0 
SCL #err deg : 3134 / 4800
SCL #err weighted degeneracy : 3134 3134 3134 3134 3134 3134 
degeneracy helps : 0 0 0 0 0 0 
degeneracy worse : 0 0 0 0 0 0 
SCL #err deg : 3202 / 4900
SCL #err weighted degeneracy : 3202 3202 3202 3202 3202 3202 
degeneracy helps : 0 0 0 0 0 0 
degeneracy worse : 0 0 0 0 0 0 
SCL #err deg : 3266 / 5000
SCL #err weighted degeneracy : 3266 3266 3266 3266 3266 3266 
degeneracy helps : 0 0 0 0 0 0 
degeneracy worse : 0 0 0 0 0 0 
SCL #err deg : 3337 / 5100
SCL #err weighted degeneracy : 3337 3337 3337 3337 3337 3337 
degeneracy helps : 0 0 0 0 0 0 
degeneracy worse : 0 0 0 0 0 0 
SCL #err deg : 3404 / 5200
SCL #err weighted degeneracy : 3404 3404 3404 3404 3404 3404 
degeneracy helps : 0 0 0 0 0 0 
degeneracy worse : 0 0 0 0 0 0 
SCL #err deg : 3467 / 5300
SCL #err weighted degeneracy : 3467 3467 3467 3467 3467 3467 
degeneracy helps : 0 0 0 0 0 0 
degeneracy worse : 0 0 0 0 0 0 
SCL #err deg : 3531 / 5400
SCL #err weighted degeneracy : 3531 3531 3531 3531 3531 3531 
degeneracy helps : 0 0 0 0 0 0 
degeneracy worse : 0 0 0 0 0 0 
SCL #err deg : 3598 / 5500
SCL #err weighted degeneracy : 3598 3598 3598 3598 3598 3598 
degeneracy helps : 0 0 0 0 0 0 
degeneracy worse : 0 0 0 0 0 0 
SCL #err deg : 3659 / 5600
SCL #err weighted degeneracy : 3659 3659 3659 3659 3659 3659 
degeneracy helps : 0 0 0 0 0 0 
degeneracy worse : 0 0 0 0 0 0 
SCL #err deg : 3729 / 5700
SCL #err weighted degeneracy : 3729 3729 3729 3729 3729 3729 
degeneracy helps : 0 0 0 0 0 0 
degeneracy worse : 0 0 0 0 0 0 
SCL #err deg : 3797 / 5800
SCL #err weighted degeneracy : 3797 3797 3797 3797 3797 3797 
degeneracy helps : 0 0 0 0 0 0 
degeneracy worse : 0 0 0 0 0 0 
SCL #err deg : 3861 / 5900
SCL #err weighted degeneracy : 3861 3861 3861 3861 3861 3861 
degeneracy helps : 0 0 0 0 0 0 
degeneracy worse : 0 0 0 0 0 0 
SCL #err deg : 3927 / 6000
SCL #err weighted degeneracy : 3927 3927 3927 3927 3927 3927 
degeneracy helps : 0 0 0 0 0 0 
degeneracy worse : 0 0 0 0 0 0 
SCL #err deg : 3990 / 6100
SCL #err weighted degeneracy : 3990 3990 3990 3990 3990 3990 
degeneracy helps : 0 0 0 0 0 0 
degeneracy worse : 0 0 0 0 0 0 
SCL #err deg : 4059 / 6200
SCL #err weighted degeneracy : 4059 4059 4059 4059 4059 4059 
degeneracy helps : 0 0 0 0 0 0 
degeneracy worse : 0 0 0 0 0 0 
SCL #err deg : 4119 / 6300
SCL #err weighted degeneracy : 4119 4119 4119 4119 4119 4119 
degeneracy helps : 0 0 0 0 0 0 
degeneracy worse : 0 0 0 0 0 0 
SCL #err deg : 4191 / 6400
SCL #err weighted degeneracy : 4191 4191 4191 4191 4191 4191 
degeneracy helps : 0 0 0 0 0 0 
degeneracy worse : 0 0 0 0 0 0 
SCL #err deg : 4260 / 6500
SCL #err weighted degeneracy : 4260 4260 4260 4260 4260 4260 
degeneracy helps : 0 0 0 0 0 0 
degeneracy worse : 0 0 0 0 0 0 
SCL #err deg : 4321 / 6600
SCL #err weighted degeneracy : 4321 4321 4321 4321 4321 4321 
degeneracy helps : 0 0 0 0 0 0 
degeneracy worse : 0 0 0 0 0 0 
SCL #err deg : 4384 / 6700
SCL #err weighted degeneracy : 4384 4384 4384 4384 4384 4384 
degeneracy helps : 0 0 0 0 0 0 
degeneracy worse : 0 0 0 0 0 0 
SCL #err deg : 4443 / 6800
SCL #err weighted degeneracy : 4443 4443 4443 4443 4443 4443 
degeneracy helps : 0 0 0 0 0 0 
degeneracy worse : 0 0 0 0 0 0 
SCL #err deg : 4513 / 6900
SCL #err weighted degeneracy : 4513 4513 4513 4513 4513 4513 
degeneracy helps : 0 0 0 0 0 0 
degeneracy worse : 0 0 0 0 0 0 
SCL #err deg : 4574 / 7000
SCL #err weighted degeneracy : 4574 4574 4574 4574 4574 4574 
degeneracy helps : 0 0 0 0 0 0 
degeneracy worse : 0 0 0 0 0 0 
SCL #err deg : 4638 / 7100
SCL #err weighted degeneracy : 4638 4638 4638 4638 4638 4638 
degeneracy helps : 0 0 0 0 0 0 
degeneracy worse : 0 0 0 0 0 0 
SCL #err deg : 4704 / 7200
SCL #err weighted degeneracy : 4704 4704 4704 4704 4704 4704 
degeneracy helps : 0 0 0 0 0 0 
degeneracy worse : 0 0 0 0 0 0 
SCL #err deg : 4774 / 7300
SCL #err weighted degeneracy : 4774 4774 4774 4774 4774 4774 
degeneracy helps : 0 0 0 0 0 0 
degeneracy worse : 0 0 0 0 0 0 
SCL #err deg : 4840 / 7400
SCL #err weighted degeneracy : 4840 4840 4840 4840 4840 4840 
degeneracy helps : 0 0 0 0 0 0 
degeneracy worse : 0 0 0 0 0 0 
SCL #err deg : 4900 / 7500
SCL #err weighted degeneracy : 4900 4900 4900 4900 4900 4900 
degeneracy helps : 0 0 0 0 0 0 
degeneracy worse : 0 0 0 0 0 0 
SCL #err deg : 4961 / 7600
SCL #err weighted degeneracy : 4961 4961 4961 4961 4961 4961 
degeneracy helps : 0 0 0 0 0 0 
degeneracy worse : 0 0 0 0 0 0 
SCL #err deg : 5032 / 7700
SCL #err weighted degeneracy : 5032 5032 5032 5032 5032 5032 
degeneracy helps : 0 0 0 0 0 0 
degeneracy worse : 0 0 0 0 0 0 
SCL #err deg : 5098 / 7800
SCL #err weighted degeneracy : 5098 5098 5098 5098 5098 5098 
degeneracy helps : 0 0 0 0 0 0 
degeneracy worse : 0 0 0 0 0 0 
SCL #err deg : 5161 / 7900
SCL #err weighted degeneracy : 5161 5161 5161 5161 5161 5161 
degeneracy helps : 0 0 0 0 0 0 
degeneracy worse : 0 0 0 0 0 0 
SCL #err deg : 5231 / 8000
SCL #err weighted degeneracy : 5231 5231 5231 5231 5231 5231 
degeneracy helps : 0 0 0 0 0 0 
degeneracy worse : 0 0 0 0 0 0 
SCL #err deg : 5291 / 8100
SCL #err weighted degeneracy : 5291 5291 5291 5291 5291 5291 
degeneracy helps : 0 0 0 0 0 0 
degeneracy worse : 0 0 0 0 0 0 
SCL #err deg : 5357 / 8200
SCL #err weighted degeneracy : 5357 5357 5357 5357 5357 5357 
degeneracy helps : 0 0 0 0 0 0 
degeneracy worse : 0 0 0 0 0 0 
SCL #err deg : 5417 / 8300
SCL #err weighted degeneracy : 5417 5417 5417 5417 5417 5417 
degeneracy helps : 0 0 0 0 0 0 
degeneracy worse : 0 0 0 0 0 0 
SCL #err deg : 5482 / 8400
SCL #err weighted degeneracy : 5482 5482 5482 5482 5482 5482 
degeneracy helps : 0 0 0 0 0 0 
degeneracy worse : 0 0 0 0 0 0 
SCL #err deg : 5546 / 8500
SCL #err weighted degeneracy : 5546 5546 5546 5546 5546 5546 
degeneracy helps : 0 0 0 0 0 0 
degeneracy worse : 0 0 0 0 0 0 
SCL #err deg : 5609 / 8600
SCL #err weighted degeneracy : 5609 5609 5609 5609 5609 5609 
degeneracy helps : 0 0 0 0 0 0 
degeneracy worse : 0 0 0 0 0 0 
SCL #err deg : 5669 / 8700
SCL #err weighted degeneracy : 5669 5669 5669 5669 5669 5669 
degeneracy helps : 0 0 0 0 0 0 
degeneracy worse : 0 0 0 0 0 0 
SCL #err deg : 5730 / 8800
SCL #err weighted degeneracy : 5730 5730 5730 5730 5730 5730 
degeneracy helps : 0 0 0 0 0 0 
degeneracy worse : 0 0 0 0 0 0 
SCL #err deg : 5804 / 8900
SCL #err weighted degeneracy : 5804 5804 5804 5804 5804 5804 
degeneracy helps : 0 0 0 0 0 0 
degeneracy worse : 0 0 0 0 0 0 
SCL #err deg : 5863 / 9000
SCL #err weighted degeneracy : 5863 5863 5863 5863 5863 5863 
degeneracy helps : 0 0 0 0 0 0 
degeneracy worse : 0 0 0 0 0 0 
SCL #err deg : 5927 / 9100
SCL #err weighted degeneracy : 5927 5927 5927 5927 5927 5927 
degeneracy helps : 0 0 0 0 0 0 
degeneracy worse : 0 0 0 0 0 0 
SCL #err deg : 5993 / 9200
SCL #err weighted degeneracy : 5993 5993 5993 5993 5993 5993 
degeneracy helps : 0 0 0 0 0 0 
degeneracy worse : 0 0 0 0 0 0 
SCL #err deg : 6063 / 9300
SCL #err weighted degeneracy : 6063 6063 6063 6063 6063 6063 
degeneracy helps : 0 0 0 0 0 0 
degeneracy worse : 0 0 0 0 0 0 
SCL #err deg : 6119 / 9400
SCL #err weighted degeneracy : 6119 6119 6119 6119 6119 6119 
degeneracy helps : 0 0 0 0 0 0 
degeneracy worse : 0 0 0 0 0 0 
SCL #err deg : 6188 / 9500
SCL #err weighted degeneracy : 6188 6188 6188 6188 6188 6188 
degeneracy helps : 0 0 0 0 0 0 
degeneracy worse : 0 0 0 0 0 0 
SCL #err deg : 6249 / 9600
SCL #err weighted degeneracy : 6249 6249 6249 6249 6249 6249 
degeneracy helps : 0 0 0 0 0 0 
degeneracy worse : 0 0 0 0 0 0 
SCL #err deg : 6324 / 9700
SCL #err weighted degeneracy : 6324 6324 6324 6324 6324 6324 
degeneracy helps : 0 0 0 0 0 0 
degeneracy worse : 0 0 0 0 0 0 
SCL #err deg : 6388 / 9800
SCL #err weighted degeneracy : 6388 6388 6388 6388 6388 6388 
degeneracy helps : 0 0 0 0 0 0 
degeneracy worse : 0 0 0 0 0 0 
SCL #err deg : 6454 / 9900
SCL #err weighted degeneracy : 6454 6454 6454 6454 6454 6454 
degeneracy helps : 0 0 0 0 0 0 
degeneracy worse : 0 0 0 0 0 0 
SCL #err deg : 6514 / 10000
SCL #err weighted degeneracy : 6514 6514 6514 6514 6514 6514 
degeneracy helps : 0 0 0 0 0 0 
degeneracy worse : 0 0 0 0 0 0 
average #flips: 35.8121
SCL #err considering degeneracy: 6514
error due to equal 898
error due to SCL smaller 4588
Finish in 8 s
