Simulation Polar syndrome FASTER N=4096, K=2049, l=1, pz=0.14, #samples=10000, seed=0
PW construction
Event generator random seed: 0
SCL #err deg : 80 / 100
SCL #err weighted degeneracy : 80 80 80 80 80 80 
degeneracy helps : 0 0 0 0 0 0 
degeneracy worse : 0 0 0 0 0 0 
SCL #err deg : 156 / 200
SCL #err weighted degeneracy : 156 156 156 156 156 156 
degeneracy helps : 0 0 0 0 0 0 
degeneracy worse : 0 0 0 0 0 0 
SCL #err deg : 227 / 300
SCL #err weighted degeneracy : 227 227 227 227 227 227 
degeneracy helps : 0 0 0 0 0 0 
degeneracy worse : 0 0 0 0 0 0 
SCL #err deg : 299 / 400
SCL #err weighted degeneracy : 299 299 299 299 299 299 
degeneracy helps : 0 0 0 0 0 0 
degeneracy worse : 0 0 0 0 0 0 
SCL #err deg : 368 / 500
SCL #err weighted degeneracy : 368 368 368 368 368 368 
degeneracy helps : 0 0 0 0 0 0 
degeneracy worse : 0 0 0 0 0 0 
SCL #err deg : 443 / 600
SCL #err weighted degeneracy : 443 443 443 443 443 443 
degeneracy helps : 0 0 0 0 0 0 
degeneracy worse : 0 0 0 0 0 0 
SCL #err deg : 518 / 700
SCL #err weighted degeneracy : 518 518 518 518 518 518 
degeneracy helps : 0 0 0 0 0 0 
degeneracy worse : 0 0 0 0 0 0 
SCL #err deg : 592 / 800
SCL #err weighted degeneracy : 592 592 592 592 592 592 
degeneracy helps : 0 0 0 0 0 0 
degeneracy worse : 0 0 0 0 0 0 
SCL #err deg : 668 / 900
SCL #err weighted degeneracy : 668 668 668 668 668 668 
degeneracy helps : 0 0 0 0 0 0 
degeneracy worse : 0 0 0 0 0 0 
SCL #err deg : 735 / 1000
SCL #err weighted degeneracy : 735 735 735 735 735 735 
degeneracy helps : 0 0 0 0 0 0 
degeneracy worse : 0 0 0 0 0 0 
SCL #err deg : 809 / 1100
SCL #err weighted degeneracy : 809 809 809 809 809 809 
degeneracy helps : 0 0 0 0 0 0 
degeneracy worse : 0 0 0 0 0 0 
SCL #err deg : 883 / 1200
SCL #err weighted degeneracy : 883 883 883 883 883 883 
degeneracy helps : 0 0 0 0 0 0 
degeneracy worse : 0 0 0 0 0 0 
SCL #err deg : 962 / 1300
SCL #err weighted degeneracy : 962 962 962 962 962 962 
degeneracy helps : 0 0 0 0 0 0 
degeneracy worse : 0 0 0 0 0 0 
SCL #err deg : 1045 / 1400
SCL #err weighted degeneracy : 1045 1045 1045 1045 1045 1045 
degeneracy helps : 0 0 0 0 0 0 
degeneracy worse : 0 0 0 0 0 0 
SCL #err deg : 1128 / 1500
SCL #err weighted degeneracy : 1128 1128 1128 1128 1128 1128 
degeneracy helps : 0 0 0 0 0 0 
degeneracy worse : 0 0 0 0 0 0 
SCL #err deg : 1205 / 1600
SCL #err weighted degeneracy : 1205 1205 1205 1205 1205 1205 
degeneracy helps : 0 0 0 0 0 0 
degeneracy worse : 0 0 0 0 0 0 
SCL #err deg : 1274 / 1700
SCL #err weighted degeneracy : 1274 1274 1274 1274 1274 1274 
degeneracy helps : 0 0 0 0 0 0 
degeneracy worse : 0 0 0 0 0 0 
SCL #err deg : 1348 / 1800
SCL #err weighted degeneracy : 1348 1348 1348 1348 1348 1348 
degeneracy helps : 0 0 0 0 0 0 
degeneracy worse : 0 0 0 0 0 0 
SCL #err deg : 1418 / 1900
SCL #err weighted degeneracy : 1418 1418 1418 1418 1418 1418 
degeneracy helps : 0 0 0 0 0 0 
degeneracy worse : 0 0 0 0 0 0 
SCL #err deg : 1493 / 2000
SCL #err weighted degeneracy : 1493 1493 1493 1493 1493 1493 
degeneracy helps : 0 0 0 0 0 0 
degeneracy worse : 0 0 0 0 0 0 
SCL #err deg : 1568 / 2100
SCL #err weighted degeneracy : 1568 1568 1568 1568 1568 1568 
degeneracy helps : 0 0 0 0 0 0 
degeneracy worse : 0 0 0 0 0 0 
SCL #err deg : 1635 / 2200
SCL #err weighted degeneracy : 1635 1635 1635 1635 1635 1635 
degeneracy helps : 0 0 0 0 0 0 
degeneracy worse : 0 0 0 0 0 0 
SCL #err deg : 1715 / 2300
SCL #err weighted degeneracy : 1715 1715 1715 1715 1715 1715 
degeneracy helps : 0 0 0 0 0 0 
degeneracy worse : 0 0 0 0 0 0 
SCL #err deg : 1790 / 2400
SCL #err weighted degeneracy : 1790 1790 1790 1790 1790 1790 
degeneracy helps : 0 0 0 0 0 0 
degeneracy worse : 0 0 0 0 0 0 
SCL #err deg : 1867 / 2500
SCL #err weighted degeneracy : 1867 1867 1867 1867 1867 1867 
degeneracy helps : 0 0 0 0 0 0 
degeneracy worse : 0 0 0 0 0 0 
SCL #err deg : 1947 / 2600
SCL #err weighted degeneracy : 1947 1947 1947 1947 1947 1947 
degeneracy helps : 0 0 0 0 0 0 
degeneracy worse : 0 0 0 0 0 0 
SCL #err deg : 2021 / 2700
SCL #err weighted degeneracy : 2021 2021 2021 2021 2021 2021 
degeneracy helps : 0 0 0 0 0 0 
degeneracy worse : 0 0 0 0 0 0 
SCL #err deg : 2101 / 2800
SCL #err weighted degeneracy : 2101 2101 2101 2101 2101 2101 
degeneracy helps : 0 0 0 0 0 0 
degeneracy worse : 0 0 0 0 0 0 
SCL #err deg : 2180 / 2900
SCL #err weighted degeneracy : 2180 2180 2180 2180 2180 2180 
degeneracy helps : 0 0 0 0 0 0 
degeneracy worse : 0 0 0 0 0 0 
SCL #err deg : 2256 / 3000
SCL #err weighted degeneracy : 2256 2256 2256 2256 2256 2256 
degeneracy helps : 0 0 0 0 0 0 
degeneracy worse : 0 0 0 0 0 0 
SCL #err deg : 2330 / 3100
SCL #err weighted degeneracy : 2330 2330 2330 2330 2330 2330 
degeneracy helps : 0 0 0 0 0 0 
degeneracy worse : 0 0 0 0 0 0 
SCL #err deg : 2400 / 3200
SCL #err weighted degeneracy : 2400 2400 2400 2400 2400 2400 
degeneracy helps : 0 0 0 0 0 0 
degeneracy worse : 0 0 0 0 0 0 
SCL #err deg : 2473 / 3300
SCL #err weighted degeneracy : 2473 2473 2473 2473 2473 2473 
degeneracy helps : 0 0 0 0 0 0 
degeneracy worse : 0 0 0 0 0 0 
SCL #err deg : 2545 / 3400
SCL #err weighted degeneracy : 2545 2545 2545 2545 2545 2545 
degeneracy helps : 0 0 0 0 0 0 
degeneracy worse : 0 0 0 0 0 0 
SCL #err deg : 2621 / 3500
SCL #err weighted degeneracy : 2621 2621 2621 2621 2621 2621 
degeneracy helps : 0 0 0 0 0 0 
degeneracy worse : 0 0 0 0 0 0 
SCL #err deg : 2698 / 3600
SCL #err weighted degeneracy : 2698 2698 2698 2698 2698 2698 
degeneracy helps : 0 0 0 0 0 0 
degeneracy worse : 0 0 0 0 0 0 
SCL #err deg : 2765 / 3700
SCL #err weighted degeneracy : 2765 2765 2765 2765 2765 2765 
degeneracy helps : 0 0 0 0 0 0 
degeneracy worse : 0 0 0 0 0 0 
SCL #err deg : 2838 / 3800
SCL #err weighted degeneracy : 2838 2838 2838 2838 2838 2838 
degeneracy helps : 0 0 0 0 0 0 
degeneracy worse : 0 0 0 0 0 0 
SCL #err deg : 2913 / 3900
SCL #err weighted degeneracy : 2913 2913 2913 2913 2913 2913 
degeneracy helps : 0 0 0 0 0 0 
degeneracy worse : 0 0 0 0 0 0 
SCL #err deg : 2993 / 4000
SCL #err weighted degeneracy : 2993 2993 2993 2993 2993 2993 
degeneracy helps : 0 0 0 0 0 0 
degeneracy worse : 0 0 0 0 0 0 
SCL #err deg : 3068 / 4100
SCL #err weighted degeneracy : 3068 3068 3068 3068 3068 3068 
degeneracy helps : 0 0 0 0 0 0 
degeneracy worse : 0 0 0 0 0 0 
SCL #err deg : 3141 / 4200
SCL #err weighted degeneracy : 3141 3141 3141 3141 3141 3141 
degeneracy helps : 0 0 0 0 0 0 
degeneracy worse : 0 0 0 0 0 0 
SCL #err deg : 3219 / 4300
SCL #err weighted degeneracy : 3219 3219 3219 3219 3219 3219 
degeneracy helps : 0 0 0 0 0 0 
degeneracy worse : 0 0 0 0 0 0 
SCL #err deg : 3292 / 4400
SCL #err weighted degeneracy : 3292 3292 3292 3292 3292 3292 
degeneracy helps : 0 0 0 0 0 0 
degeneracy worse : 0 0 0 0 0 0 
SCL #err deg : 3374 / 4500
SCL #err weighted degeneracy : 3374 3374 3374 3374 3374 3374 
degeneracy helps : 0 0 0 0 0 0 
degeneracy worse : 0 0 0 0 0 0 
SCL #err deg : 3441 / 4600
SCL #err weighted degeneracy : 3441 3441 3441 3441 3441 3441 
degeneracy helps : 0 0 0 0 0 0 
degeneracy worse : 0 0 0 0 0 0 
SCL #err deg : 3520 / 4700
SCL #err weighted degeneracy : 3520 3520 3520 3520 3520 3520 
degeneracy helps : 0 0 0 0 0 0 
degeneracy worse : 0 0 0 0 0 0 
SCL #err deg : 3596 / 4800
SCL #err weighted degeneracy : 3596 3596 3596 3596 3596 3596 
degeneracy helps : 0 0 0 0 0 0 
degeneracy worse : 0 0 0 0 0 0 
SCL #err deg : 3673 / 4900
SCL #err weighted degeneracy : 3673 3673 3673 3673 3673 3673 
degeneracy helps : 0 0 0 0 0 0 
degeneracy worse : 0 0 0 0 0 0 
SCL #err deg : 3746 / 5000
SCL #err weighted degeneracy : 3746 3746 3746 3746 3746 3746 
degeneracy helps : 0 0 0 0 0 0 
degeneracy worse : 0 0 0 0 0 0 
SCL #err deg : 3816 / 5100
SCL #err weighted degeneracy : 3816 3816 3816 3816 3816 3816 
degeneracy helps : 0 0 0 0 0 0 
degeneracy worse : 0 0 0 0 0 0 
SCL #err deg : 3891 / 5200
SCL #err weighted degeneracy : 3891 3891 3891 3891 3891 3891 
degeneracy helps : 0 0 0 0 0 0 
degeneracy worse : 0 0 0 0 0 0 
SCL #err deg : 3967 / 5300
SCL #err weighted degeneracy : 3967 3967 3967 3967 3967 3967 
degeneracy helps : 0 0 0 0 0 0 
degeneracy worse : 0 0 0 0 0 0 
SCL #err deg : 4036 / 5400
SCL #err weighted degeneracy : 4036 4036 4036 4036 4036 4036 
degeneracy helps : 0 0 0 0 0 0 
degeneracy worse : 0 0 0 0 0 0 
SCL #err deg : 4114 / 5500
SCL #err weighted degeneracy : 4114 4114 4114 4114 4114 4114 
degeneracy helps : 0 0 0 0 0 0 
degeneracy worse : 0 0 0 0 0 0 
SCL #err deg : 4185 / 5600
SCL #err weighted degeneracy : 4185 4185 4185 4185 4185 4185 
degeneracy helps : 0 0 0 0 0 0 
degeneracy worse : 0 0 0 0 0 0 
SCL #err deg : 4256 / 5700
SCL #err weighted degeneracy : 4256 4256 4256 4256 4256 4256 
degeneracy helps : 0 0 0 0 0 0 
degeneracy worse : 0 0 0 0 0 0 
SCL #err deg : 4335 / 5800
SCL #err weighted degeneracy : 4335 4335 4335 4335 4335 4335 
degeneracy helps : 0 0 0 0 0 0 
degeneracy worse : 0 0 0 0 0 0 
SCL #err deg : 4413 / 5900
SCL #err weighted degeneracy : 4413 4413 4413 4413 4413 4413 
degeneracy helps : 0 0 0 0 0 0 
degeneracy worse : 0 0 0 0 0 0 
SCL #err deg : 4489 / 6000
SCL #err weighted degeneracy : 4489 4489 4489 4489 4489 4489 
degeneracy helps : 0 0 0 0 0 0 
degeneracy worse : 0 0 0 0 0 0 
SCL #err deg : 4564 / 6100
SCL #err weighted degeneracy : 4564 4564 4564 4564 4564 4564 
degeneracy helps : 0 0 0 0 0 0 
degeneracy worse : 0 0 0 0 0 0 
SCL #err deg : 4640 / 6200
SCL #err weighted degeneracy : 4640 4640 4640 4640 4640 4640 
degeneracy helps : 0 0 0 0 0 0 
degeneracy worse : 0 0 0 0 0 0 
SCL #err deg : 4718 / 6300
SCL #err weighted degeneracy : 4718 4718 4718 4718 4718 4718 
degeneracy helps : 0 0 0 0 0 0 
degeneracy worse : 0 0 0 0 0 0 
SCL #err deg : 4792 / 6400
SCL #err weighted degeneracy : 4792 4792 4792 4792 4792 4792 
degeneracy helps : 0 0 0 0 0 0 
degeneracy worse : 0 0 0 0 0 0 
SCL #err deg : 4857 / 6500
SCL #err weighted degeneracy : 4857 4857 4857 4857 4857 4857 
degeneracy helps : 0 0 0 0 0 0 
degeneracy worse : 0 0 0 0 0 0 
SCL #err deg : 4936 / 6600
SCL #err weighted degeneracy : 4936 4936 4936 4936 4936 4936 
degeneracy helps : 0 0 0 0 0 0 
degeneracy worse : 0 0 0 0 0 0 
SCL #err deg : 5017 / 6700
SCL #err weighted degeneracy : 5017 5017 5017 5017 5017 5017 
degeneracy helps : 0 0 0 0 0 0 
degeneracy worse : 0 0 0 0 0 0 
SCL #err deg : 5097 / 6800
SCL #err weighted degeneracy : 5097 5097 5097 5097 5097 5097 
degeneracy helps : 0 0 0 0 0 0 
degeneracy worse : 0 0 0 0 0 0 
SCL #err deg : 5176 / 6900
SCL #err weighted degeneracy : 5176 5176 5176 5176 5176 5176 
degeneracy helps : 0 0 0 0 0 0 
degeneracy worse : 0 0 0 0 0 0 
SCL #err deg : 5245 / 7000
SCL #err weighted degeneracy : 5245 5245 5245 5245 5245 5245 
degeneracy helps : 0 0 0 0 0 0 
degeneracy worse : 0 0 0 0 0 0 
SCL #err deg : 5327 / 7100
SCL #err weighted degeneracy : 5327 5327 5327 5327 5327 5327 
degeneracy helps : 0 0 0 0 0 0 
degeneracy worse : 0 0 0 0 0 0 
SCL #err deg : 5404 / 7200
SCL #err weighted degeneracy : 5404 5404 5404 5404 5404 5404 
degeneracy helps : 0 0 0 0 0 0 
degeneracy worse : 0 0 0 0 0 0 
SCL #err deg : 5470 / 7300
SCL #err weighted degeneracy : 5470 5470 5470 5470 5470 5470 
degeneracy helps : 0 0 0 0 0 0 
degeneracy worse : 0 0 0 0 0 0 
SCL #err deg : 5546 / 7400
SCL #err weighted degeneracy : 5546 5546 5546 5546 5546 5546 
degeneracy helps : 0 0 0 0 0 0 
degeneracy worse : 0 0 0 0 0 0 
SCL #err deg : 5617 / 7500
SCL #err weighted degeneracy : 5617 5617 5617 5617 5617 5617 
degeneracy helps : 0 0 0 0 0 0 
degeneracy worse : 0 0 0 0 0 0 
SCL #err deg : 5692 / 7600
SCL #err weighted degeneracy : 5692 5692 5692 5692 5692 5692 
degeneracy helps : 0 0 0 0 0 0 
degeneracy worse : 0 0 0 0 0 0 
SCL #err deg : 5764 / 7700
SCL #err weighted degeneracy : 5764 5764 5764 5764 5764 5764 
degeneracy helps : 0 0 0 0 0 0 
degeneracy worse : 0 0 0 0 0 0 
SCL #err deg : 5835 / 7800
SCL #err weighted degeneracy : 5835 5835 5835 5835 5835 5835 
degeneracy helps : 0 0 0 0 0 0 
degeneracy worse : 0 0 0 0 0 0 
SCL #err deg : 5907 / 7900
SCL #err weighted degeneracy : 5907 5907 5907 5907 5907 5907 
degeneracy helps : 0 0 0 0 0 0 
degeneracy worse : 0 0 0 0 0 0 
SCL #err deg : 5985 / 8000
SCL #err weighted degeneracy : 5985 5985 5985 5985 5985 5985 
degeneracy helps : 0 0 0 0 0 0 
degeneracy worse : 0 0 0 0 0 0 
SCL #err deg : 6058 / 8100
SCL #err weighted degeneracy : 6058 6058 6058 6058 6058 6058 
degeneracy helps : 0 0 0 0 0 0 
degeneracy worse : 0 0 0 0 0 0 
SCL #err deg : 6130 / 8200
SCL #err weighted degeneracy : 6130 6130 6130 6130 6130 6130 
degeneracy helps : 0 0 0 0 0 0 
degeneracy worse : 0 0 0 0 0 0 
SCL #err deg : 6206 / 8300
SCL #err weighted degeneracy : 6206 6206 6206 6206 6206 6206 
degeneracy helps : 0 0 0 0 0 0 
degeneracy worse : 0 0 0 0 0 0 
SCL #err deg : 6285 / 8400
SCL #err weighted degeneracy : 6285 6285 6285 6285 6285 6285 
degeneracy helps : 0 0 0 0 0 0 
degeneracy worse : 0 0 0 0 0 0 
SCL #err deg : 6361 / 8500
SCL #err weighted degeneracy : 6361 6361 6361 6361 6361 6361 
degeneracy helps : 0 0 0 0 0 0 
degeneracy worse : 0 0 0 0 0 0 
SCL #err deg : 6436 / 8600
SCL #err weighted degeneracy : 6436 6436 6436 6436 6436 6436 
degeneracy helps : 0 0 0 0 0 0 
degeneracy worse : 0 0 0 0 0 0 
SCL #err deg : 6512 / 8700
SCL #err weighted degeneracy : 6512 6512 6512 6512 6512 6512 
degeneracy helps : 0 0 0 0 0 0 
degeneracy worse : 0 0 0 0 0 0 
SCL #err deg : 6586 / 8800
SCL #err weighted degeneracy : 6586 6586 6586 6586 6586 6586 
degeneracy helps : 0 0 0 0 0 0 
degeneracy worse : 0 0 0 0 0 0 
SCL #err deg : 6655 / 8900
SCL #err weighted degeneracy : 6655 6655 6655 6655 6655 6655 
degeneracy helps : 0 0 0 0 0 0 
degeneracy worse : 0 0 0 0 0 0 
SCL #err deg : 6737 / 9000
SCL #err weighted degeneracy : 6737 6737 6737 6737 6737 6737 
degeneracy helps : 0 0 0 0 0 0 
degeneracy worse : 0 0 0 0 0 0 
SCL #err deg : 6818 / 9100
SCL #err weighted degeneracy : 6818 6818 6818 6818 6818 6818 
degeneracy helps : 0 0 0 0 0 0 
degeneracy worse : 0 0 0 0 0 0 
SCL #err deg : 6883 / 9200
SCL #err weighted degeneracy : 6883 6883 6883 6883 6883 6883 
degeneracy helps : 0 0 0 0 0 0 
degeneracy worse : 0 0 0 0 0 0 
SCL #err deg : 6955 / 9300
SCL #err weighted degeneracy : 6955 6955 6955 6955 6955 6955 
degeneracy helps : 0 0 0 0 0 0 
degeneracy worse : 0 0 0 0 0 0 
SCL #err deg : 7025 / 9400
SCL #err weighted degeneracy : 7025 7025 7025 7025 7025 7025 
degeneracy helps : 0 0 0 0 0 0 
degeneracy worse : 0 0 0 0 0 0 
SCL #err deg : 7100 / 9500
SCL #err weighted degeneracy : 7100 7100 7100 7100 7100 7100 
degeneracy helps : 0 0 0 0 0 0 
degeneracy worse : 0 0 0 0 0 0 
SCL #err deg : 7171 / 9600
SCL #err weighted degeneracy : 7171 7171 7171 7171 7171 7171 
degeneracy helps : 0 0 0 0 0 0 
degeneracy worse : 0 0 0 0 0 0 
SCL #err deg : 7249 / 9700
SCL #err weighted degeneracy : 7249 7249 7249 7249 7249 7249 
degeneracy helps : 0 0 0 0 0 0 
degeneracy worse : 0 0 0 0 0 0 
SCL #err deg : 7326 / 9800
SCL #err weighted degeneracy : 7326 7326 7326 7326 7326 7326 
degeneracy helps : 0 0 0 0 0 0 
degeneracy worse : 0 0 0 0 0 0 
SCL #err deg : 7393 / 9900
SCL #err weighted degeneracy : 7393 7393 7393 7393 7393 7393 
degeneracy helps : 0 0 0 0 0 0 
degeneracy worse : 0 0 0 0 0 0 
SCL #err deg : 7466 / 10000
SCL #err weighted degeneracy : 7466 7466 7466 7466 7466 7466 
degeneracy helps : 0 0 0 0 0 0 
degeneracy worse : 0 0 0 0 0 0 
average #flips: 573.861
SCL #err considering degeneracy: 7466
error due to equal 0
error due to SCL smaller 7466
Finish in 488 s
