Simulation Polar syndrome FASTER N=128, K=65, l=128, pz=0.107, #samples=10000, seed=0
PW construction
Event generator random seed: 0
SCL #err deg : 31 / 100
SCL #err weighted degeneracy : 28 28 28 29 30 32 
degeneracy helps : 10 10 10 11 11 10 
degeneracy worse : 7 7 7 9 10 11 
SCL #err deg : 70 / 200
SCL #err weighted degeneracy : 60 60 64 65 68 73 
degeneracy helps : 21 21 21 22 23 20 
degeneracy worse : 11 11 15 17 21 23 
SCL #err deg : 107 / 300
SCL #err weighted degeneracy : 88 88 93 93 98 103 
degeneracy helps : 35 35 35 39 39 37 
degeneracy worse : 16 16 21 25 30 33 
SCL #err deg : 143 / 400
SCL #err weighted degeneracy : 120 120 127 129 134 140 
degeneracy helps : 45 45 44 48 49 47 
degeneracy worse : 22 22 28 34 40 44 
SCL #err deg : 168 / 500
SCL #err weighted degeneracy : 143 143 152 157 164 174 
degeneracy helps : 54 54 53 57 58 57 
degeneracy worse : 29 29 37 46 54 63 
SCL #err deg : 204 / 600
SCL #err weighted degeneracy : 176 176 185 190 196 204 
degeneracy helps : 65 65 64 70 73 74 
degeneracy worse : 37 37 45 56 65 74 
SCL #err deg : 235 / 700
SCL #err weighted degeneracy : 205 205 214 225 231 239 
degeneracy helps : 76 76 75 81 85 87 
degeneracy worse : 46 46 54 71 81 91 
SCL #err deg : 269 / 800
SCL #err weighted degeneracy : 232 232 244 256 265 278 
degeneracy helps : 91 91 90 97 100 100 
degeneracy worse : 54 54 65 84 96 109 
SCL #err deg : 293 / 900
SCL #err weighted degeneracy : 262 262 275 288 296 309 
degeneracy helps : 98 98 97 105 110 110 
degeneracy worse : 67 67 79 100 113 126 
SCL #err deg : 331 / 1000
SCL #err weighted degeneracy : 295 295 309 327 333 347 
degeneracy helps : 110 110 108 113 119 119 
degeneracy worse : 74 74 86 109 121 135 
SCL #err deg : 358 / 1100
SCL #err weighted degeneracy : 326 326 341 361 369 383 
degeneracy helps : 113 113 111 116 122 123 
degeneracy worse : 81 81 94 119 133 148 
SCL #err deg : 389 / 1200
SCL #err weighted degeneracy : 356 356 371 395 403 419 
degeneracy helps : 120 121 119 123 129 130 
degeneracy worse : 88 88 101 129 143 160 
SCL #err deg : 423 / 1300
SCL #err weighted degeneracy : 388 388 403 431 441 458 
degeneracy helps : 131 132 130 132 140 141 
degeneracy worse : 97 97 110 140 158 176 
SCL #err deg : 457 / 1400
SCL #err weighted degeneracy : 413 413 430 457 467 485 
degeneracy helps : 147 148 146 150 158 160 
degeneracy worse : 104 104 119 150 168 188 
SCL #err deg : 484 / 1500
SCL #err weighted degeneracy : 443 443 461 491 500 519 
degeneracy helps : 155 156 155 160 168 170 
degeneracy worse : 115 115 132 167 184 205 
SCL #err deg : 515 / 1600
SCL #err weighted degeneracy : 473 473 491 523 534 555 
degeneracy helps : 165 166 165 170 178 180 
degeneracy worse : 124 124 141 178 197 220 
SCL #err deg : 546 / 1700
SCL #err weighted degeneracy : 504 504 523 560 571 591 
degeneracy helps : 171 172 171 176 185 187 
degeneracy worse : 130 130 148 190 210 232 
SCL #err deg : 571 / 1800
SCL #err weighted degeneracy : 534 534 554 595 608 631 
degeneracy helps : 179 180 178 183 192 194 
degeneracy worse : 143 143 161 207 229 254 
SCL #err deg : 597 / 1900
SCL #err weighted degeneracy : 558 558 578 623 642 665 
degeneracy helps : 191 192 190 195 203 205 
degeneracy worse : 153 153 171 221 248 273 
SCL #err deg : 628 / 2000
SCL #err weighted degeneracy : 588 588 608 653 672 693 
degeneracy helps : 199 200 198 204 212 217 
degeneracy worse : 160 160 178 229 256 282 
SCL #err deg : 658 / 2100
SCL #err weighted degeneracy : 616 616 636 685 706 728 
degeneracy helps : 207 208 206 210 219 224 
degeneracy worse : 166 166 184 237 267 294 
SCL #err deg : 683 / 2200
SCL #err weighted degeneracy : 640 640 661 709 730 756 
degeneracy helps : 215 216 213 217 226 230 
degeneracy worse : 173 173 191 243 273 303 
SCL #err deg : 715 / 2300
SCL #err weighted degeneracy : 665 665 685 738 763 793 
degeneracy helps : 224 226 224 227 235 239 
degeneracy worse : 176 176 194 250 283 317 
SCL #err deg : 749 / 2400
SCL #err weighted degeneracy : 695 695 714 770 795 827 
degeneracy helps : 235 237 236 239 247 250 
degeneracy worse : 183 183 201 260 293 328 
SCL #err deg : 781 / 2500
SCL #err weighted degeneracy : 725 725 745 803 830 862 
degeneracy helps : 244 246 245 247 254 258 
degeneracy worse : 190 190 209 269 303 339 
SCL #err deg : 815 / 2600
SCL #err weighted degeneracy : 755 755 775 837 865 897 
degeneracy helps : 254 256 255 258 266 272 
degeneracy worse : 196 196 215 280 316 354 
SCL #err deg : 846 / 2700
SCL #err weighted degeneracy : 786 786 807 873 904 937 
degeneracy helps : 261 263 262 265 273 279 
degeneracy worse : 203 203 223 292 331 370 
SCL #err deg : 876 / 2800
SCL #err weighted degeneracy : 814 814 835 903 934 969 
degeneracy helps : 269 271 270 274 283 289 
degeneracy worse : 209 209 229 301 341 382 
SCL #err deg : 907 / 2900
SCL #err weighted degeneracy : 850 850 872 938 970 1007 
degeneracy helps : 274 276 275 281 290 296 
degeneracy worse : 219 219 240 312 353 396 
SCL #err deg : 937 / 3000
SCL #err weighted degeneracy : 879 879 903 972 1004 1042 
degeneracy helps : 282 284 283 288 297 303 
degeneracy worse : 226 226 249 323 364 408 
SCL #err deg : 972 / 3100
SCL #err weighted degeneracy : 913 913 936 1005 1040 1080 
degeneracy helps : 292 294 294 300 309 313 
degeneracy worse : 235 235 258 333 377 421 
SCL #err deg : 1004 / 3200
SCL #err weighted degeneracy : 944 944 967 1034 1071 1112 
degeneracy helps : 299 301 302 311 320 324 
degeneracy worse : 241 241 265 341 387 432 
SCL #err deg : 1037 / 3300
SCL #err weighted degeneracy : 972 972 999 1068 1107 1151 
degeneracy helps : 311 313 312 321 330 334 
degeneracy worse : 248 248 274 352 400 448 
SCL #err deg : 1073 / 3400
SCL #err weighted degeneracy : 1012 1012 1040 1111 1150 1195 
degeneracy helps : 317 319 319 329 339 343 
degeneracy worse : 258 258 286 367 416 465 
SCL #err deg : 1111 / 3500
SCL #err weighted degeneracy : 1051 1051 1078 1148 1187 1232 
degeneracy helps : 325 327 328 340 350 355 
degeneracy worse : 267 267 295 377 426 476 
SCL #err deg : 1144 / 3600
SCL #err weighted degeneracy : 1078 1078 1105 1177 1216 1266 
degeneracy helps : 337 339 340 352 362 366 
degeneracy worse : 273 273 301 385 434 488 
SCL #err deg : 1167 / 3700
SCL #err weighted degeneracy : 1096 1096 1123 1197 1237 1290 
degeneracy helps : 347 349 350 363 373 374 
degeneracy worse : 278 278 306 393 443 497 
SCL #err deg : 1203 / 3800
SCL #err weighted degeneracy : 1128 1128 1154 1232 1273 1327 
degeneracy helps : 358 360 361 374 384 384 
degeneracy worse : 285 285 312 403 454 508 
SCL #err deg : 1241 / 3900
SCL #err weighted degeneracy : 1161 1161 1187 1265 1307 1361 
degeneracy helps : 370 371 373 388 399 400 
degeneracy worse : 292 292 319 412 465 520 
SCL #err deg : 1275 / 4000
SCL #err weighted degeneracy : 1189 1189 1215 1295 1339 1395 
degeneracy helps : 380 381 384 399 410 410 
degeneracy worse : 296 296 324 419 474 530 
SCL #err deg : 1318 / 4100
SCL #err weighted degeneracy : 1227 1227 1253 1332 1375 1431 
degeneracy helps : 391 392 395 412 425 425 
degeneracy worse : 302 302 330 426 482 538 
SCL #err deg : 1352 / 4200
SCL #err weighted degeneracy : 1256 1256 1283 1366 1408 1468 
degeneracy helps : 402 403 405 421 435 434 
degeneracy worse : 308 308 336 435 491 550 
SCL #err deg : 1387 / 4300
SCL #err weighted degeneracy : 1288 1288 1316 1398 1440 1501 
degeneracy helps : 411 412 414 431 445 445 
degeneracy worse : 314 314 343 442 498 559 
SCL #err deg : 1418 / 4400
SCL #err weighted degeneracy : 1313 1313 1340 1423 1464 1528 
degeneracy helps : 421 422 425 442 457 457 
degeneracy worse : 318 318 347 447 503 567 
SCL #err deg : 1448 / 4500
SCL #err weighted degeneracy : 1335 1335 1360 1441 1487 1554 
degeneracy helps : 431 432 437 456 471 472 
degeneracy worse : 320 320 349 449 510 578 
SCL #err deg : 1475 / 4600
SCL #err weighted degeneracy : 1358 1358 1384 1466 1514 1585 
degeneracy helps : 444 445 449 467 482 482 
degeneracy worse : 329 329 358 458 521 592 
SCL #err deg : 1510 / 4700
SCL #err weighted degeneracy : 1387 1387 1415 1496 1545 1620 
degeneracy helps : 455 457 461 480 495 497 
degeneracy worse : 335 335 366 466 530 607 
SCL #err deg : 1541 / 4800
SCL #err weighted degeneracy : 1413 1413 1443 1528 1576 1652 
degeneracy helps : 465 467 471 489 506 508 
degeneracy worse : 340 340 373 476 541 619 
SCL #err deg : 1579 / 4900
SCL #err weighted degeneracy : 1442 1442 1474 1560 1612 1688 
degeneracy helps : 479 481 485 504 521 524 
degeneracy worse : 345 345 380 485 554 633 
SCL #err deg : 1608 / 5000
SCL #err weighted degeneracy : 1469 1469 1502 1589 1645 1721 
degeneracy helps : 487 489 493 512 528 532 
degeneracy worse : 351 351 387 493 565 645 
SCL #err deg : 1638 / 5100
SCL #err weighted degeneracy : 1492 1492 1525 1613 1667 1747 
degeneracy helps : 499 501 506 526 542 545 
degeneracy worse : 356 356 393 501 571 654 
SCL #err deg : 1661 / 5200
SCL #err weighted degeneracy : 1512 1512 1545 1634 1692 1777 
degeneracy helps : 509 511 516 536 552 554 
degeneracy worse : 363 363 400 509 583 670 
SCL #err deg : 1686 / 5300
SCL #err weighted degeneracy : 1541 1541 1573 1666 1723 1808 
degeneracy helps : 515 517 523 543 561 564 
degeneracy worse : 373 373 410 523 598 686 
SCL #err deg : 1721 / 5400
SCL #err weighted degeneracy : 1575 1575 1607 1702 1758 1844 
degeneracy helps : 524 526 532 552 572 575 
degeneracy worse : 381 381 418 533 609 698 
SCL #err deg : 1749 / 5500
SCL #err weighted degeneracy : 1601 1601 1631 1727 1787 1875 
degeneracy helps : 534 536 544 565 585 587 
degeneracy worse : 389 389 426 543 623 713 
SCL #err deg : 1778 / 5600
SCL #err weighted degeneracy : 1624 1624 1655 1758 1820 1908 
degeneracy helps : 546 548 556 576 595 598 
degeneracy worse : 395 395 433 556 637 728 
SCL #err deg : 1812 / 5700
SCL #err weighted degeneracy : 1653 1653 1685 1791 1854 1943 
degeneracy helps : 557 559 567 587 606 609 
degeneracy worse : 401 401 440 566 648 740 
SCL #err deg : 1840 / 5800
SCL #err weighted degeneracy : 1682 1682 1716 1822 1888 1983 
degeneracy helps : 566 568 575 596 616 618 
degeneracy worse : 411 411 451 578 664 761 
SCL #err deg : 1876 / 5900
SCL #err weighted degeneracy : 1715 1715 1748 1857 1926 2021 
degeneracy helps : 578 580 587 608 629 631 
degeneracy worse : 421 421 460 589 679 776 
SCL #err deg : 1900 / 6000
SCL #err weighted degeneracy : 1743 1743 1775 1885 1958 2053 
degeneracy helps : 582 584 593 614 634 638 
degeneracy worse : 430 430 469 599 692 791 
SCL #err deg : 1928 / 6100
SCL #err weighted degeneracy : 1779 1779 1811 1921 1995 2091 
degeneracy helps : 584 586 595 617 637 641 
degeneracy worse : 440 440 479 610 704 804 
SCL #err deg : 1965 / 6200
SCL #err weighted degeneracy : 1812 1812 1842 1951 2026 2123 
degeneracy helps : 596 598 609 633 653 658 
degeneracy worse : 448 448 487 619 714 816 
SCL #err deg : 1997 / 6300
SCL #err weighted degeneracy : 1838 1838 1869 1980 2057 2155 
degeneracy helps : 608 610 621 645 665 670 
degeneracy worse : 454 454 494 628 725 828 
SCL #err deg : 2020 / 6400
SCL #err weighted degeneracy : 1864 1864 1896 2008 2087 2186 
degeneracy helps : 611 613 624 650 670 676 
degeneracy worse : 460 460 501 638 737 842 
SCL #err deg : 2051 / 6500
SCL #err weighted degeneracy : 1892 1892 1925 2042 2119 2221 
degeneracy helps : 619 621 633 659 681 688 
degeneracy worse : 465 465 508 650 749 858 
SCL #err deg : 2080 / 6600
SCL #err weighted degeneracy : 1921 1921 1954 2072 2150 2255 
degeneracy helps : 625 627 639 666 688 695 
degeneracy worse : 471 471 514 658 758 870 
SCL #err deg : 2114 / 6700
SCL #err weighted degeneracy : 1955 1955 1988 2107 2189 2297 
degeneracy helps : 632 634 646 674 695 703 
degeneracy worse : 478 478 521 667 770 886 
SCL #err deg : 2145 / 6800
SCL #err weighted degeneracy : 1986 1986 2019 2141 2223 2330 
degeneracy helps : 643 645 657 684 707 716 
degeneracy worse : 489 489 532 680 785 901 
SCL #err deg : 2176 / 6900
SCL #err weighted degeneracy : 2010 2010 2043 2166 2249 2358 
degeneracy helps : 654 656 669 697 720 729 
degeneracy worse : 493 493 537 687 793 911 
SCL #err deg : 2210 / 7000
SCL #err weighted degeneracy : 2046 2046 2080 2208 2292 2401 
degeneracy helps : 662 664 677 706 729 738 
degeneracy worse : 503 503 548 704 811 929 
SCL #err deg : 2236 / 7100
SCL #err weighted degeneracy : 2073 2073 2107 2232 2320 2430 
degeneracy helps : 669 671 684 716 737 746 
degeneracy worse : 511 511 556 712 821 940 
SCL #err deg : 2267 / 7200
SCL #err weighted degeneracy : 2105 2105 2139 2267 2353 2463 
degeneracy helps : 676 678 691 724 746 756 
degeneracy worse : 519 519 564 724 832 952 
SCL #err deg : 2300 / 7300
SCL #err weighted degeneracy : 2132 2132 2168 2294 2382 2494 
degeneracy helps : 689 691 703 738 760 771 
degeneracy worse : 526 526 572 732 842 965 
SCL #err deg : 2329 / 7400
SCL #err weighted degeneracy : 2163 2163 2199 2327 2417 2533 
degeneracy helps : 697 699 711 746 768 779 
degeneracy worse : 536 536 582 744 856 983 
SCL #err deg : 2357 / 7500
SCL #err weighted degeneracy : 2187 2187 2225 2355 2447 2560 
degeneracy helps : 706 708 720 754 778 791 
degeneracy worse : 541 541 589 752 868 994 
SCL #err deg : 2389 / 7600
SCL #err weighted degeneracy : 2217 2217 2255 2387 2481 2593 
degeneracy helps : 714 716 728 763 786 802 
degeneracy worse : 547 547 595 761 878 1006 
SCL #err deg : 2420 / 7700
SCL #err weighted degeneracy : 2246 2246 2285 2417 2513 2625 
degeneracy helps : 726 728 739 775 798 814 
degeneracy worse : 557 557 605 772 891 1019 
SCL #err deg : 2442 / 7800
SCL #err weighted degeneracy : 2268 2268 2308 2447 2545 2658 
degeneracy helps : 732 734 745 781 804 820 
degeneracy worse : 563 563 612 786 907 1036 
SCL #err deg : 2468 / 7900
SCL #err weighted degeneracy : 2296 2296 2336 2479 2579 2691 
degeneracy helps : 738 740 751 787 810 826 
degeneracy worse : 571 571 620 798 921 1049 
SCL #err deg : 2500 / 8000
SCL #err weighted degeneracy : 2317 2317 2357 2501 2602 2714 
degeneracy helps : 752 754 766 803 826 843 
degeneracy worse : 574 574 624 804 928 1057 
SCL #err deg : 2537 / 8100
SCL #err weighted degeneracy : 2353 2353 2395 2539 2638 2750 
degeneracy helps : 759 761 774 813 838 855 
degeneracy worse : 581 581 633 815 939 1068 
SCL #err deg : 2559 / 8200
SCL #err weighted degeneracy : 2374 2374 2417 2565 2666 2779 
degeneracy helps : 768 770 783 822 846 865 
degeneracy worse : 589 589 642 828 953 1085 
SCL #err deg : 2589 / 8300
SCL #err weighted degeneracy : 2402 2402 2445 2597 2697 2813 
degeneracy helps : 778 780 793 832 857 875 
degeneracy worse : 597 597 650 840 965 1099 
SCL #err deg : 2615 / 8400
SCL #err weighted degeneracy : 2428 2428 2471 2625 2728 2845 
degeneracy helps : 784 786 799 839 864 881 
degeneracy worse : 603 603 656 849 977 1111 
SCL #err deg : 2647 / 8500
SCL #err weighted degeneracy : 2465 2465 2507 2662 2764 2884 
degeneracy helps : 788 790 804 844 870 887 
degeneracy worse : 612 612 665 859 987 1124 
SCL #err deg : 2686 / 8600
SCL #err weighted degeneracy : 2502 2502 2544 2699 2802 2923 
degeneracy helps : 797 799 813 853 879 897 
degeneracy worse : 619 619 672 866 995 1134 
SCL #err deg : 2722 / 8700
SCL #err weighted degeneracy : 2537 2537 2578 2736 2841 2962 
degeneracy helps : 805 807 821 860 885 904 
degeneracy worse : 626 626 678 874 1004 1144 
SCL #err deg : 2762 / 8800
SCL #err weighted degeneracy : 2569 2569 2610 2773 2880 3006 
degeneracy helps : 821 823 837 874 897 916 
degeneracy worse : 634 634 686 885 1015 1160 
SCL #err deg : 2800 / 8900
SCL #err weighted degeneracy : 2600 2600 2642 2808 2916 3042 
degeneracy helps : 834 836 850 886 909 928 
degeneracy worse : 640 640 693 894 1025 1170 
SCL #err deg : 2827 / 9000
SCL #err weighted degeneracy : 2629 2629 2670 2838 2951 3082 
degeneracy helps : 839 841 856 892 912 932 
degeneracy worse : 647 647 700 903 1036 1187 
SCL #err deg : 2872 / 9100
SCL #err weighted degeneracy : 2668 2668 2708 2876 2991 3120 
degeneracy helps : 851 853 869 906 924 947 
degeneracy worse : 653 653 706 910 1043 1195 
SCL #err deg : 2907 / 9200
SCL #err weighted degeneracy : 2699 2699 2739 2913 3029 3162 
degeneracy helps : 862 864 880 917 936 958 
degeneracy worse : 660 660 713 923 1058 1213 
SCL #err deg : 2928 / 9300
SCL #err weighted degeneracy : 2715 2715 2756 2934 3055 3191 
degeneracy helps : 873 875 891 928 947 967 
degeneracy worse : 666 666 720 934 1074 1230 
SCL #err deg : 2963 / 9400
SCL #err weighted degeneracy : 2745 2745 2787 2963 3085 3226 
degeneracy helps : 885 887 903 943 963 982 
degeneracy worse : 673 673 728 943 1085 1245 
SCL #err deg : 3001 / 9500
SCL #err weighted degeneracy : 2781 2781 2824 3000 3122 3262 
degeneracy helps : 895 897 912 953 974 995 
degeneracy worse : 681 681 736 952 1095 1256 
SCL #err deg : 3030 / 9600
SCL #err weighted degeneracy : 2807 2807 2851 3027 3149 3291 
degeneracy helps : 905 907 921 962 984 1005 
degeneracy worse : 688 688 743 959 1103 1266 
SCL #err deg : 3059 / 9700
SCL #err weighted degeneracy : 2836 2836 2879 3059 3182 3327 
degeneracy helps : 912 914 929 969 992 1014 
degeneracy worse : 695 695 750 969 1115 1282 
SCL #err deg : 3097 / 9800
SCL #err weighted degeneracy : 2870 2870 2913 3092 3217 3366 
degeneracy helps : 920 922 938 980 1002 1024 
degeneracy worse : 699 699 755 975 1122 1293 
SCL #err deg : 3124 / 9900
SCL #err weighted degeneracy : 2899 2899 2941 3119 3249 3403 
degeneracy helps : 927 928 946 989 1010 1032 
degeneracy worse : 708 708 764 984 1135 1311 
SCL #err deg : 3155 / 10000
SCL #err weighted degeneracy : 2929 2929 2971 3147 3278 3433 
degeneracy helps : 936 937 955 1000 1021 1043 
degeneracy worse : 716 716 772 992 1144 1321 
average #flips: 13.7071
SCL #err considering degeneracy: 3155
error due to equal 1351
error due to SCL smaller 1804
Finish in 1140 s
