Simulation Polar syndrome FASTER N=2048, K=1025, l=128, pz=0.107, #samples=10000, seed=45
PW construction
Event generator random seed: 45
SCL #err deg : 22 / 100
SCL #err weighted degeneracy : 26 26 25 26 26 26 
degeneracy helps : 0 0 1 1 1 1 
degeneracy worse : 4 4 4 5 5 5 
SCL #err deg : 52 / 200
SCL #err weighted degeneracy : 58 58 55 56 56 56 
degeneracy helps : 2 2 4 4 4 4 
degeneracy worse : 8 8 7 8 8 8 
SCL #err deg : 92 / 300
SCL #err weighted degeneracy : 98 98 95 95 94 94 
degeneracy helps : 6 6 8 9 9 9 
degeneracy worse : 12 12 11 12 11 11 
SCL #err deg : 129 / 400
SCL #err weighted degeneracy : 133 133 131 131 131 132 
degeneracy helps : 10 10 12 12 12 12 
degeneracy worse : 14 14 14 14 14 15 
SCL #err deg : 163 / 500
SCL #err weighted degeneracy : 167 167 164 165 165 166 
degeneracy helps : 14 14 18 17 17 17 
degeneracy worse : 18 18 19 19 19 20 
SCL #err deg : 193 / 600
SCL #err weighted degeneracy : 192 192 191 193 193 194 
degeneracy helps : 22 22 26 25 25 25 
degeneracy worse : 21 21 24 25 25 26 
SCL #err deg : 230 / 700
SCL #err weighted degeneracy : 227 227 226 227 227 229 
degeneracy helps : 26 26 31 31 31 31 
degeneracy worse : 23 23 27 28 28 30 
SCL #err deg : 264 / 800
SCL #err weighted degeneracy : 263 263 261 263 263 265 
degeneracy helps : 29 29 35 35 35 35 
degeneracy worse : 28 28 32 34 34 36 
SCL #err deg : 297 / 900
SCL #err weighted degeneracy : 300 300 301 303 302 303 
degeneracy helps : 31 31 36 36 37 38 
degeneracy worse : 34 34 40 42 42 44 
SCL #err deg : 335 / 1000
SCL #err weighted degeneracy : 336 336 338 339 338 339 
degeneracy helps : 37 37 42 43 44 45 
degeneracy worse : 38 38 45 47 47 49 
SCL #err deg : 373 / 1100
SCL #err weighted degeneracy : 376 376 378 379 378 378 
degeneracy helps : 43 43 48 49 50 51 
degeneracy worse : 46 46 53 55 55 56 
SCL #err deg : 408 / 1200
SCL #err weighted degeneracy : 412 412 411 412 411 410 
degeneracy helps : 46 46 54 55 56 58 
degeneracy worse : 50 50 57 59 59 60 
SCL #err deg : 443 / 1300
SCL #err weighted degeneracy : 446 446 442 444 442 441 
degeneracy helps : 50 50 61 62 64 66 
degeneracy worse : 53 53 60 63 63 64 
SCL #err deg : 486 / 1400
SCL #err weighted degeneracy : 486 487 482 485 483 481 
degeneracy helps : 56 55 67 67 70 73 
degeneracy worse : 56 56 63 66 67 68 
SCL #err deg : 514 / 1500
SCL #err weighted degeneracy : 511 512 507 510 508 506 
degeneracy helps : 62 61 74 74 77 80 
degeneracy worse : 59 59 67 70 71 72 
SCL #err deg : 550 / 1600
SCL #err weighted degeneracy : 549 550 544 545 544 540 
degeneracy helps : 64 63 77 79 82 85 
degeneracy worse : 63 63 71 74 76 75 
SCL #err deg : 580 / 1700
SCL #err weighted degeneracy : 576 577 572 574 573 569 
degeneracy helps : 70 69 82 83 86 89 
degeneracy worse : 66 66 74 77 79 78 
SCL #err deg : 617 / 1800
SCL #err weighted degeneracy : 613 614 608 611 610 607 
degeneracy helps : 73 72 86 88 91 94 
degeneracy worse : 69 69 77 82 84 84 
SCL #err deg : 653 / 1900
SCL #err weighted degeneracy : 651 652 643 644 644 642 
degeneracy helps : 76 75 91 95 98 101 
degeneracy worse : 74 74 81 86 89 90 
SCL #err deg : 685 / 2000
SCL #err weighted degeneracy : 682 683 674 675 677 675 
degeneracy helps : 79 78 94 98 100 103 
degeneracy worse : 76 76 83 88 92 93 
SCL #err deg : 720 / 2100
SCL #err weighted degeneracy : 718 719 706 706 708 706 
degeneracy helps : 83 82 102 106 108 111 
degeneracy worse : 81 81 88 92 96 97 
SCL #err deg : 753 / 2200
SCL #err weighted degeneracy : 751 752 741 739 742 739 
degeneracy helps : 88 87 107 113 114 118 
degeneracy worse : 86 86 95 99 103 104 
SCL #err deg : 783 / 2300
SCL #err weighted degeneracy : 780 781 770 767 770 767 
degeneracy helps : 91 90 111 118 119 123 
degeneracy worse : 88 88 98 102 106 107 
SCL #err deg : 819 / 2400
SCL #err weighted degeneracy : 819 820 808 804 807 804 
degeneracy helps : 92 91 113 121 122 126 
degeneracy worse : 92 92 102 106 110 111 
SCL #err deg : 849 / 2500
SCL #err weighted degeneracy : 850 851 839 836 839 836 
degeneracy helps : 93 92 114 122 123 127 
degeneracy worse : 94 94 104 109 113 114 
SCL #err deg : 878 / 2600
SCL #err weighted degeneracy : 880 881 867 865 868 865 
degeneracy helps : 96 95 119 127 128 132 
degeneracy worse : 98 98 108 114 118 119 
SCL #err deg : 916 / 2700
SCL #err weighted degeneracy : 918 919 906 903 907 904 
degeneracy helps : 100 99 123 132 133 137 
degeneracy worse : 102 102 113 119 124 125 
SCL #err deg : 955 / 2800
SCL #err weighted degeneracy : 955 956 944 941 944 941 
degeneracy helps : 104 103 127 136 138 142 
degeneracy worse : 104 104 116 122 127 128 
SCL #err deg : 982 / 2900
SCL #err weighted degeneracy : 989 990 980 979 982 978 
degeneracy helps : 107 106 130 137 139 143 
degeneracy worse : 114 114 128 134 139 139 
SCL #err deg : 1007 / 3000
SCL #err weighted degeneracy : 1019 1020 1011 1010 1013 1009 
degeneracy helps : 108 107 131 137 139 143 
degeneracy worse : 120 120 135 140 145 145 
SCL #err deg : 1040 / 3100
SCL #err weighted degeneracy : 1052 1053 1042 1042 1045 1041 
degeneracy helps : 111 110 137 143 145 149 
degeneracy worse : 123 123 139 145 150 150 
SCL #err deg : 1077 / 3200
SCL #err weighted degeneracy : 1088 1089 1077 1078 1081 1077 
degeneracy helps : 114 113 141 146 148 152 
degeneracy worse : 125 125 141 147 152 152 
SCL #err deg : 1119 / 3300
SCL #err weighted degeneracy : 1129 1130 1118 1119 1122 1118 
degeneracy helps : 120 119 147 153 155 159 
degeneracy worse : 130 130 146 153 158 158 
SCL #err deg : 1153 / 3400
SCL #err weighted degeneracy : 1168 1169 1157 1157 1161 1157 
degeneracy helps : 122 121 150 156 157 161 
degeneracy worse : 137 137 154 160 165 165 
SCL #err deg : 1196 / 3500
SCL #err weighted degeneracy : 1213 1214 1201 1199 1202 1198 
degeneracy helps : 123 122 152 159 161 165 
degeneracy worse : 140 140 157 162 167 167 
SCL #err deg : 1225 / 3600
SCL #err weighted degeneracy : 1237 1238 1225 1222 1225 1221 
degeneracy helps : 130 129 159 167 169 173 
degeneracy worse : 142 142 159 164 169 169 
SCL #err deg : 1266 / 3700
SCL #err weighted degeneracy : 1279 1280 1268 1266 1271 1267 
degeneracy helps : 134 133 162 170 171 175 
degeneracy worse : 147 147 164 170 176 176 
SCL #err deg : 1297 / 3800
SCL #err weighted degeneracy : 1307 1308 1297 1295 1300 1296 
degeneracy helps : 137 136 165 174 175 179 
degeneracy worse : 147 147 165 172 178 178 
SCL #err deg : 1332 / 3900
SCL #err weighted degeneracy : 1342 1343 1329 1329 1334 1332 
degeneracy helps : 140 139 171 180 181 185 
degeneracy worse : 150 150 168 177 183 185 
SCL #err deg : 1363 / 4000
SCL #err weighted degeneracy : 1378 1379 1367 1365 1370 1368 
degeneracy helps : 142 141 173 183 184 188 
degeneracy worse : 157 157 177 185 191 193 
SCL #err deg : 1395 / 4100
SCL #err weighted degeneracy : 1408 1409 1396 1394 1399 1397 
degeneracy helps : 146 145 178 187 188 192 
degeneracy worse : 159 159 179 186 192 194 
SCL #err deg : 1431 / 4200
SCL #err weighted degeneracy : 1443 1444 1431 1429 1434 1432 
degeneracy helps : 150 149 182 191 192 196 
degeneracy worse : 162 162 182 189 195 197 
SCL #err deg : 1460 / 4300
SCL #err weighted degeneracy : 1471 1472 1461 1463 1468 1466 
degeneracy helps : 155 154 186 194 195 199 
degeneracy worse : 166 166 187 197 203 205 
SCL #err deg : 1489 / 4400
SCL #err weighted degeneracy : 1502 1503 1491 1493 1498 1496 
degeneracy helps : 157 156 189 197 198 202 
degeneracy worse : 170 170 191 201 207 209 
SCL #err deg : 1523 / 4500
SCL #err weighted degeneracy : 1535 1536 1523 1526 1532 1531 
degeneracy helps : 159 158 192 199 200 204 
degeneracy worse : 171 171 192 202 209 212 
SCL #err deg : 1557 / 4600
SCL #err weighted degeneracy : 1568 1569 1555 1558 1564 1563 
degeneracy helps : 163 162 197 205 206 210 
degeneracy worse : 174 174 195 206 213 216 
SCL #err deg : 1597 / 4700
SCL #err weighted degeneracy : 1607 1608 1594 1597 1604 1604 
degeneracy helps : 166 165 201 209 210 214 
degeneracy worse : 176 176 198 209 217 221 
SCL #err deg : 1649 / 4800
SCL #err weighted degeneracy : 1654 1655 1640 1643 1651 1651 
degeneracy helps : 173 172 209 217 218 222 
degeneracy worse : 178 178 200 211 220 224 
SCL #err deg : 1686 / 4900
SCL #err weighted degeneracy : 1688 1689 1673 1674 1681 1682 
degeneracy helps : 178 177 214 224 226 230 
degeneracy worse : 180 180 201 212 221 226 
SCL #err deg : 1724 / 5000
SCL #err weighted degeneracy : 1729 1730 1715 1715 1721 1722 
degeneracy helps : 181 180 216 226 227 231 
degeneracy worse : 186 186 207 217 224 229 
SCL #err deg : 1763 / 5100
SCL #err weighted degeneracy : 1763 1764 1748 1747 1753 1755 
degeneracy helps : 186 185 222 233 234 238 
degeneracy worse : 186 186 207 217 224 230 
SCL #err deg : 1796 / 5200
SCL #err weighted degeneracy : 1793 1794 1779 1778 1784 1785 
degeneracy helps : 189 188 225 236 237 242 
degeneracy worse : 186 186 208 218 225 231 
SCL #err deg : 1832 / 5300
SCL #err weighted degeneracy : 1829 1829 1815 1813 1819 1820 
degeneracy helps : 191 190 227 239 240 245 
degeneracy worse : 188 187 210 220 227 233 
SCL #err deg : 1869 / 5400
SCL #err weighted degeneracy : 1866 1866 1853 1853 1859 1860 
degeneracy helps : 194 193 230 241 243 248 
degeneracy worse : 191 190 214 225 233 239 
SCL #err deg : 1901 / 5500
SCL #err weighted degeneracy : 1897 1898 1884 1883 1889 1890 
degeneracy helps : 199 197 234 246 248 253 
degeneracy worse : 195 194 217 228 236 242 
SCL #err deg : 1942 / 5600
SCL #err weighted degeneracy : 1939 1940 1927 1924 1930 1930 
degeneracy helps : 204 202 239 251 253 259 
degeneracy worse : 201 200 224 233 241 247 
SCL #err deg : 1983 / 5700
SCL #err weighted degeneracy : 1986 1987 1972 1968 1974 1974 
degeneracy helps : 206 204 241 254 256 262 
degeneracy worse : 209 208 230 239 247 253 
SCL #err deg : 2024 / 5800
SCL #err weighted degeneracy : 2025 2026 2011 2007 2013 2014 
degeneracy helps : 210 208 245 258 260 265 
degeneracy worse : 211 210 232 241 249 255 
SCL #err deg : 2066 / 5900
SCL #err weighted degeneracy : 2065 2066 2051 2047 2054 2055 
degeneracy helps : 215 213 250 263 265 270 
degeneracy worse : 214 213 235 244 253 259 
SCL #err deg : 2092 / 6000
SCL #err weighted degeneracy : 2093 2094 2077 2074 2081 2081 
degeneracy helps : 219 217 256 269 271 276 
degeneracy worse : 220 219 241 251 260 265 
SCL #err deg : 2117 / 6100
SCL #err weighted degeneracy : 2115 2117 2101 2097 2104 2104 
degeneracy helps : 224 221 261 275 277 282 
degeneracy worse : 222 221 245 255 264 269 
SCL #err deg : 2154 / 6200
SCL #err weighted degeneracy : 2152 2154 2137 2133 2140 2141 
degeneracy helps : 226 223 265 279 281 286 
degeneracy worse : 224 223 248 258 267 273 
SCL #err deg : 2188 / 6300
SCL #err weighted degeneracy : 2184 2186 2169 2165 2172 2173 
degeneracy helps : 230 227 269 283 285 290 
degeneracy worse : 226 225 250 260 269 275 
SCL #err deg : 2222 / 6400
SCL #err weighted degeneracy : 2222 2224 2207 2202 2209 2210 
degeneracy helps : 231 228 270 285 287 292 
degeneracy worse : 231 230 255 265 274 280 
SCL #err deg : 2247 / 6500
SCL #err weighted degeneracy : 2247 2249 2233 2229 2236 2238 
degeneracy helps : 234 231 273 288 290 295 
degeneracy worse : 234 233 259 270 279 286 
SCL #err deg : 2288 / 6600
SCL #err weighted degeneracy : 2287 2289 2271 2266 2272 2274 
degeneracy helps : 239 236 280 296 299 304 
degeneracy worse : 238 237 263 274 283 290 
SCL #err deg : 2320 / 6700
SCL #err weighted degeneracy : 2316 2318 2300 2296 2301 2305 
degeneracy helps : 245 242 286 303 306 310 
degeneracy worse : 241 240 266 279 287 295 
SCL #err deg : 2363 / 6800
SCL #err weighted degeneracy : 2355 2356 2339 2335 2340 2344 
degeneracy helps : 250 247 291 308 311 315 
degeneracy worse : 242 240 267 280 288 296 
SCL #err deg : 2400 / 6900
SCL #err weighted degeneracy : 2394 2395 2378 2375 2379 2383 
degeneracy helps : 252 249 293 309 312 316 
degeneracy worse : 246 244 271 284 291 299 
SCL #err deg : 2436 / 7000
SCL #err weighted degeneracy : 2430 2431 2412 2409 2413 2416 
degeneracy helps : 256 253 299 315 319 324 
degeneracy worse : 250 248 275 288 296 304 
SCL #err deg : 2469 / 7100
SCL #err weighted degeneracy : 2464 2465 2446 2444 2448 2450 
degeneracy helps : 258 255 302 318 322 328 
degeneracy worse : 253 251 279 293 301 309 
SCL #err deg : 2509 / 7200
SCL #err weighted degeneracy : 2497 2498 2477 2475 2479 2482 
degeneracy helps : 267 264 313 329 333 339 
degeneracy worse : 255 253 281 295 303 312 
SCL #err deg : 2547 / 7300
SCL #err weighted degeneracy : 2533 2534 2512 2511 2515 2518 
degeneracy helps : 270 267 319 335 339 345 
degeneracy worse : 256 254 284 299 307 316 
SCL #err deg : 2582 / 7400
SCL #err weighted degeneracy : 2571 2571 2550 2547 2551 2553 
degeneracy helps : 272 269 322 339 344 350 
degeneracy worse : 261 258 290 304 313 321 
SCL #err deg : 2609 / 7500
SCL #err weighted degeneracy : 2599 2598 2578 2577 2579 2581 
degeneracy helps : 276 273 326 343 349 355 
degeneracy worse : 266 262 295 311 319 327 
SCL #err deg : 2645 / 7600
SCL #err weighted degeneracy : 2634 2633 2610 2609 2610 2612 
degeneracy helps : 281 278 334 351 357 363 
degeneracy worse : 270 266 299 315 322 330 
SCL #err deg : 2685 / 7700
SCL #err weighted degeneracy : 2673 2672 2648 2648 2650 2652 
degeneracy helps : 284 281 338 355 361 367 
degeneracy worse : 272 268 301 318 326 334 
SCL #err deg : 2712 / 7800
SCL #err weighted degeneracy : 2701 2701 2675 2674 2676 2680 
degeneracy helps : 288 285 343 361 367 371 
degeneracy worse : 277 274 306 323 331 339 
SCL #err deg : 2745 / 7900
SCL #err weighted degeneracy : 2734 2734 2707 2706 2708 2712 
degeneracy helps : 294 291 350 368 374 378 
degeneracy worse : 283 280 312 329 337 345 
SCL #err deg : 2782 / 8000
SCL #err weighted degeneracy : 2770 2770 2745 2744 2745 2749 
degeneracy helps : 300 297 356 374 380 384 
degeneracy worse : 288 285 319 336 343 351 
SCL #err deg : 2816 / 8100
SCL #err weighted degeneracy : 2804 2804 2780 2777 2776 2780 
degeneracy helps : 304 301 360 379 387 391 
degeneracy worse : 292 289 324 340 347 355 
SCL #err deg : 2851 / 8200
SCL #err weighted degeneracy : 2839 2839 2815 2811 2810 2816 
degeneracy helps : 307 304 364 384 392 395 
degeneracy worse : 295 292 328 344 351 360 
SCL #err deg : 2879 / 8300
SCL #err weighted degeneracy : 2869 2869 2846 2841 2840 2844 
degeneracy helps : 310 307 367 388 396 399 
degeneracy worse : 300 297 334 350 357 364 
SCL #err deg : 2912 / 8400
SCL #err weighted degeneracy : 2902 2902 2877 2873 2872 2876 
degeneracy helps : 313 310 372 393 401 404 
degeneracy worse : 303 300 337 354 361 368 
SCL #err deg : 2951 / 8500
SCL #err weighted degeneracy : 2936 2937 2913 2909 2908 2912 
degeneracy helps : 321 317 380 401 409 412 
degeneracy worse : 306 303 342 359 366 373 
SCL #err deg : 2990 / 8600
SCL #err weighted degeneracy : 2974 2975 2951 2948 2947 2951 
degeneracy helps : 326 322 386 407 415 418 
degeneracy worse : 310 307 347 365 372 379 
SCL #err deg : 3024 / 8700
SCL #err weighted degeneracy : 3006 3007 2982 2981 2980 2984 
degeneracy helps : 330 326 391 412 420 423 
degeneracy worse : 312 309 349 369 376 383 
SCL #err deg : 3067 / 8800
SCL #err weighted degeneracy : 3049 3050 3025 3023 3022 3025 
degeneracy helps : 333 329 394 416 424 428 
degeneracy worse : 315 312 352 372 379 386 
SCL #err deg : 3106 / 8900
SCL #err weighted degeneracy : 3087 3089 3065 3062 3062 3064 
degeneracy helps : 335 330 396 419 427 431 
degeneracy worse : 316 313 355 375 383 389 
SCL #err deg : 3147 / 9000
SCL #err weighted degeneracy : 3126 3128 3104 3102 3102 3103 
degeneracy helps : 339 334 401 424 432 437 
degeneracy worse : 318 315 358 379 387 393 
SCL #err deg : 3177 / 9100
SCL #err weighted degeneracy : 3159 3161 3138 3136 3135 3136 
degeneracy helps : 341 336 403 426 435 440 
degeneracy worse : 323 320 364 385 393 399 
SCL #err deg : 3212 / 9200
SCL #err weighted degeneracy : 3199 3200 3179 3178 3176 3176 
degeneracy helps : 341 336 403 426 435 441 
degeneracy worse : 328 324 370 392 399 405 
SCL #err deg : 3250 / 9300
SCL #err weighted degeneracy : 3239 3240 3222 3221 3219 3219 
degeneracy helps : 344 339 406 429 438 444 
degeneracy worse : 333 329 378 400 407 413 
SCL #err deg : 3289 / 9400
SCL #err weighted degeneracy : 3279 3280 3261 3261 3258 3258 
degeneracy helps : 345 340 409 432 442 448 
degeneracy worse : 335 331 381 404 411 417 
SCL #err deg : 3325 / 9500
SCL #err weighted degeneracy : 3309 3310 3292 3295 3293 3293 
degeneracy helps : 352 347 416 438 447 454 
degeneracy worse : 336 332 383 408 415 422 
SCL #err deg : 3356 / 9600
SCL #err weighted degeneracy : 3337 3338 3319 3323 3322 3322 
degeneracy helps : 357 352 422 444 453 460 
degeneracy worse : 338 334 385 411 419 426 
SCL #err deg : 3388 / 9700
SCL #err weighted degeneracy : 3369 3370 3350 3354 3353 3353 
degeneracy helps : 361 356 428 450 459 466 
degeneracy worse : 342 338 390 416 424 431 
SCL #err deg : 3419 / 9800
SCL #err weighted degeneracy : 3395 3396 3376 3382 3381 3381 
degeneracy helps : 366 361 433 455 464 471 
degeneracy worse : 342 338 390 418 426 433 
SCL #err deg : 3452 / 9900
SCL #err weighted degeneracy : 3428 3429 3410 3416 3415 3415 
degeneracy helps : 371 366 440 462 471 478 
degeneracy worse : 347 343 398 426 434 441 
SCL #err deg : 3489 / 10000
SCL #err weighted degeneracy : 3463 3464 3445 3451 3450 3449 
degeneracy helps : 377 372 446 468 477 485 
degeneracy worse : 351 347 402 430 438 445 
average #flips: 219.163
SCL #err considering degeneracy: 3489
error due to equal 300
error due to SCL smaller 2934
Finish in 144084 s
