Simulation Polar syndrome FASTER N=1024, K=513, l=128, pz=0.1, #samples=10000, seed=943
HPW construction
Event generator random seed: 943
SCL #err deg : 22 / 100
SCL #err weighted degeneracy : 19 19 20 19 19 18 
degeneracy helps : 6 6 5 6 6 6 
degeneracy worse : 3 3 3 3 3 2 
SCL #err deg : 45 / 200
SCL #err weighted degeneracy : 43 43 45 44 45 44 
degeneracy helps : 8 8 7 8 8 8 
degeneracy worse : 6 6 7 7 8 7 
SCL #err deg : 58 / 300
SCL #err weighted degeneracy : 55 55 58 58 59 58 
degeneracy helps : 12 12 11 11 11 11 
degeneracy worse : 9 9 11 11 12 11 
SCL #err deg : 78 / 400
SCL #err weighted degeneracy : 74 74 78 76 78 78 
degeneracy helps : 15 15 13 16 16 16 
degeneracy worse : 11 11 13 14 16 16 
SCL #err deg : 101 / 500
SCL #err weighted degeneracy : 97 97 100 99 101 100 
degeneracy helps : 18 18 17 20 20 20 
degeneracy worse : 14 14 16 18 20 19 
SCL #err deg : 116 / 600
SCL #err weighted degeneracy : 111 111 114 114 116 114 
degeneracy helps : 22 22 21 23 23 23 
degeneracy worse : 17 17 19 21 23 21 
SCL #err deg : 132 / 700
SCL #err weighted degeneracy : 127 127 130 130 134 134 
degeneracy helps : 23 23 23 25 26 26 
degeneracy worse : 18 18 21 23 28 28 
SCL #err deg : 147 / 800
SCL #err weighted degeneracy : 138 138 142 141 145 146 
degeneracy helps : 30 30 30 33 34 33 
degeneracy worse : 21 21 25 27 32 32 
SCL #err deg : 168 / 900
SCL #err weighted degeneracy : 160 160 164 162 166 166 
degeneracy helps : 32 32 32 37 38 37 
degeneracy worse : 24 24 28 31 36 35 
SCL #err deg : 185 / 1000
SCL #err weighted degeneracy : 174 174 178 178 183 183 
degeneracy helps : 35 35 35 40 41 40 
degeneracy worse : 24 24 28 33 39 38 
SCL #err deg : 202 / 1100
SCL #err weighted degeneracy : 189 189 194 194 199 198 
degeneracy helps : 40 40 39 44 45 44 
degeneracy worse : 27 27 31 36 42 40 
SCL #err deg : 219 / 1200
SCL #err weighted degeneracy : 207 207 210 213 218 217 
degeneracy helps : 43 43 44 48 49 48 
degeneracy worse : 31 31 35 42 48 46 
SCL #err deg : 232 / 1300
SCL #err weighted degeneracy : 219 219 222 225 230 230 
degeneracy helps : 47 47 48 53 54 53 
degeneracy worse : 34 34 38 46 52 51 
SCL #err deg : 245 / 1400
SCL #err weighted degeneracy : 232 232 234 237 241 242 
degeneracy helps : 48 48 50 55 56 55 
degeneracy worse : 35 35 39 47 52 52 
SCL #err deg : 263 / 1500
SCL #err weighted degeneracy : 249 249 250 252 256 258 
degeneracy helps : 52 52 55 60 61 60 
degeneracy worse : 38 38 42 49 54 55 
SCL #err deg : 280 / 1600
SCL #err weighted degeneracy : 264 264 266 269 273 275 
degeneracy helps : 55 55 59 64 65 64 
degeneracy worse : 39 39 45 53 58 59 
SCL #err deg : 299 / 1700
SCL #err weighted degeneracy : 277 277 279 283 286 288 
degeneracy helps : 63 63 67 71 73 72 
degeneracy worse : 41 41 47 55 60 61 
SCL #err deg : 311 / 1800
SCL #err weighted degeneracy : 291 291 293 298 298 300 
degeneracy helps : 66 66 70 74 77 76 
degeneracy worse : 46 46 52 61 64 65 
SCL #err deg : 323 / 1900
SCL #err weighted degeneracy : 301 301 304 308 310 312 
degeneracy helps : 69 69 72 76 78 77 
degeneracy worse : 47 47 53 61 65 66 
SCL #err deg : 339 / 2000
SCL #err weighted degeneracy : 314 314 316 320 325 328 
degeneracy helps : 74 74 78 82 81 79 
degeneracy worse : 49 49 55 63 67 68 
SCL #err deg : 352 / 2100
SCL #err weighted degeneracy : 329 329 330 336 342 344 
degeneracy helps : 75 75 80 84 83 81 
degeneracy worse : 52 52 58 68 73 73 
SCL #err deg : 367 / 2200
SCL #err weighted degeneracy : 346 346 347 354 360 360 
degeneracy helps : 76 76 81 84 83 83 
degeneracy worse : 55 55 61 71 76 76 
SCL #err deg : 380 / 2300
SCL #err weighted degeneracy : 357 357 357 364 370 371 
degeneracy helps : 79 79 84 87 86 86 
degeneracy worse : 56 56 61 71 76 77 
SCL #err deg : 394 / 2400
SCL #err weighted degeneracy : 370 370 368 376 382 383 
degeneracy helps : 83 83 89 91 90 89 
degeneracy worse : 59 59 63 73 78 78 
SCL #err deg : 415 / 2500
SCL #err weighted degeneracy : 385 384 383 392 398 398 
degeneracy helps : 89 90 95 96 96 96 
degeneracy worse : 59 59 63 73 79 79 
SCL #err deg : 431 / 2600
SCL #err weighted degeneracy : 401 400 399 407 414 412 
degeneracy helps : 92 93 99 101 101 102 
degeneracy worse : 62 62 67 77 84 83 
SCL #err deg : 445 / 2700
SCL #err weighted degeneracy : 412 411 408 416 423 423 
degeneracy helps : 97 98 104 106 106 106 
degeneracy worse : 64 64 67 77 84 84 
SCL #err deg : 466 / 2800
SCL #err weighted degeneracy : 432 431 426 433 440 440 
degeneracy helps : 100 101 109 112 112 112 
degeneracy worse : 66 66 69 79 86 86 
SCL #err deg : 485 / 2900
SCL #err weighted degeneracy : 449 448 443 449 455 456 
degeneracy helps : 104 105 113 116 117 116 
degeneracy worse : 68 68 71 80 87 87 
SCL #err deg : 503 / 3000
SCL #err weighted degeneracy : 462 461 458 464 470 471 
degeneracy helps : 110 111 117 120 121 120 
degeneracy worse : 69 69 72 81 88 88 
SCL #err deg : 519 / 3100
SCL #err weighted degeneracy : 478 477 473 478 485 486 
degeneracy helps : 114 115 122 126 126 125 
degeneracy worse : 73 73 76 85 92 92 
SCL #err deg : 533 / 3200
SCL #err weighted degeneracy : 492 491 487 492 499 500 
degeneracy helps : 117 118 125 129 129 128 
degeneracy worse : 76 76 79 88 95 95 
SCL #err deg : 552 / 3300
SCL #err weighted degeneracy : 513 512 508 513 520 522 
degeneracy helps : 118 119 125 129 129 128 
degeneracy worse : 79 79 81 90 97 98 
SCL #err deg : 570 / 3400
SCL #err weighted degeneracy : 530 529 524 529 537 540 
degeneracy helps : 120 121 129 133 133 132 
degeneracy worse : 80 80 83 92 100 102 
SCL #err deg : 586 / 3500
SCL #err weighted degeneracy : 546 545 541 546 553 556 
degeneracy helps : 125 126 134 137 137 136 
degeneracy worse : 85 85 89 97 104 106 
SCL #err deg : 605 / 3600
SCL #err weighted degeneracy : 567 566 557 563 571 576 
degeneracy helps : 129 130 140 143 142 140 
degeneracy worse : 91 91 92 101 108 111 
SCL #err deg : 617 / 3700
SCL #err weighted degeneracy : 579 578 567 575 584 589 
degeneracy helps : 130 131 143 146 145 144 
degeneracy worse : 92 92 93 104 112 116 
SCL #err deg : 632 / 3800
SCL #err weighted degeneracy : 594 593 580 589 598 604 
degeneracy helps : 134 135 148 151 150 149 
degeneracy worse : 96 96 96 108 116 121 
SCL #err deg : 646 / 3900
SCL #err weighted degeneracy : 606 605 591 600 608 614 
degeneracy helps : 138 139 152 155 156 155 
degeneracy worse : 98 98 97 109 118 123 
SCL #err deg : 670 / 4000
SCL #err weighted degeneracy : 634 633 617 624 631 637 
degeneracy helps : 139 140 154 158 160 160 
degeneracy worse : 103 103 101 112 121 127 
SCL #err deg : 691 / 4100
SCL #err weighted degeneracy : 656 655 638 645 653 659 
degeneracy helps : 140 141 156 161 162 163 
degeneracy worse : 105 105 103 115 124 131 
SCL #err deg : 714 / 4200
SCL #err weighted degeneracy : 676 675 658 665 673 681 
degeneracy helps : 144 145 162 166 167 168 
degeneracy worse : 106 106 106 117 126 135 
SCL #err deg : 735 / 4300
SCL #err weighted degeneracy : 692 691 674 680 691 698 
degeneracy helps : 150 151 168 173 172 174 
degeneracy worse : 107 107 107 118 128 137 
SCL #err deg : 752 / 4400
SCL #err weighted degeneracy : 708 707 689 696 706 711 
degeneracy helps : 155 156 173 178 177 181 
degeneracy worse : 111 111 110 122 131 140 
SCL #err deg : 767 / 4500
SCL #err weighted degeneracy : 724 723 704 710 719 724 
degeneracy helps : 155 156 175 181 181 185 
degeneracy worse : 112 112 112 124 133 142 
SCL #err deg : 786 / 4600
SCL #err weighted degeneracy : 742 741 723 730 739 744 
degeneracy helps : 160 161 180 185 184 188 
degeneracy worse : 116 116 117 129 137 146 
SCL #err deg : 802 / 4700
SCL #err weighted degeneracy : 757 756 740 746 757 763 
degeneracy helps : 164 165 183 189 187 191 
degeneracy worse : 119 119 121 133 142 152 
SCL #err deg : 821 / 4800
SCL #err weighted degeneracy : 772 771 753 759 770 777 
degeneracy helps : 169 170 189 195 193 196 
degeneracy worse : 120 120 121 133 142 152 
SCL #err deg : 839 / 4900
SCL #err weighted degeneracy : 785 784 766 772 782 788 
degeneracy helps : 174 175 194 200 199 203 
degeneracy worse : 120 120 121 133 142 152 
SCL #err deg : 855 / 5000
SCL #err weighted degeneracy : 800 799 782 790 800 807 
degeneracy helps : 176 177 195 200 199 203 
degeneracy worse : 121 121 122 135 144 155 
SCL #err deg : 874 / 5100
SCL #err weighted degeneracy : 815 814 797 808 816 822 
degeneracy helps : 182 183 201 203 204 208 
degeneracy worse : 123 123 124 137 146 156 
SCL #err deg : 892 / 5200
SCL #err weighted degeneracy : 833 832 816 827 834 841 
degeneracy helps : 187 188 206 207 209 213 
degeneracy worse : 128 128 130 142 151 162 
SCL #err deg : 910 / 5300
SCL #err weighted degeneracy : 850 849 834 846 853 860 
degeneracy helps : 191 192 209 210 211 215 
degeneracy worse : 131 131 133 146 154 165 
SCL #err deg : 930 / 5400
SCL #err weighted degeneracy : 869 868 853 865 872 879 
degeneracy helps : 194 195 212 213 214 218 
degeneracy worse : 133 133 135 148 156 167 
SCL #err deg : 944 / 5500
SCL #err weighted degeneracy : 880 879 865 879 887 894 
degeneracy helps : 199 200 218 219 220 224 
degeneracy worse : 135 135 139 154 163 174 
SCL #err deg : 960 / 5600
SCL #err weighted degeneracy : 893 892 878 893 901 908 
degeneracy helps : 203 204 222 222 223 227 
degeneracy worse : 136 136 140 155 164 175 
SCL #err deg : 974 / 5700
SCL #err weighted degeneracy : 908 908 893 910 918 925 
degeneracy helps : 204 205 223 223 224 228 
degeneracy worse : 138 139 142 159 168 179 
SCL #err deg : 986 / 5800
SCL #err weighted degeneracy : 918 918 903 920 928 936 
degeneracy helps : 207 208 227 227 228 231 
degeneracy worse : 139 140 144 161 170 181 
SCL #err deg : 999 / 5900
SCL #err weighted degeneracy : 931 931 917 933 941 949 
degeneracy helps : 210 211 230 230 231 235 
degeneracy worse : 142 143 148 164 173 185 
SCL #err deg : 1025 / 6000
SCL #err weighted degeneracy : 951 951 937 955 963 972 
degeneracy helps : 217 218 237 235 237 240 
degeneracy worse : 143 144 149 165 175 187 
SCL #err deg : 1040 / 6100
SCL #err weighted degeneracy : 966 966 950 967 975 984 
degeneracy helps : 219 220 241 240 242 245 
degeneracy worse : 145 146 151 167 177 189 
SCL #err deg : 1055 / 6200
SCL #err weighted degeneracy : 980 980 967 983 990 1000 
degeneracy helps : 224 225 244 243 245 248 
degeneracy worse : 149 150 156 171 180 193 
SCL #err deg : 1071 / 6300
SCL #err weighted degeneracy : 994 994 983 999 1006 1016 
degeneracy helps : 227 228 247 246 248 251 
degeneracy worse : 150 151 159 174 183 196 
SCL #err deg : 1087 / 6400
SCL #err weighted degeneracy : 1007 1007 996 1012 1021 1031 
degeneracy helps : 230 231 251 250 252 255 
degeneracy worse : 150 151 160 175 186 199 
SCL #err deg : 1104 / 6500
SCL #err weighted degeneracy : 1024 1024 1013 1029 1039 1049 
degeneracy helps : 234 235 255 254 256 259 
degeneracy worse : 154 155 164 179 191 204 
SCL #err deg : 1129 / 6600
SCL #err weighted degeneracy : 1048 1048 1036 1054 1064 1072 
degeneracy helps : 238 239 259 257 259 263 
degeneracy worse : 157 158 166 182 194 206 
SCL #err deg : 1151 / 6700
SCL #err weighted degeneracy : 1064 1064 1051 1069 1079 1087 
degeneracy helps : 245 246 267 265 267 271 
degeneracy worse : 158 159 167 183 195 207 
SCL #err deg : 1162 / 6800
SCL #err weighted degeneracy : 1076 1076 1064 1082 1092 1103 
degeneracy helps : 246 247 268 266 268 272 
degeneracy worse : 160 161 170 186 198 213 
SCL #err deg : 1172 / 6900
SCL #err weighted degeneracy : 1087 1087 1077 1093 1103 1113 
degeneracy helps : 248 249 269 268 270 274 
degeneracy worse : 163 164 174 189 201 215 
SCL #err deg : 1187 / 7000
SCL #err weighted degeneracy : 1101 1101 1091 1106 1117 1127 
degeneracy helps : 250 251 271 270 271 275 
degeneracy worse : 164 165 175 189 201 215 
SCL #err deg : 1206 / 7100
SCL #err weighted degeneracy : 1119 1119 1110 1125 1136 1147 
degeneracy helps : 252 253 273 272 273 277 
degeneracy worse : 165 166 177 191 203 218 
SCL #err deg : 1227 / 7200
SCL #err weighted degeneracy : 1137 1137 1130 1145 1156 1167 
degeneracy helps : 256 257 275 275 276 280 
degeneracy worse : 166 167 178 193 205 220 
SCL #err deg : 1239 / 7300
SCL #err weighted degeneracy : 1147 1147 1139 1155 1165 1176 
degeneracy helps : 260 261 279 279 281 285 
degeneracy worse : 168 169 179 195 207 222 
SCL #err deg : 1258 / 7400
SCL #err weighted degeneracy : 1165 1165 1158 1175 1185 1198 
degeneracy helps : 263 264 281 281 283 286 
degeneracy worse : 170 171 181 198 210 226 
SCL #err deg : 1275 / 7500
SCL #err weighted degeneracy : 1182 1182 1174 1193 1201 1214 
degeneracy helps : 266 267 284 283 286 289 
degeneracy worse : 173 174 183 201 212 228 
SCL #err deg : 1286 / 7600
SCL #err weighted degeneracy : 1192 1193 1184 1205 1213 1228 
degeneracy helps : 270 271 288 285 288 291 
degeneracy worse : 176 178 186 204 215 233 
SCL #err deg : 1299 / 7700
SCL #err weighted degeneracy : 1204 1204 1196 1216 1224 1240 
degeneracy helps : 274 276 292 289 291 293 
degeneracy worse : 179 181 189 206 216 234 
SCL #err deg : 1319 / 7800
SCL #err weighted degeneracy : 1220 1220 1212 1233 1241 1258 
degeneracy helps : 279 281 297 294 296 298 
degeneracy worse : 180 182 190 208 218 237 
SCL #err deg : 1337 / 7900
SCL #err weighted degeneracy : 1237 1237 1230 1250 1258 1276 
degeneracy helps : 284 286 301 299 301 303 
degeneracy worse : 184 186 194 212 222 242 
SCL #err deg : 1351 / 8000
SCL #err weighted degeneracy : 1253 1253 1246 1266 1274 1292 
degeneracy helps : 285 287 302 301 303 305 
degeneracy worse : 187 189 197 216 226 246 
SCL #err deg : 1374 / 8100
SCL #err weighted degeneracy : 1270 1270 1263 1283 1292 1310 
degeneracy helps : 291 293 308 308 310 312 
degeneracy worse : 187 189 197 217 228 248 
SCL #err deg : 1391 / 8200
SCL #err weighted degeneracy : 1286 1286 1279 1301 1310 1329 
degeneracy helps : 295 297 312 311 313 314 
degeneracy worse : 190 192 200 221 232 252 
SCL #err deg : 1409 / 8300
SCL #err weighted degeneracy : 1303 1303 1295 1318 1327 1346 
degeneracy helps : 296 298 314 313 315 317 
degeneracy worse : 190 192 200 222 233 254 
SCL #err deg : 1428 / 8400
SCL #err weighted degeneracy : 1323 1323 1313 1334 1343 1361 
degeneracy helps : 299 301 319 320 322 324 
degeneracy worse : 194 196 204 226 237 257 
SCL #err deg : 1443 / 8500
SCL #err weighted degeneracy : 1336 1337 1326 1348 1358 1376 
degeneracy helps : 302 304 322 323 324 326 
degeneracy worse : 195 198 205 228 239 259 
SCL #err deg : 1452 / 8600
SCL #err weighted degeneracy : 1345 1346 1334 1355 1367 1385 
degeneracy helps : 304 306 325 327 327 329 
degeneracy worse : 197 200 207 230 242 262 
SCL #err deg : 1471 / 8700
SCL #err weighted degeneracy : 1362 1363 1351 1372 1384 1402 
degeneracy helps : 306 308 327 329 329 331 
degeneracy worse : 197 200 207 230 242 262 
SCL #err deg : 1485 / 8800
SCL #err weighted degeneracy : 1376 1377 1365 1386 1399 1417 
degeneracy helps : 309 311 331 332 332 334 
degeneracy worse : 200 203 211 233 246 266 
SCL #err deg : 1506 / 8900
SCL #err weighted degeneracy : 1397 1398 1388 1409 1421 1438 
degeneracy helps : 312 314 333 335 336 338 
degeneracy worse : 203 206 215 238 251 270 
SCL #err deg : 1521 / 9000
SCL #err weighted degeneracy : 1410 1411 1401 1421 1433 1450 
degeneracy helps : 317 319 339 341 342 345 
degeneracy worse : 206 209 219 241 254 274 
SCL #err deg : 1530 / 9100
SCL #err weighted degeneracy : 1417 1418 1409 1428 1441 1458 
degeneracy helps : 320 322 340 343 344 348 
degeneracy worse : 207 210 219 241 255 276 
SCL #err deg : 1548 / 9200
SCL #err weighted degeneracy : 1433 1434 1425 1445 1459 1475 
degeneracy helps : 326 328 346 348 348 352 
degeneracy worse : 211 214 223 245 259 279 
SCL #err deg : 1565 / 9300
SCL #err weighted degeneracy : 1449 1450 1441 1461 1474 1491 
degeneracy helps : 328 330 348 350 351 354 
degeneracy worse : 212 215 224 246 260 280 
SCL #err deg : 1581 / 9400
SCL #err weighted degeneracy : 1464 1465 1455 1478 1491 1509 
degeneracy helps : 333 335 353 354 355 357 
degeneracy worse : 216 219 227 251 265 285 
SCL #err deg : 1601 / 9500
SCL #err weighted degeneracy : 1484 1485 1474 1500 1513 1532 
degeneracy helps : 337 339 357 357 358 360 
degeneracy worse : 220 223 230 256 270 291 
SCL #err deg : 1620 / 9600
SCL #err weighted degeneracy : 1499 1500 1489 1516 1529 1549 
degeneracy helps : 343 345 363 363 364 365 
degeneracy worse : 222 225 232 259 273 294 
SCL #err deg : 1642 / 9700
SCL #err weighted degeneracy : 1516 1517 1507 1534 1546 1565 
degeneracy helps : 348 350 368 368 371 373 
degeneracy worse : 222 225 233 260 275 296 
SCL #err deg : 1661 / 9800
SCL #err weighted degeneracy : 1532 1533 1524 1550 1563 1580 
degeneracy helps : 354 356 374 375 376 379 
degeneracy worse : 225 228 237 264 278 298 
SCL #err deg : 1674 / 9900
SCL #err weighted degeneracy : 1544 1545 1534 1562 1574 1591 
degeneracy helps : 358 360 379 379 380 383 
degeneracy worse : 228 231 239 267 280 300 
SCL #err deg : 1686 / 10000
SCL #err weighted degeneracy : 1556 1557 1546 1572 1583 1601 
degeneracy helps : 362 364 382 383 384 387 
degeneracy worse : 232 235 242 269 281 302 
average #flips: 102.348
SCL #err considering degeneracy: 1686
error due to equal 363
error due to SCL smaller 1189
Finish in 11654 s
