Simulation Polar syndrome FASTER N=1024, K=513, l=128, pz=0.18, #samples=10000, seed=943
HPW construction
Event generator random seed: 943
SCL #err deg : 74 / 100
SCL #err weighted degeneracy : 79 78 79 77 75 76 
degeneracy helps : 4 4 5 7 7 7 
degeneracy worse : 9 8 10 10 8 9 
SCL #err deg : 145 / 200
SCL #err weighted degeneracy : 149 147 149 147 144 144 
degeneracy helps : 11 9 12 13 14 15 
degeneracy worse : 15 11 16 15 13 14 
SCL #err deg : 226 / 300
SCL #err weighted degeneracy : 224 224 224 218 216 216 
degeneracy helps : 21 17 22 26 26 27 
degeneracy worse : 19 15 20 18 16 17 
SCL #err deg : 305 / 400
SCL #err weighted degeneracy : 304 302 304 294 291 290 
degeneracy helps : 27 24 28 35 37 38 
degeneracy worse : 26 21 27 24 23 23 
SCL #err deg : 380 / 500
SCL #err weighted degeneracy : 382 381 382 371 367 367 
degeneracy helps : 30 26 31 39 42 43 
degeneracy worse : 32 27 33 30 29 30 
SCL #err deg : 460 / 600
SCL #err weighted degeneracy : 460 457 460 446 441 441 
degeneracy helps : 36 32 37 47 51 52 
degeneracy worse : 36 29 37 33 32 33 
SCL #err deg : 530 / 700
SCL #err weighted degeneracy : 532 532 532 517 511 511 
degeneracy helps : 38 33 39 50 55 58 
degeneracy worse : 40 35 41 37 36 39 
SCL #err deg : 609 / 800
SCL #err weighted degeneracy : 610 612 610 597 590 590 
degeneracy helps : 41 35 42 53 59 63 
degeneracy worse : 42 38 43 41 40 44 
SCL #err deg : 685 / 900
SCL #err weighted degeneracy : 687 691 687 674 665 665 
degeneracy helps : 46 40 47 57 63 68 
degeneracy worse : 48 46 49 46 43 48 
SCL #err deg : 764 / 1000
SCL #err weighted degeneracy : 766 771 766 755 746 747 
degeneracy helps : 49 42 50 60 65 69 
degeneracy worse : 51 49 52 51 47 52 
SCL #err deg : 840 / 1100
SCL #err weighted degeneracy : 842 847 842 832 823 824 
degeneracy helps : 55 47 56 65 69 73 
degeneracy worse : 57 54 58 57 52 57 
SCL #err deg : 919 / 1200
SCL #err weighted degeneracy : 924 929 922 908 898 902 
degeneracy helps : 60 52 62 74 78 80 
degeneracy worse : 65 62 65 63 57 63 
SCL #err deg : 994 / 1300
SCL #err weighted degeneracy : 999 1006 997 978 969 974 
degeneracy helps : 66 57 70 84 87 88 
degeneracy worse : 71 69 73 68 62 68 
SCL #err deg : 1075 / 1400
SCL #err weighted degeneracy : 1076 1083 1074 1056 1047 1051 
degeneracy helps : 73 64 77 90 93 95 
degeneracy worse : 74 72 76 71 65 71 
SCL #err deg : 1153 / 1500
SCL #err weighted degeneracy : 1148 1155 1148 1132 1125 1128 
degeneracy helps : 79 70 82 94 96 99 
degeneracy worse : 74 72 77 73 68 74 
SCL #err deg : 1231 / 1600
SCL #err weighted degeneracy : 1227 1234 1227 1211 1203 1206 
degeneracy helps : 84 75 87 99 102 105 
degeneracy worse : 80 78 83 79 74 80 
SCL #err deg : 1302 / 1700
SCL #err weighted degeneracy : 1296 1305 1297 1281 1275 1278 
degeneracy helps : 94 83 96 108 110 112 
degeneracy worse : 88 86 91 87 83 88 
SCL #err deg : 1373 / 1800
SCL #err weighted degeneracy : 1375 1384 1376 1360 1353 1356 
degeneracy helps : 98 87 100 112 114 116 
degeneracy worse : 100 98 103 99 94 99 
SCL #err deg : 1455 / 1900
SCL #err weighted degeneracy : 1452 1460 1453 1439 1432 1436 
degeneracy helps : 106 97 108 120 122 124 
degeneracy worse : 103 102 106 104 99 105 
SCL #err deg : 1530 / 2000
SCL #err weighted degeneracy : 1527 1535 1528 1512 1506 1509 
degeneracy helps : 112 103 113 126 127 130 
degeneracy worse : 109 108 111 108 103 109 
SCL #err deg : 1605 / 2100
SCL #err weighted degeneracy : 1604 1613 1601 1583 1578 1580 
degeneracy helps : 117 108 122 137 137 141 
degeneracy worse : 116 116 118 115 110 116 
SCL #err deg : 1675 / 2200
SCL #err weighted degeneracy : 1678 1686 1675 1655 1650 1652 
degeneracy helps : 121 112 126 144 144 148 
degeneracy worse : 124 123 126 124 119 125 
SCL #err deg : 1750 / 2300
SCL #err weighted degeneracy : 1756 1762 1751 1731 1728 1731 
degeneracy helps : 127 120 134 152 152 156 
degeneracy worse : 133 132 135 133 130 137 
SCL #err deg : 1829 / 2400
SCL #err weighted degeneracy : 1836 1843 1830 1813 1811 1814 
degeneracy helps : 132 124 140 156 156 160 
degeneracy worse : 139 138 141 140 138 145 
SCL #err deg : 1908 / 2500
SCL #err weighted degeneracy : 1912 1919 1906 1889 1889 1893 
degeneracy helps : 138 130 146 162 161 164 
degeneracy worse : 142 141 144 143 142 149 
SCL #err deg : 1984 / 2600
SCL #err weighted degeneracy : 1992 1997 1986 1967 1968 1973 
degeneracy helps : 142 133 150 168 167 169 
degeneracy worse : 150 146 152 151 151 158 
SCL #err deg : 2058 / 2700
SCL #err weighted degeneracy : 2070 2078 2063 2040 2041 2045 
degeneracy helps : 145 136 154 176 176 178 
degeneracy worse : 157 156 159 158 159 165 
SCL #err deg : 2130 / 2800
SCL #err weighted degeneracy : 2144 2147 2137 2114 2114 2119 
degeneracy helps : 152 147 161 181 182 184 
degeneracy worse : 166 164 168 165 166 173 
SCL #err deg : 2207 / 2900
SCL #err weighted degeneracy : 2220 2223 2211 2185 2186 2190 
degeneracy helps : 159 154 171 193 193 196 
degeneracy worse : 172 170 175 171 172 179 
SCL #err deg : 2271 / 3000
SCL #err weighted degeneracy : 2285 2288 2278 2248 2251 2256 
degeneracy helps : 165 159 177 202 201 203 
degeneracy worse : 179 176 184 179 181 188 
SCL #err deg : 2343 / 3100
SCL #err weighted degeneracy : 2357 2362 2351 2322 2325 2329 
degeneracy helps : 172 164 184 207 206 209 
degeneracy worse : 186 183 192 186 188 195 
SCL #err deg : 2420 / 3200
SCL #err weighted degeneracy : 2439 2442 2435 2406 2408 2412 
degeneracy helps : 178 170 189 212 211 214 
degeneracy worse : 197 192 204 198 199 206 
SCL #err deg : 2498 / 3300
SCL #err weighted degeneracy : 2512 2515 2507 2480 2483 2490 
degeneracy helps : 186 178 197 220 219 221 
degeneracy worse : 200 195 206 202 204 213 
SCL #err deg : 2578 / 3400
SCL #err weighted degeneracy : 2594 2598 2588 2562 2563 2570 
degeneracy helps : 190 183 202 224 223 225 
degeneracy worse : 206 203 212 208 208 217 
SCL #err deg : 2651 / 3500
SCL #err weighted degeneracy : 2668 2671 2661 2636 2637 2642 
degeneracy helps : 195 188 207 228 227 231 
degeneracy worse : 212 208 217 213 213 222 
SCL #err deg : 2726 / 3600
SCL #err weighted degeneracy : 2747 2748 2741 2715 2715 2719 
degeneracy helps : 199 193 210 231 231 235 
degeneracy worse : 220 215 225 220 220 228 
SCL #err deg : 2796 / 3700
SCL #err weighted degeneracy : 2819 2821 2812 2787 2787 2792 
degeneracy helps : 203 196 214 235 234 238 
degeneracy worse : 226 221 230 226 225 234 
SCL #err deg : 2872 / 3800
SCL #err weighted degeneracy : 2899 2900 2891 2866 2867 2873 
degeneracy helps : 208 200 220 240 238 243 
degeneracy worse : 235 228 239 234 233 244 
SCL #err deg : 2945 / 3900
SCL #err weighted degeneracy : 2972 2974 2964 2941 2940 2947 
degeneracy helps : 210 202 223 244 244 250 
degeneracy worse : 237 231 242 240 239 252 
SCL #err deg : 3012 / 4000
SCL #err weighted degeneracy : 3041 3043 3032 3010 3009 3014 
degeneracy helps : 216 209 229 249 249 256 
degeneracy worse : 245 240 249 247 246 258 
SCL #err deg : 3084 / 4100
SCL #err weighted degeneracy : 3115 3119 3105 3085 3082 3087 
degeneracy helps : 222 213 236 255 256 264 
degeneracy worse : 253 248 257 256 254 267 
SCL #err deg : 3160 / 4200
SCL #err weighted degeneracy : 3190 3196 3181 3158 3154 3156 
degeneracy helps : 233 222 245 266 266 276 
degeneracy worse : 263 258 266 264 260 272 
SCL #err deg : 3230 / 4300
SCL #err weighted degeneracy : 3262 3269 3256 3232 3227 3228 
degeneracy helps : 237 225 249 272 273 284 
degeneracy worse : 269 264 275 274 270 282 
SCL #err deg : 3301 / 4400
SCL #err weighted degeneracy : 3331 3337 3324 3304 3300 3302 
degeneracy helps : 246 233 257 279 279 290 
degeneracy worse : 276 269 280 282 278 291 
SCL #err deg : 3376 / 4500
SCL #err weighted degeneracy : 3409 3414 3404 3383 3380 3382 
degeneracy helps : 251 238 261 284 283 294 
degeneracy worse : 284 276 289 291 287 300 
SCL #err deg : 3452 / 4600
SCL #err weighted degeneracy : 3477 3483 3472 3453 3449 3451 
degeneracy helps : 260 246 270 293 293 304 
degeneracy worse : 285 277 290 294 290 303 
SCL #err deg : 3528 / 4700
SCL #err weighted degeneracy : 3553 3560 3547 3529 3525 3528 
degeneracy helps : 263 249 274 297 298 309 
degeneracy worse : 288 281 293 298 295 309 
SCL #err deg : 3601 / 4800
SCL #err weighted degeneracy : 3626 3634 3618 3599 3597 3600 
degeneracy helps : 270 255 281 305 306 317 
degeneracy worse : 295 288 298 303 302 316 
SCL #err deg : 3674 / 4900
SCL #err weighted degeneracy : 3699 3706 3692 3677 3675 3677 
degeneracy helps : 279 264 290 310 310 322 
degeneracy worse : 304 296 308 313 311 325 
SCL #err deg : 3747 / 5000
SCL #err weighted degeneracy : 3768 3776 3761 3748 3746 3748 
degeneracy helps : 290 274 301 319 318 330 
degeneracy worse : 311 303 315 320 317 331 
SCL #err deg : 3821 / 5100
SCL #err weighted degeneracy : 3846 3855 3838 3826 3821 3821 
degeneracy helps : 294 278 305 322 323 335 
degeneracy worse : 319 312 322 327 323 335 
SCL #err deg : 3895 / 5200
SCL #err weighted degeneracy : 3916 3926 3907 3898 3892 3891 
degeneracy helps : 304 287 316 331 332 345 
degeneracy worse : 325 318 328 334 329 341 
SCL #err deg : 3965 / 5300
SCL #err weighted degeneracy : 3990 4001 3982 3970 3965 3962 
degeneracy helps : 307 289 319 336 336 350 
degeneracy worse : 332 325 336 341 336 347 
SCL #err deg : 4040 / 5400
SCL #err weighted degeneracy : 4067 4078 4058 4045 4037 4036 
degeneracy helps : 313 295 326 344 345 357 
degeneracy worse : 340 333 344 349 342 353 
SCL #err deg : 4120 / 5500
SCL #err weighted degeneracy : 4139 4149 4132 4117 4110 4109 
degeneracy helps : 326 309 337 357 357 369 
degeneracy worse : 345 338 349 354 347 358 
SCL #err deg : 4193 / 5600
SCL #err weighted degeneracy : 4215 4225 4207 4192 4186 4182 
degeneracy helps : 332 315 343 362 361 376 
degeneracy worse : 354 347 357 361 354 365 
SCL #err deg : 4268 / 5700
SCL #err weighted degeneracy : 4293 4300 4286 4274 4264 4260 
degeneracy helps : 338 322 349 366 367 382 
degeneracy worse : 363 354 367 372 363 374 
SCL #err deg : 4347 / 5800
SCL #err weighted degeneracy : 4373 4378 4366 4350 4341 4334 
degeneracy helps : 343 328 354 374 374 392 
degeneracy worse : 369 359 373 377 368 379 
SCL #err deg : 4419 / 5900
SCL #err weighted degeneracy : 4446 4452 4437 4418 4409 4400 
degeneracy helps : 352 336 365 386 386 406 
degeneracy worse : 379 369 383 385 376 387 
SCL #err deg : 4490 / 6000
SCL #err weighted degeneracy : 4516 4524 4506 4490 4482 4473 
degeneracy helps : 360 343 374 393 393 413 
degeneracy worse : 386 377 390 393 385 396 
SCL #err deg : 4573 / 6100
SCL #err weighted degeneracy : 4597 4604 4588 4572 4564 4558 
degeneracy helps : 366 350 379 399 399 416 
degeneracy worse : 390 381 394 398 390 401 
SCL #err deg : 4654 / 6200
SCL #err weighted degeneracy : 4675 4682 4666 4646 4641 4635 
degeneracy helps : 372 356 385 407 405 422 
degeneracy worse : 393 384 397 399 392 403 
SCL #err deg : 4730 / 6300
SCL #err weighted degeneracy : 4753 4760 4742 4721 4715 4710 
degeneracy helps : 377 361 393 414 413 430 
degeneracy worse : 400 391 405 405 398 410 
SCL #err deg : 4808 / 6400
SCL #err weighted degeneracy : 4827 4834 4817 4794 4789 4785 
degeneracy helps : 385 369 400 424 421 437 
degeneracy worse : 404 395 409 410 402 414 
SCL #err deg : 4877 / 6500
SCL #err weighted degeneracy : 4896 4904 4886 4865 4859 4856 
degeneracy helps : 391 375 406 429 427 443 
degeneracy worse : 410 402 415 417 409 422 
SCL #err deg : 4950 / 6600
SCL #err weighted degeneracy : 4971 4978 4958 4938 4930 4927 
degeneracy helps : 398 383 414 435 434 451 
degeneracy worse : 419 411 422 423 414 428 
SCL #err deg : 5030 / 6700
SCL #err weighted degeneracy : 5047 5057 5034 5014 5005 5003 
degeneracy helps : 407 390 423 443 443 459 
degeneracy worse : 424 417 427 427 418 432 
SCL #err deg : 5099 / 6800
SCL #err weighted degeneracy : 5119 5128 5107 5083 5077 5076 
degeneracy helps : 411 394 427 449 447 463 
degeneracy worse : 431 423 435 433 425 440 
SCL #err deg : 5176 / 6900
SCL #err weighted degeneracy : 5199 5207 5187 5161 5154 5151 
degeneracy helps : 416 399 432 454 454 470 
degeneracy worse : 439 430 443 439 432 445 
SCL #err deg : 5244 / 7000
SCL #err weighted degeneracy : 5268 5276 5259 5233 5227 5224 
degeneracy helps : 423 406 439 461 462 477 
degeneracy worse : 447 438 454 450 445 457 
SCL #err deg : 5310 / 7100
SCL #err weighted degeneracy : 5330 5336 5320 5295 5291 5288 
degeneracy helps : 433 416 449 470 470 485 
degeneracy worse : 453 442 459 455 451 463 
SCL #err deg : 5381 / 7200
SCL #err weighted degeneracy : 5401 5407 5391 5368 5363 5362 
degeneracy helps : 440 423 456 477 478 491 
degeneracy worse : 460 449 466 464 460 472 
SCL #err deg : 5447 / 7300
SCL #err weighted degeneracy : 5471 5479 5460 5439 5434 5431 
degeneracy helps : 444 427 460 480 480 494 
degeneracy worse : 468 459 473 472 467 478 
SCL #err deg : 5525 / 7400
SCL #err weighted degeneracy : 5545 5552 5535 5515 5512 5507 
degeneracy helps : 451 435 466 486 484 500 
degeneracy worse : 471 462 476 476 471 482 
SCL #err deg : 5600 / 7500
SCL #err weighted degeneracy : 5624 5630 5611 5592 5590 5586 
degeneracy helps : 454 439 470 491 489 504 
degeneracy worse : 478 469 481 483 479 490 
SCL #err deg : 5675 / 7600
SCL #err weighted degeneracy : 5701 5706 5688 5670 5667 5664 
degeneracy helps : 457 443 473 494 492 506 
degeneracy worse : 483 474 486 489 484 495 
SCL #err deg : 5752 / 7700
SCL #err weighted degeneracy : 5777 5783 5765 5746 5745 5741 
degeneracy helps : 463 449 479 502 498 512 
degeneracy worse : 488 480 492 496 491 501 
SCL #err deg : 5830 / 7800
SCL #err weighted degeneracy : 5862 5867 5849 5831 5829 5825 
degeneracy helps : 464 450 481 504 501 515 
degeneracy worse : 496 487 500 505 500 510 
SCL #err deg : 5902 / 7900
SCL #err weighted degeneracy : 5930 5933 5917 5899 5900 5897 
degeneracy helps : 473 460 490 514 509 523 
degeneracy worse : 501 491 505 511 507 518 
SCL #err deg : 5976 / 8000
SCL #err weighted degeneracy : 6004 6006 5992 5971 5973 5969 
degeneracy helps : 481 468 497 522 516 530 
degeneracy worse : 509 498 513 517 513 523 
SCL #err deg : 6048 / 8100
SCL #err weighted degeneracy : 6074 6076 6063 6042 6046 6041 
degeneracy helps : 490 477 504 530 523 538 
degeneracy worse : 516 505 519 524 521 531 
SCL #err deg : 6126 / 8200
SCL #err weighted degeneracy : 6151 6152 6141 6120 6124 6119 
degeneracy helps : 496 484 509 536 529 545 
degeneracy worse : 521 510 524 530 527 538 
SCL #err deg : 6199 / 8300
SCL #err weighted degeneracy : 6225 6228 6215 6193 6197 6190 
degeneracy helps : 503 490 516 542 535 551 
degeneracy worse : 529 519 532 536 533 542 
SCL #err deg : 6273 / 8400
SCL #err weighted degeneracy : 6296 6302 6285 6265 6267 6259 
degeneracy helps : 511 496 524 550 545 562 
degeneracy worse : 534 525 536 542 539 548 
SCL #err deg : 6355 / 8500
SCL #err weighted degeneracy : 6375 6379 6363 6343 6347 6340 
degeneracy helps : 519 505 533 558 553 570 
degeneracy worse : 539 529 541 546 545 555 
SCL #err deg : 6431 / 8600
SCL #err weighted degeneracy : 6450 6455 6438 6419 6424 6416 
degeneracy helps : 525 511 538 562 557 575 
degeneracy worse : 544 535 545 550 550 560 
SCL #err deg : 6516 / 8700
SCL #err weighted degeneracy : 6531 6534 6520 6500 6505 6497 
degeneracy helps : 532 520 544 567 562 582 
degeneracy worse : 547 538 548 551 551 563 
SCL #err deg : 6586 / 8800
SCL #err weighted degeneracy : 6600 6603 6590 6566 6573 6565 
degeneracy helps : 538 526 549 575 570 591 
degeneracy worse : 552 543 553 555 557 570 
SCL #err deg : 6658 / 8900
SCL #err weighted degeneracy : 6672 6676 6662 6640 6646 6637 
degeneracy helps : 543 530 555 580 576 598 
degeneracy worse : 557 548 559 562 564 577 
SCL #err deg : 6736 / 9000
SCL #err weighted degeneracy : 6746 6753 6737 6716 6723 6715 
degeneracy helps : 550 535 562 587 581 602 
degeneracy worse : 560 552 563 567 568 581 
SCL #err deg : 6811 / 9100
SCL #err weighted degeneracy : 6820 6827 6810 6787 6794 6787 
degeneracy helps : 556 541 569 595 589 610 
degeneracy worse : 565 557 568 571 572 586 
SCL #err deg : 6884 / 9200
SCL #err weighted degeneracy : 6896 6903 6885 6862 6868 6861 
degeneracy helps : 565 550 579 603 597 618 
degeneracy worse : 577 569 580 581 581 595 
SCL #err deg : 6958 / 9300
SCL #err weighted degeneracy : 6971 6977 6959 6939 6946 6938 
degeneracy helps : 570 555 585 607 601 622 
degeneracy worse : 583 574 586 588 589 602 
SCL #err deg : 7032 / 9400
SCL #err weighted degeneracy : 7048 7054 7036 7016 7023 7015 
degeneracy helps : 575 560 590 610 604 625 
degeneracy worse : 591 582 594 594 595 608 
SCL #err deg : 7111 / 9500
SCL #err weighted degeneracy : 7128 7135 7114 7092 7101 7093 
degeneracy helps : 581 565 598 620 612 634 
degeneracy worse : 598 589 601 601 602 616 
SCL #err deg : 7183 / 9600
SCL #err weighted degeneracy : 7199 7205 7186 7162 7172 7162 
degeneracy helps : 587 572 604 627 618 642 
degeneracy worse : 603 594 607 606 607 621 
SCL #err deg : 7254 / 9700
SCL #err weighted degeneracy : 7272 7278 7260 7236 7248 7238 
degeneracy helps : 592 578 609 631 621 645 
degeneracy worse : 610 602 615 613 615 629 
SCL #err deg : 7334 / 9800
SCL #err weighted degeneracy : 7349 7354 7338 7316 7327 7318 
degeneracy helps : 600 586 617 638 629 654 
degeneracy worse : 615 606 621 620 622 638 
SCL #err deg : 7403 / 9900
SCL #err weighted degeneracy : 7424 7428 7414 7390 7398 7389 
degeneracy helps : 608 594 624 646 637 662 
degeneracy worse : 629 619 635 633 632 648 
SCL #err deg : 7481 / 10000
SCL #err weighted degeneracy : 7500 7507 7491 7466 7475 7465 
degeneracy helps : 615 597 630 654 645 671 
degeneracy worse : 634 623 640 639 639 655 
average #flips: 184.287
SCL #err considering degeneracy: 7481
error due to equal 0
error due to SCL smaller 7481
Finish in 11962 s
