Simulation Polar syndrome FASTER N=512, K=257, l=128, pz=0.1, #samples=10000, seed=45
PW construction
Event generator random seed: 45
SCL #err deg : 20 / 100
SCL #err weighted degeneracy : 19 19 19 19 21 22 
degeneracy helps : 8 8 7 7 5 5 
degeneracy worse : 7 7 6 6 6 7 
SCL #err deg : 46 / 200
SCL #err weighted degeneracy : 40 40 42 41 42 44 
degeneracy helps : 18 18 16 18 16 16 
degeneracy worse : 12 12 12 13 12 14 
SCL #err deg : 63 / 300
SCL #err weighted degeneracy : 58 58 60 58 57 59 
degeneracy helps : 20 20 18 21 20 20 
degeneracy worse : 15 15 15 16 14 16 
SCL #err deg : 86 / 400
SCL #err weighted degeneracy : 78 78 78 78 78 80 
degeneracy helps : 27 27 26 29 28 28 
degeneracy worse : 19 19 18 21 20 22 
SCL #err deg : 112 / 500
SCL #err weighted degeneracy : 107 107 106 106 106 109 
degeneracy helps : 29 29 28 32 32 32 
degeneracy worse : 24 24 22 26 26 29 
SCL #err deg : 132 / 600
SCL #err weighted degeneracy : 120 121 120 120 120 124 
degeneracy helps : 37 37 37 41 42 42 
degeneracy worse : 25 26 25 29 30 34 
SCL #err deg : 154 / 700
SCL #err weighted degeneracy : 142 143 142 141 142 148 
degeneracy helps : 43 43 43 47 48 49 
degeneracy worse : 31 32 31 34 36 43 
SCL #err deg : 176 / 800
SCL #err weighted degeneracy : 157 158 157 159 160 166 
degeneracy helps : 51 51 51 55 56 57 
degeneracy worse : 32 33 32 38 40 47 
SCL #err deg : 195 / 900
SCL #err weighted degeneracy : 176 177 175 178 178 185 
degeneracy helps : 56 56 57 62 64 64 
degeneracy worse : 37 38 37 45 47 54 
SCL #err deg : 220 / 1000
SCL #err weighted degeneracy : 198 199 197 202 202 209 
degeneracy helps : 62 62 64 68 70 70 
degeneracy worse : 40 41 41 50 52 59 
SCL #err deg : 243 / 1100
SCL #err weighted degeneracy : 210 211 213 221 223 233 
degeneracy helps : 74 74 75 77 79 78 
degeneracy worse : 41 42 45 55 59 68 
SCL #err deg : 262 / 1200
SCL #err weighted degeneracy : 225 226 230 240 244 254 
degeneracy helps : 82 82 82 83 85 84 
degeneracy worse : 45 46 50 61 67 76 
SCL #err deg : 288 / 1300
SCL #err weighted degeneracy : 247 248 254 263 267 278 
degeneracy helps : 90 90 88 89 91 90 
degeneracy worse : 49 50 54 64 70 80 
SCL #err deg : 319 / 1400
SCL #err weighted degeneracy : 272 273 279 288 291 303 
degeneracy helps : 99 99 97 98 101 99 
degeneracy worse : 52 53 57 67 73 83 
SCL #err deg : 354 / 1500
SCL #err weighted degeneracy : 297 298 305 315 319 332 
degeneracy helps : 113 113 112 113 115 112 
degeneracy worse : 56 57 63 74 80 90 
SCL #err deg : 372 / 1600
SCL #err weighted degeneracy : 317 318 326 336 343 359 
degeneracy helps : 116 116 114 117 118 115 
degeneracy worse : 61 62 68 81 89 102 
SCL #err deg : 394 / 1700
SCL #err weighted degeneracy : 334 335 344 355 365 381 
degeneracy helps : 123 123 123 126 126 123 
degeneracy worse : 63 64 73 87 97 110 
SCL #err deg : 411 / 1800
SCL #err weighted degeneracy : 357 358 367 381 394 411 
degeneracy helps : 129 129 129 132 132 129 
degeneracy worse : 75 76 85 102 115 129 
SCL #err deg : 427 / 1900
SCL #err weighted degeneracy : 374 376 385 397 413 430 
degeneracy helps : 133 133 133 136 135 133 
degeneracy worse : 80 82 91 106 121 136 
SCL #err deg : 452 / 2000
SCL #err weighted degeneracy : 397 399 406 420 437 454 
degeneracy helps : 141 141 142 143 142 139 
degeneracy worse : 86 88 96 111 127 141 
SCL #err deg : 473 / 2100
SCL #err weighted degeneracy : 419 421 430 447 464 480 
degeneracy helps : 145 145 147 148 148 145 
degeneracy worse : 91 93 104 122 139 152 
SCL #err deg : 493 / 2200
SCL #err weighted degeneracy : 432 434 444 461 479 498 
degeneracy helps : 155 155 158 160 159 154 
degeneracy worse : 94 96 109 128 145 159 
SCL #err deg : 518 / 2300
SCL #err weighted degeneracy : 452 454 464 481 500 520 
degeneracy helps : 165 165 168 170 169 163 
degeneracy worse : 99 101 114 133 151 165 
SCL #err deg : 544 / 2400
SCL #err weighted degeneracy : 471 473 483 501 520 540 
degeneracy helps : 175 175 177 179 178 172 
degeneracy worse : 102 104 116 136 154 168 
SCL #err deg : 564 / 2500
SCL #err weighted degeneracy : 487 489 500 517 537 555 
degeneracy helps : 183 183 184 187 187 181 
degeneracy worse : 106 108 120 140 160 172 
SCL #err deg : 586 / 2600
SCL #err weighted degeneracy : 509 511 521 539 560 579 
degeneracy helps : 190 190 191 194 193 187 
degeneracy worse : 113 115 126 147 167 180 
SCL #err deg : 608 / 2700
SCL #err weighted degeneracy : 528 530 540 558 578 598 
degeneracy helps : 195 195 197 202 202 196 
degeneracy worse : 115 117 129 152 172 186 
SCL #err deg : 629 / 2800
SCL #err weighted degeneracy : 547 549 558 575 594 613 
degeneracy helps : 201 201 204 211 212 207 
degeneracy worse : 119 121 133 157 177 191 
SCL #err deg : 647 / 2900
SCL #err weighted degeneracy : 564 566 578 600 620 638 
degeneracy helps : 204 204 206 213 214 209 
degeneracy worse : 121 123 137 166 187 200 
SCL #err deg : 670 / 3000
SCL #err weighted degeneracy : 583 585 598 620 642 660 
degeneracy helps : 209 209 211 218 218 215 
degeneracy worse : 122 124 139 168 190 205 
SCL #err deg : 690 / 3100
SCL #err weighted degeneracy : 603 605 616 643 665 683 
degeneracy helps : 213 213 216 222 222 219 
degeneracy worse : 126 128 142 175 197 212 
SCL #err deg : 708 / 3200
SCL #err weighted degeneracy : 620 622 632 661 683 702 
degeneracy helps : 218 218 222 228 228 225 
degeneracy worse : 130 132 146 181 203 219 
SCL #err deg : 737 / 3300
SCL #err weighted degeneracy : 648 650 659 685 708 727 
degeneracy helps : 226 226 230 238 237 234 
degeneracy worse : 137 139 152 186 208 224 
SCL #err deg : 760 / 3400
SCL #err weighted degeneracy : 665 667 679 704 726 746 
degeneracy helps : 235 235 237 246 246 243 
degeneracy worse : 140 142 156 190 212 229 
SCL #err deg : 775 / 3500
SCL #err weighted degeneracy : 681 683 695 721 743 763 
degeneracy helps : 237 237 239 248 249 247 
degeneracy worse : 143 145 159 194 217 235 
SCL #err deg : 800 / 3600
SCL #err weighted degeneracy : 705 707 719 743 764 787 
degeneracy helps : 242 242 245 256 258 256 
degeneracy worse : 147 149 164 199 222 243 
SCL #err deg : 816 / 3700
SCL #err weighted degeneracy : 725 727 738 764 786 809 
degeneracy helps : 246 246 251 261 263 261 
degeneracy worse : 155 157 173 209 233 254 
SCL #err deg : 839 / 3800
SCL #err weighted degeneracy : 742 744 756 784 809 835 
degeneracy helps : 257 257 262 270 271 267 
degeneracy worse : 160 162 179 215 241 263 
SCL #err deg : 857 / 3900
SCL #err weighted degeneracy : 761 763 777 805 831 859 
degeneracy helps : 261 261 266 274 274 270 
degeneracy worse : 165 167 186 222 248 272 
SCL #err deg : 878 / 4000
SCL #err weighted degeneracy : 779 781 797 827 854 883 
degeneracy helps : 266 266 271 278 279 276 
degeneracy worse : 167 169 190 227 255 281 
SCL #err deg : 899 / 4100
SCL #err weighted degeneracy : 800 802 816 846 874 904 
degeneracy helps : 269 269 276 284 285 282 
degeneracy worse : 170 172 193 231 260 287 
SCL #err deg : 929 / 4200
SCL #err weighted degeneracy : 824 826 841 871 899 929 
degeneracy helps : 278 278 286 295 296 293 
degeneracy worse : 173 175 198 237 266 293 
SCL #err deg : 956 / 4300
SCL #err weighted degeneracy : 846 848 862 895 923 954 
degeneracy helps : 285 285 294 304 305 302 
degeneracy worse : 175 177 200 243 272 300 
SCL #err deg : 975 / 4400
SCL #err weighted degeneracy : 864 866 884 919 946 978 
degeneracy helps : 290 290 299 309 310 307 
degeneracy worse : 179 181 208 253 281 310 
SCL #err deg : 997 / 4500
SCL #err weighted degeneracy : 883 885 905 940 969 1004 
degeneracy helps : 299 299 308 318 319 315 
degeneracy worse : 185 187 216 261 291 322 
SCL #err deg : 1027 / 4600
SCL #err weighted degeneracy : 906 908 926 961 990 1027 
degeneracy helps : 310 310 320 330 330 326 
degeneracy worse : 189 191 219 264 293 326 
SCL #err deg : 1049 / 4700
SCL #err weighted degeneracy : 927 929 952 990 1021 1062 
degeneracy helps : 315 315 325 335 334 330 
degeneracy worse : 193 195 228 276 306 343 
SCL #err deg : 1071 / 4800
SCL #err weighted degeneracy : 943 945 969 1008 1039 1078 
degeneracy helps : 324 324 335 344 342 340 
degeneracy worse : 196 198 233 281 310 347 
SCL #err deg : 1088 / 4900
SCL #err weighted degeneracy : 960 962 988 1027 1057 1095 
degeneracy helps : 329 329 341 350 348 346 
degeneracy worse : 201 203 241 289 317 353 
SCL #err deg : 1106 / 5000
SCL #err weighted degeneracy : 982 984 1011 1051 1082 1120 
degeneracy helps : 333 333 346 354 351 350 
degeneracy worse : 209 211 251 299 327 364 
SCL #err deg : 1131 / 5100
SCL #err weighted degeneracy : 1002 1004 1033 1073 1103 1141 
degeneracy helps : 342 342 355 364 362 361 
degeneracy worse : 213 215 257 306 334 371 
SCL #err deg : 1150 / 5200
SCL #err weighted degeneracy : 1016 1018 1048 1085 1116 1154 
degeneracy helps : 352 352 364 375 372 371 
degeneracy worse : 218 220 262 310 338 375 
SCL #err deg : 1172 / 5300
SCL #err weighted degeneracy : 1037 1039 1073 1113 1144 1183 
degeneracy helps : 358 358 369 380 378 377 
degeneracy worse : 223 225 270 321 350 388 
SCL #err deg : 1199 / 5400
SCL #err weighted degeneracy : 1060 1062 1094 1135 1166 1204 
degeneracy helps : 362 362 375 386 384 384 
degeneracy worse : 223 225 270 322 351 389 
SCL #err deg : 1221 / 5500
SCL #err weighted degeneracy : 1082 1084 1116 1157 1187 1227 
degeneracy helps : 368 368 381 393 391 390 
degeneracy worse : 229 231 276 329 357 396 
SCL #err deg : 1244 / 5600
SCL #err weighted degeneracy : 1102 1104 1135 1178 1210 1252 
degeneracy helps : 375 375 389 402 401 400 
degeneracy worse : 233 235 280 336 367 408 
SCL #err deg : 1261 / 5700
SCL #err weighted degeneracy : 1121 1123 1154 1195 1227 1269 
degeneracy helps : 378 378 393 409 408 407 
degeneracy worse : 238 240 286 343 374 415 
SCL #err deg : 1280 / 5800
SCL #err weighted degeneracy : 1140 1142 1173 1215 1248 1291 
degeneracy helps : 385 385 400 414 413 411 
degeneracy worse : 245 247 293 349 381 422 
SCL #err deg : 1301 / 5900
SCL #err weighted degeneracy : 1163 1165 1195 1238 1272 1315 
degeneracy helps : 387 387 403 418 416 414 
degeneracy worse : 249 251 297 355 387 428 
SCL #err deg : 1322 / 6000
SCL #err weighted degeneracy : 1181 1183 1211 1253 1288 1333 
degeneracy helps : 395 395 413 428 426 424 
degeneracy worse : 254 256 302 359 392 435 
SCL #err deg : 1343 / 6100
SCL #err weighted degeneracy : 1205 1207 1235 1278 1315 1360 
degeneracy helps : 401 401 419 434 430 428 
degeneracy worse : 263 265 311 369 402 445 
SCL #err deg : 1367 / 6200
SCL #err weighted degeneracy : 1220 1222 1249 1296 1334 1380 
degeneracy helps : 415 415 434 447 442 440 
degeneracy worse : 268 270 316 376 409 453 
SCL #err deg : 1398 / 6300
SCL #err weighted degeneracy : 1245 1247 1274 1322 1361 1407 
degeneracy helps : 423 423 442 454 449 447 
degeneracy worse : 270 272 318 378 412 456 
SCL #err deg : 1432 / 6400
SCL #err weighted degeneracy : 1270 1272 1298 1347 1386 1429 
degeneracy helps : 433 433 453 466 461 462 
degeneracy worse : 271 273 319 381 415 459 
SCL #err deg : 1448 / 6500
SCL #err weighted degeneracy : 1283 1285 1312 1363 1402 1447 
degeneracy helps : 439 439 459 471 466 467 
degeneracy worse : 274 276 323 386 420 466 
SCL #err deg : 1463 / 6600
SCL #err weighted degeneracy : 1299 1301 1328 1377 1417 1463 
degeneracy helps : 442 442 462 476 471 472 
degeneracy worse : 278 280 327 390 425 472 
SCL #err deg : 1482 / 6700
SCL #err weighted degeneracy : 1314 1316 1344 1394 1432 1479 
degeneracy helps : 448 448 467 482 479 480 
degeneracy worse : 280 282 329 394 429 477 
SCL #err deg : 1504 / 6800
SCL #err weighted degeneracy : 1334 1336 1362 1413 1452 1500 
degeneracy helps : 451 451 472 487 484 485 
degeneracy worse : 281 283 330 396 432 481 
SCL #err deg : 1520 / 6900
SCL #err weighted degeneracy : 1356 1358 1384 1436 1476 1523 
degeneracy helps : 453 453 474 488 486 488 
degeneracy worse : 289 291 338 404 442 491 
SCL #err deg : 1552 / 7000
SCL #err weighted degeneracy : 1383 1385 1409 1459 1497 1547 
degeneracy helps : 463 463 486 501 501 501 
degeneracy worse : 294 296 343 408 446 496 
SCL #err deg : 1579 / 7100
SCL #err weighted degeneracy : 1406 1408 1433 1482 1519 1570 
degeneracy helps : 469 469 491 507 507 507 
degeneracy worse : 296 298 345 410 447 498 
SCL #err deg : 1602 / 7200
SCL #err weighted degeneracy : 1426 1428 1454 1506 1544 1594 
degeneracy helps : 475 475 495 509 510 510 
degeneracy worse : 299 301 347 413 452 502 
SCL #err deg : 1622 / 7300
SCL #err weighted degeneracy : 1444 1446 1472 1524 1564 1614 
degeneracy helps : 482 482 502 517 517 517 
degeneracy worse : 304 306 352 419 459 509 
SCL #err deg : 1645 / 7400
SCL #err weighted degeneracy : 1464 1466 1490 1543 1584 1636 
degeneracy helps : 488 488 510 524 524 524 
degeneracy worse : 307 309 355 422 463 515 
SCL #err deg : 1659 / 7500
SCL #err weighted degeneracy : 1477 1479 1504 1560 1602 1654 
degeneracy helps : 492 492 514 528 528 528 
degeneracy worse : 310 312 359 429 471 523 
SCL #err deg : 1678 / 7600
SCL #err weighted degeneracy : 1494 1496 1520 1577 1617 1671 
degeneracy helps : 497 497 519 533 534 534 
degeneracy worse : 313 315 361 432 473 527 
SCL #err deg : 1701 / 7700
SCL #err weighted degeneracy : 1510 1512 1537 1596 1635 1689 
degeneracy helps : 508 508 530 545 547 547 
degeneracy worse : 317 319 366 440 481 535 
SCL #err deg : 1729 / 7800
SCL #err weighted degeneracy : 1526 1528 1553 1612 1655 1710 
degeneracy helps : 521 521 543 559 560 560 
degeneracy worse : 318 320 367 442 486 541 
SCL #err deg : 1751 / 7900
SCL #err weighted degeneracy : 1541 1543 1571 1631 1675 1730 
degeneracy helps : 529 529 550 566 566 566 
degeneracy worse : 319 321 370 446 490 545 
SCL #err deg : 1766 / 8000
SCL #err weighted degeneracy : 1561 1563 1590 1649 1691 1745 
degeneracy helps : 529 529 551 569 569 570 
degeneracy worse : 324 326 375 452 494 549 
SCL #err deg : 1789 / 8100
SCL #err weighted degeneracy : 1578 1580 1607 1668 1711 1764 
degeneracy helps : 537 537 559 577 578 578 
degeneracy worse : 326 328 377 456 500 553 
SCL #err deg : 1808 / 8200
SCL #err weighted degeneracy : 1601 1603 1630 1691 1734 1786 
degeneracy helps : 539 539 561 579 581 581 
degeneracy worse : 332 334 383 462 507 559 
SCL #err deg : 1824 / 8300
SCL #err weighted degeneracy : 1618 1620 1647 1708 1751 1803 
degeneracy helps : 542 542 564 584 586 586 
degeneracy worse : 336 338 387 468 513 565 
SCL #err deg : 1851 / 8400
SCL #err weighted degeneracy : 1647 1649 1678 1741 1784 1834 
degeneracy helps : 546 546 568 589 591 592 
degeneracy worse : 342 344 395 479 524 575 
SCL #err deg : 1872 / 8500
SCL #err weighted degeneracy : 1665 1667 1696 1760 1803 1854 
degeneracy helps : 551 551 573 595 598 599 
degeneracy worse : 344 346 397 483 529 581 
SCL #err deg : 1893 / 8600
SCL #err weighted degeneracy : 1689 1691 1719 1783 1829 1880 
degeneracy helps : 556 556 578 600 601 602 
degeneracy worse : 352 354 404 490 537 589 
SCL #err deg : 1917 / 8700
SCL #err weighted degeneracy : 1708 1710 1739 1805 1853 1904 
degeneracy helps : 563 563 584 605 605 606 
degeneracy worse : 354 356 406 493 541 593 
SCL #err deg : 1939 / 8800
SCL #err weighted degeneracy : 1725 1727 1755 1824 1873 1924 
degeneracy helps : 570 570 592 612 611 613 
degeneracy worse : 356 358 408 497 545 598 
SCL #err deg : 1961 / 8900
SCL #err weighted degeneracy : 1746 1748 1776 1846 1894 1944 
degeneracy helps : 575 575 597 617 617 620 
degeneracy worse : 360 362 412 502 550 603 
SCL #err deg : 1983 / 9000
SCL #err weighted degeneracy : 1766 1768 1796 1867 1917 1965 
degeneracy helps : 581 581 602 622 621 626 
degeneracy worse : 364 366 415 506 555 608 
SCL #err deg : 2004 / 9100
SCL #err weighted degeneracy : 1786 1788 1818 1888 1939 1987 
degeneracy helps : 587 587 608 629 629 634 
degeneracy worse : 369 371 422 513 564 617 
SCL #err deg : 2026 / 9200
SCL #err weighted degeneracy : 1806 1808 1838 1908 1959 2006 
degeneracy helps : 593 593 614 636 636 642 
degeneracy worse : 373 375 426 518 569 622 
SCL #err deg : 2052 / 9300
SCL #err weighted degeneracy : 1831 1833 1860 1931 1983 2032 
degeneracy helps : 599 599 622 644 644 649 
degeneracy worse : 378 380 430 523 575 629 
SCL #err deg : 2081 / 9400
SCL #err weighted degeneracy : 1849 1851 1878 1952 2006 2054 
degeneracy helps : 613 613 634 656 656 662 
degeneracy worse : 381 383 431 527 581 635 
SCL #err deg : 2113 / 9500
SCL #err weighted degeneracy : 1876 1878 1906 1982 2036 2083 
degeneracy helps : 621 621 642 664 664 671 
degeneracy worse : 384 386 435 533 587 641 
SCL #err deg : 2133 / 9600
SCL #err weighted degeneracy : 1896 1898 1926 2001 2057 2102 
degeneracy helps : 624 624 645 668 668 677 
degeneracy worse : 387 389 438 536 592 646 
SCL #err deg : 2154 / 9700
SCL #err weighted degeneracy : 1914 1916 1944 2018 2076 2119 
degeneracy helps : 630 630 652 676 676 686 
degeneracy worse : 390 392 442 540 598 651 
SCL #err deg : 2172 / 9800
SCL #err weighted degeneracy : 1931 1933 1962 2036 2094 2137 
degeneracy helps : 634 634 656 680 680 690 
degeneracy worse : 393 395 446 544 602 655 
SCL #err deg : 2198 / 9900
SCL #err weighted degeneracy : 1953 1955 1986 2061 2118 2160 
degeneracy helps : 642 642 667 691 692 703 
degeneracy worse : 398 400 455 554 612 665 
SCL #err deg : 2223 / 10000
SCL #err weighted degeneracy : 1973 1975 2007 2082 2138 2180 
degeneracy helps : 651 651 675 699 701 712 
degeneracy worse : 402 404 459 558 616 669 
average #flips: 51.1569
SCL #err considering degeneracy: 2223
error due to equal 628
error due to SCL smaller 1593
Finish in 5042 s
