Simulation Polar syndrome FASTER N=512, K=257, l=128, pz=0.14, #samples=10000, seed=45
PW construction
Event generator random seed: 45
SCL #err deg : 68 / 100
SCL #err weighted degeneracy : 71 70 67 67 68 69 
degeneracy helps : 8 9 11 11 10 10 
degeneracy worse : 11 11 10 10 10 11 
SCL #err deg : 135 / 200
SCL #err weighted degeneracy : 138 136 134 133 131 131 
degeneracy helps : 15 17 20 20 21 22 
degeneracy worse : 18 18 19 18 17 18 
SCL #err deg : 196 / 300
SCL #err weighted degeneracy : 202 200 199 198 199 199 
degeneracy helps : 21 23 26 26 29 30 
degeneracy worse : 27 27 29 28 32 33 
SCL #err deg : 265 / 400
SCL #err weighted degeneracy : 275 274 271 270 268 269 
degeneracy helps : 29 30 35 35 40 41 
degeneracy worse : 39 39 41 40 43 45 
SCL #err deg : 336 / 500
SCL #err weighted degeneracy : 343 342 340 340 338 341 
degeneracy helps : 37 38 42 44 49 48 
degeneracy worse : 44 44 46 48 51 53 
SCL #err deg : 393 / 600
SCL #err weighted degeneracy : 400 400 397 396 393 393 
degeneracy helps : 47 47 53 55 61 63 
degeneracy worse : 54 54 57 58 61 63 
SCL #err deg : 464 / 700
SCL #err weighted degeneracy : 468 468 463 463 459 456 
degeneracy helps : 57 57 65 66 73 77 
degeneracy worse : 61 61 64 65 68 69 
SCL #err deg : 532 / 800
SCL #err weighted degeneracy : 533 533 527 529 526 523 
degeneracy helps : 65 65 74 75 82 85 
degeneracy worse : 66 66 69 72 76 76 
SCL #err deg : 593 / 900
SCL #err weighted degeneracy : 590 590 584 587 585 582 
degeneracy helps : 76 76 85 86 92 94 
degeneracy worse : 73 73 76 80 84 83 
SCL #err deg : 662 / 1000
SCL #err weighted degeneracy : 655 656 648 651 648 645 
degeneracy helps : 88 87 99 101 107 109 
degeneracy worse : 81 81 85 90 93 92 
SCL #err deg : 731 / 1100
SCL #err weighted degeneracy : 722 723 717 718 712 708 
degeneracy helps : 96 95 105 109 118 121 
degeneracy worse : 87 87 91 96 99 98 
SCL #err deg : 793 / 1200
SCL #err weighted degeneracy : 785 786 784 782 775 770 
degeneracy helps : 104 103 112 118 128 132 
degeneracy worse : 96 96 103 107 110 109 
SCL #err deg : 859 / 1300
SCL #err weighted degeneracy : 851 851 850 847 839 835 
degeneracy helps : 115 114 123 130 140 143 
degeneracy worse : 107 106 114 118 120 119 
SCL #err deg : 922 / 1400
SCL #err weighted degeneracy : 921 922 917 912 904 897 
degeneracy helps : 122 120 134 141 152 157 
degeneracy worse : 121 120 129 131 134 132 
SCL #err deg : 992 / 1500
SCL #err weighted degeneracy : 985 986 981 976 968 962 
degeneracy helps : 134 132 146 153 164 169 
degeneracy worse : 127 126 135 137 140 139 
SCL #err deg : 1061 / 1600
SCL #err weighted degeneracy : 1047 1048 1045 1039 1031 1022 
degeneracy helps : 149 147 160 166 177 185 
degeneracy worse : 135 134 144 144 147 146 
SCL #err deg : 1128 / 1700
SCL #err weighted degeneracy : 1115 1116 1115 1110 1103 1093 
degeneracy helps : 155 153 164 170 181 190 
degeneracy worse : 142 141 151 152 156 155 
SCL #err deg : 1188 / 1800
SCL #err weighted degeneracy : 1170 1171 1169 1166 1156 1146 
degeneracy helps : 166 164 178 183 195 205 
degeneracy worse : 148 147 159 161 163 163 
SCL #err deg : 1243 / 1900
SCL #err weighted degeneracy : 1225 1227 1223 1222 1211 1201 
degeneracy helps : 175 172 188 193 204 214 
degeneracy worse : 157 156 168 172 172 172 
SCL #err deg : 1316 / 2000
SCL #err weighted degeneracy : 1294 1296 1289 1289 1277 1266 
degeneracy helps : 185 182 201 208 219 229 
degeneracy worse : 163 162 174 181 180 179 
SCL #err deg : 1385 / 2100
SCL #err weighted degeneracy : 1364 1366 1359 1360 1347 1335 
degeneracy helps : 194 191 210 216 228 239 
degeneracy worse : 173 172 184 191 190 189 
SCL #err deg : 1453 / 2200
SCL #err weighted degeneracy : 1435 1437 1431 1434 1420 1408 
degeneracy helps : 203 200 219 226 238 249 
degeneracy worse : 185 184 197 207 205 204 
SCL #err deg : 1522 / 2300
SCL #err weighted degeneracy : 1499 1501 1496 1502 1490 1478 
degeneracy helps : 214 211 229 234 245 256 
degeneracy worse : 191 190 203 214 213 212 
SCL #err deg : 1585 / 2400
SCL #err weighted degeneracy : 1566 1569 1563 1569 1557 1545 
degeneracy helps : 220 216 236 243 253 264 
degeneracy worse : 201 200 214 227 225 224 
SCL #err deg : 1640 / 2500
SCL #err weighted degeneracy : 1619 1621 1616 1623 1614 1601 
degeneracy helps : 227 223 245 253 261 273 
degeneracy worse : 206 204 221 236 235 234 
SCL #err deg : 1704 / 2600
SCL #err weighted degeneracy : 1692 1695 1685 1692 1683 1669 
degeneracy helps : 232 227 253 261 270 282 
degeneracy worse : 220 218 234 249 249 247 
SCL #err deg : 1778 / 2700
SCL #err weighted degeneracy : 1762 1765 1753 1759 1751 1738 
degeneracy helps : 242 237 265 276 285 297 
degeneracy worse : 226 224 240 257 258 257 
SCL #err deg : 1844 / 2800
SCL #err weighted degeneracy : 1817 1820 1810 1816 1811 1801 
degeneracy helps : 258 253 281 292 300 313 
degeneracy worse : 231 229 247 264 267 270 
SCL #err deg : 1907 / 2900
SCL #err weighted degeneracy : 1876 1879 1867 1874 1869 1860 
degeneracy helps : 266 261 290 302 311 324 
degeneracy worse : 235 233 250 269 273 277 
SCL #err deg : 1978 / 3000
SCL #err weighted degeneracy : 1944 1945 1934 1942 1937 1931 
degeneracy helps : 277 272 302 316 325 335 
degeneracy worse : 243 239 258 280 284 288 
SCL #err deg : 2036 / 3100
SCL #err weighted degeneracy : 2007 2008 1997 2003 1999 1993 
degeneracy helps : 281 276 307 323 333 343 
degeneracy worse : 252 248 268 290 296 300 
SCL #err deg : 2093 / 3200
SCL #err weighted degeneracy : 2064 2065 2053 2064 2056 2048 
degeneracy helps : 290 285 316 331 343 354 
degeneracy worse : 261 257 276 302 306 309 
SCL #err deg : 2161 / 3300
SCL #err weighted degeneracy : 2128 2129 2117 2129 2122 2114 
degeneracy helps : 298 294 326 341 352 363 
degeneracy worse : 265 262 282 309 313 316 
SCL #err deg : 2222 / 3400
SCL #err weighted degeneracy : 2189 2192 2182 2198 2190 2184 
degeneracy helps : 307 301 335 350 362 372 
degeneracy worse : 274 271 295 326 330 334 
SCL #err deg : 2280 / 3500
SCL #err weighted degeneracy : 2249 2252 2243 2257 2249 2244 
degeneracy helps : 313 307 341 359 373 382 
degeneracy worse : 282 279 304 336 342 346 
SCL #err deg : 2344 / 3600
SCL #err weighted degeneracy : 2309 2313 2302 2315 2307 2303 
degeneracy helps : 326 319 356 375 390 399 
degeneracy worse : 291 288 314 346 353 358 
SCL #err deg : 2406 / 3700
SCL #err weighted degeneracy : 2378 2383 2371 2382 2374 2371 
degeneracy helps : 332 324 363 384 399 408 
degeneracy worse : 304 301 328 360 367 373 
SCL #err deg : 2475 / 3800
SCL #err weighted degeneracy : 2445 2450 2437 2449 2442 2439 
degeneracy helps : 339 331 371 393 407 417 
degeneracy worse : 309 306 333 367 374 381 
SCL #err deg : 2551 / 3900
SCL #err weighted degeneracy : 2518 2522 2511 2522 2513 2512 
degeneracy helps : 347 339 379 402 417 427 
degeneracy worse : 314 310 339 373 379 388 
SCL #err deg : 2618 / 4000
SCL #err weighted degeneracy : 2575 2579 2569 2582 2576 2574 
degeneracy helps : 361 353 392 414 427 438 
degeneracy worse : 318 314 343 378 385 394 
SCL #err deg : 2685 / 4100
SCL #err weighted degeneracy : 2641 2645 2637 2649 2645 2644 
degeneracy helps : 370 362 399 421 434 445 
degeneracy worse : 326 322 351 385 394 404 
SCL #err deg : 2744 / 4200
SCL #err weighted degeneracy : 2706 2710 2704 2717 2713 2710 
degeneracy helps : 376 367 404 426 439 452 
degeneracy worse : 338 333 364 399 408 418 
SCL #err deg : 2816 / 4300
SCL #err weighted degeneracy : 2778 2783 2772 2782 2776 2775 
degeneracy helps : 384 374 416 441 454 465 
degeneracy worse : 346 341 372 407 414 424 
SCL #err deg : 2882 / 4400
SCL #err weighted degeneracy : 2851 2855 2843 2852 2844 2843 
degeneracy helps : 390 380 424 448 462 473 
degeneracy worse : 359 353 385 418 424 434 
SCL #err deg : 2952 / 4500
SCL #err weighted degeneracy : 2911 2915 2905 2915 2908 2907 
degeneracy helps : 404 395 437 462 476 488 
degeneracy worse : 363 358 390 425 432 443 
SCL #err deg : 3023 / 4600
SCL #err weighted degeneracy : 2976 2981 2969 2981 2976 2976 
degeneracy helps : 418 408 453 478 491 503 
degeneracy worse : 371 366 399 436 444 456 
SCL #err deg : 3093 / 4700
SCL #err weighted degeneracy : 3043 3048 3038 3050 3047 3047 
degeneracy helps : 425 416 461 486 498 511 
degeneracy worse : 376 371 406 443 452 465 
SCL #err deg : 3166 / 4800
SCL #err weighted degeneracy : 3112 3118 3105 3112 3110 3111 
degeneracy helps : 434 424 470 500 512 524 
degeneracy worse : 381 376 409 446 456 469 
SCL #err deg : 3234 / 4900
SCL #err weighted degeneracy : 3181 3187 3171 3174 3173 3175 
degeneracy helps : 439 429 477 511 523 534 
degeneracy worse : 387 382 414 451 462 475 
SCL #err deg : 3294 / 5000
SCL #err weighted degeneracy : 3245 3249 3235 3235 3233 3238 
degeneracy helps : 446 436 485 521 533 542 
degeneracy worse : 398 391 426 462 472 486 
SCL #err deg : 3364 / 5100
SCL #err weighted degeneracy : 3310 3314 3299 3297 3296 3302 
degeneracy helps : 459 449 500 539 550 558 
degeneracy worse : 406 399 435 472 482 496 
SCL #err deg : 3423 / 5200
SCL #err weighted degeneracy : 3374 3379 3362 3359 3358 3362 
degeneracy helps : 469 458 511 551 562 572 
degeneracy worse : 421 414 450 487 497 511 
SCL #err deg : 3490 / 5300
SCL #err weighted degeneracy : 3437 3444 3421 3415 3411 3419 
degeneracy helps : 479 466 526 567 580 588 
degeneracy worse : 427 420 457 492 501 517 
SCL #err deg : 3556 / 5400
SCL #err weighted degeneracy : 3499 3507 3482 3477 3475 3483 
degeneracy helps : 486 472 534 576 589 597 
degeneracy worse : 430 423 460 497 508 524 
SCL #err deg : 3626 / 5500
SCL #err weighted degeneracy : 3564 3572 3547 3542 3542 3550 
degeneracy helps : 498 484 546 588 600 607 
degeneracy worse : 437 430 467 504 516 531 
SCL #err deg : 3694 / 5600
SCL #err weighted degeneracy : 3629 3637 3615 3609 3610 3617 
degeneracy helps : 506 492 554 596 607 616 
degeneracy worse : 442 435 475 511 523 539 
SCL #err deg : 3764 / 5700
SCL #err weighted degeneracy : 3691 3699 3678 3674 3677 3685 
degeneracy helps : 517 503 565 606 615 625 
degeneracy worse : 445 438 479 516 528 546 
SCL #err deg : 3841 / 5800
SCL #err weighted degeneracy : 3759 3766 3744 3742 3744 3751 
degeneracy helps : 529 516 579 620 631 642 
degeneracy worse : 448 441 482 521 534 552 
SCL #err deg : 3908 / 5900
SCL #err weighted degeneracy : 3820 3826 3805 3807 3808 3815 
degeneracy helps : 541 528 593 633 645 656 
degeneracy worse : 454 446 490 532 545 563 
SCL #err deg : 3976 / 6000
SCL #err weighted degeneracy : 3884 3888 3866 3870 3871 3878 
degeneracy helps : 550 538 604 644 656 667 
degeneracy worse : 459 450 494 538 551 569 
SCL #err deg : 4052 / 6100
SCL #err weighted degeneracy : 3961 3964 3939 3944 3945 3952 
degeneracy helps : 558 546 615 654 666 677 
degeneracy worse : 468 458 502 546 559 577 
SCL #err deg : 4121 / 6200
SCL #err weighted degeneracy : 4027 4030 4006 4009 4010 4017 
degeneracy helps : 568 556 626 666 678 690 
degeneracy worse : 475 465 511 554 567 586 
SCL #err deg : 4181 / 6300
SCL #err weighted degeneracy : 4087 4090 4067 4070 4070 4077 
degeneracy helps : 577 565 635 675 689 702 
degeneracy worse : 484 474 521 564 578 598 
SCL #err deg : 4251 / 6400
SCL #err weighted degeneracy : 4161 4164 4140 4142 4142 4151 
degeneracy helps : 583 571 643 684 698 712 
degeneracy worse : 494 484 532 575 589 612 
SCL #err deg : 4317 / 6500
SCL #err weighted degeneracy : 4220 4224 4197 4206 4207 4216 
degeneracy helps : 597 584 659 697 711 726 
degeneracy worse : 501 491 539 586 601 625 
SCL #err deg : 4381 / 6600
SCL #err weighted degeneracy : 4283 4288 4257 4267 4266 4276 
degeneracy helps : 605 592 670 709 725 740 
degeneracy worse : 508 499 546 595 610 635 
SCL #err deg : 4458 / 6700
SCL #err weighted degeneracy : 4352 4356 4327 4338 4337 4346 
degeneracy helps : 617 605 683 721 737 753 
degeneracy worse : 512 503 552 601 616 641 
SCL #err deg : 4521 / 6800
SCL #err weighted degeneracy : 4416 4419 4388 4399 4400 4411 
degeneracy helps : 623 612 692 730 745 761 
degeneracy worse : 519 510 559 608 624 651 
SCL #err deg : 4589 / 6900
SCL #err weighted degeneracy : 4480 4482 4452 4461 4463 4474 
degeneracy helps : 630 619 701 742 756 772 
degeneracy worse : 522 512 564 614 630 657 
SCL #err deg : 4656 / 7000
SCL #err weighted degeneracy : 4548 4548 4523 4534 4537 4549 
degeneracy helps : 639 628 709 749 764 780 
degeneracy worse : 532 520 576 627 645 673 
SCL #err deg : 4723 / 7100
SCL #err weighted degeneracy : 4614 4614 4589 4598 4601 4614 
degeneracy helps : 651 640 724 764 779 795 
degeneracy worse : 543 531 590 639 657 686 
SCL #err deg : 4792 / 7200
SCL #err weighted degeneracy : 4676 4675 4656 4665 4669 4682 
degeneracy helps : 665 654 734 774 790 806 
degeneracy worse : 550 537 598 647 667 696 
SCL #err deg : 4860 / 7300
SCL #err weighted degeneracy : 4741 4743 4719 4728 4730 4742 
degeneracy helps : 680 666 750 789 805 821 
degeneracy worse : 562 549 609 657 675 703 
SCL #err deg : 4937 / 7400
SCL #err weighted degeneracy : 4819 4821 4795 4806 4807 4817 
degeneracy helps : 685 671 758 797 813 831 
degeneracy worse : 568 555 616 666 683 711 
SCL #err deg : 5007 / 7500
SCL #err weighted degeneracy : 4896 4897 4873 4884 4884 4893 
degeneracy helps : 692 678 764 803 820 839 
degeneracy worse : 582 568 630 680 697 725 
SCL #err deg : 5074 / 7600
SCL #err weighted degeneracy : 4956 4958 4933 4943 4943 4952 
degeneracy helps : 704 689 776 817 834 853 
degeneracy worse : 587 573 635 686 703 731 
SCL #err deg : 5140 / 7700
SCL #err weighted degeneracy : 5022 5024 4997 5005 5007 5017 
degeneracy helps : 714 699 788 832 848 867 
degeneracy worse : 597 583 645 697 715 744 
SCL #err deg : 5203 / 7800
SCL #err weighted degeneracy : 5082 5086 5058 5068 5068 5077 
degeneracy helps : 723 706 797 842 860 880 
degeneracy worse : 603 589 652 707 725 754 
SCL #err deg : 5264 / 7900
SCL #err weighted degeneracy : 5144 5147 5118 5125 5127 5135 
degeneracy helps : 732 716 807 854 873 894 
degeneracy worse : 613 599 661 715 736 765 
SCL #err deg : 5336 / 8000
SCL #err weighted degeneracy : 5218 5221 5189 5193 5193 5202 
degeneracy helps : 740 724 816 865 886 906 
degeneracy worse : 623 609 669 722 743 772 
SCL #err deg : 5406 / 8100
SCL #err weighted degeneracy : 5287 5290 5258 5261 5262 5272 
degeneracy helps : 747 731 822 872 893 913 
degeneracy worse : 629 615 674 727 749 779 
SCL #err deg : 5475 / 8200
SCL #err weighted degeneracy : 5354 5358 5326 5332 5331 5341 
degeneracy helps : 757 740 834 882 903 924 
degeneracy worse : 637 623 685 739 759 790 
SCL #err deg : 5543 / 8300
SCL #err weighted degeneracy : 5422 5426 5391 5398 5398 5408 
degeneracy helps : 765 748 846 893 914 936 
degeneracy worse : 645 631 694 748 769 801 
SCL #err deg : 5608 / 8400
SCL #err weighted degeneracy : 5486 5490 5452 5462 5460 5470 
degeneracy helps : 774 757 856 903 926 947 
degeneracy worse : 653 639 700 757 778 809 
SCL #err deg : 5680 / 8500
SCL #err weighted degeneracy : 5555 5561 5518 5527 5524 5535 
degeneracy helps : 784 766 870 917 941 962 
degeneracy worse : 660 647 708 764 785 817 
SCL #err deg : 5741 / 8600
SCL #err weighted degeneracy : 5614 5619 5581 5587 5583 5593 
degeneracy helps : 794 777 881 931 955 978 
degeneracy worse : 669 655 721 777 797 830 
SCL #err deg : 5810 / 8700
SCL #err weighted degeneracy : 5680 5686 5649 5653 5648 5660 
degeneracy helps : 803 785 889 940 967 989 
degeneracy worse : 675 661 728 783 805 839 
SCL #err deg : 5875 / 8800
SCL #err weighted degeneracy : 5745 5750 5716 5715 5711 5719 
degeneracy helps : 811 794 897 952 979 1003 
degeneracy worse : 683 669 738 792 815 847 
SCL #err deg : 5947 / 8900
SCL #err weighted degeneracy : 5814 5820 5784 5782 5778 5787 
degeneracy helps : 819 801 908 963 991 1015 
degeneracy worse : 688 674 745 798 822 855 
SCL #err deg : 6014 / 9000
SCL #err weighted degeneracy : 5884 5890 5853 5849 5844 5856 
degeneracy helps : 826 807 917 974 1003 1025 
degeneracy worse : 698 683 756 809 833 867 
SCL #err deg : 6075 / 9100
SCL #err weighted degeneracy : 5943 5950 5910 5906 5902 5914 
degeneracy helps : 831 812 924 983 1012 1035 
degeneracy worse : 701 687 759 814 839 874 
SCL #err deg : 6142 / 9200
SCL #err weighted degeneracy : 6014 6021 5981 5973 5969 5981 
degeneracy helps : 839 820 933 995 1024 1047 
degeneracy worse : 713 699 772 826 851 886 
SCL #err deg : 6217 / 9300
SCL #err weighted degeneracy : 6085 6091 6053 6044 6040 6050 
degeneracy helps : 851 832 944 1007 1036 1061 
degeneracy worse : 721 706 780 834 859 894 
SCL #err deg : 6285 / 9400
SCL #err weighted degeneracy : 6155 6161 6122 6114 6110 6119 
degeneracy helps : 861 842 953 1016 1045 1071 
degeneracy worse : 733 718 790 845 870 905 
SCL #err deg : 6351 / 9500
SCL #err weighted degeneracy : 6222 6226 6187 6176 6173 6186 
degeneracy helps : 866 849 960 1026 1056 1081 
degeneracy worse : 739 724 796 851 878 916 
SCL #err deg : 6421 / 9600
SCL #err weighted degeneracy : 6291 6295 6255 6241 6238 6246 
degeneracy helps : 874 856 970 1038 1067 1095 
degeneracy worse : 746 731 804 858 884 920 
SCL #err deg : 6482 / 9700
SCL #err weighted degeneracy : 6357 6360 6321 6310 6306 6315 
degeneracy helps : 879 861 976 1043 1073 1101 
degeneracy worse : 756 740 815 871 897 934 
SCL #err deg : 6548 / 9800
SCL #err weighted degeneracy : 6418 6421 6382 6374 6370 6376 
degeneracy helps : 891 873 988 1055 1085 1116 
degeneracy worse : 763 747 822 881 907 944 
SCL #err deg : 6619 / 9900
SCL #err weighted degeneracy : 6482 6485 6445 6437 6435 6442 
degeneracy helps : 905 887 1003 1070 1100 1130 
degeneracy worse : 770 754 829 888 916 953 
SCL #err deg : 6694 / 10000
SCL #err weighted degeneracy : 6551 6554 6514 6507 6506 6513 
degeneracy helps : 914 896 1012 1079 1109 1140 
degeneracy worse : 773 757 832 892 921 959 
average #flips: 71.66
SCL #err considering degeneracy: 6694
error due to equal 39
error due to SCL smaller 6652
Finish in 5103 s
