Simulation Polar syndrome FASTER N=512, K=257, l=128, pz=0.18, #samples=10000, seed=45
PW construction
Event generator random seed: 45
SCL #err deg : 80 / 100
SCL #err weighted degeneracy : 80 81 76 76 78 75 
degeneracy helps : 10 10 12 13 11 13 
degeneracy worse : 10 11 8 9 9 8 
SCL #err deg : 154 / 200
SCL #err weighted degeneracy : 154 153 151 149 152 146 
degeneracy helps : 23 24 23 26 23 27 
degeneracy worse : 23 23 20 21 21 19 
SCL #err deg : 227 / 300
SCL #err weighted degeneracy : 228 227 223 222 224 219 
degeneracy helps : 31 32 32 35 32 36 
degeneracy worse : 32 32 28 30 29 28 
SCL #err deg : 302 / 400
SCL #err weighted degeneracy : 305 303 301 301 304 297 
degeneracy helps : 37 39 39 42 40 45 
degeneracy worse : 40 40 38 41 42 40 
SCL #err deg : 381 / 500
SCL #err weighted degeneracy : 386 384 379 379 383 374 
degeneracy helps : 43 45 47 50 46 53 
degeneracy worse : 48 48 45 48 48 46 
SCL #err deg : 456 / 600
SCL #err weighted degeneracy : 463 457 458 461 461 453 
degeneracy helps : 48 52 52 57 57 63 
degeneracy worse : 55 53 54 62 62 60 
SCL #err deg : 533 / 700
SCL #err weighted degeneracy : 535 530 528 532 531 524 
degeneracy helps : 59 62 65 69 70 75 
degeneracy worse : 61 59 60 68 68 66 
SCL #err deg : 609 / 800
SCL #err weighted degeneracy : 610 604 603 611 608 601 
degeneracy helps : 69 72 75 78 79 84 
degeneracy worse : 70 67 69 80 78 76 
SCL #err deg : 683 / 900
SCL #err weighted degeneracy : 682 678 674 683 682 676 
degeneracy helps : 78 80 85 89 89 94 
degeneracy worse : 77 75 76 89 88 87 
SCL #err deg : 758 / 1000
SCL #err weighted degeneracy : 751 753 743 753 754 744 
degeneracy helps : 95 92 102 106 105 112 
degeneracy worse : 88 87 87 101 101 98 
SCL #err deg : 837 / 1100
SCL #err weighted degeneracy : 830 832 823 832 831 818 
degeneracy helps : 103 101 109 114 114 124 
degeneracy worse : 96 96 95 109 108 105 
SCL #err deg : 914 / 1200
SCL #err weighted degeneracy : 902 904 892 903 904 891 
degeneracy helps : 115 112 123 127 127 137 
degeneracy worse : 103 102 101 116 117 114 
SCL #err deg : 983 / 1300
SCL #err weighted degeneracy : 971 973 964 972 976 963 
degeneracy helps : 123 121 130 136 134 145 
degeneracy worse : 111 111 111 125 127 125 
SCL #err deg : 1048 / 1400
SCL #err weighted degeneracy : 1042 1044 1036 1047 1052 1039 
degeneracy helps : 129 126 136 145 144 156 
degeneracy worse : 123 122 124 144 148 147 
SCL #err deg : 1121 / 1500
SCL #err weighted degeneracy : 1117 1119 1113 1125 1131 1117 
degeneracy helps : 138 134 145 156 154 165 
degeneracy worse : 134 132 137 160 164 161 
SCL #err deg : 1187 / 1600
SCL #err weighted degeneracy : 1192 1193 1186 1197 1205 1191 
degeneracy helps : 140 137 149 161 159 171 
degeneracy worse : 145 143 148 171 177 175 
SCL #err deg : 1255 / 1700
SCL #err weighted degeneracy : 1267 1268 1259 1273 1279 1264 
degeneracy helps : 148 145 159 168 166 178 
degeneracy worse : 160 158 163 186 190 187 
SCL #err deg : 1324 / 1800
SCL #err weighted degeneracy : 1342 1343 1332 1345 1351 1338 
degeneracy helps : 152 149 163 172 170 183 
degeneracy worse : 170 168 171 193 197 197 
SCL #err deg : 1403 / 1900
SCL #err weighted degeneracy : 1415 1414 1405 1421 1429 1420 
degeneracy helps : 165 164 177 183 181 192 
degeneracy worse : 177 175 179 201 207 209 
SCL #err deg : 1489 / 2000
SCL #err weighted degeneracy : 1494 1493 1485 1500 1508 1499 
degeneracy helps : 175 174 187 193 191 202 
degeneracy worse : 180 178 183 204 210 212 
SCL #err deg : 1568 / 2100
SCL #err weighted degeneracy : 1574 1572 1564 1578 1587 1578 
degeneracy helps : 180 179 193 200 198 209 
degeneracy worse : 186 183 189 210 217 219 
SCL #err deg : 1649 / 2200
SCL #err weighted degeneracy : 1651 1647 1642 1656 1665 1654 
degeneracy helps : 188 188 201 207 206 219 
degeneracy worse : 190 186 194 214 222 224 
SCL #err deg : 1729 / 2300
SCL #err weighted degeneracy : 1730 1725 1720 1736 1744 1735 
degeneracy helps : 196 196 209 213 213 226 
degeneracy worse : 197 192 200 220 228 232 
SCL #err deg : 1807 / 2400
SCL #err weighted degeneracy : 1805 1801 1794 1807 1817 1807 
degeneracy helps : 208 207 222 226 225 238 
degeneracy worse : 206 201 209 226 235 238 
SCL #err deg : 1876 / 2500
SCL #err weighted degeneracy : 1877 1875 1868 1882 1891 1879 
degeneracy helps : 213 212 227 230 229 243 
degeneracy worse : 214 211 219 236 244 246 
SCL #err deg : 1947 / 2600
SCL #err weighted degeneracy : 1952 1952 1942 1956 1964 1951 
degeneracy helps : 219 215 235 239 239 255 
degeneracy worse : 224 220 230 248 256 259 
SCL #err deg : 2016 / 2700
SCL #err weighted degeneracy : 2028 2027 2019 2035 2041 2029 
degeneracy helps : 223 219 238 242 244 260 
degeneracy worse : 235 230 241 261 269 273 
SCL #err deg : 2097 / 2800
SCL #err weighted degeneracy : 2113 2112 2101 2117 2123 2108 
degeneracy helps : 230 226 248 251 253 271 
degeneracy worse : 246 241 252 271 279 282 
SCL #err deg : 2170 / 2900
SCL #err weighted degeneracy : 2186 2185 2174 2190 2199 2181 
degeneracy helps : 240 234 258 262 262 281 
degeneracy worse : 256 249 262 282 291 292 
SCL #err deg : 2244 / 3000
SCL #err weighted degeneracy : 2266 2261 2252 2269 2273 2251 
degeneracy helps : 244 240 263 267 272 295 
degeneracy worse : 266 257 271 292 301 302 
SCL #err deg : 2317 / 3100
SCL #err weighted degeneracy : 2336 2333 2323 2339 2345 2321 
degeneracy helps : 256 250 275 280 283 306 
degeneracy worse : 275 266 281 302 311 310 
SCL #err deg : 2393 / 3200
SCL #err weighted degeneracy : 2415 2413 2401 2417 2424 2400 
degeneracy helps : 264 257 284 289 291 315 
degeneracy worse : 286 277 292 313 322 322 
SCL #err deg : 2474 / 3300
SCL #err weighted degeneracy : 2491 2488 2479 2497 2505 2481 
degeneracy helps : 272 266 292 296 299 323 
degeneracy worse : 289 280 297 319 330 330 
SCL #err deg : 2555 / 3400
SCL #err weighted degeneracy : 2564 2562 2551 2570 2580 2555 
degeneracy helps : 287 281 308 312 313 338 
degeneracy worse : 296 288 304 327 338 338 
SCL #err deg : 2629 / 3500
SCL #err weighted degeneracy : 2636 2635 2622 2642 2651 2627 
degeneracy helps : 298 292 320 323 324 348 
degeneracy worse : 305 298 313 336 346 346 
SCL #err deg : 2703 / 3600
SCL #err weighted degeneracy : 2706 2707 2693 2714 2722 2695 
degeneracy helps : 309 300 332 334 336 363 
degeneracy worse : 312 304 322 345 355 355 
SCL #err deg : 2784 / 3700
SCL #err weighted degeneracy : 2784 2786 2770 2790 2796 2768 
degeneracy helps : 318 308 342 346 349 377 
degeneracy worse : 318 310 328 352 361 361 
SCL #err deg : 2849 / 3800
SCL #err weighted degeneracy : 2850 2852 2835 2857 2863 2833 
degeneracy helps : 329 316 355 360 363 393 
degeneracy worse : 330 319 341 368 377 377 
SCL #err deg : 2927 / 3900
SCL #err weighted degeneracy : 2928 2931 2911 2934 2938 2910 
degeneracy helps : 338 324 366 370 375 404 
degeneracy worse : 339 328 350 377 386 387 
SCL #err deg : 3003 / 4000
SCL #err weighted degeneracy : 3008 3011 2992 3014 3018 2987 
degeneracy helps : 344 330 371 376 381 411 
degeneracy worse : 349 338 360 387 396 395 
SCL #err deg : 3080 / 4100
SCL #err weighted degeneracy : 3087 3088 3071 3097 3099 3068 
degeneracy helps : 352 338 378 381 389 421 
degeneracy worse : 359 346 369 398 408 409 
SCL #err deg : 3151 / 4200
SCL #err weighted degeneracy : 3152 3158 3136 3164 3166 3137 
degeneracy helps : 367 349 393 396 403 434 
degeneracy worse : 368 356 378 409 418 420 
SCL #err deg : 3224 / 4300
SCL #err weighted degeneracy : 3224 3230 3207 3237 3240 3209 
degeneracy helps : 378 359 406 409 415 447 
degeneracy worse : 378 365 389 422 431 432 
SCL #err deg : 3304 / 4400
SCL #err weighted degeneracy : 3298 3306 3280 3315 3318 3285 
degeneracy helps : 389 369 418 419 426 460 
degeneracy worse : 383 371 394 430 440 441 
SCL #err deg : 3379 / 4500
SCL #err weighted degeneracy : 3376 3383 3361 3394 3399 3364 
degeneracy helps : 397 377 425 428 434 468 
degeneracy worse : 394 381 407 443 454 453 
SCL #err deg : 3449 / 4600
SCL #err weighted degeneracy : 3452 3461 3436 3471 3475 3440 
degeneracy helps : 402 382 430 433 440 475 
degeneracy worse : 405 394 417 455 466 466 
SCL #err deg : 3514 / 4700
SCL #err weighted degeneracy : 3522 3532 3506 3543 3548 3513 
degeneracy helps : 408 388 436 438 445 482 
degeneracy worse : 416 406 428 467 479 481 
SCL #err deg : 3586 / 4800
SCL #err weighted degeneracy : 3595 3603 3577 3613 3621 3586 
degeneracy helps : 417 397 446 452 456 494 
degeneracy worse : 426 414 437 479 491 494 
SCL #err deg : 3667 / 4900
SCL #err weighted degeneracy : 3676 3681 3658 3694 3704 3669 
degeneracy helps : 427 407 456 463 466 505 
degeneracy worse : 436 422 447 490 503 507 
SCL #err deg : 3737 / 5000
SCL #err weighted degeneracy : 3752 3756 3736 3772 3782 3747 
degeneracy helps : 433 413 461 469 472 511 
degeneracy worse : 448 433 460 504 517 521 
SCL #err deg : 3814 / 5100
SCL #err weighted degeneracy : 3829 3834 3814 3847 3856 3821 
degeneracy helps : 444 423 471 481 485 525 
degeneracy worse : 459 444 471 514 527 532 
SCL #err deg : 3885 / 5200
SCL #err weighted degeneracy : 3901 3906 3885 3919 3928 3893 
degeneracy helps : 451 430 480 488 493 534 
degeneracy worse : 467 452 480 522 536 542 
SCL #err deg : 3961 / 5300
SCL #err weighted degeneracy : 3978 3983 3964 3996 4004 3971 
degeneracy helps : 459 438 487 497 503 543 
degeneracy worse : 476 461 490 532 546 553 
SCL #err deg : 4031 / 5400
SCL #err weighted degeneracy : 4043 4049 4029 4062 4072 4041 
degeneracy helps : 469 449 498 509 514 554 
degeneracy worse : 481 468 496 540 555 564 
SCL #err deg : 4100 / 5500
SCL #err weighted degeneracy : 4106 4112 4092 4127 4138 4112 
degeneracy helps : 482 461 510 520 526 566 
degeneracy worse : 488 474 502 547 564 578 
SCL #err deg : 4172 / 5600
SCL #err weighted degeneracy : 4176 4181 4161 4198 4211 4187 
degeneracy helps : 495 474 524 532 537 576 
degeneracy worse : 499 484 513 558 576 591 
SCL #err deg : 4245 / 5700
SCL #err weighted degeneracy : 4252 4255 4237 4272 4288 4263 
degeneracy helps : 502 482 531 541 544 584 
degeneracy worse : 509 493 523 568 587 602 
SCL #err deg : 4323 / 5800
SCL #err weighted degeneracy : 4330 4333 4316 4352 4369 4344 
degeneracy helps : 510 489 538 548 550 590 
degeneracy worse : 517 500 531 577 596 611 
SCL #err deg : 4404 / 5900
SCL #err weighted degeneracy : 4408 4409 4394 4427 4442 4422 
degeneracy helps : 519 499 547 559 564 600 
degeneracy worse : 523 505 537 582 602 618 
SCL #err deg : 4480 / 6000
SCL #err weighted degeneracy : 4484 4486 4472 4502 4520 4499 
degeneracy helps : 530 509 558 571 575 611 
degeneracy worse : 534 516 550 593 615 630 
SCL #err deg : 4564 / 6100
SCL #err weighted degeneracy : 4563 4563 4553 4579 4600 4577 
degeneracy helps : 541 521 569 587 589 627 
degeneracy worse : 540 521 558 602 625 640 
SCL #err deg : 4640 / 6200
SCL #err weighted degeneracy : 4639 4637 4630 4657 4679 4655 
degeneracy helps : 549 530 577 595 597 636 
degeneracy worse : 548 528 567 612 636 651 
SCL #err deg : 4717 / 6300
SCL #err weighted degeneracy : 4712 4712 4702 4731 4753 4730 
degeneracy helps : 563 542 593 609 611 649 
degeneracy worse : 558 538 578 623 647 662 
SCL #err deg : 4792 / 6400
SCL #err weighted degeneracy : 4783 4781 4774 4801 4825 4802 
degeneracy helps : 577 556 607 626 628 666 
degeneracy worse : 568 546 589 635 661 676 
SCL #err deg : 4865 / 6500
SCL #err weighted degeneracy : 4854 4853 4844 4869 4892 4871 
degeneracy helps : 590 567 619 641 644 681 
degeneracy worse : 579 556 598 645 671 687 
SCL #err deg : 4938 / 6600
SCL #err weighted degeneracy : 4921 4923 4911 4939 4963 4938 
degeneracy helps : 602 577 631 652 655 696 
degeneracy worse : 585 563 604 653 680 696 
SCL #err deg : 4999 / 6700
SCL #err weighted degeneracy : 4989 4990 4981 5010 5032 5005 
degeneracy helps : 606 581 634 656 659 702 
degeneracy worse : 596 573 616 667 692 708 
SCL #err deg : 5075 / 6800
SCL #err weighted degeneracy : 5067 5067 5061 5089 5110 5083 
degeneracy helps : 614 589 641 667 670 714 
degeneracy worse : 606 582 627 681 705 722 
SCL #err deg : 5149 / 6900
SCL #err weighted degeneracy : 5141 5142 5133 5161 5181 5151 
degeneracy helps : 620 595 649 675 679 725 
degeneracy worse : 612 589 633 687 711 727 
SCL #err deg : 5213 / 7000
SCL #err weighted degeneracy : 5209 5212 5202 5232 5252 5221 
degeneracy helps : 630 603 659 685 689 737 
degeneracy worse : 626 603 648 704 728 745 
SCL #err deg : 5287 / 7100
SCL #err weighted degeneracy : 5280 5283 5272 5305 5327 5293 
degeneracy helps : 641 613 671 696 700 749 
degeneracy worse : 634 610 656 714 740 755 
SCL #err deg : 5362 / 7200
SCL #err weighted degeneracy : 5355 5359 5347 5382 5401 5370 
degeneracy helps : 648 618 678 703 710 757 
degeneracy worse : 641 616 663 723 749 765 
SCL #err deg : 5440 / 7300
SCL #err weighted degeneracy : 5433 5434 5425 5461 5482 5448 
degeneracy helps : 657 628 687 712 718 766 
degeneracy worse : 650 623 672 733 760 774 
SCL #err deg : 5526 / 7400
SCL #err weighted degeneracy : 5519 5519 5510 5545 5565 5530 
degeneracy helps : 660 632 690 716 723 771 
degeneracy worse : 653 626 674 735 762 775 
SCL #err deg : 5599 / 7500
SCL #err weighted degeneracy : 5593 5594 5585 5621 5641 5603 
degeneracy helps : 673 644 704 730 736 784 
degeneracy worse : 667 640 690 752 778 788 
SCL #err deg : 5681 / 7600
SCL #err weighted degeneracy : 5670 5671 5664 5702 5719 5681 
degeneracy helps : 685 656 714 739 747 796 
degeneracy worse : 674 647 697 760 785 796 
SCL #err deg : 5753 / 7700
SCL #err weighted degeneracy : 5748 5747 5742 5780 5799 5760 
degeneracy helps : 690 661 719 745 753 803 
degeneracy worse : 685 656 708 772 799 810 
SCL #err deg : 5827 / 7800
SCL #err weighted degeneracy : 5823 5822 5819 5858 5878 5840 
degeneracy helps : 703 674 731 758 765 815 
degeneracy worse : 699 670 723 789 816 828 
SCL #err deg : 5905 / 7900
SCL #err weighted degeneracy : 5901 5899 5897 5934 5953 5915 
degeneracy helps : 710 681 739 768 776 825 
degeneracy worse : 706 676 731 797 824 835 
SCL #err deg : 5982 / 8000
SCL #err weighted degeneracy : 5976 5974 5970 6005 6026 5988 
degeneracy helps : 716 686 747 779 786 835 
degeneracy worse : 710 679 735 802 830 841 
SCL #err deg : 6059 / 8100
SCL #err weighted degeneracy : 6057 6052 6051 6090 6113 6072 
degeneracy helps : 721 693 752 782 789 842 
degeneracy worse : 719 687 744 813 843 855 
SCL #err deg : 6135 / 8200
SCL #err weighted degeneracy : 6133 6129 6131 6166 6186 6142 
degeneracy helps : 729 700 760 793 802 858 
degeneracy worse : 727 695 756 824 853 865 
SCL #err deg : 6205 / 8300
SCL #err weighted degeneracy : 6204 6200 6203 6233 6254 6210 
degeneracy helps : 737 707 768 806 814 870 
degeneracy worse : 736 703 766 834 863 875 
SCL #err deg : 6270 / 8400
SCL #err weighted degeneracy : 6283 6277 6280 6303 6324 6278 
degeneracy helps : 742 711 775 816 824 881 
degeneracy worse : 755 719 785 849 878 889 
SCL #err deg : 6346 / 8500
SCL #err weighted degeneracy : 6352 6349 6349 6371 6393 6346 
degeneracy helps : 752 720 786 828 836 895 
degeneracy worse : 758 724 789 853 883 895 
SCL #err deg : 6425 / 8600
SCL #err weighted degeneracy : 6431 6426 6429 6451 6474 6427 
degeneracy helps : 762 731 795 837 845 905 
degeneracy worse : 768 733 799 863 894 907 
SCL #err deg : 6498 / 8700
SCL #err weighted degeneracy : 6501 6494 6501 6521 6540 6494 
degeneracy helps : 773 743 805 850 860 920 
degeneracy worse : 776 740 808 873 902 916 
SCL #err deg : 6566 / 8800
SCL #err weighted degeneracy : 6578 6571 6579 6598 6619 6571 
degeneracy helps : 778 749 810 856 866 927 
degeneracy worse : 790 755 823 888 919 932 
SCL #err deg : 6644 / 8900
SCL #err weighted degeneracy : 6659 6650 6656 6675 6694 6647 
degeneracy helps : 785 758 821 866 877 938 
degeneracy worse : 800 765 833 897 927 941 
SCL #err deg : 6717 / 9000
SCL #err weighted degeneracy : 6734 6726 6729 6745 6763 6715 
degeneracy helps : 794 767 831 879 892 953 
degeneracy worse : 811 777 843 907 938 951 
SCL #err deg : 6790 / 9100
SCL #err weighted degeneracy : 6803 6794 6797 6812 6831 6781 
degeneracy helps : 807 780 845 893 906 967 
degeneracy worse : 820 785 852 915 947 958 
SCL #err deg : 6862 / 9200
SCL #err weighted degeneracy : 6875 6865 6867 6882 6902 6854 
degeneracy helps : 817 790 856 904 916 975 
degeneracy worse : 830 794 861 924 956 967 
SCL #err deg : 6945 / 9300
SCL #err weighted degeneracy : 6951 6940 6942 6959 6978 6933 
degeneracy helps : 828 802 868 915 927 986 
degeneracy worse : 834 798 865 929 960 974 
SCL #err deg : 7019 / 9400
SCL #err weighted degeneracy : 7026 7014 7019 7034 7054 7007 
degeneracy helps : 836 810 875 924 935 996 
degeneracy worse : 843 806 875 939 970 984 
SCL #err deg : 7093 / 9500
SCL #err weighted degeneracy : 7095 7083 7087 7104 7124 7078 
degeneracy helps : 848 822 887 936 948 1008 
degeneracy worse : 850 813 881 947 979 993 
SCL #err deg : 7164 / 9600
SCL #err weighted degeneracy : 7169 7156 7162 7180 7196 7148 
degeneracy helps : 857 831 894 942 957 1020 
degeneracy worse : 862 824 892 958 989 1004 
SCL #err deg : 7240 / 9700
SCL #err weighted degeneracy : 7241 7227 7236 7253 7272 7225 
degeneracy helps : 866 840 902 952 965 1028 
degeneracy worse : 867 828 898 965 997 1013 
SCL #err deg : 7317 / 9800
SCL #err weighted degeneracy : 7311 7296 7308 7325 7344 7296 
degeneracy helps : 881 855 916 966 979 1043 
degeneracy worse : 875 835 907 974 1006 1022 
SCL #err deg : 7390 / 9900
SCL #err weighted degeneracy : 7382 7365 7380 7398 7417 7369 
degeneracy helps : 890 865 924 974 987 1052 
degeneracy worse : 882 841 914 982 1014 1031 
SCL #err deg : 7463 / 10000
SCL #err weighted degeneracy : 7452 7434 7451 7467 7486 7438 
degeneracy helps : 903 879 937 988 1001 1066 
degeneracy worse : 892 851 925 992 1024 1041 
average #flips: 92.2061
SCL #err considering degeneracy: 7463
error due to equal 0
error due to SCL smaller 7463
Finish in 4856 s
