Simulation Polar syndrome FASTER N=512, K=257, l=128, pz=0.19, #samples=10000, seed=45
PW construction
Event generator random seed: 45
SCL #err deg : 74 / 100
SCL #err weighted degeneracy : 82 82 81 79 79 81 
degeneracy helps : 3 3 4 6 6 6 
degeneracy worse : 11 11 11 11 11 13 
SCL #err deg : 152 / 200
SCL #err weighted degeneracy : 157 158 156 156 157 158 
degeneracy helps : 13 12 14 18 17 17 
degeneracy worse : 18 18 18 22 22 23 
SCL #err deg : 234 / 300
SCL #err weighted degeneracy : 237 240 237 237 237 240 
degeneracy helps : 21 17 21 25 26 25 
degeneracy worse : 24 23 24 28 29 31 
SCL #err deg : 297 / 400
SCL #err weighted degeneracy : 311 313 311 312 309 313 
degeneracy helps : 23 20 24 29 32 32 
degeneracy worse : 37 36 38 44 44 48 
SCL #err deg : 371 / 500
SCL #err weighted degeneracy : 388 388 389 390 388 390 
degeneracy helps : 34 31 35 41 44 45 
degeneracy worse : 51 48 53 60 61 64 
SCL #err deg : 438 / 600
SCL #err weighted degeneracy : 461 462 462 463 460 463 
degeneracy helps : 40 37 41 46 49 50 
degeneracy worse : 63 61 65 71 71 75 
SCL #err deg : 512 / 700
SCL #err weighted degeneracy : 535 533 536 540 537 538 
degeneracy helps : 45 43 46 51 54 58 
degeneracy worse : 68 64 70 79 79 84 
SCL #err deg : 587 / 800
SCL #err weighted degeneracy : 613 613 614 619 615 615 
degeneracy helps : 51 48 53 58 62 66 
degeneracy worse : 77 74 80 90 90 94 
SCL #err deg : 661 / 900
SCL #err weighted degeneracy : 687 690 689 693 689 692 
degeneracy helps : 57 52 59 65 69 72 
degeneracy worse : 83 81 87 97 97 103 
SCL #err deg : 735 / 1000
SCL #err weighted degeneracy : 763 767 765 770 767 772 
degeneracy helps : 68 61 70 76 79 80 
degeneracy worse : 96 93 100 111 111 117 
SCL #err deg : 805 / 1100
SCL #err weighted degeneracy : 834 838 836 840 837 844 
degeneracy helps : 74 66 77 84 89 90 
degeneracy worse : 103 99 108 119 121 129 
SCL #err deg : 874 / 1200
SCL #err weighted degeneracy : 905 909 905 911 908 916 
degeneracy helps : 80 72 85 92 97 97 
degeneracy worse : 111 107 116 129 131 139 
SCL #err deg : 948 / 1300
SCL #err weighted degeneracy : 980 985 980 985 979 986 
degeneracy helps : 87 78 93 101 108 108 
degeneracy worse : 119 115 125 138 139 146 
SCL #err deg : 1015 / 1400
SCL #err weighted degeneracy : 1056 1062 1056 1060 1054 1061 
degeneracy helps : 92 83 98 108 114 114 
degeneracy worse : 133 130 139 153 153 160 
SCL #err deg : 1086 / 1500
SCL #err weighted degeneracy : 1133 1139 1134 1137 1130 1137 
degeneracy helps : 96 87 102 114 122 121 
degeneracy worse : 143 140 150 165 166 172 
SCL #err deg : 1168 / 1600
SCL #err weighted degeneracy : 1219 1226 1221 1223 1216 1224 
degeneracy helps : 101 90 106 119 127 125 
degeneracy worse : 152 148 159 174 175 181 
SCL #err deg : 1241 / 1700
SCL #err weighted degeneracy : 1287 1295 1289 1289 1284 1289 
degeneracy helps : 112 100 117 132 140 139 
degeneracy worse : 158 154 165 180 183 187 
SCL #err deg : 1317 / 1800
SCL #err weighted degeneracy : 1356 1362 1361 1362 1357 1363 
degeneracy helps : 125 113 128 142 150 150 
degeneracy worse : 164 158 172 187 190 196 
SCL #err deg : 1401 / 1900
SCL #err weighted degeneracy : 1433 1440 1439 1441 1433 1440 
degeneracy helps : 136 122 138 153 164 164 
degeneracy worse : 168 161 176 193 196 203 
SCL #err deg : 1477 / 2000
SCL #err weighted degeneracy : 1505 1512 1510 1513 1504 1509 
degeneracy helps : 145 130 148 163 175 177 
degeneracy worse : 173 165 181 199 202 209 
SCL #err deg : 1556 / 2100
SCL #err weighted degeneracy : 1582 1587 1587 1591 1584 1589 
degeneracy helps : 156 142 159 173 184 186 
degeneracy worse : 182 173 190 208 212 219 
SCL #err deg : 1631 / 2200
SCL #err weighted degeneracy : 1661 1666 1666 1668 1662 1667 
degeneracy helps : 159 145 163 180 191 195 
degeneracy worse : 189 180 198 217 222 231 
SCL #err deg : 1708 / 2300
SCL #err weighted degeneracy : 1738 1740 1744 1744 1741 1746 
degeneracy helps : 164 152 168 187 196 200 
degeneracy worse : 194 184 204 223 229 238 
SCL #err deg : 1783 / 2400
SCL #err weighted degeneracy : 1812 1815 1819 1818 1819 1822 
degeneracy helps : 174 162 177 197 206 213 
degeneracy worse : 203 194 213 232 242 252 
SCL #err deg : 1864 / 2500
SCL #err weighted degeneracy : 1894 1897 1902 1902 1903 1906 
degeneracy helps : 180 168 183 202 212 218 
degeneracy worse : 210 201 221 240 251 260 
SCL #err deg : 1938 / 2600
SCL #err weighted degeneracy : 1968 1967 1976 1978 1980 1983 
degeneracy helps : 186 176 189 208 219 225 
degeneracy worse : 216 205 227 248 261 270 
SCL #err deg : 2011 / 2700
SCL #err weighted degeneracy : 2039 2038 2047 2051 2054 2055 
degeneracy helps : 196 187 200 217 228 236 
degeneracy worse : 224 214 236 257 271 280 
SCL #err deg : 2086 / 2800
SCL #err weighted degeneracy : 2112 2111 2120 2120 2122 2124 
degeneracy helps : 203 194 207 226 238 246 
degeneracy worse : 229 219 241 260 274 284 
SCL #err deg : 2157 / 2900
SCL #err weighted degeneracy : 2185 2183 2194 2194 2195 2198 
degeneracy helps : 209 199 213 233 246 253 
degeneracy worse : 237 225 250 270 284 294 
SCL #err deg : 2231 / 3000
SCL #err weighted degeneracy : 2256 2256 2266 2269 2269 2273 
degeneracy helps : 216 206 220 239 255 262 
degeneracy worse : 241 231 255 277 293 304 
SCL #err deg : 2303 / 3100
SCL #err weighted degeneracy : 2336 2337 2347 2350 2346 2348 
degeneracy helps : 221 210 225 245 264 272 
degeneracy worse : 254 244 269 292 307 317 
SCL #err deg : 2375 / 3200
SCL #err weighted degeneracy : 2410 2411 2420 2420 2415 2417 
degeneracy helps : 229 218 234 255 275 283 
degeneracy worse : 264 254 279 300 315 325 
SCL #err deg : 2446 / 3300
SCL #err weighted degeneracy : 2488 2487 2497 2495 2491 2494 
degeneracy helps : 233 222 239 262 281 288 
degeneracy worse : 275 263 290 311 326 336 
SCL #err deg : 2524 / 3400
SCL #err weighted degeneracy : 2568 2566 2577 2574 2568 2575 
degeneracy helps : 240 229 247 272 293 297 
degeneracy worse : 284 271 300 322 337 348 
SCL #err deg : 2606 / 3500
SCL #err weighted degeneracy : 2647 2644 2654 2650 2645 2652 
degeneracy helps : 246 236 254 281 301 305 
degeneracy worse : 287 274 302 325 340 351 
SCL #err deg : 2688 / 3600
SCL #err weighted degeneracy : 2730 2727 2736 2733 2727 2734 
degeneracy helps : 254 244 263 290 310 314 
degeneracy worse : 296 283 311 335 349 360 
SCL #err deg : 2762 / 3700
SCL #err weighted degeneracy : 2802 2802 2808 2804 2799 2806 
degeneracy helps : 261 251 270 298 319 324 
degeneracy worse : 301 291 316 340 356 368 
SCL #err deg : 2839 / 3800
SCL #err weighted degeneracy : 2880 2881 2887 2883 2878 2887 
degeneracy helps : 270 260 279 308 328 332 
degeneracy worse : 311 302 327 352 367 380 
SCL #err deg : 2919 / 3900
SCL #err weighted degeneracy : 2958 2959 2965 2962 2957 2967 
degeneracy helps : 278 268 286 315 336 339 
degeneracy worse : 317 308 332 358 374 387 
SCL #err deg : 2995 / 4000
SCL #err weighted degeneracy : 3043 3041 3050 3040 3033 3044 
degeneracy helps : 282 273 290 324 346 350 
degeneracy worse : 330 319 345 369 384 399 
SCL #err deg : 3072 / 4100
SCL #err weighted degeneracy : 3114 3111 3122 3112 3107 3118 
degeneracy helps : 293 283 301 338 359 364 
degeneracy worse : 335 322 351 378 394 410 
SCL #err deg : 3140 / 4200
SCL #err weighted degeneracy : 3185 3179 3193 3184 3177 3189 
degeneracy helps : 300 292 309 346 369 372 
degeneracy worse : 345 331 362 390 406 421 
SCL #err deg : 3214 / 4300
SCL #err weighted degeneracy : 3259 3250 3268 3261 3253 3264 
degeneracy helps : 307 300 316 353 377 381 
degeneracy worse : 352 336 370 400 416 431 
SCL #err deg : 3283 / 4400
SCL #err weighted degeneracy : 3333 3325 3341 3332 3324 3335 
degeneracy helps : 311 304 322 360 384 388 
degeneracy worse : 361 346 380 409 425 440 
SCL #err deg : 3360 / 4500
SCL #err weighted degeneracy : 3408 3401 3416 3411 3404 3413 
degeneracy helps : 319 311 330 366 390 396 
degeneracy worse : 367 352 386 417 434 449 
SCL #err deg : 3443 / 4600
SCL #err weighted degeneracy : 3489 3483 3493 3491 3480 3489 
degeneracy helps : 326 317 341 377 403 409 
degeneracy worse : 372 357 391 425 440 455 
SCL #err deg : 3527 / 4700
SCL #err weighted degeneracy : 3566 3561 3569 3565 3553 3565 
degeneracy helps : 339 329 354 392 419 423 
degeneracy worse : 378 363 396 430 445 461 
SCL #err deg : 3597 / 4800
SCL #err weighted degeneracy : 3640 3636 3644 3636 3623 3635 
degeneracy helps : 345 334 360 402 431 435 
degeneracy worse : 388 373 407 441 457 473 
SCL #err deg : 3672 / 4900
SCL #err weighted degeneracy : 3709 3705 3714 3708 3694 3705 
degeneracy helps : 359 350 374 415 444 448 
degeneracy worse : 396 383 416 451 466 481 
SCL #err deg : 3749 / 5000
SCL #err weighted degeneracy : 3783 3778 3789 3784 3770 3779 
degeneracy helps : 368 359 383 423 452 458 
degeneracy worse : 402 388 423 458 473 488 
SCL #err deg : 3815 / 5100
SCL #err weighted degeneracy : 3852 3848 3856 3855 3842 3852 
degeneracy helps : 376 365 392 430 459 465 
degeneracy worse : 413 398 433 470 486 502 
SCL #err deg : 3886 / 5200
SCL #err weighted degeneracy : 3926 3921 3930 3929 3917 3927 
degeneracy helps : 386 373 401 439 468 474 
degeneracy worse : 426 408 445 482 499 515 
SCL #err deg : 3963 / 5300
SCL #err weighted degeneracy : 3998 3994 4003 3999 3989 3999 
degeneracy helps : 398 383 412 454 482 488 
degeneracy worse : 433 414 452 490 508 524 
SCL #err deg : 4040 / 5400
SCL #err weighted degeneracy : 4077 4072 4081 4080 4070 4079 
degeneracy helps : 404 390 418 459 487 494 
degeneracy worse : 441 422 459 499 517 533 
SCL #err deg : 4117 / 5500
SCL #err weighted degeneracy : 4152 4149 4158 4155 4145 4154 
degeneracy helps : 411 395 425 467 494 501 
degeneracy worse : 446 427 466 505 522 538 
SCL #err deg : 4192 / 5600
SCL #err weighted degeneracy : 4223 4221 4230 4228 4216 4226 
degeneracy helps : 419 403 433 475 504 510 
degeneracy worse : 450 432 471 511 528 544 
SCL #err deg : 4264 / 5700
SCL #err weighted degeneracy : 4300 4296 4305 4303 4291 4301 
degeneracy helps : 423 409 439 481 510 517 
degeneracy worse : 459 441 480 520 537 554 
SCL #err deg : 4337 / 5800
SCL #err weighted degeneracy : 4370 4369 4377 4375 4364 4372 
degeneracy helps : 433 415 449 492 520 527 
degeneracy worse : 466 447 489 530 547 562 
SCL #err deg : 4416 / 5900
SCL #err weighted degeneracy : 4446 4446 4454 4451 4442 4451 
degeneracy helps : 442 423 458 503 532 538 
degeneracy worse : 472 453 496 538 558 573 
SCL #err deg : 4488 / 6000
SCL #err weighted degeneracy : 4520 4521 4529 4525 4516 4526 
degeneracy helps : 450 430 466 512 542 547 
degeneracy worse : 482 463 507 549 570 585 
SCL #err deg : 4559 / 6100
SCL #err weighted degeneracy : 4593 4594 4602 4600 4589 4602 
degeneracy helps : 456 435 472 517 548 553 
degeneracy worse : 490 470 515 558 578 596 
SCL #err deg : 4630 / 6200
SCL #err weighted degeneracy : 4665 4664 4674 4675 4663 4675 
degeneracy helps : 464 443 480 524 556 560 
degeneracy worse : 499 477 524 569 589 605 
SCL #err deg : 4703 / 6300
SCL #err weighted degeneracy : 4738 4734 4747 4746 4736 4749 
degeneracy helps : 471 451 488 535 567 571 
degeneracy worse : 506 482 532 578 600 617 
SCL #err deg : 4781 / 6400
SCL #err weighted degeneracy : 4814 4810 4823 4822 4812 4826 
degeneracy helps : 477 458 494 542 574 579 
degeneracy worse : 510 487 536 583 605 624 
SCL #err deg : 4857 / 6500
SCL #err weighted degeneracy : 4891 4887 4902 4902 4894 4908 
degeneracy helps : 484 464 501 550 582 587 
degeneracy worse : 518 494 546 595 619 638 
SCL #err deg : 4924 / 6600
SCL #err weighted degeneracy : 4961 4954 4972 4972 4963 4977 
degeneracy helps : 492 473 510 561 594 599 
degeneracy worse : 529 503 558 609 633 652 
SCL #err deg : 4999 / 6700
SCL #err weighted degeneracy : 5035 5029 5045 5045 5036 5052 
degeneracy helps : 501 480 520 572 605 610 
degeneracy worse : 537 510 566 618 642 663 
SCL #err deg : 5070 / 6800
SCL #err weighted degeneracy : 5104 5094 5114 5118 5110 5126 
degeneracy helps : 509 489 529 580 613 618 
degeneracy worse : 543 513 573 628 653 674 
SCL #err deg : 5148 / 6900
SCL #err weighted degeneracy : 5181 5171 5191 5194 5186 5202 
degeneracy helps : 515 494 535 587 621 626 
degeneracy worse : 548 517 578 633 659 680 
SCL #err deg : 5223 / 7000
SCL #err weighted degeneracy : 5250 5239 5261 5263 5256 5270 
degeneracy helps : 528 507 547 600 631 638 
degeneracy worse : 555 523 585 640 664 685 
SCL #err deg : 5291 / 7100
SCL #err weighted degeneracy : 5320 5309 5333 5336 5329 5343 
degeneracy helps : 537 514 555 608 639 646 
degeneracy worse : 566 532 597 653 677 698 
SCL #err deg : 5370 / 7200
SCL #err weighted degeneracy : 5393 5382 5406 5410 5402 5416 
degeneracy helps : 546 523 564 617 649 657 
degeneracy worse : 569 535 600 657 681 703 
SCL #err deg : 5440 / 7300
SCL #err weighted degeneracy : 5470 5458 5483 5489 5481 5496 
degeneracy helps : 548 525 566 619 651 659 
degeneracy worse : 578 543 609 668 692 715 
SCL #err deg : 5513 / 7400
SCL #err weighted degeneracy : 5541 5529 5553 5559 5550 5565 
degeneracy helps : 557 534 576 628 661 669 
degeneracy worse : 585 550 616 674 698 721 
SCL #err deg : 5592 / 7500
SCL #err weighted degeneracy : 5617 5605 5628 5630 5621 5638 
degeneracy helps : 569 544 589 644 677 685 
degeneracy worse : 594 557 625 682 706 731 
SCL #err deg : 5673 / 7600
SCL #err weighted degeneracy : 5695 5684 5706 5708 5700 5719 
degeneracy helps : 578 552 598 653 685 692 
degeneracy worse : 600 563 631 688 712 738 
SCL #err deg : 5750 / 7700
SCL #err weighted degeneracy : 5766 5756 5776 5777 5770 5788 
degeneracy helps : 592 565 613 668 699 707 
degeneracy worse : 608 571 639 695 719 745 
SCL #err deg : 5829 / 7800
SCL #err weighted degeneracy : 5845 5837 5855 5853 5845 5861 
degeneracy helps : 598 569 619 675 708 718 
degeneracy worse : 614 577 645 699 724 750 
SCL #err deg : 5914 / 7900
SCL #err weighted degeneracy : 5928 5920 5938 5935 5928 5946 
degeneracy helps : 604 574 625 682 714 723 
degeneracy worse : 618 580 649 703 728 755 
SCL #err deg : 5997 / 8000
SCL #err weighted degeneracy : 6007 5998 6016 6012 6006 6025 
degeneracy helps : 613 583 635 694 725 733 
degeneracy worse : 623 584 654 709 734 761 
SCL #err deg : 6065 / 8100
SCL #err weighted degeneracy : 6079 6068 6089 6085 6079 6098 
degeneracy helps : 619 590 641 699 730 738 
degeneracy worse : 633 593 665 719 744 771 
SCL #err deg : 6141 / 8200
SCL #err weighted degeneracy : 6163 6152 6169 6165 6157 6178 
degeneracy helps : 624 595 648 705 737 744 
degeneracy worse : 646 606 676 729 753 781 
SCL #err deg : 6208 / 8300
SCL #err weighted degeneracy : 6237 6224 6243 6235 6228 6249 
degeneracy helps : 626 598 650 712 744 752 
degeneracy worse : 655 614 685 739 764 793 
SCL #err deg : 6274 / 8400
SCL #err weighted degeneracy : 6311 6299 6317 6310 6303 6323 
degeneracy helps : 629 599 653 718 750 759 
degeneracy worse : 666 624 696 754 779 808 
SCL #err deg : 6355 / 8500
SCL #err weighted degeneracy : 6386 6378 6391 6384 6376 6397 
degeneracy helps : 637 604 662 728 761 769 
degeneracy worse : 668 627 698 757 782 811 
SCL #err deg : 6428 / 8600
SCL #err weighted degeneracy : 6461 6453 6466 6459 6452 6472 
degeneracy helps : 645 612 670 737 769 777 
degeneracy worse : 678 637 708 768 793 821 
SCL #err deg : 6503 / 8700
SCL #err weighted degeneracy : 6538 6530 6543 6538 6532 6551 
degeneracy helps : 650 618 675 742 775 784 
degeneracy worse : 685 645 715 777 804 832 
SCL #err deg : 6574 / 8800
SCL #err weighted degeneracy : 6613 6604 6616 6611 6606 6625 
degeneracy helps : 654 622 682 748 781 791 
degeneracy worse : 693 652 724 785 813 842 
SCL #err deg : 6653 / 8900
SCL #err weighted degeneracy : 6688 6679 6691 6685 6682 6701 
degeneracy helps : 661 629 689 755 789 799 
degeneracy worse : 696 655 727 787 818 847 
SCL #err deg : 6734 / 9000
SCL #err weighted degeneracy : 6767 6757 6770 6764 6762 6777 
degeneracy helps : 669 637 697 763 796 810 
degeneracy worse : 702 660 733 793 824 853 
SCL #err deg : 6810 / 9100
SCL #err weighted degeneracy : 6844 6834 6847 6839 6836 6850 
degeneracy helps : 674 642 703 771 806 821 
degeneracy worse : 708 666 740 800 832 861 
SCL #err deg : 6883 / 9200
SCL #err weighted degeneracy : 6919 6911 6920 6911 6909 6924 
degeneracy helps : 681 647 712 781 816 831 
degeneracy worse : 717 675 749 809 842 872 
SCL #err deg : 6965 / 9300
SCL #err weighted degeneracy : 6998 6990 7000 6991 6991 7003 
degeneracy helps : 692 657 723 794 827 843 
degeneracy worse : 725 682 758 820 853 881 
SCL #err deg : 7046 / 9400
SCL #err weighted degeneracy : 7076 7068 7076 7068 7067 7078 
degeneracy helps : 700 665 733 803 838 855 
degeneracy worse : 730 687 763 825 859 887 
SCL #err deg : 7118 / 9500
SCL #err weighted degeneracy : 7134 7128 7136 7132 7131 7141 
degeneracy helps : 719 681 750 818 853 871 
degeneracy worse : 735 691 768 832 866 894 
SCL #err deg : 7188 / 9600
SCL #err weighted degeneracy : 7206 7201 7207 7201 7201 7210 
degeneracy helps : 729 690 760 829 864 882 
degeneracy worse : 747 703 779 842 877 904 
SCL #err deg : 7261 / 9700
SCL #err weighted degeneracy : 7275 7271 7275 7272 7271 7283 
degeneracy helps : 740 701 772 839 875 893 
degeneracy worse : 754 711 786 850 885 915 
SCL #err deg : 7343 / 9800
SCL #err weighted degeneracy : 7357 7352 7354 7353 7354 7365 
degeneracy helps : 746 708 781 848 883 902 
degeneracy worse : 760 717 792 858 894 924 
SCL #err deg : 7421 / 9900
SCL #err weighted degeneracy : 7428 7426 7425 7426 7426 7439 
degeneracy helps : 758 718 793 859 894 912 
degeneracy worse : 765 723 797 864 899 930 
SCL #err deg : 7488 / 10000
SCL #err weighted degeneracy : 7503 7500 7501 7500 7500 7512 
degeneracy helps : 763 722 797 865 900 918 
degeneracy worse : 778 734 810 877 912 942 
average #flips: 97.3528
SCL #err considering degeneracy: 7488
error due to equal 0
error due to SCL smaller 7488
Finish in 5075 s
