Simulation Polar syndrome FASTER N=512, K=257, l=128, pz=0.09, #samples=10000, seed=45
PW construction
Event generator random seed: 45
SCL #err deg : 9 / 100
SCL #err weighted degeneracy : 7 7 8 9 9 9 
degeneracy helps : 3 3 3 3 3 3 
degeneracy worse : 1 1 2 3 3 3 
SCL #err deg : 19 / 200
SCL #err weighted degeneracy : 15 15 16 17 17 17 
degeneracy helps : 7 7 7 8 8 8 
degeneracy worse : 3 3 4 6 6 6 
SCL #err deg : 29 / 300
SCL #err weighted degeneracy : 25 25 26 27 26 26 
degeneracy helps : 9 9 9 10 11 11 
degeneracy worse : 5 5 6 8 8 8 
SCL #err deg : 43 / 400
SCL #err weighted degeneracy : 33 33 35 37 37 37 
degeneracy helps : 16 16 15 15 16 16 
degeneracy worse : 6 6 7 9 10 10 
SCL #err deg : 58 / 500
SCL #err weighted degeneracy : 44 44 47 49 49 49 
degeneracy helps : 21 21 20 21 22 22 
degeneracy worse : 7 7 9 12 13 13 
SCL #err deg : 65 / 600
SCL #err weighted degeneracy : 53 53 56 58 59 59 
degeneracy helps : 23 23 22 23 24 24 
degeneracy worse : 11 11 13 16 18 18 
SCL #err deg : 80 / 700
SCL #err weighted degeneracy : 61 61 65 67 69 72 
degeneracy helps : 31 31 31 32 33 31 
degeneracy worse : 12 12 16 19 22 23 
SCL #err deg : 89 / 800
SCL #err weighted degeneracy : 71 71 74 76 79 81 
degeneracy helps : 32 32 33 34 35 33 
degeneracy worse : 14 14 18 21 25 25 
SCL #err deg : 101 / 900
SCL #err weighted degeneracy : 80 80 83 87 91 91 
degeneracy helps : 38 38 39 40 41 41 
degeneracy worse : 17 17 21 26 31 31 
SCL #err deg : 115 / 1000
SCL #err weighted degeneracy : 92 92 94 98 103 104 
degeneracy helps : 43 43 44 46 47 47 
degeneracy worse : 20 20 23 29 35 36 
SCL #err deg : 125 / 1100
SCL #err weighted degeneracy : 98 98 100 106 112 115 
degeneracy helps : 48 48 49 50 51 51 
degeneracy worse : 21 21 24 31 38 41 
SCL #err deg : 135 / 1200
SCL #err weighted degeneracy : 109 109 112 118 125 128 
degeneracy helps : 54 54 55 56 57 57 
degeneracy worse : 28 28 32 39 47 50 
SCL #err deg : 144 / 1300
SCL #err weighted degeneracy : 116 116 119 126 134 138 
degeneracy helps : 57 57 58 60 61 61 
degeneracy worse : 29 29 33 42 51 55 
SCL #err deg : 156 / 1400
SCL #err weighted degeneracy : 128 128 130 137 144 148 
degeneracy helps : 60 60 61 63 65 65 
degeneracy worse : 32 32 35 44 53 57 
SCL #err deg : 173 / 1500
SCL #err weighted degeneracy : 143 143 144 152 159 163 
degeneracy helps : 67 67 69 72 74 73 
degeneracy worse : 37 37 40 51 60 63 
SCL #err deg : 184 / 1600
SCL #err weighted degeneracy : 153 153 155 161 168 172 
degeneracy helps : 70 70 72 77 79 78 
degeneracy worse : 39 39 43 54 63 66 
SCL #err deg : 193 / 1700
SCL #err weighted degeneracy : 164 164 168 172 179 184 
degeneracy helps : 70 70 72 78 80 79 
degeneracy worse : 41 41 47 57 66 70 
SCL #err deg : 203 / 1800
SCL #err weighted degeneracy : 177 177 180 185 193 198 
degeneracy helps : 72 72 75 81 84 83 
degeneracy worse : 46 46 52 63 74 78 
SCL #err deg : 215 / 1900
SCL #err weighted degeneracy : 188 188 191 196 204 209 
degeneracy helps : 75 75 78 85 88 88 
degeneracy worse : 48 48 54 66 77 82 
SCL #err deg : 225 / 2000
SCL #err weighted degeneracy : 192 192 195 201 210 216 
degeneracy helps : 81 81 84 91 93 93 
degeneracy worse : 48 48 54 67 78 84 
SCL #err deg : 238 / 2100
SCL #err weighted degeneracy : 206 206 209 217 226 233 
degeneracy helps : 85 85 89 96 98 98 
degeneracy worse : 53 53 60 75 86 93 
SCL #err deg : 247 / 2200
SCL #err weighted degeneracy : 212 212 215 223 232 238 
degeneracy helps : 90 90 94 101 103 103 
degeneracy worse : 55 55 62 77 88 94 
SCL #err deg : 257 / 2300
SCL #err weighted degeneracy : 221 221 224 232 241 247 
degeneracy helps : 92 92 96 103 105 105 
degeneracy worse : 56 56 63 78 89 95 
SCL #err deg : 267 / 2400
SCL #err weighted degeneracy : 228 228 235 243 253 259 
degeneracy helps : 97 97 100 107 109 109 
degeneracy worse : 58 58 68 83 95 101 
SCL #err deg : 276 / 2500
SCL #err weighted degeneracy : 236 236 246 255 265 271 
degeneracy helps : 101 101 103 110 112 112 
degeneracy worse : 61 61 73 89 101 107 
SCL #err deg : 282 / 2600
SCL #err weighted degeneracy : 243 243 253 263 274 280 
degeneracy helps : 103 103 105 112 114 114 
degeneracy worse : 64 64 76 93 106 112 
SCL #err deg : 292 / 2700
SCL #err weighted degeneracy : 256 256 267 277 288 293 
degeneracy helps : 106 106 107 114 116 116 
degeneracy worse : 70 70 82 99 112 117 
SCL #err deg : 301 / 2800
SCL #err weighted degeneracy : 264 264 274 285 296 301 
degeneracy helps : 108 108 110 117 119 119 
degeneracy worse : 71 71 83 101 114 119 
SCL #err deg : 312 / 2900
SCL #err weighted degeneracy : 274 274 287 298 309 314 
degeneracy helps : 110 110 110 118 120 120 
degeneracy worse : 72 72 85 104 117 122 
SCL #err deg : 326 / 3000
SCL #err weighted degeneracy : 284 284 299 311 322 327 
degeneracy helps : 115 115 116 124 126 126 
degeneracy worse : 73 73 89 109 122 127 
SCL #err deg : 338 / 3100
SCL #err weighted degeneracy : 294 294 309 320 332 337 
degeneracy helps : 120 120 121 130 132 132 
degeneracy worse : 76 76 92 112 126 131 
SCL #err deg : 348 / 3200
SCL #err weighted degeneracy : 302 302 317 327 339 344 
degeneracy helps : 124 124 125 135 137 138 
degeneracy worse : 78 78 94 114 128 134 
SCL #err deg : 364 / 3300
SCL #err weighted degeneracy : 312 312 327 338 351 356 
degeneracy helps : 132 132 133 143 145 146 
degeneracy worse : 80 80 96 117 132 138 
SCL #err deg : 370 / 3400
SCL #err weighted degeneracy : 320 320 337 348 360 365 
degeneracy helps : 133 133 134 145 147 148 
degeneracy worse : 83 83 101 123 137 143 
SCL #err deg : 381 / 3500
SCL #err weighted degeneracy : 330 330 348 359 371 374 
degeneracy helps : 134 134 135 147 149 151 
degeneracy worse : 83 83 102 125 139 144 
SCL #err deg : 400 / 3600
SCL #err weighted degeneracy : 343 343 362 374 386 391 
degeneracy helps : 141 141 142 153 155 155 
degeneracy worse : 84 84 104 127 141 146 
SCL #err deg : 409 / 3700
SCL #err weighted degeneracy : 352 352 370 383 395 399 
degeneracy helps : 144 144 145 156 159 160 
degeneracy worse : 87 87 106 130 145 150 
SCL #err deg : 426 / 3800
SCL #err weighted degeneracy : 361 361 378 393 408 414 
degeneracy helps : 155 155 157 166 167 167 
degeneracy worse : 90 90 109 133 149 155 
SCL #err deg : 430 / 3900
SCL #err weighted degeneracy : 365 365 382 398 414 420 
degeneracy helps : 156 156 158 167 168 168 
degeneracy worse : 91 91 110 135 152 158 
SCL #err deg : 437 / 4000
SCL #err weighted degeneracy : 375 375 392 409 425 431 
degeneracy helps : 157 157 159 168 169 169 
degeneracy worse : 95 95 114 140 157 163 
SCL #err deg : 448 / 4100
SCL #err weighted degeneracy : 386 386 405 422 437 444 
degeneracy helps : 162 162 164 174 175 175 
degeneracy worse : 100 100 121 148 164 171 
SCL #err deg : 457 / 4200
SCL #err weighted degeneracy : 397 397 417 433 449 457 
degeneracy helps : 165 165 167 179 179 178 
degeneracy worse : 105 105 127 155 171 178 
SCL #err deg : 471 / 4300
SCL #err weighted degeneracy : 406 406 427 447 463 470 
degeneracy helps : 170 170 171 183 183 182 
degeneracy worse : 105 105 127 159 175 181 
SCL #err deg : 484 / 4400
SCL #err weighted degeneracy : 415 415 437 457 476 484 
degeneracy helps : 175 175 176 188 187 186 
degeneracy worse : 106 106 129 161 179 186 
SCL #err deg : 495 / 4500
SCL #err weighted degeneracy : 423 423 445 467 486 497 
degeneracy helps : 181 181 183 194 193 192 
degeneracy worse : 109 109 133 166 184 194 
SCL #err deg : 515 / 4600
SCL #err weighted degeneracy : 438 438 458 480 499 510 
degeneracy helps : 190 190 194 205 204 203 
degeneracy worse : 113 113 137 170 188 198 
SCL #err deg : 527 / 4700
SCL #err weighted degeneracy : 442 442 465 491 510 522 
degeneracy helps : 197 197 200 210 209 208 
degeneracy worse : 113 113 139 174 192 203 
SCL #err deg : 537 / 4800
SCL #err weighted degeneracy : 451 451 474 503 521 533 
degeneracy helps : 201 201 204 214 214 213 
degeneracy worse : 116 116 142 180 198 209 
SCL #err deg : 550 / 4900
SCL #err weighted degeneracy : 459 459 482 511 530 542 
degeneracy helps : 207 207 211 221 221 220 
degeneracy worse : 117 117 144 182 201 212 
SCL #err deg : 560 / 5000
SCL #err weighted degeneracy : 465 465 491 520 539 551 
degeneracy helps : 212 212 216 226 226 225 
degeneracy worse : 118 118 148 186 205 216 
SCL #err deg : 574 / 5100
SCL #err weighted degeneracy : 479 479 505 535 551 564 
degeneracy helps : 215 215 219 229 230 228 
degeneracy worse : 121 121 151 190 207 218 
SCL #err deg : 588 / 5200
SCL #err weighted degeneracy : 492 492 518 545 561 573 
degeneracy helps : 216 216 220 233 234 233 
degeneracy worse : 121 121 151 190 207 218 
SCL #err deg : 598 / 5300
SCL #err weighted degeneracy : 497 497 523 555 572 583 
degeneracy helps : 222 222 226 239 239 238 
degeneracy worse : 122 122 152 196 213 223 
SCL #err deg : 612 / 5400
SCL #err weighted degeneracy : 510 510 535 569 586 596 
degeneracy helps : 227 227 231 244 244 243 
degeneracy worse : 126 126 155 201 218 227 
SCL #err deg : 622 / 5500
SCL #err weighted degeneracy : 520 520 545 581 598 608 
degeneracy helps : 229 229 233 246 246 245 
degeneracy worse : 128 128 157 205 222 231 
SCL #err deg : 635 / 5600
SCL #err weighted degeneracy : 534 534 560 597 614 625 
degeneracy helps : 232 232 235 248 248 247 
degeneracy worse : 132 132 161 210 227 237 
SCL #err deg : 640 / 5700
SCL #err weighted degeneracy : 540 540 566 603 622 634 
degeneracy helps : 234 234 237 250 249 247 
degeneracy worse : 135 135 164 213 231 241 
SCL #err deg : 653 / 5800
SCL #err weighted degeneracy : 548 548 575 612 631 643 
degeneracy helps : 241 241 244 257 257 255 
degeneracy worse : 137 137 167 216 235 245 
SCL #err deg : 662 / 5900
SCL #err weighted degeneracy : 557 557 584 620 639 650 
degeneracy helps : 243 243 246 259 259 258 
degeneracy worse : 139 139 169 217 236 246 
SCL #err deg : 671 / 6000
SCL #err weighted degeneracy : 570 570 597 632 652 663 
degeneracy helps : 245 245 248 262 262 261 
degeneracy worse : 145 145 175 223 243 253 
SCL #err deg : 684 / 6100
SCL #err weighted degeneracy : 583 583 610 645 665 676 
degeneracy helps : 248 248 252 266 266 265 
degeneracy worse : 148 148 179 227 247 257 
SCL #err deg : 692 / 6200
SCL #err weighted degeneracy : 590 590 618 655 675 685 
degeneracy helps : 253 253 256 270 270 269 
degeneracy worse : 152 152 183 233 253 262 
SCL #err deg : 705 / 6300
SCL #err weighted degeneracy : 606 606 634 670 690 702 
degeneracy helps : 256 256 261 277 277 275 
degeneracy worse : 158 158 191 242 262 272 
SCL #err deg : 717 / 6400
SCL #err weighted degeneracy : 615 615 642 681 701 713 
degeneracy helps : 262 262 267 282 282 280 
degeneracy worse : 161 161 193 246 266 276 
SCL #err deg : 724 / 6500
SCL #err weighted degeneracy : 620 620 648 687 706 720 
degeneracy helps : 265 265 270 285 286 284 
degeneracy worse : 162 162 195 248 268 280 
SCL #err deg : 733 / 6600
SCL #err weighted degeneracy : 629 629 658 698 717 732 
degeneracy helps : 266 266 271 286 287 285 
degeneracy worse : 163 163 197 251 271 284 
SCL #err deg : 745 / 6700
SCL #err weighted degeneracy : 637 637 666 706 726 740 
degeneracy helps : 270 270 275 290 291 290 
degeneracy worse : 163 163 197 251 272 285 
SCL #err deg : 750 / 6800
SCL #err weighted degeneracy : 644 644 673 712 733 747 
degeneracy helps : 270 270 275 291 292 291 
degeneracy worse : 165 165 199 253 275 288 
SCL #err deg : 760 / 6900
SCL #err weighted degeneracy : 657 657 686 727 750 763 
degeneracy helps : 270 270 276 292 293 293 
degeneracy worse : 168 168 203 259 283 296 
SCL #err deg : 780 / 7000
SCL #err weighted degeneracy : 670 670 699 739 762 775 
degeneracy helps : 278 278 284 301 302 302 
degeneracy worse : 169 169 204 260 284 297 
SCL #err deg : 789 / 7100
SCL #err weighted degeneracy : 685 685 714 754 776 788 
degeneracy helps : 281 281 287 304 305 305 
degeneracy worse : 178 178 213 269 292 304 
SCL #err deg : 800 / 7200
SCL #err weighted degeneracy : 694 694 725 768 791 802 
degeneracy helps : 285 285 290 306 307 308 
degeneracy worse : 180 180 216 274 298 310 
SCL #err deg : 806 / 7300
SCL #err weighted degeneracy : 702 702 734 777 799 810 
degeneracy helps : 287 287 292 309 310 311 
degeneracy worse : 184 184 221 280 303 315 
SCL #err deg : 818 / 7400
SCL #err weighted degeneracy : 713 713 747 791 814 825 
degeneracy helps : 292 292 297 313 314 315 
degeneracy worse : 188 188 227 286 310 322 
SCL #err deg : 823 / 7500
SCL #err weighted degeneracy : 718 718 752 796 820 831 
degeneracy helps : 293 293 298 314 315 316 
degeneracy worse : 189 189 228 287 312 324 
SCL #err deg : 833 / 7600
SCL #err weighted degeneracy : 726 726 760 804 828 839 
degeneracy helps : 297 297 302 317 318 320 
degeneracy worse : 191 191 230 288 313 326 
SCL #err deg : 847 / 7700
SCL #err weighted degeneracy : 735 735 769 813 836 848 
degeneracy helps : 302 302 309 324 326 327 
degeneracy worse : 191 191 232 290 315 328 
SCL #err deg : 859 / 7800
SCL #err weighted degeneracy : 747 747 780 825 847 858 
degeneracy helps : 306 306 314 329 332 334 
degeneracy worse : 195 195 236 295 320 333 
SCL #err deg : 872 / 7900
SCL #err weighted degeneracy : 756 756 789 832 853 862 
degeneracy helps : 312 312 320 336 340 344 
degeneracy worse : 197 197 238 296 321 334 
SCL #err deg : 878 / 8000
SCL #err weighted degeneracy : 762 762 795 837 859 868 
degeneracy helps : 313 313 321 338 342 346 
degeneracy worse : 198 198 239 297 323 336 
SCL #err deg : 888 / 8100
SCL #err weighted degeneracy : 773 773 805 847 869 879 
degeneracy helps : 315 315 324 341 345 349 
degeneracy worse : 201 201 242 300 326 340 
SCL #err deg : 903 / 8200
SCL #err weighted degeneracy : 784 784 817 860 882 892 
degeneracy helps : 321 321 330 347 351 355 
degeneracy worse : 203 203 245 304 330 344 
SCL #err deg : 911 / 8300
SCL #err weighted degeneracy : 794 794 828 871 894 903 
degeneracy helps : 321 321 330 347 351 355 
degeneracy worse : 205 205 248 307 334 347 
SCL #err deg : 919 / 8400
SCL #err weighted degeneracy : 805 805 839 885 907 917 
degeneracy helps : 323 323 332 349 353 357 
degeneracy worse : 210 210 253 315 341 355 
SCL #err deg : 929 / 8500
SCL #err weighted degeneracy : 814 814 848 892 914 924 
degeneracy helps : 328 328 337 355 359 363 
degeneracy worse : 214 214 257 318 344 358 
SCL #err deg : 939 / 8600
SCL #err weighted degeneracy : 818 818 853 900 922 932 
degeneracy helps : 334 334 343 359 363 367 
degeneracy worse : 214 214 258 320 346 360 
SCL #err deg : 946 / 8700
SCL #err weighted degeneracy : 823 823 859 905 927 937 
degeneracy helps : 336 336 345 362 366 370 
degeneracy worse : 214 214 259 321 347 361 
SCL #err deg : 950 / 8800
SCL #err weighted degeneracy : 829 829 866 913 935 945 
degeneracy helps : 337 337 346 365 369 373 
degeneracy worse : 217 217 263 328 354 368 
SCL #err deg : 957 / 8900
SCL #err weighted degeneracy : 836 836 873 921 944 954 
degeneracy helps : 340 340 350 368 372 376 
degeneracy worse : 220 220 267 332 359 373 
SCL #err deg : 968 / 9000
SCL #err weighted degeneracy : 850 850 889 935 958 968 
degeneracy helps : 342 342 351 370 374 378 
degeneracy worse : 225 225 273 337 364 378 
SCL #err deg : 981 / 9100
SCL #err weighted degeneracy : 861 861 901 947 970 980 
degeneracy helps : 347 347 355 374 379 383 
degeneracy worse : 228 228 276 340 368 382 
SCL #err deg : 989 / 9200
SCL #err weighted degeneracy : 868 868 908 955 978 988 
degeneracy helps : 350 350 359 378 382 386 
degeneracy worse : 230 230 279 344 371 385 
SCL #err deg : 1005 / 9300
SCL #err weighted degeneracy : 883 883 922 970 993 1002 
degeneracy helps : 353 353 362 381 385 389 
degeneracy worse : 232 232 280 346 373 386 
SCL #err deg : 1018 / 9400
SCL #err weighted degeneracy : 893 893 934 984 1007 1016 
degeneracy helps : 360 360 367 385 389 393 
degeneracy worse : 236 236 284 351 378 391 
SCL #err deg : 1035 / 9500
SCL #err weighted degeneracy : 905 905 946 998 1020 1033 
degeneracy helps : 368 368 375 393 398 400 
degeneracy worse : 239 239 287 356 383 398 
SCL #err deg : 1043 / 9600
SCL #err weighted degeneracy : 911 911 952 1004 1026 1040 
degeneracy helps : 370 370 377 395 400 402 
degeneracy worse : 239 239 287 356 383 399 
SCL #err deg : 1051 / 9700
SCL #err weighted degeneracy : 918 918 960 1014 1037 1052 
degeneracy helps : 372 372 379 398 403 405 
degeneracy worse : 240 240 289 361 389 406 
SCL #err deg : 1065 / 9800
SCL #err weighted degeneracy : 927 927 971 1027 1050 1065 
degeneracy helps : 377 377 384 402 407 409 
degeneracy worse : 240 240 291 364 392 409 
SCL #err deg : 1078 / 9900
SCL #err weighted degeneracy : 939 939 983 1038 1060 1075 
degeneracy helps : 382 382 389 408 414 416 
degeneracy worse : 244 244 295 368 396 413 
SCL #err deg : 1088 / 10000
SCL #err weighted degeneracy : 947 947 991 1046 1069 1085 
degeneracy helps : 386 386 393 412 418 420 
degeneracy worse : 246 246 297 370 399 417 
average #flips: 46.0498
SCL #err considering degeneracy: 1088
error due to equal 433
error due to SCL smaller 654
Finish in 5242 s
