Simulation Polar syndrome FASTER N=1024, K=513, l=128, pz=0.08, #samples=10000, seed=7348
PW construction
Event generator random seed: 7348
SCL #err deg : 1 / 100
SCL #err weighted degeneracy : 2 2 2 2 3 3 
degeneracy helps : 0 0 0 0 0 0 
degeneracy worse : 1 1 1 1 2 2 
SCL #err deg : 1 / 200
SCL #err weighted degeneracy : 2 2 2 2 3 3 
degeneracy helps : 0 0 0 0 0 0 
degeneracy worse : 1 1 1 1 2 2 
SCL #err deg : 2 / 300
SCL #err weighted degeneracy : 3 3 3 3 4 4 
degeneracy helps : 0 0 0 0 0 0 
degeneracy worse : 1 1 1 1 2 2 
SCL #err deg : 2 / 400
SCL #err weighted degeneracy : 3 3 3 3 4 4 
degeneracy helps : 0 0 0 0 0 0 
degeneracy worse : 1 1 1 1 2 2 
SCL #err deg : 3 / 500
SCL #err weighted degeneracy : 3 3 3 3 4 4 
degeneracy helps : 1 1 1 1 1 1 
degeneracy worse : 1 1 1 1 2 2 
SCL #err deg : 5 / 600
SCL #err weighted degeneracy : 3 3 3 3 4 4 
degeneracy helps : 3 3 3 3 3 3 
degeneracy worse : 1 1 1 1 2 2 
SCL #err deg : 8 / 700
SCL #err weighted degeneracy : 5 5 4 4 5 6 
degeneracy helps : 4 4 5 5 5 4 
degeneracy worse : 1 1 1 1 2 2 
SCL #err deg : 8 / 800
SCL #err weighted degeneracy : 6 6 4 4 5 6 
degeneracy helps : 4 4 5 5 5 4 
degeneracy worse : 2 2 1 1 2 2 
SCL #err deg : 8 / 900
SCL #err weighted degeneracy : 7 7 4 4 5 6 
degeneracy helps : 4 4 5 5 5 4 
degeneracy worse : 3 3 1 1 2 2 
SCL #err deg : 9 / 1000
SCL #err weighted degeneracy : 7 7 4 5 6 7 
degeneracy helps : 5 5 6 6 6 5 
degeneracy worse : 3 3 1 2 3 3 
SCL #err deg : 10 / 1100
SCL #err weighted degeneracy : 8 8 6 7 8 9 
degeneracy helps : 5 5 6 6 6 5 
degeneracy worse : 3 3 2 3 4 4 
SCL #err deg : 11 / 1200
SCL #err weighted degeneracy : 9 9 7 8 9 10 
degeneracy helps : 5 5 6 6 6 5 
degeneracy worse : 3 3 2 3 4 4 
SCL #err deg : 11 / 1300
SCL #err weighted degeneracy : 9 9 7 8 9 10 
degeneracy helps : 5 5 6 6 6 5 
degeneracy worse : 3 3 2 3 4 4 
SCL #err deg : 11 / 1400
SCL #err weighted degeneracy : 9 9 7 8 9 10 
degeneracy helps : 5 5 6 6 6 5 
degeneracy worse : 3 3 2 3 4 4 
SCL #err deg : 14 / 1500
SCL #err weighted degeneracy : 11 11 10 11 13 14 
degeneracy helps : 7 7 8 8 7 6 
degeneracy worse : 4 4 4 5 6 6 
SCL #err deg : 14 / 1600
SCL #err weighted degeneracy : 11 11 10 11 13 14 
degeneracy helps : 7 7 8 8 7 6 
degeneracy worse : 4 4 4 5 6 6 
SCL #err deg : 15 / 1700
SCL #err weighted degeneracy : 12 12 11 12 14 15 
degeneracy helps : 7 7 8 8 7 6 
degeneracy worse : 4 4 4 5 6 6 
SCL #err deg : 15 / 1800
SCL #err weighted degeneracy : 12 12 11 12 14 15 
degeneracy helps : 7 7 8 8 7 6 
degeneracy worse : 4 4 4 5 6 6 
SCL #err deg : 18 / 1900
SCL #err weighted degeneracy : 15 15 14 15 17 18 
degeneracy helps : 7 7 8 8 7 6 
degeneracy worse : 4 4 4 5 6 6 
SCL #err deg : 18 / 2000
SCL #err weighted degeneracy : 15 15 14 15 17 18 
degeneracy helps : 7 7 8 8 7 6 
degeneracy worse : 4 4 4 5 6 6 
SCL #err deg : 18 / 2100
SCL #err weighted degeneracy : 15 15 14 15 17 18 
degeneracy helps : 7 7 8 8 7 6 
degeneracy worse : 4 4 4 5 6 6 
SCL #err deg : 19 / 2200
SCL #err weighted degeneracy : 16 16 15 18 20 21 
degeneracy helps : 7 7 8 8 7 6 
degeneracy worse : 4 4 4 7 8 8 
SCL #err deg : 19 / 2300
SCL #err weighted degeneracy : 16 16 15 18 21 22 
degeneracy helps : 7 7 8 8 7 6 
degeneracy worse : 4 4 4 7 9 9 
SCL #err deg : 19 / 2400
SCL #err weighted degeneracy : 16 16 15 18 21 22 
degeneracy helps : 7 7 8 8 7 6 
degeneracy worse : 4 4 4 7 9 9 
SCL #err deg : 19 / 2500
SCL #err weighted degeneracy : 17 17 16 20 23 24 
degeneracy helps : 7 7 8 8 7 6 
degeneracy worse : 5 5 5 9 11 11 
SCL #err deg : 19 / 2600
SCL #err weighted degeneracy : 17 17 16 20 23 24 
degeneracy helps : 7 7 8 8 7 6 
degeneracy worse : 5 5 5 9 11 11 
SCL #err deg : 19 / 2700
SCL #err weighted degeneracy : 18 18 17 21 24 25 
degeneracy helps : 7 7 8 8 7 6 
degeneracy worse : 6 6 6 10 12 12 
SCL #err deg : 20 / 2800
SCL #err weighted degeneracy : 19 19 18 22 25 26 
degeneracy helps : 7 7 8 8 7 6 
degeneracy worse : 6 6 6 10 12 12 
SCL #err deg : 20 / 2900
SCL #err weighted degeneracy : 20 20 19 23 26 27 
degeneracy helps : 7 7 8 8 7 6 
degeneracy worse : 7 7 7 11 13 13 
SCL #err deg : 20 / 3000
SCL #err weighted degeneracy : 20 20 19 23 26 27 
degeneracy helps : 7 7 8 8 7 6 
degeneracy worse : 7 7 7 11 13 13 
SCL #err deg : 21 / 3100
SCL #err weighted degeneracy : 21 21 20 24 27 28 
degeneracy helps : 7 7 8 8 7 6 
degeneracy worse : 7 7 7 11 13 13 
SCL #err deg : 23 / 3200
SCL #err weighted degeneracy : 23 23 22 26 29 30 
degeneracy helps : 8 8 9 9 8 7 
degeneracy worse : 8 8 8 12 14 14 
SCL #err deg : 25 / 3300
SCL #err weighted degeneracy : 24 24 23 28 31 32 
degeneracy helps : 9 9 10 9 8 7 
degeneracy worse : 8 8 8 12 14 14 
SCL #err deg : 26 / 3400
SCL #err weighted degeneracy : 24 24 23 28 31 32 
degeneracy helps : 10 10 11 10 9 8 
degeneracy worse : 8 8 8 12 14 14 
SCL #err deg : 26 / 3500
SCL #err weighted degeneracy : 24 24 23 28 32 33 
degeneracy helps : 10 10 11 10 9 8 
degeneracy worse : 8 8 8 12 15 15 
SCL #err deg : 27 / 3600
SCL #err weighted degeneracy : 25 25 24 29 33 34 
degeneracy helps : 10 10 11 10 9 8 
degeneracy worse : 8 8 8 12 15 15 
SCL #err deg : 27 / 3700
SCL #err weighted degeneracy : 26 26 24 30 34 35 
degeneracy helps : 10 10 11 10 9 8 
degeneracy worse : 9 9 8 13 16 16 
SCL #err deg : 28 / 3800
SCL #err weighted degeneracy : 27 27 25 31 35 35 
degeneracy helps : 10 10 11 10 9 9 
degeneracy worse : 9 9 8 13 16 16 
SCL #err deg : 29 / 3900
SCL #err weighted degeneracy : 27 27 25 31 35 35 
degeneracy helps : 11 11 12 11 10 10 
degeneracy worse : 9 9 8 13 16 16 
SCL #err deg : 29 / 4000
SCL #err weighted degeneracy : 27 27 26 32 36 36 
degeneracy helps : 11 11 12 11 10 10 
degeneracy worse : 9 9 9 14 17 17 
SCL #err deg : 30 / 4100
SCL #err weighted degeneracy : 29 29 28 34 38 38 
degeneracy helps : 11 11 12 11 10 10 
degeneracy worse : 10 10 10 15 18 18 
SCL #err deg : 31 / 4200
SCL #err weighted degeneracy : 30 30 29 35 39 39 
degeneracy helps : 11 11 12 11 10 10 
degeneracy worse : 10 10 10 15 18 18 
SCL #err deg : 31 / 4300
SCL #err weighted degeneracy : 30 30 29 36 40 40 
degeneracy helps : 11 11 12 11 10 10 
degeneracy worse : 10 10 10 16 19 19 
SCL #err deg : 31 / 4400
SCL #err weighted degeneracy : 30 30 29 36 40 40 
degeneracy helps : 11 11 12 11 10 10 
degeneracy worse : 10 10 10 16 19 19 
SCL #err deg : 32 / 4500
SCL #err weighted degeneracy : 31 31 31 38 42 42 
degeneracy helps : 12 12 13 12 11 11 
degeneracy worse : 11 11 12 18 21 21 
SCL #err deg : 32 / 4600
SCL #err weighted degeneracy : 31 31 31 38 42 42 
degeneracy helps : 12 12 13 12 11 11 
degeneracy worse : 11 11 12 18 21 21 
SCL #err deg : 33 / 4700
SCL #err weighted degeneracy : 31 31 31 38 42 42 
degeneracy helps : 13 13 14 13 12 12 
degeneracy worse : 11 11 12 18 21 21 
SCL #err deg : 33 / 4800
SCL #err weighted degeneracy : 31 31 31 38 42 42 
degeneracy helps : 13 13 14 13 12 12 
degeneracy worse : 11 11 12 18 21 21 
SCL #err deg : 33 / 4900
SCL #err weighted degeneracy : 31 31 31 38 42 42 
degeneracy helps : 13 13 14 13 12 12 
degeneracy worse : 11 11 12 18 21 21 
SCL #err deg : 38 / 5000
SCL #err weighted degeneracy : 36 36 36 43 47 47 
degeneracy helps : 13 13 14 13 12 12 
degeneracy worse : 11 11 12 18 21 21 
SCL #err deg : 39 / 5100
SCL #err weighted degeneracy : 36 36 36 43 47 47 
degeneracy helps : 14 14 15 14 13 13 
degeneracy worse : 11 11 12 18 21 21 
SCL #err deg : 40 / 5200
SCL #err weighted degeneracy : 37 37 36 43 47 47 
degeneracy helps : 14 14 16 15 14 14 
degeneracy worse : 11 11 12 18 21 21 
SCL #err deg : 40 / 5300
SCL #err weighted degeneracy : 37 37 36 43 47 48 
degeneracy helps : 14 14 16 15 14 14 
degeneracy worse : 11 11 12 18 21 22 
SCL #err deg : 41 / 5400
SCL #err weighted degeneracy : 37 37 36 43 47 48 
degeneracy helps : 15 15 17 16 15 15 
degeneracy worse : 11 11 12 18 21 22 
SCL #err deg : 41 / 5500
SCL #err weighted degeneracy : 37 37 36 43 47 48 
degeneracy helps : 15 15 17 16 15 15 
degeneracy worse : 11 11 12 18 21 22 
SCL #err deg : 42 / 5600
SCL #err weighted degeneracy : 38 38 37 44 48 49 
degeneracy helps : 15 15 17 16 15 15 
degeneracy worse : 11 11 12 18 21 22 
SCL #err deg : 43 / 5700
SCL #err weighted degeneracy : 40 40 39 46 50 51 
degeneracy helps : 15 15 17 16 15 15 
degeneracy worse : 12 12 13 19 22 23 
SCL #err deg : 43 / 5800
SCL #err weighted degeneracy : 40 40 39 46 50 51 
degeneracy helps : 15 15 17 16 15 15 
degeneracy worse : 12 12 13 19 22 23 
SCL #err deg : 44 / 5900
SCL #err weighted degeneracy : 41 41 40 47 51 52 
degeneracy helps : 15 15 17 16 15 15 
degeneracy worse : 12 12 13 19 22 23 
SCL #err deg : 44 / 6000
SCL #err weighted degeneracy : 41 41 40 47 51 52 
degeneracy helps : 15 15 17 16 15 15 
degeneracy worse : 12 12 13 19 22 23 
SCL #err deg : 44 / 6100
SCL #err weighted degeneracy : 41 41 40 47 51 52 
degeneracy helps : 15 15 17 16 15 15 
degeneracy worse : 12 12 13 19 22 23 
SCL #err deg : 44 / 6200
SCL #err weighted degeneracy : 42 42 41 48 52 53 
degeneracy helps : 15 15 17 16 15 15 
degeneracy worse : 13 13 14 20 23 24 
SCL #err deg : 46 / 6300
SCL #err weighted degeneracy : 43 43 41 48 52 53 
degeneracy helps : 16 16 19 18 17 17 
degeneracy worse : 13 13 14 20 23 24 
SCL #err deg : 46 / 6400
SCL #err weighted degeneracy : 43 43 41 48 52 53 
degeneracy helps : 16 16 19 18 17 17 
degeneracy worse : 13 13 14 20 23 24 
SCL #err deg : 46 / 6500
SCL #err weighted degeneracy : 44 44 42 49 53 54 
degeneracy helps : 16 16 19 18 17 17 
degeneracy worse : 14 14 15 21 24 25 
SCL #err deg : 47 / 6600
SCL #err weighted degeneracy : 45 45 43 50 55 56 
degeneracy helps : 16 16 19 18 17 17 
degeneracy worse : 14 14 15 21 25 26 
SCL #err deg : 49 / 6700
SCL #err weighted degeneracy : 47 47 45 52 57 58 
degeneracy helps : 16 16 19 18 17 17 
degeneracy worse : 14 14 15 21 25 26 
SCL #err deg : 52 / 6800
SCL #err weighted degeneracy : 49 49 47 54 59 60 
degeneracy helps : 17 17 20 19 18 18 
degeneracy worse : 14 14 15 21 25 26 
SCL #err deg : 53 / 6900
SCL #err weighted degeneracy : 50 50 48 55 60 61 
degeneracy helps : 17 17 20 19 18 18 
degeneracy worse : 14 14 15 21 25 26 
SCL #err deg : 54 / 7000
SCL #err weighted degeneracy : 52 52 50 57 61 62 
degeneracy helps : 17 17 20 19 18 18 
degeneracy worse : 15 15 16 22 25 26 
SCL #err deg : 58 / 7100
SCL #err weighted degeneracy : 55 55 53 61 65 65 
degeneracy helps : 18 18 21 20 19 20 
degeneracy worse : 15 15 16 23 26 27 
SCL #err deg : 58 / 7200
SCL #err weighted degeneracy : 55 55 53 61 65 65 
degeneracy helps : 18 18 21 20 19 20 
degeneracy worse : 15 15 16 23 26 27 
SCL #err deg : 59 / 7300
SCL #err weighted degeneracy : 56 56 54 62 66 66 
degeneracy helps : 18 18 21 20 19 20 
degeneracy worse : 15 15 16 23 26 27 
SCL #err deg : 60 / 7400
SCL #err weighted degeneracy : 57 57 55 63 68 68 
degeneracy helps : 19 19 22 21 20 21 
degeneracy worse : 16 16 17 24 28 29 
SCL #err deg : 61 / 7500
SCL #err weighted degeneracy : 59 59 56 64 69 69 
degeneracy helps : 19 19 23 22 21 22 
degeneracy worse : 17 17 18 25 29 30 
SCL #err deg : 61 / 7600
SCL #err weighted degeneracy : 59 59 56 64 69 69 
degeneracy helps : 19 19 23 22 21 22 
degeneracy worse : 17 17 18 25 29 30 
SCL #err deg : 61 / 7700
SCL #err weighted degeneracy : 59 59 56 64 69 69 
degeneracy helps : 19 19 23 22 21 22 
degeneracy worse : 17 17 18 25 29 30 
SCL #err deg : 62 / 7800
SCL #err weighted degeneracy : 59 59 56 64 69 69 
degeneracy helps : 20 20 24 23 22 23 
degeneracy worse : 17 17 18 25 29 30 
SCL #err deg : 63 / 7900
SCL #err weighted degeneracy : 60 60 58 66 71 71 
degeneracy helps : 20 20 24 23 22 23 
degeneracy worse : 17 17 19 26 30 31 
SCL #err deg : 63 / 8000
SCL #err weighted degeneracy : 60 60 58 66 71 71 
degeneracy helps : 20 20 24 23 22 23 
degeneracy worse : 17 17 19 26 30 31 
SCL #err deg : 64 / 8100
SCL #err weighted degeneracy : 61 61 59 67 72 72 
degeneracy helps : 20 20 24 23 22 23 
degeneracy worse : 17 17 19 26 30 31 
SCL #err deg : 64 / 8200
SCL #err weighted degeneracy : 61 61 59 67 72 72 
degeneracy helps : 20 20 24 23 22 23 
degeneracy worse : 17 17 19 26 30 31 
SCL #err deg : 65 / 8300
SCL #err weighted degeneracy : 62 62 60 68 73 73 
degeneracy helps : 20 20 24 23 22 23 
degeneracy worse : 17 17 19 26 30 31 
SCL #err deg : 65 / 8400
SCL #err weighted degeneracy : 62 62 60 68 73 73 
degeneracy helps : 20 20 24 23 22 23 
degeneracy worse : 17 17 19 26 30 31 
SCL #err deg : 65 / 8500
SCL #err weighted degeneracy : 63 63 61 69 74 74 
degeneracy helps : 20 20 24 23 22 23 
degeneracy worse : 18 18 20 27 31 32 
SCL #err deg : 65 / 8600
SCL #err weighted degeneracy : 63 63 61 69 75 75 
degeneracy helps : 20 20 24 23 22 23 
degeneracy worse : 18 18 20 27 32 33 
SCL #err deg : 65 / 8700
SCL #err weighted degeneracy : 63 63 61 69 75 75 
degeneracy helps : 20 20 24 23 22 23 
degeneracy worse : 18 18 20 27 32 33 
SCL #err deg : 66 / 8800
SCL #err weighted degeneracy : 63 63 61 69 75 75 
degeneracy helps : 21 21 25 24 23 24 
degeneracy worse : 18 18 20 27 32 33 
SCL #err deg : 68 / 8900
SCL #err weighted degeneracy : 65 65 63 71 77 77 
degeneracy helps : 21 21 25 24 23 24 
degeneracy worse : 18 18 20 27 32 33 
SCL #err deg : 70 / 9000
SCL #err weighted degeneracy : 66 66 64 72 78 79 
degeneracy helps : 22 22 26 25 24 25 
degeneracy worse : 18 18 20 27 32 34 
SCL #err deg : 70 / 9100
SCL #err weighted degeneracy : 66 66 65 74 80 81 
degeneracy helps : 22 22 26 25 24 25 
degeneracy worse : 18 18 21 29 34 36 
SCL #err deg : 72 / 9200
SCL #err weighted degeneracy : 67 67 66 75 81 82 
degeneracy helps : 23 23 27 26 25 26 
degeneracy worse : 18 18 21 29 34 36 
SCL #err deg : 73 / 9300
SCL #err weighted degeneracy : 67 67 66 75 81 82 
degeneracy helps : 24 24 28 27 26 27 
degeneracy worse : 18 18 21 29 34 36 
SCL #err deg : 73 / 9400
SCL #err weighted degeneracy : 67 67 66 75 81 82 
degeneracy helps : 24 24 28 27 26 27 
degeneracy worse : 18 18 21 29 34 36 
SCL #err deg : 74 / 9500
SCL #err weighted degeneracy : 67 67 68 77 84 85 
degeneracy helps : 25 25 29 28 27 28 
degeneracy worse : 18 18 23 31 37 39 
SCL #err deg : 74 / 9600
SCL #err weighted degeneracy : 67 67 68 77 84 85 
degeneracy helps : 25 25 29 28 27 28 
degeneracy worse : 18 18 23 31 37 39 
SCL #err deg : 75 / 9700
SCL #err weighted degeneracy : 68 68 69 78 86 87 
degeneracy helps : 25 25 29 28 27 28 
degeneracy worse : 18 18 23 31 38 40 
SCL #err deg : 76 / 9800
SCL #err weighted degeneracy : 70 70 71 80 89 90 
degeneracy helps : 25 25 29 28 27 28 
degeneracy worse : 19 19 24 32 40 42 
SCL #err deg : 77 / 9900
SCL #err weighted degeneracy : 70 70 71 80 89 90 
degeneracy helps : 26 26 30 29 28 29 
degeneracy worse : 19 19 24 32 40 42 
SCL #err deg : 79 / 10000
SCL #err weighted degeneracy : 72 72 73 83 92 93 
degeneracy helps : 26 26 30 29 28 29 
degeneracy worse : 19 19 24 33 41 43 
average #flips: 81.8796
SCL #err considering degeneracy: 79
error due to equal 35
error due to SCL smaller 41
Finish in 11866 s
