Simulation Polar syndrome FASTER N=128, K=65, l=128, pz=0.102, #samples=10000, seed=7348
PW construction
Event generator random seed: 7348
SCL #err deg : 30 / 100
SCL #err weighted degeneracy : 23 23 27 29 31 32 
degeneracy helps : 12 12 11 11 11 11 
degeneracy worse : 5 5 8 10 12 13 
SCL #err deg : 61 / 200
SCL #err weighted degeneracy : 51 51 56 59 60 62 
degeneracy helps : 20 20 19 20 19 19 
degeneracy worse : 10 10 14 18 18 20 
SCL #err deg : 88 / 300
SCL #err weighted degeneracy : 74 74 79 86 87 90 
degeneracy helps : 29 29 28 30 29 31 
degeneracy worse : 15 15 19 28 28 33 
SCL #err deg : 116 / 400
SCL #err weighted degeneracy : 98 98 105 114 114 119 
degeneracy helps : 37 37 36 38 39 41 
degeneracy worse : 19 19 25 36 37 44 
SCL #err deg : 142 / 500
SCL #err weighted degeneracy : 123 123 129 139 141 149 
degeneracy helps : 48 49 49 50 50 52 
degeneracy worse : 30 30 36 47 49 59 
SCL #err deg : 167 / 600
SCL #err weighted degeneracy : 144 144 150 162 166 175 
degeneracy helps : 59 60 60 62 62 64 
degeneracy worse : 37 37 43 57 61 72 
SCL #err deg : 201 / 700
SCL #err weighted degeneracy : 173 173 181 191 195 204 
degeneracy helps : 70 71 71 75 75 77 
degeneracy worse : 43 43 51 65 69 80 
SCL #err deg : 228 / 800
SCL #err weighted degeneracy : 201 201 209 221 226 236 
degeneracy helps : 78 79 78 83 83 87 
degeneracy worse : 52 52 60 76 81 95 
SCL #err deg : 255 / 900
SCL #err weighted degeneracy : 230 230 238 251 259 271 
degeneracy helps : 83 84 83 89 89 93 
degeneracy worse : 59 59 67 85 93 109 
SCL #err deg : 285 / 1000
SCL #err weighted degeneracy : 259 259 266 279 289 301 
degeneracy helps : 93 94 94 101 101 105 
degeneracy worse : 68 68 76 95 105 121 
SCL #err deg : 318 / 1100
SCL #err weighted degeneracy : 284 284 291 308 318 329 
degeneracy helps : 109 110 110 116 116 121 
degeneracy worse : 76 76 84 106 116 132 
SCL #err deg : 348 / 1200
SCL #err weighted degeneracy : 314 314 319 338 348 364 
degeneracy helps : 119 120 122 128 128 132 
degeneracy worse : 86 86 94 118 128 148 
SCL #err deg : 377 / 1300
SCL #err weighted degeneracy : 342 342 347 371 380 396 
degeneracy helps : 127 128 130 134 135 140 
degeneracy worse : 93 93 101 128 138 159 
SCL #err deg : 401 / 1400
SCL #err weighted degeneracy : 369 369 374 398 408 426 
degeneracy helps : 133 134 136 141 142 147 
degeneracy worse : 102 102 110 138 149 172 
SCL #err deg : 420 / 1500
SCL #err weighted degeneracy : 390 390 394 421 434 454 
degeneracy helps : 140 141 145 150 152 155 
degeneracy worse : 112 112 120 151 166 189 
SCL #err deg : 455 / 1600
SCL #err weighted degeneracy : 424 424 428 455 468 491 
degeneracy helps : 148 149 153 159 162 164 
degeneracy worse : 119 119 127 159 175 200 
SCL #err deg : 484 / 1700
SCL #err weighted degeneracy : 451 451 457 484 500 524 
degeneracy helps : 156 157 161 169 171 172 
degeneracy worse : 125 125 135 169 187 212 
SCL #err deg : 515 / 1800
SCL #err weighted degeneracy : 476 476 484 510 526 552 
degeneracy helps : 168 169 172 182 185 186 
degeneracy worse : 131 131 142 177 196 223 
SCL #err deg : 545 / 1900
SCL #err weighted degeneracy : 502 502 510 539 556 583 
degeneracy helps : 178 179 182 192 195 197 
degeneracy worse : 137 137 148 186 206 235 
SCL #err deg : 578 / 2000
SCL #err weighted degeneracy : 528 528 536 569 587 615 
degeneracy helps : 189 190 194 203 207 211 
degeneracy worse : 142 142 153 194 216 248 
SCL #err deg : 610 / 2100
SCL #err weighted degeneracy : 555 555 564 600 615 643 
degeneracy helps : 198 199 203 212 219 224 
degeneracy worse : 146 146 158 202 224 257 
SCL #err deg : 639 / 2200
SCL #err weighted degeneracy : 578 578 588 628 644 672 
degeneracy helps : 211 212 216 225 232 236 
degeneracy worse : 153 153 166 214 237 269 
SCL #err deg : 667 / 2300
SCL #err weighted degeneracy : 603 603 611 653 672 703 
degeneracy helps : 222 223 228 238 244 248 
degeneracy worse : 161 161 173 224 249 284 
SCL #err deg : 687 / 2400
SCL #err weighted degeneracy : 628 628 636 679 699 729 
degeneracy helps : 228 229 234 244 250 255 
degeneracy worse : 172 172 184 236 262 297 
SCL #err deg : 712 / 2500
SCL #err weighted degeneracy : 652 652 662 704 723 754 
degeneracy helps : 237 238 242 253 260 265 
degeneracy worse : 180 180 193 245 271 307 
SCL #err deg : 743 / 2600
SCL #err weighted degeneracy : 679 679 689 732 749 780 
degeneracy helps : 247 248 252 264 274 281 
degeneracy worse : 186 186 199 253 280 318 
SCL #err deg : 771 / 2700
SCL #err weighted degeneracy : 710 710 719 764 781 813 
degeneracy helps : 253 254 259 272 282 291 
degeneracy worse : 195 195 208 265 292 333 
SCL #err deg : 801 / 2800
SCL #err weighted degeneracy : 738 738 748 795 814 848 
degeneracy helps : 261 262 267 281 291 300 
degeneracy worse : 201 201 215 275 304 347 
SCL #err deg : 831 / 2900
SCL #err weighted degeneracy : 758 758 770 821 840 876 
degeneracy helps : 273 274 277 291 302 310 
degeneracy worse : 203 203 217 281 311 355 
SCL #err deg : 860 / 3000
SCL #err weighted degeneracy : 785 785 798 850 870 907 
degeneracy helps : 282 283 286 302 313 321 
degeneracy worse : 210 210 225 292 323 368 
SCL #err deg : 887 / 3100
SCL #err weighted degeneracy : 808 808 822 874 894 934 
degeneracy helps : 291 293 297 314 325 333 
degeneracy worse : 216 216 233 301 332 380 
SCL #err deg : 913 / 3200
SCL #err weighted degeneracy : 833 833 847 902 925 965 
degeneracy helps : 297 299 303 321 332 341 
degeneracy worse : 221 221 238 310 344 393 
SCL #err deg : 938 / 3300
SCL #err weighted degeneracy : 857 857 871 930 953 995 
degeneracy helps : 305 307 311 328 340 349 
degeneracy worse : 228 228 245 320 355 406 
SCL #err deg : 959 / 3400
SCL #err weighted degeneracy : 884 884 896 957 983 1028 
degeneracy helps : 308 310 315 332 344 353 
degeneracy worse : 237 237 253 330 368 422 
SCL #err deg : 982 / 3500
SCL #err weighted degeneracy : 909 909 921 986 1016 1061 
degeneracy helps : 313 315 321 337 349 358 
degeneracy worse : 244 244 261 341 383 437 
SCL #err deg : 1009 / 3600
SCL #err weighted degeneracy : 938 938 950 1019 1052 1097 
degeneracy helps : 323 325 331 346 358 368 
degeneracy worse : 257 257 274 356 401 456 
SCL #err deg : 1036 / 3700
SCL #err weighted degeneracy : 964 964 976 1047 1081 1125 
degeneracy helps : 333 336 343 358 370 379 
degeneracy worse : 268 268 285 369 415 468 
SCL #err deg : 1063 / 3800
SCL #err weighted degeneracy : 997 997 1007 1077 1115 1161 
degeneracy helps : 340 343 351 367 379 387 
degeneracy worse : 281 281 297 381 431 485 
SCL #err deg : 1082 / 3900
SCL #err weighted degeneracy : 1011 1011 1021 1094 1136 1182 
degeneracy helps : 350 353 361 377 389 396 
degeneracy worse : 286 286 302 389 443 496 
SCL #err deg : 1105 / 4000
SCL #err weighted degeneracy : 1040 1040 1049 1123 1167 1217 
degeneracy helps : 356 359 368 384 397 404 
degeneracy worse : 298 298 314 402 459 516 
SCL #err deg : 1144 / 4100
SCL #err weighted degeneracy : 1071 1071 1080 1154 1199 1250 
degeneracy helps : 369 372 381 398 410 418 
degeneracy worse : 303 303 319 408 465 524 
SCL #err deg : 1168 / 4200
SCL #err weighted degeneracy : 1091 1091 1099 1173 1219 1274 
degeneracy helps : 377 380 389 406 419 425 
degeneracy worse : 307 307 322 411 470 531 
SCL #err deg : 1200 / 4300
SCL #err weighted degeneracy : 1121 1121 1129 1209 1260 1318 
degeneracy helps : 389 392 401 417 429 433 
degeneracy worse : 317 317 332 426 489 551 
SCL #err deg : 1224 / 4400
SCL #err weighted degeneracy : 1146 1146 1155 1235 1288 1352 
degeneracy helps : 394 397 406 423 435 440 
degeneracy worse : 323 323 339 434 499 568 
SCL #err deg : 1255 / 4500
SCL #err weighted degeneracy : 1176 1176 1186 1271 1325 1392 
degeneracy helps : 404 407 416 433 445 449 
degeneracy worse : 332 332 349 449 515 586 
SCL #err deg : 1285 / 4600
SCL #err weighted degeneracy : 1204 1204 1214 1303 1358 1427 
degeneracy helps : 412 415 424 440 453 458 
degeneracy worse : 338 338 355 458 526 600 
SCL #err deg : 1311 / 4700
SCL #err weighted degeneracy : 1226 1226 1236 1328 1383 1453 
degeneracy helps : 420 423 432 448 463 468 
degeneracy worse : 342 342 359 465 535 610 
SCL #err deg : 1343 / 4800
SCL #err weighted degeneracy : 1253 1253 1263 1357 1413 1482 
degeneracy helps : 430 433 442 458 473 480 
degeneracy worse : 347 347 364 472 543 619 
SCL #err deg : 1370 / 4900
SCL #err weighted degeneracy : 1283 1283 1293 1388 1446 1519 
degeneracy helps : 439 442 451 467 481 487 
degeneracy worse : 359 359 376 485 557 636 
SCL #err deg : 1397 / 5000
SCL #err weighted degeneracy : 1308 1308 1318 1415 1473 1552 
degeneracy helps : 444 447 456 473 488 493 
degeneracy worse : 362 362 379 491 564 648 
SCL #err deg : 1424 / 5100
SCL #err weighted degeneracy : 1331 1331 1341 1440 1498 1579 
degeneracy helps : 451 454 464 481 499 504 
degeneracy worse : 366 366 383 497 573 659 
SCL #err deg : 1454 / 5200
SCL #err weighted degeneracy : 1358 1358 1368 1470 1528 1611 
degeneracy helps : 460 463 474 491 510 515 
degeneracy worse : 372 372 390 507 584 672 
SCL #err deg : 1483 / 5300
SCL #err weighted degeneracy : 1387 1387 1398 1501 1561 1648 
degeneracy helps : 468 471 482 499 518 522 
degeneracy worse : 380 380 399 517 596 687 
SCL #err deg : 1511 / 5400
SCL #err weighted degeneracy : 1418 1418 1430 1533 1594 1683 
degeneracy helps : 473 476 486 504 523 527 
degeneracy worse : 388 388 407 526 606 699 
SCL #err deg : 1537 / 5500
SCL #err weighted degeneracy : 1440 1440 1452 1555 1617 1706 
degeneracy helps : 485 488 499 518 537 542 
degeneracy worse : 396 396 416 536 617 711 
SCL #err deg : 1560 / 5600
SCL #err weighted degeneracy : 1469 1469 1481 1588 1650 1738 
degeneracy helps : 489 492 504 523 542 548 
degeneracy worse : 406 406 427 551 632 726 
SCL #err deg : 1593 / 5700
SCL #err weighted degeneracy : 1497 1497 1509 1615 1677 1767 
degeneracy helps : 498 501 513 534 554 560 
degeneracy worse : 411 411 432 556 638 734 
SCL #err deg : 1625 / 5800
SCL #err weighted degeneracy : 1525 1525 1537 1641 1703 1795 
degeneracy helps : 508 511 523 547 567 573 
degeneracy worse : 417 417 438 563 645 743 
SCL #err deg : 1654 / 5900
SCL #err weighted degeneracy : 1553 1553 1567 1672 1735 1828 
degeneracy helps : 514 517 529 553 574 579 
degeneracy worse : 422 422 445 571 655 753 
SCL #err deg : 1691 / 6000
SCL #err weighted degeneracy : 1588 1588 1603 1708 1770 1865 
degeneracy helps : 521 524 536 560 582 587 
degeneracy worse : 427 427 451 577 661 761 
SCL #err deg : 1709 / 6100
SCL #err weighted degeneracy : 1606 1606 1623 1730 1794 1890 
degeneracy helps : 528 531 543 568 590 594 
degeneracy worse : 434 434 460 589 675 775 
SCL #err deg : 1735 / 6200
SCL #err weighted degeneracy : 1633 1633 1650 1758 1823 1919 
degeneracy helps : 535 538 552 577 599 604 
degeneracy worse : 443 443 470 600 687 788 
SCL #err deg : 1756 / 6300
SCL #err weighted degeneracy : 1651 1651 1668 1782 1847 1946 
degeneracy helps : 544 547 561 586 608 613 
degeneracy worse : 449 449 476 612 699 803 
SCL #err deg : 1782 / 6400
SCL #err weighted degeneracy : 1672 1672 1691 1807 1874 1977 
degeneracy helps : 553 556 569 594 616 621 
degeneracy worse : 453 453 481 619 708 816 
SCL #err deg : 1811 / 6500
SCL #err weighted degeneracy : 1698 1698 1717 1836 1903 2008 
degeneracy helps : 560 563 576 601 625 629 
degeneracy worse : 458 458 486 626 717 826 
SCL #err deg : 1839 / 6600
SCL #err weighted degeneracy : 1721 1721 1740 1862 1928 2033 
degeneracy helps : 570 573 586 611 636 641 
degeneracy worse : 463 463 491 634 725 835 
SCL #err deg : 1865 / 6700
SCL #err weighted degeneracy : 1741 1741 1761 1883 1951 2060 
degeneracy helps : 581 584 596 622 647 651 
degeneracy worse : 468 468 496 640 733 846 
SCL #err deg : 1895 / 6800
SCL #err weighted degeneracy : 1769 1769 1790 1916 1989 2098 
degeneracy helps : 591 594 606 632 656 661 
degeneracy worse : 476 476 505 653 750 864 
SCL #err deg : 1922 / 6900
SCL #err weighted degeneracy : 1796 1796 1815 1939 2014 2128 
degeneracy helps : 599 602 615 644 668 673 
degeneracy worse : 484 484 512 661 760 879 
SCL #err deg : 1948 / 7000
SCL #err weighted degeneracy : 1818 1818 1839 1967 2044 2159 
degeneracy helps : 607 610 622 650 673 678 
degeneracy worse : 488 488 517 669 769 889 
SCL #err deg : 1975 / 7100
SCL #err weighted degeneracy : 1836 1836 1858 1988 2068 2185 
degeneracy helps : 620 624 635 663 686 691 
degeneracy worse : 493 493 522 676 779 901 
SCL #err deg : 2005 / 7200
SCL #err weighted degeneracy : 1864 1864 1884 2017 2102 2222 
degeneracy helps : 632 636 649 677 698 702 
degeneracy worse : 503 503 532 689 795 919 
SCL #err deg : 2030 / 7300
SCL #err weighted degeneracy : 1893 1893 1913 2047 2134 2258 
degeneracy helps : 636 640 653 682 703 706 
degeneracy worse : 511 511 540 699 807 934 
SCL #err deg : 2060 / 7400
SCL #err weighted degeneracy : 1919 1919 1941 2077 2165 2291 
degeneracy helps : 645 649 661 690 711 714 
degeneracy worse : 516 516 546 707 816 945 
SCL #err deg : 2086 / 7500
SCL #err weighted degeneracy : 1949 1949 1972 2108 2198 2327 
degeneracy helps : 651 655 667 697 717 720 
degeneracy worse : 526 526 557 719 829 961 
SCL #err deg : 2115 / 7600
SCL #err weighted degeneracy : 1981 1981 2005 2146 2237 2362 
degeneracy helps : 654 658 670 700 720 725 
degeneracy worse : 532 532 564 731 842 972 
SCL #err deg : 2142 / 7700
SCL #err weighted degeneracy : 2010 2010 2033 2173 2268 2393 
degeneracy helps : 657 661 674 707 727 732 
degeneracy worse : 538 538 569 738 853 983 
SCL #err deg : 2160 / 7800
SCL #err weighted degeneracy : 2025 2025 2048 2190 2287 2414 
degeneracy helps : 666 670 683 715 735 740 
degeneracy worse : 544 544 575 745 862 994 
SCL #err deg : 2182 / 7900
SCL #err weighted degeneracy : 2047 2047 2070 2218 2314 2441 
degeneracy helps : 673 677 690 723 744 748 
degeneracy worse : 552 552 583 759 876 1007 
SCL #err deg : 2216 / 8000
SCL #err weighted degeneracy : 2074 2074 2097 2244 2343 2472 
degeneracy helps : 686 690 703 738 758 762 
degeneracy worse : 558 558 589 766 885 1018 
SCL #err deg : 2246 / 8100
SCL #err weighted degeneracy : 2101 2101 2124 2274 2375 2506 
degeneracy helps : 697 701 714 748 768 772 
degeneracy worse : 566 566 597 776 897 1032 
SCL #err deg : 2273 / 8200
SCL #err weighted degeneracy : 2123 2123 2147 2298 2397 2530 
degeneracy helps : 707 711 724 758 780 783 
degeneracy worse : 571 571 603 783 904 1040 
SCL #err deg : 2300 / 8300
SCL #err weighted degeneracy : 2145 2145 2170 2320 2421 2555 
degeneracy helps : 714 718 732 768 789 793 
degeneracy worse : 575 575 608 788 910 1048 
SCL #err deg : 2333 / 8400
SCL #err weighted degeneracy : 2177 2177 2202 2352 2451 2586 
degeneracy helps : 723 727 741 778 801 805 
degeneracy worse : 583 583 616 797 919 1058 
SCL #err deg : 2365 / 8500
SCL #err weighted degeneracy : 2211 2211 2235 2386 2486 2621 
degeneracy helps : 731 735 750 787 810 815 
degeneracy worse : 593 593 626 808 931 1071 
SCL #err deg : 2398 / 8600
SCL #err weighted degeneracy : 2241 2241 2265 2414 2516 2651 
degeneracy helps : 743 747 762 801 825 831 
degeneracy worse : 602 602 635 817 943 1084 
SCL #err deg : 2424 / 8700
SCL #err weighted degeneracy : 2265 2265 2289 2443 2544 2678 
degeneracy helps : 751 755 770 809 834 840 
degeneracy worse : 608 608 641 828 954 1094 
SCL #err deg : 2455 / 8800
SCL #err weighted degeneracy : 2292 2292 2315 2473 2573 2709 
degeneracy helps : 761 765 781 821 847 852 
degeneracy worse : 614 614 647 839 965 1106 
SCL #err deg : 2485 / 8900
SCL #err weighted degeneracy : 2320 2320 2344 2503 2606 2744 
degeneracy helps : 768 772 788 828 853 857 
degeneracy worse : 619 619 653 846 974 1116 
SCL #err deg : 2515 / 9000
SCL #err weighted degeneracy : 2345 2345 2370 2530 2633 2772 
degeneracy helps : 782 786 801 841 867 871 
degeneracy worse : 628 628 662 856 985 1128 
SCL #err deg : 2550 / 9100
SCL #err weighted degeneracy : 2374 2374 2399 2562 2666 2808 
degeneracy helps : 792 796 811 851 877 881 
degeneracy worse : 632 632 666 863 993 1139 
SCL #err deg : 2578 / 9200
SCL #err weighted degeneracy : 2399 2399 2424 2586 2691 2834 
degeneracy helps : 805 809 824 865 891 895 
degeneracy worse : 642 642 676 873 1004 1151 
SCL #err deg : 2610 / 9300
SCL #err weighted degeneracy : 2433 2433 2458 2621 2728 2872 
degeneracy helps : 812 816 832 873 898 902 
degeneracy worse : 651 651 686 884 1016 1164 
SCL #err deg : 2630 / 9400
SCL #err weighted degeneracy : 2452 2452 2477 2643 2749 2895 
degeneracy helps : 819 823 840 881 906 911 
degeneracy worse : 657 657 693 894 1025 1176 
SCL #err deg : 2659 / 9500
SCL #err weighted degeneracy : 2474 2474 2499 2667 2774 2921 
degeneracy helps : 831 835 852 893 919 924 
degeneracy worse : 662 662 698 901 1034 1186 
SCL #err deg : 2681 / 9600
SCL #err weighted degeneracy : 2501 2501 2526 2699 2808 2957 
degeneracy helps : 837 841 858 901 928 933 
degeneracy worse : 673 673 709 919 1055 1209 
SCL #err deg : 2718 / 9700
SCL #err weighted degeneracy : 2536 2536 2562 2734 2845 2997 
degeneracy helps : 846 850 867 911 937 941 
degeneracy worse : 680 680 717 927 1064 1220 
SCL #err deg : 2742 / 9800
SCL #err weighted degeneracy : 2555 2555 2579 2754 2868 3023 
degeneracy helps : 855 859 878 921 947 951 
degeneracy worse : 684 684 721 933 1073 1232 
SCL #err deg : 2763 / 9900
SCL #err weighted degeneracy : 2578 2578 2604 2784 2899 3056 
degeneracy helps : 861 865 884 926 951 955 
degeneracy worse : 692 692 731 947 1087 1248 
SCL #err deg : 2790 / 10000
SCL #err weighted degeneracy : 2608 2608 2635 2812 2928 3085 
degeneracy helps : 867 871 889 933 958 962 
degeneracy worse : 701 701 740 955 1096 1257 
average #flips: 13.0895
SCL #err considering degeneracy: 2790
error due to equal 1319
error due to SCL smaller 1471
Finish in 1122 s
