Simulation Polar syndrome FASTER N=128, K=65, l=128, pz=0.106, #samples=10000, seed=7348
PW construction
Event generator random seed: 7348
SCL #err deg : 31 / 100
SCL #err weighted degeneracy : 26 26 27 33 34 40 
degeneracy helps : 11 11 12 10 10 10 
degeneracy worse : 6 6 8 12 13 19 
SCL #err deg : 68 / 200
SCL #err weighted degeneracy : 58 58 60 67 70 77 
degeneracy helps : 22 22 24 24 24 25 
degeneracy worse : 12 12 16 23 26 34 
SCL #err deg : 103 / 300
SCL #err weighted degeneracy : 84 84 87 95 99 107 
degeneracy helps : 33 33 36 37 38 39 
degeneracy worse : 14 14 20 29 34 43 
SCL #err deg : 128 / 400
SCL #err weighted degeneracy : 114 114 119 127 133 142 
degeneracy helps : 35 35 38 41 41 43 
degeneracy worse : 21 21 29 40 46 57 
SCL #err deg : 160 / 500
SCL #err weighted degeneracy : 147 147 153 159 166 177 
degeneracy helps : 43 43 46 51 50 51 
degeneracy worse : 30 30 39 50 56 68 
SCL #err deg : 189 / 600
SCL #err weighted degeneracy : 170 170 176 182 190 205 
degeneracy helps : 55 55 58 62 61 63 
degeneracy worse : 36 36 45 55 62 79 
SCL #err deg : 224 / 700
SCL #err weighted degeneracy : 198 198 205 211 219 236 
degeneracy helps : 66 66 69 74 74 76 
degeneracy worse : 40 40 50 61 69 88 
SCL #err deg : 254 / 800
SCL #err weighted degeneracy : 227 227 231 238 249 266 
degeneracy helps : 75 75 80 86 85 87 
degeneracy worse : 48 48 57 70 80 99 
SCL #err deg : 286 / 900
SCL #err weighted degeneracy : 257 257 259 270 281 298 
degeneracy helps : 85 85 90 93 91 93 
degeneracy worse : 56 56 63 77 86 105 
SCL #err deg : 320 / 1000
SCL #err weighted degeneracy : 284 284 287 299 310 329 
degeneracy helps : 95 95 100 104 102 104 
degeneracy worse : 59 59 67 83 92 113 
SCL #err deg : 359 / 1100
SCL #err weighted degeneracy : 321 321 324 336 349 369 
degeneracy helps : 109 109 114 118 115 116 
degeneracy worse : 71 71 79 95 105 126 
SCL #err deg : 390 / 1200
SCL #err weighted degeneracy : 352 352 351 362 378 402 
degeneracy helps : 117 117 127 133 129 130 
degeneracy worse : 80 80 88 105 117 142 
SCL #err deg : 422 / 1300
SCL #err weighted degeneracy : 379 379 380 389 406 432 
degeneracy helps : 128 128 138 147 143 144 
degeneracy worse : 86 86 96 114 127 154 
SCL #err deg : 455 / 1400
SCL #err weighted degeneracy : 410 410 411 420 438 466 
degeneracy helps : 138 138 148 157 154 156 
degeneracy worse : 94 94 104 122 137 167 
SCL #err deg : 481 / 1500
SCL #err weighted degeneracy : 432 432 433 445 463 491 
degeneracy helps : 148 148 158 167 166 170 
degeneracy worse : 100 100 110 131 148 180 
SCL #err deg : 522 / 1600
SCL #err weighted degeneracy : 467 467 468 481 498 532 
degeneracy helps : 162 162 173 183 183 183 
degeneracy worse : 109 109 119 142 159 193 
SCL #err deg : 553 / 1700
SCL #err weighted degeneracy : 498 498 501 516 533 568 
degeneracy helps : 168 168 178 189 189 189 
degeneracy worse : 115 115 126 152 169 204 
SCL #err deg : 581 / 1800
SCL #err weighted degeneracy : 531 531 534 549 567 604 
degeneracy helps : 175 175 185 197 198 197 
degeneracy worse : 127 127 138 165 184 220 
SCL #err deg : 618 / 1900
SCL #err weighted degeneracy : 560 560 563 581 599 634 
degeneracy helps : 188 188 198 209 211 211 
degeneracy worse : 132 132 143 172 192 227 
SCL #err deg : 654 / 2000
SCL #err weighted degeneracy : 590 590 595 619 636 673 
degeneracy helps : 199 199 208 219 222 221 
degeneracy worse : 137 137 149 184 204 240 
SCL #err deg : 689 / 2100
SCL #err weighted degeneracy : 619 619 625 652 668 708 
degeneracy helps : 212 212 221 231 236 235 
degeneracy worse : 144 144 157 194 215 254 
SCL #err deg : 712 / 2200
SCL #err weighted degeneracy : 641 641 647 678 693 735 
degeneracy helps : 219 219 229 238 243 243 
degeneracy worse : 150 150 164 204 224 266 
SCL #err deg : 749 / 2300
SCL #err weighted degeneracy : 670 670 676 704 721 765 
degeneracy helps : 233 233 243 254 259 259 
degeneracy worse : 156 156 170 209 231 275 
SCL #err deg : 774 / 2400
SCL #err weighted degeneracy : 695 695 701 733 754 797 
degeneracy helps : 240 240 250 260 265 266 
degeneracy worse : 163 163 177 219 245 289 
SCL #err deg : 806 / 2500
SCL #err weighted degeneracy : 723 723 731 761 784 827 
degeneracy helps : 252 252 261 272 278 279 
degeneracy worse : 171 171 186 227 256 300 
SCL #err deg : 836 / 2600
SCL #err weighted degeneracy : 749 749 758 789 812 855 
degeneracy helps : 263 263 271 283 290 291 
degeneracy worse : 178 178 193 236 266 310 
SCL #err deg : 870 / 2700
SCL #err weighted degeneracy : 780 780 788 820 845 888 
degeneracy helps : 273 273 283 295 303 306 
degeneracy worse : 185 185 201 245 278 324 
SCL #err deg : 902 / 2800
SCL #err weighted degeneracy : 810 810 819 852 879 921 
degeneracy helps : 283 283 293 308 315 321 
degeneracy worse : 193 193 210 258 292 340 
SCL #err deg : 937 / 2900
SCL #err weighted degeneracy : 835 835 845 880 910 951 
degeneracy helps : 296 296 306 322 328 337 
degeneracy worse : 196 196 214 265 301 351 
SCL #err deg : 967 / 3000
SCL #err weighted degeneracy : 865 865 876 912 943 985 
degeneracy helps : 300 300 310 328 334 345 
degeneracy worse : 200 200 219 273 310 363 
SCL #err deg : 1001 / 3100
SCL #err weighted degeneracy : 888 888 901 940 973 1018 
degeneracy helps : 315 315 324 342 348 358 
degeneracy worse : 204 204 224 281 320 375 
SCL #err deg : 1029 / 3200
SCL #err weighted degeneracy : 917 917 932 970 1004 1053 
degeneracy helps : 326 326 334 354 360 369 
degeneracy worse : 216 216 237 295 335 393 
SCL #err deg : 1054 / 3300
SCL #err weighted degeneracy : 942 942 959 997 1032 1083 
degeneracy helps : 333 333 340 359 366 375 
degeneracy worse : 223 223 245 302 344 404 
SCL #err deg : 1084 / 3400
SCL #err weighted degeneracy : 964 964 980 1023 1058 1107 
degeneracy helps : 345 345 353 372 379 390 
degeneracy worse : 227 227 249 311 353 413 
SCL #err deg : 1112 / 3500
SCL #err weighted degeneracy : 990 990 1009 1057 1093 1144 
degeneracy helps : 353 353 360 379 386 397 
degeneracy worse : 233 233 257 324 367 429 
SCL #err deg : 1147 / 3600
SCL #err weighted degeneracy : 1023 1023 1042 1095 1131 1186 
degeneracy helps : 363 363 370 388 396 407 
degeneracy worse : 241 241 265 336 380 446 
SCL #err deg : 1180 / 3700
SCL #err weighted degeneracy : 1056 1056 1074 1126 1162 1216 
degeneracy helps : 372 372 380 399 407 421 
degeneracy worse : 250 250 274 345 389 457 
SCL #err deg : 1210 / 3800
SCL #err weighted degeneracy : 1094 1094 1112 1165 1196 1255 
degeneracy helps : 378 378 386 405 416 430 
degeneracy worse : 264 264 288 360 402 475 
SCL #err deg : 1235 / 3900
SCL #err weighted degeneracy : 1115 1115 1134 1189 1222 1283 
degeneracy helps : 387 387 395 414 425 439 
degeneracy worse : 269 269 294 368 412 487 
SCL #err deg : 1271 / 4000
SCL #err weighted degeneracy : 1144 1144 1163 1220 1257 1322 
degeneracy helps : 403 403 411 430 439 453 
degeneracy worse : 278 278 303 379 425 504 
SCL #err deg : 1309 / 4100
SCL #err weighted degeneracy : 1182 1182 1203 1261 1300 1367 
degeneracy helps : 411 411 418 438 446 461 
degeneracy worse : 286 286 312 390 437 519 
SCL #err deg : 1332 / 4200
SCL #err weighted degeneracy : 1203 1203 1224 1284 1322 1391 
degeneracy helps : 417 417 424 443 452 467 
degeneracy worse : 290 290 316 395 442 526 
SCL #err deg : 1371 / 4300
SCL #err weighted degeneracy : 1241 1241 1264 1329 1370 1434 
degeneracy helps : 430 430 435 453 463 481 
degeneracy worse : 302 302 328 411 462 544 
SCL #err deg : 1394 / 4400
SCL #err weighted degeneracy : 1261 1261 1284 1352 1398 1465 
degeneracy helps : 437 437 443 462 472 491 
degeneracy worse : 306 306 333 420 476 562 
SCL #err deg : 1421 / 4500
SCL #err weighted degeneracy : 1294 1294 1320 1391 1440 1509 
degeneracy helps : 442 442 448 468 478 498 
degeneracy worse : 318 318 348 438 497 586 
SCL #err deg : 1456 / 4600
SCL #err weighted degeneracy : 1330 1330 1356 1432 1484 1552 
degeneracy helps : 450 450 456 475 485 506 
degeneracy worse : 327 327 357 451 513 602 
SCL #err deg : 1483 / 4700
SCL #err weighted degeneracy : 1355 1355 1382 1457 1517 1590 
degeneracy helps : 460 460 466 486 494 515 
degeneracy worse : 335 335 366 460 528 622 
SCL #err deg : 1512 / 4800
SCL #err weighted degeneracy : 1382 1382 1410 1488 1548 1619 
degeneracy helps : 468 468 474 493 502 524 
degeneracy worse : 341 341 373 469 538 631 
SCL #err deg : 1543 / 4900
SCL #err weighted degeneracy : 1413 1413 1442 1522 1583 1657 
degeneracy helps : 475 475 481 501 510 532 
degeneracy worse : 348 348 381 480 550 646 
SCL #err deg : 1571 / 5000
SCL #err weighted degeneracy : 1446 1446 1476 1556 1618 1694 
degeneracy helps : 479 479 484 507 516 539 
degeneracy worse : 357 357 390 492 563 662 
SCL #err deg : 1603 / 5100
SCL #err weighted degeneracy : 1475 1475 1506 1586 1648 1726 
degeneracy helps : 488 488 493 516 525 548 
degeneracy worse : 363 363 397 499 570 671 
SCL #err deg : 1640 / 5200
SCL #err weighted degeneracy : 1505 1505 1536 1621 1683 1763 
degeneracy helps : 499 498 505 528 539 562 
degeneracy worse : 367 367 402 509 582 685 
SCL #err deg : 1669 / 5300
SCL #err weighted degeneracy : 1536 1536 1568 1652 1714 1797 
degeneracy helps : 506 505 512 537 549 572 
degeneracy worse : 376 376 412 520 594 700 
SCL #err deg : 1701 / 5400
SCL #err weighted degeneracy : 1567 1567 1599 1684 1747 1829 
degeneracy helps : 514 513 520 546 558 582 
degeneracy worse : 383 383 419 529 604 710 
SCL #err deg : 1727 / 5500
SCL #err weighted degeneracy : 1592 1592 1624 1713 1777 1863 
degeneracy helps : 519 518 525 550 562 586 
degeneracy worse : 387 387 423 536 612 722 
SCL #err deg : 1761 / 5600
SCL #err weighted degeneracy : 1627 1627 1657 1746 1812 1901 
degeneracy helps : 526 525 534 560 574 598 
degeneracy worse : 395 395 431 545 625 738 
SCL #err deg : 1793 / 5700
SCL #err weighted degeneracy : 1662 1662 1692 1783 1849 1943 
degeneracy helps : 531 530 539 565 580 603 
degeneracy worse : 403 403 439 555 636 753 
SCL #err deg : 1826 / 5800
SCL #err weighted degeneracy : 1699 1699 1728 1815 1884 1978 
degeneracy helps : 536 535 545 574 589 613 
degeneracy worse : 412 412 448 563 647 765 
SCL #err deg : 1856 / 5900
SCL #err weighted degeneracy : 1735 1735 1765 1851 1920 2014 
degeneracy helps : 542 541 551 580 595 620 
degeneracy worse : 424 424 461 575 659 778 
SCL #err deg : 1889 / 6000
SCL #err weighted degeneracy : 1761 1761 1791 1878 1947 2045 
degeneracy helps : 556 555 566 597 612 636 
degeneracy worse : 431 431 469 586 670 792 
SCL #err deg : 1916 / 6100
SCL #err weighted degeneracy : 1788 1788 1818 1910 1980 2079 
degeneracy helps : 565 564 575 606 621 645 
degeneracy worse : 440 440 478 600 685 808 
SCL #err deg : 1948 / 6200
SCL #err weighted degeneracy : 1817 1817 1848 1940 2010 2112 
degeneracy helps : 576 575 586 617 633 657 
degeneracy worse : 448 448 487 609 695 821 
SCL #err deg : 1968 / 6300
SCL #err weighted degeneracy : 1843 1843 1875 1971 2043 2146 
degeneracy helps : 581 580 592 622 638 662 
degeneracy worse : 459 459 500 625 713 840 
SCL #err deg : 2006 / 6400
SCL #err weighted degeneracy : 1870 1870 1902 2001 2075 2177 
degeneracy helps : 598 597 609 638 653 677 
degeneracy worse : 466 466 507 633 722 848 
SCL #err deg : 2037 / 6500
SCL #err weighted degeneracy : 1903 1903 1934 2038 2110 2215 
degeneracy helps : 603 602 615 644 660 684 
degeneracy worse : 473 473 514 645 733 862 
SCL #err deg : 2066 / 6600
SCL #err weighted degeneracy : 1930 1930 1961 2065 2136 2244 
degeneracy helps : 612 611 624 654 671 696 
degeneracy worse : 480 480 521 653 741 874 
SCL #err deg : 2092 / 6700
SCL #err weighted degeneracy : 1954 1954 1986 2089 2164 2272 
degeneracy helps : 620 619 633 665 679 705 
degeneracy worse : 486 486 529 662 751 885 
SCL #err deg : 2125 / 6800
SCL #err weighted degeneracy : 1983 1983 2014 2118 2192 2303 
degeneracy helps : 630 629 643 676 692 718 
degeneracy worse : 492 492 534 669 759 896 
SCL #err deg : 2166 / 6900
SCL #err weighted degeneracy : 2019 2019 2049 2154 2230 2339 
degeneracy helps : 640 639 654 689 705 734 
degeneracy worse : 497 497 539 677 769 907 
SCL #err deg : 2197 / 7000
SCL #err weighted degeneracy : 2045 2045 2076 2183 2260 2370 
degeneracy helps : 650 649 664 700 716 747 
degeneracy worse : 502 502 545 686 779 920 
SCL #err deg : 2219 / 7100
SCL #err weighted degeneracy : 2076 2076 2108 2216 2295 2407 
degeneracy helps : 653 652 667 704 721 753 
degeneracy worse : 514 514 558 701 797 941 
SCL #err deg : 2253 / 7200
SCL #err weighted degeneracy : 2102 2102 2133 2248 2328 2441 
degeneracy helps : 668 667 683 720 737 769 
degeneracy worse : 521 521 565 715 812 957 
SCL #err deg : 2281 / 7300
SCL #err weighted degeneracy : 2135 2135 2167 2284 2363 2478 
degeneracy helps : 675 674 690 727 744 776 
degeneracy worse : 533 533 578 730 826 973 
SCL #err deg : 2315 / 7400
SCL #err weighted degeneracy : 2163 2163 2197 2315 2397 2512 
degeneracy helps : 689 688 704 741 759 790 
degeneracy worse : 541 541 588 741 841 987 
SCL #err deg : 2342 / 7500
SCL #err weighted degeneracy : 2194 2194 2228 2347 2429 2547 
degeneracy helps : 692 691 707 745 764 795 
degeneracy worse : 548 548 595 750 851 1000 
SCL #err deg : 2372 / 7600
SCL #err weighted degeneracy : 2224 2224 2259 2379 2463 2580 
degeneracy helps : 698 697 713 754 774 807 
degeneracy worse : 554 554 602 761 865 1015 
SCL #err deg : 2402 / 7700
SCL #err weighted degeneracy : 2251 2251 2286 2408 2494 2613 
degeneracy helps : 707 706 722 764 783 816 
degeneracy worse : 560 560 608 770 875 1027 
SCL #err deg : 2428 / 7800
SCL #err weighted degeneracy : 2276 2276 2310 2432 2518 2638 
degeneracy helps : 714 713 730 774 794 828 
degeneracy worse : 566 566 614 778 884 1038 
SCL #err deg : 2448 / 7900
SCL #err weighted degeneracy : 2301 2301 2336 2459 2548 2671 
degeneracy helps : 717 716 733 779 798 834 
degeneracy worse : 574 574 623 790 898 1057 
SCL #err deg : 2482 / 8000
SCL #err weighted degeneracy : 2330 2330 2364 2488 2579 2703 
degeneracy helps : 726 725 743 791 809 845 
degeneracy worse : 578 578 627 797 906 1066 
SCL #err deg : 2519 / 8100
SCL #err weighted degeneracy : 2356 2356 2389 2515 2608 2733 
degeneracy helps : 745 744 763 810 827 864 
degeneracy worse : 586 586 635 806 916 1078 
SCL #err deg : 2552 / 8200
SCL #err weighted degeneracy : 2385 2385 2419 2545 2636 2759 
degeneracy helps : 755 754 773 821 840 879 
degeneracy worse : 592 592 642 814 924 1086 
SCL #err deg : 2583 / 8300
SCL #err weighted degeneracy : 2409 2409 2443 2571 2663 2788 
degeneracy helps : 768 767 787 835 854 893 
degeneracy worse : 598 598 649 823 934 1098 
SCL #err deg : 2620 / 8400
SCL #err weighted degeneracy : 2446 2446 2479 2607 2698 2824 
degeneracy helps : 776 775 796 845 864 904 
degeneracy worse : 606 606 657 832 942 1108 
SCL #err deg : 2658 / 8500
SCL #err weighted degeneracy : 2480 2480 2513 2643 2735 2864 
degeneracy helps : 786 785 807 855 874 915 
degeneracy worse : 612 612 664 840 951 1121 
SCL #err deg : 2689 / 8600
SCL #err weighted degeneracy : 2511 2511 2543 2672 2764 2897 
degeneracy helps : 794 793 816 867 885 924 
degeneracy worse : 620 620 672 850 960 1132 
SCL #err deg : 2722 / 8700
SCL #err weighted degeneracy : 2541 2541 2573 2703 2797 2932 
degeneracy helps : 804 803 826 877 897 936 
degeneracy worse : 627 627 679 858 972 1146 
SCL #err deg : 2758 / 8800
SCL #err weighted degeneracy : 2572 2572 2603 2738 2833 2969 
degeneracy helps : 815 814 839 889 910 949 
degeneracy worse : 634 634 686 869 985 1160 
SCL #err deg : 2790 / 8900
SCL #err weighted degeneracy : 2599 2599 2632 2767 2867 3001 
degeneracy helps : 827 826 849 899 919 958 
degeneracy worse : 641 641 693 876 996 1169 
SCL #err deg : 2821 / 9000
SCL #err weighted degeneracy : 2625 2625 2659 2794 2893 3029 
degeneracy helps : 838 837 860 911 933 972 
degeneracy worse : 648 648 701 884 1005 1180 
SCL #err deg : 2855 / 9100
SCL #err weighted degeneracy : 2656 2656 2689 2828 2926 3064 
degeneracy helps : 845 844 867 918 942 981 
degeneracy worse : 652 652 704 891 1013 1190 
SCL #err deg : 2893 / 9200
SCL #err weighted degeneracy : 2685 2685 2718 2860 2960 3100 
degeneracy helps : 860 859 883 933 957 996 
degeneracy worse : 658 658 711 900 1024 1203 
SCL #err deg : 2919 / 9300
SCL #err weighted degeneracy : 2718 2718 2751 2894 2996 3139 
degeneracy helps : 863 862 886 936 960 999 
degeneracy worse : 668 668 721 911 1037 1219 
SCL #err deg : 2941 / 9400
SCL #err weighted degeneracy : 2743 2743 2777 2921 3024 3167 
degeneracy helps : 867 866 890 941 965 1006 
degeneracy worse : 675 675 729 921 1048 1232 
SCL #err deg : 2966 / 9500
SCL #err weighted degeneracy : 2767 2767 2800 2945 3048 3191 
degeneracy helps : 877 876 901 951 975 1016 
degeneracy worse : 684 684 738 930 1057 1241 
SCL #err deg : 2995 / 9600
SCL #err weighted degeneracy : 2796 2796 2829 2979 3084 3226 
degeneracy helps : 887 886 911 963 987 1029 
degeneracy worse : 694 694 748 947 1076 1260 
SCL #err deg : 3035 / 9700
SCL #err weighted degeneracy : 2834 2834 2867 3017 3125 3266 
degeneracy helps : 898 897 921 973 995 1039 
degeneracy worse : 703 703 756 955 1085 1270 
SCL #err deg : 3062 / 9800
SCL #err weighted degeneracy : 2857 2857 2890 3039 3149 3291 
degeneracy helps : 907 906 932 985 1007 1051 
degeneracy worse : 708 708 763 962 1094 1280 
SCL #err deg : 3088 / 9900
SCL #err weighted degeneracy : 2882 2882 2915 3068 3181 3324 
degeneracy helps : 916 915 941 994 1015 1059 
degeneracy worse : 716 716 771 974 1108 1295 
SCL #err deg : 3116 / 10000
SCL #err weighted degeneracy : 2912 2912 2946 3100 3212 3353 
degeneracy helps : 923 922 949 1001 1023 1069 
degeneracy worse : 725 725 782 985 1119 1306 
average #flips: 13.6125
SCL #err considering degeneracy: 3116
error due to equal 1403
error due to SCL smaller 1713
Finish in 1155 s
