Simulation Polar syndrome FASTER N=128, K=65, l=128, pz=0.108, #samples=10000, seed=7348
PW construction
Event generator random seed: 7348
SCL #err deg : 28 / 100
SCL #err weighted degeneracy : 29 29 31 35 38 45 
degeneracy helps : 7 7 7 6 7 7 
degeneracy worse : 8 8 10 13 17 24 
SCL #err deg : 68 / 200
SCL #err weighted degeneracy : 64 64 67 73 77 86 
degeneracy helps : 18 18 18 18 19 19 
degeneracy worse : 14 14 17 23 28 37 
SCL #err deg : 97 / 300
SCL #err weighted degeneracy : 92 92 96 101 108 118 
degeneracy helps : 27 27 27 29 30 30 
degeneracy worse : 22 22 26 33 41 51 
SCL #err deg : 121 / 400
SCL #err weighted degeneracy : 122 122 127 134 140 154 
degeneracy helps : 32 32 32 34 38 37 
degeneracy worse : 33 33 38 47 57 70 
SCL #err deg : 155 / 500
SCL #err weighted degeneracy : 154 154 160 169 176 188 
degeneracy helps : 44 44 43 46 49 50 
degeneracy worse : 43 43 48 60 70 83 
SCL #err deg : 188 / 600
SCL #err weighted degeneracy : 182 182 187 196 203 218 
degeneracy helps : 56 56 56 61 64 65 
degeneracy worse : 50 50 55 69 79 95 
SCL #err deg : 223 / 700
SCL #err weighted degeneracy : 215 215 219 229 238 255 
degeneracy helps : 63 63 65 71 76 78 
degeneracy worse : 55 55 61 77 91 110 
SCL #err deg : 250 / 800
SCL #err weighted degeneracy : 241 241 245 256 269 289 
degeneracy helps : 72 72 74 81 86 88 
degeneracy worse : 63 63 69 87 105 127 
SCL #err deg : 281 / 900
SCL #err weighted degeneracy : 272 272 276 288 301 322 
degeneracy helps : 79 79 82 90 95 99 
degeneracy worse : 71 71 77 97 115 140 
SCL #err deg : 310 / 1000
SCL #err weighted degeneracy : 301 301 305 316 329 354 
degeneracy helps : 87 87 90 99 105 108 
degeneracy worse : 79 79 85 105 124 152 
SCL #err deg : 348 / 1100
SCL #err weighted degeneracy : 339 339 343 355 369 395 
degeneracy helps : 97 97 100 110 117 120 
degeneracy worse : 89 89 95 117 138 167 
SCL #err deg : 375 / 1200
SCL #err weighted degeneracy : 372 372 372 385 401 429 
degeneracy helps : 101 101 108 118 125 129 
degeneracy worse : 99 99 105 128 151 183 
SCL #err deg : 411 / 1300
SCL #err weighted degeneracy : 403 403 403 420 435 465 
degeneracy helps : 113 113 120 131 138 143 
degeneracy worse : 106 106 112 140 162 197 
SCL #err deg : 446 / 1400
SCL #err weighted degeneracy : 438 438 437 455 468 503 
degeneracy helps : 120 120 128 141 150 153 
degeneracy worse : 113 113 119 150 172 210 
SCL #err deg : 482 / 1500
SCL #err weighted degeneracy : 465 465 464 483 497 534 
degeneracy helps : 136 136 144 158 167 171 
degeneracy worse : 120 120 126 159 182 223 
SCL #err deg : 526 / 1600
SCL #err weighted degeneracy : 507 507 507 527 539 577 
degeneracy helps : 146 146 153 168 179 184 
degeneracy worse : 128 128 134 169 192 235 
SCL #err deg : 560 / 1700
SCL #err weighted degeneracy : 538 538 539 558 570 609 
degeneracy helps : 153 153 160 176 188 194 
degeneracy worse : 132 132 139 174 198 243 
SCL #err deg : 592 / 1800
SCL #err weighted degeneracy : 568 568 569 590 607 647 
degeneracy helps : 162 162 169 186 197 205 
degeneracy worse : 139 139 146 184 212 260 
SCL #err deg : 627 / 1900
SCL #err weighted degeneracy : 601 601 602 626 643 685 
degeneracy helps : 171 171 178 194 206 214 
degeneracy worse : 146 146 153 193 222 272 
SCL #err deg : 663 / 2000
SCL #err weighted degeneracy : 628 628 629 656 670 714 
degeneracy helps : 187 187 195 210 226 233 
degeneracy worse : 153 153 161 203 233 284 
SCL #err deg : 696 / 2100
SCL #err weighted degeneracy : 658 658 660 689 705 751 
degeneracy helps : 196 196 204 219 235 242 
degeneracy worse : 159 159 168 212 244 297 
SCL #err deg : 723 / 2200
SCL #err weighted degeneracy : 682 682 685 718 733 780 
degeneracy helps : 204 204 212 227 244 251 
degeneracy worse : 164 164 174 222 254 308 
SCL #err deg : 764 / 2300
SCL #err weighted degeneracy : 717 717 720 754 769 819 
degeneracy helps : 216 216 224 240 258 264 
degeneracy worse : 170 170 180 230 263 319 
SCL #err deg : 789 / 2400
SCL #err weighted degeneracy : 742 742 745 782 801 853 
degeneracy helps : 225 225 233 249 266 271 
degeneracy worse : 179 179 189 242 278 335 
SCL #err deg : 819 / 2500
SCL #err weighted degeneracy : 770 770 774 810 831 883 
degeneracy helps : 234 234 242 260 277 283 
degeneracy worse : 186 186 197 251 289 347 
SCL #err deg : 848 / 2600
SCL #err weighted degeneracy : 799 799 803 839 862 913 
degeneracy helps : 243 243 251 270 286 294 
degeneracy worse : 195 195 206 261 300 359 
SCL #err deg : 885 / 2700
SCL #err weighted degeneracy : 832 832 837 872 895 948 
degeneracy helps : 254 254 262 283 299 304 
degeneracy worse : 202 202 214 270 309 367 
SCL #err deg : 911 / 2800
SCL #err weighted degeneracy : 865 865 870 905 932 986 
degeneracy helps : 259 259 267 290 306 312 
degeneracy worse : 214 214 226 284 327 387 
SCL #err deg : 940 / 2900
SCL #err weighted degeneracy : 893 893 900 938 966 1022 
degeneracy helps : 267 267 275 298 314 320 
degeneracy worse : 221 221 235 296 340 402 
SCL #err deg : 973 / 3000
SCL #err weighted degeneracy : 932 932 940 978 1006 1063 
degeneracy helps : 272 272 280 304 320 327 
degeneracy worse : 232 232 247 309 353 417 
SCL #err deg : 1005 / 3100
SCL #err weighted degeneracy : 962 962 970 1006 1035 1095 
degeneracy helps : 280 280 288 315 331 339 
degeneracy worse : 238 238 253 316 361 429 
SCL #err deg : 1041 / 3200
SCL #err weighted degeneracy : 994 994 1003 1039 1069 1131 
degeneracy helps : 292 293 300 331 348 356 
degeneracy worse : 247 247 263 329 376 446 
SCL #err deg : 1070 / 3300
SCL #err weighted degeneracy : 1022 1022 1031 1064 1094 1158 
degeneracy helps : 298 299 306 341 358 366 
degeneracy worse : 252 252 268 335 382 454 
SCL #err deg : 1101 / 3400
SCL #err weighted degeneracy : 1045 1045 1053 1089 1120 1189 
degeneracy helps : 310 311 320 355 372 378 
degeneracy worse : 256 256 273 343 391 466 
SCL #err deg : 1136 / 3500
SCL #err weighted degeneracy : 1069 1069 1080 1118 1151 1220 
degeneracy helps : 326 327 336 370 387 394 
degeneracy worse : 261 261 281 352 402 478 
SCL #err deg : 1167 / 3600
SCL #err weighted degeneracy : 1100 1100 1110 1151 1185 1255 
degeneracy helps : 333 334 344 378 394 402 
degeneracy worse : 268 268 288 362 412 490 
SCL #err deg : 1202 / 3700
SCL #err weighted degeneracy : 1130 1130 1139 1178 1214 1283 
degeneracy helps : 344 345 357 392 408 416 
degeneracy worse : 275 275 295 368 420 497 
SCL #err deg : 1238 / 3800
SCL #err weighted degeneracy : 1166 1166 1176 1215 1248 1318 
degeneracy helps : 354 355 366 402 421 430 
degeneracy worse : 285 285 305 379 431 510 
SCL #err deg : 1259 / 3900
SCL #err weighted degeneracy : 1191 1191 1202 1242 1274 1347 
degeneracy helps : 362 363 374 410 430 439 
degeneracy worse : 297 297 318 393 445 527 
SCL #err deg : 1291 / 4000
SCL #err weighted degeneracy : 1220 1220 1231 1275 1310 1383 
degeneracy helps : 373 374 385 420 440 450 
degeneracy worse : 306 306 327 404 459 542 
SCL #err deg : 1332 / 4100
SCL #err weighted degeneracy : 1257 1257 1268 1315 1352 1427 
degeneracy helps : 383 384 395 431 449 458 
degeneracy worse : 312 312 333 414 469 553 
SCL #err deg : 1354 / 4200
SCL #err weighted degeneracy : 1285 1285 1296 1343 1382 1460 
degeneracy helps : 386 387 398 434 451 461 
degeneracy worse : 321 321 342 423 479 567 
SCL #err deg : 1396 / 4300
SCL #err weighted degeneracy : 1324 1324 1334 1385 1424 1504 
degeneracy helps : 397 398 410 449 467 476 
degeneracy worse : 330 330 351 438 495 584 
SCL #err deg : 1424 / 4400
SCL #err weighted degeneracy : 1347 1347 1359 1414 1455 1538 
degeneracy helps : 407 408 420 459 477 485 
degeneracy worse : 335 335 358 449 508 599 
SCL #err deg : 1454 / 4500
SCL #err weighted degeneracy : 1383 1383 1397 1455 1501 1585 
degeneracy helps : 413 414 426 465 483 491 
degeneracy worse : 347 347 372 466 530 622 
SCL #err deg : 1491 / 4600
SCL #err weighted degeneracy : 1419 1419 1433 1495 1541 1626 
degeneracy helps : 424 425 437 475 494 501 
degeneracy worse : 357 357 382 479 544 636 
SCL #err deg : 1523 / 4700
SCL #err weighted degeneracy : 1441 1441 1455 1517 1567 1652 
degeneracy helps : 440 441 454 493 509 516 
degeneracy worse : 363 363 389 487 553 645 
SCL #err deg : 1554 / 4800
SCL #err weighted degeneracy : 1470 1470 1486 1552 1601 1686 
degeneracy helps : 447 448 461 499 517 523 
degeneracy worse : 368 368 396 497 564 655 
SCL #err deg : 1592 / 4900
SCL #err weighted degeneracy : 1502 1502 1519 1586 1635 1721 
degeneracy helps : 460 461 474 513 532 538 
degeneracy worse : 375 375 404 507 575 667 
SCL #err deg : 1617 / 5000
SCL #err weighted degeneracy : 1530 1530 1548 1617 1667 1755 
degeneracy helps : 466 467 480 518 537 543 
degeneracy worse : 384 384 414 518 587 681 
SCL #err deg : 1652 / 5100
SCL #err weighted degeneracy : 1561 1561 1580 1651 1702 1789 
degeneracy helps : 474 475 489 527 546 551 
degeneracy worse : 389 389 420 526 596 688 
SCL #err deg : 1690 / 5200
SCL #err weighted degeneracy : 1597 1597 1616 1686 1743 1830 
degeneracy helps : 481 482 497 538 555 561 
degeneracy worse : 395 395 427 534 608 701 
SCL #err deg : 1724 / 5300
SCL #err weighted degeneracy : 1630 1630 1650 1722 1784 1869 
degeneracy helps : 492 493 508 550 565 573 
degeneracy worse : 405 405 438 548 625 718 
SCL #err deg : 1757 / 5400
SCL #err weighted degeneracy : 1664 1664 1686 1761 1824 1911 
degeneracy helps : 500 501 515 557 572 581 
degeneracy worse : 414 414 448 561 639 735 
SCL #err deg : 1791 / 5500
SCL #err weighted degeneracy : 1695 1695 1719 1793 1858 1950 
degeneracy helps : 510 511 525 569 585 594 
degeneracy worse : 421 421 457 571 652 753 
SCL #err deg : 1827 / 5600
SCL #err weighted degeneracy : 1731 1731 1755 1831 1894 1989 
degeneracy helps : 518 519 533 580 598 607 
degeneracy worse : 430 430 466 584 665 769 
SCL #err deg : 1857 / 5700
SCL #err weighted degeneracy : 1767 1767 1791 1868 1934 2029 
degeneracy helps : 522 523 537 585 603 613 
degeneracy worse : 440 440 476 596 680 785 
SCL #err deg : 1891 / 5800
SCL #err weighted degeneracy : 1802 1802 1825 1899 1964 2060 
degeneracy helps : 532 532 547 597 616 628 
degeneracy worse : 451 451 486 605 689 797 
SCL #err deg : 1917 / 5900
SCL #err weighted degeneracy : 1836 1836 1860 1933 2000 2097 
degeneracy helps : 537 537 552 602 621 633 
degeneracy worse : 464 464 500 618 704 813 
SCL #err deg : 1956 / 6000
SCL #err weighted degeneracy : 1869 1869 1893 1966 2036 2135 
degeneracy helps : 551 551 567 618 637 647 
degeneracy worse : 472 472 509 628 717 826 
SCL #err deg : 1984 / 6100
SCL #err weighted degeneracy : 1896 1896 1920 1996 2067 2170 
degeneracy helps : 561 562 579 630 648 657 
degeneracy worse : 482 482 520 642 731 843 
SCL #err deg : 2016 / 6200
SCL #err weighted degeneracy : 1928 1928 1953 2029 2103 2210 
degeneracy helps : 572 573 590 642 659 668 
degeneracy worse : 493 493 532 655 746 862 
SCL #err deg : 2046 / 6300
SCL #err weighted degeneracy : 1952 1952 1978 2060 2139 2249 
degeneracy helps : 583 584 602 652 669 678 
degeneracy worse : 499 499 539 666 762 881 
SCL #err deg : 2080 / 6400
SCL #err weighted degeneracy : 1984 1984 2010 2093 2172 2282 
degeneracy helps : 595 596 614 663 680 690 
degeneracy worse : 509 509 549 676 772 892 
SCL #err deg : 2113 / 6500
SCL #err weighted degeneracy : 2018 2018 2044 2130 2211 2324 
degeneracy helps : 600 601 619 669 686 695 
degeneracy worse : 515 515 555 686 784 906 
SCL #err deg : 2149 / 6600
SCL #err weighted degeneracy : 2044 2044 2070 2159 2239 2354 
degeneracy helps : 615 616 634 683 700 708 
degeneracy worse : 520 520 560 693 790 913 
SCL #err deg : 2185 / 6700
SCL #err weighted degeneracy : 2068 2068 2096 2182 2263 2377 
degeneracy helps : 630 631 648 698 715 725 
degeneracy worse : 523 523 564 695 793 917 
SCL #err deg : 2221 / 6800
SCL #err weighted degeneracy : 2099 2099 2126 2214 2296 2415 
degeneracy helps : 640 641 659 709 726 735 
degeneracy worse : 528 528 569 702 801 929 
SCL #err deg : 2259 / 6900
SCL #err weighted degeneracy : 2132 2132 2160 2248 2331 2451 
degeneracy helps : 651 652 670 724 741 751 
degeneracy worse : 534 534 576 713 813 943 
SCL #err deg : 2287 / 7000
SCL #err weighted degeneracy : 2162 2162 2194 2283 2364 2486 
degeneracy helps : 656 657 675 729 747 757 
degeneracy worse : 541 541 587 725 824 956 
SCL #err deg : 2321 / 7100
SCL #err weighted degeneracy : 2196 2196 2229 2321 2402 2530 
degeneracy helps : 666 667 685 738 755 765 
degeneracy worse : 551 551 598 738 836 974 
SCL #err deg : 2359 / 7200
SCL #err weighted degeneracy : 2228 2228 2261 2357 2440 2570 
degeneracy helps : 681 682 701 755 773 782 
degeneracy worse : 560 560 608 753 854 993 
SCL #err deg : 2385 / 7300
SCL #err weighted degeneracy : 2262 2262 2295 2392 2478 2611 
degeneracy helps : 682 683 702 756 774 784 
degeneracy worse : 569 569 617 763 867 1010 
SCL #err deg : 2417 / 7400
SCL #err weighted degeneracy : 2292 2292 2327 2425 2511 2647 
degeneracy helps : 693 694 712 767 785 794 
degeneracy worse : 578 578 627 775 879 1024 
SCL #err deg : 2449 / 7500
SCL #err weighted degeneracy : 2328 2328 2365 2462 2547 2682 
degeneracy helps : 699 700 717 772 791 802 
degeneracy worse : 588 588 638 785 889 1035 
SCL #err deg : 2483 / 7600
SCL #err weighted degeneracy : 2360 2360 2399 2499 2584 2719 
degeneracy helps : 705 706 722 777 798 810 
degeneracy worse : 592 592 643 793 899 1046 
SCL #err deg : 2510 / 7700
SCL #err weighted degeneracy : 2389 2389 2428 2530 2617 2755 
degeneracy helps : 712 713 729 784 805 815 
degeneracy worse : 601 601 652 804 912 1060 
SCL #err deg : 2532 / 7800
SCL #err weighted degeneracy : 2414 2414 2452 2556 2642 2782 
degeneracy helps : 716 717 734 790 812 822 
degeneracy worse : 608 608 659 814 922 1072 
SCL #err deg : 2550 / 7900
SCL #err weighted degeneracy : 2440 2440 2479 2588 2675 2820 
degeneracy helps : 721 722 739 795 819 830 
degeneracy worse : 621 621 673 833 944 1100 
SCL #err deg : 2586 / 8000
SCL #err weighted degeneracy : 2472 2472 2511 2620 2707 2854 
degeneracy helps : 729 730 748 805 831 842 
degeneracy worse : 625 625 678 839 952 1110 
SCL #err deg : 2625 / 8100
SCL #err weighted degeneracy : 2500 2500 2539 2650 2737 2889 
degeneracy helps : 742 743 761 818 845 855 
degeneracy worse : 627 627 680 843 957 1119 
SCL #err deg : 2659 / 8200
SCL #err weighted degeneracy : 2532 2532 2572 2682 2769 2921 
degeneracy helps : 754 755 773 831 859 869 
degeneracy worse : 637 637 691 854 969 1131 
SCL #err deg : 2692 / 8300
SCL #err weighted degeneracy : 2562 2562 2602 2717 2806 2957 
degeneracy helps : 764 765 784 843 871 881 
degeneracy worse : 645 645 700 868 985 1146 
SCL #err deg : 2731 / 8400
SCL #err weighted degeneracy : 2598 2598 2637 2752 2841 2992 
degeneracy helps : 778 779 798 858 886 897 
degeneracy worse : 656 656 710 879 996 1158 
SCL #err deg : 2764 / 8500
SCL #err weighted degeneracy : 2630 2630 2668 2785 2878 3031 
degeneracy helps : 789 790 811 871 898 909 
degeneracy worse : 666 666 721 892 1012 1176 
SCL #err deg : 2800 / 8600
SCL #err weighted degeneracy : 2662 2662 2700 2816 2906 3061 
degeneracy helps : 801 802 823 884 915 926 
degeneracy worse : 674 674 729 900 1021 1187 
SCL #err deg : 2834 / 8700
SCL #err weighted degeneracy : 2692 2692 2730 2846 2937 3093 
degeneracy helps : 811 812 833 896 928 939 
degeneracy worse : 680 680 735 908 1031 1198 
SCL #err deg : 2875 / 8800
SCL #err weighted degeneracy : 2725 2725 2762 2882 2972 3134 
degeneracy helps : 826 826 849 914 947 956 
degeneracy worse : 687 687 742 921 1044 1215 
SCL #err deg : 2904 / 8900
SCL #err weighted degeneracy : 2750 2750 2789 2910 3000 3166 
degeneracy helps : 835 835 858 924 957 966 
degeneracy worse : 693 693 749 930 1053 1228 
SCL #err deg : 2936 / 9000
SCL #err weighted degeneracy : 2777 2777 2816 2937 3027 3194 
degeneracy helps : 848 848 871 938 971 980 
degeneracy worse : 701 701 757 939 1062 1238 
SCL #err deg : 2974 / 9100
SCL #err weighted degeneracy : 2811 2811 2847 2974 3065 3236 
degeneracy helps : 859 859 884 949 982 990 
degeneracy worse : 708 708 763 949 1073 1252 
SCL #err deg : 3010 / 9200
SCL #err weighted degeneracy : 2843 2843 2879 3007 3098 3269 
degeneracy helps : 873 873 899 964 997 1005 
degeneracy worse : 718 718 774 961 1085 1264 
SCL #err deg : 3047 / 9300
SCL #err weighted degeneracy : 2876 2876 2912 3040 3136 3307 
degeneracy helps : 883 883 910 975 1007 1016 
degeneracy worse : 724 724 781 968 1096 1276 
SCL #err deg : 3069 / 9400
SCL #err weighted degeneracy : 2903 2903 2938 3070 3166 3336 
degeneracy helps : 888 888 915 980 1012 1022 
degeneracy worse : 734 734 790 981 1109 1289 
SCL #err deg : 3104 / 9500
SCL #err weighted degeneracy : 2928 2928 2963 3096 3193 3361 
degeneracy helps : 902 902 929 994 1027 1039 
degeneracy worse : 738 738 794 986 1116 1296 
SCL #err deg : 3138 / 9600
SCL #err weighted degeneracy : 2956 2956 2991 3133 3230 3396 
degeneracy helps : 914 914 941 1006 1039 1051 
degeneracy worse : 744 744 800 1001 1131 1309 
SCL #err deg : 3176 / 9700
SCL #err weighted degeneracy : 2993 2993 3028 3168 3268 3434 
degeneracy helps : 922 922 949 1015 1047 1061 
degeneracy worse : 751 751 807 1007 1139 1319 
SCL #err deg : 3204 / 9800
SCL #err weighted degeneracy : 3016 3016 3052 3194 3295 3462 
degeneracy helps : 932 932 959 1023 1055 1069 
degeneracy worse : 756 756 813 1013 1146 1327 
SCL #err deg : 3240 / 9900
SCL #err weighted degeneracy : 3043 3043 3080 3228 3330 3500 
degeneracy helps : 944 944 971 1035 1067 1079 
degeneracy worse : 759 759 817 1023 1157 1339 
SCL #err deg : 3277 / 10000
SCL #err weighted degeneracy : 3074 3074 3112 3260 3362 3535 
degeneracy helps : 953 953 980 1046 1078 1089 
degeneracy worse : 762 762 821 1029 1163 1347 
average #flips: 13.8632
SCL #err considering degeneracy: 3277
error due to equal 1414
error due to SCL smaller 1863
Finish in 1158 s
