Simulation Polar syndrome FASTER N=128, K=65, l=128, pz=0.06, #samples=10000, seed=22
PW construction
Event generator random seed: 22
SCL #err deg : 1 / 100
SCL #err weighted degeneracy : 2 2 2 3 4 4 
degeneracy helps : 1 1 1 1 1 1 
degeneracy worse : 2 2 2 3 4 4 
SCL #err deg : 5 / 200
SCL #err weighted degeneracy : 6 6 6 7 9 8 
degeneracy helps : 2 2 2 2 2 4 
degeneracy worse : 3 3 3 4 6 7 
SCL #err deg : 8 / 300
SCL #err weighted degeneracy : 10 10 10 12 14 13 
degeneracy helps : 3 3 3 3 3 5 
degeneracy worse : 5 5 5 7 9 10 
SCL #err deg : 14 / 400
SCL #err weighted degeneracy : 13 13 13 15 18 18 
degeneracy helps : 6 6 6 6 6 8 
degeneracy worse : 5 5 5 7 10 12 
SCL #err deg : 18 / 500
SCL #err weighted degeneracy : 17 17 17 20 23 24 
degeneracy helps : 7 7 7 7 7 9 
degeneracy worse : 6 6 6 9 12 15 
SCL #err deg : 24 / 600
SCL #err weighted degeneracy : 24 24 23 26 30 32 
degeneracy helps : 7 7 8 8 8 11 
degeneracy worse : 7 7 7 10 14 19 
SCL #err deg : 29 / 700
SCL #err weighted degeneracy : 30 30 29 31 34 39 
degeneracy helps : 9 9 10 11 12 15 
degeneracy worse : 10 10 10 13 17 25 
SCL #err deg : 32 / 800
SCL #err weighted degeneracy : 33 33 33 35 39 44 
degeneracy helps : 10 10 11 12 13 16 
degeneracy worse : 11 11 12 15 20 28 
SCL #err deg : 37 / 900
SCL #err weighted degeneracy : 38 38 38 41 45 51 
degeneracy helps : 10 10 11 12 13 16 
degeneracy worse : 11 11 12 16 21 30 
SCL #err deg : 38 / 1000
SCL #err weighted degeneracy : 42 42 43 47 51 60 
degeneracy helps : 10 10 11 12 13 16 
degeneracy worse : 14 14 16 21 26 38 
SCL #err deg : 42 / 1100
SCL #err weighted degeneracy : 48 48 49 53 57 68 
degeneracy helps : 11 11 12 13 14 16 
degeneracy worse : 17 17 19 24 29 42 
SCL #err deg : 46 / 1200
SCL #err weighted degeneracy : 50 50 50 54 58 74 
degeneracy helps : 13 13 15 16 17 19 
degeneracy worse : 17 17 19 24 29 47 
SCL #err deg : 50 / 1300
SCL #err weighted degeneracy : 56 56 56 63 67 82 
degeneracy helps : 14 14 16 18 20 22 
degeneracy worse : 21 21 23 31 37 54 
SCL #err deg : 60 / 1400
SCL #err weighted degeneracy : 61 61 61 68 72 88 
degeneracy helps : 19 19 21 23 26 27 
degeneracy worse : 21 21 23 31 38 55 
SCL #err deg : 62 / 1500
SCL #err weighted degeneracy : 63 63 63 70 75 93 
degeneracy helps : 19 19 21 23 26 27 
degeneracy worse : 21 21 23 31 39 58 
SCL #err deg : 66 / 1600
SCL #err weighted degeneracy : 67 67 67 74 79 98 
degeneracy helps : 21 21 23 26 29 30 
degeneracy worse : 24 24 26 34 42 62 
SCL #err deg : 70 / 1700
SCL #err weighted degeneracy : 69 69 69 77 84 106 
degeneracy helps : 23 23 25 27 30 31 
degeneracy worse : 24 24 26 34 44 67 
SCL #err deg : 74 / 1800
SCL #err weighted degeneracy : 72 72 72 80 87 109 
degeneracy helps : 25 25 27 29 32 33 
degeneracy worse : 25 25 27 35 45 68 
SCL #err deg : 77 / 1900
SCL #err weighted degeneracy : 75 75 75 83 91 116 
degeneracy helps : 25 25 27 29 32 33 
degeneracy worse : 25 25 27 35 46 72 
SCL #err deg : 80 / 2000
SCL #err weighted degeneracy : 80 80 80 88 96 121 
degeneracy helps : 28 28 30 32 35 36 
degeneracy worse : 30 30 32 40 51 77 
SCL #err deg : 84 / 2100
SCL #err weighted degeneracy : 85 85 85 93 101 126 
degeneracy helps : 28 28 31 33 36 37 
degeneracy worse : 32 32 34 42 53 79 
SCL #err deg : 89 / 2200
SCL #err weighted degeneracy : 90 90 90 98 107 132 
degeneracy helps : 29 29 32 34 37 38 
degeneracy worse : 33 33 35 43 55 81 
SCL #err deg : 97 / 2300
SCL #err weighted degeneracy : 98 98 98 106 116 140 
degeneracy helps : 32 32 35 37 40 41 
degeneracy worse : 36 36 38 46 59 84 
SCL #err deg : 100 / 2400
SCL #err weighted degeneracy : 101 101 101 109 119 145 
degeneracy helps : 33 33 36 38 42 43 
degeneracy worse : 37 37 39 47 61 88 
SCL #err deg : 105 / 2500
SCL #err weighted degeneracy : 103 103 103 111 126 152 
degeneracy helps : 37 37 40 43 45 46 
degeneracy worse : 38 38 40 49 66 93 
SCL #err deg : 108 / 2600
SCL #err weighted degeneracy : 106 106 106 114 129 155 
degeneracy helps : 38 38 41 44 46 47 
degeneracy worse : 39 39 41 50 67 94 
SCL #err deg : 113 / 2700
SCL #err weighted degeneracy : 111 111 111 119 135 160 
degeneracy helps : 39 39 42 45 48 50 
degeneracy worse : 40 40 42 51 70 97 
SCL #err deg : 118 / 2800
SCL #err weighted degeneracy : 115 115 115 124 140 167 
degeneracy helps : 40 40 44 47 50 51 
degeneracy worse : 41 41 43 53 72 100 
SCL #err deg : 120 / 2900
SCL #err weighted degeneracy : 119 119 119 129 145 175 
degeneracy helps : 41 41 45 48 51 51 
degeneracy worse : 44 44 46 57 76 106 
SCL #err deg : 124 / 3000
SCL #err weighted degeneracy : 124 124 124 134 150 180 
degeneracy helps : 41 41 45 48 52 52 
degeneracy worse : 45 45 47 58 78 108 
SCL #err deg : 127 / 3100
SCL #err weighted degeneracy : 127 127 127 139 155 186 
degeneracy helps : 42 42 46 49 53 53 
degeneracy worse : 46 46 48 61 81 112 
SCL #err deg : 128 / 3200
SCL #err weighted degeneracy : 129 129 129 141 157 190 
degeneracy helps : 42 42 46 49 53 53 
degeneracy worse : 47 47 49 62 82 115 
SCL #err deg : 133 / 3300
SCL #err weighted degeneracy : 131 131 131 145 161 197 
degeneracy helps : 46 46 50 52 56 56 
degeneracy worse : 48 48 50 64 84 120 
SCL #err deg : 136 / 3400
SCL #err weighted degeneracy : 136 136 136 151 168 205 
degeneracy helps : 46 46 50 52 56 56 
degeneracy worse : 50 50 52 67 88 125 
SCL #err deg : 146 / 3500
SCL #err weighted degeneracy : 142 142 142 157 175 215 
degeneracy helps : 51 51 55 58 62 63 
degeneracy worse : 51 51 53 69 91 132 
SCL #err deg : 154 / 3600
SCL #err weighted degeneracy : 147 147 147 165 186 229 
degeneracy helps : 56 56 60 62 65 66 
degeneracy worse : 53 53 55 73 97 141 
SCL #err deg : 158 / 3700
SCL #err weighted degeneracy : 151 151 151 169 190 236 
degeneracy helps : 57 57 61 63 66 67 
degeneracy worse : 54 54 56 74 98 145 
SCL #err deg : 161 / 3800
SCL #err weighted degeneracy : 152 152 152 170 192 239 
degeneracy helps : 59 59 63 65 68 69 
degeneracy worse : 54 54 56 74 99 147 
SCL #err deg : 170 / 3900
SCL #err weighted degeneracy : 160 160 160 178 202 250 
degeneracy helps : 62 62 66 68 71 71 
degeneracy worse : 56 56 58 76 103 151 
SCL #err deg : 177 / 4000
SCL #err weighted degeneracy : 165 165 165 183 207 257 
degeneracy helps : 63 63 67 70 73 73 
degeneracy worse : 56 56 58 76 103 153 
SCL #err deg : 179 / 4100
SCL #err weighted degeneracy : 168 168 168 186 210 262 
degeneracy helps : 64 64 68 71 74 74 
degeneracy worse : 58 58 60 78 105 157 
SCL #err deg : 184 / 4200
SCL #err weighted degeneracy : 172 172 172 191 216 270 
degeneracy helps : 66 66 70 73 76 76 
degeneracy worse : 59 59 61 80 108 162 
SCL #err deg : 188 / 4300
SCL #err weighted degeneracy : 176 176 176 195 220 273 
degeneracy helps : 67 67 72 75 78 78 
degeneracy worse : 61 61 63 82 110 163 
SCL #err deg : 194 / 4400
SCL #err weighted degeneracy : 182 182 183 203 229 284 
degeneracy helps : 68 68 73 77 80 80 
degeneracy worse : 63 63 66 86 115 170 
SCL #err deg : 200 / 4500
SCL #err weighted degeneracy : 187 187 188 210 236 291 
degeneracy helps : 70 70 75 79 82 82 
degeneracy worse : 64 64 67 89 118 173 
SCL #err deg : 208 / 4600
SCL #err weighted degeneracy : 199 199 200 222 248 301 
degeneracy helps : 70 70 75 79 82 82 
degeneracy worse : 68 68 71 93 122 175 
SCL #err deg : 213 / 4700
SCL #err weighted degeneracy : 202 202 203 225 251 306 
degeneracy helps : 72 72 77 81 84 83 
degeneracy worse : 68 68 71 93 122 176 
SCL #err deg : 217 / 4800
SCL #err weighted degeneracy : 206 206 207 231 258 313 
degeneracy helps : 72 72 77 81 84 83 
degeneracy worse : 68 68 71 95 125 179 
SCL #err deg : 219 / 4900
SCL #err weighted degeneracy : 207 207 208 232 260 314 
degeneracy helps : 73 73 78 82 85 84 
degeneracy worse : 68 68 71 95 126 179 
SCL #err deg : 220 / 5000
SCL #err weighted degeneracy : 209 209 211 237 265 320 
degeneracy helps : 73 73 78 82 85 84 
degeneracy worse : 69 69 73 99 130 184 
SCL #err deg : 223 / 5100
SCL #err weighted degeneracy : 213 213 215 242 270 327 
degeneracy helps : 73 73 78 82 86 85 
degeneracy worse : 70 70 74 101 133 189 
SCL #err deg : 227 / 5200
SCL #err weighted degeneracy : 218 218 220 250 278 335 
degeneracy helps : 75 75 80 84 89 88 
degeneracy worse : 73 73 77 107 140 196 
SCL #err deg : 230 / 5300
SCL #err weighted degeneracy : 220 220 222 252 280 338 
degeneracy helps : 77 77 82 86 91 90 
degeneracy worse : 74 74 78 108 141 198 
SCL #err deg : 233 / 5400
SCL #err weighted degeneracy : 224 224 226 256 283 343 
degeneracy helps : 78 78 83 87 92 91 
degeneracy worse : 76 76 80 110 142 201 
SCL #err deg : 236 / 5500
SCL #err weighted degeneracy : 228 228 230 260 288 349 
degeneracy helps : 78 78 83 87 92 91 
degeneracy worse : 77 77 81 111 144 204 
SCL #err deg : 240 / 5600
SCL #err weighted degeneracy : 231 231 233 263 292 355 
degeneracy helps : 79 79 84 88 93 92 
degeneracy worse : 77 77 81 111 145 207 
SCL #err deg : 244 / 5700
SCL #err weighted degeneracy : 235 235 237 267 297 359 
degeneracy helps : 81 81 86 90 95 94 
degeneracy worse : 79 79 83 113 148 209 
SCL #err deg : 249 / 5800
SCL #err weighted degeneracy : 238 238 241 271 301 364 
degeneracy helps : 83 83 87 91 96 96 
degeneracy worse : 79 79 83 113 148 211 
SCL #err deg : 250 / 5900
SCL #err weighted degeneracy : 240 240 243 273 303 367 
degeneracy helps : 84 84 88 92 97 97 
degeneracy worse : 81 81 85 115 150 214 
SCL #err deg : 255 / 6000
SCL #err weighted degeneracy : 244 244 247 276 306 370 
degeneracy helps : 88 88 92 97 102 102 
degeneracy worse : 84 84 88 118 153 217 
SCL #err deg : 258 / 6100
SCL #err weighted degeneracy : 247 247 250 279 310 376 
degeneracy helps : 88 88 92 98 103 103 
degeneracy worse : 85 85 89 119 155 221 
SCL #err deg : 262 / 6200
SCL #err weighted degeneracy : 250 250 253 283 316 385 
degeneracy helps : 90 90 94 100 105 104 
degeneracy worse : 86 86 90 121 159 227 
SCL #err deg : 270 / 6300
SCL #err weighted degeneracy : 255 255 258 289 321 392 
degeneracy helps : 93 93 97 103 108 107 
degeneracy worse : 86 86 90 122 159 229 
SCL #err deg : 272 / 6400
SCL #err weighted degeneracy : 257 257 260 292 326 397 
degeneracy helps : 95 95 99 105 110 109 
degeneracy worse : 88 88 92 125 164 234 
SCL #err deg : 279 / 6500
SCL #err weighted degeneracy : 261 261 264 296 331 403 
degeneracy helps : 98 98 102 108 113 113 
degeneracy worse : 88 88 92 125 165 237 
SCL #err deg : 282 / 6600
SCL #err weighted degeneracy : 263 263 266 299 334 407 
degeneracy helps : 99 99 103 109 114 114 
degeneracy worse : 88 88 92 126 166 239 
SCL #err deg : 289 / 6700
SCL #err weighted degeneracy : 268 268 271 305 339 414 
degeneracy helps : 101 101 105 112 118 119 
degeneracy worse : 89 89 93 128 168 244 
SCL #err deg : 294 / 6800
SCL #err weighted degeneracy : 273 273 276 312 346 420 
degeneracy helps : 101 101 105 112 118 119 
degeneracy worse : 89 89 93 130 170 245 
SCL #err deg : 297 / 6900
SCL #err weighted degeneracy : 274 274 277 314 349 424 
degeneracy helps : 103 103 107 113 119 120 
degeneracy worse : 89 89 93 130 171 247 
SCL #err deg : 303 / 7000
SCL #err weighted degeneracy : 280 280 283 320 356 432 
degeneracy helps : 104 104 108 114 120 122 
degeneracy worse : 90 90 94 131 173 251 
SCL #err deg : 306 / 7100
SCL #err weighted degeneracy : 283 283 286 323 360 437 
degeneracy helps : 106 106 110 116 122 124 
degeneracy worse : 92 92 96 133 176 255 
SCL #err deg : 307 / 7200
SCL #err weighted degeneracy : 283 283 286 323 361 440 
degeneracy helps : 107 107 111 117 123 125 
degeneracy worse : 92 92 96 133 177 258 
SCL #err deg : 313 / 7300
SCL #err weighted degeneracy : 288 288 291 329 367 447 
degeneracy helps : 108 108 112 118 124 126 
degeneracy worse : 92 92 96 134 178 260 
SCL #err deg : 317 / 7400
SCL #err weighted degeneracy : 292 292 295 335 375 455 
degeneracy helps : 110 110 114 119 125 128 
degeneracy worse : 94 94 98 137 183 266 
SCL #err deg : 321 / 7500
SCL #err weighted degeneracy : 295 295 298 339 379 463 
degeneracy helps : 112 112 116 121 127 129 
degeneracy worse : 95 95 99 139 185 271 
SCL #err deg : 327 / 7600
SCL #err weighted degeneracy : 300 300 303 345 385 468 
degeneracy helps : 116 116 120 125 131 134 
degeneracy worse : 98 98 102 143 189 275 
SCL #err deg : 333 / 7700
SCL #err weighted degeneracy : 309 309 312 354 395 481 
degeneracy helps : 116 116 120 125 131 134 
degeneracy worse : 101 101 105 146 193 282 
SCL #err deg : 335 / 7800
SCL #err weighted degeneracy : 312 312 315 357 399 486 
degeneracy helps : 117 117 121 126 132 135 
degeneracy worse : 103 103 107 148 196 286 
SCL #err deg : 337 / 7900
SCL #err weighted degeneracy : 313 313 316 358 401 488 
degeneracy helps : 118 118 122 127 133 136 
degeneracy worse : 103 103 107 148 197 287 
SCL #err deg : 339 / 8000
SCL #err weighted degeneracy : 315 315 318 360 404 494 
degeneracy helps : 119 119 123 128 134 137 
degeneracy worse : 104 104 108 149 199 292 
SCL #err deg : 341 / 8100
SCL #err weighted degeneracy : 317 317 320 361 406 498 
degeneracy helps : 120 120 124 130 136 138 
degeneracy worse : 105 105 109 150 201 295 
SCL #err deg : 342 / 8200
SCL #err weighted degeneracy : 317 317 320 363 407 500 
degeneracy helps : 121 121 125 131 137 139 
degeneracy worse : 105 105 109 152 202 297 
SCL #err deg : 344 / 8300
SCL #err weighted degeneracy : 320 320 323 368 411 505 
degeneracy helps : 122 122 126 132 138 140 
degeneracy worse : 107 107 111 156 205 301 
SCL #err deg : 347 / 8400
SCL #err weighted degeneracy : 326 326 329 374 419 515 
degeneracy helps : 122 122 126 132 138 140 
degeneracy worse : 110 110 114 159 210 308 
SCL #err deg : 353 / 8500
SCL #err weighted degeneracy : 330 330 333 378 423 523 
degeneracy helps : 125 125 129 135 141 142 
degeneracy worse : 111 111 115 160 211 312 
SCL #err deg : 357 / 8600
SCL #err weighted degeneracy : 334 334 337 383 427 527 
degeneracy helps : 126 126 130 136 143 144 
degeneracy worse : 112 112 116 162 213 314 
SCL #err deg : 361 / 8700
SCL #err weighted degeneracy : 336 336 339 387 430 530 
degeneracy helps : 129 129 133 138 145 146 
degeneracy worse : 113 113 117 164 214 315 
SCL #err deg : 364 / 8800
SCL #err weighted degeneracy : 338 338 341 390 433 533 
degeneracy helps : 131 131 134 140 147 148 
degeneracy worse : 114 114 118 166 216 317 
SCL #err deg : 367 / 8900
SCL #err weighted degeneracy : 340 340 343 392 436 538 
degeneracy helps : 132 132 135 141 148 149 
degeneracy worse : 114 114 118 166 217 320 
SCL #err deg : 372 / 9000
SCL #err weighted degeneracy : 343 343 346 395 439 545 
degeneracy helps : 134 134 137 143 150 151 
degeneracy worse : 114 114 118 166 217 324 
SCL #err deg : 379 / 9100
SCL #err weighted degeneracy : 352 352 354 403 448 556 
degeneracy helps : 134 134 138 144 151 151 
degeneracy worse : 116 116 120 168 220 328 
SCL #err deg : 384 / 9200
SCL #err weighted degeneracy : 355 355 357 406 452 562 
degeneracy helps : 136 136 140 146 153 153 
degeneracy worse : 116 116 120 168 221 331 
SCL #err deg : 391 / 9300
SCL #err weighted degeneracy : 358 358 360 410 456 567 
degeneracy helps : 141 141 145 151 158 158 
degeneracy worse : 117 117 121 170 223 334 
SCL #err deg : 397 / 9400
SCL #err weighted degeneracy : 364 364 367 417 465 578 
degeneracy helps : 143 143 147 153 160 160 
degeneracy worse : 119 119 124 173 228 341 
SCL #err deg : 400 / 9500
SCL #err weighted degeneracy : 366 366 369 419 467 582 
degeneracy helps : 144 144 148 154 161 161 
degeneracy worse : 119 119 124 173 228 343 
SCL #err deg : 404 / 9600
SCL #err weighted degeneracy : 369 369 372 423 470 585 
degeneracy helps : 146 146 150 156 163 163 
degeneracy worse : 120 120 125 175 229 344 
SCL #err deg : 409 / 9700
SCL #err weighted degeneracy : 373 373 376 429 476 592 
degeneracy helps : 147 147 151 157 164 164 
degeneracy worse : 120 120 125 177 231 347 
SCL #err deg : 413 / 9800
SCL #err weighted degeneracy : 376 376 378 431 478 596 
degeneracy helps : 149 149 154 160 167 167 
degeneracy worse : 121 121 126 178 232 350 
SCL #err deg : 414 / 9900
SCL #err weighted degeneracy : 377 377 379 433 480 599 
degeneracy helps : 149 149 154 160 167 167 
degeneracy worse : 121 121 126 179 233 352 
SCL #err deg : 417 / 10000
SCL #err weighted degeneracy : 380 380 382 437 488 608 
degeneracy helps : 151 151 156 162 169 169 
degeneracy worse : 123 123 128 182 240 360 
average #flips: 7.6831
SCL #err considering degeneracy: 417
error due to equal 351
error due to SCL smaller 66
Finish in 1175 s
