Simulation Polar syndrome FASTER N=64, K=33, l=128, pz=0.15, #samples=10000, seed=87
HPW construction
Event generator random seed: 87
SCL #err deg : 53 / 100
SCL #err weighted degeneracy : 49 49 48 53 55 54 
degeneracy helps : 12 11 14 12 12 11 
degeneracy worse : 9 9 9 12 14 12 
SCL #err deg : 109 / 200
SCL #err weighted degeneracy : 105 105 104 111 113 110 
degeneracy helps : 24 23 27 24 24 25 
degeneracy worse : 22 22 22 26 28 26 
SCL #err deg : 158 / 300
SCL #err weighted degeneracy : 159 159 159 170 172 170 
degeneracy helps : 35 34 38 37 37 38 
degeneracy worse : 39 39 40 49 51 50 
SCL #err deg : 215 / 400
SCL #err weighted degeneracy : 215 215 215 226 227 225 
degeneracy helps : 48 47 51 51 52 53 
degeneracy worse : 51 51 52 62 64 63 
SCL #err deg : 271 / 500
SCL #err weighted degeneracy : 264 264 266 279 281 278 
degeneracy helps : 63 62 66 67 67 69 
degeneracy worse : 59 59 62 75 77 76 
SCL #err deg : 334 / 600
SCL #err weighted degeneracy : 321 321 323 337 340 338 
degeneracy helps : 79 78 84 86 86 86 
degeneracy worse : 71 71 74 89 92 90 
SCL #err deg : 382 / 700
SCL #err weighted degeneracy : 367 367 369 384 388 388 
degeneracy helps : 91 90 96 99 99 98 
degeneracy worse : 81 81 84 101 105 104 
SCL #err deg : 431 / 800
SCL #err weighted degeneracy : 417 417 421 434 438 440 
degeneracy helps : 95 94 101 107 107 105 
degeneracy worse : 87 87 92 110 114 114 
SCL #err deg : 485 / 900
SCL #err weighted degeneracy : 471 471 475 486 493 498 
degeneracy helps : 110 109 116 126 126 122 
degeneracy worse : 102 102 107 127 134 135 
SCL #err deg : 542 / 1000
SCL #err weighted degeneracy : 531 531 535 546 553 559 
degeneracy helps : 120 119 126 137 137 132 
degeneracy worse : 115 115 120 141 148 149 
SCL #err deg : 597 / 1100
SCL #err weighted degeneracy : 590 590 594 604 611 619 
degeneracy helps : 128 127 134 147 147 141 
degeneracy worse : 127 127 132 154 161 163 
SCL #err deg : 653 / 1200
SCL #err weighted degeneracy : 643 643 648 661 669 678 
degeneracy helps : 141 140 147 160 160 154 
degeneracy worse : 137 137 143 168 176 179 
SCL #err deg : 705 / 1300
SCL #err weighted degeneracy : 693 693 698 715 723 734 
degeneracy helps : 152 151 158 171 171 164 
degeneracy worse : 146 146 152 181 189 193 
SCL #err deg : 751 / 1400
SCL #err weighted degeneracy : 745 745 750 772 780 793 
degeneracy helps : 159 158 165 179 179 172 
degeneracy worse : 159 159 165 200 208 214 
SCL #err deg : 803 / 1500
SCL #err weighted degeneracy : 792 792 797 822 832 845 
degeneracy helps : 173 170 179 193 193 186 
degeneracy worse : 168 168 174 212 222 228 
SCL #err deg : 854 / 1600
SCL #err weighted degeneracy : 844 844 849 877 886 899 
degeneracy helps : 184 180 190 205 205 198 
degeneracy worse : 180 180 186 228 237 243 
SCL #err deg : 910 / 1700
SCL #err weighted degeneracy : 897 897 902 932 941 954 
degeneracy helps : 197 193 203 220 220 213 
degeneracy worse : 190 190 196 242 251 257 
SCL #err deg : 965 / 1800
SCL #err weighted degeneracy : 949 949 954 986 995 1007 
degeneracy helps : 212 207 218 235 235 229 
degeneracy worse : 202 202 208 256 265 271 
SCL #err deg : 1012 / 1900
SCL #err weighted degeneracy : 996 996 1001 1037 1044 1058 
degeneracy helps : 222 216 230 247 248 242 
degeneracy worse : 214 214 220 272 280 288 
SCL #err deg : 1071 / 2000
SCL #err weighted degeneracy : 1048 1048 1053 1093 1099 1113 
degeneracy helps : 238 231 246 263 265 259 
degeneracy worse : 223 223 229 285 293 301 
SCL #err deg : 1124 / 2100
SCL #err weighted degeneracy : 1099 1099 1104 1147 1154 1166 
degeneracy helps : 252 245 260 277 279 274 
degeneracy worse : 235 235 241 300 309 316 
SCL #err deg : 1180 / 2200
SCL #err weighted degeneracy : 1142 1142 1147 1189 1196 1209 
degeneracy helps : 269 262 277 296 298 294 
degeneracy worse : 239 239 245 305 314 323 
SCL #err deg : 1232 / 2300
SCL #err weighted degeneracy : 1198 1198 1203 1245 1253 1265 
degeneracy helps : 281 274 290 309 311 309 
degeneracy worse : 256 256 262 322 332 342 
SCL #err deg : 1283 / 2400
SCL #err weighted degeneracy : 1253 1253 1258 1302 1311 1323 
degeneracy helps : 291 284 300 320 322 320 
degeneracy worse : 271 271 277 339 350 360 
SCL #err deg : 1338 / 2500
SCL #err weighted degeneracy : 1307 1307 1312 1359 1369 1382 
degeneracy helps : 302 295 311 331 333 331 
degeneracy worse : 281 281 287 352 364 375 
SCL #err deg : 1392 / 2600
SCL #err weighted degeneracy : 1365 1365 1369 1418 1428 1441 
degeneracy helps : 311 304 323 344 346 344 
degeneracy worse : 296 296 302 370 382 393 
SCL #err deg : 1448 / 2700
SCL #err weighted degeneracy : 1416 1416 1419 1471 1482 1498 
degeneracy helps : 323 316 336 356 357 353 
degeneracy worse : 303 303 309 379 391 403 
SCL #err deg : 1502 / 2800
SCL #err weighted degeneracy : 1470 1470 1473 1522 1533 1550 
degeneracy helps : 335 328 348 372 373 368 
degeneracy worse : 315 315 321 392 404 416 
SCL #err deg : 1561 / 2900
SCL #err weighted degeneracy : 1525 1525 1528 1579 1590 1606 
degeneracy helps : 349 342 363 390 391 385 
degeneracy worse : 326 326 332 408 420 430 
SCL #err deg : 1607 / 3000
SCL #err weighted degeneracy : 1572 1572 1575 1631 1643 1658 
degeneracy helps : 360 353 374 400 402 395 
degeneracy worse : 338 338 344 424 438 446 
SCL #err deg : 1664 / 3100
SCL #err weighted degeneracy : 1621 1621 1624 1683 1694 1709 
degeneracy helps : 378 371 392 419 422 416 
degeneracy worse : 348 348 354 438 452 461 
SCL #err deg : 1722 / 3200
SCL #err weighted degeneracy : 1673 1673 1676 1737 1747 1762 
degeneracy helps : 394 387 408 438 442 435 
degeneracy worse : 358 358 364 453 467 475 
SCL #err deg : 1783 / 3300
SCL #err weighted degeneracy : 1731 1731 1734 1794 1804 1822 
degeneracy helps : 411 404 425 458 462 454 
degeneracy worse : 372 372 378 469 483 493 
SCL #err deg : 1837 / 3400
SCL #err weighted degeneracy : 1787 1787 1790 1851 1861 1877 
degeneracy helps : 421 414 435 470 474 468 
degeneracy worse : 384 384 390 484 498 508 
SCL #err deg : 1894 / 3500
SCL #err weighted degeneracy : 1845 1845 1848 1909 1919 1935 
degeneracy helps : 435 428 449 485 489 483 
degeneracy worse : 399 399 405 500 514 524 
SCL #err deg : 1947 / 3600
SCL #err weighted degeneracy : 1907 1907 1910 1976 1987 2002 
degeneracy helps : 444 437 458 493 497 491 
degeneracy worse : 417 417 423 522 537 546 
SCL #err deg : 2000 / 3700
SCL #err weighted degeneracy : 1954 1954 1957 2027 2038 2052 
degeneracy helps : 462 455 476 511 515 509 
degeneracy worse : 429 429 435 538 553 561 
SCL #err deg : 2043 / 3800
SCL #err weighted degeneracy : 2007 2007 2011 2077 2089 2105 
degeneracy helps : 466 459 480 519 522 515 
degeneracy worse : 443 443 450 553 568 577 
SCL #err deg : 2097 / 3900
SCL #err weighted degeneracy : 2056 2056 2060 2126 2138 2156 
degeneracy helps : 481 474 495 535 539 533 
degeneracy worse : 453 453 460 564 580 592 
SCL #err deg : 2159 / 4000
SCL #err weighted degeneracy : 2111 2111 2115 2184 2196 2214 
degeneracy helps : 496 489 510 551 555 549 
degeneracy worse : 462 462 469 576 592 604 
SCL #err deg : 2213 / 4100
SCL #err weighted degeneracy : 2167 2167 2171 2242 2254 2271 
degeneracy helps : 504 496 518 563 568 561 
degeneracy worse : 473 473 480 592 609 619 
SCL #err deg : 2266 / 4200
SCL #err weighted degeneracy : 2212 2212 2216 2287 2299 2319 
degeneracy helps : 515 507 530 577 582 574 
degeneracy worse : 477 477 485 598 615 627 
SCL #err deg : 2320 / 4300
SCL #err weighted degeneracy : 2269 2269 2273 2345 2357 2377 
degeneracy helps : 529 521 545 594 599 590 
degeneracy worse : 495 495 503 619 636 647 
SCL #err deg : 2370 / 4400
SCL #err weighted degeneracy : 2321 2321 2325 2394 2406 2428 
degeneracy helps : 542 534 558 612 617 605 
degeneracy worse : 510 510 518 636 653 663 
SCL #err deg : 2422 / 4500
SCL #err weighted degeneracy : 2383 2383 2387 2455 2470 2491 
degeneracy helps : 548 539 564 621 626 614 
degeneracy worse : 526 526 534 654 674 683 
SCL #err deg : 2476 / 4600
SCL #err weighted degeneracy : 2432 2432 2436 2511 2526 2543 
degeneracy helps : 559 550 575 632 637 628 
degeneracy worse : 532 532 540 667 687 695 
SCL #err deg : 2533 / 4700
SCL #err weighted degeneracy : 2490 2490 2494 2572 2587 2604 
degeneracy helps : 570 561 586 645 650 640 
degeneracy worse : 544 544 552 684 704 711 
SCL #err deg : 2590 / 4800
SCL #err weighted degeneracy : 2538 2538 2542 2621 2637 2657 
degeneracy helps : 588 579 604 664 669 658 
degeneracy worse : 553 553 561 695 716 725 
SCL #err deg : 2645 / 4900
SCL #err weighted degeneracy : 2586 2586 2590 2672 2689 2711 
degeneracy helps : 601 592 618 680 685 672 
degeneracy worse : 561 561 569 707 729 738 
SCL #err deg : 2690 / 5000
SCL #err weighted degeneracy : 2630 2630 2634 2717 2734 2754 
degeneracy helps : 614 605 631 695 700 688 
degeneracy worse : 573 573 581 722 744 752 
SCL #err deg : 2739 / 5100
SCL #err weighted degeneracy : 2680 2680 2684 2768 2785 2805 
degeneracy helps : 622 613 639 704 709 697 
degeneracy worse : 582 582 590 733 755 763 
SCL #err deg : 2787 / 5200
SCL #err weighted degeneracy : 2732 2732 2736 2822 2839 2858 
degeneracy helps : 636 627 653 720 725 713 
degeneracy worse : 600 600 608 755 777 784 
SCL #err deg : 2839 / 5300
SCL #err weighted degeneracy : 2782 2782 2786 2876 2895 2913 
degeneracy helps : 651 642 668 737 740 729 
degeneracy worse : 613 613 621 774 796 803 
SCL #err deg : 2893 / 5400
SCL #err weighted degeneracy : 2832 2832 2836 2927 2946 2964 
degeneracy helps : 668 659 685 755 758 747 
degeneracy worse : 626 626 634 789 811 818 
SCL #err deg : 2950 / 5500
SCL #err weighted degeneracy : 2879 2879 2883 2973 2991 3009 
degeneracy helps : 685 676 702 774 778 767 
degeneracy worse : 633 633 641 797 819 826 
SCL #err deg : 3000 / 5600
SCL #err weighted degeneracy : 2932 2932 2936 3031 3049 3068 
degeneracy helps : 697 688 714 785 789 778 
degeneracy worse : 648 648 656 816 838 846 
SCL #err deg : 3048 / 5700
SCL #err weighted degeneracy : 2977 2977 2981 3077 3096 3117 
degeneracy helps : 711 702 728 801 805 794 
degeneracy worse : 659 659 667 830 853 863 
SCL #err deg : 3104 / 5800
SCL #err weighted degeneracy : 3030 3030 3034 3132 3151 3171 
degeneracy helps : 722 713 739 813 817 806 
degeneracy worse : 668 668 676 841 864 873 
SCL #err deg : 3165 / 5900
SCL #err weighted degeneracy : 3092 3092 3096 3197 3216 3236 
degeneracy helps : 734 725 751 824 828 818 
degeneracy worse : 681 681 689 856 879 889 
SCL #err deg : 3218 / 6000
SCL #err weighted degeneracy : 3156 3156 3160 3261 3281 3301 
degeneracy helps : 745 736 762 835 839 829 
degeneracy worse : 703 703 711 878 902 912 
SCL #err deg : 3275 / 6100
SCL #err weighted degeneracy : 3210 3210 3214 3319 3339 3358 
degeneracy helps : 760 751 777 850 854 844 
degeneracy worse : 715 715 723 894 918 927 
SCL #err deg : 3327 / 6200
SCL #err weighted degeneracy : 3261 3261 3265 3372 3392 3412 
degeneracy helps : 774 765 791 865 869 859 
degeneracy worse : 728 728 736 910 934 944 
SCL #err deg : 3383 / 6300
SCL #err weighted degeneracy : 3325 3325 3329 3433 3454 3474 
degeneracy helps : 781 772 799 876 880 871 
degeneracy worse : 744 744 752 926 951 962 
SCL #err deg : 3443 / 6400
SCL #err weighted degeneracy : 3383 3383 3386 3490 3510 3530 
degeneracy helps : 790 781 810 889 894 887 
degeneracy worse : 752 752 760 936 961 974 
SCL #err deg : 3492 / 6500
SCL #err weighted degeneracy : 3430 3430 3433 3539 3560 3580 
degeneracy helps : 807 798 827 906 911 904 
degeneracy worse : 767 767 775 953 979 992 
SCL #err deg : 3554 / 6600
SCL #err weighted degeneracy : 3488 3488 3491 3598 3619 3640 
degeneracy helps : 825 816 845 927 932 924 
degeneracy worse : 781 781 789 971 997 1010 
SCL #err deg : 3613 / 6700
SCL #err weighted degeneracy : 3539 3539 3542 3649 3670 3693 
degeneracy helps : 843 834 863 946 951 942 
degeneracy worse : 791 791 799 982 1008 1022 
SCL #err deg : 3671 / 6800
SCL #err weighted degeneracy : 3600 3600 3603 3708 3729 3754 
degeneracy helps : 854 845 874 959 964 954 
degeneracy worse : 805 805 813 996 1022 1037 
SCL #err deg : 3716 / 6900
SCL #err weighted degeneracy : 3649 3649 3652 3759 3779 3803 
degeneracy helps : 860 851 882 968 974 964 
degeneracy worse : 816 816 825 1011 1037 1051 
SCL #err deg : 3776 / 7000
SCL #err weighted degeneracy : 3710 3710 3713 3820 3841 3865 
degeneracy helps : 872 863 894 983 988 978 
degeneracy worse : 830 830 839 1027 1053 1067 
SCL #err deg : 3833 / 7100
SCL #err weighted degeneracy : 3766 3766 3769 3876 3898 3922 
degeneracy helps : 885 875 907 996 1001 992 
degeneracy worse : 842 842 851 1039 1066 1081 
SCL #err deg : 3888 / 7200
SCL #err weighted degeneracy : 3820 3820 3823 3931 3953 3980 
degeneracy helps : 896 885 918 1009 1014 1004 
degeneracy worse : 852 852 861 1052 1079 1096 
SCL #err deg : 3941 / 7300
SCL #err weighted degeneracy : 3880 3880 3883 3993 4017 4044 
degeneracy helps : 905 894 927 1019 1023 1013 
degeneracy worse : 868 868 877 1071 1099 1116 
SCL #err deg : 4000 / 7400
SCL #err weighted degeneracy : 3943 3943 3946 4059 4083 4112 
degeneracy helps : 913 902 935 1028 1032 1022 
degeneracy worse : 880 880 889 1087 1115 1134 
SCL #err deg : 4062 / 7500
SCL #err weighted degeneracy : 3998 3998 4001 4115 4139 4168 
degeneracy helps : 927 916 949 1042 1046 1036 
degeneracy worse : 887 887 896 1095 1123 1142 
SCL #err deg : 4128 / 7600
SCL #err weighted degeneracy : 4063 4063 4066 4180 4205 4233 
degeneracy helps : 939 928 962 1060 1063 1053 
degeneracy worse : 899 899 908 1112 1140 1158 
SCL #err deg : 4183 / 7700
SCL #err weighted degeneracy : 4115 4115 4118 4234 4263 4290 
degeneracy helps : 954 943 977 1075 1078 1068 
degeneracy worse : 911 911 920 1126 1158 1175 
SCL #err deg : 4240 / 7800
SCL #err weighted degeneracy : 4170 4170 4173 4292 4322 4348 
degeneracy helps : 970 959 993 1091 1094 1084 
degeneracy worse : 925 925 934 1143 1176 1192 
SCL #err deg : 4293 / 7900
SCL #err weighted degeneracy : 4225 4225 4227 4346 4377 4403 
degeneracy helps : 982 971 1006 1106 1109 1099 
degeneracy worse : 939 939 948 1159 1193 1209 
SCL #err deg : 4353 / 8000
SCL #err weighted degeneracy : 4282 4282 4284 4405 4436 4462 
degeneracy helps : 996 985 1020 1120 1123 1113 
degeneracy worse : 950 950 959 1172 1206 1222 
SCL #err deg : 4418 / 8100
SCL #err weighted degeneracy : 4331 4331 4333 4457 4488 4517 
degeneracy helps : 1020 1009 1044 1143 1146 1134 
degeneracy worse : 959 959 968 1182 1216 1233 
SCL #err deg : 4470 / 8200
SCL #err weighted degeneracy : 4387 4387 4389 4514 4546 4575 
degeneracy helps : 1035 1024 1060 1160 1163 1151 
degeneracy worse : 979 979 988 1204 1239 1256 
SCL #err deg : 4528 / 8300
SCL #err weighted degeneracy : 4446 4446 4448 4576 4610 4639 
degeneracy helps : 1045 1034 1070 1171 1174 1162 
degeneracy worse : 990 990 999 1219 1256 1273 
SCL #err deg : 4586 / 8400
SCL #err weighted degeneracy : 4507 4507 4509 4636 4670 4702 
degeneracy helps : 1058 1047 1083 1189 1192 1178 
degeneracy worse : 1006 1006 1015 1239 1276 1294 
SCL #err deg : 4636 / 8500
SCL #err weighted degeneracy : 4561 4561 4563 4692 4726 4760 
degeneracy helps : 1073 1062 1098 1205 1208 1193 
degeneracy worse : 1025 1025 1034 1261 1298 1317 
SCL #err deg : 4690 / 8600
SCL #err weighted degeneracy : 4612 4612 4615 4746 4780 4813 
degeneracy helps : 1085 1074 1110 1221 1224 1210 
degeneracy worse : 1034 1034 1044 1277 1314 1333 
SCL #err deg : 4739 / 8700
SCL #err weighted degeneracy : 4657 4657 4660 4795 4829 4862 
degeneracy helps : 1102 1091 1127 1238 1241 1227 
degeneracy worse : 1047 1047 1057 1294 1331 1350 
SCL #err deg : 4799 / 8800
SCL #err weighted degeneracy : 4714 4714 4717 4851 4885 4920 
degeneracy helps : 1121 1110 1146 1260 1263 1247 
degeneracy worse : 1063 1063 1073 1312 1349 1368 
SCL #err deg : 4856 / 8900
SCL #err weighted degeneracy : 4765 4765 4766 4899 4933 4969 
degeneracy helps : 1134 1123 1161 1277 1280 1263 
degeneracy worse : 1070 1070 1080 1320 1357 1376 
SCL #err deg : 4912 / 9000
SCL #err weighted degeneracy : 4814 4814 4815 4950 4985 5020 
degeneracy helps : 1152 1141 1179 1295 1298 1281 
degeneracy worse : 1081 1081 1091 1333 1371 1389 
SCL #err deg : 4968 / 9100
SCL #err weighted degeneracy : 4871 4871 4872 5010 5044 5078 
degeneracy helps : 1161 1150 1188 1306 1309 1293 
degeneracy worse : 1091 1091 1101 1348 1385 1403 
SCL #err deg : 5018 / 9200
SCL #err weighted degeneracy : 4922 4922 4923 5062 5096 5131 
degeneracy helps : 1173 1161 1200 1320 1324 1307 
degeneracy worse : 1104 1104 1114 1364 1402 1420 
SCL #err deg : 5070 / 9300
SCL #err weighted degeneracy : 4968 4968 4969 5113 5148 5184 
degeneracy helps : 1187 1175 1215 1336 1340 1322 
degeneracy worse : 1114 1114 1124 1379 1418 1436 
SCL #err deg : 5122 / 9400
SCL #err weighted degeneracy : 5020 5020 5020 5164 5199 5234 
degeneracy helps : 1196 1184 1225 1348 1352 1335 
degeneracy worse : 1123 1123 1133 1390 1429 1447 
SCL #err deg : 5172 / 9500
SCL #err weighted degeneracy : 5066 5066 5066 5209 5245 5281 
degeneracy helps : 1214 1202 1243 1367 1371 1354 
degeneracy worse : 1137 1137 1147 1404 1444 1463 
SCL #err deg : 5229 / 9600
SCL #err weighted degeneracy : 5121 5121 5121 5264 5301 5340 
degeneracy helps : 1228 1216 1257 1384 1387 1369 
degeneracy worse : 1149 1149 1159 1419 1459 1480 
SCL #err deg : 5283 / 9700
SCL #err weighted degeneracy : 5173 5173 5173 5322 5359 5395 
degeneracy helps : 1240 1228 1269 1396 1399 1382 
degeneracy worse : 1159 1159 1169 1435 1475 1494 
SCL #err deg : 5345 / 9800
SCL #err weighted degeneracy : 5226 5226 5227 5376 5414 5450 
degeneracy helps : 1256 1245 1286 1414 1416 1399 
degeneracy worse : 1167 1167 1178 1445 1485 1504 
SCL #err deg : 5402 / 9900
SCL #err weighted degeneracy : 5282 5282 5283 5435 5474 5510 
degeneracy helps : 1269 1258 1299 1427 1429 1412 
degeneracy worse : 1179 1179 1190 1460 1501 1520 
SCL #err deg : 5464 / 10000
SCL #err weighted degeneracy : 5340 5340 5341 5493 5533 5568 
degeneracy helps : 1279 1268 1309 1441 1443 1426 
degeneracy worse : 1185 1185 1196 1470 1512 1530 
average #flips: 9.5581
SCL #err considering degeneracy: 5464
error due to equal 1548
error due to SCL smaller 3916
Finish in 591 s
