Simulation Polar syndrome FASTER N=64, K=33, l=128, pz=0.19, #samples=10000, seed=87
HPW construction
Event generator random seed: 87
SCL #err deg : 65 / 100
SCL #err weighted degeneracy : 63 63 63 62 62 61 
degeneracy helps : 13 13 14 16 17 18 
degeneracy worse : 12 12 12 13 14 14 
SCL #err deg : 138 / 200
SCL #err weighted degeneracy : 132 132 132 127 127 125 
degeneracy helps : 30 30 31 37 38 40 
degeneracy worse : 25 25 25 26 27 27 
SCL #err deg : 201 / 300
SCL #err weighted degeneracy : 200 200 199 194 193 191 
degeneracy helps : 39 39 41 49 51 53 
degeneracy worse : 39 39 39 42 43 43 
SCL #err deg : 271 / 400
SCL #err weighted degeneracy : 274 274 273 268 267 265 
degeneracy helps : 48 48 50 59 61 63 
degeneracy worse : 52 52 52 56 57 57 
SCL #err deg : 332 / 500
SCL #err weighted degeneracy : 336 336 335 334 333 330 
degeneracy helps : 58 58 60 71 74 76 
degeneracy worse : 63 63 63 73 75 74 
SCL #err deg : 399 / 600
SCL #err weighted degeneracy : 409 409 408 409 408 405 
degeneracy helps : 69 69 71 83 87 88 
degeneracy worse : 80 80 80 93 96 94 
SCL #err deg : 460 / 700
SCL #err weighted degeneracy : 471 471 471 470 469 466 
degeneracy helps : 82 81 84 99 103 104 
degeneracy worse : 94 94 95 109 112 110 
SCL #err deg : 519 / 800
SCL #err weighted degeneracy : 535 535 535 535 534 531 
degeneracy helps : 89 88 91 109 113 114 
degeneracy worse : 106 106 107 125 128 126 
SCL #err deg : 583 / 900
SCL #err weighted degeneracy : 598 598 598 599 599 595 
degeneracy helps : 104 103 106 125 129 131 
degeneracy worse : 120 120 121 141 145 143 
SCL #err deg : 656 / 1000
SCL #err weighted degeneracy : 662 662 662 661 662 659 
degeneracy helps : 120 120 123 144 148 150 
degeneracy worse : 128 128 129 149 154 153 
SCL #err deg : 719 / 1100
SCL #err weighted degeneracy : 727 727 727 726 728 726 
degeneracy helps : 135 134 138 160 164 166 
degeneracy worse : 145 145 146 167 173 173 
SCL #err deg : 784 / 1200
SCL #err weighted degeneracy : 790 791 791 788 790 788 
degeneracy helps : 148 146 151 177 181 183 
degeneracy worse : 157 157 159 181 187 187 
SCL #err deg : 852 / 1300
SCL #err weighted degeneracy : 852 853 854 852 853 852 
degeneracy helps : 164 161 167 194 199 200 
degeneracy worse : 167 166 170 194 200 200 
SCL #err deg : 923 / 1400
SCL #err weighted degeneracy : 918 919 920 918 918 919 
degeneracy helps : 177 174 180 209 215 215 
degeneracy worse : 175 174 178 204 210 211 
SCL #err deg : 990 / 1500
SCL #err weighted degeneracy : 992 993 994 990 990 992 
degeneracy helps : 183 179 186 218 224 223 
degeneracy worse : 188 187 191 218 224 225 
SCL #err deg : 1055 / 1600
SCL #err weighted degeneracy : 1052 1053 1054 1052 1053 1053 
degeneracy helps : 198 194 201 235 241 241 
degeneracy worse : 198 197 201 232 239 239 
SCL #err deg : 1119 / 1700
SCL #err weighted degeneracy : 1117 1118 1119 1115 1116 1117 
degeneracy helps : 209 205 212 249 255 256 
degeneracy worse : 210 209 213 245 252 254 
SCL #err deg : 1187 / 1800
SCL #err weighted degeneracy : 1188 1189 1191 1184 1185 1189 
degeneracy helps : 221 217 224 264 270 269 
degeneracy worse : 225 224 229 261 268 271 
SCL #err deg : 1254 / 1900
SCL #err weighted degeneracy : 1247 1248 1250 1243 1247 1251 
degeneracy helps : 238 235 242 283 287 286 
degeneracy worse : 235 234 239 272 280 283 
SCL #err deg : 1318 / 2000
SCL #err weighted degeneracy : 1318 1319 1321 1313 1317 1321 
degeneracy helps : 248 245 252 294 298 297 
degeneracy worse : 252 251 256 289 297 300 
SCL #err deg : 1385 / 2100
SCL #err weighted degeneracy : 1387 1388 1390 1380 1384 1387 
degeneracy helps : 260 256 264 309 313 313 
degeneracy worse : 266 265 270 304 312 315 
SCL #err deg : 1453 / 2200
SCL #err weighted degeneracy : 1452 1453 1455 1444 1448 1450 
degeneracy helps : 270 266 274 321 325 326 
degeneracy worse : 273 272 277 312 320 323 
SCL #err deg : 1522 / 2300
SCL #err weighted degeneracy : 1524 1525 1527 1516 1520 1522 
degeneracy helps : 282 277 286 333 337 338 
degeneracy worse : 288 287 292 327 335 338 
SCL #err deg : 1589 / 2400
SCL #err weighted degeneracy : 1596 1597 1599 1589 1593 1595 
degeneracy helps : 293 287 297 345 349 350 
degeneracy worse : 304 303 308 345 353 356 
SCL #err deg : 1656 / 2500
SCL #err weighted degeneracy : 1658 1658 1661 1651 1656 1659 
degeneracy helps : 314 308 318 367 371 371 
degeneracy worse : 320 318 324 362 371 374 
SCL #err deg : 1726 / 2600
SCL #err weighted degeneracy : 1725 1726 1728 1717 1722 1726 
degeneracy helps : 328 321 332 383 388 388 
degeneracy worse : 331 329 335 374 384 388 
SCL #err deg : 1790 / 2700
SCL #err weighted degeneracy : 1785 1786 1788 1778 1782 1788 
degeneracy helps : 343 336 347 399 404 404 
degeneracy worse : 342 340 346 387 396 402 
SCL #err deg : 1854 / 2800
SCL #err weighted degeneracy : 1842 1843 1845 1837 1841 1847 
degeneracy helps : 362 354 366 418 423 423 
degeneracy worse : 354 352 358 401 410 416 
SCL #err deg : 1920 / 2900
SCL #err weighted degeneracy : 1908 1909 1911 1904 1908 1913 
degeneracy helps : 378 370 382 436 441 441 
degeneracy worse : 370 368 374 420 429 434 
SCL #err deg : 1988 / 3000
SCL #err weighted degeneracy : 1969 1971 1972 1967 1971 1978 
degeneracy helps : 400 392 405 457 462 461 
degeneracy worse : 386 384 390 436 445 451 
SCL #err deg : 2057 / 3100
SCL #err weighted degeneracy : 2034 2035 2037 2032 2035 2043 
degeneracy helps : 415 406 419 473 479 477 
degeneracy worse : 397 394 401 448 457 463 
SCL #err deg : 2125 / 3200
SCL #err weighted degeneracy : 2099 2100 2102 2094 2097 2106 
degeneracy helps : 431 421 435 493 499 496 
degeneracy worse : 410 407 414 462 471 477 
SCL #err deg : 2196 / 3300
SCL #err weighted degeneracy : 2162 2163 2165 2157 2160 2168 
degeneracy helps : 450 440 454 514 520 517 
degeneracy worse : 421 418 425 475 484 489 
SCL #err deg : 2266 / 3400
SCL #err weighted degeneracy : 2234 2235 2237 2229 2232 2240 
degeneracy helps : 460 450 464 525 531 528 
degeneracy worse : 433 430 437 488 497 502 
SCL #err deg : 2327 / 3500
SCL #err weighted degeneracy : 2302 2303 2305 2298 2302 2309 
degeneracy helps : 471 461 475 537 542 540 
degeneracy worse : 451 448 455 508 517 522 
SCL #err deg : 2393 / 3600
SCL #err weighted degeneracy : 2368 2369 2371 2366 2370 2378 
degeneracy helps : 486 476 490 551 556 553 
degeneracy worse : 466 463 470 524 533 538 
SCL #err deg : 2453 / 3700
SCL #err weighted degeneracy : 2432 2433 2435 2433 2437 2445 
degeneracy helps : 497 486 501 563 568 565 
degeneracy worse : 481 478 485 543 552 557 
SCL #err deg : 2513 / 3800
SCL #err weighted degeneracy : 2486 2487 2489 2491 2494 2503 
degeneracy helps : 516 505 520 582 588 584 
degeneracy worse : 494 491 498 560 569 574 
SCL #err deg : 2582 / 3900
SCL #err weighted degeneracy : 2552 2553 2556 2557 2560 2568 
degeneracy helps : 533 522 537 601 607 604 
degeneracy worse : 508 505 513 576 585 590 
SCL #err deg : 2644 / 4000
SCL #err weighted degeneracy : 2624 2625 2628 2628 2634 2641 
degeneracy helps : 539 527 543 610 614 612 
degeneracy worse : 524 521 529 594 604 609 
SCL #err deg : 2715 / 4100
SCL #err weighted degeneracy : 2688 2689 2692 2692 2696 2706 
degeneracy helps : 555 543 559 628 633 628 
degeneracy worse : 533 530 538 605 614 619 
SCL #err deg : 2779 / 4200
SCL #err weighted degeneracy : 2754 2755 2758 2758 2762 2770 
degeneracy helps : 566 553 570 642 647 644 
degeneracy worse : 546 543 551 621 630 635 
SCL #err deg : 2856 / 4300
SCL #err weighted degeneracy : 2822 2823 2827 2827 2831 2838 
degeneracy helps : 583 570 587 661 666 664 
degeneracy worse : 555 552 561 632 641 646 
SCL #err deg : 2924 / 4400
SCL #err weighted degeneracy : 2887 2888 2892 2889 2893 2901 
degeneracy helps : 598 584 602 679 684 681 
degeneracy worse : 567 564 573 644 653 658 
SCL #err deg : 2989 / 4500
SCL #err weighted degeneracy : 2958 2959 2963 2963 2967 2975 
degeneracy helps : 606 592 610 686 691 688 
degeneracy worse : 581 578 587 660 669 674 
SCL #err deg : 3056 / 4600
SCL #err weighted degeneracy : 3030 3031 3035 3037 3042 3049 
degeneracy helps : 614 600 618 695 699 697 
degeneracy worse : 594 591 600 676 685 690 
SCL #err deg : 3133 / 4700
SCL #err weighted degeneracy : 3099 3099 3104 3105 3110 3118 
degeneracy helps : 628 613 632 712 716 714 
degeneracy worse : 600 596 606 684 693 699 
SCL #err deg : 3201 / 4800
SCL #err weighted degeneracy : 3169 3169 3174 3175 3179 3189 
degeneracy helps : 638 623 642 724 730 727 
degeneracy worse : 612 608 618 698 708 715 
SCL #err deg : 3275 / 4900
SCL #err weighted degeneracy : 3239 3239 3244 3246 3249 3258 
degeneracy helps : 650 635 654 737 744 741 
degeneracy worse : 620 616 626 708 718 724 
SCL #err deg : 3342 / 5000
SCL #err weighted degeneracy : 3303 3303 3308 3308 3311 3319 
degeneracy helps : 667 651 671 756 763 762 
degeneracy worse : 634 630 640 722 732 739 
SCL #err deg : 3406 / 5100
SCL #err weighted degeneracy : 3365 3366 3370 3369 3371 3381 
degeneracy helps : 680 663 684 771 779 776 
degeneracy worse : 645 641 651 734 744 751 
SCL #err deg : 3473 / 5200
SCL #err weighted degeneracy : 3433 3434 3439 3439 3441 3450 
degeneracy helps : 692 675 696 785 792 789 
degeneracy worse : 658 654 665 751 760 766 
SCL #err deg : 3539 / 5300
SCL #err weighted degeneracy : 3497 3497 3503 3503 3506 3515 
degeneracy helps : 704 687 708 799 805 802 
degeneracy worse : 668 663 675 763 772 778 
SCL #err deg : 3602 / 5400
SCL #err weighted degeneracy : 3561 3561 3567 3567 3570 3580 
degeneracy helps : 720 702 724 817 823 818 
degeneracy worse : 685 680 692 782 791 796 
SCL #err deg : 3665 / 5500
SCL #err weighted degeneracy : 3627 3627 3633 3631 3634 3643 
degeneracy helps : 731 713 735 831 837 833 
degeneracy worse : 699 694 706 797 806 811 
SCL #err deg : 3729 / 5600
SCL #err weighted degeneracy : 3695 3694 3701 3700 3704 3713 
degeneracy helps : 742 723 746 842 847 843 
degeneracy worse : 714 708 721 813 822 827 
SCL #err deg : 3798 / 5700
SCL #err weighted degeneracy : 3761 3760 3767 3766 3769 3778 
degeneracy helps : 756 737 760 857 863 859 
degeneracy worse : 725 719 732 825 834 839 
SCL #err deg : 3870 / 5800
SCL #err weighted degeneracy : 3831 3830 3837 3833 3836 3845 
degeneracy helps : 772 753 776 876 882 878 
degeneracy worse : 739 733 746 839 848 853 
SCL #err deg : 3941 / 5900
SCL #err weighted degeneracy : 3899 3898 3905 3904 3906 3914 
degeneracy helps : 784 765 788 887 894 891 
degeneracy worse : 748 742 755 850 859 864 
SCL #err deg : 4013 / 6000
SCL #err weighted degeneracy : 3966 3965 3972 3970 3974 3984 
degeneracy helps : 798 779 802 903 908 903 
degeneracy worse : 757 751 764 860 869 874 
SCL #err deg : 4085 / 6100
SCL #err weighted degeneracy : 4034 4033 4040 4041 4045 4054 
degeneracy helps : 814 795 818 919 924 920 
degeneracy worse : 769 763 776 875 884 889 
SCL #err deg : 4152 / 6200
SCL #err weighted degeneracy : 4105 4104 4111 4112 4116 4124 
degeneracy helps : 826 807 830 932 937 933 
degeneracy worse : 785 779 792 892 901 905 
SCL #err deg : 4217 / 6300
SCL #err weighted degeneracy : 4170 4169 4176 4175 4179 4188 
degeneracy helps : 840 821 844 950 955 951 
degeneracy worse : 799 793 806 908 917 922 
SCL #err deg : 4282 / 6400
SCL #err weighted degeneracy : 4234 4233 4240 4237 4242 4250 
degeneracy helps : 852 833 856 966 971 968 
degeneracy worse : 810 804 817 921 931 936 
SCL #err deg : 4344 / 6500
SCL #err weighted degeneracy : 4299 4298 4305 4301 4306 4314 
degeneracy helps : 867 848 871 983 988 986 
degeneracy worse : 828 822 835 940 950 956 
SCL #err deg : 4418 / 6600
SCL #err weighted degeneracy : 4368 4367 4374 4370 4374 4384 
degeneracy helps : 882 863 886 1001 1007 1003 
degeneracy worse : 838 832 845 953 963 969 
SCL #err deg : 4485 / 6700
SCL #err weighted degeneracy : 4432 4431 4438 4436 4441 4451 
degeneracy helps : 899 879 903 1019 1025 1021 
degeneracy worse : 852 846 859 970 981 987 
SCL #err deg : 4560 / 6800
SCL #err weighted degeneracy : 4506 4505 4512 4509 4512 4523 
degeneracy helps : 914 893 918 1036 1044 1040 
degeneracy worse : 866 860 873 985 996 1003 
SCL #err deg : 4630 / 6900
SCL #err weighted degeneracy : 4570 4569 4576 4576 4578 4589 
degeneracy helps : 930 909 934 1054 1063 1058 
degeneracy worse : 876 870 883 1000 1011 1017 
SCL #err deg : 4693 / 7000
SCL #err weighted degeneracy : 4631 4630 4637 4636 4638 4652 
degeneracy helps : 944 922 948 1070 1079 1074 
degeneracy worse : 888 882 895 1013 1024 1033 
SCL #err deg : 4766 / 7100
SCL #err weighted degeneracy : 4698 4697 4704 4704 4708 4723 
degeneracy helps : 959 937 963 1086 1094 1089 
degeneracy worse : 898 892 905 1024 1036 1046 
SCL #err deg : 4843 / 7200
SCL #err weighted degeneracy : 4770 4769 4776 4776 4779 4794 
degeneracy helps : 973 951 977 1103 1112 1107 
degeneracy worse : 907 901 914 1036 1048 1058 
SCL #err deg : 4908 / 7300
SCL #err weighted degeneracy : 4839 4838 4845 4847 4852 4867 
degeneracy helps : 986 963 990 1116 1124 1119 
degeneracy worse : 924 918 931 1055 1068 1078 
SCL #err deg : 4974 / 7400
SCL #err weighted degeneracy : 4910 4910 4915 4919 4923 4939 
degeneracy helps : 995 971 1000 1126 1135 1129 
degeneracy worse : 938 932 945 1071 1084 1094 
SCL #err deg : 5041 / 7500
SCL #err weighted degeneracy : 4983 4983 4988 4991 4995 5012 
degeneracy helps : 1003 980 1009 1137 1146 1139 
degeneracy worse : 953 947 960 1087 1100 1110 
SCL #err deg : 5112 / 7600
SCL #err weighted degeneracy : 5049 5049 5054 5059 5064 5082 
degeneracy helps : 1017 994 1023 1153 1161 1153 
degeneracy worse : 962 956 969 1100 1113 1123 
SCL #err deg : 5175 / 7700
SCL #err weighted degeneracy : 5115 5115 5120 5127 5132 5148 
degeneracy helps : 1029 1004 1035 1165 1173 1167 
degeneracy worse : 977 971 984 1117 1130 1140 
SCL #err deg : 5240 / 7800
SCL #err weighted degeneracy : 5177 5177 5181 5187 5192 5208 
degeneracy helps : 1044 1019 1051 1183 1191 1185 
degeneracy worse : 989 983 996 1130 1143 1153 
SCL #err deg : 5307 / 7900
SCL #err weighted degeneracy : 5234 5234 5238 5245 5249 5267 
degeneracy helps : 1060 1035 1067 1200 1209 1202 
degeneracy worse : 995 989 1002 1138 1151 1162 
SCL #err deg : 5377 / 8000
SCL #err weighted degeneracy : 5304 5304 5308 5316 5320 5338 
degeneracy helps : 1072 1047 1079 1212 1221 1214 
degeneracy worse : 1007 1001 1014 1151 1164 1175 
SCL #err deg : 5446 / 8100
SCL #err weighted degeneracy : 5371 5371 5375 5385 5389 5406 
degeneracy helps : 1086 1061 1093 1224 1233 1227 
degeneracy worse : 1019 1013 1026 1163 1176 1187 
SCL #err deg : 5512 / 8200
SCL #err weighted degeneracy : 5437 5437 5441 5453 5457 5474 
degeneracy helps : 1094 1069 1101 1234 1243 1237 
degeneracy worse : 1027 1021 1034 1175 1188 1199 
SCL #err deg : 5582 / 8300
SCL #err weighted degeneracy : 5499 5499 5503 5517 5523 5541 
degeneracy helps : 1108 1083 1115 1248 1257 1251 
degeneracy worse : 1033 1027 1040 1183 1198 1210 
SCL #err deg : 5657 / 8400
SCL #err weighted degeneracy : 5579 5579 5583 5599 5606 5624 
degeneracy helps : 1116 1091 1123 1255 1264 1259 
degeneracy worse : 1046 1040 1053 1197 1213 1226 
SCL #err deg : 5719 / 8500
SCL #err weighted degeneracy : 5637 5637 5641 5658 5667 5686 
degeneracy helps : 1130 1105 1137 1269 1278 1273 
degeneracy worse : 1056 1050 1063 1208 1226 1240 
SCL #err deg : 5785 / 8600
SCL #err weighted degeneracy : 5701 5701 5705 5726 5734 5753 
degeneracy helps : 1144 1119 1151 1283 1293 1287 
degeneracy worse : 1068 1062 1075 1224 1242 1255 
SCL #err deg : 5848 / 8700
SCL #err weighted degeneracy : 5760 5760 5764 5782 5790 5811 
degeneracy helps : 1165 1140 1172 1307 1317 1311 
degeneracy worse : 1085 1079 1092 1241 1259 1274 
SCL #err deg : 5920 / 8800
SCL #err weighted degeneracy : 5829 5829 5833 5849 5857 5882 
degeneracy helps : 1179 1154 1186 1324 1334 1327 
degeneracy worse : 1096 1090 1103 1253 1271 1289 
SCL #err deg : 5993 / 8900
SCL #err weighted degeneracy : 5899 5899 5903 5915 5923 5950 
degeneracy helps : 1193 1168 1200 1342 1352 1344 
degeneracy worse : 1107 1101 1114 1264 1282 1301 
SCL #err deg : 6061 / 9000
SCL #err weighted degeneracy : 5960 5960 5964 5979 5987 6015 
degeneracy helps : 1207 1183 1215 1357 1367 1358 
degeneracy worse : 1115 1109 1122 1275 1293 1312 
SCL #err deg : 6123 / 9100
SCL #err weighted degeneracy : 6021 6021 6025 6039 6047 6076 
degeneracy helps : 1221 1198 1230 1375 1386 1377 
degeneracy worse : 1129 1123 1136 1291 1310 1330 
SCL #err deg : 6189 / 9200
SCL #err weighted degeneracy : 6088 6088 6092 6106 6114 6144 
degeneracy helps : 1233 1210 1242 1389 1400 1391 
degeneracy worse : 1142 1136 1149 1306 1325 1346 
SCL #err deg : 6258 / 9300
SCL #err weighted degeneracy : 6152 6152 6156 6170 6179 6210 
degeneracy helps : 1250 1227 1259 1408 1419 1411 
degeneracy worse : 1154 1148 1161 1320 1340 1363 
SCL #err deg : 6323 / 9400
SCL #err weighted degeneracy : 6212 6212 6216 6231 6241 6271 
degeneracy helps : 1267 1244 1276 1425 1435 1428 
degeneracy worse : 1166 1160 1173 1333 1353 1376 
SCL #err deg : 6398 / 9500
SCL #err weighted degeneracy : 6289 6289 6293 6306 6315 6347 
degeneracy helps : 1275 1252 1284 1435 1446 1439 
degeneracy worse : 1176 1170 1183 1343 1363 1388 
SCL #err deg : 6467 / 9600
SCL #err weighted degeneracy : 6357 6357 6361 6374 6383 6416 
degeneracy helps : 1288 1264 1297 1450 1461 1453 
degeneracy worse : 1188 1182 1195 1357 1377 1402 
SCL #err deg : 6529 / 9700
SCL #err weighted degeneracy : 6421 6421 6425 6440 6449 6482 
degeneracy helps : 1298 1274 1307 1460 1471 1463 
degeneracy worse : 1200 1194 1207 1371 1391 1416 
SCL #err deg : 6598 / 9800
SCL #err weighted degeneracy : 6495 6495 6498 6516 6524 6559 
degeneracy helps : 1307 1283 1317 1470 1482 1473 
degeneracy worse : 1214 1208 1221 1388 1408 1434 
SCL #err deg : 6667 / 9900
SCL #err weighted degeneracy : 6566 6566 6569 6588 6598 6631 
degeneracy helps : 1314 1290 1324 1479 1490 1482 
degeneracy worse : 1223 1217 1230 1400 1421 1446 
SCL #err deg : 6734 / 10000
SCL #err weighted degeneracy : 6633 6634 6636 6654 6664 6696 
degeneracy helps : 1328 1303 1338 1495 1506 1498 
degeneracy worse : 1237 1231 1244 1415 1436 1460 
average #flips: 12.1432
SCL #err considering degeneracy: 6734
error due to equal 701
error due to SCL smaller 6033
Finish in 541 s
