Simulation Polar syndrome FASTER N=64, K=33, l=128, pz=0.2, #samples=10000
RM construction
SCL #err deg : 61 / 100
SCL #err weighted degeneracy : 69 69 69 68 68 69 
degeneracy helps : 11 11 11 14 15 13 
degeneracy worse : 19 19 19 21 22 21 
SCL #err deg : 127 / 200
SCL #err weighted degeneracy : 129 129 129 130 131 133 
degeneracy helps : 28 28 28 30 30 28 
degeneracy worse : 30 30 30 33 34 34 
SCL #err deg : 196 / 300
SCL #err weighted degeneracy : 199 199 198 201 201 203 
degeneracy helps : 41 41 42 44 45 43 
degeneracy worse : 44 44 44 49 50 50 
SCL #err deg : 265 / 400
SCL #err weighted degeneracy : 272 272 270 274 273 274 
degeneracy helps : 51 50 52 54 55 54 
degeneracy worse : 58 58 57 63 63 63 
SCL #err deg : 335 / 500
SCL #err weighted degeneracy : 338 338 336 337 335 336 
degeneracy helps : 67 66 68 73 74 75 
degeneracy worse : 70 70 69 75 74 76 
SCL #err deg : 408 / 600
SCL #err weighted degeneracy : 402 402 400 400 398 398 
degeneracy helps : 95 94 96 102 103 105 
degeneracy worse : 89 89 88 94 93 95 
SCL #err deg : 475 / 700
SCL #err weighted degeneracy : 463 463 461 461 460 460 
degeneracy helps : 114 113 115 122 122 124 
degeneracy worse : 102 102 101 108 107 109 
SCL #err deg : 548 / 800
SCL #err weighted degeneracy : 525 525 523 523 522 523 
degeneracy helps : 133 132 134 143 143 144 
degeneracy worse : 110 110 109 118 117 119 
SCL #err deg : 614 / 900
SCL #err weighted degeneracy : 586 586 584 584 583 583 
degeneracy helps : 153 152 154 164 164 166 
degeneracy worse : 125 125 124 134 133 135 
SCL #err deg : 685 / 1000
SCL #err weighted degeneracy : 653 653 651 655 655 654 
degeneracy helps : 167 164 168 177 177 180 
degeneracy worse : 135 135 134 147 147 149 
SCL #err deg : 750 / 1100
SCL #err weighted degeneracy : 717 717 715 717 717 716 
degeneracy helps : 181 178 182 194 194 197 
degeneracy worse : 148 148 147 161 161 163 
SCL #err deg : 818 / 1200
SCL #err weighted degeneracy : 792 792 790 792 792 792 
degeneracy helps : 189 186 190 203 203 206 
degeneracy worse : 163 163 162 177 177 180 
SCL #err deg : 877 / 1300
SCL #err weighted degeneracy : 857 857 855 855 854 856 
degeneracy helps : 202 199 203 218 220 222 
degeneracy worse : 182 182 181 196 197 201 
SCL #err deg : 943 / 1400
SCL #err weighted degeneracy : 923 923 921 921 920 921 
degeneracy helps : 217 214 218 233 235 238 
degeneracy worse : 197 197 196 211 212 216 
SCL #err deg : 1013 / 1500
SCL #err weighted degeneracy : 998 998 996 995 994 996 
degeneracy helps : 229 226 230 247 249 251 
degeneracy worse : 214 214 213 229 230 234 
SCL #err deg : 1090 / 1600
SCL #err weighted degeneracy : 1069 1069 1067 1065 1065 1067 
degeneracy helps : 247 243 248 267 268 270 
degeneracy worse : 226 226 225 242 243 247 
SCL #err deg : 1159 / 1700
SCL #err weighted degeneracy : 1142 1142 1140 1138 1138 1140 
degeneracy helps : 264 260 265 285 286 288 
degeneracy worse : 247 247 246 264 265 269 
SCL #err deg : 1228 / 1800
SCL #err weighted degeneracy : 1214 1214 1212 1212 1212 1215 
degeneracy helps : 276 271 276 296 297 299 
degeneracy worse : 262 262 261 280 281 286 
SCL #err deg : 1302 / 1900
SCL #err weighted degeneracy : 1291 1291 1289 1290 1290 1293 
degeneracy helps : 289 283 289 310 311 313 
degeneracy worse : 278 278 277 298 299 304 
SCL #err deg : 1372 / 2000
SCL #err weighted degeneracy : 1360 1360 1358 1357 1357 1362 
degeneracy helps : 299 293 299 324 325 326 
degeneracy worse : 287 287 286 309 310 316 
SCL #err deg : 1445 / 2100
SCL #err weighted degeneracy : 1440 1440 1438 1433 1432 1437 
degeneracy helps : 304 298 304 333 335 336 
degeneracy worse : 299 299 298 321 322 328 
SCL #err deg : 1517 / 2200
SCL #err weighted degeneracy : 1500 1500 1498 1492 1491 1495 
degeneracy helps : 327 320 327 357 359 361 
degeneracy worse : 310 310 309 332 333 339 
SCL #err deg : 1576 / 2300
SCL #err weighted degeneracy : 1570 1570 1568 1560 1559 1564 
degeneracy helps : 339 332 339 371 373 375 
degeneracy worse : 333 333 332 355 356 363 
SCL #err deg : 1652 / 2400
SCL #err weighted degeneracy : 1630 1630 1628 1620 1619 1624 
degeneracy helps : 363 356 363 395 397 399 
degeneracy worse : 341 341 340 363 364 371 
SCL #err deg : 1719 / 2500
SCL #err weighted degeneracy : 1699 1699 1697 1688 1687 1693 
degeneracy helps : 376 369 376 409 411 412 
degeneracy worse : 356 356 355 378 379 386 
SCL #err deg : 1781 / 2600
SCL #err weighted degeneracy : 1763 1763 1761 1754 1753 1762 
degeneracy helps : 393 386 393 426 428 427 
degeneracy worse : 375 375 374 399 400 408 
SCL #err deg : 1850 / 2700
SCL #err weighted degeneracy : 1829 1829 1827 1819 1818 1827 
degeneracy helps : 414 407 414 449 451 450 
degeneracy worse : 393 393 392 418 419 427 
SCL #err deg : 1916 / 2800
SCL #err weighted degeneracy : 1891 1891 1889 1881 1879 1887 
degeneracy helps : 433 426 433 469 472 472 
degeneracy worse : 408 408 407 434 435 443 
SCL #err deg : 1981 / 2900
SCL #err weighted degeneracy : 1952 1952 1950 1942 1939 1949 
degeneracy helps : 452 444 452 490 494 492 
degeneracy worse : 423 423 422 451 452 460 
SCL #err deg : 2049 / 3000
SCL #err weighted degeneracy : 2021 2021 2019 2013 2010 2020 
degeneracy helps : 462 454 462 500 504 502 
degeneracy worse : 434 434 433 464 465 473 
SCL #err deg : 2130 / 3100
SCL #err weighted degeneracy : 2093 2093 2091 2086 2083 2091 
degeneracy helps : 478 469 478 517 521 519 
degeneracy worse : 441 441 440 473 474 480 
SCL #err deg : 2197 / 3200
SCL #err weighted degeneracy : 2164 2164 2162 2160 2157 2166 
degeneracy helps : 485 476 485 524 529 527 
degeneracy worse : 452 452 451 487 489 496 
SCL #err deg : 2269 / 3300
SCL #err weighted degeneracy : 2230 2230 2228 2228 2227 2235 
degeneracy helps : 501 492 501 541 545 543 
degeneracy worse : 462 462 461 500 503 509 
SCL #err deg : 2337 / 3400
SCL #err weighted degeneracy : 2292 2292 2290 2292 2292 2301 
degeneracy helps : 520 510 520 560 564 561 
degeneracy worse : 475 475 474 515 519 525 
SCL #err deg : 2404 / 3500
SCL #err weighted degeneracy : 2358 2358 2356 2362 2362 2370 
degeneracy helps : 536 526 536 578 582 580 
degeneracy worse : 490 490 489 536 540 546 
SCL #err deg : 2466 / 3600
SCL #err weighted degeneracy : 2422 2422 2420 2430 2429 2436 
degeneracy helps : 554 543 554 596 600 598 
degeneracy worse : 510 510 509 560 563 568 
SCL #err deg : 2534 / 3700
SCL #err weighted degeneracy : 2492 2492 2490 2501 2501 2509 
degeneracy helps : 567 556 567 610 614 612 
degeneracy worse : 525 525 524 577 581 587 
SCL #err deg : 2611 / 3800
SCL #err weighted degeneracy : 2566 2566 2564 2576 2575 2583 
degeneracy helps : 577 566 577 620 625 623 
degeneracy worse : 532 532 531 585 589 595 
SCL #err deg : 2677 / 3900
SCL #err weighted degeneracy : 2634 2634 2632 2643 2643 2652 
degeneracy helps : 591 579 591 635 640 637 
degeneracy worse : 548 548 547 601 606 612 
SCL #err deg : 2750 / 4000
SCL #err weighted degeneracy : 2697 2697 2695 2706 2705 2713 
degeneracy helps : 609 597 609 655 661 659 
degeneracy worse : 556 556 555 611 616 622 
SCL #err deg : 2824 / 4100
SCL #err weighted degeneracy : 2768 2768 2766 2774 2773 2780 
degeneracy helps : 621 609 620 670 676 675 
degeneracy worse : 565 565 564 620 625 631 
SCL #err deg : 2897 / 4200
SCL #err weighted degeneracy : 2836 2836 2834 2842 2842 2849 
degeneracy helps : 637 625 636 687 693 691 
degeneracy worse : 576 576 575 632 638 643 
SCL #err deg : 2980 / 4300
SCL #err weighted degeneracy : 2901 2901 2899 2908 2907 2911 
degeneracy helps : 660 648 659 710 717 717 
degeneracy worse : 581 581 580 638 644 648 
SCL #err deg : 3053 / 4400
SCL #err weighted degeneracy : 2966 2966 2964 2974 2973 2977 
degeneracy helps : 678 666 677 730 737 737 
degeneracy worse : 591 591 590 651 657 661 
SCL #err deg : 3123 / 4500
SCL #err weighted degeneracy : 3031 3031 3029 3043 3042 3046 
degeneracy helps : 693 680 692 745 752 752 
degeneracy worse : 601 601 600 665 671 675 
SCL #err deg : 3188 / 4600
SCL #err weighted degeneracy : 3087 3087 3085 3096 3095 3100 
degeneracy helps : 716 703 715 770 777 777 
degeneracy worse : 615 615 614 678 684 689 
SCL #err deg : 3260 / 4700
SCL #err weighted degeneracy : 3161 3161 3159 3169 3167 3172 
degeneracy helps : 728 715 727 783 791 791 
degeneracy worse : 629 629 628 692 698 703 
SCL #err deg : 3331 / 4800
SCL #err weighted degeneracy : 3229 3229 3227 3235 3233 3235 
degeneracy helps : 744 731 743 802 810 812 
degeneracy worse : 642 642 641 706 712 716 
SCL #err deg : 3398 / 4900
SCL #err weighted degeneracy : 3296 3296 3294 3299 3295 3297 
degeneracy helps : 758 745 757 819 828 830 
degeneracy worse : 656 656 655 720 725 729 
SCL #err deg : 3463 / 5000
SCL #err weighted degeneracy : 3366 3366 3364 3369 3365 3367 
degeneracy helps : 769 756 768 832 841 843 
degeneracy worse : 672 672 671 738 743 747 
SCL #err deg : 3526 / 5100
SCL #err weighted degeneracy : 3431 3431 3429 3436 3434 3435 
degeneracy helps : 781 768 780 846 854 857 
degeneracy worse : 686 686 685 756 762 766 
SCL #err deg : 3599 / 5200
SCL #err weighted degeneracy : 3504 3504 3502 3510 3508 3509 
degeneracy helps : 791 778 790 856 864 867 
degeneracy worse : 696 696 695 767 773 777 
SCL #err deg : 3665 / 5300
SCL #err weighted degeneracy : 3568 3568 3566 3572 3570 3570 
degeneracy helps : 807 793 805 874 882 886 
degeneracy worse : 710 710 709 781 787 791 
SCL #err deg : 3733 / 5400
SCL #err weighted degeneracy : 3626 3626 3624 3630 3628 3628 
degeneracy helps : 827 811 824 895 903 907 
degeneracy worse : 721 721 720 792 798 802 
SCL #err deg : 3802 / 5500
SCL #err weighted degeneracy : 3696 3696 3694 3701 3700 3701 
degeneracy helps : 838 822 835 907 915 918 
degeneracy worse : 733 733 732 806 813 817 
SCL #err deg : 3875 / 5600
SCL #err weighted degeneracy : 3762 3762 3760 3767 3767 3769 
degeneracy helps : 855 839 852 926 933 936 
degeneracy worse : 743 743 742 818 825 830 
SCL #err deg : 3941 / 5700
SCL #err weighted degeneracy : 3826 3826 3824 3831 3833 3834 
degeneracy helps : 871 854 868 943 949 953 
degeneracy worse : 757 757 756 833 841 846 
SCL #err deg : 4018 / 5800
SCL #err weighted degeneracy : 3897 3897 3895 3901 3904 3907 
degeneracy helps : 888 870 885 961 967 970 
degeneracy worse : 768 768 767 844 853 859 
SCL #err deg : 4087 / 5900
SCL #err weighted degeneracy : 3959 3959 3957 3964 3967 3969 
degeneracy helps : 905 886 902 979 985 989 
degeneracy worse : 778 778 777 856 865 871 
SCL #err deg : 4157 / 6000
SCL #err weighted degeneracy : 4029 4029 4027 4033 4037 4039 
degeneracy helps : 915 896 912 992 998 1002 
degeneracy worse : 788 788 787 868 878 884 
SCL #err deg : 4213 / 6100
SCL #err weighted degeneracy : 4093 4093 4091 4099 4103 4104 
degeneracy helps : 926 907 923 1003 1009 1014 
degeneracy worse : 807 807 806 889 899 905 
SCL #err deg : 4283 / 6200
SCL #err weighted degeneracy : 4160 4160 4158 4165 4169 4171 
degeneracy helps : 943 924 940 1022 1028 1033 
degeneracy worse : 821 821 820 904 914 921 
SCL #err deg : 4351 / 6300
SCL #err weighted degeneracy : 4229 4229 4227 4235 4238 4240 
degeneracy helps : 959 940 956 1039 1045 1050 
degeneracy worse : 838 838 837 923 932 939 
SCL #err deg : 4416 / 6400
SCL #err weighted degeneracy : 4292 4292 4290 4298 4301 4301 
degeneracy helps : 972 953 969 1053 1059 1066 
degeneracy worse : 849 849 848 935 944 951 
SCL #err deg : 4482 / 6500
SCL #err weighted degeneracy : 4361 4361 4359 4368 4371 4372 
degeneracy helps : 983 964 980 1067 1073 1079 
degeneracy worse : 863 863 862 953 962 969 
SCL #err deg : 4549 / 6600
SCL #err weighted degeneracy : 4427 4427 4425 4437 4440 4441 
degeneracy helps : 994 975 991 1078 1085 1091 
degeneracy worse : 873 873 872 966 976 983 
SCL #err deg : 4612 / 6700
SCL #err weighted degeneracy : 4495 4495 4493 4507 4510 4510 
degeneracy helps : 1009 990 1006 1093 1100 1106 
degeneracy worse : 893 893 892 988 998 1004 
SCL #err deg : 4685 / 6800
SCL #err weighted degeneracy : 4562 4562 4560 4574 4578 4580 
degeneracy helps : 1027 1008 1024 1112 1118 1123 
degeneracy worse : 905 905 904 1001 1011 1018 
SCL #err deg : 4758 / 6900
SCL #err weighted degeneracy : 4624 4624 4622 4636 4640 4643 
degeneracy helps : 1048 1029 1045 1134 1140 1144 
degeneracy worse : 915 915 914 1012 1022 1029 
SCL #err deg : 4825 / 7000
SCL #err weighted degeneracy : 4690 4690 4688 4704 4709 4714 
degeneracy helps : 1066 1047 1063 1152 1157 1161 
degeneracy worse : 932 932 931 1031 1041 1050 
SCL #err deg : 4889 / 7100
SCL #err weighted degeneracy : 4756 4756 4754 4769 4775 4779 
degeneracy helps : 1083 1064 1080 1170 1174 1178 
degeneracy worse : 951 951 950 1050 1060 1068 
SCL #err deg : 4957 / 7200
SCL #err weighted degeneracy : 4820 4820 4818 4833 4841 4845 
degeneracy helps : 1097 1078 1094 1185 1188 1193 
degeneracy worse : 961 961 960 1061 1072 1081 
SCL #err deg : 5022 / 7300
SCL #err weighted degeneracy : 4881 4881 4879 4895 4904 4909 
degeneracy helps : 1114 1093 1110 1203 1206 1209 
degeneracy worse : 974 974 973 1076 1088 1096 
SCL #err deg : 5089 / 7400
SCL #err weighted degeneracy : 4952 4952 4950 4965 4974 4978 
degeneracy helps : 1127 1106 1123 1219 1222 1226 
degeneracy worse : 991 991 990 1095 1107 1115 
SCL #err deg : 5158 / 7500
SCL #err weighted degeneracy : 5021 5021 5019 5037 5046 5050 
degeneracy helps : 1137 1116 1133 1231 1234 1238 
degeneracy worse : 1001 1001 1000 1110 1122 1130 
SCL #err deg : 5228 / 7600
SCL #err weighted degeneracy : 5098 5098 5096 5113 5123 5127 
degeneracy helps : 1147 1126 1143 1242 1245 1249 
degeneracy worse : 1018 1018 1017 1127 1140 1148 
SCL #err deg : 5299 / 7700
SCL #err weighted degeneracy : 5164 5164 5162 5179 5189 5194 
degeneracy helps : 1167 1145 1162 1262 1265 1268 
degeneracy worse : 1033 1033 1032 1142 1155 1163 
SCL #err deg : 5363 / 7800
SCL #err weighted degeneracy : 5236 5236 5234 5250 5261 5266 
degeneracy helps : 1179 1155 1174 1275 1277 1280 
degeneracy worse : 1053 1053 1052 1162 1175 1183 
SCL #err deg : 5426 / 7900
SCL #err weighted degeneracy : 5299 5299 5297 5315 5326 5332 
degeneracy helps : 1192 1168 1187 1289 1291 1294 
degeneracy worse : 1066 1066 1065 1178 1191 1200 
SCL #err deg : 5494 / 8000
SCL #err weighted degeneracy : 5371 5371 5369 5385 5396 5402 
degeneracy helps : 1204 1180 1199 1304 1307 1310 
degeneracy worse : 1082 1082 1081 1195 1209 1218 
SCL #err deg : 5566 / 8100
SCL #err weighted degeneracy : 5444 5444 5442 5460 5470 5477 
degeneracy helps : 1217 1192 1212 1317 1321 1323 
degeneracy worse : 1096 1096 1095 1211 1225 1234 
SCL #err deg : 5637 / 8200
SCL #err weighted degeneracy : 5516 5516 5514 5533 5543 5552 
degeneracy helps : 1224 1198 1219 1325 1329 1331 
degeneracy worse : 1104 1104 1103 1221 1235 1246 
SCL #err deg : 5711 / 8300
SCL #err weighted degeneracy : 5580 5580 5578 5595 5606 5614 
degeneracy helps : 1245 1218 1239 1349 1353 1356 
degeneracy worse : 1115 1115 1114 1233 1248 1259 
SCL #err deg : 5785 / 8400
SCL #err weighted degeneracy : 5648 5648 5646 5662 5672 5681 
degeneracy helps : 1260 1233 1254 1366 1371 1374 
degeneracy worse : 1124 1124 1123 1243 1258 1270 
SCL #err deg : 5852 / 8500
SCL #err weighted degeneracy : 5722 5722 5720 5735 5745 5753 
degeneracy helps : 1272 1244 1266 1379 1384 1388 
degeneracy worse : 1143 1143 1142 1262 1277 1289 
SCL #err deg : 5919 / 8600
SCL #err weighted degeneracy : 5789 5789 5787 5802 5814 5822 
degeneracy helps : 1285 1257 1279 1393 1398 1401 
degeneracy worse : 1156 1156 1155 1276 1293 1304 
SCL #err deg : 5992 / 8700
SCL #err weighted degeneracy : 5860 5860 5858 5874 5885 5894 
degeneracy helps : 1300 1272 1294 1408 1414 1417 
degeneracy worse : 1169 1169 1168 1290 1307 1319 
SCL #err deg : 6066 / 8800
SCL #err weighted degeneracy : 5929 5929 5927 5944 5956 5963 
degeneracy helps : 1318 1290 1312 1426 1431 1436 
degeneracy worse : 1182 1182 1181 1304 1321 1333 
SCL #err deg : 6140 / 8900
SCL #err weighted degeneracy : 5992 5992 5990 6008 6021 6028 
degeneracy helps : 1337 1309 1331 1446 1452 1457 
degeneracy worse : 1190 1190 1189 1314 1333 1345 
SCL #err deg : 6206 / 9000
SCL #err weighted degeneracy : 6059 6059 6057 6075 6089 6097 
degeneracy helps : 1350 1322 1344 1458 1463 1468 
degeneracy worse : 1204 1204 1203 1327 1346 1359 
SCL #err deg : 6274 / 9100
SCL #err weighted degeneracy : 6127 6127 6125 6143 6156 6164 
degeneracy helps : 1364 1336 1358 1473 1479 1484 
degeneracy worse : 1218 1218 1217 1342 1361 1374 
SCL #err deg : 6352 / 9200
SCL #err weighted degeneracy : 6210 6210 6208 6225 6238 6246 
degeneracy helps : 1372 1344 1366 1482 1488 1493 
degeneracy worse : 1231 1231 1230 1355 1374 1387 
SCL #err deg : 6423 / 9300
SCL #err weighted degeneracy : 6279 6279 6277 6297 6311 6319 
degeneracy helps : 1386 1358 1380 1496 1501 1506 
degeneracy worse : 1243 1243 1242 1370 1389 1402 
SCL #err deg : 6495 / 9400
SCL #err weighted degeneracy : 6344 6344 6342 6363 6377 6384 
degeneracy helps : 1404 1375 1398 1514 1519 1525 
degeneracy worse : 1254 1254 1253 1382 1401 1414 
SCL #err deg : 6564 / 9500
SCL #err weighted degeneracy : 6415 6415 6413 6435 6448 6456 
degeneracy helps : 1420 1389 1414 1530 1536 1542 
degeneracy worse : 1272 1272 1271 1401 1420 1434 
SCL #err deg : 6637 / 9600
SCL #err weighted degeneracy : 6491 6491 6489 6509 6522 6531 
degeneracy helps : 1431 1400 1425 1544 1550 1556 
degeneracy worse : 1286 1286 1285 1416 1435 1450 
SCL #err deg : 6715 / 9700
SCL #err weighted degeneracy : 6564 6564 6562 6583 6594 6603 
degeneracy helps : 1445 1413 1439 1560 1568 1574 
degeneracy worse : 1295 1295 1294 1428 1447 1462 
SCL #err deg : 6780 / 9800
SCL #err weighted degeneracy : 6631 6631 6629 6649 6661 6671 
degeneracy helps : 1459 1426 1453 1577 1585 1590 
degeneracy worse : 1311 1311 1310 1446 1466 1481 
SCL #err deg : 6854 / 9900
SCL #err weighted degeneracy : 6702 6702 6700 6720 6732 6742 
degeneracy helps : 1474 1441 1468 1593 1601 1606 
degeneracy worse : 1323 1323 1322 1459 1479 1494 
SCL #err deg : 6928 / 10000
SCL #err weighted degeneracy : 6770 6770 6768 6790 6802 6812 
degeneracy helps : 1491 1458 1485 1611 1619 1624 
degeneracy worse : 1334 1334 1333 1473 1493 1508 
average #flips: 12.8513
SCL #err considering degeneracy: 6928
error due to equal 656
error due to SCL smaller 6272
Finish in 596 s
