Simulation Polar syndrome FASTER N=256, K=129, l=128, pz=0.12, #samples=10000, seed=37
PW construction
Event generator random seed: 37
SCL #err deg : 52 / 100
SCL #err weighted degeneracy : 46 46 46 49 50 49 
degeneracy helps : 10 10 12 11 12 12 
degeneracy worse : 4 4 6 8 10 9 
SCL #err deg : 98 / 200
SCL #err weighted degeneracy : 94 94 91 96 99 98 
degeneracy helps : 13 13 18 17 18 19 
degeneracy worse : 9 9 11 15 19 19 
SCL #err deg : 148 / 300
SCL #err weighted degeneracy : 140 140 134 142 146 145 
degeneracy helps : 20 20 28 26 27 29 
degeneracy worse : 12 12 14 20 25 26 
SCL #err deg : 189 / 400
SCL #err weighted degeneracy : 186 185 181 193 198 195 
degeneracy helps : 26 26 33 31 32 36 
degeneracy worse : 23 22 25 35 41 42 
SCL #err deg : 232 / 500
SCL #err weighted degeneracy : 227 226 220 230 235 235 
degeneracy helps : 36 36 45 45 47 50 
degeneracy worse : 31 30 33 43 50 53 
SCL #err deg : 287 / 600
SCL #err weighted degeneracy : 277 276 270 278 285 288 
degeneracy helps : 47 47 58 60 62 63 
degeneracy worse : 37 36 41 51 60 64 
SCL #err deg : 335 / 700
SCL #err weighted degeneracy : 315 315 310 322 330 335 
degeneracy helps : 62 61 72 72 74 75 
degeneracy worse : 42 41 47 59 69 75 
SCL #err deg : 377 / 800
SCL #err weighted degeneracy : 354 354 351 361 370 375 
degeneracy helps : 70 69 79 80 83 85 
degeneracy worse : 47 46 53 64 76 83 
SCL #err deg : 418 / 900
SCL #err weighted degeneracy : 397 397 392 405 414 419 
degeneracy helps : 75 74 87 88 91 92 
degeneracy worse : 54 53 61 75 87 93 
SCL #err deg : 464 / 1000
SCL #err weighted degeneracy : 443 443 437 450 462 467 
degeneracy helps : 83 82 97 98 101 103 
degeneracy worse : 62 61 70 84 99 106 
SCL #err deg : 503 / 1100
SCL #err weighted degeneracy : 478 478 473 489 503 509 
degeneracy helps : 90 89 106 108 111 113 
degeneracy worse : 65 64 76 94 111 119 
SCL #err deg : 547 / 1200
SCL #err weighted degeneracy : 521 521 517 535 550 557 
degeneracy helps : 95 94 110 111 114 117 
degeneracy worse : 69 68 80 99 117 127 
SCL #err deg : 589 / 1300
SCL #err weighted degeneracy : 561 561 555 575 591 598 
degeneracy helps : 104 103 121 121 124 127 
degeneracy worse : 76 75 87 107 126 136 
SCL #err deg : 641 / 1400
SCL #err weighted degeneracy : 606 606 600 621 638 644 
degeneracy helps : 118 117 135 135 137 140 
degeneracy worse : 83 82 94 115 134 143 
SCL #err deg : 686 / 1500
SCL #err weighted degeneracy : 645 645 640 658 674 681 
degeneracy helps : 130 129 146 149 152 154 
degeneracy worse : 89 88 100 121 140 149 
SCL #err deg : 724 / 1600
SCL #err weighted degeneracy : 684 685 682 698 713 723 
degeneracy helps : 136 134 150 154 158 160 
degeneracy worse : 96 95 108 128 147 159 
SCL #err deg : 764 / 1700
SCL #err weighted degeneracy : 725 726 724 741 757 767 
degeneracy helps : 141 139 155 160 163 165 
degeneracy worse : 102 101 115 137 156 168 
SCL #err deg : 803 / 1800
SCL #err weighted degeneracy : 760 761 760 778 795 805 
degeneracy helps : 148 146 163 168 172 175 
degeneracy worse : 105 104 120 143 164 177 
SCL #err deg : 851 / 1900
SCL #err weighted degeneracy : 800 801 800 818 836 849 
degeneracy helps : 162 160 179 186 190 191 
degeneracy worse : 111 110 128 153 175 189 
SCL #err deg : 896 / 2000
SCL #err weighted degeneracy : 841 841 842 861 877 890 
degeneracy helps : 172 171 190 197 203 203 
degeneracy worse : 117 116 136 162 184 197 
SCL #err deg : 934 / 2100
SCL #err weighted degeneracy : 883 883 884 903 921 935 
degeneracy helps : 180 179 198 206 211 211 
degeneracy worse : 129 128 148 175 198 212 
SCL #err deg : 976 / 2200
SCL #err weighted degeneracy : 924 925 924 942 961 975 
degeneracy helps : 188 186 208 218 224 224 
degeneracy worse : 136 135 156 184 209 223 
SCL #err deg : 1018 / 2300
SCL #err weighted degeneracy : 961 961 962 980 999 1012 
degeneracy helps : 198 197 219 229 235 236 
degeneracy worse : 141 140 163 191 216 230 
SCL #err deg : 1056 / 2400
SCL #err weighted degeneracy : 1002 1002 1004 1021 1044 1060 
degeneracy helps : 202 201 223 235 241 242 
degeneracy worse : 148 147 171 200 229 246 
SCL #err deg : 1101 / 2500
SCL #err weighted degeneracy : 1045 1045 1047 1065 1088 1105 
degeneracy helps : 213 212 234 246 254 254 
degeneracy worse : 157 156 180 210 241 258 
SCL #err deg : 1144 / 2600
SCL #err weighted degeneracy : 1084 1084 1088 1110 1131 1147 
degeneracy helps : 220 219 242 253 265 265 
degeneracy worse : 160 159 186 219 252 268 
SCL #err deg : 1184 / 2700
SCL #err weighted degeneracy : 1126 1127 1129 1153 1174 1191 
degeneracy helps : 227 225 249 262 274 274 
degeneracy worse : 169 168 194 231 264 281 
SCL #err deg : 1221 / 2800
SCL #err weighted degeneracy : 1164 1165 1167 1193 1214 1231 
degeneracy helps : 232 230 256 269 282 283 
degeneracy worse : 175 174 202 241 275 293 
SCL #err deg : 1264 / 2900
SCL #err weighted degeneracy : 1200 1201 1204 1230 1252 1270 
degeneracy helps : 244 242 268 283 297 298 
degeneracy worse : 180 179 208 249 285 304 
SCL #err deg : 1306 / 3000
SCL #err weighted degeneracy : 1240 1241 1248 1274 1295 1314 
degeneracy helps : 249 247 272 287 303 304 
degeneracy worse : 183 182 214 255 292 312 
SCL #err deg : 1347 / 3100
SCL #err weighted degeneracy : 1275 1276 1286 1311 1333 1351 
degeneracy helps : 265 263 285 300 315 316 
degeneracy worse : 193 192 224 264 301 320 
SCL #err deg : 1391 / 3200
SCL #err weighted degeneracy : 1317 1318 1329 1355 1374 1393 
degeneracy helps : 276 274 296 313 330 331 
degeneracy worse : 202 201 234 277 313 333 
SCL #err deg : 1434 / 3300
SCL #err weighted degeneracy : 1366 1367 1380 1409 1428 1447 
degeneracy helps : 280 278 300 318 336 337 
degeneracy worse : 212 211 246 293 330 350 
SCL #err deg : 1482 / 3400
SCL #err weighted degeneracy : 1408 1409 1423 1451 1469 1488 
degeneracy helps : 292 290 312 331 351 352 
degeneracy worse : 218 217 253 300 338 358 
SCL #err deg : 1531 / 3500
SCL #err weighted degeneracy : 1466 1467 1482 1512 1528 1545 
degeneracy helps : 295 293 316 335 358 360 
degeneracy worse : 230 229 267 316 355 374 
SCL #err deg : 1581 / 3600
SCL #err weighted degeneracy : 1508 1509 1525 1553 1569 1588 
degeneracy helps : 306 304 328 349 372 374 
degeneracy worse : 233 232 272 321 360 381 
SCL #err deg : 1617 / 3700
SCL #err weighted degeneracy : 1539 1540 1553 1587 1603 1623 
degeneracy helps : 314 312 339 360 384 386 
degeneracy worse : 236 235 275 330 370 392 
SCL #err deg : 1661 / 3800
SCL #err weighted degeneracy : 1571 1572 1583 1620 1636 1656 
degeneracy helps : 327 325 354 374 398 400 
degeneracy worse : 237 236 276 333 373 395 
SCL #err deg : 1708 / 3900
SCL #err weighted degeneracy : 1615 1616 1627 1662 1680 1702 
degeneracy helps : 338 336 365 387 410 411 
degeneracy worse : 245 244 284 341 382 405 
SCL #err deg : 1752 / 4000
SCL #err weighted degeneracy : 1660 1660 1675 1710 1724 1745 
degeneracy helps : 345 343 370 394 421 422 
degeneracy worse : 253 251 293 352 393 415 
SCL #err deg : 1793 / 4100
SCL #err weighted degeneracy : 1699 1699 1713 1749 1767 1788 
degeneracy helps : 353 351 380 406 432 432 
degeneracy worse : 259 257 300 362 406 427 
SCL #err deg : 1842 / 4200
SCL #err weighted degeneracy : 1747 1747 1761 1796 1813 1834 
degeneracy helps : 360 358 388 417 445 445 
degeneracy worse : 265 263 307 371 416 437 
SCL #err deg : 1894 / 4300
SCL #err weighted degeneracy : 1791 1791 1803 1837 1854 1877 
degeneracy helps : 373 371 403 433 461 461 
degeneracy worse : 270 268 312 376 421 444 
SCL #err deg : 1936 / 4400
SCL #err weighted degeneracy : 1834 1834 1846 1880 1899 1923 
degeneracy helps : 379 377 411 441 469 469 
degeneracy worse : 277 275 321 385 432 456 
SCL #err deg : 1986 / 4500
SCL #err weighted degeneracy : 1871 1871 1882 1918 1937 1963 
degeneracy helps : 397 395 429 457 486 485 
degeneracy worse : 282 280 325 389 437 462 
SCL #err deg : 2029 / 4600
SCL #err weighted degeneracy : 1910 1910 1924 1960 1979 2006 
degeneracy helps : 407 405 438 467 497 496 
degeneracy worse : 288 286 333 398 447 473 
SCL #err deg : 2070 / 4700
SCL #err weighted degeneracy : 1952 1952 1965 2001 2022 2047 
degeneracy helps : 414 412 446 475 506 507 
degeneracy worse : 296 294 341 406 458 484 
SCL #err deg : 2114 / 4800
SCL #err weighted degeneracy : 1996 1996 2007 2045 2066 2090 
degeneracy helps : 420 418 453 482 514 516 
degeneracy worse : 302 300 346 413 466 492 
SCL #err deg : 2154 / 4900
SCL #err weighted degeneracy : 2037 2037 2050 2087 2107 2131 
degeneracy helps : 429 427 463 492 525 527 
degeneracy worse : 312 310 359 425 478 504 
SCL #err deg : 2192 / 5000
SCL #err weighted degeneracy : 2076 2077 2086 2124 2146 2171 
degeneracy helps : 438 435 474 502 534 536 
degeneracy worse : 322 320 368 434 488 515 
SCL #err deg : 2234 / 5100
SCL #err weighted degeneracy : 2112 2113 2122 2159 2182 2207 
degeneracy helps : 450 447 486 515 548 551 
degeneracy worse : 328 326 374 440 496 524 
SCL #err deg : 2275 / 5200
SCL #err weighted degeneracy : 2149 2150 2161 2196 2220 2245 
degeneracy helps : 458 455 493 523 556 560 
degeneracy worse : 332 330 379 444 501 530 
SCL #err deg : 2326 / 5300
SCL #err weighted degeneracy : 2187 2188 2202 2239 2264 2291 
degeneracy helps : 474 471 508 538 571 575 
degeneracy worse : 335 333 384 451 509 540 
SCL #err deg : 2374 / 5400
SCL #err weighted degeneracy : 2230 2231 2246 2285 2309 2336 
degeneracy helps : 483 480 518 547 581 586 
degeneracy worse : 339 337 390 458 516 548 
SCL #err deg : 2418 / 5500
SCL #err weighted degeneracy : 2278 2279 2294 2333 2357 2382 
degeneracy helps : 492 488 528 558 592 598 
degeneracy worse : 352 349 404 473 531 562 
SCL #err deg : 2463 / 5600
SCL #err weighted degeneracy : 2316 2317 2332 2368 2391 2420 
degeneracy helps : 505 501 542 575 610 613 
degeneracy worse : 358 355 411 480 538 570 
SCL #err deg : 2507 / 5700
SCL #err weighted degeneracy : 2347 2348 2364 2404 2426 2455 
degeneracy helps : 521 517 558 590 626 631 
degeneracy worse : 361 358 415 487 545 579 
SCL #err deg : 2557 / 5800
SCL #err weighted degeneracy : 2390 2391 2408 2447 2469 2498 
degeneracy helps : 532 528 568 601 637 642 
degeneracy worse : 365 362 419 491 549 583 
SCL #err deg : 2596 / 5900
SCL #err weighted degeneracy : 2433 2434 2452 2490 2512 2541 
degeneracy helps : 537 533 573 611 649 654 
degeneracy worse : 374 371 429 505 565 599 
SCL #err deg : 2633 / 6000
SCL #err weighted degeneracy : 2471 2473 2486 2524 2548 2577 
degeneracy helps : 546 541 585 623 662 667 
degeneracy worse : 384 381 438 514 577 611 
SCL #err deg : 2676 / 6100
SCL #err weighted degeneracy : 2514 2516 2528 2564 2589 2620 
degeneracy helps : 556 551 596 636 675 680 
degeneracy worse : 394 391 448 524 588 624 
SCL #err deg : 2723 / 6200
SCL #err weighted degeneracy : 2557 2559 2570 2608 2633 2667 
degeneracy helps : 564 559 605 643 683 688 
degeneracy worse : 398 395 452 528 593 632 
SCL #err deg : 2771 / 6300
SCL #err weighted degeneracy : 2607 2609 2621 2660 2684 2719 
degeneracy helps : 568 563 609 648 690 695 
degeneracy worse : 404 401 459 537 603 643 
SCL #err deg : 2813 / 6400
SCL #err weighted degeneracy : 2647 2649 2660 2702 2725 2760 
degeneracy helps : 578 573 621 659 701 708 
degeneracy worse : 412 409 468 548 613 655 
SCL #err deg : 2856 / 6500
SCL #err weighted degeneracy : 2694 2696 2708 2752 2774 2809 
degeneracy helps : 581 576 626 664 707 714 
degeneracy worse : 419 416 478 560 625 667 
SCL #err deg : 2893 / 6600
SCL #err weighted degeneracy : 2730 2732 2744 2787 2811 2848 
degeneracy helps : 590 585 636 677 721 727 
degeneracy worse : 427 424 487 571 639 682 
SCL #err deg : 2941 / 6700
SCL #err weighted degeneracy : 2777 2779 2790 2833 2859 2895 
degeneracy helps : 599 594 646 687 730 736 
degeneracy worse : 435 432 495 579 648 690 
SCL #err deg : 2984 / 6800
SCL #err weighted degeneracy : 2813 2815 2828 2870 2897 2933 
degeneracy helps : 610 605 655 699 742 749 
degeneracy worse : 439 436 499 585 655 698 
SCL #err deg : 3028 / 6900
SCL #err weighted degeneracy : 2858 2860 2873 2916 2943 2981 
degeneracy helps : 620 615 666 711 754 760 
degeneracy worse : 450 447 511 599 669 713 
SCL #err deg : 3073 / 7000
SCL #err weighted degeneracy : 2898 2900 2915 2957 2982 3021 
degeneracy helps : 630 625 675 721 766 772 
degeneracy worse : 455 452 517 605 675 720 
SCL #err deg : 3120 / 7100
SCL #err weighted degeneracy : 2942 2944 2961 3007 3034 3074 
degeneracy helps : 638 633 683 729 774 779 
degeneracy worse : 460 457 524 616 688 733 
SCL #err deg : 3156 / 7200
SCL #err weighted degeneracy : 2983 2985 3002 3048 3075 3116 
degeneracy helps : 643 638 689 737 783 787 
degeneracy worse : 470 467 535 629 702 747 
SCL #err deg : 3206 / 7300
SCL #err weighted degeneracy : 3026 3028 3046 3092 3120 3162 
degeneracy helps : 656 651 702 750 796 799 
degeneracy worse : 476 473 542 636 710 755 
SCL #err deg : 3249 / 7400
SCL #err weighted degeneracy : 3076 3078 3095 3138 3166 3208 
degeneracy helps : 663 658 711 760 807 809 
degeneracy worse : 490 487 557 649 724 768 
SCL #err deg : 3293 / 7500
SCL #err weighted degeneracy : 3110 3112 3127 3170 3200 3242 
degeneracy helps : 678 673 728 777 825 827 
degeneracy worse : 495 492 562 654 732 776 
SCL #err deg : 3341 / 7600
SCL #err weighted degeneracy : 3155 3157 3172 3214 3243 3287 
degeneracy helps : 687 682 739 790 839 840 
degeneracy worse : 501 498 570 663 741 786 
SCL #err deg : 3394 / 7700
SCL #err weighted degeneracy : 3201 3203 3216 3260 3291 3331 
degeneracy helps : 699 694 753 804 853 858 
degeneracy worse : 506 503 575 670 750 795 
SCL #err deg : 3442 / 7800
SCL #err weighted degeneracy : 3244 3246 3259 3303 3333 3375 
degeneracy helps : 708 703 763 814 864 868 
degeneracy worse : 510 507 580 675 755 801 
SCL #err deg : 3483 / 7900
SCL #err weighted degeneracy : 3288 3290 3302 3346 3379 3421 
degeneracy helps : 718 713 774 826 876 879 
degeneracy worse : 523 520 593 689 772 817 
SCL #err deg : 3523 / 8000
SCL #err weighted degeneracy : 3326 3328 3339 3384 3417 3460 
degeneracy helps : 727 722 785 840 891 895 
degeneracy worse : 530 527 601 701 785 832 
SCL #err deg : 3572 / 8100
SCL #err weighted degeneracy : 3371 3373 3385 3429 3463 3505 
degeneracy helps : 737 732 797 854 905 909 
degeneracy worse : 536 533 610 711 796 842 
SCL #err deg : 3612 / 8200
SCL #err weighted degeneracy : 3411 3413 3426 3472 3507 3549 
degeneracy helps : 746 741 805 861 913 916 
degeneracy worse : 545 542 619 721 808 853 
SCL #err deg : 3662 / 8300
SCL #err weighted degeneracy : 3461 3463 3477 3522 3558 3600 
degeneracy helps : 756 751 815 872 923 926 
degeneracy worse : 555 552 630 732 819 864 
SCL #err deg : 3707 / 8400
SCL #err weighted degeneracy : 3503 3505 3519 3562 3600 3643 
degeneracy helps : 766 761 826 887 939 941 
degeneracy worse : 562 559 638 742 832 877 
SCL #err deg : 3743 / 8500
SCL #err weighted degeneracy : 3534 3536 3550 3593 3632 3677 
degeneracy helps : 775 770 835 896 948 950 
degeneracy worse : 566 563 642 746 837 884 
SCL #err deg : 3793 / 8600
SCL #err weighted degeneracy : 3579 3582 3598 3644 3683 3726 
degeneracy helps : 783 777 843 902 955 959 
degeneracy worse : 569 566 648 753 845 892 
SCL #err deg : 3838 / 8700
SCL #err weighted degeneracy : 3626 3629 3643 3691 3730 3772 
degeneracy helps : 789 783 850 909 963 968 
degeneracy worse : 577 574 655 762 855 902 
SCL #err deg : 3887 / 8800
SCL #err weighted degeneracy : 3668 3671 3687 3736 3773 3815 
degeneracy helps : 802 796 863 921 976 981 
degeneracy worse : 583 580 663 770 862 909 
SCL #err deg : 3929 / 8900
SCL #err weighted degeneracy : 3712 3715 3731 3781 3815 3859 
degeneracy helps : 807 801 868 926 983 988 
degeneracy worse : 590 587 670 778 869 918 
SCL #err deg : 3975 / 9000
SCL #err weighted degeneracy : 3760 3763 3779 3828 3862 3906 
degeneracy helps : 810 804 873 932 989 995 
degeneracy worse : 595 592 677 785 876 926 
SCL #err deg : 4018 / 9100
SCL #err weighted degeneracy : 3798 3801 3815 3863 3899 3943 
degeneracy helps : 818 812 883 944 1002 1008 
degeneracy worse : 598 595 680 789 883 933 
SCL #err deg : 4063 / 9200
SCL #err weighted degeneracy : 3840 3843 3853 3907 3940 3986 
degeneracy helps : 828 822 897 956 1017 1023 
degeneracy worse : 605 602 687 800 894 946 
SCL #err deg : 4109 / 9300
SCL #err weighted degeneracy : 3887 3890 3900 3951 3984 4028 
degeneracy helps : 833 827 902 964 1025 1033 
degeneracy worse : 611 608 693 806 900 952 
SCL #err deg : 4149 / 9400
SCL #err weighted degeneracy : 3920 3923 3933 3989 4023 4068 
degeneracy helps : 842 836 912 974 1035 1043 
degeneracy worse : 613 610 696 814 909 962 
SCL #err deg : 4183 / 9500
SCL #err weighted degeneracy : 3956 3959 3971 4027 4061 4107 
degeneracy helps : 845 839 915 980 1042 1051 
degeneracy worse : 618 615 703 824 920 975 
SCL #err deg : 4233 / 9600
SCL #err weighted degeneracy : 4002 4005 4018 4074 4108 4153 
degeneracy helps : 856 850 925 990 1053 1063 
degeneracy worse : 625 622 710 831 928 983 
SCL #err deg : 4265 / 9700
SCL #err weighted degeneracy : 4032 4035 4049 4105 4141 4187 
degeneracy helps : 862 856 931 997 1060 1070 
degeneracy worse : 629 626 715 837 936 992 
SCL #err deg : 4304 / 9800
SCL #err weighted degeneracy : 4074 4077 4089 4147 4183 4231 
degeneracy helps : 868 862 942 1007 1071 1081 
degeneracy worse : 638 635 727 850 950 1008 
SCL #err deg : 4351 / 9900
SCL #err weighted degeneracy : 4127 4130 4141 4196 4232 4280 
degeneracy helps : 871 865 946 1013 1078 1088 
degeneracy worse : 647 644 736 858 959 1017 
SCL #err deg : 4386 / 10000
SCL #err weighted degeneracy : 4159 4162 4170 4223 4258 4306 
degeneracy helps : 878 872 955 1024 1090 1100 
degeneracy worse : 651 648 739 861 962 1020 
average #flips: 30.6944
SCL #err considering degeneracy: 4386
error due to equal 700
error due to SCL smaller 3686
Finish in 2259 s
