Simulation Polar syndrome FASTER N=256, K=129, l=128, pz=0.07, #samples=10000, seed=77
PW construction
Event generator random seed: 77
SCL #err deg : 5 / 100
SCL #err weighted degeneracy : 1 1 1 1 2 4 
degeneracy helps : 4 4 4 4 3 3 
degeneracy worse : 0 0 0 0 0 2 
SCL #err deg : 10 / 200
SCL #err weighted degeneracy : 2 2 4 4 5 7 
degeneracy helps : 8 8 7 7 6 6 
degeneracy worse : 0 0 1 1 1 3 
SCL #err deg : 13 / 300
SCL #err weighted degeneracy : 5 5 7 9 9 12 
degeneracy helps : 10 10 9 10 9 9 
degeneracy worse : 2 2 3 6 5 8 
SCL #err deg : 18 / 400
SCL #err weighted degeneracy : 8 8 11 14 14 17 
degeneracy helps : 13 13 12 12 11 11 
degeneracy worse : 3 3 5 8 7 10 
SCL #err deg : 22 / 500
SCL #err weighted degeneracy : 9 9 12 14 16 21 
degeneracy helps : 16 16 15 16 14 14 
degeneracy worse : 3 3 5 8 8 13 
SCL #err deg : 27 / 600
SCL #err weighted degeneracy : 14 14 15 17 19 24 
degeneracy helps : 17 17 18 19 17 17 
degeneracy worse : 4 4 6 9 9 14 
SCL #err deg : 28 / 700
SCL #err weighted degeneracy : 14 14 15 17 20 25 
degeneracy helps : 18 18 19 20 18 17 
degeneracy worse : 4 4 6 9 10 14 
SCL #err deg : 32 / 800
SCL #err weighted degeneracy : 15 15 17 20 23 29 
degeneracy helps : 21 21 22 22 20 19 
degeneracy worse : 4 4 7 10 11 16 
SCL #err deg : 32 / 900
SCL #err weighted degeneracy : 15 15 17 20 23 29 
degeneracy helps : 21 21 22 22 20 19 
degeneracy worse : 4 4 7 10 11 16 
SCL #err deg : 33 / 1000
SCL #err weighted degeneracy : 15 15 18 24 27 33 
degeneracy helps : 22 22 23 23 21 20 
degeneracy worse : 4 4 8 14 15 20 
SCL #err deg : 38 / 1100
SCL #err weighted degeneracy : 17 17 20 26 29 35 
degeneracy helps : 25 25 26 26 24 23 
degeneracy worse : 4 4 8 14 15 20 
SCL #err deg : 39 / 1200
SCL #err weighted degeneracy : 18 18 21 29 32 39 
degeneracy helps : 25 25 26 26 24 23 
degeneracy worse : 4 4 8 16 17 23 
SCL #err deg : 39 / 1300
SCL #err weighted degeneracy : 19 19 22 30 33 40 
degeneracy helps : 25 25 26 26 24 23 
degeneracy worse : 5 5 9 17 18 24 
SCL #err deg : 43 / 1400
SCL #err weighted degeneracy : 23 23 26 35 38 45 
degeneracy helps : 26 26 27 27 25 24 
degeneracy worse : 6 6 10 19 20 26 
SCL #err deg : 45 / 1500
SCL #err weighted degeneracy : 27 27 31 40 43 51 
degeneracy helps : 27 27 28 28 26 25 
degeneracy worse : 9 9 14 23 24 31 
SCL #err deg : 46 / 1600
SCL #err weighted degeneracy : 28 28 32 41 44 52 
degeneracy helps : 27 27 28 28 26 25 
degeneracy worse : 9 9 14 23 24 31 
SCL #err deg : 51 / 1700
SCL #err weighted degeneracy : 31 31 35 45 49 57 
degeneracy helps : 31 31 32 32 30 29 
degeneracy worse : 11 11 16 26 28 35 
SCL #err deg : 54 / 1800
SCL #err weighted degeneracy : 34 34 38 49 53 61 
degeneracy helps : 33 33 34 34 32 31 
degeneracy worse : 13 13 18 29 31 38 
SCL #err deg : 54 / 1900
SCL #err weighted degeneracy : 36 36 40 52 56 65 
degeneracy helps : 33 33 34 34 32 31 
degeneracy worse : 15 15 20 32 34 42 
SCL #err deg : 59 / 2000
SCL #err weighted degeneracy : 40 40 44 57 62 71 
degeneracy helps : 35 35 36 36 34 33 
degeneracy worse : 16 16 21 34 37 45 
SCL #err deg : 61 / 2100
SCL #err weighted degeneracy : 42 42 46 59 63 72 
degeneracy helps : 36 36 37 37 36 35 
degeneracy worse : 17 17 22 35 38 46 
SCL #err deg : 63 / 2200
SCL #err weighted degeneracy : 44 44 48 61 65 74 
degeneracy helps : 36 36 37 37 36 35 
degeneracy worse : 17 17 22 35 38 46 
SCL #err deg : 67 / 2300
SCL #err weighted degeneracy : 46 46 52 65 70 79 
degeneracy helps : 38 38 39 40 38 37 
degeneracy worse : 17 17 24 38 41 49 
SCL #err deg : 73 / 2400
SCL #err weighted degeneracy : 50 50 56 69 75 84 
degeneracy helps : 41 41 42 43 41 40 
degeneracy worse : 18 18 25 39 43 51 
SCL #err deg : 79 / 2500
SCL #err weighted degeneracy : 56 56 62 75 81 90 
degeneracy helps : 42 42 43 44 42 41 
degeneracy worse : 19 19 26 40 44 52 
SCL #err deg : 82 / 2600
SCL #err weighted degeneracy : 60 60 66 80 86 95 
degeneracy helps : 42 42 43 45 43 42 
degeneracy worse : 20 20 27 43 47 55 
SCL #err deg : 84 / 2700
SCL #err weighted degeneracy : 61 61 68 82 88 98 
degeneracy helps : 44 44 44 46 44 43 
degeneracy worse : 21 21 28 44 48 57 
SCL #err deg : 86 / 2800
SCL #err weighted degeneracy : 63 63 69 83 90 100 
degeneracy helps : 45 45 46 48 46 45 
degeneracy worse : 22 22 29 45 50 59 
SCL #err deg : 90 / 2900
SCL #err weighted degeneracy : 67 67 74 88 96 106 
degeneracy helps : 47 47 47 49 47 46 
degeneracy worse : 24 24 31 47 53 62 
SCL #err deg : 92 / 3000
SCL #err weighted degeneracy : 69 69 76 90 98 108 
degeneracy helps : 47 47 47 49 47 46 
degeneracy worse : 24 24 31 47 53 62 
SCL #err deg : 94 / 3100
SCL #err weighted degeneracy : 73 73 80 94 102 113 
degeneracy helps : 47 47 47 49 47 46 
degeneracy worse : 26 26 33 49 55 65 
SCL #err deg : 100 / 3200
SCL #err weighted degeneracy : 77 77 84 99 107 120 
degeneracy helps : 50 50 50 51 49 48 
degeneracy worse : 27 27 34 50 56 68 
SCL #err deg : 104 / 3300
SCL #err weighted degeneracy : 79 79 86 101 110 123 
degeneracy helps : 53 53 54 55 52 51 
degeneracy worse : 28 28 36 52 58 70 
SCL #err deg : 104 / 3400
SCL #err weighted degeneracy : 79 79 86 101 110 123 
degeneracy helps : 53 53 54 55 52 51 
degeneracy worse : 28 28 36 52 58 70 
SCL #err deg : 109 / 3500
SCL #err weighted degeneracy : 84 84 91 108 118 131 
degeneracy helps : 55 55 56 57 54 52 
degeneracy worse : 30 30 38 56 63 74 
SCL #err deg : 110 / 3600
SCL #err weighted degeneracy : 86 86 94 112 123 136 
degeneracy helps : 55 55 56 57 54 52 
degeneracy worse : 31 31 40 59 67 78 
SCL #err deg : 111 / 3700
SCL #err weighted degeneracy : 88 88 96 115 126 139 
degeneracy helps : 56 56 57 57 54 52 
degeneracy worse : 33 33 42 61 69 80 
SCL #err deg : 114 / 3800
SCL #err weighted degeneracy : 90 90 98 119 130 143 
degeneracy helps : 58 58 59 58 55 53 
degeneracy worse : 34 34 43 63 71 82 
SCL #err deg : 119 / 3900
SCL #err weighted degeneracy : 93 93 101 126 137 149 
degeneracy helps : 62 62 63 61 58 56 
degeneracy worse : 36 36 45 68 76 86 
SCL #err deg : 119 / 4000
SCL #err weighted degeneracy : 95 95 104 129 141 155 
degeneracy helps : 62 62 63 61 58 56 
degeneracy worse : 38 38 48 71 80 92 
SCL #err deg : 121 / 4100
SCL #err weighted degeneracy : 97 97 106 131 143 159 
degeneracy helps : 63 63 64 62 59 57 
degeneracy worse : 39 39 49 72 81 95 
SCL #err deg : 125 / 4200
SCL #err weighted degeneracy : 104 104 112 137 149 165 
degeneracy helps : 64 64 65 63 60 58 
degeneracy worse : 43 43 52 75 84 98 
SCL #err deg : 126 / 4300
SCL #err weighted degeneracy : 105 105 113 138 150 166 
degeneracy helps : 65 65 66 64 61 59 
degeneracy worse : 44 44 53 76 85 99 
SCL #err deg : 130 / 4400
SCL #err weighted degeneracy : 108 108 116 141 153 169 
degeneracy helps : 66 66 67 65 62 60 
degeneracy worse : 44 44 53 76 85 99 
SCL #err deg : 133 / 4500
SCL #err weighted degeneracy : 111 111 119 145 157 173 
degeneracy helps : 66 66 67 65 62 60 
degeneracy worse : 44 44 53 77 86 100 
SCL #err deg : 138 / 4600
SCL #err weighted degeneracy : 114 114 122 149 161 177 
degeneracy helps : 68 68 69 67 64 63 
degeneracy worse : 44 44 53 78 87 102 
SCL #err deg : 139 / 4700
SCL #err weighted degeneracy : 116 116 124 153 165 181 
degeneracy helps : 69 69 70 68 65 64 
degeneracy worse : 46 46 55 82 91 106 
SCL #err deg : 142 / 4800
SCL #err weighted degeneracy : 118 118 126 154 166 182 
degeneracy helps : 70 70 71 70 67 66 
degeneracy worse : 46 46 55 82 91 106 
SCL #err deg : 143 / 4900
SCL #err weighted degeneracy : 120 120 128 158 171 187 
degeneracy helps : 70 70 71 70 67 66 
degeneracy worse : 47 47 56 85 95 110 
SCL #err deg : 145 / 5000
SCL #err weighted degeneracy : 122 122 129 160 173 189 
degeneracy helps : 70 70 72 71 68 67 
degeneracy worse : 47 47 56 86 96 111 
SCL #err deg : 148 / 5100
SCL #err weighted degeneracy : 125 125 132 164 177 193 
degeneracy helps : 71 71 73 72 69 68 
degeneracy worse : 48 48 57 88 98 113 
SCL #err deg : 149 / 5200
SCL #err weighted degeneracy : 127 127 134 166 181 199 
degeneracy helps : 71 71 73 72 69 68 
degeneracy worse : 49 49 58 89 101 118 
SCL #err deg : 153 / 5300
SCL #err weighted degeneracy : 129 129 136 168 184 203 
degeneracy helps : 73 73 75 74 71 69 
degeneracy worse : 49 49 58 89 102 119 
SCL #err deg : 156 / 5400
SCL #err weighted degeneracy : 133 133 139 171 188 207 
degeneracy helps : 74 74 77 76 73 71 
degeneracy worse : 51 51 60 91 105 122 
SCL #err deg : 159 / 5500
SCL #err weighted degeneracy : 135 135 141 173 191 210 
degeneracy helps : 75 75 78 77 74 72 
degeneracy worse : 51 51 60 91 106 123 
SCL #err deg : 159 / 5600
SCL #err weighted degeneracy : 135 135 141 173 191 211 
degeneracy helps : 75 75 78 77 74 72 
degeneracy worse : 51 51 60 91 106 124 
SCL #err deg : 163 / 5700
SCL #err weighted degeneracy : 137 137 143 176 195 215 
degeneracy helps : 77 77 80 79 76 74 
degeneracy worse : 51 51 60 92 108 126 
SCL #err deg : 167 / 5800
SCL #err weighted degeneracy : 141 141 147 180 199 219 
degeneracy helps : 78 78 81 80 77 75 
degeneracy worse : 52 52 61 93 109 127 
SCL #err deg : 169 / 5900
SCL #err weighted degeneracy : 143 143 149 183 202 223 
degeneracy helps : 78 78 81 80 77 75 
degeneracy worse : 52 52 61 94 110 129 
SCL #err deg : 172 / 6000
SCL #err weighted degeneracy : 146 146 153 189 209 230 
degeneracy helps : 78 78 81 80 77 75 
degeneracy worse : 52 52 62 97 114 133 
SCL #err deg : 173 / 6100
SCL #err weighted degeneracy : 147 147 155 191 211 232 
degeneracy helps : 78 78 81 80 77 75 
degeneracy worse : 52 52 63 98 115 134 
SCL #err deg : 175 / 6200
SCL #err weighted degeneracy : 149 149 157 193 213 234 
degeneracy helps : 78 78 81 80 77 75 
degeneracy worse : 52 52 63 98 115 134 
SCL #err deg : 178 / 6300
SCL #err weighted degeneracy : 150 150 157 194 214 235 
degeneracy helps : 80 80 84 83 80 78 
degeneracy worse : 52 52 63 99 116 135 
SCL #err deg : 180 / 6400
SCL #err weighted degeneracy : 152 152 159 196 217 238 
degeneracy helps : 81 81 85 84 81 79 
degeneracy worse : 53 53 64 100 118 137 
SCL #err deg : 182 / 6500
SCL #err weighted degeneracy : 152 152 159 197 220 241 
degeneracy helps : 83 83 87 86 83 81 
degeneracy worse : 53 53 64 101 121 140 
SCL #err deg : 186 / 6600
SCL #err weighted degeneracy : 153 153 160 198 221 243 
degeneracy helps : 86 86 90 89 86 83 
degeneracy worse : 53 53 64 101 121 140 
SCL #err deg : 190 / 6700
SCL #err weighted degeneracy : 155 155 163 202 229 252 
degeneracy helps : 89 89 93 92 89 86 
degeneracy worse : 54 54 66 104 128 148 
SCL #err deg : 191 / 6800
SCL #err weighted degeneracy : 155 155 163 203 231 254 
degeneracy helps : 90 90 94 93 90 87 
degeneracy worse : 54 54 66 105 130 150 
SCL #err deg : 194 / 6900
SCL #err weighted degeneracy : 159 159 167 207 235 258 
degeneracy helps : 92 92 96 95 92 89 
degeneracy worse : 57 57 69 108 133 153 
SCL #err deg : 195 / 7000
SCL #err weighted degeneracy : 160 160 168 213 241 264 
degeneracy helps : 92 92 96 95 92 89 
degeneracy worse : 57 57 69 113 138 158 
SCL #err deg : 198 / 7100
SCL #err weighted degeneracy : 164 164 173 218 245 268 
degeneracy helps : 93 93 97 96 94 91 
degeneracy worse : 59 59 72 116 141 161 
SCL #err deg : 200 / 7200
SCL #err weighted degeneracy : 165 165 173 218 245 268 
degeneracy helps : 94 94 99 98 96 93 
degeneracy worse : 59 59 72 116 141 161 
SCL #err deg : 203 / 7300
SCL #err weighted degeneracy : 166 166 174 220 247 270 
degeneracy helps : 96 96 101 100 98 95 
degeneracy worse : 59 59 72 117 142 162 
SCL #err deg : 205 / 7400
SCL #err weighted degeneracy : 168 168 176 223 250 273 
degeneracy helps : 97 97 102 101 99 96 
degeneracy worse : 60 60 73 119 144 164 
SCL #err deg : 209 / 7500
SCL #err weighted degeneracy : 172 172 181 227 253 276 
degeneracy helps : 98 98 102 102 101 98 
degeneracy worse : 61 61 74 120 145 165 
SCL #err deg : 212 / 7600
SCL #err weighted degeneracy : 174 174 183 229 257 280 
degeneracy helps : 99 99 103 103 102 99 
degeneracy worse : 61 61 74 120 147 167 
SCL #err deg : 217 / 7700
SCL #err weighted degeneracy : 178 178 188 234 262 285 
degeneracy helps : 101 101 105 105 104 101 
degeneracy worse : 62 62 76 122 149 169 
SCL #err deg : 220 / 7800
SCL #err weighted degeneracy : 180 180 190 236 264 287 
degeneracy helps : 102 102 106 106 105 102 
degeneracy worse : 62 62 76 122 149 169 
SCL #err deg : 223 / 7900
SCL #err weighted degeneracy : 184 184 193 239 267 291 
degeneracy helps : 102 102 107 107 106 103 
degeneracy worse : 63 63 77 123 150 171 
SCL #err deg : 226 / 8000
SCL #err weighted degeneracy : 188 188 196 242 270 294 
degeneracy helps : 103 103 108 109 108 105 
degeneracy worse : 65 65 78 125 152 173 
SCL #err deg : 229 / 8100
SCL #err weighted degeneracy : 191 191 199 246 275 298 
degeneracy helps : 104 104 109 109 108 105 
degeneracy worse : 66 66 79 126 154 174 
SCL #err deg : 232 / 8200
SCL #err weighted degeneracy : 194 194 201 250 279 303 
degeneracy helps : 106 106 112 112 111 107 
degeneracy worse : 68 68 81 130 158 178 
SCL #err deg : 233 / 8300
SCL #err weighted degeneracy : 196 196 203 253 284 308 
degeneracy helps : 106 106 112 112 111 107 
degeneracy worse : 69 69 82 132 162 182 
SCL #err deg : 236 / 8400
SCL #err weighted degeneracy : 199 199 207 257 288 311 
degeneracy helps : 108 108 113 113 112 108 
degeneracy worse : 71 71 84 134 164 183 
SCL #err deg : 241 / 8500
SCL #err weighted degeneracy : 203 203 212 262 293 316 
degeneracy helps : 109 109 114 114 114 110 
degeneracy worse : 71 71 85 135 166 185 
SCL #err deg : 243 / 8600
SCL #err weighted degeneracy : 205 205 214 264 296 320 
degeneracy helps : 110 110 115 115 115 111 
degeneracy worse : 72 72 86 136 168 188 
SCL #err deg : 245 / 8700
SCL #err weighted degeneracy : 206 206 216 266 298 322 
degeneracy helps : 112 112 117 117 117 113 
degeneracy worse : 73 73 88 138 170 190 
SCL #err deg : 245 / 8800
SCL #err weighted degeneracy : 206 206 216 267 300 324 
degeneracy helps : 112 112 117 117 117 113 
degeneracy worse : 73 73 88 139 172 192 
SCL #err deg : 246 / 8900
SCL #err weighted degeneracy : 207 207 218 269 302 326 
degeneracy helps : 112 112 117 117 117 113 
degeneracy worse : 73 73 89 140 173 193 
SCL #err deg : 251 / 9000
SCL #err weighted degeneracy : 210 210 222 276 309 334 
degeneracy helps : 116 116 121 120 120 115 
degeneracy worse : 75 75 92 145 178 198 
SCL #err deg : 252 / 9100
SCL #err weighted degeneracy : 210 210 222 277 310 336 
degeneracy helps : 117 117 122 121 121 116 
degeneracy worse : 75 75 92 146 179 200 
SCL #err deg : 253 / 9200
SCL #err weighted degeneracy : 211 211 223 279 312 338 
degeneracy helps : 117 117 122 121 121 116 
degeneracy worse : 75 75 92 147 180 201 
SCL #err deg : 255 / 9300
SCL #err weighted degeneracy : 212 212 224 281 314 340 
degeneracy helps : 118 118 123 122 122 117 
degeneracy worse : 75 75 92 148 181 202 
SCL #err deg : 261 / 9400
SCL #err weighted degeneracy : 216 216 229 286 321 348 
degeneracy helps : 122 122 127 126 126 121 
degeneracy worse : 77 77 95 151 186 208 
SCL #err deg : 262 / 9500
SCL #err weighted degeneracy : 216 216 229 287 323 350 
degeneracy helps : 123 123 128 127 127 122 
degeneracy worse : 77 77 95 152 188 210 
SCL #err deg : 264 / 9600
SCL #err weighted degeneracy : 216 216 229 288 324 351 
degeneracy helps : 125 125 130 129 129 124 
degeneracy worse : 77 77 95 153 189 211 
SCL #err deg : 267 / 9700
SCL #err weighted degeneracy : 220 220 233 292 327 354 
degeneracy helps : 125 125 130 129 129 124 
degeneracy worse : 78 78 96 154 189 211 
SCL #err deg : 272 / 9800
SCL #err weighted degeneracy : 223 223 236 295 330 357 
degeneracy helps : 127 127 132 131 131 126 
degeneracy worse : 78 78 96 154 189 211 
SCL #err deg : 278 / 9900
SCL #err weighted degeneracy : 227 227 240 301 337 364 
degeneracy helps : 129 129 134 133 133 128 
degeneracy worse : 78 78 96 156 192 214 
SCL #err deg : 278 / 10000
SCL #err weighted degeneracy : 227 227 240 301 337 364 
degeneracy helps : 129 129 134 133 133 128 
degeneracy worse : 78 78 96 156 192 214 
average #flips: 17.8794
SCL #err considering degeneracy: 278
error due to equal 192
error due to SCL smaller 86
Finish in 2425 s
