Simulation Polar syndrome FASTER N=256, K=129, l=128, pz=0.08, #samples=10000, seed=77
PW construction
Event generator random seed: 77
SCL #err deg : 1 / 100
SCL #err weighted degeneracy : 1 1 1 2 2 3 
degeneracy helps : 0 0 0 0 0 0 
degeneracy worse : 0 0 0 1 1 2 
SCL #err deg : 11 / 200
SCL #err weighted degeneracy : 8 8 9 11 11 14 
degeneracy helps : 3 3 3 3 3 3 
degeneracy worse : 0 0 1 3 3 6 
SCL #err deg : 16 / 300
SCL #err weighted degeneracy : 14 14 15 18 19 22 
degeneracy helps : 5 5 5 6 4 4 
degeneracy worse : 3 3 4 8 7 10 
SCL #err deg : 23 / 400
SCL #err weighted degeneracy : 25 25 26 28 29 31 
degeneracy helps : 6 6 6 8 6 6 
degeneracy worse : 8 8 9 13 12 14 
SCL #err deg : 28 / 500
SCL #err weighted degeneracy : 32 32 33 35 36 39 
degeneracy helps : 6 6 7 9 7 7 
degeneracy worse : 10 10 12 16 15 18 
SCL #err deg : 40 / 600
SCL #err weighted degeneracy : 42 42 43 44 46 48 
degeneracy helps : 10 10 11 14 12 12 
degeneracy worse : 12 12 14 18 18 20 
SCL #err deg : 46 / 700
SCL #err weighted degeneracy : 46 46 47 51 54 56 
degeneracy helps : 12 12 13 16 14 14 
degeneracy worse : 12 12 14 21 22 24 
SCL #err deg : 52 / 800
SCL #err weighted degeneracy : 49 49 51 55 59 61 
degeneracy helps : 16 16 17 20 18 18 
degeneracy worse : 13 13 16 23 25 27 
SCL #err deg : 54 / 900
SCL #err weighted degeneracy : 52 52 55 61 65 67 
degeneracy helps : 16 16 17 20 18 18 
degeneracy worse : 14 14 18 27 29 31 
SCL #err deg : 61 / 1000
SCL #err weighted degeneracy : 58 58 61 69 73 75 
degeneracy helps : 19 19 20 23 21 21 
degeneracy worse : 16 16 20 31 33 35 
SCL #err deg : 71 / 1100
SCL #err weighted degeneracy : 63 63 67 75 79 81 
degeneracy helps : 24 24 25 28 26 26 
degeneracy worse : 16 16 21 32 34 36 
SCL #err deg : 80 / 1200
SCL #err weighted degeneracy : 70 70 73 82 87 88 
degeneracy helps : 27 27 29 32 29 29 
degeneracy worse : 17 17 22 34 36 37 
SCL #err deg : 87 / 1300
SCL #err weighted degeneracy : 74 74 76 85 89 90 
degeneracy helps : 31 31 34 37 34 34 
degeneracy worse : 18 18 23 35 36 37 
SCL #err deg : 91 / 1400
SCL #err weighted degeneracy : 78 78 80 91 95 95 
degeneracy helps : 32 32 35 38 35 36 
degeneracy worse : 19 19 24 38 39 40 
SCL #err deg : 98 / 1500
SCL #err weighted degeneracy : 83 83 85 96 101 101 
degeneracy helps : 34 34 37 41 37 38 
degeneracy worse : 19 19 24 39 40 41 
SCL #err deg : 103 / 1600
SCL #err weighted degeneracy : 86 86 89 100 106 107 
degeneracy helps : 36 36 39 43 39 39 
degeneracy worse : 19 19 25 40 42 43 
SCL #err deg : 113 / 1700
SCL #err weighted degeneracy : 95 95 97 109 115 116 
degeneracy helps : 40 40 44 48 44 44 
degeneracy worse : 22 22 28 44 46 47 
SCL #err deg : 121 / 1800
SCL #err weighted degeneracy : 100 100 105 119 125 126 
degeneracy helps : 43 43 46 50 46 46 
degeneracy worse : 22 22 30 48 50 51 
SCL #err deg : 127 / 1900
SCL #err weighted degeneracy : 104 104 109 125 130 131 
degeneracy helps : 46 46 50 54 50 50 
degeneracy worse : 23 23 32 52 53 54 
SCL #err deg : 133 / 2000
SCL #err weighted degeneracy : 110 110 117 133 138 139 
degeneracy helps : 47 47 51 55 52 52 
degeneracy worse : 24 24 35 55 57 58 
SCL #err deg : 139 / 2100
SCL #err weighted degeneracy : 116 116 123 141 145 146 
degeneracy helps : 48 48 52 57 55 55 
degeneracy worse : 25 25 36 59 61 62 
SCL #err deg : 144 / 2200
SCL #err weighted degeneracy : 121 121 128 145 149 150 
degeneracy helps : 48 48 52 59 57 57 
degeneracy worse : 25 25 36 60 62 63 
SCL #err deg : 155 / 2300
SCL #err weighted degeneracy : 128 128 135 152 158 159 
degeneracy helps : 53 53 57 64 62 62 
degeneracy worse : 26 26 37 61 65 66 
SCL #err deg : 161 / 2400
SCL #err weighted degeneracy : 136 136 142 159 166 166 
degeneracy helps : 53 53 58 65 63 63 
degeneracy worse : 28 28 39 63 68 68 
SCL #err deg : 168 / 2500
SCL #err weighted degeneracy : 143 143 149 166 176 176 
degeneracy helps : 55 55 60 67 65 65 
degeneracy worse : 30 30 41 65 73 73 
SCL #err deg : 179 / 2600
SCL #err weighted degeneracy : 150 150 156 174 185 185 
degeneracy helps : 59 59 64 70 68 68 
degeneracy worse : 30 30 41 65 74 74 
SCL #err deg : 185 / 2700
SCL #err weighted degeneracy : 154 154 160 179 193 194 
degeneracy helps : 62 62 67 72 70 69 
degeneracy worse : 31 31 42 66 78 78 
SCL #err deg : 190 / 2800
SCL #err weighted degeneracy : 158 158 164 183 198 202 
degeneracy helps : 63 63 68 73 71 70 
degeneracy worse : 31 31 42 66 79 82 
SCL #err deg : 195 / 2900
SCL #err weighted degeneracy : 164 164 172 191 208 211 
degeneracy helps : 64 64 69 74 72 71 
degeneracy worse : 33 33 46 70 85 87 
SCL #err deg : 198 / 3000
SCL #err weighted degeneracy : 168 168 176 196 214 217 
degeneracy helps : 64 64 69 74 72 71 
degeneracy worse : 34 34 47 72 88 90 
SCL #err deg : 207 / 3100
SCL #err weighted degeneracy : 172 172 180 202 220 223 
degeneracy helps : 69 69 74 78 76 75 
degeneracy worse : 34 34 47 73 89 91 
SCL #err deg : 217 / 3200
SCL #err weighted degeneracy : 182 182 190 212 230 233 
degeneracy helps : 70 70 74 78 76 75 
degeneracy worse : 35 35 47 73 89 91 
SCL #err deg : 222 / 3300
SCL #err weighted degeneracy : 188 188 196 218 237 239 
degeneracy helps : 72 72 76 80 78 77 
degeneracy worse : 38 38 50 76 93 94 
SCL #err deg : 225 / 3400
SCL #err weighted degeneracy : 191 191 199 223 243 243 
degeneracy helps : 72 72 77 81 79 79 
degeneracy worse : 38 38 51 79 97 97 
SCL #err deg : 236 / 3500
SCL #err weighted degeneracy : 201 201 209 233 253 253 
degeneracy helps : 75 75 80 84 82 82 
degeneracy worse : 40 40 53 81 99 99 
SCL #err deg : 242 / 3600
SCL #err weighted degeneracy : 211 211 218 243 265 265 
degeneracy helps : 76 76 82 86 84 84 
degeneracy worse : 45 45 58 87 107 107 
SCL #err deg : 247 / 3700
SCL #err weighted degeneracy : 214 214 221 249 271 271 
degeneracy helps : 79 79 85 89 87 87 
degeneracy worse : 46 46 59 91 111 111 
SCL #err deg : 254 / 3800
SCL #err weighted degeneracy : 219 219 226 254 277 279 
degeneracy helps : 82 82 88 92 90 90 
degeneracy worse : 47 47 60 92 113 115 
SCL #err deg : 263 / 3900
SCL #err weighted degeneracy : 227 227 235 266 291 292 
degeneracy helps : 86 86 92 96 94 94 
degeneracy worse : 50 50 64 99 122 123 
SCL #err deg : 271 / 4000
SCL #err weighted degeneracy : 234 234 242 272 300 301 
degeneracy helps : 88 88 94 99 97 97 
degeneracy worse : 51 51 65 100 126 127 
SCL #err deg : 277 / 4100
SCL #err weighted degeneracy : 239 239 248 280 308 309 
degeneracy helps : 89 89 94 99 97 97 
degeneracy worse : 51 51 65 102 128 129 
SCL #err deg : 286 / 4200
SCL #err weighted degeneracy : 249 249 257 290 321 322 
degeneracy helps : 89 89 95 100 98 98 
degeneracy worse : 52 52 66 104 133 134 
SCL #err deg : 290 / 4300
SCL #err weighted degeneracy : 254 254 261 294 325 327 
degeneracy helps : 90 90 97 102 100 100 
degeneracy worse : 54 54 68 106 135 137 
SCL #err deg : 298 / 4400
SCL #err weighted degeneracy : 260 260 267 302 333 334 
degeneracy helps : 92 92 99 104 102 103 
degeneracy worse : 54 54 68 108 137 139 
SCL #err deg : 310 / 4500
SCL #err weighted degeneracy : 268 268 275 309 340 342 
degeneracy helps : 95 95 102 109 107 107 
degeneracy worse : 54 54 68 108 137 139 
SCL #err deg : 315 / 4600
SCL #err weighted degeneracy : 274 274 281 317 349 351 
degeneracy helps : 96 96 103 110 108 108 
degeneracy worse : 56 56 70 112 142 144 
SCL #err deg : 321 / 4700
SCL #err weighted degeneracy : 280 280 287 323 356 358 
degeneracy helps : 98 98 105 112 110 110 
degeneracy worse : 58 58 72 114 145 147 
SCL #err deg : 326 / 4800
SCL #err weighted degeneracy : 284 284 293 328 362 364 
degeneracy helps : 100 100 107 115 112 112 
degeneracy worse : 59 59 75 117 148 150 
SCL #err deg : 335 / 4900
SCL #err weighted degeneracy : 291 291 300 336 372 375 
degeneracy helps : 103 103 110 117 114 114 
degeneracy worse : 60 60 76 118 151 154 
SCL #err deg : 341 / 5000
SCL #err weighted degeneracy : 298 298 307 346 381 384 
degeneracy helps : 104 104 112 119 117 117 
degeneracy worse : 62 62 79 124 157 160 
SCL #err deg : 345 / 5100
SCL #err weighted degeneracy : 305 305 315 354 390 394 
degeneracy helps : 104 104 112 119 117 117 
degeneracy worse : 65 65 83 128 162 166 
SCL #err deg : 349 / 5200
SCL #err weighted degeneracy : 310 310 320 359 398 403 
degeneracy helps : 104 104 113 120 118 118 
degeneracy worse : 66 66 85 130 167 172 
SCL #err deg : 354 / 5300
SCL #err weighted degeneracy : 314 314 325 365 404 410 
degeneracy helps : 106 106 115 122 120 120 
degeneracy worse : 67 67 87 133 170 176 
SCL #err deg : 362 / 5400
SCL #err weighted degeneracy : 319 319 331 373 413 419 
degeneracy helps : 109 109 118 124 122 122 
degeneracy worse : 67 67 88 135 173 179 
SCL #err deg : 366 / 5500
SCL #err weighted degeneracy : 325 325 337 380 422 428 
degeneracy helps : 109 109 118 124 122 122 
degeneracy worse : 69 69 90 138 178 184 
SCL #err deg : 372 / 5600
SCL #err weighted degeneracy : 329 329 342 385 429 435 
degeneracy helps : 111 111 120 126 124 124 
degeneracy worse : 69 69 91 139 181 187 
SCL #err deg : 380 / 5700
SCL #err weighted degeneracy : 336 336 350 393 439 445 
degeneracy helps : 112 112 121 128 126 126 
degeneracy worse : 69 69 92 141 185 191 
SCL #err deg : 384 / 5800
SCL #err weighted degeneracy : 342 342 357 400 447 452 
degeneracy helps : 113 113 122 129 127 127 
degeneracy worse : 72 72 96 145 190 195 
SCL #err deg : 391 / 5900
SCL #err weighted degeneracy : 348 348 363 408 456 460 
degeneracy helps : 115 115 124 131 129 129 
degeneracy worse : 73 73 97 148 194 198 
SCL #err deg : 397 / 6000
SCL #err weighted degeneracy : 355 355 371 417 466 470 
degeneracy helps : 117 117 126 133 131 131 
degeneracy worse : 76 76 101 153 200 204 
SCL #err deg : 398 / 6100
SCL #err weighted degeneracy : 360 360 375 421 470 474 
degeneracy helps : 117 117 126 133 131 131 
degeneracy worse : 80 80 104 156 203 207 
SCL #err deg : 403 / 6200
SCL #err weighted degeneracy : 368 368 382 428 477 483 
degeneracy helps : 119 119 129 136 134 134 
degeneracy worse : 85 85 109 161 208 214 
SCL #err deg : 405 / 6300
SCL #err weighted degeneracy : 372 372 386 434 483 489 
degeneracy helps : 120 120 130 137 135 135 
degeneracy worse : 88 88 112 166 213 219 
SCL #err deg : 411 / 6400
SCL #err weighted degeneracy : 375 375 389 438 487 493 
degeneracy helps : 123 123 133 140 138 139 
degeneracy worse : 88 88 112 167 214 221 
SCL #err deg : 419 / 6500
SCL #err weighted degeneracy : 378 378 392 442 492 498 
degeneracy helps : 130 130 140 147 145 146 
degeneracy worse : 90 90 114 170 218 225 
SCL #err deg : 425 / 6600
SCL #err weighted degeneracy : 385 385 400 453 503 508 
degeneracy helps : 131 131 141 148 146 148 
degeneracy worse : 92 92 117 176 224 231 
SCL #err deg : 431 / 6700
SCL #err weighted degeneracy : 393 393 408 463 515 522 
degeneracy helps : 134 134 144 151 149 151 
degeneracy worse : 97 97 122 183 233 242 
SCL #err deg : 433 / 6800
SCL #err weighted degeneracy : 396 396 411 467 521 528 
degeneracy helps : 135 135 145 152 150 152 
degeneracy worse : 99 99 124 186 238 247 
SCL #err deg : 440 / 6900
SCL #err weighted degeneracy : 403 403 418 475 529 537 
degeneracy helps : 138 138 148 155 153 155 
degeneracy worse : 102 102 127 190 242 252 
SCL #err deg : 443 / 7000
SCL #err weighted degeneracy : 408 408 423 481 536 544 
degeneracy helps : 139 139 149 156 154 156 
degeneracy worse : 105 105 130 194 247 257 
SCL #err deg : 450 / 7100
SCL #err weighted degeneracy : 412 412 428 487 542 551 
degeneracy helps : 142 142 152 159 157 159 
degeneracy worse : 105 105 131 196 249 260 
SCL #err deg : 455 / 7200
SCL #err weighted degeneracy : 419 419 435 495 549 557 
degeneracy helps : 143 143 153 160 158 161 
degeneracy worse : 108 108 134 200 252 263 
SCL #err deg : 462 / 7300
SCL #err weighted degeneracy : 426 426 442 502 559 571 
degeneracy helps : 146 146 156 163 161 163 
degeneracy worse : 111 111 137 203 258 272 
SCL #err deg : 466 / 7400
SCL #err weighted degeneracy : 430 430 447 508 568 582 
degeneracy helps : 148 148 158 164 162 163 
degeneracy worse : 113 113 140 206 264 279 
SCL #err deg : 470 / 7500
SCL #err weighted degeneracy : 436 436 455 517 576 590 
degeneracy helps : 149 149 158 164 164 165 
degeneracy worse : 116 116 144 211 270 285 
SCL #err deg : 475 / 7600
SCL #err weighted degeneracy : 440 440 459 521 580 594 
degeneracy helps : 151 151 160 166 166 167 
degeneracy worse : 117 117 145 212 271 286 
SCL #err deg : 482 / 7700
SCL #err weighted degeneracy : 446 446 465 527 587 603 
degeneracy helps : 153 153 162 168 168 169 
degeneracy worse : 118 118 146 213 273 290 
SCL #err deg : 486 / 7800
SCL #err weighted degeneracy : 451 451 471 532 592 608 
degeneracy helps : 156 156 164 170 170 171 
degeneracy worse : 122 122 150 216 276 293 
SCL #err deg : 490 / 7900
SCL #err weighted degeneracy : 457 457 478 539 599 615 
degeneracy helps : 157 157 165 171 171 172 
degeneracy worse : 125 125 154 220 280 297 
SCL #err deg : 498 / 8000
SCL #err weighted degeneracy : 461 461 481 542 602 619 
degeneracy helps : 161 161 170 176 176 177 
degeneracy worse : 125 125 154 220 280 298 
SCL #err deg : 503 / 8100
SCL #err weighted degeneracy : 467 467 486 551 611 628 
degeneracy helps : 162 162 172 178 178 179 
degeneracy worse : 127 127 156 226 286 304 
SCL #err deg : 509 / 8200
SCL #err weighted degeneracy : 472 472 491 558 619 636 
degeneracy helps : 164 164 174 180 180 181 
degeneracy worse : 128 128 157 229 290 308 
SCL #err deg : 519 / 8300
SCL #err weighted degeneracy : 480 480 499 567 629 647 
degeneracy helps : 166 166 176 182 182 183 
degeneracy worse : 128 128 157 230 292 311 
SCL #err deg : 527 / 8400
SCL #err weighted degeneracy : 487 487 508 576 638 656 
degeneracy helps : 169 169 179 185 185 186 
degeneracy worse : 130 130 161 234 296 315 
SCL #err deg : 536 / 8500
SCL #err weighted degeneracy : 495 495 517 584 646 665 
degeneracy helps : 173 173 183 190 190 191 
degeneracy worse : 133 133 165 238 300 320 
SCL #err deg : 542 / 8600
SCL #err weighted degeneracy : 501 501 523 590 653 671 
degeneracy helps : 174 174 184 191 191 193 
degeneracy worse : 134 134 166 239 302 322 
SCL #err deg : 545 / 8700
SCL #err weighted degeneracy : 503 503 526 594 657 675 
degeneracy helps : 175 175 185 193 193 195 
degeneracy worse : 134 134 167 242 305 325 
SCL #err deg : 549 / 8800
SCL #err weighted degeneracy : 505 505 528 597 662 680 
degeneracy helps : 177 177 187 195 195 197 
degeneracy worse : 134 134 167 243 308 328 
SCL #err deg : 552 / 8900
SCL #err weighted degeneracy : 508 508 531 601 666 686 
degeneracy helps : 177 177 187 195 195 197 
degeneracy worse : 134 134 167 244 309 331 
SCL #err deg : 565 / 9000
SCL #err weighted degeneracy : 517 517 540 610 676 696 
degeneracy helps : 182 182 192 200 200 202 
degeneracy worse : 135 135 168 245 311 333 
SCL #err deg : 568 / 9100
SCL #err weighted degeneracy : 519 519 543 614 680 700 
degeneracy helps : 184 184 194 202 203 205 
degeneracy worse : 136 136 170 248 315 337 
SCL #err deg : 570 / 9200
SCL #err weighted degeneracy : 520 520 545 616 682 705 
degeneracy helps : 185 185 195 203 204 206 
degeneracy worse : 136 136 171 249 316 341 
SCL #err deg : 577 / 9300
SCL #err weighted degeneracy : 525 525 550 622 688 711 
degeneracy helps : 189 189 199 207 208 210 
degeneracy worse : 138 138 173 252 319 344 
SCL #err deg : 582 / 9400
SCL #err weighted degeneracy : 531 531 556 628 695 718 
degeneracy helps : 189 189 199 207 208 210 
degeneracy worse : 139 139 174 253 321 346 
SCL #err deg : 587 / 9500
SCL #err weighted degeneracy : 533 533 558 632 700 723 
degeneracy helps : 192 192 202 210 211 213 
degeneracy worse : 139 139 174 255 324 349 
SCL #err deg : 592 / 9600
SCL #err weighted degeneracy : 537 537 563 639 707 730 
degeneracy helps : 194 194 203 212 213 215 
degeneracy worse : 140 140 175 259 328 353 
SCL #err deg : 597 / 9700
SCL #err weighted degeneracy : 543 543 569 646 715 738 
degeneracy helps : 196 196 205 214 215 217 
degeneracy worse : 143 143 178 263 333 358 
SCL #err deg : 604 / 9800
SCL #err weighted degeneracy : 549 549 575 653 722 745 
degeneracy helps : 198 198 207 215 216 218 
degeneracy worse : 144 144 179 264 334 359 
SCL #err deg : 612 / 9900
SCL #err weighted degeneracy : 556 556 582 661 732 756 
degeneracy helps : 201 201 210 218 219 221 
degeneracy worse : 146 146 181 267 339 365 
SCL #err deg : 617 / 10000
SCL #err weighted degeneracy : 562 562 589 668 739 763 
degeneracy helps : 202 202 210 218 219 221 
degeneracy worse : 148 148 183 269 341 367 
average #flips: 20.4244
SCL #err considering degeneracy: 617
error due to equal 385
error due to SCL smaller 232
Finish in 2345 s
