Simulation Polar syndrome FASTER N=64, K=33, l=128, pz=0.2, #samples=10000, seed=77
HPW construction
Event generator random seed: 77
SCL #err deg : 67 / 100
SCL #err weighted degeneracy : 70 70 70 68 68 68 
degeneracy helps : 11 11 11 14 14 14 
degeneracy worse : 14 14 14 15 15 15 
SCL #err deg : 131 / 200
SCL #err weighted degeneracy : 137 137 137 132 132 132 
degeneracy helps : 29 29 29 35 35 35 
degeneracy worse : 35 35 35 36 36 36 
SCL #err deg : 190 / 300
SCL #err weighted degeneracy : 200 200 199 194 194 194 
degeneracy helps : 42 42 43 50 50 50 
degeneracy worse : 52 52 52 54 54 54 
SCL #err deg : 255 / 400
SCL #err weighted degeneracy : 267 267 266 265 265 265 
degeneracy helps : 55 54 56 61 61 60 
degeneracy worse : 67 67 67 71 71 70 
SCL #err deg : 324 / 500
SCL #err weighted degeneracy : 336 336 335 335 334 334 
degeneracy helps : 67 66 68 73 74 73 
degeneracy worse : 79 79 79 84 84 83 
SCL #err deg : 397 / 600
SCL #err weighted degeneracy : 411 411 410 411 411 411 
degeneracy helps : 77 75 78 82 84 83 
degeneracy worse : 91 91 91 96 98 97 
SCL #err deg : 465 / 700
SCL #err weighted degeneracy : 481 481 480 486 487 487 
degeneracy helps : 84 82 85 89 91 90 
degeneracy worse : 100 100 100 110 113 112 
SCL #err deg : 528 / 800
SCL #err weighted degeneracy : 551 551 550 557 557 560 
degeneracy helps : 92 90 93 98 101 97 
degeneracy worse : 115 115 115 127 130 129 
SCL #err deg : 607 / 900
SCL #err weighted degeneracy : 615 615 614 618 619 623 
degeneracy helps : 112 109 113 121 124 120 
degeneracy worse : 120 120 120 132 136 136 
SCL #err deg : 674 / 1000
SCL #err weighted degeneracy : 679 679 678 684 685 689 
degeneracy helps : 128 124 129 137 140 136 
degeneracy worse : 133 133 133 147 151 151 
SCL #err deg : 744 / 1100
SCL #err weighted degeneracy : 750 750 749 755 757 760 
degeneracy helps : 141 135 141 151 153 151 
degeneracy worse : 147 147 147 162 166 167 
SCL #err deg : 816 / 1200
SCL #err weighted degeneracy : 822 822 821 829 831 833 
degeneracy helps : 155 148 155 165 167 166 
degeneracy worse : 161 161 161 178 182 183 
SCL #err deg : 887 / 1300
SCL #err weighted degeneracy : 896 896 895 904 906 907 
degeneracy helps : 168 161 168 179 181 180 
degeneracy worse : 177 177 177 196 200 200 
SCL #err deg : 954 / 1400
SCL #err weighted degeneracy : 967 967 966 974 976 977 
degeneracy helps : 183 176 183 195 197 196 
degeneracy worse : 196 196 196 215 219 219 
SCL #err deg : 1025 / 1500
SCL #err weighted degeneracy : 1029 1029 1028 1037 1039 1039 
degeneracy helps : 200 193 200 213 215 214 
degeneracy worse : 204 204 204 225 229 228 
SCL #err deg : 1096 / 1600
SCL #err weighted degeneracy : 1094 1094 1093 1101 1102 1104 
degeneracy helps : 220 212 220 235 238 236 
degeneracy worse : 218 218 218 240 244 244 
SCL #err deg : 1160 / 1700
SCL #err weighted degeneracy : 1161 1161 1160 1169 1171 1174 
degeneracy helps : 231 223 231 246 248 245 
degeneracy worse : 232 232 232 255 259 259 
SCL #err deg : 1221 / 1800
SCL #err weighted degeneracy : 1220 1220 1218 1229 1231 1235 
degeneracy helps : 247 239 248 264 266 263 
degeneracy worse : 246 246 246 272 276 277 
SCL #err deg : 1285 / 1900
SCL #err weighted degeneracy : 1287 1287 1285 1295 1297 1303 
degeneracy helps : 262 254 263 281 283 278 
degeneracy worse : 264 264 264 291 295 296 
SCL #err deg : 1362 / 2000
SCL #err weighted degeneracy : 1358 1358 1356 1371 1373 1378 
degeneracy helps : 279 271 280 299 301 296 
degeneracy worse : 275 275 275 308 312 312 
SCL #err deg : 1433 / 2100
SCL #err weighted degeneracy : 1432 1432 1430 1444 1446 1451 
degeneracy helps : 297 289 298 318 320 315 
degeneracy worse : 296 296 296 329 333 333 
SCL #err deg : 1505 / 2200
SCL #err weighted degeneracy : 1502 1502 1500 1512 1514 1519 
degeneracy helps : 309 301 310 333 336 331 
degeneracy worse : 306 306 306 340 345 345 
SCL #err deg : 1572 / 2300
SCL #err weighted degeneracy : 1566 1565 1564 1575 1577 1580 
degeneracy helps : 323 315 324 350 353 349 
degeneracy worse : 317 316 317 353 358 357 
SCL #err deg : 1649 / 2400
SCL #err weighted degeneracy : 1631 1630 1629 1640 1643 1647 
degeneracy helps : 341 333 342 369 372 368 
degeneracy worse : 323 322 323 360 366 366 
SCL #err deg : 1718 / 2500
SCL #err weighted degeneracy : 1699 1698 1697 1705 1709 1714 
degeneracy helps : 356 348 357 387 389 385 
degeneracy worse : 337 336 337 374 380 381 
SCL #err deg : 1790 / 2600
SCL #err weighted degeneracy : 1768 1767 1766 1775 1779 1784 
degeneracy helps : 370 362 371 401 403 400 
degeneracy worse : 348 347 348 386 392 394 
SCL #err deg : 1860 / 2700
SCL #err weighted degeneracy : 1840 1839 1838 1847 1851 1854 
degeneracy helps : 384 376 385 416 418 415 
degeneracy worse : 364 363 364 403 409 409 
SCL #err deg : 1924 / 2800
SCL #err weighted degeneracy : 1910 1908 1908 1917 1921 1924 
degeneracy helps : 395 387 396 428 430 427 
degeneracy worse : 381 379 381 421 427 427 
SCL #err deg : 1993 / 2900
SCL #err weighted degeneracy : 1974 1972 1972 1983 1987 1990 
degeneracy helps : 412 403 413 446 448 445 
degeneracy worse : 393 391 393 436 442 442 
SCL #err deg : 2059 / 3000
SCL #err weighted degeneracy : 2043 2041 2041 2052 2057 2061 
degeneracy helps : 424 414 425 459 461 457 
degeneracy worse : 409 407 409 452 459 459 
SCL #err deg : 2124 / 3100
SCL #err weighted degeneracy : 2110 2108 2108 2123 2128 2132 
degeneracy helps : 440 429 441 476 478 474 
degeneracy worse : 427 425 427 475 482 482 
SCL #err deg : 2200 / 3200
SCL #err weighted degeneracy : 2177 2175 2175 2189 2194 2198 
degeneracy helps : 460 448 461 497 499 495 
degeneracy worse : 438 436 438 486 493 493 
SCL #err deg : 2267 / 3300
SCL #err weighted degeneracy : 2245 2243 2243 2260 2266 2269 
degeneracy helps : 468 455 469 504 506 503 
degeneracy worse : 447 445 447 497 505 505 
SCL #err deg : 2338 / 3400
SCL #err weighted degeneracy : 2310 2308 2308 2327 2333 2338 
degeneracy helps : 482 469 483 519 521 517 
degeneracy worse : 455 453 455 508 516 517 
SCL #err deg : 2403 / 3500
SCL #err weighted degeneracy : 2369 2367 2367 2387 2393 2400 
degeneracy helps : 498 483 499 535 537 532 
degeneracy worse : 465 463 465 519 527 529 
SCL #err deg : 2479 / 3600
SCL #err weighted degeneracy : 2444 2442 2442 2462 2467 2474 
degeneracy helps : 511 495 512 549 552 547 
degeneracy worse : 477 475 477 532 540 542 
SCL #err deg : 2544 / 3700
SCL #err weighted degeneracy : 2513 2511 2511 2530 2535 2541 
degeneracy helps : 521 505 522 563 566 560 
degeneracy worse : 491 489 491 549 557 557 
SCL #err deg : 2610 / 3800
SCL #err weighted degeneracy : 2579 2577 2577 2600 2605 2611 
degeneracy helps : 532 515 533 574 577 571 
degeneracy worse : 502 500 502 564 572 572 
SCL #err deg : 2685 / 3900
SCL #err weighted degeneracy : 2653 2651 2651 2672 2677 2682 
degeneracy helps : 541 524 542 586 589 583 
degeneracy worse : 510 508 510 573 581 580 
SCL #err deg : 2754 / 4000
SCL #err weighted degeneracy : 2721 2719 2719 2741 2745 2747 
degeneracy helps : 558 541 559 605 609 605 
degeneracy worse : 526 524 526 592 600 598 
SCL #err deg : 2818 / 4100
SCL #err weighted degeneracy : 2792 2790 2790 2810 2815 2816 
degeneracy helps : 568 551 569 617 620 617 
degeneracy worse : 543 541 543 609 617 615 
SCL #err deg : 2884 / 4200
SCL #err weighted degeneracy : 2860 2858 2858 2877 2882 2884 
degeneracy helps : 577 560 578 628 631 628 
degeneracy worse : 554 552 554 621 629 628 
SCL #err deg : 2958 / 4300
SCL #err weighted degeneracy : 2933 2931 2931 2948 2953 2955 
degeneracy helps : 586 569 587 640 643 641 
degeneracy worse : 562 560 562 630 638 638 
SCL #err deg : 3031 / 4400
SCL #err weighted degeneracy : 3001 2999 3000 3017 3022 3025 
degeneracy helps : 599 582 600 653 656 654 
degeneracy worse : 570 568 571 639 647 648 
SCL #err deg : 3105 / 4500
SCL #err weighted degeneracy : 3078 3076 3077 3096 3101 3102 
degeneracy helps : 611 593 612 665 668 667 
degeneracy worse : 585 583 586 656 664 664 
SCL #err deg : 3172 / 4600
SCL #err weighted degeneracy : 3140 3138 3139 3156 3160 3162 
degeneracy helps : 626 608 627 682 686 685 
degeneracy worse : 595 593 596 666 674 675 
SCL #err deg : 3248 / 4700
SCL #err weighted degeneracy : 3213 3211 3212 3229 3233 3235 
degeneracy helps : 639 621 640 695 699 699 
degeneracy worse : 605 603 606 676 684 686 
SCL #err deg : 3325 / 4800
SCL #err weighted degeneracy : 3288 3285 3287 3304 3308 3311 
degeneracy helps : 654 636 655 712 716 715 
degeneracy worse : 618 615 619 691 699 701 
SCL #err deg : 3397 / 4900
SCL #err weighted degeneracy : 3365 3362 3364 3381 3384 3387 
degeneracy helps : 664 646 665 722 727 727 
degeneracy worse : 633 630 634 706 714 717 
SCL #err deg : 3478 / 5000
SCL #err weighted degeneracy : 3442 3439 3441 3456 3460 3463 
degeneracy helps : 679 660 680 740 745 745 
degeneracy worse : 644 641 645 718 727 730 
SCL #err deg : 3551 / 5100
SCL #err weighted degeneracy : 3514 3511 3512 3528 3532 3537 
degeneracy helps : 692 673 694 755 760 758 
degeneracy worse : 656 653 657 732 741 744 
SCL #err deg : 3614 / 5200
SCL #err weighted degeneracy : 3586 3583 3584 3598 3602 3608 
degeneracy helps : 697 678 699 763 768 766 
degeneracy worse : 670 667 671 747 756 760 
SCL #err deg : 3691 / 5300
SCL #err weighted degeneracy : 3651 3648 3649 3664 3669 3677 
degeneracy helps : 719 699 721 786 790 787 
degeneracy worse : 680 677 681 759 768 773 
SCL #err deg : 3763 / 5400
SCL #err weighted degeneracy : 3717 3714 3715 3727 3732 3740 
degeneracy helps : 735 715 737 806 810 807 
degeneracy worse : 690 687 691 770 779 784 
SCL #err deg : 3831 / 5500
SCL #err weighted degeneracy : 3784 3781 3782 3795 3799 3809 
degeneracy helps : 744 724 746 815 820 816 
degeneracy worse : 698 695 699 779 788 794 
SCL #err deg : 3897 / 5600
SCL #err weighted degeneracy : 3849 3846 3847 3860 3864 3874 
degeneracy helps : 754 734 756 827 832 828 
degeneracy worse : 707 704 708 790 799 805 
SCL #err deg : 3961 / 5700
SCL #err weighted degeneracy : 3919 3916 3917 3931 3935 3943 
degeneracy helps : 764 744 766 838 843 842 
degeneracy worse : 723 720 724 808 817 824 
SCL #err deg : 4027 / 5800
SCL #err weighted degeneracy : 3988 3985 3987 4001 4007 4015 
degeneracy helps : 774 754 775 848 854 854 
degeneracy worse : 736 733 737 822 834 842 
SCL #err deg : 4103 / 5900
SCL #err weighted degeneracy : 4056 4053 4055 4067 4073 4081 
degeneracy helps : 794 774 795 870 876 876 
degeneracy worse : 748 745 749 834 846 854 
SCL #err deg : 4172 / 6000
SCL #err weighted degeneracy : 4127 4124 4126 4139 4144 4151 
degeneracy helps : 806 786 807 882 889 890 
degeneracy worse : 762 759 763 849 861 869 
SCL #err deg : 4248 / 6100
SCL #err weighted degeneracy : 4193 4191 4193 4208 4212 4217 
degeneracy helps : 824 803 825 900 908 912 
degeneracy worse : 770 767 772 860 872 881 
SCL #err deg : 4318 / 6200
SCL #err weighted degeneracy : 4262 4260 4262 4278 4281 4286 
degeneracy helps : 839 818 840 916 925 931 
degeneracy worse : 784 781 786 876 888 899 
SCL #err deg : 4389 / 6300
SCL #err weighted degeneracy : 4332 4331 4333 4349 4352 4357 
degeneracy helps : 853 829 853 932 941 947 
degeneracy worse : 797 794 800 892 904 915 
SCL #err deg : 4444 / 6400
SCL #err weighted degeneracy : 4393 4392 4394 4416 4419 4421 
degeneracy helps : 864 840 864 942 951 957 
degeneracy worse : 814 811 817 914 926 934 
SCL #err deg : 4515 / 6500
SCL #err weighted degeneracy : 4455 4454 4456 4479 4483 4486 
degeneracy helps : 883 859 883 962 971 977 
degeneracy worse : 824 821 827 926 939 948 
SCL #err deg : 4589 / 6600
SCL #err weighted degeneracy : 4530 4529 4531 4554 4558 4560 
degeneracy helps : 893 867 892 974 983 990 
degeneracy worse : 835 832 838 939 952 961 
SCL #err deg : 4657 / 6700
SCL #err weighted degeneracy : 4594 4593 4595 4617 4621 4623 
degeneracy helps : 908 882 907 991 1000 1007 
degeneracy worse : 846 843 849 951 964 973 
SCL #err deg : 4720 / 6800
SCL #err weighted degeneracy : 4657 4656 4658 4682 4686 4687 
degeneracy helps : 919 892 918 1002 1011 1019 
degeneracy worse : 857 854 860 964 977 986 
SCL #err deg : 4798 / 6900
SCL #err weighted degeneracy : 4721 4720 4722 4747 4752 4754 
degeneracy helps : 937 910 936 1020 1029 1037 
degeneracy worse : 861 858 864 969 983 993 
SCL #err deg : 4864 / 7000
SCL #err weighted degeneracy : 4793 4792 4794 4820 4826 4829 
degeneracy helps : 947 920 946 1032 1040 1049 
degeneracy worse : 877 874 880 988 1002 1014 
SCL #err deg : 4934 / 7100
SCL #err weighted degeneracy : 4860 4859 4861 4885 4891 4895 
degeneracy helps : 960 933 959 1048 1056 1064 
degeneracy worse : 887 884 890 999 1013 1025 
SCL #err deg : 5005 / 7200
SCL #err weighted degeneracy : 4926 4925 4927 4954 4961 4965 
degeneracy helps : 976 947 975 1062 1070 1078 
degeneracy worse : 898 895 901 1011 1026 1038 
SCL #err deg : 5079 / 7300
SCL #err weighted degeneracy : 4992 4991 4993 5020 5027 5031 
degeneracy helps : 992 962 991 1079 1087 1095 
degeneracy worse : 906 903 909 1020 1035 1047 
SCL #err deg : 5142 / 7400
SCL #err weighted degeneracy : 5052 5052 5053 5084 5091 5097 
degeneracy helps : 1008 977 1007 1094 1102 1110 
degeneracy worse : 919 916 922 1036 1051 1065 
SCL #err deg : 5211 / 7500
SCL #err weighted degeneracy : 5118 5118 5119 5151 5157 5163 
degeneracy helps : 1023 992 1022 1110 1119 1127 
degeneracy worse : 931 928 934 1050 1065 1079 
SCL #err deg : 5286 / 7600
SCL #err weighted degeneracy : 5187 5187 5188 5221 5227 5233 
degeneracy helps : 1040 1009 1039 1127 1136 1144 
degeneracy worse : 942 939 945 1062 1077 1091 
SCL #err deg : 5354 / 7700
SCL #err weighted degeneracy : 5258 5258 5259 5294 5300 5305 
degeneracy helps : 1053 1022 1052 1141 1150 1158 
degeneracy worse : 958 955 961 1081 1096 1109 
SCL #err deg : 5416 / 7800
SCL #err weighted degeneracy : 5329 5329 5330 5366 5372 5376 
degeneracy helps : 1063 1032 1062 1151 1160 1169 
degeneracy worse : 977 974 980 1101 1116 1129 
SCL #err deg : 5484 / 7900
SCL #err weighted degeneracy : 5394 5394 5395 5429 5435 5439 
degeneracy helps : 1077 1045 1076 1168 1177 1186 
degeneracy worse : 988 985 991 1113 1128 1141 
SCL #err deg : 5553 / 8000
SCL #err weighted degeneracy : 5461 5461 5462 5495 5500 5506 
degeneracy helps : 1087 1055 1086 1180 1190 1197 
degeneracy worse : 996 993 999 1122 1137 1150 
SCL #err deg : 5622 / 8100
SCL #err weighted degeneracy : 5531 5531 5532 5564 5569 5576 
degeneracy helps : 1099 1067 1098 1194 1204 1211 
degeneracy worse : 1009 1006 1012 1136 1151 1165 
SCL #err deg : 5688 / 8200
SCL #err weighted degeneracy : 5600 5600 5601 5637 5643 5651 
degeneracy helps : 1107 1074 1106 1202 1212 1218 
degeneracy worse : 1020 1017 1023 1151 1167 1181 
SCL #err deg : 5767 / 8300
SCL #err weighted degeneracy : 5674 5674 5675 5710 5717 5725 
degeneracy helps : 1121 1088 1120 1218 1228 1234 
degeneracy worse : 1029 1026 1032 1161 1178 1192 
SCL #err deg : 5840 / 8400
SCL #err weighted degeneracy : 5743 5745 5744 5781 5788 5796 
degeneracy helps : 1136 1101 1135 1233 1243 1249 
degeneracy worse : 1040 1037 1043 1174 1191 1205 
SCL #err deg : 5911 / 8500
SCL #err weighted degeneracy : 5812 5814 5813 5849 5856 5866 
degeneracy helps : 1151 1116 1150 1251 1261 1267 
degeneracy worse : 1053 1050 1056 1189 1206 1222 
SCL #err deg : 5984 / 8600
SCL #err weighted degeneracy : 5879 5881 5880 5917 5922 5932 
degeneracy helps : 1168 1133 1167 1268 1280 1286 
degeneracy worse : 1064 1061 1067 1201 1218 1234 
SCL #err deg : 6053 / 8700
SCL #err weighted degeneracy : 5947 5948 5948 5984 5988 6001 
degeneracy helps : 1181 1146 1180 1284 1296 1300 
degeneracy worse : 1076 1072 1079 1215 1231 1248 
SCL #err deg : 6117 / 8800
SCL #err weighted degeneracy : 6017 6018 6018 6055 6058 6071 
degeneracy helps : 1192 1157 1191 1295 1308 1312 
degeneracy worse : 1093 1089 1096 1233 1249 1266 
SCL #err deg : 6189 / 8900
SCL #err weighted degeneracy : 6088 6089 6089 6128 6131 6144 
degeneracy helps : 1208 1173 1207 1311 1324 1328 
degeneracy worse : 1108 1104 1111 1250 1266 1283 
SCL #err deg : 6263 / 9000
SCL #err weighted degeneracy : 6157 6158 6159 6198 6200 6215 
degeneracy helps : 1224 1189 1223 1327 1341 1343 
degeneracy worse : 1119 1115 1123 1262 1278 1295 
SCL #err deg : 6334 / 9100
SCL #err weighted degeneracy : 6233 6233 6235 6276 6278 6293 
degeneracy helps : 1238 1203 1237 1339 1353 1355 
degeneracy worse : 1138 1133 1142 1281 1297 1314 
SCL #err deg : 6408 / 9200
SCL #err weighted degeneracy : 6307 6308 6309 6350 6352 6366 
degeneracy helps : 1253 1217 1252 1357 1371 1374 
degeneracy worse : 1153 1148 1157 1299 1315 1332 
SCL #err deg : 6478 / 9300
SCL #err weighted degeneracy : 6369 6370 6371 6413 6415 6429 
degeneracy helps : 1268 1232 1267 1372 1386 1389 
degeneracy worse : 1160 1155 1164 1307 1323 1340 
SCL #err deg : 6551 / 9400
SCL #err weighted degeneracy : 6444 6445 6446 6489 6491 6505 
degeneracy helps : 1278 1240 1277 1383 1397 1400 
degeneracy worse : 1172 1167 1176 1321 1337 1354 
SCL #err deg : 6621 / 9500
SCL #err weighted degeneracy : 6515 6516 6518 6562 6564 6578 
degeneracy helps : 1288 1250 1287 1394 1408 1411 
degeneracy worse : 1183 1178 1188 1335 1351 1368 
SCL #err deg : 6688 / 9600
SCL #err weighted degeneracy : 6580 6581 6583 6628 6630 6644 
degeneracy helps : 1306 1268 1305 1412 1426 1429 
degeneracy worse : 1199 1194 1204 1352 1368 1385 
SCL #err deg : 6752 / 9700
SCL #err weighted degeneracy : 6644 6645 6647 6694 6697 6711 
degeneracy helps : 1321 1283 1320 1427 1441 1445 
degeneracy worse : 1214 1209 1219 1369 1386 1404 
SCL #err deg : 6818 / 9800
SCL #err weighted degeneracy : 6716 6717 6719 6771 6774 6788 
degeneracy helps : 1332 1294 1331 1436 1450 1454 
degeneracy worse : 1231 1226 1236 1389 1406 1424 
SCL #err deg : 6884 / 9900
SCL #err weighted degeneracy : 6783 6784 6786 6837 6840 6855 
degeneracy helps : 1346 1308 1345 1453 1467 1470 
degeneracy worse : 1246 1241 1251 1406 1423 1441 
SCL #err deg : 6949 / 10000
SCL #err weighted degeneracy : 6847 6848 6850 6904 6907 6923 
degeneracy helps : 1361 1322 1360 1468 1482 1484 
degeneracy worse : 1260 1255 1265 1423 1440 1458 
average #flips: 12.7972
SCL #err considering degeneracy: 6949
error due to equal 624
error due to SCL smaller 6325
Finish in 560 s
