Simulation Polar syndrome FASTER N=64, K=33, l=128, pz=0.16, #samples=10000, seed=7348
HPW construction
Event generator random seed: 7348
SCL #err deg : 59 / 100
SCL #err weighted degeneracy : 59 59 59 61 61 62 
degeneracy helps : 15 15 15 17 17 16 
degeneracy worse : 15 15 15 19 19 19 
SCL #err deg : 120 / 200
SCL #err weighted degeneracy : 115 115 115 118 118 118 
degeneracy helps : 33 32 33 36 36 37 
degeneracy worse : 28 28 28 34 34 35 
SCL #err deg : 171 / 300
SCL #err weighted degeneracy : 171 171 171 179 179 180 
degeneracy helps : 43 41 43 47 47 47 
degeneracy worse : 43 43 43 55 55 56 
SCL #err deg : 236 / 400
SCL #err weighted degeneracy : 234 234 234 243 244 247 
degeneracy helps : 54 52 54 59 59 57 
degeneracy worse : 52 52 52 66 67 68 
SCL #err deg : 290 / 500
SCL #err weighted degeneracy : 291 291 291 307 309 312 
degeneracy helps : 65 62 65 71 71 69 
degeneracy worse : 66 66 66 88 90 91 
SCL #err deg : 353 / 600
SCL #err weighted degeneracy : 362 362 362 377 380 384 
degeneracy helps : 73 70 73 80 80 77 
degeneracy worse : 82 82 82 104 107 108 
SCL #err deg : 413 / 700
SCL #err weighted degeneracy : 412 412 412 431 434 439 
degeneracy helps : 94 91 94 101 101 98 
degeneracy worse : 93 93 93 119 122 124 
SCL #err deg : 475 / 800
SCL #err weighted degeneracy : 475 475 475 494 497 504 
degeneracy helps : 106 103 106 114 114 111 
degeneracy worse : 107 107 107 133 136 140 
SCL #err deg : 532 / 900
SCL #err weighted degeneracy : 531 531 531 552 555 564 
degeneracy helps : 115 112 115 123 123 120 
degeneracy worse : 115 115 115 143 146 152 
SCL #err deg : 606 / 1000
SCL #err weighted degeneracy : 597 597 597 617 620 630 
degeneracy helps : 129 127 130 142 142 139 
degeneracy worse : 122 122 122 153 156 163 
SCL #err deg : 670 / 1100
SCL #err weighted degeneracy : 656 656 656 678 682 692 
degeneracy helps : 143 141 144 157 158 156 
degeneracy worse : 131 131 131 165 170 178 
SCL #err deg : 732 / 1200
SCL #err weighted degeneracy : 713 713 712 732 738 748 
degeneracy helps : 158 156 160 177 178 176 
degeneracy worse : 141 141 141 177 184 192 
SCL #err deg : 791 / 1300
SCL #err weighted degeneracy : 771 771 770 789 795 807 
degeneracy helps : 169 167 171 189 191 188 
degeneracy worse : 151 151 151 187 195 204 
SCL #err deg : 850 / 1400
SCL #err weighted degeneracy : 829 829 828 852 860 871 
degeneracy helps : 180 178 182 199 200 198 
degeneracy worse : 161 161 161 201 210 219 
SCL #err deg : 894 / 1500
SCL #err weighted degeneracy : 874 874 873 899 910 921 
degeneracy helps : 199 196 201 218 218 216 
degeneracy worse : 181 181 181 223 234 243 
SCL #err deg : 946 / 1600
SCL #err weighted degeneracy : 929 929 928 956 967 981 
degeneracy helps : 207 204 209 226 226 225 
degeneracy worse : 192 192 192 236 247 260 
SCL #err deg : 1007 / 1700
SCL #err weighted degeneracy : 992 992 991 1019 1030 1045 
degeneracy helps : 222 219 224 243 243 242 
degeneracy worse : 209 209 209 255 266 280 
SCL #err deg : 1068 / 1800
SCL #err weighted degeneracy : 1053 1053 1052 1080 1091 1108 
degeneracy helps : 237 232 239 260 260 256 
degeneracy worse : 224 224 224 272 283 296 
SCL #err deg : 1133 / 1900
SCL #err weighted degeneracy : 1115 1115 1114 1140 1151 1171 
degeneracy helps : 252 247 254 278 278 272 
degeneracy worse : 236 236 236 285 296 310 
SCL #err deg : 1185 / 2000
SCL #err weighted degeneracy : 1158 1158 1156 1184 1196 1217 
degeneracy helps : 270 264 273 299 299 293 
degeneracy worse : 245 245 245 298 310 325 
SCL #err deg : 1244 / 2100
SCL #err weighted degeneracy : 1222 1222 1220 1247 1259 1281 
degeneracy helps : 282 276 285 313 313 306 
degeneracy worse : 262 262 262 316 328 343 
SCL #err deg : 1313 / 2200
SCL #err weighted degeneracy : 1288 1288 1286 1314 1327 1349 
degeneracy helps : 291 285 294 325 325 318 
degeneracy worse : 268 268 268 326 339 354 
SCL #err deg : 1369 / 2300
SCL #err weighted degeneracy : 1335 1335 1333 1363 1377 1401 
degeneracy helps : 312 306 315 346 346 338 
degeneracy worse : 280 280 280 340 354 370 
SCL #err deg : 1428 / 2400
SCL #err weighted degeneracy : 1396 1396 1394 1424 1439 1464 
degeneracy helps : 325 319 328 362 361 353 
degeneracy worse : 295 295 295 358 372 389 
SCL #err deg : 1487 / 2500
SCL #err weighted degeneracy : 1463 1463 1462 1493 1507 1533 
degeneracy helps : 336 329 339 374 374 364 
degeneracy worse : 314 314 315 380 394 410 
SCL #err deg : 1547 / 2600
SCL #err weighted degeneracy : 1521 1521 1521 1552 1566 1591 
degeneracy helps : 350 342 353 388 389 380 
degeneracy worse : 326 326 328 393 408 424 
SCL #err deg : 1604 / 2700
SCL #err weighted degeneracy : 1575 1575 1575 1615 1629 1656 
degeneracy helps : 362 354 365 399 400 391 
degeneracy worse : 335 335 337 410 425 443 
SCL #err deg : 1666 / 2800
SCL #err weighted degeneracy : 1634 1634 1635 1678 1692 1718 
degeneracy helps : 375 367 378 413 414 406 
degeneracy worse : 345 345 348 425 440 458 
SCL #err deg : 1725 / 2900
SCL #err weighted degeneracy : 1690 1690 1691 1736 1752 1778 
degeneracy helps : 389 381 392 428 428 420 
degeneracy worse : 356 356 359 439 455 473 
SCL #err deg : 1780 / 3000
SCL #err weighted degeneracy : 1745 1745 1746 1792 1808 1835 
degeneracy helps : 400 392 404 442 442 434 
degeneracy worse : 368 368 371 454 470 489 
SCL #err deg : 1838 / 3100
SCL #err weighted degeneracy : 1800 1800 1801 1848 1864 1891 
degeneracy helps : 413 405 417 457 457 448 
degeneracy worse : 378 378 381 467 483 501 
SCL #err deg : 1889 / 3200
SCL #err weighted degeneracy : 1854 1854 1857 1905 1922 1949 
degeneracy helps : 425 417 428 468 467 458 
degeneracy worse : 393 393 397 484 500 518 
SCL #err deg : 1939 / 3300
SCL #err weighted degeneracy : 1916 1916 1919 1968 1985 2014 
degeneracy helps : 430 422 433 474 473 463 
degeneracy worse : 410 410 414 503 519 538 
SCL #err deg : 2001 / 3400
SCL #err weighted degeneracy : 1975 1975 1977 2026 2043 2072 
degeneracy helps : 446 438 451 494 493 483 
degeneracy worse : 424 424 428 519 535 554 
SCL #err deg : 2061 / 3500
SCL #err weighted degeneracy : 2036 2036 2038 2089 2107 2135 
degeneracy helps : 453 445 458 503 502 492 
degeneracy worse : 432 432 436 531 548 566 
SCL #err deg : 2111 / 3600
SCL #err weighted degeneracy : 2092 2092 2094 2149 2167 2194 
degeneracy helps : 458 451 464 511 510 501 
degeneracy worse : 445 445 449 549 566 584 
SCL #err deg : 2178 / 3700
SCL #err weighted degeneracy : 2156 2156 2158 2215 2234 2259 
degeneracy helps : 469 462 475 525 523 514 
degeneracy worse : 454 454 458 562 579 595 
SCL #err deg : 2240 / 3800
SCL #err weighted degeneracy : 2206 2206 2208 2266 2285 2311 
degeneracy helps : 492 484 498 550 548 538 
degeneracy worse : 466 466 470 576 593 609 
SCL #err deg : 2300 / 3900
SCL #err weighted degeneracy : 2262 2262 2264 2323 2342 2370 
degeneracy helps : 508 500 514 567 565 553 
degeneracy worse : 478 478 482 590 607 623 
SCL #err deg : 2363 / 4000
SCL #err weighted degeneracy : 2314 2314 2317 2375 2395 2427 
degeneracy helps : 529 521 535 591 589 574 
degeneracy worse : 488 488 493 603 621 638 
SCL #err deg : 2420 / 4100
SCL #err weighted degeneracy : 2370 2370 2373 2433 2453 2487 
degeneracy helps : 544 535 550 607 605 588 
degeneracy worse : 502 502 507 620 638 655 
SCL #err deg : 2483 / 4200
SCL #err weighted degeneracy : 2435 2435 2438 2501 2521 2556 
degeneracy helps : 551 542 557 616 615 599 
degeneracy worse : 511 511 516 634 653 672 
SCL #err deg : 2541 / 4300
SCL #err weighted degeneracy : 2488 2488 2491 2556 2576 2611 
degeneracy helps : 565 557 572 629 628 614 
degeneracy worse : 521 521 526 644 663 684 
SCL #err deg : 2599 / 4400
SCL #err weighted degeneracy : 2543 2543 2546 2611 2631 2666 
degeneracy helps : 578 569 585 642 641 627 
degeneracy worse : 531 531 536 654 673 694 
SCL #err deg : 2657 / 4500
SCL #err weighted degeneracy : 2607 2607 2610 2678 2698 2734 
degeneracy helps : 589 580 596 652 651 637 
degeneracy worse : 549 549 554 673 692 714 
SCL #err deg : 2717 / 4600
SCL #err weighted degeneracy : 2669 2669 2673 2740 2760 2798 
degeneracy helps : 603 593 610 667 666 651 
degeneracy worse : 565 565 571 690 709 732 
SCL #err deg : 2773 / 4700
SCL #err weighted degeneracy : 2727 2727 2731 2798 2818 2856 
degeneracy helps : 618 608 625 686 685 670 
degeneracy worse : 582 582 588 711 730 753 
SCL #err deg : 2828 / 4800
SCL #err weighted degeneracy : 2784 2784 2788 2856 2876 2915 
degeneracy helps : 628 617 635 698 697 682 
degeneracy worse : 594 594 600 726 745 769 
SCL #err deg : 2883 / 4900
SCL #err weighted degeneracy : 2842 2842 2845 2916 2936 2974 
degeneracy helps : 639 628 647 712 711 697 
degeneracy worse : 608 608 614 745 764 788 
SCL #err deg : 2943 / 5000
SCL #err weighted degeneracy : 2902 2902 2905 2977 2997 3034 
degeneracy helps : 653 642 662 727 726 713 
degeneracy worse : 623 623 629 761 780 804 
SCL #err deg : 3001 / 5100
SCL #err weighted degeneracy : 2963 2963 2966 3039 3059 3096 
degeneracy helps : 665 653 674 740 739 727 
degeneracy worse : 638 638 644 778 797 822 
SCL #err deg : 3060 / 5200
SCL #err weighted degeneracy : 3018 3018 3021 3094 3115 3155 
degeneracy helps : 680 667 689 757 755 743 
degeneracy worse : 649 649 655 791 810 838 
SCL #err deg : 3118 / 5300
SCL #err weighted degeneracy : 3078 3078 3081 3155 3177 3217 
degeneracy helps : 686 673 695 764 761 751 
degeneracy worse : 657 657 663 801 820 850 
SCL #err deg : 3175 / 5400
SCL #err weighted degeneracy : 3121 3121 3124 3199 3222 3264 
degeneracy helps : 704 691 713 783 779 769 
degeneracy worse : 661 661 667 807 826 858 
SCL #err deg : 3235 / 5500
SCL #err weighted degeneracy : 3183 3183 3186 3263 3287 3331 
degeneracy helps : 713 700 722 793 789 778 
degeneracy worse : 672 672 678 821 841 874 
SCL #err deg : 3287 / 5600
SCL #err weighted degeneracy : 3243 3243 3246 3326 3349 3392 
degeneracy helps : 721 708 730 801 797 787 
degeneracy worse : 688 688 694 840 859 892 
SCL #err deg : 3343 / 5700
SCL #err weighted degeneracy : 3295 3295 3298 3380 3403 3444 
degeneracy helps : 739 725 748 821 817 807 
degeneracy worse : 702 702 708 858 877 908 
SCL #err deg : 3401 / 5800
SCL #err weighted degeneracy : 3355 3355 3358 3441 3465 3506 
degeneracy helps : 751 737 760 834 830 820 
degeneracy worse : 716 716 722 874 894 925 
SCL #err deg : 3458 / 5900
SCL #err weighted degeneracy : 3422 3422 3425 3506 3530 3572 
degeneracy helps : 758 743 767 845 841 830 
degeneracy worse : 733 733 739 893 913 944 
SCL #err deg : 3521 / 6000
SCL #err weighted degeneracy : 3483 3483 3486 3569 3593 3639 
degeneracy helps : 767 752 776 854 850 837 
degeneracy worse : 740 740 746 902 922 955 
SCL #err deg : 3590 / 6100
SCL #err weighted degeneracy : 3551 3551 3554 3638 3662 3708 
degeneracy helps : 781 766 790 868 864 851 
degeneracy worse : 753 753 759 916 936 969 
SCL #err deg : 3654 / 6200
SCL #err weighted degeneracy : 3614 3614 3617 3700 3725 3772 
degeneracy helps : 795 780 804 884 879 864 
degeneracy worse : 766 766 772 930 950 982 
SCL #err deg : 3710 / 6300
SCL #err weighted degeneracy : 3669 3669 3672 3755 3780 3829 
degeneracy helps : 806 791 815 897 892 876 
degeneracy worse : 776 776 782 942 962 995 
SCL #err deg : 3759 / 6400
SCL #err weighted degeneracy : 3722 3722 3725 3806 3831 3886 
degeneracy helps : 816 800 825 910 905 885 
degeneracy worse : 790 790 796 957 977 1012 
SCL #err deg : 3812 / 6500
SCL #err weighted degeneracy : 3779 3779 3782 3865 3890 3944 
degeneracy helps : 826 809 835 920 915 896 
degeneracy worse : 804 804 810 973 993 1028 
SCL #err deg : 3873 / 6600
SCL #err weighted degeneracy : 3827 3827 3830 3916 3943 3999 
degeneracy helps : 845 827 854 940 935 915 
degeneracy worse : 810 810 816 983 1005 1041 
SCL #err deg : 3920 / 6700
SCL #err weighted degeneracy : 3881 3881 3885 3973 4000 4057 
degeneracy helps : 855 837 864 951 946 924 
degeneracy worse : 827 827 834 1004 1026 1061 
SCL #err deg : 3972 / 6800
SCL #err weighted degeneracy : 3934 3934 3938 4029 4056 4112 
degeneracy helps : 865 847 874 963 958 936 
degeneracy worse : 839 839 846 1020 1042 1076 
SCL #err deg : 4035 / 6900
SCL #err weighted degeneracy : 3991 3991 3994 4083 4109 4164 
degeneracy helps : 883 864 893 984 980 960 
degeneracy worse : 851 851 858 1032 1054 1089 
SCL #err deg : 4095 / 7000
SCL #err weighted degeneracy : 4049 4049 4052 4143 4169 4223 
degeneracy helps : 898 879 908 1000 996 977 
degeneracy worse : 864 864 871 1048 1070 1105 
SCL #err deg : 4150 / 7100
SCL #err weighted degeneracy : 4103 4103 4106 4200 4229 4282 
degeneracy helps : 912 893 922 1014 1009 991 
degeneracy worse : 877 877 884 1064 1088 1123 
SCL #err deg : 4213 / 7200
SCL #err weighted degeneracy : 4168 4168 4171 4264 4292 4345 
degeneracy helps : 922 903 933 1027 1023 1005 
degeneracy worse : 890 890 897 1078 1102 1137 
SCL #err deg : 4273 / 7300
SCL #err weighted degeneracy : 4227 4227 4230 4325 4353 4406 
degeneracy helps : 936 917 947 1042 1038 1021 
degeneracy worse : 903 903 910 1094 1118 1154 
SCL #err deg : 4341 / 7400
SCL #err weighted degeneracy : 4292 4292 4295 4387 4415 4470 
degeneracy helps : 951 931 962 1060 1056 1037 
degeneracy worse : 915 915 922 1106 1130 1166 
SCL #err deg : 4398 / 7500
SCL #err weighted degeneracy : 4351 4351 4354 4449 4476 4530 
degeneracy helps : 962 943 974 1071 1068 1049 
degeneracy worse : 929 929 936 1122 1146 1181 
SCL #err deg : 4458 / 7600
SCL #err weighted degeneracy : 4411 4411 4414 4513 4540 4594 
degeneracy helps : 972 952 984 1081 1078 1060 
degeneracy worse : 939 939 946 1136 1160 1196 
SCL #err deg : 4512 / 7700
SCL #err weighted degeneracy : 4474 4474 4477 4578 4606 4660 
degeneracy helps : 984 964 996 1093 1089 1071 
degeneracy worse : 960 960 967 1159 1183 1219 
SCL #err deg : 4573 / 7800
SCL #err weighted degeneracy : 4541 4541 4544 4645 4674 4727 
degeneracy helps : 992 971 1004 1103 1099 1082 
degeneracy worse : 974 974 981 1175 1200 1236 
SCL #err deg : 4640 / 7900
SCL #err weighted degeneracy : 4602 4602 4605 4705 4735 4789 
degeneracy helps : 1003 982 1015 1116 1112 1095 
degeneracy worse : 979 979 986 1181 1207 1244 
SCL #err deg : 4699 / 8000
SCL #err weighted degeneracy : 4652 4652 4656 4757 4787 4842 
degeneracy helps : 1021 999 1033 1135 1131 1114 
degeneracy worse : 989 989 996 1193 1219 1257 
SCL #err deg : 4764 / 8100
SCL #err weighted degeneracy : 4707 4707 4711 4813 4843 4899 
degeneracy helps : 1042 1019 1054 1158 1154 1137 
degeneracy worse : 1000 1000 1007 1207 1233 1272 
SCL #err deg : 4826 / 8200
SCL #err weighted degeneracy : 4767 4767 4771 4874 4903 4957 
degeneracy helps : 1054 1030 1066 1171 1168 1152 
degeneracy worse : 1010 1010 1017 1219 1245 1283 
SCL #err deg : 4881 / 8300
SCL #err weighted degeneracy : 4822 4822 4826 4933 4962 5015 
degeneracy helps : 1063 1039 1075 1180 1177 1161 
degeneracy worse : 1019 1019 1026 1232 1258 1295 
SCL #err deg : 4943 / 8400
SCL #err weighted degeneracy : 4884 4884 4888 4995 5024 5077 
degeneracy helps : 1078 1054 1090 1197 1194 1178 
degeneracy worse : 1034 1034 1041 1249 1275 1312 
SCL #err deg : 5002 / 8500
SCL #err weighted degeneracy : 4948 4948 4952 5059 5087 5142 
degeneracy helps : 1087 1063 1100 1209 1207 1190 
degeneracy worse : 1049 1049 1056 1266 1292 1330 
SCL #err deg : 5057 / 8600
SCL #err weighted degeneracy : 5007 5007 5011 5118 5146 5198 
degeneracy helps : 1100 1076 1113 1224 1222 1207 
degeneracy worse : 1066 1066 1073 1285 1311 1348 
SCL #err deg : 5115 / 8700
SCL #err weighted degeneracy : 5065 5065 5069 5179 5207 5262 
degeneracy helps : 1112 1088 1125 1236 1234 1219 
degeneracy worse : 1078 1078 1085 1300 1326 1366 
SCL #err deg : 5180 / 8800
SCL #err weighted degeneracy : 5127 5127 5131 5245 5273 5329 
degeneracy helps : 1123 1099 1136 1247 1245 1229 
degeneracy worse : 1086 1086 1093 1312 1338 1378 
SCL #err deg : 5235 / 8900
SCL #err weighted degeneracy : 5189 5189 5193 5311 5339 5393 
degeneracy helps : 1134 1110 1147 1258 1256 1241 
degeneracy worse : 1104 1104 1111 1334 1360 1399 
SCL #err deg : 5292 / 9000
SCL #err weighted degeneracy : 5240 5240 5244 5362 5390 5444 
degeneracy helps : 1147 1123 1160 1275 1274 1259 
degeneracy worse : 1111 1111 1118 1345 1372 1411 
SCL #err deg : 5351 / 9100
SCL #err weighted degeneracy : 5300 5300 5305 5424 5453 5512 
degeneracy helps : 1158 1134 1172 1287 1285 1269 
degeneracy worse : 1124 1124 1132 1360 1387 1430 
SCL #err deg : 5415 / 9200
SCL #err weighted degeneracy : 5363 5363 5368 5490 5519 5579 
degeneracy helps : 1170 1146 1184 1301 1299 1282 
degeneracy worse : 1135 1135 1143 1376 1403 1446 
SCL #err deg : 5466 / 9300
SCL #err weighted degeneracy : 5422 5422 5427 5553 5583 5644 
degeneracy helps : 1179 1155 1193 1312 1310 1293 
degeneracy worse : 1152 1152 1160 1399 1427 1471 
SCL #err deg : 5522 / 9400
SCL #err weighted degeneracy : 5487 5487 5492 5619 5647 5707 
degeneracy helps : 1185 1161 1199 1319 1319 1303 
degeneracy worse : 1167 1167 1175 1416 1444 1488 
SCL #err deg : 5579 / 9500
SCL #err weighted degeneracy : 5537 5537 5542 5670 5698 5758 
degeneracy helps : 1201 1177 1215 1337 1337 1321 
degeneracy worse : 1176 1176 1184 1428 1456 1500 
SCL #err deg : 5638 / 9600
SCL #err weighted degeneracy : 5603 5603 5608 5740 5768 5829 
degeneracy helps : 1210 1184 1224 1346 1346 1330 
degeneracy worse : 1192 1192 1200 1448 1476 1521 
SCL #err deg : 5705 / 9700
SCL #err weighted degeneracy : 5653 5653 5658 5793 5820 5880 
degeneracy helps : 1232 1207 1247 1369 1370 1354 
degeneracy worse : 1198 1198 1206 1457 1485 1529 
SCL #err deg : 5758 / 9800
SCL #err weighted degeneracy : 5702 5702 5707 5844 5871 5934 
degeneracy helps : 1248 1223 1263 1386 1388 1372 
degeneracy worse : 1210 1210 1218 1472 1501 1548 
SCL #err deg : 5814 / 9900
SCL #err weighted degeneracy : 5758 5758 5763 5902 5930 5991 
degeneracy helps : 1260 1233 1275 1398 1400 1385 
degeneracy worse : 1222 1222 1230 1486 1516 1562 
SCL #err deg : 5869 / 10000
SCL #err weighted degeneracy : 5808 5808 5813 5954 5983 6045 
degeneracy helps : 1277 1250 1292 1416 1418 1402 
degeneracy worse : 1234 1234 1242 1501 1532 1578 
average #flips: 10.278
SCL #err considering degeneracy: 5869
error due to equal 1308
error due to SCL smaller 4561
Finish in 559 s
